[2022-07-23T17:25:47.373Z INFO  client] Node address: 127.0.0.1:9013
[2022-07-23T17:25:47.373Z INFO  client] Transactions size: 512 B
[2022-07-23T17:25:47.373Z INFO  client] Transactions rate: 112 tx/s
[2022-07-23T17:25:47.373Z INFO  client] Waiting for all nodes to be online...
[2022-07-23T17:25:47.373Z INFO  client] Waiting for all nodes to be synchronized...
[2022-07-23T17:25:49.383Z INFO  client] Start sending transactions
[2022-07-23T17:25:49.384Z INFO  client] Sending sample transaction 0
[2022-07-23T17:25:49.501Z INFO  client] Sending sample transaction 1
[2022-07-23T17:25:49.503Z INFO  client] Sending sample transaction 2
[2022-07-23T17:25:49.604Z INFO  client] Sending sample transaction 3
[2022-07-23T17:25:49.693Z INFO  client] Sending sample transaction 4
[2022-07-23T17:25:49.693Z INFO  client] Sending sample transaction 5
[2022-07-23T17:25:49.701Z INFO  client] Sending sample transaction 6
[2022-07-23T17:25:49.767Z INFO  client] Sending sample transaction 7
[2022-07-23T17:25:49.826Z INFO  client] Sending sample transaction 8
[2022-07-23T17:25:49.854Z INFO  client] Sending sample transaction 9
[2022-07-23T17:25:49.898Z INFO  client] Sending sample transaction 10
[2022-07-23T17:25:49.936Z INFO  client] Sending sample transaction 11
[2022-07-23T17:25:50.048Z INFO  client] Sending sample transaction 12
[2022-07-23T17:25:50.050Z INFO  client] Sending sample transaction 13
[2022-07-23T17:25:50.112Z INFO  client] Sending sample transaction 14
[2022-07-23T17:25:50.138Z INFO  client] Sending sample transaction 15
[2022-07-23T17:25:50.193Z INFO  client] Sending sample transaction 16
[2022-07-23T17:25:50.237Z INFO  client] Sending sample transaction 17
[2022-07-23T17:25:50.286Z INFO  client] Sending sample transaction 18
[2022-07-23T17:25:50.337Z INFO  client] Sending sample transaction 19
[2022-07-23T17:25:50.385Z INFO  client] Sending sample transaction 20
[2022-07-23T17:25:50.435Z INFO  client] Sending sample transaction 21
[2022-07-23T17:25:50.489Z INFO  client] Sending sample transaction 22
[2022-07-23T17:25:50.536Z INFO  client] Sending sample transaction 23
[2022-07-23T17:25:50.584Z INFO  client] Sending sample transaction 24
[2022-07-23T17:25:50.634Z INFO  client] Sending sample transaction 25
[2022-07-23T17:25:50.685Z INFO  client] Sending sample transaction 26
[2022-07-23T17:25:50.734Z INFO  client] Sending sample transaction 27
[2022-07-23T17:25:50.785Z INFO  client] Sending sample transaction 28
[2022-07-23T17:25:50.838Z INFO  client] Sending sample transaction 29
[2022-07-23T17:25:50.890Z INFO  client] Sending sample transaction 30
[2022-07-23T17:25:50.960Z INFO  client] Sending sample transaction 31
[2022-07-23T17:25:51.021Z INFO  client] Sending sample transaction 32
[2022-07-23T17:25:51.130Z INFO  client] Sending sample transaction 33
[2022-07-23T17:25:51.132Z INFO  client] Sending sample transaction 34
[2022-07-23T17:25:51.162Z INFO  client] Sending sample transaction 35
[2022-07-23T17:25:51.234Z INFO  client] Sending sample transaction 36
[2022-07-23T17:25:51.235Z INFO  client] Sending sample transaction 37
[2022-07-23T17:25:51.330Z INFO  client] Sending sample transaction 38
[2022-07-23T17:25:51.350Z INFO  client] Sending sample transaction 39
[2022-07-23T17:25:51.403Z INFO  client] Sending sample transaction 40
[2022-07-23T17:25:51.464Z INFO  client] Sending sample transaction 41
[2022-07-23T17:25:51.485Z INFO  client] Sending sample transaction 42
[2022-07-23T17:25:51.535Z INFO  client] Sending sample transaction 43
[2022-07-23T17:25:51.585Z INFO  client] Sending sample transaction 44
[2022-07-23T17:25:51.642Z INFO  client] Sending sample transaction 45
[2022-07-23T17:25:51.686Z INFO  client] Sending sample transaction 46
[2022-07-23T17:25:51.735Z INFO  client] Sending sample transaction 47
[2022-07-23T17:25:51.784Z INFO  client] Sending sample transaction 48
[2022-07-23T17:25:51.840Z INFO  client] Sending sample transaction 49
[2022-07-23T17:25:51.885Z INFO  client] Sending sample transaction 50
[2022-07-23T17:25:51.935Z INFO  client] Sending sample transaction 51
[2022-07-23T17:25:51.986Z INFO  client] Sending sample transaction 52
[2022-07-23T17:25:52.036Z INFO  client] Sending sample transaction 53
[2022-07-23T17:25:52.085Z INFO  client] Sending sample transaction 54
[2022-07-23T17:25:52.135Z INFO  client] Sending sample transaction 55
[2022-07-23T17:25:52.188Z INFO  client] Sending sample transaction 56
[2022-07-23T17:25:52.235Z INFO  client] Sending sample transaction 57
[2022-07-23T17:25:52.285Z INFO  client] Sending sample transaction 58
[2022-07-23T17:25:52.336Z INFO  client] Sending sample transaction 59
[2022-07-23T17:25:52.387Z INFO  client] Sending sample transaction 60
[2022-07-23T17:25:52.435Z INFO  client] Sending sample transaction 61
[2022-07-23T17:25:52.485Z INFO  client] Sending sample transaction 62
[2022-07-23T17:25:52.535Z INFO  client] Sending sample transaction 63
[2022-07-23T17:25:52.585Z INFO  client] Sending sample transaction 64
[2022-07-23T17:25:52.663Z INFO  client] Sending sample transaction 65
[2022-07-23T17:25:52.692Z INFO  client] Sending sample transaction 66
[2022-07-23T17:25:52.769Z INFO  client] Sending sample transaction 67
[2022-07-23T17:25:52.787Z INFO  client] Sending sample transaction 68
[2022-07-23T17:25:52.835Z INFO  client] Sending sample transaction 69
[2022-07-23T17:25:52.885Z INFO  client] Sending sample transaction 70
[2022-07-23T17:25:52.934Z INFO  client] Sending sample transaction 71
[2022-07-23T17:25:52.985Z INFO  client] Sending sample transaction 72
[2022-07-23T17:25:53.035Z INFO  client] Sending sample transaction 73
[2022-07-23T17:25:53.085Z INFO  client] Sending sample transaction 74
[2022-07-23T17:25:53.135Z INFO  client] Sending sample transaction 75
[2022-07-23T17:25:53.185Z INFO  client] Sending sample transaction 76
[2022-07-23T17:25:53.235Z INFO  client] Sending sample transaction 77
[2022-07-23T17:25:53.285Z INFO  client] Sending sample transaction 78
[2022-07-23T17:25:53.335Z INFO  client] Sending sample transaction 79
[2022-07-23T17:25:53.384Z INFO  client] Sending sample transaction 80
[2022-07-23T17:25:53.441Z INFO  client] Sending sample transaction 81
[2022-07-23T17:25:53.485Z INFO  client] Sending sample transaction 82
[2022-07-23T17:25:53.535Z INFO  client] Sending sample transaction 83
[2022-07-23T17:25:53.586Z INFO  client] Sending sample transaction 84
[2022-07-23T17:25:53.636Z INFO  client] Sending sample transaction 85
[2022-07-23T17:25:53.688Z INFO  client] Sending sample transaction 86
[2022-07-23T17:25:53.735Z INFO  client] Sending sample transaction 87
[2022-07-23T17:25:53.819Z INFO  client] Sending sample transaction 88
[2022-07-23T17:25:53.856Z INFO  client] Sending sample transaction 89
[2022-07-23T17:25:53.891Z INFO  client] Sending sample transaction 90
[2022-07-23T17:25:53.940Z INFO  client] Sending sample transaction 91
[2022-07-23T17:25:53.985Z INFO  client] Sending sample transaction 92
[2022-07-23T17:25:54.055Z INFO  client] Sending sample transaction 93
[2022-07-23T17:25:54.099Z INFO  client] Sending sample transaction 94
[2022-07-23T17:25:54.134Z INFO  client] Sending sample transaction 95
[2022-07-23T17:25:54.184Z INFO  client] Sending sample transaction 96
[2022-07-23T17:25:54.235Z INFO  client] Sending sample transaction 97
[2022-07-23T17:25:54.285Z INFO  client] Sending sample transaction 98
[2022-07-23T17:25:54.335Z INFO  client] Sending sample transaction 99
[2022-07-23T17:25:54.385Z INFO  client] Sending sample transaction 100
[2022-07-23T17:25:54.435Z INFO  client] Sending sample transaction 101
[2022-07-23T17:25:54.485Z INFO  client] Sending sample transaction 102
[2022-07-23T17:25:54.537Z INFO  client] Sending sample transaction 103
[2022-07-23T17:25:54.586Z INFO  client] Sending sample transaction 104
[2022-07-23T17:25:54.635Z INFO  client] Sending sample transaction 105
[2022-07-23T17:25:54.685Z INFO  client] Sending sample transaction 106
[2022-07-23T17:25:54.735Z INFO  client] Sending sample transaction 107
[2022-07-23T17:25:54.785Z INFO  client] Sending sample transaction 108
[2022-07-23T17:25:54.835Z INFO  client] Sending sample transaction 109
[2022-07-23T17:25:54.896Z INFO  client] Sending sample transaction 110
[2022-07-23T17:25:54.936Z INFO  client] Sending sample transaction 111
[2022-07-23T17:25:55.018Z INFO  client] Sending sample transaction 112
[2022-07-23T17:25:55.035Z INFO  client] Sending sample transaction 113
[2022-07-23T17:25:55.085Z INFO  client] Sending sample transaction 114
[2022-07-23T17:25:55.134Z INFO  client] Sending sample transaction 115
[2022-07-23T17:25:55.185Z INFO  client] Sending sample transaction 116
[2022-07-23T17:25:55.251Z INFO  client] Sending sample transaction 117
[2022-07-23T17:25:55.284Z INFO  client] Sending sample transaction 118
[2022-07-23T17:25:55.336Z INFO  client] Sending sample transaction 119
[2022-07-23T17:25:55.385Z INFO  client] Sending sample transaction 120
[2022-07-23T17:25:55.435Z INFO  client] Sending sample transaction 121
[2022-07-23T17:25:55.485Z INFO  client] Sending sample transaction 122
[2022-07-23T17:25:55.535Z INFO  client] Sending sample transaction 123
[2022-07-23T17:25:55.588Z INFO  client] Sending sample transaction 124
[2022-07-23T17:25:55.635Z INFO  client] Sending sample transaction 125
[2022-07-23T17:25:55.685Z INFO  client] Sending sample transaction 126
[2022-07-23T17:25:55.735Z INFO  client] Sending sample transaction 127
[2022-07-23T17:25:55.785Z INFO  client] Sending sample transaction 128
[2022-07-23T17:25:55.835Z INFO  client] Sending sample transaction 129
[2022-07-23T17:25:55.885Z INFO  client] Sending sample transaction 130
[2022-07-23T17:25:55.935Z INFO  client] Sending sample transaction 131
[2022-07-23T17:25:55.991Z INFO  client] Sending sample transaction 132
[2022-07-23T17:25:56.048Z INFO  client] Sending sample transaction 133
[2022-07-23T17:25:56.124Z INFO  client] Sending sample transaction 134
[2022-07-23T17:25:56.134Z INFO  client] Sending sample transaction 135
[2022-07-23T17:25:56.185Z INFO  client] Sending sample transaction 136
[2022-07-23T17:25:56.235Z INFO  client] Sending sample transaction 137
[2022-07-23T17:25:56.286Z INFO  client] Sending sample transaction 138
[2022-07-23T17:25:56.335Z INFO  client] Sending sample transaction 139
[2022-07-23T17:25:56.385Z INFO  client] Sending sample transaction 140
[2022-07-23T17:25:56.435Z INFO  client] Sending sample transaction 141
[2022-07-23T17:25:56.485Z INFO  client] Sending sample transaction 142
[2022-07-23T17:25:56.534Z INFO  client] Sending sample transaction 143
[2022-07-23T17:25:56.585Z INFO  client] Sending sample transaction 144
[2022-07-23T17:25:56.635Z INFO  client] Sending sample transaction 145
[2022-07-23T17:25:56.685Z INFO  client] Sending sample transaction 146
[2022-07-23T17:25:56.734Z INFO  client] Sending sample transaction 147
[2022-07-23T17:25:56.785Z INFO  client] Sending sample transaction 148
[2022-07-23T17:25:56.835Z INFO  client] Sending sample transaction 149
[2022-07-23T17:25:56.885Z INFO  client] Sending sample transaction 150
[2022-07-23T17:25:56.934Z INFO  client] Sending sample transaction 151
[2022-07-23T17:25:56.985Z INFO  client] Sending sample transaction 152
[2022-07-23T17:25:57.036Z INFO  client] Sending sample transaction 153
[2022-07-23T17:25:57.085Z INFO  client] Sending sample transaction 154
[2022-07-23T17:25:57.143Z INFO  client] Sending sample transaction 155
[2022-07-23T17:25:57.185Z INFO  client] Sending sample transaction 156
[2022-07-23T17:25:57.259Z INFO  client] Sending sample transaction 157
[2022-07-23T17:25:57.294Z INFO  client] Sending sample transaction 158
[2022-07-23T17:25:57.335Z INFO  client] Sending sample transaction 159
[2022-07-23T17:25:57.385Z INFO  client] Sending sample transaction 160
[2022-07-23T17:25:57.435Z INFO  client] Sending sample transaction 161
[2022-07-23T17:25:57.486Z INFO  client] Sending sample transaction 162
[2022-07-23T17:25:57.535Z INFO  client] Sending sample transaction 163
[2022-07-23T17:25:57.585Z INFO  client] Sending sample transaction 164
[2022-07-23T17:25:57.635Z INFO  client] Sending sample transaction 165
[2022-07-23T17:25:57.686Z INFO  client] Sending sample transaction 166
[2022-07-23T17:25:57.735Z INFO  client] Sending sample transaction 167
[2022-07-23T17:25:57.785Z INFO  client] Sending sample transaction 168
[2022-07-23T17:25:57.835Z INFO  client] Sending sample transaction 169
[2022-07-23T17:25:57.885Z INFO  client] Sending sample transaction 170
[2022-07-23T17:25:57.934Z INFO  client] Sending sample transaction 171
[2022-07-23T17:25:57.985Z INFO  client] Sending sample transaction 172
[2022-07-23T17:25:58.035Z INFO  client] Sending sample transaction 173
[2022-07-23T17:25:58.086Z INFO  client] Sending sample transaction 174
[2022-07-23T17:25:58.135Z INFO  client] Sending sample transaction 175
[2022-07-23T17:25:58.184Z INFO  client] Sending sample transaction 176
[2022-07-23T17:25:58.234Z INFO  client] Sending sample transaction 177
[2022-07-23T17:25:58.285Z INFO  client] Sending sample transaction 178
[2022-07-23T17:25:58.339Z INFO  client] Sending sample transaction 179
[2022-07-23T17:25:58.384Z INFO  client] Sending sample transaction 180
[2022-07-23T17:25:58.436Z INFO  client] Sending sample transaction 181
[2022-07-23T17:25:58.484Z INFO  client] Sending sample transaction 182
[2022-07-23T17:25:58.535Z INFO  client] Sending sample transaction 183
[2022-07-23T17:25:58.586Z INFO  client] Sending sample transaction 184
[2022-07-23T17:25:58.635Z INFO  client] Sending sample transaction 185
[2022-07-23T17:25:58.684Z INFO  client] Sending sample transaction 186
[2022-07-23T17:25:58.735Z INFO  client] Sending sample transaction 187
[2022-07-23T17:25:58.785Z INFO  client] Sending sample transaction 188
[2022-07-23T17:25:58.835Z INFO  client] Sending sample transaction 189
[2022-07-23T17:25:58.887Z INFO  client] Sending sample transaction 190
[2022-07-23T17:25:58.935Z INFO  client] Sending sample transaction 191
[2022-07-23T17:25:58.985Z INFO  client] Sending sample transaction 192
[2022-07-23T17:25:59.035Z INFO  client] Sending sample transaction 193
[2022-07-23T17:25:59.085Z INFO  client] Sending sample transaction 194
[2022-07-23T17:25:59.134Z INFO  client] Sending sample transaction 195
[2022-07-23T17:25:59.185Z INFO  client] Sending sample transaction 196
[2022-07-23T17:25:59.235Z INFO  client] Sending sample transaction 197
[2022-07-23T17:25:59.286Z INFO  client] Sending sample transaction 198
[2022-07-23T17:25:59.335Z INFO  client] Sending sample transaction 199
[2022-07-23T17:25:59.385Z INFO  client] Sending sample transaction 200
[2022-07-23T17:25:59.435Z INFO  client] Sending sample transaction 201
[2022-07-23T17:25:59.485Z INFO  client] Sending sample transaction 202
[2022-07-23T17:25:59.535Z INFO  client] Sending sample transaction 203
[2022-07-23T17:25:59.585Z INFO  client] Sending sample transaction 204
[2022-07-23T17:25:59.635Z INFO  client] Sending sample transaction 205
[2022-07-23T17:25:59.685Z INFO  client] Sending sample transaction 206
[2022-07-23T17:25:59.735Z INFO  client] Sending sample transaction 207
[2022-07-23T17:25:59.786Z INFO  client] Sending sample transaction 208
[2022-07-23T17:25:59.835Z INFO  client] Sending sample transaction 209
[2022-07-23T17:25:59.884Z INFO  client] Sending sample transaction 210
[2022-07-23T17:25:59.935Z INFO  client] Sending sample transaction 211
[2022-07-23T17:25:59.984Z INFO  client] Sending sample transaction 212
[2022-07-23T17:26:00.035Z INFO  client] Sending sample transaction 213
[2022-07-23T17:26:00.085Z INFO  client] Sending sample transaction 214
[2022-07-23T17:26:00.134Z INFO  client] Sending sample transaction 215
[2022-07-23T17:26:00.185Z INFO  client] Sending sample transaction 216
[2022-07-23T17:26:00.235Z INFO  client] Sending sample transaction 217
[2022-07-23T17:26:00.285Z INFO  client] Sending sample transaction 218
[2022-07-23T17:26:00.336Z INFO  client] Sending sample transaction 219
[2022-07-23T17:26:00.385Z INFO  client] Sending sample transaction 220
[2022-07-23T17:26:00.436Z INFO  client] Sending sample transaction 221
[2022-07-23T17:26:00.486Z INFO  client] Sending sample transaction 222
[2022-07-23T17:26:00.534Z INFO  client] Sending sample transaction 223
[2022-07-23T17:26:00.584Z INFO  client] Sending sample transaction 224
[2022-07-23T17:26:00.635Z INFO  client] Sending sample transaction 225
[2022-07-23T17:26:00.686Z INFO  client] Sending sample transaction 226
[2022-07-23T17:26:00.760Z INFO  client] Sending sample transaction 227
[2022-07-23T17:26:00.803Z INFO  client] Sending sample transaction 228
[2022-07-23T17:26:00.853Z INFO  client] Sending sample transaction 229
[2022-07-23T17:26:00.885Z INFO  client] Sending sample transaction 230
[2022-07-23T17:26:00.936Z INFO  client] Sending sample transaction 231
[2022-07-23T17:26:00.985Z INFO  client] Sending sample transaction 232
[2022-07-23T17:26:01.035Z INFO  client] Sending sample transaction 233
[2022-07-23T17:26:01.085Z INFO  client] Sending sample transaction 234
[2022-07-23T17:26:01.136Z INFO  client] Sending sample transaction 235
[2022-07-23T17:26:01.185Z INFO  client] Sending sample transaction 236
[2022-07-23T17:26:01.234Z INFO  client] Sending sample transaction 237
[2022-07-23T17:26:01.284Z INFO  client] Sending sample transaction 238
[2022-07-23T17:26:01.335Z INFO  client] Sending sample transaction 239
[2022-07-23T17:26:01.384Z INFO  client] Sending sample transaction 240
[2022-07-23T17:26:01.435Z INFO  client] Sending sample transaction 241
[2022-07-23T17:26:01.485Z INFO  client] Sending sample transaction 242
[2022-07-23T17:26:01.535Z INFO  client] Sending sample transaction 243
[2022-07-23T17:26:01.599Z INFO  client] Sending sample transaction 244
[2022-07-23T17:26:01.680Z INFO  client] Sending sample transaction 245
[2022-07-23T17:26:01.709Z INFO  client] Sending sample transaction 246
[2022-07-23T17:26:01.734Z INFO  client] Sending sample transaction 247
[2022-07-23T17:26:01.785Z INFO  client] Sending sample transaction 248
[2022-07-23T17:26:01.836Z INFO  client] Sending sample transaction 249
[2022-07-23T17:26:01.905Z INFO  client] Sending sample transaction 250
[2022-07-23T17:26:01.953Z INFO  client] Sending sample transaction 251
[2022-07-23T17:26:01.985Z INFO  client] Sending sample transaction 252
[2022-07-23T17:26:02.035Z INFO  client] Sending sample transaction 253
[2022-07-23T17:26:02.084Z INFO  client] Sending sample transaction 254
[2022-07-23T17:26:02.135Z INFO  client] Sending sample transaction 255
[2022-07-23T17:26:02.184Z INFO  client] Sending sample transaction 256
[2022-07-23T17:26:02.235Z INFO  client] Sending sample transaction 257
[2022-07-23T17:26:02.285Z INFO  client] Sending sample transaction 258
[2022-07-23T17:26:02.335Z INFO  client] Sending sample transaction 259
[2022-07-23T17:26:02.385Z INFO  client] Sending sample transaction 260
[2022-07-23T17:26:02.435Z INFO  client] Sending sample transaction 261
[2022-07-23T17:26:02.485Z INFO  client] Sending sample transaction 262
[2022-07-23T17:26:02.535Z INFO  client] Sending sample transaction 263
[2022-07-23T17:26:02.585Z INFO  client] Sending sample transaction 264
[2022-07-23T17:26:02.634Z INFO  client] Sending sample transaction 265
[2022-07-23T17:26:02.685Z INFO  client] Sending sample transaction 266
[2022-07-23T17:26:02.735Z INFO  client] Sending sample transaction 267
[2022-07-23T17:26:02.790Z INFO  client] Sending sample transaction 268
[2022-07-23T17:26:02.838Z INFO  client] Sending sample transaction 269
[2022-07-23T17:26:02.904Z INFO  client] Sending sample transaction 270
[2022-07-23T17:26:02.934Z INFO  client] Sending sample transaction 271
[2022-07-23T17:26:02.985Z INFO  client] Sending sample transaction 272
[2022-07-23T17:26:03.034Z INFO  client] Sending sample transaction 273
[2022-07-23T17:26:03.086Z INFO  client] Sending sample transaction 274
[2022-07-23T17:26:03.134Z INFO  client] Sending sample transaction 275
[2022-07-23T17:26:03.186Z INFO  client] Sending sample transaction 276
[2022-07-23T17:26:03.235Z INFO  client] Sending sample transaction 277
[2022-07-23T17:26:03.285Z INFO  client] Sending sample transaction 278
[2022-07-23T17:26:03.335Z INFO  client] Sending sample transaction 279
[2022-07-23T17:26:03.385Z INFO  client] Sending sample transaction 280
[2022-07-23T17:26:03.435Z INFO  client] Sending sample transaction 281
[2022-07-23T17:26:03.485Z INFO  client] Sending sample transaction 282
[2022-07-23T17:26:03.534Z INFO  client] Sending sample transaction 283
[2022-07-23T17:26:03.586Z INFO  client] Sending sample transaction 284
[2022-07-23T17:26:03.635Z INFO  client] Sending sample transaction 285
[2022-07-23T17:26:03.685Z INFO  client] Sending sample transaction 286
[2022-07-23T17:26:03.735Z INFO  client] Sending sample transaction 287
[2022-07-23T17:26:03.784Z INFO  client] Sending sample transaction 288
[2022-07-23T17:26:03.834Z INFO  client] Sending sample transaction 289
[2022-07-23T17:26:03.884Z INFO  client] Sending sample transaction 290
[2022-07-23T17:26:03.935Z INFO  client] Sending sample transaction 291
[2022-07-23T17:26:03.985Z INFO  client] Sending sample transaction 292
[2022-07-23T17:26:04.038Z INFO  client] Sending sample transaction 293
[2022-07-23T17:26:04.085Z INFO  client] Sending sample transaction 294
[2022-07-23T17:26:04.134Z INFO  client] Sending sample transaction 295
[2022-07-23T17:26:04.185Z INFO  client] Sending sample transaction 296
[2022-07-23T17:26:04.234Z INFO  client] Sending sample transaction 297
[2022-07-23T17:26:04.327Z INFO  client] Sending sample transaction 298
[2022-07-23T17:26:04.353Z INFO  client] Sending sample transaction 299
[2022-07-23T17:26:04.394Z INFO  client] Sending sample transaction 300
[2022-07-23T17:26:04.440Z INFO  client] Sending sample transaction 301
[2022-07-23T17:26:04.485Z INFO  client] Sending sample transaction 302
[2022-07-23T17:26:04.536Z INFO  client] Sending sample transaction 303
[2022-07-23T17:26:04.587Z INFO  client] Sending sample transaction 304
[2022-07-23T17:26:04.635Z INFO  client] Sending sample transaction 305
[2022-07-23T17:26:04.684Z INFO  client] Sending sample transaction 306
[2022-07-23T17:26:04.735Z INFO  client] Sending sample transaction 307
[2022-07-23T17:26:04.786Z INFO  client] Sending sample transaction 308
[2022-07-23T17:26:04.835Z INFO  client] Sending sample transaction 309
[2022-07-23T17:26:04.885Z INFO  client] Sending sample transaction 310
[2022-07-23T17:26:04.935Z INFO  client] Sending sample transaction 311
[2022-07-23T17:26:04.984Z INFO  client] Sending sample transaction 312
[2022-07-23T17:26:05.035Z INFO  client] Sending sample transaction 313
[2022-07-23T17:26:05.091Z INFO  client] Sending sample transaction 314
[2022-07-23T17:26:05.135Z INFO  client] Sending sample transaction 315
[2022-07-23T17:26:05.184Z INFO  client] Sending sample transaction 316
[2022-07-23T17:26:05.235Z INFO  client] Sending sample transaction 317
[2022-07-23T17:26:05.285Z INFO  client] Sending sample transaction 318
[2022-07-23T17:26:05.335Z INFO  client] Sending sample transaction 319
[2022-07-23T17:26:05.385Z INFO  client] Sending sample transaction 320
[2022-07-23T17:26:05.456Z INFO  client] Sending sample transaction 321
[2022-07-23T17:26:05.504Z INFO  client] Sending sample transaction 322
[2022-07-23T17:26:05.542Z INFO  client] Sending sample transaction 323
[2022-07-23T17:26:05.585Z INFO  client] Sending sample transaction 324
[2022-07-23T17:26:05.635Z INFO  client] Sending sample transaction 325
[2022-07-23T17:26:05.684Z INFO  client] Sending sample transaction 326
[2022-07-23T17:26:05.735Z INFO  client] Sending sample transaction 327
[2022-07-23T17:26:05.785Z INFO  client] Sending sample transaction 328
[2022-07-23T17:26:05.835Z INFO  client] Sending sample transaction 329
[2022-07-23T17:26:05.885Z INFO  client] Sending sample transaction 330
[2022-07-23T17:26:05.935Z INFO  client] Sending sample transaction 331
[2022-07-23T17:26:05.985Z INFO  client] Sending sample transaction 332
[2022-07-23T17:26:06.035Z INFO  client] Sending sample transaction 333
[2022-07-23T17:26:06.085Z INFO  client] Sending sample transaction 334
[2022-07-23T17:26:06.139Z INFO  client] Sending sample transaction 335
[2022-07-23T17:26:06.185Z INFO  client] Sending sample transaction 336
[2022-07-23T17:26:06.236Z INFO  client] Sending sample transaction 337
[2022-07-23T17:26:06.284Z INFO  client] Sending sample transaction 338
[2022-07-23T17:26:06.335Z INFO  client] Sending sample transaction 339
[2022-07-23T17:26:06.385Z INFO  client] Sending sample transaction 340
[2022-07-23T17:26:06.435Z INFO  client] Sending sample transaction 341
[2022-07-23T17:26:06.485Z INFO  client] Sending sample transaction 342
[2022-07-23T17:26:06.535Z INFO  client] Sending sample transaction 343
[2022-07-23T17:26:06.622Z INFO  client] Sending sample transaction 344
[2022-07-23T17:26:06.663Z INFO  client] Sending sample transaction 345
[2022-07-23T17:26:06.692Z INFO  client] Sending sample transaction 346
[2022-07-23T17:26:06.736Z INFO  client] Sending sample transaction 347
[2022-07-23T17:26:06.785Z INFO  client] Sending sample transaction 348
[2022-07-23T17:26:06.835Z INFO  client] Sending sample transaction 349
[2022-07-23T17:26:06.885Z INFO  client] Sending sample transaction 350
[2022-07-23T17:26:06.935Z INFO  client] Sending sample transaction 351
[2022-07-23T17:26:06.985Z INFO  client] Sending sample transaction 352
[2022-07-23T17:26:07.036Z INFO  client] Sending sample transaction 353
[2022-07-23T17:26:07.085Z INFO  client] Sending sample transaction 354
[2022-07-23T17:26:07.134Z INFO  client] Sending sample transaction 355
[2022-07-23T17:26:07.186Z INFO  client] Sending sample transaction 356
[2022-07-23T17:26:07.234Z INFO  client] Sending sample transaction 357
[2022-07-23T17:26:07.285Z INFO  client] Sending sample transaction 358
[2022-07-23T17:26:07.335Z INFO  client] Sending sample transaction 359
[2022-07-23T17:26:07.385Z INFO  client] Sending sample transaction 360
[2022-07-23T17:26:07.435Z INFO  client] Sending sample transaction 361
[2022-07-23T17:26:07.484Z INFO  client] Sending sample transaction 362
[2022-07-23T17:26:07.536Z INFO  client] Sending sample transaction 363
[2022-07-23T17:26:07.599Z INFO  client] Sending sample transaction 364
[2022-07-23T17:26:07.669Z INFO  client] Sending sample transaction 365
[2022-07-23T17:26:07.693Z INFO  client] Sending sample transaction 366
[2022-07-23T17:26:07.737Z INFO  client] Sending sample transaction 367
[2022-07-23T17:26:07.785Z INFO  client] Sending sample transaction 368
[2022-07-23T17:26:07.847Z INFO  client] Sending sample transaction 369
[2022-07-23T17:26:07.886Z INFO  client] Sending sample transaction 370
[2022-07-23T17:26:07.934Z INFO  client] Sending sample transaction 371
[2022-07-23T17:26:07.984Z INFO  client] Sending sample transaction 372
[2022-07-23T17:26:08.035Z INFO  client] Sending sample transaction 373
[2022-07-23T17:26:08.086Z INFO  client] Sending sample transaction 374
[2022-07-23T17:26:08.134Z INFO  client] Sending sample transaction 375
[2022-07-23T17:26:08.200Z INFO  client] Sending sample transaction 376
[2022-07-23T17:26:08.249Z INFO  client] Sending sample transaction 377
[2022-07-23T17:26:08.285Z INFO  client] Sending sample transaction 378
[2022-07-23T17:26:08.336Z INFO  client] Sending sample transaction 379
[2022-07-23T17:26:08.385Z INFO  client] Sending sample transaction 380
[2022-07-23T17:26:08.434Z INFO  client] Sending sample transaction 381
[2022-07-23T17:26:08.485Z INFO  client] Sending sample transaction 382
[2022-07-23T17:26:08.535Z INFO  client] Sending sample transaction 383
[2022-07-23T17:26:08.585Z INFO  client] Sending sample transaction 384
[2022-07-23T17:26:08.635Z INFO  client] Sending sample transaction 385
[2022-07-23T17:26:08.691Z INFO  client] Sending sample transaction 386
[2022-07-23T17:26:08.756Z INFO  client] Sending sample transaction 387
[2022-07-23T17:26:08.793Z INFO  client] Sending sample transaction 388
[2022-07-23T17:26:08.836Z INFO  client] Sending sample transaction 389
[2022-07-23T17:26:08.885Z INFO  client] Sending sample transaction 390
[2022-07-23T17:26:08.935Z INFO  client] Sending sample transaction 391
[2022-07-23T17:26:08.985Z INFO  client] Sending sample transaction 392
[2022-07-23T17:26:09.035Z INFO  client] Sending sample transaction 393
[2022-07-23T17:26:09.086Z INFO  client] Sending sample transaction 394
[2022-07-23T17:26:09.135Z INFO  client] Sending sample transaction 395
[2022-07-23T17:26:09.185Z INFO  client] Sending sample transaction 396
[2022-07-23T17:26:09.236Z INFO  client] Sending sample transaction 397
[2022-07-23T17:26:09.285Z INFO  client] Sending sample transaction 398
[2022-07-23T17:26:09.335Z INFO  client] Sending sample transaction 399
[2022-07-23T17:26:09.384Z INFO  client] Sending sample transaction 400
[2022-07-23T17:26:09.434Z INFO  client] Sending sample transaction 401
[2022-07-23T17:26:09.484Z INFO  client] Sending sample transaction 402
[2022-07-23T17:26:09.535Z INFO  client] Sending sample transaction 403
[2022-07-23T17:26:09.585Z INFO  client] Sending sample transaction 404
[2022-07-23T17:26:09.634Z INFO  client] Sending sample transaction 405
[2022-07-23T17:26:09.684Z INFO  client] Sending sample transaction 406
[2022-07-23T17:26:09.735Z INFO  client] Sending sample transaction 407
[2022-07-23T17:26:09.785Z INFO  client] Sending sample transaction 408
[2022-07-23T17:26:09.849Z INFO  client] Sending sample transaction 409
[2022-07-23T17:26:09.922Z INFO  client] Sending sample transaction 410
[2022-07-23T17:26:09.938Z INFO  client] Sending sample transaction 411
[2022-07-23T17:26:09.986Z INFO  client] Sending sample transaction 412
[2022-07-23T17:26:10.036Z INFO  client] Sending sample transaction 413
[2022-07-23T17:26:10.085Z INFO  client] Sending sample transaction 414
[2022-07-23T17:26:10.135Z INFO  client] Sending sample transaction 415
[2022-07-23T17:26:10.184Z INFO  client] Sending sample transaction 416
[2022-07-23T17:26:10.235Z INFO  client] Sending sample transaction 417
[2022-07-23T17:26:10.285Z INFO  client] Sending sample transaction 418
[2022-07-23T17:26:10.350Z INFO  client] Sending sample transaction 419
[2022-07-23T17:26:10.386Z INFO  client] Sending sample transaction 420
[2022-07-23T17:26:10.434Z INFO  client] Sending sample transaction 421
[2022-07-23T17:26:10.485Z INFO  client] Sending sample transaction 422
[2022-07-23T17:26:10.535Z INFO  client] Sending sample transaction 423
[2022-07-23T17:26:10.585Z INFO  client] Sending sample transaction 424
[2022-07-23T17:26:10.635Z INFO  client] Sending sample transaction 425
[2022-07-23T17:26:10.685Z INFO  client] Sending sample transaction 426
[2022-07-23T17:26:10.736Z INFO  client] Sending sample transaction 427
[2022-07-23T17:26:10.785Z INFO  client] Sending sample transaction 428
[2022-07-23T17:26:10.837Z INFO  client] Sending sample transaction 429
[2022-07-23T17:26:10.891Z INFO  client] Sending sample transaction 430
[2022-07-23T17:26:10.935Z INFO  client] Sending sample transaction 431
[2022-07-23T17:26:10.985Z INFO  client] Sending sample transaction 432
[2022-07-23T17:26:11.036Z INFO  client] Sending sample transaction 433
[2022-07-23T17:26:11.085Z INFO  client] Sending sample transaction 434
[2022-07-23T17:26:11.136Z INFO  client] Sending sample transaction 435
[2022-07-23T17:26:11.185Z INFO  client] Sending sample transaction 436
[2022-07-23T17:26:11.237Z INFO  client] Sending sample transaction 437
[2022-07-23T17:26:11.290Z INFO  client] Sending sample transaction 438
[2022-07-23T17:26:11.338Z INFO  client] Sending sample transaction 439
