[2022-07-23T17:25:47.243Z INFO  client] Node address: 127.0.0.1:9012
[2022-07-23T17:25:47.243Z INFO  client] Transactions size: 512 B
[2022-07-23T17:25:47.243Z INFO  client] Transactions rate: 112 tx/s
[2022-07-23T17:25:47.243Z INFO  client] Waiting for all nodes to be online...
[2022-07-23T17:25:47.243Z INFO  client] Waiting for all nodes to be synchronized...
[2022-07-23T17:25:49.265Z INFO  client] Start sending transactions
[2022-07-23T17:25:49.274Z INFO  client] Sending sample transaction 0
[2022-07-23T17:25:49.319Z INFO  client] Sending sample transaction 1
[2022-07-23T17:25:49.368Z INFO  client] Sending sample transaction 2
[2022-07-23T17:25:49.447Z INFO  client] Sending sample transaction 3
[2022-07-23T17:25:49.570Z INFO  client] Sending sample transaction 4
[2022-07-23T17:25:49.594Z WARN  client] Transaction rate too high for this client
[2022-07-23T17:25:49.594Z INFO  client] Sending sample transaction 5
[2022-07-23T17:25:49.645Z INFO  client] Sending sample transaction 6
[2022-07-23T17:25:49.673Z INFO  client] Sending sample transaction 7
[2022-07-23T17:25:49.778Z INFO  client] Sending sample transaction 8
[2022-07-23T17:25:49.791Z WARN  client] Transaction rate too high for this client
[2022-07-23T17:25:49.798Z INFO  client] Sending sample transaction 9
[2022-07-23T17:25:49.824Z INFO  client] Sending sample transaction 10
[2022-07-23T17:25:49.826Z INFO  client] Sending sample transaction 11
[2022-07-23T17:25:49.869Z INFO  client] Sending sample transaction 12
[2022-07-23T17:25:49.930Z INFO  client] Sending sample transaction 13
[2022-07-23T17:25:50.062Z INFO  client] Sending sample transaction 14
[2022-07-23T17:25:50.062Z WARN  client] Transaction rate too high for this client
[2022-07-23T17:25:50.062Z INFO  client] Sending sample transaction 15
[2022-07-23T17:25:50.078Z INFO  client] Sending sample transaction 16
[2022-07-23T17:25:50.125Z INFO  client] Sending sample transaction 17
[2022-07-23T17:25:50.193Z INFO  client] Sending sample transaction 18
[2022-07-23T17:25:50.237Z INFO  client] Sending sample transaction 19
[2022-07-23T17:25:50.267Z INFO  client] Sending sample transaction 20
[2022-07-23T17:25:50.319Z INFO  client] Sending sample transaction 21
[2022-07-23T17:25:50.368Z INFO  client] Sending sample transaction 22
[2022-07-23T17:25:50.419Z INFO  client] Sending sample transaction 23
[2022-07-23T17:25:50.470Z INFO  client] Sending sample transaction 24
[2022-07-23T17:25:50.518Z INFO  client] Sending sample transaction 25
[2022-07-23T17:25:50.568Z INFO  client] Sending sample transaction 26
[2022-07-23T17:25:50.618Z INFO  client] Sending sample transaction 27
[2022-07-23T17:25:50.668Z INFO  client] Sending sample transaction 28
[2022-07-23T17:25:50.718Z INFO  client] Sending sample transaction 29
[2022-07-23T17:25:50.768Z INFO  client] Sending sample transaction 30
[2022-07-23T17:25:50.818Z INFO  client] Sending sample transaction 31
[2022-07-23T17:25:50.868Z INFO  client] Sending sample transaction 32
[2022-07-23T17:25:50.970Z INFO  client] Sending sample transaction 33
[2022-07-23T17:25:51.023Z INFO  client] Sending sample transaction 34
[2022-07-23T17:25:51.074Z INFO  client] Sending sample transaction 35
[2022-07-23T17:25:51.140Z WARN  client] Transaction rate too high for this client
[2022-07-23T17:25:51.140Z INFO  client] Sending sample transaction 36
[2022-07-23T17:25:51.176Z INFO  client] Sending sample transaction 37
[2022-07-23T17:25:51.177Z INFO  client] Sending sample transaction 38
[2022-07-23T17:25:51.236Z INFO  client] Sending sample transaction 39
[2022-07-23T17:25:51.303Z INFO  client] Sending sample transaction 40
[2022-07-23T17:25:51.329Z INFO  client] Sending sample transaction 41
[2022-07-23T17:25:51.395Z INFO  client] Sending sample transaction 42
[2022-07-23T17:25:51.456Z INFO  client] Sending sample transaction 43
[2022-07-23T17:25:51.484Z INFO  client] Sending sample transaction 44
[2022-07-23T17:25:51.517Z INFO  client] Sending sample transaction 45
[2022-07-23T17:25:51.568Z INFO  client] Sending sample transaction 46
[2022-07-23T17:25:51.618Z INFO  client] Sending sample transaction 47
[2022-07-23T17:25:51.669Z INFO  client] Sending sample transaction 48
[2022-07-23T17:25:51.718Z INFO  client] Sending sample transaction 49
[2022-07-23T17:25:51.767Z INFO  client] Sending sample transaction 50
[2022-07-23T17:25:51.817Z INFO  client] Sending sample transaction 51
[2022-07-23T17:25:51.868Z INFO  client] Sending sample transaction 52
[2022-07-23T17:25:51.921Z INFO  client] Sending sample transaction 53
[2022-07-23T17:25:51.968Z INFO  client] Sending sample transaction 54
[2022-07-23T17:25:52.019Z INFO  client] Sending sample transaction 55
[2022-07-23T17:25:52.067Z INFO  client] Sending sample transaction 56
[2022-07-23T17:25:52.118Z INFO  client] Sending sample transaction 57
[2022-07-23T17:25:52.168Z INFO  client] Sending sample transaction 58
[2022-07-23T17:25:52.218Z INFO  client] Sending sample transaction 59
[2022-07-23T17:25:52.267Z INFO  client] Sending sample transaction 60
[2022-07-23T17:25:52.317Z INFO  client] Sending sample transaction 61
[2022-07-23T17:25:52.368Z INFO  client] Sending sample transaction 62
[2022-07-23T17:25:52.418Z INFO  client] Sending sample transaction 63
[2022-07-23T17:25:52.468Z INFO  client] Sending sample transaction 64
[2022-07-23T17:25:52.517Z INFO  client] Sending sample transaction 65
[2022-07-23T17:25:52.567Z INFO  client] Sending sample transaction 66
[2022-07-23T17:25:52.656Z INFO  client] Sending sample transaction 67
[2022-07-23T17:25:52.679Z INFO  client] Sending sample transaction 68
[2022-07-23T17:25:52.739Z INFO  client] Sending sample transaction 69
[2022-07-23T17:25:52.772Z INFO  client] Sending sample transaction 70
[2022-07-23T17:25:52.818Z INFO  client] Sending sample transaction 71
[2022-07-23T17:25:52.868Z INFO  client] Sending sample transaction 72
[2022-07-23T17:25:52.917Z INFO  client] Sending sample transaction 73
[2022-07-23T17:25:52.967Z INFO  client] Sending sample transaction 74
[2022-07-23T17:25:53.017Z INFO  client] Sending sample transaction 75
[2022-07-23T17:25:53.069Z INFO  client] Sending sample transaction 76
[2022-07-23T17:25:53.118Z INFO  client] Sending sample transaction 77
[2022-07-23T17:25:53.167Z INFO  client] Sending sample transaction 78
[2022-07-23T17:25:53.219Z INFO  client] Sending sample transaction 79
[2022-07-23T17:25:53.267Z INFO  client] Sending sample transaction 80
[2022-07-23T17:25:53.318Z INFO  client] Sending sample transaction 81
[2022-07-23T17:25:53.367Z INFO  client] Sending sample transaction 82
[2022-07-23T17:25:53.424Z INFO  client] Sending sample transaction 83
[2022-07-23T17:25:53.474Z INFO  client] Sending sample transaction 84
[2022-07-23T17:25:53.517Z INFO  client] Sending sample transaction 85
[2022-07-23T17:25:53.567Z INFO  client] Sending sample transaction 86
[2022-07-23T17:25:53.618Z INFO  client] Sending sample transaction 87
[2022-07-23T17:25:53.674Z INFO  client] Sending sample transaction 88
[2022-07-23T17:25:53.718Z INFO  client] Sending sample transaction 89
[2022-07-23T17:25:53.785Z INFO  client] Sending sample transaction 90
[2022-07-23T17:25:53.819Z INFO  client] Sending sample transaction 91
[2022-07-23T17:25:53.888Z INFO  client] Sending sample transaction 92
[2022-07-23T17:25:53.930Z INFO  client] Sending sample transaction 93
[2022-07-23T17:25:53.968Z INFO  client] Sending sample transaction 94
[2022-07-23T17:25:54.019Z INFO  client] Sending sample transaction 95
[2022-07-23T17:25:54.096Z INFO  client] Sending sample transaction 96
[2022-07-23T17:25:54.126Z INFO  client] Sending sample transaction 97
[2022-07-23T17:25:54.168Z INFO  client] Sending sample transaction 98
[2022-07-23T17:25:54.217Z INFO  client] Sending sample transaction 99
[2022-07-23T17:25:54.267Z INFO  client] Sending sample transaction 100
[2022-07-23T17:25:54.317Z INFO  client] Sending sample transaction 101
[2022-07-23T17:25:54.368Z INFO  client] Sending sample transaction 102
[2022-07-23T17:25:54.418Z INFO  client] Sending sample transaction 103
[2022-07-23T17:25:54.467Z INFO  client] Sending sample transaction 104
[2022-07-23T17:25:54.524Z INFO  client] Sending sample transaction 105
[2022-07-23T17:25:54.568Z INFO  client] Sending sample transaction 106
[2022-07-23T17:25:54.617Z INFO  client] Sending sample transaction 107
[2022-07-23T17:25:54.668Z INFO  client] Sending sample transaction 108
[2022-07-23T17:25:54.718Z INFO  client] Sending sample transaction 109
[2022-07-23T17:25:54.767Z INFO  client] Sending sample transaction 110
[2022-07-23T17:25:54.818Z INFO  client] Sending sample transaction 111
[2022-07-23T17:25:54.888Z INFO  client] Sending sample transaction 112
[2022-07-23T17:25:54.923Z INFO  client] Sending sample transaction 113
[2022-07-23T17:25:54.975Z INFO  client] Sending sample transaction 114
[2022-07-23T17:25:55.018Z INFO  client] Sending sample transaction 115
[2022-07-23T17:25:55.067Z INFO  client] Sending sample transaction 116
[2022-07-23T17:25:55.118Z INFO  client] Sending sample transaction 117
[2022-07-23T17:25:55.168Z INFO  client] Sending sample transaction 118
[2022-07-23T17:25:55.217Z INFO  client] Sending sample transaction 119
[2022-07-23T17:25:55.277Z INFO  client] Sending sample transaction 120
[2022-07-23T17:25:55.318Z INFO  client] Sending sample transaction 121
[2022-07-23T17:25:55.367Z INFO  client] Sending sample transaction 122
[2022-07-23T17:25:55.417Z INFO  client] Sending sample transaction 123
[2022-07-23T17:25:55.468Z INFO  client] Sending sample transaction 124
[2022-07-23T17:25:55.517Z INFO  client] Sending sample transaction 125
[2022-07-23T17:25:55.569Z INFO  client] Sending sample transaction 126
[2022-07-23T17:25:55.617Z INFO  client] Sending sample transaction 127
[2022-07-23T17:25:55.668Z INFO  client] Sending sample transaction 128
[2022-07-23T17:25:55.718Z INFO  client] Sending sample transaction 129
[2022-07-23T17:25:55.767Z INFO  client] Sending sample transaction 130
[2022-07-23T17:25:55.817Z INFO  client] Sending sample transaction 131
[2022-07-23T17:25:55.867Z INFO  client] Sending sample transaction 132
[2022-07-23T17:25:55.918Z INFO  client] Sending sample transaction 133
[2022-07-23T17:25:55.990Z INFO  client] Sending sample transaction 134
[2022-07-23T17:25:56.021Z INFO  client] Sending sample transaction 135
[2022-07-23T17:25:56.088Z INFO  client] Sending sample transaction 136
[2022-07-23T17:25:56.130Z INFO  client] Sending sample transaction 137
[2022-07-23T17:25:56.167Z INFO  client] Sending sample transaction 138
[2022-07-23T17:25:56.218Z INFO  client] Sending sample transaction 139
[2022-07-23T17:25:56.268Z INFO  client] Sending sample transaction 140
[2022-07-23T17:25:56.318Z INFO  client] Sending sample transaction 141
[2022-07-23T17:25:56.373Z INFO  client] Sending sample transaction 142
[2022-07-23T17:25:56.417Z INFO  client] Sending sample transaction 143
[2022-07-23T17:25:56.468Z INFO  client] Sending sample transaction 144
[2022-07-23T17:25:56.517Z INFO  client] Sending sample transaction 145
[2022-07-23T17:25:56.567Z INFO  client] Sending sample transaction 146
[2022-07-23T17:25:56.617Z INFO  client] Sending sample transaction 147
[2022-07-23T17:25:56.668Z INFO  client] Sending sample transaction 148
[2022-07-23T17:25:56.718Z INFO  client] Sending sample transaction 149
[2022-07-23T17:25:56.767Z INFO  client] Sending sample transaction 150
[2022-07-23T17:25:56.818Z INFO  client] Sending sample transaction 151
[2022-07-23T17:25:56.868Z INFO  client] Sending sample transaction 152
[2022-07-23T17:25:56.917Z INFO  client] Sending sample transaction 153
[2022-07-23T17:25:56.968Z INFO  client] Sending sample transaction 154
[2022-07-23T17:25:57.019Z INFO  client] Sending sample transaction 155
[2022-07-23T17:25:57.067Z INFO  client] Sending sample transaction 156
[2022-07-23T17:25:57.117Z INFO  client] Sending sample transaction 157
[2022-07-23T17:25:57.183Z INFO  client] Sending sample transaction 158
[2022-07-23T17:25:57.240Z INFO  client] Sending sample transaction 159
[2022-07-23T17:25:57.293Z INFO  client] Sending sample transaction 160
[2022-07-23T17:25:57.317Z INFO  client] Sending sample transaction 161
[2022-07-23T17:25:57.368Z INFO  client] Sending sample transaction 162
[2022-07-23T17:25:57.419Z INFO  client] Sending sample transaction 163
[2022-07-23T17:25:57.468Z INFO  client] Sending sample transaction 164
[2022-07-23T17:25:57.517Z INFO  client] Sending sample transaction 165
[2022-07-23T17:25:57.567Z INFO  client] Sending sample transaction 166
[2022-07-23T17:25:57.625Z INFO  client] Sending sample transaction 167
[2022-07-23T17:25:57.678Z INFO  client] Sending sample transaction 168
[2022-07-23T17:25:57.717Z INFO  client] Sending sample transaction 169
[2022-07-23T17:25:57.767Z INFO  client] Sending sample transaction 170
[2022-07-23T17:25:57.817Z INFO  client] Sending sample transaction 171
[2022-07-23T17:25:57.867Z INFO  client] Sending sample transaction 172
[2022-07-23T17:25:57.918Z INFO  client] Sending sample transaction 173
[2022-07-23T17:25:57.968Z INFO  client] Sending sample transaction 174
[2022-07-23T17:25:58.017Z INFO  client] Sending sample transaction 175
[2022-07-23T17:25:58.068Z INFO  client] Sending sample transaction 176
[2022-07-23T17:25:58.118Z INFO  client] Sending sample transaction 177
[2022-07-23T17:25:58.168Z INFO  client] Sending sample transaction 178
[2022-07-23T17:25:58.218Z INFO  client] Sending sample transaction 179
[2022-07-23T17:25:58.281Z INFO  client] Sending sample transaction 180
[2022-07-23T17:25:58.333Z INFO  client] Sending sample transaction 181
[2022-07-23T17:25:58.386Z INFO  client] Sending sample transaction 182
[2022-07-23T17:25:58.418Z INFO  client] Sending sample transaction 183
[2022-07-23T17:25:58.468Z INFO  client] Sending sample transaction 184
[2022-07-23T17:25:58.518Z INFO  client] Sending sample transaction 185
[2022-07-23T17:25:58.567Z INFO  client] Sending sample transaction 186
[2022-07-23T17:25:58.617Z INFO  client] Sending sample transaction 187
[2022-07-23T17:25:58.668Z INFO  client] Sending sample transaction 188
[2022-07-23T17:25:58.717Z INFO  client] Sending sample transaction 189
[2022-07-23T17:25:58.768Z INFO  client] Sending sample transaction 190
[2022-07-23T17:25:58.817Z INFO  client] Sending sample transaction 191
[2022-07-23T17:25:58.867Z INFO  client] Sending sample transaction 192
[2022-07-23T17:25:58.917Z INFO  client] Sending sample transaction 193
[2022-07-23T17:25:58.967Z INFO  client] Sending sample transaction 194
[2022-07-23T17:25:59.017Z INFO  client] Sending sample transaction 195
[2022-07-23T17:25:59.068Z INFO  client] Sending sample transaction 196
[2022-07-23T17:25:59.117Z INFO  client] Sending sample transaction 197
[2022-07-23T17:25:59.168Z INFO  client] Sending sample transaction 198
[2022-07-23T17:25:59.217Z INFO  client] Sending sample transaction 199
[2022-07-23T17:25:59.267Z INFO  client] Sending sample transaction 200
[2022-07-23T17:25:59.317Z INFO  client] Sending sample transaction 201
[2022-07-23T17:25:59.367Z INFO  client] Sending sample transaction 202
[2022-07-23T17:25:59.418Z INFO  client] Sending sample transaction 203
[2022-07-23T17:25:59.467Z INFO  client] Sending sample transaction 204
[2022-07-23T17:25:59.517Z INFO  client] Sending sample transaction 205
[2022-07-23T17:25:59.568Z INFO  client] Sending sample transaction 206
[2022-07-23T17:25:59.618Z INFO  client] Sending sample transaction 207
[2022-07-23T17:25:59.668Z INFO  client] Sending sample transaction 208
[2022-07-23T17:25:59.722Z INFO  client] Sending sample transaction 209
[2022-07-23T17:25:59.769Z INFO  client] Sending sample transaction 210
[2022-07-23T17:25:59.817Z INFO  client] Sending sample transaction 211
[2022-07-23T17:25:59.867Z INFO  client] Sending sample transaction 212
[2022-07-23T17:25:59.917Z INFO  client] Sending sample transaction 213
[2022-07-23T17:25:59.968Z INFO  client] Sending sample transaction 214
[2022-07-23T17:26:00.017Z INFO  client] Sending sample transaction 215
[2022-07-23T17:26:00.067Z INFO  client] Sending sample transaction 216
[2022-07-23T17:26:00.118Z INFO  client] Sending sample transaction 217
[2022-07-23T17:26:00.167Z INFO  client] Sending sample transaction 218
[2022-07-23T17:26:00.219Z INFO  client] Sending sample transaction 219
[2022-07-23T17:26:00.268Z INFO  client] Sending sample transaction 220
[2022-07-23T17:26:00.319Z INFO  client] Sending sample transaction 221
[2022-07-23T17:26:00.367Z INFO  client] Sending sample transaction 222
[2022-07-23T17:26:00.417Z INFO  client] Sending sample transaction 223
[2022-07-23T17:26:00.467Z INFO  client] Sending sample transaction 224
[2022-07-23T17:26:00.517Z INFO  client] Sending sample transaction 225
[2022-07-23T17:26:00.567Z INFO  client] Sending sample transaction 226
[2022-07-23T17:26:00.617Z INFO  client] Sending sample transaction 227
[2022-07-23T17:26:00.667Z INFO  client] Sending sample transaction 228
[2022-07-23T17:26:00.718Z INFO  client] Sending sample transaction 229
[2022-07-23T17:26:00.767Z INFO  client] Sending sample transaction 230
[2022-07-23T17:26:00.822Z INFO  client] Sending sample transaction 231
[2022-07-23T17:26:00.869Z INFO  client] Sending sample transaction 232
[2022-07-23T17:26:00.917Z INFO  client] Sending sample transaction 233
[2022-07-23T17:26:00.970Z INFO  client] Sending sample transaction 234
[2022-07-23T17:26:01.017Z INFO  client] Sending sample transaction 235
[2022-07-23T17:26:01.067Z INFO  client] Sending sample transaction 236
[2022-07-23T17:26:01.117Z INFO  client] Sending sample transaction 237
[2022-07-23T17:26:01.167Z INFO  client] Sending sample transaction 238
[2022-07-23T17:26:01.218Z INFO  client] Sending sample transaction 239
[2022-07-23T17:26:01.267Z INFO  client] Sending sample transaction 240
[2022-07-23T17:26:01.317Z INFO  client] Sending sample transaction 241
[2022-07-23T17:26:01.367Z INFO  client] Sending sample transaction 242
[2022-07-23T17:26:01.418Z INFO  client] Sending sample transaction 243
[2022-07-23T17:26:01.468Z INFO  client] Sending sample transaction 244
[2022-07-23T17:26:01.517Z INFO  client] Sending sample transaction 245
[2022-07-23T17:26:01.567Z INFO  client] Sending sample transaction 246
[2022-07-23T17:26:01.623Z INFO  client] Sending sample transaction 247
[2022-07-23T17:26:01.714Z INFO  client] Sending sample transaction 248
[2022-07-23T17:26:01.724Z INFO  client] Sending sample transaction 249
[2022-07-23T17:26:01.767Z INFO  client] Sending sample transaction 250
[2022-07-23T17:26:01.817Z INFO  client] Sending sample transaction 251
[2022-07-23T17:26:01.873Z INFO  client] Sending sample transaction 252
[2022-07-23T17:26:01.937Z INFO  client] Sending sample transaction 253
[2022-07-23T17:26:01.976Z INFO  client] Sending sample transaction 254
[2022-07-23T17:26:02.017Z INFO  client] Sending sample transaction 255
[2022-07-23T17:26:02.067Z INFO  client] Sending sample transaction 256
[2022-07-23T17:26:02.117Z INFO  client] Sending sample transaction 257
[2022-07-23T17:26:02.167Z INFO  client] Sending sample transaction 258
[2022-07-23T17:26:02.217Z INFO  client] Sending sample transaction 259
[2022-07-23T17:26:02.267Z INFO  client] Sending sample transaction 260
[2022-07-23T17:26:02.317Z INFO  client] Sending sample transaction 261
[2022-07-23T17:26:02.367Z INFO  client] Sending sample transaction 262
[2022-07-23T17:26:02.418Z INFO  client] Sending sample transaction 263
[2022-07-23T17:26:02.468Z INFO  client] Sending sample transaction 264
[2022-07-23T17:26:02.517Z INFO  client] Sending sample transaction 265
[2022-07-23T17:26:02.567Z INFO  client] Sending sample transaction 266
[2022-07-23T17:26:02.618Z INFO  client] Sending sample transaction 267
[2022-07-23T17:26:02.667Z INFO  client] Sending sample transaction 268
[2022-07-23T17:26:02.717Z INFO  client] Sending sample transaction 269
[2022-07-23T17:26:02.793Z INFO  client] Sending sample transaction 270
[2022-07-23T17:26:02.835Z INFO  client] Sending sample transaction 271
[2022-07-23T17:26:02.876Z INFO  client] Sending sample transaction 272
[2022-07-23T17:26:02.918Z INFO  client] Sending sample transaction 273
[2022-07-23T17:26:02.967Z INFO  client] Sending sample transaction 274
[2022-07-23T17:26:03.017Z INFO  client] Sending sample transaction 275
[2022-07-23T17:26:03.067Z INFO  client] Sending sample transaction 276
[2022-07-23T17:26:03.119Z INFO  client] Sending sample transaction 277
[2022-07-23T17:26:03.167Z INFO  client] Sending sample transaction 278
[2022-07-23T17:26:03.217Z INFO  client] Sending sample transaction 279
[2022-07-23T17:26:03.268Z INFO  client] Sending sample transaction 280
[2022-07-23T17:26:03.317Z INFO  client] Sending sample transaction 281
[2022-07-23T17:26:03.368Z INFO  client] Sending sample transaction 282
[2022-07-23T17:26:03.418Z INFO  client] Sending sample transaction 283
[2022-07-23T17:26:03.468Z INFO  client] Sending sample transaction 284
[2022-07-23T17:26:03.517Z INFO  client] Sending sample transaction 285
[2022-07-23T17:26:03.567Z INFO  client] Sending sample transaction 286
[2022-07-23T17:26:03.617Z INFO  client] Sending sample transaction 287
[2022-07-23T17:26:03.667Z INFO  client] Sending sample transaction 288
[2022-07-23T17:26:03.717Z INFO  client] Sending sample transaction 289
[2022-07-23T17:26:03.767Z INFO  client] Sending sample transaction 290
[2022-07-23T17:26:03.817Z INFO  client] Sending sample transaction 291
[2022-07-23T17:26:03.867Z INFO  client] Sending sample transaction 292
[2022-07-23T17:26:03.917Z INFO  client] Sending sample transaction 293
[2022-07-23T17:26:03.968Z INFO  client] Sending sample transaction 294
[2022-07-23T17:26:04.018Z INFO  client] Sending sample transaction 295
[2022-07-23T17:26:04.069Z INFO  client] Sending sample transaction 296
[2022-07-23T17:26:04.118Z INFO  client] Sending sample transaction 297
[2022-07-23T17:26:04.168Z INFO  client] Sending sample transaction 298
[2022-07-23T17:26:04.217Z INFO  client] Sending sample transaction 299
[2022-07-23T17:26:04.299Z INFO  client] Sending sample transaction 300
[2022-07-23T17:26:04.348Z INFO  client] Sending sample transaction 301
[2022-07-23T17:26:04.393Z INFO  client] Sending sample transaction 302
[2022-07-23T17:26:04.439Z INFO  client] Sending sample transaction 303
[2022-07-23T17:26:04.468Z INFO  client] Sending sample transaction 304
[2022-07-23T17:26:04.517Z INFO  client] Sending sample transaction 305
[2022-07-23T17:26:04.568Z INFO  client] Sending sample transaction 306
[2022-07-23T17:26:04.618Z INFO  client] Sending sample transaction 307
[2022-07-23T17:26:04.667Z INFO  client] Sending sample transaction 308
[2022-07-23T17:26:04.717Z INFO  client] Sending sample transaction 309
[2022-07-23T17:26:04.768Z INFO  client] Sending sample transaction 310
[2022-07-23T17:26:04.817Z INFO  client] Sending sample transaction 311
[2022-07-23T17:26:04.867Z INFO  client] Sending sample transaction 312
[2022-07-23T17:26:04.918Z INFO  client] Sending sample transaction 313
[2022-07-23T17:26:04.967Z INFO  client] Sending sample transaction 314
[2022-07-23T17:26:05.017Z INFO  client] Sending sample transaction 315
[2022-07-23T17:26:05.068Z INFO  client] Sending sample transaction 316
[2022-07-23T17:26:05.118Z INFO  client] Sending sample transaction 317
[2022-07-23T17:26:05.167Z INFO  client] Sending sample transaction 318
[2022-07-23T17:26:05.218Z INFO  client] Sending sample transaction 319
[2022-07-23T17:26:05.267Z INFO  client] Sending sample transaction 320
[2022-07-23T17:26:05.318Z INFO  client] Sending sample transaction 321
[2022-07-23T17:26:05.368Z INFO  client] Sending sample transaction 322
[2022-07-23T17:26:05.457Z INFO  client] Sending sample transaction 323
[2022-07-23T17:26:05.468Z INFO  client] Sending sample transaction 324
[2022-07-23T17:26:05.538Z INFO  client] Sending sample transaction 325
[2022-07-23T17:26:05.581Z INFO  client] Sending sample transaction 326
[2022-07-23T17:26:05.617Z INFO  client] Sending sample transaction 327
[2022-07-23T17:26:05.667Z INFO  client] Sending sample transaction 328
[2022-07-23T17:26:05.718Z INFO  client] Sending sample transaction 329
[2022-07-23T17:26:05.767Z INFO  client] Sending sample transaction 330
[2022-07-23T17:26:05.817Z INFO  client] Sending sample transaction 331
[2022-07-23T17:26:05.867Z INFO  client] Sending sample transaction 332
[2022-07-23T17:26:05.917Z INFO  client] Sending sample transaction 333
[2022-07-23T17:26:05.968Z INFO  client] Sending sample transaction 334
[2022-07-23T17:26:06.016Z INFO  client] Sending sample transaction 335
[2022-07-23T17:26:06.067Z INFO  client] Sending sample transaction 336
[2022-07-23T17:26:06.127Z INFO  client] Sending sample transaction 337
[2022-07-23T17:26:06.168Z INFO  client] Sending sample transaction 338
[2022-07-23T17:26:06.218Z INFO  client] Sending sample transaction 339
[2022-07-23T17:26:06.268Z INFO  client] Sending sample transaction 340
[2022-07-23T17:26:06.318Z INFO  client] Sending sample transaction 341
[2022-07-23T17:26:06.367Z INFO  client] Sending sample transaction 342
[2022-07-23T17:26:06.417Z INFO  client] Sending sample transaction 343
[2022-07-23T17:26:06.467Z INFO  client] Sending sample transaction 344
[2022-07-23T17:26:06.517Z INFO  client] Sending sample transaction 345
[2022-07-23T17:26:06.575Z INFO  client] Sending sample transaction 346
[2022-07-23T17:26:06.659Z INFO  client] Sending sample transaction 347
[2022-07-23T17:26:06.693Z INFO  client] Sending sample transaction 348
[2022-07-23T17:26:06.717Z INFO  client] Sending sample transaction 349
[2022-07-23T17:26:06.767Z INFO  client] Sending sample transaction 350
[2022-07-23T17:26:06.817Z INFO  client] Sending sample transaction 351
[2022-07-23T17:26:06.867Z INFO  client] Sending sample transaction 352
[2022-07-23T17:26:06.918Z INFO  client] Sending sample transaction 353
[2022-07-23T17:26:06.967Z INFO  client] Sending sample transaction 354
[2022-07-23T17:26:07.017Z INFO  client] Sending sample transaction 355
[2022-07-23T17:26:07.067Z INFO  client] Sending sample transaction 356
[2022-07-23T17:26:07.117Z INFO  client] Sending sample transaction 357
[2022-07-23T17:26:07.168Z INFO  client] Sending sample transaction 358
[2022-07-23T17:26:07.217Z INFO  client] Sending sample transaction 359
[2022-07-23T17:26:07.268Z INFO  client] Sending sample transaction 360
[2022-07-23T17:26:07.317Z INFO  client] Sending sample transaction 361
[2022-07-23T17:26:07.367Z INFO  client] Sending sample transaction 362
[2022-07-23T17:26:07.419Z INFO  client] Sending sample transaction 363
[2022-07-23T17:26:07.467Z INFO  client] Sending sample transaction 364
[2022-07-23T17:26:07.517Z INFO  client] Sending sample transaction 365
[2022-07-23T17:26:07.591Z INFO  client] Sending sample transaction 366
[2022-07-23T17:26:07.634Z INFO  client] Sending sample transaction 367
[2022-07-23T17:26:07.692Z INFO  client] Sending sample transaction 368
[2022-07-23T17:26:07.724Z INFO  client] Sending sample transaction 369
[2022-07-23T17:26:07.767Z INFO  client] Sending sample transaction 370
[2022-07-23T17:26:07.820Z INFO  client] Sending sample transaction 371
[2022-07-23T17:26:07.875Z INFO  client] Sending sample transaction 372
[2022-07-23T17:26:07.918Z INFO  client] Sending sample transaction 373
[2022-07-23T17:26:07.968Z INFO  client] Sending sample transaction 374
[2022-07-23T17:26:08.018Z INFO  client] Sending sample transaction 375
[2022-07-23T17:26:08.067Z INFO  client] Sending sample transaction 376
[2022-07-23T17:26:08.118Z INFO  client] Sending sample transaction 377
[2022-07-23T17:26:08.168Z INFO  client] Sending sample transaction 378
[2022-07-23T17:26:08.226Z INFO  client] Sending sample transaction 379
[2022-07-23T17:26:08.270Z INFO  client] Sending sample transaction 380
[2022-07-23T17:26:08.318Z INFO  client] Sending sample transaction 381
[2022-07-23T17:26:08.368Z INFO  client] Sending sample transaction 382
[2022-07-23T17:26:08.418Z INFO  client] Sending sample transaction 383
[2022-07-23T17:26:08.468Z INFO  client] Sending sample transaction 384
[2022-07-23T17:26:08.517Z INFO  client] Sending sample transaction 385
[2022-07-23T17:26:08.567Z INFO  client] Sending sample transaction 386
[2022-07-23T17:26:08.617Z INFO  client] Sending sample transaction 387
[2022-07-23T17:26:08.691Z INFO  client] Sending sample transaction 388
[2022-07-23T17:26:08.720Z INFO  client] Sending sample transaction 389
[2022-07-23T17:26:08.767Z INFO  client] Sending sample transaction 390
[2022-07-23T17:26:08.817Z INFO  client] Sending sample transaction 391
[2022-07-23T17:26:08.868Z INFO  client] Sending sample transaction 392
[2022-07-23T17:26:08.917Z INFO  client] Sending sample transaction 393
[2022-07-23T17:26:08.968Z INFO  client] Sending sample transaction 394
[2022-07-23T17:26:09.017Z INFO  client] Sending sample transaction 395
[2022-07-23T17:26:09.067Z INFO  client] Sending sample transaction 396
[2022-07-23T17:26:09.117Z INFO  client] Sending sample transaction 397
[2022-07-23T17:26:09.167Z INFO  client] Sending sample transaction 398
[2022-07-23T17:26:09.218Z INFO  client] Sending sample transaction 399
[2022-07-23T17:26:09.267Z INFO  client] Sending sample transaction 400
[2022-07-23T17:26:09.318Z INFO  client] Sending sample transaction 401
[2022-07-23T17:26:09.367Z INFO  client] Sending sample transaction 402
[2022-07-23T17:26:09.417Z INFO  client] Sending sample transaction 403
[2022-07-23T17:26:09.468Z INFO  client] Sending sample transaction 404
[2022-07-23T17:26:09.518Z INFO  client] Sending sample transaction 405
[2022-07-23T17:26:09.567Z INFO  client] Sending sample transaction 406
[2022-07-23T17:26:09.617Z INFO  client] Sending sample transaction 407
[2022-07-23T17:26:09.668Z INFO  client] Sending sample transaction 408
[2022-07-23T17:26:09.718Z INFO  client] Sending sample transaction 409
[2022-07-23T17:26:09.767Z INFO  client] Sending sample transaction 410
[2022-07-23T17:26:09.818Z INFO  client] Sending sample transaction 411
[2022-07-23T17:26:09.884Z INFO  client] Sending sample transaction 412
[2022-07-23T17:26:09.936Z INFO  client] Sending sample transaction 413
[2022-07-23T17:26:09.968Z INFO  client] Sending sample transaction 414
[2022-07-23T17:26:10.020Z INFO  client] Sending sample transaction 415
[2022-07-23T17:26:10.067Z INFO  client] Sending sample transaction 416
[2022-07-23T17:26:10.118Z INFO  client] Sending sample transaction 417
[2022-07-23T17:26:10.167Z INFO  client] Sending sample transaction 418
[2022-07-23T17:26:10.217Z INFO  client] Sending sample transaction 419
[2022-07-23T17:26:10.267Z INFO  client] Sending sample transaction 420
[2022-07-23T17:26:10.328Z INFO  client] Sending sample transaction 421
[2022-07-23T17:26:10.368Z INFO  client] Sending sample transaction 422
[2022-07-23T17:26:10.418Z INFO  client] Sending sample transaction 423
[2022-07-23T17:26:10.467Z INFO  client] Sending sample transaction 424
[2022-07-23T17:26:10.518Z INFO  client] Sending sample transaction 425
[2022-07-23T17:26:10.568Z INFO  client] Sending sample transaction 426
[2022-07-23T17:26:10.619Z INFO  client] Sending sample transaction 427
[2022-07-23T17:26:10.668Z INFO  client] Sending sample transaction 428
[2022-07-23T17:26:10.718Z INFO  client] Sending sample transaction 429
[2022-07-23T17:26:10.767Z INFO  client] Sending sample transaction 430
[2022-07-23T17:26:10.817Z INFO  client] Sending sample transaction 431
[2022-07-23T17:26:10.868Z INFO  client] Sending sample transaction 432
[2022-07-23T17:26:10.918Z INFO  client] Sending sample transaction 433
[2022-07-23T17:26:10.968Z INFO  client] Sending sample transaction 434
[2022-07-23T17:26:11.017Z INFO  client] Sending sample transaction 435
[2022-07-23T17:26:11.067Z INFO  client] Sending sample transaction 436
[2022-07-23T17:26:11.117Z INFO  client] Sending sample transaction 437
[2022-07-23T17:26:11.169Z INFO  client] Sending sample transaction 438
[2022-07-23T17:26:11.218Z INFO  client] Sending sample transaction 439
[2022-07-23T17:26:11.267Z INFO  client] Sending sample transaction 440
[2022-07-23T17:26:11.320Z INFO  client] Sending sample transaction 441
[2022-07-23T17:26:11.368Z INFO  client] Sending sample transaction 442
