[2022-07-23T18:30:41.615Z INFO  client] Node address: 127.0.0.1:9013
[2022-07-23T18:30:41.615Z INFO  client] Transactions size: 512 B
[2022-07-23T18:30:41.615Z INFO  client] Transactions rate: 112 tx/s
[2022-07-23T18:30:41.615Z INFO  client] Waiting for all nodes to be online...
[2022-07-23T18:30:41.615Z INFO  client] Waiting for all nodes to be synchronized...
[2022-07-23T18:30:43.770Z INFO  client] Start sending transactions
[2022-07-23T18:30:43.784Z INFO  client] Sending sample transaction 0
[2022-07-23T18:30:43.844Z INFO  client] Sending sample transaction 1
[2022-07-23T18:30:43.890Z INFO  client] Sending sample transaction 2
[2022-07-23T18:30:43.930Z INFO  client] Sending sample transaction 3
[2022-07-23T18:30:43.975Z INFO  client] Sending sample transaction 4
[2022-07-23T18:30:44.022Z INFO  client] Sending sample transaction 5
[2022-07-23T18:30:44.076Z INFO  client] Sending sample transaction 6
[2022-07-23T18:30:44.129Z INFO  client] Sending sample transaction 7
[2022-07-23T18:30:44.174Z INFO  client] Sending sample transaction 8
[2022-07-23T18:30:44.222Z INFO  client] Sending sample transaction 9
[2022-07-23T18:30:44.276Z INFO  client] Sending sample transaction 10
[2022-07-23T18:30:44.321Z INFO  client] Sending sample transaction 11
[2022-07-23T18:30:44.375Z INFO  client] Sending sample transaction 12
[2022-07-23T18:30:44.423Z INFO  client] Sending sample transaction 13
[2022-07-23T18:30:44.472Z INFO  client] Sending sample transaction 14
[2022-07-23T18:30:44.523Z INFO  client] Sending sample transaction 15
[2022-07-23T18:30:44.573Z INFO  client] Sending sample transaction 16
[2022-07-23T18:30:44.622Z INFO  client] Sending sample transaction 17
[2022-07-23T18:30:44.671Z INFO  client] Sending sample transaction 18
[2022-07-23T18:30:44.723Z INFO  client] Sending sample transaction 19
[2022-07-23T18:30:44.772Z INFO  client] Sending sample transaction 20
[2022-07-23T18:30:44.858Z INFO  client] Sending sample transaction 21
[2022-07-23T18:30:44.915Z INFO  client] Sending sample transaction 22
[2022-07-23T18:30:44.993Z INFO  client] Sending sample transaction 23
[2022-07-23T18:30:45.016Z INFO  client] Sending sample transaction 24
[2022-07-23T18:30:45.048Z INFO  client] Sending sample transaction 25
[2022-07-23T18:30:45.097Z INFO  client] Sending sample transaction 26
[2022-07-23T18:30:45.122Z INFO  client] Sending sample transaction 27
[2022-07-23T18:30:45.172Z INFO  client] Sending sample transaction 28
[2022-07-23T18:30:45.223Z INFO  client] Sending sample transaction 29
[2022-07-23T18:30:45.271Z INFO  client] Sending sample transaction 30
[2022-07-23T18:30:45.330Z INFO  client] Sending sample transaction 31
[2022-07-23T18:30:45.378Z INFO  client] Sending sample transaction 32
[2022-07-23T18:30:45.439Z INFO  client] Sending sample transaction 33
[2022-07-23T18:30:45.472Z INFO  client] Sending sample transaction 34
[2022-07-23T18:30:45.522Z INFO  client] Sending sample transaction 35
[2022-07-23T18:30:45.571Z INFO  client] Sending sample transaction 36
[2022-07-23T18:30:45.623Z INFO  client] Sending sample transaction 37
[2022-07-23T18:30:45.672Z INFO  client] Sending sample transaction 38
[2022-07-23T18:30:45.722Z INFO  client] Sending sample transaction 39
[2022-07-23T18:30:45.770Z INFO  client] Sending sample transaction 40
[2022-07-23T18:30:45.821Z INFO  client] Sending sample transaction 41
[2022-07-23T18:30:45.871Z INFO  client] Sending sample transaction 42
[2022-07-23T18:30:45.922Z INFO  client] Sending sample transaction 43
[2022-07-23T18:30:45.972Z INFO  client] Sending sample transaction 44
[2022-07-23T18:30:46.043Z INFO  client] Sending sample transaction 45
[2022-07-23T18:30:46.073Z INFO  client] Sending sample transaction 46
[2022-07-23T18:30:46.123Z INFO  client] Sending sample transaction 47
[2022-07-23T18:30:46.198Z INFO  client] Sending sample transaction 48
[2022-07-23T18:30:46.268Z INFO  client] Sending sample transaction 49
[2022-07-23T18:30:46.332Z WARN  client] Transaction rate too high for this client
[2022-07-23T18:30:46.332Z INFO  client] Sending sample transaction 50
[2022-07-23T18:30:46.396Z INFO  client] Sending sample transaction 51
[2022-07-23T18:30:46.446Z INFO  client] Sending sample transaction 52
[2022-07-23T18:30:46.458Z INFO  client] Sending sample transaction 53
[2022-07-23T18:30:46.471Z INFO  client] Sending sample transaction 54
[2022-07-23T18:30:46.533Z INFO  client] Sending sample transaction 55
[2022-07-23T18:30:46.571Z INFO  client] Sending sample transaction 56
[2022-07-23T18:30:46.623Z INFO  client] Sending sample transaction 57
[2022-07-23T18:30:46.671Z INFO  client] Sending sample transaction 58
[2022-07-23T18:30:46.722Z INFO  client] Sending sample transaction 59
[2022-07-23T18:30:46.772Z INFO  client] Sending sample transaction 60
[2022-07-23T18:30:46.821Z INFO  client] Sending sample transaction 61
[2022-07-23T18:30:46.871Z INFO  client] Sending sample transaction 62
[2022-07-23T18:30:46.921Z INFO  client] Sending sample transaction 63
[2022-07-23T18:30:46.972Z INFO  client] Sending sample transaction 64
[2022-07-23T18:30:47.021Z INFO  client] Sending sample transaction 65
[2022-07-23T18:30:47.071Z INFO  client] Sending sample transaction 66
[2022-07-23T18:30:47.121Z INFO  client] Sending sample transaction 67
[2022-07-23T18:30:47.171Z INFO  client] Sending sample transaction 68
[2022-07-23T18:30:47.221Z INFO  client] Sending sample transaction 69
[2022-07-23T18:30:47.271Z INFO  client] Sending sample transaction 70
[2022-07-23T18:30:47.321Z INFO  client] Sending sample transaction 71
[2022-07-23T18:30:47.371Z INFO  client] Sending sample transaction 72
[2022-07-23T18:30:47.465Z INFO  client] Sending sample transaction 73
[2022-07-23T18:30:47.471Z INFO  client] Sending sample transaction 74
[2022-07-23T18:30:47.557Z INFO  client] Sending sample transaction 75
[2022-07-23T18:30:47.586Z INFO  client] Sending sample transaction 76
[2022-07-23T18:30:47.638Z INFO  client] Sending sample transaction 77
[2022-07-23T18:30:47.671Z INFO  client] Sending sample transaction 78
[2022-07-23T18:30:47.721Z INFO  client] Sending sample transaction 79
[2022-07-23T18:30:47.775Z INFO  client] Sending sample transaction 80
[2022-07-23T18:30:47.821Z INFO  client] Sending sample transaction 81
[2022-07-23T18:30:47.870Z INFO  client] Sending sample transaction 82
[2022-07-23T18:30:47.921Z INFO  client] Sending sample transaction 83
[2022-07-23T18:30:47.970Z INFO  client] Sending sample transaction 84
[2022-07-23T18:30:48.021Z INFO  client] Sending sample transaction 85
[2022-07-23T18:30:48.071Z INFO  client] Sending sample transaction 86
[2022-07-23T18:30:48.122Z INFO  client] Sending sample transaction 87
[2022-07-23T18:30:48.172Z INFO  client] Sending sample transaction 88
[2022-07-23T18:30:48.221Z INFO  client] Sending sample transaction 89
[2022-07-23T18:30:48.270Z INFO  client] Sending sample transaction 90
[2022-07-23T18:30:48.321Z INFO  client] Sending sample transaction 91
[2022-07-23T18:30:48.372Z INFO  client] Sending sample transaction 92
[2022-07-23T18:30:48.436Z INFO  client] Sending sample transaction 93
[2022-07-23T18:30:48.472Z INFO  client] Sending sample transaction 94
[2022-07-23T18:30:48.541Z INFO  client] Sending sample transaction 95
[2022-07-23T18:30:48.598Z INFO  client] Sending sample transaction 96
[2022-07-23T18:30:48.621Z INFO  client] Sending sample transaction 97
[2022-07-23T18:30:48.673Z INFO  client] Sending sample transaction 98
[2022-07-23T18:30:48.729Z INFO  client] Sending sample transaction 99
[2022-07-23T18:30:48.770Z INFO  client] Sending sample transaction 100
[2022-07-23T18:30:48.821Z INFO  client] Sending sample transaction 101
[2022-07-23T18:30:48.871Z INFO  client] Sending sample transaction 102
[2022-07-23T18:30:48.922Z INFO  client] Sending sample transaction 103
[2022-07-23T18:30:48.971Z INFO  client] Sending sample transaction 104
[2022-07-23T18:30:49.021Z INFO  client] Sending sample transaction 105
[2022-07-23T18:30:49.071Z INFO  client] Sending sample transaction 106
[2022-07-23T18:30:49.121Z INFO  client] Sending sample transaction 107
[2022-07-23T18:30:49.171Z INFO  client] Sending sample transaction 108
[2022-07-23T18:30:49.221Z INFO  client] Sending sample transaction 109
[2022-07-23T18:30:49.271Z INFO  client] Sending sample transaction 110
[2022-07-23T18:30:49.321Z INFO  client] Sending sample transaction 111
[2022-07-23T18:30:49.371Z INFO  client] Sending sample transaction 112
[2022-07-23T18:30:49.420Z INFO  client] Sending sample transaction 113
[2022-07-23T18:30:49.472Z INFO  client] Sending sample transaction 114
[2022-07-23T18:30:49.524Z INFO  client] Sending sample transaction 115
[2022-07-23T18:30:49.571Z INFO  client] Sending sample transaction 116
[2022-07-23T18:30:49.621Z INFO  client] Sending sample transaction 117
[2022-07-23T18:30:49.671Z INFO  client] Sending sample transaction 118
[2022-07-23T18:30:49.721Z INFO  client] Sending sample transaction 119
[2022-07-23T18:30:49.771Z INFO  client] Sending sample transaction 120
[2022-07-23T18:30:49.822Z INFO  client] Sending sample transaction 121
[2022-07-23T18:30:49.871Z INFO  client] Sending sample transaction 122
[2022-07-23T18:30:49.921Z INFO  client] Sending sample transaction 123
[2022-07-23T18:30:49.999Z INFO  client] Sending sample transaction 124
[2022-07-23T18:30:50.035Z INFO  client] Sending sample transaction 125
[2022-07-23T18:30:50.092Z INFO  client] Sending sample transaction 126
[2022-07-23T18:30:50.140Z INFO  client] Sending sample transaction 127
[2022-07-23T18:30:50.171Z INFO  client] Sending sample transaction 128
[2022-07-23T18:30:50.224Z INFO  client] Sending sample transaction 129
[2022-07-23T18:30:50.285Z INFO  client] Sending sample transaction 130
[2022-07-23T18:30:50.350Z INFO  client] Sending sample transaction 131
[2022-07-23T18:30:50.373Z INFO  client] Sending sample transaction 132
[2022-07-23T18:30:50.421Z INFO  client] Sending sample transaction 133
[2022-07-23T18:30:50.472Z INFO  client] Sending sample transaction 134
[2022-07-23T18:30:50.522Z INFO  client] Sending sample transaction 135
[2022-07-23T18:30:50.571Z INFO  client] Sending sample transaction 136
[2022-07-23T18:30:50.621Z INFO  client] Sending sample transaction 137
[2022-07-23T18:30:50.671Z INFO  client] Sending sample transaction 138
[2022-07-23T18:30:50.721Z INFO  client] Sending sample transaction 139
[2022-07-23T18:30:50.771Z INFO  client] Sending sample transaction 140
[2022-07-23T18:30:50.821Z INFO  client] Sending sample transaction 141
[2022-07-23T18:30:50.871Z INFO  client] Sending sample transaction 142
[2022-07-23T18:30:50.921Z INFO  client] Sending sample transaction 143
[2022-07-23T18:30:50.972Z INFO  client] Sending sample transaction 144
[2022-07-23T18:30:51.053Z INFO  client] Sending sample transaction 145
[2022-07-23T18:30:51.100Z INFO  client] Sending sample transaction 146
[2022-07-23T18:30:51.127Z INFO  client] Sending sample transaction 147
[2022-07-23T18:30:51.187Z INFO  client] Sending sample transaction 148
[2022-07-23T18:30:51.222Z INFO  client] Sending sample transaction 149
[2022-07-23T18:30:51.273Z INFO  client] Sending sample transaction 150
[2022-07-23T18:30:51.321Z INFO  client] Sending sample transaction 151
[2022-07-23T18:30:51.378Z INFO  client] Sending sample transaction 152
[2022-07-23T18:30:51.421Z INFO  client] Sending sample transaction 153
[2022-07-23T18:30:51.471Z INFO  client] Sending sample transaction 154
[2022-07-23T18:30:51.521Z INFO  client] Sending sample transaction 155
[2022-07-23T18:30:51.571Z INFO  client] Sending sample transaction 156
[2022-07-23T18:30:51.621Z INFO  client] Sending sample transaction 157
[2022-07-23T18:30:51.671Z INFO  client] Sending sample transaction 158
[2022-07-23T18:30:51.721Z INFO  client] Sending sample transaction 159
[2022-07-23T18:30:51.771Z INFO  client] Sending sample transaction 160
[2022-07-23T18:30:51.822Z INFO  client] Sending sample transaction 161
[2022-07-23T18:30:51.871Z INFO  client] Sending sample transaction 162
[2022-07-23T18:30:51.921Z INFO  client] Sending sample transaction 163
[2022-07-23T18:30:51.971Z INFO  client] Sending sample transaction 164
[2022-07-23T18:30:52.021Z INFO  client] Sending sample transaction 165
[2022-07-23T18:30:52.071Z INFO  client] Sending sample transaction 166
[2022-07-23T18:30:52.121Z INFO  client] Sending sample transaction 167
[2022-07-23T18:30:52.195Z INFO  client] Sending sample transaction 168
[2022-07-23T18:30:52.238Z INFO  client] Sending sample transaction 169
[2022-07-23T18:30:52.287Z INFO  client] Sending sample transaction 170
[2022-07-23T18:30:52.396Z INFO  client] Sending sample transaction 171
[2022-07-23T18:30:52.397Z INFO  client] Sending sample transaction 172
[2022-07-23T18:30:52.437Z INFO  client] Sending sample transaction 173
[2022-07-23T18:30:52.511Z INFO  client] Sending sample transaction 174
[2022-07-23T18:30:52.552Z INFO  client] Sending sample transaction 175
[2022-07-23T18:30:52.581Z INFO  client] Sending sample transaction 176
[2022-07-23T18:30:52.661Z INFO  client] Sending sample transaction 177
[2022-07-23T18:30:52.683Z INFO  client] Sending sample transaction 178
[2022-07-23T18:30:52.793Z INFO  client] Sending sample transaction 179
[2022-07-23T18:30:52.813Z INFO  client] Sending sample transaction 180
[2022-07-23T18:30:52.827Z INFO  client] Sending sample transaction 181
[2022-07-23T18:30:52.874Z INFO  client] Sending sample transaction 182
[2022-07-23T18:30:52.928Z INFO  client] Sending sample transaction 183
[2022-07-23T18:30:52.973Z INFO  client] Sending sample transaction 184
[2022-07-23T18:30:53.028Z INFO  client] Sending sample transaction 185
[2022-07-23T18:30:53.073Z INFO  client] Sending sample transaction 186
[2022-07-23T18:30:53.122Z INFO  client] Sending sample transaction 187
[2022-07-23T18:30:53.186Z INFO  client] Sending sample transaction 188
[2022-07-23T18:30:53.222Z INFO  client] Sending sample transaction 189
[2022-07-23T18:30:53.271Z INFO  client] Sending sample transaction 190
[2022-07-23T18:30:53.321Z INFO  client] Sending sample transaction 191
[2022-07-23T18:30:53.371Z INFO  client] Sending sample transaction 192
[2022-07-23T18:30:53.422Z INFO  client] Sending sample transaction 193
[2022-07-23T18:30:53.471Z INFO  client] Sending sample transaction 194
[2022-07-23T18:30:53.521Z INFO  client] Sending sample transaction 195
[2022-07-23T18:30:53.572Z INFO  client] Sending sample transaction 196
[2022-07-23T18:30:53.623Z INFO  client] Sending sample transaction 197
[2022-07-23T18:30:53.672Z INFO  client] Sending sample transaction 198
[2022-07-23T18:30:53.722Z INFO  client] Sending sample transaction 199
[2022-07-23T18:30:53.779Z INFO  client] Sending sample transaction 200
[2022-07-23T18:30:53.822Z INFO  client] Sending sample transaction 201
[2022-07-23T18:30:53.885Z INFO  client] Sending sample transaction 202
[2022-07-23T18:30:53.921Z INFO  client] Sending sample transaction 203
[2022-07-23T18:30:54.041Z INFO  client] Sending sample transaction 204
[2022-07-23T18:30:54.084Z INFO  client] Sending sample transaction 205
[2022-07-23T18:30:54.114Z INFO  client] Sending sample transaction 206
[2022-07-23T18:30:54.148Z INFO  client] Sending sample transaction 207
[2022-07-23T18:30:54.195Z INFO  client] Sending sample transaction 208
[2022-07-23T18:30:54.223Z INFO  client] Sending sample transaction 209
[2022-07-23T18:30:54.274Z INFO  client] Sending sample transaction 210
[2022-07-23T18:30:54.354Z INFO  client] Sending sample transaction 211
[2022-07-23T18:30:54.378Z INFO  client] Sending sample transaction 212
[2022-07-23T18:30:54.433Z INFO  client] Sending sample transaction 213
[2022-07-23T18:30:54.472Z INFO  client] Sending sample transaction 214
[2022-07-23T18:30:54.520Z INFO  client] Sending sample transaction 215
[2022-07-23T18:30:54.572Z INFO  client] Sending sample transaction 216
[2022-07-23T18:30:54.628Z INFO  client] Sending sample transaction 217
[2022-07-23T18:30:54.670Z INFO  client] Sending sample transaction 218
[2022-07-23T18:30:54.721Z INFO  client] Sending sample transaction 219
[2022-07-23T18:30:54.786Z INFO  client] Sending sample transaction 220
[2022-07-23T18:30:54.829Z INFO  client] Sending sample transaction 221
[2022-07-23T18:30:54.882Z INFO  client] Sending sample transaction 222
[2022-07-23T18:30:54.928Z INFO  client] Sending sample transaction 223
[2022-07-23T18:30:54.996Z INFO  client] Sending sample transaction 224
[2022-07-23T18:30:55.049Z INFO  client] Sending sample transaction 225
[2022-07-23T18:30:55.080Z INFO  client] Sending sample transaction 226
[2022-07-23T18:30:55.128Z INFO  client] Sending sample transaction 227
[2022-07-23T18:30:55.171Z INFO  client] Sending sample transaction 228
[2022-07-23T18:30:55.221Z INFO  client] Sending sample transaction 229
[2022-07-23T18:30:55.271Z INFO  client] Sending sample transaction 230
[2022-07-23T18:30:55.321Z INFO  client] Sending sample transaction 231
[2022-07-23T18:30:55.373Z INFO  client] Sending sample transaction 232
[2022-07-23T18:30:55.421Z INFO  client] Sending sample transaction 233
[2022-07-23T18:30:55.472Z INFO  client] Sending sample transaction 234
[2022-07-23T18:30:55.521Z INFO  client] Sending sample transaction 235
[2022-07-23T18:30:55.571Z INFO  client] Sending sample transaction 236
[2022-07-23T18:30:55.703Z INFO  client] Sending sample transaction 237
[2022-07-23T18:30:55.736Z INFO  client] Sending sample transaction 238
[2022-07-23T18:30:55.793Z INFO  client] Sending sample transaction 239
[2022-07-23T18:30:55.793Z INFO  client] Sending sample transaction 240
[2022-07-23T18:30:55.876Z INFO  client] Sending sample transaction 241
[2022-07-23T18:30:55.879Z INFO  client] Sending sample transaction 242
[2022-07-23T18:30:55.923Z INFO  client] Sending sample transaction 243
[2022-07-23T18:30:55.972Z INFO  client] Sending sample transaction 244
[2022-07-23T18:30:56.022Z INFO  client] Sending sample transaction 245
[2022-07-23T18:30:56.072Z INFO  client] Sending sample transaction 246
[2022-07-23T18:30:56.122Z INFO  client] Sending sample transaction 247
[2022-07-23T18:30:56.172Z INFO  client] Sending sample transaction 248
[2022-07-23T18:30:56.222Z INFO  client] Sending sample transaction 249
[2022-07-23T18:30:56.270Z INFO  client] Sending sample transaction 250
[2022-07-23T18:30:56.320Z INFO  client] Sending sample transaction 251
[2022-07-23T18:30:56.371Z INFO  client] Sending sample transaction 252
[2022-07-23T18:30:56.421Z INFO  client] Sending sample transaction 253
[2022-07-23T18:30:56.471Z INFO  client] Sending sample transaction 254
[2022-07-23T18:30:56.522Z INFO  client] Sending sample transaction 255
[2022-07-23T18:30:56.571Z INFO  client] Sending sample transaction 256
[2022-07-23T18:30:56.621Z INFO  client] Sending sample transaction 257
[2022-07-23T18:30:56.671Z INFO  client] Sending sample transaction 258
[2022-07-23T18:30:56.722Z INFO  client] Sending sample transaction 259
[2022-07-23T18:30:56.823Z INFO  client] Sending sample transaction 260
[2022-07-23T18:30:56.865Z INFO  client] Sending sample transaction 261
[2022-07-23T18:30:56.909Z INFO  client] Sending sample transaction 262
[2022-07-23T18:30:56.952Z INFO  client] Sending sample transaction 263
[2022-07-23T18:30:56.982Z INFO  client] Sending sample transaction 264
[2022-07-23T18:30:57.032Z INFO  client] Sending sample transaction 265
[2022-07-23T18:30:57.071Z INFO  client] Sending sample transaction 266
[2022-07-23T18:30:57.122Z INFO  client] Sending sample transaction 267
[2022-07-23T18:30:57.171Z INFO  client] Sending sample transaction 268
[2022-07-23T18:30:57.221Z INFO  client] Sending sample transaction 269
[2022-07-23T18:30:57.271Z INFO  client] Sending sample transaction 270
[2022-07-23T18:30:57.321Z INFO  client] Sending sample transaction 271
[2022-07-23T18:30:57.371Z INFO  client] Sending sample transaction 272
[2022-07-23T18:30:57.421Z INFO  client] Sending sample transaction 273
[2022-07-23T18:30:57.472Z INFO  client] Sending sample transaction 274
[2022-07-23T18:30:57.521Z INFO  client] Sending sample transaction 275
[2022-07-23T18:30:57.571Z INFO  client] Sending sample transaction 276
[2022-07-23T18:30:57.620Z INFO  client] Sending sample transaction 277
[2022-07-23T18:30:57.671Z INFO  client] Sending sample transaction 278
[2022-07-23T18:30:57.721Z INFO  client] Sending sample transaction 279
[2022-07-23T18:30:57.770Z INFO  client] Sending sample transaction 280
[2022-07-23T18:30:57.820Z INFO  client] Sending sample transaction 281
[2022-07-23T18:30:57.871Z INFO  client] Sending sample transaction 282
[2022-07-23T18:30:57.922Z INFO  client] Sending sample transaction 283
[2022-07-23T18:30:57.971Z INFO  client] Sending sample transaction 284
[2022-07-23T18:30:58.021Z INFO  client] Sending sample transaction 285
[2022-07-23T18:30:58.074Z INFO  client] Sending sample transaction 286
[2022-07-23T18:30:58.121Z INFO  client] Sending sample transaction 287
[2022-07-23T18:30:58.206Z INFO  client] Sending sample transaction 288
[2022-07-23T18:30:58.268Z INFO  client] Sending sample transaction 289
[2022-07-23T18:30:58.315Z INFO  client] Sending sample transaction 290
[2022-07-23T18:30:58.323Z INFO  client] Sending sample transaction 291
[2022-07-23T18:30:58.371Z INFO  client] Sending sample transaction 292
[2022-07-23T18:30:58.421Z INFO  client] Sending sample transaction 293
[2022-07-23T18:30:58.474Z INFO  client] Sending sample transaction 294
[2022-07-23T18:30:58.531Z INFO  client] Sending sample transaction 295
[2022-07-23T18:30:58.571Z INFO  client] Sending sample transaction 296
[2022-07-23T18:30:58.622Z INFO  client] Sending sample transaction 297
[2022-07-23T18:30:58.671Z INFO  client] Sending sample transaction 298
[2022-07-23T18:30:58.721Z INFO  client] Sending sample transaction 299
[2022-07-23T18:30:58.770Z INFO  client] Sending sample transaction 300
[2022-07-23T18:30:58.821Z INFO  client] Sending sample transaction 301
[2022-07-23T18:30:58.870Z INFO  client] Sending sample transaction 302
[2022-07-23T18:30:58.921Z INFO  client] Sending sample transaction 303
[2022-07-23T18:30:58.972Z INFO  client] Sending sample transaction 304
[2022-07-23T18:30:59.021Z INFO  client] Sending sample transaction 305
[2022-07-23T18:30:59.071Z INFO  client] Sending sample transaction 306
[2022-07-23T18:30:59.135Z INFO  client] Sending sample transaction 307
[2022-07-23T18:30:59.171Z INFO  client] Sending sample transaction 308
[2022-07-23T18:30:59.221Z INFO  client] Sending sample transaction 309
[2022-07-23T18:30:59.271Z INFO  client] Sending sample transaction 310
[2022-07-23T18:30:59.321Z INFO  client] Sending sample transaction 311
[2022-07-23T18:30:59.371Z INFO  client] Sending sample transaction 312
[2022-07-23T18:30:59.421Z INFO  client] Sending sample transaction 313
[2022-07-23T18:30:59.493Z INFO  client] Sending sample transaction 314
[2022-07-23T18:30:59.543Z INFO  client] Sending sample transaction 315
[2022-07-23T18:30:59.613Z INFO  client] Sending sample transaction 316
[2022-07-23T18:30:59.638Z INFO  client] Sending sample transaction 317
[2022-07-23T18:30:59.684Z INFO  client] Sending sample transaction 318
[2022-07-23T18:30:59.722Z INFO  client] Sending sample transaction 319
[2022-07-23T18:30:59.771Z INFO  client] Sending sample transaction 320
[2022-07-23T18:30:59.822Z INFO  client] Sending sample transaction 321
[2022-07-23T18:30:59.872Z INFO  client] Sending sample transaction 322
[2022-07-23T18:30:59.921Z INFO  client] Sending sample transaction 323
[2022-07-23T18:30:59.971Z INFO  client] Sending sample transaction 324
[2022-07-23T18:31:00.021Z INFO  client] Sending sample transaction 325
[2022-07-23T18:31:00.071Z INFO  client] Sending sample transaction 326
[2022-07-23T18:31:00.122Z INFO  client] Sending sample transaction 327
[2022-07-23T18:31:00.173Z INFO  client] Sending sample transaction 328
[2022-07-23T18:31:00.222Z INFO  client] Sending sample transaction 329
[2022-07-23T18:31:00.272Z INFO  client] Sending sample transaction 330
[2022-07-23T18:31:00.321Z INFO  client] Sending sample transaction 331
[2022-07-23T18:31:00.372Z INFO  client] Sending sample transaction 332
[2022-07-23T18:31:00.420Z INFO  client] Sending sample transaction 333
[2022-07-23T18:31:00.471Z INFO  client] Sending sample transaction 334
[2022-07-23T18:31:00.521Z INFO  client] Sending sample transaction 335
[2022-07-23T18:31:00.571Z INFO  client] Sending sample transaction 336
[2022-07-23T18:31:00.626Z INFO  client] Sending sample transaction 337
[2022-07-23T18:31:00.698Z INFO  client] Sending sample transaction 338
[2022-07-23T18:31:00.734Z INFO  client] Sending sample transaction 339
[2022-07-23T18:31:00.787Z INFO  client] Sending sample transaction 340
[2022-07-23T18:31:00.821Z INFO  client] Sending sample transaction 341
[2022-07-23T18:31:00.871Z INFO  client] Sending sample transaction 342
[2022-07-23T18:31:00.921Z INFO  client] Sending sample transaction 343
[2022-07-23T18:31:00.971Z INFO  client] Sending sample transaction 344
[2022-07-23T18:31:01.021Z INFO  client] Sending sample transaction 345
[2022-07-23T18:31:01.070Z INFO  client] Sending sample transaction 346
[2022-07-23T18:31:01.121Z INFO  client] Sending sample transaction 347
[2022-07-23T18:31:01.170Z INFO  client] Sending sample transaction 348
[2022-07-23T18:31:01.222Z INFO  client] Sending sample transaction 349
[2022-07-23T18:31:01.271Z INFO  client] Sending sample transaction 350
[2022-07-23T18:31:01.321Z INFO  client] Sending sample transaction 351
[2022-07-23T18:31:01.371Z INFO  client] Sending sample transaction 352
[2022-07-23T18:31:01.421Z INFO  client] Sending sample transaction 353
[2022-07-23T18:31:01.471Z INFO  client] Sending sample transaction 354
[2022-07-23T18:31:01.521Z INFO  client] Sending sample transaction 355
[2022-07-23T18:31:01.571Z INFO  client] Sending sample transaction 356
[2022-07-23T18:31:01.621Z INFO  client] Sending sample transaction 357
[2022-07-23T18:31:01.671Z INFO  client] Sending sample transaction 358
[2022-07-23T18:31:01.721Z INFO  client] Sending sample transaction 359
[2022-07-23T18:31:01.785Z INFO  client] Sending sample transaction 360
[2022-07-23T18:31:01.842Z INFO  client] Sending sample transaction 361
[2022-07-23T18:31:01.873Z INFO  client] Sending sample transaction 362
[2022-07-23T18:31:01.932Z INFO  client] Sending sample transaction 363
[2022-07-23T18:31:01.971Z INFO  client] Sending sample transaction 364
[2022-07-23T18:31:02.021Z INFO  client] Sending sample transaction 365
[2022-07-23T18:31:02.071Z INFO  client] Sending sample transaction 366
[2022-07-23T18:31:02.122Z INFO  client] Sending sample transaction 367
[2022-07-23T18:31:02.171Z INFO  client] Sending sample transaction 368
[2022-07-23T18:31:02.222Z INFO  client] Sending sample transaction 369
[2022-07-23T18:31:02.271Z INFO  client] Sending sample transaction 370
[2022-07-23T18:31:02.321Z INFO  client] Sending sample transaction 371
[2022-07-23T18:31:02.371Z INFO  client] Sending sample transaction 372
[2022-07-23T18:31:02.421Z INFO  client] Sending sample transaction 373
[2022-07-23T18:31:02.472Z INFO  client] Sending sample transaction 374
[2022-07-23T18:31:02.521Z INFO  client] Sending sample transaction 375
[2022-07-23T18:31:02.571Z INFO  client] Sending sample transaction 376
[2022-07-23T18:31:02.622Z INFO  client] Sending sample transaction 377
[2022-07-23T18:31:02.671Z INFO  client] Sending sample transaction 378
[2022-07-23T18:31:02.721Z INFO  client] Sending sample transaction 379
[2022-07-23T18:31:02.772Z INFO  client] Sending sample transaction 380
[2022-07-23T18:31:02.847Z INFO  client] Sending sample transaction 381
[2022-07-23T18:31:02.871Z INFO  client] Sending sample transaction 382
[2022-07-23T18:31:02.968Z INFO  client] Sending sample transaction 383
[2022-07-23T18:31:02.971Z INFO  client] Sending sample transaction 384
[2022-07-23T18:31:03.039Z INFO  client] Sending sample transaction 385
[2022-07-23T18:31:03.071Z INFO  client] Sending sample transaction 386
[2022-07-23T18:31:03.129Z INFO  client] Sending sample transaction 387
[2022-07-23T18:31:03.174Z INFO  client] Sending sample transaction 388
[2022-07-23T18:31:03.221Z INFO  client] Sending sample transaction 389
[2022-07-23T18:31:03.271Z INFO  client] Sending sample transaction 390
[2022-07-23T18:31:03.322Z INFO  client] Sending sample transaction 391
[2022-07-23T18:31:03.384Z INFO  client] Sending sample transaction 392
[2022-07-23T18:31:03.421Z INFO  client] Sending sample transaction 393
[2022-07-23T18:31:03.472Z INFO  client] Sending sample transaction 394
[2022-07-23T18:31:03.521Z INFO  client] Sending sample transaction 395
[2022-07-23T18:31:03.571Z INFO  client] Sending sample transaction 396
[2022-07-23T18:31:03.621Z INFO  client] Sending sample transaction 397
[2022-07-23T18:31:03.671Z INFO  client] Sending sample transaction 398
[2022-07-23T18:31:03.722Z INFO  client] Sending sample transaction 399
[2022-07-23T18:31:03.771Z INFO  client] Sending sample transaction 400
[2022-07-23T18:31:03.821Z INFO  client] Sending sample transaction 401
[2022-07-23T18:31:03.871Z INFO  client] Sending sample transaction 402
[2022-07-23T18:31:03.921Z INFO  client] Sending sample transaction 403
[2022-07-23T18:31:03.971Z INFO  client] Sending sample transaction 404
[2022-07-23T18:31:04.020Z INFO  client] Sending sample transaction 405
[2022-07-23T18:31:04.104Z INFO  client] Sending sample transaction 406
[2022-07-23T18:31:04.142Z INFO  client] Sending sample transaction 407
[2022-07-23T18:31:04.181Z INFO  client] Sending sample transaction 408
[2022-07-23T18:31:04.299Z INFO  client] Sending sample transaction 409
[2022-07-23T18:31:04.299Z INFO  client] Sending sample transaction 410
[2022-07-23T18:31:04.322Z INFO  client] Sending sample transaction 411
[2022-07-23T18:31:04.372Z INFO  client] Sending sample transaction 412
[2022-07-23T18:31:04.439Z INFO  client] Sending sample transaction 413
[2022-07-23T18:31:04.471Z INFO  client] Sending sample transaction 414
[2022-07-23T18:31:04.527Z INFO  client] Sending sample transaction 415
[2022-07-23T18:31:04.594Z INFO  client] Sending sample transaction 416
[2022-07-23T18:31:04.622Z INFO  client] Sending sample transaction 417
[2022-07-23T18:31:04.676Z INFO  client] Sending sample transaction 418
[2022-07-23T18:31:04.721Z INFO  client] Sending sample transaction 419
[2022-07-23T18:31:04.771Z INFO  client] Sending sample transaction 420
[2022-07-23T18:31:04.821Z INFO  client] Sending sample transaction 421
[2022-07-23T18:31:04.872Z INFO  client] Sending sample transaction 422
[2022-07-23T18:31:04.921Z INFO  client] Sending sample transaction 423
[2022-07-23T18:31:04.972Z INFO  client] Sending sample transaction 424
[2022-07-23T18:31:05.026Z INFO  client] Sending sample transaction 425
[2022-07-23T18:31:05.071Z INFO  client] Sending sample transaction 426
[2022-07-23T18:31:05.126Z INFO  client] Sending sample transaction 427
[2022-07-23T18:31:05.171Z INFO  client] Sending sample transaction 428
[2022-07-23T18:31:05.221Z INFO  client] Sending sample transaction 429
[2022-07-23T18:31:05.270Z INFO  client] Sending sample transaction 430
[2022-07-23T18:31:05.323Z INFO  client] Sending sample transaction 431
[2022-07-23T18:31:05.376Z INFO  client] Sending sample transaction 432
