[2022-07-24T10:29:33.168Z INFO  client] Node address: 127.0.0.1:9014
[2022-07-24T10:29:33.168Z INFO  client] Transactions size: 512 B
[2022-07-24T10:29:33.168Z INFO  client] Transactions rate: 112 tx/s
[2022-07-24T10:29:33.168Z INFO  client] Waiting for all nodes to be online...
[2022-07-24T10:29:33.168Z INFO  client] Waiting for all nodes to be synchronized...
[2022-07-24T10:29:35.179Z INFO  client] Start sending transactions
[2022-07-24T10:29:35.181Z INFO  client] Sending sample transaction 0
[2022-07-24T10:29:35.232Z INFO  client] Sending sample transaction 1
[2022-07-24T10:29:35.282Z INFO  client] Sending sample transaction 2
[2022-07-24T10:29:35.331Z INFO  client] Sending sample transaction 3
[2022-07-24T10:29:35.383Z INFO  client] Sending sample transaction 4
[2022-07-24T10:29:35.432Z INFO  client] Sending sample transaction 5
[2022-07-24T10:29:35.481Z INFO  client] Sending sample transaction 6
[2022-07-24T10:29:35.548Z INFO  client] Sending sample transaction 7
[2022-07-24T10:29:35.582Z INFO  client] Sending sample transaction 8
[2022-07-24T10:29:35.633Z INFO  client] Sending sample transaction 9
[2022-07-24T10:29:35.681Z INFO  client] Sending sample transaction 10
[2022-07-24T10:29:35.732Z INFO  client] Sending sample transaction 11
[2022-07-24T10:29:35.782Z INFO  client] Sending sample transaction 12
[2022-07-24T10:29:35.832Z INFO  client] Sending sample transaction 13
[2022-07-24T10:29:35.884Z INFO  client] Sending sample transaction 14
[2022-07-24T10:29:35.931Z INFO  client] Sending sample transaction 15
[2022-07-24T10:29:36.059Z INFO  client] Sending sample transaction 16
[2022-07-24T10:29:36.078Z INFO  client] Sending sample transaction 17
[2022-07-24T10:29:36.104Z INFO  client] Sending sample transaction 18
[2022-07-24T10:29:36.136Z INFO  client] Sending sample transaction 19
[2022-07-24T10:29:36.208Z INFO  client] Sending sample transaction 20
[2022-07-24T10:29:36.242Z INFO  client] Sending sample transaction 21
[2022-07-24T10:29:36.282Z INFO  client] Sending sample transaction 22
[2022-07-24T10:29:36.333Z INFO  client] Sending sample transaction 23
[2022-07-24T10:29:36.383Z INFO  client] Sending sample transaction 24
[2022-07-24T10:29:36.433Z INFO  client] Sending sample transaction 25
[2022-07-24T10:29:36.499Z INFO  client] Sending sample transaction 26
[2022-07-24T10:29:36.534Z INFO  client] Sending sample transaction 27
[2022-07-24T10:29:36.584Z INFO  client] Sending sample transaction 28
[2022-07-24T10:29:36.632Z INFO  client] Sending sample transaction 29
[2022-07-24T10:29:36.681Z INFO  client] Sending sample transaction 30
[2022-07-24T10:29:36.736Z INFO  client] Sending sample transaction 31
[2022-07-24T10:29:36.789Z INFO  client] Sending sample transaction 32
[2022-07-24T10:29:36.831Z INFO  client] Sending sample transaction 33
[2022-07-24T10:29:36.883Z INFO  client] Sending sample transaction 34
[2022-07-24T10:29:36.948Z INFO  client] Sending sample transaction 35
[2022-07-24T10:29:37.031Z INFO  client] Sending sample transaction 36
[2022-07-24T10:29:37.065Z INFO  client] Sending sample transaction 37
[2022-07-24T10:29:37.106Z INFO  client] Sending sample transaction 38
[2022-07-24T10:29:37.155Z INFO  client] Sending sample transaction 39
[2022-07-24T10:29:37.216Z INFO  client] Sending sample transaction 40
[2022-07-24T10:29:37.236Z INFO  client] Sending sample transaction 41
[2022-07-24T10:29:37.303Z INFO  client] Sending sample transaction 42
[2022-07-24T10:29:37.342Z INFO  client] Sending sample transaction 43
[2022-07-24T10:29:37.411Z INFO  client] Sending sample transaction 44
[2022-07-24T10:29:37.432Z INFO  client] Sending sample transaction 45
[2022-07-24T10:29:37.481Z INFO  client] Sending sample transaction 46
[2022-07-24T10:29:37.532Z INFO  client] Sending sample transaction 47
[2022-07-24T10:29:37.581Z INFO  client] Sending sample transaction 48
[2022-07-24T10:29:37.648Z INFO  client] Sending sample transaction 49
[2022-07-24T10:29:37.685Z INFO  client] Sending sample transaction 50
[2022-07-24T10:29:37.731Z INFO  client] Sending sample transaction 51
[2022-07-24T10:29:37.842Z INFO  client] Sending sample transaction 52
[2022-07-24T10:29:37.866Z INFO  client] Sending sample transaction 53
[2022-07-24T10:29:37.881Z INFO  client] Sending sample transaction 54
[2022-07-24T10:29:37.936Z INFO  client] Sending sample transaction 55
[2022-07-24T10:29:37.981Z INFO  client] Sending sample transaction 56
[2022-07-24T10:29:38.031Z INFO  client] Sending sample transaction 57
[2022-07-24T10:29:38.081Z INFO  client] Sending sample transaction 58
[2022-07-24T10:29:38.131Z INFO  client] Sending sample transaction 59
[2022-07-24T10:29:38.180Z INFO  client] Sending sample transaction 60
[2022-07-24T10:29:38.231Z INFO  client] Sending sample transaction 61
[2022-07-24T10:29:38.283Z INFO  client] Sending sample transaction 62
[2022-07-24T10:29:38.331Z INFO  client] Sending sample transaction 63
[2022-07-24T10:29:38.388Z INFO  client] Sending sample transaction 64
[2022-07-24T10:29:38.431Z INFO  client] Sending sample transaction 65
[2022-07-24T10:29:38.482Z INFO  client] Sending sample transaction 66
[2022-07-24T10:29:38.531Z INFO  client] Sending sample transaction 67
[2022-07-24T10:29:38.581Z INFO  client] Sending sample transaction 68
[2022-07-24T10:29:38.631Z INFO  client] Sending sample transaction 69
[2022-07-24T10:29:38.682Z INFO  client] Sending sample transaction 70
[2022-07-24T10:29:38.731Z INFO  client] Sending sample transaction 71
[2022-07-24T10:29:38.781Z INFO  client] Sending sample transaction 72
[2022-07-24T10:29:38.831Z INFO  client] Sending sample transaction 73
[2022-07-24T10:29:38.881Z INFO  client] Sending sample transaction 74
[2022-07-24T10:29:38.931Z INFO  client] Sending sample transaction 75
[2022-07-24T10:29:38.999Z INFO  client] Sending sample transaction 76
[2022-07-24T10:29:39.040Z INFO  client] Sending sample transaction 77
[2022-07-24T10:29:39.120Z INFO  client] Sending sample transaction 78
[2022-07-24T10:29:39.306Z INFO  client] Sending sample transaction 79
[2022-07-24T10:29:39.306Z INFO  client] Sending sample transaction 80
[2022-07-24T10:29:39.315Z INFO  client] Sending sample transaction 81
[2022-07-24T10:29:39.315Z INFO  client] Sending sample transaction 82
[2022-07-24T10:29:39.338Z INFO  client] Sending sample transaction 83
[2022-07-24T10:29:39.382Z INFO  client] Sending sample transaction 84
[2022-07-24T10:29:39.431Z INFO  client] Sending sample transaction 85
[2022-07-24T10:29:39.481Z INFO  client] Sending sample transaction 86
[2022-07-24T10:29:39.543Z INFO  client] Sending sample transaction 87
[2022-07-24T10:29:39.589Z INFO  client] Sending sample transaction 88
[2022-07-24T10:29:39.657Z INFO  client] Sending sample transaction 89
[2022-07-24T10:29:39.684Z INFO  client] Sending sample transaction 90
[2022-07-24T10:29:39.731Z INFO  client] Sending sample transaction 91
[2022-07-24T10:29:39.781Z INFO  client] Sending sample transaction 92
[2022-07-24T10:29:39.834Z INFO  client] Sending sample transaction 93
[2022-07-24T10:29:39.881Z INFO  client] Sending sample transaction 94
[2022-07-24T10:29:39.931Z INFO  client] Sending sample transaction 95
[2022-07-24T10:29:39.981Z INFO  client] Sending sample transaction 96
[2022-07-24T10:29:40.031Z INFO  client] Sending sample transaction 97
[2022-07-24T10:29:40.130Z INFO  client] Sending sample transaction 98
[2022-07-24T10:29:40.144Z INFO  client] Sending sample transaction 99
[2022-07-24T10:29:40.189Z INFO  client] Sending sample transaction 100
[2022-07-24T10:29:40.232Z INFO  client] Sending sample transaction 101
[2022-07-24T10:29:40.281Z INFO  client] Sending sample transaction 102
[2022-07-24T10:29:40.331Z INFO  client] Sending sample transaction 103
[2022-07-24T10:29:40.384Z INFO  client] Sending sample transaction 104
[2022-07-24T10:29:40.475Z INFO  client] Sending sample transaction 105
[2022-07-24T10:29:40.523Z INFO  client] Sending sample transaction 106
[2022-07-24T10:29:40.541Z INFO  client] Sending sample transaction 107
[2022-07-24T10:29:40.582Z INFO  client] Sending sample transaction 108
[2022-07-24T10:29:40.631Z INFO  client] Sending sample transaction 109
[2022-07-24T10:29:40.681Z INFO  client] Sending sample transaction 110
[2022-07-24T10:29:40.731Z INFO  client] Sending sample transaction 111
[2022-07-24T10:29:40.781Z INFO  client] Sending sample transaction 112
[2022-07-24T10:29:40.831Z INFO  client] Sending sample transaction 113
[2022-07-24T10:29:40.881Z INFO  client] Sending sample transaction 114
[2022-07-24T10:29:40.941Z INFO  client] Sending sample transaction 115
[2022-07-24T10:29:41.000Z INFO  client] Sending sample transaction 116
[2022-07-24T10:29:41.032Z INFO  client] Sending sample transaction 117
[2022-07-24T10:29:41.081Z INFO  client] Sending sample transaction 118
[2022-07-24T10:29:41.131Z INFO  client] Sending sample transaction 119
[2022-07-24T10:29:41.181Z INFO  client] Sending sample transaction 120
[2022-07-24T10:29:41.232Z INFO  client] Sending sample transaction 121
[2022-07-24T10:29:41.282Z INFO  client] Sending sample transaction 122
[2022-07-24T10:29:41.343Z INFO  client] Sending sample transaction 123
[2022-07-24T10:29:41.381Z INFO  client] Sending sample transaction 124
[2022-07-24T10:29:41.431Z INFO  client] Sending sample transaction 125
[2022-07-24T10:29:41.482Z INFO  client] Sending sample transaction 126
[2022-07-24T10:29:41.531Z INFO  client] Sending sample transaction 127
[2022-07-24T10:29:41.582Z INFO  client] Sending sample transaction 128
[2022-07-24T10:29:41.641Z INFO  client] Sending sample transaction 129
[2022-07-24T10:29:41.693Z INFO  client] Sending sample transaction 130
[2022-07-24T10:29:41.731Z INFO  client] Sending sample transaction 131
[2022-07-24T10:29:41.781Z INFO  client] Sending sample transaction 132
[2022-07-24T10:29:41.831Z INFO  client] Sending sample transaction 133
[2022-07-24T10:29:41.886Z INFO  client] Sending sample transaction 134
[2022-07-24T10:29:41.931Z INFO  client] Sending sample transaction 135
[2022-07-24T10:29:41.981Z INFO  client] Sending sample transaction 136
[2022-07-24T10:29:42.032Z INFO  client] Sending sample transaction 137
[2022-07-24T10:29:42.081Z INFO  client] Sending sample transaction 138
[2022-07-24T10:29:42.131Z INFO  client] Sending sample transaction 139
[2022-07-24T10:29:42.182Z INFO  client] Sending sample transaction 140
[2022-07-24T10:29:42.231Z INFO  client] Sending sample transaction 141
[2022-07-24T10:29:42.281Z INFO  client] Sending sample transaction 142
[2022-07-24T10:29:42.332Z INFO  client] Sending sample transaction 143
[2022-07-24T10:29:42.381Z INFO  client] Sending sample transaction 144
[2022-07-24T10:29:42.431Z INFO  client] Sending sample transaction 145
[2022-07-24T10:29:42.481Z INFO  client] Sending sample transaction 146
[2022-07-24T10:29:42.531Z INFO  client] Sending sample transaction 147
[2022-07-24T10:29:42.581Z INFO  client] Sending sample transaction 148
[2022-07-24T10:29:42.631Z INFO  client] Sending sample transaction 149
[2022-07-24T10:29:42.682Z INFO  client] Sending sample transaction 150
[2022-07-24T10:29:42.739Z INFO  client] Sending sample transaction 151
[2022-07-24T10:29:42.806Z INFO  client] Sending sample transaction 152
[2022-07-24T10:29:42.836Z INFO  client] Sending sample transaction 153
[2022-07-24T10:29:42.881Z INFO  client] Sending sample transaction 154
[2022-07-24T10:29:42.930Z INFO  client] Sending sample transaction 155
[2022-07-24T10:29:42.981Z INFO  client] Sending sample transaction 156
[2022-07-24T10:29:43.031Z INFO  client] Sending sample transaction 157
[2022-07-24T10:29:43.081Z INFO  client] Sending sample transaction 158
[2022-07-24T10:29:43.132Z INFO  client] Sending sample transaction 159
[2022-07-24T10:29:43.181Z INFO  client] Sending sample transaction 160
[2022-07-24T10:29:43.230Z INFO  client] Sending sample transaction 161
[2022-07-24T10:29:43.292Z INFO  client] Sending sample transaction 162
[2022-07-24T10:29:43.331Z INFO  client] Sending sample transaction 163
[2022-07-24T10:29:43.383Z INFO  client] Sending sample transaction 164
[2022-07-24T10:29:43.430Z INFO  client] Sending sample transaction 165
[2022-07-24T10:29:43.482Z INFO  client] Sending sample transaction 166
[2022-07-24T10:29:43.531Z INFO  client] Sending sample transaction 167
[2022-07-24T10:29:43.580Z INFO  client] Sending sample transaction 168
[2022-07-24T10:29:43.631Z INFO  client] Sending sample transaction 169
[2022-07-24T10:29:43.681Z INFO  client] Sending sample transaction 170
[2022-07-24T10:29:43.734Z INFO  client] Sending sample transaction 171
[2022-07-24T10:29:43.781Z INFO  client] Sending sample transaction 172
[2022-07-24T10:29:43.831Z INFO  client] Sending sample transaction 173
[2022-07-24T10:29:43.882Z INFO  client] Sending sample transaction 174
[2022-07-24T10:29:43.931Z INFO  client] Sending sample transaction 175
[2022-07-24T10:29:43.981Z INFO  client] Sending sample transaction 176
[2022-07-24T10:29:44.031Z INFO  client] Sending sample transaction 177
[2022-07-24T10:29:44.081Z INFO  client] Sending sample transaction 178
[2022-07-24T10:29:44.130Z INFO  client] Sending sample transaction 179
[2022-07-24T10:29:44.181Z INFO  client] Sending sample transaction 180
[2022-07-24T10:29:44.231Z INFO  client] Sending sample transaction 181
[2022-07-24T10:29:44.281Z INFO  client] Sending sample transaction 182
[2022-07-24T10:29:44.331Z INFO  client] Sending sample transaction 183
[2022-07-24T10:29:44.381Z INFO  client] Sending sample transaction 184
[2022-07-24T10:29:44.431Z INFO  client] Sending sample transaction 185
[2022-07-24T10:29:44.481Z INFO  client] Sending sample transaction 186
[2022-07-24T10:29:44.532Z INFO  client] Sending sample transaction 187
[2022-07-24T10:29:44.582Z INFO  client] Sending sample transaction 188
[2022-07-24T10:29:44.632Z INFO  client] Sending sample transaction 189
[2022-07-24T10:29:44.681Z INFO  client] Sending sample transaction 190
[2022-07-24T10:29:44.731Z INFO  client] Sending sample transaction 191
[2022-07-24T10:29:44.781Z INFO  client] Sending sample transaction 192
[2022-07-24T10:29:44.832Z INFO  client] Sending sample transaction 193
[2022-07-24T10:29:44.883Z INFO  client] Sending sample transaction 194
[2022-07-24T10:29:44.932Z INFO  client] Sending sample transaction 195
[2022-07-24T10:29:44.981Z INFO  client] Sending sample transaction 196
[2022-07-24T10:29:45.031Z INFO  client] Sending sample transaction 197
[2022-07-24T10:29:45.081Z INFO  client] Sending sample transaction 198
[2022-07-24T10:29:45.132Z INFO  client] Sending sample transaction 199
[2022-07-24T10:29:45.181Z INFO  client] Sending sample transaction 200
[2022-07-24T10:29:45.231Z INFO  client] Sending sample transaction 201
[2022-07-24T10:29:45.280Z INFO  client] Sending sample transaction 202
[2022-07-24T10:29:45.331Z INFO  client] Sending sample transaction 203
[2022-07-24T10:29:45.381Z INFO  client] Sending sample transaction 204
[2022-07-24T10:29:45.431Z INFO  client] Sending sample transaction 205
[2022-07-24T10:29:45.482Z INFO  client] Sending sample transaction 206
[2022-07-24T10:29:45.532Z INFO  client] Sending sample transaction 207
[2022-07-24T10:29:45.581Z INFO  client] Sending sample transaction 208
[2022-07-24T10:29:45.632Z INFO  client] Sending sample transaction 209
[2022-07-24T10:29:45.681Z INFO  client] Sending sample transaction 210
[2022-07-24T10:29:45.732Z INFO  client] Sending sample transaction 211
[2022-07-24T10:29:45.781Z INFO  client] Sending sample transaction 212
[2022-07-24T10:29:45.831Z INFO  client] Sending sample transaction 213
[2022-07-24T10:29:45.884Z INFO  client] Sending sample transaction 214
[2022-07-24T10:29:45.930Z INFO  client] Sending sample transaction 215
[2022-07-24T10:29:45.981Z INFO  client] Sending sample transaction 216
[2022-07-24T10:29:46.032Z INFO  client] Sending sample transaction 217
[2022-07-24T10:29:46.081Z INFO  client] Sending sample transaction 218
[2022-07-24T10:29:46.132Z INFO  client] Sending sample transaction 219
[2022-07-24T10:29:46.182Z INFO  client] Sending sample transaction 220
[2022-07-24T10:29:46.231Z INFO  client] Sending sample transaction 221
[2022-07-24T10:29:46.281Z INFO  client] Sending sample transaction 222
[2022-07-24T10:29:46.331Z INFO  client] Sending sample transaction 223
[2022-07-24T10:29:46.382Z INFO  client] Sending sample transaction 224
[2022-07-24T10:29:46.431Z INFO  client] Sending sample transaction 225
[2022-07-24T10:29:46.480Z INFO  client] Sending sample transaction 226
[2022-07-24T10:29:46.531Z INFO  client] Sending sample transaction 227
[2022-07-24T10:29:46.581Z INFO  client] Sending sample transaction 228
[2022-07-24T10:29:46.631Z INFO  client] Sending sample transaction 229
[2022-07-24T10:29:46.681Z INFO  client] Sending sample transaction 230
[2022-07-24T10:29:46.731Z INFO  client] Sending sample transaction 231
[2022-07-24T10:29:46.781Z INFO  client] Sending sample transaction 232
[2022-07-24T10:29:46.831Z INFO  client] Sending sample transaction 233
[2022-07-24T10:29:46.881Z INFO  client] Sending sample transaction 234
[2022-07-24T10:29:46.931Z INFO  client] Sending sample transaction 235
[2022-07-24T10:29:46.981Z INFO  client] Sending sample transaction 236
[2022-07-24T10:29:47.031Z INFO  client] Sending sample transaction 237
[2022-07-24T10:29:47.083Z INFO  client] Sending sample transaction 238
[2022-07-24T10:29:47.131Z INFO  client] Sending sample transaction 239
[2022-07-24T10:29:47.180Z INFO  client] Sending sample transaction 240
[2022-07-24T10:29:47.231Z INFO  client] Sending sample transaction 241
[2022-07-24T10:29:47.282Z INFO  client] Sending sample transaction 242
[2022-07-24T10:29:47.332Z INFO  client] Sending sample transaction 243
[2022-07-24T10:29:47.380Z INFO  client] Sending sample transaction 244
[2022-07-24T10:29:47.431Z INFO  client] Sending sample transaction 245
[2022-07-24T10:29:47.481Z INFO  client] Sending sample transaction 246
[2022-07-24T10:29:47.531Z INFO  client] Sending sample transaction 247
[2022-07-24T10:29:47.581Z INFO  client] Sending sample transaction 248
[2022-07-24T10:29:47.631Z INFO  client] Sending sample transaction 249
[2022-07-24T10:29:47.681Z INFO  client] Sending sample transaction 250
[2022-07-24T10:29:47.731Z INFO  client] Sending sample transaction 251
[2022-07-24T10:29:47.781Z INFO  client] Sending sample transaction 252
[2022-07-24T10:29:47.832Z INFO  client] Sending sample transaction 253
[2022-07-24T10:29:47.884Z INFO  client] Sending sample transaction 254
[2022-07-24T10:29:47.932Z INFO  client] Sending sample transaction 255
[2022-07-24T10:29:47.983Z INFO  client] Sending sample transaction 256
[2022-07-24T10:29:48.031Z INFO  client] Sending sample transaction 257
[2022-07-24T10:29:48.114Z INFO  client] Sending sample transaction 258
[2022-07-24T10:29:48.154Z INFO  client] Sending sample transaction 259
[2022-07-24T10:29:48.181Z INFO  client] Sending sample transaction 260
[2022-07-24T10:29:48.231Z INFO  client] Sending sample transaction 261
[2022-07-24T10:29:48.281Z INFO  client] Sending sample transaction 262
[2022-07-24T10:29:48.331Z INFO  client] Sending sample transaction 263
[2022-07-24T10:29:48.381Z INFO  client] Sending sample transaction 264
[2022-07-24T10:29:48.431Z INFO  client] Sending sample transaction 265
[2022-07-24T10:29:48.481Z INFO  client] Sending sample transaction 266
[2022-07-24T10:29:48.534Z INFO  client] Sending sample transaction 267
[2022-07-24T10:29:48.593Z INFO  client] Sending sample transaction 268
[2022-07-24T10:29:48.632Z INFO  client] Sending sample transaction 269
[2022-07-24T10:29:48.681Z INFO  client] Sending sample transaction 270
[2022-07-24T10:29:48.731Z INFO  client] Sending sample transaction 271
[2022-07-24T10:29:48.782Z INFO  client] Sending sample transaction 272
[2022-07-24T10:29:48.831Z INFO  client] Sending sample transaction 273
[2022-07-24T10:29:48.887Z INFO  client] Sending sample transaction 274
[2022-07-24T10:29:48.931Z INFO  client] Sending sample transaction 275
[2022-07-24T10:29:48.981Z INFO  client] Sending sample transaction 276
[2022-07-24T10:29:49.031Z INFO  client] Sending sample transaction 277
[2022-07-24T10:29:49.082Z INFO  client] Sending sample transaction 278
[2022-07-24T10:29:49.132Z INFO  client] Sending sample transaction 279
[2022-07-24T10:29:49.181Z INFO  client] Sending sample transaction 280
[2022-07-24T10:29:49.231Z INFO  client] Sending sample transaction 281
[2022-07-24T10:29:49.281Z INFO  client] Sending sample transaction 282
[2022-07-24T10:29:49.331Z INFO  client] Sending sample transaction 283
[2022-07-24T10:29:49.381Z INFO  client] Sending sample transaction 284
[2022-07-24T10:29:49.432Z INFO  client] Sending sample transaction 285
[2022-07-24T10:29:49.482Z INFO  client] Sending sample transaction 286
[2022-07-24T10:29:49.531Z INFO  client] Sending sample transaction 287
[2022-07-24T10:29:49.581Z INFO  client] Sending sample transaction 288
[2022-07-24T10:29:49.631Z INFO  client] Sending sample transaction 289
[2022-07-24T10:29:49.681Z INFO  client] Sending sample transaction 290
[2022-07-24T10:29:49.743Z INFO  client] Sending sample transaction 291
[2022-07-24T10:29:49.781Z INFO  client] Sending sample transaction 292
[2022-07-24T10:29:49.831Z INFO  client] Sending sample transaction 293
[2022-07-24T10:29:49.880Z INFO  client] Sending sample transaction 294
[2022-07-24T10:29:49.931Z INFO  client] Sending sample transaction 295
[2022-07-24T10:29:49.981Z INFO  client] Sending sample transaction 296
[2022-07-24T10:29:50.032Z INFO  client] Sending sample transaction 297
[2022-07-24T10:29:50.081Z INFO  client] Sending sample transaction 298
[2022-07-24T10:29:50.132Z INFO  client] Sending sample transaction 299
[2022-07-24T10:29:50.181Z INFO  client] Sending sample transaction 300
[2022-07-24T10:29:50.231Z INFO  client] Sending sample transaction 301
[2022-07-24T10:29:50.282Z INFO  client] Sending sample transaction 302
[2022-07-24T10:29:50.331Z INFO  client] Sending sample transaction 303
[2022-07-24T10:29:50.382Z INFO  client] Sending sample transaction 304
[2022-07-24T10:29:50.431Z INFO  client] Sending sample transaction 305
[2022-07-24T10:29:50.481Z INFO  client] Sending sample transaction 306
[2022-07-24T10:29:50.531Z INFO  client] Sending sample transaction 307
[2022-07-24T10:29:50.581Z INFO  client] Sending sample transaction 308
[2022-07-24T10:29:50.632Z INFO  client] Sending sample transaction 309
[2022-07-24T10:29:50.680Z INFO  client] Sending sample transaction 310
[2022-07-24T10:29:50.731Z INFO  client] Sending sample transaction 311
[2022-07-24T10:29:50.782Z INFO  client] Sending sample transaction 312
[2022-07-24T10:29:50.831Z INFO  client] Sending sample transaction 313
[2022-07-24T10:29:50.881Z INFO  client] Sending sample transaction 314
[2022-07-24T10:29:50.933Z INFO  client] Sending sample transaction 315
[2022-07-24T10:29:50.982Z INFO  client] Sending sample transaction 316
[2022-07-24T10:29:51.031Z INFO  client] Sending sample transaction 317
[2022-07-24T10:29:51.082Z INFO  client] Sending sample transaction 318
[2022-07-24T10:29:51.132Z INFO  client] Sending sample transaction 319
[2022-07-24T10:29:51.186Z INFO  client] Sending sample transaction 320
[2022-07-24T10:29:51.237Z INFO  client] Sending sample transaction 321
[2022-07-24T10:29:51.281Z INFO  client] Sending sample transaction 322
[2022-07-24T10:29:51.331Z INFO  client] Sending sample transaction 323
[2022-07-24T10:29:51.381Z INFO  client] Sending sample transaction 324
[2022-07-24T10:29:51.431Z INFO  client] Sending sample transaction 325
[2022-07-24T10:29:51.481Z INFO  client] Sending sample transaction 326
[2022-07-24T10:29:51.531Z INFO  client] Sending sample transaction 327
[2022-07-24T10:29:51.582Z INFO  client] Sending sample transaction 328
[2022-07-24T10:29:51.631Z INFO  client] Sending sample transaction 329
[2022-07-24T10:29:51.681Z INFO  client] Sending sample transaction 330
[2022-07-24T10:29:51.731Z INFO  client] Sending sample transaction 331
[2022-07-24T10:29:51.782Z INFO  client] Sending sample transaction 332
[2022-07-24T10:29:51.832Z INFO  client] Sending sample transaction 333
[2022-07-24T10:29:51.881Z INFO  client] Sending sample transaction 334
[2022-07-24T10:29:51.931Z INFO  client] Sending sample transaction 335
[2022-07-24T10:29:51.981Z INFO  client] Sending sample transaction 336
[2022-07-24T10:29:52.031Z INFO  client] Sending sample transaction 337
[2022-07-24T10:29:52.081Z INFO  client] Sending sample transaction 338
[2022-07-24T10:29:52.131Z INFO  client] Sending sample transaction 339
[2022-07-24T10:29:52.181Z INFO  client] Sending sample transaction 340
[2022-07-24T10:29:52.232Z INFO  client] Sending sample transaction 341
[2022-07-24T10:29:52.281Z INFO  client] Sending sample transaction 342
[2022-07-24T10:29:52.331Z INFO  client] Sending sample transaction 343
[2022-07-24T10:29:52.381Z INFO  client] Sending sample transaction 344
[2022-07-24T10:29:52.432Z INFO  client] Sending sample transaction 345
[2022-07-24T10:29:52.481Z INFO  client] Sending sample transaction 346
[2022-07-24T10:29:52.532Z INFO  client] Sending sample transaction 347
[2022-07-24T10:29:52.583Z INFO  client] Sending sample transaction 348
[2022-07-24T10:29:52.631Z INFO  client] Sending sample transaction 349
[2022-07-24T10:29:52.682Z INFO  client] Sending sample transaction 350
[2022-07-24T10:29:52.731Z INFO  client] Sending sample transaction 351
[2022-07-24T10:29:52.781Z INFO  client] Sending sample transaction 352
[2022-07-24T10:29:52.831Z INFO  client] Sending sample transaction 353
[2022-07-24T10:29:52.881Z INFO  client] Sending sample transaction 354
[2022-07-24T10:29:52.931Z INFO  client] Sending sample transaction 355
[2022-07-24T10:29:52.981Z INFO  client] Sending sample transaction 356
[2022-07-24T10:29:53.045Z INFO  client] Sending sample transaction 357
[2022-07-24T10:29:53.081Z INFO  client] Sending sample transaction 358
[2022-07-24T10:29:53.132Z INFO  client] Sending sample transaction 359
[2022-07-24T10:29:53.182Z INFO  client] Sending sample transaction 360
[2022-07-24T10:29:53.232Z INFO  client] Sending sample transaction 361
[2022-07-24T10:29:53.281Z INFO  client] Sending sample transaction 362
[2022-07-24T10:29:53.332Z INFO  client] Sending sample transaction 363
[2022-07-24T10:29:53.381Z INFO  client] Sending sample transaction 364
[2022-07-24T10:29:53.431Z INFO  client] Sending sample transaction 365
[2022-07-24T10:29:53.481Z INFO  client] Sending sample transaction 366
[2022-07-24T10:29:53.532Z INFO  client] Sending sample transaction 367
[2022-07-24T10:29:53.581Z INFO  client] Sending sample transaction 368
[2022-07-24T10:29:53.631Z INFO  client] Sending sample transaction 369
[2022-07-24T10:29:53.681Z INFO  client] Sending sample transaction 370
[2022-07-24T10:29:53.731Z INFO  client] Sending sample transaction 371
[2022-07-24T10:29:53.781Z INFO  client] Sending sample transaction 372
[2022-07-24T10:29:53.832Z INFO  client] Sending sample transaction 373
[2022-07-24T10:29:53.881Z INFO  client] Sending sample transaction 374
[2022-07-24T10:29:53.932Z INFO  client] Sending sample transaction 375
[2022-07-24T10:29:53.980Z INFO  client] Sending sample transaction 376
[2022-07-24T10:29:54.031Z INFO  client] Sending sample transaction 377
[2022-07-24T10:29:54.086Z INFO  client] Sending sample transaction 378
[2022-07-24T10:29:54.132Z INFO  client] Sending sample transaction 379
[2022-07-24T10:29:54.181Z INFO  client] Sending sample transaction 380
[2022-07-24T10:29:54.232Z INFO  client] Sending sample transaction 381
[2022-07-24T10:29:54.283Z INFO  client] Sending sample transaction 382
[2022-07-24T10:29:54.331Z INFO  client] Sending sample transaction 383
[2022-07-24T10:29:54.381Z INFO  client] Sending sample transaction 384
[2022-07-24T10:29:54.431Z INFO  client] Sending sample transaction 385
[2022-07-24T10:29:54.482Z INFO  client] Sending sample transaction 386
[2022-07-24T10:29:54.531Z INFO  client] Sending sample transaction 387
[2022-07-24T10:29:54.581Z INFO  client] Sending sample transaction 388
[2022-07-24T10:29:54.632Z INFO  client] Sending sample transaction 389
[2022-07-24T10:29:54.681Z INFO  client] Sending sample transaction 390
[2022-07-24T10:29:54.731Z INFO  client] Sending sample transaction 391
[2022-07-24T10:29:54.781Z INFO  client] Sending sample transaction 392
[2022-07-24T10:29:54.885Z INFO  client] Sending sample transaction 393
[2022-07-24T10:29:54.887Z INFO  client] Sending sample transaction 394
[2022-07-24T10:29:54.931Z INFO  client] Sending sample transaction 395
[2022-07-24T10:29:54.981Z INFO  client] Sending sample transaction 396
[2022-07-24T10:29:55.031Z INFO  client] Sending sample transaction 397
[2022-07-24T10:29:55.083Z INFO  client] Sending sample transaction 398
[2022-07-24T10:29:55.150Z INFO  client] Sending sample transaction 399
[2022-07-24T10:29:55.181Z INFO  client] Sending sample transaction 400
[2022-07-24T10:29:55.232Z INFO  client] Sending sample transaction 401
[2022-07-24T10:29:55.282Z INFO  client] Sending sample transaction 402
[2022-07-24T10:29:55.331Z INFO  client] Sending sample transaction 403
[2022-07-24T10:29:55.381Z INFO  client] Sending sample transaction 404
[2022-07-24T10:29:55.431Z INFO  client] Sending sample transaction 405
[2022-07-24T10:29:55.481Z INFO  client] Sending sample transaction 406
[2022-07-24T10:29:55.531Z INFO  client] Sending sample transaction 407
[2022-07-24T10:29:55.581Z INFO  client] Sending sample transaction 408
[2022-07-24T10:29:55.643Z INFO  client] Sending sample transaction 409
[2022-07-24T10:29:55.744Z INFO  client] Sending sample transaction 410
[2022-07-24T10:29:55.762Z INFO  client] Sending sample transaction 411
[2022-07-24T10:29:55.786Z INFO  client] Sending sample transaction 412
[2022-07-24T10:29:55.832Z INFO  client] Sending sample transaction 413
[2022-07-24T10:29:55.880Z INFO  client] Sending sample transaction 414
[2022-07-24T10:29:55.932Z INFO  client] Sending sample transaction 415
[2022-07-24T10:29:55.983Z INFO  client] Sending sample transaction 416
[2022-07-24T10:29:56.032Z INFO  client] Sending sample transaction 417
[2022-07-24T10:29:56.081Z INFO  client] Sending sample transaction 418
[2022-07-24T10:29:56.132Z INFO  client] Sending sample transaction 419
[2022-07-24T10:29:56.186Z INFO  client] Sending sample transaction 420
[2022-07-24T10:29:56.283Z INFO  client] Sending sample transaction 421
[2022-07-24T10:29:56.289Z INFO  client] Sending sample transaction 422
[2022-07-24T10:29:56.347Z INFO  client] Sending sample transaction 423
[2022-07-24T10:29:56.392Z INFO  client] Sending sample transaction 424
[2022-07-24T10:29:56.430Z INFO  client] Sending sample transaction 425
[2022-07-24T10:29:56.489Z INFO  client] Sending sample transaction 426
[2022-07-24T10:29:56.531Z INFO  client] Sending sample transaction 427
[2022-07-24T10:29:56.583Z INFO  client] Sending sample transaction 428
[2022-07-24T10:29:56.632Z INFO  client] Sending sample transaction 429
[2022-07-24T10:29:56.681Z INFO  client] Sending sample transaction 430
[2022-07-24T10:29:56.753Z INFO  client] Sending sample transaction 431
[2022-07-24T10:29:56.789Z INFO  client] Sending sample transaction 432
[2022-07-24T10:29:56.833Z INFO  client] Sending sample transaction 433
[2022-07-24T10:29:56.885Z INFO  client] Sending sample transaction 434
[2022-07-24T10:29:56.931Z INFO  client] Sending sample transaction 435
[2022-07-24T10:29:56.981Z INFO  client] Sending sample transaction 436
[2022-07-24T10:29:57.035Z INFO  client] Sending sample transaction 437
[2022-07-24T10:29:57.087Z INFO  client] Sending sample transaction 438
