[2022-07-23T17:38:19.991Z INFO  client] Node address: 127.0.0.1:9011
[2022-07-23T17:38:19.992Z INFO  client] Transactions size: 512 B
[2022-07-23T17:38:19.992Z INFO  client] Transactions rate: 112 tx/s
[2022-07-23T17:38:19.992Z INFO  client] Waiting for all nodes to be online...
[2022-07-23T17:38:19.992Z INFO  client] Waiting for all nodes to be synchronized...
[2022-07-23T17:38:22.009Z INFO  client] Start sending transactions
[2022-07-23T17:38:22.011Z INFO  client] Sending sample transaction 0
[2022-07-23T17:38:22.068Z INFO  client] Sending sample transaction 1
[2022-07-23T17:38:22.115Z INFO  client] Sending sample transaction 2
[2022-07-23T17:38:22.164Z INFO  client] Sending sample transaction 3
[2022-07-23T17:38:22.212Z INFO  client] Sending sample transaction 4
[2022-07-23T17:38:22.262Z INFO  client] Sending sample transaction 5
[2022-07-23T17:38:22.314Z INFO  client] Sending sample transaction 6
[2022-07-23T17:38:22.362Z INFO  client] Sending sample transaction 7
[2022-07-23T17:38:22.411Z INFO  client] Sending sample transaction 8
[2022-07-23T17:38:22.462Z INFO  client] Sending sample transaction 9
[2022-07-23T17:38:22.511Z INFO  client] Sending sample transaction 10
[2022-07-23T17:38:22.561Z INFO  client] Sending sample transaction 11
[2022-07-23T17:38:22.615Z INFO  client] Sending sample transaction 12
[2022-07-23T17:38:22.696Z INFO  client] Sending sample transaction 13
[2022-07-23T17:38:22.735Z INFO  client] Sending sample transaction 14
[2022-07-23T17:38:22.766Z INFO  client] Sending sample transaction 15
[2022-07-23T17:38:22.823Z INFO  client] Sending sample transaction 16
[2022-07-23T17:38:22.874Z INFO  client] Sending sample transaction 17
[2022-07-23T17:38:22.912Z INFO  client] Sending sample transaction 18
[2022-07-23T17:38:22.962Z INFO  client] Sending sample transaction 19
[2022-07-23T17:38:23.012Z INFO  client] Sending sample transaction 20
[2022-07-23T17:38:23.061Z INFO  client] Sending sample transaction 21
[2022-07-23T17:38:23.135Z INFO  client] Sending sample transaction 22
[2022-07-23T17:38:23.162Z INFO  client] Sending sample transaction 23
[2022-07-23T17:38:23.211Z INFO  client] Sending sample transaction 24
[2022-07-23T17:38:23.260Z INFO  client] Sending sample transaction 25
[2022-07-23T17:38:23.311Z INFO  client] Sending sample transaction 26
[2022-07-23T17:38:23.361Z INFO  client] Sending sample transaction 27
[2022-07-23T17:38:23.412Z INFO  client] Sending sample transaction 28
[2022-07-23T17:38:23.462Z INFO  client] Sending sample transaction 29
[2022-07-23T17:38:23.510Z INFO  client] Sending sample transaction 30
[2022-07-23T17:38:23.561Z INFO  client] Sending sample transaction 31
[2022-07-23T17:38:23.612Z INFO  client] Sending sample transaction 32
[2022-07-23T17:38:23.661Z INFO  client] Sending sample transaction 33
[2022-07-23T17:38:23.712Z INFO  client] Sending sample transaction 34
[2022-07-23T17:38:23.771Z INFO  client] Sending sample transaction 35
[2022-07-23T17:38:23.853Z INFO  client] Sending sample transaction 36
[2022-07-23T17:38:23.892Z INFO  client] Sending sample transaction 37
[2022-07-23T17:38:23.929Z INFO  client] Sending sample transaction 38
[2022-07-23T17:38:23.979Z INFO  client] Sending sample transaction 39
[2022-07-23T17:38:24.011Z INFO  client] Sending sample transaction 40
[2022-07-23T17:38:24.062Z INFO  client] Sending sample transaction 41
[2022-07-23T17:38:24.112Z INFO  client] Sending sample transaction 42
[2022-07-23T17:38:24.214Z INFO  client] Sending sample transaction 43
[2022-07-23T17:38:24.292Z INFO  client] Sending sample transaction 44
[2022-07-23T17:38:24.326Z INFO  client] Sending sample transaction 45
[2022-07-23T17:38:24.331Z INFO  client] Sending sample transaction 46
[2022-07-23T17:38:24.373Z INFO  client] Sending sample transaction 47
[2022-07-23T17:38:24.411Z INFO  client] Sending sample transaction 48
[2022-07-23T17:38:24.461Z INFO  client] Sending sample transaction 49
[2022-07-23T17:38:24.511Z INFO  client] Sending sample transaction 50
[2022-07-23T17:38:24.562Z INFO  client] Sending sample transaction 51
[2022-07-23T17:38:24.636Z INFO  client] Sending sample transaction 52
[2022-07-23T17:38:24.684Z INFO  client] Sending sample transaction 53
[2022-07-23T17:38:24.736Z INFO  client] Sending sample transaction 54
[2022-07-23T17:38:24.771Z INFO  client] Sending sample transaction 55
[2022-07-23T17:38:24.814Z INFO  client] Sending sample transaction 56
[2022-07-23T17:38:24.863Z INFO  client] Sending sample transaction 57
[2022-07-23T17:38:24.912Z INFO  client] Sending sample transaction 58
[2022-07-23T17:38:24.965Z INFO  client] Sending sample transaction 59
[2022-07-23T17:38:25.012Z INFO  client] Sending sample transaction 60
[2022-07-23T17:38:25.061Z INFO  client] Sending sample transaction 61
[2022-07-23T17:38:25.113Z INFO  client] Sending sample transaction 62
[2022-07-23T17:38:25.195Z INFO  client] Sending sample transaction 63
[2022-07-23T17:38:25.216Z INFO  client] Sending sample transaction 64
[2022-07-23T17:38:25.261Z INFO  client] Sending sample transaction 65
[2022-07-23T17:38:25.356Z INFO  client] Sending sample transaction 66
[2022-07-23T17:38:25.403Z INFO  client] Sending sample transaction 67
[2022-07-23T17:38:25.537Z INFO  client] Sending sample transaction 68
[2022-07-23T17:38:25.545Z INFO  client] Sending sample transaction 69
[2022-07-23T17:38:25.545Z INFO  client] Sending sample transaction 70
[2022-07-23T17:38:25.566Z INFO  client] Sending sample transaction 71
[2022-07-23T17:38:25.611Z INFO  client] Sending sample transaction 72
[2022-07-23T17:38:25.662Z INFO  client] Sending sample transaction 73
[2022-07-23T17:38:25.713Z INFO  client] Sending sample transaction 74
[2022-07-23T17:38:25.760Z INFO  client] Sending sample transaction 75
[2022-07-23T17:38:25.811Z INFO  client] Sending sample transaction 76
[2022-07-23T17:38:25.861Z INFO  client] Sending sample transaction 77
[2022-07-23T17:38:25.911Z INFO  client] Sending sample transaction 78
[2022-07-23T17:38:25.961Z INFO  client] Sending sample transaction 79
[2022-07-23T17:38:26.011Z INFO  client] Sending sample transaction 80
[2022-07-23T17:38:26.061Z INFO  client] Sending sample transaction 81
[2022-07-23T17:38:26.111Z INFO  client] Sending sample transaction 82
[2022-07-23T17:38:26.162Z INFO  client] Sending sample transaction 83
[2022-07-23T17:38:26.211Z INFO  client] Sending sample transaction 84
[2022-07-23T17:38:26.261Z INFO  client] Sending sample transaction 85
[2022-07-23T17:38:26.331Z INFO  client] Sending sample transaction 86
[2022-07-23T17:38:26.361Z INFO  client] Sending sample transaction 87
[2022-07-23T17:38:26.416Z INFO  client] Sending sample transaction 88
[2022-07-23T17:38:26.476Z INFO  client] Sending sample transaction 89
[2022-07-23T17:38:26.514Z INFO  client] Sending sample transaction 90
[2022-07-23T17:38:26.563Z INFO  client] Sending sample transaction 91
[2022-07-23T17:38:26.612Z INFO  client] Sending sample transaction 92
[2022-07-23T17:38:26.666Z INFO  client] Sending sample transaction 93
[2022-07-23T17:38:26.712Z INFO  client] Sending sample transaction 94
[2022-07-23T17:38:26.760Z INFO  client] Sending sample transaction 95
[2022-07-23T17:38:26.811Z INFO  client] Sending sample transaction 96
[2022-07-23T17:38:26.861Z INFO  client] Sending sample transaction 97
[2022-07-23T17:38:26.911Z INFO  client] Sending sample transaction 98
[2022-07-23T17:38:26.960Z INFO  client] Sending sample transaction 99
[2022-07-23T17:38:27.012Z INFO  client] Sending sample transaction 100
[2022-07-23T17:38:27.061Z INFO  client] Sending sample transaction 101
[2022-07-23T17:38:27.111Z INFO  client] Sending sample transaction 102
[2022-07-23T17:38:27.161Z INFO  client] Sending sample transaction 103
[2022-07-23T17:38:27.211Z INFO  client] Sending sample transaction 104
[2022-07-23T17:38:27.261Z INFO  client] Sending sample transaction 105
[2022-07-23T17:38:27.323Z INFO  client] Sending sample transaction 106
[2022-07-23T17:38:27.382Z INFO  client] Sending sample transaction 107
[2022-07-23T17:38:27.424Z INFO  client] Sending sample transaction 108
[2022-07-23T17:38:27.461Z INFO  client] Sending sample transaction 109
[2022-07-23T17:38:27.510Z INFO  client] Sending sample transaction 110
[2022-07-23T17:38:27.562Z INFO  client] Sending sample transaction 111
[2022-07-23T17:38:27.612Z INFO  client] Sending sample transaction 112
[2022-07-23T17:38:27.661Z INFO  client] Sending sample transaction 113
[2022-07-23T17:38:27.711Z INFO  client] Sending sample transaction 114
[2022-07-23T17:38:27.760Z INFO  client] Sending sample transaction 115
[2022-07-23T17:38:27.811Z INFO  client] Sending sample transaction 116
[2022-07-23T17:38:27.860Z INFO  client] Sending sample transaction 117
[2022-07-23T17:38:27.911Z INFO  client] Sending sample transaction 118
[2022-07-23T17:38:27.961Z INFO  client] Sending sample transaction 119
[2022-07-23T17:38:28.011Z INFO  client] Sending sample transaction 120
[2022-07-23T17:38:28.061Z INFO  client] Sending sample transaction 121
[2022-07-23T17:38:28.110Z INFO  client] Sending sample transaction 122
[2022-07-23T17:38:28.161Z INFO  client] Sending sample transaction 123
[2022-07-23T17:38:28.211Z INFO  client] Sending sample transaction 124
[2022-07-23T17:38:28.261Z INFO  client] Sending sample transaction 125
[2022-07-23T17:38:28.311Z INFO  client] Sending sample transaction 126
[2022-07-23T17:38:28.361Z INFO  client] Sending sample transaction 127
[2022-07-23T17:38:28.411Z INFO  client] Sending sample transaction 128
[2022-07-23T17:38:28.461Z INFO  client] Sending sample transaction 129
[2022-07-23T17:38:28.511Z INFO  client] Sending sample transaction 130
[2022-07-23T17:38:28.562Z INFO  client] Sending sample transaction 131
[2022-07-23T17:38:28.620Z INFO  client] Sending sample transaction 132
[2022-07-23T17:38:28.662Z INFO  client] Sending sample transaction 133
[2022-07-23T17:38:28.711Z INFO  client] Sending sample transaction 134
[2022-07-23T17:38:28.761Z INFO  client] Sending sample transaction 135
[2022-07-23T17:38:28.811Z INFO  client] Sending sample transaction 136
[2022-07-23T17:38:28.872Z INFO  client] Sending sample transaction 137
[2022-07-23T17:38:28.942Z INFO  client] Sending sample transaction 138
[2022-07-23T17:38:28.973Z INFO  client] Sending sample transaction 139
[2022-07-23T17:38:29.011Z INFO  client] Sending sample transaction 140
[2022-07-23T17:38:29.061Z INFO  client] Sending sample transaction 141
[2022-07-23T17:38:29.111Z INFO  client] Sending sample transaction 142
[2022-07-23T17:38:29.161Z INFO  client] Sending sample transaction 143
[2022-07-23T17:38:29.211Z INFO  client] Sending sample transaction 144
[2022-07-23T17:38:29.260Z INFO  client] Sending sample transaction 145
[2022-07-23T17:38:29.312Z INFO  client] Sending sample transaction 146
[2022-07-23T17:38:29.361Z INFO  client] Sending sample transaction 147
[2022-07-23T17:38:29.410Z INFO  client] Sending sample transaction 148
[2022-07-23T17:38:29.461Z INFO  client] Sending sample transaction 149
[2022-07-23T17:38:29.511Z INFO  client] Sending sample transaction 150
[2022-07-23T17:38:29.561Z INFO  client] Sending sample transaction 151
[2022-07-23T17:38:29.611Z INFO  client] Sending sample transaction 152
[2022-07-23T17:38:29.661Z INFO  client] Sending sample transaction 153
[2022-07-23T17:38:29.711Z INFO  client] Sending sample transaction 154
[2022-07-23T17:38:29.769Z INFO  client] Sending sample transaction 155
[2022-07-23T17:38:29.835Z INFO  client] Sending sample transaction 156
[2022-07-23T17:38:29.868Z INFO  client] Sending sample transaction 157
[2022-07-23T17:38:29.910Z INFO  client] Sending sample transaction 158
[2022-07-23T17:38:29.961Z INFO  client] Sending sample transaction 159
[2022-07-23T17:38:30.011Z INFO  client] Sending sample transaction 160
[2022-07-23T17:38:30.061Z INFO  client] Sending sample transaction 161
[2022-07-23T17:38:30.111Z INFO  client] Sending sample transaction 162
[2022-07-23T17:38:30.161Z INFO  client] Sending sample transaction 163
[2022-07-23T17:38:30.210Z INFO  client] Sending sample transaction 164
[2022-07-23T17:38:30.261Z INFO  client] Sending sample transaction 165
[2022-07-23T17:38:30.310Z INFO  client] Sending sample transaction 166
[2022-07-23T17:38:30.361Z INFO  client] Sending sample transaction 167
[2022-07-23T17:38:30.411Z INFO  client] Sending sample transaction 168
[2022-07-23T17:38:30.461Z INFO  client] Sending sample transaction 169
[2022-07-23T17:38:30.511Z INFO  client] Sending sample transaction 170
[2022-07-23T17:38:30.561Z INFO  client] Sending sample transaction 171
[2022-07-23T17:38:30.614Z INFO  client] Sending sample transaction 172
[2022-07-23T17:38:30.663Z INFO  client] Sending sample transaction 173
[2022-07-23T17:38:30.717Z INFO  client] Sending sample transaction 174
[2022-07-23T17:38:30.761Z INFO  client] Sending sample transaction 175
[2022-07-23T17:38:30.811Z INFO  client] Sending sample transaction 176
[2022-07-23T17:38:30.862Z INFO  client] Sending sample transaction 177
[2022-07-23T17:38:30.911Z INFO  client] Sending sample transaction 178
[2022-07-23T17:38:30.961Z INFO  client] Sending sample transaction 179
[2022-07-23T17:38:31.012Z INFO  client] Sending sample transaction 180
[2022-07-23T17:38:31.061Z INFO  client] Sending sample transaction 181
[2022-07-23T17:38:31.163Z INFO  client] Sending sample transaction 182
[2022-07-23T17:38:31.175Z INFO  client] Sending sample transaction 183
[2022-07-23T17:38:31.224Z INFO  client] Sending sample transaction 184
[2022-07-23T17:38:31.271Z INFO  client] Sending sample transaction 185
[2022-07-23T17:38:31.311Z INFO  client] Sending sample transaction 186
[2022-07-23T17:38:31.364Z INFO  client] Sending sample transaction 187
[2022-07-23T17:38:31.411Z INFO  client] Sending sample transaction 188
[2022-07-23T17:38:31.462Z INFO  client] Sending sample transaction 189
[2022-07-23T17:38:31.511Z INFO  client] Sending sample transaction 190
[2022-07-23T17:38:31.561Z INFO  client] Sending sample transaction 191
[2022-07-23T17:38:31.612Z INFO  client] Sending sample transaction 192
[2022-07-23T17:38:31.661Z INFO  client] Sending sample transaction 193
[2022-07-23T17:38:31.711Z INFO  client] Sending sample transaction 194
[2022-07-23T17:38:31.761Z INFO  client] Sending sample transaction 195
[2022-07-23T17:38:31.811Z INFO  client] Sending sample transaction 196
[2022-07-23T17:38:31.861Z INFO  client] Sending sample transaction 197
[2022-07-23T17:38:31.911Z INFO  client] Sending sample transaction 198
[2022-07-23T17:38:31.962Z INFO  client] Sending sample transaction 199
[2022-07-23T17:38:32.011Z INFO  client] Sending sample transaction 200
[2022-07-23T17:38:32.061Z INFO  client] Sending sample transaction 201
[2022-07-23T17:38:32.120Z INFO  client] Sending sample transaction 202
[2022-07-23T17:38:32.193Z INFO  client] Sending sample transaction 203
[2022-07-23T17:38:32.271Z INFO  client] Sending sample transaction 204
[2022-07-23T17:38:32.271Z INFO  client] Sending sample transaction 205
[2022-07-23T17:38:32.311Z INFO  client] Sending sample transaction 206
[2022-07-23T17:38:32.363Z INFO  client] Sending sample transaction 207
[2022-07-23T17:38:32.415Z INFO  client] Sending sample transaction 208
[2022-07-23T17:38:32.461Z INFO  client] Sending sample transaction 209
[2022-07-23T17:38:32.511Z INFO  client] Sending sample transaction 210
[2022-07-23T17:38:32.561Z INFO  client] Sending sample transaction 211
[2022-07-23T17:38:32.612Z INFO  client] Sending sample transaction 212
[2022-07-23T17:38:32.661Z INFO  client] Sending sample transaction 213
[2022-07-23T17:38:32.711Z INFO  client] Sending sample transaction 214
[2022-07-23T17:38:32.761Z INFO  client] Sending sample transaction 215
[2022-07-23T17:38:32.823Z INFO  client] Sending sample transaction 216
[2022-07-23T17:38:32.861Z INFO  client] Sending sample transaction 217
[2022-07-23T17:38:32.911Z INFO  client] Sending sample transaction 218
[2022-07-23T17:38:32.961Z INFO  client] Sending sample transaction 219
[2022-07-23T17:38:33.011Z INFO  client] Sending sample transaction 220
[2022-07-23T17:38:33.061Z INFO  client] Sending sample transaction 221
[2022-07-23T17:38:33.111Z INFO  client] Sending sample transaction 222
[2022-07-23T17:38:33.161Z INFO  client] Sending sample transaction 223
[2022-07-23T17:38:33.235Z INFO  client] Sending sample transaction 224
[2022-07-23T17:38:33.269Z INFO  client] Sending sample transaction 225
[2022-07-23T17:38:33.312Z INFO  client] Sending sample transaction 226
[2022-07-23T17:38:33.361Z INFO  client] Sending sample transaction 227
[2022-07-23T17:38:33.411Z INFO  client] Sending sample transaction 228
[2022-07-23T17:38:33.461Z INFO  client] Sending sample transaction 229
[2022-07-23T17:38:33.512Z INFO  client] Sending sample transaction 230
[2022-07-23T17:38:33.560Z INFO  client] Sending sample transaction 231
[2022-07-23T17:38:33.611Z INFO  client] Sending sample transaction 232
[2022-07-23T17:38:33.662Z INFO  client] Sending sample transaction 233
[2022-07-23T17:38:33.711Z INFO  client] Sending sample transaction 234
[2022-07-23T17:38:33.761Z INFO  client] Sending sample transaction 235
[2022-07-23T17:38:33.811Z INFO  client] Sending sample transaction 236
[2022-07-23T17:38:33.861Z INFO  client] Sending sample transaction 237
[2022-07-23T17:38:33.912Z INFO  client] Sending sample transaction 238
[2022-07-23T17:38:33.961Z INFO  client] Sending sample transaction 239
[2022-07-23T17:38:34.011Z INFO  client] Sending sample transaction 240
[2022-07-23T17:38:34.061Z INFO  client] Sending sample transaction 241
[2022-07-23T17:38:34.111Z INFO  client] Sending sample transaction 242
[2022-07-23T17:38:34.161Z INFO  client] Sending sample transaction 243
[2022-07-23T17:38:34.211Z INFO  client] Sending sample transaction 244
[2022-07-23T17:38:34.271Z INFO  client] Sending sample transaction 245
[2022-07-23T17:38:34.325Z INFO  client] Sending sample transaction 246
[2022-07-23T17:38:34.384Z INFO  client] Sending sample transaction 247
[2022-07-23T17:38:34.411Z INFO  client] Sending sample transaction 248
[2022-07-23T17:38:34.461Z INFO  client] Sending sample transaction 249
[2022-07-23T17:38:34.511Z INFO  client] Sending sample transaction 250
[2022-07-23T17:38:34.561Z INFO  client] Sending sample transaction 251
[2022-07-23T17:38:34.611Z INFO  client] Sending sample transaction 252
[2022-07-23T17:38:34.660Z INFO  client] Sending sample transaction 253
[2022-07-23T17:38:34.711Z INFO  client] Sending sample transaction 254
[2022-07-23T17:38:34.761Z INFO  client] Sending sample transaction 255
[2022-07-23T17:38:34.811Z INFO  client] Sending sample transaction 256
[2022-07-23T17:38:34.861Z INFO  client] Sending sample transaction 257
[2022-07-23T17:38:34.911Z INFO  client] Sending sample transaction 258
[2022-07-23T17:38:34.962Z INFO  client] Sending sample transaction 259
[2022-07-23T17:38:35.011Z INFO  client] Sending sample transaction 260
[2022-07-23T17:38:35.061Z INFO  client] Sending sample transaction 261
[2022-07-23T17:38:35.111Z INFO  client] Sending sample transaction 262
[2022-07-23T17:38:35.161Z INFO  client] Sending sample transaction 263
[2022-07-23T17:38:35.211Z INFO  client] Sending sample transaction 264
[2022-07-23T17:38:35.282Z INFO  client] Sending sample transaction 265
[2022-07-23T17:38:35.330Z INFO  client] Sending sample transaction 266
[2022-07-23T17:38:35.378Z INFO  client] Sending sample transaction 267
[2022-07-23T17:38:35.411Z INFO  client] Sending sample transaction 268
[2022-07-23T17:38:35.461Z INFO  client] Sending sample transaction 269
[2022-07-23T17:38:35.511Z INFO  client] Sending sample transaction 270
[2022-07-23T17:38:35.561Z INFO  client] Sending sample transaction 271
[2022-07-23T17:38:35.612Z INFO  client] Sending sample transaction 272
[2022-07-23T17:38:35.661Z INFO  client] Sending sample transaction 273
[2022-07-23T17:38:35.711Z INFO  client] Sending sample transaction 274
[2022-07-23T17:38:35.761Z INFO  client] Sending sample transaction 275
[2022-07-23T17:38:35.811Z INFO  client] Sending sample transaction 276
[2022-07-23T17:38:35.861Z INFO  client] Sending sample transaction 277
[2022-07-23T17:38:35.911Z INFO  client] Sending sample transaction 278
[2022-07-23T17:38:35.961Z INFO  client] Sending sample transaction 279
[2022-07-23T17:38:36.011Z INFO  client] Sending sample transaction 280
[2022-07-23T17:38:36.061Z INFO  client] Sending sample transaction 281
[2022-07-23T17:38:36.111Z INFO  client] Sending sample transaction 282
[2022-07-23T17:38:36.180Z INFO  client] Sending sample transaction 283
[2022-07-23T17:38:36.212Z INFO  client] Sending sample transaction 284
[2022-07-23T17:38:36.262Z INFO  client] Sending sample transaction 285
[2022-07-23T17:38:36.324Z INFO  client] Sending sample transaction 286
[2022-07-23T17:38:36.361Z INFO  client] Sending sample transaction 287
[2022-07-23T17:38:36.411Z INFO  client] Sending sample transaction 288
[2022-07-23T17:38:36.461Z INFO  client] Sending sample transaction 289
[2022-07-23T17:38:36.511Z INFO  client] Sending sample transaction 290
[2022-07-23T17:38:36.561Z INFO  client] Sending sample transaction 291
[2022-07-23T17:38:36.611Z INFO  client] Sending sample transaction 292
[2022-07-23T17:38:36.661Z INFO  client] Sending sample transaction 293
[2022-07-23T17:38:36.711Z INFO  client] Sending sample transaction 294
[2022-07-23T17:38:36.762Z INFO  client] Sending sample transaction 295
[2022-07-23T17:38:36.811Z INFO  client] Sending sample transaction 296
[2022-07-23T17:38:36.862Z INFO  client] Sending sample transaction 297
[2022-07-23T17:38:36.911Z INFO  client] Sending sample transaction 298
[2022-07-23T17:38:36.984Z INFO  client] Sending sample transaction 299
[2022-07-23T17:38:37.022Z INFO  client] Sending sample transaction 300
[2022-07-23T17:38:37.082Z INFO  client] Sending sample transaction 301
[2022-07-23T17:38:37.146Z INFO  client] Sending sample transaction 302
[2022-07-23T17:38:37.176Z INFO  client] Sending sample transaction 303
[2022-07-23T17:38:37.220Z INFO  client] Sending sample transaction 304
[2022-07-23T17:38:37.260Z INFO  client] Sending sample transaction 305
[2022-07-23T17:38:37.311Z INFO  client] Sending sample transaction 306
[2022-07-23T17:38:37.361Z INFO  client] Sending sample transaction 307
[2022-07-23T17:38:37.412Z INFO  client] Sending sample transaction 308
[2022-07-23T17:38:37.462Z INFO  client] Sending sample transaction 309
[2022-07-23T17:38:37.511Z INFO  client] Sending sample transaction 310
[2022-07-23T17:38:37.562Z INFO  client] Sending sample transaction 311
[2022-07-23T17:38:37.611Z INFO  client] Sending sample transaction 312
[2022-07-23T17:38:37.661Z INFO  client] Sending sample transaction 313
[2022-07-23T17:38:37.711Z INFO  client] Sending sample transaction 314
[2022-07-23T17:38:37.760Z INFO  client] Sending sample transaction 315
[2022-07-23T17:38:37.811Z INFO  client] Sending sample transaction 316
[2022-07-23T17:38:37.861Z INFO  client] Sending sample transaction 317
[2022-07-23T17:38:37.913Z INFO  client] Sending sample transaction 318
[2022-07-23T17:38:37.961Z INFO  client] Sending sample transaction 319
[2022-07-23T17:38:38.011Z INFO  client] Sending sample transaction 320
[2022-07-23T17:38:38.061Z INFO  client] Sending sample transaction 321
[2022-07-23T17:38:38.111Z INFO  client] Sending sample transaction 322
[2022-07-23T17:38:38.161Z INFO  client] Sending sample transaction 323
[2022-07-23T17:38:38.211Z INFO  client] Sending sample transaction 324
[2022-07-23T17:38:38.260Z INFO  client] Sending sample transaction 325
[2022-07-23T17:38:38.327Z INFO  client] Sending sample transaction 326
[2022-07-23T17:38:38.369Z INFO  client] Sending sample transaction 327
[2022-07-23T17:38:38.448Z INFO  client] Sending sample transaction 328
[2022-07-23T17:38:38.466Z INFO  client] Sending sample transaction 329
[2022-07-23T17:38:38.511Z INFO  client] Sending sample transaction 330
[2022-07-23T17:38:38.561Z INFO  client] Sending sample transaction 331
[2022-07-23T17:38:38.611Z INFO  client] Sending sample transaction 332
[2022-07-23T17:38:38.662Z INFO  client] Sending sample transaction 333
[2022-07-23T17:38:38.711Z INFO  client] Sending sample transaction 334
[2022-07-23T17:38:38.761Z INFO  client] Sending sample transaction 335
[2022-07-23T17:38:38.812Z INFO  client] Sending sample transaction 336
[2022-07-23T17:38:38.861Z INFO  client] Sending sample transaction 337
[2022-07-23T17:38:38.911Z INFO  client] Sending sample transaction 338
[2022-07-23T17:38:38.961Z INFO  client] Sending sample transaction 339
[2022-07-23T17:38:39.011Z INFO  client] Sending sample transaction 340
[2022-07-23T17:38:39.060Z INFO  client] Sending sample transaction 341
[2022-07-23T17:38:39.112Z INFO  client] Sending sample transaction 342
[2022-07-23T17:38:39.161Z INFO  client] Sending sample transaction 343
[2022-07-23T17:38:39.237Z INFO  client] Sending sample transaction 344
[2022-07-23T17:38:39.271Z INFO  client] Sending sample transaction 345
[2022-07-23T17:38:39.338Z INFO  client] Sending sample transaction 346
[2022-07-23T17:38:39.370Z INFO  client] Sending sample transaction 347
[2022-07-23T17:38:39.411Z INFO  client] Sending sample transaction 348
[2022-07-23T17:38:39.461Z INFO  client] Sending sample transaction 349
[2022-07-23T17:38:39.512Z INFO  client] Sending sample transaction 350
[2022-07-23T17:38:39.560Z INFO  client] Sending sample transaction 351
[2022-07-23T17:38:39.611Z INFO  client] Sending sample transaction 352
[2022-07-23T17:38:39.661Z INFO  client] Sending sample transaction 353
[2022-07-23T17:38:39.711Z INFO  client] Sending sample transaction 354
[2022-07-23T17:38:39.762Z INFO  client] Sending sample transaction 355
[2022-07-23T17:38:39.812Z INFO  client] Sending sample transaction 356
[2022-07-23T17:38:39.862Z INFO  client] Sending sample transaction 357
[2022-07-23T17:38:39.912Z INFO  client] Sending sample transaction 358
[2022-07-23T17:38:39.962Z INFO  client] Sending sample transaction 359
[2022-07-23T17:38:40.011Z INFO  client] Sending sample transaction 360
[2022-07-23T17:38:40.061Z INFO  client] Sending sample transaction 361
[2022-07-23T17:38:40.111Z INFO  client] Sending sample transaction 362
[2022-07-23T17:38:40.160Z INFO  client] Sending sample transaction 363
[2022-07-23T17:38:40.211Z INFO  client] Sending sample transaction 364
[2022-07-23T17:38:40.261Z INFO  client] Sending sample transaction 365
[2022-07-23T17:38:40.311Z INFO  client] Sending sample transaction 366
[2022-07-23T17:38:40.361Z INFO  client] Sending sample transaction 367
[2022-07-23T17:38:40.431Z INFO  client] Sending sample transaction 368
[2022-07-23T17:38:40.461Z INFO  client] Sending sample transaction 369
[2022-07-23T17:38:40.512Z INFO  client] Sending sample transaction 370
[2022-07-23T17:38:40.561Z INFO  client] Sending sample transaction 371
[2022-07-23T17:38:40.611Z INFO  client] Sending sample transaction 372
[2022-07-23T17:38:40.662Z INFO  client] Sending sample transaction 373
[2022-07-23T17:38:40.711Z INFO  client] Sending sample transaction 374
[2022-07-23T17:38:40.763Z INFO  client] Sending sample transaction 375
[2022-07-23T17:38:40.825Z INFO  client] Sending sample transaction 376
[2022-07-23T17:38:40.863Z INFO  client] Sending sample transaction 377
[2022-07-23T17:38:40.926Z INFO  client] Sending sample transaction 378
[2022-07-23T17:38:40.972Z INFO  client] Sending sample transaction 379
[2022-07-23T17:38:41.011Z INFO  client] Sending sample transaction 380
[2022-07-23T17:38:41.061Z INFO  client] Sending sample transaction 381
[2022-07-23T17:38:41.111Z INFO  client] Sending sample transaction 382
[2022-07-23T17:38:41.162Z INFO  client] Sending sample transaction 383
[2022-07-23T17:38:41.212Z INFO  client] Sending sample transaction 384
[2022-07-23T17:38:41.262Z INFO  client] Sending sample transaction 385
[2022-07-23T17:38:41.310Z INFO  client] Sending sample transaction 386
[2022-07-23T17:38:41.361Z INFO  client] Sending sample transaction 387
[2022-07-23T17:38:41.411Z INFO  client] Sending sample transaction 388
[2022-07-23T17:38:41.461Z INFO  client] Sending sample transaction 389
[2022-07-23T17:38:41.512Z INFO  client] Sending sample transaction 390
[2022-07-23T17:38:41.561Z INFO  client] Sending sample transaction 391
[2022-07-23T17:38:41.611Z INFO  client] Sending sample transaction 392
[2022-07-23T17:38:41.660Z INFO  client] Sending sample transaction 393
[2022-07-23T17:38:41.711Z INFO  client] Sending sample transaction 394
[2022-07-23T17:38:41.761Z INFO  client] Sending sample transaction 395
[2022-07-23T17:38:41.810Z INFO  client] Sending sample transaction 396
[2022-07-23T17:38:41.860Z INFO  client] Sending sample transaction 397
[2022-07-23T17:38:41.913Z INFO  client] Sending sample transaction 398
[2022-07-23T17:38:41.961Z INFO  client] Sending sample transaction 399
[2022-07-23T17:38:42.040Z INFO  client] Sending sample transaction 400
[2022-07-23T17:38:42.101Z INFO  client] Sending sample transaction 401
[2022-07-23T17:38:42.127Z INFO  client] Sending sample transaction 402
[2022-07-23T17:38:42.162Z INFO  client] Sending sample transaction 403
[2022-07-23T17:38:42.214Z INFO  client] Sending sample transaction 404
[2022-07-23T17:38:42.261Z INFO  client] Sending sample transaction 405
[2022-07-23T17:38:42.311Z INFO  client] Sending sample transaction 406
[2022-07-23T17:38:42.362Z INFO  client] Sending sample transaction 407
[2022-07-23T17:38:42.411Z INFO  client] Sending sample transaction 408
[2022-07-23T17:38:42.461Z INFO  client] Sending sample transaction 409
[2022-07-23T17:38:42.512Z INFO  client] Sending sample transaction 410
[2022-07-23T17:38:42.561Z INFO  client] Sending sample transaction 411
[2022-07-23T17:38:42.611Z INFO  client] Sending sample transaction 412
[2022-07-23T17:38:42.661Z INFO  client] Sending sample transaction 413
[2022-07-23T17:38:42.711Z INFO  client] Sending sample transaction 414
[2022-07-23T17:38:42.760Z INFO  client] Sending sample transaction 415
[2022-07-23T17:38:42.811Z INFO  client] Sending sample transaction 416
[2022-07-23T17:38:42.861Z INFO  client] Sending sample transaction 417
[2022-07-23T17:38:42.912Z INFO  client] Sending sample transaction 418
[2022-07-23T17:38:42.961Z INFO  client] Sending sample transaction 419
[2022-07-23T17:38:43.011Z INFO  client] Sending sample transaction 420
[2022-07-23T17:38:43.061Z INFO  client] Sending sample transaction 421
[2022-07-23T17:38:43.111Z INFO  client] Sending sample transaction 422
[2022-07-23T17:38:43.161Z INFO  client] Sending sample transaction 423
[2022-07-23T17:38:43.212Z INFO  client] Sending sample transaction 424
[2022-07-23T17:38:43.260Z INFO  client] Sending sample transaction 425
[2022-07-23T17:38:43.311Z INFO  client] Sending sample transaction 426
[2022-07-23T17:38:43.369Z INFO  client] Sending sample transaction 427
[2022-07-23T17:38:43.413Z INFO  client] Sending sample transaction 428
[2022-07-23T17:38:43.461Z INFO  client] Sending sample transaction 429
[2022-07-23T17:38:43.511Z INFO  client] Sending sample transaction 430
[2022-07-23T17:38:43.570Z INFO  client] Sending sample transaction 431
