[2022-07-23T18:46:24.321Z INFO  client] Node address: 127.0.0.1:9018
[2022-07-23T18:46:24.321Z INFO  client] Transactions size: 512 B
[2022-07-23T18:46:24.321Z INFO  client] Transactions rate: 112 tx/s
[2022-07-23T18:46:24.321Z INFO  client] Waiting for all nodes to be online...
[2022-07-23T18:46:24.321Z INFO  client] Waiting for all nodes to be synchronized...
[2022-07-23T18:46:26.325Z INFO  client] Start sending transactions
[2022-07-23T18:46:26.327Z INFO  client] Sending sample transaction 0
[2022-07-23T18:46:26.377Z INFO  client] Sending sample transaction 1
[2022-07-23T18:46:26.427Z INFO  client] Sending sample transaction 2
[2022-07-23T18:46:26.477Z INFO  client] Sending sample transaction 3
[2022-07-23T18:46:26.528Z INFO  client] Sending sample transaction 4
[2022-07-23T18:46:26.577Z INFO  client] Sending sample transaction 5
[2022-07-23T18:46:26.627Z INFO  client] Sending sample transaction 6
[2022-07-23T18:46:26.676Z INFO  client] Sending sample transaction 7
[2022-07-23T18:46:26.728Z INFO  client] Sending sample transaction 8
[2022-07-23T18:46:26.778Z INFO  client] Sending sample transaction 9
[2022-07-23T18:46:26.830Z INFO  client] Sending sample transaction 10
[2022-07-23T18:46:26.880Z INFO  client] Sending sample transaction 11
[2022-07-23T18:46:26.927Z INFO  client] Sending sample transaction 12
[2022-07-23T18:46:26.978Z INFO  client] Sending sample transaction 13
[2022-07-23T18:46:27.027Z INFO  client] Sending sample transaction 14
[2022-07-23T18:46:27.077Z INFO  client] Sending sample transaction 15
[2022-07-23T18:46:27.127Z INFO  client] Sending sample transaction 16
[2022-07-23T18:46:27.177Z INFO  client] Sending sample transaction 17
[2022-07-23T18:46:27.228Z INFO  client] Sending sample transaction 18
[2022-07-23T18:46:27.277Z INFO  client] Sending sample transaction 19
[2022-07-23T18:46:27.327Z INFO  client] Sending sample transaction 20
[2022-07-23T18:46:27.377Z INFO  client] Sending sample transaction 21
[2022-07-23T18:46:27.432Z INFO  client] Sending sample transaction 22
[2022-07-23T18:46:27.477Z INFO  client] Sending sample transaction 23
[2022-07-23T18:46:27.527Z INFO  client] Sending sample transaction 24
[2022-07-23T18:46:27.577Z INFO  client] Sending sample transaction 25
[2022-07-23T18:46:27.627Z INFO  client] Sending sample transaction 26
[2022-07-23T18:46:27.677Z INFO  client] Sending sample transaction 27
[2022-07-23T18:46:27.729Z INFO  client] Sending sample transaction 28
[2022-07-23T18:46:27.778Z INFO  client] Sending sample transaction 29
[2022-07-23T18:46:27.826Z INFO  client] Sending sample transaction 30
[2022-07-23T18:46:27.877Z INFO  client] Sending sample transaction 31
[2022-07-23T18:46:27.926Z INFO  client] Sending sample transaction 32
[2022-07-23T18:46:27.977Z INFO  client] Sending sample transaction 33
[2022-07-23T18:46:28.027Z INFO  client] Sending sample transaction 34
[2022-07-23T18:46:28.077Z INFO  client] Sending sample transaction 35
[2022-07-23T18:46:28.128Z INFO  client] Sending sample transaction 36
[2022-07-23T18:46:28.178Z INFO  client] Sending sample transaction 37
[2022-07-23T18:46:28.227Z INFO  client] Sending sample transaction 38
[2022-07-23T18:46:28.278Z INFO  client] Sending sample transaction 39
[2022-07-23T18:46:28.327Z INFO  client] Sending sample transaction 40
[2022-07-23T18:46:28.377Z INFO  client] Sending sample transaction 41
[2022-07-23T18:46:28.426Z INFO  client] Sending sample transaction 42
[2022-07-23T18:46:28.478Z INFO  client] Sending sample transaction 43
[2022-07-23T18:46:28.527Z INFO  client] Sending sample transaction 44
[2022-07-23T18:46:28.577Z INFO  client] Sending sample transaction 45
[2022-07-23T18:46:28.627Z INFO  client] Sending sample transaction 46
[2022-07-23T18:46:28.677Z INFO  client] Sending sample transaction 47
[2022-07-23T18:46:28.727Z INFO  client] Sending sample transaction 48
[2022-07-23T18:46:28.777Z INFO  client] Sending sample transaction 49
[2022-07-23T18:46:28.827Z INFO  client] Sending sample transaction 50
[2022-07-23T18:46:28.877Z INFO  client] Sending sample transaction 51
[2022-07-23T18:46:28.927Z INFO  client] Sending sample transaction 52
[2022-07-23T18:46:28.980Z INFO  client] Sending sample transaction 53
[2022-07-23T18:46:29.028Z INFO  client] Sending sample transaction 54
[2022-07-23T18:46:29.076Z INFO  client] Sending sample transaction 55
[2022-07-23T18:46:29.127Z INFO  client] Sending sample transaction 56
[2022-07-23T18:46:29.178Z INFO  client] Sending sample transaction 57
[2022-07-23T18:46:29.227Z INFO  client] Sending sample transaction 58
[2022-07-23T18:46:29.278Z INFO  client] Sending sample transaction 59
[2022-07-23T18:46:29.327Z INFO  client] Sending sample transaction 60
[2022-07-23T18:46:29.377Z INFO  client] Sending sample transaction 61
[2022-07-23T18:46:29.426Z INFO  client] Sending sample transaction 62
[2022-07-23T18:46:29.477Z INFO  client] Sending sample transaction 63
[2022-07-23T18:46:29.527Z INFO  client] Sending sample transaction 64
[2022-07-23T18:46:29.577Z INFO  client] Sending sample transaction 65
[2022-07-23T18:46:29.626Z INFO  client] Sending sample transaction 66
[2022-07-23T18:46:29.676Z INFO  client] Sending sample transaction 67
[2022-07-23T18:46:29.727Z INFO  client] Sending sample transaction 68
[2022-07-23T18:46:29.778Z INFO  client] Sending sample transaction 69
[2022-07-23T18:46:29.827Z INFO  client] Sending sample transaction 70
[2022-07-23T18:46:29.878Z INFO  client] Sending sample transaction 71
[2022-07-23T18:46:29.927Z INFO  client] Sending sample transaction 72
[2022-07-23T18:46:29.978Z INFO  client] Sending sample transaction 73
[2022-07-23T18:46:30.033Z INFO  client] Sending sample transaction 74
[2022-07-23T18:46:30.077Z INFO  client] Sending sample transaction 75
[2022-07-23T18:46:30.126Z INFO  client] Sending sample transaction 76
[2022-07-23T18:46:30.177Z INFO  client] Sending sample transaction 77
[2022-07-23T18:46:30.227Z INFO  client] Sending sample transaction 78
[2022-07-23T18:46:30.277Z INFO  client] Sending sample transaction 79
[2022-07-23T18:46:30.327Z INFO  client] Sending sample transaction 80
[2022-07-23T18:46:30.376Z INFO  client] Sending sample transaction 81
[2022-07-23T18:46:30.426Z INFO  client] Sending sample transaction 82
[2022-07-23T18:46:30.477Z INFO  client] Sending sample transaction 83
[2022-07-23T18:46:30.528Z INFO  client] Sending sample transaction 84
[2022-07-23T18:46:30.577Z INFO  client] Sending sample transaction 85
[2022-07-23T18:46:30.627Z INFO  client] Sending sample transaction 86
[2022-07-23T18:46:30.678Z INFO  client] Sending sample transaction 87
[2022-07-23T18:46:30.728Z INFO  client] Sending sample transaction 88
[2022-07-23T18:46:30.778Z INFO  client] Sending sample transaction 89
[2022-07-23T18:46:30.827Z INFO  client] Sending sample transaction 90
[2022-07-23T18:46:30.878Z INFO  client] Sending sample transaction 91
[2022-07-23T18:46:30.928Z INFO  client] Sending sample transaction 92
[2022-07-23T18:46:30.977Z INFO  client] Sending sample transaction 93
[2022-07-23T18:46:31.027Z INFO  client] Sending sample transaction 94
[2022-07-23T18:46:31.080Z INFO  client] Sending sample transaction 95
[2022-07-23T18:46:31.127Z INFO  client] Sending sample transaction 96
[2022-07-23T18:46:31.177Z INFO  client] Sending sample transaction 97
[2022-07-23T18:46:31.227Z INFO  client] Sending sample transaction 98
[2022-07-23T18:46:31.278Z INFO  client] Sending sample transaction 99
[2022-07-23T18:46:31.326Z INFO  client] Sending sample transaction 100
[2022-07-23T18:46:31.377Z INFO  client] Sending sample transaction 101
[2022-07-23T18:46:31.426Z INFO  client] Sending sample transaction 102
[2022-07-23T18:46:31.477Z INFO  client] Sending sample transaction 103
[2022-07-23T18:46:31.529Z INFO  client] Sending sample transaction 104
[2022-07-23T18:46:31.577Z INFO  client] Sending sample transaction 105
[2022-07-23T18:46:31.626Z INFO  client] Sending sample transaction 106
[2022-07-23T18:46:31.677Z INFO  client] Sending sample transaction 107
[2022-07-23T18:46:31.728Z INFO  client] Sending sample transaction 108
[2022-07-23T18:46:31.777Z INFO  client] Sending sample transaction 109
[2022-07-23T18:46:31.827Z INFO  client] Sending sample transaction 110
[2022-07-23T18:46:31.877Z INFO  client] Sending sample transaction 111
[2022-07-23T18:46:31.927Z INFO  client] Sending sample transaction 112
[2022-07-23T18:46:31.978Z INFO  client] Sending sample transaction 113
[2022-07-23T18:46:32.027Z INFO  client] Sending sample transaction 114
[2022-07-23T18:46:32.076Z INFO  client] Sending sample transaction 115
[2022-07-23T18:46:32.149Z INFO  client] Sending sample transaction 116
[2022-07-23T18:46:32.177Z INFO  client] Sending sample transaction 117
[2022-07-23T18:46:32.227Z INFO  client] Sending sample transaction 118
[2022-07-23T18:46:32.277Z INFO  client] Sending sample transaction 119
[2022-07-23T18:46:32.326Z INFO  client] Sending sample transaction 120
[2022-07-23T18:46:32.379Z INFO  client] Sending sample transaction 121
[2022-07-23T18:46:32.427Z INFO  client] Sending sample transaction 122
[2022-07-23T18:46:32.477Z INFO  client] Sending sample transaction 123
[2022-07-23T18:46:32.527Z INFO  client] Sending sample transaction 124
[2022-07-23T18:46:32.576Z INFO  client] Sending sample transaction 125
[2022-07-23T18:46:32.626Z INFO  client] Sending sample transaction 126
[2022-07-23T18:46:32.677Z INFO  client] Sending sample transaction 127
[2022-07-23T18:46:32.727Z INFO  client] Sending sample transaction 128
[2022-07-23T18:46:32.778Z INFO  client] Sending sample transaction 129
[2022-07-23T18:46:32.827Z INFO  client] Sending sample transaction 130
[2022-07-23T18:46:32.878Z INFO  client] Sending sample transaction 131
[2022-07-23T18:46:32.927Z INFO  client] Sending sample transaction 132
[2022-07-23T18:46:32.977Z INFO  client] Sending sample transaction 133
[2022-07-23T18:46:33.027Z INFO  client] Sending sample transaction 134
[2022-07-23T18:46:33.078Z INFO  client] Sending sample transaction 135
[2022-07-23T18:46:33.127Z INFO  client] Sending sample transaction 136
[2022-07-23T18:46:33.181Z INFO  client] Sending sample transaction 137
[2022-07-23T18:46:33.227Z INFO  client] Sending sample transaction 138
[2022-07-23T18:46:33.277Z INFO  client] Sending sample transaction 139
[2022-07-23T18:46:33.326Z INFO  client] Sending sample transaction 140
[2022-07-23T18:46:33.378Z INFO  client] Sending sample transaction 141
[2022-07-23T18:46:33.427Z INFO  client] Sending sample transaction 142
[2022-07-23T18:46:33.477Z INFO  client] Sending sample transaction 143
[2022-07-23T18:46:33.527Z INFO  client] Sending sample transaction 144
[2022-07-23T18:46:33.577Z INFO  client] Sending sample transaction 145
[2022-07-23T18:46:33.628Z INFO  client] Sending sample transaction 146
[2022-07-23T18:46:33.676Z INFO  client] Sending sample transaction 147
[2022-07-23T18:46:33.727Z INFO  client] Sending sample transaction 148
[2022-07-23T18:46:33.778Z INFO  client] Sending sample transaction 149
[2022-07-23T18:46:33.826Z INFO  client] Sending sample transaction 150
[2022-07-23T18:46:33.877Z INFO  client] Sending sample transaction 151
[2022-07-23T18:46:33.927Z INFO  client] Sending sample transaction 152
[2022-07-23T18:46:33.978Z INFO  client] Sending sample transaction 153
[2022-07-23T18:46:34.028Z INFO  client] Sending sample transaction 154
[2022-07-23T18:46:34.076Z INFO  client] Sending sample transaction 155
[2022-07-23T18:46:34.127Z INFO  client] Sending sample transaction 156
[2022-07-23T18:46:34.178Z INFO  client] Sending sample transaction 157
[2022-07-23T18:46:34.228Z INFO  client] Sending sample transaction 158
[2022-07-23T18:46:34.277Z INFO  client] Sending sample transaction 159
[2022-07-23T18:46:34.327Z INFO  client] Sending sample transaction 160
[2022-07-23T18:46:34.377Z INFO  client] Sending sample transaction 161
[2022-07-23T18:46:34.427Z INFO  client] Sending sample transaction 162
[2022-07-23T18:46:34.477Z INFO  client] Sending sample transaction 163
[2022-07-23T18:46:34.527Z INFO  client] Sending sample transaction 164
[2022-07-23T18:46:34.576Z INFO  client] Sending sample transaction 165
[2022-07-23T18:46:34.626Z INFO  client] Sending sample transaction 166
[2022-07-23T18:46:34.677Z INFO  client] Sending sample transaction 167
[2022-07-23T18:46:34.728Z INFO  client] Sending sample transaction 168
[2022-07-23T18:46:34.779Z INFO  client] Sending sample transaction 169
[2022-07-23T18:46:34.827Z INFO  client] Sending sample transaction 170
[2022-07-23T18:46:34.877Z INFO  client] Sending sample transaction 171
[2022-07-23T18:46:34.927Z INFO  client] Sending sample transaction 172
[2022-07-23T18:46:34.977Z INFO  client] Sending sample transaction 173
[2022-07-23T18:46:35.029Z INFO  client] Sending sample transaction 174
[2022-07-23T18:46:35.077Z INFO  client] Sending sample transaction 175
[2022-07-23T18:46:35.128Z INFO  client] Sending sample transaction 176
[2022-07-23T18:46:35.177Z INFO  client] Sending sample transaction 177
[2022-07-23T18:46:35.229Z INFO  client] Sending sample transaction 178
[2022-07-23T18:46:35.296Z INFO  client] Sending sample transaction 179
[2022-07-23T18:46:35.333Z INFO  client] Sending sample transaction 180
[2022-07-23T18:46:35.377Z INFO  client] Sending sample transaction 181
[2022-07-23T18:46:35.428Z INFO  client] Sending sample transaction 182
[2022-07-23T18:46:35.478Z INFO  client] Sending sample transaction 183
[2022-07-23T18:46:35.527Z INFO  client] Sending sample transaction 184
[2022-07-23T18:46:35.577Z INFO  client] Sending sample transaction 185
[2022-07-23T18:46:35.626Z INFO  client] Sending sample transaction 186
[2022-07-23T18:46:35.677Z INFO  client] Sending sample transaction 187
[2022-07-23T18:46:35.728Z INFO  client] Sending sample transaction 188
[2022-07-23T18:46:35.777Z INFO  client] Sending sample transaction 189
[2022-07-23T18:46:35.826Z INFO  client] Sending sample transaction 190
[2022-07-23T18:46:35.876Z INFO  client] Sending sample transaction 191
[2022-07-23T18:46:35.927Z INFO  client] Sending sample transaction 192
[2022-07-23T18:46:35.976Z INFO  client] Sending sample transaction 193
[2022-07-23T18:46:36.027Z INFO  client] Sending sample transaction 194
[2022-07-23T18:46:36.076Z INFO  client] Sending sample transaction 195
[2022-07-23T18:46:36.126Z INFO  client] Sending sample transaction 196
[2022-07-23T18:46:36.177Z INFO  client] Sending sample transaction 197
[2022-07-23T18:46:36.228Z INFO  client] Sending sample transaction 198
[2022-07-23T18:46:36.277Z INFO  client] Sending sample transaction 199
[2022-07-23T18:46:36.327Z INFO  client] Sending sample transaction 200
[2022-07-23T18:46:36.377Z INFO  client] Sending sample transaction 201
[2022-07-23T18:46:36.427Z INFO  client] Sending sample transaction 202
[2022-07-23T18:46:36.477Z INFO  client] Sending sample transaction 203
[2022-07-23T18:46:36.527Z INFO  client] Sending sample transaction 204
[2022-07-23T18:46:36.576Z INFO  client] Sending sample transaction 205
[2022-07-23T18:46:36.626Z INFO  client] Sending sample transaction 206
[2022-07-23T18:46:36.678Z INFO  client] Sending sample transaction 207
[2022-07-23T18:46:36.728Z INFO  client] Sending sample transaction 208
[2022-07-23T18:46:36.779Z INFO  client] Sending sample transaction 209
[2022-07-23T18:46:36.828Z INFO  client] Sending sample transaction 210
[2022-07-23T18:46:36.876Z INFO  client] Sending sample transaction 211
[2022-07-23T18:46:36.927Z INFO  client] Sending sample transaction 212
[2022-07-23T18:46:36.977Z INFO  client] Sending sample transaction 213
[2022-07-23T18:46:37.027Z INFO  client] Sending sample transaction 214
[2022-07-23T18:46:37.077Z INFO  client] Sending sample transaction 215
[2022-07-23T18:46:37.126Z INFO  client] Sending sample transaction 216
[2022-07-23T18:46:37.177Z INFO  client] Sending sample transaction 217
[2022-07-23T18:46:37.227Z INFO  client] Sending sample transaction 218
[2022-07-23T18:46:37.279Z INFO  client] Sending sample transaction 219
[2022-07-23T18:46:37.326Z INFO  client] Sending sample transaction 220
[2022-07-23T18:46:37.397Z INFO  client] Sending sample transaction 221
[2022-07-23T18:46:37.428Z INFO  client] Sending sample transaction 222
[2022-07-23T18:46:37.477Z INFO  client] Sending sample transaction 223
[2022-07-23T18:46:37.527Z INFO  client] Sending sample transaction 224
[2022-07-23T18:46:37.577Z INFO  client] Sending sample transaction 225
[2022-07-23T18:46:37.627Z INFO  client] Sending sample transaction 226
[2022-07-23T18:46:37.677Z INFO  client] Sending sample transaction 227
[2022-07-23T18:46:37.727Z INFO  client] Sending sample transaction 228
[2022-07-23T18:46:37.776Z INFO  client] Sending sample transaction 229
[2022-07-23T18:46:37.827Z INFO  client] Sending sample transaction 230
[2022-07-23T18:46:37.877Z INFO  client] Sending sample transaction 231
[2022-07-23T18:46:37.926Z INFO  client] Sending sample transaction 232
[2022-07-23T18:46:37.977Z INFO  client] Sending sample transaction 233
[2022-07-23T18:46:38.027Z INFO  client] Sending sample transaction 234
[2022-07-23T18:46:38.077Z INFO  client] Sending sample transaction 235
[2022-07-23T18:46:38.127Z INFO  client] Sending sample transaction 236
[2022-07-23T18:46:38.177Z INFO  client] Sending sample transaction 237
[2022-07-23T18:46:38.226Z INFO  client] Sending sample transaction 238
[2022-07-23T18:46:38.277Z INFO  client] Sending sample transaction 239
[2022-07-23T18:46:38.326Z INFO  client] Sending sample transaction 240
[2022-07-23T18:46:38.377Z INFO  client] Sending sample transaction 241
[2022-07-23T18:46:38.427Z INFO  client] Sending sample transaction 242
[2022-07-23T18:46:38.477Z INFO  client] Sending sample transaction 243
[2022-07-23T18:46:38.527Z INFO  client] Sending sample transaction 244
[2022-07-23T18:46:38.577Z INFO  client] Sending sample transaction 245
[2022-07-23T18:46:38.627Z INFO  client] Sending sample transaction 246
[2022-07-23T18:46:38.676Z INFO  client] Sending sample transaction 247
[2022-07-23T18:46:38.726Z INFO  client] Sending sample transaction 248
[2022-07-23T18:46:38.777Z INFO  client] Sending sample transaction 249
[2022-07-23T18:46:38.827Z INFO  client] Sending sample transaction 250
[2022-07-23T18:46:38.876Z INFO  client] Sending sample transaction 251
[2022-07-23T18:46:38.927Z INFO  client] Sending sample transaction 252
[2022-07-23T18:46:38.977Z INFO  client] Sending sample transaction 253
[2022-07-23T18:46:39.028Z INFO  client] Sending sample transaction 254
[2022-07-23T18:46:39.078Z INFO  client] Sending sample transaction 255
[2022-07-23T18:46:39.126Z INFO  client] Sending sample transaction 256
[2022-07-23T18:46:39.177Z INFO  client] Sending sample transaction 257
[2022-07-23T18:46:39.227Z INFO  client] Sending sample transaction 258
[2022-07-23T18:46:39.276Z INFO  client] Sending sample transaction 259
[2022-07-23T18:46:39.327Z INFO  client] Sending sample transaction 260
[2022-07-23T18:46:39.376Z INFO  client] Sending sample transaction 261
[2022-07-23T18:46:39.427Z INFO  client] Sending sample transaction 262
[2022-07-23T18:46:39.478Z INFO  client] Sending sample transaction 263
[2022-07-23T18:46:39.527Z INFO  client] Sending sample transaction 264
[2022-07-23T18:46:39.576Z INFO  client] Sending sample transaction 265
[2022-07-23T18:46:39.627Z INFO  client] Sending sample transaction 266
[2022-07-23T18:46:39.677Z INFO  client] Sending sample transaction 267
[2022-07-23T18:46:39.727Z INFO  client] Sending sample transaction 268
[2022-07-23T18:46:39.777Z INFO  client] Sending sample transaction 269
[2022-07-23T18:46:39.826Z INFO  client] Sending sample transaction 270
[2022-07-23T18:46:39.877Z INFO  client] Sending sample transaction 271
[2022-07-23T18:46:39.927Z INFO  client] Sending sample transaction 272
[2022-07-23T18:46:39.977Z INFO  client] Sending sample transaction 273
[2022-07-23T18:46:40.026Z INFO  client] Sending sample transaction 274
[2022-07-23T18:46:40.076Z INFO  client] Sending sample transaction 275
[2022-07-23T18:46:40.127Z INFO  client] Sending sample transaction 276
[2022-07-23T18:46:40.177Z INFO  client] Sending sample transaction 277
[2022-07-23T18:46:40.227Z INFO  client] Sending sample transaction 278
[2022-07-23T18:46:40.276Z INFO  client] Sending sample transaction 279
[2022-07-23T18:46:40.327Z INFO  client] Sending sample transaction 280
[2022-07-23T18:46:40.376Z INFO  client] Sending sample transaction 281
[2022-07-23T18:46:40.427Z INFO  client] Sending sample transaction 282
[2022-07-23T18:46:40.477Z INFO  client] Sending sample transaction 283
[2022-07-23T18:46:40.527Z INFO  client] Sending sample transaction 284
[2022-07-23T18:46:40.577Z INFO  client] Sending sample transaction 285
[2022-07-23T18:46:40.627Z INFO  client] Sending sample transaction 286
[2022-07-23T18:46:40.677Z INFO  client] Sending sample transaction 287
[2022-07-23T18:46:40.727Z INFO  client] Sending sample transaction 288
[2022-07-23T18:46:40.777Z INFO  client] Sending sample transaction 289
[2022-07-23T18:46:40.826Z INFO  client] Sending sample transaction 290
[2022-07-23T18:46:40.877Z INFO  client] Sending sample transaction 291
[2022-07-23T18:46:40.927Z INFO  client] Sending sample transaction 292
[2022-07-23T18:46:40.977Z INFO  client] Sending sample transaction 293
[2022-07-23T18:46:41.031Z INFO  client] Sending sample transaction 294
[2022-07-23T18:46:41.077Z INFO  client] Sending sample transaction 295
[2022-07-23T18:46:41.126Z INFO  client] Sending sample transaction 296
[2022-07-23T18:46:41.177Z INFO  client] Sending sample transaction 297
[2022-07-23T18:46:41.228Z INFO  client] Sending sample transaction 298
[2022-07-23T18:46:41.277Z INFO  client] Sending sample transaction 299
[2022-07-23T18:46:41.327Z INFO  client] Sending sample transaction 300
[2022-07-23T18:46:41.378Z INFO  client] Sending sample transaction 301
[2022-07-23T18:46:41.427Z INFO  client] Sending sample transaction 302
[2022-07-23T18:46:41.477Z INFO  client] Sending sample transaction 303
[2022-07-23T18:46:41.528Z INFO  client] Sending sample transaction 304
[2022-07-23T18:46:41.586Z INFO  client] Sending sample transaction 305
[2022-07-23T18:46:41.637Z INFO  client] Sending sample transaction 306
[2022-07-23T18:46:41.686Z INFO  client] Sending sample transaction 307
[2022-07-23T18:46:41.726Z INFO  client] Sending sample transaction 308
[2022-07-23T18:46:41.776Z INFO  client] Sending sample transaction 309
[2022-07-23T18:46:41.827Z INFO  client] Sending sample transaction 310
[2022-07-23T18:46:41.877Z INFO  client] Sending sample transaction 311
[2022-07-23T18:46:41.926Z INFO  client] Sending sample transaction 312
[2022-07-23T18:46:41.976Z INFO  client] Sending sample transaction 313
[2022-07-23T18:46:42.028Z INFO  client] Sending sample transaction 314
[2022-07-23T18:46:42.076Z INFO  client] Sending sample transaction 315
[2022-07-23T18:46:42.126Z INFO  client] Sending sample transaction 316
[2022-07-23T18:46:42.176Z INFO  client] Sending sample transaction 317
[2022-07-23T18:46:42.226Z INFO  client] Sending sample transaction 318
[2022-07-23T18:46:42.276Z INFO  client] Sending sample transaction 319
[2022-07-23T18:46:42.327Z INFO  client] Sending sample transaction 320
[2022-07-23T18:46:42.376Z INFO  client] Sending sample transaction 321
[2022-07-23T18:46:42.427Z INFO  client] Sending sample transaction 322
[2022-07-23T18:46:42.476Z INFO  client] Sending sample transaction 323
[2022-07-23T18:46:42.527Z INFO  client] Sending sample transaction 324
[2022-07-23T18:46:42.576Z INFO  client] Sending sample transaction 325
[2022-07-23T18:46:42.627Z INFO  client] Sending sample transaction 326
[2022-07-23T18:46:42.676Z INFO  client] Sending sample transaction 327
[2022-07-23T18:46:42.726Z INFO  client] Sending sample transaction 328
[2022-07-23T18:46:42.777Z INFO  client] Sending sample transaction 329
[2022-07-23T18:46:42.826Z INFO  client] Sending sample transaction 330
[2022-07-23T18:46:42.877Z INFO  client] Sending sample transaction 331
[2022-07-23T18:46:42.927Z INFO  client] Sending sample transaction 332
[2022-07-23T18:46:42.976Z INFO  client] Sending sample transaction 333
[2022-07-23T18:46:43.027Z INFO  client] Sending sample transaction 334
[2022-07-23T18:46:43.077Z INFO  client] Sending sample transaction 335
[2022-07-23T18:46:43.128Z INFO  client] Sending sample transaction 336
[2022-07-23T18:46:43.177Z INFO  client] Sending sample transaction 337
[2022-07-23T18:46:43.226Z INFO  client] Sending sample transaction 338
[2022-07-23T18:46:43.277Z INFO  client] Sending sample transaction 339
[2022-07-23T18:46:43.327Z INFO  client] Sending sample transaction 340
[2022-07-23T18:46:43.377Z INFO  client] Sending sample transaction 341
[2022-07-23T18:46:43.427Z INFO  client] Sending sample transaction 342
[2022-07-23T18:46:43.477Z INFO  client] Sending sample transaction 343
[2022-07-23T18:46:43.527Z INFO  client] Sending sample transaction 344
[2022-07-23T18:46:43.576Z INFO  client] Sending sample transaction 345
[2022-07-23T18:46:43.626Z INFO  client] Sending sample transaction 346
[2022-07-23T18:46:43.676Z INFO  client] Sending sample transaction 347
[2022-07-23T18:46:43.740Z INFO  client] Sending sample transaction 348
[2022-07-23T18:46:43.780Z INFO  client] Sending sample transaction 349
[2022-07-23T18:46:43.827Z INFO  client] Sending sample transaction 350
[2022-07-23T18:46:43.878Z INFO  client] Sending sample transaction 351
[2022-07-23T18:46:43.927Z INFO  client] Sending sample transaction 352
[2022-07-23T18:46:43.978Z INFO  client] Sending sample transaction 353
[2022-07-23T18:46:44.027Z INFO  client] Sending sample transaction 354
[2022-07-23T18:46:44.077Z INFO  client] Sending sample transaction 355
[2022-07-23T18:46:44.127Z INFO  client] Sending sample transaction 356
[2022-07-23T18:46:44.177Z INFO  client] Sending sample transaction 357
[2022-07-23T18:46:44.229Z INFO  client] Sending sample transaction 358
[2022-07-23T18:46:44.281Z INFO  client] Sending sample transaction 359
[2022-07-23T18:46:44.326Z INFO  client] Sending sample transaction 360
[2022-07-23T18:46:44.377Z INFO  client] Sending sample transaction 361
[2022-07-23T18:46:44.427Z INFO  client] Sending sample transaction 362
[2022-07-23T18:46:44.477Z INFO  client] Sending sample transaction 363
[2022-07-23T18:46:44.529Z INFO  client] Sending sample transaction 364
[2022-07-23T18:46:44.576Z INFO  client] Sending sample transaction 365
[2022-07-23T18:46:44.627Z INFO  client] Sending sample transaction 366
[2022-07-23T18:46:44.677Z INFO  client] Sending sample transaction 367
[2022-07-23T18:46:44.727Z INFO  client] Sending sample transaction 368
[2022-07-23T18:46:44.777Z INFO  client] Sending sample transaction 369
[2022-07-23T18:46:44.826Z INFO  client] Sending sample transaction 370
[2022-07-23T18:46:44.876Z INFO  client] Sending sample transaction 371
[2022-07-23T18:46:44.927Z INFO  client] Sending sample transaction 372
[2022-07-23T18:46:44.978Z INFO  client] Sending sample transaction 373
[2022-07-23T18:46:45.028Z INFO  client] Sending sample transaction 374
[2022-07-23T18:46:45.076Z INFO  client] Sending sample transaction 375
[2022-07-23T18:46:45.127Z INFO  client] Sending sample transaction 376
[2022-07-23T18:46:45.177Z INFO  client] Sending sample transaction 377
[2022-07-23T18:46:45.226Z INFO  client] Sending sample transaction 378
[2022-07-23T18:46:45.277Z INFO  client] Sending sample transaction 379
[2022-07-23T18:46:45.328Z INFO  client] Sending sample transaction 380
[2022-07-23T18:46:45.377Z INFO  client] Sending sample transaction 381
[2022-07-23T18:46:45.427Z INFO  client] Sending sample transaction 382
[2022-07-23T18:46:45.477Z INFO  client] Sending sample transaction 383
[2022-07-23T18:46:45.530Z INFO  client] Sending sample transaction 384
[2022-07-23T18:46:45.577Z INFO  client] Sending sample transaction 385
[2022-07-23T18:46:45.627Z INFO  client] Sending sample transaction 386
[2022-07-23T18:46:45.677Z INFO  client] Sending sample transaction 387
[2022-07-23T18:46:45.729Z INFO  client] Sending sample transaction 388
[2022-07-23T18:46:45.779Z INFO  client] Sending sample transaction 389
[2022-07-23T18:46:45.830Z INFO  client] Sending sample transaction 390
[2022-07-23T18:46:45.877Z INFO  client] Sending sample transaction 391
[2022-07-23T18:46:45.927Z INFO  client] Sending sample transaction 392
[2022-07-23T18:46:45.977Z INFO  client] Sending sample transaction 393
[2022-07-23T18:46:46.028Z INFO  client] Sending sample transaction 394
[2022-07-23T18:46:46.076Z INFO  client] Sending sample transaction 395
[2022-07-23T18:46:46.127Z INFO  client] Sending sample transaction 396
[2022-07-23T18:46:46.177Z INFO  client] Sending sample transaction 397
[2022-07-23T18:46:46.227Z INFO  client] Sending sample transaction 398
[2022-07-23T18:46:46.277Z INFO  client] Sending sample transaction 399
[2022-07-23T18:46:46.327Z INFO  client] Sending sample transaction 400
[2022-07-23T18:46:46.377Z INFO  client] Sending sample transaction 401
[2022-07-23T18:46:46.427Z INFO  client] Sending sample transaction 402
[2022-07-23T18:46:46.477Z INFO  client] Sending sample transaction 403
[2022-07-23T18:46:46.527Z INFO  client] Sending sample transaction 404
[2022-07-23T18:46:46.577Z INFO  client] Sending sample transaction 405
[2022-07-23T18:46:46.627Z INFO  client] Sending sample transaction 406
[2022-07-23T18:46:46.677Z INFO  client] Sending sample transaction 407
[2022-07-23T18:46:46.728Z INFO  client] Sending sample transaction 408
[2022-07-23T18:46:46.777Z INFO  client] Sending sample transaction 409
[2022-07-23T18:46:46.827Z INFO  client] Sending sample transaction 410
[2022-07-23T18:46:46.877Z INFO  client] Sending sample transaction 411
[2022-07-23T18:46:46.926Z INFO  client] Sending sample transaction 412
[2022-07-23T18:46:46.977Z INFO  client] Sending sample transaction 413
[2022-07-23T18:46:47.027Z INFO  client] Sending sample transaction 414
[2022-07-23T18:46:47.077Z INFO  client] Sending sample transaction 415
[2022-07-23T18:46:47.127Z INFO  client] Sending sample transaction 416
[2022-07-23T18:46:47.177Z INFO  client] Sending sample transaction 417
[2022-07-23T18:46:47.227Z INFO  client] Sending sample transaction 418
