[2022-07-23T18:46:24.025Z INFO  client] Node address: 127.0.0.1:9012
[2022-07-23T18:46:24.025Z INFO  client] Transactions size: 512 B
[2022-07-23T18:46:24.025Z INFO  client] Transactions rate: 112 tx/s
[2022-07-23T18:46:24.025Z INFO  client] Waiting for all nodes to be online...
[2022-07-23T18:46:24.025Z INFO  client] Waiting for all nodes to be synchronized...
[2022-07-23T18:46:26.028Z INFO  client] Start sending transactions
[2022-07-23T18:46:26.030Z INFO  client] Sending sample transaction 0
[2022-07-23T18:46:26.080Z INFO  client] Sending sample transaction 1
[2022-07-23T18:46:26.130Z INFO  client] Sending sample transaction 2
[2022-07-23T18:46:26.181Z INFO  client] Sending sample transaction 3
[2022-07-23T18:46:26.231Z INFO  client] Sending sample transaction 4
[2022-07-23T18:46:26.280Z INFO  client] Sending sample transaction 5
[2022-07-23T18:46:26.331Z INFO  client] Sending sample transaction 6
[2022-07-23T18:46:26.381Z INFO  client] Sending sample transaction 7
[2022-07-23T18:46:26.431Z INFO  client] Sending sample transaction 8
[2022-07-23T18:46:26.481Z INFO  client] Sending sample transaction 9
[2022-07-23T18:46:26.530Z INFO  client] Sending sample transaction 10
[2022-07-23T18:46:26.581Z INFO  client] Sending sample transaction 11
[2022-07-23T18:46:26.630Z INFO  client] Sending sample transaction 12
[2022-07-23T18:46:26.680Z INFO  client] Sending sample transaction 13
[2022-07-23T18:46:26.731Z INFO  client] Sending sample transaction 14
[2022-07-23T18:46:26.784Z INFO  client] Sending sample transaction 15
[2022-07-23T18:46:26.838Z INFO  client] Sending sample transaction 16
[2022-07-23T18:46:26.884Z INFO  client] Sending sample transaction 17
[2022-07-23T18:46:26.931Z INFO  client] Sending sample transaction 18
[2022-07-23T18:46:26.981Z INFO  client] Sending sample transaction 19
[2022-07-23T18:46:27.029Z INFO  client] Sending sample transaction 20
[2022-07-23T18:46:27.080Z INFO  client] Sending sample transaction 21
[2022-07-23T18:46:27.131Z INFO  client] Sending sample transaction 22
[2022-07-23T18:46:27.181Z INFO  client] Sending sample transaction 23
[2022-07-23T18:46:27.231Z INFO  client] Sending sample transaction 24
[2022-07-23T18:46:27.280Z INFO  client] Sending sample transaction 25
[2022-07-23T18:46:27.330Z INFO  client] Sending sample transaction 26
[2022-07-23T18:46:27.381Z INFO  client] Sending sample transaction 27
[2022-07-23T18:46:27.433Z INFO  client] Sending sample transaction 28
[2022-07-23T18:46:27.480Z INFO  client] Sending sample transaction 29
[2022-07-23T18:46:27.530Z INFO  client] Sending sample transaction 30
[2022-07-23T18:46:27.581Z INFO  client] Sending sample transaction 31
[2022-07-23T18:46:27.630Z INFO  client] Sending sample transaction 32
[2022-07-23T18:46:27.681Z INFO  client] Sending sample transaction 33
[2022-07-23T18:46:27.736Z INFO  client] Sending sample transaction 34
[2022-07-23T18:46:27.780Z INFO  client] Sending sample transaction 35
[2022-07-23T18:46:27.830Z INFO  client] Sending sample transaction 36
[2022-07-23T18:46:27.881Z INFO  client] Sending sample transaction 37
[2022-07-23T18:46:27.937Z INFO  client] Sending sample transaction 38
[2022-07-23T18:46:27.980Z INFO  client] Sending sample transaction 39
[2022-07-23T18:46:28.030Z INFO  client] Sending sample transaction 40
[2022-07-23T18:46:28.080Z INFO  client] Sending sample transaction 41
[2022-07-23T18:46:28.130Z INFO  client] Sending sample transaction 42
[2022-07-23T18:46:28.181Z INFO  client] Sending sample transaction 43
[2022-07-23T18:46:28.230Z INFO  client] Sending sample transaction 44
[2022-07-23T18:46:28.280Z INFO  client] Sending sample transaction 45
[2022-07-23T18:46:28.330Z INFO  client] Sending sample transaction 46
[2022-07-23T18:46:28.380Z INFO  client] Sending sample transaction 47
[2022-07-23T18:46:28.432Z INFO  client] Sending sample transaction 48
[2022-07-23T18:46:28.481Z INFO  client] Sending sample transaction 49
[2022-07-23T18:46:28.531Z INFO  client] Sending sample transaction 50
[2022-07-23T18:46:28.580Z INFO  client] Sending sample transaction 51
[2022-07-23T18:46:28.629Z INFO  client] Sending sample transaction 52
[2022-07-23T18:46:28.680Z INFO  client] Sending sample transaction 53
[2022-07-23T18:46:28.730Z INFO  client] Sending sample transaction 54
[2022-07-23T18:46:28.780Z INFO  client] Sending sample transaction 55
[2022-07-23T18:46:28.830Z INFO  client] Sending sample transaction 56
[2022-07-23T18:46:28.880Z INFO  client] Sending sample transaction 57
[2022-07-23T18:46:28.930Z INFO  client] Sending sample transaction 58
[2022-07-23T18:46:28.981Z INFO  client] Sending sample transaction 59
[2022-07-23T18:46:29.030Z INFO  client] Sending sample transaction 60
[2022-07-23T18:46:29.080Z INFO  client] Sending sample transaction 61
[2022-07-23T18:46:29.131Z INFO  client] Sending sample transaction 62
[2022-07-23T18:46:29.180Z INFO  client] Sending sample transaction 63
[2022-07-23T18:46:29.230Z INFO  client] Sending sample transaction 64
[2022-07-23T18:46:29.280Z INFO  client] Sending sample transaction 65
[2022-07-23T18:46:29.331Z INFO  client] Sending sample transaction 66
[2022-07-23T18:46:29.381Z INFO  client] Sending sample transaction 67
[2022-07-23T18:46:29.430Z INFO  client] Sending sample transaction 68
[2022-07-23T18:46:29.480Z INFO  client] Sending sample transaction 69
[2022-07-23T18:46:29.529Z INFO  client] Sending sample transaction 70
[2022-07-23T18:46:29.579Z INFO  client] Sending sample transaction 71
[2022-07-23T18:46:29.631Z INFO  client] Sending sample transaction 72
[2022-07-23T18:46:29.680Z INFO  client] Sending sample transaction 73
[2022-07-23T18:46:29.730Z INFO  client] Sending sample transaction 74
[2022-07-23T18:46:29.781Z INFO  client] Sending sample transaction 75
[2022-07-23T18:46:29.829Z INFO  client] Sending sample transaction 76
[2022-07-23T18:46:29.883Z INFO  client] Sending sample transaction 77
[2022-07-23T18:46:29.930Z INFO  client] Sending sample transaction 78
[2022-07-23T18:46:29.981Z INFO  client] Sending sample transaction 79
[2022-07-23T18:46:30.033Z INFO  client] Sending sample transaction 80
[2022-07-23T18:46:30.079Z INFO  client] Sending sample transaction 81
[2022-07-23T18:46:30.130Z INFO  client] Sending sample transaction 82
[2022-07-23T18:46:30.180Z INFO  client] Sending sample transaction 83
[2022-07-23T18:46:30.230Z INFO  client] Sending sample transaction 84
[2022-07-23T18:46:30.279Z INFO  client] Sending sample transaction 85
[2022-07-23T18:46:30.330Z INFO  client] Sending sample transaction 86
[2022-07-23T18:46:30.380Z INFO  client] Sending sample transaction 87
[2022-07-23T18:46:30.431Z INFO  client] Sending sample transaction 88
[2022-07-23T18:46:30.480Z INFO  client] Sending sample transaction 89
[2022-07-23T18:46:30.530Z INFO  client] Sending sample transaction 90
[2022-07-23T18:46:30.580Z INFO  client] Sending sample transaction 91
[2022-07-23T18:46:30.630Z INFO  client] Sending sample transaction 92
[2022-07-23T18:46:30.680Z INFO  client] Sending sample transaction 93
[2022-07-23T18:46:30.731Z INFO  client] Sending sample transaction 94
[2022-07-23T18:46:30.780Z INFO  client] Sending sample transaction 95
[2022-07-23T18:46:30.830Z INFO  client] Sending sample transaction 96
[2022-07-23T18:46:30.880Z INFO  client] Sending sample transaction 97
[2022-07-23T18:46:30.932Z INFO  client] Sending sample transaction 98
[2022-07-23T18:46:30.980Z INFO  client] Sending sample transaction 99
[2022-07-23T18:46:31.032Z INFO  client] Sending sample transaction 100
[2022-07-23T18:46:31.083Z INFO  client] Sending sample transaction 101
[2022-07-23T18:46:31.131Z INFO  client] Sending sample transaction 102
[2022-07-23T18:46:31.180Z INFO  client] Sending sample transaction 103
[2022-07-23T18:46:31.230Z INFO  client] Sending sample transaction 104
[2022-07-23T18:46:31.280Z INFO  client] Sending sample transaction 105
[2022-07-23T18:46:31.331Z INFO  client] Sending sample transaction 106
[2022-07-23T18:46:31.381Z INFO  client] Sending sample transaction 107
[2022-07-23T18:46:31.431Z INFO  client] Sending sample transaction 108
[2022-07-23T18:46:31.480Z INFO  client] Sending sample transaction 109
[2022-07-23T18:46:31.530Z INFO  client] Sending sample transaction 110
[2022-07-23T18:46:31.580Z INFO  client] Sending sample transaction 111
[2022-07-23T18:46:31.630Z INFO  client] Sending sample transaction 112
[2022-07-23T18:46:31.680Z INFO  client] Sending sample transaction 113
[2022-07-23T18:46:31.731Z INFO  client] Sending sample transaction 114
[2022-07-23T18:46:31.780Z INFO  client] Sending sample transaction 115
[2022-07-23T18:46:31.830Z INFO  client] Sending sample transaction 116
[2022-07-23T18:46:31.880Z INFO  client] Sending sample transaction 117
[2022-07-23T18:46:31.930Z INFO  client] Sending sample transaction 118
[2022-07-23T18:46:31.980Z INFO  client] Sending sample transaction 119
[2022-07-23T18:46:32.030Z INFO  client] Sending sample transaction 120
[2022-07-23T18:46:32.084Z INFO  client] Sending sample transaction 121
[2022-07-23T18:46:32.147Z INFO  client] Sending sample transaction 122
[2022-07-23T18:46:32.180Z INFO  client] Sending sample transaction 123
[2022-07-23T18:46:32.231Z INFO  client] Sending sample transaction 124
[2022-07-23T18:46:32.280Z INFO  client] Sending sample transaction 125
[2022-07-23T18:46:32.330Z INFO  client] Sending sample transaction 126
[2022-07-23T18:46:32.380Z INFO  client] Sending sample transaction 127
[2022-07-23T18:46:32.430Z INFO  client] Sending sample transaction 128
[2022-07-23T18:46:32.480Z INFO  client] Sending sample transaction 129
[2022-07-23T18:46:32.530Z INFO  client] Sending sample transaction 130
[2022-07-23T18:46:32.580Z INFO  client] Sending sample transaction 131
[2022-07-23T18:46:32.629Z INFO  client] Sending sample transaction 132
[2022-07-23T18:46:32.681Z INFO  client] Sending sample transaction 133
[2022-07-23T18:46:32.729Z INFO  client] Sending sample transaction 134
[2022-07-23T18:46:32.780Z INFO  client] Sending sample transaction 135
[2022-07-23T18:46:32.830Z INFO  client] Sending sample transaction 136
[2022-07-23T18:46:32.880Z INFO  client] Sending sample transaction 137
[2022-07-23T18:46:32.930Z INFO  client] Sending sample transaction 138
[2022-07-23T18:46:32.981Z INFO  client] Sending sample transaction 139
[2022-07-23T18:46:33.030Z INFO  client] Sending sample transaction 140
[2022-07-23T18:46:33.081Z INFO  client] Sending sample transaction 141
[2022-07-23T18:46:33.130Z INFO  client] Sending sample transaction 142
[2022-07-23T18:46:33.185Z INFO  client] Sending sample transaction 143
[2022-07-23T18:46:33.231Z INFO  client] Sending sample transaction 144
[2022-07-23T18:46:33.280Z INFO  client] Sending sample transaction 145
[2022-07-23T18:46:33.330Z INFO  client] Sending sample transaction 146
[2022-07-23T18:46:33.380Z INFO  client] Sending sample transaction 147
[2022-07-23T18:46:33.430Z INFO  client] Sending sample transaction 148
[2022-07-23T18:46:33.480Z INFO  client] Sending sample transaction 149
[2022-07-23T18:46:33.529Z INFO  client] Sending sample transaction 150
[2022-07-23T18:46:33.580Z INFO  client] Sending sample transaction 151
[2022-07-23T18:46:33.632Z INFO  client] Sending sample transaction 152
[2022-07-23T18:46:33.681Z INFO  client] Sending sample transaction 153
[2022-07-23T18:46:33.730Z INFO  client] Sending sample transaction 154
[2022-07-23T18:46:33.779Z INFO  client] Sending sample transaction 155
[2022-07-23T18:46:33.830Z INFO  client] Sending sample transaction 156
[2022-07-23T18:46:33.880Z INFO  client] Sending sample transaction 157
[2022-07-23T18:46:33.930Z INFO  client] Sending sample transaction 158
[2022-07-23T18:46:33.981Z INFO  client] Sending sample transaction 159
[2022-07-23T18:46:34.030Z INFO  client] Sending sample transaction 160
[2022-07-23T18:46:34.080Z INFO  client] Sending sample transaction 161
[2022-07-23T18:46:34.130Z INFO  client] Sending sample transaction 162
[2022-07-23T18:46:34.182Z INFO  client] Sending sample transaction 163
[2022-07-23T18:46:34.230Z INFO  client] Sending sample transaction 164
[2022-07-23T18:46:34.280Z INFO  client] Sending sample transaction 165
[2022-07-23T18:46:34.331Z INFO  client] Sending sample transaction 166
[2022-07-23T18:46:34.381Z INFO  client] Sending sample transaction 167
[2022-07-23T18:46:34.431Z INFO  client] Sending sample transaction 168
[2022-07-23T18:46:34.480Z INFO  client] Sending sample transaction 169
[2022-07-23T18:46:34.529Z INFO  client] Sending sample transaction 170
[2022-07-23T18:46:34.580Z INFO  client] Sending sample transaction 171
[2022-07-23T18:46:34.630Z INFO  client] Sending sample transaction 172
[2022-07-23T18:46:34.680Z INFO  client] Sending sample transaction 173
[2022-07-23T18:46:34.731Z INFO  client] Sending sample transaction 174
[2022-07-23T18:46:34.780Z INFO  client] Sending sample transaction 175
[2022-07-23T18:46:34.831Z INFO  client] Sending sample transaction 176
[2022-07-23T18:46:34.880Z INFO  client] Sending sample transaction 177
[2022-07-23T18:46:34.931Z INFO  client] Sending sample transaction 178
[2022-07-23T18:46:34.981Z INFO  client] Sending sample transaction 179
[2022-07-23T18:46:35.031Z INFO  client] Sending sample transaction 180
[2022-07-23T18:46:35.080Z INFO  client] Sending sample transaction 181
[2022-07-23T18:46:35.131Z INFO  client] Sending sample transaction 182
[2022-07-23T18:46:35.181Z INFO  client] Sending sample transaction 183
[2022-07-23T18:46:35.231Z INFO  client] Sending sample transaction 184
[2022-07-23T18:46:35.296Z INFO  client] Sending sample transaction 185
[2022-07-23T18:46:35.335Z INFO  client] Sending sample transaction 186
[2022-07-23T18:46:35.379Z INFO  client] Sending sample transaction 187
[2022-07-23T18:46:35.431Z INFO  client] Sending sample transaction 188
[2022-07-23T18:46:35.480Z INFO  client] Sending sample transaction 189
[2022-07-23T18:46:35.530Z INFO  client] Sending sample transaction 190
[2022-07-23T18:46:35.580Z INFO  client] Sending sample transaction 191
[2022-07-23T18:46:35.631Z INFO  client] Sending sample transaction 192
[2022-07-23T18:46:35.680Z INFO  client] Sending sample transaction 193
[2022-07-23T18:46:35.730Z INFO  client] Sending sample transaction 194
[2022-07-23T18:46:35.781Z INFO  client] Sending sample transaction 195
[2022-07-23T18:46:35.838Z INFO  client] Sending sample transaction 196
[2022-07-23T18:46:35.880Z INFO  client] Sending sample transaction 197
[2022-07-23T18:46:35.930Z INFO  client] Sending sample transaction 198
[2022-07-23T18:46:35.979Z INFO  client] Sending sample transaction 199
[2022-07-23T18:46:36.030Z INFO  client] Sending sample transaction 200
[2022-07-23T18:46:36.080Z INFO  client] Sending sample transaction 201
[2022-07-23T18:46:36.130Z INFO  client] Sending sample transaction 202
[2022-07-23T18:46:36.180Z INFO  client] Sending sample transaction 203
[2022-07-23T18:46:36.230Z INFO  client] Sending sample transaction 204
[2022-07-23T18:46:36.281Z INFO  client] Sending sample transaction 205
[2022-07-23T18:46:36.330Z INFO  client] Sending sample transaction 206
[2022-07-23T18:46:36.381Z INFO  client] Sending sample transaction 207
[2022-07-23T18:46:36.433Z INFO  client] Sending sample transaction 208
[2022-07-23T18:46:36.480Z INFO  client] Sending sample transaction 209
[2022-07-23T18:46:36.530Z INFO  client] Sending sample transaction 210
[2022-07-23T18:46:36.580Z INFO  client] Sending sample transaction 211
[2022-07-23T18:46:36.632Z INFO  client] Sending sample transaction 212
[2022-07-23T18:46:36.680Z INFO  client] Sending sample transaction 213
[2022-07-23T18:46:36.731Z INFO  client] Sending sample transaction 214
[2022-07-23T18:46:36.780Z INFO  client] Sending sample transaction 215
[2022-07-23T18:46:36.830Z INFO  client] Sending sample transaction 216
[2022-07-23T18:46:36.880Z INFO  client] Sending sample transaction 217
[2022-07-23T18:46:36.929Z INFO  client] Sending sample transaction 218
[2022-07-23T18:46:36.980Z INFO  client] Sending sample transaction 219
[2022-07-23T18:46:37.030Z INFO  client] Sending sample transaction 220
[2022-07-23T18:46:37.082Z INFO  client] Sending sample transaction 221
[2022-07-23T18:46:37.130Z INFO  client] Sending sample transaction 222
[2022-07-23T18:46:37.180Z INFO  client] Sending sample transaction 223
[2022-07-23T18:46:37.231Z INFO  client] Sending sample transaction 224
[2022-07-23T18:46:37.280Z INFO  client] Sending sample transaction 225
[2022-07-23T18:46:37.331Z INFO  client] Sending sample transaction 226
[2022-07-23T18:46:37.396Z INFO  client] Sending sample transaction 227
[2022-07-23T18:46:37.436Z INFO  client] Sending sample transaction 228
[2022-07-23T18:46:37.480Z INFO  client] Sending sample transaction 229
[2022-07-23T18:46:37.529Z INFO  client] Sending sample transaction 230
[2022-07-23T18:46:37.580Z INFO  client] Sending sample transaction 231
[2022-07-23T18:46:37.631Z INFO  client] Sending sample transaction 232
[2022-07-23T18:46:37.681Z INFO  client] Sending sample transaction 233
[2022-07-23T18:46:37.732Z INFO  client] Sending sample transaction 234
[2022-07-23T18:46:37.780Z INFO  client] Sending sample transaction 235
[2022-07-23T18:46:37.830Z INFO  client] Sending sample transaction 236
[2022-07-23T18:46:37.881Z INFO  client] Sending sample transaction 237
[2022-07-23T18:46:37.930Z INFO  client] Sending sample transaction 238
[2022-07-23T18:46:37.980Z INFO  client] Sending sample transaction 239
[2022-07-23T18:46:38.030Z INFO  client] Sending sample transaction 240
[2022-07-23T18:46:38.080Z INFO  client] Sending sample transaction 241
[2022-07-23T18:46:38.130Z INFO  client] Sending sample transaction 242
[2022-07-23T18:46:38.180Z INFO  client] Sending sample transaction 243
[2022-07-23T18:46:38.230Z INFO  client] Sending sample transaction 244
[2022-07-23T18:46:38.280Z INFO  client] Sending sample transaction 245
[2022-07-23T18:46:38.330Z INFO  client] Sending sample transaction 246
[2022-07-23T18:46:38.380Z INFO  client] Sending sample transaction 247
[2022-07-23T18:46:38.430Z INFO  client] Sending sample transaction 248
[2022-07-23T18:46:38.480Z INFO  client] Sending sample transaction 249
[2022-07-23T18:46:38.530Z INFO  client] Sending sample transaction 250
[2022-07-23T18:46:38.579Z INFO  client] Sending sample transaction 251
[2022-07-23T18:46:38.630Z INFO  client] Sending sample transaction 252
[2022-07-23T18:46:38.680Z INFO  client] Sending sample transaction 253
[2022-07-23T18:46:38.731Z INFO  client] Sending sample transaction 254
[2022-07-23T18:46:38.779Z INFO  client] Sending sample transaction 255
[2022-07-23T18:46:38.830Z INFO  client] Sending sample transaction 256
[2022-07-23T18:46:38.880Z INFO  client] Sending sample transaction 257
[2022-07-23T18:46:38.930Z INFO  client] Sending sample transaction 258
[2022-07-23T18:46:38.980Z INFO  client] Sending sample transaction 259
[2022-07-23T18:46:39.029Z INFO  client] Sending sample transaction 260
[2022-07-23T18:46:39.079Z INFO  client] Sending sample transaction 261
[2022-07-23T18:46:39.130Z INFO  client] Sending sample transaction 262
[2022-07-23T18:46:39.180Z INFO  client] Sending sample transaction 263
[2022-07-23T18:46:39.231Z INFO  client] Sending sample transaction 264
[2022-07-23T18:46:39.281Z INFO  client] Sending sample transaction 265
[2022-07-23T18:46:39.330Z INFO  client] Sending sample transaction 266
[2022-07-23T18:46:39.380Z INFO  client] Sending sample transaction 267
[2022-07-23T18:46:39.430Z INFO  client] Sending sample transaction 268
[2022-07-23T18:46:39.486Z INFO  client] Sending sample transaction 269
[2022-07-23T18:46:39.532Z INFO  client] Sending sample transaction 270
[2022-07-23T18:46:39.580Z INFO  client] Sending sample transaction 271
[2022-07-23T18:46:39.630Z INFO  client] Sending sample transaction 272
[2022-07-23T18:46:39.680Z INFO  client] Sending sample transaction 273
[2022-07-23T18:46:39.730Z INFO  client] Sending sample transaction 274
[2022-07-23T18:46:39.780Z INFO  client] Sending sample transaction 275
[2022-07-23T18:46:39.830Z INFO  client] Sending sample transaction 276
[2022-07-23T18:46:39.880Z INFO  client] Sending sample transaction 277
[2022-07-23T18:46:39.930Z INFO  client] Sending sample transaction 278
[2022-07-23T18:46:39.980Z INFO  client] Sending sample transaction 279
[2022-07-23T18:46:40.030Z INFO  client] Sending sample transaction 280
[2022-07-23T18:46:40.080Z INFO  client] Sending sample transaction 281
[2022-07-23T18:46:40.130Z INFO  client] Sending sample transaction 282
[2022-07-23T18:46:40.180Z INFO  client] Sending sample transaction 283
[2022-07-23T18:46:40.230Z INFO  client] Sending sample transaction 284
[2022-07-23T18:46:40.281Z INFO  client] Sending sample transaction 285
[2022-07-23T18:46:40.331Z INFO  client] Sending sample transaction 286
[2022-07-23T18:46:40.380Z INFO  client] Sending sample transaction 287
[2022-07-23T18:46:40.430Z INFO  client] Sending sample transaction 288
[2022-07-23T18:46:40.480Z INFO  client] Sending sample transaction 289
[2022-07-23T18:46:40.530Z INFO  client] Sending sample transaction 290
[2022-07-23T18:46:40.580Z INFO  client] Sending sample transaction 291
[2022-07-23T18:46:40.630Z INFO  client] Sending sample transaction 292
[2022-07-23T18:46:40.680Z INFO  client] Sending sample transaction 293
[2022-07-23T18:46:40.731Z INFO  client] Sending sample transaction 294
[2022-07-23T18:46:40.780Z INFO  client] Sending sample transaction 295
[2022-07-23T18:46:40.830Z INFO  client] Sending sample transaction 296
[2022-07-23T18:46:40.880Z INFO  client] Sending sample transaction 297
[2022-07-23T18:46:40.930Z INFO  client] Sending sample transaction 298
[2022-07-23T18:46:40.980Z INFO  client] Sending sample transaction 299
[2022-07-23T18:46:41.031Z INFO  client] Sending sample transaction 300
[2022-07-23T18:46:41.080Z INFO  client] Sending sample transaction 301
[2022-07-23T18:46:41.131Z INFO  client] Sending sample transaction 302
[2022-07-23T18:46:41.180Z INFO  client] Sending sample transaction 303
[2022-07-23T18:46:41.230Z INFO  client] Sending sample transaction 304
[2022-07-23T18:46:41.279Z INFO  client] Sending sample transaction 305
[2022-07-23T18:46:41.330Z INFO  client] Sending sample transaction 306
[2022-07-23T18:46:41.380Z INFO  client] Sending sample transaction 307
[2022-07-23T18:46:41.432Z INFO  client] Sending sample transaction 308
[2022-07-23T18:46:41.480Z INFO  client] Sending sample transaction 309
[2022-07-23T18:46:41.531Z INFO  client] Sending sample transaction 310
[2022-07-23T18:46:41.586Z INFO  client] Sending sample transaction 311
[2022-07-23T18:46:41.636Z INFO  client] Sending sample transaction 312
[2022-07-23T18:46:41.688Z INFO  client] Sending sample transaction 313
[2022-07-23T18:46:41.730Z INFO  client] Sending sample transaction 314
[2022-07-23T18:46:41.779Z INFO  client] Sending sample transaction 315
[2022-07-23T18:46:41.830Z INFO  client] Sending sample transaction 316
[2022-07-23T18:46:41.880Z INFO  client] Sending sample transaction 317
[2022-07-23T18:46:41.931Z INFO  client] Sending sample transaction 318
[2022-07-23T18:46:41.981Z INFO  client] Sending sample transaction 319
[2022-07-23T18:46:42.030Z INFO  client] Sending sample transaction 320
[2022-07-23T18:46:42.079Z INFO  client] Sending sample transaction 321
[2022-07-23T18:46:42.130Z INFO  client] Sending sample transaction 322
[2022-07-23T18:46:42.180Z INFO  client] Sending sample transaction 323
[2022-07-23T18:46:42.230Z INFO  client] Sending sample transaction 324
[2022-07-23T18:46:42.280Z INFO  client] Sending sample transaction 325
[2022-07-23T18:46:42.330Z INFO  client] Sending sample transaction 326
[2022-07-23T18:46:42.379Z INFO  client] Sending sample transaction 327
[2022-07-23T18:46:42.430Z INFO  client] Sending sample transaction 328
[2022-07-23T18:46:42.481Z INFO  client] Sending sample transaction 329
[2022-07-23T18:46:42.530Z INFO  client] Sending sample transaction 330
[2022-07-23T18:46:42.579Z INFO  client] Sending sample transaction 331
[2022-07-23T18:46:42.630Z INFO  client] Sending sample transaction 332
[2022-07-23T18:46:42.689Z INFO  client] Sending sample transaction 333
[2022-07-23T18:46:42.731Z INFO  client] Sending sample transaction 334
[2022-07-23T18:46:42.780Z INFO  client] Sending sample transaction 335
[2022-07-23T18:46:42.831Z INFO  client] Sending sample transaction 336
[2022-07-23T18:46:42.880Z INFO  client] Sending sample transaction 337
[2022-07-23T18:46:42.930Z INFO  client] Sending sample transaction 338
[2022-07-23T18:46:42.981Z INFO  client] Sending sample transaction 339
[2022-07-23T18:46:43.030Z INFO  client] Sending sample transaction 340
[2022-07-23T18:46:43.081Z INFO  client] Sending sample transaction 341
[2022-07-23T18:46:43.130Z INFO  client] Sending sample transaction 342
[2022-07-23T18:46:43.180Z INFO  client] Sending sample transaction 343
[2022-07-23T18:46:43.230Z INFO  client] Sending sample transaction 344
[2022-07-23T18:46:43.280Z INFO  client] Sending sample transaction 345
[2022-07-23T18:46:43.330Z INFO  client] Sending sample transaction 346
[2022-07-23T18:46:43.380Z INFO  client] Sending sample transaction 347
[2022-07-23T18:46:43.430Z INFO  client] Sending sample transaction 348
[2022-07-23T18:46:43.481Z INFO  client] Sending sample transaction 349
[2022-07-23T18:46:43.530Z INFO  client] Sending sample transaction 350
[2022-07-23T18:46:43.580Z INFO  client] Sending sample transaction 351
[2022-07-23T18:46:43.630Z INFO  client] Sending sample transaction 352
[2022-07-23T18:46:43.680Z INFO  client] Sending sample transaction 353
[2022-07-23T18:46:43.747Z INFO  client] Sending sample transaction 354
[2022-07-23T18:46:43.780Z INFO  client] Sending sample transaction 355
[2022-07-23T18:46:43.830Z INFO  client] Sending sample transaction 356
[2022-07-23T18:46:43.880Z INFO  client] Sending sample transaction 357
[2022-07-23T18:46:43.930Z INFO  client] Sending sample transaction 358
[2022-07-23T18:46:43.982Z INFO  client] Sending sample transaction 359
[2022-07-23T18:46:44.030Z INFO  client] Sending sample transaction 360
[2022-07-23T18:46:44.080Z INFO  client] Sending sample transaction 361
[2022-07-23T18:46:44.130Z INFO  client] Sending sample transaction 362
[2022-07-23T18:46:44.181Z INFO  client] Sending sample transaction 363
[2022-07-23T18:46:44.230Z INFO  client] Sending sample transaction 364
[2022-07-23T18:46:44.280Z INFO  client] Sending sample transaction 365
[2022-07-23T18:46:44.330Z INFO  client] Sending sample transaction 366
[2022-07-23T18:46:44.381Z INFO  client] Sending sample transaction 367
[2022-07-23T18:46:44.431Z INFO  client] Sending sample transaction 368
[2022-07-23T18:46:44.481Z INFO  client] Sending sample transaction 369
[2022-07-23T18:46:44.530Z INFO  client] Sending sample transaction 370
[2022-07-23T18:46:44.580Z INFO  client] Sending sample transaction 371
[2022-07-23T18:46:44.632Z INFO  client] Sending sample transaction 372
[2022-07-23T18:46:44.680Z INFO  client] Sending sample transaction 373
[2022-07-23T18:46:44.731Z INFO  client] Sending sample transaction 374
[2022-07-23T18:46:44.780Z INFO  client] Sending sample transaction 375
[2022-07-23T18:46:44.830Z INFO  client] Sending sample transaction 376
[2022-07-23T18:46:44.879Z INFO  client] Sending sample transaction 377
[2022-07-23T18:46:44.931Z INFO  client] Sending sample transaction 378
[2022-07-23T18:46:44.981Z INFO  client] Sending sample transaction 379
[2022-07-23T18:46:45.030Z INFO  client] Sending sample transaction 380
[2022-07-23T18:46:45.080Z INFO  client] Sending sample transaction 381
[2022-07-23T18:46:45.130Z INFO  client] Sending sample transaction 382
[2022-07-23T18:46:45.181Z INFO  client] Sending sample transaction 383
[2022-07-23T18:46:45.231Z INFO  client] Sending sample transaction 384
[2022-07-23T18:46:45.280Z INFO  client] Sending sample transaction 385
[2022-07-23T18:46:45.331Z INFO  client] Sending sample transaction 386
[2022-07-23T18:46:45.380Z INFO  client] Sending sample transaction 387
[2022-07-23T18:46:45.431Z INFO  client] Sending sample transaction 388
[2022-07-23T18:46:45.480Z INFO  client] Sending sample transaction 389
[2022-07-23T18:46:45.530Z INFO  client] Sending sample transaction 390
[2022-07-23T18:46:45.581Z INFO  client] Sending sample transaction 391
[2022-07-23T18:46:45.630Z INFO  client] Sending sample transaction 392
[2022-07-23T18:46:45.680Z INFO  client] Sending sample transaction 393
[2022-07-23T18:46:45.730Z INFO  client] Sending sample transaction 394
[2022-07-23T18:46:45.780Z INFO  client] Sending sample transaction 395
[2022-07-23T18:46:45.831Z INFO  client] Sending sample transaction 396
[2022-07-23T18:46:45.880Z INFO  client] Sending sample transaction 397
[2022-07-23T18:46:45.930Z INFO  client] Sending sample transaction 398
[2022-07-23T18:46:45.980Z INFO  client] Sending sample transaction 399
[2022-07-23T18:46:46.030Z INFO  client] Sending sample transaction 400
[2022-07-23T18:46:46.080Z INFO  client] Sending sample transaction 401
[2022-07-23T18:46:46.130Z INFO  client] Sending sample transaction 402
[2022-07-23T18:46:46.181Z INFO  client] Sending sample transaction 403
[2022-07-23T18:46:46.230Z INFO  client] Sending sample transaction 404
[2022-07-23T18:46:46.281Z INFO  client] Sending sample transaction 405
[2022-07-23T18:46:46.329Z INFO  client] Sending sample transaction 406
[2022-07-23T18:46:46.380Z INFO  client] Sending sample transaction 407
[2022-07-23T18:46:46.431Z INFO  client] Sending sample transaction 408
[2022-07-23T18:46:46.480Z INFO  client] Sending sample transaction 409
[2022-07-23T18:46:46.530Z INFO  client] Sending sample transaction 410
[2022-07-23T18:46:46.580Z INFO  client] Sending sample transaction 411
[2022-07-23T18:46:46.630Z INFO  client] Sending sample transaction 412
[2022-07-23T18:46:46.681Z INFO  client] Sending sample transaction 413
[2022-07-23T18:46:46.731Z INFO  client] Sending sample transaction 414
[2022-07-23T18:46:46.780Z INFO  client] Sending sample transaction 415
[2022-07-23T18:46:46.830Z INFO  client] Sending sample transaction 416
[2022-07-23T18:46:46.880Z INFO  client] Sending sample transaction 417
[2022-07-23T18:46:46.931Z INFO  client] Sending sample transaction 418
[2022-07-23T18:46:46.981Z INFO  client] Sending sample transaction 419
[2022-07-23T18:46:47.030Z INFO  client] Sending sample transaction 420
[2022-07-23T18:46:47.080Z INFO  client] Sending sample transaction 421
[2022-07-23T18:46:47.129Z INFO  client] Sending sample transaction 422
[2022-07-23T18:46:47.180Z INFO  client] Sending sample transaction 423
[2022-07-23T18:46:47.232Z INFO  client] Sending sample transaction 424
