[2022-07-23T18:46:24.129Z INFO  client] Node address: 127.0.0.1:9014
[2022-07-23T18:46:24.129Z INFO  client] Transactions size: 512 B
[2022-07-23T18:46:24.129Z INFO  client] Transactions rate: 112 tx/s
[2022-07-23T18:46:24.129Z INFO  client] Waiting for all nodes to be online...
[2022-07-23T18:46:24.129Z INFO  client] Waiting for all nodes to be synchronized...
[2022-07-23T18:46:26.132Z INFO  client] Start sending transactions
[2022-07-23T18:46:26.133Z INFO  client] Sending sample transaction 0
[2022-07-23T18:46:26.184Z INFO  client] Sending sample transaction 1
[2022-07-23T18:46:26.234Z INFO  client] Sending sample transaction 2
[2022-07-23T18:46:26.283Z INFO  client] Sending sample transaction 3
[2022-07-23T18:46:26.336Z INFO  client] Sending sample transaction 4
[2022-07-23T18:46:26.383Z INFO  client] Sending sample transaction 5
[2022-07-23T18:46:26.436Z INFO  client] Sending sample transaction 6
[2022-07-23T18:46:26.485Z INFO  client] Sending sample transaction 7
[2022-07-23T18:46:26.533Z INFO  client] Sending sample transaction 8
[2022-07-23T18:46:26.584Z INFO  client] Sending sample transaction 9
[2022-07-23T18:46:26.632Z INFO  client] Sending sample transaction 10
[2022-07-23T18:46:26.683Z INFO  client] Sending sample transaction 11
[2022-07-23T18:46:26.734Z INFO  client] Sending sample transaction 12
[2022-07-23T18:46:26.785Z INFO  client] Sending sample transaction 13
[2022-07-23T18:46:26.846Z INFO  client] Sending sample transaction 14
[2022-07-23T18:46:26.888Z INFO  client] Sending sample transaction 15
[2022-07-23T18:46:26.934Z INFO  client] Sending sample transaction 16
[2022-07-23T18:46:26.984Z INFO  client] Sending sample transaction 17
[2022-07-23T18:46:27.035Z INFO  client] Sending sample transaction 18
[2022-07-23T18:46:27.083Z INFO  client] Sending sample transaction 19
[2022-07-23T18:46:27.133Z INFO  client] Sending sample transaction 20
[2022-07-23T18:46:27.182Z INFO  client] Sending sample transaction 21
[2022-07-23T18:46:27.234Z INFO  client] Sending sample transaction 22
[2022-07-23T18:46:27.285Z INFO  client] Sending sample transaction 23
[2022-07-23T18:46:27.334Z INFO  client] Sending sample transaction 24
[2022-07-23T18:46:27.382Z INFO  client] Sending sample transaction 25
[2022-07-23T18:46:27.433Z INFO  client] Sending sample transaction 26
[2022-07-23T18:46:27.483Z INFO  client] Sending sample transaction 27
[2022-07-23T18:46:27.534Z INFO  client] Sending sample transaction 28
[2022-07-23T18:46:27.583Z INFO  client] Sending sample transaction 29
[2022-07-23T18:46:27.632Z INFO  client] Sending sample transaction 30
[2022-07-23T18:46:27.684Z INFO  client] Sending sample transaction 31
[2022-07-23T18:46:27.736Z INFO  client] Sending sample transaction 32
[2022-07-23T18:46:27.784Z INFO  client] Sending sample transaction 33
[2022-07-23T18:46:27.833Z INFO  client] Sending sample transaction 34
[2022-07-23T18:46:27.883Z INFO  client] Sending sample transaction 35
[2022-07-23T18:46:27.938Z INFO  client] Sending sample transaction 36
[2022-07-23T18:46:27.984Z INFO  client] Sending sample transaction 37
[2022-07-23T18:46:28.033Z INFO  client] Sending sample transaction 38
[2022-07-23T18:46:28.083Z INFO  client] Sending sample transaction 39
[2022-07-23T18:46:28.133Z INFO  client] Sending sample transaction 40
[2022-07-23T18:46:28.198Z INFO  client] Sending sample transaction 41
[2022-07-23T18:46:28.233Z INFO  client] Sending sample transaction 42
[2022-07-23T18:46:28.284Z INFO  client] Sending sample transaction 43
[2022-07-23T18:46:28.333Z INFO  client] Sending sample transaction 44
[2022-07-23T18:46:28.383Z INFO  client] Sending sample transaction 45
[2022-07-23T18:46:28.433Z INFO  client] Sending sample transaction 46
[2022-07-23T18:46:28.482Z INFO  client] Sending sample transaction 47
[2022-07-23T18:46:28.533Z INFO  client] Sending sample transaction 48
[2022-07-23T18:46:28.584Z INFO  client] Sending sample transaction 49
[2022-07-23T18:46:28.633Z INFO  client] Sending sample transaction 50
[2022-07-23T18:46:28.683Z INFO  client] Sending sample transaction 51
[2022-07-23T18:46:28.733Z INFO  client] Sending sample transaction 52
[2022-07-23T18:46:28.784Z INFO  client] Sending sample transaction 53
[2022-07-23T18:46:28.833Z INFO  client] Sending sample transaction 54
[2022-07-23T18:46:28.883Z INFO  client] Sending sample transaction 55
[2022-07-23T18:46:28.934Z INFO  client] Sending sample transaction 56
[2022-07-23T18:46:28.988Z INFO  client] Sending sample transaction 57
[2022-07-23T18:46:29.034Z INFO  client] Sending sample transaction 58
[2022-07-23T18:46:29.083Z INFO  client] Sending sample transaction 59
[2022-07-23T18:46:29.135Z INFO  client] Sending sample transaction 60
[2022-07-23T18:46:29.183Z INFO  client] Sending sample transaction 61
[2022-07-23T18:46:29.232Z INFO  client] Sending sample transaction 62
[2022-07-23T18:46:29.283Z INFO  client] Sending sample transaction 63
[2022-07-23T18:46:29.334Z INFO  client] Sending sample transaction 64
[2022-07-23T18:46:29.382Z INFO  client] Sending sample transaction 65
[2022-07-23T18:46:29.435Z INFO  client] Sending sample transaction 66
[2022-07-23T18:46:29.483Z INFO  client] Sending sample transaction 67
[2022-07-23T18:46:29.533Z INFO  client] Sending sample transaction 68
[2022-07-23T18:46:29.583Z INFO  client] Sending sample transaction 69
[2022-07-23T18:46:29.633Z INFO  client] Sending sample transaction 70
[2022-07-23T18:46:29.683Z INFO  client] Sending sample transaction 71
[2022-07-23T18:46:29.733Z INFO  client] Sending sample transaction 72
[2022-07-23T18:46:29.783Z INFO  client] Sending sample transaction 73
[2022-07-23T18:46:29.833Z INFO  client] Sending sample transaction 74
[2022-07-23T18:46:29.883Z INFO  client] Sending sample transaction 75
[2022-07-23T18:46:29.934Z INFO  client] Sending sample transaction 76
[2022-07-23T18:46:29.983Z INFO  client] Sending sample transaction 77
[2022-07-23T18:46:30.033Z INFO  client] Sending sample transaction 78
[2022-07-23T18:46:30.082Z INFO  client] Sending sample transaction 79
[2022-07-23T18:46:30.133Z INFO  client] Sending sample transaction 80
[2022-07-23T18:46:30.183Z INFO  client] Sending sample transaction 81
[2022-07-23T18:46:30.233Z INFO  client] Sending sample transaction 82
[2022-07-23T18:46:30.284Z INFO  client] Sending sample transaction 83
[2022-07-23T18:46:30.333Z INFO  client] Sending sample transaction 84
[2022-07-23T18:46:30.382Z INFO  client] Sending sample transaction 85
[2022-07-23T18:46:30.433Z INFO  client] Sending sample transaction 86
[2022-07-23T18:46:30.483Z INFO  client] Sending sample transaction 87
[2022-07-23T18:46:30.541Z INFO  client] Sending sample transaction 88
[2022-07-23T18:46:30.584Z INFO  client] Sending sample transaction 89
[2022-07-23T18:46:30.632Z INFO  client] Sending sample transaction 90
[2022-07-23T18:46:30.683Z INFO  client] Sending sample transaction 91
[2022-07-23T18:46:30.733Z INFO  client] Sending sample transaction 92
[2022-07-23T18:46:30.786Z INFO  client] Sending sample transaction 93
[2022-07-23T18:46:30.834Z INFO  client] Sending sample transaction 94
[2022-07-23T18:46:30.883Z INFO  client] Sending sample transaction 95
[2022-07-23T18:46:30.933Z INFO  client] Sending sample transaction 96
[2022-07-23T18:46:30.983Z INFO  client] Sending sample transaction 97
[2022-07-23T18:46:31.035Z INFO  client] Sending sample transaction 98
[2022-07-23T18:46:31.088Z INFO  client] Sending sample transaction 99
[2022-07-23T18:46:31.133Z INFO  client] Sending sample transaction 100
[2022-07-23T18:46:31.183Z INFO  client] Sending sample transaction 101
[2022-07-23T18:46:31.233Z INFO  client] Sending sample transaction 102
[2022-07-23T18:46:31.283Z INFO  client] Sending sample transaction 103
[2022-07-23T18:46:31.333Z INFO  client] Sending sample transaction 104
[2022-07-23T18:46:31.383Z INFO  client] Sending sample transaction 105
[2022-07-23T18:46:31.433Z INFO  client] Sending sample transaction 106
[2022-07-23T18:46:31.483Z INFO  client] Sending sample transaction 107
[2022-07-23T18:46:31.535Z INFO  client] Sending sample transaction 108
[2022-07-23T18:46:31.584Z INFO  client] Sending sample transaction 109
[2022-07-23T18:46:31.633Z INFO  client] Sending sample transaction 110
[2022-07-23T18:46:31.683Z INFO  client] Sending sample transaction 111
[2022-07-23T18:46:31.734Z INFO  client] Sending sample transaction 112
[2022-07-23T18:46:31.783Z INFO  client] Sending sample transaction 113
[2022-07-23T18:46:31.833Z INFO  client] Sending sample transaction 114
[2022-07-23T18:46:31.883Z INFO  client] Sending sample transaction 115
[2022-07-23T18:46:31.933Z INFO  client] Sending sample transaction 116
[2022-07-23T18:46:31.983Z INFO  client] Sending sample transaction 117
[2022-07-23T18:46:32.032Z INFO  client] Sending sample transaction 118
[2022-07-23T18:46:32.086Z INFO  client] Sending sample transaction 119
[2022-07-23T18:46:32.149Z INFO  client] Sending sample transaction 120
[2022-07-23T18:46:32.183Z INFO  client] Sending sample transaction 121
[2022-07-23T18:46:32.232Z INFO  client] Sending sample transaction 122
[2022-07-23T18:46:32.283Z INFO  client] Sending sample transaction 123
[2022-07-23T18:46:32.333Z INFO  client] Sending sample transaction 124
[2022-07-23T18:46:32.382Z INFO  client] Sending sample transaction 125
[2022-07-23T18:46:32.433Z INFO  client] Sending sample transaction 126
[2022-07-23T18:46:32.483Z INFO  client] Sending sample transaction 127
[2022-07-23T18:46:32.533Z INFO  client] Sending sample transaction 128
[2022-07-23T18:46:32.583Z INFO  client] Sending sample transaction 129
[2022-07-23T18:46:32.633Z INFO  client] Sending sample transaction 130
[2022-07-23T18:46:32.682Z INFO  client] Sending sample transaction 131
[2022-07-23T18:46:32.733Z INFO  client] Sending sample transaction 132
[2022-07-23T18:46:32.783Z INFO  client] Sending sample transaction 133
[2022-07-23T18:46:32.833Z INFO  client] Sending sample transaction 134
[2022-07-23T18:46:32.883Z INFO  client] Sending sample transaction 135
[2022-07-23T18:46:32.933Z INFO  client] Sending sample transaction 136
[2022-07-23T18:46:32.983Z INFO  client] Sending sample transaction 137
[2022-07-23T18:46:33.034Z INFO  client] Sending sample transaction 138
[2022-07-23T18:46:33.083Z INFO  client] Sending sample transaction 139
[2022-07-23T18:46:33.133Z INFO  client] Sending sample transaction 140
[2022-07-23T18:46:33.190Z INFO  client] Sending sample transaction 141
[2022-07-23T18:46:33.232Z INFO  client] Sending sample transaction 142
[2022-07-23T18:46:33.283Z INFO  client] Sending sample transaction 143
[2022-07-23T18:46:33.333Z INFO  client] Sending sample transaction 144
[2022-07-23T18:46:33.383Z INFO  client] Sending sample transaction 145
[2022-07-23T18:46:33.433Z INFO  client] Sending sample transaction 146
[2022-07-23T18:46:33.483Z INFO  client] Sending sample transaction 147
[2022-07-23T18:46:33.533Z INFO  client] Sending sample transaction 148
[2022-07-23T18:46:33.584Z INFO  client] Sending sample transaction 149
[2022-07-23T18:46:33.634Z INFO  client] Sending sample transaction 150
[2022-07-23T18:46:33.683Z INFO  client] Sending sample transaction 151
[2022-07-23T18:46:33.733Z INFO  client] Sending sample transaction 152
[2022-07-23T18:46:33.782Z INFO  client] Sending sample transaction 153
[2022-07-23T18:46:33.832Z INFO  client] Sending sample transaction 154
[2022-07-23T18:46:33.883Z INFO  client] Sending sample transaction 155
[2022-07-23T18:46:33.933Z INFO  client] Sending sample transaction 156
[2022-07-23T18:46:33.983Z INFO  client] Sending sample transaction 157
[2022-07-23T18:46:34.033Z INFO  client] Sending sample transaction 158
[2022-07-23T18:46:34.085Z INFO  client] Sending sample transaction 159
[2022-07-23T18:46:34.133Z INFO  client] Sending sample transaction 160
[2022-07-23T18:46:34.187Z INFO  client] Sending sample transaction 161
[2022-07-23T18:46:34.262Z INFO  client] Sending sample transaction 162
[2022-07-23T18:46:34.282Z INFO  client] Sending sample transaction 163
[2022-07-23T18:46:34.333Z INFO  client] Sending sample transaction 164
[2022-07-23T18:46:34.384Z INFO  client] Sending sample transaction 165
[2022-07-23T18:46:34.433Z INFO  client] Sending sample transaction 166
[2022-07-23T18:46:34.483Z INFO  client] Sending sample transaction 167
[2022-07-23T18:46:34.533Z INFO  client] Sending sample transaction 168
[2022-07-23T18:46:34.583Z INFO  client] Sending sample transaction 169
[2022-07-23T18:46:34.633Z INFO  client] Sending sample transaction 170
[2022-07-23T18:46:34.683Z INFO  client] Sending sample transaction 171
[2022-07-23T18:46:34.733Z INFO  client] Sending sample transaction 172
[2022-07-23T18:46:34.785Z INFO  client] Sending sample transaction 173
[2022-07-23T18:46:34.839Z INFO  client] Sending sample transaction 174
[2022-07-23T18:46:34.884Z INFO  client] Sending sample transaction 175
[2022-07-23T18:46:34.933Z INFO  client] Sending sample transaction 176
[2022-07-23T18:46:34.983Z INFO  client] Sending sample transaction 177
[2022-07-23T18:46:35.039Z INFO  client] Sending sample transaction 178
[2022-07-23T18:46:35.083Z INFO  client] Sending sample transaction 179
[2022-07-23T18:46:35.133Z INFO  client] Sending sample transaction 180
[2022-07-23T18:46:35.183Z INFO  client] Sending sample transaction 181
[2022-07-23T18:46:35.234Z INFO  client] Sending sample transaction 182
[2022-07-23T18:46:35.297Z INFO  client] Sending sample transaction 183
[2022-07-23T18:46:35.334Z INFO  client] Sending sample transaction 184
[2022-07-23T18:46:35.383Z INFO  client] Sending sample transaction 185
[2022-07-23T18:46:35.434Z INFO  client] Sending sample transaction 186
[2022-07-23T18:46:35.486Z INFO  client] Sending sample transaction 187
[2022-07-23T18:46:35.533Z INFO  client] Sending sample transaction 188
[2022-07-23T18:46:35.582Z INFO  client] Sending sample transaction 189
[2022-07-23T18:46:35.634Z INFO  client] Sending sample transaction 190
[2022-07-23T18:46:35.683Z INFO  client] Sending sample transaction 191
[2022-07-23T18:46:35.733Z INFO  client] Sending sample transaction 192
[2022-07-23T18:46:35.784Z INFO  client] Sending sample transaction 193
[2022-07-23T18:46:35.840Z INFO  client] Sending sample transaction 194
[2022-07-23T18:46:35.883Z INFO  client] Sending sample transaction 195
[2022-07-23T18:46:35.933Z INFO  client] Sending sample transaction 196
[2022-07-23T18:46:35.983Z INFO  client] Sending sample transaction 197
[2022-07-23T18:46:36.033Z INFO  client] Sending sample transaction 198
[2022-07-23T18:46:36.082Z INFO  client] Sending sample transaction 199
[2022-07-23T18:46:36.133Z INFO  client] Sending sample transaction 200
[2022-07-23T18:46:36.183Z INFO  client] Sending sample transaction 201
[2022-07-23T18:46:36.233Z INFO  client] Sending sample transaction 202
[2022-07-23T18:46:36.283Z INFO  client] Sending sample transaction 203
[2022-07-23T18:46:36.333Z INFO  client] Sending sample transaction 204
[2022-07-23T18:46:36.383Z INFO  client] Sending sample transaction 205
[2022-07-23T18:46:36.437Z INFO  client] Sending sample transaction 206
[2022-07-23T18:46:36.484Z INFO  client] Sending sample transaction 207
[2022-07-23T18:46:36.533Z INFO  client] Sending sample transaction 208
[2022-07-23T18:46:36.582Z INFO  client] Sending sample transaction 209
[2022-07-23T18:46:36.633Z INFO  client] Sending sample transaction 210
[2022-07-23T18:46:36.683Z INFO  client] Sending sample transaction 211
[2022-07-23T18:46:36.736Z INFO  client] Sending sample transaction 212
[2022-07-23T18:46:36.783Z INFO  client] Sending sample transaction 213
[2022-07-23T18:46:36.834Z INFO  client] Sending sample transaction 214
[2022-07-23T18:46:36.884Z INFO  client] Sending sample transaction 215
[2022-07-23T18:46:36.933Z INFO  client] Sending sample transaction 216
[2022-07-23T18:46:36.983Z INFO  client] Sending sample transaction 217
[2022-07-23T18:46:37.033Z INFO  client] Sending sample transaction 218
[2022-07-23T18:46:37.083Z INFO  client] Sending sample transaction 219
[2022-07-23T18:46:37.133Z INFO  client] Sending sample transaction 220
[2022-07-23T18:46:37.183Z INFO  client] Sending sample transaction 221
[2022-07-23T18:46:37.233Z INFO  client] Sending sample transaction 222
[2022-07-23T18:46:37.284Z INFO  client] Sending sample transaction 223
[2022-07-23T18:46:37.334Z INFO  client] Sending sample transaction 224
[2022-07-23T18:46:37.397Z INFO  client] Sending sample transaction 225
[2022-07-23T18:46:37.437Z INFO  client] Sending sample transaction 226
[2022-07-23T18:46:37.483Z INFO  client] Sending sample transaction 227
[2022-07-23T18:46:37.533Z INFO  client] Sending sample transaction 228
[2022-07-23T18:46:37.583Z INFO  client] Sending sample transaction 229
[2022-07-23T18:46:37.632Z INFO  client] Sending sample transaction 230
[2022-07-23T18:46:37.683Z INFO  client] Sending sample transaction 231
[2022-07-23T18:46:37.734Z INFO  client] Sending sample transaction 232
[2022-07-23T18:46:37.785Z INFO  client] Sending sample transaction 233
[2022-07-23T18:46:37.833Z INFO  client] Sending sample transaction 234
[2022-07-23T18:46:37.883Z INFO  client] Sending sample transaction 235
[2022-07-23T18:46:37.933Z INFO  client] Sending sample transaction 236
[2022-07-23T18:46:37.983Z INFO  client] Sending sample transaction 237
[2022-07-23T18:46:38.033Z INFO  client] Sending sample transaction 238
[2022-07-23T18:46:38.083Z INFO  client] Sending sample transaction 239
[2022-07-23T18:46:38.133Z INFO  client] Sending sample transaction 240
[2022-07-23T18:46:38.182Z INFO  client] Sending sample transaction 241
[2022-07-23T18:46:38.233Z INFO  client] Sending sample transaction 242
[2022-07-23T18:46:38.283Z INFO  client] Sending sample transaction 243
[2022-07-23T18:46:38.333Z INFO  client] Sending sample transaction 244
[2022-07-23T18:46:38.383Z INFO  client] Sending sample transaction 245
[2022-07-23T18:46:38.432Z INFO  client] Sending sample transaction 246
[2022-07-23T18:46:38.483Z INFO  client] Sending sample transaction 247
[2022-07-23T18:46:38.533Z INFO  client] Sending sample transaction 248
[2022-07-23T18:46:38.583Z INFO  client] Sending sample transaction 249
[2022-07-23T18:46:38.633Z INFO  client] Sending sample transaction 250
[2022-07-23T18:46:38.683Z INFO  client] Sending sample transaction 251
[2022-07-23T18:46:38.733Z INFO  client] Sending sample transaction 252
[2022-07-23T18:46:38.783Z INFO  client] Sending sample transaction 253
[2022-07-23T18:46:38.833Z INFO  client] Sending sample transaction 254
[2022-07-23T18:46:38.884Z INFO  client] Sending sample transaction 255
[2022-07-23T18:46:38.933Z INFO  client] Sending sample transaction 256
[2022-07-23T18:46:38.982Z INFO  client] Sending sample transaction 257
[2022-07-23T18:46:39.033Z INFO  client] Sending sample transaction 258
[2022-07-23T18:46:39.084Z INFO  client] Sending sample transaction 259
[2022-07-23T18:46:39.133Z INFO  client] Sending sample transaction 260
[2022-07-23T18:46:39.183Z INFO  client] Sending sample transaction 261
[2022-07-23T18:46:39.233Z INFO  client] Sending sample transaction 262
[2022-07-23T18:46:39.284Z INFO  client] Sending sample transaction 263
[2022-07-23T18:46:39.334Z INFO  client] Sending sample transaction 264
[2022-07-23T18:46:39.383Z INFO  client] Sending sample transaction 265
[2022-07-23T18:46:39.433Z INFO  client] Sending sample transaction 266
[2022-07-23T18:46:39.495Z INFO  client] Sending sample transaction 267
[2022-07-23T18:46:39.533Z INFO  client] Sending sample transaction 268
[2022-07-23T18:46:39.583Z INFO  client] Sending sample transaction 269
[2022-07-23T18:46:39.633Z INFO  client] Sending sample transaction 270
[2022-07-23T18:46:39.683Z INFO  client] Sending sample transaction 271
[2022-07-23T18:46:39.733Z INFO  client] Sending sample transaction 272
[2022-07-23T18:46:39.783Z INFO  client] Sending sample transaction 273
[2022-07-23T18:46:39.833Z INFO  client] Sending sample transaction 274
[2022-07-23T18:46:39.883Z INFO  client] Sending sample transaction 275
[2022-07-23T18:46:39.933Z INFO  client] Sending sample transaction 276
[2022-07-23T18:46:39.983Z INFO  client] Sending sample transaction 277
[2022-07-23T18:46:40.033Z INFO  client] Sending sample transaction 278
[2022-07-23T18:46:40.084Z INFO  client] Sending sample transaction 279
[2022-07-23T18:46:40.134Z INFO  client] Sending sample transaction 280
[2022-07-23T18:46:40.183Z INFO  client] Sending sample transaction 281
[2022-07-23T18:46:40.233Z INFO  client] Sending sample transaction 282
[2022-07-23T18:46:40.283Z INFO  client] Sending sample transaction 283
[2022-07-23T18:46:40.333Z INFO  client] Sending sample transaction 284
[2022-07-23T18:46:40.383Z INFO  client] Sending sample transaction 285
[2022-07-23T18:46:40.433Z INFO  client] Sending sample transaction 286
[2022-07-23T18:46:40.483Z INFO  client] Sending sample transaction 287
[2022-07-23T18:46:40.533Z INFO  client] Sending sample transaction 288
[2022-07-23T18:46:40.582Z INFO  client] Sending sample transaction 289
[2022-07-23T18:46:40.632Z INFO  client] Sending sample transaction 290
[2022-07-23T18:46:40.683Z INFO  client] Sending sample transaction 291
[2022-07-23T18:46:40.733Z INFO  client] Sending sample transaction 292
[2022-07-23T18:46:40.785Z INFO  client] Sending sample transaction 293
[2022-07-23T18:46:40.833Z INFO  client] Sending sample transaction 294
[2022-07-23T18:46:40.883Z INFO  client] Sending sample transaction 295
[2022-07-23T18:46:40.933Z INFO  client] Sending sample transaction 296
[2022-07-23T18:46:40.983Z INFO  client] Sending sample transaction 297
[2022-07-23T18:46:41.034Z INFO  client] Sending sample transaction 298
[2022-07-23T18:46:41.083Z INFO  client] Sending sample transaction 299
[2022-07-23T18:46:41.133Z INFO  client] Sending sample transaction 300
[2022-07-23T18:46:41.183Z INFO  client] Sending sample transaction 301
[2022-07-23T18:46:41.234Z INFO  client] Sending sample transaction 302
[2022-07-23T18:46:41.282Z INFO  client] Sending sample transaction 303
[2022-07-23T18:46:41.333Z INFO  client] Sending sample transaction 304
[2022-07-23T18:46:41.384Z INFO  client] Sending sample transaction 305
[2022-07-23T18:46:41.433Z INFO  client] Sending sample transaction 306
[2022-07-23T18:46:41.483Z INFO  client] Sending sample transaction 307
[2022-07-23T18:46:41.534Z INFO  client] Sending sample transaction 308
[2022-07-23T18:46:41.586Z INFO  client] Sending sample transaction 309
[2022-07-23T18:46:41.642Z INFO  client] Sending sample transaction 310
[2022-07-23T18:46:41.689Z INFO  client] Sending sample transaction 311
[2022-07-23T18:46:41.733Z INFO  client] Sending sample transaction 312
[2022-07-23T18:46:41.787Z INFO  client] Sending sample transaction 313
[2022-07-23T18:46:41.833Z INFO  client] Sending sample transaction 314
[2022-07-23T18:46:41.884Z INFO  client] Sending sample transaction 315
[2022-07-23T18:46:41.934Z INFO  client] Sending sample transaction 316
[2022-07-23T18:46:41.983Z INFO  client] Sending sample transaction 317
[2022-07-23T18:46:42.032Z INFO  client] Sending sample transaction 318
[2022-07-23T18:46:42.084Z INFO  client] Sending sample transaction 319
[2022-07-23T18:46:42.133Z INFO  client] Sending sample transaction 320
[2022-07-23T18:46:42.183Z INFO  client] Sending sample transaction 321
[2022-07-23T18:46:42.233Z INFO  client] Sending sample transaction 322
[2022-07-23T18:46:42.283Z INFO  client] Sending sample transaction 323
[2022-07-23T18:46:42.333Z INFO  client] Sending sample transaction 324
[2022-07-23T18:46:42.383Z INFO  client] Sending sample transaction 325
[2022-07-23T18:46:42.433Z INFO  client] Sending sample transaction 326
[2022-07-23T18:46:42.483Z INFO  client] Sending sample transaction 327
[2022-07-23T18:46:42.533Z INFO  client] Sending sample transaction 328
[2022-07-23T18:46:42.583Z INFO  client] Sending sample transaction 329
[2022-07-23T18:46:42.633Z INFO  client] Sending sample transaction 330
[2022-07-23T18:46:42.688Z INFO  client] Sending sample transaction 331
[2022-07-23T18:46:42.734Z INFO  client] Sending sample transaction 332
[2022-07-23T18:46:42.783Z INFO  client] Sending sample transaction 333
[2022-07-23T18:46:42.833Z INFO  client] Sending sample transaction 334
[2022-07-23T18:46:42.883Z INFO  client] Sending sample transaction 335
[2022-07-23T18:46:42.934Z INFO  client] Sending sample transaction 336
[2022-07-23T18:46:42.982Z INFO  client] Sending sample transaction 337
[2022-07-23T18:46:43.033Z INFO  client] Sending sample transaction 338
[2022-07-23T18:46:43.084Z INFO  client] Sending sample transaction 339
[2022-07-23T18:46:43.133Z INFO  client] Sending sample transaction 340
[2022-07-23T18:46:43.183Z INFO  client] Sending sample transaction 341
[2022-07-23T18:46:43.233Z INFO  client] Sending sample transaction 342
[2022-07-23T18:46:43.283Z INFO  client] Sending sample transaction 343
[2022-07-23T18:46:43.333Z INFO  client] Sending sample transaction 344
[2022-07-23T18:46:43.384Z INFO  client] Sending sample transaction 345
[2022-07-23T18:46:43.433Z INFO  client] Sending sample transaction 346
[2022-07-23T18:46:43.483Z INFO  client] Sending sample transaction 347
[2022-07-23T18:46:43.533Z INFO  client] Sending sample transaction 348
[2022-07-23T18:46:43.585Z INFO  client] Sending sample transaction 349
[2022-07-23T18:46:43.632Z INFO  client] Sending sample transaction 350
[2022-07-23T18:46:43.684Z INFO  client] Sending sample transaction 351
[2022-07-23T18:46:43.748Z INFO  client] Sending sample transaction 352
[2022-07-23T18:46:43.785Z INFO  client] Sending sample transaction 353
[2022-07-23T18:46:43.833Z INFO  client] Sending sample transaction 354
[2022-07-23T18:46:43.885Z INFO  client] Sending sample transaction 355
[2022-07-23T18:46:43.933Z INFO  client] Sending sample transaction 356
[2022-07-23T18:46:43.983Z INFO  client] Sending sample transaction 357
[2022-07-23T18:46:44.034Z INFO  client] Sending sample transaction 358
[2022-07-23T18:46:44.083Z INFO  client] Sending sample transaction 359
[2022-07-23T18:46:44.132Z INFO  client] Sending sample transaction 360
[2022-07-23T18:46:44.185Z INFO  client] Sending sample transaction 361
[2022-07-23T18:46:44.233Z INFO  client] Sending sample transaction 362
[2022-07-23T18:46:44.284Z INFO  client] Sending sample transaction 363
[2022-07-23T18:46:44.333Z INFO  client] Sending sample transaction 364
[2022-07-23T18:46:44.382Z INFO  client] Sending sample transaction 365
[2022-07-23T18:46:44.433Z INFO  client] Sending sample transaction 366
[2022-07-23T18:46:44.483Z INFO  client] Sending sample transaction 367
[2022-07-23T18:46:44.533Z INFO  client] Sending sample transaction 368
[2022-07-23T18:46:44.583Z INFO  client] Sending sample transaction 369
[2022-07-23T18:46:44.633Z INFO  client] Sending sample transaction 370
[2022-07-23T18:46:44.684Z INFO  client] Sending sample transaction 371
[2022-07-23T18:46:44.734Z INFO  client] Sending sample transaction 372
[2022-07-23T18:46:44.783Z INFO  client] Sending sample transaction 373
[2022-07-23T18:46:44.833Z INFO  client] Sending sample transaction 374
[2022-07-23T18:46:44.883Z INFO  client] Sending sample transaction 375
[2022-07-23T18:46:44.933Z INFO  client] Sending sample transaction 376
[2022-07-23T18:46:44.993Z INFO  client] Sending sample transaction 377
[2022-07-23T18:46:45.036Z INFO  client] Sending sample transaction 378
[2022-07-23T18:46:45.083Z INFO  client] Sending sample transaction 379
[2022-07-23T18:46:45.133Z INFO  client] Sending sample transaction 380
[2022-07-23T18:46:45.182Z INFO  client] Sending sample transaction 381
[2022-07-23T18:46:45.233Z INFO  client] Sending sample transaction 382
[2022-07-23T18:46:45.283Z INFO  client] Sending sample transaction 383
[2022-07-23T18:46:45.333Z INFO  client] Sending sample transaction 384
[2022-07-23T18:46:45.382Z INFO  client] Sending sample transaction 385
[2022-07-23T18:46:45.435Z INFO  client] Sending sample transaction 386
[2022-07-23T18:46:45.483Z INFO  client] Sending sample transaction 387
[2022-07-23T18:46:45.533Z INFO  client] Sending sample transaction 388
[2022-07-23T18:46:45.583Z INFO  client] Sending sample transaction 389
[2022-07-23T18:46:45.634Z INFO  client] Sending sample transaction 390
[2022-07-23T18:46:45.682Z INFO  client] Sending sample transaction 391
[2022-07-23T18:46:45.737Z INFO  client] Sending sample transaction 392
[2022-07-23T18:46:45.786Z INFO  client] Sending sample transaction 393
[2022-07-23T18:46:45.834Z INFO  client] Sending sample transaction 394
[2022-07-23T18:46:45.884Z INFO  client] Sending sample transaction 395
[2022-07-23T18:46:45.935Z INFO  client] Sending sample transaction 396
[2022-07-23T18:46:45.983Z INFO  client] Sending sample transaction 397
[2022-07-23T18:46:46.033Z INFO  client] Sending sample transaction 398
[2022-07-23T18:46:46.084Z INFO  client] Sending sample transaction 399
[2022-07-23T18:46:46.133Z INFO  client] Sending sample transaction 400
[2022-07-23T18:46:46.185Z INFO  client] Sending sample transaction 401
[2022-07-23T18:46:46.234Z INFO  client] Sending sample transaction 402
[2022-07-23T18:46:46.284Z INFO  client] Sending sample transaction 403
[2022-07-23T18:46:46.333Z INFO  client] Sending sample transaction 404
[2022-07-23T18:46:46.383Z INFO  client] Sending sample transaction 405
[2022-07-23T18:46:46.442Z INFO  client] Sending sample transaction 406
[2022-07-23T18:46:46.484Z INFO  client] Sending sample transaction 407
[2022-07-23T18:46:46.533Z INFO  client] Sending sample transaction 408
[2022-07-23T18:46:46.583Z INFO  client] Sending sample transaction 409
[2022-07-23T18:46:46.633Z INFO  client] Sending sample transaction 410
[2022-07-23T18:46:46.684Z INFO  client] Sending sample transaction 411
[2022-07-23T18:46:46.733Z INFO  client] Sending sample transaction 412
[2022-07-23T18:46:46.783Z INFO  client] Sending sample transaction 413
[2022-07-23T18:46:46.834Z INFO  client] Sending sample transaction 414
[2022-07-23T18:46:46.882Z INFO  client] Sending sample transaction 415
[2022-07-23T18:46:46.933Z INFO  client] Sending sample transaction 416
[2022-07-23T18:46:46.983Z INFO  client] Sending sample transaction 417
[2022-07-23T18:46:47.033Z INFO  client] Sending sample transaction 418
[2022-07-23T18:46:47.087Z INFO  client] Sending sample transaction 419
[2022-07-23T18:46:47.133Z INFO  client] Sending sample transaction 420
[2022-07-23T18:46:47.182Z INFO  client] Sending sample transaction 421
[2022-07-23T18:46:47.235Z INFO  client] Sending sample transaction 422
