[2022-07-23T16:33:19.492Z INFO  client] Node address: 127.0.0.1:9015
[2022-07-23T16:33:19.492Z INFO  client] Transactions size: 512 B
[2022-07-23T16:33:19.492Z INFO  client] Transactions rate: 112 tx/s
[2022-07-23T16:33:19.492Z INFO  client] Waiting for all nodes to be online...
[2022-07-23T16:33:19.492Z INFO  client] Waiting for all nodes to be synchronized...
[2022-07-23T16:33:21.544Z INFO  client] Start sending transactions
[2022-07-23T16:33:21.553Z INFO  client] Sending sample transaction 0
[2022-07-23T16:33:21.611Z INFO  client] Sending sample transaction 1
[2022-07-23T16:33:21.647Z INFO  client] Sending sample transaction 2
[2022-07-23T16:33:21.701Z INFO  client] Sending sample transaction 3
[2022-07-23T16:33:21.776Z INFO  client] Sending sample transaction 4
[2022-07-23T16:33:21.806Z INFO  client] Sending sample transaction 5
[2022-07-23T16:33:21.855Z INFO  client] Sending sample transaction 6
[2022-07-23T16:33:21.900Z INFO  client] Sending sample transaction 7
[2022-07-23T16:33:21.958Z INFO  client] Sending sample transaction 8
[2022-07-23T16:33:22.000Z INFO  client] Sending sample transaction 9
[2022-07-23T16:33:22.045Z INFO  client] Sending sample transaction 10
[2022-07-23T16:33:22.095Z INFO  client] Sending sample transaction 11
[2022-07-23T16:33:22.147Z INFO  client] Sending sample transaction 12
[2022-07-23T16:33:22.200Z INFO  client] Sending sample transaction 13
[2022-07-23T16:33:22.246Z INFO  client] Sending sample transaction 14
[2022-07-23T16:33:22.295Z INFO  client] Sending sample transaction 15
[2022-07-23T16:33:22.346Z INFO  client] Sending sample transaction 16
[2022-07-23T16:33:22.396Z INFO  client] Sending sample transaction 17
[2022-07-23T16:33:22.445Z INFO  client] Sending sample transaction 18
[2022-07-23T16:33:22.496Z INFO  client] Sending sample transaction 19
[2022-07-23T16:33:22.545Z INFO  client] Sending sample transaction 20
[2022-07-23T16:33:22.596Z INFO  client] Sending sample transaction 21
[2022-07-23T16:33:22.651Z INFO  client] Sending sample transaction 22
[2022-07-23T16:33:22.727Z INFO  client] Sending sample transaction 23
[2022-07-23T16:33:22.768Z INFO  client] Sending sample transaction 24
[2022-07-23T16:33:22.808Z INFO  client] Sending sample transaction 25
[2022-07-23T16:33:22.878Z INFO  client] Sending sample transaction 26
[2022-07-23T16:33:22.919Z INFO  client] Sending sample transaction 27
[2022-07-23T16:33:23.036Z INFO  client] Sending sample transaction 28
[2022-07-23T16:33:23.165Z INFO  client] Sending sample transaction 29
[2022-07-23T16:33:23.165Z INFO  client] Sending sample transaction 30
[2022-07-23T16:33:23.388Z INFO  client] Sending sample transaction 31
[2022-07-23T16:33:23.468Z WARN  client] Transaction rate too high for this client
[2022-07-23T16:33:23.469Z INFO  client] Sending sample transaction 32
[2022-07-23T16:33:23.516Z INFO  client] Sending sample transaction 33
[2022-07-23T16:33:23.517Z INFO  client] Sending sample transaction 34
[2022-07-23T16:33:23.661Z INFO  client] Sending sample transaction 35
[2022-07-23T16:33:23.723Z WARN  client] Transaction rate too high for this client
[2022-07-23T16:33:23.724Z INFO  client] Sending sample transaction 36
[2022-07-23T16:33:23.724Z INFO  client] Sending sample transaction 37
[2022-07-23T16:33:23.725Z INFO  client] Sending sample transaction 38
[2022-07-23T16:33:23.725Z INFO  client] Sending sample transaction 39
[2022-07-23T16:33:23.726Z INFO  client] Sending sample transaction 40
[2022-07-23T16:33:23.925Z INFO  client] Sending sample transaction 41
[2022-07-23T16:33:23.926Z WARN  client] Transaction rate too high for this client
[2022-07-23T16:33:23.926Z INFO  client] Sending sample transaction 42
[2022-07-23T16:33:23.927Z INFO  client] Sending sample transaction 43
[2022-07-23T16:33:24.070Z INFO  client] Sending sample transaction 44
[2022-07-23T16:33:24.070Z WARN  client] Transaction rate too high for this client
[2022-07-23T16:33:24.070Z INFO  client] Sending sample transaction 45
[2022-07-23T16:33:24.146Z WARN  client] Transaction rate too high for this client
[2022-07-23T16:33:24.146Z INFO  client] Sending sample transaction 46
[2022-07-23T16:33:24.162Z INFO  client] Sending sample transaction 47
[2022-07-23T16:33:24.163Z INFO  client] Sending sample transaction 48
[2022-07-23T16:33:24.176Z INFO  client] Sending sample transaction 49
[2022-07-23T16:33:24.176Z INFO  client] Sending sample transaction 50
[2022-07-23T16:33:24.210Z INFO  client] Sending sample transaction 51
[2022-07-23T16:33:24.211Z INFO  client] Sending sample transaction 52
[2022-07-23T16:33:24.238Z INFO  client] Sending sample transaction 53
[2022-07-23T16:33:24.255Z INFO  client] Sending sample transaction 54
[2022-07-23T16:33:24.301Z INFO  client] Sending sample transaction 55
[2022-07-23T16:33:24.348Z INFO  client] Sending sample transaction 56
[2022-07-23T16:33:24.409Z INFO  client] Sending sample transaction 57
[2022-07-23T16:33:24.455Z INFO  client] Sending sample transaction 58
[2022-07-23T16:33:24.508Z INFO  client] Sending sample transaction 59
[2022-07-23T16:33:24.546Z INFO  client] Sending sample transaction 60
[2022-07-23T16:33:24.605Z INFO  client] Sending sample transaction 61
[2022-07-23T16:33:24.655Z INFO  client] Sending sample transaction 62
[2022-07-23T16:33:24.699Z INFO  client] Sending sample transaction 63
[2022-07-23T16:33:24.760Z INFO  client] Sending sample transaction 64
[2022-07-23T16:33:24.822Z INFO  client] Sending sample transaction 65
[2022-07-23T16:33:24.867Z INFO  client] Sending sample transaction 66
[2022-07-23T16:33:24.899Z INFO  client] Sending sample transaction 67
[2022-07-23T16:33:24.949Z INFO  client] Sending sample transaction 68
[2022-07-23T16:33:25.033Z INFO  client] Sending sample transaction 69
[2022-07-23T16:33:25.079Z INFO  client] Sending sample transaction 70
[2022-07-23T16:33:25.110Z INFO  client] Sending sample transaction 71
[2022-07-23T16:33:25.176Z INFO  client] Sending sample transaction 72
[2022-07-23T16:33:25.204Z INFO  client] Sending sample transaction 73
[2022-07-23T16:33:25.246Z INFO  client] Sending sample transaction 74
[2022-07-23T16:33:25.295Z INFO  client] Sending sample transaction 75
[2022-07-23T16:33:25.345Z INFO  client] Sending sample transaction 76
[2022-07-23T16:33:25.395Z INFO  client] Sending sample transaction 77
[2022-07-23T16:33:25.446Z INFO  client] Sending sample transaction 78
[2022-07-23T16:33:25.500Z INFO  client] Sending sample transaction 79
[2022-07-23T16:33:25.545Z INFO  client] Sending sample transaction 80
[2022-07-23T16:33:25.595Z INFO  client] Sending sample transaction 81
[2022-07-23T16:33:25.644Z INFO  client] Sending sample transaction 82
[2022-07-23T16:33:25.695Z INFO  client] Sending sample transaction 83
[2022-07-23T16:33:25.755Z INFO  client] Sending sample transaction 84
[2022-07-23T16:33:25.840Z INFO  client] Sending sample transaction 85
[2022-07-23T16:33:25.845Z INFO  client] Sending sample transaction 86
[2022-07-23T16:33:25.901Z WARN  client] Transaction rate too high for this client
[2022-07-23T16:33:25.970Z INFO  client] Sending sample transaction 87
[2022-07-23T16:33:25.993Z INFO  client] Sending sample transaction 88
[2022-07-23T16:33:26.010Z INFO  client] Sending sample transaction 89
[2022-07-23T16:33:26.045Z INFO  client] Sending sample transaction 90
[2022-07-23T16:33:26.099Z INFO  client] Sending sample transaction 91
[2022-07-23T16:33:26.147Z INFO  client] Sending sample transaction 92
[2022-07-23T16:33:26.199Z INFO  client] Sending sample transaction 93
[2022-07-23T16:33:26.297Z INFO  client] Sending sample transaction 94
[2022-07-23T16:33:26.297Z INFO  client] Sending sample transaction 95
[2022-07-23T16:33:26.347Z INFO  client] Sending sample transaction 96
[2022-07-23T16:33:26.413Z INFO  client] Sending sample transaction 97
[2022-07-23T16:33:26.463Z INFO  client] Sending sample transaction 98
[2022-07-23T16:33:26.505Z INFO  client] Sending sample transaction 99
[2022-07-23T16:33:26.545Z INFO  client] Sending sample transaction 100
[2022-07-23T16:33:26.595Z INFO  client] Sending sample transaction 101
[2022-07-23T16:33:26.645Z INFO  client] Sending sample transaction 102
[2022-07-23T16:33:26.696Z INFO  client] Sending sample transaction 103
[2022-07-23T16:33:26.746Z INFO  client] Sending sample transaction 104
[2022-07-23T16:33:26.795Z INFO  client] Sending sample transaction 105
[2022-07-23T16:33:26.846Z INFO  client] Sending sample transaction 106
[2022-07-23T16:33:26.894Z INFO  client] Sending sample transaction 107
[2022-07-23T16:33:26.946Z INFO  client] Sending sample transaction 108
[2022-07-23T16:33:26.996Z INFO  client] Sending sample transaction 109
[2022-07-23T16:33:27.045Z INFO  client] Sending sample transaction 110
[2022-07-23T16:33:27.096Z INFO  client] Sending sample transaction 111
[2022-07-23T16:33:27.145Z INFO  client] Sending sample transaction 112
[2022-07-23T16:33:27.209Z INFO  client] Sending sample transaction 113
[2022-07-23T16:33:27.265Z INFO  client] Sending sample transaction 114
[2022-07-23T16:33:27.303Z INFO  client] Sending sample transaction 115
[2022-07-23T16:33:27.346Z INFO  client] Sending sample transaction 116
[2022-07-23T16:33:27.394Z INFO  client] Sending sample transaction 117
[2022-07-23T16:33:27.453Z INFO  client] Sending sample transaction 118
[2022-07-23T16:33:27.496Z INFO  client] Sending sample transaction 119
[2022-07-23T16:33:27.544Z INFO  client] Sending sample transaction 120
[2022-07-23T16:33:27.596Z INFO  client] Sending sample transaction 121
[2022-07-23T16:33:27.646Z INFO  client] Sending sample transaction 122
[2022-07-23T16:33:27.694Z INFO  client] Sending sample transaction 123
[2022-07-23T16:33:27.746Z INFO  client] Sending sample transaction 124
[2022-07-23T16:33:27.794Z INFO  client] Sending sample transaction 125
[2022-07-23T16:33:27.845Z INFO  client] Sending sample transaction 126
[2022-07-23T16:33:27.895Z INFO  client] Sending sample transaction 127
[2022-07-23T16:33:27.945Z INFO  client] Sending sample transaction 128
[2022-07-23T16:33:27.996Z INFO  client] Sending sample transaction 129
[2022-07-23T16:33:28.045Z INFO  client] Sending sample transaction 130
[2022-07-23T16:33:28.095Z INFO  client] Sending sample transaction 131
[2022-07-23T16:33:28.145Z INFO  client] Sending sample transaction 132
[2022-07-23T16:33:28.195Z INFO  client] Sending sample transaction 133
[2022-07-23T16:33:28.244Z INFO  client] Sending sample transaction 134
[2022-07-23T16:33:28.327Z INFO  client] Sending sample transaction 135
[2022-07-23T16:33:28.373Z INFO  client] Sending sample transaction 136
[2022-07-23T16:33:28.394Z INFO  client] Sending sample transaction 137
[2022-07-23T16:33:28.444Z INFO  client] Sending sample transaction 138
[2022-07-23T16:33:28.495Z INFO  client] Sending sample transaction 139
[2022-07-23T16:33:28.544Z INFO  client] Sending sample transaction 140
[2022-07-23T16:33:28.595Z INFO  client] Sending sample transaction 141
[2022-07-23T16:33:28.646Z INFO  client] Sending sample transaction 142
[2022-07-23T16:33:28.696Z INFO  client] Sending sample transaction 143
[2022-07-23T16:33:28.746Z INFO  client] Sending sample transaction 144
[2022-07-23T16:33:28.794Z INFO  client] Sending sample transaction 145
[2022-07-23T16:33:28.845Z INFO  client] Sending sample transaction 146
[2022-07-23T16:33:28.895Z INFO  client] Sending sample transaction 147
[2022-07-23T16:33:28.945Z INFO  client] Sending sample transaction 148
[2022-07-23T16:33:28.996Z INFO  client] Sending sample transaction 149
[2022-07-23T16:33:29.045Z INFO  client] Sending sample transaction 150
[2022-07-23T16:33:29.095Z INFO  client] Sending sample transaction 151
[2022-07-23T16:33:29.145Z INFO  client] Sending sample transaction 152
[2022-07-23T16:33:29.195Z INFO  client] Sending sample transaction 153
[2022-07-23T16:33:29.246Z INFO  client] Sending sample transaction 154
[2022-07-23T16:33:29.294Z INFO  client] Sending sample transaction 155
[2022-07-23T16:33:29.346Z INFO  client] Sending sample transaction 156
[2022-07-23T16:33:29.394Z INFO  client] Sending sample transaction 157
[2022-07-23T16:33:29.448Z INFO  client] Sending sample transaction 158
[2022-07-23T16:33:29.497Z INFO  client] Sending sample transaction 159
[2022-07-23T16:33:29.544Z INFO  client] Sending sample transaction 160
[2022-07-23T16:33:29.595Z INFO  client] Sending sample transaction 161
[2022-07-23T16:33:29.680Z INFO  client] Sending sample transaction 162
[2022-07-23T16:33:29.744Z INFO  client] Sending sample transaction 163
[2022-07-23T16:33:29.748Z INFO  client] Sending sample transaction 164
[2022-07-23T16:33:29.796Z INFO  client] Sending sample transaction 165
[2022-07-23T16:33:29.845Z INFO  client] Sending sample transaction 166
[2022-07-23T16:33:29.895Z INFO  client] Sending sample transaction 167
[2022-07-23T16:33:29.945Z INFO  client] Sending sample transaction 168
[2022-07-23T16:33:29.996Z INFO  client] Sending sample transaction 169
[2022-07-23T16:33:30.045Z INFO  client] Sending sample transaction 170
[2022-07-23T16:33:30.094Z INFO  client] Sending sample transaction 171
[2022-07-23T16:33:30.145Z INFO  client] Sending sample transaction 172
[2022-07-23T16:33:30.195Z INFO  client] Sending sample transaction 173
[2022-07-23T16:33:30.245Z INFO  client] Sending sample transaction 174
[2022-07-23T16:33:30.295Z INFO  client] Sending sample transaction 175
[2022-07-23T16:33:30.344Z INFO  client] Sending sample transaction 176
[2022-07-23T16:33:30.394Z INFO  client] Sending sample transaction 177
[2022-07-23T16:33:30.445Z INFO  client] Sending sample transaction 178
[2022-07-23T16:33:30.494Z INFO  client] Sending sample transaction 179
[2022-07-23T16:33:30.545Z INFO  client] Sending sample transaction 180
[2022-07-23T16:33:30.595Z INFO  client] Sending sample transaction 181
[2022-07-23T16:33:30.646Z INFO  client] Sending sample transaction 182
[2022-07-23T16:33:30.696Z INFO  client] Sending sample transaction 183
[2022-07-23T16:33:30.782Z INFO  client] Sending sample transaction 184
[2022-07-23T16:33:30.795Z INFO  client] Sending sample transaction 185
[2022-07-23T16:33:30.876Z INFO  client] Sending sample transaction 186
[2022-07-23T16:33:30.897Z INFO  client] Sending sample transaction 187
[2022-07-23T16:33:30.945Z INFO  client] Sending sample transaction 188
[2022-07-23T16:33:30.995Z INFO  client] Sending sample transaction 189
[2022-07-23T16:33:31.045Z INFO  client] Sending sample transaction 190
[2022-07-23T16:33:31.095Z INFO  client] Sending sample transaction 191
[2022-07-23T16:33:31.145Z INFO  client] Sending sample transaction 192
[2022-07-23T16:33:31.196Z INFO  client] Sending sample transaction 193
[2022-07-23T16:33:31.246Z INFO  client] Sending sample transaction 194
[2022-07-23T16:33:31.295Z INFO  client] Sending sample transaction 195
[2022-07-23T16:33:31.345Z INFO  client] Sending sample transaction 196
[2022-07-23T16:33:31.395Z INFO  client] Sending sample transaction 197
[2022-07-23T16:33:31.445Z INFO  client] Sending sample transaction 198
[2022-07-23T16:33:31.495Z INFO  client] Sending sample transaction 199
[2022-07-23T16:33:31.547Z INFO  client] Sending sample transaction 200
[2022-07-23T16:33:31.602Z INFO  client] Sending sample transaction 201
[2022-07-23T16:33:31.645Z INFO  client] Sending sample transaction 202
[2022-07-23T16:33:31.695Z INFO  client] Sending sample transaction 203
[2022-07-23T16:33:31.746Z INFO  client] Sending sample transaction 204
[2022-07-23T16:33:31.794Z INFO  client] Sending sample transaction 205
[2022-07-23T16:33:31.846Z INFO  client] Sending sample transaction 206
[2022-07-23T16:33:31.895Z INFO  client] Sending sample transaction 207
[2022-07-23T16:33:31.945Z INFO  client] Sending sample transaction 208
[2022-07-23T16:33:31.995Z INFO  client] Sending sample transaction 209
[2022-07-23T16:33:32.045Z INFO  client] Sending sample transaction 210
[2022-07-23T16:33:32.111Z INFO  client] Sending sample transaction 211
[2022-07-23T16:33:32.171Z INFO  client] Sending sample transaction 212
[2022-07-23T16:33:32.195Z INFO  client] Sending sample transaction 213
[2022-07-23T16:33:32.245Z INFO  client] Sending sample transaction 214
[2022-07-23T16:33:32.295Z INFO  client] Sending sample transaction 215
[2022-07-23T16:33:32.344Z INFO  client] Sending sample transaction 216
[2022-07-23T16:33:32.395Z INFO  client] Sending sample transaction 217
[2022-07-23T16:33:32.446Z INFO  client] Sending sample transaction 218
[2022-07-23T16:33:32.495Z INFO  client] Sending sample transaction 219
[2022-07-23T16:33:32.545Z INFO  client] Sending sample transaction 220
[2022-07-23T16:33:32.594Z INFO  client] Sending sample transaction 221
[2022-07-23T16:33:32.645Z INFO  client] Sending sample transaction 222
[2022-07-23T16:33:32.696Z INFO  client] Sending sample transaction 223
[2022-07-23T16:33:32.746Z INFO  client] Sending sample transaction 224
[2022-07-23T16:33:32.795Z INFO  client] Sending sample transaction 225
[2022-07-23T16:33:32.846Z INFO  client] Sending sample transaction 226
[2022-07-23T16:33:32.894Z INFO  client] Sending sample transaction 227
[2022-07-23T16:33:32.946Z INFO  client] Sending sample transaction 228
[2022-07-23T16:33:32.995Z INFO  client] Sending sample transaction 229
[2022-07-23T16:33:33.045Z INFO  client] Sending sample transaction 230
[2022-07-23T16:33:33.095Z INFO  client] Sending sample transaction 231
[2022-07-23T16:33:33.145Z INFO  client] Sending sample transaction 232
[2022-07-23T16:33:33.194Z INFO  client] Sending sample transaction 233
[2022-07-23T16:33:33.245Z INFO  client] Sending sample transaction 234
[2022-07-23T16:33:33.295Z INFO  client] Sending sample transaction 235
[2022-07-23T16:33:33.345Z INFO  client] Sending sample transaction 236
[2022-07-23T16:33:33.395Z INFO  client] Sending sample transaction 237
[2022-07-23T16:33:33.445Z INFO  client] Sending sample transaction 238
[2022-07-23T16:33:33.495Z INFO  client] Sending sample transaction 239
[2022-07-23T16:33:33.545Z INFO  client] Sending sample transaction 240
[2022-07-23T16:33:33.594Z INFO  client] Sending sample transaction 241
[2022-07-23T16:33:33.648Z INFO  client] Sending sample transaction 242
[2022-07-23T16:33:33.695Z INFO  client] Sending sample transaction 243
[2022-07-23T16:33:33.745Z INFO  client] Sending sample transaction 244
[2022-07-23T16:33:33.795Z INFO  client] Sending sample transaction 245
[2022-07-23T16:33:33.845Z INFO  client] Sending sample transaction 246
[2022-07-23T16:33:33.895Z INFO  client] Sending sample transaction 247
[2022-07-23T16:33:33.945Z INFO  client] Sending sample transaction 248
[2022-07-23T16:33:33.995Z INFO  client] Sending sample transaction 249
[2022-07-23T16:33:34.045Z INFO  client] Sending sample transaction 250
[2022-07-23T16:33:34.095Z INFO  client] Sending sample transaction 251
[2022-07-23T16:33:34.144Z INFO  client] Sending sample transaction 252
[2022-07-23T16:33:34.194Z INFO  client] Sending sample transaction 253
[2022-07-23T16:33:34.245Z INFO  client] Sending sample transaction 254
[2022-07-23T16:33:34.295Z INFO  client] Sending sample transaction 255
[2022-07-23T16:33:34.344Z INFO  client] Sending sample transaction 256
[2022-07-23T16:33:34.395Z INFO  client] Sending sample transaction 257
[2022-07-23T16:33:34.445Z INFO  client] Sending sample transaction 258
[2022-07-23T16:33:34.495Z INFO  client] Sending sample transaction 259
[2022-07-23T16:33:34.545Z INFO  client] Sending sample transaction 260
[2022-07-23T16:33:34.595Z INFO  client] Sending sample transaction 261
[2022-07-23T16:33:34.644Z INFO  client] Sending sample transaction 262
[2022-07-23T16:33:34.695Z INFO  client] Sending sample transaction 263
[2022-07-23T16:33:34.745Z INFO  client] Sending sample transaction 264
[2022-07-23T16:33:34.795Z INFO  client] Sending sample transaction 265
[2022-07-23T16:33:34.848Z INFO  client] Sending sample transaction 266
[2022-07-23T16:33:34.895Z INFO  client] Sending sample transaction 267
[2022-07-23T16:33:34.945Z INFO  client] Sending sample transaction 268
[2022-07-23T16:33:34.995Z INFO  client] Sending sample transaction 269
[2022-07-23T16:33:35.078Z INFO  client] Sending sample transaction 270
[2022-07-23T16:33:35.120Z INFO  client] Sending sample transaction 271
[2022-07-23T16:33:35.147Z INFO  client] Sending sample transaction 272
[2022-07-23T16:33:35.195Z INFO  client] Sending sample transaction 273
[2022-07-23T16:33:35.245Z INFO  client] Sending sample transaction 274
[2022-07-23T16:33:35.295Z INFO  client] Sending sample transaction 275
[2022-07-23T16:33:35.346Z INFO  client] Sending sample transaction 276
[2022-07-23T16:33:35.395Z INFO  client] Sending sample transaction 277
[2022-07-23T16:33:35.445Z INFO  client] Sending sample transaction 278
[2022-07-23T16:33:35.494Z INFO  client] Sending sample transaction 279
[2022-07-23T16:33:35.545Z INFO  client] Sending sample transaction 280
[2022-07-23T16:33:35.595Z INFO  client] Sending sample transaction 281
[2022-07-23T16:33:35.645Z INFO  client] Sending sample transaction 282
[2022-07-23T16:33:35.695Z INFO  client] Sending sample transaction 283
[2022-07-23T16:33:35.754Z INFO  client] Sending sample transaction 284
[2022-07-23T16:33:35.794Z INFO  client] Sending sample transaction 285
[2022-07-23T16:33:35.845Z INFO  client] Sending sample transaction 286
[2022-07-23T16:33:35.894Z INFO  client] Sending sample transaction 287
[2022-07-23T16:33:35.946Z INFO  client] Sending sample transaction 288
[2022-07-23T16:33:35.995Z INFO  client] Sending sample transaction 289
[2022-07-23T16:33:36.045Z INFO  client] Sending sample transaction 290
[2022-07-23T16:33:36.096Z INFO  client] Sending sample transaction 291
[2022-07-23T16:33:36.145Z INFO  client] Sending sample transaction 292
[2022-07-23T16:33:36.195Z INFO  client] Sending sample transaction 293
[2022-07-23T16:33:36.244Z INFO  client] Sending sample transaction 294
[2022-07-23T16:33:36.295Z INFO  client] Sending sample transaction 295
[2022-07-23T16:33:36.345Z INFO  client] Sending sample transaction 296
[2022-07-23T16:33:36.395Z INFO  client] Sending sample transaction 297
[2022-07-23T16:33:36.446Z INFO  client] Sending sample transaction 298
[2022-07-23T16:33:36.496Z INFO  client] Sending sample transaction 299
[2022-07-23T16:33:36.545Z INFO  client] Sending sample transaction 300
[2022-07-23T16:33:36.595Z INFO  client] Sending sample transaction 301
[2022-07-23T16:33:36.645Z INFO  client] Sending sample transaction 302
[2022-07-23T16:33:36.695Z INFO  client] Sending sample transaction 303
[2022-07-23T16:33:36.745Z INFO  client] Sending sample transaction 304
[2022-07-23T16:33:36.795Z INFO  client] Sending sample transaction 305
[2022-07-23T16:33:36.845Z INFO  client] Sending sample transaction 306
[2022-07-23T16:33:36.895Z INFO  client] Sending sample transaction 307
[2022-07-23T16:33:36.957Z INFO  client] Sending sample transaction 308
[2022-07-23T16:33:36.999Z INFO  client] Sending sample transaction 309
[2022-07-23T16:33:37.051Z INFO  client] Sending sample transaction 310
[2022-07-23T16:33:37.095Z INFO  client] Sending sample transaction 311
[2022-07-23T16:33:37.146Z INFO  client] Sending sample transaction 312
[2022-07-23T16:33:37.196Z INFO  client] Sending sample transaction 313
[2022-07-23T16:33:37.245Z INFO  client] Sending sample transaction 314
[2022-07-23T16:33:37.295Z INFO  client] Sending sample transaction 315
[2022-07-23T16:33:37.345Z INFO  client] Sending sample transaction 316
[2022-07-23T16:33:37.395Z INFO  client] Sending sample transaction 317
[2022-07-23T16:33:37.446Z INFO  client] Sending sample transaction 318
[2022-07-23T16:33:37.496Z INFO  client] Sending sample transaction 319
[2022-07-23T16:33:37.545Z INFO  client] Sending sample transaction 320
[2022-07-23T16:33:37.595Z INFO  client] Sending sample transaction 321
[2022-07-23T16:33:37.646Z INFO  client] Sending sample transaction 322
[2022-07-23T16:33:37.695Z INFO  client] Sending sample transaction 323
[2022-07-23T16:33:37.745Z INFO  client] Sending sample transaction 324
[2022-07-23T16:33:37.801Z INFO  client] Sending sample transaction 325
[2022-07-23T16:33:37.848Z INFO  client] Sending sample transaction 326
[2022-07-23T16:33:37.895Z INFO  client] Sending sample transaction 327
[2022-07-23T16:33:37.945Z INFO  client] Sending sample transaction 328
[2022-07-23T16:33:37.995Z INFO  client] Sending sample transaction 329
[2022-07-23T16:33:38.045Z INFO  client] Sending sample transaction 330
[2022-07-23T16:33:38.095Z INFO  client] Sending sample transaction 331
[2022-07-23T16:33:38.167Z INFO  client] Sending sample transaction 332
[2022-07-23T16:33:38.196Z INFO  client] Sending sample transaction 333
[2022-07-23T16:33:38.246Z INFO  client] Sending sample transaction 334
[2022-07-23T16:33:38.295Z INFO  client] Sending sample transaction 335
[2022-07-23T16:33:38.345Z INFO  client] Sending sample transaction 336
[2022-07-23T16:33:38.394Z INFO  client] Sending sample transaction 337
[2022-07-23T16:33:38.446Z INFO  client] Sending sample transaction 338
[2022-07-23T16:33:38.495Z INFO  client] Sending sample transaction 339
[2022-07-23T16:33:38.545Z INFO  client] Sending sample transaction 340
[2022-07-23T16:33:38.596Z INFO  client] Sending sample transaction 341
[2022-07-23T16:33:38.645Z INFO  client] Sending sample transaction 342
[2022-07-23T16:33:38.695Z INFO  client] Sending sample transaction 343
[2022-07-23T16:33:38.746Z INFO  client] Sending sample transaction 344
[2022-07-23T16:33:38.795Z INFO  client] Sending sample transaction 345
[2022-07-23T16:33:38.845Z INFO  client] Sending sample transaction 346
[2022-07-23T16:33:38.905Z INFO  client] Sending sample transaction 347
[2022-07-23T16:33:38.945Z INFO  client] Sending sample transaction 348
[2022-07-23T16:33:38.995Z INFO  client] Sending sample transaction 349
[2022-07-23T16:33:39.045Z INFO  client] Sending sample transaction 350
[2022-07-23T16:33:39.095Z INFO  client] Sending sample transaction 351
[2022-07-23T16:33:39.146Z INFO  client] Sending sample transaction 352
[2022-07-23T16:33:39.195Z INFO  client] Sending sample transaction 353
[2022-07-23T16:33:39.245Z INFO  client] Sending sample transaction 354
[2022-07-23T16:33:39.295Z INFO  client] Sending sample transaction 355
[2022-07-23T16:33:39.345Z INFO  client] Sending sample transaction 356
[2022-07-23T16:33:39.394Z INFO  client] Sending sample transaction 357
[2022-07-23T16:33:39.445Z INFO  client] Sending sample transaction 358
[2022-07-23T16:33:39.495Z INFO  client] Sending sample transaction 359
[2022-07-23T16:33:39.545Z INFO  client] Sending sample transaction 360
[2022-07-23T16:33:39.596Z INFO  client] Sending sample transaction 361
[2022-07-23T16:33:39.670Z INFO  client] Sending sample transaction 362
[2022-07-23T16:33:39.716Z INFO  client] Sending sample transaction 363
[2022-07-23T16:33:39.746Z INFO  client] Sending sample transaction 364
[2022-07-23T16:33:39.795Z INFO  client] Sending sample transaction 365
[2022-07-23T16:33:39.846Z INFO  client] Sending sample transaction 366
[2022-07-23T16:33:39.895Z INFO  client] Sending sample transaction 367
[2022-07-23T16:33:39.966Z INFO  client] Sending sample transaction 368
[2022-07-23T16:33:40.011Z INFO  client] Sending sample transaction 369
[2022-07-23T16:33:40.049Z INFO  client] Sending sample transaction 370
[2022-07-23T16:33:40.095Z INFO  client] Sending sample transaction 371
[2022-07-23T16:33:40.145Z INFO  client] Sending sample transaction 372
[2022-07-23T16:33:40.196Z INFO  client] Sending sample transaction 373
[2022-07-23T16:33:40.245Z INFO  client] Sending sample transaction 374
[2022-07-23T16:33:40.295Z INFO  client] Sending sample transaction 375
[2022-07-23T16:33:40.345Z INFO  client] Sending sample transaction 376
[2022-07-23T16:33:40.395Z INFO  client] Sending sample transaction 377
[2022-07-23T16:33:40.446Z INFO  client] Sending sample transaction 378
[2022-07-23T16:33:40.494Z INFO  client] Sending sample transaction 379
[2022-07-23T16:33:40.545Z INFO  client] Sending sample transaction 380
[2022-07-23T16:33:40.595Z INFO  client] Sending sample transaction 381
[2022-07-23T16:33:40.645Z INFO  client] Sending sample transaction 382
[2022-07-23T16:33:40.696Z INFO  client] Sending sample transaction 383
[2022-07-23T16:33:40.745Z INFO  client] Sending sample transaction 384
[2022-07-23T16:33:40.795Z INFO  client] Sending sample transaction 385
[2022-07-23T16:33:40.845Z INFO  client] Sending sample transaction 386
[2022-07-23T16:33:40.895Z INFO  client] Sending sample transaction 387
[2022-07-23T16:33:40.945Z INFO  client] Sending sample transaction 388
[2022-07-23T16:33:40.995Z INFO  client] Sending sample transaction 389
[2022-07-23T16:33:41.046Z INFO  client] Sending sample transaction 390
[2022-07-23T16:33:41.096Z INFO  client] Sending sample transaction 391
[2022-07-23T16:33:41.145Z INFO  client] Sending sample transaction 392
[2022-07-23T16:33:41.195Z INFO  client] Sending sample transaction 393
[2022-07-23T16:33:41.245Z INFO  client] Sending sample transaction 394
[2022-07-23T16:33:41.295Z INFO  client] Sending sample transaction 395
[2022-07-23T16:33:41.345Z INFO  client] Sending sample transaction 396
[2022-07-23T16:33:41.396Z INFO  client] Sending sample transaction 397
[2022-07-23T16:33:41.444Z INFO  client] Sending sample transaction 398
[2022-07-23T16:33:41.495Z INFO  client] Sending sample transaction 399
[2022-07-23T16:33:41.545Z INFO  client] Sending sample transaction 400
[2022-07-23T16:33:41.595Z INFO  client] Sending sample transaction 401
[2022-07-23T16:33:41.645Z INFO  client] Sending sample transaction 402
[2022-07-23T16:33:41.726Z INFO  client] Sending sample transaction 403
[2022-07-23T16:33:41.772Z INFO  client] Sending sample transaction 404
[2022-07-23T16:33:41.795Z INFO  client] Sending sample transaction 405
[2022-07-23T16:33:41.845Z INFO  client] Sending sample transaction 406
[2022-07-23T16:33:41.895Z INFO  client] Sending sample transaction 407
[2022-07-23T16:33:41.945Z INFO  client] Sending sample transaction 408
[2022-07-23T16:33:41.995Z INFO  client] Sending sample transaction 409
[2022-07-23T16:33:42.044Z INFO  client] Sending sample transaction 410
[2022-07-23T16:33:42.098Z INFO  client] Sending sample transaction 411
[2022-07-23T16:33:42.146Z INFO  client] Sending sample transaction 412
[2022-07-23T16:33:42.196Z INFO  client] Sending sample transaction 413
[2022-07-23T16:33:42.246Z INFO  client] Sending sample transaction 414
[2022-07-23T16:33:42.295Z INFO  client] Sending sample transaction 415
[2022-07-23T16:33:42.345Z INFO  client] Sending sample transaction 416
[2022-07-23T16:33:42.395Z INFO  client] Sending sample transaction 417
[2022-07-23T16:33:42.445Z INFO  client] Sending sample transaction 418
[2022-07-23T16:33:42.495Z INFO  client] Sending sample transaction 419
[2022-07-23T16:33:42.544Z INFO  client] Sending sample transaction 420
[2022-07-23T16:33:42.595Z INFO  client] Sending sample transaction 421
[2022-07-23T16:33:42.645Z INFO  client] Sending sample transaction 422
[2022-07-23T16:33:42.695Z INFO  client] Sending sample transaction 423
[2022-07-23T16:33:42.745Z INFO  client] Sending sample transaction 424
[2022-07-23T16:33:42.795Z INFO  client] Sending sample transaction 425
[2022-07-23T16:33:42.844Z INFO  client] Sending sample transaction 426
[2022-07-23T16:33:42.894Z INFO  client] Sending sample transaction 427
[2022-07-23T16:33:42.945Z INFO  client] Sending sample transaction 428
[2022-07-23T16:33:43.023Z INFO  client] Sending sample transaction 429
[2022-07-23T16:33:43.118Z INFO  client] Sending sample transaction 430
[2022-07-23T16:33:43.144Z INFO  client] Sending sample transaction 431
[2022-07-23T16:33:43.207Z INFO  client] Sending sample transaction 432
[2022-07-23T16:33:43.233Z INFO  client] Sending sample transaction 433
[2022-07-23T16:33:43.256Z INFO  client] Sending sample transaction 434
[2022-07-23T16:33:43.297Z INFO  client] Sending sample transaction 435
[2022-07-23T16:33:43.350Z INFO  client] Sending sample transaction 436
[2022-07-23T16:33:43.399Z INFO  client] Sending sample transaction 437
[2022-07-23T16:33:43.448Z INFO  client] Sending sample transaction 438
[2022-07-23T16:33:43.536Z INFO  client] Sending sample transaction 439
[2022-07-23T16:33:43.551Z INFO  client] Sending sample transaction 440
[2022-07-23T16:33:43.595Z INFO  client] Sending sample transaction 441
[2022-07-23T16:33:43.647Z INFO  client] Sending sample transaction 442
[2022-07-23T16:33:43.696Z INFO  client] Sending sample transaction 443
[2022-07-23T16:33:43.745Z INFO  client] Sending sample transaction 444
[2022-07-23T16:33:43.795Z INFO  client] Sending sample transaction 445
