[2022-07-23T16:38:35.600Z INFO  client] Node address: 127.0.0.1:9015
[2022-07-23T16:38:35.601Z INFO  client] Transactions size: 512 B
[2022-07-23T16:38:35.601Z INFO  client] Transactions rate: 112 tx/s
[2022-07-23T16:38:35.601Z INFO  client] Waiting for all nodes to be online...
[2022-07-23T16:38:35.601Z INFO  client] Waiting for all nodes to be synchronized...
[2022-07-23T16:38:37.612Z INFO  client] Start sending transactions
[2022-07-23T16:38:37.615Z INFO  client] Sending sample transaction 0
[2022-07-23T16:38:37.663Z INFO  client] Sending sample transaction 1
[2022-07-23T16:38:37.715Z INFO  client] Sending sample transaction 2
[2022-07-23T16:38:37.765Z INFO  client] Sending sample transaction 3
[2022-07-23T16:38:37.821Z INFO  client] Sending sample transaction 4
[2022-07-23T16:38:37.865Z INFO  client] Sending sample transaction 5
[2022-07-23T16:38:37.914Z INFO  client] Sending sample transaction 6
[2022-07-23T16:38:37.964Z INFO  client] Sending sample transaction 7
[2022-07-23T16:38:38.015Z INFO  client] Sending sample transaction 8
[2022-07-23T16:38:38.071Z INFO  client] Sending sample transaction 9
[2022-07-23T16:38:38.113Z INFO  client] Sending sample transaction 10
[2022-07-23T16:38:38.164Z INFO  client] Sending sample transaction 11
[2022-07-23T16:38:38.216Z INFO  client] Sending sample transaction 12
[2022-07-23T16:38:38.265Z INFO  client] Sending sample transaction 13
[2022-07-23T16:38:38.316Z INFO  client] Sending sample transaction 14
[2022-07-23T16:38:38.364Z INFO  client] Sending sample transaction 15
[2022-07-23T16:38:38.415Z INFO  client] Sending sample transaction 16
[2022-07-23T16:38:38.465Z INFO  client] Sending sample transaction 17
[2022-07-23T16:38:38.515Z INFO  client] Sending sample transaction 18
[2022-07-23T16:38:38.591Z INFO  client] Sending sample transaction 19
[2022-07-23T16:38:38.625Z INFO  client] Sending sample transaction 20
[2022-07-23T16:38:38.704Z INFO  client] Sending sample transaction 21
[2022-07-23T16:38:38.730Z INFO  client] Sending sample transaction 22
[2022-07-23T16:38:38.775Z INFO  client] Sending sample transaction 23
[2022-07-23T16:38:38.815Z INFO  client] Sending sample transaction 24
[2022-07-23T16:38:38.863Z INFO  client] Sending sample transaction 25
[2022-07-23T16:38:38.913Z INFO  client] Sending sample transaction 26
[2022-07-23T16:38:38.965Z INFO  client] Sending sample transaction 27
[2022-07-23T16:38:39.014Z INFO  client] Sending sample transaction 28
[2022-07-23T16:38:39.090Z INFO  client] Sending sample transaction 29
[2022-07-23T16:38:39.113Z INFO  client] Sending sample transaction 30
[2022-07-23T16:38:39.171Z INFO  client] Sending sample transaction 31
[2022-07-23T16:38:39.243Z INFO  client] Sending sample transaction 32
[2022-07-23T16:38:39.267Z INFO  client] Sending sample transaction 33
[2022-07-23T16:38:39.318Z INFO  client] Sending sample transaction 34
[2022-07-23T16:38:39.364Z INFO  client] Sending sample transaction 35
[2022-07-23T16:38:39.413Z INFO  client] Sending sample transaction 36
[2022-07-23T16:38:39.536Z INFO  client] Sending sample transaction 37
[2022-07-23T16:38:39.540Z INFO  client] Sending sample transaction 38
[2022-07-23T16:38:39.588Z INFO  client] Sending sample transaction 39
[2022-07-23T16:38:39.622Z INFO  client] Sending sample transaction 40
[2022-07-23T16:38:39.679Z INFO  client] Sending sample transaction 41
[2022-07-23T16:38:39.727Z INFO  client] Sending sample transaction 42
[2022-07-23T16:38:39.764Z INFO  client] Sending sample transaction 43
[2022-07-23T16:38:39.815Z INFO  client] Sending sample transaction 44
[2022-07-23T16:38:39.863Z INFO  client] Sending sample transaction 45
[2022-07-23T16:38:39.914Z INFO  client] Sending sample transaction 46
[2022-07-23T16:38:39.964Z INFO  client] Sending sample transaction 47
[2022-07-23T16:38:40.014Z INFO  client] Sending sample transaction 48
[2022-07-23T16:38:40.065Z INFO  client] Sending sample transaction 49
[2022-07-23T16:38:40.114Z INFO  client] Sending sample transaction 50
[2022-07-23T16:38:40.163Z INFO  client] Sending sample transaction 51
[2022-07-23T16:38:40.217Z INFO  client] Sending sample transaction 52
[2022-07-23T16:38:40.263Z INFO  client] Sending sample transaction 53
[2022-07-23T16:38:40.319Z INFO  client] Sending sample transaction 54
[2022-07-23T16:38:40.363Z INFO  client] Sending sample transaction 55
[2022-07-23T16:38:40.413Z INFO  client] Sending sample transaction 56
[2022-07-23T16:38:40.467Z INFO  client] Sending sample transaction 57
[2022-07-23T16:38:40.513Z INFO  client] Sending sample transaction 58
[2022-07-23T16:38:40.565Z INFO  client] Sending sample transaction 59
[2022-07-23T16:38:40.614Z INFO  client] Sending sample transaction 60
[2022-07-23T16:38:40.663Z INFO  client] Sending sample transaction 61
[2022-07-23T16:38:40.713Z INFO  client] Sending sample transaction 62
[2022-07-23T16:38:40.763Z INFO  client] Sending sample transaction 63
[2022-07-23T16:38:40.814Z INFO  client] Sending sample transaction 64
[2022-07-23T16:38:40.864Z INFO  client] Sending sample transaction 65
[2022-07-23T16:38:40.914Z INFO  client] Sending sample transaction 66
[2022-07-23T16:38:40.974Z INFO  client] Sending sample transaction 67
[2022-07-23T16:38:41.020Z INFO  client] Sending sample transaction 68
[2022-07-23T16:38:41.081Z INFO  client] Sending sample transaction 69
[2022-07-23T16:38:41.130Z INFO  client] Sending sample transaction 70
[2022-07-23T16:38:41.163Z INFO  client] Sending sample transaction 71
[2022-07-23T16:38:41.214Z INFO  client] Sending sample transaction 72
[2022-07-23T16:38:41.264Z INFO  client] Sending sample transaction 73
[2022-07-23T16:38:41.331Z INFO  client] Sending sample transaction 74
[2022-07-23T16:38:41.381Z INFO  client] Sending sample transaction 75
[2022-07-23T16:38:41.425Z INFO  client] Sending sample transaction 76
[2022-07-23T16:38:41.476Z INFO  client] Sending sample transaction 77
[2022-07-23T16:38:41.516Z INFO  client] Sending sample transaction 78
[2022-07-23T16:38:41.564Z INFO  client] Sending sample transaction 79
[2022-07-23T16:38:41.613Z INFO  client] Sending sample transaction 80
[2022-07-23T16:38:41.664Z INFO  client] Sending sample transaction 81
[2022-07-23T16:38:41.717Z INFO  client] Sending sample transaction 82
[2022-07-23T16:38:41.764Z INFO  client] Sending sample transaction 83
[2022-07-23T16:38:41.814Z INFO  client] Sending sample transaction 84
[2022-07-23T16:38:41.863Z INFO  client] Sending sample transaction 85
[2022-07-23T16:38:41.914Z INFO  client] Sending sample transaction 86
[2022-07-23T16:38:41.964Z INFO  client] Sending sample transaction 87
[2022-07-23T16:38:42.013Z INFO  client] Sending sample transaction 88
[2022-07-23T16:38:42.064Z INFO  client] Sending sample transaction 89
[2022-07-23T16:38:42.114Z INFO  client] Sending sample transaction 90
[2022-07-23T16:38:42.164Z INFO  client] Sending sample transaction 91
[2022-07-23T16:38:42.214Z INFO  client] Sending sample transaction 92
[2022-07-23T16:38:42.263Z INFO  client] Sending sample transaction 93
[2022-07-23T16:38:42.314Z INFO  client] Sending sample transaction 94
[2022-07-23T16:38:42.367Z INFO  client] Sending sample transaction 95
[2022-07-23T16:38:42.414Z INFO  client] Sending sample transaction 96
[2022-07-23T16:38:42.463Z INFO  client] Sending sample transaction 97
[2022-07-23T16:38:42.546Z INFO  client] Sending sample transaction 98
[2022-07-23T16:38:42.586Z INFO  client] Sending sample transaction 99
[2022-07-23T16:38:42.614Z INFO  client] Sending sample transaction 100
[2022-07-23T16:38:42.664Z INFO  client] Sending sample transaction 101
[2022-07-23T16:38:42.713Z INFO  client] Sending sample transaction 102
[2022-07-23T16:38:42.765Z INFO  client] Sending sample transaction 103
[2022-07-23T16:38:42.814Z INFO  client] Sending sample transaction 104
[2022-07-23T16:38:42.863Z INFO  client] Sending sample transaction 105
[2022-07-23T16:38:42.914Z INFO  client] Sending sample transaction 106
[2022-07-23T16:38:42.964Z INFO  client] Sending sample transaction 107
[2022-07-23T16:38:43.013Z INFO  client] Sending sample transaction 108
[2022-07-23T16:38:43.063Z INFO  client] Sending sample transaction 109
[2022-07-23T16:38:43.113Z INFO  client] Sending sample transaction 110
[2022-07-23T16:38:43.164Z INFO  client] Sending sample transaction 111
[2022-07-23T16:38:43.213Z INFO  client] Sending sample transaction 112
[2022-07-23T16:38:43.263Z INFO  client] Sending sample transaction 113
[2022-07-23T16:38:43.314Z INFO  client] Sending sample transaction 114
[2022-07-23T16:38:43.364Z INFO  client] Sending sample transaction 115
[2022-07-23T16:38:43.413Z INFO  client] Sending sample transaction 116
[2022-07-23T16:38:43.464Z INFO  client] Sending sample transaction 117
[2022-07-23T16:38:43.537Z INFO  client] Sending sample transaction 118
[2022-07-23T16:38:43.564Z INFO  client] Sending sample transaction 119
[2022-07-23T16:38:43.613Z INFO  client] Sending sample transaction 120
[2022-07-23T16:38:43.664Z INFO  client] Sending sample transaction 121
[2022-07-23T16:38:43.713Z INFO  client] Sending sample transaction 122
[2022-07-23T16:38:43.764Z INFO  client] Sending sample transaction 123
[2022-07-23T16:38:43.814Z INFO  client] Sending sample transaction 124
[2022-07-23T16:38:43.864Z INFO  client] Sending sample transaction 125
[2022-07-23T16:38:43.913Z INFO  client] Sending sample transaction 126
[2022-07-23T16:38:43.964Z INFO  client] Sending sample transaction 127
[2022-07-23T16:38:44.013Z INFO  client] Sending sample transaction 128
[2022-07-23T16:38:44.064Z INFO  client] Sending sample transaction 129
[2022-07-23T16:38:44.113Z INFO  client] Sending sample transaction 130
[2022-07-23T16:38:44.163Z INFO  client] Sending sample transaction 131
[2022-07-23T16:38:44.214Z INFO  client] Sending sample transaction 132
[2022-07-23T16:38:44.264Z INFO  client] Sending sample transaction 133
[2022-07-23T16:38:44.314Z INFO  client] Sending sample transaction 134
[2022-07-23T16:38:44.364Z INFO  client] Sending sample transaction 135
[2022-07-23T16:38:44.413Z INFO  client] Sending sample transaction 136
[2022-07-23T16:38:44.463Z INFO  client] Sending sample transaction 137
[2022-07-23T16:38:44.514Z INFO  client] Sending sample transaction 138
[2022-07-23T16:38:44.563Z INFO  client] Sending sample transaction 139
[2022-07-23T16:38:44.613Z INFO  client] Sending sample transaction 140
[2022-07-23T16:38:44.663Z INFO  client] Sending sample transaction 141
[2022-07-23T16:38:44.713Z INFO  client] Sending sample transaction 142
[2022-07-23T16:38:44.763Z INFO  client] Sending sample transaction 143
[2022-07-23T16:38:44.814Z INFO  client] Sending sample transaction 144
[2022-07-23T16:38:44.863Z INFO  client] Sending sample transaction 145
[2022-07-23T16:38:44.914Z INFO  client] Sending sample transaction 146
[2022-07-23T16:38:44.963Z INFO  client] Sending sample transaction 147
[2022-07-23T16:38:45.020Z INFO  client] Sending sample transaction 148
[2022-07-23T16:38:45.063Z INFO  client] Sending sample transaction 149
[2022-07-23T16:38:45.114Z INFO  client] Sending sample transaction 150
[2022-07-23T16:38:45.163Z INFO  client] Sending sample transaction 151
[2022-07-23T16:38:45.214Z INFO  client] Sending sample transaction 152
[2022-07-23T16:38:45.263Z INFO  client] Sending sample transaction 153
[2022-07-23T16:38:45.313Z INFO  client] Sending sample transaction 154
[2022-07-23T16:38:45.364Z INFO  client] Sending sample transaction 155
[2022-07-23T16:38:45.413Z INFO  client] Sending sample transaction 156
[2022-07-23T16:38:45.464Z INFO  client] Sending sample transaction 157
[2022-07-23T16:38:45.514Z INFO  client] Sending sample transaction 158
[2022-07-23T16:38:45.565Z INFO  client] Sending sample transaction 159
[2022-07-23T16:38:45.627Z INFO  client] Sending sample transaction 160
[2022-07-23T16:38:45.666Z INFO  client] Sending sample transaction 161
[2022-07-23T16:38:45.714Z INFO  client] Sending sample transaction 162
[2022-07-23T16:38:45.764Z INFO  client] Sending sample transaction 163
[2022-07-23T16:38:45.814Z INFO  client] Sending sample transaction 164
[2022-07-23T16:38:45.863Z INFO  client] Sending sample transaction 165
[2022-07-23T16:38:45.914Z INFO  client] Sending sample transaction 166
[2022-07-23T16:38:45.964Z INFO  client] Sending sample transaction 167
[2022-07-23T16:38:46.013Z INFO  client] Sending sample transaction 168
[2022-07-23T16:38:46.064Z INFO  client] Sending sample transaction 169
[2022-07-23T16:38:46.114Z INFO  client] Sending sample transaction 170
[2022-07-23T16:38:46.164Z INFO  client] Sending sample transaction 171
[2022-07-23T16:38:46.213Z INFO  client] Sending sample transaction 172
[2022-07-23T16:38:46.263Z INFO  client] Sending sample transaction 173
[2022-07-23T16:38:46.314Z INFO  client] Sending sample transaction 174
[2022-07-23T16:38:46.364Z INFO  client] Sending sample transaction 175
[2022-07-23T16:38:46.413Z INFO  client] Sending sample transaction 176
[2022-07-23T16:38:46.463Z INFO  client] Sending sample transaction 177
[2022-07-23T16:38:46.513Z INFO  client] Sending sample transaction 178
[2022-07-23T16:38:46.564Z INFO  client] Sending sample transaction 179
[2022-07-23T16:38:46.613Z INFO  client] Sending sample transaction 180
[2022-07-23T16:38:46.663Z INFO  client] Sending sample transaction 181
[2022-07-23T16:38:46.713Z INFO  client] Sending sample transaction 182
[2022-07-23T16:38:46.764Z INFO  client] Sending sample transaction 183
[2022-07-23T16:38:46.830Z INFO  client] Sending sample transaction 184
[2022-07-23T16:38:46.901Z INFO  client] Sending sample transaction 185
[2022-07-23T16:38:46.917Z INFO  client] Sending sample transaction 186
[2022-07-23T16:38:46.964Z INFO  client] Sending sample transaction 187
[2022-07-23T16:38:47.013Z INFO  client] Sending sample transaction 188
[2022-07-23T16:38:47.064Z INFO  client] Sending sample transaction 189
[2022-07-23T16:38:47.113Z INFO  client] Sending sample transaction 190
[2022-07-23T16:38:47.163Z INFO  client] Sending sample transaction 191
[2022-07-23T16:38:47.213Z INFO  client] Sending sample transaction 192
[2022-07-23T16:38:47.264Z INFO  client] Sending sample transaction 193
[2022-07-23T16:38:47.314Z INFO  client] Sending sample transaction 194
[2022-07-23T16:38:47.363Z INFO  client] Sending sample transaction 195
[2022-07-23T16:38:47.413Z INFO  client] Sending sample transaction 196
[2022-07-23T16:38:47.463Z INFO  client] Sending sample transaction 197
[2022-07-23T16:38:47.513Z INFO  client] Sending sample transaction 198
[2022-07-23T16:38:47.564Z INFO  client] Sending sample transaction 199
[2022-07-23T16:38:47.613Z INFO  client] Sending sample transaction 200
[2022-07-23T16:38:47.663Z INFO  client] Sending sample transaction 201
[2022-07-23T16:38:47.737Z INFO  client] Sending sample transaction 202
[2022-07-23T16:38:47.766Z INFO  client] Sending sample transaction 203
[2022-07-23T16:38:47.813Z INFO  client] Sending sample transaction 204
[2022-07-23T16:38:47.863Z INFO  client] Sending sample transaction 205
[2022-07-23T16:38:47.913Z INFO  client] Sending sample transaction 206
[2022-07-23T16:38:47.964Z INFO  client] Sending sample transaction 207
[2022-07-23T16:38:48.013Z INFO  client] Sending sample transaction 208
[2022-07-23T16:38:48.064Z INFO  client] Sending sample transaction 209
[2022-07-23T16:38:48.114Z INFO  client] Sending sample transaction 210
[2022-07-23T16:38:48.164Z INFO  client] Sending sample transaction 211
[2022-07-23T16:38:48.213Z INFO  client] Sending sample transaction 212
[2022-07-23T16:38:48.263Z INFO  client] Sending sample transaction 213
[2022-07-23T16:38:48.314Z INFO  client] Sending sample transaction 214
[2022-07-23T16:38:48.363Z INFO  client] Sending sample transaction 215
[2022-07-23T16:38:48.413Z INFO  client] Sending sample transaction 216
[2022-07-23T16:38:48.464Z INFO  client] Sending sample transaction 217
[2022-07-23T16:38:48.513Z INFO  client] Sending sample transaction 218
[2022-07-23T16:38:48.563Z INFO  client] Sending sample transaction 219
[2022-07-23T16:38:48.614Z INFO  client] Sending sample transaction 220
[2022-07-23T16:38:48.724Z INFO  client] Sending sample transaction 221
[2022-07-23T16:38:48.766Z INFO  client] Sending sample transaction 222
[2022-07-23T16:38:48.770Z INFO  client] Sending sample transaction 223
[2022-07-23T16:38:48.828Z INFO  client] Sending sample transaction 224
[2022-07-23T16:38:48.864Z INFO  client] Sending sample transaction 225
[2022-07-23T16:38:48.914Z INFO  client] Sending sample transaction 226
[2022-07-23T16:38:48.964Z INFO  client] Sending sample transaction 227
[2022-07-23T16:38:49.013Z INFO  client] Sending sample transaction 228
[2022-07-23T16:38:49.063Z INFO  client] Sending sample transaction 229
[2022-07-23T16:38:49.114Z INFO  client] Sending sample transaction 230
[2022-07-23T16:38:49.163Z INFO  client] Sending sample transaction 231
[2022-07-23T16:38:49.214Z INFO  client] Sending sample transaction 232
[2022-07-23T16:38:49.264Z INFO  client] Sending sample transaction 233
[2022-07-23T16:38:49.313Z INFO  client] Sending sample transaction 234
[2022-07-23T16:38:49.363Z INFO  client] Sending sample transaction 235
[2022-07-23T16:38:49.413Z INFO  client] Sending sample transaction 236
[2022-07-23T16:38:49.465Z INFO  client] Sending sample transaction 237
[2022-07-23T16:38:49.513Z INFO  client] Sending sample transaction 238
[2022-07-23T16:38:49.564Z INFO  client] Sending sample transaction 239
[2022-07-23T16:38:49.613Z INFO  client] Sending sample transaction 240
[2022-07-23T16:38:49.663Z INFO  client] Sending sample transaction 241
[2022-07-23T16:38:49.714Z INFO  client] Sending sample transaction 242
[2022-07-23T16:38:49.763Z INFO  client] Sending sample transaction 243
[2022-07-23T16:38:49.813Z INFO  client] Sending sample transaction 244
[2022-07-23T16:38:49.868Z INFO  client] Sending sample transaction 245
[2022-07-23T16:38:49.919Z INFO  client] Sending sample transaction 246
[2022-07-23T16:38:49.964Z INFO  client] Sending sample transaction 247
[2022-07-23T16:38:50.014Z INFO  client] Sending sample transaction 248
[2022-07-23T16:38:50.065Z INFO  client] Sending sample transaction 249
[2022-07-23T16:38:50.114Z INFO  client] Sending sample transaction 250
[2022-07-23T16:38:50.164Z INFO  client] Sending sample transaction 251
[2022-07-23T16:38:50.214Z INFO  client] Sending sample transaction 252
[2022-07-23T16:38:50.263Z INFO  client] Sending sample transaction 253
[2022-07-23T16:38:50.314Z INFO  client] Sending sample transaction 254
[2022-07-23T16:38:50.363Z INFO  client] Sending sample transaction 255
[2022-07-23T16:38:50.413Z INFO  client] Sending sample transaction 256
[2022-07-23T16:38:50.463Z INFO  client] Sending sample transaction 257
[2022-07-23T16:38:50.513Z INFO  client] Sending sample transaction 258
[2022-07-23T16:38:50.564Z INFO  client] Sending sample transaction 259
[2022-07-23T16:38:50.614Z INFO  client] Sending sample transaction 260
[2022-07-23T16:38:50.664Z INFO  client] Sending sample transaction 261
[2022-07-23T16:38:50.714Z INFO  client] Sending sample transaction 262
[2022-07-23T16:38:50.763Z INFO  client] Sending sample transaction 263
[2022-07-23T16:38:50.814Z INFO  client] Sending sample transaction 264
[2022-07-23T16:38:50.863Z INFO  client] Sending sample transaction 265
[2022-07-23T16:38:50.913Z INFO  client] Sending sample transaction 266
[2022-07-23T16:38:50.964Z INFO  client] Sending sample transaction 267
[2022-07-23T16:38:51.014Z INFO  client] Sending sample transaction 268
[2022-07-23T16:38:51.064Z INFO  client] Sending sample transaction 269
[2022-07-23T16:38:51.113Z INFO  client] Sending sample transaction 270
[2022-07-23T16:38:51.163Z INFO  client] Sending sample transaction 271
[2022-07-23T16:38:51.213Z INFO  client] Sending sample transaction 272
[2022-07-23T16:38:51.263Z INFO  client] Sending sample transaction 273
[2022-07-23T16:38:51.314Z INFO  client] Sending sample transaction 274
[2022-07-23T16:38:51.373Z INFO  client] Sending sample transaction 275
[2022-07-23T16:38:51.443Z INFO  client] Sending sample transaction 276
[2022-07-23T16:38:51.464Z INFO  client] Sending sample transaction 277
[2022-07-23T16:38:51.513Z INFO  client] Sending sample transaction 278
[2022-07-23T16:38:51.563Z INFO  client] Sending sample transaction 279
[2022-07-23T16:38:51.613Z INFO  client] Sending sample transaction 280
[2022-07-23T16:38:51.664Z INFO  client] Sending sample transaction 281
[2022-07-23T16:38:51.713Z INFO  client] Sending sample transaction 282
[2022-07-23T16:38:51.764Z INFO  client] Sending sample transaction 283
[2022-07-23T16:38:51.813Z INFO  client] Sending sample transaction 284
[2022-07-23T16:38:51.863Z INFO  client] Sending sample transaction 285
[2022-07-23T16:38:51.913Z INFO  client] Sending sample transaction 286
[2022-07-23T16:38:51.964Z INFO  client] Sending sample transaction 287
[2022-07-23T16:38:52.015Z INFO  client] Sending sample transaction 288
[2022-07-23T16:38:52.063Z INFO  client] Sending sample transaction 289
[2022-07-23T16:38:52.113Z INFO  client] Sending sample transaction 290
[2022-07-23T16:38:52.163Z INFO  client] Sending sample transaction 291
[2022-07-23T16:38:52.214Z INFO  client] Sending sample transaction 292
[2022-07-23T16:38:52.264Z INFO  client] Sending sample transaction 293
[2022-07-23T16:38:52.313Z INFO  client] Sending sample transaction 294
[2022-07-23T16:38:52.364Z INFO  client] Sending sample transaction 295
[2022-07-23T16:38:52.413Z INFO  client] Sending sample transaction 296
[2022-07-23T16:38:52.464Z INFO  client] Sending sample transaction 297
[2022-07-23T16:38:52.515Z INFO  client] Sending sample transaction 298
[2022-07-23T16:38:52.564Z INFO  client] Sending sample transaction 299
[2022-07-23T16:38:52.614Z INFO  client] Sending sample transaction 300
[2022-07-23T16:38:52.663Z INFO  client] Sending sample transaction 301
[2022-07-23T16:38:52.713Z INFO  client] Sending sample transaction 302
[2022-07-23T16:38:52.764Z INFO  client] Sending sample transaction 303
[2022-07-23T16:38:52.813Z INFO  client] Sending sample transaction 304
[2022-07-23T16:38:52.864Z INFO  client] Sending sample transaction 305
[2022-07-23T16:38:52.913Z INFO  client] Sending sample transaction 306
[2022-07-23T16:38:52.964Z INFO  client] Sending sample transaction 307
[2022-07-23T16:38:53.015Z INFO  client] Sending sample transaction 308
[2022-07-23T16:38:53.067Z INFO  client] Sending sample transaction 309
[2022-07-23T16:38:53.113Z INFO  client] Sending sample transaction 310
[2022-07-23T16:38:53.163Z INFO  client] Sending sample transaction 311
[2022-07-23T16:38:53.213Z INFO  client] Sending sample transaction 312
[2022-07-23T16:38:53.264Z INFO  client] Sending sample transaction 313
[2022-07-23T16:38:53.314Z INFO  client] Sending sample transaction 314
[2022-07-23T16:38:53.364Z INFO  client] Sending sample transaction 315
[2022-07-23T16:38:53.429Z INFO  client] Sending sample transaction 316
[2022-07-23T16:38:53.483Z INFO  client] Sending sample transaction 317
[2022-07-23T16:38:53.516Z INFO  client] Sending sample transaction 318
[2022-07-23T16:38:53.564Z INFO  client] Sending sample transaction 319
[2022-07-23T16:38:53.624Z INFO  client] Sending sample transaction 320
[2022-07-23T16:38:53.663Z INFO  client] Sending sample transaction 321
[2022-07-23T16:38:53.713Z INFO  client] Sending sample transaction 322
[2022-07-23T16:38:53.764Z INFO  client] Sending sample transaction 323
[2022-07-23T16:38:53.813Z INFO  client] Sending sample transaction 324
[2022-07-23T16:38:53.863Z INFO  client] Sending sample transaction 325
[2022-07-23T16:38:53.914Z INFO  client] Sending sample transaction 326
[2022-07-23T16:38:53.963Z INFO  client] Sending sample transaction 327
[2022-07-23T16:38:54.015Z INFO  client] Sending sample transaction 328
[2022-07-23T16:38:54.063Z INFO  client] Sending sample transaction 329
[2022-07-23T16:38:54.113Z INFO  client] Sending sample transaction 330
[2022-07-23T16:38:54.163Z INFO  client] Sending sample transaction 331
[2022-07-23T16:38:54.214Z INFO  client] Sending sample transaction 332
[2022-07-23T16:38:54.264Z INFO  client] Sending sample transaction 333
[2022-07-23T16:38:54.313Z INFO  client] Sending sample transaction 334
[2022-07-23T16:38:54.363Z INFO  client] Sending sample transaction 335
[2022-07-23T16:38:54.414Z INFO  client] Sending sample transaction 336
[2022-07-23T16:38:54.464Z INFO  client] Sending sample transaction 337
[2022-07-23T16:38:54.514Z INFO  client] Sending sample transaction 338
[2022-07-23T16:38:54.564Z INFO  client] Sending sample transaction 339
[2022-07-23T16:38:54.613Z INFO  client] Sending sample transaction 340
[2022-07-23T16:38:54.663Z INFO  client] Sending sample transaction 341
[2022-07-23T16:38:54.713Z INFO  client] Sending sample transaction 342
[2022-07-23T16:38:54.763Z INFO  client] Sending sample transaction 343
[2022-07-23T16:38:54.814Z INFO  client] Sending sample transaction 344
[2022-07-23T16:38:54.863Z INFO  client] Sending sample transaction 345
[2022-07-23T16:38:54.913Z INFO  client] Sending sample transaction 346
[2022-07-23T16:38:54.964Z INFO  client] Sending sample transaction 347
[2022-07-23T16:38:55.014Z INFO  client] Sending sample transaction 348
[2022-07-23T16:38:55.064Z INFO  client] Sending sample transaction 349
[2022-07-23T16:38:55.151Z INFO  client] Sending sample transaction 350
[2022-07-23T16:38:55.189Z INFO  client] Sending sample transaction 351
[2022-07-23T16:38:55.215Z INFO  client] Sending sample transaction 352
[2022-07-23T16:38:55.264Z INFO  client] Sending sample transaction 353
[2022-07-23T16:38:55.314Z INFO  client] Sending sample transaction 354
[2022-07-23T16:38:55.363Z INFO  client] Sending sample transaction 355
[2022-07-23T16:38:55.414Z INFO  client] Sending sample transaction 356
[2022-07-23T16:38:55.463Z INFO  client] Sending sample transaction 357
[2022-07-23T16:38:55.513Z INFO  client] Sending sample transaction 358
[2022-07-23T16:38:55.564Z INFO  client] Sending sample transaction 359
[2022-07-23T16:38:55.614Z INFO  client] Sending sample transaction 360
[2022-07-23T16:38:55.664Z INFO  client] Sending sample transaction 361
[2022-07-23T16:38:55.714Z INFO  client] Sending sample transaction 362
[2022-07-23T16:38:55.764Z INFO  client] Sending sample transaction 363
[2022-07-23T16:38:55.813Z INFO  client] Sending sample transaction 364
[2022-07-23T16:38:55.863Z INFO  client] Sending sample transaction 365
[2022-07-23T16:38:55.913Z INFO  client] Sending sample transaction 366
[2022-07-23T16:38:55.964Z INFO  client] Sending sample transaction 367
[2022-07-23T16:38:56.013Z INFO  client] Sending sample transaction 368
[2022-07-23T16:38:56.063Z INFO  client] Sending sample transaction 369
[2022-07-23T16:38:56.113Z INFO  client] Sending sample transaction 370
[2022-07-23T16:38:56.164Z INFO  client] Sending sample transaction 371
[2022-07-23T16:38:56.214Z INFO  client] Sending sample transaction 372
[2022-07-23T16:38:56.266Z INFO  client] Sending sample transaction 373
[2022-07-23T16:38:56.314Z INFO  client] Sending sample transaction 374
[2022-07-23T16:38:56.363Z INFO  client] Sending sample transaction 375
[2022-07-23T16:38:56.413Z INFO  client] Sending sample transaction 376
[2022-07-23T16:38:56.464Z INFO  client] Sending sample transaction 377
[2022-07-23T16:38:56.513Z INFO  client] Sending sample transaction 378
[2022-07-23T16:38:56.564Z INFO  client] Sending sample transaction 379
[2022-07-23T16:38:56.613Z INFO  client] Sending sample transaction 380
[2022-07-23T16:38:56.663Z INFO  client] Sending sample transaction 381
[2022-07-23T16:38:56.714Z INFO  client] Sending sample transaction 382
[2022-07-23T16:38:56.765Z INFO  client] Sending sample transaction 383
[2022-07-23T16:38:56.814Z INFO  client] Sending sample transaction 384
[2022-07-23T16:38:56.863Z INFO  client] Sending sample transaction 385
[2022-07-23T16:38:56.914Z INFO  client] Sending sample transaction 386
[2022-07-23T16:38:56.963Z INFO  client] Sending sample transaction 387
[2022-07-23T16:38:57.043Z INFO  client] Sending sample transaction 388
[2022-07-23T16:38:57.103Z INFO  client] Sending sample transaction 389
[2022-07-23T16:38:57.114Z INFO  client] Sending sample transaction 390
[2022-07-23T16:38:57.163Z INFO  client] Sending sample transaction 391
[2022-07-23T16:38:57.213Z INFO  client] Sending sample transaction 392
[2022-07-23T16:38:57.266Z INFO  client] Sending sample transaction 393
[2022-07-23T16:38:57.314Z INFO  client] Sending sample transaction 394
[2022-07-23T16:38:57.363Z INFO  client] Sending sample transaction 395
[2022-07-23T16:38:57.413Z INFO  client] Sending sample transaction 396
[2022-07-23T16:38:57.463Z INFO  client] Sending sample transaction 397
[2022-07-23T16:38:57.514Z INFO  client] Sending sample transaction 398
[2022-07-23T16:38:57.564Z INFO  client] Sending sample transaction 399
[2022-07-23T16:38:57.614Z INFO  client] Sending sample transaction 400
[2022-07-23T16:38:57.663Z INFO  client] Sending sample transaction 401
[2022-07-23T16:38:57.713Z INFO  client] Sending sample transaction 402
[2022-07-23T16:38:57.764Z INFO  client] Sending sample transaction 403
[2022-07-23T16:38:57.814Z INFO  client] Sending sample transaction 404
[2022-07-23T16:38:57.863Z INFO  client] Sending sample transaction 405
[2022-07-23T16:38:57.914Z INFO  client] Sending sample transaction 406
[2022-07-23T16:38:57.963Z INFO  client] Sending sample transaction 407
[2022-07-23T16:38:58.014Z INFO  client] Sending sample transaction 408
[2022-07-23T16:38:58.063Z INFO  client] Sending sample transaction 409
[2022-07-23T16:38:58.114Z INFO  client] Sending sample transaction 410
[2022-07-23T16:38:58.164Z INFO  client] Sending sample transaction 411
[2022-07-23T16:38:58.213Z INFO  client] Sending sample transaction 412
[2022-07-23T16:38:58.264Z INFO  client] Sending sample transaction 413
[2022-07-23T16:38:58.315Z INFO  client] Sending sample transaction 414
[2022-07-23T16:38:58.365Z INFO  client] Sending sample transaction 415
[2022-07-23T16:38:58.414Z INFO  client] Sending sample transaction 416
[2022-07-23T16:38:58.463Z INFO  client] Sending sample transaction 417
[2022-07-23T16:38:58.514Z INFO  client] Sending sample transaction 418
[2022-07-23T16:38:58.565Z INFO  client] Sending sample transaction 419
[2022-07-23T16:38:58.614Z INFO  client] Sending sample transaction 420
[2022-07-23T16:38:58.664Z INFO  client] Sending sample transaction 421
[2022-07-23T16:38:58.714Z INFO  client] Sending sample transaction 422
[2022-07-23T16:38:58.763Z INFO  client] Sending sample transaction 423
[2022-07-23T16:38:58.816Z INFO  client] Sending sample transaction 424
[2022-07-23T16:38:58.863Z INFO  client] Sending sample transaction 425
[2022-07-23T16:38:58.913Z INFO  client] Sending sample transaction 426
[2022-07-23T16:38:58.963Z INFO  client] Sending sample transaction 427
[2022-07-23T16:38:59.042Z INFO  client] Sending sample transaction 428
[2022-07-23T16:38:59.073Z INFO  client] Sending sample transaction 429
[2022-07-23T16:38:59.158Z INFO  client] Sending sample transaction 430
[2022-07-23T16:38:59.172Z INFO  client] Sending sample transaction 431
[2022-07-23T16:38:59.214Z INFO  client] Sending sample transaction 432
[2022-07-23T16:38:59.263Z INFO  client] Sending sample transaction 433
[2022-07-23T16:38:59.323Z INFO  client] Sending sample transaction 434
[2022-07-23T16:38:59.366Z INFO  client] Sending sample transaction 435
[2022-07-23T16:38:59.414Z INFO  client] Sending sample transaction 436
[2022-07-23T16:38:59.465Z INFO  client] Sending sample transaction 437
