[2022-07-23T17:32:53.759Z INFO  client] Node address: 127.0.0.1:9012
[2022-07-23T17:32:53.759Z INFO  client] Transactions size: 512 B
[2022-07-23T17:32:53.759Z INFO  client] Transactions rate: 112 tx/s
[2022-07-23T17:32:53.759Z INFO  client] Waiting for all nodes to be online...
[2022-07-23T17:32:53.759Z INFO  client] Waiting for all nodes to be synchronized...
[2022-07-23T17:32:55.764Z INFO  client] Start sending transactions
[2022-07-23T17:32:55.765Z INFO  client] Sending sample transaction 0
[2022-07-23T17:32:55.817Z INFO  client] Sending sample transaction 1
[2022-07-23T17:32:55.870Z INFO  client] Sending sample transaction 2
[2022-07-23T17:32:55.916Z INFO  client] Sending sample transaction 3
[2022-07-23T17:32:55.967Z INFO  client] Sending sample transaction 4
[2022-07-23T17:32:56.015Z INFO  client] Sending sample transaction 5
[2022-07-23T17:32:56.069Z INFO  client] Sending sample transaction 6
[2022-07-23T17:32:56.116Z INFO  client] Sending sample transaction 7
[2022-07-23T17:32:56.166Z INFO  client] Sending sample transaction 8
[2022-07-23T17:32:56.217Z INFO  client] Sending sample transaction 9
[2022-07-23T17:32:56.265Z INFO  client] Sending sample transaction 10
[2022-07-23T17:32:56.315Z INFO  client] Sending sample transaction 11
[2022-07-23T17:32:56.366Z INFO  client] Sending sample transaction 12
[2022-07-23T17:32:56.416Z INFO  client] Sending sample transaction 13
[2022-07-23T17:32:56.466Z INFO  client] Sending sample transaction 14
[2022-07-23T17:32:56.515Z INFO  client] Sending sample transaction 15
[2022-07-23T17:32:56.593Z INFO  client] Sending sample transaction 16
[2022-07-23T17:32:56.629Z INFO  client] Sending sample transaction 17
[2022-07-23T17:32:56.679Z INFO  client] Sending sample transaction 18
[2022-07-23T17:32:56.752Z INFO  client] Sending sample transaction 19
[2022-07-23T17:32:56.766Z INFO  client] Sending sample transaction 20
[2022-07-23T17:32:56.815Z INFO  client] Sending sample transaction 21
[2022-07-23T17:32:56.865Z INFO  client] Sending sample transaction 22
[2022-07-23T17:32:56.928Z INFO  client] Sending sample transaction 23
[2022-07-23T17:32:56.968Z INFO  client] Sending sample transaction 24
[2022-07-23T17:32:57.018Z INFO  client] Sending sample transaction 25
[2022-07-23T17:32:57.074Z INFO  client] Sending sample transaction 26
[2022-07-23T17:32:57.140Z INFO  client] Sending sample transaction 27
[2022-07-23T17:32:57.183Z INFO  client] Sending sample transaction 28
[2022-07-23T17:32:57.221Z INFO  client] Sending sample transaction 29
[2022-07-23T17:32:57.280Z INFO  client] Sending sample transaction 30
[2022-07-23T17:32:57.319Z INFO  client] Sending sample transaction 31
[2022-07-23T17:32:57.369Z INFO  client] Sending sample transaction 32
[2022-07-23T17:32:57.418Z INFO  client] Sending sample transaction 33
[2022-07-23T17:32:57.489Z INFO  client] Sending sample transaction 34
[2022-07-23T17:32:57.521Z INFO  client] Sending sample transaction 35
[2022-07-23T17:32:57.571Z INFO  client] Sending sample transaction 36
[2022-07-23T17:32:57.617Z INFO  client] Sending sample transaction 37
[2022-07-23T17:32:57.667Z INFO  client] Sending sample transaction 38
[2022-07-23T17:32:57.720Z INFO  client] Sending sample transaction 39
[2022-07-23T17:32:57.810Z INFO  client] Sending sample transaction 40
[2022-07-23T17:32:57.846Z INFO  client] Sending sample transaction 41
[2022-07-23T17:32:57.887Z INFO  client] Sending sample transaction 42
[2022-07-23T17:32:57.927Z INFO  client] Sending sample transaction 43
[2022-07-23T17:32:57.965Z INFO  client] Sending sample transaction 44
[2022-07-23T17:32:58.017Z INFO  client] Sending sample transaction 45
[2022-07-23T17:32:58.066Z INFO  client] Sending sample transaction 46
[2022-07-23T17:32:58.115Z INFO  client] Sending sample transaction 47
[2022-07-23T17:32:58.166Z INFO  client] Sending sample transaction 48
[2022-07-23T17:32:58.216Z INFO  client] Sending sample transaction 49
[2022-07-23T17:32:58.265Z INFO  client] Sending sample transaction 50
[2022-07-23T17:32:58.322Z INFO  client] Sending sample transaction 51
[2022-07-23T17:32:58.406Z INFO  client] Sending sample transaction 52
[2022-07-23T17:32:58.433Z INFO  client] Sending sample transaction 53
[2022-07-23T17:32:58.523Z INFO  client] Sending sample transaction 54
[2022-07-23T17:32:58.532Z INFO  client] Sending sample transaction 55
[2022-07-23T17:32:58.565Z INFO  client] Sending sample transaction 56
[2022-07-23T17:32:58.616Z INFO  client] Sending sample transaction 57
[2022-07-23T17:32:58.667Z INFO  client] Sending sample transaction 58
[2022-07-23T17:32:58.716Z INFO  client] Sending sample transaction 59
[2022-07-23T17:32:58.766Z INFO  client] Sending sample transaction 60
[2022-07-23T17:32:58.816Z INFO  client] Sending sample transaction 61
[2022-07-23T17:32:58.865Z INFO  client] Sending sample transaction 62
[2022-07-23T17:32:58.915Z INFO  client] Sending sample transaction 63
[2022-07-23T17:32:58.965Z INFO  client] Sending sample transaction 64
[2022-07-23T17:32:59.015Z INFO  client] Sending sample transaction 65
[2022-07-23T17:32:59.065Z INFO  client] Sending sample transaction 66
[2022-07-23T17:32:59.116Z INFO  client] Sending sample transaction 67
[2022-07-23T17:32:59.165Z INFO  client] Sending sample transaction 68
[2022-07-23T17:32:59.215Z INFO  client] Sending sample transaction 69
[2022-07-23T17:32:59.265Z INFO  client] Sending sample transaction 70
[2022-07-23T17:32:59.318Z INFO  client] Sending sample transaction 71
[2022-07-23T17:32:59.404Z INFO  client] Sending sample transaction 72
[2022-07-23T17:32:59.445Z INFO  client] Sending sample transaction 73
[2022-07-23T17:32:59.504Z INFO  client] Sending sample transaction 74
[2022-07-23T17:32:59.555Z INFO  client] Sending sample transaction 75
[2022-07-23T17:32:59.583Z INFO  client] Sending sample transaction 76
[2022-07-23T17:32:59.616Z INFO  client] Sending sample transaction 77
[2022-07-23T17:32:59.665Z INFO  client] Sending sample transaction 78
[2022-07-23T17:32:59.715Z INFO  client] Sending sample transaction 79
[2022-07-23T17:32:59.765Z INFO  client] Sending sample transaction 80
[2022-07-23T17:32:59.815Z INFO  client] Sending sample transaction 81
[2022-07-23T17:32:59.865Z INFO  client] Sending sample transaction 82
[2022-07-23T17:32:59.916Z INFO  client] Sending sample transaction 83
[2022-07-23T17:32:59.966Z INFO  client] Sending sample transaction 84
[2022-07-23T17:33:00.015Z INFO  client] Sending sample transaction 85
[2022-07-23T17:33:00.065Z INFO  client] Sending sample transaction 86
[2022-07-23T17:33:00.115Z INFO  client] Sending sample transaction 87
[2022-07-23T17:33:00.165Z INFO  client] Sending sample transaction 88
[2022-07-23T17:33:00.215Z INFO  client] Sending sample transaction 89
[2022-07-23T17:33:00.265Z INFO  client] Sending sample transaction 90
[2022-07-23T17:33:00.314Z INFO  client] Sending sample transaction 91
[2022-07-23T17:33:00.365Z INFO  client] Sending sample transaction 92
[2022-07-23T17:33:00.441Z INFO  client] Sending sample transaction 93
[2022-07-23T17:33:00.512Z INFO  client] Sending sample transaction 94
[2022-07-23T17:33:00.537Z INFO  client] Sending sample transaction 95
[2022-07-23T17:33:00.565Z INFO  client] Sending sample transaction 96
[2022-07-23T17:33:00.624Z INFO  client] Sending sample transaction 97
[2022-07-23T17:33:00.666Z INFO  client] Sending sample transaction 98
[2022-07-23T17:33:00.715Z INFO  client] Sending sample transaction 99
[2022-07-23T17:33:00.765Z INFO  client] Sending sample transaction 100
[2022-07-23T17:33:00.815Z INFO  client] Sending sample transaction 101
[2022-07-23T17:33:00.865Z INFO  client] Sending sample transaction 102
[2022-07-23T17:33:00.915Z INFO  client] Sending sample transaction 103
[2022-07-23T17:33:00.965Z INFO  client] Sending sample transaction 104
[2022-07-23T17:33:01.015Z INFO  client] Sending sample transaction 105
[2022-07-23T17:33:01.065Z INFO  client] Sending sample transaction 106
[2022-07-23T17:33:01.115Z INFO  client] Sending sample transaction 107
[2022-07-23T17:33:01.166Z INFO  client] Sending sample transaction 108
[2022-07-23T17:33:01.216Z INFO  client] Sending sample transaction 109
[2022-07-23T17:33:01.266Z INFO  client] Sending sample transaction 110
[2022-07-23T17:33:01.316Z INFO  client] Sending sample transaction 111
[2022-07-23T17:33:01.368Z INFO  client] Sending sample transaction 112
[2022-07-23T17:33:01.415Z INFO  client] Sending sample transaction 113
[2022-07-23T17:33:01.465Z INFO  client] Sending sample transaction 114
[2022-07-23T17:33:01.515Z INFO  client] Sending sample transaction 115
[2022-07-23T17:33:01.564Z INFO  client] Sending sample transaction 116
[2022-07-23T17:33:01.615Z INFO  client] Sending sample transaction 117
[2022-07-23T17:33:01.666Z INFO  client] Sending sample transaction 118
[2022-07-23T17:33:01.715Z INFO  client] Sending sample transaction 119
[2022-07-23T17:33:01.765Z INFO  client] Sending sample transaction 120
[2022-07-23T17:33:01.815Z INFO  client] Sending sample transaction 121
[2022-07-23T17:33:01.935Z INFO  client] Sending sample transaction 122
[2022-07-23T17:33:01.937Z INFO  client] Sending sample transaction 123
[2022-07-23T17:33:02.001Z INFO  client] Sending sample transaction 124
[2022-07-23T17:33:02.045Z INFO  client] Sending sample transaction 125
[2022-07-23T17:33:02.066Z INFO  client] Sending sample transaction 126
[2022-07-23T17:33:02.116Z INFO  client] Sending sample transaction 127
[2022-07-23T17:33:02.165Z INFO  client] Sending sample transaction 128
[2022-07-23T17:33:02.215Z INFO  client] Sending sample transaction 129
[2022-07-23T17:33:02.267Z INFO  client] Sending sample transaction 130
[2022-07-23T17:33:02.316Z INFO  client] Sending sample transaction 131
[2022-07-23T17:33:02.366Z INFO  client] Sending sample transaction 132
[2022-07-23T17:33:02.416Z INFO  client] Sending sample transaction 133
[2022-07-23T17:33:02.465Z INFO  client] Sending sample transaction 134
[2022-07-23T17:33:02.515Z INFO  client] Sending sample transaction 135
[2022-07-23T17:33:02.566Z INFO  client] Sending sample transaction 136
[2022-07-23T17:33:02.615Z INFO  client] Sending sample transaction 137
[2022-07-23T17:33:02.665Z INFO  client] Sending sample transaction 138
[2022-07-23T17:33:02.715Z INFO  client] Sending sample transaction 139
[2022-07-23T17:33:02.765Z INFO  client] Sending sample transaction 140
[2022-07-23T17:33:02.816Z INFO  client] Sending sample transaction 141
[2022-07-23T17:33:02.876Z INFO  client] Sending sample transaction 142
[2022-07-23T17:33:02.952Z INFO  client] Sending sample transaction 143
[2022-07-23T17:33:02.984Z INFO  client] Sending sample transaction 144
[2022-07-23T17:33:03.016Z INFO  client] Sending sample transaction 145
[2022-07-23T17:33:03.065Z INFO  client] Sending sample transaction 146
[2022-07-23T17:33:03.115Z INFO  client] Sending sample transaction 147
[2022-07-23T17:33:03.167Z INFO  client] Sending sample transaction 148
[2022-07-23T17:33:03.215Z INFO  client] Sending sample transaction 149
[2022-07-23T17:33:03.266Z INFO  client] Sending sample transaction 150
[2022-07-23T17:33:03.316Z INFO  client] Sending sample transaction 151
[2022-07-23T17:33:03.365Z INFO  client] Sending sample transaction 152
[2022-07-23T17:33:03.416Z INFO  client] Sending sample transaction 153
[2022-07-23T17:33:03.465Z INFO  client] Sending sample transaction 154
[2022-07-23T17:33:03.515Z INFO  client] Sending sample transaction 155
[2022-07-23T17:33:03.566Z INFO  client] Sending sample transaction 156
[2022-07-23T17:33:03.615Z INFO  client] Sending sample transaction 157
[2022-07-23T17:33:03.665Z INFO  client] Sending sample transaction 158
[2022-07-23T17:33:03.717Z INFO  client] Sending sample transaction 159
[2022-07-23T17:33:03.766Z INFO  client] Sending sample transaction 160
[2022-07-23T17:33:03.815Z INFO  client] Sending sample transaction 161
[2022-07-23T17:33:03.923Z INFO  client] Sending sample transaction 162
[2022-07-23T17:33:03.923Z INFO  client] Sending sample transaction 163
[2022-07-23T17:33:04.002Z INFO  client] Sending sample transaction 164
[2022-07-23T17:33:04.028Z INFO  client] Sending sample transaction 165
[2022-07-23T17:33:04.066Z INFO  client] Sending sample transaction 166
[2022-07-23T17:33:04.116Z INFO  client] Sending sample transaction 167
[2022-07-23T17:33:04.166Z INFO  client] Sending sample transaction 168
[2022-07-23T17:33:04.216Z INFO  client] Sending sample transaction 169
[2022-07-23T17:33:04.265Z INFO  client] Sending sample transaction 170
[2022-07-23T17:33:04.315Z INFO  client] Sending sample transaction 171
[2022-07-23T17:33:04.365Z INFO  client] Sending sample transaction 172
[2022-07-23T17:33:04.415Z INFO  client] Sending sample transaction 173
[2022-07-23T17:33:04.465Z INFO  client] Sending sample transaction 174
[2022-07-23T17:33:04.515Z INFO  client] Sending sample transaction 175
[2022-07-23T17:33:04.565Z INFO  client] Sending sample transaction 176
[2022-07-23T17:33:04.615Z INFO  client] Sending sample transaction 177
[2022-07-23T17:33:04.666Z INFO  client] Sending sample transaction 178
[2022-07-23T17:33:04.715Z INFO  client] Sending sample transaction 179
[2022-07-23T17:33:04.765Z INFO  client] Sending sample transaction 180
[2022-07-23T17:33:04.816Z INFO  client] Sending sample transaction 181
[2022-07-23T17:33:04.866Z INFO  client] Sending sample transaction 182
[2022-07-23T17:33:04.925Z INFO  client] Sending sample transaction 183
[2022-07-23T17:33:05.020Z INFO  client] Sending sample transaction 184
[2022-07-23T17:33:05.045Z INFO  client] Sending sample transaction 185
[2022-07-23T17:33:05.066Z INFO  client] Sending sample transaction 186
[2022-07-23T17:33:05.115Z INFO  client] Sending sample transaction 187
[2022-07-23T17:33:05.165Z INFO  client] Sending sample transaction 188
[2022-07-23T17:33:05.216Z INFO  client] Sending sample transaction 189
[2022-07-23T17:33:05.265Z INFO  client] Sending sample transaction 190
[2022-07-23T17:33:05.315Z INFO  client] Sending sample transaction 191
[2022-07-23T17:33:05.365Z INFO  client] Sending sample transaction 192
[2022-07-23T17:33:05.415Z INFO  client] Sending sample transaction 193
[2022-07-23T17:33:05.465Z INFO  client] Sending sample transaction 194
[2022-07-23T17:33:05.514Z INFO  client] Sending sample transaction 195
[2022-07-23T17:33:05.565Z INFO  client] Sending sample transaction 196
[2022-07-23T17:33:05.615Z INFO  client] Sending sample transaction 197
[2022-07-23T17:33:05.665Z INFO  client] Sending sample transaction 198
[2022-07-23T17:33:05.716Z INFO  client] Sending sample transaction 199
[2022-07-23T17:33:05.765Z INFO  client] Sending sample transaction 200
[2022-07-23T17:33:05.819Z INFO  client] Sending sample transaction 201
[2022-07-23T17:33:05.901Z INFO  client] Sending sample transaction 202
[2022-07-23T17:33:05.962Z INFO  client] Sending sample transaction 203
[2022-07-23T17:33:05.975Z INFO  client] Sending sample transaction 204
[2022-07-23T17:33:06.022Z INFO  client] Sending sample transaction 205
[2022-07-23T17:33:06.065Z INFO  client] Sending sample transaction 206
[2022-07-23T17:33:06.116Z INFO  client] Sending sample transaction 207
[2022-07-23T17:33:06.165Z INFO  client] Sending sample transaction 208
[2022-07-23T17:33:06.216Z INFO  client] Sending sample transaction 209
[2022-07-23T17:33:06.265Z INFO  client] Sending sample transaction 210
[2022-07-23T17:33:06.315Z INFO  client] Sending sample transaction 211
[2022-07-23T17:33:06.365Z INFO  client] Sending sample transaction 212
[2022-07-23T17:33:06.415Z INFO  client] Sending sample transaction 213
[2022-07-23T17:33:06.466Z INFO  client] Sending sample transaction 214
[2022-07-23T17:33:06.515Z INFO  client] Sending sample transaction 215
[2022-07-23T17:33:06.565Z INFO  client] Sending sample transaction 216
[2022-07-23T17:33:06.615Z INFO  client] Sending sample transaction 217
[2022-07-23T17:33:06.665Z INFO  client] Sending sample transaction 218
[2022-07-23T17:33:06.716Z INFO  client] Sending sample transaction 219
[2022-07-23T17:33:06.765Z INFO  client] Sending sample transaction 220
[2022-07-23T17:33:06.816Z INFO  client] Sending sample transaction 221
[2022-07-23T17:33:06.866Z INFO  client] Sending sample transaction 222
[2022-07-23T17:33:06.916Z INFO  client] Sending sample transaction 223
[2022-07-23T17:33:06.966Z INFO  client] Sending sample transaction 224
[2022-07-23T17:33:07.015Z INFO  client] Sending sample transaction 225
[2022-07-23T17:33:07.065Z INFO  client] Sending sample transaction 226
[2022-07-23T17:33:07.116Z INFO  client] Sending sample transaction 227
[2022-07-23T17:33:07.165Z INFO  client] Sending sample transaction 228
[2022-07-23T17:33:07.215Z INFO  client] Sending sample transaction 229
[2022-07-23T17:33:07.265Z INFO  client] Sending sample transaction 230
[2022-07-23T17:33:07.320Z INFO  client] Sending sample transaction 231
[2022-07-23T17:33:07.392Z INFO  client] Sending sample transaction 232
[2022-07-23T17:33:07.436Z INFO  client] Sending sample transaction 233
[2022-07-23T17:33:07.466Z INFO  client] Sending sample transaction 234
[2022-07-23T17:33:07.515Z INFO  client] Sending sample transaction 235
[2022-07-23T17:33:07.565Z INFO  client] Sending sample transaction 236
[2022-07-23T17:33:07.616Z INFO  client] Sending sample transaction 237
[2022-07-23T17:33:07.666Z INFO  client] Sending sample transaction 238
[2022-07-23T17:33:07.715Z INFO  client] Sending sample transaction 239
[2022-07-23T17:33:07.766Z INFO  client] Sending sample transaction 240
[2022-07-23T17:33:07.816Z INFO  client] Sending sample transaction 241
[2022-07-23T17:33:07.865Z INFO  client] Sending sample transaction 242
[2022-07-23T17:33:07.916Z INFO  client] Sending sample transaction 243
[2022-07-23T17:33:07.965Z INFO  client] Sending sample transaction 244
[2022-07-23T17:33:08.015Z INFO  client] Sending sample transaction 245
[2022-07-23T17:33:08.077Z INFO  client] Sending sample transaction 246
[2022-07-23T17:33:08.118Z INFO  client] Sending sample transaction 247
[2022-07-23T17:33:08.166Z INFO  client] Sending sample transaction 248
[2022-07-23T17:33:08.215Z INFO  client] Sending sample transaction 249
[2022-07-23T17:33:08.265Z INFO  client] Sending sample transaction 250
[2022-07-23T17:33:08.323Z INFO  client] Sending sample transaction 251
[2022-07-23T17:33:08.365Z INFO  client] Sending sample transaction 252
[2022-07-23T17:33:08.415Z INFO  client] Sending sample transaction 253
[2022-07-23T17:33:08.475Z INFO  client] Sending sample transaction 254
[2022-07-23T17:33:08.515Z INFO  client] Sending sample transaction 255
[2022-07-23T17:33:08.565Z INFO  client] Sending sample transaction 256
[2022-07-23T17:33:08.615Z INFO  client] Sending sample transaction 257
[2022-07-23T17:33:08.665Z INFO  client] Sending sample transaction 258
[2022-07-23T17:33:08.716Z INFO  client] Sending sample transaction 259
[2022-07-23T17:33:08.765Z INFO  client] Sending sample transaction 260
[2022-07-23T17:33:08.815Z INFO  client] Sending sample transaction 261
[2022-07-23T17:33:08.866Z INFO  client] Sending sample transaction 262
[2022-07-23T17:33:08.915Z INFO  client] Sending sample transaction 263
[2022-07-23T17:33:08.966Z INFO  client] Sending sample transaction 264
[2022-07-23T17:33:09.016Z INFO  client] Sending sample transaction 265
[2022-07-23T17:33:09.066Z INFO  client] Sending sample transaction 266
[2022-07-23T17:33:09.116Z INFO  client] Sending sample transaction 267
[2022-07-23T17:33:09.166Z INFO  client] Sending sample transaction 268
[2022-07-23T17:33:09.215Z INFO  client] Sending sample transaction 269
[2022-07-23T17:33:09.265Z INFO  client] Sending sample transaction 270
[2022-07-23T17:33:09.346Z INFO  client] Sending sample transaction 271
[2022-07-23T17:33:09.387Z INFO  client] Sending sample transaction 272
[2022-07-23T17:33:09.425Z INFO  client] Sending sample transaction 273
[2022-07-23T17:33:09.465Z INFO  client] Sending sample transaction 274
[2022-07-23T17:33:09.516Z INFO  client] Sending sample transaction 275
[2022-07-23T17:33:09.565Z INFO  client] Sending sample transaction 276
[2022-07-23T17:33:09.616Z INFO  client] Sending sample transaction 277
[2022-07-23T17:33:09.665Z INFO  client] Sending sample transaction 278
[2022-07-23T17:33:09.715Z INFO  client] Sending sample transaction 279
[2022-07-23T17:33:09.766Z INFO  client] Sending sample transaction 280
[2022-07-23T17:33:09.817Z INFO  client] Sending sample transaction 281
[2022-07-23T17:33:09.865Z INFO  client] Sending sample transaction 282
[2022-07-23T17:33:09.914Z INFO  client] Sending sample transaction 283
[2022-07-23T17:33:09.965Z INFO  client] Sending sample transaction 284
[2022-07-23T17:33:10.015Z INFO  client] Sending sample transaction 285
[2022-07-23T17:33:10.065Z INFO  client] Sending sample transaction 286
[2022-07-23T17:33:10.115Z INFO  client] Sending sample transaction 287
[2022-07-23T17:33:10.172Z INFO  client] Sending sample transaction 288
[2022-07-23T17:33:10.217Z INFO  client] Sending sample transaction 289
[2022-07-23T17:33:10.265Z INFO  client] Sending sample transaction 290
[2022-07-23T17:33:10.315Z INFO  client] Sending sample transaction 291
[2022-07-23T17:33:10.365Z INFO  client] Sending sample transaction 292
[2022-07-23T17:33:10.415Z INFO  client] Sending sample transaction 293
[2022-07-23T17:33:10.466Z INFO  client] Sending sample transaction 294
[2022-07-23T17:33:10.515Z INFO  client] Sending sample transaction 295
[2022-07-23T17:33:10.566Z INFO  client] Sending sample transaction 296
[2022-07-23T17:33:10.615Z INFO  client] Sending sample transaction 297
[2022-07-23T17:33:10.665Z INFO  client] Sending sample transaction 298
[2022-07-23T17:33:10.741Z INFO  client] Sending sample transaction 299
[2022-07-23T17:33:10.800Z INFO  client] Sending sample transaction 300
[2022-07-23T17:33:10.850Z INFO  client] Sending sample transaction 301
[2022-07-23T17:33:10.865Z INFO  client] Sending sample transaction 302
[2022-07-23T17:33:10.915Z INFO  client] Sending sample transaction 303
[2022-07-23T17:33:10.967Z INFO  client] Sending sample transaction 304
[2022-07-23T17:33:11.015Z INFO  client] Sending sample transaction 305
[2022-07-23T17:33:11.066Z INFO  client] Sending sample transaction 306
[2022-07-23T17:33:11.115Z INFO  client] Sending sample transaction 307
[2022-07-23T17:33:11.165Z INFO  client] Sending sample transaction 308
[2022-07-23T17:33:11.215Z INFO  client] Sending sample transaction 309
[2022-07-23T17:33:11.265Z INFO  client] Sending sample transaction 310
[2022-07-23T17:33:11.316Z INFO  client] Sending sample transaction 311
[2022-07-23T17:33:11.366Z INFO  client] Sending sample transaction 312
[2022-07-23T17:33:11.415Z INFO  client] Sending sample transaction 313
[2022-07-23T17:33:11.467Z INFO  client] Sending sample transaction 314
[2022-07-23T17:33:11.515Z INFO  client] Sending sample transaction 315
[2022-07-23T17:33:11.565Z INFO  client] Sending sample transaction 316
[2022-07-23T17:33:11.614Z INFO  client] Sending sample transaction 317
[2022-07-23T17:33:11.665Z INFO  client] Sending sample transaction 318
[2022-07-23T17:33:11.717Z INFO  client] Sending sample transaction 319
[2022-07-23T17:33:11.765Z INFO  client] Sending sample transaction 320
[2022-07-23T17:33:11.815Z INFO  client] Sending sample transaction 321
[2022-07-23T17:33:11.866Z INFO  client] Sending sample transaction 322
[2022-07-23T17:33:11.916Z INFO  client] Sending sample transaction 323
[2022-07-23T17:33:11.975Z INFO  client] Sending sample transaction 324
[2022-07-23T17:33:12.074Z INFO  client] Sending sample transaction 325
[2022-07-23T17:33:12.115Z INFO  client] Sending sample transaction 326
[2022-07-23T17:33:12.115Z INFO  client] Sending sample transaction 327
[2022-07-23T17:33:12.166Z INFO  client] Sending sample transaction 328
[2022-07-23T17:33:12.218Z INFO  client] Sending sample transaction 329
[2022-07-23T17:33:12.273Z INFO  client] Sending sample transaction 330
[2022-07-23T17:33:12.315Z INFO  client] Sending sample transaction 331
[2022-07-23T17:33:12.366Z INFO  client] Sending sample transaction 332
[2022-07-23T17:33:12.415Z INFO  client] Sending sample transaction 333
[2022-07-23T17:33:12.466Z INFO  client] Sending sample transaction 334
[2022-07-23T17:33:12.515Z INFO  client] Sending sample transaction 335
[2022-07-23T17:33:12.565Z INFO  client] Sending sample transaction 336
[2022-07-23T17:33:12.616Z INFO  client] Sending sample transaction 337
[2022-07-23T17:33:12.665Z INFO  client] Sending sample transaction 338
[2022-07-23T17:33:12.715Z INFO  client] Sending sample transaction 339
[2022-07-23T17:33:12.764Z INFO  client] Sending sample transaction 340
[2022-07-23T17:33:12.815Z INFO  client] Sending sample transaction 341
[2022-07-23T17:33:12.866Z INFO  client] Sending sample transaction 342
[2022-07-23T17:33:12.915Z INFO  client] Sending sample transaction 343
[2022-07-23T17:33:12.965Z INFO  client] Sending sample transaction 344
[2022-07-23T17:33:13.016Z INFO  client] Sending sample transaction 345
[2022-07-23T17:33:13.065Z INFO  client] Sending sample transaction 346
[2022-07-23T17:33:13.134Z INFO  client] Sending sample transaction 347
[2022-07-23T17:33:13.199Z INFO  client] Sending sample transaction 348
[2022-07-23T17:33:13.224Z INFO  client] Sending sample transaction 349
[2022-07-23T17:33:13.266Z INFO  client] Sending sample transaction 350
[2022-07-23T17:33:13.316Z INFO  client] Sending sample transaction 351
[2022-07-23T17:33:13.367Z INFO  client] Sending sample transaction 352
[2022-07-23T17:33:13.415Z INFO  client] Sending sample transaction 353
[2022-07-23T17:33:13.466Z INFO  client] Sending sample transaction 354
[2022-07-23T17:33:13.516Z INFO  client] Sending sample transaction 355
[2022-07-23T17:33:13.565Z INFO  client] Sending sample transaction 356
[2022-07-23T17:33:13.615Z INFO  client] Sending sample transaction 357
[2022-07-23T17:33:13.664Z INFO  client] Sending sample transaction 358
[2022-07-23T17:33:13.715Z INFO  client] Sending sample transaction 359
[2022-07-23T17:33:13.765Z INFO  client] Sending sample transaction 360
[2022-07-23T17:33:13.815Z INFO  client] Sending sample transaction 361
[2022-07-23T17:33:13.865Z INFO  client] Sending sample transaction 362
[2022-07-23T17:33:13.916Z INFO  client] Sending sample transaction 363
[2022-07-23T17:33:13.966Z INFO  client] Sending sample transaction 364
[2022-07-23T17:33:14.015Z INFO  client] Sending sample transaction 365
[2022-07-23T17:33:14.065Z INFO  client] Sending sample transaction 366
[2022-07-23T17:33:14.115Z INFO  client] Sending sample transaction 367
[2022-07-23T17:33:14.166Z INFO  client] Sending sample transaction 368
[2022-07-23T17:33:14.215Z INFO  client] Sending sample transaction 369
[2022-07-23T17:33:14.265Z INFO  client] Sending sample transaction 370
[2022-07-23T17:33:14.315Z INFO  client] Sending sample transaction 371
[2022-07-23T17:33:14.366Z INFO  client] Sending sample transaction 372
[2022-07-23T17:33:14.415Z INFO  client] Sending sample transaction 373
[2022-07-23T17:33:14.465Z INFO  client] Sending sample transaction 374
[2022-07-23T17:33:14.515Z INFO  client] Sending sample transaction 375
[2022-07-23T17:33:14.592Z INFO  client] Sending sample transaction 376
[2022-07-23T17:33:14.631Z INFO  client] Sending sample transaction 377
[2022-07-23T17:33:14.681Z INFO  client] Sending sample transaction 378
[2022-07-23T17:33:14.715Z INFO  client] Sending sample transaction 379
[2022-07-23T17:33:14.766Z INFO  client] Sending sample transaction 380
[2022-07-23T17:33:14.816Z INFO  client] Sending sample transaction 381
[2022-07-23T17:33:14.865Z INFO  client] Sending sample transaction 382
[2022-07-23T17:33:14.926Z INFO  client] Sending sample transaction 383
[2022-07-23T17:33:14.966Z INFO  client] Sending sample transaction 384
[2022-07-23T17:33:15.016Z INFO  client] Sending sample transaction 385
[2022-07-23T17:33:15.065Z INFO  client] Sending sample transaction 386
[2022-07-23T17:33:15.116Z INFO  client] Sending sample transaction 387
[2022-07-23T17:33:15.166Z INFO  client] Sending sample transaction 388
[2022-07-23T17:33:15.220Z INFO  client] Sending sample transaction 389
[2022-07-23T17:33:15.265Z INFO  client] Sending sample transaction 390
[2022-07-23T17:33:15.315Z INFO  client] Sending sample transaction 391
[2022-07-23T17:33:15.365Z INFO  client] Sending sample transaction 392
[2022-07-23T17:33:15.416Z INFO  client] Sending sample transaction 393
[2022-07-23T17:33:15.465Z INFO  client] Sending sample transaction 394
[2022-07-23T17:33:15.515Z INFO  client] Sending sample transaction 395
[2022-07-23T17:33:15.565Z INFO  client] Sending sample transaction 396
[2022-07-23T17:33:15.615Z INFO  client] Sending sample transaction 397
[2022-07-23T17:33:15.665Z INFO  client] Sending sample transaction 398
[2022-07-23T17:33:15.715Z INFO  client] Sending sample transaction 399
[2022-07-23T17:33:15.765Z INFO  client] Sending sample transaction 400
[2022-07-23T17:33:15.832Z INFO  client] Sending sample transaction 401
[2022-07-23T17:33:15.882Z INFO  client] Sending sample transaction 402
[2022-07-23T17:33:15.938Z INFO  client] Sending sample transaction 403
[2022-07-23T17:33:15.985Z INFO  client] Sending sample transaction 404
[2022-07-23T17:33:16.015Z INFO  client] Sending sample transaction 405
[2022-07-23T17:33:16.065Z INFO  client] Sending sample transaction 406
[2022-07-23T17:33:16.115Z INFO  client] Sending sample transaction 407
[2022-07-23T17:33:16.165Z INFO  client] Sending sample transaction 408
[2022-07-23T17:33:16.216Z INFO  client] Sending sample transaction 409
[2022-07-23T17:33:16.265Z INFO  client] Sending sample transaction 410
[2022-07-23T17:33:16.316Z INFO  client] Sending sample transaction 411
[2022-07-23T17:33:16.366Z INFO  client] Sending sample transaction 412
[2022-07-23T17:33:16.415Z INFO  client] Sending sample transaction 413
[2022-07-23T17:33:16.470Z INFO  client] Sending sample transaction 414
[2022-07-23T17:33:16.517Z INFO  client] Sending sample transaction 415
[2022-07-23T17:33:16.566Z INFO  client] Sending sample transaction 416
[2022-07-23T17:33:16.615Z INFO  client] Sending sample transaction 417
[2022-07-23T17:33:16.665Z INFO  client] Sending sample transaction 418
[2022-07-23T17:33:16.715Z INFO  client] Sending sample transaction 419
[2022-07-23T17:33:16.765Z INFO  client] Sending sample transaction 420
[2022-07-23T17:33:16.815Z INFO  client] Sending sample transaction 421
[2022-07-23T17:33:16.866Z INFO  client] Sending sample transaction 422
[2022-07-23T17:33:16.916Z INFO  client] Sending sample transaction 423
[2022-07-23T17:33:16.966Z INFO  client] Sending sample transaction 424
[2022-07-23T17:33:17.015Z INFO  client] Sending sample transaction 425
[2022-07-23T17:33:17.079Z INFO  client] Sending sample transaction 426
[2022-07-23T17:33:17.166Z INFO  client] Sending sample transaction 427
[2022-07-23T17:33:17.208Z INFO  client] Sending sample transaction 428
[2022-07-23T17:33:17.254Z INFO  client] Sending sample transaction 429
[2022-07-23T17:33:17.278Z INFO  client] Sending sample transaction 430
[2022-07-23T17:33:17.315Z INFO  client] Sending sample transaction 431
[2022-07-23T17:33:17.366Z INFO  client] Sending sample transaction 432
[2022-07-23T17:33:17.416Z INFO  client] Sending sample transaction 433
[2022-07-23T17:33:17.466Z INFO  client] Sending sample transaction 434
[2022-07-23T17:33:17.515Z INFO  client] Sending sample transaction 435
[2022-07-23T17:33:17.577Z INFO  client] Sending sample transaction 436
[2022-07-23T17:33:17.622Z INFO  client] Sending sample transaction 437
[2022-07-23T17:33:17.669Z INFO  client] Sending sample transaction 438
[2022-07-23T17:33:17.719Z INFO  client] Sending sample transaction 439
