[2022-07-23T16:23:27.303Z INFO  client] Node address: 127.0.0.1:9011
[2022-07-23T16:23:27.303Z INFO  client] Transactions size: 512 B
[2022-07-23T16:23:27.303Z INFO  client] Transactions rate: 112 tx/s
[2022-07-23T16:23:27.303Z INFO  client] Waiting for all nodes to be online...
[2022-07-23T16:23:27.303Z INFO  client] Waiting for all nodes to be synchronized...
[2022-07-23T16:23:29.309Z INFO  client] Start sending transactions
[2022-07-23T16:23:29.310Z INFO  client] Sending sample transaction 0
[2022-07-23T16:23:29.368Z INFO  client] Sending sample transaction 1
[2022-07-23T16:23:29.425Z INFO  client] Sending sample transaction 2
[2022-07-23T16:23:29.462Z INFO  client] Sending sample transaction 3
[2022-07-23T16:23:29.510Z INFO  client] Sending sample transaction 4
[2022-07-23T16:23:29.559Z INFO  client] Sending sample transaction 5
[2022-07-23T16:23:29.612Z INFO  client] Sending sample transaction 6
[2022-07-23T16:23:29.660Z INFO  client] Sending sample transaction 7
[2022-07-23T16:23:29.710Z INFO  client] Sending sample transaction 8
[2022-07-23T16:23:29.760Z INFO  client] Sending sample transaction 9
[2022-07-23T16:23:29.810Z INFO  client] Sending sample transaction 10
[2022-07-23T16:23:29.860Z INFO  client] Sending sample transaction 11
[2022-07-23T16:23:29.910Z INFO  client] Sending sample transaction 12
[2022-07-23T16:23:29.960Z INFO  client] Sending sample transaction 13
[2022-07-23T16:23:30.011Z INFO  client] Sending sample transaction 14
[2022-07-23T16:23:30.061Z INFO  client] Sending sample transaction 15
[2022-07-23T16:23:30.111Z INFO  client] Sending sample transaction 16
[2022-07-23T16:23:30.160Z INFO  client] Sending sample transaction 17
[2022-07-23T16:23:30.211Z INFO  client] Sending sample transaction 18
[2022-07-23T16:23:30.260Z INFO  client] Sending sample transaction 19
[2022-07-23T16:23:30.311Z INFO  client] Sending sample transaction 20
[2022-07-23T16:23:30.360Z INFO  client] Sending sample transaction 21
[2022-07-23T16:23:30.411Z INFO  client] Sending sample transaction 22
[2022-07-23T16:23:30.461Z INFO  client] Sending sample transaction 23
[2022-07-23T16:23:30.511Z INFO  client] Sending sample transaction 24
[2022-07-23T16:23:30.560Z INFO  client] Sending sample transaction 25
[2022-07-23T16:23:30.611Z INFO  client] Sending sample transaction 26
[2022-07-23T16:23:30.661Z INFO  client] Sending sample transaction 27
[2022-07-23T16:23:30.712Z INFO  client] Sending sample transaction 28
[2022-07-23T16:23:30.762Z INFO  client] Sending sample transaction 29
[2022-07-23T16:23:30.810Z INFO  client] Sending sample transaction 30
[2022-07-23T16:23:30.861Z INFO  client] Sending sample transaction 31
[2022-07-23T16:23:30.913Z INFO  client] Sending sample transaction 32
[2022-07-23T16:23:30.961Z INFO  client] Sending sample transaction 33
[2022-07-23T16:23:31.011Z INFO  client] Sending sample transaction 34
[2022-07-23T16:23:31.060Z INFO  client] Sending sample transaction 35
[2022-07-23T16:23:31.111Z INFO  client] Sending sample transaction 36
[2022-07-23T16:23:31.162Z INFO  client] Sending sample transaction 37
[2022-07-23T16:23:31.212Z INFO  client] Sending sample transaction 38
[2022-07-23T16:23:31.261Z INFO  client] Sending sample transaction 39
[2022-07-23T16:23:31.310Z INFO  client] Sending sample transaction 40
[2022-07-23T16:23:31.361Z INFO  client] Sending sample transaction 41
[2022-07-23T16:23:31.411Z INFO  client] Sending sample transaction 42
[2022-07-23T16:23:31.461Z INFO  client] Sending sample transaction 43
[2022-07-23T16:23:31.511Z INFO  client] Sending sample transaction 44
[2022-07-23T16:23:31.583Z INFO  client] Sending sample transaction 45
[2022-07-23T16:23:31.635Z INFO  client] Sending sample transaction 46
[2022-07-23T16:23:31.666Z INFO  client] Sending sample transaction 47
[2022-07-23T16:23:31.711Z INFO  client] Sending sample transaction 48
[2022-07-23T16:23:31.760Z INFO  client] Sending sample transaction 49
[2022-07-23T16:23:31.811Z INFO  client] Sending sample transaction 50
[2022-07-23T16:23:31.877Z INFO  client] Sending sample transaction 51
[2022-07-23T16:23:31.910Z INFO  client] Sending sample transaction 52
[2022-07-23T16:23:31.961Z INFO  client] Sending sample transaction 53
[2022-07-23T16:23:32.010Z INFO  client] Sending sample transaction 54
[2022-07-23T16:23:32.059Z INFO  client] Sending sample transaction 55
[2022-07-23T16:23:32.111Z INFO  client] Sending sample transaction 56
[2022-07-23T16:23:32.161Z INFO  client] Sending sample transaction 57
[2022-07-23T16:23:32.211Z INFO  client] Sending sample transaction 58
[2022-07-23T16:23:32.261Z INFO  client] Sending sample transaction 59
[2022-07-23T16:23:32.310Z INFO  client] Sending sample transaction 60
[2022-07-23T16:23:32.360Z INFO  client] Sending sample transaction 61
[2022-07-23T16:23:32.410Z INFO  client] Sending sample transaction 62
[2022-07-23T16:23:32.461Z INFO  client] Sending sample transaction 63
[2022-07-23T16:23:32.510Z INFO  client] Sending sample transaction 64
[2022-07-23T16:23:32.560Z INFO  client] Sending sample transaction 65
[2022-07-23T16:23:32.609Z INFO  client] Sending sample transaction 66
[2022-07-23T16:23:32.660Z INFO  client] Sending sample transaction 67
[2022-07-23T16:23:32.710Z INFO  client] Sending sample transaction 68
[2022-07-23T16:23:32.760Z INFO  client] Sending sample transaction 69
[2022-07-23T16:23:32.810Z INFO  client] Sending sample transaction 70
[2022-07-23T16:23:32.860Z INFO  client] Sending sample transaction 71
[2022-07-23T16:23:32.910Z INFO  client] Sending sample transaction 72
[2022-07-23T16:23:32.960Z INFO  client] Sending sample transaction 73
[2022-07-23T16:23:33.011Z INFO  client] Sending sample transaction 74
[2022-07-23T16:23:33.059Z INFO  client] Sending sample transaction 75
[2022-07-23T16:23:33.110Z INFO  client] Sending sample transaction 76
[2022-07-23T16:23:33.160Z INFO  client] Sending sample transaction 77
[2022-07-23T16:23:33.210Z INFO  client] Sending sample transaction 78
[2022-07-23T16:23:33.260Z INFO  client] Sending sample transaction 79
[2022-07-23T16:23:33.311Z INFO  client] Sending sample transaction 80
[2022-07-23T16:23:33.360Z INFO  client] Sending sample transaction 81
[2022-07-23T16:23:33.411Z INFO  client] Sending sample transaction 82
[2022-07-23T16:23:33.460Z INFO  client] Sending sample transaction 83
[2022-07-23T16:23:33.509Z INFO  client] Sending sample transaction 84
[2022-07-23T16:23:33.561Z INFO  client] Sending sample transaction 85
[2022-07-23T16:23:33.610Z INFO  client] Sending sample transaction 86
[2022-07-23T16:23:33.660Z INFO  client] Sending sample transaction 87
[2022-07-23T16:23:33.710Z INFO  client] Sending sample transaction 88
[2022-07-23T16:23:33.760Z INFO  client] Sending sample transaction 89
[2022-07-23T16:23:33.810Z INFO  client] Sending sample transaction 90
[2022-07-23T16:23:33.860Z INFO  client] Sending sample transaction 91
[2022-07-23T16:23:33.910Z INFO  client] Sending sample transaction 92
[2022-07-23T16:23:33.960Z INFO  client] Sending sample transaction 93
[2022-07-23T16:23:34.010Z INFO  client] Sending sample transaction 94
[2022-07-23T16:23:34.060Z INFO  client] Sending sample transaction 95
[2022-07-23T16:23:34.110Z INFO  client] Sending sample transaction 96
[2022-07-23T16:23:34.160Z INFO  client] Sending sample transaction 97
[2022-07-23T16:23:34.210Z INFO  client] Sending sample transaction 98
[2022-07-23T16:23:34.261Z INFO  client] Sending sample transaction 99
[2022-07-23T16:23:34.310Z INFO  client] Sending sample transaction 100
[2022-07-23T16:23:34.360Z INFO  client] Sending sample transaction 101
[2022-07-23T16:23:34.410Z INFO  client] Sending sample transaction 102
[2022-07-23T16:23:34.459Z INFO  client] Sending sample transaction 103
[2022-07-23T16:23:34.510Z INFO  client] Sending sample transaction 104
[2022-07-23T16:23:34.560Z INFO  client] Sending sample transaction 105
[2022-07-23T16:23:34.609Z INFO  client] Sending sample transaction 106
[2022-07-23T16:23:34.660Z INFO  client] Sending sample transaction 107
[2022-07-23T16:23:34.710Z INFO  client] Sending sample transaction 108
[2022-07-23T16:23:34.761Z INFO  client] Sending sample transaction 109
[2022-07-23T16:23:34.810Z INFO  client] Sending sample transaction 110
[2022-07-23T16:23:34.860Z INFO  client] Sending sample transaction 111
[2022-07-23T16:23:34.911Z INFO  client] Sending sample transaction 112
[2022-07-23T16:23:34.960Z INFO  client] Sending sample transaction 113
[2022-07-23T16:23:35.011Z INFO  client] Sending sample transaction 114
[2022-07-23T16:23:35.059Z INFO  client] Sending sample transaction 115
[2022-07-23T16:23:35.110Z INFO  client] Sending sample transaction 116
[2022-07-23T16:23:35.160Z INFO  client] Sending sample transaction 117
[2022-07-23T16:23:35.210Z INFO  client] Sending sample transaction 118
[2022-07-23T16:23:35.260Z INFO  client] Sending sample transaction 119
[2022-07-23T16:23:35.310Z INFO  client] Sending sample transaction 120
[2022-07-23T16:23:35.361Z INFO  client] Sending sample transaction 121
[2022-07-23T16:23:35.410Z INFO  client] Sending sample transaction 122
[2022-07-23T16:23:35.460Z INFO  client] Sending sample transaction 123
[2022-07-23T16:23:35.510Z INFO  client] Sending sample transaction 124
[2022-07-23T16:23:35.560Z INFO  client] Sending sample transaction 125
[2022-07-23T16:23:35.609Z INFO  client] Sending sample transaction 126
[2022-07-23T16:23:35.661Z INFO  client] Sending sample transaction 127
[2022-07-23T16:23:35.709Z INFO  client] Sending sample transaction 128
[2022-07-23T16:23:35.760Z INFO  client] Sending sample transaction 129
[2022-07-23T16:23:35.813Z INFO  client] Sending sample transaction 130
[2022-07-23T16:23:35.865Z INFO  client] Sending sample transaction 131
[2022-07-23T16:23:35.910Z INFO  client] Sending sample transaction 132
[2022-07-23T16:23:35.962Z INFO  client] Sending sample transaction 133
[2022-07-23T16:23:36.010Z INFO  client] Sending sample transaction 134
[2022-07-23T16:23:36.060Z INFO  client] Sending sample transaction 135
[2022-07-23T16:23:36.110Z INFO  client] Sending sample transaction 136
[2022-07-23T16:23:36.160Z INFO  client] Sending sample transaction 137
[2022-07-23T16:23:36.211Z INFO  client] Sending sample transaction 138
[2022-07-23T16:23:36.261Z INFO  client] Sending sample transaction 139
[2022-07-23T16:23:36.311Z INFO  client] Sending sample transaction 140
[2022-07-23T16:23:36.360Z INFO  client] Sending sample transaction 141
[2022-07-23T16:23:36.409Z INFO  client] Sending sample transaction 142
[2022-07-23T16:23:36.461Z INFO  client] Sending sample transaction 143
[2022-07-23T16:23:36.511Z INFO  client] Sending sample transaction 144
[2022-07-23T16:23:36.559Z INFO  client] Sending sample transaction 145
[2022-07-23T16:23:36.611Z INFO  client] Sending sample transaction 146
[2022-07-23T16:23:36.661Z INFO  client] Sending sample transaction 147
[2022-07-23T16:23:36.710Z INFO  client] Sending sample transaction 148
[2022-07-23T16:23:36.761Z INFO  client] Sending sample transaction 149
[2022-07-23T16:23:36.810Z INFO  client] Sending sample transaction 150
[2022-07-23T16:23:36.860Z INFO  client] Sending sample transaction 151
[2022-07-23T16:23:36.917Z INFO  client] Sending sample transaction 152
[2022-07-23T16:23:36.961Z INFO  client] Sending sample transaction 153
[2022-07-23T16:23:37.010Z INFO  client] Sending sample transaction 154
[2022-07-23T16:23:37.059Z INFO  client] Sending sample transaction 155
[2022-07-23T16:23:37.110Z INFO  client] Sending sample transaction 156
[2022-07-23T16:23:37.160Z INFO  client] Sending sample transaction 157
[2022-07-23T16:23:37.210Z INFO  client] Sending sample transaction 158
[2022-07-23T16:23:37.260Z INFO  client] Sending sample transaction 159
[2022-07-23T16:23:37.311Z INFO  client] Sending sample transaction 160
[2022-07-23T16:23:37.360Z INFO  client] Sending sample transaction 161
[2022-07-23T16:23:37.410Z INFO  client] Sending sample transaction 162
[2022-07-23T16:23:37.460Z INFO  client] Sending sample transaction 163
[2022-07-23T16:23:37.511Z INFO  client] Sending sample transaction 164
[2022-07-23T16:23:37.560Z INFO  client] Sending sample transaction 165
[2022-07-23T16:23:37.611Z INFO  client] Sending sample transaction 166
[2022-07-23T16:23:37.660Z INFO  client] Sending sample transaction 167
[2022-07-23T16:23:37.711Z INFO  client] Sending sample transaction 168
[2022-07-23T16:23:37.761Z INFO  client] Sending sample transaction 169
[2022-07-23T16:23:37.810Z INFO  client] Sending sample transaction 170
[2022-07-23T16:23:37.860Z INFO  client] Sending sample transaction 171
[2022-07-23T16:23:37.911Z INFO  client] Sending sample transaction 172
[2022-07-23T16:23:37.962Z INFO  client] Sending sample transaction 173
[2022-07-23T16:23:38.011Z INFO  client] Sending sample transaction 174
[2022-07-23T16:23:38.059Z INFO  client] Sending sample transaction 175
[2022-07-23T16:23:38.110Z INFO  client] Sending sample transaction 176
[2022-07-23T16:23:38.160Z INFO  client] Sending sample transaction 177
[2022-07-23T16:23:38.210Z INFO  client] Sending sample transaction 178
[2022-07-23T16:23:38.260Z INFO  client] Sending sample transaction 179
[2022-07-23T16:23:38.309Z INFO  client] Sending sample transaction 180
[2022-07-23T16:23:38.360Z INFO  client] Sending sample transaction 181
[2022-07-23T16:23:38.410Z INFO  client] Sending sample transaction 182
[2022-07-23T16:23:38.460Z INFO  client] Sending sample transaction 183
[2022-07-23T16:23:38.510Z INFO  client] Sending sample transaction 184
[2022-07-23T16:23:38.560Z INFO  client] Sending sample transaction 185
[2022-07-23T16:23:38.610Z INFO  client] Sending sample transaction 186
[2022-07-23T16:23:38.660Z INFO  client] Sending sample transaction 187
[2022-07-23T16:23:38.710Z INFO  client] Sending sample transaction 188
[2022-07-23T16:23:38.760Z INFO  client] Sending sample transaction 189
[2022-07-23T16:23:38.809Z INFO  client] Sending sample transaction 190
[2022-07-23T16:23:38.860Z INFO  client] Sending sample transaction 191
[2022-07-23T16:23:38.910Z INFO  client] Sending sample transaction 192
[2022-07-23T16:23:38.960Z INFO  client] Sending sample transaction 193
[2022-07-23T16:23:39.010Z INFO  client] Sending sample transaction 194
[2022-07-23T16:23:39.061Z INFO  client] Sending sample transaction 195
[2022-07-23T16:23:39.110Z INFO  client] Sending sample transaction 196
[2022-07-23T16:23:39.161Z INFO  client] Sending sample transaction 197
[2022-07-23T16:23:39.210Z INFO  client] Sending sample transaction 198
[2022-07-23T16:23:39.260Z INFO  client] Sending sample transaction 199
[2022-07-23T16:23:39.309Z INFO  client] Sending sample transaction 200
[2022-07-23T16:23:39.360Z INFO  client] Sending sample transaction 201
[2022-07-23T16:23:39.411Z INFO  client] Sending sample transaction 202
[2022-07-23T16:23:39.461Z INFO  client] Sending sample transaction 203
[2022-07-23T16:23:39.511Z INFO  client] Sending sample transaction 204
[2022-07-23T16:23:39.561Z INFO  client] Sending sample transaction 205
[2022-07-23T16:23:39.610Z INFO  client] Sending sample transaction 206
[2022-07-23T16:23:39.660Z INFO  client] Sending sample transaction 207
[2022-07-23T16:23:39.710Z INFO  client] Sending sample transaction 208
[2022-07-23T16:23:39.760Z INFO  client] Sending sample transaction 209
[2022-07-23T16:23:39.810Z INFO  client] Sending sample transaction 210
[2022-07-23T16:23:39.861Z INFO  client] Sending sample transaction 211
[2022-07-23T16:23:39.911Z INFO  client] Sending sample transaction 212
[2022-07-23T16:23:39.960Z INFO  client] Sending sample transaction 213
[2022-07-23T16:23:40.010Z INFO  client] Sending sample transaction 214
[2022-07-23T16:23:40.069Z INFO  client] Sending sample transaction 215
[2022-07-23T16:23:40.110Z INFO  client] Sending sample transaction 216
[2022-07-23T16:23:40.160Z INFO  client] Sending sample transaction 217
[2022-07-23T16:23:40.210Z INFO  client] Sending sample transaction 218
[2022-07-23T16:23:40.260Z INFO  client] Sending sample transaction 219
[2022-07-23T16:23:40.312Z INFO  client] Sending sample transaction 220
[2022-07-23T16:23:40.360Z INFO  client] Sending sample transaction 221
[2022-07-23T16:23:40.411Z INFO  client] Sending sample transaction 222
[2022-07-23T16:23:40.460Z INFO  client] Sending sample transaction 223
[2022-07-23T16:23:40.510Z INFO  client] Sending sample transaction 224
[2022-07-23T16:23:40.561Z INFO  client] Sending sample transaction 225
[2022-07-23T16:23:40.611Z INFO  client] Sending sample transaction 226
[2022-07-23T16:23:40.660Z INFO  client] Sending sample transaction 227
[2022-07-23T16:23:40.710Z INFO  client] Sending sample transaction 228
[2022-07-23T16:23:40.759Z INFO  client] Sending sample transaction 229
[2022-07-23T16:23:40.820Z INFO  client] Sending sample transaction 230
[2022-07-23T16:23:40.861Z INFO  client] Sending sample transaction 231
[2022-07-23T16:23:40.910Z INFO  client] Sending sample transaction 232
[2022-07-23T16:23:40.961Z INFO  client] Sending sample transaction 233
[2022-07-23T16:23:41.011Z INFO  client] Sending sample transaction 234
[2022-07-23T16:23:41.060Z INFO  client] Sending sample transaction 235
[2022-07-23T16:23:41.110Z INFO  client] Sending sample transaction 236
[2022-07-23T16:23:41.160Z INFO  client] Sending sample transaction 237
[2022-07-23T16:23:41.210Z INFO  client] Sending sample transaction 238
[2022-07-23T16:23:41.260Z INFO  client] Sending sample transaction 239
[2022-07-23T16:23:41.310Z INFO  client] Sending sample transaction 240
[2022-07-23T16:23:41.360Z INFO  client] Sending sample transaction 241
[2022-07-23T16:23:41.410Z INFO  client] Sending sample transaction 242
[2022-07-23T16:23:41.460Z INFO  client] Sending sample transaction 243
[2022-07-23T16:23:41.510Z INFO  client] Sending sample transaction 244
[2022-07-23T16:23:41.561Z INFO  client] Sending sample transaction 245
[2022-07-23T16:23:41.610Z INFO  client] Sending sample transaction 246
[2022-07-23T16:23:41.661Z INFO  client] Sending sample transaction 247
[2022-07-23T16:23:41.711Z INFO  client] Sending sample transaction 248
[2022-07-23T16:23:41.761Z INFO  client] Sending sample transaction 249
[2022-07-23T16:23:41.811Z INFO  client] Sending sample transaction 250
[2022-07-23T16:23:41.860Z INFO  client] Sending sample transaction 251
[2022-07-23T16:23:41.910Z INFO  client] Sending sample transaction 252
[2022-07-23T16:23:41.960Z INFO  client] Sending sample transaction 253
[2022-07-23T16:23:42.010Z INFO  client] Sending sample transaction 254
[2022-07-23T16:23:42.060Z INFO  client] Sending sample transaction 255
[2022-07-23T16:23:42.110Z INFO  client] Sending sample transaction 256
[2022-07-23T16:23:42.160Z INFO  client] Sending sample transaction 257
[2022-07-23T16:23:42.222Z INFO  client] Sending sample transaction 258
[2022-07-23T16:23:42.260Z INFO  client] Sending sample transaction 259
[2022-07-23T16:23:42.310Z INFO  client] Sending sample transaction 260
[2022-07-23T16:23:42.360Z INFO  client] Sending sample transaction 261
[2022-07-23T16:23:42.410Z INFO  client] Sending sample transaction 262
[2022-07-23T16:23:42.460Z INFO  client] Sending sample transaction 263
[2022-07-23T16:23:42.510Z INFO  client] Sending sample transaction 264
[2022-07-23T16:23:42.560Z INFO  client] Sending sample transaction 265
[2022-07-23T16:23:42.610Z INFO  client] Sending sample transaction 266
[2022-07-23T16:23:42.661Z INFO  client] Sending sample transaction 267
[2022-07-23T16:23:42.710Z INFO  client] Sending sample transaction 268
[2022-07-23T16:23:42.760Z INFO  client] Sending sample transaction 269
[2022-07-23T16:23:42.810Z INFO  client] Sending sample transaction 270
[2022-07-23T16:23:42.861Z INFO  client] Sending sample transaction 271
[2022-07-23T16:23:42.910Z INFO  client] Sending sample transaction 272
[2022-07-23T16:23:42.961Z INFO  client] Sending sample transaction 273
[2022-07-23T16:23:43.010Z INFO  client] Sending sample transaction 274
[2022-07-23T16:23:43.060Z INFO  client] Sending sample transaction 275
[2022-07-23T16:23:43.110Z INFO  client] Sending sample transaction 276
[2022-07-23T16:23:43.161Z INFO  client] Sending sample transaction 277
[2022-07-23T16:23:43.210Z INFO  client] Sending sample transaction 278
[2022-07-23T16:23:43.260Z INFO  client] Sending sample transaction 279
[2022-07-23T16:23:43.310Z INFO  client] Sending sample transaction 280
[2022-07-23T16:23:43.360Z INFO  client] Sending sample transaction 281
[2022-07-23T16:23:43.410Z INFO  client] Sending sample transaction 282
[2022-07-23T16:23:43.460Z INFO  client] Sending sample transaction 283
[2022-07-23T16:23:43.510Z INFO  client] Sending sample transaction 284
[2022-07-23T16:23:43.561Z INFO  client] Sending sample transaction 285
[2022-07-23T16:23:43.610Z INFO  client] Sending sample transaction 286
[2022-07-23T16:23:43.659Z INFO  client] Sending sample transaction 287
[2022-07-23T16:23:43.710Z INFO  client] Sending sample transaction 288
[2022-07-23T16:23:43.760Z INFO  client] Sending sample transaction 289
[2022-07-23T16:23:43.810Z INFO  client] Sending sample transaction 290
[2022-07-23T16:23:43.860Z INFO  client] Sending sample transaction 291
[2022-07-23T16:23:43.910Z INFO  client] Sending sample transaction 292
[2022-07-23T16:23:43.960Z INFO  client] Sending sample transaction 293
[2022-07-23T16:23:44.010Z INFO  client] Sending sample transaction 294
[2022-07-23T16:23:44.061Z INFO  client] Sending sample transaction 295
[2022-07-23T16:23:44.110Z INFO  client] Sending sample transaction 296
[2022-07-23T16:23:44.160Z INFO  client] Sending sample transaction 297
[2022-07-23T16:23:44.209Z INFO  client] Sending sample transaction 298
[2022-07-23T16:23:44.266Z INFO  client] Sending sample transaction 299
[2022-07-23T16:23:44.312Z INFO  client] Sending sample transaction 300
[2022-07-23T16:23:44.360Z INFO  client] Sending sample transaction 301
[2022-07-23T16:23:44.410Z INFO  client] Sending sample transaction 302
[2022-07-23T16:23:44.460Z INFO  client] Sending sample transaction 303
[2022-07-23T16:23:44.510Z INFO  client] Sending sample transaction 304
[2022-07-23T16:23:44.560Z INFO  client] Sending sample transaction 305
[2022-07-23T16:23:44.610Z INFO  client] Sending sample transaction 306
[2022-07-23T16:23:44.660Z INFO  client] Sending sample transaction 307
[2022-07-23T16:23:44.710Z INFO  client] Sending sample transaction 308
[2022-07-23T16:23:44.760Z INFO  client] Sending sample transaction 309
[2022-07-23T16:23:44.810Z INFO  client] Sending sample transaction 310
[2022-07-23T16:23:44.860Z INFO  client] Sending sample transaction 311
[2022-07-23T16:23:44.911Z INFO  client] Sending sample transaction 312
[2022-07-23T16:23:44.960Z INFO  client] Sending sample transaction 313
[2022-07-23T16:23:45.011Z INFO  client] Sending sample transaction 314
[2022-07-23T16:23:45.062Z INFO  client] Sending sample transaction 315
[2022-07-23T16:23:45.111Z INFO  client] Sending sample transaction 316
[2022-07-23T16:23:45.161Z INFO  client] Sending sample transaction 317
[2022-07-23T16:23:45.210Z INFO  client] Sending sample transaction 318
[2022-07-23T16:23:45.260Z INFO  client] Sending sample transaction 319
[2022-07-23T16:23:45.310Z INFO  client] Sending sample transaction 320
[2022-07-23T16:23:45.361Z INFO  client] Sending sample transaction 321
[2022-07-23T16:23:45.410Z INFO  client] Sending sample transaction 322
[2022-07-23T16:23:45.460Z INFO  client] Sending sample transaction 323
[2022-07-23T16:23:45.510Z INFO  client] Sending sample transaction 324
[2022-07-23T16:23:45.559Z INFO  client] Sending sample transaction 325
[2022-07-23T16:23:45.611Z INFO  client] Sending sample transaction 326
[2022-07-23T16:23:45.661Z INFO  client] Sending sample transaction 327
[2022-07-23T16:23:45.710Z INFO  client] Sending sample transaction 328
[2022-07-23T16:23:45.760Z INFO  client] Sending sample transaction 329
[2022-07-23T16:23:45.810Z INFO  client] Sending sample transaction 330
[2022-07-23T16:23:45.861Z INFO  client] Sending sample transaction 331
[2022-07-23T16:23:45.911Z INFO  client] Sending sample transaction 332
[2022-07-23T16:23:45.961Z INFO  client] Sending sample transaction 333
[2022-07-23T16:23:46.011Z INFO  client] Sending sample transaction 334
[2022-07-23T16:23:46.060Z INFO  client] Sending sample transaction 335
[2022-07-23T16:23:46.110Z INFO  client] Sending sample transaction 336
[2022-07-23T16:23:46.160Z INFO  client] Sending sample transaction 337
[2022-07-23T16:23:46.209Z INFO  client] Sending sample transaction 338
[2022-07-23T16:23:46.260Z INFO  client] Sending sample transaction 339
[2022-07-23T16:23:46.310Z INFO  client] Sending sample transaction 340
[2022-07-23T16:23:46.369Z INFO  client] Sending sample transaction 341
[2022-07-23T16:23:46.410Z INFO  client] Sending sample transaction 342
[2022-07-23T16:23:46.462Z INFO  client] Sending sample transaction 343
[2022-07-23T16:23:46.510Z INFO  client] Sending sample transaction 344
[2022-07-23T16:23:46.561Z INFO  client] Sending sample transaction 345
[2022-07-23T16:23:46.610Z INFO  client] Sending sample transaction 346
[2022-07-23T16:23:46.661Z INFO  client] Sending sample transaction 347
[2022-07-23T16:23:46.710Z INFO  client] Sending sample transaction 348
[2022-07-23T16:23:46.760Z INFO  client] Sending sample transaction 349
[2022-07-23T16:23:46.810Z INFO  client] Sending sample transaction 350
[2022-07-23T16:23:46.861Z INFO  client] Sending sample transaction 351
[2022-07-23T16:23:46.909Z INFO  client] Sending sample transaction 352
[2022-07-23T16:23:46.959Z INFO  client] Sending sample transaction 353
[2022-07-23T16:23:47.009Z INFO  client] Sending sample transaction 354
[2022-07-23T16:23:47.060Z INFO  client] Sending sample transaction 355
[2022-07-23T16:23:47.110Z INFO  client] Sending sample transaction 356
[2022-07-23T16:23:47.160Z INFO  client] Sending sample transaction 357
[2022-07-23T16:23:47.211Z INFO  client] Sending sample transaction 358
[2022-07-23T16:23:47.260Z INFO  client] Sending sample transaction 359
[2022-07-23T16:23:47.310Z INFO  client] Sending sample transaction 360
[2022-07-23T16:23:47.360Z INFO  client] Sending sample transaction 361
[2022-07-23T16:23:47.411Z INFO  client] Sending sample transaction 362
[2022-07-23T16:23:47.459Z INFO  client] Sending sample transaction 363
[2022-07-23T16:23:47.510Z INFO  client] Sending sample transaction 364
[2022-07-23T16:23:47.561Z INFO  client] Sending sample transaction 365
[2022-07-23T16:23:47.610Z INFO  client] Sending sample transaction 366
[2022-07-23T16:23:47.660Z INFO  client] Sending sample transaction 367
[2022-07-23T16:23:47.710Z INFO  client] Sending sample transaction 368
[2022-07-23T16:23:47.760Z INFO  client] Sending sample transaction 369
[2022-07-23T16:23:47.809Z INFO  client] Sending sample transaction 370
[2022-07-23T16:23:47.860Z INFO  client] Sending sample transaction 371
[2022-07-23T16:23:47.911Z INFO  client] Sending sample transaction 372
[2022-07-23T16:23:47.960Z INFO  client] Sending sample transaction 373
[2022-07-23T16:23:48.010Z INFO  client] Sending sample transaction 374
[2022-07-23T16:23:48.060Z INFO  client] Sending sample transaction 375
[2022-07-23T16:23:48.110Z INFO  client] Sending sample transaction 376
[2022-07-23T16:23:48.160Z INFO  client] Sending sample transaction 377
[2022-07-23T16:23:48.210Z INFO  client] Sending sample transaction 378
[2022-07-23T16:23:48.260Z INFO  client] Sending sample transaction 379
[2022-07-23T16:23:48.310Z INFO  client] Sending sample transaction 380
[2022-07-23T16:23:48.361Z INFO  client] Sending sample transaction 381
[2022-07-23T16:23:48.410Z INFO  client] Sending sample transaction 382
[2022-07-23T16:23:48.460Z INFO  client] Sending sample transaction 383
[2022-07-23T16:23:48.517Z INFO  client] Sending sample transaction 384
[2022-07-23T16:23:48.563Z INFO  client] Sending sample transaction 385
[2022-07-23T16:23:48.609Z INFO  client] Sending sample transaction 386
[2022-07-23T16:23:48.660Z INFO  client] Sending sample transaction 387
[2022-07-23T16:23:48.710Z INFO  client] Sending sample transaction 388
[2022-07-23T16:23:48.761Z INFO  client] Sending sample transaction 389
[2022-07-23T16:23:48.810Z INFO  client] Sending sample transaction 390
[2022-07-23T16:23:48.860Z INFO  client] Sending sample transaction 391
[2022-07-23T16:23:48.910Z INFO  client] Sending sample transaction 392
[2022-07-23T16:23:48.961Z INFO  client] Sending sample transaction 393
[2022-07-23T16:23:49.011Z INFO  client] Sending sample transaction 394
[2022-07-23T16:23:49.060Z INFO  client] Sending sample transaction 395
[2022-07-23T16:23:49.110Z INFO  client] Sending sample transaction 396
[2022-07-23T16:23:49.160Z INFO  client] Sending sample transaction 397
[2022-07-23T16:23:49.210Z INFO  client] Sending sample transaction 398
[2022-07-23T16:23:49.260Z INFO  client] Sending sample transaction 399
[2022-07-23T16:23:49.310Z INFO  client] Sending sample transaction 400
[2022-07-23T16:23:49.360Z INFO  client] Sending sample transaction 401
[2022-07-23T16:23:49.410Z INFO  client] Sending sample transaction 402
[2022-07-23T16:23:49.460Z INFO  client] Sending sample transaction 403
[2022-07-23T16:23:49.510Z INFO  client] Sending sample transaction 404
[2022-07-23T16:23:49.560Z INFO  client] Sending sample transaction 405
[2022-07-23T16:23:49.609Z INFO  client] Sending sample transaction 406
[2022-07-23T16:23:49.660Z INFO  client] Sending sample transaction 407
[2022-07-23T16:23:49.710Z INFO  client] Sending sample transaction 408
[2022-07-23T16:23:49.760Z INFO  client] Sending sample transaction 409
[2022-07-23T16:23:49.810Z INFO  client] Sending sample transaction 410
[2022-07-23T16:23:49.860Z INFO  client] Sending sample transaction 411
[2022-07-23T16:23:49.910Z INFO  client] Sending sample transaction 412
[2022-07-23T16:23:49.961Z INFO  client] Sending sample transaction 413
[2022-07-23T16:23:50.010Z INFO  client] Sending sample transaction 414
[2022-07-23T16:23:50.059Z INFO  client] Sending sample transaction 415
[2022-07-23T16:23:50.110Z INFO  client] Sending sample transaction 416
[2022-07-23T16:23:50.160Z INFO  client] Sending sample transaction 417
[2022-07-23T16:23:50.211Z INFO  client] Sending sample transaction 418
[2022-07-23T16:23:50.260Z INFO  client] Sending sample transaction 419
[2022-07-23T16:23:50.309Z INFO  client] Sending sample transaction 420
[2022-07-23T16:23:50.360Z INFO  client] Sending sample transaction 421
[2022-07-23T16:23:50.411Z INFO  client] Sending sample transaction 422
[2022-07-23T16:23:50.461Z INFO  client] Sending sample transaction 423
[2022-07-23T16:23:50.511Z INFO  client] Sending sample transaction 424
[2022-07-23T16:23:50.560Z INFO  client] Sending sample transaction 425
[2022-07-23T16:23:50.619Z INFO  client] Sending sample transaction 426
[2022-07-23T16:23:50.675Z INFO  client] Sending sample transaction 427
[2022-07-23T16:23:50.715Z INFO  client] Sending sample transaction 428
[2022-07-23T16:23:50.761Z INFO  client] Sending sample transaction 429
[2022-07-23T16:23:50.810Z INFO  client] Sending sample transaction 430
[2022-07-23T16:23:50.860Z INFO  client] Sending sample transaction 431
[2022-07-23T16:23:50.911Z INFO  client] Sending sample transaction 432
[2022-07-23T16:23:50.961Z INFO  client] Sending sample transaction 433
[2022-07-23T16:23:51.009Z INFO  client] Sending sample transaction 434
[2022-07-23T16:23:51.063Z INFO  client] Sending sample transaction 435
[2022-07-23T16:23:51.112Z INFO  client] Sending sample transaction 436
