[2022-07-23T16:01:49.095Z INFO  client] Node address: 127.0.0.1:9017
[2022-07-23T16:01:49.095Z INFO  client] Transactions size: 512 B
[2022-07-23T16:01:49.095Z INFO  client] Transactions rate: 112 tx/s
[2022-07-23T16:01:49.095Z INFO  client] Waiting for all nodes to be online...
[2022-07-23T16:01:49.095Z INFO  client] Waiting for all nodes to be synchronized...
[2022-07-23T16:01:51.134Z INFO  client] Start sending transactions
[2022-07-23T16:01:51.143Z INFO  client] Sending sample transaction 0
[2022-07-23T16:01:51.192Z INFO  client] Sending sample transaction 1
[2022-07-23T16:01:51.242Z INFO  client] Sending sample transaction 2
[2022-07-23T16:01:51.294Z INFO  client] Sending sample transaction 3
[2022-07-23T16:01:51.337Z INFO  client] Sending sample transaction 4
[2022-07-23T16:01:51.386Z INFO  client] Sending sample transaction 5
[2022-07-23T16:01:51.435Z INFO  client] Sending sample transaction 6
[2022-07-23T16:01:51.486Z INFO  client] Sending sample transaction 7
[2022-07-23T16:01:51.536Z INFO  client] Sending sample transaction 8
[2022-07-23T16:01:51.587Z INFO  client] Sending sample transaction 9
[2022-07-23T16:01:51.640Z INFO  client] Sending sample transaction 10
[2022-07-23T16:01:51.686Z INFO  client] Sending sample transaction 11
[2022-07-23T16:01:51.736Z INFO  client] Sending sample transaction 12
[2022-07-23T16:01:51.786Z INFO  client] Sending sample transaction 13
[2022-07-23T16:01:51.838Z INFO  client] Sending sample transaction 14
[2022-07-23T16:01:51.885Z INFO  client] Sending sample transaction 15
[2022-07-23T16:01:51.936Z INFO  client] Sending sample transaction 16
[2022-07-23T16:01:51.986Z INFO  client] Sending sample transaction 17
[2022-07-23T16:01:52.036Z INFO  client] Sending sample transaction 18
[2022-07-23T16:01:52.086Z INFO  client] Sending sample transaction 19
[2022-07-23T16:01:52.142Z INFO  client] Sending sample transaction 20
[2022-07-23T16:01:52.187Z INFO  client] Sending sample transaction 21
[2022-07-23T16:01:52.245Z INFO  client] Sending sample transaction 22
[2022-07-23T16:01:52.287Z INFO  client] Sending sample transaction 23
[2022-07-23T16:01:52.337Z INFO  client] Sending sample transaction 24
[2022-07-23T16:01:52.386Z INFO  client] Sending sample transaction 25
[2022-07-23T16:01:52.437Z INFO  client] Sending sample transaction 26
[2022-07-23T16:01:52.487Z INFO  client] Sending sample transaction 27
[2022-07-23T16:01:52.537Z INFO  client] Sending sample transaction 28
[2022-07-23T16:01:52.587Z INFO  client] Sending sample transaction 29
[2022-07-23T16:01:52.635Z INFO  client] Sending sample transaction 30
[2022-07-23T16:01:52.685Z INFO  client] Sending sample transaction 31
[2022-07-23T16:01:52.750Z INFO  client] Sending sample transaction 32
[2022-07-23T16:01:52.787Z INFO  client] Sending sample transaction 33
[2022-07-23T16:01:52.836Z INFO  client] Sending sample transaction 34
[2022-07-23T16:01:52.886Z INFO  client] Sending sample transaction 35
[2022-07-23T16:01:52.935Z INFO  client] Sending sample transaction 36
[2022-07-23T16:01:52.986Z INFO  client] Sending sample transaction 37
[2022-07-23T16:01:53.039Z INFO  client] Sending sample transaction 38
[2022-07-23T16:01:53.094Z INFO  client] Sending sample transaction 39
[2022-07-23T16:01:53.137Z INFO  client] Sending sample transaction 40
[2022-07-23T16:01:53.230Z INFO  client] Sending sample transaction 41
[2022-07-23T16:01:53.331Z INFO  client] Sending sample transaction 42
[2022-07-23T16:01:53.335Z INFO  client] Sending sample transaction 43
[2022-07-23T16:01:53.364Z INFO  client] Sending sample transaction 44
[2022-07-23T16:01:53.395Z INFO  client] Sending sample transaction 45
[2022-07-23T16:01:53.438Z INFO  client] Sending sample transaction 46
[2022-07-23T16:01:53.488Z INFO  client] Sending sample transaction 47
[2022-07-23T16:01:53.538Z INFO  client] Sending sample transaction 48
[2022-07-23T16:01:53.613Z INFO  client] Sending sample transaction 49
[2022-07-23T16:01:53.643Z INFO  client] Sending sample transaction 50
[2022-07-23T16:01:53.690Z INFO  client] Sending sample transaction 51
[2022-07-23T16:01:53.742Z INFO  client] Sending sample transaction 52
[2022-07-23T16:01:53.787Z INFO  client] Sending sample transaction 53
[2022-07-23T16:01:53.841Z INFO  client] Sending sample transaction 54
[2022-07-23T16:01:53.894Z INFO  client] Sending sample transaction 55
[2022-07-23T16:01:53.940Z INFO  client] Sending sample transaction 56
[2022-07-23T16:01:53.987Z INFO  client] Sending sample transaction 57
[2022-07-23T16:01:54.036Z INFO  client] Sending sample transaction 58
[2022-07-23T16:01:54.086Z INFO  client] Sending sample transaction 59
[2022-07-23T16:01:54.137Z INFO  client] Sending sample transaction 60
[2022-07-23T16:01:54.186Z INFO  client] Sending sample transaction 61
[2022-07-23T16:01:54.237Z INFO  client] Sending sample transaction 62
[2022-07-23T16:01:54.286Z INFO  client] Sending sample transaction 63
[2022-07-23T16:01:54.335Z INFO  client] Sending sample transaction 64
[2022-07-23T16:01:54.401Z INFO  client] Sending sample transaction 65
[2022-07-23T16:01:54.437Z INFO  client] Sending sample transaction 66
[2022-07-23T16:01:54.486Z INFO  client] Sending sample transaction 67
[2022-07-23T16:01:54.535Z INFO  client] Sending sample transaction 68
[2022-07-23T16:01:54.586Z INFO  client] Sending sample transaction 69
[2022-07-23T16:01:54.646Z INFO  client] Sending sample transaction 70
[2022-07-23T16:01:54.694Z INFO  client] Sending sample transaction 71
[2022-07-23T16:01:54.736Z INFO  client] Sending sample transaction 72
[2022-07-23T16:01:54.787Z INFO  client] Sending sample transaction 73
[2022-07-23T16:01:54.837Z INFO  client] Sending sample transaction 74
[2022-07-23T16:01:54.886Z INFO  client] Sending sample transaction 75
[2022-07-23T16:01:54.937Z INFO  client] Sending sample transaction 76
[2022-07-23T16:01:54.987Z INFO  client] Sending sample transaction 77
[2022-07-23T16:01:55.036Z INFO  client] Sending sample transaction 78
[2022-07-23T16:01:55.086Z INFO  client] Sending sample transaction 79
[2022-07-23T16:01:55.136Z INFO  client] Sending sample transaction 80
[2022-07-23T16:01:55.187Z INFO  client] Sending sample transaction 81
[2022-07-23T16:01:55.236Z INFO  client] Sending sample transaction 82
[2022-07-23T16:01:55.286Z INFO  client] Sending sample transaction 83
[2022-07-23T16:01:55.336Z INFO  client] Sending sample transaction 84
[2022-07-23T16:01:55.386Z INFO  client] Sending sample transaction 85
[2022-07-23T16:01:55.436Z INFO  client] Sending sample transaction 86
[2022-07-23T16:01:55.486Z INFO  client] Sending sample transaction 87
[2022-07-23T16:01:55.545Z INFO  client] Sending sample transaction 88
[2022-07-23T16:01:55.592Z INFO  client] Sending sample transaction 89
[2022-07-23T16:01:55.636Z INFO  client] Sending sample transaction 90
[2022-07-23T16:01:55.692Z INFO  client] Sending sample transaction 91
[2022-07-23T16:01:55.737Z INFO  client] Sending sample transaction 92
[2022-07-23T16:01:55.786Z INFO  client] Sending sample transaction 93
[2022-07-23T16:01:55.836Z INFO  client] Sending sample transaction 94
[2022-07-23T16:01:55.886Z INFO  client] Sending sample transaction 95
[2022-07-23T16:01:55.936Z INFO  client] Sending sample transaction 96
[2022-07-23T16:01:55.987Z INFO  client] Sending sample transaction 97
[2022-07-23T16:01:56.036Z INFO  client] Sending sample transaction 98
[2022-07-23T16:01:56.087Z INFO  client] Sending sample transaction 99
[2022-07-23T16:01:56.136Z INFO  client] Sending sample transaction 100
[2022-07-23T16:01:56.186Z INFO  client] Sending sample transaction 101
[2022-07-23T16:01:56.236Z INFO  client] Sending sample transaction 102
[2022-07-23T16:01:56.286Z INFO  client] Sending sample transaction 103
[2022-07-23T16:01:56.336Z INFO  client] Sending sample transaction 104
[2022-07-23T16:01:56.402Z INFO  client] Sending sample transaction 105
[2022-07-23T16:01:56.441Z INFO  client] Sending sample transaction 106
[2022-07-23T16:01:56.503Z INFO  client] Sending sample transaction 107
[2022-07-23T16:01:56.566Z INFO  client] Sending sample transaction 108
[2022-07-23T16:01:56.591Z INFO  client] Sending sample transaction 109
[2022-07-23T16:01:56.636Z INFO  client] Sending sample transaction 110
[2022-07-23T16:01:56.686Z INFO  client] Sending sample transaction 111
[2022-07-23T16:01:56.737Z INFO  client] Sending sample transaction 112
[2022-07-23T16:01:56.786Z INFO  client] Sending sample transaction 113
[2022-07-23T16:01:56.836Z INFO  client] Sending sample transaction 114
[2022-07-23T16:01:56.886Z INFO  client] Sending sample transaction 115
[2022-07-23T16:01:56.936Z INFO  client] Sending sample transaction 116
[2022-07-23T16:01:56.987Z INFO  client] Sending sample transaction 117
[2022-07-23T16:01:57.037Z INFO  client] Sending sample transaction 118
[2022-07-23T16:01:57.086Z INFO  client] Sending sample transaction 119
[2022-07-23T16:01:57.136Z INFO  client] Sending sample transaction 120
[2022-07-23T16:01:57.186Z INFO  client] Sending sample transaction 121
[2022-07-23T16:01:57.238Z INFO  client] Sending sample transaction 122
[2022-07-23T16:01:57.286Z INFO  client] Sending sample transaction 123
[2022-07-23T16:01:57.336Z INFO  client] Sending sample transaction 124
[2022-07-23T16:01:57.385Z INFO  client] Sending sample transaction 125
[2022-07-23T16:01:57.436Z INFO  client] Sending sample transaction 126
[2022-07-23T16:01:57.486Z INFO  client] Sending sample transaction 127
[2022-07-23T16:01:57.535Z INFO  client] Sending sample transaction 128
[2022-07-23T16:01:57.586Z INFO  client] Sending sample transaction 129
[2022-07-23T16:01:57.640Z INFO  client] Sending sample transaction 130
[2022-07-23T16:01:57.686Z INFO  client] Sending sample transaction 131
[2022-07-23T16:01:57.736Z INFO  client] Sending sample transaction 132
[2022-07-23T16:01:57.791Z INFO  client] Sending sample transaction 133
[2022-07-23T16:01:57.836Z INFO  client] Sending sample transaction 134
[2022-07-23T16:01:57.886Z INFO  client] Sending sample transaction 135
[2022-07-23T16:01:57.937Z INFO  client] Sending sample transaction 136
[2022-07-23T16:01:57.994Z INFO  client] Sending sample transaction 137
[2022-07-23T16:01:58.036Z INFO  client] Sending sample transaction 138
[2022-07-23T16:01:58.089Z INFO  client] Sending sample transaction 139
[2022-07-23T16:01:58.135Z INFO  client] Sending sample transaction 140
[2022-07-23T16:01:58.189Z INFO  client] Sending sample transaction 141
[2022-07-23T16:01:58.236Z INFO  client] Sending sample transaction 142
[2022-07-23T16:01:58.286Z INFO  client] Sending sample transaction 143
[2022-07-23T16:01:58.337Z INFO  client] Sending sample transaction 144
[2022-07-23T16:01:58.386Z INFO  client] Sending sample transaction 145
[2022-07-23T16:01:58.436Z INFO  client] Sending sample transaction 146
[2022-07-23T16:01:58.486Z INFO  client] Sending sample transaction 147
[2022-07-23T16:01:58.536Z INFO  client] Sending sample transaction 148
[2022-07-23T16:01:58.585Z INFO  client] Sending sample transaction 149
[2022-07-23T16:01:58.635Z INFO  client] Sending sample transaction 150
[2022-07-23T16:01:58.702Z INFO  client] Sending sample transaction 151
[2022-07-23T16:01:58.744Z INFO  client] Sending sample transaction 152
[2022-07-23T16:01:58.786Z INFO  client] Sending sample transaction 153
[2022-07-23T16:01:58.836Z INFO  client] Sending sample transaction 154
[2022-07-23T16:01:58.885Z INFO  client] Sending sample transaction 155
[2022-07-23T16:01:58.936Z INFO  client] Sending sample transaction 156
[2022-07-23T16:01:58.985Z INFO  client] Sending sample transaction 157
[2022-07-23T16:01:59.036Z INFO  client] Sending sample transaction 158
[2022-07-23T16:01:59.092Z INFO  client] Sending sample transaction 159
[2022-07-23T16:01:59.142Z INFO  client] Sending sample transaction 160
[2022-07-23T16:01:59.187Z INFO  client] Sending sample transaction 161
[2022-07-23T16:01:59.236Z INFO  client] Sending sample transaction 162
[2022-07-23T16:01:59.286Z INFO  client] Sending sample transaction 163
[2022-07-23T16:01:59.337Z INFO  client] Sending sample transaction 164
[2022-07-23T16:01:59.386Z INFO  client] Sending sample transaction 165
[2022-07-23T16:01:59.436Z INFO  client] Sending sample transaction 166
[2022-07-23T16:01:59.487Z INFO  client] Sending sample transaction 167
[2022-07-23T16:01:59.536Z INFO  client] Sending sample transaction 168
[2022-07-23T16:01:59.586Z INFO  client] Sending sample transaction 169
[2022-07-23T16:01:59.635Z INFO  client] Sending sample transaction 170
[2022-07-23T16:01:59.686Z INFO  client] Sending sample transaction 171
[2022-07-23T16:01:59.736Z INFO  client] Sending sample transaction 172
[2022-07-23T16:01:59.786Z INFO  client] Sending sample transaction 173
[2022-07-23T16:01:59.838Z INFO  client] Sending sample transaction 174
[2022-07-23T16:01:59.886Z INFO  client] Sending sample transaction 175
[2022-07-23T16:01:59.936Z INFO  client] Sending sample transaction 176
[2022-07-23T16:01:59.986Z INFO  client] Sending sample transaction 177
[2022-07-23T16:02:00.036Z INFO  client] Sending sample transaction 178
[2022-07-23T16:02:00.086Z INFO  client] Sending sample transaction 179
[2022-07-23T16:02:00.136Z INFO  client] Sending sample transaction 180
[2022-07-23T16:02:00.185Z INFO  client] Sending sample transaction 181
[2022-07-23T16:02:00.236Z INFO  client] Sending sample transaction 182
[2022-07-23T16:02:00.286Z INFO  client] Sending sample transaction 183
[2022-07-23T16:02:00.336Z INFO  client] Sending sample transaction 184
[2022-07-23T16:02:00.385Z INFO  client] Sending sample transaction 185
[2022-07-23T16:02:00.436Z INFO  client] Sending sample transaction 186
[2022-07-23T16:02:00.485Z INFO  client] Sending sample transaction 187
[2022-07-23T16:02:00.539Z INFO  client] Sending sample transaction 188
[2022-07-23T16:02:00.586Z INFO  client] Sending sample transaction 189
[2022-07-23T16:02:00.635Z INFO  client] Sending sample transaction 190
[2022-07-23T16:02:00.686Z INFO  client] Sending sample transaction 191
[2022-07-23T16:02:00.737Z INFO  client] Sending sample transaction 192
[2022-07-23T16:02:00.796Z INFO  client] Sending sample transaction 193
[2022-07-23T16:02:00.845Z INFO  client] Sending sample transaction 194
[2022-07-23T16:02:00.886Z INFO  client] Sending sample transaction 195
[2022-07-23T16:02:00.936Z INFO  client] Sending sample transaction 196
[2022-07-23T16:02:00.986Z INFO  client] Sending sample transaction 197
[2022-07-23T16:02:01.036Z INFO  client] Sending sample transaction 198
[2022-07-23T16:02:01.099Z INFO  client] Sending sample transaction 199
[2022-07-23T16:02:01.136Z INFO  client] Sending sample transaction 200
[2022-07-23T16:02:01.185Z INFO  client] Sending sample transaction 201
[2022-07-23T16:02:01.236Z INFO  client] Sending sample transaction 202
[2022-07-23T16:02:01.287Z INFO  client] Sending sample transaction 203
[2022-07-23T16:02:01.337Z INFO  client] Sending sample transaction 204
[2022-07-23T16:02:01.385Z INFO  client] Sending sample transaction 205
[2022-07-23T16:02:01.437Z INFO  client] Sending sample transaction 206
[2022-07-23T16:02:01.489Z INFO  client] Sending sample transaction 207
[2022-07-23T16:02:01.535Z INFO  client] Sending sample transaction 208
[2022-07-23T16:02:01.587Z INFO  client] Sending sample transaction 209
[2022-07-23T16:02:01.636Z INFO  client] Sending sample transaction 210
[2022-07-23T16:02:01.686Z INFO  client] Sending sample transaction 211
[2022-07-23T16:02:01.736Z INFO  client] Sending sample transaction 212
[2022-07-23T16:02:01.785Z INFO  client] Sending sample transaction 213
[2022-07-23T16:02:01.836Z INFO  client] Sending sample transaction 214
[2022-07-23T16:02:01.887Z INFO  client] Sending sample transaction 215
[2022-07-23T16:02:01.935Z INFO  client] Sending sample transaction 216
[2022-07-23T16:02:01.986Z INFO  client] Sending sample transaction 217
[2022-07-23T16:02:02.036Z INFO  client] Sending sample transaction 218
[2022-07-23T16:02:02.087Z INFO  client] Sending sample transaction 219
[2022-07-23T16:02:02.135Z INFO  client] Sending sample transaction 220
[2022-07-23T16:02:02.186Z INFO  client] Sending sample transaction 221
[2022-07-23T16:02:02.236Z INFO  client] Sending sample transaction 222
[2022-07-23T16:02:02.286Z INFO  client] Sending sample transaction 223
[2022-07-23T16:02:02.336Z INFO  client] Sending sample transaction 224
[2022-07-23T16:02:02.385Z INFO  client] Sending sample transaction 225
[2022-07-23T16:02:02.436Z INFO  client] Sending sample transaction 226
[2022-07-23T16:02:02.485Z INFO  client] Sending sample transaction 227
[2022-07-23T16:02:02.538Z INFO  client] Sending sample transaction 228
[2022-07-23T16:02:02.586Z INFO  client] Sending sample transaction 229
[2022-07-23T16:02:02.636Z INFO  client] Sending sample transaction 230
[2022-07-23T16:02:02.686Z INFO  client] Sending sample transaction 231
[2022-07-23T16:02:02.736Z INFO  client] Sending sample transaction 232
[2022-07-23T16:02:02.785Z INFO  client] Sending sample transaction 233
[2022-07-23T16:02:02.836Z INFO  client] Sending sample transaction 234
[2022-07-23T16:02:02.886Z INFO  client] Sending sample transaction 235
[2022-07-23T16:02:02.938Z INFO  client] Sending sample transaction 236
[2022-07-23T16:02:02.993Z INFO  client] Sending sample transaction 237
[2022-07-23T16:02:03.036Z INFO  client] Sending sample transaction 238
[2022-07-23T16:02:03.087Z INFO  client] Sending sample transaction 239
[2022-07-23T16:02:03.135Z INFO  client] Sending sample transaction 240
[2022-07-23T16:02:03.186Z INFO  client] Sending sample transaction 241
[2022-07-23T16:02:03.236Z INFO  client] Sending sample transaction 242
[2022-07-23T16:02:03.286Z INFO  client] Sending sample transaction 243
[2022-07-23T16:02:03.335Z INFO  client] Sending sample transaction 244
[2022-07-23T16:02:03.385Z INFO  client] Sending sample transaction 245
[2022-07-23T16:02:03.436Z INFO  client] Sending sample transaction 246
[2022-07-23T16:02:03.486Z INFO  client] Sending sample transaction 247
[2022-07-23T16:02:03.536Z INFO  client] Sending sample transaction 248
[2022-07-23T16:02:03.586Z INFO  client] Sending sample transaction 249
[2022-07-23T16:02:03.636Z INFO  client] Sending sample transaction 250
[2022-07-23T16:02:03.686Z INFO  client] Sending sample transaction 251
[2022-07-23T16:02:03.735Z INFO  client] Sending sample transaction 252
[2022-07-23T16:02:03.786Z INFO  client] Sending sample transaction 253
[2022-07-23T16:02:03.836Z INFO  client] Sending sample transaction 254
[2022-07-23T16:02:03.886Z INFO  client] Sending sample transaction 255
[2022-07-23T16:02:03.936Z INFO  client] Sending sample transaction 256
[2022-07-23T16:02:03.986Z INFO  client] Sending sample transaction 257
[2022-07-23T16:02:04.042Z INFO  client] Sending sample transaction 258
[2022-07-23T16:02:04.097Z INFO  client] Sending sample transaction 259
[2022-07-23T16:02:04.135Z INFO  client] Sending sample transaction 260
[2022-07-23T16:02:04.186Z INFO  client] Sending sample transaction 261
[2022-07-23T16:02:04.236Z INFO  client] Sending sample transaction 262
[2022-07-23T16:02:04.286Z INFO  client] Sending sample transaction 263
[2022-07-23T16:02:04.336Z INFO  client] Sending sample transaction 264
[2022-07-23T16:02:04.386Z INFO  client] Sending sample transaction 265
[2022-07-23T16:02:04.435Z INFO  client] Sending sample transaction 266
[2022-07-23T16:02:04.486Z INFO  client] Sending sample transaction 267
[2022-07-23T16:02:04.537Z INFO  client] Sending sample transaction 268
[2022-07-23T16:02:04.603Z INFO  client] Sending sample transaction 269
[2022-07-23T16:02:04.637Z INFO  client] Sending sample transaction 270
[2022-07-23T16:02:04.687Z INFO  client] Sending sample transaction 271
[2022-07-23T16:02:04.735Z INFO  client] Sending sample transaction 272
[2022-07-23T16:02:04.786Z INFO  client] Sending sample transaction 273
[2022-07-23T16:02:04.836Z INFO  client] Sending sample transaction 274
[2022-07-23T16:02:04.886Z INFO  client] Sending sample transaction 275
[2022-07-23T16:02:04.936Z INFO  client] Sending sample transaction 276
[2022-07-23T16:02:04.985Z INFO  client] Sending sample transaction 277
[2022-07-23T16:02:05.045Z INFO  client] Sending sample transaction 278
[2022-07-23T16:02:05.118Z INFO  client] Sending sample transaction 279
[2022-07-23T16:02:05.138Z INFO  client] Sending sample transaction 280
[2022-07-23T16:02:05.186Z INFO  client] Sending sample transaction 281
[2022-07-23T16:02:05.236Z INFO  client] Sending sample transaction 282
[2022-07-23T16:02:05.286Z INFO  client] Sending sample transaction 283
[2022-07-23T16:02:05.336Z INFO  client] Sending sample transaction 284
[2022-07-23T16:02:05.386Z INFO  client] Sending sample transaction 285
[2022-07-23T16:02:05.436Z INFO  client] Sending sample transaction 286
[2022-07-23T16:02:05.486Z INFO  client] Sending sample transaction 287
[2022-07-23T16:02:05.537Z INFO  client] Sending sample transaction 288
[2022-07-23T16:02:05.586Z INFO  client] Sending sample transaction 289
[2022-07-23T16:02:05.635Z INFO  client] Sending sample transaction 290
[2022-07-23T16:02:05.685Z INFO  client] Sending sample transaction 291
[2022-07-23T16:02:05.736Z INFO  client] Sending sample transaction 292
[2022-07-23T16:02:05.785Z INFO  client] Sending sample transaction 293
[2022-07-23T16:02:05.836Z INFO  client] Sending sample transaction 294
[2022-07-23T16:02:05.886Z INFO  client] Sending sample transaction 295
[2022-07-23T16:02:05.936Z INFO  client] Sending sample transaction 296
[2022-07-23T16:02:05.986Z INFO  client] Sending sample transaction 297
[2022-07-23T16:02:06.037Z INFO  client] Sending sample transaction 298
[2022-07-23T16:02:06.086Z INFO  client] Sending sample transaction 299
[2022-07-23T16:02:06.136Z INFO  client] Sending sample transaction 300
[2022-07-23T16:02:06.187Z INFO  client] Sending sample transaction 301
[2022-07-23T16:02:06.237Z INFO  client] Sending sample transaction 302
[2022-07-23T16:02:06.286Z INFO  client] Sending sample transaction 303
[2022-07-23T16:02:06.337Z INFO  client] Sending sample transaction 304
[2022-07-23T16:02:06.386Z INFO  client] Sending sample transaction 305
[2022-07-23T16:02:06.436Z INFO  client] Sending sample transaction 306
[2022-07-23T16:02:06.486Z INFO  client] Sending sample transaction 307
[2022-07-23T16:02:06.536Z INFO  client] Sending sample transaction 308
[2022-07-23T16:02:06.586Z INFO  client] Sending sample transaction 309
[2022-07-23T16:02:06.637Z INFO  client] Sending sample transaction 310
[2022-07-23T16:02:06.685Z INFO  client] Sending sample transaction 311
[2022-07-23T16:02:06.736Z INFO  client] Sending sample transaction 312
[2022-07-23T16:02:06.786Z INFO  client] Sending sample transaction 313
[2022-07-23T16:02:06.836Z INFO  client] Sending sample transaction 314
[2022-07-23T16:02:06.888Z INFO  client] Sending sample transaction 315
[2022-07-23T16:02:06.937Z INFO  client] Sending sample transaction 316
[2022-07-23T16:02:06.985Z INFO  client] Sending sample transaction 317
[2022-07-23T16:02:07.036Z INFO  client] Sending sample transaction 318
[2022-07-23T16:02:07.086Z INFO  client] Sending sample transaction 319
[2022-07-23T16:02:07.136Z INFO  client] Sending sample transaction 320
[2022-07-23T16:02:07.202Z INFO  client] Sending sample transaction 321
[2022-07-23T16:02:07.253Z INFO  client] Sending sample transaction 322
[2022-07-23T16:02:07.287Z INFO  client] Sending sample transaction 323
[2022-07-23T16:02:07.337Z INFO  client] Sending sample transaction 324
[2022-07-23T16:02:07.385Z INFO  client] Sending sample transaction 325
[2022-07-23T16:02:07.436Z INFO  client] Sending sample transaction 326
[2022-07-23T16:02:07.485Z INFO  client] Sending sample transaction 327
[2022-07-23T16:02:07.536Z INFO  client] Sending sample transaction 328
[2022-07-23T16:02:07.586Z INFO  client] Sending sample transaction 329
[2022-07-23T16:02:07.637Z INFO  client] Sending sample transaction 330
[2022-07-23T16:02:07.686Z INFO  client] Sending sample transaction 331
[2022-07-23T16:02:07.736Z INFO  client] Sending sample transaction 332
[2022-07-23T16:02:07.785Z INFO  client] Sending sample transaction 333
[2022-07-23T16:02:07.835Z INFO  client] Sending sample transaction 334
[2022-07-23T16:02:07.886Z INFO  client] Sending sample transaction 335
[2022-07-23T16:02:07.936Z INFO  client] Sending sample transaction 336
[2022-07-23T16:02:07.987Z INFO  client] Sending sample transaction 337
[2022-07-23T16:02:08.036Z INFO  client] Sending sample transaction 338
[2022-07-23T16:02:08.087Z INFO  client] Sending sample transaction 339
[2022-07-23T16:02:08.136Z INFO  client] Sending sample transaction 340
[2022-07-23T16:02:08.185Z INFO  client] Sending sample transaction 341
[2022-07-23T16:02:08.237Z INFO  client] Sending sample transaction 342
[2022-07-23T16:02:08.286Z INFO  client] Sending sample transaction 343
[2022-07-23T16:02:08.336Z INFO  client] Sending sample transaction 344
[2022-07-23T16:02:08.386Z INFO  client] Sending sample transaction 345
[2022-07-23T16:02:08.436Z INFO  client] Sending sample transaction 346
[2022-07-23T16:02:08.486Z INFO  client] Sending sample transaction 347
[2022-07-23T16:02:08.535Z INFO  client] Sending sample transaction 348
[2022-07-23T16:02:08.587Z INFO  client] Sending sample transaction 349
[2022-07-23T16:02:08.639Z INFO  client] Sending sample transaction 350
[2022-07-23T16:02:08.686Z INFO  client] Sending sample transaction 351
[2022-07-23T16:02:08.736Z INFO  client] Sending sample transaction 352
[2022-07-23T16:02:08.786Z INFO  client] Sending sample transaction 353
[2022-07-23T16:02:08.836Z INFO  client] Sending sample transaction 354
[2022-07-23T16:02:08.886Z INFO  client] Sending sample transaction 355
[2022-07-23T16:02:08.938Z INFO  client] Sending sample transaction 356
[2022-07-23T16:02:08.986Z INFO  client] Sending sample transaction 357
[2022-07-23T16:02:09.037Z INFO  client] Sending sample transaction 358
[2022-07-23T16:02:09.087Z INFO  client] Sending sample transaction 359
[2022-07-23T16:02:09.136Z INFO  client] Sending sample transaction 360
[2022-07-23T16:02:09.186Z INFO  client] Sending sample transaction 361
[2022-07-23T16:02:09.236Z INFO  client] Sending sample transaction 362
[2022-07-23T16:02:09.286Z INFO  client] Sending sample transaction 363
[2022-07-23T16:02:09.343Z INFO  client] Sending sample transaction 364
[2022-07-23T16:02:09.392Z INFO  client] Sending sample transaction 365
[2022-07-23T16:02:09.437Z INFO  client] Sending sample transaction 366
[2022-07-23T16:02:09.486Z INFO  client] Sending sample transaction 367
[2022-07-23T16:02:09.536Z INFO  client] Sending sample transaction 368
[2022-07-23T16:02:09.586Z INFO  client] Sending sample transaction 369
[2022-07-23T16:02:09.636Z INFO  client] Sending sample transaction 370
[2022-07-23T16:02:09.686Z INFO  client] Sending sample transaction 371
[2022-07-23T16:02:09.737Z INFO  client] Sending sample transaction 372
[2022-07-23T16:02:09.786Z INFO  client] Sending sample transaction 373
[2022-07-23T16:02:09.837Z INFO  client] Sending sample transaction 374
[2022-07-23T16:02:09.885Z INFO  client] Sending sample transaction 375
[2022-07-23T16:02:09.936Z INFO  client] Sending sample transaction 376
[2022-07-23T16:02:09.986Z INFO  client] Sending sample transaction 377
[2022-07-23T16:02:10.036Z INFO  client] Sending sample transaction 378
[2022-07-23T16:02:10.086Z INFO  client] Sending sample transaction 379
[2022-07-23T16:02:10.135Z INFO  client] Sending sample transaction 380
[2022-07-23T16:02:10.186Z INFO  client] Sending sample transaction 381
[2022-07-23T16:02:10.236Z INFO  client] Sending sample transaction 382
[2022-07-23T16:02:10.287Z INFO  client] Sending sample transaction 383
[2022-07-23T16:02:10.343Z INFO  client] Sending sample transaction 384
[2022-07-23T16:02:10.386Z INFO  client] Sending sample transaction 385
[2022-07-23T16:02:10.447Z INFO  client] Sending sample transaction 386
[2022-07-23T16:02:10.486Z INFO  client] Sending sample transaction 387
[2022-07-23T16:02:10.536Z INFO  client] Sending sample transaction 388
[2022-07-23T16:02:10.586Z INFO  client] Sending sample transaction 389
[2022-07-23T16:02:10.635Z INFO  client] Sending sample transaction 390
[2022-07-23T16:02:10.687Z INFO  client] Sending sample transaction 391
[2022-07-23T16:02:10.736Z INFO  client] Sending sample transaction 392
[2022-07-23T16:02:10.786Z INFO  client] Sending sample transaction 393
[2022-07-23T16:02:10.837Z INFO  client] Sending sample transaction 394
[2022-07-23T16:02:10.886Z INFO  client] Sending sample transaction 395
[2022-07-23T16:02:10.936Z INFO  client] Sending sample transaction 396
[2022-07-23T16:02:10.986Z INFO  client] Sending sample transaction 397
[2022-07-23T16:02:11.036Z INFO  client] Sending sample transaction 398
[2022-07-23T16:02:11.086Z INFO  client] Sending sample transaction 399
[2022-07-23T16:02:11.135Z INFO  client] Sending sample transaction 400
[2022-07-23T16:02:11.187Z INFO  client] Sending sample transaction 401
[2022-07-23T16:02:11.236Z INFO  client] Sending sample transaction 402
[2022-07-23T16:02:11.287Z INFO  client] Sending sample transaction 403
[2022-07-23T16:02:11.336Z INFO  client] Sending sample transaction 404
[2022-07-23T16:02:11.386Z INFO  client] Sending sample transaction 405
[2022-07-23T16:02:11.436Z INFO  client] Sending sample transaction 406
[2022-07-23T16:02:11.509Z INFO  client] Sending sample transaction 407
[2022-07-23T16:02:11.538Z INFO  client] Sending sample transaction 408
[2022-07-23T16:02:11.587Z INFO  client] Sending sample transaction 409
[2022-07-23T16:02:11.635Z INFO  client] Sending sample transaction 410
[2022-07-23T16:02:11.686Z INFO  client] Sending sample transaction 411
[2022-07-23T16:02:11.736Z INFO  client] Sending sample transaction 412
[2022-07-23T16:02:11.787Z INFO  client] Sending sample transaction 413
[2022-07-23T16:02:11.836Z INFO  client] Sending sample transaction 414
[2022-07-23T16:02:11.885Z INFO  client] Sending sample transaction 415
[2022-07-23T16:02:11.936Z INFO  client] Sending sample transaction 416
[2022-07-23T16:02:11.985Z INFO  client] Sending sample transaction 417
[2022-07-23T16:02:12.037Z INFO  client] Sending sample transaction 418
[2022-07-23T16:02:12.086Z INFO  client] Sending sample transaction 419
[2022-07-23T16:02:12.136Z INFO  client] Sending sample transaction 420
[2022-07-23T16:02:12.186Z INFO  client] Sending sample transaction 421
[2022-07-23T16:02:12.237Z INFO  client] Sending sample transaction 422
[2022-07-23T16:02:12.289Z INFO  client] Sending sample transaction 423
[2022-07-23T16:02:12.346Z INFO  client] Sending sample transaction 424
[2022-07-23T16:02:12.385Z INFO  client] Sending sample transaction 425
[2022-07-23T16:02:12.440Z INFO  client] Sending sample transaction 426
[2022-07-23T16:02:12.491Z INFO  client] Sending sample transaction 427
[2022-07-23T16:02:12.536Z INFO  client] Sending sample transaction 428
[2022-07-23T16:02:12.586Z INFO  client] Sending sample transaction 429
[2022-07-23T16:02:12.636Z INFO  client] Sending sample transaction 430
[2022-07-23T16:02:12.690Z INFO  client] Sending sample transaction 431
[2022-07-23T16:02:12.737Z INFO  client] Sending sample transaction 432
[2022-07-23T16:02:12.786Z INFO  client] Sending sample transaction 433
