[2022-07-23T16:53:24.325Z INFO  client] Node address: 127.0.0.1:9013
[2022-07-23T16:53:24.325Z INFO  client] Transactions size: 512 B
[2022-07-23T16:53:24.325Z INFO  client] Transactions rate: 112 tx/s
[2022-07-23T16:53:24.325Z INFO  client] Waiting for all nodes to be online...
[2022-07-23T16:53:24.325Z INFO  client] Waiting for all nodes to be synchronized...
[2022-07-23T16:53:26.346Z INFO  client] Start sending transactions
[2022-07-23T16:53:26.348Z INFO  client] Sending sample transaction 0
[2022-07-23T16:53:26.399Z INFO  client] Sending sample transaction 1
[2022-07-23T16:53:26.449Z INFO  client] Sending sample transaction 2
[2022-07-23T16:53:26.499Z INFO  client] Sending sample transaction 3
[2022-07-23T16:53:26.549Z INFO  client] Sending sample transaction 4
[2022-07-23T16:53:26.598Z INFO  client] Sending sample transaction 5
[2022-07-23T16:53:26.648Z INFO  client] Sending sample transaction 6
[2022-07-23T16:53:26.698Z INFO  client] Sending sample transaction 7
[2022-07-23T16:53:26.749Z INFO  client] Sending sample transaction 8
[2022-07-23T16:53:26.801Z INFO  client] Sending sample transaction 9
[2022-07-23T16:53:26.847Z INFO  client] Sending sample transaction 10
[2022-07-23T16:53:26.898Z INFO  client] Sending sample transaction 11
[2022-07-23T16:53:26.948Z INFO  client] Sending sample transaction 12
[2022-07-23T16:53:26.998Z INFO  client] Sending sample transaction 13
[2022-07-23T16:53:27.049Z INFO  client] Sending sample transaction 14
[2022-07-23T16:53:27.098Z INFO  client] Sending sample transaction 15
[2022-07-23T16:53:27.149Z INFO  client] Sending sample transaction 16
[2022-07-23T16:53:27.205Z INFO  client] Sending sample transaction 17
[2022-07-23T16:53:27.273Z INFO  client] Sending sample transaction 18
[2022-07-23T16:53:27.354Z INFO  client] Sending sample transaction 19
[2022-07-23T16:53:27.354Z INFO  client] Sending sample transaction 20
[2022-07-23T16:53:27.399Z INFO  client] Sending sample transaction 21
[2022-07-23T16:53:27.448Z INFO  client] Sending sample transaction 22
[2022-07-23T16:53:27.498Z INFO  client] Sending sample transaction 23
[2022-07-23T16:53:27.553Z INFO  client] Sending sample transaction 24
[2022-07-23T16:53:27.620Z INFO  client] Sending sample transaction 25
[2022-07-23T16:53:27.674Z INFO  client] Sending sample transaction 26
[2022-07-23T16:53:27.704Z INFO  client] Sending sample transaction 27
[2022-07-23T16:53:27.749Z INFO  client] Sending sample transaction 28
[2022-07-23T16:53:27.799Z INFO  client] Sending sample transaction 29
[2022-07-23T16:53:27.848Z INFO  client] Sending sample transaction 30
[2022-07-23T16:53:27.899Z INFO  client] Sending sample transaction 31
[2022-07-23T16:53:27.950Z INFO  client] Sending sample transaction 32
[2022-07-23T16:53:28.000Z INFO  client] Sending sample transaction 33
[2022-07-23T16:53:28.048Z INFO  client] Sending sample transaction 34
[2022-07-23T16:53:28.099Z INFO  client] Sending sample transaction 35
[2022-07-23T16:53:28.149Z INFO  client] Sending sample transaction 36
[2022-07-23T16:53:28.199Z INFO  client] Sending sample transaction 37
[2022-07-23T16:53:28.249Z INFO  client] Sending sample transaction 38
[2022-07-23T16:53:28.299Z INFO  client] Sending sample transaction 39
[2022-07-23T16:53:28.349Z INFO  client] Sending sample transaction 40
[2022-07-23T16:53:28.398Z INFO  client] Sending sample transaction 41
[2022-07-23T16:53:28.449Z INFO  client] Sending sample transaction 42
[2022-07-23T16:53:28.500Z INFO  client] Sending sample transaction 43
[2022-07-23T16:53:28.555Z INFO  client] Sending sample transaction 44
[2022-07-23T16:53:28.653Z INFO  client] Sending sample transaction 45
[2022-07-23T16:53:28.670Z INFO  client] Sending sample transaction 46
[2022-07-23T16:53:28.699Z INFO  client] Sending sample transaction 47
[2022-07-23T16:53:28.757Z INFO  client] Sending sample transaction 48
[2022-07-23T16:53:28.799Z INFO  client] Sending sample transaction 49
[2022-07-23T16:53:28.848Z INFO  client] Sending sample transaction 50
[2022-07-23T16:53:28.898Z INFO  client] Sending sample transaction 51
[2022-07-23T16:53:28.949Z INFO  client] Sending sample transaction 52
[2022-07-23T16:53:28.998Z INFO  client] Sending sample transaction 53
[2022-07-23T16:53:29.049Z INFO  client] Sending sample transaction 54
[2022-07-23T16:53:29.098Z INFO  client] Sending sample transaction 55
[2022-07-23T16:53:29.148Z INFO  client] Sending sample transaction 56
[2022-07-23T16:53:29.198Z INFO  client] Sending sample transaction 57
[2022-07-23T16:53:29.248Z INFO  client] Sending sample transaction 58
[2022-07-23T16:53:29.299Z INFO  client] Sending sample transaction 59
[2022-07-23T16:53:29.347Z INFO  client] Sending sample transaction 60
[2022-07-23T16:53:29.398Z INFO  client] Sending sample transaction 61
[2022-07-23T16:53:29.449Z INFO  client] Sending sample transaction 62
[2022-07-23T16:53:29.498Z INFO  client] Sending sample transaction 63
[2022-07-23T16:53:29.548Z INFO  client] Sending sample transaction 64
[2022-07-23T16:53:29.600Z INFO  client] Sending sample transaction 65
[2022-07-23T16:53:29.648Z INFO  client] Sending sample transaction 66
[2022-07-23T16:53:29.697Z INFO  client] Sending sample transaction 67
[2022-07-23T16:53:29.748Z INFO  client] Sending sample transaction 68
[2022-07-23T16:53:29.801Z INFO  client] Sending sample transaction 69
[2022-07-23T16:53:29.848Z INFO  client] Sending sample transaction 70
[2022-07-23T16:53:29.898Z INFO  client] Sending sample transaction 71
[2022-07-23T16:53:29.960Z INFO  client] Sending sample transaction 72
[2022-07-23T16:53:29.997Z INFO  client] Sending sample transaction 73
[2022-07-23T16:53:30.048Z INFO  client] Sending sample transaction 74
[2022-07-23T16:53:30.097Z INFO  client] Sending sample transaction 75
[2022-07-23T16:53:30.148Z INFO  client] Sending sample transaction 76
[2022-07-23T16:53:30.198Z INFO  client] Sending sample transaction 77
[2022-07-23T16:53:30.248Z INFO  client] Sending sample transaction 78
[2022-07-23T16:53:30.299Z INFO  client] Sending sample transaction 79
[2022-07-23T16:53:30.348Z INFO  client] Sending sample transaction 80
[2022-07-23T16:53:30.398Z INFO  client] Sending sample transaction 81
[2022-07-23T16:53:30.448Z INFO  client] Sending sample transaction 82
[2022-07-23T16:53:30.497Z INFO  client] Sending sample transaction 83
[2022-07-23T16:53:30.548Z INFO  client] Sending sample transaction 84
[2022-07-23T16:53:30.598Z INFO  client] Sending sample transaction 85
[2022-07-23T16:53:30.648Z INFO  client] Sending sample transaction 86
[2022-07-23T16:53:30.699Z INFO  client] Sending sample transaction 87
[2022-07-23T16:53:30.748Z INFO  client] Sending sample transaction 88
[2022-07-23T16:53:30.798Z INFO  client] Sending sample transaction 89
[2022-07-23T16:53:30.848Z INFO  client] Sending sample transaction 90
[2022-07-23T16:53:30.898Z INFO  client] Sending sample transaction 91
[2022-07-23T16:53:30.949Z INFO  client] Sending sample transaction 92
[2022-07-23T16:53:30.998Z INFO  client] Sending sample transaction 93
[2022-07-23T16:53:31.048Z INFO  client] Sending sample transaction 94
[2022-07-23T16:53:31.098Z INFO  client] Sending sample transaction 95
[2022-07-23T16:53:31.149Z INFO  client] Sending sample transaction 96
[2022-07-23T16:53:31.198Z INFO  client] Sending sample transaction 97
[2022-07-23T16:53:31.248Z INFO  client] Sending sample transaction 98
[2022-07-23T16:53:31.299Z INFO  client] Sending sample transaction 99
[2022-07-23T16:53:31.348Z INFO  client] Sending sample transaction 100
[2022-07-23T16:53:31.399Z INFO  client] Sending sample transaction 101
[2022-07-23T16:53:31.448Z INFO  client] Sending sample transaction 102
[2022-07-23T16:53:31.498Z INFO  client] Sending sample transaction 103
[2022-07-23T16:53:31.549Z INFO  client] Sending sample transaction 104
[2022-07-23T16:53:31.598Z INFO  client] Sending sample transaction 105
[2022-07-23T16:53:31.648Z INFO  client] Sending sample transaction 106
[2022-07-23T16:53:31.698Z INFO  client] Sending sample transaction 107
[2022-07-23T16:53:31.749Z INFO  client] Sending sample transaction 108
[2022-07-23T16:53:31.799Z INFO  client] Sending sample transaction 109
[2022-07-23T16:53:31.849Z INFO  client] Sending sample transaction 110
[2022-07-23T16:53:31.897Z INFO  client] Sending sample transaction 111
[2022-07-23T16:53:31.967Z INFO  client] Sending sample transaction 112
[2022-07-23T16:53:32.061Z INFO  client] Sending sample transaction 113
[2022-07-23T16:53:32.125Z INFO  client] Sending sample transaction 114
[2022-07-23T16:53:32.125Z INFO  client] Sending sample transaction 115
[2022-07-23T16:53:32.159Z INFO  client] Sending sample transaction 116
[2022-07-23T16:53:32.199Z INFO  client] Sending sample transaction 117
[2022-07-23T16:53:32.249Z INFO  client] Sending sample transaction 118
[2022-07-23T16:53:32.300Z INFO  client] Sending sample transaction 119
[2022-07-23T16:53:32.347Z INFO  client] Sending sample transaction 120
[2022-07-23T16:53:32.399Z INFO  client] Sending sample transaction 121
[2022-07-23T16:53:32.448Z INFO  client] Sending sample transaction 122
[2022-07-23T16:53:32.498Z INFO  client] Sending sample transaction 123
[2022-07-23T16:53:32.548Z INFO  client] Sending sample transaction 124
[2022-07-23T16:53:32.598Z INFO  client] Sending sample transaction 125
[2022-07-23T16:53:32.649Z INFO  client] Sending sample transaction 126
[2022-07-23T16:53:32.699Z INFO  client] Sending sample transaction 127
[2022-07-23T16:53:32.748Z INFO  client] Sending sample transaction 128
[2022-07-23T16:53:32.799Z INFO  client] Sending sample transaction 129
[2022-07-23T16:53:32.849Z INFO  client] Sending sample transaction 130
[2022-07-23T16:53:32.897Z INFO  client] Sending sample transaction 131
[2022-07-23T16:53:32.948Z INFO  client] Sending sample transaction 132
[2022-07-23T16:53:32.999Z INFO  client] Sending sample transaction 133
[2022-07-23T16:53:33.048Z INFO  client] Sending sample transaction 134
[2022-07-23T16:53:33.098Z INFO  client] Sending sample transaction 135
[2022-07-23T16:53:33.148Z INFO  client] Sending sample transaction 136
[2022-07-23T16:53:33.221Z INFO  client] Sending sample transaction 137
[2022-07-23T16:53:33.263Z INFO  client] Sending sample transaction 138
[2022-07-23T16:53:33.305Z INFO  client] Sending sample transaction 139
[2022-07-23T16:53:33.348Z INFO  client] Sending sample transaction 140
[2022-07-23T16:53:33.398Z INFO  client] Sending sample transaction 141
[2022-07-23T16:53:33.449Z INFO  client] Sending sample transaction 142
[2022-07-23T16:53:33.498Z INFO  client] Sending sample transaction 143
[2022-07-23T16:53:33.548Z INFO  client] Sending sample transaction 144
[2022-07-23T16:53:33.598Z INFO  client] Sending sample transaction 145
[2022-07-23T16:53:33.647Z INFO  client] Sending sample transaction 146
[2022-07-23T16:53:33.698Z INFO  client] Sending sample transaction 147
[2022-07-23T16:53:33.748Z INFO  client] Sending sample transaction 148
[2022-07-23T16:53:33.797Z INFO  client] Sending sample transaction 149
[2022-07-23T16:53:33.848Z INFO  client] Sending sample transaction 150
[2022-07-23T16:53:33.898Z INFO  client] Sending sample transaction 151
[2022-07-23T16:53:33.948Z INFO  client] Sending sample transaction 152
[2022-07-23T16:53:33.998Z INFO  client] Sending sample transaction 153
[2022-07-23T16:53:34.048Z INFO  client] Sending sample transaction 154
[2022-07-23T16:53:34.098Z INFO  client] Sending sample transaction 155
[2022-07-23T16:53:34.148Z INFO  client] Sending sample transaction 156
[2022-07-23T16:53:34.198Z INFO  client] Sending sample transaction 157
[2022-07-23T16:53:34.248Z INFO  client] Sending sample transaction 158
[2022-07-23T16:53:34.299Z INFO  client] Sending sample transaction 159
[2022-07-23T16:53:34.348Z INFO  client] Sending sample transaction 160
[2022-07-23T16:53:34.398Z INFO  client] Sending sample transaction 161
[2022-07-23T16:53:34.448Z INFO  client] Sending sample transaction 162
[2022-07-23T16:53:34.498Z INFO  client] Sending sample transaction 163
[2022-07-23T16:53:34.549Z INFO  client] Sending sample transaction 164
[2022-07-23T16:53:34.598Z INFO  client] Sending sample transaction 165
[2022-07-23T16:53:34.648Z INFO  client] Sending sample transaction 166
[2022-07-23T16:53:34.699Z INFO  client] Sending sample transaction 167
[2022-07-23T16:53:34.749Z INFO  client] Sending sample transaction 168
[2022-07-23T16:53:34.798Z INFO  client] Sending sample transaction 169
[2022-07-23T16:53:34.848Z INFO  client] Sending sample transaction 170
[2022-07-23T16:53:34.898Z INFO  client] Sending sample transaction 171
[2022-07-23T16:53:34.948Z INFO  client] Sending sample transaction 172
[2022-07-23T16:53:35.049Z INFO  client] Sending sample transaction 173
[2022-07-23T16:53:35.050Z INFO  client] Sending sample transaction 174
[2022-07-23T16:53:35.099Z INFO  client] Sending sample transaction 175
[2022-07-23T16:53:35.148Z INFO  client] Sending sample transaction 176
[2022-07-23T16:53:35.201Z INFO  client] Sending sample transaction 177
[2022-07-23T16:53:35.249Z INFO  client] Sending sample transaction 178
[2022-07-23T16:53:35.298Z INFO  client] Sending sample transaction 179
[2022-07-23T16:53:35.348Z INFO  client] Sending sample transaction 180
[2022-07-23T16:53:35.399Z INFO  client] Sending sample transaction 181
[2022-07-23T16:53:35.449Z INFO  client] Sending sample transaction 182
[2022-07-23T16:53:35.498Z INFO  client] Sending sample transaction 183
[2022-07-23T16:53:35.549Z INFO  client] Sending sample transaction 184
[2022-07-23T16:53:35.597Z INFO  client] Sending sample transaction 185
[2022-07-23T16:53:35.648Z INFO  client] Sending sample transaction 186
[2022-07-23T16:53:35.698Z INFO  client] Sending sample transaction 187
[2022-07-23T16:53:35.748Z INFO  client] Sending sample transaction 188
[2022-07-23T16:53:35.799Z INFO  client] Sending sample transaction 189
[2022-07-23T16:53:35.848Z INFO  client] Sending sample transaction 190
[2022-07-23T16:53:35.931Z INFO  client] Sending sample transaction 191
[2022-07-23T16:53:35.949Z INFO  client] Sending sample transaction 192
[2022-07-23T16:53:36.022Z INFO  client] Sending sample transaction 193
[2022-07-23T16:53:36.062Z INFO  client] Sending sample transaction 194
[2022-07-23T16:53:36.098Z INFO  client] Sending sample transaction 195
[2022-07-23T16:53:36.154Z INFO  client] Sending sample transaction 196
[2022-07-23T16:53:36.198Z INFO  client] Sending sample transaction 197
[2022-07-23T16:53:36.248Z INFO  client] Sending sample transaction 198
[2022-07-23T16:53:36.308Z INFO  client] Sending sample transaction 199
[2022-07-23T16:53:36.352Z INFO  client] Sending sample transaction 200
[2022-07-23T16:53:36.398Z INFO  client] Sending sample transaction 201
[2022-07-23T16:53:36.448Z INFO  client] Sending sample transaction 202
[2022-07-23T16:53:36.498Z INFO  client] Sending sample transaction 203
[2022-07-23T16:53:36.549Z INFO  client] Sending sample transaction 204
[2022-07-23T16:53:36.598Z INFO  client] Sending sample transaction 205
[2022-07-23T16:53:36.647Z INFO  client] Sending sample transaction 206
[2022-07-23T16:53:36.698Z INFO  client] Sending sample transaction 207
[2022-07-23T16:53:36.748Z INFO  client] Sending sample transaction 208
[2022-07-23T16:53:36.798Z INFO  client] Sending sample transaction 209
[2022-07-23T16:53:36.849Z INFO  client] Sending sample transaction 210
[2022-07-23T16:53:36.898Z INFO  client] Sending sample transaction 211
[2022-07-23T16:53:36.948Z INFO  client] Sending sample transaction 212
[2022-07-23T16:53:36.998Z INFO  client] Sending sample transaction 213
[2022-07-23T16:53:37.047Z INFO  client] Sending sample transaction 214
[2022-07-23T16:53:37.099Z INFO  client] Sending sample transaction 215
[2022-07-23T16:53:37.147Z INFO  client] Sending sample transaction 216
[2022-07-23T16:53:37.198Z INFO  client] Sending sample transaction 217
[2022-07-23T16:53:37.248Z INFO  client] Sending sample transaction 218
[2022-07-23T16:53:37.299Z INFO  client] Sending sample transaction 219
[2022-07-23T16:53:37.347Z INFO  client] Sending sample transaction 220
[2022-07-23T16:53:37.398Z INFO  client] Sending sample transaction 221
[2022-07-23T16:53:37.448Z INFO  client] Sending sample transaction 222
[2022-07-23T16:53:37.499Z INFO  client] Sending sample transaction 223
[2022-07-23T16:53:37.549Z INFO  client] Sending sample transaction 224
[2022-07-23T16:53:37.598Z INFO  client] Sending sample transaction 225
[2022-07-23T16:53:37.649Z INFO  client] Sending sample transaction 226
[2022-07-23T16:53:37.698Z INFO  client] Sending sample transaction 227
[2022-07-23T16:53:37.752Z INFO  client] Sending sample transaction 228
[2022-07-23T16:53:37.803Z INFO  client] Sending sample transaction 229
[2022-07-23T16:53:37.861Z INFO  client] Sending sample transaction 230
[2022-07-23T16:53:37.898Z INFO  client] Sending sample transaction 231
[2022-07-23T16:53:37.948Z INFO  client] Sending sample transaction 232
[2022-07-23T16:53:37.998Z INFO  client] Sending sample transaction 233
[2022-07-23T16:53:38.048Z INFO  client] Sending sample transaction 234
[2022-07-23T16:53:38.098Z INFO  client] Sending sample transaction 235
[2022-07-23T16:53:38.148Z INFO  client] Sending sample transaction 236
[2022-07-23T16:53:38.198Z INFO  client] Sending sample transaction 237
[2022-07-23T16:53:38.249Z INFO  client] Sending sample transaction 238
[2022-07-23T16:53:38.298Z INFO  client] Sending sample transaction 239
[2022-07-23T16:53:38.348Z INFO  client] Sending sample transaction 240
[2022-07-23T16:53:38.411Z INFO  client] Sending sample transaction 241
[2022-07-23T16:53:38.451Z INFO  client] Sending sample transaction 242
[2022-07-23T16:53:38.498Z INFO  client] Sending sample transaction 243
[2022-07-23T16:53:38.548Z INFO  client] Sending sample transaction 244
[2022-07-23T16:53:38.598Z INFO  client] Sending sample transaction 245
[2022-07-23T16:53:38.648Z INFO  client] Sending sample transaction 246
[2022-07-23T16:53:38.697Z INFO  client] Sending sample transaction 247
[2022-07-23T16:53:38.751Z INFO  client] Sending sample transaction 248
[2022-07-23T16:53:38.824Z INFO  client] Sending sample transaction 249
[2022-07-23T16:53:38.852Z INFO  client] Sending sample transaction 250
[2022-07-23T16:53:38.897Z INFO  client] Sending sample transaction 251
[2022-07-23T16:53:38.949Z INFO  client] Sending sample transaction 252
[2022-07-23T16:53:38.998Z INFO  client] Sending sample transaction 253
[2022-07-23T16:53:39.048Z INFO  client] Sending sample transaction 254
[2022-07-23T16:53:39.098Z INFO  client] Sending sample transaction 255
[2022-07-23T16:53:39.148Z INFO  client] Sending sample transaction 256
[2022-07-23T16:53:39.198Z INFO  client] Sending sample transaction 257
[2022-07-23T16:53:39.248Z INFO  client] Sending sample transaction 258
[2022-07-23T16:53:39.297Z INFO  client] Sending sample transaction 259
[2022-07-23T16:53:39.349Z INFO  client] Sending sample transaction 260
[2022-07-23T16:53:39.397Z INFO  client] Sending sample transaction 261
[2022-07-23T16:53:39.448Z INFO  client] Sending sample transaction 262
[2022-07-23T16:53:39.498Z INFO  client] Sending sample transaction 263
[2022-07-23T16:53:39.547Z INFO  client] Sending sample transaction 264
[2022-07-23T16:53:39.598Z INFO  client] Sending sample transaction 265
[2022-07-23T16:53:39.648Z INFO  client] Sending sample transaction 266
[2022-07-23T16:53:39.697Z INFO  client] Sending sample transaction 267
[2022-07-23T16:53:39.748Z INFO  client] Sending sample transaction 268
[2022-07-23T16:53:39.798Z INFO  client] Sending sample transaction 269
[2022-07-23T16:53:39.850Z INFO  client] Sending sample transaction 270
[2022-07-23T16:53:39.899Z INFO  client] Sending sample transaction 271
[2022-07-23T16:53:39.948Z INFO  client] Sending sample transaction 272
[2022-07-23T16:53:39.998Z INFO  client] Sending sample transaction 273
[2022-07-23T16:53:40.049Z INFO  client] Sending sample transaction 274
[2022-07-23T16:53:40.097Z INFO  client] Sending sample transaction 275
[2022-07-23T16:53:40.147Z INFO  client] Sending sample transaction 276
[2022-07-23T16:53:40.197Z INFO  client] Sending sample transaction 277
[2022-07-23T16:53:40.247Z INFO  client] Sending sample transaction 278
[2022-07-23T16:53:40.297Z INFO  client] Sending sample transaction 279
[2022-07-23T16:53:40.348Z INFO  client] Sending sample transaction 280
[2022-07-23T16:53:40.399Z INFO  client] Sending sample transaction 281
[2022-07-23T16:53:40.448Z INFO  client] Sending sample transaction 282
[2022-07-23T16:53:40.502Z INFO  client] Sending sample transaction 283
[2022-07-23T16:53:40.550Z INFO  client] Sending sample transaction 284
[2022-07-23T16:53:40.601Z INFO  client] Sending sample transaction 285
[2022-07-23T16:53:40.669Z INFO  client] Sending sample transaction 286
[2022-07-23T16:53:40.698Z INFO  client] Sending sample transaction 287
[2022-07-23T16:53:40.749Z INFO  client] Sending sample transaction 288
[2022-07-23T16:53:40.798Z INFO  client] Sending sample transaction 289
[2022-07-23T16:53:40.848Z INFO  client] Sending sample transaction 290
[2022-07-23T16:53:40.898Z INFO  client] Sending sample transaction 291
[2022-07-23T16:53:40.948Z INFO  client] Sending sample transaction 292
[2022-07-23T16:53:40.998Z INFO  client] Sending sample transaction 293
[2022-07-23T16:53:41.048Z INFO  client] Sending sample transaction 294
[2022-07-23T16:53:41.098Z INFO  client] Sending sample transaction 295
[2022-07-23T16:53:41.148Z INFO  client] Sending sample transaction 296
[2022-07-23T16:53:41.198Z INFO  client] Sending sample transaction 297
[2022-07-23T16:53:41.248Z INFO  client] Sending sample transaction 298
[2022-07-23T16:53:41.298Z INFO  client] Sending sample transaction 299
[2022-07-23T16:53:41.347Z INFO  client] Sending sample transaction 300
[2022-07-23T16:53:41.398Z INFO  client] Sending sample transaction 301
[2022-07-23T16:53:41.448Z INFO  client] Sending sample transaction 302
[2022-07-23T16:53:41.497Z INFO  client] Sending sample transaction 303
[2022-07-23T16:53:41.552Z INFO  client] Sending sample transaction 304
[2022-07-23T16:53:41.598Z INFO  client] Sending sample transaction 305
[2022-07-23T16:53:41.648Z INFO  client] Sending sample transaction 306
[2022-07-23T16:53:41.698Z INFO  client] Sending sample transaction 307
[2022-07-23T16:53:41.748Z INFO  client] Sending sample transaction 308
[2022-07-23T16:53:41.798Z INFO  client] Sending sample transaction 309
[2022-07-23T16:53:41.848Z INFO  client] Sending sample transaction 310
[2022-07-23T16:53:41.900Z INFO  client] Sending sample transaction 311
[2022-07-23T16:53:41.950Z INFO  client] Sending sample transaction 312
[2022-07-23T16:53:41.998Z INFO  client] Sending sample transaction 313
[2022-07-23T16:53:42.049Z INFO  client] Sending sample transaction 314
[2022-07-23T16:53:42.099Z INFO  client] Sending sample transaction 315
[2022-07-23T16:53:42.148Z INFO  client] Sending sample transaction 316
[2022-07-23T16:53:42.197Z INFO  client] Sending sample transaction 317
[2022-07-23T16:53:42.254Z INFO  client] Sending sample transaction 318
[2022-07-23T16:53:42.350Z INFO  client] Sending sample transaction 319
[2022-07-23T16:53:42.384Z INFO  client] Sending sample transaction 320
[2022-07-23T16:53:42.400Z INFO  client] Sending sample transaction 321
[2022-07-23T16:53:42.449Z INFO  client] Sending sample transaction 322
[2022-07-23T16:53:42.498Z INFO  client] Sending sample transaction 323
[2022-07-23T16:53:42.549Z INFO  client] Sending sample transaction 324
[2022-07-23T16:53:42.616Z INFO  client] Sending sample transaction 325
[2022-07-23T16:53:42.659Z INFO  client] Sending sample transaction 326
[2022-07-23T16:53:42.698Z INFO  client] Sending sample transaction 327
[2022-07-23T16:53:42.748Z INFO  client] Sending sample transaction 328
[2022-07-23T16:53:42.803Z INFO  client] Sending sample transaction 329
[2022-07-23T16:53:42.848Z INFO  client] Sending sample transaction 330
[2022-07-23T16:53:42.897Z INFO  client] Sending sample transaction 331
[2022-07-23T16:53:42.948Z INFO  client] Sending sample transaction 332
[2022-07-23T16:53:43.003Z INFO  client] Sending sample transaction 333
[2022-07-23T16:53:43.049Z INFO  client] Sending sample transaction 334
[2022-07-23T16:53:43.098Z INFO  client] Sending sample transaction 335
[2022-07-23T16:53:43.148Z INFO  client] Sending sample transaction 336
[2022-07-23T16:53:43.198Z INFO  client] Sending sample transaction 337
[2022-07-23T16:53:43.247Z INFO  client] Sending sample transaction 338
[2022-07-23T16:53:43.298Z INFO  client] Sending sample transaction 339
[2022-07-23T16:53:43.347Z INFO  client] Sending sample transaction 340
[2022-07-23T16:53:43.399Z INFO  client] Sending sample transaction 341
[2022-07-23T16:53:43.447Z INFO  client] Sending sample transaction 342
[2022-07-23T16:53:43.498Z INFO  client] Sending sample transaction 343
[2022-07-23T16:53:43.549Z INFO  client] Sending sample transaction 344
[2022-07-23T16:53:43.598Z INFO  client] Sending sample transaction 345
[2022-07-23T16:53:43.652Z INFO  client] Sending sample transaction 346
[2022-07-23T16:53:43.710Z INFO  client] Sending sample transaction 347
[2022-07-23T16:53:43.749Z INFO  client] Sending sample transaction 348
[2022-07-23T16:53:43.798Z INFO  client] Sending sample transaction 349
[2022-07-23T16:53:43.848Z INFO  client] Sending sample transaction 350
[2022-07-23T16:53:43.898Z INFO  client] Sending sample transaction 351
[2022-07-23T16:53:43.950Z INFO  client] Sending sample transaction 352
[2022-07-23T16:53:43.998Z INFO  client] Sending sample transaction 353
[2022-07-23T16:53:44.048Z INFO  client] Sending sample transaction 354
[2022-07-23T16:53:44.098Z INFO  client] Sending sample transaction 355
[2022-07-23T16:53:44.148Z INFO  client] Sending sample transaction 356
[2022-07-23T16:53:44.198Z INFO  client] Sending sample transaction 357
[2022-07-23T16:53:44.249Z INFO  client] Sending sample transaction 358
[2022-07-23T16:53:44.297Z INFO  client] Sending sample transaction 359
[2022-07-23T16:53:44.347Z INFO  client] Sending sample transaction 360
[2022-07-23T16:53:44.398Z INFO  client] Sending sample transaction 361
[2022-07-23T16:53:44.448Z INFO  client] Sending sample transaction 362
[2022-07-23T16:53:44.498Z INFO  client] Sending sample transaction 363
[2022-07-23T16:53:44.549Z INFO  client] Sending sample transaction 364
[2022-07-23T16:53:44.598Z INFO  client] Sending sample transaction 365
[2022-07-23T16:53:44.648Z INFO  client] Sending sample transaction 366
[2022-07-23T16:53:44.698Z INFO  client] Sending sample transaction 367
[2022-07-23T16:53:44.758Z INFO  client] Sending sample transaction 368
[2022-07-23T16:53:44.803Z INFO  client] Sending sample transaction 369
[2022-07-23T16:53:44.848Z INFO  client] Sending sample transaction 370
[2022-07-23T16:53:44.897Z INFO  client] Sending sample transaction 371
[2022-07-23T16:53:44.948Z INFO  client] Sending sample transaction 372
[2022-07-23T16:53:44.999Z INFO  client] Sending sample transaction 373
[2022-07-23T16:53:45.069Z INFO  client] Sending sample transaction 374
[2022-07-23T16:53:45.098Z INFO  client] Sending sample transaction 375
[2022-07-23T16:53:45.147Z INFO  client] Sending sample transaction 376
[2022-07-23T16:53:45.199Z INFO  client] Sending sample transaction 377
[2022-07-23T16:53:45.248Z INFO  client] Sending sample transaction 378
[2022-07-23T16:53:45.299Z INFO  client] Sending sample transaction 379
[2022-07-23T16:53:45.349Z INFO  client] Sending sample transaction 380
[2022-07-23T16:53:45.398Z INFO  client] Sending sample transaction 381
[2022-07-23T16:53:45.448Z INFO  client] Sending sample transaction 382
[2022-07-23T16:53:45.498Z INFO  client] Sending sample transaction 383
[2022-07-23T16:53:45.548Z INFO  client] Sending sample transaction 384
[2022-07-23T16:53:45.599Z INFO  client] Sending sample transaction 385
[2022-07-23T16:53:45.648Z INFO  client] Sending sample transaction 386
[2022-07-23T16:53:45.699Z INFO  client] Sending sample transaction 387
[2022-07-23T16:53:45.748Z INFO  client] Sending sample transaction 388
[2022-07-23T16:53:45.798Z INFO  client] Sending sample transaction 389
[2022-07-23T16:53:45.849Z INFO  client] Sending sample transaction 390
[2022-07-23T16:53:45.898Z INFO  client] Sending sample transaction 391
[2022-07-23T16:53:45.949Z INFO  client] Sending sample transaction 392
[2022-07-23T16:53:45.998Z INFO  client] Sending sample transaction 393
[2022-07-23T16:53:46.051Z INFO  client] Sending sample transaction 394
[2022-07-23T16:53:46.098Z INFO  client] Sending sample transaction 395
[2022-07-23T16:53:46.147Z INFO  client] Sending sample transaction 396
[2022-07-23T16:53:46.198Z INFO  client] Sending sample transaction 397
[2022-07-23T16:53:46.249Z INFO  client] Sending sample transaction 398
[2022-07-23T16:53:46.298Z INFO  client] Sending sample transaction 399
[2022-07-23T16:53:46.348Z INFO  client] Sending sample transaction 400
[2022-07-23T16:53:46.399Z INFO  client] Sending sample transaction 401
[2022-07-23T16:53:46.448Z INFO  client] Sending sample transaction 402
[2022-07-23T16:53:46.533Z INFO  client] Sending sample transaction 403
[2022-07-23T16:53:46.567Z INFO  client] Sending sample transaction 404
[2022-07-23T16:53:46.598Z INFO  client] Sending sample transaction 405
[2022-07-23T16:53:46.648Z INFO  client] Sending sample transaction 406
[2022-07-23T16:53:46.699Z INFO  client] Sending sample transaction 407
[2022-07-23T16:53:46.748Z INFO  client] Sending sample transaction 408
[2022-07-23T16:53:46.798Z INFO  client] Sending sample transaction 409
[2022-07-23T16:53:46.849Z INFO  client] Sending sample transaction 410
[2022-07-23T16:53:46.900Z INFO  client] Sending sample transaction 411
[2022-07-23T16:53:46.948Z INFO  client] Sending sample transaction 412
[2022-07-23T16:53:46.998Z INFO  client] Sending sample transaction 413
[2022-07-23T16:53:47.048Z INFO  client] Sending sample transaction 414
[2022-07-23T16:53:47.099Z INFO  client] Sending sample transaction 415
[2022-07-23T16:53:47.148Z INFO  client] Sending sample transaction 416
[2022-07-23T16:53:47.198Z INFO  client] Sending sample transaction 417
[2022-07-23T16:53:47.248Z INFO  client] Sending sample transaction 418
[2022-07-23T16:53:47.298Z INFO  client] Sending sample transaction 419
[2022-07-23T16:53:47.348Z INFO  client] Sending sample transaction 420
[2022-07-23T16:53:47.398Z INFO  client] Sending sample transaction 421
[2022-07-23T16:53:47.448Z INFO  client] Sending sample transaction 422
[2022-07-23T16:53:47.499Z INFO  client] Sending sample transaction 423
[2022-07-23T16:53:47.548Z INFO  client] Sending sample transaction 424
[2022-07-23T16:53:47.598Z INFO  client] Sending sample transaction 425
[2022-07-23T16:53:47.648Z INFO  client] Sending sample transaction 426
[2022-07-23T16:53:47.700Z INFO  client] Sending sample transaction 427
[2022-07-23T16:53:47.749Z INFO  client] Sending sample transaction 428
[2022-07-23T16:53:47.799Z INFO  client] Sending sample transaction 429
[2022-07-23T16:53:47.880Z INFO  client] Sending sample transaction 430
[2022-07-23T16:53:47.964Z INFO  client] Sending sample transaction 431
[2022-07-23T16:53:47.993Z INFO  client] Sending sample transaction 432
[2022-07-23T16:53:48.021Z INFO  client] Sending sample transaction 433
[2022-07-23T16:53:48.054Z INFO  client] Sending sample transaction 434
[2022-07-23T16:53:48.199Z INFO  client] Sending sample transaction 435
[2022-07-23T16:53:48.314Z WARN  client] Transaction rate too high for this client
[2022-07-23T16:53:48.314Z INFO  client] Sending sample transaction 436
[2022-07-23T16:53:48.315Z INFO  client] Sending sample transaction 437
[2022-07-23T16:53:48.315Z INFO  client] Sending sample transaction 438
[2022-07-23T16:53:48.316Z INFO  client] Sending sample transaction 439
[2022-07-23T16:53:48.390Z INFO  client] Sending sample transaction 440
[2022-07-23T16:53:48.417Z INFO  client] Sending sample transaction 441
[2022-07-23T16:53:48.461Z INFO  client] Sending sample transaction 442
[2022-07-23T16:53:48.508Z INFO  client] Sending sample transaction 443
[2022-07-23T16:53:48.556Z INFO  client] Sending sample transaction 444
