[2022-07-23T16:10:51.021Z INFO  client] Node address: 127.0.0.1:9018
[2022-07-23T16:10:51.021Z INFO  client] Transactions size: 512 B
[2022-07-23T16:10:51.021Z INFO  client] Transactions rate: 112 tx/s
[2022-07-23T16:10:51.021Z INFO  client] Waiting for all nodes to be online...
[2022-07-23T16:10:51.021Z INFO  client] Waiting for all nodes to be synchronized...
[2022-07-23T16:10:53.027Z INFO  client] Start sending transactions
[2022-07-23T16:10:53.029Z INFO  client] Sending sample transaction 0
[2022-07-23T16:10:53.078Z INFO  client] Sending sample transaction 1
[2022-07-23T16:10:53.129Z INFO  client] Sending sample transaction 2
[2022-07-23T16:10:53.179Z INFO  client] Sending sample transaction 3
[2022-07-23T16:10:53.229Z INFO  client] Sending sample transaction 4
[2022-07-23T16:10:53.278Z INFO  client] Sending sample transaction 5
[2022-07-23T16:10:53.329Z INFO  client] Sending sample transaction 6
[2022-07-23T16:10:53.379Z INFO  client] Sending sample transaction 7
[2022-07-23T16:10:53.430Z INFO  client] Sending sample transaction 8
[2022-07-23T16:10:53.479Z INFO  client] Sending sample transaction 9
[2022-07-23T16:10:53.529Z INFO  client] Sending sample transaction 10
[2022-07-23T16:10:53.579Z INFO  client] Sending sample transaction 11
[2022-07-23T16:10:53.629Z INFO  client] Sending sample transaction 12
[2022-07-23T16:10:53.682Z INFO  client] Sending sample transaction 13
[2022-07-23T16:10:53.731Z INFO  client] Sending sample transaction 14
[2022-07-23T16:10:53.779Z INFO  client] Sending sample transaction 15
[2022-07-23T16:10:53.829Z INFO  client] Sending sample transaction 16
[2022-07-23T16:10:53.892Z INFO  client] Sending sample transaction 17
[2022-07-23T16:10:53.932Z INFO  client] Sending sample transaction 18
[2022-07-23T16:10:53.980Z INFO  client] Sending sample transaction 19
[2022-07-23T16:10:54.027Z INFO  client] Sending sample transaction 20
[2022-07-23T16:10:54.079Z INFO  client] Sending sample transaction 21
[2022-07-23T16:10:54.130Z INFO  client] Sending sample transaction 22
[2022-07-23T16:10:54.179Z INFO  client] Sending sample transaction 23
[2022-07-23T16:10:54.230Z INFO  client] Sending sample transaction 24
[2022-07-23T16:10:54.279Z INFO  client] Sending sample transaction 25
[2022-07-23T16:10:54.329Z INFO  client] Sending sample transaction 26
[2022-07-23T16:10:54.379Z INFO  client] Sending sample transaction 27
[2022-07-23T16:10:54.429Z INFO  client] Sending sample transaction 28
[2022-07-23T16:10:54.479Z INFO  client] Sending sample transaction 29
[2022-07-23T16:10:54.528Z INFO  client] Sending sample transaction 30
[2022-07-23T16:10:54.579Z INFO  client] Sending sample transaction 31
[2022-07-23T16:10:54.632Z INFO  client] Sending sample transaction 32
[2022-07-23T16:10:54.680Z INFO  client] Sending sample transaction 33
[2022-07-23T16:10:54.730Z INFO  client] Sending sample transaction 34
[2022-07-23T16:10:54.780Z INFO  client] Sending sample transaction 35
[2022-07-23T16:10:54.829Z INFO  client] Sending sample transaction 36
[2022-07-23T16:10:54.882Z INFO  client] Sending sample transaction 37
[2022-07-23T16:10:54.929Z INFO  client] Sending sample transaction 38
[2022-07-23T16:10:54.980Z INFO  client] Sending sample transaction 39
[2022-07-23T16:10:55.028Z INFO  client] Sending sample transaction 40
[2022-07-23T16:10:55.079Z INFO  client] Sending sample transaction 41
[2022-07-23T16:10:55.128Z INFO  client] Sending sample transaction 42
[2022-07-23T16:10:55.179Z INFO  client] Sending sample transaction 43
[2022-07-23T16:10:55.228Z INFO  client] Sending sample transaction 44
[2022-07-23T16:10:55.278Z INFO  client] Sending sample transaction 45
[2022-07-23T16:10:55.328Z INFO  client] Sending sample transaction 46
[2022-07-23T16:10:55.379Z INFO  client] Sending sample transaction 47
[2022-07-23T16:10:55.428Z INFO  client] Sending sample transaction 48
[2022-07-23T16:10:55.479Z INFO  client] Sending sample transaction 49
[2022-07-23T16:10:55.528Z INFO  client] Sending sample transaction 50
[2022-07-23T16:10:55.578Z INFO  client] Sending sample transaction 51
[2022-07-23T16:10:55.628Z INFO  client] Sending sample transaction 52
[2022-07-23T16:10:55.679Z INFO  client] Sending sample transaction 53
[2022-07-23T16:10:55.729Z INFO  client] Sending sample transaction 54
[2022-07-23T16:10:55.779Z INFO  client] Sending sample transaction 55
[2022-07-23T16:10:55.829Z INFO  client] Sending sample transaction 56
[2022-07-23T16:10:55.878Z INFO  client] Sending sample transaction 57
[2022-07-23T16:10:55.929Z INFO  client] Sending sample transaction 58
[2022-07-23T16:10:56.000Z INFO  client] Sending sample transaction 59
[2022-07-23T16:10:56.055Z INFO  client] Sending sample transaction 60
[2022-07-23T16:10:56.097Z INFO  client] Sending sample transaction 61
[2022-07-23T16:10:56.132Z INFO  client] Sending sample transaction 62
[2022-07-23T16:10:56.187Z INFO  client] Sending sample transaction 63
[2022-07-23T16:10:56.229Z INFO  client] Sending sample transaction 64
[2022-07-23T16:10:56.279Z INFO  client] Sending sample transaction 65
[2022-07-23T16:10:56.329Z INFO  client] Sending sample transaction 66
[2022-07-23T16:10:56.381Z INFO  client] Sending sample transaction 67
[2022-07-23T16:10:56.429Z INFO  client] Sending sample transaction 68
[2022-07-23T16:10:56.479Z INFO  client] Sending sample transaction 69
[2022-07-23T16:10:56.529Z INFO  client] Sending sample transaction 70
[2022-07-23T16:10:56.579Z INFO  client] Sending sample transaction 71
[2022-07-23T16:10:56.629Z INFO  client] Sending sample transaction 72
[2022-07-23T16:10:56.679Z INFO  client] Sending sample transaction 73
[2022-07-23T16:10:56.729Z INFO  client] Sending sample transaction 74
[2022-07-23T16:10:56.778Z INFO  client] Sending sample transaction 75
[2022-07-23T16:10:56.828Z INFO  client] Sending sample transaction 76
[2022-07-23T16:10:56.882Z INFO  client] Sending sample transaction 77
[2022-07-23T16:10:56.929Z INFO  client] Sending sample transaction 78
[2022-07-23T16:10:56.979Z INFO  client] Sending sample transaction 79
[2022-07-23T16:10:57.028Z INFO  client] Sending sample transaction 80
[2022-07-23T16:10:57.079Z INFO  client] Sending sample transaction 81
[2022-07-23T16:10:57.128Z INFO  client] Sending sample transaction 82
[2022-07-23T16:10:57.179Z INFO  client] Sending sample transaction 83
[2022-07-23T16:10:57.228Z INFO  client] Sending sample transaction 84
[2022-07-23T16:10:57.278Z INFO  client] Sending sample transaction 85
[2022-07-23T16:10:57.328Z INFO  client] Sending sample transaction 86
[2022-07-23T16:10:57.379Z INFO  client] Sending sample transaction 87
[2022-07-23T16:10:57.429Z INFO  client] Sending sample transaction 88
[2022-07-23T16:10:57.478Z INFO  client] Sending sample transaction 89
[2022-07-23T16:10:57.529Z INFO  client] Sending sample transaction 90
[2022-07-23T16:10:57.579Z INFO  client] Sending sample transaction 91
[2022-07-23T16:10:57.629Z INFO  client] Sending sample transaction 92
[2022-07-23T16:10:57.680Z INFO  client] Sending sample transaction 93
[2022-07-23T16:10:57.728Z INFO  client] Sending sample transaction 94
[2022-07-23T16:10:57.778Z INFO  client] Sending sample transaction 95
[2022-07-23T16:10:57.829Z INFO  client] Sending sample transaction 96
[2022-07-23T16:10:57.879Z INFO  client] Sending sample transaction 97
[2022-07-23T16:10:57.929Z INFO  client] Sending sample transaction 98
[2022-07-23T16:10:57.979Z INFO  client] Sending sample transaction 99
[2022-07-23T16:10:58.028Z INFO  client] Sending sample transaction 100
[2022-07-23T16:10:58.078Z INFO  client] Sending sample transaction 101
[2022-07-23T16:10:58.128Z INFO  client] Sending sample transaction 102
[2022-07-23T16:10:58.188Z INFO  client] Sending sample transaction 103
[2022-07-23T16:10:58.232Z INFO  client] Sending sample transaction 104
[2022-07-23T16:10:58.278Z INFO  client] Sending sample transaction 105
[2022-07-23T16:10:58.328Z INFO  client] Sending sample transaction 106
[2022-07-23T16:10:58.380Z INFO  client] Sending sample transaction 107
[2022-07-23T16:10:58.429Z INFO  client] Sending sample transaction 108
[2022-07-23T16:10:58.478Z INFO  client] Sending sample transaction 109
[2022-07-23T16:10:58.528Z INFO  client] Sending sample transaction 110
[2022-07-23T16:10:58.578Z INFO  client] Sending sample transaction 111
[2022-07-23T16:10:58.629Z INFO  client] Sending sample transaction 112
[2022-07-23T16:10:58.679Z INFO  client] Sending sample transaction 113
[2022-07-23T16:10:58.729Z INFO  client] Sending sample transaction 114
[2022-07-23T16:10:58.778Z INFO  client] Sending sample transaction 115
[2022-07-23T16:10:58.828Z INFO  client] Sending sample transaction 116
[2022-07-23T16:10:58.879Z INFO  client] Sending sample transaction 117
[2022-07-23T16:10:58.930Z INFO  client] Sending sample transaction 118
[2022-07-23T16:10:58.978Z INFO  client] Sending sample transaction 119
[2022-07-23T16:10:59.029Z INFO  client] Sending sample transaction 120
[2022-07-23T16:10:59.078Z INFO  client] Sending sample transaction 121
[2022-07-23T16:10:59.128Z INFO  client] Sending sample transaction 122
[2022-07-23T16:10:59.178Z INFO  client] Sending sample transaction 123
[2022-07-23T16:10:59.228Z INFO  client] Sending sample transaction 124
[2022-07-23T16:10:59.279Z INFO  client] Sending sample transaction 125
[2022-07-23T16:10:59.329Z INFO  client] Sending sample transaction 126
[2022-07-23T16:10:59.378Z INFO  client] Sending sample transaction 127
[2022-07-23T16:10:59.428Z INFO  client] Sending sample transaction 128
[2022-07-23T16:10:59.479Z INFO  client] Sending sample transaction 129
[2022-07-23T16:10:59.528Z INFO  client] Sending sample transaction 130
[2022-07-23T16:10:59.578Z INFO  client] Sending sample transaction 131
[2022-07-23T16:10:59.628Z INFO  client] Sending sample transaction 132
[2022-07-23T16:10:59.679Z INFO  client] Sending sample transaction 133
[2022-07-23T16:10:59.728Z INFO  client] Sending sample transaction 134
[2022-07-23T16:10:59.778Z INFO  client] Sending sample transaction 135
[2022-07-23T16:10:59.828Z INFO  client] Sending sample transaction 136
[2022-07-23T16:10:59.879Z INFO  client] Sending sample transaction 137
[2022-07-23T16:10:59.929Z INFO  client] Sending sample transaction 138
[2022-07-23T16:10:59.978Z INFO  client] Sending sample transaction 139
[2022-07-23T16:11:00.029Z INFO  client] Sending sample transaction 140
[2022-07-23T16:11:00.078Z INFO  client] Sending sample transaction 141
[2022-07-23T16:11:00.128Z INFO  client] Sending sample transaction 142
[2022-07-23T16:11:00.178Z INFO  client] Sending sample transaction 143
[2022-07-23T16:11:00.229Z INFO  client] Sending sample transaction 144
[2022-07-23T16:11:00.279Z INFO  client] Sending sample transaction 145
[2022-07-23T16:11:00.336Z INFO  client] Sending sample transaction 146
[2022-07-23T16:11:00.379Z INFO  client] Sending sample transaction 147
[2022-07-23T16:11:00.428Z INFO  client] Sending sample transaction 148
[2022-07-23T16:11:00.479Z INFO  client] Sending sample transaction 149
[2022-07-23T16:11:00.528Z INFO  client] Sending sample transaction 150
[2022-07-23T16:11:00.579Z INFO  client] Sending sample transaction 151
[2022-07-23T16:11:00.629Z INFO  client] Sending sample transaction 152
[2022-07-23T16:11:00.678Z INFO  client] Sending sample transaction 153
[2022-07-23T16:11:00.729Z INFO  client] Sending sample transaction 154
[2022-07-23T16:11:00.779Z INFO  client] Sending sample transaction 155
[2022-07-23T16:11:00.829Z INFO  client] Sending sample transaction 156
[2022-07-23T16:11:00.878Z INFO  client] Sending sample transaction 157
[2022-07-23T16:11:00.929Z INFO  client] Sending sample transaction 158
[2022-07-23T16:11:00.979Z INFO  client] Sending sample transaction 159
[2022-07-23T16:11:01.028Z INFO  client] Sending sample transaction 160
[2022-07-23T16:11:01.079Z INFO  client] Sending sample transaction 161
[2022-07-23T16:11:01.128Z INFO  client] Sending sample transaction 162
[2022-07-23T16:11:01.178Z INFO  client] Sending sample transaction 163
[2022-07-23T16:11:01.228Z INFO  client] Sending sample transaction 164
[2022-07-23T16:11:01.278Z INFO  client] Sending sample transaction 165
[2022-07-23T16:11:01.328Z INFO  client] Sending sample transaction 166
[2022-07-23T16:11:01.378Z INFO  client] Sending sample transaction 167
[2022-07-23T16:11:01.429Z INFO  client] Sending sample transaction 168
[2022-07-23T16:11:01.478Z INFO  client] Sending sample transaction 169
[2022-07-23T16:11:01.529Z INFO  client] Sending sample transaction 170
[2022-07-23T16:11:01.578Z INFO  client] Sending sample transaction 171
[2022-07-23T16:11:01.629Z INFO  client] Sending sample transaction 172
[2022-07-23T16:11:01.679Z INFO  client] Sending sample transaction 173
[2022-07-23T16:11:01.728Z INFO  client] Sending sample transaction 174
[2022-07-23T16:11:01.778Z INFO  client] Sending sample transaction 175
[2022-07-23T16:11:01.829Z INFO  client] Sending sample transaction 176
[2022-07-23T16:11:01.878Z INFO  client] Sending sample transaction 177
[2022-07-23T16:11:01.928Z INFO  client] Sending sample transaction 178
[2022-07-23T16:11:01.979Z INFO  client] Sending sample transaction 179
[2022-07-23T16:11:02.028Z INFO  client] Sending sample transaction 180
[2022-07-23T16:11:02.079Z INFO  client] Sending sample transaction 181
[2022-07-23T16:11:02.129Z INFO  client] Sending sample transaction 182
[2022-07-23T16:11:02.180Z INFO  client] Sending sample transaction 183
[2022-07-23T16:11:02.228Z INFO  client] Sending sample transaction 184
[2022-07-23T16:11:02.278Z INFO  client] Sending sample transaction 185
[2022-07-23T16:11:02.328Z INFO  client] Sending sample transaction 186
[2022-07-23T16:11:02.378Z INFO  client] Sending sample transaction 187
[2022-07-23T16:11:02.430Z INFO  client] Sending sample transaction 188
[2022-07-23T16:11:02.481Z INFO  client] Sending sample transaction 189
[2022-07-23T16:11:02.529Z INFO  client] Sending sample transaction 190
[2022-07-23T16:11:02.578Z INFO  client] Sending sample transaction 191
[2022-07-23T16:11:02.628Z INFO  client] Sending sample transaction 192
[2022-07-23T16:11:02.678Z INFO  client] Sending sample transaction 193
[2022-07-23T16:11:02.729Z INFO  client] Sending sample transaction 194
[2022-07-23T16:11:02.778Z INFO  client] Sending sample transaction 195
[2022-07-23T16:11:02.829Z INFO  client] Sending sample transaction 196
[2022-07-23T16:11:02.878Z INFO  client] Sending sample transaction 197
[2022-07-23T16:11:02.929Z INFO  client] Sending sample transaction 198
[2022-07-23T16:11:02.978Z INFO  client] Sending sample transaction 199
[2022-07-23T16:11:03.028Z INFO  client] Sending sample transaction 200
[2022-07-23T16:11:03.078Z INFO  client] Sending sample transaction 201
[2022-07-23T16:11:03.129Z INFO  client] Sending sample transaction 202
[2022-07-23T16:11:03.179Z INFO  client] Sending sample transaction 203
[2022-07-23T16:11:03.228Z INFO  client] Sending sample transaction 204
[2022-07-23T16:11:03.278Z INFO  client] Sending sample transaction 205
[2022-07-23T16:11:03.328Z INFO  client] Sending sample transaction 206
[2022-07-23T16:11:03.379Z INFO  client] Sending sample transaction 207
[2022-07-23T16:11:03.429Z INFO  client] Sending sample transaction 208
[2022-07-23T16:11:03.479Z INFO  client] Sending sample transaction 209
[2022-07-23T16:11:03.528Z INFO  client] Sending sample transaction 210
[2022-07-23T16:11:03.578Z INFO  client] Sending sample transaction 211
[2022-07-23T16:11:03.628Z INFO  client] Sending sample transaction 212
[2022-07-23T16:11:03.678Z INFO  client] Sending sample transaction 213
[2022-07-23T16:11:03.729Z INFO  client] Sending sample transaction 214
[2022-07-23T16:11:03.778Z INFO  client] Sending sample transaction 215
[2022-07-23T16:11:03.829Z INFO  client] Sending sample transaction 216
[2022-07-23T16:11:03.879Z INFO  client] Sending sample transaction 217
[2022-07-23T16:11:03.929Z INFO  client] Sending sample transaction 218
[2022-07-23T16:11:03.979Z INFO  client] Sending sample transaction 219
[2022-07-23T16:11:04.028Z INFO  client] Sending sample transaction 220
[2022-07-23T16:11:04.079Z INFO  client] Sending sample transaction 221
[2022-07-23T16:11:04.128Z INFO  client] Sending sample transaction 222
[2022-07-23T16:11:04.179Z INFO  client] Sending sample transaction 223
[2022-07-23T16:11:04.229Z INFO  client] Sending sample transaction 224
[2022-07-23T16:11:04.279Z INFO  client] Sending sample transaction 225
[2022-07-23T16:11:04.329Z INFO  client] Sending sample transaction 226
[2022-07-23T16:11:04.378Z INFO  client] Sending sample transaction 227
[2022-07-23T16:11:04.429Z INFO  client] Sending sample transaction 228
[2022-07-23T16:11:04.479Z INFO  client] Sending sample transaction 229
[2022-07-23T16:11:04.544Z INFO  client] Sending sample transaction 230
[2022-07-23T16:11:04.578Z INFO  client] Sending sample transaction 231
[2022-07-23T16:11:04.628Z INFO  client] Sending sample transaction 232
[2022-07-23T16:11:04.678Z INFO  client] Sending sample transaction 233
[2022-07-23T16:11:04.728Z INFO  client] Sending sample transaction 234
[2022-07-23T16:11:04.778Z INFO  client] Sending sample transaction 235
[2022-07-23T16:11:04.828Z INFO  client] Sending sample transaction 236
[2022-07-23T16:11:04.878Z INFO  client] Sending sample transaction 237
[2022-07-23T16:11:04.929Z INFO  client] Sending sample transaction 238
[2022-07-23T16:11:04.978Z INFO  client] Sending sample transaction 239
[2022-07-23T16:11:05.028Z INFO  client] Sending sample transaction 240
[2022-07-23T16:11:05.078Z INFO  client] Sending sample transaction 241
[2022-07-23T16:11:05.128Z INFO  client] Sending sample transaction 242
[2022-07-23T16:11:05.178Z INFO  client] Sending sample transaction 243
[2022-07-23T16:11:05.229Z INFO  client] Sending sample transaction 244
[2022-07-23T16:11:05.278Z INFO  client] Sending sample transaction 245
[2022-07-23T16:11:05.329Z INFO  client] Sending sample transaction 246
[2022-07-23T16:11:05.378Z INFO  client] Sending sample transaction 247
[2022-07-23T16:11:05.428Z INFO  client] Sending sample transaction 248
[2022-07-23T16:11:05.479Z INFO  client] Sending sample transaction 249
[2022-07-23T16:11:05.528Z INFO  client] Sending sample transaction 250
[2022-07-23T16:11:05.588Z INFO  client] Sending sample transaction 251
[2022-07-23T16:11:05.629Z INFO  client] Sending sample transaction 252
[2022-07-23T16:11:05.679Z INFO  client] Sending sample transaction 253
[2022-07-23T16:11:05.728Z INFO  client] Sending sample transaction 254
[2022-07-23T16:11:05.778Z INFO  client] Sending sample transaction 255
[2022-07-23T16:11:05.828Z INFO  client] Sending sample transaction 256
[2022-07-23T16:11:05.879Z INFO  client] Sending sample transaction 257
[2022-07-23T16:11:05.928Z INFO  client] Sending sample transaction 258
[2022-07-23T16:11:05.979Z INFO  client] Sending sample transaction 259
[2022-07-23T16:11:06.029Z INFO  client] Sending sample transaction 260
[2022-07-23T16:11:06.079Z INFO  client] Sending sample transaction 261
[2022-07-23T16:11:06.128Z INFO  client] Sending sample transaction 262
[2022-07-23T16:11:06.178Z INFO  client] Sending sample transaction 263
[2022-07-23T16:11:06.228Z INFO  client] Sending sample transaction 264
[2022-07-23T16:11:06.278Z INFO  client] Sending sample transaction 265
[2022-07-23T16:11:06.328Z INFO  client] Sending sample transaction 266
[2022-07-23T16:11:06.379Z INFO  client] Sending sample transaction 267
[2022-07-23T16:11:06.429Z INFO  client] Sending sample transaction 268
[2022-07-23T16:11:06.479Z INFO  client] Sending sample transaction 269
[2022-07-23T16:11:06.529Z INFO  client] Sending sample transaction 270
[2022-07-23T16:11:06.578Z INFO  client] Sending sample transaction 271
[2022-07-23T16:11:06.642Z INFO  client] Sending sample transaction 272
[2022-07-23T16:11:06.679Z INFO  client] Sending sample transaction 273
[2022-07-23T16:11:06.729Z INFO  client] Sending sample transaction 274
[2022-07-23T16:11:06.778Z INFO  client] Sending sample transaction 275
[2022-07-23T16:11:06.828Z INFO  client] Sending sample transaction 276
[2022-07-23T16:11:06.886Z INFO  client] Sending sample transaction 277
[2022-07-23T16:11:06.928Z INFO  client] Sending sample transaction 278
[2022-07-23T16:11:06.980Z INFO  client] Sending sample transaction 279
[2022-07-23T16:11:07.028Z INFO  client] Sending sample transaction 280
[2022-07-23T16:11:07.078Z INFO  client] Sending sample transaction 281
[2022-07-23T16:11:07.129Z INFO  client] Sending sample transaction 282
[2022-07-23T16:11:07.178Z INFO  client] Sending sample transaction 283
[2022-07-23T16:11:07.229Z INFO  client] Sending sample transaction 284
[2022-07-23T16:11:07.279Z INFO  client] Sending sample transaction 285
[2022-07-23T16:11:07.329Z INFO  client] Sending sample transaction 286
[2022-07-23T16:11:07.379Z INFO  client] Sending sample transaction 287
[2022-07-23T16:11:07.430Z INFO  client] Sending sample transaction 288
[2022-07-23T16:11:07.478Z INFO  client] Sending sample transaction 289
[2022-07-23T16:11:07.528Z INFO  client] Sending sample transaction 290
[2022-07-23T16:11:07.578Z INFO  client] Sending sample transaction 291
[2022-07-23T16:11:07.629Z INFO  client] Sending sample transaction 292
[2022-07-23T16:11:07.680Z INFO  client] Sending sample transaction 293
[2022-07-23T16:11:07.728Z INFO  client] Sending sample transaction 294
[2022-07-23T16:11:07.779Z INFO  client] Sending sample transaction 295
[2022-07-23T16:11:07.829Z INFO  client] Sending sample transaction 296
[2022-07-23T16:11:07.879Z INFO  client] Sending sample transaction 297
[2022-07-23T16:11:07.928Z INFO  client] Sending sample transaction 298
[2022-07-23T16:11:07.979Z INFO  client] Sending sample transaction 299
[2022-07-23T16:11:08.028Z INFO  client] Sending sample transaction 300
[2022-07-23T16:11:08.078Z INFO  client] Sending sample transaction 301
[2022-07-23T16:11:08.129Z INFO  client] Sending sample transaction 302
[2022-07-23T16:11:08.180Z INFO  client] Sending sample transaction 303
[2022-07-23T16:11:08.228Z INFO  client] Sending sample transaction 304
[2022-07-23T16:11:08.279Z INFO  client] Sending sample transaction 305
[2022-07-23T16:11:08.328Z INFO  client] Sending sample transaction 306
[2022-07-23T16:11:08.379Z INFO  client] Sending sample transaction 307
[2022-07-23T16:11:08.433Z INFO  client] Sending sample transaction 308
[2022-07-23T16:11:08.479Z INFO  client] Sending sample transaction 309
[2022-07-23T16:11:08.529Z INFO  client] Sending sample transaction 310
[2022-07-23T16:11:08.579Z INFO  client] Sending sample transaction 311
[2022-07-23T16:11:08.629Z INFO  client] Sending sample transaction 312
[2022-07-23T16:11:08.689Z INFO  client] Sending sample transaction 313
[2022-07-23T16:11:08.734Z INFO  client] Sending sample transaction 314
[2022-07-23T16:11:08.779Z INFO  client] Sending sample transaction 315
[2022-07-23T16:11:08.828Z INFO  client] Sending sample transaction 316
[2022-07-23T16:11:08.879Z INFO  client] Sending sample transaction 317
[2022-07-23T16:11:08.928Z INFO  client] Sending sample transaction 318
[2022-07-23T16:11:08.979Z INFO  client] Sending sample transaction 319
[2022-07-23T16:11:09.028Z INFO  client] Sending sample transaction 320
[2022-07-23T16:11:09.079Z INFO  client] Sending sample transaction 321
[2022-07-23T16:11:09.128Z INFO  client] Sending sample transaction 322
[2022-07-23T16:11:09.179Z INFO  client] Sending sample transaction 323
[2022-07-23T16:11:09.228Z INFO  client] Sending sample transaction 324
[2022-07-23T16:11:09.278Z INFO  client] Sending sample transaction 325
[2022-07-23T16:11:09.329Z INFO  client] Sending sample transaction 326
[2022-07-23T16:11:09.379Z INFO  client] Sending sample transaction 327
[2022-07-23T16:11:09.429Z INFO  client] Sending sample transaction 328
[2022-07-23T16:11:09.479Z INFO  client] Sending sample transaction 329
[2022-07-23T16:11:09.529Z INFO  client] Sending sample transaction 330
[2022-07-23T16:11:09.578Z INFO  client] Sending sample transaction 331
[2022-07-23T16:11:09.629Z INFO  client] Sending sample transaction 332
[2022-07-23T16:11:09.679Z INFO  client] Sending sample transaction 333
[2022-07-23T16:11:09.729Z INFO  client] Sending sample transaction 334
[2022-07-23T16:11:09.778Z INFO  client] Sending sample transaction 335
[2022-07-23T16:11:09.829Z INFO  client] Sending sample transaction 336
[2022-07-23T16:11:09.880Z INFO  client] Sending sample transaction 337
[2022-07-23T16:11:09.928Z INFO  client] Sending sample transaction 338
[2022-07-23T16:11:09.978Z INFO  client] Sending sample transaction 339
[2022-07-23T16:11:10.029Z INFO  client] Sending sample transaction 340
[2022-07-23T16:11:10.079Z INFO  client] Sending sample transaction 341
[2022-07-23T16:11:10.128Z INFO  client] Sending sample transaction 342
[2022-07-23T16:11:10.178Z INFO  client] Sending sample transaction 343
[2022-07-23T16:11:10.228Z INFO  client] Sending sample transaction 344
[2022-07-23T16:11:10.278Z INFO  client] Sending sample transaction 345
[2022-07-23T16:11:10.328Z INFO  client] Sending sample transaction 346
[2022-07-23T16:11:10.379Z INFO  client] Sending sample transaction 347
[2022-07-23T16:11:10.428Z INFO  client] Sending sample transaction 348
[2022-07-23T16:11:10.478Z INFO  client] Sending sample transaction 349
[2022-07-23T16:11:10.528Z INFO  client] Sending sample transaction 350
[2022-07-23T16:11:10.578Z INFO  client] Sending sample transaction 351
[2022-07-23T16:11:10.628Z INFO  client] Sending sample transaction 352
[2022-07-23T16:11:10.678Z INFO  client] Sending sample transaction 353
[2022-07-23T16:11:10.729Z INFO  client] Sending sample transaction 354
[2022-07-23T16:11:10.785Z INFO  client] Sending sample transaction 355
[2022-07-23T16:11:10.831Z INFO  client] Sending sample transaction 356
[2022-07-23T16:11:10.879Z INFO  client] Sending sample transaction 357
[2022-07-23T16:11:10.928Z INFO  client] Sending sample transaction 358
[2022-07-23T16:11:10.979Z INFO  client] Sending sample transaction 359
[2022-07-23T16:11:11.028Z INFO  client] Sending sample transaction 360
[2022-07-23T16:11:11.079Z INFO  client] Sending sample transaction 361
[2022-07-23T16:11:11.129Z INFO  client] Sending sample transaction 362
[2022-07-23T16:11:11.179Z INFO  client] Sending sample transaction 363
[2022-07-23T16:11:11.229Z INFO  client] Sending sample transaction 364
[2022-07-23T16:11:11.278Z INFO  client] Sending sample transaction 365
[2022-07-23T16:11:11.329Z INFO  client] Sending sample transaction 366
[2022-07-23T16:11:11.378Z INFO  client] Sending sample transaction 367
[2022-07-23T16:11:11.429Z INFO  client] Sending sample transaction 368
[2022-07-23T16:11:11.480Z INFO  client] Sending sample transaction 369
[2022-07-23T16:11:11.528Z INFO  client] Sending sample transaction 370
[2022-07-23T16:11:11.578Z INFO  client] Sending sample transaction 371
[2022-07-23T16:11:11.629Z INFO  client] Sending sample transaction 372
[2022-07-23T16:11:11.679Z INFO  client] Sending sample transaction 373
[2022-07-23T16:11:11.729Z INFO  client] Sending sample transaction 374
[2022-07-23T16:11:11.780Z INFO  client] Sending sample transaction 375
[2022-07-23T16:11:11.828Z INFO  client] Sending sample transaction 376
[2022-07-23T16:11:11.878Z INFO  client] Sending sample transaction 377
[2022-07-23T16:11:11.928Z INFO  client] Sending sample transaction 378
[2022-07-23T16:11:11.978Z INFO  client] Sending sample transaction 379
[2022-07-23T16:11:12.029Z INFO  client] Sending sample transaction 380
[2022-07-23T16:11:12.079Z INFO  client] Sending sample transaction 381
[2022-07-23T16:11:12.128Z INFO  client] Sending sample transaction 382
[2022-07-23T16:11:12.179Z INFO  client] Sending sample transaction 383
[2022-07-23T16:11:12.228Z INFO  client] Sending sample transaction 384
[2022-07-23T16:11:12.278Z INFO  client] Sending sample transaction 385
[2022-07-23T16:11:12.330Z INFO  client] Sending sample transaction 386
[2022-07-23T16:11:12.378Z INFO  client] Sending sample transaction 387
[2022-07-23T16:11:12.428Z INFO  client] Sending sample transaction 388
[2022-07-23T16:11:12.479Z INFO  client] Sending sample transaction 389
[2022-07-23T16:11:12.529Z INFO  client] Sending sample transaction 390
[2022-07-23T16:11:12.578Z INFO  client] Sending sample transaction 391
[2022-07-23T16:11:12.629Z INFO  client] Sending sample transaction 392
[2022-07-23T16:11:12.679Z INFO  client] Sending sample transaction 393
[2022-07-23T16:11:12.729Z INFO  client] Sending sample transaction 394
[2022-07-23T16:11:12.778Z INFO  client] Sending sample transaction 395
[2022-07-23T16:11:12.828Z INFO  client] Sending sample transaction 396
[2022-07-23T16:11:12.886Z INFO  client] Sending sample transaction 397
[2022-07-23T16:11:12.933Z INFO  client] Sending sample transaction 398
[2022-07-23T16:11:12.979Z INFO  client] Sending sample transaction 399
[2022-07-23T16:11:13.028Z INFO  client] Sending sample transaction 400
[2022-07-23T16:11:13.078Z INFO  client] Sending sample transaction 401
[2022-07-23T16:11:13.129Z INFO  client] Sending sample transaction 402
[2022-07-23T16:11:13.178Z INFO  client] Sending sample transaction 403
[2022-07-23T16:11:13.229Z INFO  client] Sending sample transaction 404
[2022-07-23T16:11:13.278Z INFO  client] Sending sample transaction 405
[2022-07-23T16:11:13.329Z INFO  client] Sending sample transaction 406
[2022-07-23T16:11:13.378Z INFO  client] Sending sample transaction 407
[2022-07-23T16:11:13.428Z INFO  client] Sending sample transaction 408
[2022-07-23T16:11:13.478Z INFO  client] Sending sample transaction 409
[2022-07-23T16:11:13.529Z INFO  client] Sending sample transaction 410
[2022-07-23T16:11:13.579Z INFO  client] Sending sample transaction 411
[2022-07-23T16:11:13.629Z INFO  client] Sending sample transaction 412
[2022-07-23T16:11:13.679Z INFO  client] Sending sample transaction 413
[2022-07-23T16:11:13.733Z INFO  client] Sending sample transaction 414
[2022-07-23T16:11:13.779Z INFO  client] Sending sample transaction 415
[2022-07-23T16:11:13.828Z INFO  client] Sending sample transaction 416
[2022-07-23T16:11:13.879Z INFO  client] Sending sample transaction 417
[2022-07-23T16:11:13.928Z INFO  client] Sending sample transaction 418
[2022-07-23T16:11:13.981Z INFO  client] Sending sample transaction 419
[2022-07-23T16:11:14.028Z INFO  client] Sending sample transaction 420
[2022-07-23T16:11:14.080Z INFO  client] Sending sample transaction 421
[2022-07-23T16:11:14.129Z INFO  client] Sending sample transaction 422
[2022-07-23T16:11:14.181Z INFO  client] Sending sample transaction 423
[2022-07-23T16:11:14.234Z INFO  client] Sending sample transaction 424
[2022-07-23T16:11:14.279Z INFO  client] Sending sample transaction 425
[2022-07-23T16:11:14.329Z INFO  client] Sending sample transaction 426
