[2022-07-23T18:02:26.301Z INFO  client] Node address: 127.0.0.1:9013
[2022-07-23T18:02:26.301Z INFO  client] Transactions size: 512 B
[2022-07-23T18:02:26.301Z INFO  client] Transactions rate: 112 tx/s
[2022-07-23T18:02:26.301Z INFO  client] Waiting for all nodes to be online...
[2022-07-23T18:02:26.301Z INFO  client] Waiting for all nodes to be synchronized...
[2022-07-23T18:02:28.318Z INFO  client] Start sending transactions
[2022-07-23T18:02:28.320Z INFO  client] Sending sample transaction 0
[2022-07-23T18:02:28.373Z INFO  client] Sending sample transaction 1
[2022-07-23T18:02:28.421Z INFO  client] Sending sample transaction 2
[2022-07-23T18:02:28.470Z INFO  client] Sending sample transaction 3
[2022-07-23T18:02:28.521Z INFO  client] Sending sample transaction 4
[2022-07-23T18:02:28.575Z INFO  client] Sending sample transaction 5
[2022-07-23T18:02:28.713Z INFO  client] Sending sample transaction 6
[2022-07-23T18:02:28.715Z INFO  client] Sending sample transaction 7
[2022-07-23T18:02:28.765Z INFO  client] Sending sample transaction 8
[2022-07-23T18:02:28.826Z INFO  client] Sending sample transaction 9
[2022-07-23T18:02:28.953Z INFO  client] Sending sample transaction 10
[2022-07-23T18:02:29.047Z WARN  client] Transaction rate too high for this client
[2022-07-23T18:02:29.080Z INFO  client] Sending sample transaction 11
[2022-07-23T18:02:29.081Z INFO  client] Sending sample transaction 12
[2022-07-23T18:02:29.115Z INFO  client] Sending sample transaction 13
[2022-07-23T18:02:29.116Z INFO  client] Sending sample transaction 14
[2022-07-23T18:02:29.142Z INFO  client] Sending sample transaction 15
[2022-07-23T18:02:29.175Z INFO  client] Sending sample transaction 16
[2022-07-23T18:02:29.203Z INFO  client] Sending sample transaction 17
[2022-07-23T18:02:29.234Z INFO  client] Sending sample transaction 18
[2022-07-23T18:02:29.295Z INFO  client] Sending sample transaction 19
[2022-07-23T18:02:29.344Z INFO  client] Sending sample transaction 20
[2022-07-23T18:02:29.389Z INFO  client] Sending sample transaction 21
[2022-07-23T18:02:29.428Z INFO  client] Sending sample transaction 22
[2022-07-23T18:02:29.472Z INFO  client] Sending sample transaction 23
[2022-07-23T18:02:29.521Z INFO  client] Sending sample transaction 24
[2022-07-23T18:02:29.569Z INFO  client] Sending sample transaction 25
[2022-07-23T18:02:29.634Z INFO  client] Sending sample transaction 26
[2022-07-23T18:02:29.671Z INFO  client] Sending sample transaction 27
[2022-07-23T18:02:29.727Z INFO  client] Sending sample transaction 28
[2022-07-23T18:02:29.773Z INFO  client] Sending sample transaction 29
[2022-07-23T18:02:29.846Z INFO  client] Sending sample transaction 30
[2022-07-23T18:02:29.871Z INFO  client] Sending sample transaction 31
[2022-07-23T18:02:29.927Z INFO  client] Sending sample transaction 32
[2022-07-23T18:02:29.976Z INFO  client] Sending sample transaction 33
[2022-07-23T18:02:30.023Z INFO  client] Sending sample transaction 34
[2022-07-23T18:02:30.069Z INFO  client] Sending sample transaction 35
[2022-07-23T18:02:30.119Z INFO  client] Sending sample transaction 36
[2022-07-23T18:02:30.172Z INFO  client] Sending sample transaction 37
[2022-07-23T18:02:30.221Z INFO  client] Sending sample transaction 38
[2022-07-23T18:02:30.270Z INFO  client] Sending sample transaction 39
[2022-07-23T18:02:30.319Z INFO  client] Sending sample transaction 40
[2022-07-23T18:02:30.370Z INFO  client] Sending sample transaction 41
[2022-07-23T18:02:30.423Z INFO  client] Sending sample transaction 42
[2022-07-23T18:02:30.470Z INFO  client] Sending sample transaction 43
[2022-07-23T18:02:30.520Z INFO  client] Sending sample transaction 44
[2022-07-23T18:02:30.570Z INFO  client] Sending sample transaction 45
[2022-07-23T18:02:30.619Z INFO  client] Sending sample transaction 46
[2022-07-23T18:02:30.711Z INFO  client] Sending sample transaction 47
[2022-07-23T18:02:30.749Z INFO  client] Sending sample transaction 48
[2022-07-23T18:02:30.785Z INFO  client] Sending sample transaction 49
[2022-07-23T18:02:30.838Z INFO  client] Sending sample transaction 50
[2022-07-23T18:02:30.927Z INFO  client] Sending sample transaction 51
[2022-07-23T18:02:30.953Z INFO  client] Sending sample transaction 52
[2022-07-23T18:02:30.995Z INFO  client] Sending sample transaction 53
[2022-07-23T18:02:31.031Z INFO  client] Sending sample transaction 54
[2022-07-23T18:02:31.070Z INFO  client] Sending sample transaction 55
[2022-07-23T18:02:31.120Z INFO  client] Sending sample transaction 56
[2022-07-23T18:02:31.186Z INFO  client] Sending sample transaction 57
[2022-07-23T18:02:31.223Z INFO  client] Sending sample transaction 58
[2022-07-23T18:02:31.274Z INFO  client] Sending sample transaction 59
[2022-07-23T18:02:31.319Z INFO  client] Sending sample transaction 60
[2022-07-23T18:02:31.432Z INFO  client] Sending sample transaction 61
[2022-07-23T18:02:31.533Z WARN  client] Transaction rate too high for this client
[2022-07-23T18:02:31.534Z INFO  client] Sending sample transaction 62
[2022-07-23T18:02:31.538Z INFO  client] Sending sample transaction 63
[2022-07-23T18:02:31.551Z INFO  client] Sending sample transaction 64
[2022-07-23T18:02:31.581Z INFO  client] Sending sample transaction 65
[2022-07-23T18:02:31.620Z INFO  client] Sending sample transaction 66
[2022-07-23T18:02:31.670Z INFO  client] Sending sample transaction 67
[2022-07-23T18:02:31.720Z INFO  client] Sending sample transaction 68
[2022-07-23T18:02:31.770Z INFO  client] Sending sample transaction 69
[2022-07-23T18:02:31.819Z INFO  client] Sending sample transaction 70
[2022-07-23T18:02:31.870Z INFO  client] Sending sample transaction 71
[2022-07-23T18:02:31.920Z INFO  client] Sending sample transaction 72
[2022-07-23T18:02:31.970Z INFO  client] Sending sample transaction 73
[2022-07-23T18:02:32.025Z INFO  client] Sending sample transaction 74
[2022-07-23T18:02:32.069Z INFO  client] Sending sample transaction 75
[2022-07-23T18:02:32.129Z INFO  client] Sending sample transaction 76
[2022-07-23T18:02:32.170Z INFO  client] Sending sample transaction 77
[2022-07-23T18:02:32.220Z INFO  client] Sending sample transaction 78
[2022-07-23T18:02:32.269Z INFO  client] Sending sample transaction 79
[2022-07-23T18:02:32.320Z INFO  client] Sending sample transaction 80
[2022-07-23T18:02:32.370Z INFO  client] Sending sample transaction 81
[2022-07-23T18:02:32.463Z INFO  client] Sending sample transaction 82
[2022-07-23T18:02:32.506Z INFO  client] Sending sample transaction 83
[2022-07-23T18:02:32.532Z INFO  client] Sending sample transaction 84
[2022-07-23T18:02:32.607Z INFO  client] Sending sample transaction 85
[2022-07-23T18:02:32.623Z INFO  client] Sending sample transaction 86
[2022-07-23T18:02:32.670Z INFO  client] Sending sample transaction 87
[2022-07-23T18:02:32.719Z INFO  client] Sending sample transaction 88
[2022-07-23T18:02:32.770Z INFO  client] Sending sample transaction 89
[2022-07-23T18:02:32.821Z INFO  client] Sending sample transaction 90
[2022-07-23T18:02:32.874Z INFO  client] Sending sample transaction 91
[2022-07-23T18:02:32.921Z INFO  client] Sending sample transaction 92
[2022-07-23T18:02:32.970Z INFO  client] Sending sample transaction 93
[2022-07-23T18:02:33.020Z INFO  client] Sending sample transaction 94
[2022-07-23T18:02:33.069Z INFO  client] Sending sample transaction 95
[2022-07-23T18:02:33.126Z INFO  client] Sending sample transaction 96
[2022-07-23T18:02:33.187Z INFO  client] Sending sample transaction 97
[2022-07-23T18:02:33.228Z INFO  client] Sending sample transaction 98
[2022-07-23T18:02:33.269Z INFO  client] Sending sample transaction 99
[2022-07-23T18:02:33.320Z INFO  client] Sending sample transaction 100
[2022-07-23T18:02:33.369Z INFO  client] Sending sample transaction 101
[2022-07-23T18:02:33.420Z INFO  client] Sending sample transaction 102
[2022-07-23T18:02:33.470Z INFO  client] Sending sample transaction 103
[2022-07-23T18:02:33.520Z INFO  client] Sending sample transaction 104
[2022-07-23T18:02:33.570Z INFO  client] Sending sample transaction 105
[2022-07-23T18:02:33.619Z INFO  client] Sending sample transaction 106
[2022-07-23T18:02:33.669Z INFO  client] Sending sample transaction 107
[2022-07-23T18:02:33.720Z INFO  client] Sending sample transaction 108
[2022-07-23T18:02:33.790Z INFO  client] Sending sample transaction 109
[2022-07-23T18:02:33.823Z INFO  client] Sending sample transaction 110
[2022-07-23T18:02:33.915Z INFO  client] Sending sample transaction 111
[2022-07-23T18:02:33.951Z INFO  client] Sending sample transaction 112
[2022-07-23T18:02:33.970Z INFO  client] Sending sample transaction 113
[2022-07-23T18:02:34.019Z INFO  client] Sending sample transaction 114
[2022-07-23T18:02:34.070Z INFO  client] Sending sample transaction 115
[2022-07-23T18:02:34.119Z INFO  client] Sending sample transaction 116
[2022-07-23T18:02:34.170Z INFO  client] Sending sample transaction 117
[2022-07-23T18:02:34.219Z INFO  client] Sending sample transaction 118
[2022-07-23T18:02:34.277Z INFO  client] Sending sample transaction 119
[2022-07-23T18:02:34.319Z INFO  client] Sending sample transaction 120
[2022-07-23T18:02:34.370Z INFO  client] Sending sample transaction 121
[2022-07-23T18:02:34.420Z INFO  client] Sending sample transaction 122
[2022-07-23T18:02:34.470Z INFO  client] Sending sample transaction 123
[2022-07-23T18:02:34.519Z INFO  client] Sending sample transaction 124
[2022-07-23T18:02:34.570Z INFO  client] Sending sample transaction 125
[2022-07-23T18:02:34.620Z INFO  client] Sending sample transaction 126
[2022-07-23T18:02:34.669Z INFO  client] Sending sample transaction 127
[2022-07-23T18:02:34.720Z INFO  client] Sending sample transaction 128
[2022-07-23T18:02:34.770Z INFO  client] Sending sample transaction 129
[2022-07-23T18:02:34.820Z INFO  client] Sending sample transaction 130
[2022-07-23T18:02:34.870Z INFO  client] Sending sample transaction 131
[2022-07-23T18:02:34.919Z INFO  client] Sending sample transaction 132
[2022-07-23T18:02:34.969Z INFO  client] Sending sample transaction 133
[2022-07-23T18:02:35.019Z INFO  client] Sending sample transaction 134
[2022-07-23T18:02:35.069Z INFO  client] Sending sample transaction 135
[2022-07-23T18:02:35.120Z INFO  client] Sending sample transaction 136
[2022-07-23T18:02:35.170Z INFO  client] Sending sample transaction 137
[2022-07-23T18:02:35.219Z INFO  client] Sending sample transaction 138
[2022-07-23T18:02:35.269Z INFO  client] Sending sample transaction 139
[2022-07-23T18:02:35.328Z INFO  client] Sending sample transaction 140
[2022-07-23T18:02:35.369Z INFO  client] Sending sample transaction 141
[2022-07-23T18:02:35.420Z INFO  client] Sending sample transaction 142
[2022-07-23T18:02:35.470Z INFO  client] Sending sample transaction 143
[2022-07-23T18:02:35.522Z INFO  client] Sending sample transaction 144
[2022-07-23T18:02:35.577Z INFO  client] Sending sample transaction 145
[2022-07-23T18:02:35.636Z INFO  client] Sending sample transaction 146
[2022-07-23T18:02:35.686Z INFO  client] Sending sample transaction 147
[2022-07-23T18:02:35.720Z INFO  client] Sending sample transaction 148
[2022-07-23T18:02:35.769Z INFO  client] Sending sample transaction 149
[2022-07-23T18:02:35.820Z INFO  client] Sending sample transaction 150
[2022-07-23T18:02:35.870Z INFO  client] Sending sample transaction 151
[2022-07-23T18:02:35.920Z INFO  client] Sending sample transaction 152
[2022-07-23T18:02:35.969Z INFO  client] Sending sample transaction 153
[2022-07-23T18:02:36.020Z INFO  client] Sending sample transaction 154
[2022-07-23T18:02:36.070Z INFO  client] Sending sample transaction 155
[2022-07-23T18:02:36.120Z INFO  client] Sending sample transaction 156
[2022-07-23T18:02:36.170Z INFO  client] Sending sample transaction 157
[2022-07-23T18:02:36.219Z INFO  client] Sending sample transaction 158
[2022-07-23T18:02:36.270Z INFO  client] Sending sample transaction 159
[2022-07-23T18:02:36.320Z INFO  client] Sending sample transaction 160
[2022-07-23T18:02:36.375Z INFO  client] Sending sample transaction 161
[2022-07-23T18:02:36.420Z INFO  client] Sending sample transaction 162
[2022-07-23T18:02:36.470Z INFO  client] Sending sample transaction 163
[2022-07-23T18:02:36.520Z INFO  client] Sending sample transaction 164
[2022-07-23T18:02:36.570Z INFO  client] Sending sample transaction 165
[2022-07-23T18:02:36.651Z INFO  client] Sending sample transaction 166
[2022-07-23T18:02:36.689Z INFO  client] Sending sample transaction 167
[2022-07-23T18:02:36.738Z INFO  client] Sending sample transaction 168
[2022-07-23T18:02:36.769Z INFO  client] Sending sample transaction 169
[2022-07-23T18:02:36.819Z INFO  client] Sending sample transaction 170
[2022-07-23T18:02:36.869Z INFO  client] Sending sample transaction 171
[2022-07-23T18:02:36.920Z INFO  client] Sending sample transaction 172
[2022-07-23T18:02:36.969Z INFO  client] Sending sample transaction 173
[2022-07-23T18:02:37.020Z INFO  client] Sending sample transaction 174
[2022-07-23T18:02:37.069Z INFO  client] Sending sample transaction 175
[2022-07-23T18:02:37.120Z INFO  client] Sending sample transaction 176
[2022-07-23T18:02:37.170Z INFO  client] Sending sample transaction 177
[2022-07-23T18:02:37.219Z INFO  client] Sending sample transaction 178
[2022-07-23T18:02:37.270Z INFO  client] Sending sample transaction 179
[2022-07-23T18:02:37.320Z INFO  client] Sending sample transaction 180
[2022-07-23T18:02:37.369Z INFO  client] Sending sample transaction 181
[2022-07-23T18:02:37.424Z INFO  client] Sending sample transaction 182
[2022-07-23T18:02:37.470Z INFO  client] Sending sample transaction 183
[2022-07-23T18:02:37.520Z INFO  client] Sending sample transaction 184
[2022-07-23T18:02:37.569Z INFO  client] Sending sample transaction 185
[2022-07-23T18:02:37.619Z INFO  client] Sending sample transaction 186
[2022-07-23T18:02:37.669Z INFO  client] Sending sample transaction 187
[2022-07-23T18:02:37.720Z INFO  client] Sending sample transaction 188
[2022-07-23T18:02:37.769Z INFO  client] Sending sample transaction 189
[2022-07-23T18:02:37.839Z INFO  client] Sending sample transaction 190
[2022-07-23T18:02:37.896Z INFO  client] Sending sample transaction 191
[2022-07-23T18:02:37.950Z INFO  client] Sending sample transaction 192
[2022-07-23T18:02:37.971Z INFO  client] Sending sample transaction 193
[2022-07-23T18:02:38.019Z INFO  client] Sending sample transaction 194
[2022-07-23T18:02:38.070Z INFO  client] Sending sample transaction 195
[2022-07-23T18:02:38.120Z INFO  client] Sending sample transaction 196
[2022-07-23T18:02:38.169Z INFO  client] Sending sample transaction 197
[2022-07-23T18:02:38.219Z INFO  client] Sending sample transaction 198
[2022-07-23T18:02:38.270Z INFO  client] Sending sample transaction 199
[2022-07-23T18:02:38.319Z INFO  client] Sending sample transaction 200
[2022-07-23T18:02:38.369Z INFO  client] Sending sample transaction 201
[2022-07-23T18:02:38.419Z INFO  client] Sending sample transaction 202
[2022-07-23T18:02:38.486Z INFO  client] Sending sample transaction 203
[2022-07-23T18:02:38.519Z INFO  client] Sending sample transaction 204
[2022-07-23T18:02:38.569Z INFO  client] Sending sample transaction 205
[2022-07-23T18:02:38.620Z INFO  client] Sending sample transaction 206
[2022-07-23T18:02:38.670Z INFO  client] Sending sample transaction 207
[2022-07-23T18:02:38.720Z INFO  client] Sending sample transaction 208
[2022-07-23T18:02:38.770Z INFO  client] Sending sample transaction 209
[2022-07-23T18:02:38.820Z INFO  client] Sending sample transaction 210
[2022-07-23T18:02:38.869Z INFO  client] Sending sample transaction 211
[2022-07-23T18:02:38.920Z INFO  client] Sending sample transaction 212
[2022-07-23T18:02:38.969Z INFO  client] Sending sample transaction 213
[2022-07-23T18:02:39.020Z INFO  client] Sending sample transaction 214
[2022-07-23T18:02:39.070Z INFO  client] Sending sample transaction 215
[2022-07-23T18:02:39.119Z INFO  client] Sending sample transaction 216
[2022-07-23T18:02:39.170Z INFO  client] Sending sample transaction 217
[2022-07-23T18:02:39.219Z INFO  client] Sending sample transaction 218
[2022-07-23T18:02:39.269Z INFO  client] Sending sample transaction 219
[2022-07-23T18:02:39.320Z INFO  client] Sending sample transaction 220
[2022-07-23T18:02:39.370Z INFO  client] Sending sample transaction 221
[2022-07-23T18:02:39.420Z INFO  client] Sending sample transaction 222
[2022-07-23T18:02:39.470Z INFO  client] Sending sample transaction 223
[2022-07-23T18:02:39.525Z INFO  client] Sending sample transaction 224
[2022-07-23T18:02:39.570Z INFO  client] Sending sample transaction 225
[2022-07-23T18:02:39.620Z INFO  client] Sending sample transaction 226
[2022-07-23T18:02:39.670Z INFO  client] Sending sample transaction 227
[2022-07-23T18:02:39.721Z INFO  client] Sending sample transaction 228
[2022-07-23T18:02:39.772Z INFO  client] Sending sample transaction 229
[2022-07-23T18:02:39.819Z INFO  client] Sending sample transaction 230
[2022-07-23T18:02:39.870Z INFO  client] Sending sample transaction 231
[2022-07-23T18:02:39.919Z INFO  client] Sending sample transaction 232
[2022-07-23T18:02:39.969Z INFO  client] Sending sample transaction 233
[2022-07-23T18:02:40.020Z INFO  client] Sending sample transaction 234
[2022-07-23T18:02:40.069Z INFO  client] Sending sample transaction 235
[2022-07-23T18:02:40.120Z INFO  client] Sending sample transaction 236
[2022-07-23T18:02:40.170Z INFO  client] Sending sample transaction 237
[2022-07-23T18:02:40.220Z INFO  client] Sending sample transaction 238
[2022-07-23T18:02:40.269Z INFO  client] Sending sample transaction 239
[2022-07-23T18:02:40.319Z INFO  client] Sending sample transaction 240
[2022-07-23T18:02:40.370Z INFO  client] Sending sample transaction 241
[2022-07-23T18:02:40.419Z INFO  client] Sending sample transaction 242
[2022-07-23T18:02:40.470Z INFO  client] Sending sample transaction 243
[2022-07-23T18:02:40.555Z INFO  client] Sending sample transaction 244
[2022-07-23T18:02:40.594Z INFO  client] Sending sample transaction 245
[2022-07-23T18:02:40.663Z INFO  client] Sending sample transaction 246
[2022-07-23T18:02:40.685Z INFO  client] Sending sample transaction 247
[2022-07-23T18:02:40.719Z INFO  client] Sending sample transaction 248
[2022-07-23T18:02:40.771Z INFO  client] Sending sample transaction 249
[2022-07-23T18:02:40.819Z INFO  client] Sending sample transaction 250
[2022-07-23T18:02:40.870Z INFO  client] Sending sample transaction 251
[2022-07-23T18:02:40.920Z INFO  client] Sending sample transaction 252
[2022-07-23T18:02:40.970Z INFO  client] Sending sample transaction 253
[2022-07-23T18:02:41.020Z INFO  client] Sending sample transaction 254
[2022-07-23T18:02:41.069Z INFO  client] Sending sample transaction 255
[2022-07-23T18:02:41.119Z INFO  client] Sending sample transaction 256
[2022-07-23T18:02:41.170Z INFO  client] Sending sample transaction 257
[2022-07-23T18:02:41.220Z INFO  client] Sending sample transaction 258
[2022-07-23T18:02:41.270Z INFO  client] Sending sample transaction 259
[2022-07-23T18:02:41.319Z INFO  client] Sending sample transaction 260
[2022-07-23T18:02:41.370Z INFO  client] Sending sample transaction 261
[2022-07-23T18:02:41.420Z INFO  client] Sending sample transaction 262
[2022-07-23T18:02:41.470Z INFO  client] Sending sample transaction 263
[2022-07-23T18:02:41.519Z INFO  client] Sending sample transaction 264
[2022-07-23T18:02:41.570Z INFO  client] Sending sample transaction 265
[2022-07-23T18:02:41.625Z INFO  client] Sending sample transaction 266
[2022-07-23T18:02:41.669Z INFO  client] Sending sample transaction 267
[2022-07-23T18:02:41.719Z INFO  client] Sending sample transaction 268
[2022-07-23T18:02:41.770Z INFO  client] Sending sample transaction 269
[2022-07-23T18:02:41.819Z INFO  client] Sending sample transaction 270
[2022-07-23T18:02:41.870Z INFO  client] Sending sample transaction 271
[2022-07-23T18:02:41.920Z INFO  client] Sending sample transaction 272
[2022-07-23T18:02:41.971Z INFO  client] Sending sample transaction 273
[2022-07-23T18:02:42.021Z INFO  client] Sending sample transaction 274
[2022-07-23T18:02:42.070Z INFO  client] Sending sample transaction 275
[2022-07-23T18:02:42.120Z INFO  client] Sending sample transaction 276
[2022-07-23T18:02:42.169Z INFO  client] Sending sample transaction 277
[2022-07-23T18:02:42.220Z INFO  client] Sending sample transaction 278
[2022-07-23T18:02:42.269Z INFO  client] Sending sample transaction 279
[2022-07-23T18:02:42.320Z INFO  client] Sending sample transaction 280
[2022-07-23T18:02:42.369Z INFO  client] Sending sample transaction 281
[2022-07-23T18:02:42.419Z INFO  client] Sending sample transaction 282
[2022-07-23T18:02:42.469Z INFO  client] Sending sample transaction 283
[2022-07-23T18:02:42.519Z INFO  client] Sending sample transaction 284
[2022-07-23T18:02:42.569Z INFO  client] Sending sample transaction 285
[2022-07-23T18:02:42.620Z INFO  client] Sending sample transaction 286
[2022-07-23T18:02:42.669Z INFO  client] Sending sample transaction 287
[2022-07-23T18:02:42.720Z INFO  client] Sending sample transaction 288
[2022-07-23T18:02:42.770Z INFO  client] Sending sample transaction 289
[2022-07-23T18:02:42.819Z INFO  client] Sending sample transaction 290
[2022-07-23T18:02:42.869Z INFO  client] Sending sample transaction 291
[2022-07-23T18:02:42.919Z INFO  client] Sending sample transaction 292
[2022-07-23T18:02:42.970Z INFO  client] Sending sample transaction 293
[2022-07-23T18:02:43.020Z INFO  client] Sending sample transaction 294
[2022-07-23T18:02:43.070Z INFO  client] Sending sample transaction 295
[2022-07-23T18:02:43.119Z INFO  client] Sending sample transaction 296
[2022-07-23T18:02:43.171Z INFO  client] Sending sample transaction 297
[2022-07-23T18:02:43.221Z INFO  client] Sending sample transaction 298
[2022-07-23T18:02:43.269Z INFO  client] Sending sample transaction 299
[2022-07-23T18:02:43.322Z INFO  client] Sending sample transaction 300
[2022-07-23T18:02:43.370Z INFO  client] Sending sample transaction 301
[2022-07-23T18:02:43.420Z INFO  client] Sending sample transaction 302
[2022-07-23T18:02:43.469Z INFO  client] Sending sample transaction 303
[2022-07-23T18:02:43.519Z INFO  client] Sending sample transaction 304
[2022-07-23T18:02:43.570Z INFO  client] Sending sample transaction 305
[2022-07-23T18:02:43.619Z INFO  client] Sending sample transaction 306
[2022-07-23T18:02:43.670Z INFO  client] Sending sample transaction 307
[2022-07-23T18:02:43.731Z INFO  client] Sending sample transaction 308
[2022-07-23T18:02:43.770Z INFO  client] Sending sample transaction 309
[2022-07-23T18:02:43.819Z INFO  client] Sending sample transaction 310
[2022-07-23T18:02:43.869Z INFO  client] Sending sample transaction 311
[2022-07-23T18:02:43.920Z INFO  client] Sending sample transaction 312
[2022-07-23T18:02:43.969Z INFO  client] Sending sample transaction 313
[2022-07-23T18:02:44.020Z INFO  client] Sending sample transaction 314
[2022-07-23T18:02:44.069Z INFO  client] Sending sample transaction 315
[2022-07-23T18:02:44.119Z INFO  client] Sending sample transaction 316
[2022-07-23T18:02:44.170Z INFO  client] Sending sample transaction 317
[2022-07-23T18:02:44.220Z INFO  client] Sending sample transaction 318
[2022-07-23T18:02:44.269Z INFO  client] Sending sample transaction 319
[2022-07-23T18:02:44.319Z INFO  client] Sending sample transaction 320
[2022-07-23T18:02:44.429Z INFO  client] Sending sample transaction 321
[2022-07-23T18:02:44.440Z INFO  client] Sending sample transaction 322
[2022-07-23T18:02:44.480Z INFO  client] Sending sample transaction 323
[2022-07-23T18:02:44.548Z INFO  client] Sending sample transaction 324
[2022-07-23T18:02:44.569Z INFO  client] Sending sample transaction 325
[2022-07-23T18:02:44.622Z INFO  client] Sending sample transaction 326
[2022-07-23T18:02:44.669Z INFO  client] Sending sample transaction 327
[2022-07-23T18:02:44.719Z INFO  client] Sending sample transaction 328
[2022-07-23T18:02:44.775Z INFO  client] Sending sample transaction 329
[2022-07-23T18:02:44.820Z INFO  client] Sending sample transaction 330
[2022-07-23T18:02:44.870Z INFO  client] Sending sample transaction 331
[2022-07-23T18:02:44.919Z INFO  client] Sending sample transaction 332
[2022-07-23T18:02:44.970Z INFO  client] Sending sample transaction 333
[2022-07-23T18:02:45.022Z INFO  client] Sending sample transaction 334
[2022-07-23T18:02:45.069Z INFO  client] Sending sample transaction 335
[2022-07-23T18:02:45.120Z INFO  client] Sending sample transaction 336
[2022-07-23T18:02:45.171Z INFO  client] Sending sample transaction 337
[2022-07-23T18:02:45.219Z INFO  client] Sending sample transaction 338
[2022-07-23T18:02:45.270Z INFO  client] Sending sample transaction 339
[2022-07-23T18:02:45.321Z INFO  client] Sending sample transaction 340
[2022-07-23T18:02:45.369Z INFO  client] Sending sample transaction 341
[2022-07-23T18:02:45.420Z INFO  client] Sending sample transaction 342
[2022-07-23T18:02:45.470Z INFO  client] Sending sample transaction 343
[2022-07-23T18:02:45.575Z INFO  client] Sending sample transaction 344
[2022-07-23T18:02:45.582Z INFO  client] Sending sample transaction 345
[2022-07-23T18:02:45.620Z INFO  client] Sending sample transaction 346
[2022-07-23T18:02:45.700Z INFO  client] Sending sample transaction 347
[2022-07-23T18:02:45.721Z INFO  client] Sending sample transaction 348
[2022-07-23T18:02:45.770Z INFO  client] Sending sample transaction 349
[2022-07-23T18:02:45.839Z INFO  client] Sending sample transaction 350
[2022-07-23T18:02:45.871Z INFO  client] Sending sample transaction 351
[2022-07-23T18:02:45.920Z INFO  client] Sending sample transaction 352
[2022-07-23T18:02:45.969Z INFO  client] Sending sample transaction 353
[2022-07-23T18:02:46.021Z INFO  client] Sending sample transaction 354
[2022-07-23T18:02:46.070Z INFO  client] Sending sample transaction 355
[2022-07-23T18:02:46.119Z INFO  client] Sending sample transaction 356
[2022-07-23T18:02:46.169Z INFO  client] Sending sample transaction 357
[2022-07-23T18:02:46.219Z INFO  client] Sending sample transaction 358
[2022-07-23T18:02:46.270Z INFO  client] Sending sample transaction 359
[2022-07-23T18:02:46.319Z INFO  client] Sending sample transaction 360
[2022-07-23T18:02:46.369Z INFO  client] Sending sample transaction 361
[2022-07-23T18:02:46.419Z INFO  client] Sending sample transaction 362
[2022-07-23T18:02:46.470Z INFO  client] Sending sample transaction 363
[2022-07-23T18:02:46.520Z INFO  client] Sending sample transaction 364
[2022-07-23T18:02:46.569Z INFO  client] Sending sample transaction 365
[2022-07-23T18:02:46.619Z INFO  client] Sending sample transaction 366
[2022-07-23T18:02:46.697Z INFO  client] Sending sample transaction 367
[2022-07-23T18:02:46.732Z INFO  client] Sending sample transaction 368
[2022-07-23T18:02:46.781Z INFO  client] Sending sample transaction 369
[2022-07-23T18:02:46.819Z INFO  client] Sending sample transaction 370
[2022-07-23T18:02:46.869Z INFO  client] Sending sample transaction 371
[2022-07-23T18:02:46.930Z INFO  client] Sending sample transaction 372
[2022-07-23T18:02:46.970Z INFO  client] Sending sample transaction 373
[2022-07-23T18:02:47.019Z INFO  client] Sending sample transaction 374
[2022-07-23T18:02:47.069Z INFO  client] Sending sample transaction 375
[2022-07-23T18:02:47.120Z INFO  client] Sending sample transaction 376
[2022-07-23T18:02:47.170Z INFO  client] Sending sample transaction 377
[2022-07-23T18:02:47.220Z INFO  client] Sending sample transaction 378
[2022-07-23T18:02:47.270Z INFO  client] Sending sample transaction 379
[2022-07-23T18:02:47.319Z INFO  client] Sending sample transaction 380
[2022-07-23T18:02:47.370Z INFO  client] Sending sample transaction 381
[2022-07-23T18:02:47.420Z INFO  client] Sending sample transaction 382
[2022-07-23T18:02:47.469Z INFO  client] Sending sample transaction 383
[2022-07-23T18:02:47.521Z INFO  client] Sending sample transaction 384
[2022-07-23T18:02:47.570Z INFO  client] Sending sample transaction 385
[2022-07-23T18:02:47.621Z INFO  client] Sending sample transaction 386
[2022-07-23T18:02:47.669Z INFO  client] Sending sample transaction 387
[2022-07-23T18:02:47.719Z INFO  client] Sending sample transaction 388
[2022-07-23T18:02:47.770Z INFO  client] Sending sample transaction 389
[2022-07-23T18:02:47.819Z INFO  client] Sending sample transaction 390
[2022-07-23T18:02:47.869Z INFO  client] Sending sample transaction 391
[2022-07-23T18:02:47.920Z INFO  client] Sending sample transaction 392
[2022-07-23T18:02:47.980Z INFO  client] Sending sample transaction 393
[2022-07-23T18:02:48.023Z INFO  client] Sending sample transaction 394
[2022-07-23T18:02:48.078Z INFO  client] Sending sample transaction 395
[2022-07-23T18:02:48.120Z INFO  client] Sending sample transaction 396
[2022-07-23T18:02:48.170Z INFO  client] Sending sample transaction 397
[2022-07-23T18:02:48.220Z INFO  client] Sending sample transaction 398
[2022-07-23T18:02:48.269Z INFO  client] Sending sample transaction 399
[2022-07-23T18:02:48.319Z INFO  client] Sending sample transaction 400
[2022-07-23T18:02:48.424Z INFO  client] Sending sample transaction 401
[2022-07-23T18:02:48.425Z INFO  client] Sending sample transaction 402
[2022-07-23T18:02:48.503Z INFO  client] Sending sample transaction 403
[2022-07-23T18:02:48.543Z INFO  client] Sending sample transaction 404
[2022-07-23T18:02:48.569Z INFO  client] Sending sample transaction 405
[2022-07-23T18:02:48.619Z INFO  client] Sending sample transaction 406
[2022-07-23T18:02:48.670Z INFO  client] Sending sample transaction 407
[2022-07-23T18:02:48.720Z INFO  client] Sending sample transaction 408
[2022-07-23T18:02:48.769Z INFO  client] Sending sample transaction 409
[2022-07-23T18:02:48.819Z INFO  client] Sending sample transaction 410
[2022-07-23T18:02:48.870Z INFO  client] Sending sample transaction 411
[2022-07-23T18:02:48.920Z INFO  client] Sending sample transaction 412
[2022-07-23T18:02:48.969Z INFO  client] Sending sample transaction 413
[2022-07-23T18:02:49.020Z INFO  client] Sending sample transaction 414
[2022-07-23T18:02:49.069Z INFO  client] Sending sample transaction 415
[2022-07-23T18:02:49.120Z INFO  client] Sending sample transaction 416
[2022-07-23T18:02:49.173Z INFO  client] Sending sample transaction 417
[2022-07-23T18:02:49.220Z INFO  client] Sending sample transaction 418
[2022-07-23T18:02:49.269Z INFO  client] Sending sample transaction 419
[2022-07-23T18:02:49.319Z INFO  client] Sending sample transaction 420
[2022-07-23T18:02:49.369Z INFO  client] Sending sample transaction 421
[2022-07-23T18:02:49.459Z INFO  client] Sending sample transaction 422
[2022-07-23T18:02:49.485Z INFO  client] Sending sample transaction 423
[2022-07-23T18:02:49.550Z INFO  client] Sending sample transaction 424
[2022-07-23T18:02:49.586Z INFO  client] Sending sample transaction 425
[2022-07-23T18:02:49.619Z INFO  client] Sending sample transaction 426
[2022-07-23T18:02:49.670Z INFO  client] Sending sample transaction 427
[2022-07-23T18:02:49.720Z INFO  client] Sending sample transaction 428
[2022-07-23T18:02:49.770Z INFO  client] Sending sample transaction 429
[2022-07-23T18:02:49.820Z INFO  client] Sending sample transaction 430
[2022-07-23T18:02:49.870Z INFO  client] Sending sample transaction 431
[2022-07-23T18:02:49.920Z INFO  client] Sending sample transaction 432
[2022-07-23T18:02:49.969Z INFO  client] Sending sample transaction 433
[2022-07-23T18:02:50.020Z INFO  client] Sending sample transaction 434
[2022-07-23T18:02:50.070Z INFO  client] Sending sample transaction 435
[2022-07-23T18:02:50.121Z INFO  client] Sending sample transaction 436
[2022-07-23T18:02:50.171Z INFO  client] Sending sample transaction 437
[2022-07-23T18:02:50.220Z INFO  client] Sending sample transaction 438
[2022-07-23T18:02:50.269Z INFO  client] Sending sample transaction 439
[2022-07-23T18:02:50.320Z INFO  client] Sending sample transaction 440
[2022-07-23T18:02:50.370Z INFO  client] Sending sample transaction 441
[2022-07-23T18:02:50.419Z INFO  client] Sending sample transaction 442
[2022-07-23T18:02:50.469Z INFO  client] Sending sample transaction 443
[2022-07-23T18:02:50.519Z INFO  client] Sending sample transaction 444
[2022-07-23T18:02:50.570Z INFO  client] Sending sample transaction 445
[2022-07-23T18:02:50.619Z INFO  client] Sending sample transaction 446
[2022-07-23T18:02:50.671Z INFO  client] Sending sample transaction 447
[2022-07-23T18:02:50.719Z INFO  client] Sending sample transaction 448
[2022-07-23T18:02:50.770Z INFO  client] Sending sample transaction 449
[2022-07-23T18:02:50.819Z INFO  client] Sending sample transaction 450
[2022-07-23T18:02:50.869Z INFO  client] Sending sample transaction 451
[2022-07-23T18:02:50.928Z INFO  client] Sending sample transaction 452
[2022-07-23T18:02:50.971Z INFO  client] Sending sample transaction 453
