[2022-07-23T16:19:59.140Z INFO  client] Node address: 127.0.0.1:9011
[2022-07-23T16:19:59.141Z INFO  client] Transactions size: 512 B
[2022-07-23T16:19:59.141Z INFO  client] Transactions rate: 112 tx/s
[2022-07-23T16:19:59.141Z INFO  client] Waiting for all nodes to be online...
[2022-07-23T16:19:59.141Z INFO  client] Waiting for all nodes to be synchronized...
[2022-07-23T16:20:01.145Z INFO  client] Start sending transactions
[2022-07-23T16:20:01.147Z INFO  client] Sending sample transaction 0
[2022-07-23T16:20:01.197Z INFO  client] Sending sample transaction 1
[2022-07-23T16:20:01.247Z INFO  client] Sending sample transaction 2
[2022-07-23T16:20:01.298Z INFO  client] Sending sample transaction 3
[2022-07-23T16:20:01.357Z INFO  client] Sending sample transaction 4
[2022-07-23T16:20:01.400Z INFO  client] Sending sample transaction 5
[2022-07-23T16:20:01.448Z INFO  client] Sending sample transaction 6
[2022-07-23T16:20:01.497Z INFO  client] Sending sample transaction 7
[2022-07-23T16:20:01.547Z INFO  client] Sending sample transaction 8
[2022-07-23T16:20:01.597Z INFO  client] Sending sample transaction 9
[2022-07-23T16:20:01.646Z INFO  client] Sending sample transaction 10
[2022-07-23T16:20:01.697Z INFO  client] Sending sample transaction 11
[2022-07-23T16:20:01.749Z INFO  client] Sending sample transaction 12
[2022-07-23T16:20:01.801Z INFO  client] Sending sample transaction 13
[2022-07-23T16:20:01.849Z INFO  client] Sending sample transaction 14
[2022-07-23T16:20:01.905Z INFO  client] Sending sample transaction 15
[2022-07-23T16:20:01.952Z INFO  client] Sending sample transaction 16
[2022-07-23T16:20:02.019Z INFO  client] Sending sample transaction 17
[2022-07-23T16:20:02.052Z INFO  client] Sending sample transaction 18
[2022-07-23T16:20:02.102Z INFO  client] Sending sample transaction 19
[2022-07-23T16:20:02.147Z INFO  client] Sending sample transaction 20
[2022-07-23T16:20:02.197Z INFO  client] Sending sample transaction 21
[2022-07-23T16:20:02.247Z INFO  client] Sending sample transaction 22
[2022-07-23T16:20:02.298Z INFO  client] Sending sample transaction 23
[2022-07-23T16:20:02.352Z INFO  client] Sending sample transaction 24
[2022-07-23T16:20:02.405Z INFO  client] Sending sample transaction 25
[2022-07-23T16:20:02.447Z INFO  client] Sending sample transaction 26
[2022-07-23T16:20:02.498Z INFO  client] Sending sample transaction 27
[2022-07-23T16:20:02.548Z INFO  client] Sending sample transaction 28
[2022-07-23T16:20:02.598Z INFO  client] Sending sample transaction 29
[2022-07-23T16:20:02.647Z INFO  client] Sending sample transaction 30
[2022-07-23T16:20:02.697Z INFO  client] Sending sample transaction 31
[2022-07-23T16:20:02.747Z INFO  client] Sending sample transaction 32
[2022-07-23T16:20:02.797Z INFO  client] Sending sample transaction 33
[2022-07-23T16:20:02.849Z INFO  client] Sending sample transaction 34
[2022-07-23T16:20:02.897Z INFO  client] Sending sample transaction 35
[2022-07-23T16:20:02.947Z INFO  client] Sending sample transaction 36
[2022-07-23T16:20:02.998Z INFO  client] Sending sample transaction 37
[2022-07-23T16:20:03.048Z INFO  client] Sending sample transaction 38
[2022-07-23T16:20:03.098Z INFO  client] Sending sample transaction 39
[2022-07-23T16:20:03.147Z INFO  client] Sending sample transaction 40
[2022-07-23T16:20:03.197Z INFO  client] Sending sample transaction 41
[2022-07-23T16:20:03.247Z INFO  client] Sending sample transaction 42
[2022-07-23T16:20:03.297Z INFO  client] Sending sample transaction 43
[2022-07-23T16:20:03.350Z INFO  client] Sending sample transaction 44
[2022-07-23T16:20:03.397Z INFO  client] Sending sample transaction 45
[2022-07-23T16:20:03.468Z INFO  client] Sending sample transaction 46
[2022-07-23T16:20:03.520Z INFO  client] Sending sample transaction 47
[2022-07-23T16:20:03.549Z INFO  client] Sending sample transaction 48
[2022-07-23T16:20:03.598Z INFO  client] Sending sample transaction 49
[2022-07-23T16:20:03.648Z INFO  client] Sending sample transaction 50
[2022-07-23T16:20:03.698Z INFO  client] Sending sample transaction 51
[2022-07-23T16:20:03.748Z INFO  client] Sending sample transaction 52
[2022-07-23T16:20:03.797Z INFO  client] Sending sample transaction 53
[2022-07-23T16:20:03.847Z INFO  client] Sending sample transaction 54
[2022-07-23T16:20:03.897Z INFO  client] Sending sample transaction 55
[2022-07-23T16:20:03.947Z INFO  client] Sending sample transaction 56
[2022-07-23T16:20:03.997Z INFO  client] Sending sample transaction 57
[2022-07-23T16:20:04.047Z INFO  client] Sending sample transaction 58
[2022-07-23T16:20:04.097Z INFO  client] Sending sample transaction 59
[2022-07-23T16:20:04.147Z INFO  client] Sending sample transaction 60
[2022-07-23T16:20:04.198Z INFO  client] Sending sample transaction 61
[2022-07-23T16:20:04.247Z INFO  client] Sending sample transaction 62
[2022-07-23T16:20:04.297Z INFO  client] Sending sample transaction 63
[2022-07-23T16:20:04.347Z INFO  client] Sending sample transaction 64
[2022-07-23T16:20:04.397Z INFO  client] Sending sample transaction 65
[2022-07-23T16:20:04.448Z INFO  client] Sending sample transaction 66
[2022-07-23T16:20:04.498Z INFO  client] Sending sample transaction 67
[2022-07-23T16:20:04.548Z INFO  client] Sending sample transaction 68
[2022-07-23T16:20:04.601Z INFO  client] Sending sample transaction 69
[2022-07-23T16:20:04.647Z INFO  client] Sending sample transaction 70
[2022-07-23T16:20:04.697Z INFO  client] Sending sample transaction 71
[2022-07-23T16:20:04.747Z INFO  client] Sending sample transaction 72
[2022-07-23T16:20:04.797Z INFO  client] Sending sample transaction 73
[2022-07-23T16:20:04.847Z INFO  client] Sending sample transaction 74
[2022-07-23T16:20:04.896Z INFO  client] Sending sample transaction 75
[2022-07-23T16:20:04.947Z INFO  client] Sending sample transaction 76
[2022-07-23T16:20:04.997Z INFO  client] Sending sample transaction 77
[2022-07-23T16:20:05.047Z INFO  client] Sending sample transaction 78
[2022-07-23T16:20:05.098Z INFO  client] Sending sample transaction 79
[2022-07-23T16:20:05.147Z INFO  client] Sending sample transaction 80
[2022-07-23T16:20:05.197Z INFO  client] Sending sample transaction 81
[2022-07-23T16:20:05.247Z INFO  client] Sending sample transaction 82
[2022-07-23T16:20:05.297Z INFO  client] Sending sample transaction 83
[2022-07-23T16:20:05.348Z INFO  client] Sending sample transaction 84
[2022-07-23T16:20:05.397Z INFO  client] Sending sample transaction 85
[2022-07-23T16:20:05.447Z INFO  client] Sending sample transaction 86
[2022-07-23T16:20:05.497Z INFO  client] Sending sample transaction 87
[2022-07-23T16:20:05.547Z INFO  client] Sending sample transaction 88
[2022-07-23T16:20:05.598Z INFO  client] Sending sample transaction 89
[2022-07-23T16:20:05.654Z INFO  client] Sending sample transaction 90
[2022-07-23T16:20:05.697Z INFO  client] Sending sample transaction 91
[2022-07-23T16:20:05.747Z INFO  client] Sending sample transaction 92
[2022-07-23T16:20:05.798Z INFO  client] Sending sample transaction 93
[2022-07-23T16:20:05.847Z INFO  client] Sending sample transaction 94
[2022-07-23T16:20:05.896Z INFO  client] Sending sample transaction 95
[2022-07-23T16:20:05.947Z INFO  client] Sending sample transaction 96
[2022-07-23T16:20:05.998Z INFO  client] Sending sample transaction 97
[2022-07-23T16:20:06.047Z INFO  client] Sending sample transaction 98
[2022-07-23T16:20:06.098Z INFO  client] Sending sample transaction 99
[2022-07-23T16:20:06.147Z INFO  client] Sending sample transaction 100
[2022-07-23T16:20:06.196Z INFO  client] Sending sample transaction 101
[2022-07-23T16:20:06.248Z INFO  client] Sending sample transaction 102
[2022-07-23T16:20:06.297Z INFO  client] Sending sample transaction 103
[2022-07-23T16:20:06.347Z INFO  client] Sending sample transaction 104
[2022-07-23T16:20:06.396Z INFO  client] Sending sample transaction 105
[2022-07-23T16:20:06.447Z INFO  client] Sending sample transaction 106
[2022-07-23T16:20:06.497Z INFO  client] Sending sample transaction 107
[2022-07-23T16:20:06.547Z INFO  client] Sending sample transaction 108
[2022-07-23T16:20:06.597Z INFO  client] Sending sample transaction 109
[2022-07-23T16:20:06.647Z INFO  client] Sending sample transaction 110
[2022-07-23T16:20:06.698Z INFO  client] Sending sample transaction 111
[2022-07-23T16:20:06.747Z INFO  client] Sending sample transaction 112
[2022-07-23T16:20:06.797Z INFO  client] Sending sample transaction 113
[2022-07-23T16:20:06.847Z INFO  client] Sending sample transaction 114
[2022-07-23T16:20:06.896Z INFO  client] Sending sample transaction 115
[2022-07-23T16:20:06.947Z INFO  client] Sending sample transaction 116
[2022-07-23T16:20:06.997Z INFO  client] Sending sample transaction 117
[2022-07-23T16:20:07.048Z INFO  client] Sending sample transaction 118
[2022-07-23T16:20:07.099Z INFO  client] Sending sample transaction 119
[2022-07-23T16:20:07.147Z INFO  client] Sending sample transaction 120
[2022-07-23T16:20:07.196Z INFO  client] Sending sample transaction 121
[2022-07-23T16:20:07.247Z INFO  client] Sending sample transaction 122
[2022-07-23T16:20:07.297Z INFO  client] Sending sample transaction 123
[2022-07-23T16:20:07.347Z INFO  client] Sending sample transaction 124
[2022-07-23T16:20:07.396Z INFO  client] Sending sample transaction 125
[2022-07-23T16:20:07.447Z INFO  client] Sending sample transaction 126
[2022-07-23T16:20:07.497Z INFO  client] Sending sample transaction 127
[2022-07-23T16:20:07.547Z INFO  client] Sending sample transaction 128
[2022-07-23T16:20:07.597Z INFO  client] Sending sample transaction 129
[2022-07-23T16:20:07.647Z INFO  client] Sending sample transaction 130
[2022-07-23T16:20:07.704Z INFO  client] Sending sample transaction 131
[2022-07-23T16:20:07.748Z INFO  client] Sending sample transaction 132
[2022-07-23T16:20:07.797Z INFO  client] Sending sample transaction 133
[2022-07-23T16:20:07.848Z INFO  client] Sending sample transaction 134
[2022-07-23T16:20:07.897Z INFO  client] Sending sample transaction 135
[2022-07-23T16:20:07.947Z INFO  client] Sending sample transaction 136
[2022-07-23T16:20:07.998Z INFO  client] Sending sample transaction 137
[2022-07-23T16:20:08.047Z INFO  client] Sending sample transaction 138
[2022-07-23T16:20:08.097Z INFO  client] Sending sample transaction 139
[2022-07-23T16:20:08.148Z INFO  client] Sending sample transaction 140
[2022-07-23T16:20:08.197Z INFO  client] Sending sample transaction 141
[2022-07-23T16:20:08.246Z INFO  client] Sending sample transaction 142
[2022-07-23T16:20:08.296Z INFO  client] Sending sample transaction 143
[2022-07-23T16:20:08.351Z INFO  client] Sending sample transaction 144
[2022-07-23T16:20:08.397Z INFO  client] Sending sample transaction 145
[2022-07-23T16:20:08.447Z INFO  client] Sending sample transaction 146
[2022-07-23T16:20:08.497Z INFO  client] Sending sample transaction 147
[2022-07-23T16:20:08.547Z INFO  client] Sending sample transaction 148
[2022-07-23T16:20:08.597Z INFO  client] Sending sample transaction 149
[2022-07-23T16:20:08.647Z INFO  client] Sending sample transaction 150
[2022-07-23T16:20:08.696Z INFO  client] Sending sample transaction 151
[2022-07-23T16:20:08.747Z INFO  client] Sending sample transaction 152
[2022-07-23T16:20:08.798Z INFO  client] Sending sample transaction 153
[2022-07-23T16:20:08.849Z INFO  client] Sending sample transaction 154
[2022-07-23T16:20:08.897Z INFO  client] Sending sample transaction 155
[2022-07-23T16:20:08.947Z INFO  client] Sending sample transaction 156
[2022-07-23T16:20:08.997Z INFO  client] Sending sample transaction 157
[2022-07-23T16:20:09.047Z INFO  client] Sending sample transaction 158
[2022-07-23T16:20:09.097Z INFO  client] Sending sample transaction 159
[2022-07-23T16:20:09.147Z INFO  client] Sending sample transaction 160
[2022-07-23T16:20:09.197Z INFO  client] Sending sample transaction 161
[2022-07-23T16:20:09.247Z INFO  client] Sending sample transaction 162
[2022-07-23T16:20:09.298Z INFO  client] Sending sample transaction 163
[2022-07-23T16:20:09.347Z INFO  client] Sending sample transaction 164
[2022-07-23T16:20:09.397Z INFO  client] Sending sample transaction 165
[2022-07-23T16:20:09.447Z INFO  client] Sending sample transaction 166
[2022-07-23T16:20:09.497Z INFO  client] Sending sample transaction 167
[2022-07-23T16:20:09.547Z INFO  client] Sending sample transaction 168
[2022-07-23T16:20:09.597Z INFO  client] Sending sample transaction 169
[2022-07-23T16:20:09.647Z INFO  client] Sending sample transaction 170
[2022-07-23T16:20:09.697Z INFO  client] Sending sample transaction 171
[2022-07-23T16:20:09.747Z INFO  client] Sending sample transaction 172
[2022-07-23T16:20:09.796Z INFO  client] Sending sample transaction 173
[2022-07-23T16:20:09.847Z INFO  client] Sending sample transaction 174
[2022-07-23T16:20:09.898Z INFO  client] Sending sample transaction 175
[2022-07-23T16:20:09.947Z INFO  client] Sending sample transaction 176
[2022-07-23T16:20:09.997Z INFO  client] Sending sample transaction 177
[2022-07-23T16:20:10.047Z INFO  client] Sending sample transaction 178
[2022-07-23T16:20:10.097Z INFO  client] Sending sample transaction 179
[2022-07-23T16:20:10.147Z INFO  client] Sending sample transaction 180
[2022-07-23T16:20:10.197Z INFO  client] Sending sample transaction 181
[2022-07-23T16:20:10.248Z INFO  client] Sending sample transaction 182
[2022-07-23T16:20:10.297Z INFO  client] Sending sample transaction 183
[2022-07-23T16:20:10.348Z INFO  client] Sending sample transaction 184
[2022-07-23T16:20:10.397Z INFO  client] Sending sample transaction 185
[2022-07-23T16:20:10.447Z INFO  client] Sending sample transaction 186
[2022-07-23T16:20:10.497Z INFO  client] Sending sample transaction 187
[2022-07-23T16:20:10.547Z INFO  client] Sending sample transaction 188
[2022-07-23T16:20:10.598Z INFO  client] Sending sample transaction 189
[2022-07-23T16:20:10.647Z INFO  client] Sending sample transaction 190
[2022-07-23T16:20:10.697Z INFO  client] Sending sample transaction 191
[2022-07-23T16:20:10.747Z INFO  client] Sending sample transaction 192
[2022-07-23T16:20:10.797Z INFO  client] Sending sample transaction 193
[2022-07-23T16:20:10.847Z INFO  client] Sending sample transaction 194
[2022-07-23T16:20:10.897Z INFO  client] Sending sample transaction 195
[2022-07-23T16:20:10.947Z INFO  client] Sending sample transaction 196
[2022-07-23T16:20:10.997Z INFO  client] Sending sample transaction 197
[2022-07-23T16:20:11.048Z INFO  client] Sending sample transaction 198
[2022-07-23T16:20:11.098Z INFO  client] Sending sample transaction 199
[2022-07-23T16:20:11.146Z INFO  client] Sending sample transaction 200
[2022-07-23T16:20:11.197Z INFO  client] Sending sample transaction 201
[2022-07-23T16:20:11.247Z INFO  client] Sending sample transaction 202
[2022-07-23T16:20:11.297Z INFO  client] Sending sample transaction 203
[2022-07-23T16:20:11.348Z INFO  client] Sending sample transaction 204
[2022-07-23T16:20:11.397Z INFO  client] Sending sample transaction 205
[2022-07-23T16:20:11.447Z INFO  client] Sending sample transaction 206
[2022-07-23T16:20:11.497Z INFO  client] Sending sample transaction 207
[2022-07-23T16:20:11.547Z INFO  client] Sending sample transaction 208
[2022-07-23T16:20:11.598Z INFO  client] Sending sample transaction 209
[2022-07-23T16:20:11.647Z INFO  client] Sending sample transaction 210
[2022-07-23T16:20:11.698Z INFO  client] Sending sample transaction 211
[2022-07-23T16:20:11.747Z INFO  client] Sending sample transaction 212
[2022-07-23T16:20:11.797Z INFO  client] Sending sample transaction 213
[2022-07-23T16:20:11.847Z INFO  client] Sending sample transaction 214
[2022-07-23T16:20:11.897Z INFO  client] Sending sample transaction 215
[2022-07-23T16:20:11.951Z INFO  client] Sending sample transaction 216
[2022-07-23T16:20:11.997Z INFO  client] Sending sample transaction 217
[2022-07-23T16:20:12.047Z INFO  client] Sending sample transaction 218
[2022-07-23T16:20:12.097Z INFO  client] Sending sample transaction 219
[2022-07-23T16:20:12.147Z INFO  client] Sending sample transaction 220
[2022-07-23T16:20:12.197Z INFO  client] Sending sample transaction 221
[2022-07-23T16:20:12.248Z INFO  client] Sending sample transaction 222
[2022-07-23T16:20:12.297Z INFO  client] Sending sample transaction 223
[2022-07-23T16:20:12.347Z INFO  client] Sending sample transaction 224
[2022-07-23T16:20:12.397Z INFO  client] Sending sample transaction 225
[2022-07-23T16:20:12.447Z INFO  client] Sending sample transaction 226
[2022-07-23T16:20:12.497Z INFO  client] Sending sample transaction 227
[2022-07-23T16:20:12.547Z INFO  client] Sending sample transaction 228
[2022-07-23T16:20:12.597Z INFO  client] Sending sample transaction 229
[2022-07-23T16:20:12.646Z INFO  client] Sending sample transaction 230
[2022-07-23T16:20:12.697Z INFO  client] Sending sample transaction 231
[2022-07-23T16:20:12.747Z INFO  client] Sending sample transaction 232
[2022-07-23T16:20:12.797Z INFO  client] Sending sample transaction 233
[2022-07-23T16:20:12.847Z INFO  client] Sending sample transaction 234
[2022-07-23T16:20:12.897Z INFO  client] Sending sample transaction 235
[2022-07-23T16:20:12.947Z INFO  client] Sending sample transaction 236
[2022-07-23T16:20:13.003Z INFO  client] Sending sample transaction 237
[2022-07-23T16:20:13.048Z INFO  client] Sending sample transaction 238
[2022-07-23T16:20:13.097Z INFO  client] Sending sample transaction 239
[2022-07-23T16:20:13.147Z INFO  client] Sending sample transaction 240
[2022-07-23T16:20:13.197Z INFO  client] Sending sample transaction 241
[2022-07-23T16:20:13.247Z INFO  client] Sending sample transaction 242
[2022-07-23T16:20:13.297Z INFO  client] Sending sample transaction 243
[2022-07-23T16:20:13.347Z INFO  client] Sending sample transaction 244
[2022-07-23T16:20:13.397Z INFO  client] Sending sample transaction 245
[2022-07-23T16:20:13.447Z INFO  client] Sending sample transaction 246
[2022-07-23T16:20:13.498Z INFO  client] Sending sample transaction 247
[2022-07-23T16:20:13.548Z INFO  client] Sending sample transaction 248
[2022-07-23T16:20:13.597Z INFO  client] Sending sample transaction 249
[2022-07-23T16:20:13.647Z INFO  client] Sending sample transaction 250
[2022-07-23T16:20:13.697Z INFO  client] Sending sample transaction 251
[2022-07-23T16:20:13.748Z INFO  client] Sending sample transaction 252
[2022-07-23T16:20:13.797Z INFO  client] Sending sample transaction 253
[2022-07-23T16:20:13.847Z INFO  client] Sending sample transaction 254
[2022-07-23T16:20:13.898Z INFO  client] Sending sample transaction 255
[2022-07-23T16:20:13.947Z INFO  client] Sending sample transaction 256
[2022-07-23T16:20:13.996Z INFO  client] Sending sample transaction 257
[2022-07-23T16:20:14.050Z INFO  client] Sending sample transaction 258
[2022-07-23T16:20:14.097Z INFO  client] Sending sample transaction 259
[2022-07-23T16:20:14.147Z INFO  client] Sending sample transaction 260
[2022-07-23T16:20:14.196Z INFO  client] Sending sample transaction 261
[2022-07-23T16:20:14.248Z INFO  client] Sending sample transaction 262
[2022-07-23T16:20:14.298Z INFO  client] Sending sample transaction 263
[2022-07-23T16:20:14.348Z INFO  client] Sending sample transaction 264
[2022-07-23T16:20:14.397Z INFO  client] Sending sample transaction 265
[2022-07-23T16:20:14.447Z INFO  client] Sending sample transaction 266
[2022-07-23T16:20:14.497Z INFO  client] Sending sample transaction 267
[2022-07-23T16:20:14.547Z INFO  client] Sending sample transaction 268
[2022-07-23T16:20:14.597Z INFO  client] Sending sample transaction 269
[2022-07-23T16:20:14.647Z INFO  client] Sending sample transaction 270
[2022-07-23T16:20:14.697Z INFO  client] Sending sample transaction 271
[2022-07-23T16:20:14.747Z INFO  client] Sending sample transaction 272
[2022-07-23T16:20:14.797Z INFO  client] Sending sample transaction 273
[2022-07-23T16:20:14.847Z INFO  client] Sending sample transaction 274
[2022-07-23T16:20:14.897Z INFO  client] Sending sample transaction 275
[2022-07-23T16:20:14.947Z INFO  client] Sending sample transaction 276
[2022-07-23T16:20:14.997Z INFO  client] Sending sample transaction 277
[2022-07-23T16:20:15.047Z INFO  client] Sending sample transaction 278
[2022-07-23T16:20:15.100Z INFO  client] Sending sample transaction 279
[2022-07-23T16:20:15.147Z INFO  client] Sending sample transaction 280
[2022-07-23T16:20:15.197Z INFO  client] Sending sample transaction 281
[2022-07-23T16:20:15.248Z INFO  client] Sending sample transaction 282
[2022-07-23T16:20:15.297Z INFO  client] Sending sample transaction 283
[2022-07-23T16:20:15.347Z INFO  client] Sending sample transaction 284
[2022-07-23T16:20:15.397Z INFO  client] Sending sample transaction 285
[2022-07-23T16:20:15.447Z INFO  client] Sending sample transaction 286
[2022-07-23T16:20:15.497Z INFO  client] Sending sample transaction 287
[2022-07-23T16:20:15.547Z INFO  client] Sending sample transaction 288
[2022-07-23T16:20:15.597Z INFO  client] Sending sample transaction 289
[2022-07-23T16:20:15.647Z INFO  client] Sending sample transaction 290
[2022-07-23T16:20:15.696Z INFO  client] Sending sample transaction 291
[2022-07-23T16:20:15.747Z INFO  client] Sending sample transaction 292
[2022-07-23T16:20:15.797Z INFO  client] Sending sample transaction 293
[2022-07-23T16:20:15.847Z INFO  client] Sending sample transaction 294
[2022-07-23T16:20:15.896Z INFO  client] Sending sample transaction 295
[2022-07-23T16:20:15.947Z INFO  client] Sending sample transaction 296
[2022-07-23T16:20:15.997Z INFO  client] Sending sample transaction 297
[2022-07-23T16:20:16.047Z INFO  client] Sending sample transaction 298
[2022-07-23T16:20:16.098Z INFO  client] Sending sample transaction 299
[2022-07-23T16:20:16.157Z INFO  client] Sending sample transaction 300
[2022-07-23T16:20:16.198Z INFO  client] Sending sample transaction 301
[2022-07-23T16:20:16.247Z INFO  client] Sending sample transaction 302
[2022-07-23T16:20:16.298Z INFO  client] Sending sample transaction 303
[2022-07-23T16:20:16.347Z INFO  client] Sending sample transaction 304
[2022-07-23T16:20:16.398Z INFO  client] Sending sample transaction 305
[2022-07-23T16:20:16.447Z INFO  client] Sending sample transaction 306
[2022-07-23T16:20:16.497Z INFO  client] Sending sample transaction 307
[2022-07-23T16:20:16.547Z INFO  client] Sending sample transaction 308
[2022-07-23T16:20:16.598Z INFO  client] Sending sample transaction 309
[2022-07-23T16:20:16.647Z INFO  client] Sending sample transaction 310
[2022-07-23T16:20:16.697Z INFO  client] Sending sample transaction 311
[2022-07-23T16:20:16.747Z INFO  client] Sending sample transaction 312
[2022-07-23T16:20:16.797Z INFO  client] Sending sample transaction 313
[2022-07-23T16:20:16.847Z INFO  client] Sending sample transaction 314
[2022-07-23T16:20:16.898Z INFO  client] Sending sample transaction 315
[2022-07-23T16:20:16.947Z INFO  client] Sending sample transaction 316
[2022-07-23T16:20:16.996Z INFO  client] Sending sample transaction 317
[2022-07-23T16:20:17.047Z INFO  client] Sending sample transaction 318
[2022-07-23T16:20:17.097Z INFO  client] Sending sample transaction 319
[2022-07-23T16:20:17.154Z INFO  client] Sending sample transaction 320
[2022-07-23T16:20:17.197Z INFO  client] Sending sample transaction 321
[2022-07-23T16:20:17.247Z INFO  client] Sending sample transaction 322
[2022-07-23T16:20:17.297Z INFO  client] Sending sample transaction 323
[2022-07-23T16:20:17.347Z INFO  client] Sending sample transaction 324
[2022-07-23T16:20:17.396Z INFO  client] Sending sample transaction 325
[2022-07-23T16:20:17.447Z INFO  client] Sending sample transaction 326
[2022-07-23T16:20:17.498Z INFO  client] Sending sample transaction 327
[2022-07-23T16:20:17.548Z INFO  client] Sending sample transaction 328
[2022-07-23T16:20:17.598Z INFO  client] Sending sample transaction 329
[2022-07-23T16:20:17.647Z INFO  client] Sending sample transaction 330
[2022-07-23T16:20:17.697Z INFO  client] Sending sample transaction 331
[2022-07-23T16:20:17.747Z INFO  client] Sending sample transaction 332
[2022-07-23T16:20:17.797Z INFO  client] Sending sample transaction 333
[2022-07-23T16:20:17.848Z INFO  client] Sending sample transaction 334
[2022-07-23T16:20:17.897Z INFO  client] Sending sample transaction 335
[2022-07-23T16:20:17.948Z INFO  client] Sending sample transaction 336
[2022-07-23T16:20:17.998Z INFO  client] Sending sample transaction 337
[2022-07-23T16:20:18.048Z INFO  client] Sending sample transaction 338
[2022-07-23T16:20:18.098Z INFO  client] Sending sample transaction 339
[2022-07-23T16:20:18.146Z INFO  client] Sending sample transaction 340
[2022-07-23T16:20:18.202Z INFO  client] Sending sample transaction 341
[2022-07-23T16:20:18.251Z INFO  client] Sending sample transaction 342
[2022-07-23T16:20:18.297Z INFO  client] Sending sample transaction 343
[2022-07-23T16:20:18.348Z INFO  client] Sending sample transaction 344
[2022-07-23T16:20:18.397Z INFO  client] Sending sample transaction 345
[2022-07-23T16:20:18.447Z INFO  client] Sending sample transaction 346
[2022-07-23T16:20:18.497Z INFO  client] Sending sample transaction 347
[2022-07-23T16:20:18.547Z INFO  client] Sending sample transaction 348
[2022-07-23T16:20:18.597Z INFO  client] Sending sample transaction 349
[2022-07-23T16:20:18.647Z INFO  client] Sending sample transaction 350
[2022-07-23T16:20:18.696Z INFO  client] Sending sample transaction 351
[2022-07-23T16:20:18.747Z INFO  client] Sending sample transaction 352
[2022-07-23T16:20:18.797Z INFO  client] Sending sample transaction 353
[2022-07-23T16:20:18.847Z INFO  client] Sending sample transaction 354
[2022-07-23T16:20:18.897Z INFO  client] Sending sample transaction 355
[2022-07-23T16:20:18.948Z INFO  client] Sending sample transaction 356
[2022-07-23T16:20:18.997Z INFO  client] Sending sample transaction 357
[2022-07-23T16:20:19.047Z INFO  client] Sending sample transaction 358
[2022-07-23T16:20:19.097Z INFO  client] Sending sample transaction 359
[2022-07-23T16:20:19.146Z INFO  client] Sending sample transaction 360
[2022-07-23T16:20:19.197Z INFO  client] Sending sample transaction 361
[2022-07-23T16:20:19.248Z INFO  client] Sending sample transaction 362
[2022-07-23T16:20:19.298Z INFO  client] Sending sample transaction 363
[2022-07-23T16:20:19.347Z INFO  client] Sending sample transaction 364
[2022-07-23T16:20:19.398Z INFO  client] Sending sample transaction 365
[2022-07-23T16:20:19.447Z INFO  client] Sending sample transaction 366
[2022-07-23T16:20:19.499Z INFO  client] Sending sample transaction 367
[2022-07-23T16:20:19.547Z INFO  client] Sending sample transaction 368
[2022-07-23T16:20:19.597Z INFO  client] Sending sample transaction 369
[2022-07-23T16:20:19.647Z INFO  client] Sending sample transaction 370
[2022-07-23T16:20:19.697Z INFO  client] Sending sample transaction 371
[2022-07-23T16:20:19.747Z INFO  client] Sending sample transaction 372
[2022-07-23T16:20:19.797Z INFO  client] Sending sample transaction 373
[2022-07-23T16:20:19.847Z INFO  client] Sending sample transaction 374
[2022-07-23T16:20:19.896Z INFO  client] Sending sample transaction 375
[2022-07-23T16:20:19.947Z INFO  client] Sending sample transaction 376
[2022-07-23T16:20:19.997Z INFO  client] Sending sample transaction 377
[2022-07-23T16:20:20.047Z INFO  client] Sending sample transaction 378
[2022-07-23T16:20:20.097Z INFO  client] Sending sample transaction 379
[2022-07-23T16:20:20.147Z INFO  client] Sending sample transaction 380
[2022-07-23T16:20:20.197Z INFO  client] Sending sample transaction 381
[2022-07-23T16:20:20.248Z INFO  client] Sending sample transaction 382
[2022-07-23T16:20:20.301Z INFO  client] Sending sample transaction 383
[2022-07-23T16:20:20.352Z INFO  client] Sending sample transaction 384
[2022-07-23T16:20:20.397Z INFO  client] Sending sample transaction 385
[2022-07-23T16:20:20.449Z INFO  client] Sending sample transaction 386
[2022-07-23T16:20:20.497Z INFO  client] Sending sample transaction 387
[2022-07-23T16:20:20.547Z INFO  client] Sending sample transaction 388
[2022-07-23T16:20:20.597Z INFO  client] Sending sample transaction 389
[2022-07-23T16:20:20.647Z INFO  client] Sending sample transaction 390
[2022-07-23T16:20:20.697Z INFO  client] Sending sample transaction 391
[2022-07-23T16:20:20.749Z INFO  client] Sending sample transaction 392
[2022-07-23T16:20:20.797Z INFO  client] Sending sample transaction 393
[2022-07-23T16:20:20.847Z INFO  client] Sending sample transaction 394
[2022-07-23T16:20:20.897Z INFO  client] Sending sample transaction 395
[2022-07-23T16:20:20.947Z INFO  client] Sending sample transaction 396
[2022-07-23T16:20:20.997Z INFO  client] Sending sample transaction 397
[2022-07-23T16:20:21.047Z INFO  client] Sending sample transaction 398
[2022-07-23T16:20:21.098Z INFO  client] Sending sample transaction 399
[2022-07-23T16:20:21.147Z INFO  client] Sending sample transaction 400
[2022-07-23T16:20:21.196Z INFO  client] Sending sample transaction 401
[2022-07-23T16:20:21.247Z INFO  client] Sending sample transaction 402
[2022-07-23T16:20:21.297Z INFO  client] Sending sample transaction 403
[2022-07-23T16:20:21.347Z INFO  client] Sending sample transaction 404
[2022-07-23T16:20:21.397Z INFO  client] Sending sample transaction 405
[2022-07-23T16:20:21.447Z INFO  client] Sending sample transaction 406
[2022-07-23T16:20:21.497Z INFO  client] Sending sample transaction 407
[2022-07-23T16:20:21.548Z INFO  client] Sending sample transaction 408
[2022-07-23T16:20:21.597Z INFO  client] Sending sample transaction 409
[2022-07-23T16:20:21.647Z INFO  client] Sending sample transaction 410
[2022-07-23T16:20:21.697Z INFO  client] Sending sample transaction 411
[2022-07-23T16:20:21.748Z INFO  client] Sending sample transaction 412
[2022-07-23T16:20:21.797Z INFO  client] Sending sample transaction 413
[2022-07-23T16:20:21.848Z INFO  client] Sending sample transaction 414
[2022-07-23T16:20:21.897Z INFO  client] Sending sample transaction 415
[2022-07-23T16:20:21.947Z INFO  client] Sending sample transaction 416
[2022-07-23T16:20:21.996Z INFO  client] Sending sample transaction 417
[2022-07-23T16:20:22.047Z INFO  client] Sending sample transaction 418
[2022-07-23T16:20:22.097Z INFO  client] Sending sample transaction 419
[2022-07-23T16:20:22.146Z INFO  client] Sending sample transaction 420
[2022-07-23T16:20:22.197Z INFO  client] Sending sample transaction 421
[2022-07-23T16:20:22.247Z INFO  client] Sending sample transaction 422
[2022-07-23T16:20:22.297Z INFO  client] Sending sample transaction 423
[2022-07-23T16:20:22.348Z INFO  client] Sending sample transaction 424
[2022-07-23T16:20:22.399Z INFO  client] Sending sample transaction 425
[2022-07-23T16:20:22.457Z INFO  client] Sending sample transaction 426
[2022-07-23T16:20:22.498Z INFO  client] Sending sample transaction 427
[2022-07-23T16:20:22.547Z INFO  client] Sending sample transaction 428
[2022-07-23T16:20:22.597Z INFO  client] Sending sample transaction 429
[2022-07-23T16:20:22.646Z INFO  client] Sending sample transaction 430
[2022-07-23T16:20:22.698Z INFO  client] Sending sample transaction 431
[2022-07-23T16:20:22.748Z INFO  client] Sending sample transaction 432
[2022-07-23T16:20:22.797Z INFO  client] Sending sample transaction 433
[2022-07-23T16:20:22.853Z INFO  client] Sending sample transaction 434
[2022-07-23T16:20:22.897Z INFO  client] Sending sample transaction 435
[2022-07-23T16:20:22.947Z INFO  client] Sending sample transaction 436
[2022-07-23T16:20:23.033Z INFO  client] Sending sample transaction 437
[2022-07-23T16:20:23.114Z INFO  client] Sending sample transaction 438
[2022-07-23T16:20:23.158Z INFO  client] Sending sample transaction 439
[2022-07-23T16:20:23.159Z INFO  client] Sending sample transaction 440
[2022-07-23T16:20:23.211Z INFO  client] Sending sample transaction 441
[2022-07-23T16:20:23.261Z INFO  client] Sending sample transaction 442
[2022-07-23T16:20:23.304Z INFO  client] Sending sample transaction 443
[2022-07-23T16:20:23.348Z INFO  client] Sending sample transaction 444
[2022-07-23T16:20:23.404Z INFO  client] Sending sample transaction 445
