[2022-07-23T16:35:51.352Z INFO  client] Node address: 127.0.0.1:9016
[2022-07-23T16:35:51.352Z INFO  client] Transactions size: 512 B
[2022-07-23T16:35:51.352Z INFO  client] Transactions rate: 112 tx/s
[2022-07-23T16:35:51.352Z INFO  client] Waiting for all nodes to be online...
[2022-07-23T16:35:51.352Z INFO  client] Waiting for all nodes to be synchronized...
[2022-07-23T16:35:53.384Z INFO  client] Start sending transactions
[2022-07-23T16:35:53.392Z INFO  client] Sending sample transaction 0
[2022-07-23T16:35:53.462Z INFO  client] Sending sample transaction 1
[2022-07-23T16:35:53.496Z INFO  client] Sending sample transaction 2
[2022-07-23T16:35:53.564Z INFO  client] Sending sample transaction 3
[2022-07-23T16:35:53.601Z WARN  client] Transaction rate too high for this client
[2022-07-23T16:35:53.652Z INFO  client] Sending sample transaction 4
[2022-07-23T16:35:53.662Z INFO  client] Sending sample transaction 5
[2022-07-23T16:35:53.699Z INFO  client] Sending sample transaction 6
[2022-07-23T16:35:53.736Z INFO  client] Sending sample transaction 7
[2022-07-23T16:35:53.787Z INFO  client] Sending sample transaction 8
[2022-07-23T16:35:53.836Z INFO  client] Sending sample transaction 9
[2022-07-23T16:35:53.886Z INFO  client] Sending sample transaction 10
[2022-07-23T16:35:53.936Z INFO  client] Sending sample transaction 11
[2022-07-23T16:35:53.992Z INFO  client] Sending sample transaction 12
[2022-07-23T16:35:54.036Z INFO  client] Sending sample transaction 13
[2022-07-23T16:35:54.086Z INFO  client] Sending sample transaction 14
[2022-07-23T16:35:54.136Z INFO  client] Sending sample transaction 15
[2022-07-23T16:35:54.186Z INFO  client] Sending sample transaction 16
[2022-07-23T16:35:54.239Z INFO  client] Sending sample transaction 17
[2022-07-23T16:35:54.290Z INFO  client] Sending sample transaction 18
[2022-07-23T16:35:54.337Z INFO  client] Sending sample transaction 19
[2022-07-23T16:35:54.385Z INFO  client] Sending sample transaction 20
[2022-07-23T16:35:54.437Z INFO  client] Sending sample transaction 21
[2022-07-23T16:35:54.500Z INFO  client] Sending sample transaction 22
[2022-07-23T16:35:54.555Z INFO  client] Sending sample transaction 23
[2022-07-23T16:35:54.617Z INFO  client] Sending sample transaction 24
[2022-07-23T16:35:54.641Z INFO  client] Sending sample transaction 25
[2022-07-23T16:35:54.692Z INFO  client] Sending sample transaction 26
[2022-07-23T16:35:54.758Z INFO  client] Sending sample transaction 27
[2022-07-23T16:35:54.791Z INFO  client] Sending sample transaction 28
[2022-07-23T16:35:54.856Z INFO  client] Sending sample transaction 29
[2022-07-23T16:35:54.893Z INFO  client] Sending sample transaction 30
[2022-07-23T16:35:54.937Z INFO  client] Sending sample transaction 31
[2022-07-23T16:35:54.986Z INFO  client] Sending sample transaction 32
[2022-07-23T16:35:55.037Z INFO  client] Sending sample transaction 33
[2022-07-23T16:35:55.086Z INFO  client] Sending sample transaction 34
[2022-07-23T16:35:55.135Z INFO  client] Sending sample transaction 35
[2022-07-23T16:35:55.186Z INFO  client] Sending sample transaction 36
[2022-07-23T16:35:55.236Z INFO  client] Sending sample transaction 37
[2022-07-23T16:35:55.286Z INFO  client] Sending sample transaction 38
[2022-07-23T16:35:55.336Z INFO  client] Sending sample transaction 39
[2022-07-23T16:35:55.386Z INFO  client] Sending sample transaction 40
[2022-07-23T16:35:55.435Z INFO  client] Sending sample transaction 41
[2022-07-23T16:35:55.497Z INFO  client] Sending sample transaction 42
[2022-07-23T16:35:55.535Z INFO  client] Sending sample transaction 43
[2022-07-23T16:35:55.586Z INFO  client] Sending sample transaction 44
[2022-07-23T16:35:55.635Z INFO  client] Sending sample transaction 45
[2022-07-23T16:35:55.695Z INFO  client] Sending sample transaction 46
[2022-07-23T16:35:55.743Z INFO  client] Sending sample transaction 47
[2022-07-23T16:35:55.786Z INFO  client] Sending sample transaction 48
[2022-07-23T16:35:55.836Z INFO  client] Sending sample transaction 49
[2022-07-23T16:35:55.885Z INFO  client] Sending sample transaction 50
[2022-07-23T16:35:55.935Z INFO  client] Sending sample transaction 51
[2022-07-23T16:35:55.986Z INFO  client] Sending sample transaction 52
[2022-07-23T16:35:56.054Z INFO  client] Sending sample transaction 53
[2022-07-23T16:35:56.090Z INFO  client] Sending sample transaction 54
[2022-07-23T16:35:56.162Z INFO  client] Sending sample transaction 55
[2022-07-23T16:35:56.195Z INFO  client] Sending sample transaction 56
[2022-07-23T16:35:56.236Z INFO  client] Sending sample transaction 57
[2022-07-23T16:35:56.285Z INFO  client] Sending sample transaction 58
[2022-07-23T16:35:56.337Z INFO  client] Sending sample transaction 59
[2022-07-23T16:35:56.414Z INFO  client] Sending sample transaction 60
[2022-07-23T16:35:56.440Z INFO  client] Sending sample transaction 61
[2022-07-23T16:35:56.486Z INFO  client] Sending sample transaction 62
[2022-07-23T16:35:56.536Z INFO  client] Sending sample transaction 63
[2022-07-23T16:35:56.586Z INFO  client] Sending sample transaction 64
[2022-07-23T16:35:56.635Z INFO  client] Sending sample transaction 65
[2022-07-23T16:35:56.685Z INFO  client] Sending sample transaction 66
[2022-07-23T16:35:56.745Z INFO  client] Sending sample transaction 67
[2022-07-23T16:35:56.786Z INFO  client] Sending sample transaction 68
[2022-07-23T16:35:56.859Z INFO  client] Sending sample transaction 69
[2022-07-23T16:35:56.886Z INFO  client] Sending sample transaction 70
[2022-07-23T16:35:56.935Z INFO  client] Sending sample transaction 71
[2022-07-23T16:35:56.986Z INFO  client] Sending sample transaction 72
[2022-07-23T16:35:57.036Z INFO  client] Sending sample transaction 73
[2022-07-23T16:35:57.087Z INFO  client] Sending sample transaction 74
[2022-07-23T16:35:57.135Z INFO  client] Sending sample transaction 75
[2022-07-23T16:35:57.186Z INFO  client] Sending sample transaction 76
[2022-07-23T16:35:57.236Z INFO  client] Sending sample transaction 77
[2022-07-23T16:35:57.286Z INFO  client] Sending sample transaction 78
[2022-07-23T16:35:57.336Z INFO  client] Sending sample transaction 79
[2022-07-23T16:35:57.385Z INFO  client] Sending sample transaction 80
[2022-07-23T16:35:57.436Z INFO  client] Sending sample transaction 81
[2022-07-23T16:35:57.503Z INFO  client] Sending sample transaction 82
[2022-07-23T16:35:57.543Z INFO  client] Sending sample transaction 83
[2022-07-23T16:35:57.597Z INFO  client] Sending sample transaction 84
[2022-07-23T16:35:57.652Z INFO  client] Sending sample transaction 85
[2022-07-23T16:35:57.686Z INFO  client] Sending sample transaction 86
[2022-07-23T16:35:57.735Z INFO  client] Sending sample transaction 87
[2022-07-23T16:35:57.787Z INFO  client] Sending sample transaction 88
[2022-07-23T16:35:57.836Z INFO  client] Sending sample transaction 89
[2022-07-23T16:35:57.886Z INFO  client] Sending sample transaction 90
[2022-07-23T16:35:57.936Z INFO  client] Sending sample transaction 91
[2022-07-23T16:35:57.985Z INFO  client] Sending sample transaction 92
[2022-07-23T16:35:58.036Z INFO  client] Sending sample transaction 93
[2022-07-23T16:35:58.085Z INFO  client] Sending sample transaction 94
[2022-07-23T16:35:58.136Z INFO  client] Sending sample transaction 95
[2022-07-23T16:35:58.185Z INFO  client] Sending sample transaction 96
[2022-07-23T16:35:58.235Z INFO  client] Sending sample transaction 97
[2022-07-23T16:35:58.286Z INFO  client] Sending sample transaction 98
[2022-07-23T16:35:58.338Z INFO  client] Sending sample transaction 99
[2022-07-23T16:35:58.385Z INFO  client] Sending sample transaction 100
[2022-07-23T16:35:58.435Z INFO  client] Sending sample transaction 101
[2022-07-23T16:35:58.488Z INFO  client] Sending sample transaction 102
[2022-07-23T16:35:58.537Z INFO  client] Sending sample transaction 103
[2022-07-23T16:35:58.600Z INFO  client] Sending sample transaction 104
[2022-07-23T16:35:58.635Z INFO  client] Sending sample transaction 105
[2022-07-23T16:35:58.685Z INFO  client] Sending sample transaction 106
[2022-07-23T16:35:58.736Z INFO  client] Sending sample transaction 107
[2022-07-23T16:35:58.786Z INFO  client] Sending sample transaction 108
[2022-07-23T16:35:58.837Z INFO  client] Sending sample transaction 109
[2022-07-23T16:35:58.885Z INFO  client] Sending sample transaction 110
[2022-07-23T16:35:58.942Z INFO  client] Sending sample transaction 111
[2022-07-23T16:35:58.985Z INFO  client] Sending sample transaction 112
[2022-07-23T16:35:59.038Z INFO  client] Sending sample transaction 113
[2022-07-23T16:35:59.085Z INFO  client] Sending sample transaction 114
[2022-07-23T16:35:59.135Z INFO  client] Sending sample transaction 115
[2022-07-23T16:35:59.185Z INFO  client] Sending sample transaction 116
[2022-07-23T16:35:59.235Z INFO  client] Sending sample transaction 117
[2022-07-23T16:35:59.286Z INFO  client] Sending sample transaction 118
[2022-07-23T16:35:59.337Z INFO  client] Sending sample transaction 119
[2022-07-23T16:35:59.385Z INFO  client] Sending sample transaction 120
[2022-07-23T16:35:59.436Z INFO  client] Sending sample transaction 121
[2022-07-23T16:35:59.485Z INFO  client] Sending sample transaction 122
[2022-07-23T16:35:59.536Z INFO  client] Sending sample transaction 123
[2022-07-23T16:35:59.596Z INFO  client] Sending sample transaction 124
[2022-07-23T16:35:59.661Z INFO  client] Sending sample transaction 125
[2022-07-23T16:35:59.686Z INFO  client] Sending sample transaction 126
[2022-07-23T16:35:59.737Z INFO  client] Sending sample transaction 127
[2022-07-23T16:35:59.786Z INFO  client] Sending sample transaction 128
[2022-07-23T16:35:59.836Z INFO  client] Sending sample transaction 129
[2022-07-23T16:35:59.886Z INFO  client] Sending sample transaction 130
[2022-07-23T16:35:59.935Z INFO  client] Sending sample transaction 131
[2022-07-23T16:35:59.995Z INFO  client] Sending sample transaction 132
[2022-07-23T16:36:00.035Z INFO  client] Sending sample transaction 133
[2022-07-23T16:36:00.086Z INFO  client] Sending sample transaction 134
[2022-07-23T16:36:00.136Z INFO  client] Sending sample transaction 135
[2022-07-23T16:36:00.185Z INFO  client] Sending sample transaction 136
[2022-07-23T16:36:00.236Z INFO  client] Sending sample transaction 137
[2022-07-23T16:36:00.286Z INFO  client] Sending sample transaction 138
[2022-07-23T16:36:00.335Z INFO  client] Sending sample transaction 139
[2022-07-23T16:36:00.385Z INFO  client] Sending sample transaction 140
[2022-07-23T16:36:00.436Z INFO  client] Sending sample transaction 141
[2022-07-23T16:36:00.485Z INFO  client] Sending sample transaction 142
[2022-07-23T16:36:00.535Z INFO  client] Sending sample transaction 143
[2022-07-23T16:36:00.586Z INFO  client] Sending sample transaction 144
[2022-07-23T16:36:00.636Z INFO  client] Sending sample transaction 145
[2022-07-23T16:36:00.685Z INFO  client] Sending sample transaction 146
[2022-07-23T16:36:00.736Z INFO  client] Sending sample transaction 147
[2022-07-23T16:36:00.786Z INFO  client] Sending sample transaction 148
[2022-07-23T16:36:00.836Z INFO  client] Sending sample transaction 149
[2022-07-23T16:36:00.908Z INFO  client] Sending sample transaction 150
[2022-07-23T16:36:00.956Z INFO  client] Sending sample transaction 151
[2022-07-23T16:36:01.013Z INFO  client] Sending sample transaction 152
[2022-07-23T16:36:01.042Z INFO  client] Sending sample transaction 153
[2022-07-23T16:36:01.096Z INFO  client] Sending sample transaction 154
[2022-07-23T16:36:01.144Z INFO  client] Sending sample transaction 155
[2022-07-23T16:36:01.189Z INFO  client] Sending sample transaction 156
[2022-07-23T16:36:01.236Z INFO  client] Sending sample transaction 157
[2022-07-23T16:36:01.285Z INFO  client] Sending sample transaction 158
[2022-07-23T16:36:01.336Z INFO  client] Sending sample transaction 159
[2022-07-23T16:36:01.385Z INFO  client] Sending sample transaction 160
[2022-07-23T16:36:01.436Z INFO  client] Sending sample transaction 161
[2022-07-23T16:36:01.486Z INFO  client] Sending sample transaction 162
[2022-07-23T16:36:01.536Z INFO  client] Sending sample transaction 163
[2022-07-23T16:36:01.586Z INFO  client] Sending sample transaction 164
[2022-07-23T16:36:01.635Z INFO  client] Sending sample transaction 165
[2022-07-23T16:36:01.686Z INFO  client] Sending sample transaction 166
[2022-07-23T16:36:01.736Z INFO  client] Sending sample transaction 167
[2022-07-23T16:36:01.786Z INFO  client] Sending sample transaction 168
[2022-07-23T16:36:01.835Z INFO  client] Sending sample transaction 169
[2022-07-23T16:36:01.885Z INFO  client] Sending sample transaction 170
[2022-07-23T16:36:01.936Z INFO  client] Sending sample transaction 171
[2022-07-23T16:36:01.986Z INFO  client] Sending sample transaction 172
[2022-07-23T16:36:02.035Z INFO  client] Sending sample transaction 173
[2022-07-23T16:36:02.086Z INFO  client] Sending sample transaction 174
[2022-07-23T16:36:02.135Z INFO  client] Sending sample transaction 175
[2022-07-23T16:36:02.187Z INFO  client] Sending sample transaction 176
[2022-07-23T16:36:02.244Z INFO  client] Sending sample transaction 177
[2022-07-23T16:36:02.304Z INFO  client] Sending sample transaction 178
[2022-07-23T16:36:02.335Z INFO  client] Sending sample transaction 179
[2022-07-23T16:36:02.385Z INFO  client] Sending sample transaction 180
[2022-07-23T16:36:02.436Z INFO  client] Sending sample transaction 181
[2022-07-23T16:36:02.485Z INFO  client] Sending sample transaction 182
[2022-07-23T16:36:02.535Z INFO  client] Sending sample transaction 183
[2022-07-23T16:36:02.586Z INFO  client] Sending sample transaction 184
[2022-07-23T16:36:02.635Z INFO  client] Sending sample transaction 185
[2022-07-23T16:36:02.686Z INFO  client] Sending sample transaction 186
[2022-07-23T16:36:02.736Z INFO  client] Sending sample transaction 187
[2022-07-23T16:36:02.786Z INFO  client] Sending sample transaction 188
[2022-07-23T16:36:02.836Z INFO  client] Sending sample transaction 189
[2022-07-23T16:36:02.885Z INFO  client] Sending sample transaction 190
[2022-07-23T16:36:02.935Z INFO  client] Sending sample transaction 191
[2022-07-23T16:36:02.986Z INFO  client] Sending sample transaction 192
[2022-07-23T16:36:03.036Z INFO  client] Sending sample transaction 193
[2022-07-23T16:36:03.086Z INFO  client] Sending sample transaction 194
[2022-07-23T16:36:03.136Z INFO  client] Sending sample transaction 195
[2022-07-23T16:36:03.186Z INFO  client] Sending sample transaction 196
[2022-07-23T16:36:03.244Z INFO  client] Sending sample transaction 197
[2022-07-23T16:36:03.286Z INFO  client] Sending sample transaction 198
[2022-07-23T16:36:03.337Z INFO  client] Sending sample transaction 199
[2022-07-23T16:36:03.386Z INFO  client] Sending sample transaction 200
[2022-07-23T16:36:03.436Z INFO  client] Sending sample transaction 201
[2022-07-23T16:36:03.487Z INFO  client] Sending sample transaction 202
[2022-07-23T16:36:03.536Z INFO  client] Sending sample transaction 203
[2022-07-23T16:36:03.599Z INFO  client] Sending sample transaction 204
[2022-07-23T16:36:03.652Z INFO  client] Sending sample transaction 205
[2022-07-23T16:36:03.704Z INFO  client] Sending sample transaction 206
[2022-07-23T16:36:03.739Z INFO  client] Sending sample transaction 207
[2022-07-23T16:36:03.786Z INFO  client] Sending sample transaction 208
[2022-07-23T16:36:03.841Z INFO  client] Sending sample transaction 209
[2022-07-23T16:36:03.886Z INFO  client] Sending sample transaction 210
[2022-07-23T16:36:03.936Z INFO  client] Sending sample transaction 211
[2022-07-23T16:36:03.992Z INFO  client] Sending sample transaction 212
[2022-07-23T16:36:04.036Z INFO  client] Sending sample transaction 213
[2022-07-23T16:36:04.086Z INFO  client] Sending sample transaction 214
[2022-07-23T16:36:04.136Z INFO  client] Sending sample transaction 215
[2022-07-23T16:36:04.185Z INFO  client] Sending sample transaction 216
[2022-07-23T16:36:04.236Z INFO  client] Sending sample transaction 217
[2022-07-23T16:36:04.288Z INFO  client] Sending sample transaction 218
[2022-07-23T16:36:04.336Z INFO  client] Sending sample transaction 219
[2022-07-23T16:36:04.385Z INFO  client] Sending sample transaction 220
[2022-07-23T16:36:04.435Z INFO  client] Sending sample transaction 221
[2022-07-23T16:36:04.486Z INFO  client] Sending sample transaction 222
[2022-07-23T16:36:04.535Z INFO  client] Sending sample transaction 223
[2022-07-23T16:36:04.585Z INFO  client] Sending sample transaction 224
[2022-07-23T16:36:04.641Z INFO  client] Sending sample transaction 225
[2022-07-23T16:36:04.686Z INFO  client] Sending sample transaction 226
[2022-07-23T16:36:04.736Z INFO  client] Sending sample transaction 227
[2022-07-23T16:36:04.785Z INFO  client] Sending sample transaction 228
[2022-07-23T16:36:04.836Z INFO  client] Sending sample transaction 229
[2022-07-23T16:36:04.885Z INFO  client] Sending sample transaction 230
[2022-07-23T16:36:04.936Z INFO  client] Sending sample transaction 231
[2022-07-23T16:36:04.986Z INFO  client] Sending sample transaction 232
[2022-07-23T16:36:05.036Z INFO  client] Sending sample transaction 233
[2022-07-23T16:36:05.085Z INFO  client] Sending sample transaction 234
[2022-07-23T16:36:05.136Z INFO  client] Sending sample transaction 235
[2022-07-23T16:36:05.185Z INFO  client] Sending sample transaction 236
[2022-07-23T16:36:05.236Z INFO  client] Sending sample transaction 237
[2022-07-23T16:36:05.285Z INFO  client] Sending sample transaction 238
[2022-07-23T16:36:05.336Z INFO  client] Sending sample transaction 239
[2022-07-23T16:36:05.385Z INFO  client] Sending sample transaction 240
[2022-07-23T16:36:05.436Z INFO  client] Sending sample transaction 241
[2022-07-23T16:36:05.486Z INFO  client] Sending sample transaction 242
[2022-07-23T16:36:05.535Z INFO  client] Sending sample transaction 243
[2022-07-23T16:36:05.586Z INFO  client] Sending sample transaction 244
[2022-07-23T16:36:05.636Z INFO  client] Sending sample transaction 245
[2022-07-23T16:36:05.686Z INFO  client] Sending sample transaction 246
[2022-07-23T16:36:05.735Z INFO  client] Sending sample transaction 247
[2022-07-23T16:36:05.785Z INFO  client] Sending sample transaction 248
[2022-07-23T16:36:05.835Z INFO  client] Sending sample transaction 249
[2022-07-23T16:36:05.887Z INFO  client] Sending sample transaction 250
[2022-07-23T16:36:05.935Z INFO  client] Sending sample transaction 251
[2022-07-23T16:36:05.985Z INFO  client] Sending sample transaction 252
[2022-07-23T16:36:06.036Z INFO  client] Sending sample transaction 253
[2022-07-23T16:36:06.085Z INFO  client] Sending sample transaction 254
[2022-07-23T16:36:06.135Z INFO  client] Sending sample transaction 255
[2022-07-23T16:36:06.185Z INFO  client] Sending sample transaction 256
[2022-07-23T16:36:06.241Z INFO  client] Sending sample transaction 257
[2022-07-23T16:36:06.306Z INFO  client] Sending sample transaction 258
[2022-07-23T16:36:06.335Z INFO  client] Sending sample transaction 259
[2022-07-23T16:36:06.385Z INFO  client] Sending sample transaction 260
[2022-07-23T16:36:06.436Z INFO  client] Sending sample transaction 261
[2022-07-23T16:36:06.486Z INFO  client] Sending sample transaction 262
[2022-07-23T16:36:06.535Z INFO  client] Sending sample transaction 263
[2022-07-23T16:36:06.586Z INFO  client] Sending sample transaction 264
[2022-07-23T16:36:06.635Z INFO  client] Sending sample transaction 265
[2022-07-23T16:36:06.685Z INFO  client] Sending sample transaction 266
[2022-07-23T16:36:06.735Z INFO  client] Sending sample transaction 267
[2022-07-23T16:36:06.785Z INFO  client] Sending sample transaction 268
[2022-07-23T16:36:06.836Z INFO  client] Sending sample transaction 269
[2022-07-23T16:36:06.885Z INFO  client] Sending sample transaction 270
[2022-07-23T16:36:06.935Z INFO  client] Sending sample transaction 271
[2022-07-23T16:36:06.985Z INFO  client] Sending sample transaction 272
[2022-07-23T16:36:07.036Z INFO  client] Sending sample transaction 273
[2022-07-23T16:36:07.085Z INFO  client] Sending sample transaction 274
[2022-07-23T16:36:07.135Z INFO  client] Sending sample transaction 275
[2022-07-23T16:36:07.201Z INFO  client] Sending sample transaction 276
[2022-07-23T16:36:07.246Z INFO  client] Sending sample transaction 277
[2022-07-23T16:36:07.286Z INFO  client] Sending sample transaction 278
[2022-07-23T16:36:07.337Z INFO  client] Sending sample transaction 279
[2022-07-23T16:36:07.416Z INFO  client] Sending sample transaction 280
[2022-07-23T16:36:07.448Z INFO  client] Sending sample transaction 281
[2022-07-23T16:36:07.486Z INFO  client] Sending sample transaction 282
[2022-07-23T16:36:07.541Z INFO  client] Sending sample transaction 283
[2022-07-23T16:36:07.585Z INFO  client] Sending sample transaction 284
[2022-07-23T16:36:07.636Z INFO  client] Sending sample transaction 285
[2022-07-23T16:36:07.686Z INFO  client] Sending sample transaction 286
[2022-07-23T16:36:07.735Z INFO  client] Sending sample transaction 287
[2022-07-23T16:36:07.786Z INFO  client] Sending sample transaction 288
[2022-07-23T16:36:07.836Z INFO  client] Sending sample transaction 289
[2022-07-23T16:36:07.885Z INFO  client] Sending sample transaction 290
[2022-07-23T16:36:07.936Z INFO  client] Sending sample transaction 291
[2022-07-23T16:36:07.985Z INFO  client] Sending sample transaction 292
[2022-07-23T16:36:08.036Z INFO  client] Sending sample transaction 293
[2022-07-23T16:36:08.085Z INFO  client] Sending sample transaction 294
[2022-07-23T16:36:08.136Z INFO  client] Sending sample transaction 295
[2022-07-23T16:36:08.186Z INFO  client] Sending sample transaction 296
[2022-07-23T16:36:08.235Z INFO  client] Sending sample transaction 297
[2022-07-23T16:36:08.286Z INFO  client] Sending sample transaction 298
[2022-07-23T16:36:08.336Z INFO  client] Sending sample transaction 299
[2022-07-23T16:36:08.386Z INFO  client] Sending sample transaction 300
[2022-07-23T16:36:08.435Z INFO  client] Sending sample transaction 301
[2022-07-23T16:36:08.486Z INFO  client] Sending sample transaction 302
[2022-07-23T16:36:08.535Z INFO  client] Sending sample transaction 303
[2022-07-23T16:36:08.586Z INFO  client] Sending sample transaction 304
[2022-07-23T16:36:08.636Z INFO  client] Sending sample transaction 305
[2022-07-23T16:36:08.685Z INFO  client] Sending sample transaction 306
[2022-07-23T16:36:08.736Z INFO  client] Sending sample transaction 307
[2022-07-23T16:36:08.785Z INFO  client] Sending sample transaction 308
[2022-07-23T16:36:08.836Z INFO  client] Sending sample transaction 309
[2022-07-23T16:36:08.885Z INFO  client] Sending sample transaction 310
[2022-07-23T16:36:08.944Z INFO  client] Sending sample transaction 311
[2022-07-23T16:36:09.009Z INFO  client] Sending sample transaction 312
[2022-07-23T16:36:09.036Z INFO  client] Sending sample transaction 313
[2022-07-23T16:36:09.085Z INFO  client] Sending sample transaction 314
[2022-07-23T16:36:09.135Z INFO  client] Sending sample transaction 315
[2022-07-23T16:36:09.186Z INFO  client] Sending sample transaction 316
[2022-07-23T16:36:09.236Z INFO  client] Sending sample transaction 317
[2022-07-23T16:36:09.285Z INFO  client] Sending sample transaction 318
[2022-07-23T16:36:09.335Z INFO  client] Sending sample transaction 319
[2022-07-23T16:36:09.386Z INFO  client] Sending sample transaction 320
[2022-07-23T16:36:09.436Z INFO  client] Sending sample transaction 321
[2022-07-23T16:36:09.486Z INFO  client] Sending sample transaction 322
[2022-07-23T16:36:09.536Z INFO  client] Sending sample transaction 323
[2022-07-23T16:36:09.597Z INFO  client] Sending sample transaction 324
[2022-07-23T16:36:09.636Z INFO  client] Sending sample transaction 325
[2022-07-23T16:36:09.686Z INFO  client] Sending sample transaction 326
[2022-07-23T16:36:09.736Z INFO  client] Sending sample transaction 327
[2022-07-23T16:36:09.786Z INFO  client] Sending sample transaction 328
[2022-07-23T16:36:09.836Z INFO  client] Sending sample transaction 329
[2022-07-23T16:36:09.885Z INFO  client] Sending sample transaction 330
[2022-07-23T16:36:09.961Z INFO  client] Sending sample transaction 331
[2022-07-23T16:36:09.996Z INFO  client] Sending sample transaction 332
[2022-07-23T16:36:10.035Z INFO  client] Sending sample transaction 333
[2022-07-23T16:36:10.085Z INFO  client] Sending sample transaction 334
[2022-07-23T16:36:10.138Z INFO  client] Sending sample transaction 335
[2022-07-23T16:36:10.186Z INFO  client] Sending sample transaction 336
[2022-07-23T16:36:10.236Z INFO  client] Sending sample transaction 337
[2022-07-23T16:36:10.286Z INFO  client] Sending sample transaction 338
[2022-07-23T16:36:10.335Z INFO  client] Sending sample transaction 339
[2022-07-23T16:36:10.386Z INFO  client] Sending sample transaction 340
[2022-07-23T16:36:10.435Z INFO  client] Sending sample transaction 341
[2022-07-23T16:36:10.486Z INFO  client] Sending sample transaction 342
[2022-07-23T16:36:10.535Z INFO  client] Sending sample transaction 343
[2022-07-23T16:36:10.585Z INFO  client] Sending sample transaction 344
[2022-07-23T16:36:10.637Z INFO  client] Sending sample transaction 345
[2022-07-23T16:36:10.685Z INFO  client] Sending sample transaction 346
[2022-07-23T16:36:10.736Z INFO  client] Sending sample transaction 347
[2022-07-23T16:36:10.787Z INFO  client] Sending sample transaction 348
[2022-07-23T16:36:10.836Z INFO  client] Sending sample transaction 349
[2022-07-23T16:36:10.886Z INFO  client] Sending sample transaction 350
[2022-07-23T16:36:10.935Z INFO  client] Sending sample transaction 351
[2022-07-23T16:36:10.985Z INFO  client] Sending sample transaction 352
[2022-07-23T16:36:11.035Z INFO  client] Sending sample transaction 353
[2022-07-23T16:36:11.085Z INFO  client] Sending sample transaction 354
[2022-07-23T16:36:11.135Z INFO  client] Sending sample transaction 355
[2022-07-23T16:36:11.185Z INFO  client] Sending sample transaction 356
[2022-07-23T16:36:11.235Z INFO  client] Sending sample transaction 357
[2022-07-23T16:36:11.286Z INFO  client] Sending sample transaction 358
[2022-07-23T16:36:11.372Z INFO  client] Sending sample transaction 359
[2022-07-23T16:36:11.415Z INFO  client] Sending sample transaction 360
[2022-07-23T16:36:11.436Z INFO  client] Sending sample transaction 361
[2022-07-23T16:36:11.485Z INFO  client] Sending sample transaction 362
[2022-07-23T16:36:11.536Z INFO  client] Sending sample transaction 363
[2022-07-23T16:36:11.585Z INFO  client] Sending sample transaction 364
[2022-07-23T16:36:11.649Z INFO  client] Sending sample transaction 365
[2022-07-23T16:36:11.697Z INFO  client] Sending sample transaction 366
[2022-07-23T16:36:11.742Z INFO  client] Sending sample transaction 367
[2022-07-23T16:36:11.786Z INFO  client] Sending sample transaction 368
[2022-07-23T16:36:11.836Z INFO  client] Sending sample transaction 369
[2022-07-23T16:36:11.885Z INFO  client] Sending sample transaction 370
[2022-07-23T16:36:11.936Z INFO  client] Sending sample transaction 371
[2022-07-23T16:36:11.986Z INFO  client] Sending sample transaction 372
[2022-07-23T16:36:12.035Z INFO  client] Sending sample transaction 373
[2022-07-23T16:36:12.086Z INFO  client] Sending sample transaction 374
[2022-07-23T16:36:12.136Z INFO  client] Sending sample transaction 375
[2022-07-23T16:36:12.186Z INFO  client] Sending sample transaction 376
[2022-07-23T16:36:12.236Z INFO  client] Sending sample transaction 377
[2022-07-23T16:36:12.286Z INFO  client] Sending sample transaction 378
[2022-07-23T16:36:12.335Z INFO  client] Sending sample transaction 379
[2022-07-23T16:36:12.385Z INFO  client] Sending sample transaction 380
[2022-07-23T16:36:12.436Z INFO  client] Sending sample transaction 381
[2022-07-23T16:36:12.486Z INFO  client] Sending sample transaction 382
[2022-07-23T16:36:12.535Z INFO  client] Sending sample transaction 383
[2022-07-23T16:36:12.586Z INFO  client] Sending sample transaction 384
[2022-07-23T16:36:12.635Z INFO  client] Sending sample transaction 385
[2022-07-23T16:36:12.686Z INFO  client] Sending sample transaction 386
[2022-07-23T16:36:12.736Z INFO  client] Sending sample transaction 387
[2022-07-23T16:36:12.786Z INFO  client] Sending sample transaction 388
[2022-07-23T16:36:12.836Z INFO  client] Sending sample transaction 389
[2022-07-23T16:36:12.898Z INFO  client] Sending sample transaction 390
[2022-07-23T16:36:12.935Z INFO  client] Sending sample transaction 391
[2022-07-23T16:36:13.004Z INFO  client] Sending sample transaction 392
[2022-07-23T16:36:13.036Z INFO  client] Sending sample transaction 393
[2022-07-23T16:36:13.086Z INFO  client] Sending sample transaction 394
[2022-07-23T16:36:13.135Z INFO  client] Sending sample transaction 395
[2022-07-23T16:36:13.185Z INFO  client] Sending sample transaction 396
[2022-07-23T16:36:13.235Z INFO  client] Sending sample transaction 397
[2022-07-23T16:36:13.286Z INFO  client] Sending sample transaction 398
[2022-07-23T16:36:13.335Z INFO  client] Sending sample transaction 399
[2022-07-23T16:36:13.385Z INFO  client] Sending sample transaction 400
[2022-07-23T16:36:13.436Z INFO  client] Sending sample transaction 401
[2022-07-23T16:36:13.485Z INFO  client] Sending sample transaction 402
[2022-07-23T16:36:13.536Z INFO  client] Sending sample transaction 403
[2022-07-23T16:36:13.586Z INFO  client] Sending sample transaction 404
[2022-07-23T16:36:13.636Z INFO  client] Sending sample transaction 405
[2022-07-23T16:36:13.686Z INFO  client] Sending sample transaction 406
[2022-07-23T16:36:13.736Z INFO  client] Sending sample transaction 407
[2022-07-23T16:36:13.789Z INFO  client] Sending sample transaction 408
[2022-07-23T16:36:13.836Z INFO  client] Sending sample transaction 409
[2022-07-23T16:36:13.885Z INFO  client] Sending sample transaction 410
[2022-07-23T16:36:13.936Z INFO  client] Sending sample transaction 411
[2022-07-23T16:36:13.985Z INFO  client] Sending sample transaction 412
[2022-07-23T16:36:14.036Z INFO  client] Sending sample transaction 413
[2022-07-23T16:36:14.085Z INFO  client] Sending sample transaction 414
[2022-07-23T16:36:14.135Z INFO  client] Sending sample transaction 415
[2022-07-23T16:36:14.186Z INFO  client] Sending sample transaction 416
[2022-07-23T16:36:14.236Z INFO  client] Sending sample transaction 417
[2022-07-23T16:36:14.286Z INFO  client] Sending sample transaction 418
[2022-07-23T16:36:14.335Z INFO  client] Sending sample transaction 419
[2022-07-23T16:36:14.385Z INFO  client] Sending sample transaction 420
[2022-07-23T16:36:14.436Z INFO  client] Sending sample transaction 421
[2022-07-23T16:36:14.565Z INFO  client] Sending sample transaction 422
[2022-07-23T16:36:14.637Z INFO  client] Sending sample transaction 423
[2022-07-23T16:36:14.638Z INFO  client] Sending sample transaction 424
[2022-07-23T16:36:14.639Z INFO  client] Sending sample transaction 425
[2022-07-23T16:36:14.724Z INFO  client] Sending sample transaction 426
[2022-07-23T16:36:14.748Z INFO  client] Sending sample transaction 427
[2022-07-23T16:36:14.789Z INFO  client] Sending sample transaction 428
[2022-07-23T16:36:14.844Z INFO  client] Sending sample transaction 429
[2022-07-23T16:36:14.904Z INFO  client] Sending sample transaction 430
[2022-07-23T16:36:14.952Z INFO  client] Sending sample transaction 431
[2022-07-23T16:36:14.987Z INFO  client] Sending sample transaction 432
[2022-07-23T16:36:15.061Z INFO  client] Sending sample transaction 433
[2022-07-23T16:36:15.087Z INFO  client] Sending sample transaction 434
[2022-07-23T16:36:15.142Z INFO  client] Sending sample transaction 435
[2022-07-23T16:36:15.187Z INFO  client] Sending sample transaction 436
[2022-07-23T16:36:15.237Z INFO  client] Sending sample transaction 437
[2022-07-23T16:36:15.336Z INFO  client] Sending sample transaction 438
[2022-07-23T16:36:15.371Z INFO  client] Sending sample transaction 439
[2022-07-23T16:36:15.408Z INFO  client] Sending sample transaction 440
[2022-07-23T16:36:15.473Z WARN  client] Transaction rate too high for this client
[2022-07-23T16:36:15.474Z INFO  client] Sending sample transaction 441
[2022-07-23T16:36:15.500Z INFO  client] Sending sample transaction 442
[2022-07-23T16:36:15.656Z INFO  client] Sending sample transaction 443
[2022-07-23T16:36:15.669Z WARN  client] Transaction rate too high for this client
[2022-07-23T16:36:15.669Z INFO  client] Sending sample transaction 444
[2022-07-23T16:36:15.670Z INFO  client] Sending sample transaction 445
[2022-07-23T16:36:15.696Z INFO  client] Sending sample transaction 446
[2022-07-23T16:36:15.738Z INFO  client] Sending sample transaction 447
[2022-07-23T16:36:15.787Z INFO  client] Sending sample transaction 448
[2022-07-23T16:36:15.862Z INFO  client] Sending sample transaction 449
[2022-07-23T16:36:15.916Z INFO  client] Sending sample transaction 450
[2022-07-23T16:36:15.937Z INFO  client] Sending sample transaction 451
