[2022-07-23T17:18:18.602Z INFO  client] Node address: 127.0.0.1:9016
[2022-07-23T17:18:18.602Z INFO  client] Transactions size: 512 B
[2022-07-23T17:18:18.602Z INFO  client] Transactions rate: 112 tx/s
[2022-07-23T17:18:18.602Z INFO  client] Waiting for all nodes to be online...
[2022-07-23T17:18:18.602Z INFO  client] Waiting for all nodes to be synchronized...
[2022-07-23T17:18:20.696Z INFO  client] Start sending transactions
[2022-07-23T17:18:20.732Z INFO  client] Sending sample transaction 0
[2022-07-23T17:18:20.762Z INFO  client] Sending sample transaction 1
[2022-07-23T17:18:20.815Z INFO  client] Sending sample transaction 2
[2022-07-23T17:18:20.853Z INFO  client] Sending sample transaction 3
[2022-07-23T17:18:20.947Z INFO  client] Sending sample transaction 4
[2022-07-23T17:18:20.948Z INFO  client] Sending sample transaction 5
[2022-07-23T17:18:21.011Z INFO  client] Sending sample transaction 6
[2022-07-23T17:18:21.053Z INFO  client] Sending sample transaction 7
[2022-07-23T17:18:21.130Z INFO  client] Sending sample transaction 8
[2022-07-23T17:18:21.160Z INFO  client] Sending sample transaction 9
[2022-07-23T17:18:21.224Z INFO  client] Sending sample transaction 10
[2022-07-23T17:18:21.257Z INFO  client] Sending sample transaction 11
[2022-07-23T17:18:21.357Z INFO  client] Sending sample transaction 12
[2022-07-23T17:18:21.392Z WARN  client] Transaction rate too high for this client
[2022-07-23T17:18:21.392Z INFO  client] Sending sample transaction 13
[2022-07-23T17:18:21.420Z INFO  client] Sending sample transaction 14
[2022-07-23T17:18:21.515Z INFO  client] Sending sample transaction 15
[2022-07-23T17:18:21.558Z INFO  client] Sending sample transaction 16
[2022-07-23T17:18:21.559Z INFO  client] Sending sample transaction 17
[2022-07-23T17:18:21.632Z INFO  client] Sending sample transaction 18
[2022-07-23T17:18:21.706Z INFO  client] Sending sample transaction 19
[2022-07-23T17:18:21.707Z INFO  client] Sending sample transaction 20
[2022-07-23T17:18:21.773Z INFO  client] Sending sample transaction 21
[2022-07-23T17:18:21.799Z INFO  client] Sending sample transaction 22
[2022-07-23T17:18:21.849Z INFO  client] Sending sample transaction 23
[2022-07-23T17:18:21.900Z INFO  client] Sending sample transaction 24
[2022-07-23T17:18:21.950Z INFO  client] Sending sample transaction 25
[2022-07-23T17:18:21.998Z INFO  client] Sending sample transaction 26
[2022-07-23T17:18:22.047Z INFO  client] Sending sample transaction 27
[2022-07-23T17:18:22.112Z INFO  client] Sending sample transaction 28
[2022-07-23T17:18:22.148Z INFO  client] Sending sample transaction 29
[2022-07-23T17:18:22.197Z INFO  client] Sending sample transaction 30
[2022-07-23T17:18:22.249Z INFO  client] Sending sample transaction 31
[2022-07-23T17:18:22.299Z INFO  client] Sending sample transaction 32
[2022-07-23T17:18:22.351Z INFO  client] Sending sample transaction 33
[2022-07-23T17:18:22.400Z INFO  client] Sending sample transaction 34
[2022-07-23T17:18:22.448Z INFO  client] Sending sample transaction 35
[2022-07-23T17:18:22.497Z INFO  client] Sending sample transaction 36
[2022-07-23T17:18:22.590Z INFO  client] Sending sample transaction 37
[2022-07-23T17:18:22.599Z INFO  client] Sending sample transaction 38
[2022-07-23T17:18:22.658Z INFO  client] Sending sample transaction 39
[2022-07-23T17:18:22.747Z INFO  client] Sending sample transaction 40
[2022-07-23T17:18:22.770Z INFO  client] Sending sample transaction 41
[2022-07-23T17:18:22.808Z INFO  client] Sending sample transaction 42
[2022-07-23T17:18:22.848Z INFO  client] Sending sample transaction 43
[2022-07-23T17:18:22.898Z INFO  client] Sending sample transaction 44
[2022-07-23T17:18:22.953Z INFO  client] Sending sample transaction 45
[2022-07-23T17:18:23.026Z INFO  client] Sending sample transaction 46
[2022-07-23T17:18:23.047Z INFO  client] Sending sample transaction 47
[2022-07-23T17:18:23.098Z INFO  client] Sending sample transaction 48
[2022-07-23T17:18:23.148Z INFO  client] Sending sample transaction 49
[2022-07-23T17:18:23.197Z INFO  client] Sending sample transaction 50
[2022-07-23T17:18:23.247Z INFO  client] Sending sample transaction 51
[2022-07-23T17:18:23.298Z INFO  client] Sending sample transaction 52
[2022-07-23T17:18:23.348Z INFO  client] Sending sample transaction 53
[2022-07-23T17:18:23.409Z INFO  client] Sending sample transaction 54
[2022-07-23T17:18:23.454Z INFO  client] Sending sample transaction 55
[2022-07-23T17:18:23.502Z INFO  client] Sending sample transaction 56
[2022-07-23T17:18:23.547Z INFO  client] Sending sample transaction 57
[2022-07-23T17:18:23.599Z INFO  client] Sending sample transaction 58
[2022-07-23T17:18:23.648Z INFO  client] Sending sample transaction 59
[2022-07-23T17:18:23.698Z INFO  client] Sending sample transaction 60
[2022-07-23T17:18:23.747Z INFO  client] Sending sample transaction 61
[2022-07-23T17:18:23.797Z INFO  client] Sending sample transaction 62
[2022-07-23T17:18:23.848Z INFO  client] Sending sample transaction 63
[2022-07-23T17:18:23.897Z INFO  client] Sending sample transaction 64
[2022-07-23T17:18:23.985Z INFO  client] Sending sample transaction 65
[2022-07-23T17:18:24.013Z INFO  client] Sending sample transaction 66
[2022-07-23T17:18:24.077Z INFO  client] Sending sample transaction 67
[2022-07-23T17:18:24.101Z INFO  client] Sending sample transaction 68
[2022-07-23T17:18:24.148Z INFO  client] Sending sample transaction 69
[2022-07-23T17:18:24.198Z INFO  client] Sending sample transaction 70
[2022-07-23T17:18:24.248Z INFO  client] Sending sample transaction 71
[2022-07-23T17:18:24.298Z INFO  client] Sending sample transaction 72
[2022-07-23T17:18:24.347Z INFO  client] Sending sample transaction 73
[2022-07-23T17:18:24.398Z INFO  client] Sending sample transaction 74
[2022-07-23T17:18:24.447Z INFO  client] Sending sample transaction 75
[2022-07-23T17:18:24.498Z INFO  client] Sending sample transaction 76
[2022-07-23T17:18:24.548Z INFO  client] Sending sample transaction 77
[2022-07-23T17:18:24.600Z INFO  client] Sending sample transaction 78
[2022-07-23T17:18:24.648Z INFO  client] Sending sample transaction 79
[2022-07-23T17:18:24.697Z INFO  client] Sending sample transaction 80
[2022-07-23T17:18:24.747Z INFO  client] Sending sample transaction 81
[2022-07-23T17:18:24.798Z INFO  client] Sending sample transaction 82
[2022-07-23T17:18:24.848Z INFO  client] Sending sample transaction 83
[2022-07-23T17:18:24.897Z INFO  client] Sending sample transaction 84
[2022-07-23T17:18:24.948Z INFO  client] Sending sample transaction 85
[2022-07-23T17:18:24.998Z INFO  client] Sending sample transaction 86
[2022-07-23T17:18:25.048Z INFO  client] Sending sample transaction 87
[2022-07-23T17:18:25.098Z INFO  client] Sending sample transaction 88
[2022-07-23T17:18:25.148Z INFO  client] Sending sample transaction 89
[2022-07-23T17:18:25.197Z INFO  client] Sending sample transaction 90
[2022-07-23T17:18:25.276Z INFO  client] Sending sample transaction 91
[2022-07-23T17:18:25.332Z INFO  client] Sending sample transaction 92
[2022-07-23T17:18:25.349Z INFO  client] Sending sample transaction 93
[2022-07-23T17:18:25.408Z INFO  client] Sending sample transaction 94
[2022-07-23T17:18:25.447Z INFO  client] Sending sample transaction 95
[2022-07-23T17:18:25.502Z INFO  client] Sending sample transaction 96
[2022-07-23T17:18:25.564Z INFO  client] Sending sample transaction 97
[2022-07-23T17:18:25.616Z INFO  client] Sending sample transaction 98
[2022-07-23T17:18:25.658Z INFO  client] Sending sample transaction 99
[2022-07-23T17:18:25.697Z INFO  client] Sending sample transaction 100
[2022-07-23T17:18:25.749Z INFO  client] Sending sample transaction 101
[2022-07-23T17:18:25.797Z INFO  client] Sending sample transaction 102
[2022-07-23T17:18:25.848Z INFO  client] Sending sample transaction 103
[2022-07-23T17:18:25.897Z INFO  client] Sending sample transaction 104
[2022-07-23T17:18:25.948Z INFO  client] Sending sample transaction 105
[2022-07-23T17:18:25.997Z INFO  client] Sending sample transaction 106
[2022-07-23T17:18:26.047Z INFO  client] Sending sample transaction 107
[2022-07-23T17:18:26.098Z INFO  client] Sending sample transaction 108
[2022-07-23T17:18:26.148Z INFO  client] Sending sample transaction 109
[2022-07-23T17:18:26.197Z INFO  client] Sending sample transaction 110
[2022-07-23T17:18:26.247Z INFO  client] Sending sample transaction 111
[2022-07-23T17:18:26.297Z INFO  client] Sending sample transaction 112
[2022-07-23T17:18:26.348Z INFO  client] Sending sample transaction 113
[2022-07-23T17:18:26.398Z INFO  client] Sending sample transaction 114
[2022-07-23T17:18:26.448Z INFO  client] Sending sample transaction 115
[2022-07-23T17:18:26.519Z INFO  client] Sending sample transaction 116
[2022-07-23T17:18:26.563Z INFO  client] Sending sample transaction 117
[2022-07-23T17:18:26.606Z INFO  client] Sending sample transaction 118
[2022-07-23T17:18:26.648Z INFO  client] Sending sample transaction 119
[2022-07-23T17:18:26.701Z INFO  client] Sending sample transaction 120
[2022-07-23T17:18:26.753Z INFO  client] Sending sample transaction 121
[2022-07-23T17:18:26.814Z INFO  client] Sending sample transaction 122
[2022-07-23T17:18:26.848Z INFO  client] Sending sample transaction 123
[2022-07-23T17:18:26.897Z INFO  client] Sending sample transaction 124
[2022-07-23T17:18:26.947Z INFO  client] Sending sample transaction 125
[2022-07-23T17:18:26.998Z INFO  client] Sending sample transaction 126
[2022-07-23T17:18:27.048Z INFO  client] Sending sample transaction 127
[2022-07-23T17:18:27.098Z INFO  client] Sending sample transaction 128
[2022-07-23T17:18:27.148Z INFO  client] Sending sample transaction 129
[2022-07-23T17:18:27.197Z INFO  client] Sending sample transaction 130
[2022-07-23T17:18:27.248Z INFO  client] Sending sample transaction 131
[2022-07-23T17:18:27.299Z INFO  client] Sending sample transaction 132
[2022-07-23T17:18:27.348Z INFO  client] Sending sample transaction 133
[2022-07-23T17:18:27.398Z INFO  client] Sending sample transaction 134
[2022-07-23T17:18:27.447Z INFO  client] Sending sample transaction 135
[2022-07-23T17:18:27.499Z INFO  client] Sending sample transaction 136
[2022-07-23T17:18:27.743Z INFO  client] Sending sample transaction 137
[2022-07-23T17:18:27.878Z INFO  client] Sending sample transaction 138
[2022-07-23T17:18:27.878Z INFO  client] Sending sample transaction 139
[2022-07-23T17:18:27.878Z INFO  client] Sending sample transaction 140
[2022-07-23T17:18:27.913Z INFO  client] Sending sample transaction 141
[2022-07-23T17:18:27.935Z INFO  client] Sending sample transaction 142
[2022-07-23T17:18:27.936Z INFO  client] Sending sample transaction 143
[2022-07-23T17:18:27.937Z INFO  client] Sending sample transaction 144
[2022-07-23T17:18:27.957Z INFO  client] Sending sample transaction 145
[2022-07-23T17:18:28.010Z INFO  client] Sending sample transaction 146
[2022-07-23T17:18:28.053Z INFO  client] Sending sample transaction 147
[2022-07-23T17:18:28.101Z INFO  client] Sending sample transaction 148
[2022-07-23T17:18:28.148Z INFO  client] Sending sample transaction 149
[2022-07-23T17:18:28.197Z INFO  client] Sending sample transaction 150
[2022-07-23T17:18:28.248Z INFO  client] Sending sample transaction 151
[2022-07-23T17:18:28.298Z INFO  client] Sending sample transaction 152
[2022-07-23T17:18:28.349Z INFO  client] Sending sample transaction 153
[2022-07-23T17:18:28.397Z INFO  client] Sending sample transaction 154
[2022-07-23T17:18:28.448Z INFO  client] Sending sample transaction 155
[2022-07-23T17:18:28.497Z INFO  client] Sending sample transaction 156
[2022-07-23T17:18:28.547Z INFO  client] Sending sample transaction 157
[2022-07-23T17:18:28.598Z INFO  client] Sending sample transaction 158
[2022-07-23T17:18:28.647Z INFO  client] Sending sample transaction 159
[2022-07-23T17:18:28.697Z INFO  client] Sending sample transaction 160
[2022-07-23T17:18:28.748Z INFO  client] Sending sample transaction 161
[2022-07-23T17:18:28.798Z INFO  client] Sending sample transaction 162
[2022-07-23T17:18:28.848Z INFO  client] Sending sample transaction 163
[2022-07-23T17:18:28.898Z INFO  client] Sending sample transaction 164
[2022-07-23T17:18:28.947Z INFO  client] Sending sample transaction 165
[2022-07-23T17:18:28.997Z INFO  client] Sending sample transaction 166
[2022-07-23T17:18:29.049Z INFO  client] Sending sample transaction 167
[2022-07-23T17:18:29.116Z INFO  client] Sending sample transaction 168
[2022-07-23T17:18:29.161Z INFO  client] Sending sample transaction 169
[2022-07-23T17:18:29.213Z INFO  client] Sending sample transaction 170
[2022-07-23T17:18:29.263Z INFO  client] Sending sample transaction 171
[2022-07-23T17:18:29.297Z INFO  client] Sending sample transaction 172
[2022-07-23T17:18:29.348Z INFO  client] Sending sample transaction 173
[2022-07-23T17:18:29.399Z INFO  client] Sending sample transaction 174
[2022-07-23T17:18:29.447Z INFO  client] Sending sample transaction 175
[2022-07-23T17:18:29.497Z INFO  client] Sending sample transaction 176
[2022-07-23T17:18:29.548Z INFO  client] Sending sample transaction 177
[2022-07-23T17:18:29.598Z INFO  client] Sending sample transaction 178
[2022-07-23T17:18:29.648Z INFO  client] Sending sample transaction 179
[2022-07-23T17:18:29.698Z INFO  client] Sending sample transaction 180
[2022-07-23T17:18:29.747Z INFO  client] Sending sample transaction 181
[2022-07-23T17:18:29.798Z INFO  client] Sending sample transaction 182
[2022-07-23T17:18:29.850Z INFO  client] Sending sample transaction 183
[2022-07-23T17:18:29.897Z INFO  client] Sending sample transaction 184
[2022-07-23T17:18:29.948Z INFO  client] Sending sample transaction 185
[2022-07-23T17:18:29.998Z INFO  client] Sending sample transaction 186
[2022-07-23T17:18:30.062Z INFO  client] Sending sample transaction 187
[2022-07-23T17:18:30.108Z INFO  client] Sending sample transaction 188
[2022-07-23T17:18:30.149Z INFO  client] Sending sample transaction 189
[2022-07-23T17:18:30.197Z INFO  client] Sending sample transaction 190
[2022-07-23T17:18:30.247Z INFO  client] Sending sample transaction 191
[2022-07-23T17:18:30.297Z INFO  client] Sending sample transaction 192
[2022-07-23T17:18:30.348Z INFO  client] Sending sample transaction 193
[2022-07-23T17:18:30.398Z INFO  client] Sending sample transaction 194
[2022-07-23T17:18:30.461Z INFO  client] Sending sample transaction 195
[2022-07-23T17:18:30.510Z INFO  client] Sending sample transaction 196
[2022-07-23T17:18:30.563Z INFO  client] Sending sample transaction 197
[2022-07-23T17:18:30.598Z INFO  client] Sending sample transaction 198
[2022-07-23T17:18:30.653Z INFO  client] Sending sample transaction 199
[2022-07-23T17:18:30.697Z INFO  client] Sending sample transaction 200
[2022-07-23T17:18:30.747Z INFO  client] Sending sample transaction 201
[2022-07-23T17:18:30.797Z INFO  client] Sending sample transaction 202
[2022-07-23T17:18:30.848Z INFO  client] Sending sample transaction 203
[2022-07-23T17:18:30.898Z INFO  client] Sending sample transaction 204
[2022-07-23T17:18:30.947Z INFO  client] Sending sample transaction 205
[2022-07-23T17:18:30.998Z INFO  client] Sending sample transaction 206
[2022-07-23T17:18:31.047Z INFO  client] Sending sample transaction 207
[2022-07-23T17:18:31.097Z INFO  client] Sending sample transaction 208
[2022-07-23T17:18:31.149Z INFO  client] Sending sample transaction 209
[2022-07-23T17:18:31.196Z INFO  client] Sending sample transaction 210
[2022-07-23T17:18:31.248Z INFO  client] Sending sample transaction 211
[2022-07-23T17:18:31.298Z INFO  client] Sending sample transaction 212
[2022-07-23T17:18:31.347Z INFO  client] Sending sample transaction 213
[2022-07-23T17:18:31.397Z INFO  client] Sending sample transaction 214
[2022-07-23T17:18:31.447Z INFO  client] Sending sample transaction 215
[2022-07-23T17:18:31.497Z INFO  client] Sending sample transaction 216
[2022-07-23T17:18:31.547Z INFO  client] Sending sample transaction 217
[2022-07-23T17:18:31.597Z INFO  client] Sending sample transaction 218
[2022-07-23T17:18:31.647Z INFO  client] Sending sample transaction 219
[2022-07-23T17:18:31.718Z INFO  client] Sending sample transaction 220
[2022-07-23T17:18:31.765Z INFO  client] Sending sample transaction 221
[2022-07-23T17:18:31.846Z INFO  client] Sending sample transaction 222
[2022-07-23T17:18:31.853Z INFO  client] Sending sample transaction 223
[2022-07-23T17:18:31.901Z INFO  client] Sending sample transaction 224
[2022-07-23T17:18:31.947Z INFO  client] Sending sample transaction 225
[2022-07-23T17:18:31.998Z INFO  client] Sending sample transaction 226
[2022-07-23T17:18:32.048Z INFO  client] Sending sample transaction 227
[2022-07-23T17:18:32.098Z INFO  client] Sending sample transaction 228
[2022-07-23T17:18:32.148Z INFO  client] Sending sample transaction 229
[2022-07-23T17:18:32.205Z INFO  client] Sending sample transaction 230
[2022-07-23T17:18:32.250Z INFO  client] Sending sample transaction 231
[2022-07-23T17:18:32.298Z INFO  client] Sending sample transaction 232
[2022-07-23T17:18:32.350Z INFO  client] Sending sample transaction 233
[2022-07-23T17:18:32.397Z INFO  client] Sending sample transaction 234
[2022-07-23T17:18:32.447Z INFO  client] Sending sample transaction 235
[2022-07-23T17:18:32.497Z INFO  client] Sending sample transaction 236
[2022-07-23T17:18:32.548Z INFO  client] Sending sample transaction 237
[2022-07-23T17:18:32.597Z INFO  client] Sending sample transaction 238
[2022-07-23T17:18:32.647Z INFO  client] Sending sample transaction 239
[2022-07-23T17:18:32.698Z INFO  client] Sending sample transaction 240
[2022-07-23T17:18:32.747Z INFO  client] Sending sample transaction 241
[2022-07-23T17:18:32.798Z INFO  client] Sending sample transaction 242
[2022-07-23T17:18:32.848Z INFO  client] Sending sample transaction 243
[2022-07-23T17:18:32.897Z INFO  client] Sending sample transaction 244
[2022-07-23T17:18:32.948Z INFO  client] Sending sample transaction 245
[2022-07-23T17:18:32.997Z INFO  client] Sending sample transaction 246
[2022-07-23T17:18:33.048Z INFO  client] Sending sample transaction 247
[2022-07-23T17:18:33.124Z INFO  client] Sending sample transaction 248
[2022-07-23T17:18:33.167Z INFO  client] Sending sample transaction 249
[2022-07-23T17:18:33.197Z INFO  client] Sending sample transaction 250
[2022-07-23T17:18:33.251Z INFO  client] Sending sample transaction 251
[2022-07-23T17:18:33.297Z INFO  client] Sending sample transaction 252
[2022-07-23T17:18:33.348Z INFO  client] Sending sample transaction 253
[2022-07-23T17:18:33.399Z INFO  client] Sending sample transaction 254
[2022-07-23T17:18:33.447Z INFO  client] Sending sample transaction 255
[2022-07-23T17:18:33.497Z INFO  client] Sending sample transaction 256
[2022-07-23T17:18:33.548Z INFO  client] Sending sample transaction 257
[2022-07-23T17:18:33.597Z INFO  client] Sending sample transaction 258
[2022-07-23T17:18:33.648Z INFO  client] Sending sample transaction 259
[2022-07-23T17:18:33.698Z INFO  client] Sending sample transaction 260
[2022-07-23T17:18:33.747Z INFO  client] Sending sample transaction 261
[2022-07-23T17:18:33.797Z INFO  client] Sending sample transaction 262
[2022-07-23T17:18:33.847Z INFO  client] Sending sample transaction 263
[2022-07-23T17:18:33.898Z INFO  client] Sending sample transaction 264
[2022-07-23T17:18:33.947Z INFO  client] Sending sample transaction 265
[2022-07-23T17:18:33.998Z INFO  client] Sending sample transaction 266
[2022-07-23T17:18:34.047Z INFO  client] Sending sample transaction 267
[2022-07-23T17:18:34.097Z INFO  client] Sending sample transaction 268
[2022-07-23T17:18:34.148Z INFO  client] Sending sample transaction 269
[2022-07-23T17:18:34.197Z INFO  client] Sending sample transaction 270
[2022-07-23T17:18:34.248Z INFO  client] Sending sample transaction 271
[2022-07-23T17:18:34.300Z INFO  client] Sending sample transaction 272
[2022-07-23T17:18:34.347Z INFO  client] Sending sample transaction 273
[2022-07-23T17:18:34.398Z INFO  client] Sending sample transaction 274
[2022-07-23T17:18:34.460Z INFO  client] Sending sample transaction 275
[2022-07-23T17:18:34.515Z INFO  client] Sending sample transaction 276
[2022-07-23T17:18:34.562Z INFO  client] Sending sample transaction 277
[2022-07-23T17:18:34.598Z INFO  client] Sending sample transaction 278
[2022-07-23T17:18:34.648Z INFO  client] Sending sample transaction 279
[2022-07-23T17:18:34.698Z INFO  client] Sending sample transaction 280
[2022-07-23T17:18:34.748Z INFO  client] Sending sample transaction 281
[2022-07-23T17:18:34.798Z INFO  client] Sending sample transaction 282
[2022-07-23T17:18:34.847Z INFO  client] Sending sample transaction 283
[2022-07-23T17:18:34.897Z INFO  client] Sending sample transaction 284
[2022-07-23T17:18:34.947Z INFO  client] Sending sample transaction 285
[2022-07-23T17:18:34.997Z INFO  client] Sending sample transaction 286
[2022-07-23T17:18:35.047Z INFO  client] Sending sample transaction 287
[2022-07-23T17:18:35.098Z INFO  client] Sending sample transaction 288
[2022-07-23T17:18:35.147Z INFO  client] Sending sample transaction 289
[2022-07-23T17:18:35.197Z INFO  client] Sending sample transaction 290
[2022-07-23T17:18:35.247Z INFO  client] Sending sample transaction 291
[2022-07-23T17:18:35.298Z INFO  client] Sending sample transaction 292
[2022-07-23T17:18:35.348Z INFO  client] Sending sample transaction 293
[2022-07-23T17:18:35.397Z INFO  client] Sending sample transaction 294
[2022-07-23T17:18:35.448Z INFO  client] Sending sample transaction 295
[2022-07-23T17:18:35.497Z INFO  client] Sending sample transaction 296
[2022-07-23T17:18:35.547Z INFO  client] Sending sample transaction 297
[2022-07-23T17:18:35.598Z INFO  client] Sending sample transaction 298
[2022-07-23T17:18:35.647Z INFO  client] Sending sample transaction 299
[2022-07-23T17:18:35.697Z INFO  client] Sending sample transaction 300
[2022-07-23T17:18:35.747Z INFO  client] Sending sample transaction 301
[2022-07-23T17:18:35.797Z INFO  client] Sending sample transaction 302
[2022-07-23T17:18:35.848Z INFO  client] Sending sample transaction 303
[2022-07-23T17:18:35.898Z INFO  client] Sending sample transaction 304
[2022-07-23T17:18:35.948Z INFO  client] Sending sample transaction 305
[2022-07-23T17:18:35.997Z INFO  client] Sending sample transaction 306
[2022-07-23T17:18:36.075Z INFO  client] Sending sample transaction 307
[2022-07-23T17:18:36.110Z INFO  client] Sending sample transaction 308
[2022-07-23T17:18:36.156Z INFO  client] Sending sample transaction 309
[2022-07-23T17:18:36.198Z INFO  client] Sending sample transaction 310
[2022-07-23T17:18:36.247Z INFO  client] Sending sample transaction 311
[2022-07-23T17:18:36.297Z INFO  client] Sending sample transaction 312
[2022-07-23T17:18:36.354Z INFO  client] Sending sample transaction 313
[2022-07-23T17:18:36.400Z INFO  client] Sending sample transaction 314
[2022-07-23T17:18:36.447Z INFO  client] Sending sample transaction 315
[2022-07-23T17:18:36.497Z INFO  client] Sending sample transaction 316
[2022-07-23T17:18:36.547Z INFO  client] Sending sample transaction 317
[2022-07-23T17:18:36.597Z INFO  client] Sending sample transaction 318
[2022-07-23T17:18:36.648Z INFO  client] Sending sample transaction 319
[2022-07-23T17:18:36.697Z INFO  client] Sending sample transaction 320
[2022-07-23T17:18:36.747Z INFO  client] Sending sample transaction 321
[2022-07-23T17:18:36.798Z INFO  client] Sending sample transaction 322
[2022-07-23T17:18:36.847Z INFO  client] Sending sample transaction 323
[2022-07-23T17:18:36.898Z INFO  client] Sending sample transaction 324
[2022-07-23T17:18:36.947Z INFO  client] Sending sample transaction 325
[2022-07-23T17:18:36.998Z INFO  client] Sending sample transaction 326
[2022-07-23T17:18:37.047Z INFO  client] Sending sample transaction 327
[2022-07-23T17:18:37.098Z INFO  client] Sending sample transaction 328
[2022-07-23T17:18:37.147Z INFO  client] Sending sample transaction 329
[2022-07-23T17:18:37.198Z INFO  client] Sending sample transaction 330
[2022-07-23T17:18:37.247Z INFO  client] Sending sample transaction 331
[2022-07-23T17:18:37.322Z INFO  client] Sending sample transaction 332
[2022-07-23T17:18:37.372Z INFO  client] Sending sample transaction 333
[2022-07-23T17:18:37.398Z INFO  client] Sending sample transaction 334
[2022-07-23T17:18:37.448Z INFO  client] Sending sample transaction 335
[2022-07-23T17:18:37.497Z INFO  client] Sending sample transaction 336
[2022-07-23T17:18:37.548Z INFO  client] Sending sample transaction 337
[2022-07-23T17:18:37.597Z INFO  client] Sending sample transaction 338
[2022-07-23T17:18:37.648Z INFO  client] Sending sample transaction 339
[2022-07-23T17:18:37.697Z INFO  client] Sending sample transaction 340
[2022-07-23T17:18:37.747Z INFO  client] Sending sample transaction 341
[2022-07-23T17:18:37.798Z INFO  client] Sending sample transaction 342
[2022-07-23T17:18:37.847Z INFO  client] Sending sample transaction 343
[2022-07-23T17:18:37.898Z INFO  client] Sending sample transaction 344
[2022-07-23T17:18:37.947Z INFO  client] Sending sample transaction 345
[2022-07-23T17:18:37.998Z INFO  client] Sending sample transaction 346
[2022-07-23T17:18:38.047Z INFO  client] Sending sample transaction 347
[2022-07-23T17:18:38.098Z INFO  client] Sending sample transaction 348
[2022-07-23T17:18:38.147Z INFO  client] Sending sample transaction 349
[2022-07-23T17:18:38.198Z INFO  client] Sending sample transaction 350
[2022-07-23T17:18:38.247Z INFO  client] Sending sample transaction 351
[2022-07-23T17:18:38.297Z INFO  client] Sending sample transaction 352
[2022-07-23T17:18:38.347Z INFO  client] Sending sample transaction 353
[2022-07-23T17:18:38.397Z INFO  client] Sending sample transaction 354
[2022-07-23T17:18:38.447Z INFO  client] Sending sample transaction 355
[2022-07-23T17:18:38.500Z INFO  client] Sending sample transaction 356
[2022-07-23T17:18:38.547Z INFO  client] Sending sample transaction 357
[2022-07-23T17:18:38.597Z INFO  client] Sending sample transaction 358
[2022-07-23T17:18:38.686Z INFO  client] Sending sample transaction 359
[2022-07-23T17:18:38.708Z INFO  client] Sending sample transaction 360
[2022-07-23T17:18:38.775Z INFO  client] Sending sample transaction 361
[2022-07-23T17:18:38.798Z INFO  client] Sending sample transaction 362
[2022-07-23T17:18:38.848Z INFO  client] Sending sample transaction 363
[2022-07-23T17:18:38.899Z INFO  client] Sending sample transaction 364
[2022-07-23T17:18:38.948Z INFO  client] Sending sample transaction 365
[2022-07-23T17:18:38.998Z INFO  client] Sending sample transaction 366
[2022-07-23T17:18:39.048Z INFO  client] Sending sample transaction 367
[2022-07-23T17:18:39.098Z INFO  client] Sending sample transaction 368
[2022-07-23T17:18:39.148Z INFO  client] Sending sample transaction 369
[2022-07-23T17:18:39.198Z INFO  client] Sending sample transaction 370
[2022-07-23T17:18:39.248Z INFO  client] Sending sample transaction 371
[2022-07-23T17:18:39.297Z INFO  client] Sending sample transaction 372
[2022-07-23T17:18:39.348Z INFO  client] Sending sample transaction 373
[2022-07-23T17:18:39.397Z INFO  client] Sending sample transaction 374
[2022-07-23T17:18:39.447Z INFO  client] Sending sample transaction 375
[2022-07-23T17:18:39.497Z INFO  client] Sending sample transaction 376
[2022-07-23T17:18:39.548Z INFO  client] Sending sample transaction 377
[2022-07-23T17:18:39.598Z INFO  client] Sending sample transaction 378
[2022-07-23T17:18:39.647Z INFO  client] Sending sample transaction 379
[2022-07-23T17:18:39.697Z INFO  client] Sending sample transaction 380
[2022-07-23T17:18:39.748Z INFO  client] Sending sample transaction 381
[2022-07-23T17:18:39.798Z INFO  client] Sending sample transaction 382
[2022-07-23T17:18:39.847Z INFO  client] Sending sample transaction 383
[2022-07-23T17:18:39.898Z INFO  client] Sending sample transaction 384
[2022-07-23T17:18:39.948Z INFO  client] Sending sample transaction 385
[2022-07-23T17:18:39.997Z INFO  client] Sending sample transaction 386
[2022-07-23T17:18:40.047Z INFO  client] Sending sample transaction 387
[2022-07-23T17:18:40.097Z INFO  client] Sending sample transaction 388
[2022-07-23T17:18:40.166Z INFO  client] Sending sample transaction 389
[2022-07-23T17:18:40.201Z INFO  client] Sending sample transaction 390
[2022-07-23T17:18:40.255Z INFO  client] Sending sample transaction 391
[2022-07-23T17:18:40.298Z INFO  client] Sending sample transaction 392
[2022-07-23T17:18:40.347Z INFO  client] Sending sample transaction 393
[2022-07-23T17:18:40.397Z INFO  client] Sending sample transaction 394
[2022-07-23T17:18:40.447Z INFO  client] Sending sample transaction 395
[2022-07-23T17:18:40.497Z INFO  client] Sending sample transaction 396
[2022-07-23T17:18:40.548Z INFO  client] Sending sample transaction 397
[2022-07-23T17:18:40.599Z INFO  client] Sending sample transaction 398
[2022-07-23T17:18:40.647Z INFO  client] Sending sample transaction 399
[2022-07-23T17:18:40.697Z INFO  client] Sending sample transaction 400
[2022-07-23T17:18:40.748Z INFO  client] Sending sample transaction 401
[2022-07-23T17:18:40.797Z INFO  client] Sending sample transaction 402
[2022-07-23T17:18:40.848Z INFO  client] Sending sample transaction 403
[2022-07-23T17:18:40.898Z INFO  client] Sending sample transaction 404
[2022-07-23T17:18:40.948Z INFO  client] Sending sample transaction 405
[2022-07-23T17:18:40.997Z INFO  client] Sending sample transaction 406
[2022-07-23T17:18:41.049Z INFO  client] Sending sample transaction 407
[2022-07-23T17:18:41.098Z INFO  client] Sending sample transaction 408
[2022-07-23T17:18:41.148Z INFO  client] Sending sample transaction 409
[2022-07-23T17:18:41.197Z INFO  client] Sending sample transaction 410
[2022-07-23T17:18:41.247Z INFO  client] Sending sample transaction 411
[2022-07-23T17:18:41.297Z INFO  client] Sending sample transaction 412
[2022-07-23T17:18:41.347Z INFO  client] Sending sample transaction 413
[2022-07-23T17:18:41.397Z INFO  client] Sending sample transaction 414
[2022-07-23T17:18:41.448Z INFO  client] Sending sample transaction 415
[2022-07-23T17:18:41.497Z INFO  client] Sending sample transaction 416
[2022-07-23T17:18:41.548Z INFO  client] Sending sample transaction 417
[2022-07-23T17:18:41.598Z INFO  client] Sending sample transaction 418
[2022-07-23T17:18:41.651Z INFO  client] Sending sample transaction 419
[2022-07-23T17:18:41.697Z INFO  client] Sending sample transaction 420
[2022-07-23T17:18:41.857Z INFO  client] Sending sample transaction 421
[2022-07-23T17:18:41.884Z WARN  client] Transaction rate too high for this client
[2022-07-23T17:18:41.899Z INFO  client] Sending sample transaction 422
[2022-07-23T17:18:41.915Z INFO  client] Sending sample transaction 423
[2022-07-23T17:18:41.933Z INFO  client] Sending sample transaction 424
[2022-07-23T17:18:41.954Z INFO  client] Sending sample transaction 425
[2022-07-23T17:18:41.998Z INFO  client] Sending sample transaction 426
[2022-07-23T17:18:42.048Z INFO  client] Sending sample transaction 427
[2022-07-23T17:18:42.097Z INFO  client] Sending sample transaction 428
[2022-07-23T17:18:42.162Z INFO  client] Sending sample transaction 429
[2022-07-23T17:18:42.243Z INFO  client] Sending sample transaction 430
[2022-07-23T17:18:42.292Z INFO  client] Sending sample transaction 431
[2022-07-23T17:18:42.317Z INFO  client] Sending sample transaction 432
[2022-07-23T17:18:42.347Z INFO  client] Sending sample transaction 433
[2022-07-23T17:18:42.398Z INFO  client] Sending sample transaction 434
[2022-07-23T17:18:42.447Z INFO  client] Sending sample transaction 435
[2022-07-23T17:18:42.498Z INFO  client] Sending sample transaction 436
[2022-07-23T17:18:42.548Z INFO  client] Sending sample transaction 437
[2022-07-23T17:18:42.598Z INFO  client] Sending sample transaction 438
[2022-07-23T17:18:42.665Z INFO  client] Sending sample transaction 439
[2022-07-23T17:18:42.742Z INFO  client] Sending sample transaction 440
[2022-07-23T17:18:42.753Z INFO  client] Sending sample transaction 441
[2022-07-23T17:18:42.802Z INFO  client] Sending sample transaction 442
[2022-07-23T17:18:42.850Z INFO  client] Sending sample transaction 443
[2022-07-23T17:18:42.899Z INFO  client] Sending sample transaction 444
[2022-07-23T17:18:42.955Z INFO  client] Sending sample transaction 445
[2022-07-23T17:18:43.002Z INFO  client] Sending sample transaction 446
[2022-07-23T17:18:43.047Z INFO  client] Sending sample transaction 447
[2022-07-23T17:18:43.102Z INFO  client] Sending sample transaction 448
[2022-07-23T17:18:43.148Z INFO  client] Sending sample transaction 449
[2022-07-23T17:18:43.198Z INFO  client] Sending sample transaction 450
[2022-07-23T17:18:43.249Z INFO  client] Sending sample transaction 451
[2022-07-23T17:18:43.297Z INFO  client] Sending sample transaction 452
[2022-07-23T17:18:43.349Z INFO  client] Sending sample transaction 453
[2022-07-23T17:18:43.397Z INFO  client] Sending sample transaction 454
[2022-07-23T17:18:43.448Z INFO  client] Sending sample transaction 455
