[2022-07-24T10:15:46.351Z INFO  client] Node address: 127.0.0.1:9013
[2022-07-24T10:15:46.351Z INFO  client] Transactions size: 512 B
[2022-07-24T10:15:46.351Z INFO  client] Transactions rate: 112 tx/s
[2022-07-24T10:15:46.351Z INFO  client] Waiting for all nodes to be online...
[2022-07-24T10:15:46.351Z INFO  client] Waiting for all nodes to be synchronized...
[2022-07-24T10:15:48.355Z INFO  client] Start sending transactions
[2022-07-24T10:15:48.356Z INFO  client] Sending sample transaction 0
[2022-07-24T10:15:48.411Z INFO  client] Sending sample transaction 1
[2022-07-24T10:15:48.456Z INFO  client] Sending sample transaction 2
[2022-07-24T10:15:48.507Z INFO  client] Sending sample transaction 3
[2022-07-24T10:15:48.558Z INFO  client] Sending sample transaction 4
[2022-07-24T10:15:48.607Z INFO  client] Sending sample transaction 5
[2022-07-24T10:15:48.657Z INFO  client] Sending sample transaction 6
[2022-07-24T10:15:48.706Z INFO  client] Sending sample transaction 7
[2022-07-24T10:15:48.757Z INFO  client] Sending sample transaction 8
[2022-07-24T10:15:48.807Z INFO  client] Sending sample transaction 9
[2022-07-24T10:15:48.910Z INFO  client] Sending sample transaction 10
[2022-07-24T10:15:48.921Z INFO  client] Sending sample transaction 11
[2022-07-24T10:15:48.961Z INFO  client] Sending sample transaction 12
[2022-07-24T10:15:49.006Z INFO  client] Sending sample transaction 13
[2022-07-24T10:15:49.057Z INFO  client] Sending sample transaction 14
[2022-07-24T10:15:49.107Z INFO  client] Sending sample transaction 15
[2022-07-24T10:15:49.156Z INFO  client] Sending sample transaction 16
[2022-07-24T10:15:49.208Z INFO  client] Sending sample transaction 17
[2022-07-24T10:15:49.256Z INFO  client] Sending sample transaction 18
[2022-07-24T10:15:49.306Z INFO  client] Sending sample transaction 19
[2022-07-24T10:15:49.356Z INFO  client] Sending sample transaction 20
[2022-07-24T10:15:49.407Z INFO  client] Sending sample transaction 21
[2022-07-24T10:15:49.456Z INFO  client] Sending sample transaction 22
[2022-07-24T10:15:49.507Z INFO  client] Sending sample transaction 23
[2022-07-24T10:15:49.557Z INFO  client] Sending sample transaction 24
[2022-07-24T10:15:49.606Z INFO  client] Sending sample transaction 25
[2022-07-24T10:15:49.657Z INFO  client] Sending sample transaction 26
[2022-07-24T10:15:49.708Z INFO  client] Sending sample transaction 27
[2022-07-24T10:15:49.757Z INFO  client] Sending sample transaction 28
[2022-07-24T10:15:49.807Z INFO  client] Sending sample transaction 29
[2022-07-24T10:15:49.857Z INFO  client] Sending sample transaction 30
[2022-07-24T10:15:49.908Z INFO  client] Sending sample transaction 31
[2022-07-24T10:15:49.957Z INFO  client] Sending sample transaction 32
[2022-07-24T10:15:50.008Z INFO  client] Sending sample transaction 33
[2022-07-24T10:15:50.057Z INFO  client] Sending sample transaction 34
[2022-07-24T10:15:50.106Z INFO  client] Sending sample transaction 35
[2022-07-24T10:15:50.158Z INFO  client] Sending sample transaction 36
[2022-07-24T10:15:50.207Z INFO  client] Sending sample transaction 37
[2022-07-24T10:15:50.258Z INFO  client] Sending sample transaction 38
[2022-07-24T10:15:50.308Z INFO  client] Sending sample transaction 39
[2022-07-24T10:15:50.363Z INFO  client] Sending sample transaction 40
[2022-07-24T10:15:50.413Z INFO  client] Sending sample transaction 41
[2022-07-24T10:15:50.517Z INFO  client] Sending sample transaction 42
[2022-07-24T10:15:50.586Z INFO  client] Sending sample transaction 43
[2022-07-24T10:15:50.654Z INFO  client] Sending sample transaction 44
[2022-07-24T10:15:50.654Z INFO  client] Sending sample transaction 45
[2022-07-24T10:15:50.694Z INFO  client] Sending sample transaction 46
[2022-07-24T10:15:50.714Z INFO  client] Sending sample transaction 47
[2022-07-24T10:15:50.782Z INFO  client] Sending sample transaction 48
[2022-07-24T10:15:50.818Z INFO  client] Sending sample transaction 49
[2022-07-24T10:15:50.862Z INFO  client] Sending sample transaction 50
[2022-07-24T10:15:50.908Z INFO  client] Sending sample transaction 51
[2022-07-24T10:15:50.956Z INFO  client] Sending sample transaction 52
[2022-07-24T10:15:51.008Z INFO  client] Sending sample transaction 53
[2022-07-24T10:15:51.058Z INFO  client] Sending sample transaction 54
[2022-07-24T10:15:51.106Z INFO  client] Sending sample transaction 55
[2022-07-24T10:15:51.157Z INFO  client] Sending sample transaction 56
[2022-07-24T10:15:51.206Z INFO  client] Sending sample transaction 57
[2022-07-24T10:15:51.257Z INFO  client] Sending sample transaction 58
[2022-07-24T10:15:51.306Z INFO  client] Sending sample transaction 59
[2022-07-24T10:15:51.356Z INFO  client] Sending sample transaction 60
[2022-07-24T10:15:51.406Z INFO  client] Sending sample transaction 61
[2022-07-24T10:15:51.457Z INFO  client] Sending sample transaction 62
[2022-07-24T10:15:51.507Z INFO  client] Sending sample transaction 63
[2022-07-24T10:15:51.556Z INFO  client] Sending sample transaction 64
[2022-07-24T10:15:51.606Z INFO  client] Sending sample transaction 65
[2022-07-24T10:15:51.656Z INFO  client] Sending sample transaction 66
[2022-07-24T10:15:51.706Z INFO  client] Sending sample transaction 67
[2022-07-24T10:15:51.756Z INFO  client] Sending sample transaction 68
[2022-07-24T10:15:51.806Z INFO  client] Sending sample transaction 69
[2022-07-24T10:15:51.856Z INFO  client] Sending sample transaction 70
[2022-07-24T10:15:51.907Z INFO  client] Sending sample transaction 71
[2022-07-24T10:15:51.957Z INFO  client] Sending sample transaction 72
[2022-07-24T10:15:52.006Z INFO  client] Sending sample transaction 73
[2022-07-24T10:15:52.057Z INFO  client] Sending sample transaction 74
[2022-07-24T10:15:52.106Z INFO  client] Sending sample transaction 75
[2022-07-24T10:15:52.156Z INFO  client] Sending sample transaction 76
[2022-07-24T10:15:52.206Z INFO  client] Sending sample transaction 77
[2022-07-24T10:15:52.257Z INFO  client] Sending sample transaction 78
[2022-07-24T10:15:52.306Z INFO  client] Sending sample transaction 79
[2022-07-24T10:15:52.356Z INFO  client] Sending sample transaction 80
[2022-07-24T10:15:52.406Z INFO  client] Sending sample transaction 81
[2022-07-24T10:15:52.457Z INFO  client] Sending sample transaction 82
[2022-07-24T10:15:52.507Z INFO  client] Sending sample transaction 83
[2022-07-24T10:15:52.557Z INFO  client] Sending sample transaction 84
[2022-07-24T10:15:52.606Z INFO  client] Sending sample transaction 85
[2022-07-24T10:15:52.657Z INFO  client] Sending sample transaction 86
[2022-07-24T10:15:52.706Z INFO  client] Sending sample transaction 87
[2022-07-24T10:15:52.757Z INFO  client] Sending sample transaction 88
[2022-07-24T10:15:52.806Z INFO  client] Sending sample transaction 89
[2022-07-24T10:15:52.856Z INFO  client] Sending sample transaction 90
[2022-07-24T10:15:52.906Z INFO  client] Sending sample transaction 91
[2022-07-24T10:15:52.957Z INFO  client] Sending sample transaction 92
[2022-07-24T10:15:53.007Z INFO  client] Sending sample transaction 93
[2022-07-24T10:15:53.057Z INFO  client] Sending sample transaction 94
[2022-07-24T10:15:53.106Z INFO  client] Sending sample transaction 95
[2022-07-24T10:15:53.156Z INFO  client] Sending sample transaction 96
[2022-07-24T10:15:53.206Z INFO  client] Sending sample transaction 97
[2022-07-24T10:15:53.257Z INFO  client] Sending sample transaction 98
[2022-07-24T10:15:53.307Z INFO  client] Sending sample transaction 99
[2022-07-24T10:15:53.356Z INFO  client] Sending sample transaction 100
[2022-07-24T10:15:53.407Z INFO  client] Sending sample transaction 101
[2022-07-24T10:15:53.456Z INFO  client] Sending sample transaction 102
[2022-07-24T10:15:53.506Z INFO  client] Sending sample transaction 103
[2022-07-24T10:15:53.556Z INFO  client] Sending sample transaction 104
[2022-07-24T10:15:53.606Z INFO  client] Sending sample transaction 105
[2022-07-24T10:15:53.656Z INFO  client] Sending sample transaction 106
[2022-07-24T10:15:53.707Z INFO  client] Sending sample transaction 107
[2022-07-24T10:15:53.757Z INFO  client] Sending sample transaction 108
[2022-07-24T10:15:53.806Z INFO  client] Sending sample transaction 109
[2022-07-24T10:15:53.856Z INFO  client] Sending sample transaction 110
[2022-07-24T10:15:53.906Z INFO  client] Sending sample transaction 111
[2022-07-24T10:15:53.956Z INFO  client] Sending sample transaction 112
[2022-07-24T10:15:54.006Z INFO  client] Sending sample transaction 113
[2022-07-24T10:15:54.056Z INFO  client] Sending sample transaction 114
[2022-07-24T10:15:54.106Z INFO  client] Sending sample transaction 115
[2022-07-24T10:15:54.157Z INFO  client] Sending sample transaction 116
[2022-07-24T10:15:54.206Z INFO  client] Sending sample transaction 117
[2022-07-24T10:15:54.257Z INFO  client] Sending sample transaction 118
[2022-07-24T10:15:54.306Z INFO  client] Sending sample transaction 119
[2022-07-24T10:15:54.356Z INFO  client] Sending sample transaction 120
[2022-07-24T10:15:54.407Z INFO  client] Sending sample transaction 121
[2022-07-24T10:15:54.456Z INFO  client] Sending sample transaction 122
[2022-07-24T10:15:54.506Z INFO  client] Sending sample transaction 123
[2022-07-24T10:15:54.557Z INFO  client] Sending sample transaction 124
[2022-07-24T10:15:54.607Z INFO  client] Sending sample transaction 125
[2022-07-24T10:15:54.656Z INFO  client] Sending sample transaction 126
[2022-07-24T10:15:54.707Z INFO  client] Sending sample transaction 127
[2022-07-24T10:15:54.756Z INFO  client] Sending sample transaction 128
[2022-07-24T10:15:54.807Z INFO  client] Sending sample transaction 129
[2022-07-24T10:15:54.856Z INFO  client] Sending sample transaction 130
[2022-07-24T10:15:54.907Z INFO  client] Sending sample transaction 131
[2022-07-24T10:15:54.956Z INFO  client] Sending sample transaction 132
[2022-07-24T10:15:55.014Z INFO  client] Sending sample transaction 133
[2022-07-24T10:15:55.056Z INFO  client] Sending sample transaction 134
[2022-07-24T10:15:55.106Z INFO  client] Sending sample transaction 135
[2022-07-24T10:15:55.157Z INFO  client] Sending sample transaction 136
[2022-07-24T10:15:55.206Z INFO  client] Sending sample transaction 137
[2022-07-24T10:15:55.257Z INFO  client] Sending sample transaction 138
[2022-07-24T10:15:55.306Z INFO  client] Sending sample transaction 139
[2022-07-24T10:15:55.356Z INFO  client] Sending sample transaction 140
[2022-07-24T10:15:55.406Z INFO  client] Sending sample transaction 141
[2022-07-24T10:15:55.457Z INFO  client] Sending sample transaction 142
[2022-07-24T10:15:55.506Z INFO  client] Sending sample transaction 143
[2022-07-24T10:15:55.556Z INFO  client] Sending sample transaction 144
[2022-07-24T10:15:55.606Z INFO  client] Sending sample transaction 145
[2022-07-24T10:15:55.657Z INFO  client] Sending sample transaction 146
[2022-07-24T10:15:55.708Z INFO  client] Sending sample transaction 147
[2022-07-24T10:15:55.757Z INFO  client] Sending sample transaction 148
[2022-07-24T10:15:55.806Z INFO  client] Sending sample transaction 149
[2022-07-24T10:15:55.856Z INFO  client] Sending sample transaction 150
[2022-07-24T10:15:55.907Z INFO  client] Sending sample transaction 151
[2022-07-24T10:15:55.959Z INFO  client] Sending sample transaction 152
[2022-07-24T10:15:56.024Z INFO  client] Sending sample transaction 153
[2022-07-24T10:15:56.063Z INFO  client] Sending sample transaction 154
[2022-07-24T10:15:56.106Z INFO  client] Sending sample transaction 155
[2022-07-24T10:15:56.156Z INFO  client] Sending sample transaction 156
[2022-07-24T10:15:56.207Z INFO  client] Sending sample transaction 157
[2022-07-24T10:15:56.256Z INFO  client] Sending sample transaction 158
[2022-07-24T10:15:56.306Z INFO  client] Sending sample transaction 159
[2022-07-24T10:15:56.357Z INFO  client] Sending sample transaction 160
[2022-07-24T10:15:56.406Z INFO  client] Sending sample transaction 161
[2022-07-24T10:15:56.457Z INFO  client] Sending sample transaction 162
[2022-07-24T10:15:56.506Z INFO  client] Sending sample transaction 163
[2022-07-24T10:15:56.556Z INFO  client] Sending sample transaction 164
[2022-07-24T10:15:56.606Z INFO  client] Sending sample transaction 165
[2022-07-24T10:15:56.656Z INFO  client] Sending sample transaction 166
[2022-07-24T10:15:56.707Z INFO  client] Sending sample transaction 167
[2022-07-24T10:15:56.756Z INFO  client] Sending sample transaction 168
[2022-07-24T10:15:56.806Z INFO  client] Sending sample transaction 169
[2022-07-24T10:15:56.857Z INFO  client] Sending sample transaction 170
[2022-07-24T10:15:56.906Z INFO  client] Sending sample transaction 171
[2022-07-24T10:15:56.956Z INFO  client] Sending sample transaction 172
[2022-07-24T10:15:57.006Z INFO  client] Sending sample transaction 173
[2022-07-24T10:15:57.074Z INFO  client] Sending sample transaction 174
[2022-07-24T10:15:57.108Z INFO  client] Sending sample transaction 175
[2022-07-24T10:15:57.157Z INFO  client] Sending sample transaction 176
[2022-07-24T10:15:57.207Z INFO  client] Sending sample transaction 177
[2022-07-24T10:15:57.256Z INFO  client] Sending sample transaction 178
[2022-07-24T10:15:57.306Z INFO  client] Sending sample transaction 179
[2022-07-24T10:15:57.356Z INFO  client] Sending sample transaction 180
[2022-07-24T10:15:57.406Z INFO  client] Sending sample transaction 181
[2022-07-24T10:15:57.456Z INFO  client] Sending sample transaction 182
[2022-07-24T10:15:57.506Z INFO  client] Sending sample transaction 183
[2022-07-24T10:15:57.557Z INFO  client] Sending sample transaction 184
[2022-07-24T10:15:57.620Z INFO  client] Sending sample transaction 185
[2022-07-24T10:15:57.656Z INFO  client] Sending sample transaction 186
[2022-07-24T10:15:57.705Z INFO  client] Sending sample transaction 187
[2022-07-24T10:15:57.756Z INFO  client] Sending sample transaction 188
[2022-07-24T10:15:57.806Z INFO  client] Sending sample transaction 189
[2022-07-24T10:15:57.857Z INFO  client] Sending sample transaction 190
[2022-07-24T10:15:57.907Z INFO  client] Sending sample transaction 191
[2022-07-24T10:15:57.957Z INFO  client] Sending sample transaction 192
[2022-07-24T10:15:58.007Z INFO  client] Sending sample transaction 193
[2022-07-24T10:15:58.059Z INFO  client] Sending sample transaction 194
[2022-07-24T10:15:58.106Z INFO  client] Sending sample transaction 195
[2022-07-24T10:15:58.156Z INFO  client] Sending sample transaction 196
[2022-07-24T10:15:58.206Z INFO  client] Sending sample transaction 197
[2022-07-24T10:15:58.256Z INFO  client] Sending sample transaction 198
[2022-07-24T10:15:58.307Z INFO  client] Sending sample transaction 199
[2022-07-24T10:15:58.357Z INFO  client] Sending sample transaction 200
[2022-07-24T10:15:58.406Z INFO  client] Sending sample transaction 201
[2022-07-24T10:15:58.456Z INFO  client] Sending sample transaction 202
[2022-07-24T10:15:58.507Z INFO  client] Sending sample transaction 203
[2022-07-24T10:15:58.557Z INFO  client] Sending sample transaction 204
[2022-07-24T10:15:58.606Z INFO  client] Sending sample transaction 205
[2022-07-24T10:15:58.656Z INFO  client] Sending sample transaction 206
[2022-07-24T10:15:58.706Z INFO  client] Sending sample transaction 207
[2022-07-24T10:15:58.756Z INFO  client] Sending sample transaction 208
[2022-07-24T10:15:58.807Z INFO  client] Sending sample transaction 209
[2022-07-24T10:15:58.856Z INFO  client] Sending sample transaction 210
[2022-07-24T10:15:58.906Z INFO  client] Sending sample transaction 211
[2022-07-24T10:15:58.956Z INFO  client] Sending sample transaction 212
[2022-07-24T10:15:59.006Z INFO  client] Sending sample transaction 213
[2022-07-24T10:15:59.056Z INFO  client] Sending sample transaction 214
[2022-07-24T10:15:59.106Z INFO  client] Sending sample transaction 215
[2022-07-24T10:15:59.164Z INFO  client] Sending sample transaction 216
[2022-07-24T10:15:59.212Z INFO  client] Sending sample transaction 217
[2022-07-24T10:15:59.256Z INFO  client] Sending sample transaction 218
[2022-07-24T10:15:59.353Z INFO  client] Sending sample transaction 219
[2022-07-24T10:15:59.355Z INFO  client] Sending sample transaction 220
[2022-07-24T10:15:59.406Z INFO  client] Sending sample transaction 221
[2022-07-24T10:15:59.456Z INFO  client] Sending sample transaction 222
[2022-07-24T10:15:59.506Z INFO  client] Sending sample transaction 223
[2022-07-24T10:15:59.556Z INFO  client] Sending sample transaction 224
[2022-07-24T10:15:59.606Z INFO  client] Sending sample transaction 225
[2022-07-24T10:15:59.656Z INFO  client] Sending sample transaction 226
[2022-07-24T10:15:59.707Z INFO  client] Sending sample transaction 227
[2022-07-24T10:15:59.757Z INFO  client] Sending sample transaction 228
[2022-07-24T10:15:59.807Z INFO  client] Sending sample transaction 229
[2022-07-24T10:15:59.856Z INFO  client] Sending sample transaction 230
[2022-07-24T10:15:59.907Z INFO  client] Sending sample transaction 231
[2022-07-24T10:15:59.956Z INFO  client] Sending sample transaction 232
[2022-07-24T10:16:00.006Z INFO  client] Sending sample transaction 233
[2022-07-24T10:16:00.056Z INFO  client] Sending sample transaction 234
[2022-07-24T10:16:00.106Z INFO  client] Sending sample transaction 235
[2022-07-24T10:16:00.156Z INFO  client] Sending sample transaction 236
[2022-07-24T10:16:00.206Z INFO  client] Sending sample transaction 237
[2022-07-24T10:16:00.256Z INFO  client] Sending sample transaction 238
[2022-07-24T10:16:00.306Z INFO  client] Sending sample transaction 239
[2022-07-24T10:16:00.356Z INFO  client] Sending sample transaction 240
[2022-07-24T10:16:00.406Z INFO  client] Sending sample transaction 241
[2022-07-24T10:16:00.457Z INFO  client] Sending sample transaction 242
[2022-07-24T10:16:00.506Z INFO  client] Sending sample transaction 243
[2022-07-24T10:16:00.556Z INFO  client] Sending sample transaction 244
[2022-07-24T10:16:00.607Z INFO  client] Sending sample transaction 245
[2022-07-24T10:16:00.657Z INFO  client] Sending sample transaction 246
[2022-07-24T10:16:00.707Z INFO  client] Sending sample transaction 247
[2022-07-24T10:16:00.757Z INFO  client] Sending sample transaction 248
[2022-07-24T10:16:00.806Z INFO  client] Sending sample transaction 249
[2022-07-24T10:16:00.856Z INFO  client] Sending sample transaction 250
[2022-07-24T10:16:00.908Z INFO  client] Sending sample transaction 251
[2022-07-24T10:16:00.956Z INFO  client] Sending sample transaction 252
[2022-07-24T10:16:01.007Z INFO  client] Sending sample transaction 253
[2022-07-24T10:16:01.056Z INFO  client] Sending sample transaction 254
[2022-07-24T10:16:01.106Z INFO  client] Sending sample transaction 255
[2022-07-24T10:16:01.156Z INFO  client] Sending sample transaction 256
[2022-07-24T10:16:01.207Z INFO  client] Sending sample transaction 257
[2022-07-24T10:16:01.257Z INFO  client] Sending sample transaction 258
[2022-07-24T10:16:01.306Z INFO  client] Sending sample transaction 259
[2022-07-24T10:16:01.356Z INFO  client] Sending sample transaction 260
[2022-07-24T10:16:01.407Z INFO  client] Sending sample transaction 261
[2022-07-24T10:16:01.458Z INFO  client] Sending sample transaction 262
[2022-07-24T10:16:01.506Z INFO  client] Sending sample transaction 263
[2022-07-24T10:16:01.557Z INFO  client] Sending sample transaction 264
[2022-07-24T10:16:01.606Z INFO  client] Sending sample transaction 265
[2022-07-24T10:16:01.656Z INFO  client] Sending sample transaction 266
[2022-07-24T10:16:01.706Z INFO  client] Sending sample transaction 267
[2022-07-24T10:16:01.756Z INFO  client] Sending sample transaction 268
[2022-07-24T10:16:01.806Z INFO  client] Sending sample transaction 269
[2022-07-24T10:16:01.856Z INFO  client] Sending sample transaction 270
[2022-07-24T10:16:01.907Z INFO  client] Sending sample transaction 271
[2022-07-24T10:16:01.956Z INFO  client] Sending sample transaction 272
[2022-07-24T10:16:02.006Z INFO  client] Sending sample transaction 273
[2022-07-24T10:16:02.056Z INFO  client] Sending sample transaction 274
[2022-07-24T10:16:02.106Z INFO  client] Sending sample transaction 275
[2022-07-24T10:16:02.158Z INFO  client] Sending sample transaction 276
[2022-07-24T10:16:02.207Z INFO  client] Sending sample transaction 277
[2022-07-24T10:16:02.257Z INFO  client] Sending sample transaction 278
[2022-07-24T10:16:02.307Z INFO  client] Sending sample transaction 279
[2022-07-24T10:16:02.357Z INFO  client] Sending sample transaction 280
[2022-07-24T10:16:02.406Z INFO  client] Sending sample transaction 281
[2022-07-24T10:16:02.456Z INFO  client] Sending sample transaction 282
[2022-07-24T10:16:02.507Z INFO  client] Sending sample transaction 283
[2022-07-24T10:16:02.557Z INFO  client] Sending sample transaction 284
[2022-07-24T10:16:02.605Z INFO  client] Sending sample transaction 285
[2022-07-24T10:16:02.656Z INFO  client] Sending sample transaction 286
[2022-07-24T10:16:02.706Z INFO  client] Sending sample transaction 287
[2022-07-24T10:16:02.757Z INFO  client] Sending sample transaction 288
[2022-07-24T10:16:02.806Z INFO  client] Sending sample transaction 289
[2022-07-24T10:16:02.857Z INFO  client] Sending sample transaction 290
[2022-07-24T10:16:02.906Z INFO  client] Sending sample transaction 291
[2022-07-24T10:16:02.956Z INFO  client] Sending sample transaction 292
[2022-07-24T10:16:03.036Z INFO  client] Sending sample transaction 293
[2022-07-24T10:16:03.058Z INFO  client] Sending sample transaction 294
[2022-07-24T10:16:03.106Z INFO  client] Sending sample transaction 295
[2022-07-24T10:16:03.156Z INFO  client] Sending sample transaction 296
[2022-07-24T10:16:03.206Z INFO  client] Sending sample transaction 297
[2022-07-24T10:16:03.257Z INFO  client] Sending sample transaction 298
[2022-07-24T10:16:03.336Z INFO  client] Sending sample transaction 299
[2022-07-24T10:16:03.364Z INFO  client] Sending sample transaction 300
[2022-07-24T10:16:03.411Z INFO  client] Sending sample transaction 301
[2022-07-24T10:16:03.457Z INFO  client] Sending sample transaction 302
[2022-07-24T10:16:03.507Z INFO  client] Sending sample transaction 303
[2022-07-24T10:16:03.556Z INFO  client] Sending sample transaction 304
[2022-07-24T10:16:03.606Z INFO  client] Sending sample transaction 305
[2022-07-24T10:16:03.656Z INFO  client] Sending sample transaction 306
[2022-07-24T10:16:03.706Z INFO  client] Sending sample transaction 307
[2022-07-24T10:16:03.757Z INFO  client] Sending sample transaction 308
[2022-07-24T10:16:03.807Z INFO  client] Sending sample transaction 309
[2022-07-24T10:16:03.856Z INFO  client] Sending sample transaction 310
[2022-07-24T10:16:03.906Z INFO  client] Sending sample transaction 311
[2022-07-24T10:16:03.957Z INFO  client] Sending sample transaction 312
[2022-07-24T10:16:04.006Z INFO  client] Sending sample transaction 313
[2022-07-24T10:16:04.057Z INFO  client] Sending sample transaction 314
[2022-07-24T10:16:04.106Z INFO  client] Sending sample transaction 315
[2022-07-24T10:16:04.156Z INFO  client] Sending sample transaction 316
[2022-07-24T10:16:04.206Z INFO  client] Sending sample transaction 317
[2022-07-24T10:16:04.257Z INFO  client] Sending sample transaction 318
[2022-07-24T10:16:04.306Z INFO  client] Sending sample transaction 319
[2022-07-24T10:16:04.356Z INFO  client] Sending sample transaction 320
[2022-07-24T10:16:04.407Z INFO  client] Sending sample transaction 321
[2022-07-24T10:16:04.482Z INFO  client] Sending sample transaction 322
[2022-07-24T10:16:04.506Z INFO  client] Sending sample transaction 323
[2022-07-24T10:16:04.584Z INFO  client] Sending sample transaction 324
[2022-07-24T10:16:04.609Z INFO  client] Sending sample transaction 325
[2022-07-24T10:16:04.656Z INFO  client] Sending sample transaction 326
[2022-07-24T10:16:04.708Z INFO  client] Sending sample transaction 327
[2022-07-24T10:16:04.756Z INFO  client] Sending sample transaction 328
[2022-07-24T10:16:04.806Z INFO  client] Sending sample transaction 329
[2022-07-24T10:16:04.856Z INFO  client] Sending sample transaction 330
[2022-07-24T10:16:04.907Z INFO  client] Sending sample transaction 331
[2022-07-24T10:16:04.957Z INFO  client] Sending sample transaction 332
[2022-07-24T10:16:05.007Z INFO  client] Sending sample transaction 333
[2022-07-24T10:16:05.056Z INFO  client] Sending sample transaction 334
[2022-07-24T10:16:05.106Z INFO  client] Sending sample transaction 335
[2022-07-24T10:16:05.157Z INFO  client] Sending sample transaction 336
[2022-07-24T10:16:05.207Z INFO  client] Sending sample transaction 337
[2022-07-24T10:16:05.256Z INFO  client] Sending sample transaction 338
[2022-07-24T10:16:05.306Z INFO  client] Sending sample transaction 339
[2022-07-24T10:16:05.357Z INFO  client] Sending sample transaction 340
[2022-07-24T10:16:05.407Z INFO  client] Sending sample transaction 341
[2022-07-24T10:16:05.456Z INFO  client] Sending sample transaction 342
[2022-07-24T10:16:05.511Z INFO  client] Sending sample transaction 343
[2022-07-24T10:16:05.557Z INFO  client] Sending sample transaction 344
[2022-07-24T10:16:05.607Z INFO  client] Sending sample transaction 345
[2022-07-24T10:16:05.657Z INFO  client] Sending sample transaction 346
[2022-07-24T10:16:05.707Z INFO  client] Sending sample transaction 347
[2022-07-24T10:16:05.756Z INFO  client] Sending sample transaction 348
[2022-07-24T10:16:05.807Z INFO  client] Sending sample transaction 349
[2022-07-24T10:16:05.856Z INFO  client] Sending sample transaction 350
[2022-07-24T10:16:05.906Z INFO  client] Sending sample transaction 351
[2022-07-24T10:16:05.956Z INFO  client] Sending sample transaction 352
[2022-07-24T10:16:06.007Z INFO  client] Sending sample transaction 353
[2022-07-24T10:16:06.057Z INFO  client] Sending sample transaction 354
[2022-07-24T10:16:06.106Z INFO  client] Sending sample transaction 355
[2022-07-24T10:16:06.158Z INFO  client] Sending sample transaction 356
[2022-07-24T10:16:06.206Z INFO  client] Sending sample transaction 357
[2022-07-24T10:16:06.256Z INFO  client] Sending sample transaction 358
[2022-07-24T10:16:06.306Z INFO  client] Sending sample transaction 359
[2022-07-24T10:16:06.356Z INFO  client] Sending sample transaction 360
[2022-07-24T10:16:06.406Z INFO  client] Sending sample transaction 361
[2022-07-24T10:16:06.456Z INFO  client] Sending sample transaction 362
[2022-07-24T10:16:06.507Z INFO  client] Sending sample transaction 363
[2022-07-24T10:16:06.557Z INFO  client] Sending sample transaction 364
[2022-07-24T10:16:06.606Z INFO  client] Sending sample transaction 365
[2022-07-24T10:16:06.656Z INFO  client] Sending sample transaction 366
[2022-07-24T10:16:06.706Z INFO  client] Sending sample transaction 367
[2022-07-24T10:16:06.757Z INFO  client] Sending sample transaction 368
[2022-07-24T10:16:06.806Z INFO  client] Sending sample transaction 369
[2022-07-24T10:16:06.856Z INFO  client] Sending sample transaction 370
[2022-07-24T10:16:06.907Z INFO  client] Sending sample transaction 371
[2022-07-24T10:16:06.956Z INFO  client] Sending sample transaction 372
[2022-07-24T10:16:07.007Z INFO  client] Sending sample transaction 373
[2022-07-24T10:16:07.057Z INFO  client] Sending sample transaction 374
[2022-07-24T10:16:07.106Z INFO  client] Sending sample transaction 375
[2022-07-24T10:16:07.189Z INFO  client] Sending sample transaction 376
[2022-07-24T10:16:07.234Z INFO  client] Sending sample transaction 377
[2022-07-24T10:16:07.256Z INFO  client] Sending sample transaction 378
[2022-07-24T10:16:07.312Z INFO  client] Sending sample transaction 379
[2022-07-24T10:16:07.369Z INFO  client] Sending sample transaction 380
[2022-07-24T10:16:07.406Z INFO  client] Sending sample transaction 381
[2022-07-24T10:16:07.456Z INFO  client] Sending sample transaction 382
[2022-07-24T10:16:07.507Z INFO  client] Sending sample transaction 383
[2022-07-24T10:16:07.557Z INFO  client] Sending sample transaction 384
[2022-07-24T10:16:07.622Z INFO  client] Sending sample transaction 385
[2022-07-24T10:16:07.661Z INFO  client] Sending sample transaction 386
[2022-07-24T10:16:07.706Z INFO  client] Sending sample transaction 387
[2022-07-24T10:16:07.756Z INFO  client] Sending sample transaction 388
[2022-07-24T10:16:07.807Z INFO  client] Sending sample transaction 389
[2022-07-24T10:16:07.857Z INFO  client] Sending sample transaction 390
[2022-07-24T10:16:07.906Z INFO  client] Sending sample transaction 391
[2022-07-24T10:16:07.957Z INFO  client] Sending sample transaction 392
[2022-07-24T10:16:08.007Z INFO  client] Sending sample transaction 393
[2022-07-24T10:16:08.056Z INFO  client] Sending sample transaction 394
[2022-07-24T10:16:08.108Z INFO  client] Sending sample transaction 395
[2022-07-24T10:16:08.156Z INFO  client] Sending sample transaction 396
[2022-07-24T10:16:08.207Z INFO  client] Sending sample transaction 397
[2022-07-24T10:16:08.258Z INFO  client] Sending sample transaction 398
[2022-07-24T10:16:08.307Z INFO  client] Sending sample transaction 399
[2022-07-24T10:16:08.356Z INFO  client] Sending sample transaction 400
[2022-07-24T10:16:08.407Z INFO  client] Sending sample transaction 401
[2022-07-24T10:16:08.456Z INFO  client] Sending sample transaction 402
[2022-07-24T10:16:08.506Z INFO  client] Sending sample transaction 403
[2022-07-24T10:16:08.558Z INFO  client] Sending sample transaction 404
[2022-07-24T10:16:08.606Z INFO  client] Sending sample transaction 405
[2022-07-24T10:16:08.656Z INFO  client] Sending sample transaction 406
[2022-07-24T10:16:08.709Z INFO  client] Sending sample transaction 407
[2022-07-24T10:16:08.757Z INFO  client] Sending sample transaction 408
[2022-07-24T10:16:08.806Z INFO  client] Sending sample transaction 409
[2022-07-24T10:16:08.856Z INFO  client] Sending sample transaction 410
[2022-07-24T10:16:08.907Z INFO  client] Sending sample transaction 411
[2022-07-24T10:16:08.957Z INFO  client] Sending sample transaction 412
[2022-07-24T10:16:09.006Z INFO  client] Sending sample transaction 413
[2022-07-24T10:16:09.057Z INFO  client] Sending sample transaction 414
[2022-07-24T10:16:09.106Z INFO  client] Sending sample transaction 415
[2022-07-24T10:16:09.156Z INFO  client] Sending sample transaction 416
[2022-07-24T10:16:09.206Z INFO  client] Sending sample transaction 417
[2022-07-24T10:16:09.257Z INFO  client] Sending sample transaction 418
[2022-07-24T10:16:09.307Z INFO  client] Sending sample transaction 419
[2022-07-24T10:16:09.356Z INFO  client] Sending sample transaction 420
[2022-07-24T10:16:09.407Z INFO  client] Sending sample transaction 421
[2022-07-24T10:16:09.457Z INFO  client] Sending sample transaction 422
[2022-07-24T10:16:09.506Z INFO  client] Sending sample transaction 423
[2022-07-24T10:16:09.557Z INFO  client] Sending sample transaction 424
[2022-07-24T10:16:09.610Z INFO  client] Sending sample transaction 425
[2022-07-24T10:16:09.657Z INFO  client] Sending sample transaction 426
[2022-07-24T10:16:09.719Z INFO  client] Sending sample transaction 427
[2022-07-24T10:16:09.771Z INFO  client] Sending sample transaction 428
[2022-07-24T10:16:09.813Z INFO  client] Sending sample transaction 429
[2022-07-24T10:16:09.892Z INFO  client] Sending sample transaction 430
[2022-07-24T10:16:09.919Z INFO  client] Sending sample transaction 431
[2022-07-24T10:16:09.957Z INFO  client] Sending sample transaction 432
[2022-07-24T10:16:10.041Z INFO  client] Sending sample transaction 433
[2022-07-24T10:16:10.057Z INFO  client] Sending sample transaction 434
[2022-07-24T10:16:10.122Z INFO  client] Sending sample transaction 435
[2022-07-24T10:16:10.188Z INFO  client] Sending sample transaction 436
[2022-07-24T10:16:10.214Z INFO  client] Sending sample transaction 437
[2022-07-24T10:16:10.257Z INFO  client] Sending sample transaction 438
[2022-07-24T10:16:10.312Z INFO  client] Sending sample transaction 439
[2022-07-24T10:16:10.396Z INFO  client] Sending sample transaction 440
[2022-07-24T10:16:10.434Z INFO  client] Sending sample transaction 441
[2022-07-24T10:16:10.464Z INFO  client] Sending sample transaction 442
[2022-07-24T10:16:10.515Z INFO  client] Sending sample transaction 443
[2022-07-24T10:16:10.560Z INFO  client] Sending sample transaction 444
[2022-07-24T10:16:10.607Z INFO  client] Sending sample transaction 445
