[2022-07-24T10:52:27.490Z INFO  client] Node address: 127.0.0.1:9014
[2022-07-24T10:52:27.490Z INFO  client] Transactions size: 512 B
[2022-07-24T10:52:27.490Z INFO  client] Transactions rate: 112 tx/s
[2022-07-24T10:52:27.490Z INFO  client] Waiting for all nodes to be online...
[2022-07-24T10:52:27.490Z INFO  client] Waiting for all nodes to be synchronized...
[2022-07-24T10:52:29.602Z INFO  client] Start sending transactions
[2022-07-24T10:52:29.647Z INFO  client] Sending sample transaction 0
[2022-07-24T10:52:29.661Z INFO  client] Sending sample transaction 1
[2022-07-24T10:52:29.724Z INFO  client] Sending sample transaction 2
[2022-07-24T10:52:29.773Z INFO  client] Sending sample transaction 3
[2022-07-24T10:52:29.834Z INFO  client] Sending sample transaction 4
[2022-07-24T10:52:29.880Z INFO  client] Sending sample transaction 5
[2022-07-24T10:52:29.920Z INFO  client] Sending sample transaction 6
[2022-07-24T10:52:29.958Z INFO  client] Sending sample transaction 7
[2022-07-24T10:52:30.007Z INFO  client] Sending sample transaction 8
[2022-07-24T10:52:30.054Z INFO  client] Sending sample transaction 9
[2022-07-24T10:52:30.105Z INFO  client] Sending sample transaction 10
[2022-07-24T10:52:30.154Z INFO  client] Sending sample transaction 11
[2022-07-24T10:52:30.210Z INFO  client] Sending sample transaction 12
[2022-07-24T10:52:30.255Z INFO  client] Sending sample transaction 13
[2022-07-24T10:52:30.311Z INFO  client] Sending sample transaction 14
[2022-07-24T10:52:30.356Z INFO  client] Sending sample transaction 15
[2022-07-24T10:52:30.404Z INFO  client] Sending sample transaction 16
[2022-07-24T10:52:30.454Z INFO  client] Sending sample transaction 17
[2022-07-24T10:52:30.507Z INFO  client] Sending sample transaction 18
[2022-07-24T10:52:30.554Z INFO  client] Sending sample transaction 19
[2022-07-24T10:52:30.610Z INFO  client] Sending sample transaction 20
[2022-07-24T10:52:30.655Z INFO  client] Sending sample transaction 21
[2022-07-24T10:52:30.704Z INFO  client] Sending sample transaction 22
[2022-07-24T10:52:30.768Z INFO  client] Sending sample transaction 23
[2022-07-24T10:52:30.820Z INFO  client] Sending sample transaction 24
[2022-07-24T10:52:30.876Z INFO  client] Sending sample transaction 25
[2022-07-24T10:52:30.920Z INFO  client] Sending sample transaction 26
[2022-07-24T10:52:30.957Z INFO  client] Sending sample transaction 27
[2022-07-24T10:52:31.005Z INFO  client] Sending sample transaction 28
[2022-07-24T10:52:31.054Z INFO  client] Sending sample transaction 29
[2022-07-24T10:52:31.104Z INFO  client] Sending sample transaction 30
[2022-07-24T10:52:31.154Z INFO  client] Sending sample transaction 31
[2022-07-24T10:52:31.204Z INFO  client] Sending sample transaction 32
[2022-07-24T10:52:31.256Z INFO  client] Sending sample transaction 33
[2022-07-24T10:52:31.304Z INFO  client] Sending sample transaction 34
[2022-07-24T10:52:31.411Z INFO  client] Sending sample transaction 35
[2022-07-24T10:52:31.454Z INFO  client] Sending sample transaction 36
[2022-07-24T10:52:31.456Z INFO  client] Sending sample transaction 37
[2022-07-24T10:52:31.528Z INFO  client] Sending sample transaction 38
[2022-07-24T10:52:31.596Z INFO  client] Sending sample transaction 39
[2022-07-24T10:52:31.611Z INFO  client] Sending sample transaction 40
[2022-07-24T10:52:31.664Z INFO  client] Sending sample transaction 41
[2022-07-24T10:52:31.704Z INFO  client] Sending sample transaction 42
[2022-07-24T10:52:31.755Z INFO  client] Sending sample transaction 43
[2022-07-24T10:52:31.804Z INFO  client] Sending sample transaction 44
[2022-07-24T10:52:31.854Z INFO  client] Sending sample transaction 45
[2022-07-24T10:52:31.904Z INFO  client] Sending sample transaction 46
[2022-07-24T10:52:31.957Z INFO  client] Sending sample transaction 47
[2022-07-24T10:52:32.008Z INFO  client] Sending sample transaction 48
[2022-07-24T10:52:32.054Z INFO  client] Sending sample transaction 49
[2022-07-24T10:52:32.104Z INFO  client] Sending sample transaction 50
[2022-07-24T10:52:32.154Z INFO  client] Sending sample transaction 51
[2022-07-24T10:52:32.204Z INFO  client] Sending sample transaction 52
[2022-07-24T10:52:32.255Z INFO  client] Sending sample transaction 53
[2022-07-24T10:52:32.305Z INFO  client] Sending sample transaction 54
[2022-07-24T10:52:32.353Z INFO  client] Sending sample transaction 55
[2022-07-24T10:52:32.403Z INFO  client] Sending sample transaction 56
[2022-07-24T10:52:32.455Z INFO  client] Sending sample transaction 57
[2022-07-24T10:52:32.504Z INFO  client] Sending sample transaction 58
[2022-07-24T10:52:32.553Z INFO  client] Sending sample transaction 59
[2022-07-24T10:52:32.604Z INFO  client] Sending sample transaction 60
[2022-07-24T10:52:32.654Z INFO  client] Sending sample transaction 61
[2022-07-24T10:52:32.703Z INFO  client] Sending sample transaction 62
[2022-07-24T10:52:32.757Z INFO  client] Sending sample transaction 63
[2022-07-24T10:52:32.804Z INFO  client] Sending sample transaction 64
[2022-07-24T10:52:32.854Z INFO  client] Sending sample transaction 65
[2022-07-24T10:52:32.904Z INFO  client] Sending sample transaction 66
[2022-07-24T10:52:32.960Z INFO  client] Sending sample transaction 67
[2022-07-24T10:52:33.021Z INFO  client] Sending sample transaction 68
[2022-07-24T10:52:33.072Z INFO  client] Sending sample transaction 69
[2022-07-24T10:52:33.111Z INFO  client] Sending sample transaction 70
[2022-07-24T10:52:33.160Z INFO  client] Sending sample transaction 71
[2022-07-24T10:52:33.206Z INFO  client] Sending sample transaction 72
[2022-07-24T10:52:33.255Z INFO  client] Sending sample transaction 73
[2022-07-24T10:52:33.305Z INFO  client] Sending sample transaction 74
[2022-07-24T10:52:33.354Z INFO  client] Sending sample transaction 75
[2022-07-24T10:52:33.404Z INFO  client] Sending sample transaction 76
[2022-07-24T10:52:33.455Z INFO  client] Sending sample transaction 77
[2022-07-24T10:52:33.504Z INFO  client] Sending sample transaction 78
[2022-07-24T10:52:33.558Z INFO  client] Sending sample transaction 79
[2022-07-24T10:52:33.606Z INFO  client] Sending sample transaction 80
[2022-07-24T10:52:33.654Z INFO  client] Sending sample transaction 81
[2022-07-24T10:52:33.705Z INFO  client] Sending sample transaction 82
[2022-07-24T10:52:33.754Z INFO  client] Sending sample transaction 83
[2022-07-24T10:52:33.804Z INFO  client] Sending sample transaction 84
[2022-07-24T10:52:33.853Z INFO  client] Sending sample transaction 85
[2022-07-24T10:52:33.904Z INFO  client] Sending sample transaction 86
[2022-07-24T10:52:33.955Z INFO  client] Sending sample transaction 87
[2022-07-24T10:52:34.004Z INFO  client] Sending sample transaction 88
[2022-07-24T10:52:34.054Z INFO  client] Sending sample transaction 89
[2022-07-24T10:52:34.141Z INFO  client] Sending sample transaction 90
[2022-07-24T10:52:34.155Z INFO  client] Sending sample transaction 91
[2022-07-24T10:52:34.204Z INFO  client] Sending sample transaction 92
[2022-07-24T10:52:34.253Z INFO  client] Sending sample transaction 93
[2022-07-24T10:52:34.304Z INFO  client] Sending sample transaction 94
[2022-07-24T10:52:34.353Z INFO  client] Sending sample transaction 95
[2022-07-24T10:52:34.404Z INFO  client] Sending sample transaction 96
[2022-07-24T10:52:34.454Z INFO  client] Sending sample transaction 97
[2022-07-24T10:52:34.504Z INFO  client] Sending sample transaction 98
[2022-07-24T10:52:34.553Z INFO  client] Sending sample transaction 99
[2022-07-24T10:52:34.604Z INFO  client] Sending sample transaction 100
[2022-07-24T10:52:34.653Z INFO  client] Sending sample transaction 101
[2022-07-24T10:52:34.704Z INFO  client] Sending sample transaction 102
[2022-07-24T10:52:34.755Z INFO  client] Sending sample transaction 103
[2022-07-24T10:52:34.803Z INFO  client] Sending sample transaction 104
[2022-07-24T10:52:34.853Z INFO  client] Sending sample transaction 105
[2022-07-24T10:52:34.904Z INFO  client] Sending sample transaction 106
[2022-07-24T10:52:34.955Z INFO  client] Sending sample transaction 107
[2022-07-24T10:52:35.004Z INFO  client] Sending sample transaction 108
[2022-07-24T10:52:35.054Z INFO  client] Sending sample transaction 109
[2022-07-24T10:52:35.104Z INFO  client] Sending sample transaction 110
[2022-07-24T10:52:35.157Z INFO  client] Sending sample transaction 111
[2022-07-24T10:52:35.204Z INFO  client] Sending sample transaction 112
[2022-07-24T10:52:35.254Z INFO  client] Sending sample transaction 113
[2022-07-24T10:52:35.303Z INFO  client] Sending sample transaction 114
[2022-07-24T10:52:35.354Z INFO  client] Sending sample transaction 115
[2022-07-24T10:52:35.404Z INFO  client] Sending sample transaction 116
[2022-07-24T10:52:35.454Z INFO  client] Sending sample transaction 117
[2022-07-24T10:52:35.503Z INFO  client] Sending sample transaction 118
[2022-07-24T10:52:35.554Z INFO  client] Sending sample transaction 119
[2022-07-24T10:52:35.604Z INFO  client] Sending sample transaction 120
[2022-07-24T10:52:35.654Z INFO  client] Sending sample transaction 121
[2022-07-24T10:52:35.704Z INFO  client] Sending sample transaction 122
[2022-07-24T10:52:35.754Z INFO  client] Sending sample transaction 123
[2022-07-24T10:52:35.805Z INFO  client] Sending sample transaction 124
[2022-07-24T10:52:35.854Z INFO  client] Sending sample transaction 125
[2022-07-24T10:52:35.904Z INFO  client] Sending sample transaction 126
[2022-07-24T10:52:35.955Z INFO  client] Sending sample transaction 127
[2022-07-24T10:52:36.004Z INFO  client] Sending sample transaction 128
[2022-07-24T10:52:36.054Z INFO  client] Sending sample transaction 129
[2022-07-24T10:52:36.143Z INFO  client] Sending sample transaction 130
[2022-07-24T10:52:36.182Z INFO  client] Sending sample transaction 131
[2022-07-24T10:52:36.204Z INFO  client] Sending sample transaction 132
[2022-07-24T10:52:36.254Z INFO  client] Sending sample transaction 133
[2022-07-24T10:52:36.304Z INFO  client] Sending sample transaction 134
[2022-07-24T10:52:36.353Z INFO  client] Sending sample transaction 135
[2022-07-24T10:52:36.403Z INFO  client] Sending sample transaction 136
[2022-07-24T10:52:36.454Z INFO  client] Sending sample transaction 137
[2022-07-24T10:52:36.504Z INFO  client] Sending sample transaction 138
[2022-07-24T10:52:36.556Z INFO  client] Sending sample transaction 139
[2022-07-24T10:52:36.604Z INFO  client] Sending sample transaction 140
[2022-07-24T10:52:36.654Z INFO  client] Sending sample transaction 141
[2022-07-24T10:52:36.704Z INFO  client] Sending sample transaction 142
[2022-07-24T10:52:36.754Z INFO  client] Sending sample transaction 143
[2022-07-24T10:52:36.804Z INFO  client] Sending sample transaction 144
[2022-07-24T10:52:36.854Z INFO  client] Sending sample transaction 145
[2022-07-24T10:52:36.903Z INFO  client] Sending sample transaction 146
[2022-07-24T10:52:36.954Z INFO  client] Sending sample transaction 147
[2022-07-24T10:52:37.004Z INFO  client] Sending sample transaction 148
[2022-07-24T10:52:37.053Z INFO  client] Sending sample transaction 149
[2022-07-24T10:52:37.104Z INFO  client] Sending sample transaction 150
[2022-07-24T10:52:37.154Z INFO  client] Sending sample transaction 151
[2022-07-24T10:52:37.204Z INFO  client] Sending sample transaction 152
[2022-07-24T10:52:37.270Z INFO  client] Sending sample transaction 153
[2022-07-24T10:52:37.308Z INFO  client] Sending sample transaction 154
[2022-07-24T10:52:37.358Z INFO  client] Sending sample transaction 155
[2022-07-24T10:52:37.404Z INFO  client] Sending sample transaction 156
[2022-07-24T10:52:37.453Z INFO  client] Sending sample transaction 157
[2022-07-24T10:52:37.505Z INFO  client] Sending sample transaction 158
[2022-07-24T10:52:37.554Z INFO  client] Sending sample transaction 159
[2022-07-24T10:52:37.603Z INFO  client] Sending sample transaction 160
[2022-07-24T10:52:37.653Z INFO  client] Sending sample transaction 161
[2022-07-24T10:52:37.704Z INFO  client] Sending sample transaction 162
[2022-07-24T10:52:37.755Z INFO  client] Sending sample transaction 163
[2022-07-24T10:52:37.804Z INFO  client] Sending sample transaction 164
[2022-07-24T10:52:37.853Z INFO  client] Sending sample transaction 165
[2022-07-24T10:52:37.904Z INFO  client] Sending sample transaction 166
[2022-07-24T10:52:37.953Z INFO  client] Sending sample transaction 167
[2022-07-24T10:52:38.004Z INFO  client] Sending sample transaction 168
[2022-07-24T10:52:38.054Z INFO  client] Sending sample transaction 169
[2022-07-24T10:52:38.104Z INFO  client] Sending sample transaction 170
[2022-07-24T10:52:38.154Z INFO  client] Sending sample transaction 171
[2022-07-24T10:52:38.204Z INFO  client] Sending sample transaction 172
[2022-07-24T10:52:38.253Z INFO  client] Sending sample transaction 173
[2022-07-24T10:52:38.304Z INFO  client] Sending sample transaction 174
[2022-07-24T10:52:38.353Z INFO  client] Sending sample transaction 175
[2022-07-24T10:52:38.404Z INFO  client] Sending sample transaction 176
[2022-07-24T10:52:38.453Z INFO  client] Sending sample transaction 177
[2022-07-24T10:52:38.504Z INFO  client] Sending sample transaction 178
[2022-07-24T10:52:38.554Z INFO  client] Sending sample transaction 179
[2022-07-24T10:52:38.604Z INFO  client] Sending sample transaction 180
[2022-07-24T10:52:38.654Z INFO  client] Sending sample transaction 181
[2022-07-24T10:52:38.704Z INFO  client] Sending sample transaction 182
[2022-07-24T10:52:38.767Z INFO  client] Sending sample transaction 183
[2022-07-24T10:52:38.806Z INFO  client] Sending sample transaction 184
[2022-07-24T10:52:38.854Z INFO  client] Sending sample transaction 185
[2022-07-24T10:52:38.904Z INFO  client] Sending sample transaction 186
[2022-07-24T10:52:38.954Z INFO  client] Sending sample transaction 187
[2022-07-24T10:52:39.004Z INFO  client] Sending sample transaction 188
[2022-07-24T10:52:39.054Z INFO  client] Sending sample transaction 189
[2022-07-24T10:52:39.104Z INFO  client] Sending sample transaction 190
[2022-07-24T10:52:39.153Z INFO  client] Sending sample transaction 191
[2022-07-24T10:52:39.203Z INFO  client] Sending sample transaction 192
[2022-07-24T10:52:39.254Z INFO  client] Sending sample transaction 193
[2022-07-24T10:52:39.304Z INFO  client] Sending sample transaction 194
[2022-07-24T10:52:39.354Z INFO  client] Sending sample transaction 195
[2022-07-24T10:52:39.411Z INFO  client] Sending sample transaction 196
[2022-07-24T10:52:39.456Z INFO  client] Sending sample transaction 197
[2022-07-24T10:52:39.504Z INFO  client] Sending sample transaction 198
[2022-07-24T10:52:39.554Z INFO  client] Sending sample transaction 199
[2022-07-24T10:52:39.604Z INFO  client] Sending sample transaction 200
[2022-07-24T10:52:39.653Z INFO  client] Sending sample transaction 201
[2022-07-24T10:52:39.704Z INFO  client] Sending sample transaction 202
[2022-07-24T10:52:39.754Z INFO  client] Sending sample transaction 203
[2022-07-24T10:52:39.804Z INFO  client] Sending sample transaction 204
[2022-07-24T10:52:39.854Z INFO  client] Sending sample transaction 205
[2022-07-24T10:52:39.904Z INFO  client] Sending sample transaction 206
[2022-07-24T10:52:39.961Z INFO  client] Sending sample transaction 207
[2022-07-24T10:52:40.017Z INFO  client] Sending sample transaction 208
[2022-07-24T10:52:40.057Z INFO  client] Sending sample transaction 209
[2022-07-24T10:52:40.104Z INFO  client] Sending sample transaction 210
[2022-07-24T10:52:40.153Z INFO  client] Sending sample transaction 211
[2022-07-24T10:52:40.204Z INFO  client] Sending sample transaction 212
[2022-07-24T10:52:40.255Z INFO  client] Sending sample transaction 213
[2022-07-24T10:52:40.304Z INFO  client] Sending sample transaction 214
[2022-07-24T10:52:40.354Z INFO  client] Sending sample transaction 215
[2022-07-24T10:52:40.404Z INFO  client] Sending sample transaction 216
[2022-07-24T10:52:40.454Z INFO  client] Sending sample transaction 217
[2022-07-24T10:52:40.504Z INFO  client] Sending sample transaction 218
[2022-07-24T10:52:40.554Z INFO  client] Sending sample transaction 219
[2022-07-24T10:52:40.604Z INFO  client] Sending sample transaction 220
[2022-07-24T10:52:40.654Z INFO  client] Sending sample transaction 221
[2022-07-24T10:52:40.704Z INFO  client] Sending sample transaction 222
[2022-07-24T10:52:40.753Z INFO  client] Sending sample transaction 223
[2022-07-24T10:52:40.804Z INFO  client] Sending sample transaction 224
[2022-07-24T10:52:40.855Z INFO  client] Sending sample transaction 225
[2022-07-24T10:52:40.906Z INFO  client] Sending sample transaction 226
[2022-07-24T10:52:40.954Z INFO  client] Sending sample transaction 227
[2022-07-24T10:52:41.004Z INFO  client] Sending sample transaction 228
[2022-07-24T10:52:41.054Z INFO  client] Sending sample transaction 229
[2022-07-24T10:52:41.104Z INFO  client] Sending sample transaction 230
[2022-07-24T10:52:41.154Z INFO  client] Sending sample transaction 231
[2022-07-24T10:52:41.204Z INFO  client] Sending sample transaction 232
[2022-07-24T10:52:41.255Z INFO  client] Sending sample transaction 233
[2022-07-24T10:52:41.304Z INFO  client] Sending sample transaction 234
[2022-07-24T10:52:41.354Z INFO  client] Sending sample transaction 235
[2022-07-24T10:52:41.404Z INFO  client] Sending sample transaction 236
[2022-07-24T10:52:41.454Z INFO  client] Sending sample transaction 237
[2022-07-24T10:52:41.520Z INFO  client] Sending sample transaction 238
[2022-07-24T10:52:41.554Z INFO  client] Sending sample transaction 239
[2022-07-24T10:52:41.604Z INFO  client] Sending sample transaction 240
[2022-07-24T10:52:41.654Z INFO  client] Sending sample transaction 241
[2022-07-24T10:52:41.704Z INFO  client] Sending sample transaction 242
[2022-07-24T10:52:41.753Z INFO  client] Sending sample transaction 243
[2022-07-24T10:52:41.805Z INFO  client] Sending sample transaction 244
[2022-07-24T10:52:41.854Z INFO  client] Sending sample transaction 245
[2022-07-24T10:52:41.907Z INFO  client] Sending sample transaction 246
[2022-07-24T10:52:41.954Z INFO  client] Sending sample transaction 247
[2022-07-24T10:52:42.004Z INFO  client] Sending sample transaction 248
[2022-07-24T10:52:42.054Z INFO  client] Sending sample transaction 249
[2022-07-24T10:52:42.130Z INFO  client] Sending sample transaction 250
[2022-07-24T10:52:42.176Z INFO  client] Sending sample transaction 251
[2022-07-24T10:52:42.209Z INFO  client] Sending sample transaction 252
[2022-07-24T10:52:42.253Z INFO  client] Sending sample transaction 253
[2022-07-24T10:52:42.304Z INFO  client] Sending sample transaction 254
[2022-07-24T10:52:42.354Z INFO  client] Sending sample transaction 255
[2022-07-24T10:52:42.404Z INFO  client] Sending sample transaction 256
[2022-07-24T10:52:42.454Z INFO  client] Sending sample transaction 257
[2022-07-24T10:52:42.504Z INFO  client] Sending sample transaction 258
[2022-07-24T10:52:42.555Z INFO  client] Sending sample transaction 259
[2022-07-24T10:52:42.604Z INFO  client] Sending sample transaction 260
[2022-07-24T10:52:42.654Z INFO  client] Sending sample transaction 261
[2022-07-24T10:52:42.705Z INFO  client] Sending sample transaction 262
[2022-07-24T10:52:42.755Z INFO  client] Sending sample transaction 263
[2022-07-24T10:52:42.804Z INFO  client] Sending sample transaction 264
[2022-07-24T10:52:42.854Z INFO  client] Sending sample transaction 265
[2022-07-24T10:52:42.904Z INFO  client] Sending sample transaction 266
[2022-07-24T10:52:42.954Z INFO  client] Sending sample transaction 267
[2022-07-24T10:52:43.004Z INFO  client] Sending sample transaction 268
[2022-07-24T10:52:43.054Z INFO  client] Sending sample transaction 269
[2022-07-24T10:52:43.104Z INFO  client] Sending sample transaction 270
[2022-07-24T10:52:43.154Z INFO  client] Sending sample transaction 271
[2022-07-24T10:52:43.204Z INFO  client] Sending sample transaction 272
[2022-07-24T10:52:43.254Z INFO  client] Sending sample transaction 273
[2022-07-24T10:52:43.306Z INFO  client] Sending sample transaction 274
[2022-07-24T10:52:43.354Z INFO  client] Sending sample transaction 275
[2022-07-24T10:52:43.405Z INFO  client] Sending sample transaction 276
[2022-07-24T10:52:43.454Z INFO  client] Sending sample transaction 277
[2022-07-24T10:52:43.505Z INFO  client] Sending sample transaction 278
[2022-07-24T10:52:43.557Z INFO  client] Sending sample transaction 279
[2022-07-24T10:52:43.609Z INFO  client] Sending sample transaction 280
[2022-07-24T10:52:43.654Z INFO  client] Sending sample transaction 281
[2022-07-24T10:52:43.704Z INFO  client] Sending sample transaction 282
[2022-07-24T10:52:43.753Z INFO  client] Sending sample transaction 283
[2022-07-24T10:52:43.804Z INFO  client] Sending sample transaction 284
[2022-07-24T10:52:43.853Z INFO  client] Sending sample transaction 285
[2022-07-24T10:52:43.904Z INFO  client] Sending sample transaction 286
[2022-07-24T10:52:43.953Z INFO  client] Sending sample transaction 287
[2022-07-24T10:52:44.004Z INFO  client] Sending sample transaction 288
[2022-07-24T10:52:44.054Z INFO  client] Sending sample transaction 289
[2022-07-24T10:52:44.104Z INFO  client] Sending sample transaction 290
[2022-07-24T10:52:44.155Z INFO  client] Sending sample transaction 291
[2022-07-24T10:52:44.203Z INFO  client] Sending sample transaction 292
[2022-07-24T10:52:44.254Z INFO  client] Sending sample transaction 293
[2022-07-24T10:52:44.304Z INFO  client] Sending sample transaction 294
[2022-07-24T10:52:44.354Z INFO  client] Sending sample transaction 295
[2022-07-24T10:52:44.403Z INFO  client] Sending sample transaction 296
[2022-07-24T10:52:44.454Z INFO  client] Sending sample transaction 297
[2022-07-24T10:52:44.504Z INFO  client] Sending sample transaction 298
[2022-07-24T10:52:44.615Z INFO  client] Sending sample transaction 299
[2022-07-24T10:52:44.637Z INFO  client] Sending sample transaction 300
[2022-07-24T10:52:44.656Z INFO  client] Sending sample transaction 301
[2022-07-24T10:52:44.703Z INFO  client] Sending sample transaction 302
[2022-07-24T10:52:44.754Z INFO  client] Sending sample transaction 303
[2022-07-24T10:52:44.803Z INFO  client] Sending sample transaction 304
[2022-07-24T10:52:44.857Z INFO  client] Sending sample transaction 305
[2022-07-24T10:52:44.903Z INFO  client] Sending sample transaction 306
[2022-07-24T10:52:44.954Z INFO  client] Sending sample transaction 307
[2022-07-24T10:52:45.004Z INFO  client] Sending sample transaction 308
[2022-07-24T10:52:45.054Z INFO  client] Sending sample transaction 309
[2022-07-24T10:52:45.104Z INFO  client] Sending sample transaction 310
[2022-07-24T10:52:45.154Z INFO  client] Sending sample transaction 311
[2022-07-24T10:52:45.204Z INFO  client] Sending sample transaction 312
[2022-07-24T10:52:45.255Z INFO  client] Sending sample transaction 313
[2022-07-24T10:52:45.304Z INFO  client] Sending sample transaction 314
[2022-07-24T10:52:45.354Z INFO  client] Sending sample transaction 315
[2022-07-24T10:52:45.404Z INFO  client] Sending sample transaction 316
[2022-07-24T10:52:45.453Z INFO  client] Sending sample transaction 317
[2022-07-24T10:52:45.504Z INFO  client] Sending sample transaction 318
[2022-07-24T10:52:45.553Z INFO  client] Sending sample transaction 319
[2022-07-24T10:52:45.603Z INFO  client] Sending sample transaction 320
[2022-07-24T10:52:45.657Z INFO  client] Sending sample transaction 321
[2022-07-24T10:52:45.706Z INFO  client] Sending sample transaction 322
[2022-07-24T10:52:45.755Z INFO  client] Sending sample transaction 323
[2022-07-24T10:52:45.804Z INFO  client] Sending sample transaction 324
[2022-07-24T10:52:45.853Z INFO  client] Sending sample transaction 325
[2022-07-24T10:52:45.903Z INFO  client] Sending sample transaction 326
[2022-07-24T10:52:45.954Z INFO  client] Sending sample transaction 327
[2022-07-24T10:52:46.005Z INFO  client] Sending sample transaction 328
[2022-07-24T10:52:46.054Z INFO  client] Sending sample transaction 329
[2022-07-24T10:52:46.104Z INFO  client] Sending sample transaction 330
[2022-07-24T10:52:46.155Z INFO  client] Sending sample transaction 331
[2022-07-24T10:52:46.205Z INFO  client] Sending sample transaction 332
[2022-07-24T10:52:46.254Z INFO  client] Sending sample transaction 333
[2022-07-24T10:52:46.304Z INFO  client] Sending sample transaction 334
[2022-07-24T10:52:46.354Z INFO  client] Sending sample transaction 335
[2022-07-24T10:52:46.404Z INFO  client] Sending sample transaction 336
[2022-07-24T10:52:46.454Z INFO  client] Sending sample transaction 337
[2022-07-24T10:52:46.504Z INFO  client] Sending sample transaction 338
[2022-07-24T10:52:46.554Z INFO  client] Sending sample transaction 339
[2022-07-24T10:52:46.603Z INFO  client] Sending sample transaction 340
[2022-07-24T10:52:46.654Z INFO  client] Sending sample transaction 341
[2022-07-24T10:52:46.705Z INFO  client] Sending sample transaction 342
[2022-07-24T10:52:46.755Z INFO  client] Sending sample transaction 343
[2022-07-24T10:52:46.804Z INFO  client] Sending sample transaction 344
[2022-07-24T10:52:46.854Z INFO  client] Sending sample transaction 345
[2022-07-24T10:52:46.904Z INFO  client] Sending sample transaction 346
[2022-07-24T10:52:46.954Z INFO  client] Sending sample transaction 347
[2022-07-24T10:52:47.013Z INFO  client] Sending sample transaction 348
[2022-07-24T10:52:47.063Z INFO  client] Sending sample transaction 349
[2022-07-24T10:52:47.104Z INFO  client] Sending sample transaction 350
[2022-07-24T10:52:47.154Z INFO  client] Sending sample transaction 351
[2022-07-24T10:52:47.204Z INFO  client] Sending sample transaction 352
[2022-07-24T10:52:47.254Z INFO  client] Sending sample transaction 353
[2022-07-24T10:52:47.304Z INFO  client] Sending sample transaction 354
[2022-07-24T10:52:47.353Z INFO  client] Sending sample transaction 355
[2022-07-24T10:52:47.404Z INFO  client] Sending sample transaction 356
[2022-07-24T10:52:47.454Z INFO  client] Sending sample transaction 357
[2022-07-24T10:52:47.504Z INFO  client] Sending sample transaction 358
[2022-07-24T10:52:47.554Z INFO  client] Sending sample transaction 359
[2022-07-24T10:52:47.603Z INFO  client] Sending sample transaction 360
[2022-07-24T10:52:47.653Z INFO  client] Sending sample transaction 361
[2022-07-24T10:52:47.704Z INFO  client] Sending sample transaction 362
[2022-07-24T10:52:47.757Z INFO  client] Sending sample transaction 363
[2022-07-24T10:52:47.804Z INFO  client] Sending sample transaction 364
[2022-07-24T10:52:47.854Z INFO  client] Sending sample transaction 365
[2022-07-24T10:52:47.905Z INFO  client] Sending sample transaction 366
[2022-07-24T10:52:47.954Z INFO  client] Sending sample transaction 367
[2022-07-24T10:52:48.004Z INFO  client] Sending sample transaction 368
[2022-07-24T10:52:48.055Z INFO  client] Sending sample transaction 369
[2022-07-24T10:52:48.104Z INFO  client] Sending sample transaction 370
[2022-07-24T10:52:48.154Z INFO  client] Sending sample transaction 371
[2022-07-24T10:52:48.203Z INFO  client] Sending sample transaction 372
[2022-07-24T10:52:48.254Z INFO  client] Sending sample transaction 373
[2022-07-24T10:52:48.304Z INFO  client] Sending sample transaction 374
[2022-07-24T10:52:48.354Z INFO  client] Sending sample transaction 375
[2022-07-24T10:52:48.403Z INFO  client] Sending sample transaction 376
[2022-07-24T10:52:48.454Z INFO  client] Sending sample transaction 377
[2022-07-24T10:52:48.505Z INFO  client] Sending sample transaction 378
[2022-07-24T10:52:48.554Z INFO  client] Sending sample transaction 379
[2022-07-24T10:52:48.604Z INFO  client] Sending sample transaction 380
[2022-07-24T10:52:48.653Z INFO  client] Sending sample transaction 381
[2022-07-24T10:52:48.709Z INFO  client] Sending sample transaction 382
[2022-07-24T10:52:48.753Z INFO  client] Sending sample transaction 383
[2022-07-24T10:52:48.804Z INFO  client] Sending sample transaction 384
[2022-07-24T10:52:48.854Z INFO  client] Sending sample transaction 385
[2022-07-24T10:52:48.904Z INFO  client] Sending sample transaction 386
[2022-07-24T10:52:48.955Z INFO  client] Sending sample transaction 387
[2022-07-24T10:52:49.004Z INFO  client] Sending sample transaction 388
[2022-07-24T10:52:49.055Z INFO  client] Sending sample transaction 389
[2022-07-24T10:52:49.104Z INFO  client] Sending sample transaction 390
[2022-07-24T10:52:49.154Z INFO  client] Sending sample transaction 391
[2022-07-24T10:52:49.207Z INFO  client] Sending sample transaction 392
[2022-07-24T10:52:49.261Z INFO  client] Sending sample transaction 393
[2022-07-24T10:52:49.304Z INFO  client] Sending sample transaction 394
[2022-07-24T10:52:49.354Z INFO  client] Sending sample transaction 395
[2022-07-24T10:52:49.404Z INFO  client] Sending sample transaction 396
[2022-07-24T10:52:49.455Z INFO  client] Sending sample transaction 397
[2022-07-24T10:52:49.504Z INFO  client] Sending sample transaction 398
[2022-07-24T10:52:49.554Z INFO  client] Sending sample transaction 399
[2022-07-24T10:52:49.604Z INFO  client] Sending sample transaction 400
[2022-07-24T10:52:49.655Z INFO  client] Sending sample transaction 401
[2022-07-24T10:52:49.704Z INFO  client] Sending sample transaction 402
[2022-07-24T10:52:49.755Z INFO  client] Sending sample transaction 403
[2022-07-24T10:52:49.804Z INFO  client] Sending sample transaction 404
[2022-07-24T10:52:49.855Z INFO  client] Sending sample transaction 405
[2022-07-24T10:52:49.906Z INFO  client] Sending sample transaction 406
[2022-07-24T10:52:49.955Z INFO  client] Sending sample transaction 407
[2022-07-24T10:52:50.005Z INFO  client] Sending sample transaction 408
[2022-07-24T10:52:50.054Z INFO  client] Sending sample transaction 409
[2022-07-24T10:52:50.103Z INFO  client] Sending sample transaction 410
[2022-07-24T10:52:50.154Z INFO  client] Sending sample transaction 411
[2022-07-24T10:52:50.203Z INFO  client] Sending sample transaction 412
[2022-07-24T10:52:50.254Z INFO  client] Sending sample transaction 413
[2022-07-24T10:52:50.305Z INFO  client] Sending sample transaction 414
[2022-07-24T10:52:50.354Z INFO  client] Sending sample transaction 415
[2022-07-24T10:52:50.405Z INFO  client] Sending sample transaction 416
[2022-07-24T10:52:50.454Z INFO  client] Sending sample transaction 417
[2022-07-24T10:52:50.504Z INFO  client] Sending sample transaction 418
[2022-07-24T10:52:50.554Z INFO  client] Sending sample transaction 419
[2022-07-24T10:52:50.604Z INFO  client] Sending sample transaction 420
[2022-07-24T10:52:50.654Z INFO  client] Sending sample transaction 421
[2022-07-24T10:52:50.744Z INFO  client] Sending sample transaction 422
[2022-07-24T10:52:50.769Z INFO  client] Sending sample transaction 423
[2022-07-24T10:52:50.804Z INFO  client] Sending sample transaction 424
[2022-07-24T10:52:50.864Z INFO  client] Sending sample transaction 425
[2022-07-24T10:52:50.930Z INFO  client] Sending sample transaction 426
[2022-07-24T10:52:50.960Z INFO  client] Sending sample transaction 427
[2022-07-24T10:52:51.007Z INFO  client] Sending sample transaction 428
[2022-07-24T10:52:51.054Z INFO  client] Sending sample transaction 429
[2022-07-24T10:52:51.104Z INFO  client] Sending sample transaction 430
[2022-07-24T10:52:51.155Z INFO  client] Sending sample transaction 431
[2022-07-24T10:52:51.205Z INFO  client] Sending sample transaction 432
[2022-07-24T10:52:51.254Z INFO  client] Sending sample transaction 433
[2022-07-24T10:52:51.305Z INFO  client] Sending sample transaction 434
