[2022-07-24T09:23:44.762Z INFO  client] Node address: 127.0.0.1:9017
[2022-07-24T09:23:44.762Z INFO  client] Transactions size: 512 B
[2022-07-24T09:23:44.762Z INFO  client] Transactions rate: 112 tx/s
[2022-07-24T09:23:44.762Z INFO  client] Waiting for all nodes to be online...
[2022-07-24T09:23:44.762Z INFO  client] Waiting for all nodes to be synchronized...
[2022-07-24T09:23:46.767Z INFO  client] Start sending transactions
[2022-07-24T09:23:46.770Z INFO  client] Sending sample transaction 0
[2022-07-24T09:23:46.819Z INFO  client] Sending sample transaction 1
[2022-07-24T09:23:46.869Z INFO  client] Sending sample transaction 2
[2022-07-24T09:23:46.921Z INFO  client] Sending sample transaction 3
[2022-07-24T09:23:46.970Z INFO  client] Sending sample transaction 4
[2022-07-24T09:23:47.019Z INFO  client] Sending sample transaction 5
[2022-07-24T09:23:47.069Z INFO  client] Sending sample transaction 6
[2022-07-24T09:23:47.119Z INFO  client] Sending sample transaction 7
[2022-07-24T09:23:47.170Z INFO  client] Sending sample transaction 8
[2022-07-24T09:23:47.219Z INFO  client] Sending sample transaction 9
[2022-07-24T09:23:47.270Z INFO  client] Sending sample transaction 10
[2022-07-24T09:23:47.319Z INFO  client] Sending sample transaction 11
[2022-07-24T09:23:47.370Z INFO  client] Sending sample transaction 12
[2022-07-24T09:23:47.420Z INFO  client] Sending sample transaction 13
[2022-07-24T09:23:47.470Z INFO  client] Sending sample transaction 14
[2022-07-24T09:23:47.519Z INFO  client] Sending sample transaction 15
[2022-07-24T09:23:47.570Z INFO  client] Sending sample transaction 16
[2022-07-24T09:23:47.619Z INFO  client] Sending sample transaction 17
[2022-07-24T09:23:47.672Z INFO  client] Sending sample transaction 18
[2022-07-24T09:23:47.720Z INFO  client] Sending sample transaction 19
[2022-07-24T09:23:47.769Z INFO  client] Sending sample transaction 20
[2022-07-24T09:23:47.819Z INFO  client] Sending sample transaction 21
[2022-07-24T09:23:47.869Z INFO  client] Sending sample transaction 22
[2022-07-24T09:23:47.919Z INFO  client] Sending sample transaction 23
[2022-07-24T09:23:47.970Z INFO  client] Sending sample transaction 24
[2022-07-24T09:23:48.018Z INFO  client] Sending sample transaction 25
[2022-07-24T09:23:48.069Z INFO  client] Sending sample transaction 26
[2022-07-24T09:23:48.120Z INFO  client] Sending sample transaction 27
[2022-07-24T09:23:48.170Z INFO  client] Sending sample transaction 28
[2022-07-24T09:23:48.220Z INFO  client] Sending sample transaction 29
[2022-07-24T09:23:48.269Z INFO  client] Sending sample transaction 30
[2022-07-24T09:23:48.319Z INFO  client] Sending sample transaction 31
[2022-07-24T09:23:48.370Z INFO  client] Sending sample transaction 32
[2022-07-24T09:23:48.419Z INFO  client] Sending sample transaction 33
[2022-07-24T09:23:48.470Z INFO  client] Sending sample transaction 34
[2022-07-24T09:23:48.519Z INFO  client] Sending sample transaction 35
[2022-07-24T09:23:48.574Z INFO  client] Sending sample transaction 36
[2022-07-24T09:23:48.621Z INFO  client] Sending sample transaction 37
[2022-07-24T09:23:48.670Z INFO  client] Sending sample transaction 38
[2022-07-24T09:23:48.718Z INFO  client] Sending sample transaction 39
[2022-07-24T09:23:48.769Z INFO  client] Sending sample transaction 40
[2022-07-24T09:23:48.819Z INFO  client] Sending sample transaction 41
[2022-07-24T09:23:48.869Z INFO  client] Sending sample transaction 42
[2022-07-24T09:23:48.919Z INFO  client] Sending sample transaction 43
[2022-07-24T09:23:48.972Z INFO  client] Sending sample transaction 44
[2022-07-24T09:23:49.019Z INFO  client] Sending sample transaction 45
[2022-07-24T09:23:49.071Z INFO  client] Sending sample transaction 46
[2022-07-24T09:23:49.119Z INFO  client] Sending sample transaction 47
[2022-07-24T09:23:49.170Z INFO  client] Sending sample transaction 48
[2022-07-24T09:23:49.219Z INFO  client] Sending sample transaction 49
[2022-07-24T09:23:49.268Z INFO  client] Sending sample transaction 50
[2022-07-24T09:23:49.320Z INFO  client] Sending sample transaction 51
[2022-07-24T09:23:49.368Z INFO  client] Sending sample transaction 52
[2022-07-24T09:23:49.418Z INFO  client] Sending sample transaction 53
[2022-07-24T09:23:49.469Z INFO  client] Sending sample transaction 54
[2022-07-24T09:23:49.518Z INFO  client] Sending sample transaction 55
[2022-07-24T09:23:49.570Z INFO  client] Sending sample transaction 56
[2022-07-24T09:23:49.619Z INFO  client] Sending sample transaction 57
[2022-07-24T09:23:49.669Z INFO  client] Sending sample transaction 58
[2022-07-24T09:23:49.724Z INFO  client] Sending sample transaction 59
[2022-07-24T09:23:49.769Z INFO  client] Sending sample transaction 60
[2022-07-24T09:23:49.819Z INFO  client] Sending sample transaction 61
[2022-07-24T09:23:49.869Z INFO  client] Sending sample transaction 62
[2022-07-24T09:23:49.919Z INFO  client] Sending sample transaction 63
[2022-07-24T09:23:49.970Z INFO  client] Sending sample transaction 64
[2022-07-24T09:23:50.019Z INFO  client] Sending sample transaction 65
[2022-07-24T09:23:50.070Z INFO  client] Sending sample transaction 66
[2022-07-24T09:23:50.119Z INFO  client] Sending sample transaction 67
[2022-07-24T09:23:50.169Z INFO  client] Sending sample transaction 68
[2022-07-24T09:23:50.220Z INFO  client] Sending sample transaction 69
[2022-07-24T09:23:50.269Z INFO  client] Sending sample transaction 70
[2022-07-24T09:23:50.320Z INFO  client] Sending sample transaction 71
[2022-07-24T09:23:50.369Z INFO  client] Sending sample transaction 72
[2022-07-24T09:23:50.419Z INFO  client] Sending sample transaction 73
[2022-07-24T09:23:50.469Z INFO  client] Sending sample transaction 74
[2022-07-24T09:23:50.518Z INFO  client] Sending sample transaction 75
[2022-07-24T09:23:50.569Z INFO  client] Sending sample transaction 76
[2022-07-24T09:23:50.619Z INFO  client] Sending sample transaction 77
[2022-07-24T09:23:50.670Z INFO  client] Sending sample transaction 78
[2022-07-24T09:23:50.719Z INFO  client] Sending sample transaction 79
[2022-07-24T09:23:50.769Z INFO  client] Sending sample transaction 80
[2022-07-24T09:23:50.823Z INFO  client] Sending sample transaction 81
[2022-07-24T09:23:50.869Z INFO  client] Sending sample transaction 82
[2022-07-24T09:23:50.919Z INFO  client] Sending sample transaction 83
[2022-07-24T09:23:50.970Z INFO  client] Sending sample transaction 84
[2022-07-24T09:23:51.018Z INFO  client] Sending sample transaction 85
[2022-07-24T09:23:51.070Z INFO  client] Sending sample transaction 86
[2022-07-24T09:23:51.120Z INFO  client] Sending sample transaction 87
[2022-07-24T09:23:51.170Z INFO  client] Sending sample transaction 88
[2022-07-24T09:23:51.220Z INFO  client] Sending sample transaction 89
[2022-07-24T09:23:51.268Z INFO  client] Sending sample transaction 90
[2022-07-24T09:23:51.319Z INFO  client] Sending sample transaction 91
[2022-07-24T09:23:51.369Z INFO  client] Sending sample transaction 92
[2022-07-24T09:23:51.420Z INFO  client] Sending sample transaction 93
[2022-07-24T09:23:51.470Z INFO  client] Sending sample transaction 94
[2022-07-24T09:23:51.519Z INFO  client] Sending sample transaction 95
[2022-07-24T09:23:51.570Z INFO  client] Sending sample transaction 96
[2022-07-24T09:23:51.621Z INFO  client] Sending sample transaction 97
[2022-07-24T09:23:51.669Z INFO  client] Sending sample transaction 98
[2022-07-24T09:23:51.719Z INFO  client] Sending sample transaction 99
[2022-07-24T09:23:51.769Z INFO  client] Sending sample transaction 100
[2022-07-24T09:23:51.821Z INFO  client] Sending sample transaction 101
[2022-07-24T09:23:51.873Z INFO  client] Sending sample transaction 102
[2022-07-24T09:23:51.919Z INFO  client] Sending sample transaction 103
[2022-07-24T09:23:51.970Z INFO  client] Sending sample transaction 104
[2022-07-24T09:23:52.019Z INFO  client] Sending sample transaction 105
[2022-07-24T09:23:52.069Z INFO  client] Sending sample transaction 106
[2022-07-24T09:23:52.120Z INFO  client] Sending sample transaction 107
[2022-07-24T09:23:52.169Z INFO  client] Sending sample transaction 108
[2022-07-24T09:23:52.219Z INFO  client] Sending sample transaction 109
[2022-07-24T09:23:52.269Z INFO  client] Sending sample transaction 110
[2022-07-24T09:23:52.319Z INFO  client] Sending sample transaction 111
[2022-07-24T09:23:52.369Z INFO  client] Sending sample transaction 112
[2022-07-24T09:23:52.419Z INFO  client] Sending sample transaction 113
[2022-07-24T09:23:52.470Z INFO  client] Sending sample transaction 114
[2022-07-24T09:23:52.519Z INFO  client] Sending sample transaction 115
[2022-07-24T09:23:52.569Z INFO  client] Sending sample transaction 116
[2022-07-24T09:23:52.619Z INFO  client] Sending sample transaction 117
[2022-07-24T09:23:52.669Z INFO  client] Sending sample transaction 118
[2022-07-24T09:23:52.721Z INFO  client] Sending sample transaction 119
[2022-07-24T09:23:52.768Z INFO  client] Sending sample transaction 120
[2022-07-24T09:23:52.819Z INFO  client] Sending sample transaction 121
[2022-07-24T09:23:52.869Z INFO  client] Sending sample transaction 122
[2022-07-24T09:23:52.919Z INFO  client] Sending sample transaction 123
[2022-07-24T09:23:52.969Z INFO  client] Sending sample transaction 124
[2022-07-24T09:23:53.019Z INFO  client] Sending sample transaction 125
[2022-07-24T09:23:53.069Z INFO  client] Sending sample transaction 126
[2022-07-24T09:23:53.120Z INFO  client] Sending sample transaction 127
[2022-07-24T09:23:53.170Z INFO  client] Sending sample transaction 128
[2022-07-24T09:23:53.220Z INFO  client] Sending sample transaction 129
[2022-07-24T09:23:53.269Z INFO  client] Sending sample transaction 130
[2022-07-24T09:23:53.319Z INFO  client] Sending sample transaction 131
[2022-07-24T09:23:53.370Z INFO  client] Sending sample transaction 132
[2022-07-24T09:23:53.421Z INFO  client] Sending sample transaction 133
[2022-07-24T09:23:53.469Z INFO  client] Sending sample transaction 134
[2022-07-24T09:23:53.519Z INFO  client] Sending sample transaction 135
[2022-07-24T09:23:53.568Z INFO  client] Sending sample transaction 136
[2022-07-24T09:23:53.619Z INFO  client] Sending sample transaction 137
[2022-07-24T09:23:53.669Z INFO  client] Sending sample transaction 138
[2022-07-24T09:23:53.719Z INFO  client] Sending sample transaction 139
[2022-07-24T09:23:53.769Z INFO  client] Sending sample transaction 140
[2022-07-24T09:23:53.819Z INFO  client] Sending sample transaction 141
[2022-07-24T09:23:53.869Z INFO  client] Sending sample transaction 142
[2022-07-24T09:23:53.926Z INFO  client] Sending sample transaction 143
[2022-07-24T09:23:53.971Z INFO  client] Sending sample transaction 144
[2022-07-24T09:23:54.019Z INFO  client] Sending sample transaction 145
[2022-07-24T09:23:54.069Z INFO  client] Sending sample transaction 146
[2022-07-24T09:23:54.119Z INFO  client] Sending sample transaction 147
[2022-07-24T09:23:54.169Z INFO  client] Sending sample transaction 148
[2022-07-24T09:23:54.220Z INFO  client] Sending sample transaction 149
[2022-07-24T09:23:54.269Z INFO  client] Sending sample transaction 150
[2022-07-24T09:23:54.320Z INFO  client] Sending sample transaction 151
[2022-07-24T09:23:54.369Z INFO  client] Sending sample transaction 152
[2022-07-24T09:23:54.419Z INFO  client] Sending sample transaction 153
[2022-07-24T09:23:54.469Z INFO  client] Sending sample transaction 154
[2022-07-24T09:23:54.519Z INFO  client] Sending sample transaction 155
[2022-07-24T09:23:54.568Z INFO  client] Sending sample transaction 156
[2022-07-24T09:23:54.620Z INFO  client] Sending sample transaction 157
[2022-07-24T09:23:54.669Z INFO  client] Sending sample transaction 158
[2022-07-24T09:23:54.720Z INFO  client] Sending sample transaction 159
[2022-07-24T09:23:54.769Z INFO  client] Sending sample transaction 160
[2022-07-24T09:23:54.819Z INFO  client] Sending sample transaction 161
[2022-07-24T09:23:54.868Z INFO  client] Sending sample transaction 162
[2022-07-24T09:23:54.919Z INFO  client] Sending sample transaction 163
[2022-07-24T09:23:54.969Z INFO  client] Sending sample transaction 164
[2022-07-24T09:23:55.019Z INFO  client] Sending sample transaction 165
[2022-07-24T09:23:55.069Z INFO  client] Sending sample transaction 166
[2022-07-24T09:23:55.120Z INFO  client] Sending sample transaction 167
[2022-07-24T09:23:55.170Z INFO  client] Sending sample transaction 168
[2022-07-24T09:23:55.221Z INFO  client] Sending sample transaction 169
[2022-07-24T09:23:55.269Z INFO  client] Sending sample transaction 170
[2022-07-24T09:23:55.318Z INFO  client] Sending sample transaction 171
[2022-07-24T09:23:55.369Z INFO  client] Sending sample transaction 172
[2022-07-24T09:23:55.421Z INFO  client] Sending sample transaction 173
[2022-07-24T09:23:55.474Z INFO  client] Sending sample transaction 174
[2022-07-24T09:23:55.518Z INFO  client] Sending sample transaction 175
[2022-07-24T09:23:55.570Z INFO  client] Sending sample transaction 176
[2022-07-24T09:23:55.622Z INFO  client] Sending sample transaction 177
[2022-07-24T09:23:55.670Z INFO  client] Sending sample transaction 178
[2022-07-24T09:23:55.719Z INFO  client] Sending sample transaction 179
[2022-07-24T09:23:55.769Z INFO  client] Sending sample transaction 180
[2022-07-24T09:23:55.819Z INFO  client] Sending sample transaction 181
[2022-07-24T09:23:55.869Z INFO  client] Sending sample transaction 182
[2022-07-24T09:23:55.920Z INFO  client] Sending sample transaction 183
[2022-07-24T09:23:55.970Z INFO  client] Sending sample transaction 184
[2022-07-24T09:23:56.024Z INFO  client] Sending sample transaction 185
[2022-07-24T09:23:56.072Z INFO  client] Sending sample transaction 186
[2022-07-24T09:23:56.119Z INFO  client] Sending sample transaction 187
[2022-07-24T09:23:56.169Z INFO  client] Sending sample transaction 188
[2022-07-24T09:23:56.221Z INFO  client] Sending sample transaction 189
[2022-07-24T09:23:56.270Z INFO  client] Sending sample transaction 190
[2022-07-24T09:23:56.319Z INFO  client] Sending sample transaction 191
[2022-07-24T09:23:56.369Z INFO  client] Sending sample transaction 192
[2022-07-24T09:23:56.421Z INFO  client] Sending sample transaction 193
[2022-07-24T09:23:56.471Z INFO  client] Sending sample transaction 194
[2022-07-24T09:23:56.519Z INFO  client] Sending sample transaction 195
[2022-07-24T09:23:56.569Z INFO  client] Sending sample transaction 196
[2022-07-24T09:23:56.619Z INFO  client] Sending sample transaction 197
[2022-07-24T09:23:56.669Z INFO  client] Sending sample transaction 198
[2022-07-24T09:23:56.720Z INFO  client] Sending sample transaction 199
[2022-07-24T09:23:56.769Z INFO  client] Sending sample transaction 200
[2022-07-24T09:23:56.818Z INFO  client] Sending sample transaction 201
[2022-07-24T09:23:56.869Z INFO  client] Sending sample transaction 202
[2022-07-24T09:23:56.919Z INFO  client] Sending sample transaction 203
[2022-07-24T09:23:56.969Z INFO  client] Sending sample transaction 204
[2022-07-24T09:23:57.019Z INFO  client] Sending sample transaction 205
[2022-07-24T09:23:57.069Z INFO  client] Sending sample transaction 206
[2022-07-24T09:23:57.119Z INFO  client] Sending sample transaction 207
[2022-07-24T09:23:57.169Z INFO  client] Sending sample transaction 208
[2022-07-24T09:23:57.219Z INFO  client] Sending sample transaction 209
[2022-07-24T09:23:57.268Z INFO  client] Sending sample transaction 210
[2022-07-24T09:23:57.319Z INFO  client] Sending sample transaction 211
[2022-07-24T09:23:57.370Z INFO  client] Sending sample transaction 212
[2022-07-24T09:23:57.420Z INFO  client] Sending sample transaction 213
[2022-07-24T09:23:57.470Z INFO  client] Sending sample transaction 214
[2022-07-24T09:23:57.518Z INFO  client] Sending sample transaction 215
[2022-07-24T09:23:57.569Z INFO  client] Sending sample transaction 216
[2022-07-24T09:23:57.619Z INFO  client] Sending sample transaction 217
[2022-07-24T09:23:57.670Z INFO  client] Sending sample transaction 218
[2022-07-24T09:23:57.718Z INFO  client] Sending sample transaction 219
[2022-07-24T09:23:57.771Z INFO  client] Sending sample transaction 220
[2022-07-24T09:23:57.821Z INFO  client] Sending sample transaction 221
[2022-07-24T09:23:57.869Z INFO  client] Sending sample transaction 222
[2022-07-24T09:23:57.920Z INFO  client] Sending sample transaction 223
[2022-07-24T09:23:57.969Z INFO  client] Sending sample transaction 224
[2022-07-24T09:23:58.019Z INFO  client] Sending sample transaction 225
[2022-07-24T09:23:58.069Z INFO  client] Sending sample transaction 226
[2022-07-24T09:23:58.127Z INFO  client] Sending sample transaction 227
[2022-07-24T09:23:58.169Z INFO  client] Sending sample transaction 228
[2022-07-24T09:23:58.219Z INFO  client] Sending sample transaction 229
[2022-07-24T09:23:58.268Z INFO  client] Sending sample transaction 230
[2022-07-24T09:23:58.319Z INFO  client] Sending sample transaction 231
[2022-07-24T09:23:58.369Z INFO  client] Sending sample transaction 232
[2022-07-24T09:23:58.419Z INFO  client] Sending sample transaction 233
[2022-07-24T09:23:58.470Z INFO  client] Sending sample transaction 234
[2022-07-24T09:23:58.519Z INFO  client] Sending sample transaction 235
[2022-07-24T09:23:58.570Z INFO  client] Sending sample transaction 236
[2022-07-24T09:23:58.620Z INFO  client] Sending sample transaction 237
[2022-07-24T09:23:58.669Z INFO  client] Sending sample transaction 238
[2022-07-24T09:23:58.720Z INFO  client] Sending sample transaction 239
[2022-07-24T09:23:58.769Z INFO  client] Sending sample transaction 240
[2022-07-24T09:23:58.821Z INFO  client] Sending sample transaction 241
[2022-07-24T09:23:58.870Z INFO  client] Sending sample transaction 242
[2022-07-24T09:23:58.919Z INFO  client] Sending sample transaction 243
[2022-07-24T09:23:58.969Z INFO  client] Sending sample transaction 244
[2022-07-24T09:23:59.019Z INFO  client] Sending sample transaction 245
[2022-07-24T09:23:59.069Z INFO  client] Sending sample transaction 246
[2022-07-24T09:23:59.119Z INFO  client] Sending sample transaction 247
[2022-07-24T09:23:59.174Z INFO  client] Sending sample transaction 248
[2022-07-24T09:23:59.232Z INFO  client] Sending sample transaction 249
[2022-07-24T09:23:59.269Z INFO  client] Sending sample transaction 250
[2022-07-24T09:23:59.331Z INFO  client] Sending sample transaction 251
[2022-07-24T09:23:59.369Z INFO  client] Sending sample transaction 252
[2022-07-24T09:23:59.419Z INFO  client] Sending sample transaction 253
[2022-07-24T09:23:59.469Z INFO  client] Sending sample transaction 254
[2022-07-24T09:23:59.518Z INFO  client] Sending sample transaction 255
[2022-07-24T09:23:59.569Z INFO  client] Sending sample transaction 256
[2022-07-24T09:23:59.620Z INFO  client] Sending sample transaction 257
[2022-07-24T09:23:59.669Z INFO  client] Sending sample transaction 258
[2022-07-24T09:23:59.719Z INFO  client] Sending sample transaction 259
[2022-07-24T09:23:59.770Z INFO  client] Sending sample transaction 260
[2022-07-24T09:23:59.818Z INFO  client] Sending sample transaction 261
[2022-07-24T09:23:59.869Z INFO  client] Sending sample transaction 262
[2022-07-24T09:23:59.919Z INFO  client] Sending sample transaction 263
[2022-07-24T09:23:59.992Z INFO  client] Sending sample transaction 264
[2022-07-24T09:24:00.020Z INFO  client] Sending sample transaction 265
[2022-07-24T09:24:00.070Z INFO  client] Sending sample transaction 266
[2022-07-24T09:24:00.120Z INFO  client] Sending sample transaction 267
[2022-07-24T09:24:00.170Z INFO  client] Sending sample transaction 268
[2022-07-24T09:24:00.228Z INFO  client] Sending sample transaction 269
[2022-07-24T09:24:00.279Z INFO  client] Sending sample transaction 270
[2022-07-24T09:24:00.318Z INFO  client] Sending sample transaction 271
[2022-07-24T09:24:00.369Z INFO  client] Sending sample transaction 272
[2022-07-24T09:24:00.419Z INFO  client] Sending sample transaction 273
[2022-07-24T09:24:00.469Z INFO  client] Sending sample transaction 274
[2022-07-24T09:24:00.518Z INFO  client] Sending sample transaction 275
[2022-07-24T09:24:00.569Z INFO  client] Sending sample transaction 276
[2022-07-24T09:24:00.618Z INFO  client] Sending sample transaction 277
[2022-07-24T09:24:00.669Z INFO  client] Sending sample transaction 278
[2022-07-24T09:24:00.719Z INFO  client] Sending sample transaction 279
[2022-07-24T09:24:00.769Z INFO  client] Sending sample transaction 280
[2022-07-24T09:24:00.819Z INFO  client] Sending sample transaction 281
[2022-07-24T09:24:00.868Z INFO  client] Sending sample transaction 282
[2022-07-24T09:24:00.919Z INFO  client] Sending sample transaction 283
[2022-07-24T09:24:00.969Z INFO  client] Sending sample transaction 284
[2022-07-24T09:24:01.018Z INFO  client] Sending sample transaction 285
[2022-07-24T09:24:01.069Z INFO  client] Sending sample transaction 286
[2022-07-24T09:24:01.119Z INFO  client] Sending sample transaction 287
[2022-07-24T09:24:01.170Z INFO  client] Sending sample transaction 288
[2022-07-24T09:24:01.219Z INFO  client] Sending sample transaction 289
[2022-07-24T09:24:01.269Z INFO  client] Sending sample transaction 290
[2022-07-24T09:24:01.319Z INFO  client] Sending sample transaction 291
[2022-07-24T09:24:01.369Z INFO  client] Sending sample transaction 292
[2022-07-24T09:24:01.419Z INFO  client] Sending sample transaction 293
[2022-07-24T09:24:01.469Z INFO  client] Sending sample transaction 294
[2022-07-24T09:24:01.519Z INFO  client] Sending sample transaction 295
[2022-07-24T09:24:01.570Z INFO  client] Sending sample transaction 296
[2022-07-24T09:24:01.619Z INFO  client] Sending sample transaction 297
[2022-07-24T09:24:01.670Z INFO  client] Sending sample transaction 298
[2022-07-24T09:24:01.719Z INFO  client] Sending sample transaction 299
[2022-07-24T09:24:01.769Z INFO  client] Sending sample transaction 300
[2022-07-24T09:24:01.819Z INFO  client] Sending sample transaction 301
[2022-07-24T09:24:01.870Z INFO  client] Sending sample transaction 302
[2022-07-24T09:24:01.919Z INFO  client] Sending sample transaction 303
[2022-07-24T09:24:01.969Z INFO  client] Sending sample transaction 304
[2022-07-24T09:24:02.020Z INFO  client] Sending sample transaction 305
[2022-07-24T09:24:02.069Z INFO  client] Sending sample transaction 306
[2022-07-24T09:24:02.119Z INFO  client] Sending sample transaction 307
[2022-07-24T09:24:02.169Z INFO  client] Sending sample transaction 308
[2022-07-24T09:24:02.219Z INFO  client] Sending sample transaction 309
[2022-07-24T09:24:02.269Z INFO  client] Sending sample transaction 310
[2022-07-24T09:24:02.319Z INFO  client] Sending sample transaction 311
[2022-07-24T09:24:02.369Z INFO  client] Sending sample transaction 312
[2022-07-24T09:24:02.418Z INFO  client] Sending sample transaction 313
[2022-07-24T09:24:02.469Z INFO  client] Sending sample transaction 314
[2022-07-24T09:24:02.519Z INFO  client] Sending sample transaction 315
[2022-07-24T09:24:02.570Z INFO  client] Sending sample transaction 316
[2022-07-24T09:24:02.618Z INFO  client] Sending sample transaction 317
[2022-07-24T09:24:02.670Z INFO  client] Sending sample transaction 318
[2022-07-24T09:24:02.721Z INFO  client] Sending sample transaction 319
[2022-07-24T09:24:02.768Z INFO  client] Sending sample transaction 320
[2022-07-24T09:24:02.819Z INFO  client] Sending sample transaction 321
[2022-07-24T09:24:02.869Z INFO  client] Sending sample transaction 322
[2022-07-24T09:24:02.919Z INFO  client] Sending sample transaction 323
[2022-07-24T09:24:02.969Z INFO  client] Sending sample transaction 324
[2022-07-24T09:24:03.021Z INFO  client] Sending sample transaction 325
[2022-07-24T09:24:03.071Z INFO  client] Sending sample transaction 326
[2022-07-24T09:24:03.119Z INFO  client] Sending sample transaction 327
[2022-07-24T09:24:03.170Z INFO  client] Sending sample transaction 328
[2022-07-24T09:24:03.220Z INFO  client] Sending sample transaction 329
[2022-07-24T09:24:03.269Z INFO  client] Sending sample transaction 330
[2022-07-24T09:24:03.319Z INFO  client] Sending sample transaction 331
[2022-07-24T09:24:03.370Z INFO  client] Sending sample transaction 332
[2022-07-24T09:24:03.419Z INFO  client] Sending sample transaction 333
[2022-07-24T09:24:03.469Z INFO  client] Sending sample transaction 334
[2022-07-24T09:24:03.519Z INFO  client] Sending sample transaction 335
[2022-07-24T09:24:03.569Z INFO  client] Sending sample transaction 336
[2022-07-24T09:24:03.619Z INFO  client] Sending sample transaction 337
[2022-07-24T09:24:03.669Z INFO  client] Sending sample transaction 338
[2022-07-24T09:24:03.721Z INFO  client] Sending sample transaction 339
[2022-07-24T09:24:03.773Z INFO  client] Sending sample transaction 340
[2022-07-24T09:24:03.819Z INFO  client] Sending sample transaction 341
[2022-07-24T09:24:03.869Z INFO  client] Sending sample transaction 342
[2022-07-24T09:24:03.919Z INFO  client] Sending sample transaction 343
[2022-07-24T09:24:03.969Z INFO  client] Sending sample transaction 344
[2022-07-24T09:24:04.018Z INFO  client] Sending sample transaction 345
[2022-07-24T09:24:04.069Z INFO  client] Sending sample transaction 346
[2022-07-24T09:24:04.119Z INFO  client] Sending sample transaction 347
[2022-07-24T09:24:04.171Z INFO  client] Sending sample transaction 348
[2022-07-24T09:24:04.220Z INFO  client] Sending sample transaction 349
[2022-07-24T09:24:04.269Z INFO  client] Sending sample transaction 350
[2022-07-24T09:24:04.322Z INFO  client] Sending sample transaction 351
[2022-07-24T09:24:04.382Z INFO  client] Sending sample transaction 352
[2022-07-24T09:24:04.419Z INFO  client] Sending sample transaction 353
[2022-07-24T09:24:04.469Z INFO  client] Sending sample transaction 354
[2022-07-24T09:24:04.519Z INFO  client] Sending sample transaction 355
[2022-07-24T09:24:04.569Z INFO  client] Sending sample transaction 356
[2022-07-24T09:24:04.619Z INFO  client] Sending sample transaction 357
[2022-07-24T09:24:04.670Z INFO  client] Sending sample transaction 358
[2022-07-24T09:24:04.720Z INFO  client] Sending sample transaction 359
[2022-07-24T09:24:04.769Z INFO  client] Sending sample transaction 360
[2022-07-24T09:24:04.819Z INFO  client] Sending sample transaction 361
[2022-07-24T09:24:04.870Z INFO  client] Sending sample transaction 362
[2022-07-24T09:24:04.919Z INFO  client] Sending sample transaction 363
[2022-07-24T09:24:04.969Z INFO  client] Sending sample transaction 364
[2022-07-24T09:24:05.019Z INFO  client] Sending sample transaction 365
[2022-07-24T09:24:05.069Z INFO  client] Sending sample transaction 366
[2022-07-24T09:24:05.120Z INFO  client] Sending sample transaction 367
[2022-07-24T09:24:05.169Z INFO  client] Sending sample transaction 368
[2022-07-24T09:24:05.220Z INFO  client] Sending sample transaction 369
[2022-07-24T09:24:05.269Z INFO  client] Sending sample transaction 370
[2022-07-24T09:24:05.319Z INFO  client] Sending sample transaction 371
[2022-07-24T09:24:05.369Z INFO  client] Sending sample transaction 372
[2022-07-24T09:24:05.419Z INFO  client] Sending sample transaction 373
[2022-07-24T09:24:05.469Z INFO  client] Sending sample transaction 374
[2022-07-24T09:24:05.519Z INFO  client] Sending sample transaction 375
[2022-07-24T09:24:05.570Z INFO  client] Sending sample transaction 376
[2022-07-24T09:24:05.619Z INFO  client] Sending sample transaction 377
[2022-07-24T09:24:05.669Z INFO  client] Sending sample transaction 378
[2022-07-24T09:24:05.719Z INFO  client] Sending sample transaction 379
[2022-07-24T09:24:05.769Z INFO  client] Sending sample transaction 380
[2022-07-24T09:24:05.818Z INFO  client] Sending sample transaction 381
[2022-07-24T09:24:05.869Z INFO  client] Sending sample transaction 382
[2022-07-24T09:24:05.919Z INFO  client] Sending sample transaction 383
[2022-07-24T09:24:05.968Z INFO  client] Sending sample transaction 384
[2022-07-24T09:24:06.019Z INFO  client] Sending sample transaction 385
[2022-07-24T09:24:06.069Z INFO  client] Sending sample transaction 386
[2022-07-24T09:24:06.122Z INFO  client] Sending sample transaction 387
[2022-07-24T09:24:06.170Z INFO  client] Sending sample transaction 388
[2022-07-24T09:24:06.219Z INFO  client] Sending sample transaction 389
[2022-07-24T09:24:06.270Z INFO  client] Sending sample transaction 390
[2022-07-24T09:24:06.320Z INFO  client] Sending sample transaction 391
[2022-07-24T09:24:06.369Z INFO  client] Sending sample transaction 392
[2022-07-24T09:24:06.419Z INFO  client] Sending sample transaction 393
[2022-07-24T09:24:06.472Z INFO  client] Sending sample transaction 394
[2022-07-24T09:24:06.518Z INFO  client] Sending sample transaction 395
[2022-07-24T09:24:06.569Z INFO  client] Sending sample transaction 396
[2022-07-24T09:24:06.619Z INFO  client] Sending sample transaction 397
[2022-07-24T09:24:06.669Z INFO  client] Sending sample transaction 398
[2022-07-24T09:24:06.719Z INFO  client] Sending sample transaction 399
[2022-07-24T09:24:06.769Z INFO  client] Sending sample transaction 400
[2022-07-24T09:24:06.819Z INFO  client] Sending sample transaction 401
[2022-07-24T09:24:06.870Z INFO  client] Sending sample transaction 402
[2022-07-24T09:24:06.919Z INFO  client] Sending sample transaction 403
[2022-07-24T09:24:06.969Z INFO  client] Sending sample transaction 404
[2022-07-24T09:24:07.019Z INFO  client] Sending sample transaction 405
[2022-07-24T09:24:07.069Z INFO  client] Sending sample transaction 406
[2022-07-24T09:24:07.118Z INFO  client] Sending sample transaction 407
[2022-07-24T09:24:07.169Z INFO  client] Sending sample transaction 408
[2022-07-24T09:24:07.219Z INFO  client] Sending sample transaction 409
[2022-07-24T09:24:07.269Z INFO  client] Sending sample transaction 410
[2022-07-24T09:24:07.319Z INFO  client] Sending sample transaction 411
[2022-07-24T09:24:07.369Z INFO  client] Sending sample transaction 412
[2022-07-24T09:24:07.419Z INFO  client] Sending sample transaction 413
[2022-07-24T09:24:07.469Z INFO  client] Sending sample transaction 414
[2022-07-24T09:24:07.519Z INFO  client] Sending sample transaction 415
[2022-07-24T09:24:07.568Z INFO  client] Sending sample transaction 416
[2022-07-24T09:24:07.620Z INFO  client] Sending sample transaction 417
[2022-07-24T09:24:07.670Z INFO  client] Sending sample transaction 418
[2022-07-24T09:24:07.720Z INFO  client] Sending sample transaction 419
[2022-07-24T09:24:07.772Z INFO  client] Sending sample transaction 420
[2022-07-24T09:24:07.819Z INFO  client] Sending sample transaction 421
[2022-07-24T09:24:07.869Z INFO  client] Sending sample transaction 422
[2022-07-24T09:24:07.919Z INFO  client] Sending sample transaction 423
[2022-07-24T09:24:07.993Z INFO  client] Sending sample transaction 424
