[2022-07-23T16:14:17.768Z INFO  client] Node address: 127.0.0.1:9013
[2022-07-23T16:14:17.768Z INFO  client] Transactions size: 512 B
[2022-07-23T16:14:17.768Z INFO  client] Transactions rate: 112 tx/s
[2022-07-23T16:14:17.768Z INFO  client] Waiting for all nodes to be online...
[2022-07-23T16:14:17.769Z INFO  client] Waiting for all nodes to be synchronized...
[2022-07-23T16:14:19.778Z INFO  client] Start sending transactions
[2022-07-23T16:14:19.778Z INFO  client] Sending sample transaction 0
[2022-07-23T16:14:19.830Z INFO  client] Sending sample transaction 1
[2022-07-23T16:14:19.881Z INFO  client] Sending sample transaction 2
[2022-07-23T16:14:19.933Z INFO  client] Sending sample transaction 3
[2022-07-23T16:14:19.982Z INFO  client] Sending sample transaction 4
[2022-07-23T16:14:20.029Z INFO  client] Sending sample transaction 5
[2022-07-23T16:14:20.079Z INFO  client] Sending sample transaction 6
[2022-07-23T16:14:20.129Z INFO  client] Sending sample transaction 7
[2022-07-23T16:14:20.179Z INFO  client] Sending sample transaction 8
[2022-07-23T16:14:20.234Z INFO  client] Sending sample transaction 9
[2022-07-23T16:14:20.280Z INFO  client] Sending sample transaction 10
[2022-07-23T16:14:20.331Z INFO  client] Sending sample transaction 11
[2022-07-23T16:14:20.380Z INFO  client] Sending sample transaction 12
[2022-07-23T16:14:20.430Z INFO  client] Sending sample transaction 13
[2022-07-23T16:14:20.480Z INFO  client] Sending sample transaction 14
[2022-07-23T16:14:20.528Z INFO  client] Sending sample transaction 15
[2022-07-23T16:14:20.579Z INFO  client] Sending sample transaction 16
[2022-07-23T16:14:20.629Z INFO  client] Sending sample transaction 17
[2022-07-23T16:14:20.685Z INFO  client] Sending sample transaction 18
[2022-07-23T16:14:20.729Z INFO  client] Sending sample transaction 19
[2022-07-23T16:14:20.779Z INFO  client] Sending sample transaction 20
[2022-07-23T16:14:20.829Z INFO  client] Sending sample transaction 21
[2022-07-23T16:14:20.879Z INFO  client] Sending sample transaction 22
[2022-07-23T16:14:20.931Z INFO  client] Sending sample transaction 23
[2022-07-23T16:14:20.980Z INFO  client] Sending sample transaction 24
[2022-07-23T16:14:21.028Z INFO  client] Sending sample transaction 25
[2022-07-23T16:14:21.079Z INFO  client] Sending sample transaction 26
[2022-07-23T16:14:21.129Z INFO  client] Sending sample transaction 27
[2022-07-23T16:14:21.179Z INFO  client] Sending sample transaction 28
[2022-07-23T16:14:21.231Z INFO  client] Sending sample transaction 29
[2022-07-23T16:14:21.282Z INFO  client] Sending sample transaction 30
[2022-07-23T16:14:21.329Z INFO  client] Sending sample transaction 31
[2022-07-23T16:14:21.381Z INFO  client] Sending sample transaction 32
[2022-07-23T16:14:21.433Z INFO  client] Sending sample transaction 33
[2022-07-23T16:14:21.480Z INFO  client] Sending sample transaction 34
[2022-07-23T16:14:21.528Z INFO  client] Sending sample transaction 35
[2022-07-23T16:14:21.580Z INFO  client] Sending sample transaction 36
[2022-07-23T16:14:21.629Z INFO  client] Sending sample transaction 37
[2022-07-23T16:14:21.680Z INFO  client] Sending sample transaction 38
[2022-07-23T16:14:21.745Z INFO  client] Sending sample transaction 39
[2022-07-23T16:14:21.788Z INFO  client] Sending sample transaction 40
[2022-07-23T16:14:21.834Z INFO  client] Sending sample transaction 41
[2022-07-23T16:14:21.899Z INFO  client] Sending sample transaction 42
[2022-07-23T16:14:21.931Z INFO  client] Sending sample transaction 43
[2022-07-23T16:14:21.984Z INFO  client] Sending sample transaction 44
[2022-07-23T16:14:22.030Z INFO  client] Sending sample transaction 45
[2022-07-23T16:14:22.079Z INFO  client] Sending sample transaction 46
[2022-07-23T16:14:22.130Z INFO  client] Sending sample transaction 47
[2022-07-23T16:14:22.179Z INFO  client] Sending sample transaction 48
[2022-07-23T16:14:22.230Z INFO  client] Sending sample transaction 49
[2022-07-23T16:14:22.278Z INFO  client] Sending sample transaction 50
[2022-07-23T16:14:22.329Z INFO  client] Sending sample transaction 51
[2022-07-23T16:14:22.380Z INFO  client] Sending sample transaction 52
[2022-07-23T16:14:22.429Z INFO  client] Sending sample transaction 53
[2022-07-23T16:14:22.480Z INFO  client] Sending sample transaction 54
[2022-07-23T16:14:22.528Z INFO  client] Sending sample transaction 55
[2022-07-23T16:14:22.579Z INFO  client] Sending sample transaction 56
[2022-07-23T16:14:22.629Z INFO  client] Sending sample transaction 57
[2022-07-23T16:14:22.679Z INFO  client] Sending sample transaction 58
[2022-07-23T16:14:22.728Z INFO  client] Sending sample transaction 59
[2022-07-23T16:14:22.780Z INFO  client] Sending sample transaction 60
[2022-07-23T16:14:22.828Z INFO  client] Sending sample transaction 61
[2022-07-23T16:14:22.879Z INFO  client] Sending sample transaction 62
[2022-07-23T16:14:22.929Z INFO  client] Sending sample transaction 63
[2022-07-23T16:14:22.979Z INFO  client] Sending sample transaction 64
[2022-07-23T16:14:23.028Z INFO  client] Sending sample transaction 65
[2022-07-23T16:14:23.079Z INFO  client] Sending sample transaction 66
[2022-07-23T16:14:23.129Z INFO  client] Sending sample transaction 67
[2022-07-23T16:14:23.179Z INFO  client] Sending sample transaction 68
[2022-07-23T16:14:23.229Z INFO  client] Sending sample transaction 69
[2022-07-23T16:14:23.280Z INFO  client] Sending sample transaction 70
[2022-07-23T16:14:23.330Z INFO  client] Sending sample transaction 71
[2022-07-23T16:14:23.379Z INFO  client] Sending sample transaction 72
[2022-07-23T16:14:23.429Z INFO  client] Sending sample transaction 73
[2022-07-23T16:14:23.479Z INFO  client] Sending sample transaction 74
[2022-07-23T16:14:23.528Z INFO  client] Sending sample transaction 75
[2022-07-23T16:14:23.578Z INFO  client] Sending sample transaction 76
[2022-07-23T16:14:23.629Z INFO  client] Sending sample transaction 77
[2022-07-23T16:14:23.679Z INFO  client] Sending sample transaction 78
[2022-07-23T16:14:23.729Z INFO  client] Sending sample transaction 79
[2022-07-23T16:14:23.779Z INFO  client] Sending sample transaction 80
[2022-07-23T16:14:23.829Z INFO  client] Sending sample transaction 81
[2022-07-23T16:14:23.879Z INFO  client] Sending sample transaction 82
[2022-07-23T16:14:23.929Z INFO  client] Sending sample transaction 83
[2022-07-23T16:14:23.980Z INFO  client] Sending sample transaction 84
[2022-07-23T16:14:24.031Z INFO  client] Sending sample transaction 85
[2022-07-23T16:14:24.079Z INFO  client] Sending sample transaction 86
[2022-07-23T16:14:24.129Z INFO  client] Sending sample transaction 87
[2022-07-23T16:14:24.179Z INFO  client] Sending sample transaction 88
[2022-07-23T16:14:24.229Z INFO  client] Sending sample transaction 89
[2022-07-23T16:14:24.279Z INFO  client] Sending sample transaction 90
[2022-07-23T16:14:24.329Z INFO  client] Sending sample transaction 91
[2022-07-23T16:14:24.378Z INFO  client] Sending sample transaction 92
[2022-07-23T16:14:24.429Z INFO  client] Sending sample transaction 93
[2022-07-23T16:14:24.479Z INFO  client] Sending sample transaction 94
[2022-07-23T16:14:24.529Z INFO  client] Sending sample transaction 95
[2022-07-23T16:14:24.579Z INFO  client] Sending sample transaction 96
[2022-07-23T16:14:24.628Z INFO  client] Sending sample transaction 97
[2022-07-23T16:14:24.679Z INFO  client] Sending sample transaction 98
[2022-07-23T16:14:24.729Z INFO  client] Sending sample transaction 99
[2022-07-23T16:14:24.778Z INFO  client] Sending sample transaction 100
[2022-07-23T16:14:24.829Z INFO  client] Sending sample transaction 101
[2022-07-23T16:14:24.879Z INFO  client] Sending sample transaction 102
[2022-07-23T16:14:24.930Z INFO  client] Sending sample transaction 103
[2022-07-23T16:14:24.979Z INFO  client] Sending sample transaction 104
[2022-07-23T16:14:25.029Z INFO  client] Sending sample transaction 105
[2022-07-23T16:14:25.079Z INFO  client] Sending sample transaction 106
[2022-07-23T16:14:25.128Z INFO  client] Sending sample transaction 107
[2022-07-23T16:14:25.179Z INFO  client] Sending sample transaction 108
[2022-07-23T16:14:25.228Z INFO  client] Sending sample transaction 109
[2022-07-23T16:14:25.279Z INFO  client] Sending sample transaction 110
[2022-07-23T16:14:25.329Z INFO  client] Sending sample transaction 111
[2022-07-23T16:14:25.379Z INFO  client] Sending sample transaction 112
[2022-07-23T16:14:25.430Z INFO  client] Sending sample transaction 113
[2022-07-23T16:14:25.478Z INFO  client] Sending sample transaction 114
[2022-07-23T16:14:25.529Z INFO  client] Sending sample transaction 115
[2022-07-23T16:14:25.578Z INFO  client] Sending sample transaction 116
[2022-07-23T16:14:25.629Z INFO  client] Sending sample transaction 117
[2022-07-23T16:14:25.679Z INFO  client] Sending sample transaction 118
[2022-07-23T16:14:25.729Z INFO  client] Sending sample transaction 119
[2022-07-23T16:14:25.778Z INFO  client] Sending sample transaction 120
[2022-07-23T16:14:25.829Z INFO  client] Sending sample transaction 121
[2022-07-23T16:14:25.880Z INFO  client] Sending sample transaction 122
[2022-07-23T16:14:25.929Z INFO  client] Sending sample transaction 123
[2022-07-23T16:14:25.979Z INFO  client] Sending sample transaction 124
[2022-07-23T16:14:26.028Z INFO  client] Sending sample transaction 125
[2022-07-23T16:14:26.079Z INFO  client] Sending sample transaction 126
[2022-07-23T16:14:26.129Z INFO  client] Sending sample transaction 127
[2022-07-23T16:14:26.180Z INFO  client] Sending sample transaction 128
[2022-07-23T16:14:26.229Z INFO  client] Sending sample transaction 129
[2022-07-23T16:14:26.278Z INFO  client] Sending sample transaction 130
[2022-07-23T16:14:26.328Z INFO  client] Sending sample transaction 131
[2022-07-23T16:14:26.379Z INFO  client] Sending sample transaction 132
[2022-07-23T16:14:26.429Z INFO  client] Sending sample transaction 133
[2022-07-23T16:14:26.479Z INFO  client] Sending sample transaction 134
[2022-07-23T16:14:26.528Z INFO  client] Sending sample transaction 135
[2022-07-23T16:14:26.578Z INFO  client] Sending sample transaction 136
[2022-07-23T16:14:26.629Z INFO  client] Sending sample transaction 137
[2022-07-23T16:14:26.679Z INFO  client] Sending sample transaction 138
[2022-07-23T16:14:26.729Z INFO  client] Sending sample transaction 139
[2022-07-23T16:14:26.778Z INFO  client] Sending sample transaction 140
[2022-07-23T16:14:26.828Z INFO  client] Sending sample transaction 141
[2022-07-23T16:14:26.879Z INFO  client] Sending sample transaction 142
[2022-07-23T16:14:26.929Z INFO  client] Sending sample transaction 143
[2022-07-23T16:14:26.978Z INFO  client] Sending sample transaction 144
[2022-07-23T16:14:27.028Z INFO  client] Sending sample transaction 145
[2022-07-23T16:14:27.079Z INFO  client] Sending sample transaction 146
[2022-07-23T16:14:27.129Z INFO  client] Sending sample transaction 147
[2022-07-23T16:14:27.179Z INFO  client] Sending sample transaction 148
[2022-07-23T16:14:27.228Z INFO  client] Sending sample transaction 149
[2022-07-23T16:14:27.279Z INFO  client] Sending sample transaction 150
[2022-07-23T16:14:27.329Z INFO  client] Sending sample transaction 151
[2022-07-23T16:14:27.379Z INFO  client] Sending sample transaction 152
[2022-07-23T16:14:27.429Z INFO  client] Sending sample transaction 153
[2022-07-23T16:14:27.479Z INFO  client] Sending sample transaction 154
[2022-07-23T16:14:27.529Z INFO  client] Sending sample transaction 155
[2022-07-23T16:14:27.578Z INFO  client] Sending sample transaction 156
[2022-07-23T16:14:27.629Z INFO  client] Sending sample transaction 157
[2022-07-23T16:14:27.679Z INFO  client] Sending sample transaction 158
[2022-07-23T16:14:27.730Z INFO  client] Sending sample transaction 159
[2022-07-23T16:14:27.778Z INFO  client] Sending sample transaction 160
[2022-07-23T16:14:27.829Z INFO  client] Sending sample transaction 161
[2022-07-23T16:14:27.879Z INFO  client] Sending sample transaction 162
[2022-07-23T16:14:27.929Z INFO  client] Sending sample transaction 163
[2022-07-23T16:14:27.979Z INFO  client] Sending sample transaction 164
[2022-07-23T16:14:28.029Z INFO  client] Sending sample transaction 165
[2022-07-23T16:14:28.078Z INFO  client] Sending sample transaction 166
[2022-07-23T16:14:28.129Z INFO  client] Sending sample transaction 167
[2022-07-23T16:14:28.188Z INFO  client] Sending sample transaction 168
[2022-07-23T16:14:28.237Z INFO  client] Sending sample transaction 169
[2022-07-23T16:14:28.279Z INFO  client] Sending sample transaction 170
[2022-07-23T16:14:28.329Z INFO  client] Sending sample transaction 171
[2022-07-23T16:14:28.379Z INFO  client] Sending sample transaction 172
[2022-07-23T16:14:28.429Z INFO  client] Sending sample transaction 173
[2022-07-23T16:14:28.478Z INFO  client] Sending sample transaction 174
[2022-07-23T16:14:28.528Z INFO  client] Sending sample transaction 175
[2022-07-23T16:14:28.579Z INFO  client] Sending sample transaction 176
[2022-07-23T16:14:28.629Z INFO  client] Sending sample transaction 177
[2022-07-23T16:14:28.678Z INFO  client] Sending sample transaction 178
[2022-07-23T16:14:28.728Z INFO  client] Sending sample transaction 179
[2022-07-23T16:14:28.779Z INFO  client] Sending sample transaction 180
[2022-07-23T16:14:28.830Z INFO  client] Sending sample transaction 181
[2022-07-23T16:14:28.878Z INFO  client] Sending sample transaction 182
[2022-07-23T16:14:28.929Z INFO  client] Sending sample transaction 183
[2022-07-23T16:14:28.979Z INFO  client] Sending sample transaction 184
[2022-07-23T16:14:29.029Z INFO  client] Sending sample transaction 185
[2022-07-23T16:14:29.079Z INFO  client] Sending sample transaction 186
[2022-07-23T16:14:29.129Z INFO  client] Sending sample transaction 187
[2022-07-23T16:14:29.179Z INFO  client] Sending sample transaction 188
[2022-07-23T16:14:29.229Z INFO  client] Sending sample transaction 189
[2022-07-23T16:14:29.279Z INFO  client] Sending sample transaction 190
[2022-07-23T16:14:29.328Z INFO  client] Sending sample transaction 191
[2022-07-23T16:14:29.380Z INFO  client] Sending sample transaction 192
[2022-07-23T16:14:29.429Z INFO  client] Sending sample transaction 193
[2022-07-23T16:14:29.479Z INFO  client] Sending sample transaction 194
[2022-07-23T16:14:29.529Z INFO  client] Sending sample transaction 195
[2022-07-23T16:14:29.579Z INFO  client] Sending sample transaction 196
[2022-07-23T16:14:29.630Z INFO  client] Sending sample transaction 197
[2022-07-23T16:14:29.681Z INFO  client] Sending sample transaction 198
[2022-07-23T16:14:29.730Z INFO  client] Sending sample transaction 199
[2022-07-23T16:14:29.778Z INFO  client] Sending sample transaction 200
[2022-07-23T16:14:29.829Z INFO  client] Sending sample transaction 201
[2022-07-23T16:14:29.879Z INFO  client] Sending sample transaction 202
[2022-07-23T16:14:29.933Z INFO  client] Sending sample transaction 203
[2022-07-23T16:14:29.979Z INFO  client] Sending sample transaction 204
[2022-07-23T16:14:30.029Z INFO  client] Sending sample transaction 205
[2022-07-23T16:14:30.079Z INFO  client] Sending sample transaction 206
[2022-07-23T16:14:30.129Z INFO  client] Sending sample transaction 207
[2022-07-23T16:14:30.180Z INFO  client] Sending sample transaction 208
[2022-07-23T16:14:30.229Z INFO  client] Sending sample transaction 209
[2022-07-23T16:14:30.279Z INFO  client] Sending sample transaction 210
[2022-07-23T16:14:30.329Z INFO  client] Sending sample transaction 211
[2022-07-23T16:14:30.380Z INFO  client] Sending sample transaction 212
[2022-07-23T16:14:30.428Z INFO  client] Sending sample transaction 213
[2022-07-23T16:14:30.479Z INFO  client] Sending sample transaction 214
[2022-07-23T16:14:30.529Z INFO  client] Sending sample transaction 215
[2022-07-23T16:14:30.579Z INFO  client] Sending sample transaction 216
[2022-07-23T16:14:30.629Z INFO  client] Sending sample transaction 217
[2022-07-23T16:14:30.679Z INFO  client] Sending sample transaction 218
[2022-07-23T16:14:30.730Z INFO  client] Sending sample transaction 219
[2022-07-23T16:14:30.778Z INFO  client] Sending sample transaction 220
[2022-07-23T16:14:30.829Z INFO  client] Sending sample transaction 221
[2022-07-23T16:14:30.882Z INFO  client] Sending sample transaction 222
[2022-07-23T16:14:30.929Z INFO  client] Sending sample transaction 223
[2022-07-23T16:14:30.979Z INFO  client] Sending sample transaction 224
[2022-07-23T16:14:31.028Z INFO  client] Sending sample transaction 225
[2022-07-23T16:14:31.079Z INFO  client] Sending sample transaction 226
[2022-07-23T16:14:31.129Z INFO  client] Sending sample transaction 227
[2022-07-23T16:14:31.180Z INFO  client] Sending sample transaction 228
[2022-07-23T16:14:31.229Z INFO  client] Sending sample transaction 229
[2022-07-23T16:14:31.278Z INFO  client] Sending sample transaction 230
[2022-07-23T16:14:31.329Z INFO  client] Sending sample transaction 231
[2022-07-23T16:14:31.379Z INFO  client] Sending sample transaction 232
[2022-07-23T16:14:31.429Z INFO  client] Sending sample transaction 233
[2022-07-23T16:14:31.479Z INFO  client] Sending sample transaction 234
[2022-07-23T16:14:31.529Z INFO  client] Sending sample transaction 235
[2022-07-23T16:14:31.579Z INFO  client] Sending sample transaction 236
[2022-07-23T16:14:31.629Z INFO  client] Sending sample transaction 237
[2022-07-23T16:14:31.679Z INFO  client] Sending sample transaction 238
[2022-07-23T16:14:31.730Z INFO  client] Sending sample transaction 239
[2022-07-23T16:14:31.779Z INFO  client] Sending sample transaction 240
[2022-07-23T16:14:31.828Z INFO  client] Sending sample transaction 241
[2022-07-23T16:14:31.880Z INFO  client] Sending sample transaction 242
[2022-07-23T16:14:31.930Z INFO  client] Sending sample transaction 243
[2022-07-23T16:14:31.978Z INFO  client] Sending sample transaction 244
[2022-07-23T16:14:32.029Z INFO  client] Sending sample transaction 245
[2022-07-23T16:14:32.080Z INFO  client] Sending sample transaction 246
[2022-07-23T16:14:32.129Z INFO  client] Sending sample transaction 247
[2022-07-23T16:14:32.178Z INFO  client] Sending sample transaction 248
[2022-07-23T16:14:32.229Z INFO  client] Sending sample transaction 249
[2022-07-23T16:14:32.278Z INFO  client] Sending sample transaction 250
[2022-07-23T16:14:32.329Z INFO  client] Sending sample transaction 251
[2022-07-23T16:14:32.379Z INFO  client] Sending sample transaction 252
[2022-07-23T16:14:32.448Z INFO  client] Sending sample transaction 253
[2022-07-23T16:14:32.485Z INFO  client] Sending sample transaction 254
[2022-07-23T16:14:32.529Z INFO  client] Sending sample transaction 255
[2022-07-23T16:14:32.578Z INFO  client] Sending sample transaction 256
[2022-07-23T16:14:32.629Z INFO  client] Sending sample transaction 257
[2022-07-23T16:14:32.678Z INFO  client] Sending sample transaction 258
[2022-07-23T16:14:32.729Z INFO  client] Sending sample transaction 259
[2022-07-23T16:14:32.779Z INFO  client] Sending sample transaction 260
[2022-07-23T16:14:32.829Z INFO  client] Sending sample transaction 261
[2022-07-23T16:14:32.878Z INFO  client] Sending sample transaction 262
[2022-07-23T16:14:32.930Z INFO  client] Sending sample transaction 263
[2022-07-23T16:14:32.979Z INFO  client] Sending sample transaction 264
[2022-07-23T16:14:33.029Z INFO  client] Sending sample transaction 265
[2022-07-23T16:14:33.078Z INFO  client] Sending sample transaction 266
[2022-07-23T16:14:33.129Z INFO  client] Sending sample transaction 267
[2022-07-23T16:14:33.179Z INFO  client] Sending sample transaction 268
[2022-07-23T16:14:33.229Z INFO  client] Sending sample transaction 269
[2022-07-23T16:14:33.279Z INFO  client] Sending sample transaction 270
[2022-07-23T16:14:33.329Z INFO  client] Sending sample transaction 271
[2022-07-23T16:14:33.379Z INFO  client] Sending sample transaction 272
[2022-07-23T16:14:33.429Z INFO  client] Sending sample transaction 273
[2022-07-23T16:14:33.479Z INFO  client] Sending sample transaction 274
[2022-07-23T16:14:33.528Z INFO  client] Sending sample transaction 275
[2022-07-23T16:14:33.580Z INFO  client] Sending sample transaction 276
[2022-07-23T16:14:33.629Z INFO  client] Sending sample transaction 277
[2022-07-23T16:14:33.680Z INFO  client] Sending sample transaction 278
[2022-07-23T16:14:33.729Z INFO  client] Sending sample transaction 279
[2022-07-23T16:14:33.778Z INFO  client] Sending sample transaction 280
[2022-07-23T16:14:33.829Z INFO  client] Sending sample transaction 281
[2022-07-23T16:14:33.878Z INFO  client] Sending sample transaction 282
[2022-07-23T16:14:33.929Z INFO  client] Sending sample transaction 283
[2022-07-23T16:14:33.979Z INFO  client] Sending sample transaction 284
[2022-07-23T16:14:34.029Z INFO  client] Sending sample transaction 285
[2022-07-23T16:14:34.079Z INFO  client] Sending sample transaction 286
[2022-07-23T16:14:34.128Z INFO  client] Sending sample transaction 287
[2022-07-23T16:14:34.179Z INFO  client] Sending sample transaction 288
[2022-07-23T16:14:34.231Z INFO  client] Sending sample transaction 289
[2022-07-23T16:14:34.279Z INFO  client] Sending sample transaction 290
[2022-07-23T16:14:34.329Z INFO  client] Sending sample transaction 291
[2022-07-23T16:14:34.379Z INFO  client] Sending sample transaction 292
[2022-07-23T16:14:34.429Z INFO  client] Sending sample transaction 293
[2022-07-23T16:14:34.481Z INFO  client] Sending sample transaction 294
[2022-07-23T16:14:34.534Z INFO  client] Sending sample transaction 295
[2022-07-23T16:14:34.585Z INFO  client] Sending sample transaction 296
[2022-07-23T16:14:34.630Z INFO  client] Sending sample transaction 297
[2022-07-23T16:14:34.679Z INFO  client] Sending sample transaction 298
[2022-07-23T16:14:34.730Z INFO  client] Sending sample transaction 299
[2022-07-23T16:14:34.778Z INFO  client] Sending sample transaction 300
[2022-07-23T16:14:34.829Z INFO  client] Sending sample transaction 301
[2022-07-23T16:14:34.880Z INFO  client] Sending sample transaction 302
[2022-07-23T16:14:34.929Z INFO  client] Sending sample transaction 303
[2022-07-23T16:14:34.979Z INFO  client] Sending sample transaction 304
[2022-07-23T16:14:35.028Z INFO  client] Sending sample transaction 305
[2022-07-23T16:14:35.079Z INFO  client] Sending sample transaction 306
[2022-07-23T16:14:35.129Z INFO  client] Sending sample transaction 307
[2022-07-23T16:14:35.180Z INFO  client] Sending sample transaction 308
[2022-07-23T16:14:35.230Z INFO  client] Sending sample transaction 309
[2022-07-23T16:14:35.279Z INFO  client] Sending sample transaction 310
[2022-07-23T16:14:35.328Z INFO  client] Sending sample transaction 311
[2022-07-23T16:14:35.378Z INFO  client] Sending sample transaction 312
[2022-07-23T16:14:35.429Z INFO  client] Sending sample transaction 313
[2022-07-23T16:14:35.479Z INFO  client] Sending sample transaction 314
[2022-07-23T16:14:35.529Z INFO  client] Sending sample transaction 315
[2022-07-23T16:14:35.578Z INFO  client] Sending sample transaction 316
[2022-07-23T16:14:35.629Z INFO  client] Sending sample transaction 317
[2022-07-23T16:14:35.679Z INFO  client] Sending sample transaction 318
[2022-07-23T16:14:35.730Z INFO  client] Sending sample transaction 319
[2022-07-23T16:14:35.780Z INFO  client] Sending sample transaction 320
[2022-07-23T16:14:35.828Z INFO  client] Sending sample transaction 321
[2022-07-23T16:14:35.879Z INFO  client] Sending sample transaction 322
[2022-07-23T16:14:35.928Z INFO  client] Sending sample transaction 323
[2022-07-23T16:14:35.979Z INFO  client] Sending sample transaction 324
[2022-07-23T16:14:36.029Z INFO  client] Sending sample transaction 325
[2022-07-23T16:14:36.079Z INFO  client] Sending sample transaction 326
[2022-07-23T16:14:36.129Z INFO  client] Sending sample transaction 327
[2022-07-23T16:14:36.179Z INFO  client] Sending sample transaction 328
[2022-07-23T16:14:36.229Z INFO  client] Sending sample transaction 329
[2022-07-23T16:14:36.279Z INFO  client] Sending sample transaction 330
[2022-07-23T16:14:36.329Z INFO  client] Sending sample transaction 331
[2022-07-23T16:14:36.379Z INFO  client] Sending sample transaction 332
[2022-07-23T16:14:36.429Z INFO  client] Sending sample transaction 333
[2022-07-23T16:14:36.480Z INFO  client] Sending sample transaction 334
[2022-07-23T16:14:36.529Z INFO  client] Sending sample transaction 335
[2022-07-23T16:14:36.578Z INFO  client] Sending sample transaction 336
[2022-07-23T16:14:36.631Z INFO  client] Sending sample transaction 337
[2022-07-23T16:14:36.684Z INFO  client] Sending sample transaction 338
[2022-07-23T16:14:36.729Z INFO  client] Sending sample transaction 339
[2022-07-23T16:14:36.779Z INFO  client] Sending sample transaction 340
[2022-07-23T16:14:36.829Z INFO  client] Sending sample transaction 341
[2022-07-23T16:14:36.878Z INFO  client] Sending sample transaction 342
[2022-07-23T16:14:36.929Z INFO  client] Sending sample transaction 343
[2022-07-23T16:14:36.979Z INFO  client] Sending sample transaction 344
[2022-07-23T16:14:37.029Z INFO  client] Sending sample transaction 345
[2022-07-23T16:14:37.079Z INFO  client] Sending sample transaction 346
[2022-07-23T16:14:37.129Z INFO  client] Sending sample transaction 347
[2022-07-23T16:14:37.178Z INFO  client] Sending sample transaction 348
[2022-07-23T16:14:37.228Z INFO  client] Sending sample transaction 349
[2022-07-23T16:14:37.278Z INFO  client] Sending sample transaction 350
[2022-07-23T16:14:37.329Z INFO  client] Sending sample transaction 351
[2022-07-23T16:14:37.379Z INFO  client] Sending sample transaction 352
[2022-07-23T16:14:37.430Z INFO  client] Sending sample transaction 353
[2022-07-23T16:14:37.479Z INFO  client] Sending sample transaction 354
[2022-07-23T16:14:37.528Z INFO  client] Sending sample transaction 355
[2022-07-23T16:14:37.578Z INFO  client] Sending sample transaction 356
[2022-07-23T16:14:37.629Z INFO  client] Sending sample transaction 357
[2022-07-23T16:14:37.679Z INFO  client] Sending sample transaction 358
[2022-07-23T16:14:37.729Z INFO  client] Sending sample transaction 359
[2022-07-23T16:14:37.779Z INFO  client] Sending sample transaction 360
[2022-07-23T16:14:37.828Z INFO  client] Sending sample transaction 361
[2022-07-23T16:14:37.880Z INFO  client] Sending sample transaction 362
[2022-07-23T16:14:37.928Z INFO  client] Sending sample transaction 363
[2022-07-23T16:14:37.979Z INFO  client] Sending sample transaction 364
[2022-07-23T16:14:38.029Z INFO  client] Sending sample transaction 365
[2022-07-23T16:14:38.079Z INFO  client] Sending sample transaction 366
[2022-07-23T16:14:38.129Z INFO  client] Sending sample transaction 367
[2022-07-23T16:14:38.179Z INFO  client] Sending sample transaction 368
[2022-07-23T16:14:38.228Z INFO  client] Sending sample transaction 369
[2022-07-23T16:14:38.278Z INFO  client] Sending sample transaction 370
[2022-07-23T16:14:38.329Z INFO  client] Sending sample transaction 371
[2022-07-23T16:14:38.379Z INFO  client] Sending sample transaction 372
[2022-07-23T16:14:38.429Z INFO  client] Sending sample transaction 373
[2022-07-23T16:14:38.479Z INFO  client] Sending sample transaction 374
[2022-07-23T16:14:38.529Z INFO  client] Sending sample transaction 375
[2022-07-23T16:14:38.580Z INFO  client] Sending sample transaction 376
[2022-07-23T16:14:38.629Z INFO  client] Sending sample transaction 377
[2022-07-23T16:14:38.680Z INFO  client] Sending sample transaction 378
[2022-07-23T16:14:38.744Z INFO  client] Sending sample transaction 379
[2022-07-23T16:14:38.783Z INFO  client] Sending sample transaction 380
[2022-07-23T16:14:38.830Z INFO  client] Sending sample transaction 381
[2022-07-23T16:14:38.878Z INFO  client] Sending sample transaction 382
[2022-07-23T16:14:38.929Z INFO  client] Sending sample transaction 383
[2022-07-23T16:14:38.979Z INFO  client] Sending sample transaction 384
[2022-07-23T16:14:39.029Z INFO  client] Sending sample transaction 385
[2022-07-23T16:14:39.080Z INFO  client] Sending sample transaction 386
[2022-07-23T16:14:39.130Z INFO  client] Sending sample transaction 387
[2022-07-23T16:14:39.179Z INFO  client] Sending sample transaction 388
[2022-07-23T16:14:39.229Z INFO  client] Sending sample transaction 389
[2022-07-23T16:14:39.280Z INFO  client] Sending sample transaction 390
[2022-07-23T16:14:39.329Z INFO  client] Sending sample transaction 391
[2022-07-23T16:14:39.379Z INFO  client] Sending sample transaction 392
[2022-07-23T16:14:39.429Z INFO  client] Sending sample transaction 393
[2022-07-23T16:14:39.479Z INFO  client] Sending sample transaction 394
[2022-07-23T16:14:39.528Z INFO  client] Sending sample transaction 395
[2022-07-23T16:14:39.579Z INFO  client] Sending sample transaction 396
[2022-07-23T16:14:39.631Z INFO  client] Sending sample transaction 397
[2022-07-23T16:14:39.679Z INFO  client] Sending sample transaction 398
[2022-07-23T16:14:39.729Z INFO  client] Sending sample transaction 399
[2022-07-23T16:14:39.778Z INFO  client] Sending sample transaction 400
[2022-07-23T16:14:39.828Z INFO  client] Sending sample transaction 401
[2022-07-23T16:14:39.879Z INFO  client] Sending sample transaction 402
[2022-07-23T16:14:39.930Z INFO  client] Sending sample transaction 403
[2022-07-23T16:14:39.979Z INFO  client] Sending sample transaction 404
[2022-07-23T16:14:40.029Z INFO  client] Sending sample transaction 405
[2022-07-23T16:14:40.079Z INFO  client] Sending sample transaction 406
[2022-07-23T16:14:40.129Z INFO  client] Sending sample transaction 407
[2022-07-23T16:14:40.179Z INFO  client] Sending sample transaction 408
[2022-07-23T16:14:40.229Z INFO  client] Sending sample transaction 409
[2022-07-23T16:14:40.278Z INFO  client] Sending sample transaction 410
[2022-07-23T16:14:40.330Z INFO  client] Sending sample transaction 411
[2022-07-23T16:14:40.378Z INFO  client] Sending sample transaction 412
[2022-07-23T16:14:40.428Z INFO  client] Sending sample transaction 413
[2022-07-23T16:14:40.479Z INFO  client] Sending sample transaction 414
[2022-07-23T16:14:40.528Z INFO  client] Sending sample transaction 415
[2022-07-23T16:14:40.578Z INFO  client] Sending sample transaction 416
[2022-07-23T16:14:40.628Z INFO  client] Sending sample transaction 417
[2022-07-23T16:14:40.679Z INFO  client] Sending sample transaction 418
[2022-07-23T16:14:40.729Z INFO  client] Sending sample transaction 419
[2022-07-23T16:14:40.786Z INFO  client] Sending sample transaction 420
[2022-07-23T16:14:40.840Z INFO  client] Sending sample transaction 421
[2022-07-23T16:14:40.887Z INFO  client] Sending sample transaction 422
[2022-07-23T16:14:40.952Z INFO  client] Sending sample transaction 423
[2022-07-23T16:14:40.979Z INFO  client] Sending sample transaction 424
[2022-07-23T16:14:41.031Z INFO  client] Sending sample transaction 425
[2022-07-23T16:14:41.082Z INFO  client] Sending sample transaction 426
[2022-07-23T16:14:41.133Z INFO  client] Sending sample transaction 427
[2022-07-23T16:14:41.187Z INFO  client] Sending sample transaction 428
[2022-07-23T16:14:41.236Z INFO  client] Sending sample transaction 429
[2022-07-23T16:14:41.279Z INFO  client] Sending sample transaction 430
[2022-07-23T16:14:41.331Z INFO  client] Sending sample transaction 431
[2022-07-23T16:14:41.381Z INFO  client] Sending sample transaction 432
[2022-07-23T16:14:41.432Z INFO  client] Sending sample transaction 433
[2022-07-23T16:14:41.489Z INFO  client] Sending sample transaction 434
[2022-07-23T16:14:41.530Z INFO  client] Sending sample transaction 435
[2022-07-23T16:14:41.582Z INFO  client] Sending sample transaction 436
[2022-07-23T16:14:41.631Z INFO  client] Sending sample transaction 437
