[2022-07-23T16:28:55.242Z INFO  client] Node address: 127.0.0.1:9011
[2022-07-23T16:28:55.242Z INFO  client] Transactions size: 512 B
[2022-07-23T16:28:55.242Z INFO  client] Transactions rate: 112 tx/s
[2022-07-23T16:28:55.242Z INFO  client] Waiting for all nodes to be online...
[2022-07-23T16:28:55.242Z INFO  client] Waiting for all nodes to be synchronized...
[2022-07-23T16:28:57.248Z INFO  client] Start sending transactions
[2022-07-23T16:28:57.266Z INFO  client] Sending sample transaction 0
[2022-07-23T16:28:57.301Z INFO  client] Sending sample transaction 1
[2022-07-23T16:28:57.351Z INFO  client] Sending sample transaction 2
[2022-07-23T16:28:57.402Z INFO  client] Sending sample transaction 3
[2022-07-23T16:28:57.451Z INFO  client] Sending sample transaction 4
[2022-07-23T16:28:57.500Z INFO  client] Sending sample transaction 5
[2022-07-23T16:28:57.551Z INFO  client] Sending sample transaction 6
[2022-07-23T16:28:57.601Z INFO  client] Sending sample transaction 7
[2022-07-23T16:28:57.651Z INFO  client] Sending sample transaction 8
[2022-07-23T16:28:57.701Z INFO  client] Sending sample transaction 9
[2022-07-23T16:28:57.750Z INFO  client] Sending sample transaction 10
[2022-07-23T16:28:57.800Z INFO  client] Sending sample transaction 11
[2022-07-23T16:28:57.850Z INFO  client] Sending sample transaction 12
[2022-07-23T16:28:57.903Z INFO  client] Sending sample transaction 13
[2022-07-23T16:28:57.952Z INFO  client] Sending sample transaction 14
[2022-07-23T16:28:58.002Z INFO  client] Sending sample transaction 15
[2022-07-23T16:28:58.050Z INFO  client] Sending sample transaction 16
[2022-07-23T16:28:58.100Z INFO  client] Sending sample transaction 17
[2022-07-23T16:28:58.151Z INFO  client] Sending sample transaction 18
[2022-07-23T16:28:58.200Z INFO  client] Sending sample transaction 19
[2022-07-23T16:28:58.250Z INFO  client] Sending sample transaction 20
[2022-07-23T16:28:58.299Z INFO  client] Sending sample transaction 21
[2022-07-23T16:28:58.350Z INFO  client] Sending sample transaction 22
[2022-07-23T16:28:58.404Z INFO  client] Sending sample transaction 23
[2022-07-23T16:28:58.451Z INFO  client] Sending sample transaction 24
[2022-07-23T16:28:58.500Z INFO  client] Sending sample transaction 25
[2022-07-23T16:28:58.550Z INFO  client] Sending sample transaction 26
[2022-07-23T16:28:58.600Z INFO  client] Sending sample transaction 27
[2022-07-23T16:28:58.650Z INFO  client] Sending sample transaction 28
[2022-07-23T16:28:58.700Z INFO  client] Sending sample transaction 29
[2022-07-23T16:28:58.751Z INFO  client] Sending sample transaction 30
[2022-07-23T16:28:58.801Z INFO  client] Sending sample transaction 31
[2022-07-23T16:28:58.852Z INFO  client] Sending sample transaction 32
[2022-07-23T16:28:58.901Z INFO  client] Sending sample transaction 33
[2022-07-23T16:28:58.951Z INFO  client] Sending sample transaction 34
[2022-07-23T16:28:58.999Z INFO  client] Sending sample transaction 35
[2022-07-23T16:28:59.050Z INFO  client] Sending sample transaction 36
[2022-07-23T16:28:59.101Z INFO  client] Sending sample transaction 37
[2022-07-23T16:28:59.151Z INFO  client] Sending sample transaction 38
[2022-07-23T16:28:59.200Z INFO  client] Sending sample transaction 39
[2022-07-23T16:28:59.265Z INFO  client] Sending sample transaction 40
[2022-07-23T16:28:59.300Z INFO  client] Sending sample transaction 41
[2022-07-23T16:28:59.351Z INFO  client] Sending sample transaction 42
[2022-07-23T16:28:59.405Z INFO  client] Sending sample transaction 43
[2022-07-23T16:28:59.458Z INFO  client] Sending sample transaction 44
[2022-07-23T16:28:59.507Z INFO  client] Sending sample transaction 45
[2022-07-23T16:28:59.549Z INFO  client] Sending sample transaction 46
[2022-07-23T16:28:59.600Z INFO  client] Sending sample transaction 47
[2022-07-23T16:28:59.650Z INFO  client] Sending sample transaction 48
[2022-07-23T16:28:59.701Z INFO  client] Sending sample transaction 49
[2022-07-23T16:28:59.750Z INFO  client] Sending sample transaction 50
[2022-07-23T16:28:59.800Z INFO  client] Sending sample transaction 51
[2022-07-23T16:28:59.851Z INFO  client] Sending sample transaction 52
[2022-07-23T16:28:59.900Z INFO  client] Sending sample transaction 53
[2022-07-23T16:28:59.950Z INFO  client] Sending sample transaction 54
[2022-07-23T16:29:00.000Z INFO  client] Sending sample transaction 55
[2022-07-23T16:29:00.050Z INFO  client] Sending sample transaction 56
[2022-07-23T16:29:00.121Z INFO  client] Sending sample transaction 57
[2022-07-23T16:29:00.150Z INFO  client] Sending sample transaction 58
[2022-07-23T16:29:00.203Z INFO  client] Sending sample transaction 59
[2022-07-23T16:29:00.249Z INFO  client] Sending sample transaction 60
[2022-07-23T16:29:00.300Z INFO  client] Sending sample transaction 61
[2022-07-23T16:29:00.350Z INFO  client] Sending sample transaction 62
[2022-07-23T16:29:00.401Z INFO  client] Sending sample transaction 63
[2022-07-23T16:29:00.450Z INFO  client] Sending sample transaction 64
[2022-07-23T16:29:00.500Z INFO  client] Sending sample transaction 65
[2022-07-23T16:29:00.550Z INFO  client] Sending sample transaction 66
[2022-07-23T16:29:00.600Z INFO  client] Sending sample transaction 67
[2022-07-23T16:29:00.650Z INFO  client] Sending sample transaction 68
[2022-07-23T16:29:00.700Z INFO  client] Sending sample transaction 69
[2022-07-23T16:29:00.750Z INFO  client] Sending sample transaction 70
[2022-07-23T16:29:00.799Z INFO  client] Sending sample transaction 71
[2022-07-23T16:29:00.850Z INFO  client] Sending sample transaction 72
[2022-07-23T16:29:00.900Z INFO  client] Sending sample transaction 73
[2022-07-23T16:29:00.950Z INFO  client] Sending sample transaction 74
[2022-07-23T16:29:00.999Z INFO  client] Sending sample transaction 75
[2022-07-23T16:29:01.050Z INFO  client] Sending sample transaction 76
[2022-07-23T16:29:01.101Z INFO  client] Sending sample transaction 77
[2022-07-23T16:29:01.150Z INFO  client] Sending sample transaction 78
[2022-07-23T16:29:01.201Z INFO  client] Sending sample transaction 79
[2022-07-23T16:29:01.250Z INFO  client] Sending sample transaction 80
[2022-07-23T16:29:01.300Z INFO  client] Sending sample transaction 81
[2022-07-23T16:29:01.350Z INFO  client] Sending sample transaction 82
[2022-07-23T16:29:01.400Z INFO  client] Sending sample transaction 83
[2022-07-23T16:29:01.449Z INFO  client] Sending sample transaction 84
[2022-07-23T16:29:01.500Z INFO  client] Sending sample transaction 85
[2022-07-23T16:29:01.550Z INFO  client] Sending sample transaction 86
[2022-07-23T16:29:01.601Z INFO  client] Sending sample transaction 87
[2022-07-23T16:29:01.650Z INFO  client] Sending sample transaction 88
[2022-07-23T16:29:01.700Z INFO  client] Sending sample transaction 89
[2022-07-23T16:29:01.749Z INFO  client] Sending sample transaction 90
[2022-07-23T16:29:01.800Z INFO  client] Sending sample transaction 91
[2022-07-23T16:29:01.850Z INFO  client] Sending sample transaction 92
[2022-07-23T16:29:01.900Z INFO  client] Sending sample transaction 93
[2022-07-23T16:29:01.951Z INFO  client] Sending sample transaction 94
[2022-07-23T16:29:02.000Z INFO  client] Sending sample transaction 95
[2022-07-23T16:29:02.050Z INFO  client] Sending sample transaction 96
[2022-07-23T16:29:02.100Z INFO  client] Sending sample transaction 97
[2022-07-23T16:29:02.151Z INFO  client] Sending sample transaction 98
[2022-07-23T16:29:02.200Z INFO  client] Sending sample transaction 99
[2022-07-23T16:29:02.250Z INFO  client] Sending sample transaction 100
[2022-07-23T16:29:02.300Z INFO  client] Sending sample transaction 101
[2022-07-23T16:29:02.350Z INFO  client] Sending sample transaction 102
[2022-07-23T16:29:02.403Z INFO  client] Sending sample transaction 103
[2022-07-23T16:29:02.450Z INFO  client] Sending sample transaction 104
[2022-07-23T16:29:02.500Z INFO  client] Sending sample transaction 105
[2022-07-23T16:29:02.550Z INFO  client] Sending sample transaction 106
[2022-07-23T16:29:02.601Z INFO  client] Sending sample transaction 107
[2022-07-23T16:29:02.650Z INFO  client] Sending sample transaction 108
[2022-07-23T16:29:02.700Z INFO  client] Sending sample transaction 109
[2022-07-23T16:29:02.750Z INFO  client] Sending sample transaction 110
[2022-07-23T16:29:02.800Z INFO  client] Sending sample transaction 111
[2022-07-23T16:29:02.850Z INFO  client] Sending sample transaction 112
[2022-07-23T16:29:02.900Z INFO  client] Sending sample transaction 113
[2022-07-23T16:29:02.951Z INFO  client] Sending sample transaction 114
[2022-07-23T16:29:02.999Z INFO  client] Sending sample transaction 115
[2022-07-23T16:29:03.051Z INFO  client] Sending sample transaction 116
[2022-07-23T16:29:03.100Z INFO  client] Sending sample transaction 117
[2022-07-23T16:29:03.150Z INFO  client] Sending sample transaction 118
[2022-07-23T16:29:03.199Z INFO  client] Sending sample transaction 119
[2022-07-23T16:29:03.249Z INFO  client] Sending sample transaction 120
[2022-07-23T16:29:03.300Z INFO  client] Sending sample transaction 121
[2022-07-23T16:29:03.350Z INFO  client] Sending sample transaction 122
[2022-07-23T16:29:03.400Z INFO  client] Sending sample transaction 123
[2022-07-23T16:29:03.451Z INFO  client] Sending sample transaction 124
[2022-07-23T16:29:03.500Z INFO  client] Sending sample transaction 125
[2022-07-23T16:29:03.549Z INFO  client] Sending sample transaction 126
[2022-07-23T16:29:03.600Z INFO  client] Sending sample transaction 127
[2022-07-23T16:29:03.660Z INFO  client] Sending sample transaction 128
[2022-07-23T16:29:03.700Z INFO  client] Sending sample transaction 129
[2022-07-23T16:29:03.750Z INFO  client] Sending sample transaction 130
[2022-07-23T16:29:03.799Z INFO  client] Sending sample transaction 131
[2022-07-23T16:29:03.850Z INFO  client] Sending sample transaction 132
[2022-07-23T16:29:03.900Z INFO  client] Sending sample transaction 133
[2022-07-23T16:29:03.950Z INFO  client] Sending sample transaction 134
[2022-07-23T16:29:03.999Z INFO  client] Sending sample transaction 135
[2022-07-23T16:29:04.050Z INFO  client] Sending sample transaction 136
[2022-07-23T16:29:04.099Z INFO  client] Sending sample transaction 137
[2022-07-23T16:29:04.150Z INFO  client] Sending sample transaction 138
[2022-07-23T16:29:04.200Z INFO  client] Sending sample transaction 139
[2022-07-23T16:29:04.249Z INFO  client] Sending sample transaction 140
[2022-07-23T16:29:04.300Z INFO  client] Sending sample transaction 141
[2022-07-23T16:29:04.351Z INFO  client] Sending sample transaction 142
[2022-07-23T16:29:04.400Z INFO  client] Sending sample transaction 143
[2022-07-23T16:29:04.450Z INFO  client] Sending sample transaction 144
[2022-07-23T16:29:04.500Z INFO  client] Sending sample transaction 145
[2022-07-23T16:29:04.550Z INFO  client] Sending sample transaction 146
[2022-07-23T16:29:04.599Z INFO  client] Sending sample transaction 147
[2022-07-23T16:29:04.650Z INFO  client] Sending sample transaction 148
[2022-07-23T16:29:04.700Z INFO  client] Sending sample transaction 149
[2022-07-23T16:29:04.749Z INFO  client] Sending sample transaction 150
[2022-07-23T16:29:04.800Z INFO  client] Sending sample transaction 151
[2022-07-23T16:29:04.850Z INFO  client] Sending sample transaction 152
[2022-07-23T16:29:04.900Z INFO  client] Sending sample transaction 153
[2022-07-23T16:29:04.950Z INFO  client] Sending sample transaction 154
[2022-07-23T16:29:04.999Z INFO  client] Sending sample transaction 155
[2022-07-23T16:29:05.051Z INFO  client] Sending sample transaction 156
[2022-07-23T16:29:05.102Z INFO  client] Sending sample transaction 157
[2022-07-23T16:29:05.150Z INFO  client] Sending sample transaction 158
[2022-07-23T16:29:05.199Z INFO  client] Sending sample transaction 159
[2022-07-23T16:29:05.250Z INFO  client] Sending sample transaction 160
[2022-07-23T16:29:05.300Z INFO  client] Sending sample transaction 161
[2022-07-23T16:29:05.350Z INFO  client] Sending sample transaction 162
[2022-07-23T16:29:05.400Z INFO  client] Sending sample transaction 163
[2022-07-23T16:29:05.450Z INFO  client] Sending sample transaction 164
[2022-07-23T16:29:05.500Z INFO  client] Sending sample transaction 165
[2022-07-23T16:29:05.549Z INFO  client] Sending sample transaction 166
[2022-07-23T16:29:05.600Z INFO  client] Sending sample transaction 167
[2022-07-23T16:29:05.650Z INFO  client] Sending sample transaction 168
[2022-07-23T16:29:05.700Z INFO  client] Sending sample transaction 169
[2022-07-23T16:29:05.750Z INFO  client] Sending sample transaction 170
[2022-07-23T16:29:05.800Z INFO  client] Sending sample transaction 171
[2022-07-23T16:29:05.849Z INFO  client] Sending sample transaction 172
[2022-07-23T16:29:05.901Z INFO  client] Sending sample transaction 173
[2022-07-23T16:29:05.951Z INFO  client] Sending sample transaction 174
[2022-07-23T16:29:06.001Z INFO  client] Sending sample transaction 175
[2022-07-23T16:29:06.050Z INFO  client] Sending sample transaction 176
[2022-07-23T16:29:06.100Z INFO  client] Sending sample transaction 177
[2022-07-23T16:29:06.150Z INFO  client] Sending sample transaction 178
[2022-07-23T16:29:06.201Z INFO  client] Sending sample transaction 179
[2022-07-23T16:29:06.250Z INFO  client] Sending sample transaction 180
[2022-07-23T16:29:06.300Z INFO  client] Sending sample transaction 181
[2022-07-23T16:29:06.350Z INFO  client] Sending sample transaction 182
[2022-07-23T16:29:06.401Z INFO  client] Sending sample transaction 183
[2022-07-23T16:29:06.450Z INFO  client] Sending sample transaction 184
[2022-07-23T16:29:06.500Z INFO  client] Sending sample transaction 185
[2022-07-23T16:29:06.550Z INFO  client] Sending sample transaction 186
[2022-07-23T16:29:06.599Z INFO  client] Sending sample transaction 187
[2022-07-23T16:29:06.650Z INFO  client] Sending sample transaction 188
[2022-07-23T16:29:06.700Z INFO  client] Sending sample transaction 189
[2022-07-23T16:29:06.750Z INFO  client] Sending sample transaction 190
[2022-07-23T16:29:06.800Z INFO  client] Sending sample transaction 191
[2022-07-23T16:29:06.851Z INFO  client] Sending sample transaction 192
[2022-07-23T16:29:06.900Z INFO  client] Sending sample transaction 193
[2022-07-23T16:29:06.950Z INFO  client] Sending sample transaction 194
[2022-07-23T16:29:07.000Z INFO  client] Sending sample transaction 195
[2022-07-23T16:29:07.049Z INFO  client] Sending sample transaction 196
[2022-07-23T16:29:07.100Z INFO  client] Sending sample transaction 197
[2022-07-23T16:29:07.151Z INFO  client] Sending sample transaction 198
[2022-07-23T16:29:07.200Z INFO  client] Sending sample transaction 199
[2022-07-23T16:29:07.250Z INFO  client] Sending sample transaction 200
[2022-07-23T16:29:07.300Z INFO  client] Sending sample transaction 201
[2022-07-23T16:29:07.350Z INFO  client] Sending sample transaction 202
[2022-07-23T16:29:07.400Z INFO  client] Sending sample transaction 203
[2022-07-23T16:29:07.450Z INFO  client] Sending sample transaction 204
[2022-07-23T16:29:07.500Z INFO  client] Sending sample transaction 205
[2022-07-23T16:29:07.550Z INFO  client] Sending sample transaction 206
[2022-07-23T16:29:07.600Z INFO  client] Sending sample transaction 207
[2022-07-23T16:29:07.650Z INFO  client] Sending sample transaction 208
[2022-07-23T16:29:07.700Z INFO  client] Sending sample transaction 209
[2022-07-23T16:29:07.750Z INFO  client] Sending sample transaction 210
[2022-07-23T16:29:07.800Z INFO  client] Sending sample transaction 211
[2022-07-23T16:29:07.865Z INFO  client] Sending sample transaction 212
[2022-07-23T16:29:07.914Z INFO  client] Sending sample transaction 213
[2022-07-23T16:29:07.950Z INFO  client] Sending sample transaction 214
[2022-07-23T16:29:07.999Z INFO  client] Sending sample transaction 215
[2022-07-23T16:29:08.050Z INFO  client] Sending sample transaction 216
[2022-07-23T16:29:08.099Z INFO  client] Sending sample transaction 217
[2022-07-23T16:29:08.150Z INFO  client] Sending sample transaction 218
[2022-07-23T16:29:08.200Z INFO  client] Sending sample transaction 219
[2022-07-23T16:29:08.249Z INFO  client] Sending sample transaction 220
[2022-07-23T16:29:08.300Z INFO  client] Sending sample transaction 221
[2022-07-23T16:29:08.350Z INFO  client] Sending sample transaction 222
[2022-07-23T16:29:08.400Z INFO  client] Sending sample transaction 223
[2022-07-23T16:29:08.450Z INFO  client] Sending sample transaction 224
[2022-07-23T16:29:08.500Z INFO  client] Sending sample transaction 225
[2022-07-23T16:29:08.549Z INFO  client] Sending sample transaction 226
[2022-07-23T16:29:08.601Z INFO  client] Sending sample transaction 227
[2022-07-23T16:29:08.650Z INFO  client] Sending sample transaction 228
[2022-07-23T16:29:08.700Z INFO  client] Sending sample transaction 229
[2022-07-23T16:29:08.750Z INFO  client] Sending sample transaction 230
[2022-07-23T16:29:08.800Z INFO  client] Sending sample transaction 231
[2022-07-23T16:29:08.850Z INFO  client] Sending sample transaction 232
[2022-07-23T16:29:08.900Z INFO  client] Sending sample transaction 233
[2022-07-23T16:29:08.950Z INFO  client] Sending sample transaction 234
[2022-07-23T16:29:09.000Z INFO  client] Sending sample transaction 235
[2022-07-23T16:29:09.050Z INFO  client] Sending sample transaction 236
[2022-07-23T16:29:09.100Z INFO  client] Sending sample transaction 237
[2022-07-23T16:29:09.150Z INFO  client] Sending sample transaction 238
[2022-07-23T16:29:09.200Z INFO  client] Sending sample transaction 239
[2022-07-23T16:29:09.250Z INFO  client] Sending sample transaction 240
[2022-07-23T16:29:09.300Z INFO  client] Sending sample transaction 241
[2022-07-23T16:29:09.350Z INFO  client] Sending sample transaction 242
[2022-07-23T16:29:09.400Z INFO  client] Sending sample transaction 243
[2022-07-23T16:29:09.451Z INFO  client] Sending sample transaction 244
[2022-07-23T16:29:09.499Z INFO  client] Sending sample transaction 245
[2022-07-23T16:29:09.550Z INFO  client] Sending sample transaction 246
[2022-07-23T16:29:09.600Z INFO  client] Sending sample transaction 247
[2022-07-23T16:29:09.651Z INFO  client] Sending sample transaction 248
[2022-07-23T16:29:09.700Z INFO  client] Sending sample transaction 249
[2022-07-23T16:29:09.749Z INFO  client] Sending sample transaction 250
[2022-07-23T16:29:09.800Z INFO  client] Sending sample transaction 251
[2022-07-23T16:29:09.850Z INFO  client] Sending sample transaction 252
[2022-07-23T16:29:09.900Z INFO  client] Sending sample transaction 253
[2022-07-23T16:29:09.953Z INFO  client] Sending sample transaction 254
[2022-07-23T16:29:10.001Z INFO  client] Sending sample transaction 255
[2022-07-23T16:29:10.050Z INFO  client] Sending sample transaction 256
[2022-07-23T16:29:10.100Z INFO  client] Sending sample transaction 257
[2022-07-23T16:29:10.149Z INFO  client] Sending sample transaction 258
[2022-07-23T16:29:10.200Z INFO  client] Sending sample transaction 259
[2022-07-23T16:29:10.250Z INFO  client] Sending sample transaction 260
[2022-07-23T16:29:10.301Z INFO  client] Sending sample transaction 261
[2022-07-23T16:29:10.350Z INFO  client] Sending sample transaction 262
[2022-07-23T16:29:10.400Z INFO  client] Sending sample transaction 263
[2022-07-23T16:29:10.451Z INFO  client] Sending sample transaction 264
[2022-07-23T16:29:10.500Z INFO  client] Sending sample transaction 265
[2022-07-23T16:29:10.550Z INFO  client] Sending sample transaction 266
[2022-07-23T16:29:10.600Z INFO  client] Sending sample transaction 267
[2022-07-23T16:29:10.650Z INFO  client] Sending sample transaction 268
[2022-07-23T16:29:10.701Z INFO  client] Sending sample transaction 269
[2022-07-23T16:29:10.750Z INFO  client] Sending sample transaction 270
[2022-07-23T16:29:10.800Z INFO  client] Sending sample transaction 271
[2022-07-23T16:29:10.851Z INFO  client] Sending sample transaction 272
[2022-07-23T16:29:10.901Z INFO  client] Sending sample transaction 273
[2022-07-23T16:29:10.950Z INFO  client] Sending sample transaction 274
[2022-07-23T16:29:11.001Z INFO  client] Sending sample transaction 275
[2022-07-23T16:29:11.055Z INFO  client] Sending sample transaction 276
[2022-07-23T16:29:11.100Z INFO  client] Sending sample transaction 277
[2022-07-23T16:29:11.150Z INFO  client] Sending sample transaction 278
[2022-07-23T16:29:11.201Z INFO  client] Sending sample transaction 279
[2022-07-23T16:29:11.250Z INFO  client] Sending sample transaction 280
[2022-07-23T16:29:11.301Z INFO  client] Sending sample transaction 281
[2022-07-23T16:29:11.350Z INFO  client] Sending sample transaction 282
[2022-07-23T16:29:11.400Z INFO  client] Sending sample transaction 283
[2022-07-23T16:29:11.450Z INFO  client] Sending sample transaction 284
[2022-07-23T16:29:11.500Z INFO  client] Sending sample transaction 285
[2022-07-23T16:29:11.549Z INFO  client] Sending sample transaction 286
[2022-07-23T16:29:11.600Z INFO  client] Sending sample transaction 287
[2022-07-23T16:29:11.651Z INFO  client] Sending sample transaction 288
[2022-07-23T16:29:11.701Z INFO  client] Sending sample transaction 289
[2022-07-23T16:29:11.750Z INFO  client] Sending sample transaction 290
[2022-07-23T16:29:11.799Z INFO  client] Sending sample transaction 291
[2022-07-23T16:29:11.850Z INFO  client] Sending sample transaction 292
[2022-07-23T16:29:11.900Z INFO  client] Sending sample transaction 293
[2022-07-23T16:29:11.950Z INFO  client] Sending sample transaction 294
[2022-07-23T16:29:12.000Z INFO  client] Sending sample transaction 295
[2022-07-23T16:29:12.050Z INFO  client] Sending sample transaction 296
[2022-07-23T16:29:12.120Z INFO  client] Sending sample transaction 297
[2022-07-23T16:29:12.149Z INFO  client] Sending sample transaction 298
[2022-07-23T16:29:12.201Z INFO  client] Sending sample transaction 299
[2022-07-23T16:29:12.249Z INFO  client] Sending sample transaction 300
[2022-07-23T16:29:12.300Z INFO  client] Sending sample transaction 301
[2022-07-23T16:29:12.350Z INFO  client] Sending sample transaction 302
[2022-07-23T16:29:12.401Z INFO  client] Sending sample transaction 303
[2022-07-23T16:29:12.451Z INFO  client] Sending sample transaction 304
[2022-07-23T16:29:12.500Z INFO  client] Sending sample transaction 305
[2022-07-23T16:29:12.550Z INFO  client] Sending sample transaction 306
[2022-07-23T16:29:12.601Z INFO  client] Sending sample transaction 307
[2022-07-23T16:29:12.651Z INFO  client] Sending sample transaction 308
[2022-07-23T16:29:12.700Z INFO  client] Sending sample transaction 309
[2022-07-23T16:29:12.749Z INFO  client] Sending sample transaction 310
[2022-07-23T16:29:12.800Z INFO  client] Sending sample transaction 311
[2022-07-23T16:29:12.850Z INFO  client] Sending sample transaction 312
[2022-07-23T16:29:12.900Z INFO  client] Sending sample transaction 313
[2022-07-23T16:29:12.951Z INFO  client] Sending sample transaction 314
[2022-07-23T16:29:13.000Z INFO  client] Sending sample transaction 315
[2022-07-23T16:29:13.050Z INFO  client] Sending sample transaction 316
[2022-07-23T16:29:13.101Z INFO  client] Sending sample transaction 317
[2022-07-23T16:29:13.150Z INFO  client] Sending sample transaction 318
[2022-07-23T16:29:13.200Z INFO  client] Sending sample transaction 319
[2022-07-23T16:29:13.250Z INFO  client] Sending sample transaction 320
[2022-07-23T16:29:13.299Z INFO  client] Sending sample transaction 321
[2022-07-23T16:29:13.350Z INFO  client] Sending sample transaction 322
[2022-07-23T16:29:13.400Z INFO  client] Sending sample transaction 323
[2022-07-23T16:29:13.449Z INFO  client] Sending sample transaction 324
[2022-07-23T16:29:13.499Z INFO  client] Sending sample transaction 325
[2022-07-23T16:29:13.550Z INFO  client] Sending sample transaction 326
[2022-07-23T16:29:13.601Z INFO  client] Sending sample transaction 327
[2022-07-23T16:29:13.650Z INFO  client] Sending sample transaction 328
[2022-07-23T16:29:13.699Z INFO  client] Sending sample transaction 329
[2022-07-23T16:29:13.750Z INFO  client] Sending sample transaction 330
[2022-07-23T16:29:13.800Z INFO  client] Sending sample transaction 331
[2022-07-23T16:29:13.850Z INFO  client] Sending sample transaction 332
[2022-07-23T16:29:13.900Z INFO  client] Sending sample transaction 333
[2022-07-23T16:29:13.950Z INFO  client] Sending sample transaction 334
[2022-07-23T16:29:14.001Z INFO  client] Sending sample transaction 335
[2022-07-23T16:29:14.050Z INFO  client] Sending sample transaction 336
[2022-07-23T16:29:14.099Z INFO  client] Sending sample transaction 337
[2022-07-23T16:29:14.150Z INFO  client] Sending sample transaction 338
[2022-07-23T16:29:14.204Z INFO  client] Sending sample transaction 339
[2022-07-23T16:29:14.252Z INFO  client] Sending sample transaction 340
[2022-07-23T16:29:14.300Z INFO  client] Sending sample transaction 341
[2022-07-23T16:29:14.350Z INFO  client] Sending sample transaction 342
[2022-07-23T16:29:14.400Z INFO  client] Sending sample transaction 343
[2022-07-23T16:29:14.451Z INFO  client] Sending sample transaction 344
[2022-07-23T16:29:14.501Z INFO  client] Sending sample transaction 345
[2022-07-23T16:29:14.551Z INFO  client] Sending sample transaction 346
[2022-07-23T16:29:14.600Z INFO  client] Sending sample transaction 347
[2022-07-23T16:29:14.650Z INFO  client] Sending sample transaction 348
[2022-07-23T16:29:14.700Z INFO  client] Sending sample transaction 349
[2022-07-23T16:29:14.750Z INFO  client] Sending sample transaction 350
[2022-07-23T16:29:14.801Z INFO  client] Sending sample transaction 351
[2022-07-23T16:29:14.850Z INFO  client] Sending sample transaction 352
[2022-07-23T16:29:14.899Z INFO  client] Sending sample transaction 353
[2022-07-23T16:29:14.951Z INFO  client] Sending sample transaction 354
[2022-07-23T16:29:14.999Z INFO  client] Sending sample transaction 355
[2022-07-23T16:29:15.050Z INFO  client] Sending sample transaction 356
[2022-07-23T16:29:15.100Z INFO  client] Sending sample transaction 357
[2022-07-23T16:29:15.149Z INFO  client] Sending sample transaction 358
[2022-07-23T16:29:15.200Z INFO  client] Sending sample transaction 359
[2022-07-23T16:29:15.250Z INFO  client] Sending sample transaction 360
[2022-07-23T16:29:15.300Z INFO  client] Sending sample transaction 361
[2022-07-23T16:29:15.350Z INFO  client] Sending sample transaction 362
[2022-07-23T16:29:15.400Z INFO  client] Sending sample transaction 363
[2022-07-23T16:29:15.450Z INFO  client] Sending sample transaction 364
[2022-07-23T16:29:15.500Z INFO  client] Sending sample transaction 365
[2022-07-23T16:29:15.551Z INFO  client] Sending sample transaction 366
[2022-07-23T16:29:15.600Z INFO  client] Sending sample transaction 367
[2022-07-23T16:29:15.650Z INFO  client] Sending sample transaction 368
[2022-07-23T16:29:15.699Z INFO  client] Sending sample transaction 369
[2022-07-23T16:29:15.750Z INFO  client] Sending sample transaction 370
[2022-07-23T16:29:15.800Z INFO  client] Sending sample transaction 371
[2022-07-23T16:29:15.850Z INFO  client] Sending sample transaction 372
[2022-07-23T16:29:15.899Z INFO  client] Sending sample transaction 373
[2022-07-23T16:29:15.950Z INFO  client] Sending sample transaction 374
[2022-07-23T16:29:16.000Z INFO  client] Sending sample transaction 375
[2022-07-23T16:29:16.050Z INFO  client] Sending sample transaction 376
[2022-07-23T16:29:16.100Z INFO  client] Sending sample transaction 377
[2022-07-23T16:29:16.150Z INFO  client] Sending sample transaction 378
[2022-07-23T16:29:16.199Z INFO  client] Sending sample transaction 379
[2022-07-23T16:29:16.250Z INFO  client] Sending sample transaction 380
[2022-07-23T16:29:16.300Z INFO  client] Sending sample transaction 381
[2022-07-23T16:29:16.349Z INFO  client] Sending sample transaction 382
[2022-07-23T16:29:16.399Z INFO  client] Sending sample transaction 383
[2022-07-23T16:29:16.450Z INFO  client] Sending sample transaction 384
[2022-07-23T16:29:16.500Z INFO  client] Sending sample transaction 385
[2022-07-23T16:29:16.550Z INFO  client] Sending sample transaction 386
[2022-07-23T16:29:16.600Z INFO  client] Sending sample transaction 387
[2022-07-23T16:29:16.650Z INFO  client] Sending sample transaction 388
[2022-07-23T16:29:16.701Z INFO  client] Sending sample transaction 389
[2022-07-23T16:29:16.750Z INFO  client] Sending sample transaction 390
[2022-07-23T16:29:16.801Z INFO  client] Sending sample transaction 391
[2022-07-23T16:29:16.850Z INFO  client] Sending sample transaction 392
[2022-07-23T16:29:16.900Z INFO  client] Sending sample transaction 393
[2022-07-23T16:29:16.950Z INFO  client] Sending sample transaction 394
[2022-07-23T16:29:17.000Z INFO  client] Sending sample transaction 395
[2022-07-23T16:29:17.050Z INFO  client] Sending sample transaction 396
[2022-07-23T16:29:17.101Z INFO  client] Sending sample transaction 397
[2022-07-23T16:29:17.150Z INFO  client] Sending sample transaction 398
[2022-07-23T16:29:17.201Z INFO  client] Sending sample transaction 399
[2022-07-23T16:29:17.250Z INFO  client] Sending sample transaction 400
[2022-07-23T16:29:17.300Z INFO  client] Sending sample transaction 401
[2022-07-23T16:29:17.359Z INFO  client] Sending sample transaction 402
[2022-07-23T16:29:17.400Z INFO  client] Sending sample transaction 403
[2022-07-23T16:29:17.451Z INFO  client] Sending sample transaction 404
[2022-07-23T16:29:17.500Z INFO  client] Sending sample transaction 405
[2022-07-23T16:29:17.550Z INFO  client] Sending sample transaction 406
[2022-07-23T16:29:17.600Z INFO  client] Sending sample transaction 407
[2022-07-23T16:29:17.650Z INFO  client] Sending sample transaction 408
[2022-07-23T16:29:17.700Z INFO  client] Sending sample transaction 409
[2022-07-23T16:29:17.750Z INFO  client] Sending sample transaction 410
[2022-07-23T16:29:17.800Z INFO  client] Sending sample transaction 411
[2022-07-23T16:29:17.850Z INFO  client] Sending sample transaction 412
[2022-07-23T16:29:17.901Z INFO  client] Sending sample transaction 413
[2022-07-23T16:29:17.950Z INFO  client] Sending sample transaction 414
[2022-07-23T16:29:17.999Z INFO  client] Sending sample transaction 415
[2022-07-23T16:29:18.050Z INFO  client] Sending sample transaction 416
[2022-07-23T16:29:18.099Z INFO  client] Sending sample transaction 417
[2022-07-23T16:29:18.150Z INFO  client] Sending sample transaction 418
[2022-07-23T16:29:18.200Z INFO  client] Sending sample transaction 419
[2022-07-23T16:29:18.249Z INFO  client] Sending sample transaction 420
[2022-07-23T16:29:18.300Z INFO  client] Sending sample transaction 421
[2022-07-23T16:29:18.351Z INFO  client] Sending sample transaction 422
[2022-07-23T16:29:18.421Z INFO  client] Sending sample transaction 423
[2022-07-23T16:29:18.482Z INFO  client] Sending sample transaction 424
[2022-07-23T16:29:18.519Z INFO  client] Sending sample transaction 425
[2022-07-23T16:29:18.555Z INFO  client] Sending sample transaction 426
[2022-07-23T16:29:18.601Z INFO  client] Sending sample transaction 427
[2022-07-23T16:29:18.652Z INFO  client] Sending sample transaction 428
[2022-07-23T16:29:18.710Z INFO  client] Sending sample transaction 429
[2022-07-23T16:29:18.752Z INFO  client] Sending sample transaction 430
[2022-07-23T16:29:18.800Z INFO  client] Sending sample transaction 431
[2022-07-23T16:29:18.877Z INFO  client] Sending sample transaction 432
[2022-07-23T16:29:18.945Z INFO  client] Sending sample transaction 433
[2022-07-23T16:29:19.078Z INFO  client] Sending sample transaction 434
[2022-07-23T16:29:19.078Z WARN  client] Transaction rate too high for this client
[2022-07-23T16:29:19.078Z INFO  client] Sending sample transaction 435
[2022-07-23T16:29:19.087Z INFO  client] Sending sample transaction 436
[2022-07-23T16:29:19.106Z INFO  client] Sending sample transaction 437
[2022-07-23T16:29:19.171Z INFO  client] Sending sample transaction 438
[2022-07-23T16:29:19.209Z INFO  client] Sending sample transaction 439
[2022-07-23T16:29:19.253Z INFO  client] Sending sample transaction 440
[2022-07-23T16:29:19.303Z INFO  client] Sending sample transaction 441
[2022-07-23T16:29:19.366Z INFO  client] Sending sample transaction 442
[2022-07-23T16:29:19.400Z INFO  client] Sending sample transaction 443
[2022-07-23T16:29:19.451Z INFO  client] Sending sample transaction 444
[2022-07-23T16:29:19.506Z INFO  client] Sending sample transaction 445
