[2022-07-23T15:56:18.012Z INFO  client] Node address: 127.0.0.1:9013
[2022-07-23T15:56:18.013Z INFO  client] Transactions size: 512 B
[2022-07-23T15:56:18.013Z INFO  client] Transactions rate: 112 tx/s
[2022-07-23T15:56:18.013Z INFO  client] Waiting for all nodes to be online...
[2022-07-23T15:56:18.013Z INFO  client] Waiting for all nodes to be synchronized...
[2022-07-23T15:56:20.036Z INFO  client] Start sending transactions
[2022-07-23T15:56:20.038Z INFO  client] Sending sample transaction 0
[2022-07-23T15:56:20.089Z INFO  client] Sending sample transaction 1
[2022-07-23T15:56:20.141Z INFO  client] Sending sample transaction 2
[2022-07-23T15:56:20.190Z INFO  client] Sending sample transaction 3
[2022-07-23T15:56:20.239Z INFO  client] Sending sample transaction 4
[2022-07-23T15:56:20.289Z INFO  client] Sending sample transaction 5
[2022-07-23T15:56:20.339Z INFO  client] Sending sample transaction 6
[2022-07-23T15:56:20.403Z INFO  client] Sending sample transaction 7
[2022-07-23T15:56:20.490Z INFO  client] Sending sample transaction 8
[2022-07-23T15:56:20.491Z INFO  client] Sending sample transaction 9
[2022-07-23T15:56:20.551Z INFO  client] Sending sample transaction 10
[2022-07-23T15:56:20.601Z INFO  client] Sending sample transaction 11
[2022-07-23T15:56:20.642Z INFO  client] Sending sample transaction 12
[2022-07-23T15:56:20.689Z INFO  client] Sending sample transaction 13
[2022-07-23T15:56:20.739Z INFO  client] Sending sample transaction 14
[2022-07-23T15:56:20.789Z INFO  client] Sending sample transaction 15
[2022-07-23T15:56:20.892Z INFO  client] Sending sample transaction 16
[2022-07-23T15:56:20.935Z INFO  client] Sending sample transaction 17
[2022-07-23T15:56:20.962Z INFO  client] Sending sample transaction 18
[2022-07-23T15:56:21.013Z INFO  client] Sending sample transaction 19
[2022-07-23T15:56:21.072Z INFO  client] Sending sample transaction 20
[2022-07-23T15:56:21.103Z INFO  client] Sending sample transaction 21
[2022-07-23T15:56:21.139Z INFO  client] Sending sample transaction 22
[2022-07-23T15:56:21.190Z INFO  client] Sending sample transaction 23
[2022-07-23T15:56:21.244Z INFO  client] Sending sample transaction 24
[2022-07-23T15:56:21.288Z INFO  client] Sending sample transaction 25
[2022-07-23T15:56:21.385Z INFO  client] Sending sample transaction 26
[2022-07-23T15:56:21.393Z INFO  client] Sending sample transaction 27
[2022-07-23T15:56:21.462Z INFO  client] Sending sample transaction 28
[2022-07-23T15:56:21.515Z INFO  client] Sending sample transaction 29
[2022-07-23T15:56:21.543Z INFO  client] Sending sample transaction 30
[2022-07-23T15:56:21.593Z INFO  client] Sending sample transaction 31
[2022-07-23T15:56:21.644Z INFO  client] Sending sample transaction 32
[2022-07-23T15:56:21.693Z INFO  client] Sending sample transaction 33
[2022-07-23T15:56:21.739Z INFO  client] Sending sample transaction 34
[2022-07-23T15:56:21.788Z INFO  client] Sending sample transaction 35
[2022-07-23T15:56:21.839Z INFO  client] Sending sample transaction 36
[2022-07-23T15:56:21.889Z INFO  client] Sending sample transaction 37
[2022-07-23T15:56:21.939Z INFO  client] Sending sample transaction 38
[2022-07-23T15:56:22.020Z INFO  client] Sending sample transaction 39
[2022-07-23T15:56:22.073Z INFO  client] Sending sample transaction 40
[2022-07-23T15:56:22.108Z INFO  client] Sending sample transaction 41
[2022-07-23T15:56:22.162Z INFO  client] Sending sample transaction 42
[2022-07-23T15:56:22.208Z INFO  client] Sending sample transaction 43
[2022-07-23T15:56:22.257Z INFO  client] Sending sample transaction 44
[2022-07-23T15:56:22.290Z INFO  client] Sending sample transaction 45
[2022-07-23T15:56:22.339Z INFO  client] Sending sample transaction 46
[2022-07-23T15:56:22.391Z INFO  client] Sending sample transaction 47
[2022-07-23T15:56:22.438Z INFO  client] Sending sample transaction 48
[2022-07-23T15:56:22.489Z INFO  client] Sending sample transaction 49
[2022-07-23T15:56:22.539Z INFO  client] Sending sample transaction 50
[2022-07-23T15:56:22.588Z INFO  client] Sending sample transaction 51
[2022-07-23T15:56:22.677Z INFO  client] Sending sample transaction 52
[2022-07-23T15:56:22.700Z INFO  client] Sending sample transaction 53
[2022-07-23T15:56:22.749Z INFO  client] Sending sample transaction 54
[2022-07-23T15:56:22.788Z INFO  client] Sending sample transaction 55
[2022-07-23T15:56:22.838Z INFO  client] Sending sample transaction 56
[2022-07-23T15:56:22.888Z INFO  client] Sending sample transaction 57
[2022-07-23T15:56:22.939Z INFO  client] Sending sample transaction 58
[2022-07-23T15:56:22.988Z INFO  client] Sending sample transaction 59
[2022-07-23T15:56:23.038Z INFO  client] Sending sample transaction 60
[2022-07-23T15:56:23.089Z INFO  client] Sending sample transaction 61
[2022-07-23T15:56:23.188Z INFO  client] Sending sample transaction 62
[2022-07-23T15:56:23.231Z INFO  client] Sending sample transaction 63
[2022-07-23T15:56:23.269Z INFO  client] Sending sample transaction 64
[2022-07-23T15:56:23.352Z INFO  client] Sending sample transaction 65
[2022-07-23T15:56:23.380Z INFO  client] Sending sample transaction 66
[2022-07-23T15:56:23.389Z INFO  client] Sending sample transaction 67
[2022-07-23T15:56:23.445Z INFO  client] Sending sample transaction 68
[2022-07-23T15:56:23.489Z INFO  client] Sending sample transaction 69
[2022-07-23T15:56:23.538Z INFO  client] Sending sample transaction 70
[2022-07-23T15:56:23.589Z INFO  client] Sending sample transaction 71
[2022-07-23T15:56:23.659Z INFO  client] Sending sample transaction 72
[2022-07-23T15:56:23.718Z INFO  client] Sending sample transaction 73
[2022-07-23T15:56:23.739Z INFO  client] Sending sample transaction 74
[2022-07-23T15:56:23.789Z INFO  client] Sending sample transaction 75
[2022-07-23T15:56:23.839Z INFO  client] Sending sample transaction 76
[2022-07-23T15:56:23.889Z INFO  client] Sending sample transaction 77
[2022-07-23T15:56:23.939Z INFO  client] Sending sample transaction 78
[2022-07-23T15:56:23.988Z INFO  client] Sending sample transaction 79
[2022-07-23T15:56:24.038Z INFO  client] Sending sample transaction 80
[2022-07-23T15:56:24.089Z INFO  client] Sending sample transaction 81
[2022-07-23T15:56:24.139Z INFO  client] Sending sample transaction 82
[2022-07-23T15:56:24.188Z INFO  client] Sending sample transaction 83
[2022-07-23T15:56:24.239Z INFO  client] Sending sample transaction 84
[2022-07-23T15:56:24.288Z INFO  client] Sending sample transaction 85
[2022-07-23T15:56:24.339Z INFO  client] Sending sample transaction 86
[2022-07-23T15:56:24.389Z INFO  client] Sending sample transaction 87
[2022-07-23T15:56:24.439Z INFO  client] Sending sample transaction 88
[2022-07-23T15:56:24.488Z INFO  client] Sending sample transaction 89
[2022-07-23T15:56:24.538Z INFO  client] Sending sample transaction 90
[2022-07-23T15:56:24.588Z INFO  client] Sending sample transaction 91
[2022-07-23T15:56:24.639Z INFO  client] Sending sample transaction 92
[2022-07-23T15:56:24.689Z INFO  client] Sending sample transaction 93
[2022-07-23T15:56:24.738Z INFO  client] Sending sample transaction 94
[2022-07-23T15:56:24.788Z INFO  client] Sending sample transaction 95
[2022-07-23T15:56:24.838Z INFO  client] Sending sample transaction 96
[2022-07-23T15:56:24.888Z INFO  client] Sending sample transaction 97
[2022-07-23T15:56:24.939Z INFO  client] Sending sample transaction 98
[2022-07-23T15:56:24.991Z INFO  client] Sending sample transaction 99
[2022-07-23T15:56:25.039Z INFO  client] Sending sample transaction 100
[2022-07-23T15:56:25.089Z INFO  client] Sending sample transaction 101
[2022-07-23T15:56:25.139Z INFO  client] Sending sample transaction 102
[2022-07-23T15:56:25.189Z INFO  client] Sending sample transaction 103
[2022-07-23T15:56:25.238Z INFO  client] Sending sample transaction 104
[2022-07-23T15:56:25.292Z INFO  client] Sending sample transaction 105
[2022-07-23T15:56:25.340Z INFO  client] Sending sample transaction 106
[2022-07-23T15:56:25.388Z INFO  client] Sending sample transaction 107
[2022-07-23T15:56:25.438Z INFO  client] Sending sample transaction 108
[2022-07-23T15:56:25.489Z INFO  client] Sending sample transaction 109
[2022-07-23T15:56:25.538Z INFO  client] Sending sample transaction 110
[2022-07-23T15:56:25.588Z INFO  client] Sending sample transaction 111
[2022-07-23T15:56:25.639Z INFO  client] Sending sample transaction 112
[2022-07-23T15:56:25.694Z INFO  client] Sending sample transaction 113
[2022-07-23T15:56:25.739Z INFO  client] Sending sample transaction 114
[2022-07-23T15:56:25.788Z INFO  client] Sending sample transaction 115
[2022-07-23T15:56:25.839Z INFO  client] Sending sample transaction 116
[2022-07-23T15:56:25.888Z INFO  client] Sending sample transaction 117
[2022-07-23T15:56:25.939Z INFO  client] Sending sample transaction 118
[2022-07-23T15:56:25.989Z INFO  client] Sending sample transaction 119
[2022-07-23T15:56:26.039Z INFO  client] Sending sample transaction 120
[2022-07-23T15:56:26.088Z INFO  client] Sending sample transaction 121
[2022-07-23T15:56:26.139Z INFO  client] Sending sample transaction 122
[2022-07-23T15:56:26.189Z INFO  client] Sending sample transaction 123
[2022-07-23T15:56:26.238Z INFO  client] Sending sample transaction 124
[2022-07-23T15:56:26.289Z INFO  client] Sending sample transaction 125
[2022-07-23T15:56:26.338Z INFO  client] Sending sample transaction 126
[2022-07-23T15:56:26.389Z INFO  client] Sending sample transaction 127
[2022-07-23T15:56:26.440Z INFO  client] Sending sample transaction 128
[2022-07-23T15:56:26.495Z INFO  client] Sending sample transaction 129
[2022-07-23T15:56:26.538Z INFO  client] Sending sample transaction 130
[2022-07-23T15:56:26.591Z INFO  client] Sending sample transaction 131
[2022-07-23T15:56:26.638Z INFO  client] Sending sample transaction 132
[2022-07-23T15:56:26.691Z INFO  client] Sending sample transaction 133
[2022-07-23T15:56:26.739Z INFO  client] Sending sample transaction 134
[2022-07-23T15:56:26.789Z INFO  client] Sending sample transaction 135
[2022-07-23T15:56:26.839Z INFO  client] Sending sample transaction 136
[2022-07-23T15:56:26.889Z INFO  client] Sending sample transaction 137
[2022-07-23T15:56:26.939Z INFO  client] Sending sample transaction 138
[2022-07-23T15:56:26.990Z INFO  client] Sending sample transaction 139
[2022-07-23T15:56:27.039Z INFO  client] Sending sample transaction 140
[2022-07-23T15:56:27.088Z INFO  client] Sending sample transaction 141
[2022-07-23T15:56:27.139Z INFO  client] Sending sample transaction 142
[2022-07-23T15:56:27.189Z INFO  client] Sending sample transaction 143
[2022-07-23T15:56:27.238Z INFO  client] Sending sample transaction 144
[2022-07-23T15:56:27.288Z INFO  client] Sending sample transaction 145
[2022-07-23T15:56:27.339Z INFO  client] Sending sample transaction 146
[2022-07-23T15:56:27.389Z INFO  client] Sending sample transaction 147
[2022-07-23T15:56:27.439Z INFO  client] Sending sample transaction 148
[2022-07-23T15:56:27.489Z INFO  client] Sending sample transaction 149
[2022-07-23T15:56:27.538Z INFO  client] Sending sample transaction 150
[2022-07-23T15:56:27.588Z INFO  client] Sending sample transaction 151
[2022-07-23T15:56:27.638Z INFO  client] Sending sample transaction 152
[2022-07-23T15:56:27.689Z INFO  client] Sending sample transaction 153
[2022-07-23T15:56:27.738Z INFO  client] Sending sample transaction 154
[2022-07-23T15:56:27.788Z INFO  client] Sending sample transaction 155
[2022-07-23T15:56:27.839Z INFO  client] Sending sample transaction 156
[2022-07-23T15:56:27.889Z INFO  client] Sending sample transaction 157
[2022-07-23T15:56:27.939Z INFO  client] Sending sample transaction 158
[2022-07-23T15:56:27.988Z INFO  client] Sending sample transaction 159
[2022-07-23T15:56:28.039Z INFO  client] Sending sample transaction 160
[2022-07-23T15:56:28.101Z INFO  client] Sending sample transaction 161
[2022-07-23T15:56:28.139Z INFO  client] Sending sample transaction 162
[2022-07-23T15:56:28.188Z INFO  client] Sending sample transaction 163
[2022-07-23T15:56:28.242Z INFO  client] Sending sample transaction 164
[2022-07-23T15:56:28.288Z INFO  client] Sending sample transaction 165
[2022-07-23T15:56:28.338Z INFO  client] Sending sample transaction 166
[2022-07-23T15:56:28.389Z INFO  client] Sending sample transaction 167
[2022-07-23T15:56:28.438Z INFO  client] Sending sample transaction 168
[2022-07-23T15:56:28.488Z INFO  client] Sending sample transaction 169
[2022-07-23T15:56:28.539Z INFO  client] Sending sample transaction 170
[2022-07-23T15:56:28.591Z INFO  client] Sending sample transaction 171
[2022-07-23T15:56:28.639Z INFO  client] Sending sample transaction 172
[2022-07-23T15:56:28.688Z INFO  client] Sending sample transaction 173
[2022-07-23T15:56:28.744Z INFO  client] Sending sample transaction 174
[2022-07-23T15:56:28.789Z INFO  client] Sending sample transaction 175
[2022-07-23T15:56:28.839Z INFO  client] Sending sample transaction 176
[2022-07-23T15:56:28.889Z INFO  client] Sending sample transaction 177
[2022-07-23T15:56:28.939Z INFO  client] Sending sample transaction 178
[2022-07-23T15:56:28.991Z INFO  client] Sending sample transaction 179
[2022-07-23T15:56:29.039Z INFO  client] Sending sample transaction 180
[2022-07-23T15:56:29.088Z INFO  client] Sending sample transaction 181
[2022-07-23T15:56:29.139Z INFO  client] Sending sample transaction 182
[2022-07-23T15:56:29.188Z INFO  client] Sending sample transaction 183
[2022-07-23T15:56:29.239Z INFO  client] Sending sample transaction 184
[2022-07-23T15:56:29.288Z INFO  client] Sending sample transaction 185
[2022-07-23T15:56:29.338Z INFO  client] Sending sample transaction 186
[2022-07-23T15:56:29.389Z INFO  client] Sending sample transaction 187
[2022-07-23T15:56:29.439Z INFO  client] Sending sample transaction 188
[2022-07-23T15:56:29.488Z INFO  client] Sending sample transaction 189
[2022-07-23T15:56:29.555Z INFO  client] Sending sample transaction 190
[2022-07-23T15:56:29.588Z INFO  client] Sending sample transaction 191
[2022-07-23T15:56:29.638Z INFO  client] Sending sample transaction 192
[2022-07-23T15:56:29.693Z INFO  client] Sending sample transaction 193
[2022-07-23T15:56:29.738Z INFO  client] Sending sample transaction 194
[2022-07-23T15:56:29.814Z INFO  client] Sending sample transaction 195
[2022-07-23T15:56:29.842Z INFO  client] Sending sample transaction 196
[2022-07-23T15:56:29.890Z INFO  client] Sending sample transaction 197
[2022-07-23T15:56:29.939Z INFO  client] Sending sample transaction 198
[2022-07-23T15:56:29.992Z INFO  client] Sending sample transaction 199
[2022-07-23T15:56:30.039Z INFO  client] Sending sample transaction 200
[2022-07-23T15:56:30.088Z INFO  client] Sending sample transaction 201
[2022-07-23T15:56:30.138Z INFO  client] Sending sample transaction 202
[2022-07-23T15:56:30.189Z INFO  client] Sending sample transaction 203
[2022-07-23T15:56:30.239Z INFO  client] Sending sample transaction 204
[2022-07-23T15:56:30.289Z INFO  client] Sending sample transaction 205
[2022-07-23T15:56:30.339Z INFO  client] Sending sample transaction 206
[2022-07-23T15:56:30.394Z INFO  client] Sending sample transaction 207
[2022-07-23T15:56:30.438Z INFO  client] Sending sample transaction 208
[2022-07-23T15:56:30.489Z INFO  client] Sending sample transaction 209
[2022-07-23T15:56:30.539Z INFO  client] Sending sample transaction 210
[2022-07-23T15:56:30.588Z INFO  client] Sending sample transaction 211
[2022-07-23T15:56:30.639Z INFO  client] Sending sample transaction 212
[2022-07-23T15:56:30.692Z INFO  client] Sending sample transaction 213
[2022-07-23T15:56:30.739Z INFO  client] Sending sample transaction 214
[2022-07-23T15:56:30.789Z INFO  client] Sending sample transaction 215
[2022-07-23T15:56:30.839Z INFO  client] Sending sample transaction 216
[2022-07-23T15:56:30.888Z INFO  client] Sending sample transaction 217
[2022-07-23T15:56:30.939Z INFO  client] Sending sample transaction 218
[2022-07-23T15:56:31.004Z INFO  client] Sending sample transaction 219
[2022-07-23T15:56:31.039Z INFO  client] Sending sample transaction 220
[2022-07-23T15:56:31.089Z INFO  client] Sending sample transaction 221
[2022-07-23T15:56:31.138Z INFO  client] Sending sample transaction 222
[2022-07-23T15:56:31.189Z INFO  client] Sending sample transaction 223
[2022-07-23T15:56:31.240Z INFO  client] Sending sample transaction 224
[2022-07-23T15:56:31.288Z INFO  client] Sending sample transaction 225
[2022-07-23T15:56:31.338Z INFO  client] Sending sample transaction 226
[2022-07-23T15:56:31.389Z INFO  client] Sending sample transaction 227
[2022-07-23T15:56:31.439Z INFO  client] Sending sample transaction 228
[2022-07-23T15:56:31.488Z INFO  client] Sending sample transaction 229
[2022-07-23T15:56:31.539Z INFO  client] Sending sample transaction 230
[2022-07-23T15:56:31.588Z INFO  client] Sending sample transaction 231
[2022-07-23T15:56:31.638Z INFO  client] Sending sample transaction 232
[2022-07-23T15:56:31.688Z INFO  client] Sending sample transaction 233
[2022-07-23T15:56:31.739Z INFO  client] Sending sample transaction 234
[2022-07-23T15:56:31.788Z INFO  client] Sending sample transaction 235
[2022-07-23T15:56:31.838Z INFO  client] Sending sample transaction 236
[2022-07-23T15:56:31.891Z INFO  client] Sending sample transaction 237
[2022-07-23T15:56:31.939Z INFO  client] Sending sample transaction 238
[2022-07-23T15:56:31.988Z INFO  client] Sending sample transaction 239
[2022-07-23T15:56:32.038Z INFO  client] Sending sample transaction 240
[2022-07-23T15:56:32.088Z INFO  client] Sending sample transaction 241
[2022-07-23T15:56:32.139Z INFO  client] Sending sample transaction 242
[2022-07-23T15:56:32.189Z INFO  client] Sending sample transaction 243
[2022-07-23T15:56:32.240Z INFO  client] Sending sample transaction 244
[2022-07-23T15:56:32.288Z INFO  client] Sending sample transaction 245
[2022-07-23T15:56:32.339Z INFO  client] Sending sample transaction 246
[2022-07-23T15:56:32.390Z INFO  client] Sending sample transaction 247
[2022-07-23T15:56:32.439Z INFO  client] Sending sample transaction 248
[2022-07-23T15:56:32.490Z INFO  client] Sending sample transaction 249
[2022-07-23T15:56:32.539Z INFO  client] Sending sample transaction 250
[2022-07-23T15:56:32.588Z INFO  client] Sending sample transaction 251
[2022-07-23T15:56:32.639Z INFO  client] Sending sample transaction 252
[2022-07-23T15:56:32.690Z INFO  client] Sending sample transaction 253
[2022-07-23T15:56:32.739Z INFO  client] Sending sample transaction 254
[2022-07-23T15:56:32.789Z INFO  client] Sending sample transaction 255
[2022-07-23T15:56:32.840Z INFO  client] Sending sample transaction 256
[2022-07-23T15:56:32.888Z INFO  client] Sending sample transaction 257
[2022-07-23T15:56:32.938Z INFO  client] Sending sample transaction 258
[2022-07-23T15:56:32.989Z INFO  client] Sending sample transaction 259
[2022-07-23T15:56:33.038Z INFO  client] Sending sample transaction 260
[2022-07-23T15:56:33.088Z INFO  client] Sending sample transaction 261
[2022-07-23T15:56:33.138Z INFO  client] Sending sample transaction 262
[2022-07-23T15:56:33.215Z INFO  client] Sending sample transaction 263
[2022-07-23T15:56:33.249Z INFO  client] Sending sample transaction 264
[2022-07-23T15:56:33.289Z INFO  client] Sending sample transaction 265
[2022-07-23T15:56:33.339Z INFO  client] Sending sample transaction 266
[2022-07-23T15:56:33.389Z INFO  client] Sending sample transaction 267
[2022-07-23T15:56:33.439Z INFO  client] Sending sample transaction 268
[2022-07-23T15:56:33.488Z INFO  client] Sending sample transaction 269
[2022-07-23T15:56:33.538Z INFO  client] Sending sample transaction 270
[2022-07-23T15:56:33.589Z INFO  client] Sending sample transaction 271
[2022-07-23T15:56:33.638Z INFO  client] Sending sample transaction 272
[2022-07-23T15:56:33.692Z INFO  client] Sending sample transaction 273
[2022-07-23T15:56:33.738Z INFO  client] Sending sample transaction 274
[2022-07-23T15:56:33.789Z INFO  client] Sending sample transaction 275
[2022-07-23T15:56:33.839Z INFO  client] Sending sample transaction 276
[2022-07-23T15:56:33.892Z INFO  client] Sending sample transaction 277
[2022-07-23T15:56:33.943Z INFO  client] Sending sample transaction 278
[2022-07-23T15:56:33.989Z INFO  client] Sending sample transaction 279
[2022-07-23T15:56:34.039Z INFO  client] Sending sample transaction 280
[2022-07-23T15:56:34.089Z INFO  client] Sending sample transaction 281
[2022-07-23T15:56:34.138Z INFO  client] Sending sample transaction 282
[2022-07-23T15:56:34.198Z INFO  client] Sending sample transaction 283
[2022-07-23T15:56:34.238Z INFO  client] Sending sample transaction 284
[2022-07-23T15:56:34.288Z INFO  client] Sending sample transaction 285
[2022-07-23T15:56:34.338Z INFO  client] Sending sample transaction 286
[2022-07-23T15:56:34.388Z INFO  client] Sending sample transaction 287
[2022-07-23T15:56:34.438Z INFO  client] Sending sample transaction 288
[2022-07-23T15:56:34.489Z INFO  client] Sending sample transaction 289
[2022-07-23T15:56:34.538Z INFO  client] Sending sample transaction 290
[2022-07-23T15:56:34.588Z INFO  client] Sending sample transaction 291
[2022-07-23T15:56:34.639Z INFO  client] Sending sample transaction 292
[2022-07-23T15:56:34.689Z INFO  client] Sending sample transaction 293
[2022-07-23T15:56:34.739Z INFO  client] Sending sample transaction 294
[2022-07-23T15:56:34.789Z INFO  client] Sending sample transaction 295
[2022-07-23T15:56:34.843Z INFO  client] Sending sample transaction 296
[2022-07-23T15:56:34.888Z INFO  client] Sending sample transaction 297
[2022-07-23T15:56:34.938Z INFO  client] Sending sample transaction 298
[2022-07-23T15:56:34.990Z INFO  client] Sending sample transaction 299
[2022-07-23T15:56:35.038Z INFO  client] Sending sample transaction 300
[2022-07-23T15:56:35.089Z INFO  client] Sending sample transaction 301
[2022-07-23T15:56:35.139Z INFO  client] Sending sample transaction 302
[2022-07-23T15:56:35.189Z INFO  client] Sending sample transaction 303
[2022-07-23T15:56:35.246Z INFO  client] Sending sample transaction 304
[2022-07-23T15:56:35.288Z INFO  client] Sending sample transaction 305
[2022-07-23T15:56:35.340Z INFO  client] Sending sample transaction 306
[2022-07-23T15:56:35.389Z INFO  client] Sending sample transaction 307
[2022-07-23T15:56:35.439Z INFO  client] Sending sample transaction 308
[2022-07-23T15:56:35.500Z INFO  client] Sending sample transaction 309
[2022-07-23T15:56:35.558Z INFO  client] Sending sample transaction 310
[2022-07-23T15:56:35.588Z INFO  client] Sending sample transaction 311
[2022-07-23T15:56:35.638Z INFO  client] Sending sample transaction 312
[2022-07-23T15:56:35.689Z INFO  client] Sending sample transaction 313
[2022-07-23T15:56:35.739Z INFO  client] Sending sample transaction 314
[2022-07-23T15:56:35.789Z INFO  client] Sending sample transaction 315
[2022-07-23T15:56:35.838Z INFO  client] Sending sample transaction 316
[2022-07-23T15:56:35.889Z INFO  client] Sending sample transaction 317
[2022-07-23T15:56:35.939Z INFO  client] Sending sample transaction 318
[2022-07-23T15:56:35.991Z INFO  client] Sending sample transaction 319
[2022-07-23T15:56:36.038Z INFO  client] Sending sample transaction 320
[2022-07-23T15:56:36.089Z INFO  client] Sending sample transaction 321
[2022-07-23T15:56:36.138Z INFO  client] Sending sample transaction 322
[2022-07-23T15:56:36.189Z INFO  client] Sending sample transaction 323
[2022-07-23T15:56:36.238Z INFO  client] Sending sample transaction 324
[2022-07-23T15:56:36.289Z INFO  client] Sending sample transaction 325
[2022-07-23T15:56:36.339Z INFO  client] Sending sample transaction 326
[2022-07-23T15:56:36.388Z INFO  client] Sending sample transaction 327
[2022-07-23T15:56:36.439Z INFO  client] Sending sample transaction 328
[2022-07-23T15:56:36.488Z INFO  client] Sending sample transaction 329
[2022-07-23T15:56:36.538Z INFO  client] Sending sample transaction 330
[2022-07-23T15:56:36.589Z INFO  client] Sending sample transaction 331
[2022-07-23T15:56:36.638Z INFO  client] Sending sample transaction 332
[2022-07-23T15:56:36.689Z INFO  client] Sending sample transaction 333
[2022-07-23T15:56:36.741Z INFO  client] Sending sample transaction 334
[2022-07-23T15:56:36.788Z INFO  client] Sending sample transaction 335
[2022-07-23T15:56:36.838Z INFO  client] Sending sample transaction 336
[2022-07-23T15:56:36.939Z INFO  client] Sending sample transaction 337
[2022-07-23T15:56:36.949Z INFO  client] Sending sample transaction 338
[2022-07-23T15:56:36.989Z INFO  client] Sending sample transaction 339
[2022-07-23T15:56:37.038Z INFO  client] Sending sample transaction 340
[2022-07-23T15:56:37.090Z INFO  client] Sending sample transaction 341
[2022-07-23T15:56:37.139Z INFO  client] Sending sample transaction 342
[2022-07-23T15:56:37.219Z INFO  client] Sending sample transaction 343
[2022-07-23T15:56:37.254Z INFO  client] Sending sample transaction 344
[2022-07-23T15:56:37.288Z INFO  client] Sending sample transaction 345
[2022-07-23T15:56:37.343Z INFO  client] Sending sample transaction 346
[2022-07-23T15:56:37.388Z INFO  client] Sending sample transaction 347
[2022-07-23T15:56:37.439Z INFO  client] Sending sample transaction 348
[2022-07-23T15:56:37.488Z INFO  client] Sending sample transaction 349
[2022-07-23T15:56:37.538Z INFO  client] Sending sample transaction 350
[2022-07-23T15:56:37.589Z INFO  client] Sending sample transaction 351
[2022-07-23T15:56:37.646Z INFO  client] Sending sample transaction 352
[2022-07-23T15:56:37.688Z INFO  client] Sending sample transaction 353
[2022-07-23T15:56:37.739Z INFO  client] Sending sample transaction 354
[2022-07-23T15:56:37.788Z INFO  client] Sending sample transaction 355
[2022-07-23T15:56:37.839Z INFO  client] Sending sample transaction 356
[2022-07-23T15:56:37.888Z INFO  client] Sending sample transaction 357
[2022-07-23T15:56:37.939Z INFO  client] Sending sample transaction 358
[2022-07-23T15:56:37.989Z INFO  client] Sending sample transaction 359
[2022-07-23T15:56:38.054Z INFO  client] Sending sample transaction 360
[2022-07-23T15:56:38.088Z INFO  client] Sending sample transaction 361
[2022-07-23T15:56:38.138Z INFO  client] Sending sample transaction 362
[2022-07-23T15:56:38.188Z INFO  client] Sending sample transaction 363
[2022-07-23T15:56:38.239Z INFO  client] Sending sample transaction 364
[2022-07-23T15:56:38.289Z INFO  client] Sending sample transaction 365
[2022-07-23T15:56:38.339Z INFO  client] Sending sample transaction 366
[2022-07-23T15:56:38.388Z INFO  client] Sending sample transaction 367
[2022-07-23T15:56:38.439Z INFO  client] Sending sample transaction 368
[2022-07-23T15:56:38.489Z INFO  client] Sending sample transaction 369
[2022-07-23T15:56:38.538Z INFO  client] Sending sample transaction 370
[2022-07-23T15:56:38.589Z INFO  client] Sending sample transaction 371
[2022-07-23T15:56:38.638Z INFO  client] Sending sample transaction 372
[2022-07-23T15:56:38.689Z INFO  client] Sending sample transaction 373
[2022-07-23T15:56:38.748Z INFO  client] Sending sample transaction 374
[2022-07-23T15:56:38.788Z INFO  client] Sending sample transaction 375
[2022-07-23T15:56:38.839Z INFO  client] Sending sample transaction 376
[2022-07-23T15:56:38.897Z INFO  client] Sending sample transaction 377
[2022-07-23T15:56:38.938Z INFO  client] Sending sample transaction 378
[2022-07-23T15:56:38.989Z INFO  client] Sending sample transaction 379
[2022-07-23T15:56:39.038Z INFO  client] Sending sample transaction 380
[2022-07-23T15:56:39.092Z INFO  client] Sending sample transaction 381
[2022-07-23T15:56:39.138Z INFO  client] Sending sample transaction 382
[2022-07-23T15:56:39.189Z INFO  client] Sending sample transaction 383
[2022-07-23T15:56:39.264Z INFO  client] Sending sample transaction 384
[2022-07-23T15:56:39.297Z INFO  client] Sending sample transaction 385
[2022-07-23T15:56:39.339Z INFO  client] Sending sample transaction 386
[2022-07-23T15:56:39.388Z INFO  client] Sending sample transaction 387
[2022-07-23T15:56:39.439Z INFO  client] Sending sample transaction 388
[2022-07-23T15:56:39.489Z INFO  client] Sending sample transaction 389
[2022-07-23T15:56:39.538Z INFO  client] Sending sample transaction 390
[2022-07-23T15:56:39.589Z INFO  client] Sending sample transaction 391
[2022-07-23T15:56:39.639Z INFO  client] Sending sample transaction 392
[2022-07-23T15:56:39.690Z INFO  client] Sending sample transaction 393
[2022-07-23T15:56:39.739Z INFO  client] Sending sample transaction 394
[2022-07-23T15:56:39.788Z INFO  client] Sending sample transaction 395
[2022-07-23T15:56:39.839Z INFO  client] Sending sample transaction 396
[2022-07-23T15:56:39.888Z INFO  client] Sending sample transaction 397
[2022-07-23T15:56:39.939Z INFO  client] Sending sample transaction 398
[2022-07-23T15:56:39.989Z INFO  client] Sending sample transaction 399
[2022-07-23T15:56:40.039Z INFO  client] Sending sample transaction 400
[2022-07-23T15:56:40.089Z INFO  client] Sending sample transaction 401
[2022-07-23T15:56:40.138Z INFO  client] Sending sample transaction 402
[2022-07-23T15:56:40.188Z INFO  client] Sending sample transaction 403
[2022-07-23T15:56:40.240Z INFO  client] Sending sample transaction 404
[2022-07-23T15:56:40.288Z INFO  client] Sending sample transaction 405
[2022-07-23T15:56:40.340Z INFO  client] Sending sample transaction 406
[2022-07-23T15:56:40.389Z INFO  client] Sending sample transaction 407
[2022-07-23T15:56:40.438Z INFO  client] Sending sample transaction 408
[2022-07-23T15:56:40.488Z INFO  client] Sending sample transaction 409
[2022-07-23T15:56:40.539Z INFO  client] Sending sample transaction 410
[2022-07-23T15:56:40.588Z INFO  client] Sending sample transaction 411
[2022-07-23T15:56:40.638Z INFO  client] Sending sample transaction 412
[2022-07-23T15:56:40.688Z INFO  client] Sending sample transaction 413
[2022-07-23T15:56:40.739Z INFO  client] Sending sample transaction 414
[2022-07-23T15:56:40.788Z INFO  client] Sending sample transaction 415
[2022-07-23T15:56:40.839Z INFO  client] Sending sample transaction 416
[2022-07-23T15:56:40.889Z INFO  client] Sending sample transaction 417
[2022-07-23T15:56:40.938Z INFO  client] Sending sample transaction 418
[2022-07-23T15:56:40.990Z INFO  client] Sending sample transaction 419
[2022-07-23T15:56:41.039Z INFO  client] Sending sample transaction 420
[2022-07-23T15:56:41.091Z INFO  client] Sending sample transaction 421
[2022-07-23T15:56:41.147Z INFO  client] Sending sample transaction 422
[2022-07-23T15:56:41.202Z INFO  client] Sending sample transaction 423
[2022-07-23T15:56:41.239Z INFO  client] Sending sample transaction 424
[2022-07-23T15:56:41.290Z INFO  client] Sending sample transaction 425
[2022-07-23T15:56:41.394Z INFO  client] Sending sample transaction 426
[2022-07-23T15:56:41.394Z INFO  client] Sending sample transaction 427
[2022-07-23T15:56:41.440Z INFO  client] Sending sample transaction 428
[2022-07-23T15:56:41.489Z INFO  client] Sending sample transaction 429
[2022-07-23T15:56:41.539Z INFO  client] Sending sample transaction 430
[2022-07-23T15:56:41.588Z INFO  client] Sending sample transaction 431
[2022-07-23T15:56:41.639Z INFO  client] Sending sample transaction 432
[2022-07-23T15:56:41.689Z INFO  client] Sending sample transaction 433
