[2022-07-24T09:16:27.739Z INFO  client] Node address: 127.0.0.1:9013
[2022-07-24T09:16:27.739Z INFO  client] Transactions size: 512 B
[2022-07-24T09:16:27.739Z INFO  client] Transactions rate: 112 tx/s
[2022-07-24T09:16:27.739Z INFO  client] Waiting for all nodes to be online...
[2022-07-24T09:16:27.739Z INFO  client] Waiting for all nodes to be synchronized...
[2022-07-24T09:16:29.747Z INFO  client] Start sending transactions
[2022-07-24T09:16:29.748Z INFO  client] Sending sample transaction 0
[2022-07-24T09:16:29.798Z INFO  client] Sending sample transaction 1
[2022-07-24T09:16:29.849Z INFO  client] Sending sample transaction 2
[2022-07-24T09:16:29.951Z INFO  client] Sending sample transaction 3
[2022-07-24T09:16:29.966Z INFO  client] Sending sample transaction 4
[2022-07-24T09:16:30.015Z INFO  client] Sending sample transaction 5
[2022-07-24T09:16:30.049Z INFO  client] Sending sample transaction 6
[2022-07-24T09:16:30.098Z INFO  client] Sending sample transaction 7
[2022-07-24T09:16:30.148Z INFO  client] Sending sample transaction 8
[2022-07-24T09:16:30.214Z INFO  client] Sending sample transaction 9
[2022-07-24T09:16:30.249Z INFO  client] Sending sample transaction 10
[2022-07-24T09:16:30.299Z INFO  client] Sending sample transaction 11
[2022-07-24T09:16:30.350Z INFO  client] Sending sample transaction 12
[2022-07-24T09:16:30.400Z INFO  client] Sending sample transaction 13
[2022-07-24T09:16:30.450Z INFO  client] Sending sample transaction 14
[2022-07-24T09:16:30.498Z INFO  client] Sending sample transaction 15
[2022-07-24T09:16:30.549Z INFO  client] Sending sample transaction 16
[2022-07-24T09:16:30.599Z INFO  client] Sending sample transaction 17
[2022-07-24T09:16:30.649Z INFO  client] Sending sample transaction 18
[2022-07-24T09:16:30.700Z INFO  client] Sending sample transaction 19
[2022-07-24T09:16:30.748Z INFO  client] Sending sample transaction 20
[2022-07-24T09:16:30.799Z INFO  client] Sending sample transaction 21
[2022-07-24T09:16:30.848Z INFO  client] Sending sample transaction 22
[2022-07-24T09:16:30.899Z INFO  client] Sending sample transaction 23
[2022-07-24T09:16:30.949Z INFO  client] Sending sample transaction 24
[2022-07-24T09:16:31.002Z INFO  client] Sending sample transaction 25
[2022-07-24T09:16:31.049Z INFO  client] Sending sample transaction 26
[2022-07-24T09:16:31.100Z INFO  client] Sending sample transaction 27
[2022-07-24T09:16:31.275Z INFO  client] Sending sample transaction 28
[2022-07-24T09:16:31.276Z WARN  client] Transaction rate too high for this client
[2022-07-24T09:16:31.276Z INFO  client] Sending sample transaction 29
[2022-07-24T09:16:31.314Z INFO  client] Sending sample transaction 30
[2022-07-24T09:16:31.356Z INFO  client] Sending sample transaction 31
[2022-07-24T09:16:31.414Z INFO  client] Sending sample transaction 32
[2022-07-24T09:16:31.479Z INFO  client] Sending sample transaction 33
[2022-07-24T09:16:31.480Z INFO  client] Sending sample transaction 34
[2022-07-24T09:16:31.533Z INFO  client] Sending sample transaction 35
[2022-07-24T09:16:31.575Z INFO  client] Sending sample transaction 36
[2022-07-24T09:16:31.602Z INFO  client] Sending sample transaction 37
[2022-07-24T09:16:31.653Z INFO  client] Sending sample transaction 38
[2022-07-24T09:16:31.709Z INFO  client] Sending sample transaction 39
[2022-07-24T09:16:31.748Z INFO  client] Sending sample transaction 40
[2022-07-24T09:16:31.816Z INFO  client] Sending sample transaction 41
[2022-07-24T09:16:31.858Z INFO  client] Sending sample transaction 42
[2022-07-24T09:16:31.899Z INFO  client] Sending sample transaction 43
[2022-07-24T09:16:31.996Z INFO  client] Sending sample transaction 44
[2022-07-24T09:16:32.014Z INFO  client] Sending sample transaction 45
[2022-07-24T09:16:32.076Z INFO  client] Sending sample transaction 46
[2022-07-24T09:16:32.112Z INFO  client] Sending sample transaction 47
[2022-07-24T09:16:32.150Z INFO  client] Sending sample transaction 48
[2022-07-24T09:16:32.201Z INFO  client] Sending sample transaction 49
[2022-07-24T09:16:32.257Z INFO  client] Sending sample transaction 50
[2022-07-24T09:16:32.301Z INFO  client] Sending sample transaction 51
[2022-07-24T09:16:32.352Z INFO  client] Sending sample transaction 52
[2022-07-24T09:16:32.398Z INFO  client] Sending sample transaction 53
[2022-07-24T09:16:32.450Z INFO  client] Sending sample transaction 54
[2022-07-24T09:16:32.509Z INFO  client] Sending sample transaction 55
[2022-07-24T09:16:32.562Z INFO  client] Sending sample transaction 56
[2022-07-24T09:16:32.637Z INFO  client] Sending sample transaction 57
[2022-07-24T09:16:32.670Z INFO  client] Sending sample transaction 58
[2022-07-24T09:16:32.698Z INFO  client] Sending sample transaction 59
[2022-07-24T09:16:32.748Z INFO  client] Sending sample transaction 60
[2022-07-24T09:16:32.806Z INFO  client] Sending sample transaction 61
[2022-07-24T09:16:32.848Z INFO  client] Sending sample transaction 62
[2022-07-24T09:16:32.898Z INFO  client] Sending sample transaction 63
[2022-07-24T09:16:32.949Z INFO  client] Sending sample transaction 64
[2022-07-24T09:16:33.043Z INFO  client] Sending sample transaction 65
[2022-07-24T09:16:33.048Z INFO  client] Sending sample transaction 66
[2022-07-24T09:16:33.099Z INFO  client] Sending sample transaction 67
[2022-07-24T09:16:33.149Z INFO  client] Sending sample transaction 68
[2022-07-24T09:16:33.198Z INFO  client] Sending sample transaction 69
[2022-07-24T09:16:33.249Z INFO  client] Sending sample transaction 70
[2022-07-24T09:16:33.298Z INFO  client] Sending sample transaction 71
[2022-07-24T09:16:33.348Z INFO  client] Sending sample transaction 72
[2022-07-24T09:16:33.398Z INFO  client] Sending sample transaction 73
[2022-07-24T09:16:33.448Z INFO  client] Sending sample transaction 74
[2022-07-24T09:16:33.498Z INFO  client] Sending sample transaction 75
[2022-07-24T09:16:33.548Z INFO  client] Sending sample transaction 76
[2022-07-24T09:16:33.598Z INFO  client] Sending sample transaction 77
[2022-07-24T09:16:33.649Z INFO  client] Sending sample transaction 78
[2022-07-24T09:16:33.730Z INFO  client] Sending sample transaction 79
[2022-07-24T09:16:33.767Z INFO  client] Sending sample transaction 80
[2022-07-24T09:16:33.803Z INFO  client] Sending sample transaction 81
[2022-07-24T09:16:33.848Z INFO  client] Sending sample transaction 82
[2022-07-24T09:16:33.898Z INFO  client] Sending sample transaction 83
[2022-07-24T09:16:33.949Z INFO  client] Sending sample transaction 84
[2022-07-24T09:16:34.037Z INFO  client] Sending sample transaction 85
[2022-07-24T09:16:34.056Z INFO  client] Sending sample transaction 86
[2022-07-24T09:16:34.112Z INFO  client] Sending sample transaction 87
[2022-07-24T09:16:34.166Z INFO  client] Sending sample transaction 88
[2022-07-24T09:16:34.199Z INFO  client] Sending sample transaction 89
[2022-07-24T09:16:34.248Z INFO  client] Sending sample transaction 90
[2022-07-24T09:16:34.299Z INFO  client] Sending sample transaction 91
[2022-07-24T09:16:34.361Z INFO  client] Sending sample transaction 92
[2022-07-24T09:16:34.399Z INFO  client] Sending sample transaction 93
[2022-07-24T09:16:34.448Z INFO  client] Sending sample transaction 94
[2022-07-24T09:16:34.498Z INFO  client] Sending sample transaction 95
[2022-07-24T09:16:34.574Z INFO  client] Sending sample transaction 96
[2022-07-24T09:16:34.600Z INFO  client] Sending sample transaction 97
[2022-07-24T09:16:34.648Z INFO  client] Sending sample transaction 98
[2022-07-24T09:16:34.699Z INFO  client] Sending sample transaction 99
[2022-07-24T09:16:34.749Z INFO  client] Sending sample transaction 100
[2022-07-24T09:16:34.798Z INFO  client] Sending sample transaction 101
[2022-07-24T09:16:34.892Z INFO  client] Sending sample transaction 102
[2022-07-24T09:16:34.932Z INFO  client] Sending sample transaction 103
[2022-07-24T09:16:34.958Z INFO  client] Sending sample transaction 104
[2022-07-24T09:16:34.998Z INFO  client] Sending sample transaction 105
[2022-07-24T09:16:35.048Z INFO  client] Sending sample transaction 106
[2022-07-24T09:16:35.098Z INFO  client] Sending sample transaction 107
[2022-07-24T09:16:35.149Z INFO  client] Sending sample transaction 108
[2022-07-24T09:16:35.211Z INFO  client] Sending sample transaction 109
[2022-07-24T09:16:35.249Z INFO  client] Sending sample transaction 110
[2022-07-24T09:16:35.299Z INFO  client] Sending sample transaction 111
[2022-07-24T09:16:35.348Z INFO  client] Sending sample transaction 112
[2022-07-24T09:16:35.399Z INFO  client] Sending sample transaction 113
[2022-07-24T09:16:35.448Z INFO  client] Sending sample transaction 114
[2022-07-24T09:16:35.498Z INFO  client] Sending sample transaction 115
[2022-07-24T09:16:35.549Z INFO  client] Sending sample transaction 116
[2022-07-24T09:16:35.598Z INFO  client] Sending sample transaction 117
[2022-07-24T09:16:35.648Z INFO  client] Sending sample transaction 118
[2022-07-24T09:16:35.699Z INFO  client] Sending sample transaction 119
[2022-07-24T09:16:35.749Z INFO  client] Sending sample transaction 120
[2022-07-24T09:16:35.798Z INFO  client] Sending sample transaction 121
[2022-07-24T09:16:35.849Z INFO  client] Sending sample transaction 122
[2022-07-24T09:16:35.908Z INFO  client] Sending sample transaction 123
[2022-07-24T09:16:35.974Z INFO  client] Sending sample transaction 124
[2022-07-24T09:16:36.010Z INFO  client] Sending sample transaction 125
[2022-07-24T09:16:36.057Z INFO  client] Sending sample transaction 126
[2022-07-24T09:16:36.123Z INFO  client] Sending sample transaction 127
[2022-07-24T09:16:36.152Z INFO  client] Sending sample transaction 128
[2022-07-24T09:16:36.200Z INFO  client] Sending sample transaction 129
[2022-07-24T09:16:36.249Z INFO  client] Sending sample transaction 130
[2022-07-24T09:16:36.301Z INFO  client] Sending sample transaction 131
[2022-07-24T09:16:36.355Z INFO  client] Sending sample transaction 132
[2022-07-24T09:16:36.403Z INFO  client] Sending sample transaction 133
[2022-07-24T09:16:36.449Z INFO  client] Sending sample transaction 134
[2022-07-24T09:16:36.503Z INFO  client] Sending sample transaction 135
[2022-07-24T09:16:36.549Z INFO  client] Sending sample transaction 136
[2022-07-24T09:16:36.606Z INFO  client] Sending sample transaction 137
[2022-07-24T09:16:36.649Z INFO  client] Sending sample transaction 138
[2022-07-24T09:16:36.700Z INFO  client] Sending sample transaction 139
[2022-07-24T09:16:36.747Z INFO  client] Sending sample transaction 140
[2022-07-24T09:16:36.798Z INFO  client] Sending sample transaction 141
[2022-07-24T09:16:36.856Z INFO  client] Sending sample transaction 142
[2022-07-24T09:16:36.898Z INFO  client] Sending sample transaction 143
[2022-07-24T09:16:36.949Z INFO  client] Sending sample transaction 144
[2022-07-24T09:16:36.998Z INFO  client] Sending sample transaction 145
[2022-07-24T09:16:37.065Z INFO  client] Sending sample transaction 146
[2022-07-24T09:16:37.100Z INFO  client] Sending sample transaction 147
[2022-07-24T09:16:37.148Z INFO  client] Sending sample transaction 148
[2022-07-24T09:16:37.199Z INFO  client] Sending sample transaction 149
[2022-07-24T09:16:37.248Z INFO  client] Sending sample transaction 150
[2022-07-24T09:16:37.311Z INFO  client] Sending sample transaction 151
[2022-07-24T09:16:37.348Z INFO  client] Sending sample transaction 152
[2022-07-24T09:16:37.398Z INFO  client] Sending sample transaction 153
[2022-07-24T09:16:37.449Z INFO  client] Sending sample transaction 154
[2022-07-24T09:16:37.498Z INFO  client] Sending sample transaction 155
[2022-07-24T09:16:37.548Z INFO  client] Sending sample transaction 156
[2022-07-24T09:16:37.598Z INFO  client] Sending sample transaction 157
[2022-07-24T09:16:37.648Z INFO  client] Sending sample transaction 158
[2022-07-24T09:16:37.709Z INFO  client] Sending sample transaction 159
[2022-07-24T09:16:37.748Z INFO  client] Sending sample transaction 160
[2022-07-24T09:16:37.800Z INFO  client] Sending sample transaction 161
[2022-07-24T09:16:37.852Z INFO  client] Sending sample transaction 162
[2022-07-24T09:16:37.900Z INFO  client] Sending sample transaction 163
[2022-07-24T09:16:37.948Z INFO  client] Sending sample transaction 164
[2022-07-24T09:16:37.998Z INFO  client] Sending sample transaction 165
[2022-07-24T09:16:38.048Z INFO  client] Sending sample transaction 166
[2022-07-24T09:16:38.098Z INFO  client] Sending sample transaction 167
[2022-07-24T09:16:38.154Z INFO  client] Sending sample transaction 168
[2022-07-24T09:16:38.245Z INFO  client] Sending sample transaction 169
[2022-07-24T09:16:38.252Z INFO  client] Sending sample transaction 170
[2022-07-24T09:16:38.298Z INFO  client] Sending sample transaction 171
[2022-07-24T09:16:38.348Z INFO  client] Sending sample transaction 172
[2022-07-24T09:16:38.397Z INFO  client] Sending sample transaction 173
[2022-07-24T09:16:38.449Z INFO  client] Sending sample transaction 174
[2022-07-24T09:16:38.498Z INFO  client] Sending sample transaction 175
[2022-07-24T09:16:38.548Z INFO  client] Sending sample transaction 176
[2022-07-24T09:16:38.598Z INFO  client] Sending sample transaction 177
[2022-07-24T09:16:38.648Z INFO  client] Sending sample transaction 178
[2022-07-24T09:16:38.698Z INFO  client] Sending sample transaction 179
[2022-07-24T09:16:38.747Z INFO  client] Sending sample transaction 180
[2022-07-24T09:16:38.798Z INFO  client] Sending sample transaction 181
[2022-07-24T09:16:38.848Z INFO  client] Sending sample transaction 182
[2022-07-24T09:16:38.898Z INFO  client] Sending sample transaction 183
[2022-07-24T09:16:38.949Z INFO  client] Sending sample transaction 184
[2022-07-24T09:16:38.998Z INFO  client] Sending sample transaction 185
[2022-07-24T09:16:39.049Z INFO  client] Sending sample transaction 186
[2022-07-24T09:16:39.098Z INFO  client] Sending sample transaction 187
[2022-07-24T09:16:39.148Z INFO  client] Sending sample transaction 188
[2022-07-24T09:16:39.203Z INFO  client] Sending sample transaction 189
[2022-07-24T09:16:39.249Z INFO  client] Sending sample transaction 190
[2022-07-24T09:16:39.298Z INFO  client] Sending sample transaction 191
[2022-07-24T09:16:39.349Z INFO  client] Sending sample transaction 192
[2022-07-24T09:16:39.400Z INFO  client] Sending sample transaction 193
[2022-07-24T09:16:39.448Z INFO  client] Sending sample transaction 194
[2022-07-24T09:16:39.498Z INFO  client] Sending sample transaction 195
[2022-07-24T09:16:39.548Z INFO  client] Sending sample transaction 196
[2022-07-24T09:16:39.598Z INFO  client] Sending sample transaction 197
[2022-07-24T09:16:39.674Z INFO  client] Sending sample transaction 198
[2022-07-24T09:16:39.699Z INFO  client] Sending sample transaction 199
[2022-07-24T09:16:39.748Z INFO  client] Sending sample transaction 200
[2022-07-24T09:16:39.800Z INFO  client] Sending sample transaction 201
[2022-07-24T09:16:39.849Z INFO  client] Sending sample transaction 202
[2022-07-24T09:16:39.898Z INFO  client] Sending sample transaction 203
[2022-07-24T09:16:39.950Z INFO  client] Sending sample transaction 204
[2022-07-24T09:16:40.016Z INFO  client] Sending sample transaction 205
[2022-07-24T09:16:40.062Z INFO  client] Sending sample transaction 206
[2022-07-24T09:16:40.098Z INFO  client] Sending sample transaction 207
[2022-07-24T09:16:40.167Z INFO  client] Sending sample transaction 208
[2022-07-24T09:16:40.198Z INFO  client] Sending sample transaction 209
[2022-07-24T09:16:40.250Z INFO  client] Sending sample transaction 210
[2022-07-24T09:16:40.298Z INFO  client] Sending sample transaction 211
[2022-07-24T09:16:40.366Z INFO  client] Sending sample transaction 212
[2022-07-24T09:16:40.407Z INFO  client] Sending sample transaction 213
[2022-07-24T09:16:40.449Z INFO  client] Sending sample transaction 214
[2022-07-24T09:16:40.500Z INFO  client] Sending sample transaction 215
[2022-07-24T09:16:40.548Z INFO  client] Sending sample transaction 216
[2022-07-24T09:16:40.599Z INFO  client] Sending sample transaction 217
[2022-07-24T09:16:40.649Z INFO  client] Sending sample transaction 218
[2022-07-24T09:16:40.699Z INFO  client] Sending sample transaction 219
[2022-07-24T09:16:40.748Z INFO  client] Sending sample transaction 220
[2022-07-24T09:16:40.799Z INFO  client] Sending sample transaction 221
[2022-07-24T09:16:40.848Z INFO  client] Sending sample transaction 222
[2022-07-24T09:16:40.899Z INFO  client] Sending sample transaction 223
[2022-07-24T09:16:40.950Z INFO  client] Sending sample transaction 224
[2022-07-24T09:16:40.998Z INFO  client] Sending sample transaction 225
[2022-07-24T09:16:41.048Z INFO  client] Sending sample transaction 226
[2022-07-24T09:16:41.098Z INFO  client] Sending sample transaction 227
[2022-07-24T09:16:41.148Z INFO  client] Sending sample transaction 228
[2022-07-24T09:16:41.199Z INFO  client] Sending sample transaction 229
[2022-07-24T09:16:41.249Z INFO  client] Sending sample transaction 230
[2022-07-24T09:16:41.298Z INFO  client] Sending sample transaction 231
[2022-07-24T09:16:41.348Z INFO  client] Sending sample transaction 232
[2022-07-24T09:16:41.398Z INFO  client] Sending sample transaction 233
[2022-07-24T09:16:41.449Z INFO  client] Sending sample transaction 234
[2022-07-24T09:16:41.498Z INFO  client] Sending sample transaction 235
[2022-07-24T09:16:41.548Z INFO  client] Sending sample transaction 236
[2022-07-24T09:16:41.599Z INFO  client] Sending sample transaction 237
[2022-07-24T09:16:41.649Z INFO  client] Sending sample transaction 238
[2022-07-24T09:16:41.698Z INFO  client] Sending sample transaction 239
[2022-07-24T09:16:41.748Z INFO  client] Sending sample transaction 240
[2022-07-24T09:16:41.798Z INFO  client] Sending sample transaction 241
[2022-07-24T09:16:41.848Z INFO  client] Sending sample transaction 242
[2022-07-24T09:16:41.898Z INFO  client] Sending sample transaction 243
[2022-07-24T09:16:41.948Z INFO  client] Sending sample transaction 244
[2022-07-24T09:16:41.998Z INFO  client] Sending sample transaction 245
[2022-07-24T09:16:42.048Z INFO  client] Sending sample transaction 246
[2022-07-24T09:16:42.098Z INFO  client] Sending sample transaction 247
[2022-07-24T09:16:42.149Z INFO  client] Sending sample transaction 248
[2022-07-24T09:16:42.198Z INFO  client] Sending sample transaction 249
[2022-07-24T09:16:42.249Z INFO  client] Sending sample transaction 250
[2022-07-24T09:16:42.298Z INFO  client] Sending sample transaction 251
[2022-07-24T09:16:42.348Z INFO  client] Sending sample transaction 252
[2022-07-24T09:16:42.399Z INFO  client] Sending sample transaction 253
[2022-07-24T09:16:42.448Z INFO  client] Sending sample transaction 254
[2022-07-24T09:16:42.499Z INFO  client] Sending sample transaction 255
[2022-07-24T09:16:42.548Z INFO  client] Sending sample transaction 256
[2022-07-24T09:16:42.601Z INFO  client] Sending sample transaction 257
[2022-07-24T09:16:42.648Z INFO  client] Sending sample transaction 258
[2022-07-24T09:16:42.698Z INFO  client] Sending sample transaction 259
[2022-07-24T09:16:42.752Z INFO  client] Sending sample transaction 260
[2022-07-24T09:16:42.798Z INFO  client] Sending sample transaction 261
[2022-07-24T09:16:42.848Z INFO  client] Sending sample transaction 262
[2022-07-24T09:16:42.898Z INFO  client] Sending sample transaction 263
[2022-07-24T09:16:42.949Z INFO  client] Sending sample transaction 264
[2022-07-24T09:16:42.998Z INFO  client] Sending sample transaction 265
[2022-07-24T09:16:43.048Z INFO  client] Sending sample transaction 266
[2022-07-24T09:16:43.098Z INFO  client] Sending sample transaction 267
[2022-07-24T09:16:43.148Z INFO  client] Sending sample transaction 268
[2022-07-24T09:16:43.198Z INFO  client] Sending sample transaction 269
[2022-07-24T09:16:43.248Z INFO  client] Sending sample transaction 270
[2022-07-24T09:16:43.298Z INFO  client] Sending sample transaction 271
[2022-07-24T09:16:43.352Z INFO  client] Sending sample transaction 272
[2022-07-24T09:16:43.399Z INFO  client] Sending sample transaction 273
[2022-07-24T09:16:43.449Z INFO  client] Sending sample transaction 274
[2022-07-24T09:16:43.498Z INFO  client] Sending sample transaction 275
[2022-07-24T09:16:43.547Z INFO  client] Sending sample transaction 276
[2022-07-24T09:16:43.598Z INFO  client] Sending sample transaction 277
[2022-07-24T09:16:43.648Z INFO  client] Sending sample transaction 278
[2022-07-24T09:16:43.699Z INFO  client] Sending sample transaction 279
[2022-07-24T09:16:43.748Z INFO  client] Sending sample transaction 280
[2022-07-24T09:16:43.798Z INFO  client] Sending sample transaction 281
[2022-07-24T09:16:43.873Z INFO  client] Sending sample transaction 282
[2022-07-24T09:16:43.905Z INFO  client] Sending sample transaction 283
[2022-07-24T09:16:43.948Z INFO  client] Sending sample transaction 284
[2022-07-24T09:16:43.998Z INFO  client] Sending sample transaction 285
[2022-07-24T09:16:44.049Z INFO  client] Sending sample transaction 286
[2022-07-24T09:16:44.099Z INFO  client] Sending sample transaction 287
[2022-07-24T09:16:44.148Z INFO  client] Sending sample transaction 288
[2022-07-24T09:16:44.198Z INFO  client] Sending sample transaction 289
[2022-07-24T09:16:44.249Z INFO  client] Sending sample transaction 290
[2022-07-24T09:16:44.298Z INFO  client] Sending sample transaction 291
[2022-07-24T09:16:44.348Z INFO  client] Sending sample transaction 292
[2022-07-24T09:16:44.399Z INFO  client] Sending sample transaction 293
[2022-07-24T09:16:44.448Z INFO  client] Sending sample transaction 294
[2022-07-24T09:16:44.498Z INFO  client] Sending sample transaction 295
[2022-07-24T09:16:44.553Z INFO  client] Sending sample transaction 296
[2022-07-24T09:16:44.609Z INFO  client] Sending sample transaction 297
[2022-07-24T09:16:44.648Z INFO  client] Sending sample transaction 298
[2022-07-24T09:16:44.699Z INFO  client] Sending sample transaction 299
[2022-07-24T09:16:44.748Z INFO  client] Sending sample transaction 300
[2022-07-24T09:16:44.802Z INFO  client] Sending sample transaction 301
[2022-07-24T09:16:44.848Z INFO  client] Sending sample transaction 302
[2022-07-24T09:16:44.898Z INFO  client] Sending sample transaction 303
[2022-07-24T09:16:44.949Z INFO  client] Sending sample transaction 304
[2022-07-24T09:16:44.998Z INFO  client] Sending sample transaction 305
[2022-07-24T09:16:45.048Z INFO  client] Sending sample transaction 306
[2022-07-24T09:16:45.099Z INFO  client] Sending sample transaction 307
[2022-07-24T09:16:45.149Z INFO  client] Sending sample transaction 308
[2022-07-24T09:16:45.198Z INFO  client] Sending sample transaction 309
[2022-07-24T09:16:45.248Z INFO  client] Sending sample transaction 310
[2022-07-24T09:16:45.298Z INFO  client] Sending sample transaction 311
[2022-07-24T09:16:45.348Z INFO  client] Sending sample transaction 312
[2022-07-24T09:16:45.399Z INFO  client] Sending sample transaction 313
[2022-07-24T09:16:45.464Z INFO  client] Sending sample transaction 314
[2022-07-24T09:16:45.498Z INFO  client] Sending sample transaction 315
[2022-07-24T09:16:45.548Z INFO  client] Sending sample transaction 316
[2022-07-24T09:16:45.598Z INFO  client] Sending sample transaction 317
[2022-07-24T09:16:45.653Z INFO  client] Sending sample transaction 318
[2022-07-24T09:16:45.760Z INFO  client] Sending sample transaction 319
[2022-07-24T09:16:45.760Z INFO  client] Sending sample transaction 320
[2022-07-24T09:16:45.799Z INFO  client] Sending sample transaction 321
[2022-07-24T09:16:45.848Z INFO  client] Sending sample transaction 322
[2022-07-24T09:16:45.899Z INFO  client] Sending sample transaction 323
[2022-07-24T09:16:45.949Z INFO  client] Sending sample transaction 324
[2022-07-24T09:16:45.998Z INFO  client] Sending sample transaction 325
[2022-07-24T09:16:46.049Z INFO  client] Sending sample transaction 326
[2022-07-24T09:16:46.098Z INFO  client] Sending sample transaction 327
[2022-07-24T09:16:46.148Z INFO  client] Sending sample transaction 328
[2022-07-24T09:16:46.199Z INFO  client] Sending sample transaction 329
[2022-07-24T09:16:46.248Z INFO  client] Sending sample transaction 330
[2022-07-24T09:16:46.299Z INFO  client] Sending sample transaction 331
[2022-07-24T09:16:46.348Z INFO  client] Sending sample transaction 332
[2022-07-24T09:16:46.398Z INFO  client] Sending sample transaction 333
[2022-07-24T09:16:46.448Z INFO  client] Sending sample transaction 334
[2022-07-24T09:16:46.498Z INFO  client] Sending sample transaction 335
[2022-07-24T09:16:46.548Z INFO  client] Sending sample transaction 336
[2022-07-24T09:16:46.598Z INFO  client] Sending sample transaction 337
[2022-07-24T09:16:46.648Z INFO  client] Sending sample transaction 338
[2022-07-24T09:16:46.699Z INFO  client] Sending sample transaction 339
[2022-07-24T09:16:46.747Z INFO  client] Sending sample transaction 340
[2022-07-24T09:16:46.798Z INFO  client] Sending sample transaction 341
[2022-07-24T09:16:46.850Z INFO  client] Sending sample transaction 342
[2022-07-24T09:16:46.899Z INFO  client] Sending sample transaction 343
[2022-07-24T09:16:46.949Z INFO  client] Sending sample transaction 344
[2022-07-24T09:16:46.998Z INFO  client] Sending sample transaction 345
[2022-07-24T09:16:47.050Z INFO  client] Sending sample transaction 346
[2022-07-24T09:16:47.101Z INFO  client] Sending sample transaction 347
[2022-07-24T09:16:47.148Z INFO  client] Sending sample transaction 348
[2022-07-24T09:16:47.206Z INFO  client] Sending sample transaction 349
[2022-07-24T09:16:47.248Z INFO  client] Sending sample transaction 350
[2022-07-24T09:16:47.299Z INFO  client] Sending sample transaction 351
[2022-07-24T09:16:47.347Z INFO  client] Sending sample transaction 352
[2022-07-24T09:16:47.400Z INFO  client] Sending sample transaction 353
[2022-07-24T09:16:47.448Z INFO  client] Sending sample transaction 354
[2022-07-24T09:16:47.498Z INFO  client] Sending sample transaction 355
[2022-07-24T09:16:47.548Z INFO  client] Sending sample transaction 356
[2022-07-24T09:16:47.598Z INFO  client] Sending sample transaction 357
[2022-07-24T09:16:47.648Z INFO  client] Sending sample transaction 358
[2022-07-24T09:16:47.717Z INFO  client] Sending sample transaction 359
[2022-07-24T09:16:47.754Z INFO  client] Sending sample transaction 360
[2022-07-24T09:16:47.799Z INFO  client] Sending sample transaction 361
[2022-07-24T09:16:47.849Z INFO  client] Sending sample transaction 362
[2022-07-24T09:16:47.899Z INFO  client] Sending sample transaction 363
[2022-07-24T09:16:47.954Z INFO  client] Sending sample transaction 364
[2022-07-24T09:16:47.998Z INFO  client] Sending sample transaction 365
[2022-07-24T09:16:48.049Z INFO  client] Sending sample transaction 366
[2022-07-24T09:16:48.098Z INFO  client] Sending sample transaction 367
[2022-07-24T09:16:48.149Z INFO  client] Sending sample transaction 368
[2022-07-24T09:16:48.199Z INFO  client] Sending sample transaction 369
[2022-07-24T09:16:48.248Z INFO  client] Sending sample transaction 370
[2022-07-24T09:16:48.298Z INFO  client] Sending sample transaction 371
[2022-07-24T09:16:48.349Z INFO  client] Sending sample transaction 372
[2022-07-24T09:16:48.399Z INFO  client] Sending sample transaction 373
[2022-07-24T09:16:48.448Z INFO  client] Sending sample transaction 374
[2022-07-24T09:16:48.520Z INFO  client] Sending sample transaction 375
[2022-07-24T09:16:48.548Z INFO  client] Sending sample transaction 376
[2022-07-24T09:16:48.604Z INFO  client] Sending sample transaction 377
[2022-07-24T09:16:48.655Z INFO  client] Sending sample transaction 378
[2022-07-24T09:16:48.699Z INFO  client] Sending sample transaction 379
[2022-07-24T09:16:48.772Z INFO  client] Sending sample transaction 380
[2022-07-24T09:16:48.798Z INFO  client] Sending sample transaction 381
[2022-07-24T09:16:48.848Z INFO  client] Sending sample transaction 382
[2022-07-24T09:16:48.899Z INFO  client] Sending sample transaction 383
[2022-07-24T09:16:48.948Z INFO  client] Sending sample transaction 384
[2022-07-24T09:16:49.024Z INFO  client] Sending sample transaction 385
[2022-07-24T09:16:49.049Z INFO  client] Sending sample transaction 386
[2022-07-24T09:16:49.098Z INFO  client] Sending sample transaction 387
[2022-07-24T09:16:49.148Z INFO  client] Sending sample transaction 388
[2022-07-24T09:16:49.207Z INFO  client] Sending sample transaction 389
[2022-07-24T09:16:49.248Z INFO  client] Sending sample transaction 390
[2022-07-24T09:16:49.298Z INFO  client] Sending sample transaction 391
[2022-07-24T09:16:49.380Z INFO  client] Sending sample transaction 392
[2022-07-24T09:16:49.401Z INFO  client] Sending sample transaction 393
[2022-07-24T09:16:49.449Z INFO  client] Sending sample transaction 394
[2022-07-24T09:16:49.498Z INFO  client] Sending sample transaction 395
[2022-07-24T09:16:49.549Z INFO  client] Sending sample transaction 396
[2022-07-24T09:16:49.599Z INFO  client] Sending sample transaction 397
[2022-07-24T09:16:49.648Z INFO  client] Sending sample transaction 398
[2022-07-24T09:16:49.712Z INFO  client] Sending sample transaction 399
[2022-07-24T09:16:49.748Z INFO  client] Sending sample transaction 400
[2022-07-24T09:16:49.805Z INFO  client] Sending sample transaction 401
[2022-07-24T09:16:49.991Z INFO  client] Sending sample transaction 402
[2022-07-24T09:16:49.991Z INFO  client] Sending sample transaction 403
[2022-07-24T09:16:49.992Z INFO  client] Sending sample transaction 404
[2022-07-24T09:16:50.016Z INFO  client] Sending sample transaction 405
[2022-07-24T09:16:50.110Z INFO  client] Sending sample transaction 406
[2022-07-24T09:16:50.147Z INFO  client] Sending sample transaction 407
[2022-07-24T09:16:50.151Z INFO  client] Sending sample transaction 408
[2022-07-24T09:16:50.206Z INFO  client] Sending sample transaction 409
[2022-07-24T09:16:50.252Z INFO  client] Sending sample transaction 410
[2022-07-24T09:16:50.298Z INFO  client] Sending sample transaction 411
[2022-07-24T09:16:50.377Z INFO  client] Sending sample transaction 412
[2022-07-24T09:16:50.399Z INFO  client] Sending sample transaction 413
[2022-07-24T09:16:50.448Z INFO  client] Sending sample transaction 414
[2022-07-24T09:16:50.498Z INFO  client] Sending sample transaction 415
[2022-07-24T09:16:50.548Z INFO  client] Sending sample transaction 416
[2022-07-24T09:16:50.598Z INFO  client] Sending sample transaction 417
[2022-07-24T09:16:50.648Z INFO  client] Sending sample transaction 418
[2022-07-24T09:16:50.698Z INFO  client] Sending sample transaction 419
[2022-07-24T09:16:50.747Z INFO  client] Sending sample transaction 420
[2022-07-24T09:16:50.807Z INFO  client] Sending sample transaction 421
[2022-07-24T09:16:50.849Z INFO  client] Sending sample transaction 422
[2022-07-24T09:16:50.898Z INFO  client] Sending sample transaction 423
[2022-07-24T09:16:50.948Z INFO  client] Sending sample transaction 424
[2022-07-24T09:16:50.999Z INFO  client] Sending sample transaction 425
[2022-07-24T09:16:51.049Z INFO  client] Sending sample transaction 426
[2022-07-24T09:16:51.099Z INFO  client] Sending sample transaction 427
[2022-07-24T09:16:51.149Z INFO  client] Sending sample transaction 428
[2022-07-24T09:16:51.200Z INFO  client] Sending sample transaction 429
[2022-07-24T09:16:51.257Z INFO  client] Sending sample transaction 430
[2022-07-24T09:16:51.298Z INFO  client] Sending sample transaction 431
[2022-07-24T09:16:51.348Z INFO  client] Sending sample transaction 432
[2022-07-24T09:16:51.401Z INFO  client] Sending sample transaction 433
[2022-07-24T09:16:51.451Z INFO  client] Sending sample transaction 434
[2022-07-24T09:16:51.498Z INFO  client] Sending sample transaction 435
[2022-07-24T09:16:51.551Z INFO  client] Sending sample transaction 436
[2022-07-24T09:16:51.603Z INFO  client] Sending sample transaction 437
[2022-07-24T09:16:51.669Z INFO  client] Sending sample transaction 438
[2022-07-24T09:16:51.698Z INFO  client] Sending sample transaction 439
[2022-07-24T09:16:51.757Z INFO  client] Sending sample transaction 440
[2022-07-24T09:16:51.799Z INFO  client] Sending sample transaction 441
[2022-07-24T09:16:51.852Z INFO  client] Sending sample transaction 442
[2022-07-24T09:16:51.900Z INFO  client] Sending sample transaction 443
[2022-07-24T09:16:51.961Z INFO  client] Sending sample transaction 444
