[2022-07-23T17:51:41.360Z INFO  client] Node address: 127.0.0.1:9012
[2022-07-23T17:51:41.360Z INFO  client] Transactions size: 512 B
[2022-07-23T17:51:41.360Z INFO  client] Transactions rate: 112 tx/s
[2022-07-23T17:51:41.360Z INFO  client] Waiting for all nodes to be online...
[2022-07-23T17:51:41.360Z INFO  client] Waiting for all nodes to be synchronized...
[2022-07-23T17:51:43.369Z INFO  client] Start sending transactions
[2022-07-23T17:51:43.371Z INFO  client] Sending sample transaction 0
[2022-07-23T17:51:43.421Z INFO  client] Sending sample transaction 1
[2022-07-23T17:51:43.495Z INFO  client] Sending sample transaction 2
[2022-07-23T17:51:43.553Z INFO  client] Sending sample transaction 3
[2022-07-23T17:51:43.583Z INFO  client] Sending sample transaction 4
[2022-07-23T17:51:43.639Z INFO  client] Sending sample transaction 5
[2022-07-23T17:51:43.673Z INFO  client] Sending sample transaction 6
[2022-07-23T17:51:43.724Z INFO  client] Sending sample transaction 7
[2022-07-23T17:51:43.773Z INFO  client] Sending sample transaction 8
[2022-07-23T17:51:43.827Z INFO  client] Sending sample transaction 9
[2022-07-23T17:51:43.872Z INFO  client] Sending sample transaction 10
[2022-07-23T17:51:43.921Z INFO  client] Sending sample transaction 11
[2022-07-23T17:51:43.972Z INFO  client] Sending sample transaction 12
[2022-07-23T17:51:44.022Z INFO  client] Sending sample transaction 13
[2022-07-23T17:51:44.071Z INFO  client] Sending sample transaction 14
[2022-07-23T17:51:44.120Z INFO  client] Sending sample transaction 15
[2022-07-23T17:51:44.170Z INFO  client] Sending sample transaction 16
[2022-07-23T17:51:44.223Z INFO  client] Sending sample transaction 17
[2022-07-23T17:51:44.272Z INFO  client] Sending sample transaction 18
[2022-07-23T17:51:44.321Z INFO  client] Sending sample transaction 19
[2022-07-23T17:51:44.370Z INFO  client] Sending sample transaction 20
[2022-07-23T17:51:44.420Z INFO  client] Sending sample transaction 21
[2022-07-23T17:51:44.475Z INFO  client] Sending sample transaction 22
[2022-07-23T17:51:44.557Z INFO  client] Sending sample transaction 23
[2022-07-23T17:51:44.706Z INFO  client] Sending sample transaction 24
[2022-07-23T17:51:44.706Z INFO  client] Sending sample transaction 25
[2022-07-23T17:51:44.727Z INFO  client] Sending sample transaction 26
[2022-07-23T17:51:44.763Z INFO  client] Sending sample transaction 27
[2022-07-23T17:51:44.792Z INFO  client] Sending sample transaction 28
[2022-07-23T17:51:44.820Z INFO  client] Sending sample transaction 29
[2022-07-23T17:51:44.870Z INFO  client] Sending sample transaction 30
[2022-07-23T17:51:44.923Z INFO  client] Sending sample transaction 31
[2022-07-23T17:51:44.972Z INFO  client] Sending sample transaction 32
[2022-07-23T17:51:45.021Z INFO  client] Sending sample transaction 33
[2022-07-23T17:51:45.071Z INFO  client] Sending sample transaction 34
[2022-07-23T17:51:45.121Z INFO  client] Sending sample transaction 35
[2022-07-23T17:51:45.170Z INFO  client] Sending sample transaction 36
[2022-07-23T17:51:45.221Z INFO  client] Sending sample transaction 37
[2022-07-23T17:51:45.271Z INFO  client] Sending sample transaction 38
[2022-07-23T17:51:45.320Z INFO  client] Sending sample transaction 39
[2022-07-23T17:51:45.377Z INFO  client] Sending sample transaction 40
[2022-07-23T17:51:45.448Z INFO  client] Sending sample transaction 41
[2022-07-23T17:51:45.480Z INFO  client] Sending sample transaction 42
[2022-07-23T17:51:45.529Z INFO  client] Sending sample transaction 43
[2022-07-23T17:51:45.585Z INFO  client] Sending sample transaction 44
[2022-07-23T17:51:45.620Z INFO  client] Sending sample transaction 45
[2022-07-23T17:51:45.713Z INFO  client] Sending sample transaction 46
[2022-07-23T17:51:45.771Z INFO  client] Sending sample transaction 47
[2022-07-23T17:51:45.815Z INFO  client] Sending sample transaction 48
[2022-07-23T17:51:45.861Z INFO  client] Sending sample transaction 49
[2022-07-23T17:51:45.895Z INFO  client] Sending sample transaction 50
[2022-07-23T17:51:45.941Z INFO  client] Sending sample transaction 51
[2022-07-23T17:51:45.982Z INFO  client] Sending sample transaction 52
[2022-07-23T17:51:46.021Z INFO  client] Sending sample transaction 53
[2022-07-23T17:51:46.071Z INFO  client] Sending sample transaction 54
[2022-07-23T17:51:46.121Z INFO  client] Sending sample transaction 55
[2022-07-23T17:51:46.170Z INFO  client] Sending sample transaction 56
[2022-07-23T17:51:46.221Z INFO  client] Sending sample transaction 57
[2022-07-23T17:51:46.270Z INFO  client] Sending sample transaction 58
[2022-07-23T17:51:46.321Z INFO  client] Sending sample transaction 59
[2022-07-23T17:51:46.370Z INFO  client] Sending sample transaction 60
[2022-07-23T17:51:46.421Z INFO  client] Sending sample transaction 61
[2022-07-23T17:51:46.470Z INFO  client] Sending sample transaction 62
[2022-07-23T17:51:46.520Z INFO  client] Sending sample transaction 63
[2022-07-23T17:51:46.570Z INFO  client] Sending sample transaction 64
[2022-07-23T17:51:46.620Z INFO  client] Sending sample transaction 65
[2022-07-23T17:51:46.670Z INFO  client] Sending sample transaction 66
[2022-07-23T17:51:46.768Z INFO  client] Sending sample transaction 67
[2022-07-23T17:51:46.819Z INFO  client] Sending sample transaction 68
[2022-07-23T17:51:46.829Z INFO  client] Sending sample transaction 69
[2022-07-23T17:51:46.881Z INFO  client] Sending sample transaction 70
[2022-07-23T17:51:46.923Z INFO  client] Sending sample transaction 71
[2022-07-23T17:51:46.971Z INFO  client] Sending sample transaction 72
[2022-07-23T17:51:47.055Z INFO  client] Sending sample transaction 73
[2022-07-23T17:51:47.078Z INFO  client] Sending sample transaction 74
[2022-07-23T17:51:47.120Z INFO  client] Sending sample transaction 75
[2022-07-23T17:51:47.170Z INFO  client] Sending sample transaction 76
[2022-07-23T17:51:47.223Z INFO  client] Sending sample transaction 77
[2022-07-23T17:51:47.271Z INFO  client] Sending sample transaction 78
[2022-07-23T17:51:47.321Z INFO  client] Sending sample transaction 79
[2022-07-23T17:51:47.370Z INFO  client] Sending sample transaction 80
[2022-07-23T17:51:47.420Z INFO  client] Sending sample transaction 81
[2022-07-23T17:51:47.472Z INFO  client] Sending sample transaction 82
[2022-07-23T17:51:47.520Z INFO  client] Sending sample transaction 83
[2022-07-23T17:51:47.571Z INFO  client] Sending sample transaction 84
[2022-07-23T17:51:47.620Z INFO  client] Sending sample transaction 85
[2022-07-23T17:51:47.670Z INFO  client] Sending sample transaction 86
[2022-07-23T17:51:47.721Z INFO  client] Sending sample transaction 87
[2022-07-23T17:51:47.770Z INFO  client] Sending sample transaction 88
[2022-07-23T17:51:47.820Z INFO  client] Sending sample transaction 89
[2022-07-23T17:51:47.877Z INFO  client] Sending sample transaction 90
[2022-07-23T17:51:47.920Z INFO  client] Sending sample transaction 91
[2022-07-23T17:51:47.982Z INFO  client] Sending sample transaction 92
[2022-07-23T17:51:48.032Z INFO  client] Sending sample transaction 93
[2022-07-23T17:51:48.079Z INFO  client] Sending sample transaction 94
[2022-07-23T17:51:48.161Z INFO  client] Sending sample transaction 95
[2022-07-23T17:51:48.178Z INFO  client] Sending sample transaction 96
[2022-07-23T17:51:48.220Z INFO  client] Sending sample transaction 97
[2022-07-23T17:51:48.270Z INFO  client] Sending sample transaction 98
[2022-07-23T17:51:48.320Z INFO  client] Sending sample transaction 99
[2022-07-23T17:51:48.370Z INFO  client] Sending sample transaction 100
[2022-07-23T17:51:48.420Z INFO  client] Sending sample transaction 101
[2022-07-23T17:51:48.470Z INFO  client] Sending sample transaction 102
[2022-07-23T17:51:48.520Z INFO  client] Sending sample transaction 103
[2022-07-23T17:51:48.570Z INFO  client] Sending sample transaction 104
[2022-07-23T17:51:48.620Z INFO  client] Sending sample transaction 105
[2022-07-23T17:51:48.670Z INFO  client] Sending sample transaction 106
[2022-07-23T17:51:48.720Z INFO  client] Sending sample transaction 107
[2022-07-23T17:51:48.770Z INFO  client] Sending sample transaction 108
[2022-07-23T17:51:48.820Z INFO  client] Sending sample transaction 109
[2022-07-23T17:51:48.870Z INFO  client] Sending sample transaction 110
[2022-07-23T17:51:48.976Z INFO  client] Sending sample transaction 111
[2022-07-23T17:51:49.014Z INFO  client] Sending sample transaction 112
[2022-07-23T17:51:49.037Z INFO  client] Sending sample transaction 113
[2022-07-23T17:51:49.070Z INFO  client] Sending sample transaction 114
[2022-07-23T17:51:49.120Z INFO  client] Sending sample transaction 115
[2022-07-23T17:51:49.171Z INFO  client] Sending sample transaction 116
[2022-07-23T17:51:49.227Z INFO  client] Sending sample transaction 117
[2022-07-23T17:51:49.270Z INFO  client] Sending sample transaction 118
[2022-07-23T17:51:49.321Z INFO  client] Sending sample transaction 119
[2022-07-23T17:51:49.371Z INFO  client] Sending sample transaction 120
[2022-07-23T17:51:49.420Z INFO  client] Sending sample transaction 121
[2022-07-23T17:51:49.470Z INFO  client] Sending sample transaction 122
[2022-07-23T17:51:49.520Z INFO  client] Sending sample transaction 123
[2022-07-23T17:51:49.571Z INFO  client] Sending sample transaction 124
[2022-07-23T17:51:49.621Z INFO  client] Sending sample transaction 125
[2022-07-23T17:51:49.670Z INFO  client] Sending sample transaction 126
[2022-07-23T17:51:49.719Z INFO  client] Sending sample transaction 127
[2022-07-23T17:51:49.770Z INFO  client] Sending sample transaction 128
[2022-07-23T17:51:49.821Z INFO  client] Sending sample transaction 129
[2022-07-23T17:51:49.870Z INFO  client] Sending sample transaction 130
[2022-07-23T17:51:49.920Z INFO  client] Sending sample transaction 131
[2022-07-23T17:51:49.970Z INFO  client] Sending sample transaction 132
[2022-07-23T17:51:50.020Z INFO  client] Sending sample transaction 133
[2022-07-23T17:51:50.070Z INFO  client] Sending sample transaction 134
[2022-07-23T17:51:50.120Z INFO  client] Sending sample transaction 135
[2022-07-23T17:51:50.193Z INFO  client] Sending sample transaction 136
[2022-07-23T17:51:50.245Z INFO  client] Sending sample transaction 137
[2022-07-23T17:51:50.286Z INFO  client] Sending sample transaction 138
[2022-07-23T17:51:50.333Z INFO  client] Sending sample transaction 139
[2022-07-23T17:51:50.400Z INFO  client] Sending sample transaction 140
[2022-07-23T17:51:50.431Z INFO  client] Sending sample transaction 141
[2022-07-23T17:51:50.472Z INFO  client] Sending sample transaction 142
[2022-07-23T17:51:50.520Z INFO  client] Sending sample transaction 143
[2022-07-23T17:51:50.570Z INFO  client] Sending sample transaction 144
[2022-07-23T17:51:50.620Z INFO  client] Sending sample transaction 145
[2022-07-23T17:51:50.669Z INFO  client] Sending sample transaction 146
[2022-07-23T17:51:50.720Z INFO  client] Sending sample transaction 147
[2022-07-23T17:51:50.770Z INFO  client] Sending sample transaction 148
[2022-07-23T17:51:50.820Z INFO  client] Sending sample transaction 149
[2022-07-23T17:51:50.870Z INFO  client] Sending sample transaction 150
[2022-07-23T17:51:50.920Z INFO  client] Sending sample transaction 151
[2022-07-23T17:51:50.970Z INFO  client] Sending sample transaction 152
[2022-07-23T17:51:51.020Z INFO  client] Sending sample transaction 153
[2022-07-23T17:51:51.070Z INFO  client] Sending sample transaction 154
[2022-07-23T17:51:51.120Z INFO  client] Sending sample transaction 155
[2022-07-23T17:51:51.170Z INFO  client] Sending sample transaction 156
[2022-07-23T17:51:51.220Z INFO  client] Sending sample transaction 157
[2022-07-23T17:51:51.270Z INFO  client] Sending sample transaction 158
[2022-07-23T17:51:51.320Z INFO  client] Sending sample transaction 159
[2022-07-23T17:51:51.369Z INFO  client] Sending sample transaction 160
[2022-07-23T17:51:51.420Z INFO  client] Sending sample transaction 161
[2022-07-23T17:51:51.471Z INFO  client] Sending sample transaction 162
[2022-07-23T17:51:51.521Z INFO  client] Sending sample transaction 163
[2022-07-23T17:51:51.569Z INFO  client] Sending sample transaction 164
[2022-07-23T17:51:51.620Z INFO  client] Sending sample transaction 165
[2022-07-23T17:51:51.670Z INFO  client] Sending sample transaction 166
[2022-07-23T17:51:51.720Z INFO  client] Sending sample transaction 167
[2022-07-23T17:51:51.770Z INFO  client] Sending sample transaction 168
[2022-07-23T17:51:51.819Z INFO  client] Sending sample transaction 169
[2022-07-23T17:51:51.870Z INFO  client] Sending sample transaction 170
[2022-07-23T17:51:51.920Z INFO  client] Sending sample transaction 171
[2022-07-23T17:51:51.970Z INFO  client] Sending sample transaction 172
[2022-07-23T17:51:52.020Z INFO  client] Sending sample transaction 173
[2022-07-23T17:51:52.069Z INFO  client] Sending sample transaction 174
[2022-07-23T17:51:52.136Z INFO  client] Sending sample transaction 175
[2022-07-23T17:51:52.214Z INFO  client] Sending sample transaction 176
[2022-07-23T17:51:52.250Z INFO  client] Sending sample transaction 177
[2022-07-23T17:51:52.270Z INFO  client] Sending sample transaction 178
[2022-07-23T17:51:52.320Z INFO  client] Sending sample transaction 179
[2022-07-23T17:51:52.369Z INFO  client] Sending sample transaction 180
[2022-07-23T17:51:52.420Z INFO  client] Sending sample transaction 181
[2022-07-23T17:51:52.479Z INFO  client] Sending sample transaction 182
[2022-07-23T17:51:52.520Z INFO  client] Sending sample transaction 183
[2022-07-23T17:51:52.570Z INFO  client] Sending sample transaction 184
[2022-07-23T17:51:52.620Z INFO  client] Sending sample transaction 185
[2022-07-23T17:51:52.670Z INFO  client] Sending sample transaction 186
[2022-07-23T17:51:52.720Z INFO  client] Sending sample transaction 187
[2022-07-23T17:51:52.770Z INFO  client] Sending sample transaction 188
[2022-07-23T17:51:52.820Z INFO  client] Sending sample transaction 189
[2022-07-23T17:51:52.870Z INFO  client] Sending sample transaction 190
[2022-07-23T17:51:52.920Z INFO  client] Sending sample transaction 191
[2022-07-23T17:51:52.970Z INFO  client] Sending sample transaction 192
[2022-07-23T17:51:53.020Z INFO  client] Sending sample transaction 193
[2022-07-23T17:51:53.070Z INFO  client] Sending sample transaction 194
[2022-07-23T17:51:53.120Z INFO  client] Sending sample transaction 195
[2022-07-23T17:51:53.170Z INFO  client] Sending sample transaction 196
[2022-07-23T17:51:53.220Z INFO  client] Sending sample transaction 197
[2022-07-23T17:51:53.270Z INFO  client] Sending sample transaction 198
[2022-07-23T17:51:53.320Z INFO  client] Sending sample transaction 199
[2022-07-23T17:51:53.370Z INFO  client] Sending sample transaction 200
[2022-07-23T17:51:53.419Z INFO  client] Sending sample transaction 201
[2022-07-23T17:51:53.470Z INFO  client] Sending sample transaction 202
[2022-07-23T17:51:53.520Z INFO  client] Sending sample transaction 203
[2022-07-23T17:51:53.570Z INFO  client] Sending sample transaction 204
[2022-07-23T17:51:53.620Z INFO  client] Sending sample transaction 205
[2022-07-23T17:51:53.670Z INFO  client] Sending sample transaction 206
[2022-07-23T17:51:53.720Z INFO  client] Sending sample transaction 207
[2022-07-23T17:51:53.770Z INFO  client] Sending sample transaction 208
[2022-07-23T17:51:53.820Z INFO  client] Sending sample transaction 209
[2022-07-23T17:51:53.869Z INFO  client] Sending sample transaction 210
[2022-07-23T17:51:53.920Z INFO  client] Sending sample transaction 211
[2022-07-23T17:51:53.987Z INFO  client] Sending sample transaction 212
[2022-07-23T17:51:54.037Z INFO  client] Sending sample transaction 213
[2022-07-23T17:51:54.088Z INFO  client] Sending sample transaction 214
[2022-07-23T17:51:54.121Z INFO  client] Sending sample transaction 215
[2022-07-23T17:51:54.170Z INFO  client] Sending sample transaction 216
[2022-07-23T17:51:54.220Z INFO  client] Sending sample transaction 217
[2022-07-23T17:51:54.269Z INFO  client] Sending sample transaction 218
[2022-07-23T17:51:54.320Z INFO  client] Sending sample transaction 219
[2022-07-23T17:51:54.371Z INFO  client] Sending sample transaction 220
[2022-07-23T17:51:54.420Z INFO  client] Sending sample transaction 221
[2022-07-23T17:51:54.470Z INFO  client] Sending sample transaction 222
[2022-07-23T17:51:54.520Z INFO  client] Sending sample transaction 223
[2022-07-23T17:51:54.584Z INFO  client] Sending sample transaction 224
[2022-07-23T17:51:54.625Z INFO  client] Sending sample transaction 225
[2022-07-23T17:51:54.670Z INFO  client] Sending sample transaction 226
[2022-07-23T17:51:54.720Z INFO  client] Sending sample transaction 227
[2022-07-23T17:51:54.770Z INFO  client] Sending sample transaction 228
[2022-07-23T17:51:54.819Z INFO  client] Sending sample transaction 229
[2022-07-23T17:51:54.870Z INFO  client] Sending sample transaction 230
[2022-07-23T17:51:54.958Z INFO  client] Sending sample transaction 231
[2022-07-23T17:51:54.985Z INFO  client] Sending sample transaction 232
[2022-07-23T17:51:55.045Z INFO  client] Sending sample transaction 233
[2022-07-23T17:51:55.070Z INFO  client] Sending sample transaction 234
[2022-07-23T17:51:55.120Z INFO  client] Sending sample transaction 235
[2022-07-23T17:51:55.170Z INFO  client] Sending sample transaction 236
[2022-07-23T17:51:55.221Z INFO  client] Sending sample transaction 237
[2022-07-23T17:51:55.272Z INFO  client] Sending sample transaction 238
[2022-07-23T17:51:55.321Z INFO  client] Sending sample transaction 239
[2022-07-23T17:51:55.369Z INFO  client] Sending sample transaction 240
[2022-07-23T17:51:55.420Z INFO  client] Sending sample transaction 241
[2022-07-23T17:51:55.470Z INFO  client] Sending sample transaction 242
[2022-07-23T17:51:55.520Z INFO  client] Sending sample transaction 243
[2022-07-23T17:51:55.571Z INFO  client] Sending sample transaction 244
[2022-07-23T17:51:55.620Z INFO  client] Sending sample transaction 245
[2022-07-23T17:51:55.670Z INFO  client] Sending sample transaction 246
[2022-07-23T17:51:55.721Z INFO  client] Sending sample transaction 247
[2022-07-23T17:51:55.770Z INFO  client] Sending sample transaction 248
[2022-07-23T17:51:55.820Z INFO  client] Sending sample transaction 249
[2022-07-23T17:51:55.871Z INFO  client] Sending sample transaction 250
[2022-07-23T17:51:55.920Z INFO  client] Sending sample transaction 251
[2022-07-23T17:51:55.976Z INFO  client] Sending sample transaction 252
[2022-07-23T17:51:56.034Z INFO  client] Sending sample transaction 253
[2022-07-23T17:51:56.097Z INFO  client] Sending sample transaction 254
[2022-07-23T17:51:56.120Z INFO  client] Sending sample transaction 255
[2022-07-23T17:51:56.171Z INFO  client] Sending sample transaction 256
[2022-07-23T17:51:56.219Z INFO  client] Sending sample transaction 257
[2022-07-23T17:51:56.270Z INFO  client] Sending sample transaction 258
[2022-07-23T17:51:56.320Z INFO  client] Sending sample transaction 259
[2022-07-23T17:51:56.369Z INFO  client] Sending sample transaction 260
[2022-07-23T17:51:56.420Z INFO  client] Sending sample transaction 261
[2022-07-23T17:51:56.470Z INFO  client] Sending sample transaction 262
[2022-07-23T17:51:56.521Z INFO  client] Sending sample transaction 263
[2022-07-23T17:51:56.571Z INFO  client] Sending sample transaction 264
[2022-07-23T17:51:56.620Z INFO  client] Sending sample transaction 265
[2022-07-23T17:51:56.675Z INFO  client] Sending sample transaction 266
[2022-07-23T17:51:56.720Z INFO  client] Sending sample transaction 267
[2022-07-23T17:51:56.770Z INFO  client] Sending sample transaction 268
[2022-07-23T17:51:56.820Z INFO  client] Sending sample transaction 269
[2022-07-23T17:51:56.870Z INFO  client] Sending sample transaction 270
[2022-07-23T17:51:56.921Z INFO  client] Sending sample transaction 271
[2022-07-23T17:51:56.992Z INFO  client] Sending sample transaction 272
[2022-07-23T17:51:57.060Z INFO  client] Sending sample transaction 273
[2022-07-23T17:51:57.090Z INFO  client] Sending sample transaction 274
[2022-07-23T17:51:57.120Z INFO  client] Sending sample transaction 275
[2022-07-23T17:51:57.170Z INFO  client] Sending sample transaction 276
[2022-07-23T17:51:57.221Z INFO  client] Sending sample transaction 277
[2022-07-23T17:51:57.271Z INFO  client] Sending sample transaction 278
[2022-07-23T17:51:57.320Z INFO  client] Sending sample transaction 279
[2022-07-23T17:51:57.370Z INFO  client] Sending sample transaction 280
[2022-07-23T17:51:57.420Z INFO  client] Sending sample transaction 281
[2022-07-23T17:51:57.471Z INFO  client] Sending sample transaction 282
[2022-07-23T17:51:57.520Z INFO  client] Sending sample transaction 283
[2022-07-23T17:51:57.570Z INFO  client] Sending sample transaction 284
[2022-07-23T17:51:57.620Z INFO  client] Sending sample transaction 285
[2022-07-23T17:51:57.670Z INFO  client] Sending sample transaction 286
[2022-07-23T17:51:57.719Z INFO  client] Sending sample transaction 287
[2022-07-23T17:51:57.770Z INFO  client] Sending sample transaction 288
[2022-07-23T17:51:57.819Z INFO  client] Sending sample transaction 289
[2022-07-23T17:51:57.871Z INFO  client] Sending sample transaction 290
[2022-07-23T17:51:57.919Z INFO  client] Sending sample transaction 291
[2022-07-23T17:51:57.970Z INFO  client] Sending sample transaction 292
[2022-07-23T17:51:58.020Z INFO  client] Sending sample transaction 293
[2022-07-23T17:51:58.071Z INFO  client] Sending sample transaction 294
[2022-07-23T17:51:58.120Z INFO  client] Sending sample transaction 295
[2022-07-23T17:51:58.196Z INFO  client] Sending sample transaction 296
[2022-07-23T17:51:58.231Z INFO  client] Sending sample transaction 297
[2022-07-23T17:51:58.290Z INFO  client] Sending sample transaction 298
[2022-07-23T17:51:58.345Z INFO  client] Sending sample transaction 299
[2022-07-23T17:51:58.371Z INFO  client] Sending sample transaction 300
[2022-07-23T17:51:58.420Z INFO  client] Sending sample transaction 301
[2022-07-23T17:51:58.479Z INFO  client] Sending sample transaction 302
[2022-07-23T17:51:58.519Z INFO  client] Sending sample transaction 303
[2022-07-23T17:51:58.571Z INFO  client] Sending sample transaction 304
[2022-07-23T17:51:58.620Z INFO  client] Sending sample transaction 305
[2022-07-23T17:51:58.670Z INFO  client] Sending sample transaction 306
[2022-07-23T17:51:58.724Z INFO  client] Sending sample transaction 307
[2022-07-23T17:51:58.770Z INFO  client] Sending sample transaction 308
[2022-07-23T17:51:58.832Z INFO  client] Sending sample transaction 309
[2022-07-23T17:51:58.872Z INFO  client] Sending sample transaction 310
[2022-07-23T17:51:58.919Z INFO  client] Sending sample transaction 311
[2022-07-23T17:51:58.971Z INFO  client] Sending sample transaction 312
[2022-07-23T17:51:59.020Z INFO  client] Sending sample transaction 313
[2022-07-23T17:51:59.073Z INFO  client] Sending sample transaction 314
[2022-07-23T17:51:59.120Z INFO  client] Sending sample transaction 315
[2022-07-23T17:51:59.170Z INFO  client] Sending sample transaction 316
[2022-07-23T17:51:59.220Z INFO  client] Sending sample transaction 317
[2022-07-23T17:51:59.270Z INFO  client] Sending sample transaction 318
[2022-07-23T17:51:59.320Z INFO  client] Sending sample transaction 319
[2022-07-23T17:51:59.370Z INFO  client] Sending sample transaction 320
[2022-07-23T17:51:59.420Z INFO  client] Sending sample transaction 321
[2022-07-23T17:51:59.482Z INFO  client] Sending sample transaction 322
[2022-07-23T17:51:59.529Z INFO  client] Sending sample transaction 323
[2022-07-23T17:51:59.572Z INFO  client] Sending sample transaction 324
[2022-07-23T17:51:59.678Z INFO  client] Sending sample transaction 325
[2022-07-23T17:51:59.678Z INFO  client] Sending sample transaction 326
[2022-07-23T17:51:59.720Z INFO  client] Sending sample transaction 327
[2022-07-23T17:51:59.794Z INFO  client] Sending sample transaction 328
[2022-07-23T17:51:59.829Z INFO  client] Sending sample transaction 329
[2022-07-23T17:51:59.874Z INFO  client] Sending sample transaction 330
[2022-07-23T17:51:59.920Z INFO  client] Sending sample transaction 331
[2022-07-23T17:51:59.970Z INFO  client] Sending sample transaction 332
[2022-07-23T17:52:00.021Z INFO  client] Sending sample transaction 333
[2022-07-23T17:52:00.078Z INFO  client] Sending sample transaction 334
[2022-07-23T17:52:00.121Z INFO  client] Sending sample transaction 335
[2022-07-23T17:52:00.170Z INFO  client] Sending sample transaction 336
[2022-07-23T17:52:00.220Z INFO  client] Sending sample transaction 337
[2022-07-23T17:52:00.270Z INFO  client] Sending sample transaction 338
[2022-07-23T17:52:00.321Z INFO  client] Sending sample transaction 339
[2022-07-23T17:52:00.371Z INFO  client] Sending sample transaction 340
[2022-07-23T17:52:00.420Z INFO  client] Sending sample transaction 341
[2022-07-23T17:52:00.470Z INFO  client] Sending sample transaction 342
[2022-07-23T17:52:00.519Z INFO  client] Sending sample transaction 343
[2022-07-23T17:52:00.571Z INFO  client] Sending sample transaction 344
[2022-07-23T17:52:00.620Z INFO  client] Sending sample transaction 345
[2022-07-23T17:52:00.671Z INFO  client] Sending sample transaction 346
[2022-07-23T17:52:00.720Z INFO  client] Sending sample transaction 347
[2022-07-23T17:52:00.770Z INFO  client] Sending sample transaction 348
[2022-07-23T17:52:00.822Z INFO  client] Sending sample transaction 349
[2022-07-23T17:52:00.869Z INFO  client] Sending sample transaction 350
[2022-07-23T17:52:00.974Z INFO  client] Sending sample transaction 351
[2022-07-23T17:52:01.041Z INFO  client] Sending sample transaction 352
[2022-07-23T17:52:01.041Z INFO  client] Sending sample transaction 353
[2022-07-23T17:52:01.090Z INFO  client] Sending sample transaction 354
[2022-07-23T17:52:01.133Z INFO  client] Sending sample transaction 355
[2022-07-23T17:52:01.170Z INFO  client] Sending sample transaction 356
[2022-07-23T17:52:01.224Z INFO  client] Sending sample transaction 357
[2022-07-23T17:52:01.270Z INFO  client] Sending sample transaction 358
[2022-07-23T17:52:01.320Z INFO  client] Sending sample transaction 359
[2022-07-23T17:52:01.370Z INFO  client] Sending sample transaction 360
[2022-07-23T17:52:01.420Z INFO  client] Sending sample transaction 361
[2022-07-23T17:52:01.471Z INFO  client] Sending sample transaction 362
[2022-07-23T17:52:01.520Z INFO  client] Sending sample transaction 363
[2022-07-23T17:52:01.570Z INFO  client] Sending sample transaction 364
[2022-07-23T17:52:01.620Z INFO  client] Sending sample transaction 365
[2022-07-23T17:52:01.670Z INFO  client] Sending sample transaction 366
[2022-07-23T17:52:01.720Z INFO  client] Sending sample transaction 367
[2022-07-23T17:52:01.770Z INFO  client] Sending sample transaction 368
[2022-07-23T17:52:01.821Z INFO  client] Sending sample transaction 369
[2022-07-23T17:52:01.869Z INFO  client] Sending sample transaction 370
[2022-07-23T17:52:01.920Z INFO  client] Sending sample transaction 371
[2022-07-23T17:52:01.971Z INFO  client] Sending sample transaction 372
[2022-07-23T17:52:02.020Z INFO  client] Sending sample transaction 373
[2022-07-23T17:52:02.070Z INFO  client] Sending sample transaction 374
[2022-07-23T17:52:02.120Z INFO  client] Sending sample transaction 375
[2022-07-23T17:52:02.176Z INFO  client] Sending sample transaction 376
[2022-07-23T17:52:02.222Z INFO  client] Sending sample transaction 377
[2022-07-23T17:52:02.333Z INFO  client] Sending sample transaction 378
[2022-07-23T17:52:02.348Z INFO  client] Sending sample transaction 379
[2022-07-23T17:52:02.391Z INFO  client] Sending sample transaction 380
[2022-07-23T17:52:02.422Z INFO  client] Sending sample transaction 381
[2022-07-23T17:52:02.475Z INFO  client] Sending sample transaction 382
[2022-07-23T17:52:02.521Z INFO  client] Sending sample transaction 383
[2022-07-23T17:52:02.571Z INFO  client] Sending sample transaction 384
[2022-07-23T17:52:02.622Z INFO  client] Sending sample transaction 385
[2022-07-23T17:52:02.670Z INFO  client] Sending sample transaction 386
[2022-07-23T17:52:02.719Z INFO  client] Sending sample transaction 387
[2022-07-23T17:52:02.770Z INFO  client] Sending sample transaction 388
[2022-07-23T17:52:02.820Z INFO  client] Sending sample transaction 389
[2022-07-23T17:52:02.870Z INFO  client] Sending sample transaction 390
[2022-07-23T17:52:02.921Z INFO  client] Sending sample transaction 391
[2022-07-23T17:52:02.970Z INFO  client] Sending sample transaction 392
[2022-07-23T17:52:03.022Z INFO  client] Sending sample transaction 393
[2022-07-23T17:52:03.070Z INFO  client] Sending sample transaction 394
[2022-07-23T17:52:03.121Z INFO  client] Sending sample transaction 395
[2022-07-23T17:52:03.169Z INFO  client] Sending sample transaction 396
[2022-07-23T17:52:03.231Z INFO  client] Sending sample transaction 397
[2022-07-23T17:52:03.280Z INFO  client] Sending sample transaction 398
[2022-07-23T17:52:03.320Z INFO  client] Sending sample transaction 399
[2022-07-23T17:52:03.373Z INFO  client] Sending sample transaction 400
[2022-07-23T17:52:03.420Z INFO  client] Sending sample transaction 401
[2022-07-23T17:52:03.471Z INFO  client] Sending sample transaction 402
[2022-07-23T17:52:03.521Z INFO  client] Sending sample transaction 403
[2022-07-23T17:52:03.579Z INFO  client] Sending sample transaction 404
[2022-07-23T17:52:03.657Z INFO  client] Sending sample transaction 405
[2022-07-23T17:52:03.697Z INFO  client] Sending sample transaction 406
[2022-07-23T17:52:03.791Z INFO  client] Sending sample transaction 407
[2022-07-23T17:52:03.807Z INFO  client] Sending sample transaction 408
[2022-07-23T17:52:03.820Z INFO  client] Sending sample transaction 409
[2022-07-23T17:52:03.871Z INFO  client] Sending sample transaction 410
[2022-07-23T17:52:03.920Z INFO  client] Sending sample transaction 411
[2022-07-23T17:52:03.989Z INFO  client] Sending sample transaction 412
[2022-07-23T17:52:04.030Z INFO  client] Sending sample transaction 413
[2022-07-23T17:52:04.072Z INFO  client] Sending sample transaction 414
[2022-07-23T17:52:04.125Z INFO  client] Sending sample transaction 415
[2022-07-23T17:52:04.182Z INFO  client] Sending sample transaction 416
[2022-07-23T17:52:04.220Z INFO  client] Sending sample transaction 417
[2022-07-23T17:52:04.270Z INFO  client] Sending sample transaction 418
[2022-07-23T17:52:04.324Z INFO  client] Sending sample transaction 419
[2022-07-23T17:52:04.370Z INFO  client] Sending sample transaction 420
[2022-07-23T17:52:04.420Z INFO  client] Sending sample transaction 421
[2022-07-23T17:52:04.471Z INFO  client] Sending sample transaction 422
[2022-07-23T17:52:04.520Z INFO  client] Sending sample transaction 423
[2022-07-23T17:52:04.571Z INFO  client] Sending sample transaction 424
[2022-07-23T17:52:04.621Z INFO  client] Sending sample transaction 425
[2022-07-23T17:52:04.687Z INFO  client] Sending sample transaction 426
[2022-07-23T17:52:04.724Z INFO  client] Sending sample transaction 427
[2022-07-23T17:52:04.771Z INFO  client] Sending sample transaction 428
[2022-07-23T17:52:04.822Z INFO  client] Sending sample transaction 429
[2022-07-23T17:52:04.870Z INFO  client] Sending sample transaction 430
[2022-07-23T17:52:04.921Z INFO  client] Sending sample transaction 431
[2022-07-23T17:52:04.975Z INFO  client] Sending sample transaction 432
[2022-07-23T17:52:05.022Z INFO  client] Sending sample transaction 433
[2022-07-23T17:52:05.071Z INFO  client] Sending sample transaction 434
[2022-07-23T17:52:05.156Z INFO  client] Sending sample transaction 435
[2022-07-23T17:52:05.199Z INFO  client] Sending sample transaction 436
[2022-07-23T17:52:05.241Z INFO  client] Sending sample transaction 437
[2022-07-23T17:52:05.300Z INFO  client] Sending sample transaction 438
[2022-07-23T17:52:05.340Z INFO  client] Sending sample transaction 439
[2022-07-23T17:52:05.371Z INFO  client] Sending sample transaction 440
[2022-07-23T17:52:05.453Z INFO  client] Sending sample transaction 441
[2022-07-23T17:52:05.490Z INFO  client] Sending sample transaction 442
[2022-07-23T17:52:05.530Z INFO  client] Sending sample transaction 443
[2022-07-23T17:52:05.571Z INFO  client] Sending sample transaction 444
[2022-07-23T17:52:05.629Z INFO  client] Sending sample transaction 445
[2022-07-23T17:52:05.698Z INFO  client] Sending sample transaction 446
[2022-07-23T17:52:05.744Z INFO  client] Sending sample transaction 447
[2022-07-23T17:52:05.777Z INFO  client] Sending sample transaction 448
[2022-07-23T17:52:05.822Z INFO  client] Sending sample transaction 449
[2022-07-23T17:52:05.872Z INFO  client] Sending sample transaction 450
