[2022-07-23T17:51:41.781Z INFO  client] Node address: 127.0.0.1:9017
[2022-07-23T17:51:41.781Z INFO  client] Transactions size: 512 B
[2022-07-23T17:51:41.781Z INFO  client] Transactions rate: 112 tx/s
[2022-07-23T17:51:41.781Z INFO  client] Waiting for all nodes to be online...
[2022-07-23T17:51:41.781Z INFO  client] Waiting for all nodes to be synchronized...
[2022-07-23T17:51:43.787Z INFO  client] Start sending transactions
[2022-07-23T17:51:43.788Z INFO  client] Sending sample transaction 0
[2022-07-23T17:51:43.841Z INFO  client] Sending sample transaction 1
[2022-07-23T17:51:43.891Z INFO  client] Sending sample transaction 2
[2022-07-23T17:51:43.943Z INFO  client] Sending sample transaction 3
[2022-07-23T17:51:43.989Z INFO  client] Sending sample transaction 4
[2022-07-23T17:51:44.040Z INFO  client] Sending sample transaction 5
[2022-07-23T17:51:44.090Z INFO  client] Sending sample transaction 6
[2022-07-23T17:51:44.138Z INFO  client] Sending sample transaction 7
[2022-07-23T17:51:44.191Z INFO  client] Sending sample transaction 8
[2022-07-23T17:51:44.239Z INFO  client] Sending sample transaction 9
[2022-07-23T17:51:44.288Z INFO  client] Sending sample transaction 10
[2022-07-23T17:51:44.341Z INFO  client] Sending sample transaction 11
[2022-07-23T17:51:44.391Z INFO  client] Sending sample transaction 12
[2022-07-23T17:51:44.471Z INFO  client] Sending sample transaction 13
[2022-07-23T17:51:44.550Z INFO  client] Sending sample transaction 14
[2022-07-23T17:51:44.556Z INFO  client] Sending sample transaction 15
[2022-07-23T17:51:44.723Z INFO  client] Sending sample transaction 16
[2022-07-23T17:51:44.760Z INFO  client] Sending sample transaction 17
[2022-07-23T17:51:44.761Z INFO  client] Sending sample transaction 18
[2022-07-23T17:51:44.774Z INFO  client] Sending sample transaction 19
[2022-07-23T17:51:44.793Z INFO  client] Sending sample transaction 20
[2022-07-23T17:51:44.843Z INFO  client] Sending sample transaction 21
[2022-07-23T17:51:44.890Z INFO  client] Sending sample transaction 22
[2022-07-23T17:51:44.940Z INFO  client] Sending sample transaction 23
[2022-07-23T17:51:44.990Z INFO  client] Sending sample transaction 24
[2022-07-23T17:51:45.038Z INFO  client] Sending sample transaction 25
[2022-07-23T17:51:45.093Z INFO  client] Sending sample transaction 26
[2022-07-23T17:51:45.140Z INFO  client] Sending sample transaction 27
[2022-07-23T17:51:45.189Z INFO  client] Sending sample transaction 28
[2022-07-23T17:51:45.241Z INFO  client] Sending sample transaction 29
[2022-07-23T17:51:45.288Z INFO  client] Sending sample transaction 30
[2022-07-23T17:51:45.340Z INFO  client] Sending sample transaction 31
[2022-07-23T17:51:45.388Z INFO  client] Sending sample transaction 32
[2022-07-23T17:51:45.447Z INFO  client] Sending sample transaction 33
[2022-07-23T17:51:45.506Z INFO  client] Sending sample transaction 34
[2022-07-23T17:51:45.544Z INFO  client] Sending sample transaction 35
[2022-07-23T17:51:45.591Z INFO  client] Sending sample transaction 36
[2022-07-23T17:51:45.638Z INFO  client] Sending sample transaction 37
[2022-07-23T17:51:45.732Z INFO  client] Sending sample transaction 38
[2022-07-23T17:51:45.766Z INFO  client] Sending sample transaction 39
[2022-07-23T17:51:45.814Z INFO  client] Sending sample transaction 40
[2022-07-23T17:51:45.866Z INFO  client] Sending sample transaction 41
[2022-07-23T17:51:45.928Z INFO  client] Sending sample transaction 42
[2022-07-23T17:51:45.943Z INFO  client] Sending sample transaction 43
[2022-07-23T17:51:45.996Z INFO  client] Sending sample transaction 44
[2022-07-23T17:51:46.039Z INFO  client] Sending sample transaction 45
[2022-07-23T17:51:46.089Z INFO  client] Sending sample transaction 46
[2022-07-23T17:51:46.139Z INFO  client] Sending sample transaction 47
[2022-07-23T17:51:46.194Z INFO  client] Sending sample transaction 48
[2022-07-23T17:51:46.239Z INFO  client] Sending sample transaction 49
[2022-07-23T17:51:46.288Z INFO  client] Sending sample transaction 50
[2022-07-23T17:51:46.339Z INFO  client] Sending sample transaction 51
[2022-07-23T17:51:46.389Z INFO  client] Sending sample transaction 52
[2022-07-23T17:51:46.439Z INFO  client] Sending sample transaction 53
[2022-07-23T17:51:46.488Z INFO  client] Sending sample transaction 54
[2022-07-23T17:51:46.538Z INFO  client] Sending sample transaction 55
[2022-07-23T17:51:46.589Z INFO  client] Sending sample transaction 56
[2022-07-23T17:51:46.640Z INFO  client] Sending sample transaction 57
[2022-07-23T17:51:46.689Z INFO  client] Sending sample transaction 58
[2022-07-23T17:51:46.770Z INFO  client] Sending sample transaction 59
[2022-07-23T17:51:46.808Z INFO  client] Sending sample transaction 60
[2022-07-23T17:51:46.855Z INFO  client] Sending sample transaction 61
[2022-07-23T17:51:46.913Z INFO  client] Sending sample transaction 62
[2022-07-23T17:51:46.939Z INFO  client] Sending sample transaction 63
[2022-07-23T17:51:47.057Z INFO  client] Sending sample transaction 64
[2022-07-23T17:51:47.060Z INFO  client] Sending sample transaction 65
[2022-07-23T17:51:47.089Z INFO  client] Sending sample transaction 66
[2022-07-23T17:51:47.139Z INFO  client] Sending sample transaction 67
[2022-07-23T17:51:47.189Z INFO  client] Sending sample transaction 68
[2022-07-23T17:51:47.239Z INFO  client] Sending sample transaction 69
[2022-07-23T17:51:47.288Z INFO  client] Sending sample transaction 70
[2022-07-23T17:51:47.339Z INFO  client] Sending sample transaction 71
[2022-07-23T17:51:47.389Z INFO  client] Sending sample transaction 72
[2022-07-23T17:51:47.438Z INFO  client] Sending sample transaction 73
[2022-07-23T17:51:47.489Z INFO  client] Sending sample transaction 74
[2022-07-23T17:51:47.541Z INFO  client] Sending sample transaction 75
[2022-07-23T17:51:47.588Z INFO  client] Sending sample transaction 76
[2022-07-23T17:51:47.639Z INFO  client] Sending sample transaction 77
[2022-07-23T17:51:47.689Z INFO  client] Sending sample transaction 78
[2022-07-23T17:51:47.739Z INFO  client] Sending sample transaction 79
[2022-07-23T17:51:47.788Z INFO  client] Sending sample transaction 80
[2022-07-23T17:51:47.838Z INFO  client] Sending sample transaction 81
[2022-07-23T17:51:47.907Z INFO  client] Sending sample transaction 82
[2022-07-23T17:51:47.946Z INFO  client] Sending sample transaction 83
[2022-07-23T17:51:48.025Z INFO  client] Sending sample transaction 84
[2022-07-23T17:51:48.074Z INFO  client] Sending sample transaction 85
[2022-07-23T17:51:48.101Z INFO  client] Sending sample transaction 86
[2022-07-23T17:51:48.162Z INFO  client] Sending sample transaction 87
[2022-07-23T17:51:48.189Z INFO  client] Sending sample transaction 88
[2022-07-23T17:51:48.244Z INFO  client] Sending sample transaction 89
[2022-07-23T17:51:48.288Z INFO  client] Sending sample transaction 90
[2022-07-23T17:51:48.340Z INFO  client] Sending sample transaction 91
[2022-07-23T17:51:48.389Z INFO  client] Sending sample transaction 92
[2022-07-23T17:51:48.439Z INFO  client] Sending sample transaction 93
[2022-07-23T17:51:48.489Z INFO  client] Sending sample transaction 94
[2022-07-23T17:51:48.539Z INFO  client] Sending sample transaction 95
[2022-07-23T17:51:48.589Z INFO  client] Sending sample transaction 96
[2022-07-23T17:51:48.639Z INFO  client] Sending sample transaction 97
[2022-07-23T17:51:48.689Z INFO  client] Sending sample transaction 98
[2022-07-23T17:51:48.739Z INFO  client] Sending sample transaction 99
[2022-07-23T17:51:48.788Z INFO  client] Sending sample transaction 100
[2022-07-23T17:51:48.839Z INFO  client] Sending sample transaction 101
[2022-07-23T17:51:48.889Z INFO  client] Sending sample transaction 102
[2022-07-23T17:51:48.976Z INFO  client] Sending sample transaction 103
[2022-07-23T17:51:49.015Z INFO  client] Sending sample transaction 104
[2022-07-23T17:51:49.039Z INFO  client] Sending sample transaction 105
[2022-07-23T17:51:49.088Z INFO  client] Sending sample transaction 106
[2022-07-23T17:51:49.140Z INFO  client] Sending sample transaction 107
[2022-07-23T17:51:49.190Z INFO  client] Sending sample transaction 108
[2022-07-23T17:51:49.240Z INFO  client] Sending sample transaction 109
[2022-07-23T17:51:49.289Z INFO  client] Sending sample transaction 110
[2022-07-23T17:51:49.339Z INFO  client] Sending sample transaction 111
[2022-07-23T17:51:49.388Z INFO  client] Sending sample transaction 112
[2022-07-23T17:51:49.440Z INFO  client] Sending sample transaction 113
[2022-07-23T17:51:49.488Z INFO  client] Sending sample transaction 114
[2022-07-23T17:51:49.538Z INFO  client] Sending sample transaction 115
[2022-07-23T17:51:49.588Z INFO  client] Sending sample transaction 116
[2022-07-23T17:51:49.639Z INFO  client] Sending sample transaction 117
[2022-07-23T17:51:49.689Z INFO  client] Sending sample transaction 118
[2022-07-23T17:51:49.739Z INFO  client] Sending sample transaction 119
[2022-07-23T17:51:49.788Z INFO  client] Sending sample transaction 120
[2022-07-23T17:51:49.838Z INFO  client] Sending sample transaction 121
[2022-07-23T17:51:49.889Z INFO  client] Sending sample transaction 122
[2022-07-23T17:51:49.939Z INFO  client] Sending sample transaction 123
[2022-07-23T17:51:49.989Z INFO  client] Sending sample transaction 124
[2022-07-23T17:51:50.039Z INFO  client] Sending sample transaction 125
[2022-07-23T17:51:50.089Z INFO  client] Sending sample transaction 126
[2022-07-23T17:51:50.189Z INFO  client] Sending sample transaction 127
[2022-07-23T17:51:50.197Z INFO  client] Sending sample transaction 128
[2022-07-23T17:51:50.245Z INFO  client] Sending sample transaction 129
[2022-07-23T17:51:50.324Z INFO  client] Sending sample transaction 130
[2022-07-23T17:51:50.350Z INFO  client] Sending sample transaction 131
[2022-07-23T17:51:50.410Z INFO  client] Sending sample transaction 132
[2022-07-23T17:51:50.448Z INFO  client] Sending sample transaction 133
[2022-07-23T17:51:50.489Z INFO  client] Sending sample transaction 134
[2022-07-23T17:51:50.539Z INFO  client] Sending sample transaction 135
[2022-07-23T17:51:50.588Z INFO  client] Sending sample transaction 136
[2022-07-23T17:51:50.639Z INFO  client] Sending sample transaction 137
[2022-07-23T17:51:50.688Z INFO  client] Sending sample transaction 138
[2022-07-23T17:51:50.740Z INFO  client] Sending sample transaction 139
[2022-07-23T17:51:50.788Z INFO  client] Sending sample transaction 140
[2022-07-23T17:51:50.838Z INFO  client] Sending sample transaction 141
[2022-07-23T17:51:50.889Z INFO  client] Sending sample transaction 142
[2022-07-23T17:51:50.938Z INFO  client] Sending sample transaction 143
[2022-07-23T17:51:50.989Z INFO  client] Sending sample transaction 144
[2022-07-23T17:51:51.038Z INFO  client] Sending sample transaction 145
[2022-07-23T17:51:51.089Z INFO  client] Sending sample transaction 146
[2022-07-23T17:51:51.139Z INFO  client] Sending sample transaction 147
[2022-07-23T17:51:51.188Z INFO  client] Sending sample transaction 148
[2022-07-23T17:51:51.239Z INFO  client] Sending sample transaction 149
[2022-07-23T17:51:51.288Z INFO  client] Sending sample transaction 150
[2022-07-23T17:51:51.339Z INFO  client] Sending sample transaction 151
[2022-07-23T17:51:51.388Z INFO  client] Sending sample transaction 152
[2022-07-23T17:51:51.440Z INFO  client] Sending sample transaction 153
[2022-07-23T17:51:51.489Z INFO  client] Sending sample transaction 154
[2022-07-23T17:51:51.539Z INFO  client] Sending sample transaction 155
[2022-07-23T17:51:51.588Z INFO  client] Sending sample transaction 156
[2022-07-23T17:51:51.639Z INFO  client] Sending sample transaction 157
[2022-07-23T17:51:51.689Z INFO  client] Sending sample transaction 158
[2022-07-23T17:51:51.739Z INFO  client] Sending sample transaction 159
[2022-07-23T17:51:51.788Z INFO  client] Sending sample transaction 160
[2022-07-23T17:51:51.838Z INFO  client] Sending sample transaction 161
[2022-07-23T17:51:51.889Z INFO  client] Sending sample transaction 162
[2022-07-23T17:51:51.939Z INFO  client] Sending sample transaction 163
[2022-07-23T17:51:51.988Z INFO  client] Sending sample transaction 164
[2022-07-23T17:51:52.039Z INFO  client] Sending sample transaction 165
[2022-07-23T17:51:52.089Z INFO  client] Sending sample transaction 166
[2022-07-23T17:51:52.139Z INFO  client] Sending sample transaction 167
[2022-07-23T17:51:52.247Z INFO  client] Sending sample transaction 168
[2022-07-23T17:51:52.251Z INFO  client] Sending sample transaction 169
[2022-07-23T17:51:52.288Z INFO  client] Sending sample transaction 170
[2022-07-23T17:51:52.338Z INFO  client] Sending sample transaction 171
[2022-07-23T17:51:52.388Z INFO  client] Sending sample transaction 172
[2022-07-23T17:51:52.448Z INFO  client] Sending sample transaction 173
[2022-07-23T17:51:52.496Z INFO  client] Sending sample transaction 174
[2022-07-23T17:51:52.538Z INFO  client] Sending sample transaction 175
[2022-07-23T17:51:52.588Z INFO  client] Sending sample transaction 176
[2022-07-23T17:51:52.639Z INFO  client] Sending sample transaction 177
[2022-07-23T17:51:52.689Z INFO  client] Sending sample transaction 178
[2022-07-23T17:51:52.739Z INFO  client] Sending sample transaction 179
[2022-07-23T17:51:52.789Z INFO  client] Sending sample transaction 180
[2022-07-23T17:51:52.839Z INFO  client] Sending sample transaction 181
[2022-07-23T17:51:52.889Z INFO  client] Sending sample transaction 182
[2022-07-23T17:51:52.939Z INFO  client] Sending sample transaction 183
[2022-07-23T17:51:52.988Z INFO  client] Sending sample transaction 184
[2022-07-23T17:51:53.038Z INFO  client] Sending sample transaction 185
[2022-07-23T17:51:53.088Z INFO  client] Sending sample transaction 186
[2022-07-23T17:51:53.139Z INFO  client] Sending sample transaction 187
[2022-07-23T17:51:53.189Z INFO  client] Sending sample transaction 188
[2022-07-23T17:51:53.239Z INFO  client] Sending sample transaction 189
[2022-07-23T17:51:53.289Z INFO  client] Sending sample transaction 190
[2022-07-23T17:51:53.340Z INFO  client] Sending sample transaction 191
[2022-07-23T17:51:53.391Z INFO  client] Sending sample transaction 192
[2022-07-23T17:51:53.438Z INFO  client] Sending sample transaction 193
[2022-07-23T17:51:53.490Z INFO  client] Sending sample transaction 194
[2022-07-23T17:51:53.539Z INFO  client] Sending sample transaction 195
[2022-07-23T17:51:53.589Z INFO  client] Sending sample transaction 196
[2022-07-23T17:51:53.638Z INFO  client] Sending sample transaction 197
[2022-07-23T17:51:53.689Z INFO  client] Sending sample transaction 198
[2022-07-23T17:51:53.738Z INFO  client] Sending sample transaction 199
[2022-07-23T17:51:53.789Z INFO  client] Sending sample transaction 200
[2022-07-23T17:51:53.839Z INFO  client] Sending sample transaction 201
[2022-07-23T17:51:53.888Z INFO  client] Sending sample transaction 202
[2022-07-23T17:51:53.958Z INFO  client] Sending sample transaction 203
[2022-07-23T17:51:53.989Z INFO  client] Sending sample transaction 204
[2022-07-23T17:51:54.069Z INFO  client] Sending sample transaction 205
[2022-07-23T17:51:54.092Z INFO  client] Sending sample transaction 206
[2022-07-23T17:51:54.139Z INFO  client] Sending sample transaction 207
[2022-07-23T17:51:54.189Z INFO  client] Sending sample transaction 208
[2022-07-23T17:51:54.239Z INFO  client] Sending sample transaction 209
[2022-07-23T17:51:54.290Z INFO  client] Sending sample transaction 210
[2022-07-23T17:51:54.339Z INFO  client] Sending sample transaction 211
[2022-07-23T17:51:54.389Z INFO  client] Sending sample transaction 212
[2022-07-23T17:51:54.438Z INFO  client] Sending sample transaction 213
[2022-07-23T17:51:54.489Z INFO  client] Sending sample transaction 214
[2022-07-23T17:51:54.548Z INFO  client] Sending sample transaction 215
[2022-07-23T17:51:54.594Z INFO  client] Sending sample transaction 216
[2022-07-23T17:51:54.639Z INFO  client] Sending sample transaction 217
[2022-07-23T17:51:54.688Z INFO  client] Sending sample transaction 218
[2022-07-23T17:51:54.739Z INFO  client] Sending sample transaction 219
[2022-07-23T17:51:54.789Z INFO  client] Sending sample transaction 220
[2022-07-23T17:51:54.839Z INFO  client] Sending sample transaction 221
[2022-07-23T17:51:54.943Z INFO  client] Sending sample transaction 222
[2022-07-23T17:51:54.968Z INFO  client] Sending sample transaction 223
[2022-07-23T17:51:55.045Z INFO  client] Sending sample transaction 224
[2022-07-23T17:51:55.046Z INFO  client] Sending sample transaction 225
[2022-07-23T17:51:55.090Z INFO  client] Sending sample transaction 226
[2022-07-23T17:51:55.140Z INFO  client] Sending sample transaction 227
[2022-07-23T17:51:55.188Z INFO  client] Sending sample transaction 228
[2022-07-23T17:51:55.238Z INFO  client] Sending sample transaction 229
[2022-07-23T17:51:55.288Z INFO  client] Sending sample transaction 230
[2022-07-23T17:51:55.339Z INFO  client] Sending sample transaction 231
[2022-07-23T17:51:55.389Z INFO  client] Sending sample transaction 232
[2022-07-23T17:51:55.439Z INFO  client] Sending sample transaction 233
[2022-07-23T17:51:55.489Z INFO  client] Sending sample transaction 234
[2022-07-23T17:51:55.538Z INFO  client] Sending sample transaction 235
[2022-07-23T17:51:55.590Z INFO  client] Sending sample transaction 236
[2022-07-23T17:51:55.646Z INFO  client] Sending sample transaction 237
[2022-07-23T17:51:55.689Z INFO  client] Sending sample transaction 238
[2022-07-23T17:51:55.739Z INFO  client] Sending sample transaction 239
[2022-07-23T17:51:55.789Z INFO  client] Sending sample transaction 240
[2022-07-23T17:51:55.839Z INFO  client] Sending sample transaction 241
[2022-07-23T17:51:55.889Z INFO  client] Sending sample transaction 242
[2022-07-23T17:51:55.975Z INFO  client] Sending sample transaction 243
[2022-07-23T17:51:55.989Z INFO  client] Sending sample transaction 244
[2022-07-23T17:51:56.047Z INFO  client] Sending sample transaction 245
[2022-07-23T17:51:56.112Z INFO  client] Sending sample transaction 246
[2022-07-23T17:51:56.138Z INFO  client] Sending sample transaction 247
[2022-07-23T17:51:56.189Z INFO  client] Sending sample transaction 248
[2022-07-23T17:51:56.238Z INFO  client] Sending sample transaction 249
[2022-07-23T17:51:56.288Z INFO  client] Sending sample transaction 250
[2022-07-23T17:51:56.339Z INFO  client] Sending sample transaction 251
[2022-07-23T17:51:56.389Z INFO  client] Sending sample transaction 252
[2022-07-23T17:51:56.439Z INFO  client] Sending sample transaction 253
[2022-07-23T17:51:56.489Z INFO  client] Sending sample transaction 254
[2022-07-23T17:51:56.538Z INFO  client] Sending sample transaction 255
[2022-07-23T17:51:56.589Z INFO  client] Sending sample transaction 256
[2022-07-23T17:51:56.638Z INFO  client] Sending sample transaction 257
[2022-07-23T17:51:56.694Z INFO  client] Sending sample transaction 258
[2022-07-23T17:51:56.739Z INFO  client] Sending sample transaction 259
[2022-07-23T17:51:56.788Z INFO  client] Sending sample transaction 260
[2022-07-23T17:51:56.838Z INFO  client] Sending sample transaction 261
[2022-07-23T17:51:56.889Z INFO  client] Sending sample transaction 262
[2022-07-23T17:51:56.962Z INFO  client] Sending sample transaction 263
[2022-07-23T17:51:56.992Z INFO  client] Sending sample transaction 264
[2022-07-23T17:51:57.087Z INFO  client] Sending sample transaction 265
[2022-07-23T17:51:57.089Z INFO  client] Sending sample transaction 266
[2022-07-23T17:51:57.139Z INFO  client] Sending sample transaction 267
[2022-07-23T17:51:57.189Z INFO  client] Sending sample transaction 268
[2022-07-23T17:51:57.240Z INFO  client] Sending sample transaction 269
[2022-07-23T17:51:57.288Z INFO  client] Sending sample transaction 270
[2022-07-23T17:51:57.339Z INFO  client] Sending sample transaction 271
[2022-07-23T17:51:57.389Z INFO  client] Sending sample transaction 272
[2022-07-23T17:51:57.439Z INFO  client] Sending sample transaction 273
[2022-07-23T17:51:57.489Z INFO  client] Sending sample transaction 274
[2022-07-23T17:51:57.538Z INFO  client] Sending sample transaction 275
[2022-07-23T17:51:57.589Z INFO  client] Sending sample transaction 276
[2022-07-23T17:51:57.640Z INFO  client] Sending sample transaction 277
[2022-07-23T17:51:57.689Z INFO  client] Sending sample transaction 278
[2022-07-23T17:51:57.747Z INFO  client] Sending sample transaction 279
[2022-07-23T17:51:57.788Z INFO  client] Sending sample transaction 280
[2022-07-23T17:51:57.839Z INFO  client] Sending sample transaction 281
[2022-07-23T17:51:57.888Z INFO  client] Sending sample transaction 282
[2022-07-23T17:51:57.939Z INFO  client] Sending sample transaction 283
[2022-07-23T17:51:57.989Z INFO  client] Sending sample transaction 284
[2022-07-23T17:51:58.039Z INFO  client] Sending sample transaction 285
[2022-07-23T17:51:58.088Z INFO  client] Sending sample transaction 286
[2022-07-23T17:51:58.138Z INFO  client] Sending sample transaction 287
[2022-07-23T17:51:58.197Z INFO  client] Sending sample transaction 288
[2022-07-23T17:51:58.287Z INFO  client] Sending sample transaction 289
[2022-07-23T17:51:58.298Z INFO  client] Sending sample transaction 290
[2022-07-23T17:51:58.345Z INFO  client] Sending sample transaction 291
[2022-07-23T17:51:58.390Z INFO  client] Sending sample transaction 292
[2022-07-23T17:51:58.439Z INFO  client] Sending sample transaction 293
[2022-07-23T17:51:58.490Z INFO  client] Sending sample transaction 294
[2022-07-23T17:51:58.539Z INFO  client] Sending sample transaction 295
[2022-07-23T17:51:58.589Z INFO  client] Sending sample transaction 296
[2022-07-23T17:51:58.638Z INFO  client] Sending sample transaction 297
[2022-07-23T17:51:58.689Z INFO  client] Sending sample transaction 298
[2022-07-23T17:51:58.741Z INFO  client] Sending sample transaction 299
[2022-07-23T17:51:58.809Z INFO  client] Sending sample transaction 300
[2022-07-23T17:51:58.847Z INFO  client] Sending sample transaction 301
[2022-07-23T17:51:58.889Z INFO  client] Sending sample transaction 302
[2022-07-23T17:51:58.939Z INFO  client] Sending sample transaction 303
[2022-07-23T17:51:58.991Z INFO  client] Sending sample transaction 304
[2022-07-23T17:51:59.039Z INFO  client] Sending sample transaction 305
[2022-07-23T17:51:59.089Z INFO  client] Sending sample transaction 306
[2022-07-23T17:51:59.139Z INFO  client] Sending sample transaction 307
[2022-07-23T17:51:59.188Z INFO  client] Sending sample transaction 308
[2022-07-23T17:51:59.239Z INFO  client] Sending sample transaction 309
[2022-07-23T17:51:59.288Z INFO  client] Sending sample transaction 310
[2022-07-23T17:51:59.341Z INFO  client] Sending sample transaction 311
[2022-07-23T17:51:59.388Z INFO  client] Sending sample transaction 312
[2022-07-23T17:51:59.439Z INFO  client] Sending sample transaction 313
[2022-07-23T17:51:59.508Z INFO  client] Sending sample transaction 314
[2022-07-23T17:51:59.561Z INFO  client] Sending sample transaction 315
[2022-07-23T17:51:59.593Z INFO  client] Sending sample transaction 316
[2022-07-23T17:51:59.675Z INFO  client] Sending sample transaction 317
[2022-07-23T17:51:59.697Z INFO  client] Sending sample transaction 318
[2022-07-23T17:51:59.739Z INFO  client] Sending sample transaction 319
[2022-07-23T17:51:59.798Z INFO  client] Sending sample transaction 320
[2022-07-23T17:51:59.848Z INFO  client] Sending sample transaction 321
[2022-07-23T17:51:59.912Z INFO  client] Sending sample transaction 322
[2022-07-23T17:51:59.939Z INFO  client] Sending sample transaction 323
[2022-07-23T17:51:59.989Z INFO  client] Sending sample transaction 324
[2022-07-23T17:52:00.039Z INFO  client] Sending sample transaction 325
[2022-07-23T17:52:00.091Z INFO  client] Sending sample transaction 326
[2022-07-23T17:52:00.139Z INFO  client] Sending sample transaction 327
[2022-07-23T17:52:00.189Z INFO  client] Sending sample transaction 328
[2022-07-23T17:52:00.239Z INFO  client] Sending sample transaction 329
[2022-07-23T17:52:00.289Z INFO  client] Sending sample transaction 330
[2022-07-23T17:52:00.339Z INFO  client] Sending sample transaction 331
[2022-07-23T17:52:00.389Z INFO  client] Sending sample transaction 332
[2022-07-23T17:52:00.439Z INFO  client] Sending sample transaction 333
[2022-07-23T17:52:00.488Z INFO  client] Sending sample transaction 334
[2022-07-23T17:52:00.538Z INFO  client] Sending sample transaction 335
[2022-07-23T17:52:00.588Z INFO  client] Sending sample transaction 336
[2022-07-23T17:52:00.639Z INFO  client] Sending sample transaction 337
[2022-07-23T17:52:00.690Z INFO  client] Sending sample transaction 338
[2022-07-23T17:52:00.740Z INFO  client] Sending sample transaction 339
[2022-07-23T17:52:00.788Z INFO  client] Sending sample transaction 340
[2022-07-23T17:52:00.839Z INFO  client] Sending sample transaction 341
[2022-07-23T17:52:00.915Z INFO  client] Sending sample transaction 342
[2022-07-23T17:52:00.973Z INFO  client] Sending sample transaction 343
[2022-07-23T17:52:01.017Z INFO  client] Sending sample transaction 344
[2022-07-23T17:52:01.075Z INFO  client] Sending sample transaction 345
[2022-07-23T17:52:01.098Z INFO  client] Sending sample transaction 346
[2022-07-23T17:52:01.142Z INFO  client] Sending sample transaction 347
[2022-07-23T17:52:01.189Z INFO  client] Sending sample transaction 348
[2022-07-23T17:52:01.239Z INFO  client] Sending sample transaction 349
[2022-07-23T17:52:01.289Z INFO  client] Sending sample transaction 350
[2022-07-23T17:52:01.338Z INFO  client] Sending sample transaction 351
[2022-07-23T17:52:01.390Z INFO  client] Sending sample transaction 352
[2022-07-23T17:52:01.439Z INFO  client] Sending sample transaction 353
[2022-07-23T17:52:01.489Z INFO  client] Sending sample transaction 354
[2022-07-23T17:52:01.541Z INFO  client] Sending sample transaction 355
[2022-07-23T17:52:01.588Z INFO  client] Sending sample transaction 356
[2022-07-23T17:52:01.639Z INFO  client] Sending sample transaction 357
[2022-07-23T17:52:01.689Z INFO  client] Sending sample transaction 358
[2022-07-23T17:52:01.740Z INFO  client] Sending sample transaction 359
[2022-07-23T17:52:01.789Z INFO  client] Sending sample transaction 360
[2022-07-23T17:52:01.838Z INFO  client] Sending sample transaction 361
[2022-07-23T17:52:01.890Z INFO  client] Sending sample transaction 362
[2022-07-23T17:52:01.939Z INFO  client] Sending sample transaction 363
[2022-07-23T17:52:01.989Z INFO  client] Sending sample transaction 364
[2022-07-23T17:52:02.038Z INFO  client] Sending sample transaction 365
[2022-07-23T17:52:02.089Z INFO  client] Sending sample transaction 366
[2022-07-23T17:52:02.139Z INFO  client] Sending sample transaction 367
[2022-07-23T17:52:02.190Z INFO  client] Sending sample transaction 368
[2022-07-23T17:52:02.239Z INFO  client] Sending sample transaction 369
[2022-07-23T17:52:02.337Z INFO  client] Sending sample transaction 370
[2022-07-23T17:52:02.370Z INFO  client] Sending sample transaction 371
[2022-07-23T17:52:02.425Z INFO  client] Sending sample transaction 372
[2022-07-23T17:52:02.464Z INFO  client] Sending sample transaction 373
[2022-07-23T17:52:02.489Z INFO  client] Sending sample transaction 374
[2022-07-23T17:52:02.547Z INFO  client] Sending sample transaction 375
[2022-07-23T17:52:02.590Z INFO  client] Sending sample transaction 376
[2022-07-23T17:52:02.639Z INFO  client] Sending sample transaction 377
[2022-07-23T17:52:02.689Z INFO  client] Sending sample transaction 378
[2022-07-23T17:52:02.739Z INFO  client] Sending sample transaction 379
[2022-07-23T17:52:02.789Z INFO  client] Sending sample transaction 380
[2022-07-23T17:52:02.840Z INFO  client] Sending sample transaction 381
[2022-07-23T17:52:02.890Z INFO  client] Sending sample transaction 382
[2022-07-23T17:52:02.939Z INFO  client] Sending sample transaction 383
[2022-07-23T17:52:02.988Z INFO  client] Sending sample transaction 384
[2022-07-23T17:52:03.039Z INFO  client] Sending sample transaction 385
[2022-07-23T17:52:03.088Z INFO  client] Sending sample transaction 386
[2022-07-23T17:52:03.139Z INFO  client] Sending sample transaction 387
[2022-07-23T17:52:03.194Z INFO  client] Sending sample transaction 388
[2022-07-23T17:52:03.255Z INFO  client] Sending sample transaction 389
[2022-07-23T17:52:03.291Z INFO  client] Sending sample transaction 390
[2022-07-23T17:52:03.339Z INFO  client] Sending sample transaction 391
[2022-07-23T17:52:03.388Z INFO  client] Sending sample transaction 392
[2022-07-23T17:52:03.439Z INFO  client] Sending sample transaction 393
[2022-07-23T17:52:03.489Z INFO  client] Sending sample transaction 394
[2022-07-23T17:52:03.538Z INFO  client] Sending sample transaction 395
[2022-07-23T17:52:03.611Z INFO  client] Sending sample transaction 396
[2022-07-23T17:52:03.653Z INFO  client] Sending sample transaction 397
[2022-07-23T17:52:03.701Z INFO  client] Sending sample transaction 398
[2022-07-23T17:52:03.785Z INFO  client] Sending sample transaction 399
[2022-07-23T17:52:03.807Z INFO  client] Sending sample transaction 400
[2022-07-23T17:52:03.840Z INFO  client] Sending sample transaction 401
[2022-07-23T17:52:03.890Z INFO  client] Sending sample transaction 402
[2022-07-23T17:52:03.939Z INFO  client] Sending sample transaction 403
[2022-07-23T17:52:03.992Z INFO  client] Sending sample transaction 404
[2022-07-23T17:52:04.047Z INFO  client] Sending sample transaction 405
[2022-07-23T17:52:04.088Z INFO  client] Sending sample transaction 406
[2022-07-23T17:52:04.145Z INFO  client] Sending sample transaction 407
[2022-07-23T17:52:04.192Z INFO  client] Sending sample transaction 408
[2022-07-23T17:52:04.239Z INFO  client] Sending sample transaction 409
[2022-07-23T17:52:04.290Z INFO  client] Sending sample transaction 410
[2022-07-23T17:52:04.339Z INFO  client] Sending sample transaction 411
[2022-07-23T17:52:04.388Z INFO  client] Sending sample transaction 412
[2022-07-23T17:52:04.438Z INFO  client] Sending sample transaction 413
[2022-07-23T17:52:04.489Z INFO  client] Sending sample transaction 414
[2022-07-23T17:52:04.538Z INFO  client] Sending sample transaction 415
[2022-07-23T17:52:04.589Z INFO  client] Sending sample transaction 416
[2022-07-23T17:52:04.669Z INFO  client] Sending sample transaction 417
[2022-07-23T17:52:04.711Z INFO  client] Sending sample transaction 418
[2022-07-23T17:52:04.744Z INFO  client] Sending sample transaction 419
[2022-07-23T17:52:04.789Z INFO  client] Sending sample transaction 420
[2022-07-23T17:52:04.844Z INFO  client] Sending sample transaction 421
[2022-07-23T17:52:04.893Z INFO  client] Sending sample transaction 422
[2022-07-23T17:52:04.943Z INFO  client] Sending sample transaction 423
[2022-07-23T17:52:04.991Z INFO  client] Sending sample transaction 424
[2022-07-23T17:52:05.040Z INFO  client] Sending sample transaction 425
[2022-07-23T17:52:05.090Z INFO  client] Sending sample transaction 426
[2022-07-23T17:52:05.190Z INFO  client] Sending sample transaction 427
[2022-07-23T17:52:05.229Z INFO  client] Sending sample transaction 428
[2022-07-23T17:52:05.250Z INFO  client] Sending sample transaction 429
[2022-07-23T17:52:05.332Z INFO  client] Sending sample transaction 430
[2022-07-23T17:52:05.369Z INFO  client] Sending sample transaction 431
[2022-07-23T17:52:05.420Z INFO  client] Sending sample transaction 432
[2022-07-23T17:52:05.487Z INFO  client] Sending sample transaction 433
[2022-07-23T17:52:05.501Z INFO  client] Sending sample transaction 434
[2022-07-23T17:52:05.544Z INFO  client] Sending sample transaction 435
[2022-07-23T17:52:05.593Z INFO  client] Sending sample transaction 436
[2022-07-23T17:52:05.686Z INFO  client] Sending sample transaction 437
[2022-07-23T17:52:05.700Z INFO  client] Sending sample transaction 438
[2022-07-23T17:52:05.771Z INFO  client] Sending sample transaction 439
[2022-07-23T17:52:05.794Z INFO  client] Sending sample transaction 440
[2022-07-23T17:52:05.846Z INFO  client] Sending sample transaction 441
