[2022-07-23T17:51:41.299Z INFO  client] Node address: 127.0.0.1:9011
[2022-07-23T17:51:41.299Z INFO  client] Transactions size: 512 B
[2022-07-23T17:51:41.299Z INFO  client] Transactions rate: 112 tx/s
[2022-07-23T17:51:41.299Z INFO  client] Waiting for all nodes to be online...
[2022-07-23T17:51:41.299Z INFO  client] Waiting for all nodes to be synchronized...
[2022-07-23T17:51:43.326Z INFO  client] Start sending transactions
[2022-07-23T17:51:43.329Z INFO  client] Sending sample transaction 0
[2022-07-23T17:51:43.379Z INFO  client] Sending sample transaction 1
[2022-07-23T17:51:43.429Z INFO  client] Sending sample transaction 2
[2022-07-23T17:51:43.543Z INFO  client] Sending sample transaction 3
[2022-07-23T17:51:43.545Z INFO  client] Sending sample transaction 4
[2022-07-23T17:51:43.604Z INFO  client] Sending sample transaction 5
[2022-07-23T17:51:43.640Z INFO  client] Sending sample transaction 6
[2022-07-23T17:51:43.679Z INFO  client] Sending sample transaction 7
[2022-07-23T17:51:43.730Z INFO  client] Sending sample transaction 8
[2022-07-23T17:51:43.781Z INFO  client] Sending sample transaction 9
[2022-07-23T17:51:43.832Z INFO  client] Sending sample transaction 10
[2022-07-23T17:51:43.880Z INFO  client] Sending sample transaction 11
[2022-07-23T17:51:43.931Z INFO  client] Sending sample transaction 12
[2022-07-23T17:51:43.979Z INFO  client] Sending sample transaction 13
[2022-07-23T17:51:44.029Z INFO  client] Sending sample transaction 14
[2022-07-23T17:51:44.079Z INFO  client] Sending sample transaction 15
[2022-07-23T17:51:44.131Z INFO  client] Sending sample transaction 16
[2022-07-23T17:51:44.178Z INFO  client] Sending sample transaction 17
[2022-07-23T17:51:44.229Z INFO  client] Sending sample transaction 18
[2022-07-23T17:51:44.279Z INFO  client] Sending sample transaction 19
[2022-07-23T17:51:44.329Z INFO  client] Sending sample transaction 20
[2022-07-23T17:51:44.378Z INFO  client] Sending sample transaction 21
[2022-07-23T17:51:44.428Z INFO  client] Sending sample transaction 22
[2022-07-23T17:51:44.509Z INFO  client] Sending sample transaction 23
[2022-07-23T17:51:44.556Z INFO  client] Sending sample transaction 24
[2022-07-23T17:51:44.636Z INFO  client] Sending sample transaction 25
[2022-07-23T17:51:44.720Z INFO  client] Sending sample transaction 26
[2022-07-23T17:51:44.721Z INFO  client] Sending sample transaction 27
[2022-07-23T17:51:44.772Z INFO  client] Sending sample transaction 28
[2022-07-23T17:51:44.794Z INFO  client] Sending sample transaction 29
[2022-07-23T17:51:44.829Z INFO  client] Sending sample transaction 30
[2022-07-23T17:51:44.879Z INFO  client] Sending sample transaction 31
[2022-07-23T17:51:44.929Z INFO  client] Sending sample transaction 32
[2022-07-23T17:51:44.979Z INFO  client] Sending sample transaction 33
[2022-07-23T17:51:45.029Z INFO  client] Sending sample transaction 34
[2022-07-23T17:51:45.079Z INFO  client] Sending sample transaction 35
[2022-07-23T17:51:45.128Z INFO  client] Sending sample transaction 36
[2022-07-23T17:51:45.180Z INFO  client] Sending sample transaction 37
[2022-07-23T17:51:45.229Z INFO  client] Sending sample transaction 38
[2022-07-23T17:51:45.280Z INFO  client] Sending sample transaction 39
[2022-07-23T17:51:45.328Z INFO  client] Sending sample transaction 40
[2022-07-23T17:51:45.386Z INFO  client] Sending sample transaction 41
[2022-07-23T17:51:45.444Z INFO  client] Sending sample transaction 42
[2022-07-23T17:51:45.481Z INFO  client] Sending sample transaction 43
[2022-07-23T17:51:45.530Z INFO  client] Sending sample transaction 44
[2022-07-23T17:51:45.584Z INFO  client] Sending sample transaction 45
[2022-07-23T17:51:45.629Z INFO  client] Sending sample transaction 46
[2022-07-23T17:51:45.743Z INFO  client] Sending sample transaction 47
[2022-07-23T17:51:45.797Z INFO  client] Sending sample transaction 48
[2022-07-23T17:51:45.838Z INFO  client] Sending sample transaction 49
[2022-07-23T17:51:45.870Z INFO  client] Sending sample transaction 50
[2022-07-23T17:51:45.913Z INFO  client] Sending sample transaction 51
[2022-07-23T17:51:45.938Z INFO  client] Sending sample transaction 52
[2022-07-23T17:51:45.983Z INFO  client] Sending sample transaction 53
[2022-07-23T17:51:46.028Z INFO  client] Sending sample transaction 54
[2022-07-23T17:51:46.078Z INFO  client] Sending sample transaction 55
[2022-07-23T17:51:46.128Z INFO  client] Sending sample transaction 56
[2022-07-23T17:51:46.178Z INFO  client] Sending sample transaction 57
[2022-07-23T17:51:46.229Z INFO  client] Sending sample transaction 58
[2022-07-23T17:51:46.278Z INFO  client] Sending sample transaction 59
[2022-07-23T17:51:46.328Z INFO  client] Sending sample transaction 60
[2022-07-23T17:51:46.378Z INFO  client] Sending sample transaction 61
[2022-07-23T17:51:46.428Z INFO  client] Sending sample transaction 62
[2022-07-23T17:51:46.478Z INFO  client] Sending sample transaction 63
[2022-07-23T17:51:46.529Z INFO  client] Sending sample transaction 64
[2022-07-23T17:51:46.578Z INFO  client] Sending sample transaction 65
[2022-07-23T17:51:46.628Z INFO  client] Sending sample transaction 66
[2022-07-23T17:51:46.679Z INFO  client] Sending sample transaction 67
[2022-07-23T17:51:46.771Z INFO  client] Sending sample transaction 68
[2022-07-23T17:51:46.813Z INFO  client] Sending sample transaction 69
[2022-07-23T17:51:46.832Z INFO  client] Sending sample transaction 70
[2022-07-23T17:51:46.909Z INFO  client] Sending sample transaction 71
[2022-07-23T17:51:46.928Z INFO  client] Sending sample transaction 72
[2022-07-23T17:51:46.981Z INFO  client] Sending sample transaction 73
[2022-07-23T17:51:47.057Z INFO  client] Sending sample transaction 74
[2022-07-23T17:51:47.079Z INFO  client] Sending sample transaction 75
[2022-07-23T17:51:47.128Z INFO  client] Sending sample transaction 76
[2022-07-23T17:51:47.178Z INFO  client] Sending sample transaction 77
[2022-07-23T17:51:47.228Z INFO  client] Sending sample transaction 78
[2022-07-23T17:51:47.278Z INFO  client] Sending sample transaction 79
[2022-07-23T17:51:47.328Z INFO  client] Sending sample transaction 80
[2022-07-23T17:51:47.378Z INFO  client] Sending sample transaction 81
[2022-07-23T17:51:47.428Z INFO  client] Sending sample transaction 82
[2022-07-23T17:51:47.478Z INFO  client] Sending sample transaction 83
[2022-07-23T17:51:47.529Z INFO  client] Sending sample transaction 84
[2022-07-23T17:51:47.578Z INFO  client] Sending sample transaction 85
[2022-07-23T17:51:47.628Z INFO  client] Sending sample transaction 86
[2022-07-23T17:51:47.678Z INFO  client] Sending sample transaction 87
[2022-07-23T17:51:47.729Z INFO  client] Sending sample transaction 88
[2022-07-23T17:51:47.779Z INFO  client] Sending sample transaction 89
[2022-07-23T17:51:47.829Z INFO  client] Sending sample transaction 90
[2022-07-23T17:51:47.878Z INFO  client] Sending sample transaction 91
[2022-07-23T17:51:47.933Z INFO  client] Sending sample transaction 92
[2022-07-23T17:51:47.984Z INFO  client] Sending sample transaction 93
[2022-07-23T17:51:48.032Z INFO  client] Sending sample transaction 94
[2022-07-23T17:51:48.089Z INFO  client] Sending sample transaction 95
[2022-07-23T17:51:48.162Z INFO  client] Sending sample transaction 96
[2022-07-23T17:51:48.183Z INFO  client] Sending sample transaction 97
[2022-07-23T17:51:48.233Z INFO  client] Sending sample transaction 98
[2022-07-23T17:51:48.279Z INFO  client] Sending sample transaction 99
[2022-07-23T17:51:48.328Z INFO  client] Sending sample transaction 100
[2022-07-23T17:51:48.378Z INFO  client] Sending sample transaction 101
[2022-07-23T17:51:48.428Z INFO  client] Sending sample transaction 102
[2022-07-23T17:51:48.478Z INFO  client] Sending sample transaction 103
[2022-07-23T17:51:48.528Z INFO  client] Sending sample transaction 104
[2022-07-23T17:51:48.578Z INFO  client] Sending sample transaction 105
[2022-07-23T17:51:48.628Z INFO  client] Sending sample transaction 106
[2022-07-23T17:51:48.678Z INFO  client] Sending sample transaction 107
[2022-07-23T17:51:48.728Z INFO  client] Sending sample transaction 108
[2022-07-23T17:51:48.778Z INFO  client] Sending sample transaction 109
[2022-07-23T17:51:48.828Z INFO  client] Sending sample transaction 110
[2022-07-23T17:51:48.878Z INFO  client] Sending sample transaction 111
[2022-07-23T17:51:48.976Z INFO  client] Sending sample transaction 112
[2022-07-23T17:51:49.016Z INFO  client] Sending sample transaction 113
[2022-07-23T17:51:49.038Z INFO  client] Sending sample transaction 114
[2022-07-23T17:51:49.078Z INFO  client] Sending sample transaction 115
[2022-07-23T17:51:49.128Z INFO  client] Sending sample transaction 116
[2022-07-23T17:51:49.180Z INFO  client] Sending sample transaction 117
[2022-07-23T17:51:49.228Z INFO  client] Sending sample transaction 118
[2022-07-23T17:51:49.278Z INFO  client] Sending sample transaction 119
[2022-07-23T17:51:49.328Z INFO  client] Sending sample transaction 120
[2022-07-23T17:51:49.379Z INFO  client] Sending sample transaction 121
[2022-07-23T17:51:49.428Z INFO  client] Sending sample transaction 122
[2022-07-23T17:51:49.478Z INFO  client] Sending sample transaction 123
[2022-07-23T17:51:49.529Z INFO  client] Sending sample transaction 124
[2022-07-23T17:51:49.578Z INFO  client] Sending sample transaction 125
[2022-07-23T17:51:49.628Z INFO  client] Sending sample transaction 126
[2022-07-23T17:51:49.679Z INFO  client] Sending sample transaction 127
[2022-07-23T17:51:49.729Z INFO  client] Sending sample transaction 128
[2022-07-23T17:51:49.779Z INFO  client] Sending sample transaction 129
[2022-07-23T17:51:49.828Z INFO  client] Sending sample transaction 130
[2022-07-23T17:51:49.878Z INFO  client] Sending sample transaction 131
[2022-07-23T17:51:49.928Z INFO  client] Sending sample transaction 132
[2022-07-23T17:51:49.978Z INFO  client] Sending sample transaction 133
[2022-07-23T17:51:50.028Z INFO  client] Sending sample transaction 134
[2022-07-23T17:51:50.078Z INFO  client] Sending sample transaction 135
[2022-07-23T17:51:50.176Z INFO  client] Sending sample transaction 136
[2022-07-23T17:51:50.199Z INFO  client] Sending sample transaction 137
[2022-07-23T17:51:50.247Z INFO  client] Sending sample transaction 138
[2022-07-23T17:51:50.292Z INFO  client] Sending sample transaction 139
[2022-07-23T17:51:50.330Z INFO  client] Sending sample transaction 140
[2022-07-23T17:51:50.426Z INFO  client] Sending sample transaction 141
[2022-07-23T17:51:50.449Z INFO  client] Sending sample transaction 142
[2022-07-23T17:51:50.479Z INFO  client] Sending sample transaction 143
[2022-07-23T17:51:50.529Z INFO  client] Sending sample transaction 144
[2022-07-23T17:51:50.578Z INFO  client] Sending sample transaction 145
[2022-07-23T17:51:50.628Z INFO  client] Sending sample transaction 146
[2022-07-23T17:51:50.678Z INFO  client] Sending sample transaction 147
[2022-07-23T17:51:50.729Z INFO  client] Sending sample transaction 148
[2022-07-23T17:51:50.778Z INFO  client] Sending sample transaction 149
[2022-07-23T17:51:50.828Z INFO  client] Sending sample transaction 150
[2022-07-23T17:51:50.878Z INFO  client] Sending sample transaction 151
[2022-07-23T17:51:50.928Z INFO  client] Sending sample transaction 152
[2022-07-23T17:51:50.978Z INFO  client] Sending sample transaction 153
[2022-07-23T17:51:51.028Z INFO  client] Sending sample transaction 154
[2022-07-23T17:51:51.078Z INFO  client] Sending sample transaction 155
[2022-07-23T17:51:51.129Z INFO  client] Sending sample transaction 156
[2022-07-23T17:51:51.178Z INFO  client] Sending sample transaction 157
[2022-07-23T17:51:51.228Z INFO  client] Sending sample transaction 158
[2022-07-23T17:51:51.278Z INFO  client] Sending sample transaction 159
[2022-07-23T17:51:51.328Z INFO  client] Sending sample transaction 160
[2022-07-23T17:51:51.379Z INFO  client] Sending sample transaction 161
[2022-07-23T17:51:51.429Z INFO  client] Sending sample transaction 162
[2022-07-23T17:51:51.480Z INFO  client] Sending sample transaction 163
[2022-07-23T17:51:51.528Z INFO  client] Sending sample transaction 164
[2022-07-23T17:51:51.578Z INFO  client] Sending sample transaction 165
[2022-07-23T17:51:51.628Z INFO  client] Sending sample transaction 166
[2022-07-23T17:51:51.679Z INFO  client] Sending sample transaction 167
[2022-07-23T17:51:51.728Z INFO  client] Sending sample transaction 168
[2022-07-23T17:51:51.778Z INFO  client] Sending sample transaction 169
[2022-07-23T17:51:51.828Z INFO  client] Sending sample transaction 170
[2022-07-23T17:51:51.878Z INFO  client] Sending sample transaction 171
[2022-07-23T17:51:51.928Z INFO  client] Sending sample transaction 172
[2022-07-23T17:51:51.978Z INFO  client] Sending sample transaction 173
[2022-07-23T17:51:52.029Z INFO  client] Sending sample transaction 174
[2022-07-23T17:51:52.078Z INFO  client] Sending sample transaction 175
[2022-07-23T17:51:52.137Z INFO  client] Sending sample transaction 176
[2022-07-23T17:51:52.215Z INFO  client] Sending sample transaction 177
[2022-07-23T17:51:52.251Z INFO  client] Sending sample transaction 178
[2022-07-23T17:51:52.278Z INFO  client] Sending sample transaction 179
[2022-07-23T17:51:52.329Z INFO  client] Sending sample transaction 180
[2022-07-23T17:51:52.379Z INFO  client] Sending sample transaction 181
[2022-07-23T17:51:52.428Z INFO  client] Sending sample transaction 182
[2022-07-23T17:51:52.481Z INFO  client] Sending sample transaction 183
[2022-07-23T17:51:52.528Z INFO  client] Sending sample transaction 184
[2022-07-23T17:51:52.578Z INFO  client] Sending sample transaction 185
[2022-07-23T17:51:52.628Z INFO  client] Sending sample transaction 186
[2022-07-23T17:51:52.678Z INFO  client] Sending sample transaction 187
[2022-07-23T17:51:52.728Z INFO  client] Sending sample transaction 188
[2022-07-23T17:51:52.778Z INFO  client] Sending sample transaction 189
[2022-07-23T17:51:52.828Z INFO  client] Sending sample transaction 190
[2022-07-23T17:51:52.878Z INFO  client] Sending sample transaction 191
[2022-07-23T17:51:52.928Z INFO  client] Sending sample transaction 192
[2022-07-23T17:51:52.978Z INFO  client] Sending sample transaction 193
[2022-07-23T17:51:53.029Z INFO  client] Sending sample transaction 194
[2022-07-23T17:51:53.078Z INFO  client] Sending sample transaction 195
[2022-07-23T17:51:53.128Z INFO  client] Sending sample transaction 196
[2022-07-23T17:51:53.178Z INFO  client] Sending sample transaction 197
[2022-07-23T17:51:53.228Z INFO  client] Sending sample transaction 198
[2022-07-23T17:51:53.278Z INFO  client] Sending sample transaction 199
[2022-07-23T17:51:53.329Z INFO  client] Sending sample transaction 200
[2022-07-23T17:51:53.379Z INFO  client] Sending sample transaction 201
[2022-07-23T17:51:53.428Z INFO  client] Sending sample transaction 202
[2022-07-23T17:51:53.479Z INFO  client] Sending sample transaction 203
[2022-07-23T17:51:53.530Z INFO  client] Sending sample transaction 204
[2022-07-23T17:51:53.578Z INFO  client] Sending sample transaction 205
[2022-07-23T17:51:53.628Z INFO  client] Sending sample transaction 206
[2022-07-23T17:51:53.678Z INFO  client] Sending sample transaction 207
[2022-07-23T17:51:53.728Z INFO  client] Sending sample transaction 208
[2022-07-23T17:51:53.778Z INFO  client] Sending sample transaction 209
[2022-07-23T17:51:53.829Z INFO  client] Sending sample transaction 210
[2022-07-23T17:51:53.878Z INFO  client] Sending sample transaction 211
[2022-07-23T17:51:53.928Z INFO  client] Sending sample transaction 212
[2022-07-23T17:51:53.988Z INFO  client] Sending sample transaction 213
[2022-07-23T17:51:54.038Z INFO  client] Sending sample transaction 214
[2022-07-23T17:51:54.090Z INFO  client] Sending sample transaction 215
[2022-07-23T17:51:54.128Z INFO  client] Sending sample transaction 216
[2022-07-23T17:51:54.178Z INFO  client] Sending sample transaction 217
[2022-07-23T17:51:54.229Z INFO  client] Sending sample transaction 218
[2022-07-23T17:51:54.278Z INFO  client] Sending sample transaction 219
[2022-07-23T17:51:54.329Z INFO  client] Sending sample transaction 220
[2022-07-23T17:51:54.378Z INFO  client] Sending sample transaction 221
[2022-07-23T17:51:54.428Z INFO  client] Sending sample transaction 222
[2022-07-23T17:51:54.479Z INFO  client] Sending sample transaction 223
[2022-07-23T17:51:54.541Z INFO  client] Sending sample transaction 224
[2022-07-23T17:51:54.585Z INFO  client] Sending sample transaction 225
[2022-07-23T17:51:54.633Z INFO  client] Sending sample transaction 226
[2022-07-23T17:51:54.678Z INFO  client] Sending sample transaction 227
[2022-07-23T17:51:54.729Z INFO  client] Sending sample transaction 228
[2022-07-23T17:51:54.778Z INFO  client] Sending sample transaction 229
[2022-07-23T17:51:54.828Z INFO  client] Sending sample transaction 230
[2022-07-23T17:51:54.899Z INFO  client] Sending sample transaction 231
[2022-07-23T17:51:54.966Z INFO  client] Sending sample transaction 232
[2022-07-23T17:51:54.987Z INFO  client] Sending sample transaction 233
[2022-07-23T17:51:55.046Z INFO  client] Sending sample transaction 234
[2022-07-23T17:51:55.078Z INFO  client] Sending sample transaction 235
[2022-07-23T17:51:55.128Z INFO  client] Sending sample transaction 236
[2022-07-23T17:51:55.179Z INFO  client] Sending sample transaction 237
[2022-07-23T17:51:55.228Z INFO  client] Sending sample transaction 238
[2022-07-23T17:51:55.279Z INFO  client] Sending sample transaction 239
[2022-07-23T17:51:55.328Z INFO  client] Sending sample transaction 240
[2022-07-23T17:51:55.378Z INFO  client] Sending sample transaction 241
[2022-07-23T17:51:55.428Z INFO  client] Sending sample transaction 242
[2022-07-23T17:51:55.478Z INFO  client] Sending sample transaction 243
[2022-07-23T17:51:55.529Z INFO  client] Sending sample transaction 244
[2022-07-23T17:51:55.577Z INFO  client] Sending sample transaction 245
[2022-07-23T17:51:55.629Z INFO  client] Sending sample transaction 246
[2022-07-23T17:51:55.679Z INFO  client] Sending sample transaction 247
[2022-07-23T17:51:55.729Z INFO  client] Sending sample transaction 248
[2022-07-23T17:51:55.779Z INFO  client] Sending sample transaction 249
[2022-07-23T17:51:55.829Z INFO  client] Sending sample transaction 250
[2022-07-23T17:51:55.878Z INFO  client] Sending sample transaction 251
[2022-07-23T17:51:55.975Z INFO  client] Sending sample transaction 252
[2022-07-23T17:51:55.979Z INFO  client] Sending sample transaction 253
[2022-07-23T17:51:56.047Z INFO  client] Sending sample transaction 254
[2022-07-23T17:51:56.098Z INFO  client] Sending sample transaction 255
[2022-07-23T17:51:56.129Z INFO  client] Sending sample transaction 256
[2022-07-23T17:51:56.179Z INFO  client] Sending sample transaction 257
[2022-07-23T17:51:56.228Z INFO  client] Sending sample transaction 258
[2022-07-23T17:51:56.278Z INFO  client] Sending sample transaction 259
[2022-07-23T17:51:56.328Z INFO  client] Sending sample transaction 260
[2022-07-23T17:51:56.378Z INFO  client] Sending sample transaction 261
[2022-07-23T17:51:56.428Z INFO  client] Sending sample transaction 262
[2022-07-23T17:51:56.478Z INFO  client] Sending sample transaction 263
[2022-07-23T17:51:56.529Z INFO  client] Sending sample transaction 264
[2022-07-23T17:51:56.579Z INFO  client] Sending sample transaction 265
[2022-07-23T17:51:56.628Z INFO  client] Sending sample transaction 266
[2022-07-23T17:51:56.683Z INFO  client] Sending sample transaction 267
[2022-07-23T17:51:56.728Z INFO  client] Sending sample transaction 268
[2022-07-23T17:51:56.777Z INFO  client] Sending sample transaction 269
[2022-07-23T17:51:56.828Z INFO  client] Sending sample transaction 270
[2022-07-23T17:51:56.879Z INFO  client] Sending sample transaction 271
[2022-07-23T17:51:56.940Z INFO  client] Sending sample transaction 272
[2022-07-23T17:51:56.992Z INFO  client] Sending sample transaction 273
[2022-07-23T17:51:57.071Z INFO  client] Sending sample transaction 274
[2022-07-23T17:51:57.091Z INFO  client] Sending sample transaction 275
[2022-07-23T17:51:57.128Z INFO  client] Sending sample transaction 276
[2022-07-23T17:51:57.178Z INFO  client] Sending sample transaction 277
[2022-07-23T17:51:57.229Z INFO  client] Sending sample transaction 278
[2022-07-23T17:51:57.278Z INFO  client] Sending sample transaction 279
[2022-07-23T17:51:57.328Z INFO  client] Sending sample transaction 280
[2022-07-23T17:51:57.378Z INFO  client] Sending sample transaction 281
[2022-07-23T17:51:57.428Z INFO  client] Sending sample transaction 282
[2022-07-23T17:51:57.478Z INFO  client] Sending sample transaction 283
[2022-07-23T17:51:57.528Z INFO  client] Sending sample transaction 284
[2022-07-23T17:51:57.578Z INFO  client] Sending sample transaction 285
[2022-07-23T17:51:57.628Z INFO  client] Sending sample transaction 286
[2022-07-23T17:51:57.680Z INFO  client] Sending sample transaction 287
[2022-07-23T17:51:57.749Z INFO  client] Sending sample transaction 288
[2022-07-23T17:51:57.778Z INFO  client] Sending sample transaction 289
[2022-07-23T17:51:57.828Z INFO  client] Sending sample transaction 290
[2022-07-23T17:51:57.878Z INFO  client] Sending sample transaction 291
[2022-07-23T17:51:57.928Z INFO  client] Sending sample transaction 292
[2022-07-23T17:51:57.978Z INFO  client] Sending sample transaction 293
[2022-07-23T17:51:58.029Z INFO  client] Sending sample transaction 294
[2022-07-23T17:51:58.079Z INFO  client] Sending sample transaction 295
[2022-07-23T17:51:58.129Z INFO  client] Sending sample transaction 296
[2022-07-23T17:51:58.197Z INFO  client] Sending sample transaction 297
[2022-07-23T17:51:58.231Z INFO  client] Sending sample transaction 298
[2022-07-23T17:51:58.291Z INFO  client] Sending sample transaction 299
[2022-07-23T17:51:58.344Z INFO  client] Sending sample transaction 300
[2022-07-23T17:51:58.383Z INFO  client] Sending sample transaction 301
[2022-07-23T17:51:58.429Z INFO  client] Sending sample transaction 302
[2022-07-23T17:51:58.485Z INFO  client] Sending sample transaction 303
[2022-07-23T17:51:58.531Z INFO  client] Sending sample transaction 304
[2022-07-23T17:51:58.579Z INFO  client] Sending sample transaction 305
[2022-07-23T17:51:58.629Z INFO  client] Sending sample transaction 306
[2022-07-23T17:51:58.678Z INFO  client] Sending sample transaction 307
[2022-07-23T17:51:58.729Z INFO  client] Sending sample transaction 308
[2022-07-23T17:51:58.781Z INFO  client] Sending sample transaction 309
[2022-07-23T17:51:58.832Z INFO  client] Sending sample transaction 310
[2022-07-23T17:51:58.879Z INFO  client] Sending sample transaction 311
[2022-07-23T17:51:58.928Z INFO  client] Sending sample transaction 312
[2022-07-23T17:51:58.978Z INFO  client] Sending sample transaction 313
[2022-07-23T17:51:59.029Z INFO  client] Sending sample transaction 314
[2022-07-23T17:51:59.078Z INFO  client] Sending sample transaction 315
[2022-07-23T17:51:59.128Z INFO  client] Sending sample transaction 316
[2022-07-23T17:51:59.178Z INFO  client] Sending sample transaction 317
[2022-07-23T17:51:59.228Z INFO  client] Sending sample transaction 318
[2022-07-23T17:51:59.279Z INFO  client] Sending sample transaction 319
[2022-07-23T17:51:59.328Z INFO  client] Sending sample transaction 320
[2022-07-23T17:51:59.378Z INFO  client] Sending sample transaction 321
[2022-07-23T17:51:59.428Z INFO  client] Sending sample transaction 322
[2022-07-23T17:51:59.482Z INFO  client] Sending sample transaction 323
[2022-07-23T17:51:59.535Z INFO  client] Sending sample transaction 324
[2022-07-23T17:51:59.592Z INFO  client] Sending sample transaction 325
[2022-07-23T17:51:59.679Z INFO  client] Sending sample transaction 326
[2022-07-23T17:51:59.697Z INFO  client] Sending sample transaction 327
[2022-07-23T17:51:59.729Z INFO  client] Sending sample transaction 328
[2022-07-23T17:51:59.797Z INFO  client] Sending sample transaction 329
[2022-07-23T17:51:59.829Z INFO  client] Sending sample transaction 330
[2022-07-23T17:51:59.879Z INFO  client] Sending sample transaction 331
[2022-07-23T17:51:59.929Z INFO  client] Sending sample transaction 332
[2022-07-23T17:51:59.979Z INFO  client] Sending sample transaction 333
[2022-07-23T17:52:00.031Z INFO  client] Sending sample transaction 334
[2022-07-23T17:52:00.079Z INFO  client] Sending sample transaction 335
[2022-07-23T17:52:00.128Z INFO  client] Sending sample transaction 336
[2022-07-23T17:52:00.179Z INFO  client] Sending sample transaction 337
[2022-07-23T17:52:00.229Z INFO  client] Sending sample transaction 338
[2022-07-23T17:52:00.279Z INFO  client] Sending sample transaction 339
[2022-07-23T17:52:00.328Z INFO  client] Sending sample transaction 340
[2022-07-23T17:52:00.378Z INFO  client] Sending sample transaction 341
[2022-07-23T17:52:00.429Z INFO  client] Sending sample transaction 342
[2022-07-23T17:52:00.479Z INFO  client] Sending sample transaction 343
[2022-07-23T17:52:00.529Z INFO  client] Sending sample transaction 344
[2022-07-23T17:52:00.579Z INFO  client] Sending sample transaction 345
[2022-07-23T17:52:00.628Z INFO  client] Sending sample transaction 346
[2022-07-23T17:52:00.679Z INFO  client] Sending sample transaction 347
[2022-07-23T17:52:00.730Z INFO  client] Sending sample transaction 348
[2022-07-23T17:52:00.779Z INFO  client] Sending sample transaction 349
[2022-07-23T17:52:00.828Z INFO  client] Sending sample transaction 350
[2022-07-23T17:52:00.887Z INFO  client] Sending sample transaction 351
[2022-07-23T17:52:00.974Z INFO  client] Sending sample transaction 352
[2022-07-23T17:52:01.023Z INFO  client] Sending sample transaction 353
[2022-07-23T17:52:01.052Z INFO  client] Sending sample transaction 354
[2022-07-23T17:52:01.091Z INFO  client] Sending sample transaction 355
[2022-07-23T17:52:01.139Z INFO  client] Sending sample transaction 356
[2022-07-23T17:52:01.179Z INFO  client] Sending sample transaction 357
[2022-07-23T17:52:01.228Z INFO  client] Sending sample transaction 358
[2022-07-23T17:52:01.279Z INFO  client] Sending sample transaction 359
[2022-07-23T17:52:01.328Z INFO  client] Sending sample transaction 360
[2022-07-23T17:52:01.378Z INFO  client] Sending sample transaction 361
[2022-07-23T17:52:01.429Z INFO  client] Sending sample transaction 362
[2022-07-23T17:52:01.479Z INFO  client] Sending sample transaction 363
[2022-07-23T17:52:01.536Z INFO  client] Sending sample transaction 364
[2022-07-23T17:52:01.578Z INFO  client] Sending sample transaction 365
[2022-07-23T17:52:01.629Z INFO  client] Sending sample transaction 366
[2022-07-23T17:52:01.679Z INFO  client] Sending sample transaction 367
[2022-07-23T17:52:01.728Z INFO  client] Sending sample transaction 368
[2022-07-23T17:52:01.779Z INFO  client] Sending sample transaction 369
[2022-07-23T17:52:01.828Z INFO  client] Sending sample transaction 370
[2022-07-23T17:52:01.878Z INFO  client] Sending sample transaction 371
[2022-07-23T17:52:01.929Z INFO  client] Sending sample transaction 372
[2022-07-23T17:52:01.978Z INFO  client] Sending sample transaction 373
[2022-07-23T17:52:02.029Z INFO  client] Sending sample transaction 374
[2022-07-23T17:52:02.078Z INFO  client] Sending sample transaction 375
[2022-07-23T17:52:02.129Z INFO  client] Sending sample transaction 376
[2022-07-23T17:52:02.178Z INFO  client] Sending sample transaction 377
[2022-07-23T17:52:02.229Z INFO  client] Sending sample transaction 378
[2022-07-23T17:52:02.334Z INFO  client] Sending sample transaction 379
[2022-07-23T17:52:02.349Z INFO  client] Sending sample transaction 380
[2022-07-23T17:52:02.393Z INFO  client] Sending sample transaction 381
[2022-07-23T17:52:02.462Z INFO  client] Sending sample transaction 382
[2022-07-23T17:52:02.478Z INFO  client] Sending sample transaction 383
[2022-07-23T17:52:02.528Z INFO  client] Sending sample transaction 384
[2022-07-23T17:52:02.579Z INFO  client] Sending sample transaction 385
[2022-07-23T17:52:02.630Z INFO  client] Sending sample transaction 386
[2022-07-23T17:52:02.680Z INFO  client] Sending sample transaction 387
[2022-07-23T17:52:02.728Z INFO  client] Sending sample transaction 388
[2022-07-23T17:52:02.778Z INFO  client] Sending sample transaction 389
[2022-07-23T17:52:02.828Z INFO  client] Sending sample transaction 390
[2022-07-23T17:52:02.879Z INFO  client] Sending sample transaction 391
[2022-07-23T17:52:02.928Z INFO  client] Sending sample transaction 392
[2022-07-23T17:52:02.978Z INFO  client] Sending sample transaction 393
[2022-07-23T17:52:03.029Z INFO  client] Sending sample transaction 394
[2022-07-23T17:52:03.078Z INFO  client] Sending sample transaction 395
[2022-07-23T17:52:03.130Z INFO  client] Sending sample transaction 396
[2022-07-23T17:52:03.183Z INFO  client] Sending sample transaction 397
[2022-07-23T17:52:03.255Z INFO  client] Sending sample transaction 398
[2022-07-23T17:52:03.284Z INFO  client] Sending sample transaction 399
[2022-07-23T17:52:03.328Z INFO  client] Sending sample transaction 400
[2022-07-23T17:52:03.378Z INFO  client] Sending sample transaction 401
[2022-07-23T17:52:03.429Z INFO  client] Sending sample transaction 402
[2022-07-23T17:52:03.479Z INFO  client] Sending sample transaction 403
[2022-07-23T17:52:03.528Z INFO  client] Sending sample transaction 404
[2022-07-23T17:52:03.579Z INFO  client] Sending sample transaction 405
[2022-07-23T17:52:03.659Z INFO  client] Sending sample transaction 406
[2022-07-23T17:52:03.699Z INFO  client] Sending sample transaction 407
[2022-07-23T17:52:03.786Z INFO  client] Sending sample transaction 408
[2022-07-23T17:52:03.810Z INFO  client] Sending sample transaction 409
[2022-07-23T17:52:03.828Z INFO  client] Sending sample transaction 410
[2022-07-23T17:52:03.878Z INFO  client] Sending sample transaction 411
[2022-07-23T17:52:03.928Z INFO  client] Sending sample transaction 412
[2022-07-23T17:52:03.990Z INFO  client] Sending sample transaction 413
[2022-07-23T17:52:04.042Z INFO  client] Sending sample transaction 414
[2022-07-23T17:52:04.078Z INFO  client] Sending sample transaction 415
[2022-07-23T17:52:04.129Z INFO  client] Sending sample transaction 416
[2022-07-23T17:52:04.180Z INFO  client] Sending sample transaction 417
[2022-07-23T17:52:04.234Z INFO  client] Sending sample transaction 418
[2022-07-23T17:52:04.278Z INFO  client] Sending sample transaction 419
[2022-07-23T17:52:04.328Z INFO  client] Sending sample transaction 420
[2022-07-23T17:52:04.378Z INFO  client] Sending sample transaction 421
[2022-07-23T17:52:04.429Z INFO  client] Sending sample transaction 422
[2022-07-23T17:52:04.478Z INFO  client] Sending sample transaction 423
[2022-07-23T17:52:04.529Z INFO  client] Sending sample transaction 424
[2022-07-23T17:52:04.578Z INFO  client] Sending sample transaction 425
[2022-07-23T17:52:04.649Z INFO  client] Sending sample transaction 426
[2022-07-23T17:52:04.706Z WARN  client] Transaction rate too high for this client
[2022-07-23T17:52:04.707Z INFO  client] Sending sample transaction 427
[2022-07-23T17:52:04.733Z INFO  client] Sending sample transaction 428
[2022-07-23T17:52:04.779Z INFO  client] Sending sample transaction 429
[2022-07-23T17:52:04.831Z INFO  client] Sending sample transaction 430
[2022-07-23T17:52:04.882Z INFO  client] Sending sample transaction 431
[2022-07-23T17:52:04.931Z INFO  client] Sending sample transaction 432
[2022-07-23T17:52:04.979Z INFO  client] Sending sample transaction 433
[2022-07-23T17:52:05.031Z INFO  client] Sending sample transaction 434
[2022-07-23T17:52:05.079Z INFO  client] Sending sample transaction 435
[2022-07-23T17:52:05.159Z INFO  client] Sending sample transaction 436
[2022-07-23T17:52:05.201Z INFO  client] Sending sample transaction 437
[2022-07-23T17:52:05.241Z INFO  client] Sending sample transaction 438
[2022-07-23T17:52:05.305Z INFO  client] Sending sample transaction 439
[2022-07-23T17:52:05.342Z INFO  client] Sending sample transaction 440
[2022-07-23T17:52:05.402Z INFO  client] Sending sample transaction 441
[2022-07-23T17:52:05.460Z INFO  client] Sending sample transaction 442
[2022-07-23T17:52:05.494Z INFO  client] Sending sample transaction 443
[2022-07-23T17:52:05.530Z INFO  client] Sending sample transaction 444
[2022-07-23T17:52:05.587Z INFO  client] Sending sample transaction 445
[2022-07-23T17:52:05.652Z INFO  client] Sending sample transaction 446
[2022-07-23T17:52:05.699Z INFO  client] Sending sample transaction 447
[2022-07-23T17:52:05.748Z INFO  client] Sending sample transaction 448
[2022-07-23T17:52:05.779Z INFO  client] Sending sample transaction 449
[2022-07-23T17:52:05.828Z INFO  client] Sending sample transaction 450
[2022-07-23T17:52:05.879Z INFO  client] Sending sample transaction 451
