[2022-07-23T17:39:20.531Z INFO  client] Node address: 127.0.0.1:9018
[2022-07-23T17:39:20.531Z INFO  client] Transactions size: 512 B
[2022-07-23T17:39:20.532Z INFO  client] Transactions rate: 112 tx/s
[2022-07-23T17:39:20.532Z INFO  client] Waiting for all nodes to be online...
[2022-07-23T17:39:20.532Z INFO  client] Waiting for all nodes to be synchronized...
[2022-07-23T17:39:22.537Z INFO  client] Start sending transactions
[2022-07-23T17:39:22.539Z INFO  client] Sending sample transaction 0
[2022-07-23T17:39:22.610Z INFO  client] Sending sample transaction 1
[2022-07-23T17:39:22.657Z INFO  client] Sending sample transaction 2
[2022-07-23T17:39:22.697Z INFO  client] Sending sample transaction 3
[2022-07-23T17:39:22.739Z INFO  client] Sending sample transaction 4
[2022-07-23T17:39:22.792Z INFO  client] Sending sample transaction 5
[2022-07-23T17:39:22.841Z INFO  client] Sending sample transaction 6
[2022-07-23T17:39:22.893Z INFO  client] Sending sample transaction 7
[2022-07-23T17:39:22.939Z INFO  client] Sending sample transaction 8
[2022-07-23T17:39:22.993Z INFO  client] Sending sample transaction 9
[2022-07-23T17:39:23.042Z INFO  client] Sending sample transaction 10
[2022-07-23T17:39:23.091Z INFO  client] Sending sample transaction 11
[2022-07-23T17:39:23.138Z INFO  client] Sending sample transaction 12
[2022-07-23T17:39:23.193Z INFO  client] Sending sample transaction 13
[2022-07-23T17:39:23.240Z INFO  client] Sending sample transaction 14
[2022-07-23T17:39:23.290Z INFO  client] Sending sample transaction 15
[2022-07-23T17:39:23.339Z INFO  client] Sending sample transaction 16
[2022-07-23T17:39:23.392Z INFO  client] Sending sample transaction 17
[2022-07-23T17:39:23.445Z INFO  client] Sending sample transaction 18
[2022-07-23T17:39:23.557Z INFO  client] Sending sample transaction 19
[2022-07-23T17:39:23.557Z INFO  client] Sending sample transaction 20
[2022-07-23T17:39:23.590Z INFO  client] Sending sample transaction 21
[2022-07-23T17:39:23.657Z INFO  client] Sending sample transaction 22
[2022-07-23T17:39:23.691Z INFO  client] Sending sample transaction 23
[2022-07-23T17:39:23.744Z INFO  client] Sending sample transaction 24
[2022-07-23T17:39:23.795Z INFO  client] Sending sample transaction 25
[2022-07-23T17:39:23.842Z INFO  client] Sending sample transaction 26
[2022-07-23T17:39:24.019Z INFO  client] Sending sample transaction 27
[2022-07-23T17:39:24.027Z WARN  client] Transaction rate too high for this client
[2022-07-23T17:39:24.030Z INFO  client] Sending sample transaction 28
[2022-07-23T17:39:24.051Z INFO  client] Sending sample transaction 29
[2022-07-23T17:39:24.056Z INFO  client] Sending sample transaction 30
[2022-07-23T17:39:24.121Z INFO  client] Sending sample transaction 31
[2022-07-23T17:39:24.151Z INFO  client] Sending sample transaction 32
[2022-07-23T17:39:24.192Z INFO  client] Sending sample transaction 33
[2022-07-23T17:39:24.240Z INFO  client] Sending sample transaction 34
[2022-07-23T17:39:24.288Z INFO  client] Sending sample transaction 35
[2022-07-23T17:39:24.339Z INFO  client] Sending sample transaction 36
[2022-07-23T17:39:24.388Z INFO  client] Sending sample transaction 37
[2022-07-23T17:39:24.439Z INFO  client] Sending sample transaction 38
[2022-07-23T17:39:24.489Z INFO  client] Sending sample transaction 39
[2022-07-23T17:39:24.540Z INFO  client] Sending sample transaction 40
[2022-07-23T17:39:24.591Z INFO  client] Sending sample transaction 41
[2022-07-23T17:39:24.639Z INFO  client] Sending sample transaction 42
[2022-07-23T17:39:24.688Z INFO  client] Sending sample transaction 43
[2022-07-23T17:39:24.749Z INFO  client] Sending sample transaction 44
[2022-07-23T17:39:24.790Z INFO  client] Sending sample transaction 45
[2022-07-23T17:39:24.854Z INFO  client] Sending sample transaction 46
[2022-07-23T17:39:24.893Z INFO  client] Sending sample transaction 47
[2022-07-23T17:39:24.938Z INFO  client] Sending sample transaction 48
[2022-07-23T17:39:25.016Z INFO  client] Sending sample transaction 49
[2022-07-23T17:39:25.042Z INFO  client] Sending sample transaction 50
[2022-07-23T17:39:25.158Z INFO  client] Sending sample transaction 51
[2022-07-23T17:39:25.171Z INFO  client] Sending sample transaction 52
[2022-07-23T17:39:25.191Z INFO  client] Sending sample transaction 53
[2022-07-23T17:39:25.238Z INFO  client] Sending sample transaction 54
[2022-07-23T17:39:25.288Z INFO  client] Sending sample transaction 55
[2022-07-23T17:39:25.360Z INFO  client] Sending sample transaction 56
[2022-07-23T17:39:25.391Z INFO  client] Sending sample transaction 57
[2022-07-23T17:39:25.439Z INFO  client] Sending sample transaction 58
[2022-07-23T17:39:25.488Z INFO  client] Sending sample transaction 59
[2022-07-23T17:39:25.538Z INFO  client] Sending sample transaction 60
[2022-07-23T17:39:25.588Z INFO  client] Sending sample transaction 61
[2022-07-23T17:39:25.638Z INFO  client] Sending sample transaction 62
[2022-07-23T17:39:25.690Z INFO  client] Sending sample transaction 63
[2022-07-23T17:39:25.738Z INFO  client] Sending sample transaction 64
[2022-07-23T17:39:25.788Z INFO  client] Sending sample transaction 65
[2022-07-23T17:39:25.838Z INFO  client] Sending sample transaction 66
[2022-07-23T17:39:25.890Z INFO  client] Sending sample transaction 67
[2022-07-23T17:39:25.939Z INFO  client] Sending sample transaction 68
[2022-07-23T17:39:25.989Z INFO  client] Sending sample transaction 69
[2022-07-23T17:39:26.038Z INFO  client] Sending sample transaction 70
[2022-07-23T17:39:26.088Z INFO  client] Sending sample transaction 71
[2022-07-23T17:39:26.139Z INFO  client] Sending sample transaction 72
[2022-07-23T17:39:26.188Z INFO  client] Sending sample transaction 73
[2022-07-23T17:39:26.238Z INFO  client] Sending sample transaction 74
[2022-07-23T17:39:26.288Z INFO  client] Sending sample transaction 75
[2022-07-23T17:39:26.341Z INFO  client] Sending sample transaction 76
[2022-07-23T17:39:26.411Z INFO  client] Sending sample transaction 77
[2022-07-23T17:39:26.439Z INFO  client] Sending sample transaction 78
[2022-07-23T17:39:26.488Z INFO  client] Sending sample transaction 79
[2022-07-23T17:39:26.538Z INFO  client] Sending sample transaction 80
[2022-07-23T17:39:26.588Z INFO  client] Sending sample transaction 81
[2022-07-23T17:39:26.638Z INFO  client] Sending sample transaction 82
[2022-07-23T17:39:26.688Z INFO  client] Sending sample transaction 83
[2022-07-23T17:39:26.738Z INFO  client] Sending sample transaction 84
[2022-07-23T17:39:26.788Z INFO  client] Sending sample transaction 85
[2022-07-23T17:39:26.838Z INFO  client] Sending sample transaction 86
[2022-07-23T17:39:26.888Z INFO  client] Sending sample transaction 87
[2022-07-23T17:39:26.945Z INFO  client] Sending sample transaction 88
[2022-07-23T17:39:26.990Z INFO  client] Sending sample transaction 89
[2022-07-23T17:39:27.038Z INFO  client] Sending sample transaction 90
[2022-07-23T17:39:27.088Z INFO  client] Sending sample transaction 91
[2022-07-23T17:39:27.139Z INFO  client] Sending sample transaction 92
[2022-07-23T17:39:27.188Z INFO  client] Sending sample transaction 93
[2022-07-23T17:39:27.257Z INFO  client] Sending sample transaction 94
[2022-07-23T17:39:27.297Z INFO  client] Sending sample transaction 95
[2022-07-23T17:39:27.378Z INFO  client] Sending sample transaction 96
[2022-07-23T17:39:27.389Z INFO  client] Sending sample transaction 97
[2022-07-23T17:39:27.439Z INFO  client] Sending sample transaction 98
[2022-07-23T17:39:27.488Z INFO  client] Sending sample transaction 99
[2022-07-23T17:39:27.538Z INFO  client] Sending sample transaction 100
[2022-07-23T17:39:27.589Z INFO  client] Sending sample transaction 101
[2022-07-23T17:39:27.638Z INFO  client] Sending sample transaction 102
[2022-07-23T17:39:27.688Z INFO  client] Sending sample transaction 103
[2022-07-23T17:39:27.739Z INFO  client] Sending sample transaction 104
[2022-07-23T17:39:27.788Z INFO  client] Sending sample transaction 105
[2022-07-23T17:39:27.839Z INFO  client] Sending sample transaction 106
[2022-07-23T17:39:27.888Z INFO  client] Sending sample transaction 107
[2022-07-23T17:39:27.939Z INFO  client] Sending sample transaction 108
[2022-07-23T17:39:27.989Z INFO  client] Sending sample transaction 109
[2022-07-23T17:39:28.039Z INFO  client] Sending sample transaction 110
[2022-07-23T17:39:28.088Z INFO  client] Sending sample transaction 111
[2022-07-23T17:39:28.138Z INFO  client] Sending sample transaction 112
[2022-07-23T17:39:28.188Z INFO  client] Sending sample transaction 113
[2022-07-23T17:39:28.260Z INFO  client] Sending sample transaction 114
[2022-07-23T17:39:28.293Z INFO  client] Sending sample transaction 115
[2022-07-23T17:39:28.351Z INFO  client] Sending sample transaction 116
[2022-07-23T17:39:28.388Z INFO  client] Sending sample transaction 117
[2022-07-23T17:39:28.438Z INFO  client] Sending sample transaction 118
[2022-07-23T17:39:28.488Z INFO  client] Sending sample transaction 119
[2022-07-23T17:39:28.538Z INFO  client] Sending sample transaction 120
[2022-07-23T17:39:28.588Z INFO  client] Sending sample transaction 121
[2022-07-23T17:39:28.638Z INFO  client] Sending sample transaction 122
[2022-07-23T17:39:28.688Z INFO  client] Sending sample transaction 123
[2022-07-23T17:39:28.739Z INFO  client] Sending sample transaction 124
[2022-07-23T17:39:28.787Z INFO  client] Sending sample transaction 125
[2022-07-23T17:39:28.839Z INFO  client] Sending sample transaction 126
[2022-07-23T17:39:28.892Z INFO  client] Sending sample transaction 127
[2022-07-23T17:39:28.938Z INFO  client] Sending sample transaction 128
[2022-07-23T17:39:28.989Z INFO  client] Sending sample transaction 129
[2022-07-23T17:39:29.045Z INFO  client] Sending sample transaction 130
[2022-07-23T17:39:29.096Z INFO  client] Sending sample transaction 131
[2022-07-23T17:39:29.138Z INFO  client] Sending sample transaction 132
[2022-07-23T17:39:29.189Z INFO  client] Sending sample transaction 133
[2022-07-23T17:39:29.239Z INFO  client] Sending sample transaction 134
[2022-07-23T17:39:29.288Z INFO  client] Sending sample transaction 135
[2022-07-23T17:39:29.339Z INFO  client] Sending sample transaction 136
[2022-07-23T17:39:29.409Z INFO  client] Sending sample transaction 137
[2022-07-23T17:39:29.449Z INFO  client] Sending sample transaction 138
[2022-07-23T17:39:29.507Z INFO  client] Sending sample transaction 139
[2022-07-23T17:39:29.538Z INFO  client] Sending sample transaction 140
[2022-07-23T17:39:29.588Z INFO  client] Sending sample transaction 141
[2022-07-23T17:39:29.639Z INFO  client] Sending sample transaction 142
[2022-07-23T17:39:29.688Z INFO  client] Sending sample transaction 143
[2022-07-23T17:39:29.739Z INFO  client] Sending sample transaction 144
[2022-07-23T17:39:29.788Z INFO  client] Sending sample transaction 145
[2022-07-23T17:39:29.838Z INFO  client] Sending sample transaction 146
[2022-07-23T17:39:29.889Z INFO  client] Sending sample transaction 147
[2022-07-23T17:39:29.938Z INFO  client] Sending sample transaction 148
[2022-07-23T17:39:29.988Z INFO  client] Sending sample transaction 149
[2022-07-23T17:39:30.038Z INFO  client] Sending sample transaction 150
[2022-07-23T17:39:30.088Z INFO  client] Sending sample transaction 151
[2022-07-23T17:39:30.138Z INFO  client] Sending sample transaction 152
[2022-07-23T17:39:30.188Z INFO  client] Sending sample transaction 153
[2022-07-23T17:39:30.239Z INFO  client] Sending sample transaction 154
[2022-07-23T17:39:30.288Z INFO  client] Sending sample transaction 155
[2022-07-23T17:39:30.338Z INFO  client] Sending sample transaction 156
[2022-07-23T17:39:30.387Z INFO  client] Sending sample transaction 157
[2022-07-23T17:39:30.438Z INFO  client] Sending sample transaction 158
[2022-07-23T17:39:30.489Z INFO  client] Sending sample transaction 159
[2022-07-23T17:39:30.547Z INFO  client] Sending sample transaction 160
[2022-07-23T17:39:30.588Z INFO  client] Sending sample transaction 161
[2022-07-23T17:39:30.652Z INFO  client] Sending sample transaction 162
[2022-07-23T17:39:30.688Z INFO  client] Sending sample transaction 163
[2022-07-23T17:39:30.738Z INFO  client] Sending sample transaction 164
[2022-07-23T17:39:30.788Z INFO  client] Sending sample transaction 165
[2022-07-23T17:39:30.839Z INFO  client] Sending sample transaction 166
[2022-07-23T17:39:30.888Z INFO  client] Sending sample transaction 167
[2022-07-23T17:39:30.938Z INFO  client] Sending sample transaction 168
[2022-07-23T17:39:30.988Z INFO  client] Sending sample transaction 169
[2022-07-23T17:39:31.038Z INFO  client] Sending sample transaction 170
[2022-07-23T17:39:31.088Z INFO  client] Sending sample transaction 171
[2022-07-23T17:39:31.254Z INFO  client] Sending sample transaction 172
[2022-07-23T17:39:31.254Z INFO  client] Sending sample transaction 173
[2022-07-23T17:39:31.316Z INFO  client] Sending sample transaction 174
[2022-07-23T17:39:31.338Z INFO  client] Sending sample transaction 175
[2022-07-23T17:39:31.376Z INFO  client] Sending sample transaction 176
[2022-07-23T17:39:31.458Z INFO  client] Sending sample transaction 177
[2022-07-23T17:39:31.459Z INFO  client] Sending sample transaction 178
[2022-07-23T17:39:31.494Z INFO  client] Sending sample transaction 179
[2022-07-23T17:39:31.538Z INFO  client] Sending sample transaction 180
[2022-07-23T17:39:31.588Z INFO  client] Sending sample transaction 181
[2022-07-23T17:39:31.638Z INFO  client] Sending sample transaction 182
[2022-07-23T17:39:31.688Z INFO  client] Sending sample transaction 183
[2022-07-23T17:39:31.739Z INFO  client] Sending sample transaction 184
[2022-07-23T17:39:31.817Z INFO  client] Sending sample transaction 185
[2022-07-23T17:39:31.899Z INFO  client] Sending sample transaction 186
[2022-07-23T17:39:31.907Z INFO  client] Sending sample transaction 187
[2022-07-23T17:39:32.005Z INFO  client] Sending sample transaction 188
[2022-07-23T17:39:32.005Z INFO  client] Sending sample transaction 189
[2022-07-23T17:39:32.038Z INFO  client] Sending sample transaction 190
[2022-07-23T17:39:32.105Z INFO  client] Sending sample transaction 191
[2022-07-23T17:39:32.138Z INFO  client] Sending sample transaction 192
[2022-07-23T17:39:32.189Z INFO  client] Sending sample transaction 193
[2022-07-23T17:39:32.240Z INFO  client] Sending sample transaction 194
[2022-07-23T17:39:32.289Z INFO  client] Sending sample transaction 195
[2022-07-23T17:39:32.343Z INFO  client] Sending sample transaction 196
[2022-07-23T17:39:32.392Z INFO  client] Sending sample transaction 197
[2022-07-23T17:39:32.446Z INFO  client] Sending sample transaction 198
[2022-07-23T17:39:32.488Z INFO  client] Sending sample transaction 199
[2022-07-23T17:39:32.538Z INFO  client] Sending sample transaction 200
[2022-07-23T17:39:32.590Z INFO  client] Sending sample transaction 201
[2022-07-23T17:39:32.640Z INFO  client] Sending sample transaction 202
[2022-07-23T17:39:32.688Z INFO  client] Sending sample transaction 203
[2022-07-23T17:39:32.738Z INFO  client] Sending sample transaction 204
[2022-07-23T17:39:32.788Z INFO  client] Sending sample transaction 205
[2022-07-23T17:39:32.840Z INFO  client] Sending sample transaction 206
[2022-07-23T17:39:32.888Z INFO  client] Sending sample transaction 207
[2022-07-23T17:39:32.938Z INFO  client] Sending sample transaction 208
[2022-07-23T17:39:32.988Z INFO  client] Sending sample transaction 209
[2022-07-23T17:39:33.038Z INFO  client] Sending sample transaction 210
[2022-07-23T17:39:33.088Z INFO  client] Sending sample transaction 211
[2022-07-23T17:39:33.138Z INFO  client] Sending sample transaction 212
[2022-07-23T17:39:33.196Z INFO  client] Sending sample transaction 213
[2022-07-23T17:39:33.270Z INFO  client] Sending sample transaction 214
[2022-07-23T17:39:33.334Z INFO  client] Sending sample transaction 215
[2022-07-23T17:39:33.354Z INFO  client] Sending sample transaction 216
[2022-07-23T17:39:33.389Z INFO  client] Sending sample transaction 217
[2022-07-23T17:39:33.443Z INFO  client] Sending sample transaction 218
[2022-07-23T17:39:33.504Z INFO  client] Sending sample transaction 219
[2022-07-23T17:39:33.559Z INFO  client] Sending sample transaction 220
[2022-07-23T17:39:33.593Z INFO  client] Sending sample transaction 221
[2022-07-23T17:39:33.639Z INFO  client] Sending sample transaction 222
[2022-07-23T17:39:33.689Z INFO  client] Sending sample transaction 223
[2022-07-23T17:39:33.740Z INFO  client] Sending sample transaction 224
[2022-07-23T17:39:33.788Z INFO  client] Sending sample transaction 225
[2022-07-23T17:39:33.838Z INFO  client] Sending sample transaction 226
[2022-07-23T17:39:33.888Z INFO  client] Sending sample transaction 227
[2022-07-23T17:39:33.939Z INFO  client] Sending sample transaction 228
[2022-07-23T17:39:33.989Z INFO  client] Sending sample transaction 229
[2022-07-23T17:39:34.038Z INFO  client] Sending sample transaction 230
[2022-07-23T17:39:34.088Z INFO  client] Sending sample transaction 231
[2022-07-23T17:39:34.138Z INFO  client] Sending sample transaction 232
[2022-07-23T17:39:34.188Z INFO  client] Sending sample transaction 233
[2022-07-23T17:39:34.238Z INFO  client] Sending sample transaction 234
[2022-07-23T17:39:34.288Z INFO  client] Sending sample transaction 235
[2022-07-23T17:39:34.338Z INFO  client] Sending sample transaction 236
[2022-07-23T17:39:34.423Z INFO  client] Sending sample transaction 237
[2022-07-23T17:39:34.447Z INFO  client] Sending sample transaction 238
[2022-07-23T17:39:34.495Z INFO  client] Sending sample transaction 239
[2022-07-23T17:39:34.538Z INFO  client] Sending sample transaction 240
[2022-07-23T17:39:34.588Z INFO  client] Sending sample transaction 241
[2022-07-23T17:39:34.643Z INFO  client] Sending sample transaction 242
[2022-07-23T17:39:34.689Z INFO  client] Sending sample transaction 243
[2022-07-23T17:39:34.739Z INFO  client] Sending sample transaction 244
[2022-07-23T17:39:34.788Z INFO  client] Sending sample transaction 245
[2022-07-23T17:39:34.839Z INFO  client] Sending sample transaction 246
[2022-07-23T17:39:34.889Z INFO  client] Sending sample transaction 247
[2022-07-23T17:39:34.938Z INFO  client] Sending sample transaction 248
[2022-07-23T17:39:34.988Z INFO  client] Sending sample transaction 249
[2022-07-23T17:39:35.038Z INFO  client] Sending sample transaction 250
[2022-07-23T17:39:35.089Z INFO  client] Sending sample transaction 251
[2022-07-23T17:39:35.138Z INFO  client] Sending sample transaction 252
[2022-07-23T17:39:35.189Z INFO  client] Sending sample transaction 253
[2022-07-23T17:39:35.238Z INFO  client] Sending sample transaction 254
[2022-07-23T17:39:35.288Z INFO  client] Sending sample transaction 255
[2022-07-23T17:39:35.338Z INFO  client] Sending sample transaction 256
[2022-07-23T17:39:35.388Z INFO  client] Sending sample transaction 257
[2022-07-23T17:39:35.438Z INFO  client] Sending sample transaction 258
[2022-07-23T17:39:35.488Z INFO  client] Sending sample transaction 259
[2022-07-23T17:39:35.538Z INFO  client] Sending sample transaction 260
[2022-07-23T17:39:35.588Z INFO  client] Sending sample transaction 261
[2022-07-23T17:39:35.638Z INFO  client] Sending sample transaction 262
[2022-07-23T17:39:35.688Z INFO  client] Sending sample transaction 263
[2022-07-23T17:39:35.738Z INFO  client] Sending sample transaction 264
[2022-07-23T17:39:35.788Z INFO  client] Sending sample transaction 265
[2022-07-23T17:39:35.838Z INFO  client] Sending sample transaction 266
[2022-07-23T17:39:35.889Z INFO  client] Sending sample transaction 267
[2022-07-23T17:39:35.938Z INFO  client] Sending sample transaction 268
[2022-07-23T17:39:35.989Z INFO  client] Sending sample transaction 269
[2022-07-23T17:39:36.038Z INFO  client] Sending sample transaction 270
[2022-07-23T17:39:36.088Z INFO  client] Sending sample transaction 271
[2022-07-23T17:39:36.138Z INFO  client] Sending sample transaction 272
[2022-07-23T17:39:36.188Z INFO  client] Sending sample transaction 273
[2022-07-23T17:39:36.238Z INFO  client] Sending sample transaction 274
[2022-07-23T17:39:36.288Z INFO  client] Sending sample transaction 275
[2022-07-23T17:39:36.338Z INFO  client] Sending sample transaction 276
[2022-07-23T17:39:36.387Z INFO  client] Sending sample transaction 277
[2022-07-23T17:39:36.438Z INFO  client] Sending sample transaction 278
[2022-07-23T17:39:36.488Z INFO  client] Sending sample transaction 279
[2022-07-23T17:39:36.538Z INFO  client] Sending sample transaction 280
[2022-07-23T17:39:36.613Z INFO  client] Sending sample transaction 281
[2022-07-23T17:39:36.660Z INFO  client] Sending sample transaction 282
[2022-07-23T17:39:36.690Z INFO  client] Sending sample transaction 283
[2022-07-23T17:39:36.739Z INFO  client] Sending sample transaction 284
[2022-07-23T17:39:36.788Z INFO  client] Sending sample transaction 285
[2022-07-23T17:39:36.838Z INFO  client] Sending sample transaction 286
[2022-07-23T17:39:36.894Z INFO  client] Sending sample transaction 287
[2022-07-23T17:39:36.939Z INFO  client] Sending sample transaction 288
[2022-07-23T17:39:36.989Z INFO  client] Sending sample transaction 289
[2022-07-23T17:39:37.038Z INFO  client] Sending sample transaction 290
[2022-07-23T17:39:37.092Z INFO  client] Sending sample transaction 291
[2022-07-23T17:39:37.138Z INFO  client] Sending sample transaction 292
[2022-07-23T17:39:37.188Z INFO  client] Sending sample transaction 293
[2022-07-23T17:39:37.238Z INFO  client] Sending sample transaction 294
[2022-07-23T17:39:37.288Z INFO  client] Sending sample transaction 295
[2022-07-23T17:39:37.338Z INFO  client] Sending sample transaction 296
[2022-07-23T17:39:37.388Z INFO  client] Sending sample transaction 297
[2022-07-23T17:39:37.439Z INFO  client] Sending sample transaction 298
[2022-07-23T17:39:37.488Z INFO  client] Sending sample transaction 299
[2022-07-23T17:39:37.538Z INFO  client] Sending sample transaction 300
[2022-07-23T17:39:37.588Z INFO  client] Sending sample transaction 301
[2022-07-23T17:39:37.638Z INFO  client] Sending sample transaction 302
[2022-07-23T17:39:37.689Z INFO  client] Sending sample transaction 303
[2022-07-23T17:39:37.741Z INFO  client] Sending sample transaction 304
[2022-07-23T17:39:37.790Z INFO  client] Sending sample transaction 305
[2022-07-23T17:39:37.838Z INFO  client] Sending sample transaction 306
[2022-07-23T17:39:37.888Z INFO  client] Sending sample transaction 307
[2022-07-23T17:39:37.938Z INFO  client] Sending sample transaction 308
[2022-07-23T17:39:37.988Z INFO  client] Sending sample transaction 309
[2022-07-23T17:39:38.038Z INFO  client] Sending sample transaction 310
[2022-07-23T17:39:38.088Z INFO  client] Sending sample transaction 311
[2022-07-23T17:39:38.138Z INFO  client] Sending sample transaction 312
[2022-07-23T17:39:38.189Z INFO  client] Sending sample transaction 313
[2022-07-23T17:39:38.239Z INFO  client] Sending sample transaction 314
[2022-07-23T17:39:38.288Z INFO  client] Sending sample transaction 315
[2022-07-23T17:39:38.338Z INFO  client] Sending sample transaction 316
[2022-07-23T17:39:38.388Z INFO  client] Sending sample transaction 317
[2022-07-23T17:39:38.438Z INFO  client] Sending sample transaction 318
[2022-07-23T17:39:38.489Z INFO  client] Sending sample transaction 319
[2022-07-23T17:39:38.537Z INFO  client] Sending sample transaction 320
[2022-07-23T17:39:38.588Z INFO  client] Sending sample transaction 321
[2022-07-23T17:39:38.640Z INFO  client] Sending sample transaction 322
[2022-07-23T17:39:38.688Z INFO  client] Sending sample transaction 323
[2022-07-23T17:39:38.738Z INFO  client] Sending sample transaction 324
[2022-07-23T17:39:38.789Z INFO  client] Sending sample transaction 325
[2022-07-23T17:39:38.839Z INFO  client] Sending sample transaction 326
[2022-07-23T17:39:38.891Z INFO  client] Sending sample transaction 327
[2022-07-23T17:39:38.944Z INFO  client] Sending sample transaction 328
[2022-07-23T17:39:39.012Z INFO  client] Sending sample transaction 329
[2022-07-23T17:39:39.038Z INFO  client] Sending sample transaction 330
[2022-07-23T17:39:39.088Z INFO  client] Sending sample transaction 331
[2022-07-23T17:39:39.199Z INFO  client] Sending sample transaction 332
[2022-07-23T17:39:39.203Z INFO  client] Sending sample transaction 333
[2022-07-23T17:39:39.238Z INFO  client] Sending sample transaction 334
[2022-07-23T17:39:39.288Z INFO  client] Sending sample transaction 335
[2022-07-23T17:39:39.338Z INFO  client] Sending sample transaction 336
[2022-07-23T17:39:39.388Z INFO  client] Sending sample transaction 337
[2022-07-23T17:39:39.438Z INFO  client] Sending sample transaction 338
[2022-07-23T17:39:39.489Z INFO  client] Sending sample transaction 339
[2022-07-23T17:39:39.538Z INFO  client] Sending sample transaction 340
[2022-07-23T17:39:39.588Z INFO  client] Sending sample transaction 341
[2022-07-23T17:39:39.638Z INFO  client] Sending sample transaction 342
[2022-07-23T17:39:39.689Z INFO  client] Sending sample transaction 343
[2022-07-23T17:39:39.738Z INFO  client] Sending sample transaction 344
[2022-07-23T17:39:39.788Z INFO  client] Sending sample transaction 345
[2022-07-23T17:39:39.843Z INFO  client] Sending sample transaction 346
[2022-07-23T17:39:39.890Z INFO  client] Sending sample transaction 347
[2022-07-23T17:39:39.938Z INFO  client] Sending sample transaction 348
[2022-07-23T17:39:39.988Z INFO  client] Sending sample transaction 349
[2022-07-23T17:39:40.054Z INFO  client] Sending sample transaction 350
[2022-07-23T17:39:40.109Z INFO  client] Sending sample transaction 351
[2022-07-23T17:39:40.160Z INFO  client] Sending sample transaction 352
[2022-07-23T17:39:40.189Z INFO  client] Sending sample transaction 353
[2022-07-23T17:39:40.248Z INFO  client] Sending sample transaction 354
[2022-07-23T17:39:40.289Z INFO  client] Sending sample transaction 355
[2022-07-23T17:39:40.338Z INFO  client] Sending sample transaction 356
[2022-07-23T17:39:40.388Z INFO  client] Sending sample transaction 357
[2022-07-23T17:39:40.438Z INFO  client] Sending sample transaction 358
[2022-07-23T17:39:40.488Z INFO  client] Sending sample transaction 359
[2022-07-23T17:39:40.537Z INFO  client] Sending sample transaction 360
[2022-07-23T17:39:40.588Z INFO  client] Sending sample transaction 361
[2022-07-23T17:39:40.637Z INFO  client] Sending sample transaction 362
[2022-07-23T17:39:40.688Z INFO  client] Sending sample transaction 363
[2022-07-23T17:39:40.738Z INFO  client] Sending sample transaction 364
[2022-07-23T17:39:40.789Z INFO  client] Sending sample transaction 365
[2022-07-23T17:39:40.838Z INFO  client] Sending sample transaction 366
[2022-07-23T17:39:40.889Z INFO  client] Sending sample transaction 367
[2022-07-23T17:39:40.939Z INFO  client] Sending sample transaction 368
[2022-07-23T17:39:40.991Z INFO  client] Sending sample transaction 369
[2022-07-23T17:39:41.040Z INFO  client] Sending sample transaction 370
[2022-07-23T17:39:41.089Z INFO  client] Sending sample transaction 371
[2022-07-23T17:39:41.138Z INFO  client] Sending sample transaction 372
[2022-07-23T17:39:41.188Z INFO  client] Sending sample transaction 373
[2022-07-23T17:39:41.238Z INFO  client] Sending sample transaction 374
[2022-07-23T17:39:41.289Z INFO  client] Sending sample transaction 375
[2022-07-23T17:39:41.339Z INFO  client] Sending sample transaction 376
[2022-07-23T17:39:41.387Z INFO  client] Sending sample transaction 377
[2022-07-23T17:39:41.438Z INFO  client] Sending sample transaction 378
[2022-07-23T17:39:41.507Z INFO  client] Sending sample transaction 379
[2022-07-23T17:39:41.567Z INFO  client] Sending sample transaction 380
[2022-07-23T17:39:41.600Z INFO  client] Sending sample transaction 381
[2022-07-23T17:39:41.638Z INFO  client] Sending sample transaction 382
[2022-07-23T17:39:41.689Z INFO  client] Sending sample transaction 383
[2022-07-23T17:39:41.739Z INFO  client] Sending sample transaction 384
[2022-07-23T17:39:41.788Z INFO  client] Sending sample transaction 385
[2022-07-23T17:39:41.839Z INFO  client] Sending sample transaction 386
[2022-07-23T17:39:41.889Z INFO  client] Sending sample transaction 387
[2022-07-23T17:39:41.944Z INFO  client] Sending sample transaction 388
[2022-07-23T17:39:41.988Z INFO  client] Sending sample transaction 389
[2022-07-23T17:39:42.038Z INFO  client] Sending sample transaction 390
[2022-07-23T17:39:42.090Z INFO  client] Sending sample transaction 391
[2022-07-23T17:39:42.138Z INFO  client] Sending sample transaction 392
[2022-07-23T17:39:42.188Z INFO  client] Sending sample transaction 393
[2022-07-23T17:39:42.238Z INFO  client] Sending sample transaction 394
[2022-07-23T17:39:42.288Z INFO  client] Sending sample transaction 395
[2022-07-23T17:39:42.338Z INFO  client] Sending sample transaction 396
[2022-07-23T17:39:42.390Z INFO  client] Sending sample transaction 397
[2022-07-23T17:39:42.438Z INFO  client] Sending sample transaction 398
[2022-07-23T17:39:42.488Z INFO  client] Sending sample transaction 399
[2022-07-23T17:39:42.571Z INFO  client] Sending sample transaction 400
[2022-07-23T17:39:42.594Z INFO  client] Sending sample transaction 401
[2022-07-23T17:39:42.645Z INFO  client] Sending sample transaction 402
[2022-07-23T17:39:42.696Z INFO  client] Sending sample transaction 403
[2022-07-23T17:39:42.738Z INFO  client] Sending sample transaction 404
[2022-07-23T17:39:42.788Z INFO  client] Sending sample transaction 405
[2022-07-23T17:39:42.838Z INFO  client] Sending sample transaction 406
[2022-07-23T17:39:42.889Z INFO  client] Sending sample transaction 407
[2022-07-23T17:39:42.938Z INFO  client] Sending sample transaction 408
[2022-07-23T17:39:42.988Z INFO  client] Sending sample transaction 409
[2022-07-23T17:39:43.038Z INFO  client] Sending sample transaction 410
[2022-07-23T17:39:43.089Z INFO  client] Sending sample transaction 411
[2022-07-23T17:39:43.139Z INFO  client] Sending sample transaction 412
[2022-07-23T17:39:43.189Z INFO  client] Sending sample transaction 413
[2022-07-23T17:39:43.238Z INFO  client] Sending sample transaction 414
[2022-07-23T17:39:43.288Z INFO  client] Sending sample transaction 415
[2022-07-23T17:39:43.337Z INFO  client] Sending sample transaction 416
[2022-07-23T17:39:43.388Z INFO  client] Sending sample transaction 417
[2022-07-23T17:39:43.439Z INFO  client] Sending sample transaction 418
[2022-07-23T17:39:43.490Z INFO  client] Sending sample transaction 419
[2022-07-23T17:39:43.538Z INFO  client] Sending sample transaction 420
[2022-07-23T17:39:43.589Z INFO  client] Sending sample transaction 421
[2022-07-23T17:39:43.638Z INFO  client] Sending sample transaction 422
[2022-07-23T17:39:43.688Z INFO  client] Sending sample transaction 423
[2022-07-23T17:39:43.738Z INFO  client] Sending sample transaction 424
[2022-07-23T17:39:43.788Z INFO  client] Sending sample transaction 425
[2022-07-23T17:39:43.839Z INFO  client] Sending sample transaction 426
[2022-07-23T17:39:43.891Z INFO  client] Sending sample transaction 427
[2022-07-23T17:39:43.938Z INFO  client] Sending sample transaction 428
[2022-07-23T17:39:43.995Z INFO  client] Sending sample transaction 429
[2022-07-23T17:39:44.084Z INFO  client] Sending sample transaction 430
[2022-07-23T17:39:44.175Z INFO  client] Sending sample transaction 431
[2022-07-23T17:39:44.189Z INFO  client] Sending sample transaction 432
[2022-07-23T17:39:44.210Z INFO  client] Sending sample transaction 433
[2022-07-23T17:39:44.286Z INFO  client] Sending sample transaction 434
[2022-07-23T17:39:44.307Z INFO  client] Sending sample transaction 435
[2022-07-23T17:39:44.354Z INFO  client] Sending sample transaction 436
[2022-07-23T17:39:44.392Z INFO  client] Sending sample transaction 437
[2022-07-23T17:39:44.438Z INFO  client] Sending sample transaction 438
[2022-07-23T17:39:44.489Z INFO  client] Sending sample transaction 439
[2022-07-23T17:39:44.543Z INFO  client] Sending sample transaction 440
[2022-07-23T17:39:44.608Z INFO  client] Sending sample transaction 441
[2022-07-23T17:39:44.641Z INFO  client] Sending sample transaction 442
[2022-07-23T17:39:44.688Z INFO  client] Sending sample transaction 443
[2022-07-23T17:39:44.739Z INFO  client] Sending sample transaction 444
[2022-07-23T17:39:44.803Z INFO  client] Sending sample transaction 445
