[2022-07-23T16:09:50.318Z INFO  client] Node address: 127.0.0.1:9010
[2022-07-23T16:09:50.319Z INFO  client] Transactions size: 512 B
[2022-07-23T16:09:50.319Z INFO  client] Transactions rate: 112 tx/s
[2022-07-23T16:09:50.319Z INFO  client] Waiting for all nodes to be online...
[2022-07-23T16:09:50.319Z INFO  client] Waiting for all nodes to be synchronized...
[2022-07-23T16:09:52.324Z INFO  client] Start sending transactions
[2022-07-23T16:09:52.325Z INFO  client] Sending sample transaction 0
[2022-07-23T16:09:52.377Z INFO  client] Sending sample transaction 1
[2022-07-23T16:09:52.428Z INFO  client] Sending sample transaction 2
[2022-07-23T16:09:52.521Z INFO  client] Sending sample transaction 3
[2022-07-23T16:09:52.532Z INFO  client] Sending sample transaction 4
[2022-07-23T16:09:52.577Z INFO  client] Sending sample transaction 5
[2022-07-23T16:09:52.629Z INFO  client] Sending sample transaction 6
[2022-07-23T16:09:52.677Z INFO  client] Sending sample transaction 7
[2022-07-23T16:09:52.726Z INFO  client] Sending sample transaction 8
[2022-07-23T16:09:52.777Z INFO  client] Sending sample transaction 9
[2022-07-23T16:09:52.841Z INFO  client] Sending sample transaction 10
[2022-07-23T16:09:52.888Z INFO  client] Sending sample transaction 11
[2022-07-23T16:09:52.980Z INFO  client] Sending sample transaction 12
[2022-07-23T16:09:53.010Z INFO  client] Sending sample transaction 13
[2022-07-23T16:09:53.030Z INFO  client] Sending sample transaction 14
[2022-07-23T16:09:53.082Z INFO  client] Sending sample transaction 15
[2022-07-23T16:09:53.128Z INFO  client] Sending sample transaction 16
[2022-07-23T16:09:53.192Z INFO  client] Sending sample transaction 17
[2022-07-23T16:09:53.242Z INFO  client] Sending sample transaction 18
[2022-07-23T16:09:53.278Z INFO  client] Sending sample transaction 19
[2022-07-23T16:09:53.331Z INFO  client] Sending sample transaction 20
[2022-07-23T16:09:53.377Z INFO  client] Sending sample transaction 21
[2022-07-23T16:09:53.433Z INFO  client] Sending sample transaction 22
[2022-07-23T16:09:53.481Z INFO  client] Sending sample transaction 23
[2022-07-23T16:09:53.527Z INFO  client] Sending sample transaction 24
[2022-07-23T16:09:53.579Z INFO  client] Sending sample transaction 25
[2022-07-23T16:09:53.627Z INFO  client] Sending sample transaction 26
[2022-07-23T16:09:53.679Z INFO  client] Sending sample transaction 27
[2022-07-23T16:09:53.727Z INFO  client] Sending sample transaction 28
[2022-07-23T16:09:53.777Z INFO  client] Sending sample transaction 29
[2022-07-23T16:09:53.825Z INFO  client] Sending sample transaction 30
[2022-07-23T16:09:53.877Z INFO  client] Sending sample transaction 31
[2022-07-23T16:09:53.927Z INFO  client] Sending sample transaction 32
[2022-07-23T16:09:53.977Z INFO  client] Sending sample transaction 33
[2022-07-23T16:09:54.028Z INFO  client] Sending sample transaction 34
[2022-07-23T16:09:54.078Z INFO  client] Sending sample transaction 35
[2022-07-23T16:09:54.127Z INFO  client] Sending sample transaction 36
[2022-07-23T16:09:54.176Z INFO  client] Sending sample transaction 37
[2022-07-23T16:09:54.228Z INFO  client] Sending sample transaction 38
[2022-07-23T16:09:54.277Z INFO  client] Sending sample transaction 39
[2022-07-23T16:09:54.327Z INFO  client] Sending sample transaction 40
[2022-07-23T16:09:54.376Z INFO  client] Sending sample transaction 41
[2022-07-23T16:09:54.426Z INFO  client] Sending sample transaction 42
[2022-07-23T16:09:54.477Z INFO  client] Sending sample transaction 43
[2022-07-23T16:09:54.526Z INFO  client] Sending sample transaction 44
[2022-07-23T16:09:54.576Z INFO  client] Sending sample transaction 45
[2022-07-23T16:09:54.626Z INFO  client] Sending sample transaction 46
[2022-07-23T16:09:54.677Z INFO  client] Sending sample transaction 47
[2022-07-23T16:09:54.726Z INFO  client] Sending sample transaction 48
[2022-07-23T16:09:54.776Z INFO  client] Sending sample transaction 49
[2022-07-23T16:09:54.826Z INFO  client] Sending sample transaction 50
[2022-07-23T16:09:54.875Z INFO  client] Sending sample transaction 51
[2022-07-23T16:09:54.926Z INFO  client] Sending sample transaction 52
[2022-07-23T16:09:54.979Z INFO  client] Sending sample transaction 53
[2022-07-23T16:09:55.026Z INFO  client] Sending sample transaction 54
[2022-07-23T16:09:55.076Z INFO  client] Sending sample transaction 55
[2022-07-23T16:09:55.126Z INFO  client] Sending sample transaction 56
[2022-07-23T16:09:55.176Z INFO  client] Sending sample transaction 57
[2022-07-23T16:09:55.227Z INFO  client] Sending sample transaction 58
[2022-07-23T16:09:55.308Z INFO  client] Sending sample transaction 59
[2022-07-23T16:09:55.330Z INFO  client] Sending sample transaction 60
[2022-07-23T16:09:55.458Z WARN  client] Transaction rate too high for this client
[2022-07-23T16:09:55.458Z INFO  client] Sending sample transaction 61
[2022-07-23T16:09:55.517Z INFO  client] Sending sample transaction 62
[2022-07-23T16:09:55.552Z INFO  client] Sending sample transaction 63
[2022-07-23T16:09:55.580Z INFO  client] Sending sample transaction 64
[2022-07-23T16:09:55.601Z INFO  client] Sending sample transaction 65
[2022-07-23T16:09:55.640Z INFO  client] Sending sample transaction 66
[2022-07-23T16:09:55.681Z INFO  client] Sending sample transaction 67
[2022-07-23T16:09:55.737Z INFO  client] Sending sample transaction 68
[2022-07-23T16:09:55.776Z INFO  client] Sending sample transaction 69
[2022-07-23T16:09:55.827Z INFO  client] Sending sample transaction 70
[2022-07-23T16:09:55.876Z INFO  client] Sending sample transaction 71
[2022-07-23T16:09:55.926Z INFO  client] Sending sample transaction 72
[2022-07-23T16:09:55.976Z INFO  client] Sending sample transaction 73
[2022-07-23T16:09:56.026Z INFO  client] Sending sample transaction 74
[2022-07-23T16:09:56.075Z INFO  client] Sending sample transaction 75
[2022-07-23T16:09:56.127Z INFO  client] Sending sample transaction 76
[2022-07-23T16:09:56.177Z INFO  client] Sending sample transaction 77
[2022-07-23T16:09:56.226Z INFO  client] Sending sample transaction 78
[2022-07-23T16:09:56.281Z INFO  client] Sending sample transaction 79
[2022-07-23T16:09:56.326Z INFO  client] Sending sample transaction 80
[2022-07-23T16:09:56.376Z INFO  client] Sending sample transaction 81
[2022-07-23T16:09:56.429Z INFO  client] Sending sample transaction 82
[2022-07-23T16:09:56.477Z INFO  client] Sending sample transaction 83
[2022-07-23T16:09:56.530Z INFO  client] Sending sample transaction 84
[2022-07-23T16:09:56.576Z INFO  client] Sending sample transaction 85
[2022-07-23T16:09:56.626Z INFO  client] Sending sample transaction 86
[2022-07-23T16:09:56.677Z INFO  client] Sending sample transaction 87
[2022-07-23T16:09:56.729Z INFO  client] Sending sample transaction 88
[2022-07-23T16:09:56.777Z INFO  client] Sending sample transaction 89
[2022-07-23T16:09:56.826Z INFO  client] Sending sample transaction 90
[2022-07-23T16:09:56.876Z INFO  client] Sending sample transaction 91
[2022-07-23T16:09:56.926Z INFO  client] Sending sample transaction 92
[2022-07-23T16:09:56.976Z INFO  client] Sending sample transaction 93
[2022-07-23T16:09:57.027Z INFO  client] Sending sample transaction 94
[2022-07-23T16:09:57.077Z INFO  client] Sending sample transaction 95
[2022-07-23T16:09:57.126Z INFO  client] Sending sample transaction 96
[2022-07-23T16:09:57.178Z INFO  client] Sending sample transaction 97
[2022-07-23T16:09:57.226Z INFO  client] Sending sample transaction 98
[2022-07-23T16:09:57.276Z INFO  client] Sending sample transaction 99
[2022-07-23T16:09:57.328Z INFO  client] Sending sample transaction 100
[2022-07-23T16:09:57.376Z INFO  client] Sending sample transaction 101
[2022-07-23T16:09:57.426Z INFO  client] Sending sample transaction 102
[2022-07-23T16:09:57.481Z INFO  client] Sending sample transaction 103
[2022-07-23T16:09:57.526Z INFO  client] Sending sample transaction 104
[2022-07-23T16:09:57.578Z INFO  client] Sending sample transaction 105
[2022-07-23T16:09:57.626Z INFO  client] Sending sample transaction 106
[2022-07-23T16:09:57.677Z INFO  client] Sending sample transaction 107
[2022-07-23T16:09:57.729Z INFO  client] Sending sample transaction 108
[2022-07-23T16:09:57.792Z INFO  client] Sending sample transaction 109
[2022-07-23T16:09:57.828Z INFO  client] Sending sample transaction 110
[2022-07-23T16:09:57.875Z INFO  client] Sending sample transaction 111
[2022-07-23T16:09:57.926Z INFO  client] Sending sample transaction 112
[2022-07-23T16:09:57.976Z INFO  client] Sending sample transaction 113
[2022-07-23T16:09:58.026Z INFO  client] Sending sample transaction 114
[2022-07-23T16:09:58.075Z INFO  client] Sending sample transaction 115
[2022-07-23T16:09:58.126Z INFO  client] Sending sample transaction 116
[2022-07-23T16:09:58.175Z INFO  client] Sending sample transaction 117
[2022-07-23T16:09:58.226Z INFO  client] Sending sample transaction 118
[2022-07-23T16:09:58.280Z INFO  client] Sending sample transaction 119
[2022-07-23T16:09:58.326Z INFO  client] Sending sample transaction 120
[2022-07-23T16:09:58.376Z INFO  client] Sending sample transaction 121
[2022-07-23T16:09:58.426Z INFO  client] Sending sample transaction 122
[2022-07-23T16:09:58.476Z INFO  client] Sending sample transaction 123
[2022-07-23T16:09:58.526Z INFO  client] Sending sample transaction 124
[2022-07-23T16:09:58.576Z INFO  client] Sending sample transaction 125
[2022-07-23T16:09:58.626Z INFO  client] Sending sample transaction 126
[2022-07-23T16:09:58.676Z INFO  client] Sending sample transaction 127
[2022-07-23T16:09:58.726Z INFO  client] Sending sample transaction 128
[2022-07-23T16:09:58.776Z INFO  client] Sending sample transaction 129
[2022-07-23T16:09:58.825Z INFO  client] Sending sample transaction 130
[2022-07-23T16:09:58.875Z INFO  client] Sending sample transaction 131
[2022-07-23T16:09:58.927Z INFO  client] Sending sample transaction 132
[2022-07-23T16:09:58.976Z INFO  client] Sending sample transaction 133
[2022-07-23T16:09:59.026Z INFO  client] Sending sample transaction 134
[2022-07-23T16:09:59.075Z INFO  client] Sending sample transaction 135
[2022-07-23T16:09:59.126Z INFO  client] Sending sample transaction 136
[2022-07-23T16:09:59.176Z INFO  client] Sending sample transaction 137
[2022-07-23T16:09:59.225Z INFO  client] Sending sample transaction 138
[2022-07-23T16:09:59.276Z INFO  client] Sending sample transaction 139
[2022-07-23T16:09:59.325Z INFO  client] Sending sample transaction 140
[2022-07-23T16:09:59.375Z INFO  client] Sending sample transaction 141
[2022-07-23T16:09:59.427Z INFO  client] Sending sample transaction 142
[2022-07-23T16:09:59.476Z INFO  client] Sending sample transaction 143
[2022-07-23T16:09:59.526Z INFO  client] Sending sample transaction 144
[2022-07-23T16:09:59.575Z INFO  client] Sending sample transaction 145
[2022-07-23T16:09:59.626Z INFO  client] Sending sample transaction 146
[2022-07-23T16:09:59.676Z INFO  client] Sending sample transaction 147
[2022-07-23T16:09:59.725Z INFO  client] Sending sample transaction 148
[2022-07-23T16:09:59.776Z INFO  client] Sending sample transaction 149
[2022-07-23T16:09:59.825Z INFO  client] Sending sample transaction 150
[2022-07-23T16:09:59.883Z INFO  client] Sending sample transaction 151
[2022-07-23T16:09:59.934Z INFO  client] Sending sample transaction 152
[2022-07-23T16:09:59.977Z INFO  client] Sending sample transaction 153
[2022-07-23T16:10:00.026Z INFO  client] Sending sample transaction 154
[2022-07-23T16:10:00.076Z INFO  client] Sending sample transaction 155
[2022-07-23T16:10:00.126Z INFO  client] Sending sample transaction 156
[2022-07-23T16:10:00.176Z INFO  client] Sending sample transaction 157
[2022-07-23T16:10:00.226Z INFO  client] Sending sample transaction 158
[2022-07-23T16:10:00.276Z INFO  client] Sending sample transaction 159
[2022-07-23T16:10:00.327Z INFO  client] Sending sample transaction 160
[2022-07-23T16:10:00.376Z INFO  client] Sending sample transaction 161
[2022-07-23T16:10:00.425Z INFO  client] Sending sample transaction 162
[2022-07-23T16:10:00.475Z INFO  client] Sending sample transaction 163
[2022-07-23T16:10:00.527Z INFO  client] Sending sample transaction 164
[2022-07-23T16:10:00.576Z INFO  client] Sending sample transaction 165
[2022-07-23T16:10:00.626Z INFO  client] Sending sample transaction 166
[2022-07-23T16:10:00.676Z INFO  client] Sending sample transaction 167
[2022-07-23T16:10:00.726Z INFO  client] Sending sample transaction 168
[2022-07-23T16:10:00.776Z INFO  client] Sending sample transaction 169
[2022-07-23T16:10:00.826Z INFO  client] Sending sample transaction 170
[2022-07-23T16:10:00.877Z INFO  client] Sending sample transaction 171
[2022-07-23T16:10:00.925Z INFO  client] Sending sample transaction 172
[2022-07-23T16:10:00.976Z INFO  client] Sending sample transaction 173
[2022-07-23T16:10:01.026Z INFO  client] Sending sample transaction 174
[2022-07-23T16:10:01.075Z INFO  client] Sending sample transaction 175
[2022-07-23T16:10:01.126Z INFO  client] Sending sample transaction 176
[2022-07-23T16:10:01.176Z INFO  client] Sending sample transaction 177
[2022-07-23T16:10:01.225Z INFO  client] Sending sample transaction 178
[2022-07-23T16:10:01.277Z INFO  client] Sending sample transaction 179
[2022-07-23T16:10:01.326Z INFO  client] Sending sample transaction 180
[2022-07-23T16:10:01.376Z INFO  client] Sending sample transaction 181
[2022-07-23T16:10:01.426Z INFO  client] Sending sample transaction 182
[2022-07-23T16:10:01.477Z INFO  client] Sending sample transaction 183
[2022-07-23T16:10:01.526Z INFO  client] Sending sample transaction 184
[2022-07-23T16:10:01.575Z INFO  client] Sending sample transaction 185
[2022-07-23T16:10:01.626Z INFO  client] Sending sample transaction 186
[2022-07-23T16:10:01.682Z INFO  client] Sending sample transaction 187
[2022-07-23T16:10:01.726Z INFO  client] Sending sample transaction 188
[2022-07-23T16:10:01.776Z INFO  client] Sending sample transaction 189
[2022-07-23T16:10:01.826Z INFO  client] Sending sample transaction 190
[2022-07-23T16:10:01.875Z INFO  client] Sending sample transaction 191
[2022-07-23T16:10:01.926Z INFO  client] Sending sample transaction 192
[2022-07-23T16:10:01.976Z INFO  client] Sending sample transaction 193
[2022-07-23T16:10:02.035Z INFO  client] Sending sample transaction 194
[2022-07-23T16:10:02.078Z INFO  client] Sending sample transaction 195
[2022-07-23T16:10:02.127Z INFO  client] Sending sample transaction 196
[2022-07-23T16:10:02.176Z INFO  client] Sending sample transaction 197
[2022-07-23T16:10:02.226Z INFO  client] Sending sample transaction 198
[2022-07-23T16:10:02.277Z INFO  client] Sending sample transaction 199
[2022-07-23T16:10:02.326Z INFO  client] Sending sample transaction 200
[2022-07-23T16:10:02.375Z INFO  client] Sending sample transaction 201
[2022-07-23T16:10:02.427Z INFO  client] Sending sample transaction 202
[2022-07-23T16:10:02.476Z INFO  client] Sending sample transaction 203
[2022-07-23T16:10:02.526Z INFO  client] Sending sample transaction 204
[2022-07-23T16:10:02.576Z INFO  client] Sending sample transaction 205
[2022-07-23T16:10:02.626Z INFO  client] Sending sample transaction 206
[2022-07-23T16:10:02.676Z INFO  client] Sending sample transaction 207
[2022-07-23T16:10:02.726Z INFO  client] Sending sample transaction 208
[2022-07-23T16:10:02.776Z INFO  client] Sending sample transaction 209
[2022-07-23T16:10:02.827Z INFO  client] Sending sample transaction 210
[2022-07-23T16:10:02.876Z INFO  client] Sending sample transaction 211
[2022-07-23T16:10:02.926Z INFO  client] Sending sample transaction 212
[2022-07-23T16:10:02.977Z INFO  client] Sending sample transaction 213
[2022-07-23T16:10:03.026Z INFO  client] Sending sample transaction 214
[2022-07-23T16:10:03.076Z INFO  client] Sending sample transaction 215
[2022-07-23T16:10:03.126Z INFO  client] Sending sample transaction 216
[2022-07-23T16:10:03.176Z INFO  client] Sending sample transaction 217
[2022-07-23T16:10:03.226Z INFO  client] Sending sample transaction 218
[2022-07-23T16:10:03.276Z INFO  client] Sending sample transaction 219
[2022-07-23T16:10:03.326Z INFO  client] Sending sample transaction 220
[2022-07-23T16:10:03.376Z INFO  client] Sending sample transaction 221
[2022-07-23T16:10:03.426Z INFO  client] Sending sample transaction 222
[2022-07-23T16:10:03.476Z INFO  client] Sending sample transaction 223
[2022-07-23T16:10:03.526Z INFO  client] Sending sample transaction 224
[2022-07-23T16:10:03.575Z INFO  client] Sending sample transaction 225
[2022-07-23T16:10:03.626Z INFO  client] Sending sample transaction 226
[2022-07-23T16:10:03.676Z INFO  client] Sending sample transaction 227
[2022-07-23T16:10:03.726Z INFO  client] Sending sample transaction 228
[2022-07-23T16:10:03.776Z INFO  client] Sending sample transaction 229
[2022-07-23T16:10:03.827Z INFO  client] Sending sample transaction 230
[2022-07-23T16:10:03.876Z INFO  client] Sending sample transaction 231
[2022-07-23T16:10:03.927Z INFO  client] Sending sample transaction 232
[2022-07-23T16:10:03.977Z INFO  client] Sending sample transaction 233
[2022-07-23T16:10:04.026Z INFO  client] Sending sample transaction 234
[2022-07-23T16:10:04.076Z INFO  client] Sending sample transaction 235
[2022-07-23T16:10:04.126Z INFO  client] Sending sample transaction 236
[2022-07-23T16:10:04.182Z INFO  client] Sending sample transaction 237
[2022-07-23T16:10:04.228Z INFO  client] Sending sample transaction 238
[2022-07-23T16:10:04.277Z INFO  client] Sending sample transaction 239
[2022-07-23T16:10:04.326Z INFO  client] Sending sample transaction 240
[2022-07-23T16:10:04.376Z INFO  client] Sending sample transaction 241
[2022-07-23T16:10:04.426Z INFO  client] Sending sample transaction 242
[2022-07-23T16:10:04.477Z INFO  client] Sending sample transaction 243
[2022-07-23T16:10:04.526Z INFO  client] Sending sample transaction 244
[2022-07-23T16:10:04.577Z INFO  client] Sending sample transaction 245
[2022-07-23T16:10:04.626Z INFO  client] Sending sample transaction 246
[2022-07-23T16:10:04.676Z INFO  client] Sending sample transaction 247
[2022-07-23T16:10:04.726Z INFO  client] Sending sample transaction 248
[2022-07-23T16:10:04.776Z INFO  client] Sending sample transaction 249
[2022-07-23T16:10:04.826Z INFO  client] Sending sample transaction 250
[2022-07-23T16:10:04.876Z INFO  client] Sending sample transaction 251
[2022-07-23T16:10:04.925Z INFO  client] Sending sample transaction 252
[2022-07-23T16:10:04.977Z INFO  client] Sending sample transaction 253
[2022-07-23T16:10:05.026Z INFO  client] Sending sample transaction 254
[2022-07-23T16:10:05.075Z INFO  client] Sending sample transaction 255
[2022-07-23T16:10:05.126Z INFO  client] Sending sample transaction 256
[2022-07-23T16:10:05.176Z INFO  client] Sending sample transaction 257
[2022-07-23T16:10:05.225Z INFO  client] Sending sample transaction 258
[2022-07-23T16:10:05.276Z INFO  client] Sending sample transaction 259
[2022-07-23T16:10:05.326Z INFO  client] Sending sample transaction 260
[2022-07-23T16:10:05.377Z INFO  client] Sending sample transaction 261
[2022-07-23T16:10:05.426Z INFO  client] Sending sample transaction 262
[2022-07-23T16:10:05.476Z INFO  client] Sending sample transaction 263
[2022-07-23T16:10:05.526Z INFO  client] Sending sample transaction 264
[2022-07-23T16:10:05.575Z INFO  client] Sending sample transaction 265
[2022-07-23T16:10:05.626Z INFO  client] Sending sample transaction 266
[2022-07-23T16:10:05.676Z INFO  client] Sending sample transaction 267
[2022-07-23T16:10:05.725Z INFO  client] Sending sample transaction 268
[2022-07-23T16:10:05.776Z INFO  client] Sending sample transaction 269
[2022-07-23T16:10:05.826Z INFO  client] Sending sample transaction 270
[2022-07-23T16:10:05.876Z INFO  client] Sending sample transaction 271
[2022-07-23T16:10:05.925Z INFO  client] Sending sample transaction 272
[2022-07-23T16:10:05.976Z INFO  client] Sending sample transaction 273
[2022-07-23T16:10:06.027Z INFO  client] Sending sample transaction 274
[2022-07-23T16:10:06.075Z INFO  client] Sending sample transaction 275
[2022-07-23T16:10:06.125Z INFO  client] Sending sample transaction 276
[2022-07-23T16:10:06.176Z INFO  client] Sending sample transaction 277
[2022-07-23T16:10:06.225Z INFO  client] Sending sample transaction 278
[2022-07-23T16:10:06.280Z INFO  client] Sending sample transaction 279
[2022-07-23T16:10:06.331Z INFO  client] Sending sample transaction 280
[2022-07-23T16:10:06.381Z INFO  client] Sending sample transaction 281
[2022-07-23T16:10:06.426Z INFO  client] Sending sample transaction 282
[2022-07-23T16:10:06.476Z INFO  client] Sending sample transaction 283
[2022-07-23T16:10:06.528Z INFO  client] Sending sample transaction 284
[2022-07-23T16:10:06.576Z INFO  client] Sending sample transaction 285
[2022-07-23T16:10:06.626Z INFO  client] Sending sample transaction 286
[2022-07-23T16:10:06.676Z INFO  client] Sending sample transaction 287
[2022-07-23T16:10:06.727Z INFO  client] Sending sample transaction 288
[2022-07-23T16:10:06.777Z INFO  client] Sending sample transaction 289
[2022-07-23T16:10:06.826Z INFO  client] Sending sample transaction 290
[2022-07-23T16:10:06.875Z INFO  client] Sending sample transaction 291
[2022-07-23T16:10:06.927Z INFO  client] Sending sample transaction 292
[2022-07-23T16:10:06.976Z INFO  client] Sending sample transaction 293
[2022-07-23T16:10:07.027Z INFO  client] Sending sample transaction 294
[2022-07-23T16:10:07.076Z INFO  client] Sending sample transaction 295
[2022-07-23T16:10:07.126Z INFO  client] Sending sample transaction 296
[2022-07-23T16:10:07.180Z INFO  client] Sending sample transaction 297
[2022-07-23T16:10:07.226Z INFO  client] Sending sample transaction 298
[2022-07-23T16:10:07.276Z INFO  client] Sending sample transaction 299
[2022-07-23T16:10:07.325Z INFO  client] Sending sample transaction 300
[2022-07-23T16:10:07.377Z INFO  client] Sending sample transaction 301
[2022-07-23T16:10:07.426Z INFO  client] Sending sample transaction 302
[2022-07-23T16:10:07.476Z INFO  client] Sending sample transaction 303
[2022-07-23T16:10:07.526Z INFO  client] Sending sample transaction 304
[2022-07-23T16:10:07.576Z INFO  client] Sending sample transaction 305
[2022-07-23T16:10:07.626Z INFO  client] Sending sample transaction 306
[2022-07-23T16:10:07.675Z INFO  client] Sending sample transaction 307
[2022-07-23T16:10:07.725Z INFO  client] Sending sample transaction 308
[2022-07-23T16:10:07.776Z INFO  client] Sending sample transaction 309
[2022-07-23T16:10:07.825Z INFO  client] Sending sample transaction 310
[2022-07-23T16:10:07.876Z INFO  client] Sending sample transaction 311
[2022-07-23T16:10:07.926Z INFO  client] Sending sample transaction 312
[2022-07-23T16:10:07.975Z INFO  client] Sending sample transaction 313
[2022-07-23T16:10:08.025Z INFO  client] Sending sample transaction 314
[2022-07-23T16:10:08.076Z INFO  client] Sending sample transaction 315
[2022-07-23T16:10:08.125Z INFO  client] Sending sample transaction 316
[2022-07-23T16:10:08.177Z INFO  client] Sending sample transaction 317
[2022-07-23T16:10:08.229Z INFO  client] Sending sample transaction 318
[2022-07-23T16:10:08.276Z INFO  client] Sending sample transaction 319
[2022-07-23T16:10:08.326Z INFO  client] Sending sample transaction 320
[2022-07-23T16:10:08.375Z INFO  client] Sending sample transaction 321
[2022-07-23T16:10:08.434Z INFO  client] Sending sample transaction 322
[2022-07-23T16:10:08.476Z INFO  client] Sending sample transaction 323
[2022-07-23T16:10:08.527Z INFO  client] Sending sample transaction 324
[2022-07-23T16:10:08.576Z INFO  client] Sending sample transaction 325
[2022-07-23T16:10:08.625Z INFO  client] Sending sample transaction 326
[2022-07-23T16:10:08.676Z INFO  client] Sending sample transaction 327
[2022-07-23T16:10:08.726Z INFO  client] Sending sample transaction 328
[2022-07-23T16:10:08.776Z INFO  client] Sending sample transaction 329
[2022-07-23T16:10:08.825Z INFO  client] Sending sample transaction 330
[2022-07-23T16:10:08.876Z INFO  client] Sending sample transaction 331
[2022-07-23T16:10:08.925Z INFO  client] Sending sample transaction 332
[2022-07-23T16:10:08.976Z INFO  client] Sending sample transaction 333
[2022-07-23T16:10:09.025Z INFO  client] Sending sample transaction 334
[2022-07-23T16:10:09.076Z INFO  client] Sending sample transaction 335
[2022-07-23T16:10:09.125Z INFO  client] Sending sample transaction 336
[2022-07-23T16:10:09.176Z INFO  client] Sending sample transaction 337
[2022-07-23T16:10:09.227Z INFO  client] Sending sample transaction 338
[2022-07-23T16:10:09.276Z INFO  client] Sending sample transaction 339
[2022-07-23T16:10:09.325Z INFO  client] Sending sample transaction 340
[2022-07-23T16:10:09.376Z INFO  client] Sending sample transaction 341
[2022-07-23T16:10:09.426Z INFO  client] Sending sample transaction 342
[2022-07-23T16:10:09.476Z INFO  client] Sending sample transaction 343
[2022-07-23T16:10:09.527Z INFO  client] Sending sample transaction 344
[2022-07-23T16:10:09.576Z INFO  client] Sending sample transaction 345
[2022-07-23T16:10:09.626Z INFO  client] Sending sample transaction 346
[2022-07-23T16:10:09.676Z INFO  client] Sending sample transaction 347
[2022-07-23T16:10:09.726Z INFO  client] Sending sample transaction 348
[2022-07-23T16:10:09.776Z INFO  client] Sending sample transaction 349
[2022-07-23T16:10:09.826Z INFO  client] Sending sample transaction 350
[2022-07-23T16:10:09.875Z INFO  client] Sending sample transaction 351
[2022-07-23T16:10:09.926Z INFO  client] Sending sample transaction 352
[2022-07-23T16:10:09.977Z INFO  client] Sending sample transaction 353
[2022-07-23T16:10:10.026Z INFO  client] Sending sample transaction 354
[2022-07-23T16:10:10.076Z INFO  client] Sending sample transaction 355
[2022-07-23T16:10:10.126Z INFO  client] Sending sample transaction 356
[2022-07-23T16:10:10.176Z INFO  client] Sending sample transaction 357
[2022-07-23T16:10:10.226Z INFO  client] Sending sample transaction 358
[2022-07-23T16:10:10.276Z INFO  client] Sending sample transaction 359
[2022-07-23T16:10:10.325Z INFO  client] Sending sample transaction 360
[2022-07-23T16:10:10.376Z INFO  client] Sending sample transaction 361
[2022-07-23T16:10:10.427Z INFO  client] Sending sample transaction 362
[2022-07-23T16:10:10.475Z INFO  client] Sending sample transaction 363
[2022-07-23T16:10:10.530Z INFO  client] Sending sample transaction 364
[2022-07-23T16:10:10.578Z INFO  client] Sending sample transaction 365
[2022-07-23T16:10:10.626Z INFO  client] Sending sample transaction 366
[2022-07-23T16:10:10.676Z INFO  client] Sending sample transaction 367
[2022-07-23T16:10:10.727Z INFO  client] Sending sample transaction 368
[2022-07-23T16:10:10.776Z INFO  client] Sending sample transaction 369
[2022-07-23T16:10:10.826Z INFO  client] Sending sample transaction 370
[2022-07-23T16:10:10.875Z INFO  client] Sending sample transaction 371
[2022-07-23T16:10:10.926Z INFO  client] Sending sample transaction 372
[2022-07-23T16:10:10.977Z INFO  client] Sending sample transaction 373
[2022-07-23T16:10:11.026Z INFO  client] Sending sample transaction 374
[2022-07-23T16:10:11.075Z INFO  client] Sending sample transaction 375
[2022-07-23T16:10:11.125Z INFO  client] Sending sample transaction 376
[2022-07-23T16:10:11.176Z INFO  client] Sending sample transaction 377
[2022-07-23T16:10:11.226Z INFO  client] Sending sample transaction 378
[2022-07-23T16:10:11.276Z INFO  client] Sending sample transaction 379
[2022-07-23T16:10:11.325Z INFO  client] Sending sample transaction 380
[2022-07-23T16:10:11.376Z INFO  client] Sending sample transaction 381
[2022-07-23T16:10:11.426Z INFO  client] Sending sample transaction 382
[2022-07-23T16:10:11.476Z INFO  client] Sending sample transaction 383
[2022-07-23T16:10:11.526Z INFO  client] Sending sample transaction 384
[2022-07-23T16:10:11.576Z INFO  client] Sending sample transaction 385
[2022-07-23T16:10:11.627Z INFO  client] Sending sample transaction 386
[2022-07-23T16:10:11.675Z INFO  client] Sending sample transaction 387
[2022-07-23T16:10:11.726Z INFO  client] Sending sample transaction 388
[2022-07-23T16:10:11.776Z INFO  client] Sending sample transaction 389
[2022-07-23T16:10:11.826Z INFO  client] Sending sample transaction 390
[2022-07-23T16:10:11.875Z INFO  client] Sending sample transaction 391
[2022-07-23T16:10:11.926Z INFO  client] Sending sample transaction 392
[2022-07-23T16:10:11.977Z INFO  client] Sending sample transaction 393
[2022-07-23T16:10:12.026Z INFO  client] Sending sample transaction 394
[2022-07-23T16:10:12.077Z INFO  client] Sending sample transaction 395
[2022-07-23T16:10:12.126Z INFO  client] Sending sample transaction 396
[2022-07-23T16:10:12.176Z INFO  client] Sending sample transaction 397
[2022-07-23T16:10:12.227Z INFO  client] Sending sample transaction 398
[2022-07-23T16:10:12.276Z INFO  client] Sending sample transaction 399
[2022-07-23T16:10:12.325Z INFO  client] Sending sample transaction 400
[2022-07-23T16:10:12.377Z INFO  client] Sending sample transaction 401
[2022-07-23T16:10:12.427Z INFO  client] Sending sample transaction 402
[2022-07-23T16:10:12.476Z INFO  client] Sending sample transaction 403
[2022-07-23T16:10:12.526Z INFO  client] Sending sample transaction 404
[2022-07-23T16:10:12.576Z INFO  client] Sending sample transaction 405
[2022-07-23T16:10:12.639Z INFO  client] Sending sample transaction 406
[2022-07-23T16:10:12.677Z INFO  client] Sending sample transaction 407
[2022-07-23T16:10:12.727Z INFO  client] Sending sample transaction 408
[2022-07-23T16:10:12.777Z INFO  client] Sending sample transaction 409
[2022-07-23T16:10:12.826Z INFO  client] Sending sample transaction 410
[2022-07-23T16:10:12.876Z INFO  client] Sending sample transaction 411
[2022-07-23T16:10:12.926Z INFO  client] Sending sample transaction 412
[2022-07-23T16:10:12.977Z INFO  client] Sending sample transaction 413
[2022-07-23T16:10:13.027Z INFO  client] Sending sample transaction 414
[2022-07-23T16:10:13.077Z INFO  client] Sending sample transaction 415
[2022-07-23T16:10:13.127Z INFO  client] Sending sample transaction 416
[2022-07-23T16:10:13.175Z INFO  client] Sending sample transaction 417
[2022-07-23T16:10:13.226Z INFO  client] Sending sample transaction 418
[2022-07-23T16:10:13.276Z INFO  client] Sending sample transaction 419
[2022-07-23T16:10:13.326Z INFO  client] Sending sample transaction 420
[2022-07-23T16:10:13.376Z INFO  client] Sending sample transaction 421
[2022-07-23T16:10:13.426Z INFO  client] Sending sample transaction 422
[2022-07-23T16:10:13.476Z INFO  client] Sending sample transaction 423
[2022-07-23T16:10:13.526Z INFO  client] Sending sample transaction 424
[2022-07-23T16:10:13.578Z INFO  client] Sending sample transaction 425
[2022-07-23T16:10:13.627Z INFO  client] Sending sample transaction 426
[2022-07-23T16:10:13.677Z INFO  client] Sending sample transaction 427
[2022-07-23T16:10:13.725Z INFO  client] Sending sample transaction 428
[2022-07-23T16:10:13.777Z INFO  client] Sending sample transaction 429
[2022-07-23T16:10:13.826Z INFO  client] Sending sample transaction 430
[2022-07-23T16:10:13.877Z INFO  client] Sending sample transaction 431
[2022-07-23T16:10:13.926Z INFO  client] Sending sample transaction 432
[2022-07-23T16:10:13.976Z INFO  client] Sending sample transaction 433
[2022-07-23T16:10:14.027Z INFO  client] Sending sample transaction 434
[2022-07-23T16:10:14.075Z INFO  client] Sending sample transaction 435
[2022-07-23T16:10:14.126Z INFO  client] Sending sample transaction 436
[2022-07-23T16:10:14.175Z INFO  client] Sending sample transaction 437
[2022-07-23T16:10:14.226Z INFO  client] Sending sample transaction 438
[2022-07-23T16:10:14.278Z INFO  client] Sending sample transaction 439
[2022-07-23T16:10:14.326Z INFO  client] Sending sample transaction 440
[2022-07-23T16:10:14.381Z INFO  client] Sending sample transaction 441
[2022-07-23T16:10:14.427Z INFO  client] Sending sample transaction 442
[2022-07-23T16:10:14.477Z INFO  client] Sending sample transaction 443
[2022-07-23T16:10:14.527Z INFO  client] Sending sample transaction 444
[2022-07-23T16:10:14.578Z INFO  client] Sending sample transaction 445
[2022-07-23T16:10:14.625Z INFO  client] Sending sample transaction 446
[2022-07-23T16:10:14.675Z INFO  client] Sending sample transaction 447
[2022-07-23T16:10:14.731Z INFO  client] Sending sample transaction 448
[2022-07-23T16:10:14.794Z INFO  client] Sending sample transaction 449
[2022-07-23T16:10:14.827Z INFO  client] Sending sample transaction 450
[2022-07-23T16:10:14.876Z INFO  client] Sending sample transaction 451
[2022-07-23T16:10:14.927Z INFO  client] Sending sample transaction 452
