[2022-07-24T10:56:23.170Z INFO  client] Node address: 127.0.0.1:9016
[2022-07-24T10:56:23.170Z INFO  client] Transactions size: 512 B
[2022-07-24T10:56:23.170Z INFO  client] Transactions rate: 112 tx/s
[2022-07-24T10:56:23.170Z INFO  client] Waiting for all nodes to be online...
[2022-07-24T10:56:23.170Z INFO  client] Waiting for all nodes to be synchronized...
[2022-07-24T10:56:25.181Z INFO  client] Start sending transactions
[2022-07-24T10:56:25.183Z INFO  client] Sending sample transaction 0
[2022-07-24T10:56:25.234Z INFO  client] Sending sample transaction 1
[2022-07-24T10:56:25.291Z INFO  client] Sending sample transaction 2
[2022-07-24T10:56:25.335Z INFO  client] Sending sample transaction 3
[2022-07-24T10:56:25.384Z INFO  client] Sending sample transaction 4
[2022-07-24T10:56:25.433Z INFO  client] Sending sample transaction 5
[2022-07-24T10:56:25.483Z INFO  client] Sending sample transaction 6
[2022-07-24T10:56:25.534Z INFO  client] Sending sample transaction 7
[2022-07-24T10:56:25.583Z INFO  client] Sending sample transaction 8
[2022-07-24T10:56:25.634Z INFO  client] Sending sample transaction 9
[2022-07-24T10:56:25.683Z INFO  client] Sending sample transaction 10
[2022-07-24T10:56:25.733Z INFO  client] Sending sample transaction 11
[2022-07-24T10:56:25.782Z INFO  client] Sending sample transaction 12
[2022-07-24T10:56:25.833Z INFO  client] Sending sample transaction 13
[2022-07-24T10:56:25.884Z INFO  client] Sending sample transaction 14
[2022-07-24T10:56:25.933Z INFO  client] Sending sample transaction 15
[2022-07-24T10:56:25.983Z INFO  client] Sending sample transaction 16
[2022-07-24T10:56:26.033Z INFO  client] Sending sample transaction 17
[2022-07-24T10:56:26.084Z INFO  client] Sending sample transaction 18
[2022-07-24T10:56:26.138Z INFO  client] Sending sample transaction 19
[2022-07-24T10:56:26.196Z INFO  client] Sending sample transaction 20
[2022-07-24T10:56:26.233Z INFO  client] Sending sample transaction 21
[2022-07-24T10:56:26.283Z INFO  client] Sending sample transaction 22
[2022-07-24T10:56:26.336Z INFO  client] Sending sample transaction 23
[2022-07-24T10:56:26.383Z INFO  client] Sending sample transaction 24
[2022-07-24T10:56:26.433Z INFO  client] Sending sample transaction 25
[2022-07-24T10:56:26.482Z INFO  client] Sending sample transaction 26
[2022-07-24T10:56:26.537Z INFO  client] Sending sample transaction 27
[2022-07-24T10:56:26.583Z INFO  client] Sending sample transaction 28
[2022-07-24T10:56:26.642Z INFO  client] Sending sample transaction 29
[2022-07-24T10:56:26.683Z INFO  client] Sending sample transaction 30
[2022-07-24T10:56:26.733Z INFO  client] Sending sample transaction 31
[2022-07-24T10:56:26.783Z INFO  client] Sending sample transaction 32
[2022-07-24T10:56:26.863Z INFO  client] Sending sample transaction 33
[2022-07-24T10:56:26.920Z INFO  client] Sending sample transaction 34
[2022-07-24T10:56:26.974Z INFO  client] Sending sample transaction 35
[2022-07-24T10:56:26.991Z INFO  client] Sending sample transaction 36
[2022-07-24T10:56:27.035Z INFO  client] Sending sample transaction 37
[2022-07-24T10:56:27.090Z INFO  client] Sending sample transaction 38
[2022-07-24T10:56:27.135Z INFO  client] Sending sample transaction 39
[2022-07-24T10:56:27.183Z INFO  client] Sending sample transaction 40
[2022-07-24T10:56:27.256Z INFO  client] Sending sample transaction 41
[2022-07-24T10:56:27.288Z INFO  client] Sending sample transaction 42
[2022-07-24T10:56:27.333Z INFO  client] Sending sample transaction 43
[2022-07-24T10:56:27.391Z INFO  client] Sending sample transaction 44
[2022-07-24T10:56:27.434Z INFO  client] Sending sample transaction 45
[2022-07-24T10:56:27.484Z INFO  client] Sending sample transaction 46
[2022-07-24T10:56:27.533Z INFO  client] Sending sample transaction 47
[2022-07-24T10:56:27.585Z INFO  client] Sending sample transaction 48
[2022-07-24T10:56:27.633Z INFO  client] Sending sample transaction 49
[2022-07-24T10:56:27.682Z INFO  client] Sending sample transaction 50
[2022-07-24T10:56:27.732Z INFO  client] Sending sample transaction 51
[2022-07-24T10:56:27.782Z INFO  client] Sending sample transaction 52
[2022-07-24T10:56:27.832Z INFO  client] Sending sample transaction 53
[2022-07-24T10:56:27.883Z INFO  client] Sending sample transaction 54
[2022-07-24T10:56:27.932Z INFO  client] Sending sample transaction 55
[2022-07-24T10:56:27.983Z INFO  client] Sending sample transaction 56
[2022-07-24T10:56:28.033Z INFO  client] Sending sample transaction 57
[2022-07-24T10:56:28.082Z INFO  client] Sending sample transaction 58
[2022-07-24T10:56:28.132Z INFO  client] Sending sample transaction 59
[2022-07-24T10:56:28.182Z INFO  client] Sending sample transaction 60
[2022-07-24T10:56:28.238Z INFO  client] Sending sample transaction 61
[2022-07-24T10:56:28.286Z INFO  client] Sending sample transaction 62
[2022-07-24T10:56:28.333Z INFO  client] Sending sample transaction 63
[2022-07-24T10:56:28.382Z INFO  client] Sending sample transaction 64
[2022-07-24T10:56:28.432Z INFO  client] Sending sample transaction 65
[2022-07-24T10:56:28.482Z INFO  client] Sending sample transaction 66
[2022-07-24T10:56:28.532Z INFO  client] Sending sample transaction 67
[2022-07-24T10:56:28.582Z INFO  client] Sending sample transaction 68
[2022-07-24T10:56:28.633Z INFO  client] Sending sample transaction 69
[2022-07-24T10:56:28.682Z INFO  client] Sending sample transaction 70
[2022-07-24T10:56:28.732Z INFO  client] Sending sample transaction 71
[2022-07-24T10:56:28.783Z INFO  client] Sending sample transaction 72
[2022-07-24T10:56:28.832Z INFO  client] Sending sample transaction 73
[2022-07-24T10:56:28.883Z INFO  client] Sending sample transaction 74
[2022-07-24T10:56:28.933Z INFO  client] Sending sample transaction 75
[2022-07-24T10:56:28.983Z INFO  client] Sending sample transaction 76
[2022-07-24T10:56:29.032Z INFO  client] Sending sample transaction 77
[2022-07-24T10:56:29.082Z INFO  client] Sending sample transaction 78
[2022-07-24T10:56:29.132Z INFO  client] Sending sample transaction 79
[2022-07-24T10:56:29.182Z INFO  client] Sending sample transaction 80
[2022-07-24T10:56:29.232Z INFO  client] Sending sample transaction 81
[2022-07-24T10:56:29.283Z INFO  client] Sending sample transaction 82
[2022-07-24T10:56:29.332Z INFO  client] Sending sample transaction 83
[2022-07-24T10:56:29.383Z INFO  client] Sending sample transaction 84
[2022-07-24T10:56:29.438Z INFO  client] Sending sample transaction 85
[2022-07-24T10:56:29.484Z INFO  client] Sending sample transaction 86
[2022-07-24T10:56:29.532Z INFO  client] Sending sample transaction 87
[2022-07-24T10:56:29.582Z INFO  client] Sending sample transaction 88
[2022-07-24T10:56:29.633Z INFO  client] Sending sample transaction 89
[2022-07-24T10:56:29.682Z INFO  client] Sending sample transaction 90
[2022-07-24T10:56:29.732Z INFO  client] Sending sample transaction 91
[2022-07-24T10:56:29.783Z INFO  client] Sending sample transaction 92
[2022-07-24T10:56:29.833Z INFO  client] Sending sample transaction 93
[2022-07-24T10:56:29.884Z INFO  client] Sending sample transaction 94
[2022-07-24T10:56:29.933Z INFO  client] Sending sample transaction 95
[2022-07-24T10:56:29.983Z INFO  client] Sending sample transaction 96
[2022-07-24T10:56:30.032Z INFO  client] Sending sample transaction 97
[2022-07-24T10:56:30.083Z INFO  client] Sending sample transaction 98
[2022-07-24T10:56:30.132Z INFO  client] Sending sample transaction 99
[2022-07-24T10:56:30.182Z INFO  client] Sending sample transaction 100
[2022-07-24T10:56:30.232Z INFO  client] Sending sample transaction 101
[2022-07-24T10:56:30.285Z INFO  client] Sending sample transaction 102
[2022-07-24T10:56:30.405Z INFO  client] Sending sample transaction 103
[2022-07-24T10:56:30.422Z INFO  client] Sending sample transaction 104
[2022-07-24T10:56:30.451Z INFO  client] Sending sample transaction 105
[2022-07-24T10:56:30.488Z INFO  client] Sending sample transaction 106
[2022-07-24T10:56:30.532Z INFO  client] Sending sample transaction 107
[2022-07-24T10:56:30.582Z INFO  client] Sending sample transaction 108
[2022-07-24T10:56:30.633Z INFO  client] Sending sample transaction 109
[2022-07-24T10:56:30.683Z INFO  client] Sending sample transaction 110
[2022-07-24T10:56:30.732Z INFO  client] Sending sample transaction 111
[2022-07-24T10:56:30.792Z INFO  client] Sending sample transaction 112
[2022-07-24T10:56:30.833Z INFO  client] Sending sample transaction 113
[2022-07-24T10:56:30.882Z INFO  client] Sending sample transaction 114
[2022-07-24T10:56:30.932Z INFO  client] Sending sample transaction 115
[2022-07-24T10:56:30.982Z INFO  client] Sending sample transaction 116
[2022-07-24T10:56:31.032Z INFO  client] Sending sample transaction 117
[2022-07-24T10:56:31.083Z INFO  client] Sending sample transaction 118
[2022-07-24T10:56:31.132Z INFO  client] Sending sample transaction 119
[2022-07-24T10:56:31.182Z INFO  client] Sending sample transaction 120
[2022-07-24T10:56:31.232Z INFO  client] Sending sample transaction 121
[2022-07-24T10:56:31.283Z INFO  client] Sending sample transaction 122
[2022-07-24T10:56:31.333Z INFO  client] Sending sample transaction 123
[2022-07-24T10:56:31.383Z INFO  client] Sending sample transaction 124
[2022-07-24T10:56:31.432Z INFO  client] Sending sample transaction 125
[2022-07-24T10:56:31.482Z INFO  client] Sending sample transaction 126
[2022-07-24T10:56:31.532Z INFO  client] Sending sample transaction 127
[2022-07-24T10:56:31.590Z INFO  client] Sending sample transaction 128
[2022-07-24T10:56:31.632Z INFO  client] Sending sample transaction 129
[2022-07-24T10:56:31.681Z INFO  client] Sending sample transaction 130
[2022-07-24T10:56:31.732Z INFO  client] Sending sample transaction 131
[2022-07-24T10:56:31.782Z INFO  client] Sending sample transaction 132
[2022-07-24T10:56:31.833Z INFO  client] Sending sample transaction 133
[2022-07-24T10:56:31.883Z INFO  client] Sending sample transaction 134
[2022-07-24T10:56:31.932Z INFO  client] Sending sample transaction 135
[2022-07-24T10:56:31.982Z INFO  client] Sending sample transaction 136
[2022-07-24T10:56:32.033Z INFO  client] Sending sample transaction 137
[2022-07-24T10:56:32.082Z INFO  client] Sending sample transaction 138
[2022-07-24T10:56:32.133Z INFO  client] Sending sample transaction 139
[2022-07-24T10:56:32.183Z INFO  client] Sending sample transaction 140
[2022-07-24T10:56:32.232Z INFO  client] Sending sample transaction 141
[2022-07-24T10:56:32.282Z INFO  client] Sending sample transaction 142
[2022-07-24T10:56:32.332Z INFO  client] Sending sample transaction 143
[2022-07-24T10:56:32.382Z INFO  client] Sending sample transaction 144
[2022-07-24T10:56:32.433Z INFO  client] Sending sample transaction 145
[2022-07-24T10:56:32.482Z INFO  client] Sending sample transaction 146
[2022-07-24T10:56:32.532Z INFO  client] Sending sample transaction 147
[2022-07-24T10:56:32.583Z INFO  client] Sending sample transaction 148
[2022-07-24T10:56:32.639Z INFO  client] Sending sample transaction 149
[2022-07-24T10:56:32.682Z INFO  client] Sending sample transaction 150
[2022-07-24T10:56:32.732Z INFO  client] Sending sample transaction 151
[2022-07-24T10:56:32.785Z INFO  client] Sending sample transaction 152
[2022-07-24T10:56:32.832Z INFO  client] Sending sample transaction 153
[2022-07-24T10:56:32.882Z INFO  client] Sending sample transaction 154
[2022-07-24T10:56:32.934Z INFO  client] Sending sample transaction 155
[2022-07-24T10:56:32.982Z INFO  client] Sending sample transaction 156
[2022-07-24T10:56:33.033Z INFO  client] Sending sample transaction 157
[2022-07-24T10:56:33.083Z INFO  client] Sending sample transaction 158
[2022-07-24T10:56:33.132Z INFO  client] Sending sample transaction 159
[2022-07-24T10:56:33.183Z INFO  client] Sending sample transaction 160
[2022-07-24T10:56:33.233Z INFO  client] Sending sample transaction 161
[2022-07-24T10:56:33.283Z INFO  client] Sending sample transaction 162
[2022-07-24T10:56:33.332Z INFO  client] Sending sample transaction 163
[2022-07-24T10:56:33.382Z INFO  client] Sending sample transaction 164
[2022-07-24T10:56:33.432Z INFO  client] Sending sample transaction 165
[2022-07-24T10:56:33.482Z INFO  client] Sending sample transaction 166
[2022-07-24T10:56:33.533Z INFO  client] Sending sample transaction 167
[2022-07-24T10:56:33.583Z INFO  client] Sending sample transaction 168
[2022-07-24T10:56:33.633Z INFO  client] Sending sample transaction 169
[2022-07-24T10:56:33.684Z INFO  client] Sending sample transaction 170
[2022-07-24T10:56:33.732Z INFO  client] Sending sample transaction 171
[2022-07-24T10:56:33.857Z INFO  client] Sending sample transaction 172
[2022-07-24T10:56:33.858Z INFO  client] Sending sample transaction 173
[2022-07-24T10:56:33.894Z INFO  client] Sending sample transaction 174
[2022-07-24T10:56:33.931Z INFO  client] Sending sample transaction 175
[2022-07-24T10:56:33.982Z INFO  client] Sending sample transaction 176
[2022-07-24T10:56:34.032Z INFO  client] Sending sample transaction 177
[2022-07-24T10:56:34.082Z INFO  client] Sending sample transaction 178
[2022-07-24T10:56:34.132Z INFO  client] Sending sample transaction 179
[2022-07-24T10:56:34.183Z INFO  client] Sending sample transaction 180
[2022-07-24T10:56:34.232Z INFO  client] Sending sample transaction 181
[2022-07-24T10:56:34.282Z INFO  client] Sending sample transaction 182
[2022-07-24T10:56:34.333Z INFO  client] Sending sample transaction 183
[2022-07-24T10:56:34.382Z INFO  client] Sending sample transaction 184
[2022-07-24T10:56:34.432Z INFO  client] Sending sample transaction 185
[2022-07-24T10:56:34.483Z INFO  client] Sending sample transaction 186
[2022-07-24T10:56:34.532Z INFO  client] Sending sample transaction 187
[2022-07-24T10:56:34.583Z INFO  client] Sending sample transaction 188
[2022-07-24T10:56:34.633Z INFO  client] Sending sample transaction 189
[2022-07-24T10:56:34.682Z INFO  client] Sending sample transaction 190
[2022-07-24T10:56:34.733Z INFO  client] Sending sample transaction 191
[2022-07-24T10:56:34.783Z INFO  client] Sending sample transaction 192
[2022-07-24T10:56:34.832Z INFO  client] Sending sample transaction 193
[2022-07-24T10:56:34.882Z INFO  client] Sending sample transaction 194
[2022-07-24T10:56:34.933Z INFO  client] Sending sample transaction 195
[2022-07-24T10:56:34.982Z INFO  client] Sending sample transaction 196
[2022-07-24T10:56:35.032Z INFO  client] Sending sample transaction 197
[2022-07-24T10:56:35.082Z INFO  client] Sending sample transaction 198
[2022-07-24T10:56:35.133Z INFO  client] Sending sample transaction 199
[2022-07-24T10:56:35.182Z INFO  client] Sending sample transaction 200
[2022-07-24T10:56:35.232Z INFO  client] Sending sample transaction 201
[2022-07-24T10:56:35.282Z INFO  client] Sending sample transaction 202
[2022-07-24T10:56:35.333Z INFO  client] Sending sample transaction 203
[2022-07-24T10:56:35.383Z INFO  client] Sending sample transaction 204
[2022-07-24T10:56:35.433Z INFO  client] Sending sample transaction 205
[2022-07-24T10:56:35.483Z INFO  client] Sending sample transaction 206
[2022-07-24T10:56:35.532Z INFO  client] Sending sample transaction 207
[2022-07-24T10:56:35.583Z INFO  client] Sending sample transaction 208
[2022-07-24T10:56:35.632Z INFO  client] Sending sample transaction 209
[2022-07-24T10:56:35.682Z INFO  client] Sending sample transaction 210
[2022-07-24T10:56:35.732Z INFO  client] Sending sample transaction 211
[2022-07-24T10:56:35.786Z INFO  client] Sending sample transaction 212
[2022-07-24T10:56:35.832Z INFO  client] Sending sample transaction 213
[2022-07-24T10:56:35.885Z INFO  client] Sending sample transaction 214
[2022-07-24T10:56:35.933Z INFO  client] Sending sample transaction 215
[2022-07-24T10:56:35.982Z INFO  client] Sending sample transaction 216
[2022-07-24T10:56:36.032Z INFO  client] Sending sample transaction 217
[2022-07-24T10:56:36.082Z INFO  client] Sending sample transaction 218
[2022-07-24T10:56:36.133Z INFO  client] Sending sample transaction 219
[2022-07-24T10:56:36.182Z INFO  client] Sending sample transaction 220
[2022-07-24T10:56:36.232Z INFO  client] Sending sample transaction 221
[2022-07-24T10:56:36.282Z INFO  client] Sending sample transaction 222
[2022-07-24T10:56:36.332Z INFO  client] Sending sample transaction 223
[2022-07-24T10:56:36.382Z INFO  client] Sending sample transaction 224
[2022-07-24T10:56:36.433Z INFO  client] Sending sample transaction 225
[2022-07-24T10:56:36.488Z INFO  client] Sending sample transaction 226
[2022-07-24T10:56:36.533Z INFO  client] Sending sample transaction 227
[2022-07-24T10:56:36.583Z INFO  client] Sending sample transaction 228
[2022-07-24T10:56:36.633Z INFO  client] Sending sample transaction 229
[2022-07-24T10:56:36.720Z INFO  client] Sending sample transaction 230
[2022-07-24T10:56:36.734Z INFO  client] Sending sample transaction 231
[2022-07-24T10:56:36.784Z INFO  client] Sending sample transaction 232
[2022-07-24T10:56:36.832Z INFO  client] Sending sample transaction 233
[2022-07-24T10:56:36.882Z INFO  client] Sending sample transaction 234
[2022-07-24T10:56:36.932Z INFO  client] Sending sample transaction 235
[2022-07-24T10:56:36.983Z INFO  client] Sending sample transaction 236
[2022-07-24T10:56:37.033Z INFO  client] Sending sample transaction 237
[2022-07-24T10:56:37.083Z INFO  client] Sending sample transaction 238
[2022-07-24T10:56:37.133Z INFO  client] Sending sample transaction 239
[2022-07-24T10:56:37.182Z INFO  client] Sending sample transaction 240
[2022-07-24T10:56:37.232Z INFO  client] Sending sample transaction 241
[2022-07-24T10:56:37.283Z INFO  client] Sending sample transaction 242
[2022-07-24T10:56:37.333Z INFO  client] Sending sample transaction 243
[2022-07-24T10:56:37.382Z INFO  client] Sending sample transaction 244
[2022-07-24T10:56:37.432Z INFO  client] Sending sample transaction 245
[2022-07-24T10:56:37.483Z INFO  client] Sending sample transaction 246
[2022-07-24T10:56:37.533Z INFO  client] Sending sample transaction 247
[2022-07-24T10:56:37.583Z INFO  client] Sending sample transaction 248
[2022-07-24T10:56:37.632Z INFO  client] Sending sample transaction 249
[2022-07-24T10:56:37.682Z INFO  client] Sending sample transaction 250
[2022-07-24T10:56:37.732Z INFO  client] Sending sample transaction 251
[2022-07-24T10:56:37.783Z INFO  client] Sending sample transaction 252
[2022-07-24T10:56:37.833Z INFO  client] Sending sample transaction 253
[2022-07-24T10:56:37.898Z INFO  client] Sending sample transaction 254
[2022-07-24T10:56:37.933Z INFO  client] Sending sample transaction 255
[2022-07-24T10:56:38.036Z INFO  client] Sending sample transaction 256
[2022-07-24T10:56:38.054Z INFO  client] Sending sample transaction 257
[2022-07-24T10:56:38.082Z INFO  client] Sending sample transaction 258
[2022-07-24T10:56:38.133Z INFO  client] Sending sample transaction 259
[2022-07-24T10:56:38.182Z INFO  client] Sending sample transaction 260
[2022-07-24T10:56:38.232Z INFO  client] Sending sample transaction 261
[2022-07-24T10:56:38.294Z INFO  client] Sending sample transaction 262
[2022-07-24T10:56:38.333Z INFO  client] Sending sample transaction 263
[2022-07-24T10:56:38.382Z INFO  client] Sending sample transaction 264
[2022-07-24T10:56:38.432Z INFO  client] Sending sample transaction 265
[2022-07-24T10:56:38.482Z INFO  client] Sending sample transaction 266
[2022-07-24T10:56:38.532Z INFO  client] Sending sample transaction 267
[2022-07-24T10:56:38.582Z INFO  client] Sending sample transaction 268
[2022-07-24T10:56:38.633Z INFO  client] Sending sample transaction 269
[2022-07-24T10:56:38.683Z INFO  client] Sending sample transaction 270
[2022-07-24T10:56:38.733Z INFO  client] Sending sample transaction 271
[2022-07-24T10:56:38.782Z INFO  client] Sending sample transaction 272
[2022-07-24T10:56:38.833Z INFO  client] Sending sample transaction 273
[2022-07-24T10:56:38.883Z INFO  client] Sending sample transaction 274
[2022-07-24T10:56:38.946Z INFO  client] Sending sample transaction 275
[2022-07-24T10:56:38.983Z INFO  client] Sending sample transaction 276
[2022-07-24T10:56:39.032Z INFO  client] Sending sample transaction 277
[2022-07-24T10:56:39.083Z INFO  client] Sending sample transaction 278
[2022-07-24T10:56:39.133Z INFO  client] Sending sample transaction 279
[2022-07-24T10:56:39.182Z INFO  client] Sending sample transaction 280
[2022-07-24T10:56:39.232Z INFO  client] Sending sample transaction 281
[2022-07-24T10:56:39.283Z INFO  client] Sending sample transaction 282
[2022-07-24T10:56:39.333Z INFO  client] Sending sample transaction 283
[2022-07-24T10:56:39.383Z INFO  client] Sending sample transaction 284
[2022-07-24T10:56:39.432Z INFO  client] Sending sample transaction 285
[2022-07-24T10:56:39.483Z INFO  client] Sending sample transaction 286
[2022-07-24T10:56:39.532Z INFO  client] Sending sample transaction 287
[2022-07-24T10:56:39.583Z INFO  client] Sending sample transaction 288
[2022-07-24T10:56:39.632Z INFO  client] Sending sample transaction 289
[2022-07-24T10:56:39.682Z INFO  client] Sending sample transaction 290
[2022-07-24T10:56:39.732Z INFO  client] Sending sample transaction 291
[2022-07-24T10:56:39.783Z INFO  client] Sending sample transaction 292
[2022-07-24T10:56:39.832Z INFO  client] Sending sample transaction 293
[2022-07-24T10:56:39.882Z INFO  client] Sending sample transaction 294
[2022-07-24T10:56:39.933Z INFO  client] Sending sample transaction 295
[2022-07-24T10:56:39.993Z INFO  client] Sending sample transaction 296
[2022-07-24T10:56:40.033Z INFO  client] Sending sample transaction 297
[2022-07-24T10:56:40.082Z INFO  client] Sending sample transaction 298
[2022-07-24T10:56:40.132Z INFO  client] Sending sample transaction 299
[2022-07-24T10:56:40.183Z INFO  client] Sending sample transaction 300
[2022-07-24T10:56:40.232Z INFO  client] Sending sample transaction 301
[2022-07-24T10:56:40.282Z INFO  client] Sending sample transaction 302
[2022-07-24T10:56:40.332Z INFO  client] Sending sample transaction 303
[2022-07-24T10:56:40.383Z INFO  client] Sending sample transaction 304
[2022-07-24T10:56:40.432Z INFO  client] Sending sample transaction 305
[2022-07-24T10:56:40.482Z INFO  client] Sending sample transaction 306
[2022-07-24T10:56:40.532Z INFO  client] Sending sample transaction 307
[2022-07-24T10:56:40.582Z INFO  client] Sending sample transaction 308
[2022-07-24T10:56:40.632Z INFO  client] Sending sample transaction 309
[2022-07-24T10:56:40.682Z INFO  client] Sending sample transaction 310
[2022-07-24T10:56:40.732Z INFO  client] Sending sample transaction 311
[2022-07-24T10:56:40.807Z INFO  client] Sending sample transaction 312
[2022-07-24T10:56:40.836Z INFO  client] Sending sample transaction 313
[2022-07-24T10:56:40.883Z INFO  client] Sending sample transaction 314
[2022-07-24T10:56:40.932Z INFO  client] Sending sample transaction 315
[2022-07-24T10:56:40.983Z INFO  client] Sending sample transaction 316
[2022-07-24T10:56:41.032Z INFO  client] Sending sample transaction 317
[2022-07-24T10:56:41.082Z INFO  client] Sending sample transaction 318
[2022-07-24T10:56:41.132Z INFO  client] Sending sample transaction 319
[2022-07-24T10:56:41.182Z INFO  client] Sending sample transaction 320
[2022-07-24T10:56:41.232Z INFO  client] Sending sample transaction 321
[2022-07-24T10:56:41.281Z INFO  client] Sending sample transaction 322
[2022-07-24T10:56:41.332Z INFO  client] Sending sample transaction 323
[2022-07-24T10:56:41.382Z INFO  client] Sending sample transaction 324
[2022-07-24T10:56:41.432Z INFO  client] Sending sample transaction 325
[2022-07-24T10:56:41.482Z INFO  client] Sending sample transaction 326
[2022-07-24T10:56:41.532Z INFO  client] Sending sample transaction 327
[2022-07-24T10:56:41.582Z INFO  client] Sending sample transaction 328
[2022-07-24T10:56:41.632Z INFO  client] Sending sample transaction 329
[2022-07-24T10:56:41.682Z INFO  client] Sending sample transaction 330
[2022-07-24T10:56:41.733Z INFO  client] Sending sample transaction 331
[2022-07-24T10:56:41.784Z INFO  client] Sending sample transaction 332
[2022-07-24T10:56:41.833Z INFO  client] Sending sample transaction 333
[2022-07-24T10:56:41.883Z INFO  client] Sending sample transaction 334
[2022-07-24T10:56:41.932Z INFO  client] Sending sample transaction 335
[2022-07-24T10:56:41.983Z INFO  client] Sending sample transaction 336
[2022-07-24T10:56:42.035Z INFO  client] Sending sample transaction 337
[2022-07-24T10:56:42.083Z INFO  client] Sending sample transaction 338
[2022-07-24T10:56:42.133Z INFO  client] Sending sample transaction 339
[2022-07-24T10:56:42.182Z INFO  client] Sending sample transaction 340
[2022-07-24T10:56:42.232Z INFO  client] Sending sample transaction 341
[2022-07-24T10:56:42.284Z INFO  client] Sending sample transaction 342
[2022-07-24T10:56:42.339Z INFO  client] Sending sample transaction 343
[2022-07-24T10:56:42.383Z INFO  client] Sending sample transaction 344
[2022-07-24T10:56:42.432Z INFO  client] Sending sample transaction 345
[2022-07-24T10:56:42.482Z INFO  client] Sending sample transaction 346
[2022-07-24T10:56:42.533Z INFO  client] Sending sample transaction 347
[2022-07-24T10:56:42.584Z INFO  client] Sending sample transaction 348
[2022-07-24T10:56:42.676Z INFO  client] Sending sample transaction 349
[2022-07-24T10:56:42.687Z INFO  client] Sending sample transaction 350
[2022-07-24T10:56:42.733Z INFO  client] Sending sample transaction 351
[2022-07-24T10:56:42.782Z INFO  client] Sending sample transaction 352
[2022-07-24T10:56:42.832Z INFO  client] Sending sample transaction 353
[2022-07-24T10:56:42.883Z INFO  client] Sending sample transaction 354
[2022-07-24T10:56:42.932Z INFO  client] Sending sample transaction 355
[2022-07-24T10:56:42.983Z INFO  client] Sending sample transaction 356
[2022-07-24T10:56:43.032Z INFO  client] Sending sample transaction 357
[2022-07-24T10:56:43.083Z INFO  client] Sending sample transaction 358
[2022-07-24T10:56:43.132Z INFO  client] Sending sample transaction 359
[2022-07-24T10:56:43.182Z INFO  client] Sending sample transaction 360
[2022-07-24T10:56:43.232Z INFO  client] Sending sample transaction 361
[2022-07-24T10:56:43.282Z INFO  client] Sending sample transaction 362
[2022-07-24T10:56:43.333Z INFO  client] Sending sample transaction 363
[2022-07-24T10:56:43.383Z INFO  client] Sending sample transaction 364
[2022-07-24T10:56:43.432Z INFO  client] Sending sample transaction 365
[2022-07-24T10:56:43.483Z INFO  client] Sending sample transaction 366
[2022-07-24T10:56:43.532Z INFO  client] Sending sample transaction 367
[2022-07-24T10:56:43.582Z INFO  client] Sending sample transaction 368
[2022-07-24T10:56:43.632Z INFO  client] Sending sample transaction 369
[2022-07-24T10:56:43.682Z INFO  client] Sending sample transaction 370
[2022-07-24T10:56:43.732Z INFO  client] Sending sample transaction 371
[2022-07-24T10:56:43.783Z INFO  client] Sending sample transaction 372
[2022-07-24T10:56:43.833Z INFO  client] Sending sample transaction 373
[2022-07-24T10:56:43.882Z INFO  client] Sending sample transaction 374
[2022-07-24T10:56:43.933Z INFO  client] Sending sample transaction 375
[2022-07-24T10:56:43.982Z INFO  client] Sending sample transaction 376
[2022-07-24T10:56:44.032Z INFO  client] Sending sample transaction 377
[2022-07-24T10:56:44.082Z INFO  client] Sending sample transaction 378
[2022-07-24T10:56:44.135Z INFO  client] Sending sample transaction 379
[2022-07-24T10:56:44.182Z INFO  client] Sending sample transaction 380
[2022-07-24T10:56:44.232Z INFO  client] Sending sample transaction 381
[2022-07-24T10:56:44.283Z INFO  client] Sending sample transaction 382
[2022-07-24T10:56:44.332Z INFO  client] Sending sample transaction 383
[2022-07-24T10:56:44.383Z INFO  client] Sending sample transaction 384
[2022-07-24T10:56:44.432Z INFO  client] Sending sample transaction 385
[2022-07-24T10:56:44.481Z INFO  client] Sending sample transaction 386
[2022-07-24T10:56:44.532Z INFO  client] Sending sample transaction 387
[2022-07-24T10:56:44.582Z INFO  client] Sending sample transaction 388
[2022-07-24T10:56:44.632Z INFO  client] Sending sample transaction 389
[2022-07-24T10:56:44.683Z INFO  client] Sending sample transaction 390
[2022-07-24T10:56:44.732Z INFO  client] Sending sample transaction 391
[2022-07-24T10:56:44.782Z INFO  client] Sending sample transaction 392
[2022-07-24T10:56:44.833Z INFO  client] Sending sample transaction 393
[2022-07-24T10:56:44.882Z INFO  client] Sending sample transaction 394
[2022-07-24T10:56:44.932Z INFO  client] Sending sample transaction 395
[2022-07-24T10:56:44.982Z INFO  client] Sending sample transaction 396
[2022-07-24T10:56:45.031Z INFO  client] Sending sample transaction 397
[2022-07-24T10:56:45.082Z INFO  client] Sending sample transaction 398
[2022-07-24T10:56:45.133Z INFO  client] Sending sample transaction 399
[2022-07-24T10:56:45.192Z INFO  client] Sending sample transaction 400
[2022-07-24T10:56:45.232Z INFO  client] Sending sample transaction 401
[2022-07-24T10:56:45.282Z INFO  client] Sending sample transaction 402
[2022-07-24T10:56:45.333Z INFO  client] Sending sample transaction 403
[2022-07-24T10:56:45.384Z INFO  client] Sending sample transaction 404
[2022-07-24T10:56:45.432Z INFO  client] Sending sample transaction 405
[2022-07-24T10:56:45.525Z INFO  client] Sending sample transaction 406
[2022-07-24T10:56:45.554Z INFO  client] Sending sample transaction 407
[2022-07-24T10:56:45.584Z INFO  client] Sending sample transaction 408
[2022-07-24T10:56:45.632Z INFO  client] Sending sample transaction 409
[2022-07-24T10:56:45.682Z INFO  client] Sending sample transaction 410
[2022-07-24T10:56:45.732Z INFO  client] Sending sample transaction 411
[2022-07-24T10:56:45.782Z INFO  client] Sending sample transaction 412
[2022-07-24T10:56:45.833Z INFO  client] Sending sample transaction 413
[2022-07-24T10:56:45.882Z INFO  client] Sending sample transaction 414
[2022-07-24T10:56:45.932Z INFO  client] Sending sample transaction 415
[2022-07-24T10:56:45.995Z INFO  client] Sending sample transaction 416
[2022-07-24T10:56:46.038Z INFO  client] Sending sample transaction 417
[2022-07-24T10:56:46.086Z INFO  client] Sending sample transaction 418
[2022-07-24T10:56:46.138Z INFO  client] Sending sample transaction 419
[2022-07-24T10:56:46.191Z INFO  client] Sending sample transaction 420
[2022-07-24T10:56:46.265Z INFO  client] Sending sample transaction 421
[2022-07-24T10:56:46.286Z INFO  client] Sending sample transaction 422
[2022-07-24T10:56:46.347Z INFO  client] Sending sample transaction 423
[2022-07-24T10:56:46.382Z INFO  client] Sending sample transaction 424
[2022-07-24T10:56:46.434Z INFO  client] Sending sample transaction 425
[2022-07-24T10:56:46.486Z INFO  client] Sending sample transaction 426
[2022-07-24T10:56:46.533Z INFO  client] Sending sample transaction 427
[2022-07-24T10:56:46.584Z INFO  client] Sending sample transaction 428
[2022-07-24T10:56:46.633Z INFO  client] Sending sample transaction 429
[2022-07-24T10:56:46.684Z INFO  client] Sending sample transaction 430
[2022-07-24T10:56:46.738Z INFO  client] Sending sample transaction 431
[2022-07-24T10:56:46.782Z INFO  client] Sending sample transaction 432
[2022-07-24T10:56:46.833Z INFO  client] Sending sample transaction 433
