[2022-07-24T09:36:25.508Z INFO  client] Node address: 127.0.0.1:9014
[2022-07-24T09:36:25.509Z INFO  client] Transactions size: 512 B
[2022-07-24T09:36:25.509Z INFO  client] Transactions rate: 112 tx/s
[2022-07-24T09:36:25.509Z INFO  client] Waiting for all nodes to be online...
[2022-07-24T09:36:25.509Z INFO  client] Waiting for all nodes to be synchronized...
[2022-07-24T09:36:27.515Z INFO  client] Start sending transactions
[2022-07-24T09:36:27.516Z INFO  client] Sending sample transaction 0
[2022-07-24T09:36:27.566Z INFO  client] Sending sample transaction 1
[2022-07-24T09:36:27.617Z INFO  client] Sending sample transaction 2
[2022-07-24T09:36:27.669Z INFO  client] Sending sample transaction 3
[2022-07-24T09:36:27.717Z INFO  client] Sending sample transaction 4
[2022-07-24T09:36:27.767Z INFO  client] Sending sample transaction 5
[2022-07-24T09:36:27.817Z INFO  client] Sending sample transaction 6
[2022-07-24T09:36:27.867Z INFO  client] Sending sample transaction 7
[2022-07-24T09:36:27.917Z INFO  client] Sending sample transaction 8
[2022-07-24T09:36:27.967Z INFO  client] Sending sample transaction 9
[2022-07-24T09:36:28.017Z INFO  client] Sending sample transaction 10
[2022-07-24T09:36:28.066Z INFO  client] Sending sample transaction 11
[2022-07-24T09:36:28.117Z INFO  client] Sending sample transaction 12
[2022-07-24T09:36:28.168Z INFO  client] Sending sample transaction 13
[2022-07-24T09:36:28.218Z INFO  client] Sending sample transaction 14
[2022-07-24T09:36:28.268Z INFO  client] Sending sample transaction 15
[2022-07-24T09:36:28.317Z INFO  client] Sending sample transaction 16
[2022-07-24T09:36:28.367Z INFO  client] Sending sample transaction 17
[2022-07-24T09:36:28.418Z INFO  client] Sending sample transaction 18
[2022-07-24T09:36:28.466Z INFO  client] Sending sample transaction 19
[2022-07-24T09:36:28.517Z INFO  client] Sending sample transaction 20
[2022-07-24T09:36:28.584Z INFO  client] Sending sample transaction 21
[2022-07-24T09:36:28.617Z INFO  client] Sending sample transaction 22
[2022-07-24T09:36:28.666Z INFO  client] Sending sample transaction 23
[2022-07-24T09:36:28.718Z INFO  client] Sending sample transaction 24
[2022-07-24T09:36:28.768Z INFO  client] Sending sample transaction 25
[2022-07-24T09:36:28.817Z INFO  client] Sending sample transaction 26
[2022-07-24T09:36:28.867Z INFO  client] Sending sample transaction 27
[2022-07-24T09:36:28.917Z INFO  client] Sending sample transaction 28
[2022-07-24T09:36:28.967Z INFO  client] Sending sample transaction 29
[2022-07-24T09:36:29.017Z INFO  client] Sending sample transaction 30
[2022-07-24T09:36:29.068Z INFO  client] Sending sample transaction 31
[2022-07-24T09:36:29.141Z INFO  client] Sending sample transaction 32
[2022-07-24T09:36:29.170Z INFO  client] Sending sample transaction 33
[2022-07-24T09:36:29.218Z INFO  client] Sending sample transaction 34
[2022-07-24T09:36:29.266Z INFO  client] Sending sample transaction 35
[2022-07-24T09:36:29.316Z INFO  client] Sending sample transaction 36
[2022-07-24T09:36:29.367Z INFO  client] Sending sample transaction 37
[2022-07-24T09:36:29.417Z INFO  client] Sending sample transaction 38
[2022-07-24T09:36:29.468Z INFO  client] Sending sample transaction 39
[2022-07-24T09:36:29.516Z INFO  client] Sending sample transaction 40
[2022-07-24T09:36:29.566Z INFO  client] Sending sample transaction 41
[2022-07-24T09:36:29.616Z INFO  client] Sending sample transaction 42
[2022-07-24T09:36:29.670Z INFO  client] Sending sample transaction 43
[2022-07-24T09:36:29.716Z INFO  client] Sending sample transaction 44
[2022-07-24T09:36:29.767Z INFO  client] Sending sample transaction 45
[2022-07-24T09:36:29.816Z INFO  client] Sending sample transaction 46
[2022-07-24T09:36:29.868Z INFO  client] Sending sample transaction 47
[2022-07-24T09:36:29.916Z INFO  client] Sending sample transaction 48
[2022-07-24T09:36:29.967Z INFO  client] Sending sample transaction 49
[2022-07-24T09:36:30.016Z INFO  client] Sending sample transaction 50
[2022-07-24T09:36:30.067Z INFO  client] Sending sample transaction 51
[2022-07-24T09:36:30.117Z INFO  client] Sending sample transaction 52
[2022-07-24T09:36:30.166Z INFO  client] Sending sample transaction 53
[2022-07-24T09:36:30.217Z INFO  client] Sending sample transaction 54
[2022-07-24T09:36:30.267Z INFO  client] Sending sample transaction 55
[2022-07-24T09:36:30.316Z INFO  client] Sending sample transaction 56
[2022-07-24T09:36:30.368Z INFO  client] Sending sample transaction 57
[2022-07-24T09:36:30.426Z INFO  client] Sending sample transaction 58
[2022-07-24T09:36:30.466Z INFO  client] Sending sample transaction 59
[2022-07-24T09:36:30.516Z INFO  client] Sending sample transaction 60
[2022-07-24T09:36:30.568Z INFO  client] Sending sample transaction 61
[2022-07-24T09:36:30.623Z INFO  client] Sending sample transaction 62
[2022-07-24T09:36:30.682Z INFO  client] Sending sample transaction 63
[2022-07-24T09:36:30.725Z INFO  client] Sending sample transaction 64
[2022-07-24T09:36:30.766Z INFO  client] Sending sample transaction 65
[2022-07-24T09:36:30.817Z INFO  client] Sending sample transaction 66
[2022-07-24T09:36:30.867Z INFO  client] Sending sample transaction 67
[2022-07-24T09:36:30.917Z INFO  client] Sending sample transaction 68
[2022-07-24T09:36:30.967Z INFO  client] Sending sample transaction 69
[2022-07-24T09:36:31.018Z INFO  client] Sending sample transaction 70
[2022-07-24T09:36:31.066Z INFO  client] Sending sample transaction 71
[2022-07-24T09:36:31.116Z INFO  client] Sending sample transaction 72
[2022-07-24T09:36:31.168Z INFO  client] Sending sample transaction 73
[2022-07-24T09:36:31.217Z INFO  client] Sending sample transaction 74
[2022-07-24T09:36:31.267Z INFO  client] Sending sample transaction 75
[2022-07-24T09:36:31.317Z INFO  client] Sending sample transaction 76
[2022-07-24T09:36:31.367Z INFO  client] Sending sample transaction 77
[2022-07-24T09:36:31.418Z INFO  client] Sending sample transaction 78
[2022-07-24T09:36:31.467Z INFO  client] Sending sample transaction 79
[2022-07-24T09:36:31.517Z INFO  client] Sending sample transaction 80
[2022-07-24T09:36:31.567Z INFO  client] Sending sample transaction 81
[2022-07-24T09:36:31.616Z INFO  client] Sending sample transaction 82
[2022-07-24T09:36:31.666Z INFO  client] Sending sample transaction 83
[2022-07-24T09:36:31.717Z INFO  client] Sending sample transaction 84
[2022-07-24T09:36:31.766Z INFO  client] Sending sample transaction 85
[2022-07-24T09:36:31.817Z INFO  client] Sending sample transaction 86
[2022-07-24T09:36:31.866Z INFO  client] Sending sample transaction 87
[2022-07-24T09:36:31.917Z INFO  client] Sending sample transaction 88
[2022-07-24T09:36:31.966Z INFO  client] Sending sample transaction 89
[2022-07-24T09:36:32.016Z INFO  client] Sending sample transaction 90
[2022-07-24T09:36:32.067Z INFO  client] Sending sample transaction 91
[2022-07-24T09:36:32.116Z INFO  client] Sending sample transaction 92
[2022-07-24T09:36:32.167Z INFO  client] Sending sample transaction 93
[2022-07-24T09:36:32.216Z INFO  client] Sending sample transaction 94
[2022-07-24T09:36:32.266Z INFO  client] Sending sample transaction 95
[2022-07-24T09:36:32.316Z INFO  client] Sending sample transaction 96
[2022-07-24T09:36:32.366Z INFO  client] Sending sample transaction 97
[2022-07-24T09:36:32.417Z INFO  client] Sending sample transaction 98
[2022-07-24T09:36:32.467Z INFO  client] Sending sample transaction 99
[2022-07-24T09:36:32.517Z INFO  client] Sending sample transaction 100
[2022-07-24T09:36:32.566Z INFO  client] Sending sample transaction 101
[2022-07-24T09:36:32.617Z INFO  client] Sending sample transaction 102
[2022-07-24T09:36:32.666Z INFO  client] Sending sample transaction 103
[2022-07-24T09:36:32.716Z INFO  client] Sending sample transaction 104
[2022-07-24T09:36:32.770Z INFO  client] Sending sample transaction 105
[2022-07-24T09:36:32.828Z INFO  client] Sending sample transaction 106
[2022-07-24T09:36:32.866Z INFO  client] Sending sample transaction 107
[2022-07-24T09:36:32.916Z INFO  client] Sending sample transaction 108
[2022-07-24T09:36:32.966Z INFO  client] Sending sample transaction 109
[2022-07-24T09:36:33.016Z INFO  client] Sending sample transaction 110
[2022-07-24T09:36:33.066Z INFO  client] Sending sample transaction 111
[2022-07-24T09:36:33.116Z INFO  client] Sending sample transaction 112
[2022-07-24T09:36:33.167Z INFO  client] Sending sample transaction 113
[2022-07-24T09:36:33.216Z INFO  client] Sending sample transaction 114
[2022-07-24T09:36:33.266Z INFO  client] Sending sample transaction 115
[2022-07-24T09:36:33.323Z INFO  client] Sending sample transaction 116
[2022-07-24T09:36:33.367Z INFO  client] Sending sample transaction 117
[2022-07-24T09:36:33.417Z INFO  client] Sending sample transaction 118
[2022-07-24T09:36:33.467Z INFO  client] Sending sample transaction 119
[2022-07-24T09:36:33.516Z INFO  client] Sending sample transaction 120
[2022-07-24T09:36:33.566Z INFO  client] Sending sample transaction 121
[2022-07-24T09:36:33.617Z INFO  client] Sending sample transaction 122
[2022-07-24T09:36:33.666Z INFO  client] Sending sample transaction 123
[2022-07-24T09:36:33.716Z INFO  client] Sending sample transaction 124
[2022-07-24T09:36:33.766Z INFO  client] Sending sample transaction 125
[2022-07-24T09:36:33.817Z INFO  client] Sending sample transaction 126
[2022-07-24T09:36:33.866Z INFO  client] Sending sample transaction 127
[2022-07-24T09:36:33.916Z INFO  client] Sending sample transaction 128
[2022-07-24T09:36:33.967Z INFO  client] Sending sample transaction 129
[2022-07-24T09:36:34.016Z INFO  client] Sending sample transaction 130
[2022-07-24T09:36:34.068Z INFO  client] Sending sample transaction 131
[2022-07-24T09:36:34.116Z INFO  client] Sending sample transaction 132
[2022-07-24T09:36:34.166Z INFO  client] Sending sample transaction 133
[2022-07-24T09:36:34.217Z INFO  client] Sending sample transaction 134
[2022-07-24T09:36:34.266Z INFO  client] Sending sample transaction 135
[2022-07-24T09:36:34.316Z INFO  client] Sending sample transaction 136
[2022-07-24T09:36:34.366Z INFO  client] Sending sample transaction 137
[2022-07-24T09:36:34.417Z INFO  client] Sending sample transaction 138
[2022-07-24T09:36:34.467Z INFO  client] Sending sample transaction 139
[2022-07-24T09:36:34.518Z INFO  client] Sending sample transaction 140
[2022-07-24T09:36:34.566Z INFO  client] Sending sample transaction 141
[2022-07-24T09:36:34.617Z INFO  client] Sending sample transaction 142
[2022-07-24T09:36:34.667Z INFO  client] Sending sample transaction 143
[2022-07-24T09:36:34.716Z INFO  client] Sending sample transaction 144
[2022-07-24T09:36:34.767Z INFO  client] Sending sample transaction 145
[2022-07-24T09:36:34.816Z INFO  client] Sending sample transaction 146
[2022-07-24T09:36:34.866Z INFO  client] Sending sample transaction 147
[2022-07-24T09:36:34.921Z INFO  client] Sending sample transaction 148
[2022-07-24T09:36:34.967Z INFO  client] Sending sample transaction 149
[2022-07-24T09:36:35.016Z INFO  client] Sending sample transaction 150
[2022-07-24T09:36:35.066Z INFO  client] Sending sample transaction 151
[2022-07-24T09:36:35.116Z INFO  client] Sending sample transaction 152
[2022-07-24T09:36:35.166Z INFO  client] Sending sample transaction 153
[2022-07-24T09:36:35.217Z INFO  client] Sending sample transaction 154
[2022-07-24T09:36:35.267Z INFO  client] Sending sample transaction 155
[2022-07-24T09:36:35.317Z INFO  client] Sending sample transaction 156
[2022-07-24T09:36:35.366Z INFO  client] Sending sample transaction 157
[2022-07-24T09:36:35.416Z INFO  client] Sending sample transaction 158
[2022-07-24T09:36:35.479Z INFO  client] Sending sample transaction 159
[2022-07-24T09:36:35.521Z INFO  client] Sending sample transaction 160
[2022-07-24T09:36:35.566Z INFO  client] Sending sample transaction 161
[2022-07-24T09:36:35.617Z INFO  client] Sending sample transaction 162
[2022-07-24T09:36:35.667Z INFO  client] Sending sample transaction 163
[2022-07-24T09:36:35.716Z INFO  client] Sending sample transaction 164
[2022-07-24T09:36:35.767Z INFO  client] Sending sample transaction 165
[2022-07-24T09:36:35.817Z INFO  client] Sending sample transaction 166
[2022-07-24T09:36:35.867Z INFO  client] Sending sample transaction 167
[2022-07-24T09:36:35.917Z INFO  client] Sending sample transaction 168
[2022-07-24T09:36:35.966Z INFO  client] Sending sample transaction 169
[2022-07-24T09:36:36.017Z INFO  client] Sending sample transaction 170
[2022-07-24T09:36:36.066Z INFO  client] Sending sample transaction 171
[2022-07-24T09:36:36.117Z INFO  client] Sending sample transaction 172
[2022-07-24T09:36:36.168Z INFO  client] Sending sample transaction 173
[2022-07-24T09:36:36.216Z INFO  client] Sending sample transaction 174
[2022-07-24T09:36:36.266Z INFO  client] Sending sample transaction 175
[2022-07-24T09:36:36.317Z INFO  client] Sending sample transaction 176
[2022-07-24T09:36:36.366Z INFO  client] Sending sample transaction 177
[2022-07-24T09:36:36.417Z INFO  client] Sending sample transaction 178
[2022-07-24T09:36:36.466Z INFO  client] Sending sample transaction 179
[2022-07-24T09:36:36.516Z INFO  client] Sending sample transaction 180
[2022-07-24T09:36:36.566Z INFO  client] Sending sample transaction 181
[2022-07-24T09:36:36.616Z INFO  client] Sending sample transaction 182
[2022-07-24T09:36:36.667Z INFO  client] Sending sample transaction 183
[2022-07-24T09:36:36.716Z INFO  client] Sending sample transaction 184
[2022-07-24T09:36:36.767Z INFO  client] Sending sample transaction 185
[2022-07-24T09:36:36.816Z INFO  client] Sending sample transaction 186
[2022-07-24T09:36:36.866Z INFO  client] Sending sample transaction 187
[2022-07-24T09:36:36.916Z INFO  client] Sending sample transaction 188
[2022-07-24T09:36:36.966Z INFO  client] Sending sample transaction 189
[2022-07-24T09:36:37.024Z INFO  client] Sending sample transaction 190
[2022-07-24T09:36:37.068Z INFO  client] Sending sample transaction 191
[2022-07-24T09:36:37.116Z INFO  client] Sending sample transaction 192
[2022-07-24T09:36:37.167Z INFO  client] Sending sample transaction 193
[2022-07-24T09:36:37.216Z INFO  client] Sending sample transaction 194
[2022-07-24T09:36:37.266Z INFO  client] Sending sample transaction 195
[2022-07-24T09:36:37.316Z INFO  client] Sending sample transaction 196
[2022-07-24T09:36:37.366Z INFO  client] Sending sample transaction 197
[2022-07-24T09:36:37.416Z INFO  client] Sending sample transaction 198
[2022-07-24T09:36:37.466Z INFO  client] Sending sample transaction 199
[2022-07-24T09:36:37.517Z INFO  client] Sending sample transaction 200
[2022-07-24T09:36:37.566Z INFO  client] Sending sample transaction 201
[2022-07-24T09:36:37.617Z INFO  client] Sending sample transaction 202
[2022-07-24T09:36:37.667Z INFO  client] Sending sample transaction 203
[2022-07-24T09:36:37.716Z INFO  client] Sending sample transaction 204
[2022-07-24T09:36:37.767Z INFO  client] Sending sample transaction 205
[2022-07-24T09:36:37.816Z INFO  client] Sending sample transaction 206
[2022-07-24T09:36:37.866Z INFO  client] Sending sample transaction 207
[2022-07-24T09:36:37.916Z INFO  client] Sending sample transaction 208
[2022-07-24T09:36:37.966Z INFO  client] Sending sample transaction 209
[2022-07-24T09:36:38.035Z INFO  client] Sending sample transaction 210
[2022-07-24T09:36:38.067Z INFO  client] Sending sample transaction 211
[2022-07-24T09:36:38.117Z INFO  client] Sending sample transaction 212
[2022-07-24T09:36:38.167Z INFO  client] Sending sample transaction 213
[2022-07-24T09:36:38.217Z INFO  client] Sending sample transaction 214
[2022-07-24T09:36:38.267Z INFO  client] Sending sample transaction 215
[2022-07-24T09:36:38.317Z INFO  client] Sending sample transaction 216
[2022-07-24T09:36:38.366Z INFO  client] Sending sample transaction 217
[2022-07-24T09:36:38.417Z INFO  client] Sending sample transaction 218
[2022-07-24T09:36:38.467Z INFO  client] Sending sample transaction 219
[2022-07-24T09:36:38.516Z INFO  client] Sending sample transaction 220
[2022-07-24T09:36:38.567Z INFO  client] Sending sample transaction 221
[2022-07-24T09:36:38.616Z INFO  client] Sending sample transaction 222
[2022-07-24T09:36:38.667Z INFO  client] Sending sample transaction 223
[2022-07-24T09:36:38.717Z INFO  client] Sending sample transaction 224
[2022-07-24T09:36:38.767Z INFO  client] Sending sample transaction 225
[2022-07-24T09:36:38.816Z INFO  client] Sending sample transaction 226
[2022-07-24T09:36:38.866Z INFO  client] Sending sample transaction 227
[2022-07-24T09:36:38.917Z INFO  client] Sending sample transaction 228
[2022-07-24T09:36:38.966Z INFO  client] Sending sample transaction 229
[2022-07-24T09:36:39.016Z INFO  client] Sending sample transaction 230
[2022-07-24T09:36:39.067Z INFO  client] Sending sample transaction 231
[2022-07-24T09:36:39.117Z INFO  client] Sending sample transaction 232
[2022-07-24T09:36:39.167Z INFO  client] Sending sample transaction 233
[2022-07-24T09:36:39.217Z INFO  client] Sending sample transaction 234
[2022-07-24T09:36:39.267Z INFO  client] Sending sample transaction 235
[2022-07-24T09:36:39.317Z INFO  client] Sending sample transaction 236
[2022-07-24T09:36:39.367Z INFO  client] Sending sample transaction 237
[2022-07-24T09:36:39.416Z INFO  client] Sending sample transaction 238
[2022-07-24T09:36:39.466Z INFO  client] Sending sample transaction 239
[2022-07-24T09:36:39.516Z INFO  client] Sending sample transaction 240
[2022-07-24T09:36:39.566Z INFO  client] Sending sample transaction 241
[2022-07-24T09:36:39.616Z INFO  client] Sending sample transaction 242
[2022-07-24T09:36:39.667Z INFO  client] Sending sample transaction 243
[2022-07-24T09:36:39.717Z INFO  client] Sending sample transaction 244
[2022-07-24T09:36:39.766Z INFO  client] Sending sample transaction 245
[2022-07-24T09:36:39.816Z INFO  client] Sending sample transaction 246
[2022-07-24T09:36:39.867Z INFO  client] Sending sample transaction 247
[2022-07-24T09:36:39.916Z INFO  client] Sending sample transaction 248
[2022-07-24T09:36:39.966Z INFO  client] Sending sample transaction 249
[2022-07-24T09:36:40.016Z INFO  client] Sending sample transaction 250
[2022-07-24T09:36:40.066Z INFO  client] Sending sample transaction 251
[2022-07-24T09:36:40.116Z INFO  client] Sending sample transaction 252
[2022-07-24T09:36:40.166Z INFO  client] Sending sample transaction 253
[2022-07-24T09:36:40.216Z INFO  client] Sending sample transaction 254
[2022-07-24T09:36:40.267Z INFO  client] Sending sample transaction 255
[2022-07-24T09:36:40.317Z INFO  client] Sending sample transaction 256
[2022-07-24T09:36:40.367Z INFO  client] Sending sample transaction 257
[2022-07-24T09:36:40.417Z INFO  client] Sending sample transaction 258
[2022-07-24T09:36:40.469Z INFO  client] Sending sample transaction 259
[2022-07-24T09:36:40.516Z INFO  client] Sending sample transaction 260
[2022-07-24T09:36:40.567Z INFO  client] Sending sample transaction 261
[2022-07-24T09:36:40.617Z INFO  client] Sending sample transaction 262
[2022-07-24T09:36:40.666Z INFO  client] Sending sample transaction 263
[2022-07-24T09:36:40.716Z INFO  client] Sending sample transaction 264
[2022-07-24T09:36:40.766Z INFO  client] Sending sample transaction 265
[2022-07-24T09:36:40.816Z INFO  client] Sending sample transaction 266
[2022-07-24T09:36:40.866Z INFO  client] Sending sample transaction 267
[2022-07-24T09:36:40.917Z INFO  client] Sending sample transaction 268
[2022-07-24T09:36:40.967Z INFO  client] Sending sample transaction 269
[2022-07-24T09:36:41.016Z INFO  client] Sending sample transaction 270
[2022-07-24T09:36:41.067Z INFO  client] Sending sample transaction 271
[2022-07-24T09:36:41.117Z INFO  client] Sending sample transaction 272
[2022-07-24T09:36:41.169Z INFO  client] Sending sample transaction 273
[2022-07-24T09:36:41.217Z INFO  client] Sending sample transaction 274
[2022-07-24T09:36:41.274Z INFO  client] Sending sample transaction 275
[2022-07-24T09:36:41.318Z INFO  client] Sending sample transaction 276
[2022-07-24T09:36:41.366Z INFO  client] Sending sample transaction 277
[2022-07-24T09:36:41.418Z INFO  client] Sending sample transaction 278
[2022-07-24T09:36:41.467Z INFO  client] Sending sample transaction 279
[2022-07-24T09:36:41.517Z INFO  client] Sending sample transaction 280
[2022-07-24T09:36:41.566Z INFO  client] Sending sample transaction 281
[2022-07-24T09:36:41.616Z INFO  client] Sending sample transaction 282
[2022-07-24T09:36:41.666Z INFO  client] Sending sample transaction 283
[2022-07-24T09:36:41.717Z INFO  client] Sending sample transaction 284
[2022-07-24T09:36:41.767Z INFO  client] Sending sample transaction 285
[2022-07-24T09:36:41.816Z INFO  client] Sending sample transaction 286
[2022-07-24T09:36:41.866Z INFO  client] Sending sample transaction 287
[2022-07-24T09:36:41.916Z INFO  client] Sending sample transaction 288
[2022-07-24T09:36:41.966Z INFO  client] Sending sample transaction 289
[2022-07-24T09:36:42.016Z INFO  client] Sending sample transaction 290
[2022-07-24T09:36:42.067Z INFO  client] Sending sample transaction 291
[2022-07-24T09:36:42.116Z INFO  client] Sending sample transaction 292
[2022-07-24T09:36:42.166Z INFO  client] Sending sample transaction 293
[2022-07-24T09:36:42.217Z INFO  client] Sending sample transaction 294
[2022-07-24T09:36:42.266Z INFO  client] Sending sample transaction 295
[2022-07-24T09:36:42.317Z INFO  client] Sending sample transaction 296
[2022-07-24T09:36:42.375Z INFO  client] Sending sample transaction 297
[2022-07-24T09:36:42.416Z INFO  client] Sending sample transaction 298
[2022-07-24T09:36:42.466Z INFO  client] Sending sample transaction 299
[2022-07-24T09:36:42.516Z INFO  client] Sending sample transaction 300
[2022-07-24T09:36:42.567Z INFO  client] Sending sample transaction 301
[2022-07-24T09:36:42.616Z INFO  client] Sending sample transaction 302
[2022-07-24T09:36:42.667Z INFO  client] Sending sample transaction 303
[2022-07-24T09:36:42.717Z INFO  client] Sending sample transaction 304
[2022-07-24T09:36:42.767Z INFO  client] Sending sample transaction 305
[2022-07-24T09:36:42.816Z INFO  client] Sending sample transaction 306
[2022-07-24T09:36:42.867Z INFO  client] Sending sample transaction 307
[2022-07-24T09:36:42.916Z INFO  client] Sending sample transaction 308
[2022-07-24T09:36:42.966Z INFO  client] Sending sample transaction 309
[2022-07-24T09:36:43.016Z INFO  client] Sending sample transaction 310
[2022-07-24T09:36:43.066Z INFO  client] Sending sample transaction 311
[2022-07-24T09:36:43.117Z INFO  client] Sending sample transaction 312
[2022-07-24T09:36:43.166Z INFO  client] Sending sample transaction 313
[2022-07-24T09:36:43.216Z INFO  client] Sending sample transaction 314
[2022-07-24T09:36:43.267Z INFO  client] Sending sample transaction 315
[2022-07-24T09:36:43.317Z INFO  client] Sending sample transaction 316
[2022-07-24T09:36:43.366Z INFO  client] Sending sample transaction 317
[2022-07-24T09:36:43.419Z INFO  client] Sending sample transaction 318
[2022-07-24T09:36:43.467Z INFO  client] Sending sample transaction 319
[2022-07-24T09:36:43.516Z INFO  client] Sending sample transaction 320
[2022-07-24T09:36:43.566Z INFO  client] Sending sample transaction 321
[2022-07-24T09:36:43.617Z INFO  client] Sending sample transaction 322
[2022-07-24T09:36:43.668Z INFO  client] Sending sample transaction 323
[2022-07-24T09:36:43.720Z INFO  client] Sending sample transaction 324
[2022-07-24T09:36:43.767Z INFO  client] Sending sample transaction 325
[2022-07-24T09:36:43.816Z INFO  client] Sending sample transaction 326
[2022-07-24T09:36:43.867Z INFO  client] Sending sample transaction 327
[2022-07-24T09:36:43.917Z INFO  client] Sending sample transaction 328
[2022-07-24T09:36:43.966Z INFO  client] Sending sample transaction 329
[2022-07-24T09:36:44.017Z INFO  client] Sending sample transaction 330
[2022-07-24T09:36:44.067Z INFO  client] Sending sample transaction 331
[2022-07-24T09:36:44.117Z INFO  client] Sending sample transaction 332
[2022-07-24T09:36:44.166Z INFO  client] Sending sample transaction 333
[2022-07-24T09:36:44.217Z INFO  client] Sending sample transaction 334
[2022-07-24T09:36:44.267Z INFO  client] Sending sample transaction 335
[2022-07-24T09:36:44.316Z INFO  client] Sending sample transaction 336
[2022-07-24T09:36:44.366Z INFO  client] Sending sample transaction 337
[2022-07-24T09:36:44.417Z INFO  client] Sending sample transaction 338
[2022-07-24T09:36:44.466Z INFO  client] Sending sample transaction 339
[2022-07-24T09:36:44.516Z INFO  client] Sending sample transaction 340
[2022-07-24T09:36:44.566Z INFO  client] Sending sample transaction 341
[2022-07-24T09:36:44.616Z INFO  client] Sending sample transaction 342
[2022-07-24T09:36:44.667Z INFO  client] Sending sample transaction 343
[2022-07-24T09:36:44.716Z INFO  client] Sending sample transaction 344
[2022-07-24T09:36:44.766Z INFO  client] Sending sample transaction 345
[2022-07-24T09:36:44.817Z INFO  client] Sending sample transaction 346
[2022-07-24T09:36:44.867Z INFO  client] Sending sample transaction 347
[2022-07-24T09:36:44.916Z INFO  client] Sending sample transaction 348
[2022-07-24T09:36:44.966Z INFO  client] Sending sample transaction 349
[2022-07-24T09:36:45.018Z INFO  client] Sending sample transaction 350
[2022-07-24T09:36:45.067Z INFO  client] Sending sample transaction 351
[2022-07-24T09:36:45.116Z INFO  client] Sending sample transaction 352
[2022-07-24T09:36:45.166Z INFO  client] Sending sample transaction 353
[2022-07-24T09:36:45.217Z INFO  client] Sending sample transaction 354
[2022-07-24T09:36:45.266Z INFO  client] Sending sample transaction 355
[2022-07-24T09:36:45.316Z INFO  client] Sending sample transaction 356
[2022-07-24T09:36:45.366Z INFO  client] Sending sample transaction 357
[2022-07-24T09:36:45.418Z INFO  client] Sending sample transaction 358
[2022-07-24T09:36:45.467Z INFO  client] Sending sample transaction 359
[2022-07-24T09:36:45.524Z INFO  client] Sending sample transaction 360
[2022-07-24T09:36:45.566Z INFO  client] Sending sample transaction 361
[2022-07-24T09:36:45.616Z INFO  client] Sending sample transaction 362
[2022-07-24T09:36:45.666Z INFO  client] Sending sample transaction 363
[2022-07-24T09:36:45.717Z INFO  client] Sending sample transaction 364
[2022-07-24T09:36:45.766Z INFO  client] Sending sample transaction 365
[2022-07-24T09:36:45.816Z INFO  client] Sending sample transaction 366
[2022-07-24T09:36:45.866Z INFO  client] Sending sample transaction 367
[2022-07-24T09:36:45.916Z INFO  client] Sending sample transaction 368
[2022-07-24T09:36:45.966Z INFO  client] Sending sample transaction 369
[2022-07-24T09:36:46.016Z INFO  client] Sending sample transaction 370
[2022-07-24T09:36:46.066Z INFO  client] Sending sample transaction 371
[2022-07-24T09:36:46.116Z INFO  client] Sending sample transaction 372
[2022-07-24T09:36:46.167Z INFO  client] Sending sample transaction 373
[2022-07-24T09:36:46.216Z INFO  client] Sending sample transaction 374
[2022-07-24T09:36:46.266Z INFO  client] Sending sample transaction 375
[2022-07-24T09:36:46.316Z INFO  client] Sending sample transaction 376
[2022-07-24T09:36:46.367Z INFO  client] Sending sample transaction 377
[2022-07-24T09:36:46.416Z INFO  client] Sending sample transaction 378
[2022-07-24T09:36:46.467Z INFO  client] Sending sample transaction 379
[2022-07-24T09:36:46.516Z INFO  client] Sending sample transaction 380
[2022-07-24T09:36:46.567Z INFO  client] Sending sample transaction 381
[2022-07-24T09:36:46.617Z INFO  client] Sending sample transaction 382
[2022-07-24T09:36:46.666Z INFO  client] Sending sample transaction 383
[2022-07-24T09:36:46.716Z INFO  client] Sending sample transaction 384
[2022-07-24T09:36:46.766Z INFO  client] Sending sample transaction 385
[2022-07-24T09:36:46.816Z INFO  client] Sending sample transaction 386
[2022-07-24T09:36:46.867Z INFO  client] Sending sample transaction 387
[2022-07-24T09:36:46.917Z INFO  client] Sending sample transaction 388
[2022-07-24T09:36:46.966Z INFO  client] Sending sample transaction 389
[2022-07-24T09:36:47.016Z INFO  client] Sending sample transaction 390
[2022-07-24T09:36:47.067Z INFO  client] Sending sample transaction 391
[2022-07-24T09:36:47.117Z INFO  client] Sending sample transaction 392
[2022-07-24T09:36:47.166Z INFO  client] Sending sample transaction 393
[2022-07-24T09:36:47.217Z INFO  client] Sending sample transaction 394
[2022-07-24T09:36:47.267Z INFO  client] Sending sample transaction 395
[2022-07-24T09:36:47.316Z INFO  client] Sending sample transaction 396
[2022-07-24T09:36:47.366Z INFO  client] Sending sample transaction 397
[2022-07-24T09:36:47.416Z INFO  client] Sending sample transaction 398
[2022-07-24T09:36:47.466Z INFO  client] Sending sample transaction 399
[2022-07-24T09:36:47.516Z INFO  client] Sending sample transaction 400
[2022-07-24T09:36:47.566Z INFO  client] Sending sample transaction 401
[2022-07-24T09:36:47.617Z INFO  client] Sending sample transaction 402
[2022-07-24T09:36:47.666Z INFO  client] Sending sample transaction 403
[2022-07-24T09:36:47.718Z INFO  client] Sending sample transaction 404
[2022-07-24T09:36:47.766Z INFO  client] Sending sample transaction 405
[2022-07-24T09:36:47.816Z INFO  client] Sending sample transaction 406
[2022-07-24T09:36:47.866Z INFO  client] Sending sample transaction 407
[2022-07-24T09:36:47.917Z INFO  client] Sending sample transaction 408
[2022-07-24T09:36:47.966Z INFO  client] Sending sample transaction 409
[2022-07-24T09:36:48.016Z INFO  client] Sending sample transaction 410
[2022-07-24T09:36:48.067Z INFO  client] Sending sample transaction 411
[2022-07-24T09:36:48.135Z INFO  client] Sending sample transaction 412
[2022-07-24T09:36:48.167Z INFO  client] Sending sample transaction 413
[2022-07-24T09:36:48.217Z INFO  client] Sending sample transaction 414
[2022-07-24T09:36:48.266Z INFO  client] Sending sample transaction 415
[2022-07-24T09:36:48.317Z INFO  client] Sending sample transaction 416
[2022-07-24T09:36:48.367Z INFO  client] Sending sample transaction 417
[2022-07-24T09:36:48.417Z INFO  client] Sending sample transaction 418
[2022-07-24T09:36:48.467Z INFO  client] Sending sample transaction 419
[2022-07-24T09:36:48.516Z INFO  client] Sending sample transaction 420
[2022-07-24T09:36:48.571Z INFO  client] Sending sample transaction 421
[2022-07-24T09:36:48.638Z INFO  client] Sending sample transaction 422
[2022-07-24T09:36:48.676Z INFO  client] Sending sample transaction 423
[2022-07-24T09:36:48.717Z INFO  client] Sending sample transaction 424
[2022-07-24T09:36:48.766Z INFO  client] Sending sample transaction 425
[2022-07-24T09:36:48.822Z INFO  client] Sending sample transaction 426
[2022-07-24T09:36:48.866Z INFO  client] Sending sample transaction 427
[2022-07-24T09:36:48.917Z INFO  client] Sending sample transaction 428
[2022-07-24T09:36:48.976Z INFO  client] Sending sample transaction 429
[2022-07-24T09:36:49.019Z INFO  client] Sending sample transaction 430
[2022-07-24T09:36:49.068Z INFO  client] Sending sample transaction 431
