[2022-07-24T09:36:25.420Z INFO  client] Node address: 127.0.0.1:9013
[2022-07-24T09:36:25.420Z INFO  client] Transactions size: 512 B
[2022-07-24T09:36:25.420Z INFO  client] Transactions rate: 112 tx/s
[2022-07-24T09:36:25.420Z INFO  client] Waiting for all nodes to be online...
[2022-07-24T09:36:25.420Z INFO  client] Waiting for all nodes to be synchronized...
[2022-07-24T09:36:27.431Z INFO  client] Start sending transactions
[2022-07-24T09:36:27.432Z INFO  client] Sending sample transaction 0
[2022-07-24T09:36:27.487Z INFO  client] Sending sample transaction 1
[2022-07-24T09:36:27.532Z INFO  client] Sending sample transaction 2
[2022-07-24T09:36:27.582Z INFO  client] Sending sample transaction 3
[2022-07-24T09:36:27.634Z INFO  client] Sending sample transaction 4
[2022-07-24T09:36:27.683Z INFO  client] Sending sample transaction 5
[2022-07-24T09:36:27.732Z INFO  client] Sending sample transaction 6
[2022-07-24T09:36:27.784Z INFO  client] Sending sample transaction 7
[2022-07-24T09:36:27.833Z INFO  client] Sending sample transaction 8
[2022-07-24T09:36:27.882Z INFO  client] Sending sample transaction 9
[2022-07-24T09:36:27.932Z INFO  client] Sending sample transaction 10
[2022-07-24T09:36:27.983Z INFO  client] Sending sample transaction 11
[2022-07-24T09:36:28.034Z INFO  client] Sending sample transaction 12
[2022-07-24T09:36:28.083Z INFO  client] Sending sample transaction 13
[2022-07-24T09:36:28.133Z INFO  client] Sending sample transaction 14
[2022-07-24T09:36:28.182Z INFO  client] Sending sample transaction 15
[2022-07-24T09:36:28.232Z INFO  client] Sending sample transaction 16
[2022-07-24T09:36:28.283Z INFO  client] Sending sample transaction 17
[2022-07-24T09:36:28.332Z INFO  client] Sending sample transaction 18
[2022-07-24T09:36:28.387Z INFO  client] Sending sample transaction 19
[2022-07-24T09:36:28.432Z INFO  client] Sending sample transaction 20
[2022-07-24T09:36:28.496Z INFO  client] Sending sample transaction 21
[2022-07-24T09:36:28.545Z INFO  client] Sending sample transaction 22
[2022-07-24T09:36:28.586Z INFO  client] Sending sample transaction 23
[2022-07-24T09:36:28.632Z INFO  client] Sending sample transaction 24
[2022-07-24T09:36:28.682Z INFO  client] Sending sample transaction 25
[2022-07-24T09:36:28.732Z INFO  client] Sending sample transaction 26
[2022-07-24T09:36:28.783Z INFO  client] Sending sample transaction 27
[2022-07-24T09:36:28.832Z INFO  client] Sending sample transaction 28
[2022-07-24T09:36:28.883Z INFO  client] Sending sample transaction 29
[2022-07-24T09:36:28.935Z INFO  client] Sending sample transaction 30
[2022-07-24T09:36:28.984Z INFO  client] Sending sample transaction 31
[2022-07-24T09:36:29.038Z INFO  client] Sending sample transaction 32
[2022-07-24T09:36:29.140Z INFO  client] Sending sample transaction 33
[2022-07-24T09:36:29.144Z INFO  client] Sending sample transaction 34
[2022-07-24T09:36:29.185Z INFO  client] Sending sample transaction 35
[2022-07-24T09:36:29.232Z INFO  client] Sending sample transaction 36
[2022-07-24T09:36:29.294Z INFO  client] Sending sample transaction 37
[2022-07-24T09:36:29.332Z INFO  client] Sending sample transaction 38
[2022-07-24T09:36:29.383Z INFO  client] Sending sample transaction 39
[2022-07-24T09:36:29.432Z INFO  client] Sending sample transaction 40
[2022-07-24T09:36:29.484Z INFO  client] Sending sample transaction 41
[2022-07-24T09:36:29.540Z INFO  client] Sending sample transaction 42
[2022-07-24T09:36:29.594Z INFO  client] Sending sample transaction 43
[2022-07-24T09:36:29.633Z INFO  client] Sending sample transaction 44
[2022-07-24T09:36:29.684Z INFO  client] Sending sample transaction 45
[2022-07-24T09:36:29.732Z INFO  client] Sending sample transaction 46
[2022-07-24T09:36:29.783Z INFO  client] Sending sample transaction 47
[2022-07-24T09:36:29.832Z INFO  client] Sending sample transaction 48
[2022-07-24T09:36:29.882Z INFO  client] Sending sample transaction 49
[2022-07-24T09:36:29.931Z INFO  client] Sending sample transaction 50
[2022-07-24T09:36:29.982Z INFO  client] Sending sample transaction 51
[2022-07-24T09:36:30.034Z INFO  client] Sending sample transaction 52
[2022-07-24T09:36:30.082Z INFO  client] Sending sample transaction 53
[2022-07-24T09:36:30.131Z INFO  client] Sending sample transaction 54
[2022-07-24T09:36:30.182Z INFO  client] Sending sample transaction 55
[2022-07-24T09:36:30.231Z INFO  client] Sending sample transaction 56
[2022-07-24T09:36:30.282Z INFO  client] Sending sample transaction 57
[2022-07-24T09:36:30.332Z INFO  client] Sending sample transaction 58
[2022-07-24T09:36:30.385Z INFO  client] Sending sample transaction 59
[2022-07-24T09:36:30.431Z INFO  client] Sending sample transaction 60
[2022-07-24T09:36:30.481Z INFO  client] Sending sample transaction 61
[2022-07-24T09:36:30.531Z INFO  client] Sending sample transaction 62
[2022-07-24T09:36:30.620Z INFO  client] Sending sample transaction 63
[2022-07-24T09:36:30.639Z INFO  client] Sending sample transaction 64
[2022-07-24T09:36:30.683Z INFO  client] Sending sample transaction 65
[2022-07-24T09:36:30.731Z INFO  client] Sending sample transaction 66
[2022-07-24T09:36:30.782Z INFO  client] Sending sample transaction 67
[2022-07-24T09:36:30.831Z INFO  client] Sending sample transaction 68
[2022-07-24T09:36:30.883Z INFO  client] Sending sample transaction 69
[2022-07-24T09:36:30.931Z INFO  client] Sending sample transaction 70
[2022-07-24T09:36:30.982Z INFO  client] Sending sample transaction 71
[2022-07-24T09:36:31.032Z INFO  client] Sending sample transaction 72
[2022-07-24T09:36:31.082Z INFO  client] Sending sample transaction 73
[2022-07-24T09:36:31.132Z INFO  client] Sending sample transaction 74
[2022-07-24T09:36:31.181Z INFO  client] Sending sample transaction 75
[2022-07-24T09:36:31.232Z INFO  client] Sending sample transaction 76
[2022-07-24T09:36:31.282Z INFO  client] Sending sample transaction 77
[2022-07-24T09:36:31.335Z INFO  client] Sending sample transaction 78
[2022-07-24T09:36:31.382Z INFO  client] Sending sample transaction 79
[2022-07-24T09:36:31.432Z INFO  client] Sending sample transaction 80
[2022-07-24T09:36:31.483Z INFO  client] Sending sample transaction 81
[2022-07-24T09:36:31.532Z INFO  client] Sending sample transaction 82
[2022-07-24T09:36:31.582Z INFO  client] Sending sample transaction 83
[2022-07-24T09:36:31.632Z INFO  client] Sending sample transaction 84
[2022-07-24T09:36:31.682Z INFO  client] Sending sample transaction 85
[2022-07-24T09:36:31.732Z INFO  client] Sending sample transaction 86
[2022-07-24T09:36:31.782Z INFO  client] Sending sample transaction 87
[2022-07-24T09:36:31.832Z INFO  client] Sending sample transaction 88
[2022-07-24T09:36:31.882Z INFO  client] Sending sample transaction 89
[2022-07-24T09:36:31.931Z INFO  client] Sending sample transaction 90
[2022-07-24T09:36:31.982Z INFO  client] Sending sample transaction 91
[2022-07-24T09:36:32.032Z INFO  client] Sending sample transaction 92
[2022-07-24T09:36:32.082Z INFO  client] Sending sample transaction 93
[2022-07-24T09:36:32.132Z INFO  client] Sending sample transaction 94
[2022-07-24T09:36:32.182Z INFO  client] Sending sample transaction 95
[2022-07-24T09:36:32.232Z INFO  client] Sending sample transaction 96
[2022-07-24T09:36:32.283Z INFO  client] Sending sample transaction 97
[2022-07-24T09:36:32.333Z INFO  client] Sending sample transaction 98
[2022-07-24T09:36:32.383Z INFO  client] Sending sample transaction 99
[2022-07-24T09:36:32.432Z INFO  client] Sending sample transaction 100
[2022-07-24T09:36:32.482Z INFO  client] Sending sample transaction 101
[2022-07-24T09:36:32.532Z INFO  client] Sending sample transaction 102
[2022-07-24T09:36:32.582Z INFO  client] Sending sample transaction 103
[2022-07-24T09:36:32.632Z INFO  client] Sending sample transaction 104
[2022-07-24T09:36:32.682Z INFO  client] Sending sample transaction 105
[2022-07-24T09:36:32.731Z INFO  client] Sending sample transaction 106
[2022-07-24T09:36:32.792Z INFO  client] Sending sample transaction 107
[2022-07-24T09:36:32.837Z INFO  client] Sending sample transaction 108
[2022-07-24T09:36:32.883Z INFO  client] Sending sample transaction 109
[2022-07-24T09:36:32.932Z INFO  client] Sending sample transaction 110
[2022-07-24T09:36:32.982Z INFO  client] Sending sample transaction 111
[2022-07-24T09:36:33.032Z INFO  client] Sending sample transaction 112
[2022-07-24T09:36:33.081Z INFO  client] Sending sample transaction 113
[2022-07-24T09:36:33.132Z INFO  client] Sending sample transaction 114
[2022-07-24T09:36:33.182Z INFO  client] Sending sample transaction 115
[2022-07-24T09:36:33.231Z INFO  client] Sending sample transaction 116
[2022-07-24T09:36:33.282Z INFO  client] Sending sample transaction 117
[2022-07-24T09:36:33.343Z INFO  client] Sending sample transaction 118
[2022-07-24T09:36:33.382Z INFO  client] Sending sample transaction 119
[2022-07-24T09:36:33.432Z INFO  client] Sending sample transaction 120
[2022-07-24T09:36:33.482Z INFO  client] Sending sample transaction 121
[2022-07-24T09:36:33.532Z INFO  client] Sending sample transaction 122
[2022-07-24T09:36:33.581Z INFO  client] Sending sample transaction 123
[2022-07-24T09:36:33.632Z INFO  client] Sending sample transaction 124
[2022-07-24T09:36:33.682Z INFO  client] Sending sample transaction 125
[2022-07-24T09:36:33.733Z INFO  client] Sending sample transaction 126
[2022-07-24T09:36:33.782Z INFO  client] Sending sample transaction 127
[2022-07-24T09:36:33.833Z INFO  client] Sending sample transaction 128
[2022-07-24T09:36:33.884Z INFO  client] Sending sample transaction 129
[2022-07-24T09:36:33.931Z INFO  client] Sending sample transaction 130
[2022-07-24T09:36:33.983Z INFO  client] Sending sample transaction 131
[2022-07-24T09:36:34.033Z INFO  client] Sending sample transaction 132
[2022-07-24T09:36:34.083Z INFO  client] Sending sample transaction 133
[2022-07-24T09:36:34.132Z INFO  client] Sending sample transaction 134
[2022-07-24T09:36:34.182Z INFO  client] Sending sample transaction 135
[2022-07-24T09:36:34.233Z INFO  client] Sending sample transaction 136
[2022-07-24T09:36:34.281Z INFO  client] Sending sample transaction 137
[2022-07-24T09:36:34.332Z INFO  client] Sending sample transaction 138
[2022-07-24T09:36:34.382Z INFO  client] Sending sample transaction 139
[2022-07-24T09:36:34.432Z INFO  client] Sending sample transaction 140
[2022-07-24T09:36:34.483Z INFO  client] Sending sample transaction 141
[2022-07-24T09:36:34.532Z INFO  client] Sending sample transaction 142
[2022-07-24T09:36:34.585Z INFO  client] Sending sample transaction 143
[2022-07-24T09:36:34.632Z INFO  client] Sending sample transaction 144
[2022-07-24T09:36:34.682Z INFO  client] Sending sample transaction 145
[2022-07-24T09:36:34.732Z INFO  client] Sending sample transaction 146
[2022-07-24T09:36:34.781Z INFO  client] Sending sample transaction 147
[2022-07-24T09:36:34.832Z INFO  client] Sending sample transaction 148
[2022-07-24T09:36:34.896Z INFO  client] Sending sample transaction 149
[2022-07-24T09:36:34.944Z INFO  client] Sending sample transaction 150
[2022-07-24T09:36:34.982Z INFO  client] Sending sample transaction 151
[2022-07-24T09:36:35.032Z INFO  client] Sending sample transaction 152
[2022-07-24T09:36:35.082Z INFO  client] Sending sample transaction 153
[2022-07-24T09:36:35.132Z INFO  client] Sending sample transaction 154
[2022-07-24T09:36:35.182Z INFO  client] Sending sample transaction 155
[2022-07-24T09:36:35.231Z INFO  client] Sending sample transaction 156
[2022-07-24T09:36:35.282Z INFO  client] Sending sample transaction 157
[2022-07-24T09:36:35.332Z INFO  client] Sending sample transaction 158
[2022-07-24T09:36:35.382Z INFO  client] Sending sample transaction 159
[2022-07-24T09:36:35.435Z INFO  client] Sending sample transaction 160
[2022-07-24T09:36:35.482Z INFO  client] Sending sample transaction 161
[2022-07-24T09:36:35.533Z INFO  client] Sending sample transaction 162
[2022-07-24T09:36:35.582Z INFO  client] Sending sample transaction 163
[2022-07-24T09:36:35.633Z INFO  client] Sending sample transaction 164
[2022-07-24T09:36:35.683Z INFO  client] Sending sample transaction 165
[2022-07-24T09:36:35.732Z INFO  client] Sending sample transaction 166
[2022-07-24T09:36:35.782Z INFO  client] Sending sample transaction 167
[2022-07-24T09:36:35.832Z INFO  client] Sending sample transaction 168
[2022-07-24T09:36:35.882Z INFO  client] Sending sample transaction 169
[2022-07-24T09:36:35.932Z INFO  client] Sending sample transaction 170
[2022-07-24T09:36:35.981Z INFO  client] Sending sample transaction 171
[2022-07-24T09:36:36.032Z INFO  client] Sending sample transaction 172
[2022-07-24T09:36:36.082Z INFO  client] Sending sample transaction 173
[2022-07-24T09:36:36.132Z INFO  client] Sending sample transaction 174
[2022-07-24T09:36:36.182Z INFO  client] Sending sample transaction 175
[2022-07-24T09:36:36.232Z INFO  client] Sending sample transaction 176
[2022-07-24T09:36:36.282Z INFO  client] Sending sample transaction 177
[2022-07-24T09:36:36.331Z INFO  client] Sending sample transaction 178
[2022-07-24T09:36:36.382Z INFO  client] Sending sample transaction 179
[2022-07-24T09:36:36.432Z INFO  client] Sending sample transaction 180
[2022-07-24T09:36:36.483Z INFO  client] Sending sample transaction 181
[2022-07-24T09:36:36.532Z INFO  client] Sending sample transaction 182
[2022-07-24T09:36:36.582Z INFO  client] Sending sample transaction 183
[2022-07-24T09:36:36.632Z INFO  client] Sending sample transaction 184
[2022-07-24T09:36:36.682Z INFO  client] Sending sample transaction 185
[2022-07-24T09:36:36.731Z INFO  client] Sending sample transaction 186
[2022-07-24T09:36:36.782Z INFO  client] Sending sample transaction 187
[2022-07-24T09:36:36.832Z INFO  client] Sending sample transaction 188
[2022-07-24T09:36:36.882Z INFO  client] Sending sample transaction 189
[2022-07-24T09:36:36.932Z INFO  client] Sending sample transaction 190
[2022-07-24T09:36:36.982Z INFO  client] Sending sample transaction 191
[2022-07-24T09:36:37.032Z INFO  client] Sending sample transaction 192
[2022-07-24T09:36:37.082Z INFO  client] Sending sample transaction 193
[2022-07-24T09:36:37.133Z INFO  client] Sending sample transaction 194
[2022-07-24T09:36:37.182Z INFO  client] Sending sample transaction 195
[2022-07-24T09:36:37.232Z INFO  client] Sending sample transaction 196
[2022-07-24T09:36:37.283Z INFO  client] Sending sample transaction 197
[2022-07-24T09:36:37.332Z INFO  client] Sending sample transaction 198
[2022-07-24T09:36:37.383Z INFO  client] Sending sample transaction 199
[2022-07-24T09:36:37.432Z INFO  client] Sending sample transaction 200
[2022-07-24T09:36:37.482Z INFO  client] Sending sample transaction 201
[2022-07-24T09:36:37.532Z INFO  client] Sending sample transaction 202
[2022-07-24T09:36:37.582Z INFO  client] Sending sample transaction 203
[2022-07-24T09:36:37.632Z INFO  client] Sending sample transaction 204
[2022-07-24T09:36:37.682Z INFO  client] Sending sample transaction 205
[2022-07-24T09:36:37.732Z INFO  client] Sending sample transaction 206
[2022-07-24T09:36:37.783Z INFO  client] Sending sample transaction 207
[2022-07-24T09:36:37.832Z INFO  client] Sending sample transaction 208
[2022-07-24T09:36:37.884Z INFO  client] Sending sample transaction 209
[2022-07-24T09:36:37.932Z INFO  client] Sending sample transaction 210
[2022-07-24T09:36:37.982Z INFO  client] Sending sample transaction 211
[2022-07-24T09:36:38.035Z INFO  client] Sending sample transaction 212
[2022-07-24T09:36:38.082Z INFO  client] Sending sample transaction 213
[2022-07-24T09:36:38.144Z INFO  client] Sending sample transaction 214
[2022-07-24T09:36:38.181Z INFO  client] Sending sample transaction 215
[2022-07-24T09:36:38.232Z INFO  client] Sending sample transaction 216
[2022-07-24T09:36:38.281Z INFO  client] Sending sample transaction 217
[2022-07-24T09:36:38.332Z INFO  client] Sending sample transaction 218
[2022-07-24T09:36:38.382Z INFO  client] Sending sample transaction 219
[2022-07-24T09:36:38.432Z INFO  client] Sending sample transaction 220
[2022-07-24T09:36:38.481Z INFO  client] Sending sample transaction 221
[2022-07-24T09:36:38.532Z INFO  client] Sending sample transaction 222
[2022-07-24T09:36:38.581Z INFO  client] Sending sample transaction 223
[2022-07-24T09:36:38.632Z INFO  client] Sending sample transaction 224
[2022-07-24T09:36:38.682Z INFO  client] Sending sample transaction 225
[2022-07-24T09:36:38.732Z INFO  client] Sending sample transaction 226
[2022-07-24T09:36:38.782Z INFO  client] Sending sample transaction 227
[2022-07-24T09:36:38.832Z INFO  client] Sending sample transaction 228
[2022-07-24T09:36:38.882Z INFO  client] Sending sample transaction 229
[2022-07-24T09:36:38.932Z INFO  client] Sending sample transaction 230
[2022-07-24T09:36:38.983Z INFO  client] Sending sample transaction 231
[2022-07-24T09:36:39.032Z INFO  client] Sending sample transaction 232
[2022-07-24T09:36:39.082Z INFO  client] Sending sample transaction 233
[2022-07-24T09:36:39.137Z INFO  client] Sending sample transaction 234
[2022-07-24T09:36:39.184Z INFO  client] Sending sample transaction 235
[2022-07-24T09:36:39.233Z INFO  client] Sending sample transaction 236
[2022-07-24T09:36:39.281Z INFO  client] Sending sample transaction 237
[2022-07-24T09:36:39.332Z INFO  client] Sending sample transaction 238
[2022-07-24T09:36:39.382Z INFO  client] Sending sample transaction 239
[2022-07-24T09:36:39.432Z INFO  client] Sending sample transaction 240
[2022-07-24T09:36:39.482Z INFO  client] Sending sample transaction 241
[2022-07-24T09:36:39.532Z INFO  client] Sending sample transaction 242
[2022-07-24T09:36:39.582Z INFO  client] Sending sample transaction 243
[2022-07-24T09:36:39.632Z INFO  client] Sending sample transaction 244
[2022-07-24T09:36:39.682Z INFO  client] Sending sample transaction 245
[2022-07-24T09:36:39.731Z INFO  client] Sending sample transaction 246
[2022-07-24T09:36:39.783Z INFO  client] Sending sample transaction 247
[2022-07-24T09:36:39.832Z INFO  client] Sending sample transaction 248
[2022-07-24T09:36:39.882Z INFO  client] Sending sample transaction 249
[2022-07-24T09:36:39.931Z INFO  client] Sending sample transaction 250
[2022-07-24T09:36:39.982Z INFO  client] Sending sample transaction 251
[2022-07-24T09:36:40.032Z INFO  client] Sending sample transaction 252
[2022-07-24T09:36:40.082Z INFO  client] Sending sample transaction 253
[2022-07-24T09:36:40.132Z INFO  client] Sending sample transaction 254
[2022-07-24T09:36:40.182Z INFO  client] Sending sample transaction 255
[2022-07-24T09:36:40.232Z INFO  client] Sending sample transaction 256
[2022-07-24T09:36:40.283Z INFO  client] Sending sample transaction 257
[2022-07-24T09:36:40.331Z INFO  client] Sending sample transaction 258
[2022-07-24T09:36:40.383Z INFO  client] Sending sample transaction 259
[2022-07-24T09:36:40.433Z INFO  client] Sending sample transaction 260
[2022-07-24T09:36:40.485Z INFO  client] Sending sample transaction 261
[2022-07-24T09:36:40.532Z INFO  client] Sending sample transaction 262
[2022-07-24T09:36:40.581Z INFO  client] Sending sample transaction 263
[2022-07-24T09:36:40.632Z INFO  client] Sending sample transaction 264
[2022-07-24T09:36:40.682Z INFO  client] Sending sample transaction 265
[2022-07-24T09:36:40.732Z INFO  client] Sending sample transaction 266
[2022-07-24T09:36:40.783Z INFO  client] Sending sample transaction 267
[2022-07-24T09:36:40.832Z INFO  client] Sending sample transaction 268
[2022-07-24T09:36:40.882Z INFO  client] Sending sample transaction 269
[2022-07-24T09:36:40.932Z INFO  client] Sending sample transaction 270
[2022-07-24T09:36:40.982Z INFO  client] Sending sample transaction 271
[2022-07-24T09:36:41.032Z INFO  client] Sending sample transaction 272
[2022-07-24T09:36:41.082Z INFO  client] Sending sample transaction 273
[2022-07-24T09:36:41.132Z INFO  client] Sending sample transaction 274
[2022-07-24T09:36:41.188Z INFO  client] Sending sample transaction 275
[2022-07-24T09:36:41.232Z INFO  client] Sending sample transaction 276
[2022-07-24T09:36:41.291Z INFO  client] Sending sample transaction 277
[2022-07-24T09:36:41.332Z INFO  client] Sending sample transaction 278
[2022-07-24T09:36:41.382Z INFO  client] Sending sample transaction 279
[2022-07-24T09:36:41.432Z INFO  client] Sending sample transaction 280
[2022-07-24T09:36:41.482Z INFO  client] Sending sample transaction 281
[2022-07-24T09:36:41.533Z INFO  client] Sending sample transaction 282
[2022-07-24T09:36:41.583Z INFO  client] Sending sample transaction 283
[2022-07-24T09:36:41.633Z INFO  client] Sending sample transaction 284
[2022-07-24T09:36:41.681Z INFO  client] Sending sample transaction 285
[2022-07-24T09:36:41.732Z INFO  client] Sending sample transaction 286
[2022-07-24T09:36:41.782Z INFO  client] Sending sample transaction 287
[2022-07-24T09:36:41.833Z INFO  client] Sending sample transaction 288
[2022-07-24T09:36:41.882Z INFO  client] Sending sample transaction 289
[2022-07-24T09:36:41.933Z INFO  client] Sending sample transaction 290
[2022-07-24T09:36:41.982Z INFO  client] Sending sample transaction 291
[2022-07-24T09:36:42.032Z INFO  client] Sending sample transaction 292
[2022-07-24T09:36:42.083Z INFO  client] Sending sample transaction 293
[2022-07-24T09:36:42.131Z INFO  client] Sending sample transaction 294
[2022-07-24T09:36:42.181Z INFO  client] Sending sample transaction 295
[2022-07-24T09:36:42.233Z INFO  client] Sending sample transaction 296
[2022-07-24T09:36:42.283Z INFO  client] Sending sample transaction 297
[2022-07-24T09:36:42.337Z INFO  client] Sending sample transaction 298
[2022-07-24T09:36:42.383Z INFO  client] Sending sample transaction 299
[2022-07-24T09:36:42.432Z INFO  client] Sending sample transaction 300
[2022-07-24T09:36:42.482Z INFO  client] Sending sample transaction 301
[2022-07-24T09:36:42.532Z INFO  client] Sending sample transaction 302
[2022-07-24T09:36:42.582Z INFO  client] Sending sample transaction 303
[2022-07-24T09:36:42.632Z INFO  client] Sending sample transaction 304
[2022-07-24T09:36:42.681Z INFO  client] Sending sample transaction 305
[2022-07-24T09:36:42.732Z INFO  client] Sending sample transaction 306
[2022-07-24T09:36:42.782Z INFO  client] Sending sample transaction 307
[2022-07-24T09:36:42.832Z INFO  client] Sending sample transaction 308
[2022-07-24T09:36:42.882Z INFO  client] Sending sample transaction 309
[2022-07-24T09:36:42.962Z INFO  client] Sending sample transaction 310
[2022-07-24T09:36:42.982Z INFO  client] Sending sample transaction 311
[2022-07-24T09:36:43.033Z INFO  client] Sending sample transaction 312
[2022-07-24T09:36:43.082Z INFO  client] Sending sample transaction 313
[2022-07-24T09:36:43.133Z INFO  client] Sending sample transaction 314
[2022-07-24T09:36:43.184Z INFO  client] Sending sample transaction 315
[2022-07-24T09:36:43.235Z INFO  client] Sending sample transaction 316
[2022-07-24T09:36:43.283Z INFO  client] Sending sample transaction 317
[2022-07-24T09:36:43.332Z INFO  client] Sending sample transaction 318
[2022-07-24T09:36:43.386Z INFO  client] Sending sample transaction 319
[2022-07-24T09:36:43.434Z INFO  client] Sending sample transaction 320
[2022-07-24T09:36:43.483Z INFO  client] Sending sample transaction 321
[2022-07-24T09:36:43.532Z INFO  client] Sending sample transaction 322
[2022-07-24T09:36:43.583Z INFO  client] Sending sample transaction 323
[2022-07-24T09:36:43.632Z INFO  client] Sending sample transaction 324
[2022-07-24T09:36:43.686Z INFO  client] Sending sample transaction 325
[2022-07-24T09:36:43.732Z INFO  client] Sending sample transaction 326
[2022-07-24T09:36:43.782Z INFO  client] Sending sample transaction 327
[2022-07-24T09:36:43.832Z INFO  client] Sending sample transaction 328
[2022-07-24T09:36:43.882Z INFO  client] Sending sample transaction 329
[2022-07-24T09:36:43.932Z INFO  client] Sending sample transaction 330
[2022-07-24T09:36:43.982Z INFO  client] Sending sample transaction 331
[2022-07-24T09:36:44.032Z INFO  client] Sending sample transaction 332
[2022-07-24T09:36:44.084Z INFO  client] Sending sample transaction 333
[2022-07-24T09:36:44.133Z INFO  client] Sending sample transaction 334
[2022-07-24T09:36:44.183Z INFO  client] Sending sample transaction 335
[2022-07-24T09:36:44.232Z INFO  client] Sending sample transaction 336
[2022-07-24T09:36:44.282Z INFO  client] Sending sample transaction 337
[2022-07-24T09:36:44.331Z INFO  client] Sending sample transaction 338
[2022-07-24T09:36:44.382Z INFO  client] Sending sample transaction 339
[2022-07-24T09:36:44.432Z INFO  client] Sending sample transaction 340
[2022-07-24T09:36:44.482Z INFO  client] Sending sample transaction 341
[2022-07-24T09:36:44.532Z INFO  client] Sending sample transaction 342
[2022-07-24T09:36:44.582Z INFO  client] Sending sample transaction 343
[2022-07-24T09:36:44.632Z INFO  client] Sending sample transaction 344
[2022-07-24T09:36:44.682Z INFO  client] Sending sample transaction 345
[2022-07-24T09:36:44.732Z INFO  client] Sending sample transaction 346
[2022-07-24T09:36:44.782Z INFO  client] Sending sample transaction 347
[2022-07-24T09:36:44.832Z INFO  client] Sending sample transaction 348
[2022-07-24T09:36:44.887Z INFO  client] Sending sample transaction 349
[2022-07-24T09:36:44.932Z INFO  client] Sending sample transaction 350
[2022-07-24T09:36:44.983Z INFO  client] Sending sample transaction 351
[2022-07-24T09:36:45.032Z INFO  client] Sending sample transaction 352
[2022-07-24T09:36:45.082Z INFO  client] Sending sample transaction 353
[2022-07-24T09:36:45.131Z INFO  client] Sending sample transaction 354
[2022-07-24T09:36:45.182Z INFO  client] Sending sample transaction 355
[2022-07-24T09:36:45.232Z INFO  client] Sending sample transaction 356
[2022-07-24T09:36:45.282Z INFO  client] Sending sample transaction 357
[2022-07-24T09:36:45.332Z INFO  client] Sending sample transaction 358
[2022-07-24T09:36:45.382Z INFO  client] Sending sample transaction 359
[2022-07-24T09:36:45.442Z INFO  client] Sending sample transaction 360
[2022-07-24T09:36:45.491Z INFO  client] Sending sample transaction 361
[2022-07-24T09:36:45.535Z INFO  client] Sending sample transaction 362
[2022-07-24T09:36:45.583Z INFO  client] Sending sample transaction 363
[2022-07-24T09:36:45.632Z INFO  client] Sending sample transaction 364
[2022-07-24T09:36:45.682Z INFO  client] Sending sample transaction 365
[2022-07-24T09:36:45.732Z INFO  client] Sending sample transaction 366
[2022-07-24T09:36:45.782Z INFO  client] Sending sample transaction 367
[2022-07-24T09:36:45.832Z INFO  client] Sending sample transaction 368
[2022-07-24T09:36:45.882Z INFO  client] Sending sample transaction 369
[2022-07-24T09:36:45.931Z INFO  client] Sending sample transaction 370
[2022-07-24T09:36:45.982Z INFO  client] Sending sample transaction 371
[2022-07-24T09:36:46.032Z INFO  client] Sending sample transaction 372
[2022-07-24T09:36:46.082Z INFO  client] Sending sample transaction 373
[2022-07-24T09:36:46.132Z INFO  client] Sending sample transaction 374
[2022-07-24T09:36:46.183Z INFO  client] Sending sample transaction 375
[2022-07-24T09:36:46.232Z INFO  client] Sending sample transaction 376
[2022-07-24T09:36:46.282Z INFO  client] Sending sample transaction 377
[2022-07-24T09:36:46.332Z INFO  client] Sending sample transaction 378
[2022-07-24T09:36:46.382Z INFO  client] Sending sample transaction 379
[2022-07-24T09:36:46.432Z INFO  client] Sending sample transaction 380
[2022-07-24T09:36:46.482Z INFO  client] Sending sample transaction 381
[2022-07-24T09:36:46.533Z INFO  client] Sending sample transaction 382
[2022-07-24T09:36:46.582Z INFO  client] Sending sample transaction 383
[2022-07-24T09:36:46.632Z INFO  client] Sending sample transaction 384
[2022-07-24T09:36:46.682Z INFO  client] Sending sample transaction 385
[2022-07-24T09:36:46.731Z INFO  client] Sending sample transaction 386
[2022-07-24T09:36:46.782Z INFO  client] Sending sample transaction 387
[2022-07-24T09:36:46.832Z INFO  client] Sending sample transaction 388
[2022-07-24T09:36:46.882Z INFO  client] Sending sample transaction 389
[2022-07-24T09:36:46.932Z INFO  client] Sending sample transaction 390
[2022-07-24T09:36:46.982Z INFO  client] Sending sample transaction 391
[2022-07-24T09:36:47.032Z INFO  client] Sending sample transaction 392
[2022-07-24T09:36:47.082Z INFO  client] Sending sample transaction 393
[2022-07-24T09:36:47.132Z INFO  client] Sending sample transaction 394
[2022-07-24T09:36:47.181Z INFO  client] Sending sample transaction 395
[2022-07-24T09:36:47.232Z INFO  client] Sending sample transaction 396
[2022-07-24T09:36:47.283Z INFO  client] Sending sample transaction 397
[2022-07-24T09:36:47.332Z INFO  client] Sending sample transaction 398
[2022-07-24T09:36:47.382Z INFO  client] Sending sample transaction 399
[2022-07-24T09:36:47.432Z INFO  client] Sending sample transaction 400
[2022-07-24T09:36:47.482Z INFO  client] Sending sample transaction 401
[2022-07-24T09:36:47.531Z INFO  client] Sending sample transaction 402
[2022-07-24T09:36:47.582Z INFO  client] Sending sample transaction 403
[2022-07-24T09:36:47.633Z INFO  client] Sending sample transaction 404
[2022-07-24T09:36:47.682Z INFO  client] Sending sample transaction 405
[2022-07-24T09:36:47.732Z INFO  client] Sending sample transaction 406
[2022-07-24T09:36:47.782Z INFO  client] Sending sample transaction 407
[2022-07-24T09:36:47.832Z INFO  client] Sending sample transaction 408
[2022-07-24T09:36:47.882Z INFO  client] Sending sample transaction 409
[2022-07-24T09:36:47.937Z INFO  client] Sending sample transaction 410
[2022-07-24T09:36:47.982Z INFO  client] Sending sample transaction 411
[2022-07-24T09:36:48.032Z INFO  client] Sending sample transaction 412
[2022-07-24T09:36:48.083Z INFO  client] Sending sample transaction 413
[2022-07-24T09:36:48.139Z INFO  client] Sending sample transaction 414
[2022-07-24T09:36:48.181Z INFO  client] Sending sample transaction 415
[2022-07-24T09:36:48.232Z INFO  client] Sending sample transaction 416
[2022-07-24T09:36:48.282Z INFO  client] Sending sample transaction 417
[2022-07-24T09:36:48.332Z INFO  client] Sending sample transaction 418
[2022-07-24T09:36:48.382Z INFO  client] Sending sample transaction 419
[2022-07-24T09:36:48.432Z INFO  client] Sending sample transaction 420
[2022-07-24T09:36:48.483Z INFO  client] Sending sample transaction 421
[2022-07-24T09:36:48.534Z INFO  client] Sending sample transaction 422
[2022-07-24T09:36:48.584Z INFO  client] Sending sample transaction 423
[2022-07-24T09:36:48.657Z INFO  client] Sending sample transaction 424
[2022-07-24T09:36:48.684Z INFO  client] Sending sample transaction 425
[2022-07-24T09:36:48.732Z INFO  client] Sending sample transaction 426
[2022-07-24T09:36:48.785Z INFO  client] Sending sample transaction 427
[2022-07-24T09:36:48.832Z INFO  client] Sending sample transaction 428
[2022-07-24T09:36:48.883Z INFO  client] Sending sample transaction 429
[2022-07-24T09:36:48.937Z INFO  client] Sending sample transaction 430
[2022-07-24T09:36:48.984Z INFO  client] Sending sample transaction 431
[2022-07-24T09:36:49.037Z INFO  client] Sending sample transaction 432
