[2022-07-17T11:56:37.185Z INFO  client] Node address: 127.0.0.1:9016
[2022-07-17T11:56:37.185Z INFO  client] Transactions size: 512 B
[2022-07-17T11:56:37.185Z INFO  client] Transactions rate: 112 tx/s
[2022-07-17T11:56:37.185Z INFO  client] Waiting for all nodes to be online...
[2022-07-17T11:56:37.185Z INFO  client] Waiting for all nodes to be synchronized...
[2022-07-17T11:56:39.188Z INFO  client] Start sending transactions
[2022-07-17T11:56:39.189Z INFO  client] Sending sample transaction 0
[2022-07-17T11:56:39.241Z INFO  client] Sending sample transaction 1
[2022-07-17T11:56:39.290Z INFO  client] Sending sample transaction 2
[2022-07-17T11:56:39.340Z INFO  client] Sending sample transaction 3
[2022-07-17T11:56:39.391Z INFO  client] Sending sample transaction 4
[2022-07-17T11:56:39.439Z INFO  client] Sending sample transaction 5
[2022-07-17T11:56:39.490Z INFO  client] Sending sample transaction 6
[2022-07-17T11:56:39.541Z INFO  client] Sending sample transaction 7
[2022-07-17T11:56:39.590Z INFO  client] Sending sample transaction 8
[2022-07-17T11:56:39.641Z INFO  client] Sending sample transaction 9
[2022-07-17T11:56:39.689Z INFO  client] Sending sample transaction 10
[2022-07-17T11:56:39.740Z INFO  client] Sending sample transaction 11
[2022-07-17T11:56:39.791Z INFO  client] Sending sample transaction 12
[2022-07-17T11:56:39.845Z INFO  client] Sending sample transaction 13
[2022-07-17T11:56:39.890Z INFO  client] Sending sample transaction 14
[2022-07-17T11:56:39.939Z INFO  client] Sending sample transaction 15
[2022-07-17T11:56:39.990Z INFO  client] Sending sample transaction 16
[2022-07-17T11:56:40.040Z INFO  client] Sending sample transaction 17
[2022-07-17T11:56:40.090Z INFO  client] Sending sample transaction 18
[2022-07-17T11:56:40.140Z INFO  client] Sending sample transaction 19
[2022-07-17T11:56:40.194Z INFO  client] Sending sample transaction 20
[2022-07-17T11:56:40.240Z INFO  client] Sending sample transaction 21
[2022-07-17T11:56:40.294Z INFO  client] Sending sample transaction 22
[2022-07-17T11:56:40.342Z INFO  client] Sending sample transaction 23
[2022-07-17T11:56:40.396Z INFO  client] Sending sample transaction 24
[2022-07-17T11:56:40.440Z INFO  client] Sending sample transaction 25
[2022-07-17T11:56:40.490Z INFO  client] Sending sample transaction 26
[2022-07-17T11:56:40.542Z INFO  client] Sending sample transaction 27
[2022-07-17T11:56:40.591Z INFO  client] Sending sample transaction 28
[2022-07-17T11:56:40.642Z INFO  client] Sending sample transaction 29
[2022-07-17T11:56:40.690Z INFO  client] Sending sample transaction 30
[2022-07-17T11:56:40.740Z INFO  client] Sending sample transaction 31
[2022-07-17T11:56:40.792Z INFO  client] Sending sample transaction 32
[2022-07-17T11:56:40.840Z INFO  client] Sending sample transaction 33
[2022-07-17T11:56:40.915Z INFO  client] Sending sample transaction 34
[2022-07-17T11:56:40.941Z INFO  client] Sending sample transaction 35
[2022-07-17T11:56:40.990Z INFO  client] Sending sample transaction 36
[2022-07-17T11:56:41.040Z INFO  client] Sending sample transaction 37
[2022-07-17T11:56:41.093Z INFO  client] Sending sample transaction 38
[2022-07-17T11:56:41.140Z INFO  client] Sending sample transaction 39
[2022-07-17T11:56:41.191Z INFO  client] Sending sample transaction 40
[2022-07-17T11:56:41.240Z INFO  client] Sending sample transaction 41
[2022-07-17T11:56:41.290Z INFO  client] Sending sample transaction 42
[2022-07-17T11:56:41.340Z INFO  client] Sending sample transaction 43
[2022-07-17T11:56:41.391Z INFO  client] Sending sample transaction 44
[2022-07-17T11:56:41.440Z INFO  client] Sending sample transaction 45
[2022-07-17T11:56:41.491Z INFO  client] Sending sample transaction 46
[2022-07-17T11:56:41.540Z INFO  client] Sending sample transaction 47
[2022-07-17T11:56:41.592Z INFO  client] Sending sample transaction 48
[2022-07-17T11:56:41.640Z INFO  client] Sending sample transaction 49
[2022-07-17T11:56:41.691Z INFO  client] Sending sample transaction 50
[2022-07-17T11:56:41.741Z INFO  client] Sending sample transaction 51
[2022-07-17T11:56:41.791Z INFO  client] Sending sample transaction 52
[2022-07-17T11:56:41.840Z INFO  client] Sending sample transaction 53
[2022-07-17T11:56:41.890Z INFO  client] Sending sample transaction 54
[2022-07-17T11:56:41.962Z INFO  client] Sending sample transaction 55
[2022-07-17T11:56:41.991Z INFO  client] Sending sample transaction 56
[2022-07-17T11:56:42.040Z INFO  client] Sending sample transaction 57
[2022-07-17T11:56:42.090Z INFO  client] Sending sample transaction 58
[2022-07-17T11:56:42.140Z INFO  client] Sending sample transaction 59
[2022-07-17T11:56:42.190Z INFO  client] Sending sample transaction 60
[2022-07-17T11:56:42.240Z INFO  client] Sending sample transaction 61
[2022-07-17T11:56:42.291Z INFO  client] Sending sample transaction 62
[2022-07-17T11:56:42.340Z INFO  client] Sending sample transaction 63
[2022-07-17T11:56:42.390Z INFO  client] Sending sample transaction 64
[2022-07-17T11:56:42.440Z INFO  client] Sending sample transaction 65
[2022-07-17T11:56:42.490Z INFO  client] Sending sample transaction 66
[2022-07-17T11:56:42.540Z INFO  client] Sending sample transaction 67
[2022-07-17T11:56:42.590Z INFO  client] Sending sample transaction 68
[2022-07-17T11:56:42.640Z INFO  client] Sending sample transaction 69
[2022-07-17T11:56:42.689Z INFO  client] Sending sample transaction 70
[2022-07-17T11:56:42.740Z INFO  client] Sending sample transaction 71
[2022-07-17T11:56:42.790Z INFO  client] Sending sample transaction 72
[2022-07-17T11:56:42.840Z INFO  client] Sending sample transaction 73
[2022-07-17T11:56:42.890Z INFO  client] Sending sample transaction 74
[2022-07-17T11:56:42.939Z INFO  client] Sending sample transaction 75
[2022-07-17T11:56:42.990Z INFO  client] Sending sample transaction 76
[2022-07-17T11:56:43.041Z INFO  client] Sending sample transaction 77
[2022-07-17T11:56:43.091Z INFO  client] Sending sample transaction 78
[2022-07-17T11:56:43.142Z INFO  client] Sending sample transaction 79
[2022-07-17T11:56:43.191Z INFO  client] Sending sample transaction 80
[2022-07-17T11:56:43.240Z INFO  client] Sending sample transaction 81
[2022-07-17T11:56:43.290Z INFO  client] Sending sample transaction 82
[2022-07-17T11:56:43.340Z INFO  client] Sending sample transaction 83
[2022-07-17T11:56:43.390Z INFO  client] Sending sample transaction 84
[2022-07-17T11:56:43.440Z INFO  client] Sending sample transaction 85
[2022-07-17T11:56:43.490Z INFO  client] Sending sample transaction 86
[2022-07-17T11:56:43.539Z INFO  client] Sending sample transaction 87
[2022-07-17T11:56:43.590Z INFO  client] Sending sample transaction 88
[2022-07-17T11:56:43.639Z INFO  client] Sending sample transaction 89
[2022-07-17T11:56:43.690Z INFO  client] Sending sample transaction 90
[2022-07-17T11:56:43.740Z INFO  client] Sending sample transaction 91
[2022-07-17T11:56:43.790Z INFO  client] Sending sample transaction 92
[2022-07-17T11:56:43.840Z INFO  client] Sending sample transaction 93
[2022-07-17T11:56:43.890Z INFO  client] Sending sample transaction 94
[2022-07-17T11:56:43.940Z INFO  client] Sending sample transaction 95
[2022-07-17T11:56:43.989Z INFO  client] Sending sample transaction 96
[2022-07-17T11:56:44.040Z INFO  client] Sending sample transaction 97
[2022-07-17T11:56:44.097Z INFO  client] Sending sample transaction 98
[2022-07-17T11:56:44.140Z INFO  client] Sending sample transaction 99
[2022-07-17T11:56:44.190Z INFO  client] Sending sample transaction 100
[2022-07-17T11:56:44.240Z INFO  client] Sending sample transaction 101
[2022-07-17T11:56:44.291Z INFO  client] Sending sample transaction 102
[2022-07-17T11:56:44.341Z INFO  client] Sending sample transaction 103
[2022-07-17T11:56:44.389Z INFO  client] Sending sample transaction 104
[2022-07-17T11:56:44.439Z INFO  client] Sending sample transaction 105
[2022-07-17T11:56:44.490Z INFO  client] Sending sample transaction 106
[2022-07-17T11:56:44.539Z INFO  client] Sending sample transaction 107
[2022-07-17T11:56:44.590Z INFO  client] Sending sample transaction 108
[2022-07-17T11:56:44.639Z INFO  client] Sending sample transaction 109
[2022-07-17T11:56:44.690Z INFO  client] Sending sample transaction 110
[2022-07-17T11:56:44.740Z INFO  client] Sending sample transaction 111
[2022-07-17T11:56:44.790Z INFO  client] Sending sample transaction 112
[2022-07-17T11:56:44.840Z INFO  client] Sending sample transaction 113
[2022-07-17T11:56:44.890Z INFO  client] Sending sample transaction 114
[2022-07-17T11:56:44.940Z INFO  client] Sending sample transaction 115
[2022-07-17T11:56:44.990Z INFO  client] Sending sample transaction 116
[2022-07-17T11:56:45.040Z INFO  client] Sending sample transaction 117
[2022-07-17T11:56:45.091Z INFO  client] Sending sample transaction 118
[2022-07-17T11:56:45.143Z INFO  client] Sending sample transaction 119
[2022-07-17T11:56:45.190Z INFO  client] Sending sample transaction 120
[2022-07-17T11:56:45.239Z INFO  client] Sending sample transaction 121
[2022-07-17T11:56:45.290Z INFO  client] Sending sample transaction 122
[2022-07-17T11:56:45.341Z INFO  client] Sending sample transaction 123
[2022-07-17T11:56:45.391Z INFO  client] Sending sample transaction 124
[2022-07-17T11:56:45.440Z INFO  client] Sending sample transaction 125
[2022-07-17T11:56:45.490Z INFO  client] Sending sample transaction 126
[2022-07-17T11:56:45.539Z INFO  client] Sending sample transaction 127
[2022-07-17T11:56:45.590Z INFO  client] Sending sample transaction 128
[2022-07-17T11:56:45.640Z INFO  client] Sending sample transaction 129
[2022-07-17T11:56:45.690Z INFO  client] Sending sample transaction 130
[2022-07-17T11:56:45.740Z INFO  client] Sending sample transaction 131
[2022-07-17T11:56:45.790Z INFO  client] Sending sample transaction 132
[2022-07-17T11:56:45.839Z INFO  client] Sending sample transaction 133
[2022-07-17T11:56:45.889Z INFO  client] Sending sample transaction 134
[2022-07-17T11:56:45.939Z INFO  client] Sending sample transaction 135
[2022-07-17T11:56:45.990Z INFO  client] Sending sample transaction 136
[2022-07-17T11:56:46.040Z INFO  client] Sending sample transaction 137
[2022-07-17T11:56:46.091Z INFO  client] Sending sample transaction 138
[2022-07-17T11:56:46.140Z INFO  client] Sending sample transaction 139
[2022-07-17T11:56:46.190Z INFO  client] Sending sample transaction 140
[2022-07-17T11:56:46.240Z INFO  client] Sending sample transaction 141
[2022-07-17T11:56:46.290Z INFO  client] Sending sample transaction 142
[2022-07-17T11:56:46.340Z INFO  client] Sending sample transaction 143
[2022-07-17T11:56:46.390Z INFO  client] Sending sample transaction 144
[2022-07-17T11:56:46.440Z INFO  client] Sending sample transaction 145
[2022-07-17T11:56:46.490Z INFO  client] Sending sample transaction 146
[2022-07-17T11:56:46.540Z INFO  client] Sending sample transaction 147
[2022-07-17T11:56:46.590Z INFO  client] Sending sample transaction 148
[2022-07-17T11:56:46.640Z INFO  client] Sending sample transaction 149
[2022-07-17T11:56:46.689Z INFO  client] Sending sample transaction 150
[2022-07-17T11:56:46.740Z INFO  client] Sending sample transaction 151
[2022-07-17T11:56:46.790Z INFO  client] Sending sample transaction 152
[2022-07-17T11:56:46.840Z INFO  client] Sending sample transaction 153
[2022-07-17T11:56:46.890Z INFO  client] Sending sample transaction 154
[2022-07-17T11:56:46.940Z INFO  client] Sending sample transaction 155
[2022-07-17T11:56:46.990Z INFO  client] Sending sample transaction 156
[2022-07-17T11:56:47.039Z INFO  client] Sending sample transaction 157
[2022-07-17T11:56:47.090Z INFO  client] Sending sample transaction 158
[2022-07-17T11:56:47.140Z INFO  client] Sending sample transaction 159
[2022-07-17T11:56:47.195Z INFO  client] Sending sample transaction 160
[2022-07-17T11:56:47.240Z INFO  client] Sending sample transaction 161
[2022-07-17T11:56:47.290Z INFO  client] Sending sample transaction 162
[2022-07-17T11:56:47.342Z INFO  client] Sending sample transaction 163
[2022-07-17T11:56:47.391Z INFO  client] Sending sample transaction 164
[2022-07-17T11:56:47.440Z INFO  client] Sending sample transaction 165
[2022-07-17T11:56:47.490Z INFO  client] Sending sample transaction 166
[2022-07-17T11:56:47.541Z INFO  client] Sending sample transaction 167
[2022-07-17T11:56:47.591Z INFO  client] Sending sample transaction 168
[2022-07-17T11:56:47.640Z INFO  client] Sending sample transaction 169
[2022-07-17T11:56:47.689Z INFO  client] Sending sample transaction 170
[2022-07-17T11:56:47.740Z INFO  client] Sending sample transaction 171
[2022-07-17T11:56:47.790Z INFO  client] Sending sample transaction 172
[2022-07-17T11:56:47.840Z INFO  client] Sending sample transaction 173
[2022-07-17T11:56:47.889Z INFO  client] Sending sample transaction 174
[2022-07-17T11:56:47.940Z INFO  client] Sending sample transaction 175
[2022-07-17T11:56:47.990Z INFO  client] Sending sample transaction 176
[2022-07-17T11:56:48.039Z INFO  client] Sending sample transaction 177
[2022-07-17T11:56:48.090Z INFO  client] Sending sample transaction 178
[2022-07-17T11:56:48.142Z INFO  client] Sending sample transaction 179
[2022-07-17T11:56:48.190Z INFO  client] Sending sample transaction 180
[2022-07-17T11:56:48.243Z INFO  client] Sending sample transaction 181
[2022-07-17T11:56:48.290Z INFO  client] Sending sample transaction 182
[2022-07-17T11:56:48.341Z INFO  client] Sending sample transaction 183
[2022-07-17T11:56:48.391Z INFO  client] Sending sample transaction 184
[2022-07-17T11:56:48.440Z INFO  client] Sending sample transaction 185
[2022-07-17T11:56:48.492Z INFO  client] Sending sample transaction 186
[2022-07-17T11:56:48.541Z INFO  client] Sending sample transaction 187
[2022-07-17T11:56:48.591Z INFO  client] Sending sample transaction 188
[2022-07-17T11:56:48.640Z INFO  client] Sending sample transaction 189
[2022-07-17T11:56:48.689Z INFO  client] Sending sample transaction 190
[2022-07-17T11:56:48.740Z INFO  client] Sending sample transaction 191
[2022-07-17T11:56:48.790Z INFO  client] Sending sample transaction 192
[2022-07-17T11:56:48.840Z INFO  client] Sending sample transaction 193
[2022-07-17T11:56:48.890Z INFO  client] Sending sample transaction 194
[2022-07-17T11:56:48.940Z INFO  client] Sending sample transaction 195
[2022-07-17T11:56:48.991Z INFO  client] Sending sample transaction 196
[2022-07-17T11:56:49.039Z INFO  client] Sending sample transaction 197
[2022-07-17T11:56:49.089Z INFO  client] Sending sample transaction 198
[2022-07-17T11:56:49.140Z INFO  client] Sending sample transaction 199
[2022-07-17T11:56:49.191Z INFO  client] Sending sample transaction 200
[2022-07-17T11:56:49.241Z INFO  client] Sending sample transaction 201
[2022-07-17T11:56:49.290Z INFO  client] Sending sample transaction 202
[2022-07-17T11:56:49.349Z INFO  client] Sending sample transaction 203
[2022-07-17T11:56:49.390Z INFO  client] Sending sample transaction 204
[2022-07-17T11:56:49.440Z INFO  client] Sending sample transaction 205
[2022-07-17T11:56:49.491Z INFO  client] Sending sample transaction 206
[2022-07-17T11:56:49.539Z INFO  client] Sending sample transaction 207
[2022-07-17T11:56:49.594Z INFO  client] Sending sample transaction 208
[2022-07-17T11:56:49.640Z INFO  client] Sending sample transaction 209
[2022-07-17T11:56:49.690Z INFO  client] Sending sample transaction 210
[2022-07-17T11:56:49.740Z INFO  client] Sending sample transaction 211
[2022-07-17T11:56:49.790Z INFO  client] Sending sample transaction 212
[2022-07-17T11:56:49.839Z INFO  client] Sending sample transaction 213
[2022-07-17T11:56:49.890Z INFO  client] Sending sample transaction 214
[2022-07-17T11:56:49.940Z INFO  client] Sending sample transaction 215
[2022-07-17T11:56:49.990Z INFO  client] Sending sample transaction 216
[2022-07-17T11:56:50.040Z INFO  client] Sending sample transaction 217
[2022-07-17T11:56:50.091Z INFO  client] Sending sample transaction 218
[2022-07-17T11:56:50.140Z INFO  client] Sending sample transaction 219
[2022-07-17T11:56:50.191Z INFO  client] Sending sample transaction 220
[2022-07-17T11:56:50.240Z INFO  client] Sending sample transaction 221
[2022-07-17T11:56:50.290Z INFO  client] Sending sample transaction 222
[2022-07-17T11:56:50.340Z INFO  client] Sending sample transaction 223
[2022-07-17T11:56:50.390Z INFO  client] Sending sample transaction 224
[2022-07-17T11:56:50.440Z INFO  client] Sending sample transaction 225
[2022-07-17T11:56:50.491Z INFO  client] Sending sample transaction 226
[2022-07-17T11:56:50.540Z INFO  client] Sending sample transaction 227
[2022-07-17T11:56:50.590Z INFO  client] Sending sample transaction 228
[2022-07-17T11:56:50.641Z INFO  client] Sending sample transaction 229
[2022-07-17T11:56:50.690Z INFO  client] Sending sample transaction 230
[2022-07-17T11:56:50.741Z INFO  client] Sending sample transaction 231
[2022-07-17T11:56:50.790Z INFO  client] Sending sample transaction 232
[2022-07-17T11:56:50.840Z INFO  client] Sending sample transaction 233
[2022-07-17T11:56:50.891Z INFO  client] Sending sample transaction 234
[2022-07-17T11:56:50.940Z INFO  client] Sending sample transaction 235
[2022-07-17T11:56:50.990Z INFO  client] Sending sample transaction 236
[2022-07-17T11:56:51.040Z INFO  client] Sending sample transaction 237
[2022-07-17T11:56:51.090Z INFO  client] Sending sample transaction 238
[2022-07-17T11:56:51.140Z INFO  client] Sending sample transaction 239
[2022-07-17T11:56:51.190Z INFO  client] Sending sample transaction 240
[2022-07-17T11:56:51.240Z INFO  client] Sending sample transaction 241
[2022-07-17T11:56:51.290Z INFO  client] Sending sample transaction 242
[2022-07-17T11:56:51.341Z INFO  client] Sending sample transaction 243
[2022-07-17T11:56:51.395Z INFO  client] Sending sample transaction 244
[2022-07-17T11:56:51.439Z INFO  client] Sending sample transaction 245
[2022-07-17T11:56:51.490Z INFO  client] Sending sample transaction 246
[2022-07-17T11:56:51.540Z INFO  client] Sending sample transaction 247
[2022-07-17T11:56:51.591Z INFO  client] Sending sample transaction 248
[2022-07-17T11:56:51.641Z INFO  client] Sending sample transaction 249
[2022-07-17T11:56:51.690Z INFO  client] Sending sample transaction 250
[2022-07-17T11:56:51.740Z INFO  client] Sending sample transaction 251
[2022-07-17T11:56:51.791Z INFO  client] Sending sample transaction 252
[2022-07-17T11:56:51.842Z INFO  client] Sending sample transaction 253
[2022-07-17T11:56:51.891Z INFO  client] Sending sample transaction 254
[2022-07-17T11:56:51.941Z INFO  client] Sending sample transaction 255
[2022-07-17T11:56:51.990Z INFO  client] Sending sample transaction 256
[2022-07-17T11:56:52.040Z INFO  client] Sending sample transaction 257
[2022-07-17T11:56:52.091Z INFO  client] Sending sample transaction 258
[2022-07-17T11:56:52.141Z INFO  client] Sending sample transaction 259
[2022-07-17T11:56:52.190Z INFO  client] Sending sample transaction 260
[2022-07-17T11:56:52.240Z INFO  client] Sending sample transaction 261
[2022-07-17T11:56:52.289Z INFO  client] Sending sample transaction 262
[2022-07-17T11:56:52.340Z INFO  client] Sending sample transaction 263
[2022-07-17T11:56:52.391Z INFO  client] Sending sample transaction 264
[2022-07-17T11:56:52.441Z INFO  client] Sending sample transaction 265
[2022-07-17T11:56:52.491Z INFO  client] Sending sample transaction 266
[2022-07-17T11:56:52.540Z INFO  client] Sending sample transaction 267
[2022-07-17T11:56:52.591Z INFO  client] Sending sample transaction 268
[2022-07-17T11:56:52.642Z INFO  client] Sending sample transaction 269
[2022-07-17T11:56:52.690Z INFO  client] Sending sample transaction 270
[2022-07-17T11:56:52.742Z INFO  client] Sending sample transaction 271
[2022-07-17T11:56:52.791Z INFO  client] Sending sample transaction 272
[2022-07-17T11:56:52.840Z INFO  client] Sending sample transaction 273
[2022-07-17T11:56:52.893Z INFO  client] Sending sample transaction 274
[2022-07-17T11:56:52.943Z INFO  client] Sending sample transaction 275
[2022-07-17T11:56:52.990Z INFO  client] Sending sample transaction 276
[2022-07-17T11:56:53.041Z INFO  client] Sending sample transaction 277
[2022-07-17T11:56:53.091Z INFO  client] Sending sample transaction 278
[2022-07-17T11:56:53.142Z INFO  client] Sending sample transaction 279
[2022-07-17T11:56:53.190Z INFO  client] Sending sample transaction 280
[2022-07-17T11:56:53.240Z INFO  client] Sending sample transaction 281
[2022-07-17T11:56:53.290Z INFO  client] Sending sample transaction 282
[2022-07-17T11:56:53.340Z INFO  client] Sending sample transaction 283
[2022-07-17T11:56:53.390Z INFO  client] Sending sample transaction 284
[2022-07-17T11:56:53.440Z INFO  client] Sending sample transaction 285
[2022-07-17T11:56:53.524Z INFO  client] Sending sample transaction 286
[2022-07-17T11:56:53.544Z INFO  client] Sending sample transaction 287
[2022-07-17T11:56:53.590Z INFO  client] Sending sample transaction 288
[2022-07-17T11:56:53.640Z INFO  client] Sending sample transaction 289
[2022-07-17T11:56:53.690Z INFO  client] Sending sample transaction 290
[2022-07-17T11:56:53.740Z INFO  client] Sending sample transaction 291
[2022-07-17T11:56:53.792Z INFO  client] Sending sample transaction 292
[2022-07-17T11:56:53.841Z INFO  client] Sending sample transaction 293
[2022-07-17T11:56:53.890Z INFO  client] Sending sample transaction 294
[2022-07-17T11:56:53.940Z INFO  client] Sending sample transaction 295
[2022-07-17T11:56:53.990Z INFO  client] Sending sample transaction 296
[2022-07-17T11:56:54.041Z INFO  client] Sending sample transaction 297
[2022-07-17T11:56:54.090Z INFO  client] Sending sample transaction 298
[2022-07-17T11:56:54.140Z INFO  client] Sending sample transaction 299
[2022-07-17T11:56:54.190Z INFO  client] Sending sample transaction 300
[2022-07-17T11:56:54.240Z INFO  client] Sending sample transaction 301
[2022-07-17T11:56:54.291Z INFO  client] Sending sample transaction 302
[2022-07-17T11:56:54.340Z INFO  client] Sending sample transaction 303
[2022-07-17T11:56:54.390Z INFO  client] Sending sample transaction 304
[2022-07-17T11:56:54.440Z INFO  client] Sending sample transaction 305
[2022-07-17T11:56:54.490Z INFO  client] Sending sample transaction 306
[2022-07-17T11:56:54.540Z INFO  client] Sending sample transaction 307
[2022-07-17T11:56:54.620Z INFO  client] Sending sample transaction 308
[2022-07-17T11:56:54.640Z INFO  client] Sending sample transaction 309
[2022-07-17T11:56:54.690Z INFO  client] Sending sample transaction 310
[2022-07-17T11:56:54.739Z INFO  client] Sending sample transaction 311
[2022-07-17T11:56:54.790Z INFO  client] Sending sample transaction 312
[2022-07-17T11:56:54.840Z INFO  client] Sending sample transaction 313
[2022-07-17T11:56:54.889Z INFO  client] Sending sample transaction 314
[2022-07-17T11:56:54.940Z INFO  client] Sending sample transaction 315
[2022-07-17T11:56:54.991Z INFO  client] Sending sample transaction 316
[2022-07-17T11:56:55.040Z INFO  client] Sending sample transaction 317
[2022-07-17T11:56:55.090Z INFO  client] Sending sample transaction 318
[2022-07-17T11:56:55.142Z INFO  client] Sending sample transaction 319
[2022-07-17T11:56:55.191Z INFO  client] Sending sample transaction 320
[2022-07-17T11:56:55.240Z INFO  client] Sending sample transaction 321
[2022-07-17T11:56:55.290Z INFO  client] Sending sample transaction 322
[2022-07-17T11:56:55.340Z INFO  client] Sending sample transaction 323
[2022-07-17T11:56:55.390Z INFO  client] Sending sample transaction 324
[2022-07-17T11:56:55.440Z INFO  client] Sending sample transaction 325
[2022-07-17T11:56:55.489Z INFO  client] Sending sample transaction 326
[2022-07-17T11:56:55.540Z INFO  client] Sending sample transaction 327
[2022-07-17T11:56:55.591Z INFO  client] Sending sample transaction 328
[2022-07-17T11:56:55.644Z INFO  client] Sending sample transaction 329
[2022-07-17T11:56:55.690Z INFO  client] Sending sample transaction 330
[2022-07-17T11:56:55.740Z INFO  client] Sending sample transaction 331
[2022-07-17T11:56:55.790Z INFO  client] Sending sample transaction 332
[2022-07-17T11:56:55.842Z INFO  client] Sending sample transaction 333
[2022-07-17T11:56:55.890Z INFO  client] Sending sample transaction 334
[2022-07-17T11:56:55.942Z INFO  client] Sending sample transaction 335
[2022-07-17T11:56:55.992Z INFO  client] Sending sample transaction 336
[2022-07-17T11:56:56.040Z INFO  client] Sending sample transaction 337
[2022-07-17T11:56:56.090Z INFO  client] Sending sample transaction 338
[2022-07-17T11:56:56.139Z INFO  client] Sending sample transaction 339
[2022-07-17T11:56:56.190Z INFO  client] Sending sample transaction 340
[2022-07-17T11:56:56.240Z INFO  client] Sending sample transaction 341
[2022-07-17T11:56:56.290Z INFO  client] Sending sample transaction 342
[2022-07-17T11:56:56.341Z INFO  client] Sending sample transaction 343
[2022-07-17T11:56:56.391Z INFO  client] Sending sample transaction 344
[2022-07-17T11:56:56.440Z INFO  client] Sending sample transaction 345
[2022-07-17T11:56:56.491Z INFO  client] Sending sample transaction 346
[2022-07-17T11:56:56.540Z INFO  client] Sending sample transaction 347
[2022-07-17T11:56:56.590Z INFO  client] Sending sample transaction 348
[2022-07-17T11:56:56.640Z INFO  client] Sending sample transaction 349
[2022-07-17T11:56:56.691Z INFO  client] Sending sample transaction 350
[2022-07-17T11:56:56.740Z INFO  client] Sending sample transaction 351
[2022-07-17T11:56:56.790Z INFO  client] Sending sample transaction 352
[2022-07-17T11:56:56.840Z INFO  client] Sending sample transaction 353
[2022-07-17T11:56:56.891Z INFO  client] Sending sample transaction 354
[2022-07-17T11:56:56.940Z INFO  client] Sending sample transaction 355
[2022-07-17T11:56:56.990Z INFO  client] Sending sample transaction 356
[2022-07-17T11:56:57.040Z INFO  client] Sending sample transaction 357
[2022-07-17T11:56:57.091Z INFO  client] Sending sample transaction 358
[2022-07-17T11:56:57.141Z INFO  client] Sending sample transaction 359
[2022-07-17T11:56:57.190Z INFO  client] Sending sample transaction 360
[2022-07-17T11:56:57.239Z INFO  client] Sending sample transaction 361
[2022-07-17T11:56:57.291Z INFO  client] Sending sample transaction 362
[2022-07-17T11:56:57.341Z INFO  client] Sending sample transaction 363
[2022-07-17T11:56:57.391Z INFO  client] Sending sample transaction 364
[2022-07-17T11:56:57.440Z INFO  client] Sending sample transaction 365
[2022-07-17T11:56:57.490Z INFO  client] Sending sample transaction 366
[2022-07-17T11:56:57.540Z INFO  client] Sending sample transaction 367
[2022-07-17T11:56:57.591Z INFO  client] Sending sample transaction 368
[2022-07-17T11:56:57.641Z INFO  client] Sending sample transaction 369
[2022-07-17T11:56:57.690Z INFO  client] Sending sample transaction 370
[2022-07-17T11:56:57.741Z INFO  client] Sending sample transaction 371
[2022-07-17T11:56:57.791Z INFO  client] Sending sample transaction 372
[2022-07-17T11:56:57.840Z INFO  client] Sending sample transaction 373
[2022-07-17T11:56:57.891Z INFO  client] Sending sample transaction 374
[2022-07-17T11:56:57.940Z INFO  client] Sending sample transaction 375
[2022-07-17T11:56:57.990Z INFO  client] Sending sample transaction 376
[2022-07-17T11:56:58.041Z INFO  client] Sending sample transaction 377
[2022-07-17T11:56:58.091Z INFO  client] Sending sample transaction 378
[2022-07-17T11:56:58.141Z INFO  client] Sending sample transaction 379
[2022-07-17T11:56:58.189Z INFO  client] Sending sample transaction 380
[2022-07-17T11:56:58.240Z INFO  client] Sending sample transaction 381
[2022-07-17T11:56:58.290Z INFO  client] Sending sample transaction 382
[2022-07-17T11:56:58.341Z INFO  client] Sending sample transaction 383
[2022-07-17T11:56:58.390Z INFO  client] Sending sample transaction 384
[2022-07-17T11:56:58.440Z INFO  client] Sending sample transaction 385
[2022-07-17T11:56:58.490Z INFO  client] Sending sample transaction 386
[2022-07-17T11:56:58.540Z INFO  client] Sending sample transaction 387
[2022-07-17T11:56:58.590Z INFO  client] Sending sample transaction 388
[2022-07-17T11:56:58.640Z INFO  client] Sending sample transaction 389
[2022-07-17T11:56:58.690Z INFO  client] Sending sample transaction 390
[2022-07-17T11:56:58.742Z INFO  client] Sending sample transaction 391
[2022-07-17T11:56:58.790Z INFO  client] Sending sample transaction 392
[2022-07-17T11:56:58.840Z INFO  client] Sending sample transaction 393
[2022-07-17T11:56:58.891Z INFO  client] Sending sample transaction 394
[2022-07-17T11:56:58.939Z INFO  client] Sending sample transaction 395
[2022-07-17T11:56:58.991Z INFO  client] Sending sample transaction 396
[2022-07-17T11:56:59.040Z INFO  client] Sending sample transaction 397
[2022-07-17T11:56:59.090Z INFO  client] Sending sample transaction 398
[2022-07-17T11:56:59.141Z INFO  client] Sending sample transaction 399
[2022-07-17T11:56:59.191Z INFO  client] Sending sample transaction 400
[2022-07-17T11:56:59.240Z INFO  client] Sending sample transaction 401
[2022-07-17T11:56:59.290Z INFO  client] Sending sample transaction 402
[2022-07-17T11:56:59.343Z INFO  client] Sending sample transaction 403
[2022-07-17T11:56:59.392Z INFO  client] Sending sample transaction 404
[2022-07-17T11:56:59.440Z INFO  client] Sending sample transaction 405
[2022-07-17T11:56:59.491Z INFO  client] Sending sample transaction 406
[2022-07-17T11:56:59.541Z INFO  client] Sending sample transaction 407
[2022-07-17T11:56:59.590Z INFO  client] Sending sample transaction 408
[2022-07-17T11:56:59.640Z INFO  client] Sending sample transaction 409
[2022-07-17T11:56:59.690Z INFO  client] Sending sample transaction 410
[2022-07-17T11:56:59.740Z INFO  client] Sending sample transaction 411
[2022-07-17T11:56:59.791Z INFO  client] Sending sample transaction 412
[2022-07-17T11:56:59.860Z INFO  client] Sending sample transaction 413
[2022-07-17T11:56:59.898Z INFO  client] Sending sample transaction 414
[2022-07-17T11:56:59.940Z INFO  client] Sending sample transaction 415
[2022-07-17T11:56:59.990Z INFO  client] Sending sample transaction 416
[2022-07-17T11:57:00.040Z INFO  client] Sending sample transaction 417
[2022-07-17T11:57:00.089Z INFO  client] Sending sample transaction 418
[2022-07-17T11:57:00.141Z INFO  client] Sending sample transaction 419
[2022-07-17T11:57:00.190Z INFO  client] Sending sample transaction 420
[2022-07-17T11:57:00.239Z INFO  client] Sending sample transaction 421
[2022-07-17T11:57:00.292Z INFO  client] Sending sample transaction 422
