[2022-07-24T10:17:45.826Z INFO  client] Node address: 127.0.0.1:9013
[2022-07-24T10:17:45.826Z INFO  client] Transactions size: 512 B
[2022-07-24T10:17:45.826Z INFO  client] Transactions rate: 112 tx/s
[2022-07-24T10:17:45.826Z INFO  client] Waiting for all nodes to be online...
[2022-07-24T10:17:45.826Z INFO  client] Waiting for all nodes to be synchronized...
[2022-07-24T10:17:47.831Z INFO  client] Start sending transactions
[2022-07-24T10:17:47.833Z INFO  client] Sending sample transaction 0
[2022-07-24T10:17:47.898Z INFO  client] Sending sample transaction 1
[2022-07-24T10:17:47.935Z INFO  client] Sending sample transaction 2
[2022-07-24T10:17:47.984Z INFO  client] Sending sample transaction 3
[2022-07-24T10:17:48.034Z INFO  client] Sending sample transaction 4
[2022-07-24T10:17:48.084Z INFO  client] Sending sample transaction 5
[2022-07-24T10:17:48.136Z INFO  client] Sending sample transaction 6
[2022-07-24T10:17:48.184Z INFO  client] Sending sample transaction 7
[2022-07-24T10:17:48.234Z INFO  client] Sending sample transaction 8
[2022-07-24T10:17:48.283Z INFO  client] Sending sample transaction 9
[2022-07-24T10:17:48.334Z INFO  client] Sending sample transaction 10
[2022-07-24T10:17:48.384Z INFO  client] Sending sample transaction 11
[2022-07-24T10:17:48.435Z INFO  client] Sending sample transaction 12
[2022-07-24T10:17:48.487Z INFO  client] Sending sample transaction 13
[2022-07-24T10:17:48.535Z INFO  client] Sending sample transaction 14
[2022-07-24T10:17:48.583Z INFO  client] Sending sample transaction 15
[2022-07-24T10:17:48.636Z INFO  client] Sending sample transaction 16
[2022-07-24T10:17:48.684Z INFO  client] Sending sample transaction 17
[2022-07-24T10:17:48.733Z INFO  client] Sending sample transaction 18
[2022-07-24T10:17:48.784Z INFO  client] Sending sample transaction 19
[2022-07-24T10:17:48.863Z INFO  client] Sending sample transaction 20
[2022-07-24T10:17:48.916Z INFO  client] Sending sample transaction 21
[2022-07-24T10:17:48.987Z INFO  client] Sending sample transaction 22
[2022-07-24T10:17:49.013Z INFO  client] Sending sample transaction 23
[2022-07-24T10:17:49.052Z INFO  client] Sending sample transaction 24
[2022-07-24T10:17:49.097Z INFO  client] Sending sample transaction 25
[2022-07-24T10:17:49.136Z INFO  client] Sending sample transaction 26
[2022-07-24T10:17:49.185Z INFO  client] Sending sample transaction 27
[2022-07-24T10:17:49.234Z INFO  client] Sending sample transaction 28
[2022-07-24T10:17:49.285Z INFO  client] Sending sample transaction 29
[2022-07-24T10:17:49.334Z INFO  client] Sending sample transaction 30
[2022-07-24T10:17:49.383Z INFO  client] Sending sample transaction 31
[2022-07-24T10:17:49.433Z INFO  client] Sending sample transaction 32
[2022-07-24T10:17:49.483Z INFO  client] Sending sample transaction 33
[2022-07-24T10:17:49.535Z INFO  client] Sending sample transaction 34
[2022-07-24T10:17:49.583Z INFO  client] Sending sample transaction 35
[2022-07-24T10:17:49.634Z INFO  client] Sending sample transaction 36
[2022-07-24T10:17:49.685Z INFO  client] Sending sample transaction 37
[2022-07-24T10:17:49.734Z INFO  client] Sending sample transaction 38
[2022-07-24T10:17:49.783Z INFO  client] Sending sample transaction 39
[2022-07-24T10:17:49.833Z INFO  client] Sending sample transaction 40
[2022-07-24T10:17:49.883Z INFO  client] Sending sample transaction 41
[2022-07-24T10:17:49.934Z INFO  client] Sending sample transaction 42
[2022-07-24T10:17:49.983Z INFO  client] Sending sample transaction 43
[2022-07-24T10:17:50.033Z INFO  client] Sending sample transaction 44
[2022-07-24T10:17:50.083Z INFO  client] Sending sample transaction 45
[2022-07-24T10:17:50.158Z INFO  client] Sending sample transaction 46
[2022-07-24T10:17:50.183Z INFO  client] Sending sample transaction 47
[2022-07-24T10:17:50.233Z INFO  client] Sending sample transaction 48
[2022-07-24T10:17:50.283Z INFO  client] Sending sample transaction 49
[2022-07-24T10:17:50.333Z INFO  client] Sending sample transaction 50
[2022-07-24T10:17:50.383Z INFO  client] Sending sample transaction 51
[2022-07-24T10:17:50.433Z INFO  client] Sending sample transaction 52
[2022-07-24T10:17:50.483Z INFO  client] Sending sample transaction 53
[2022-07-24T10:17:50.533Z INFO  client] Sending sample transaction 54
[2022-07-24T10:17:50.583Z INFO  client] Sending sample transaction 55
[2022-07-24T10:17:50.632Z INFO  client] Sending sample transaction 56
[2022-07-24T10:17:50.683Z INFO  client] Sending sample transaction 57
[2022-07-24T10:17:50.734Z INFO  client] Sending sample transaction 58
[2022-07-24T10:17:50.783Z INFO  client] Sending sample transaction 59
[2022-07-24T10:17:50.833Z INFO  client] Sending sample transaction 60
[2022-07-24T10:17:50.883Z INFO  client] Sending sample transaction 61
[2022-07-24T10:17:50.934Z INFO  client] Sending sample transaction 62
[2022-07-24T10:17:50.983Z INFO  client] Sending sample transaction 63
[2022-07-24T10:17:51.033Z INFO  client] Sending sample transaction 64
[2022-07-24T10:17:51.083Z INFO  client] Sending sample transaction 65
[2022-07-24T10:17:51.133Z INFO  client] Sending sample transaction 66
[2022-07-24T10:17:51.183Z INFO  client] Sending sample transaction 67
[2022-07-24T10:17:51.251Z INFO  client] Sending sample transaction 68
[2022-07-24T10:17:51.285Z INFO  client] Sending sample transaction 69
[2022-07-24T10:17:51.333Z INFO  client] Sending sample transaction 70
[2022-07-24T10:17:51.383Z INFO  client] Sending sample transaction 71
[2022-07-24T10:17:51.434Z INFO  client] Sending sample transaction 72
[2022-07-24T10:17:51.483Z INFO  client] Sending sample transaction 73
[2022-07-24T10:17:51.533Z INFO  client] Sending sample transaction 74
[2022-07-24T10:17:51.583Z INFO  client] Sending sample transaction 75
[2022-07-24T10:17:51.635Z INFO  client] Sending sample transaction 76
[2022-07-24T10:17:51.693Z INFO  client] Sending sample transaction 77
[2022-07-24T10:17:51.734Z INFO  client] Sending sample transaction 78
[2022-07-24T10:17:51.784Z INFO  client] Sending sample transaction 79
[2022-07-24T10:17:51.833Z INFO  client] Sending sample transaction 80
[2022-07-24T10:17:51.883Z INFO  client] Sending sample transaction 81
[2022-07-24T10:17:51.933Z INFO  client] Sending sample transaction 82
[2022-07-24T10:17:51.983Z INFO  client] Sending sample transaction 83
[2022-07-24T10:17:52.034Z INFO  client] Sending sample transaction 84
[2022-07-24T10:17:52.082Z INFO  client] Sending sample transaction 85
[2022-07-24T10:17:52.134Z INFO  client] Sending sample transaction 86
[2022-07-24T10:17:52.183Z INFO  client] Sending sample transaction 87
[2022-07-24T10:17:52.234Z INFO  client] Sending sample transaction 88
[2022-07-24T10:17:52.283Z INFO  client] Sending sample transaction 89
[2022-07-24T10:17:52.334Z INFO  client] Sending sample transaction 90
[2022-07-24T10:17:52.383Z INFO  client] Sending sample transaction 91
[2022-07-24T10:17:52.433Z INFO  client] Sending sample transaction 92
[2022-07-24T10:17:52.482Z INFO  client] Sending sample transaction 93
[2022-07-24T10:17:52.533Z INFO  client] Sending sample transaction 94
[2022-07-24T10:17:52.583Z INFO  client] Sending sample transaction 95
[2022-07-24T10:17:52.633Z INFO  client] Sending sample transaction 96
[2022-07-24T10:17:52.683Z INFO  client] Sending sample transaction 97
[2022-07-24T10:17:52.733Z INFO  client] Sending sample transaction 98
[2022-07-24T10:17:52.783Z INFO  client] Sending sample transaction 99
[2022-07-24T10:17:52.832Z INFO  client] Sending sample transaction 100
[2022-07-24T10:17:52.883Z INFO  client] Sending sample transaction 101
[2022-07-24T10:17:52.933Z INFO  client] Sending sample transaction 102
[2022-07-24T10:17:52.983Z INFO  client] Sending sample transaction 103
[2022-07-24T10:17:53.034Z INFO  client] Sending sample transaction 104
[2022-07-24T10:17:53.083Z INFO  client] Sending sample transaction 105
[2022-07-24T10:17:53.133Z INFO  client] Sending sample transaction 106
[2022-07-24T10:17:53.182Z INFO  client] Sending sample transaction 107
[2022-07-24T10:17:53.233Z INFO  client] Sending sample transaction 108
[2022-07-24T10:17:53.283Z INFO  client] Sending sample transaction 109
[2022-07-24T10:17:53.340Z INFO  client] Sending sample transaction 110
[2022-07-24T10:17:53.383Z INFO  client] Sending sample transaction 111
[2022-07-24T10:17:53.433Z INFO  client] Sending sample transaction 112
[2022-07-24T10:17:53.483Z INFO  client] Sending sample transaction 113
[2022-07-24T10:17:53.534Z INFO  client] Sending sample transaction 114
[2022-07-24T10:17:53.600Z INFO  client] Sending sample transaction 115
[2022-07-24T10:17:53.633Z INFO  client] Sending sample transaction 116
[2022-07-24T10:17:53.683Z INFO  client] Sending sample transaction 117
[2022-07-24T10:17:53.734Z INFO  client] Sending sample transaction 118
[2022-07-24T10:17:53.784Z INFO  client] Sending sample transaction 119
[2022-07-24T10:17:53.834Z INFO  client] Sending sample transaction 120
[2022-07-24T10:17:53.884Z INFO  client] Sending sample transaction 121
[2022-07-24T10:17:53.933Z INFO  client] Sending sample transaction 122
[2022-07-24T10:17:53.983Z INFO  client] Sending sample transaction 123
[2022-07-24T10:17:54.033Z INFO  client] Sending sample transaction 124
[2022-07-24T10:17:54.082Z INFO  client] Sending sample transaction 125
[2022-07-24T10:17:54.133Z INFO  client] Sending sample transaction 126
[2022-07-24T10:17:54.184Z INFO  client] Sending sample transaction 127
[2022-07-24T10:17:54.233Z INFO  client] Sending sample transaction 128
[2022-07-24T10:17:54.284Z INFO  client] Sending sample transaction 129
[2022-07-24T10:17:54.333Z INFO  client] Sending sample transaction 130
[2022-07-24T10:17:54.387Z INFO  client] Sending sample transaction 131
[2022-07-24T10:17:54.433Z INFO  client] Sending sample transaction 132
[2022-07-24T10:17:54.482Z INFO  client] Sending sample transaction 133
[2022-07-24T10:17:54.533Z INFO  client] Sending sample transaction 134
[2022-07-24T10:17:54.583Z INFO  client] Sending sample transaction 135
[2022-07-24T10:17:54.633Z INFO  client] Sending sample transaction 136
[2022-07-24T10:17:54.683Z INFO  client] Sending sample transaction 137
[2022-07-24T10:17:54.733Z INFO  client] Sending sample transaction 138
[2022-07-24T10:17:54.783Z INFO  client] Sending sample transaction 139
[2022-07-24T10:17:54.832Z INFO  client] Sending sample transaction 140
[2022-07-24T10:17:54.883Z INFO  client] Sending sample transaction 141
[2022-07-24T10:17:54.933Z INFO  client] Sending sample transaction 142
[2022-07-24T10:17:55.000Z INFO  client] Sending sample transaction 143
[2022-07-24T10:17:55.034Z INFO  client] Sending sample transaction 144
[2022-07-24T10:17:55.083Z INFO  client] Sending sample transaction 145
[2022-07-24T10:17:55.133Z INFO  client] Sending sample transaction 146
[2022-07-24T10:17:55.183Z INFO  client] Sending sample transaction 147
[2022-07-24T10:17:55.233Z INFO  client] Sending sample transaction 148
[2022-07-24T10:17:55.283Z INFO  client] Sending sample transaction 149
[2022-07-24T10:17:55.333Z INFO  client] Sending sample transaction 150
[2022-07-24T10:17:55.385Z INFO  client] Sending sample transaction 151
[2022-07-24T10:17:55.434Z INFO  client] Sending sample transaction 152
[2022-07-24T10:17:55.484Z INFO  client] Sending sample transaction 153
[2022-07-24T10:17:55.533Z INFO  client] Sending sample transaction 154
[2022-07-24T10:17:55.583Z INFO  client] Sending sample transaction 155
[2022-07-24T10:17:55.633Z INFO  client] Sending sample transaction 156
[2022-07-24T10:17:55.684Z INFO  client] Sending sample transaction 157
[2022-07-24T10:17:55.733Z INFO  client] Sending sample transaction 158
[2022-07-24T10:17:55.783Z INFO  client] Sending sample transaction 159
[2022-07-24T10:17:55.833Z INFO  client] Sending sample transaction 160
[2022-07-24T10:17:55.883Z INFO  client] Sending sample transaction 161
[2022-07-24T10:17:55.933Z INFO  client] Sending sample transaction 162
[2022-07-24T10:17:55.983Z INFO  client] Sending sample transaction 163
[2022-07-24T10:17:56.033Z INFO  client] Sending sample transaction 164
[2022-07-24T10:17:56.083Z INFO  client] Sending sample transaction 165
[2022-07-24T10:17:56.133Z INFO  client] Sending sample transaction 166
[2022-07-24T10:17:56.183Z INFO  client] Sending sample transaction 167
[2022-07-24T10:17:56.247Z INFO  client] Sending sample transaction 168
[2022-07-24T10:17:56.304Z INFO  client] Sending sample transaction 169
[2022-07-24T10:17:56.339Z INFO  client] Sending sample transaction 170
[2022-07-24T10:17:56.384Z INFO  client] Sending sample transaction 171
[2022-07-24T10:17:56.435Z INFO  client] Sending sample transaction 172
[2022-07-24T10:17:56.499Z INFO  client] Sending sample transaction 173
[2022-07-24T10:17:56.533Z INFO  client] Sending sample transaction 174
[2022-07-24T10:17:56.582Z INFO  client] Sending sample transaction 175
[2022-07-24T10:17:56.635Z INFO  client] Sending sample transaction 176
[2022-07-24T10:17:56.683Z INFO  client] Sending sample transaction 177
[2022-07-24T10:17:56.733Z INFO  client] Sending sample transaction 178
[2022-07-24T10:17:56.783Z INFO  client] Sending sample transaction 179
[2022-07-24T10:17:56.834Z INFO  client] Sending sample transaction 180
[2022-07-24T10:17:56.883Z INFO  client] Sending sample transaction 181
[2022-07-24T10:17:56.935Z INFO  client] Sending sample transaction 182
[2022-07-24T10:17:56.983Z INFO  client] Sending sample transaction 183
[2022-07-24T10:17:57.033Z INFO  client] Sending sample transaction 184
[2022-07-24T10:17:57.087Z INFO  client] Sending sample transaction 185
[2022-07-24T10:17:57.135Z INFO  client] Sending sample transaction 186
[2022-07-24T10:17:57.183Z INFO  client] Sending sample transaction 187
[2022-07-24T10:17:57.254Z INFO  client] Sending sample transaction 188
[2022-07-24T10:17:57.283Z INFO  client] Sending sample transaction 189
[2022-07-24T10:17:57.336Z INFO  client] Sending sample transaction 190
[2022-07-24T10:17:57.383Z INFO  client] Sending sample transaction 191
[2022-07-24T10:17:57.433Z INFO  client] Sending sample transaction 192
[2022-07-24T10:17:57.489Z INFO  client] Sending sample transaction 193
[2022-07-24T10:17:57.550Z INFO  client] Sending sample transaction 194
[2022-07-24T10:17:57.613Z INFO  client] Sending sample transaction 195
[2022-07-24T10:17:57.636Z INFO  client] Sending sample transaction 196
[2022-07-24T10:17:57.690Z INFO  client] Sending sample transaction 197
[2022-07-24T10:17:57.733Z INFO  client] Sending sample transaction 198
[2022-07-24T10:17:57.784Z INFO  client] Sending sample transaction 199
[2022-07-24T10:17:57.833Z INFO  client] Sending sample transaction 200
[2022-07-24T10:17:57.889Z INFO  client] Sending sample transaction 201
[2022-07-24T10:17:57.943Z INFO  client] Sending sample transaction 202
[2022-07-24T10:17:58.002Z INFO  client] Sending sample transaction 203
[2022-07-24T10:17:58.047Z INFO  client] Sending sample transaction 204
[2022-07-24T10:17:58.088Z INFO  client] Sending sample transaction 205
[2022-07-24T10:17:58.134Z INFO  client] Sending sample transaction 206
[2022-07-24T10:17:58.183Z INFO  client] Sending sample transaction 207
[2022-07-24T10:17:58.237Z INFO  client] Sending sample transaction 208
[2022-07-24T10:17:58.291Z INFO  client] Sending sample transaction 209
[2022-07-24T10:17:58.332Z INFO  client] Sending sample transaction 210
[2022-07-24T10:17:58.383Z INFO  client] Sending sample transaction 211
[2022-07-24T10:17:58.433Z INFO  client] Sending sample transaction 212
[2022-07-24T10:17:58.483Z INFO  client] Sending sample transaction 213
[2022-07-24T10:17:58.534Z INFO  client] Sending sample transaction 214
[2022-07-24T10:17:58.583Z INFO  client] Sending sample transaction 215
[2022-07-24T10:17:58.638Z INFO  client] Sending sample transaction 216
[2022-07-24T10:17:58.684Z INFO  client] Sending sample transaction 217
[2022-07-24T10:17:58.735Z INFO  client] Sending sample transaction 218
[2022-07-24T10:17:58.783Z INFO  client] Sending sample transaction 219
[2022-07-24T10:17:58.833Z INFO  client] Sending sample transaction 220
[2022-07-24T10:17:58.893Z INFO  client] Sending sample transaction 221
[2022-07-24T10:17:58.933Z INFO  client] Sending sample transaction 222
[2022-07-24T10:17:58.983Z INFO  client] Sending sample transaction 223
[2022-07-24T10:17:59.034Z INFO  client] Sending sample transaction 224
[2022-07-24T10:17:59.083Z INFO  client] Sending sample transaction 225
[2022-07-24T10:17:59.135Z INFO  client] Sending sample transaction 226
[2022-07-24T10:17:59.188Z INFO  client] Sending sample transaction 227
[2022-07-24T10:17:59.272Z INFO  client] Sending sample transaction 228
[2022-07-24T10:17:59.298Z INFO  client] Sending sample transaction 229
[2022-07-24T10:17:59.358Z INFO  client] Sending sample transaction 230
[2022-07-24T10:17:59.402Z INFO  client] Sending sample transaction 231
[2022-07-24T10:17:59.439Z INFO  client] Sending sample transaction 232
[2022-07-24T10:17:59.484Z INFO  client] Sending sample transaction 233
[2022-07-24T10:17:59.534Z INFO  client] Sending sample transaction 234
[2022-07-24T10:17:59.583Z INFO  client] Sending sample transaction 235
[2022-07-24T10:17:59.634Z INFO  client] Sending sample transaction 236
[2022-07-24T10:17:59.686Z INFO  client] Sending sample transaction 237
[2022-07-24T10:17:59.951Z INFO  client] Sending sample transaction 238
[2022-07-24T10:17:59.979Z INFO  client] Sending sample transaction 239
[2022-07-24T10:17:59.979Z INFO  client] Sending sample transaction 240
[2022-07-24T10:18:00.166Z INFO  client] Sending sample transaction 241
[2022-07-24T10:18:00.166Z WARN  client] Transaction rate too high for this client
[2022-07-24T10:18:00.166Z INFO  client] Sending sample transaction 242
[2022-07-24T10:18:00.167Z INFO  client] Sending sample transaction 243
[2022-07-24T10:18:00.167Z INFO  client] Sending sample transaction 244
[2022-07-24T10:18:00.285Z INFO  client] Sending sample transaction 245
[2022-07-24T10:18:00.386Z WARN  client] Transaction rate too high for this client
[2022-07-24T10:18:00.386Z INFO  client] Sending sample transaction 246
[2022-07-24T10:18:00.416Z INFO  client] Sending sample transaction 247
[2022-07-24T10:18:00.503Z INFO  client] Sending sample transaction 248
[2022-07-24T10:18:00.546Z INFO  client] Sending sample transaction 249
[2022-07-24T10:18:00.546Z INFO  client] Sending sample transaction 250
[2022-07-24T10:18:00.580Z INFO  client] Sending sample transaction 251
[2022-07-24T10:18:00.632Z WARN  client] Transaction rate too high for this client
[2022-07-24T10:18:00.674Z INFO  client] Sending sample transaction 252
[2022-07-24T10:18:00.739Z INFO  client] Sending sample transaction 253
[2022-07-24T10:18:00.779Z WARN  client] Transaction rate too high for this client
[2022-07-24T10:18:00.818Z INFO  client] Sending sample transaction 254
[2022-07-24T10:18:00.818Z INFO  client] Sending sample transaction 255
[2022-07-24T10:18:00.896Z WARN  client] Transaction rate too high for this client
[2022-07-24T10:18:00.896Z INFO  client] Sending sample transaction 256
[2022-07-24T10:18:00.958Z WARN  client] Transaction rate too high for this client
[2022-07-24T10:18:00.959Z INFO  client] Sending sample transaction 257
[2022-07-24T10:18:00.959Z INFO  client] Sending sample transaction 258
[2022-07-24T10:18:00.960Z INFO  client] Sending sample transaction 259
[2022-07-24T10:18:00.960Z INFO  client] Sending sample transaction 260
[2022-07-24T10:18:00.960Z INFO  client] Sending sample transaction 261
[2022-07-24T10:18:00.961Z INFO  client] Sending sample transaction 262
[2022-07-24T10:18:01.094Z INFO  client] Sending sample transaction 263
[2022-07-24T10:18:01.212Z WARN  client] Transaction rate too high for this client
[2022-07-24T10:18:01.503Z INFO  client] Sending sample transaction 264
[2022-07-24T10:18:01.503Z WARN  client] Transaction rate too high for this client
[2022-07-24T10:18:01.504Z INFO  client] Sending sample transaction 265
[2022-07-24T10:18:01.579Z WARN  client] Transaction rate too high for this client
[2022-07-24T10:18:01.580Z INFO  client] Sending sample transaction 266
[2022-07-24T10:18:01.727Z WARN  client] Transaction rate too high for this client
[2022-07-24T10:18:01.727Z INFO  client] Sending sample transaction 267
[2022-07-24T10:18:01.775Z INFO  client] Sending sample transaction 268
[2022-07-24T10:18:02.011Z INFO  client] Sending sample transaction 269
[2022-07-24T10:18:02.011Z WARN  client] Transaction rate too high for this client
[2022-07-24T10:18:02.012Z INFO  client] Sending sample transaction 270
[2022-07-24T10:18:02.012Z INFO  client] Sending sample transaction 271
[2022-07-24T10:18:02.013Z INFO  client] Sending sample transaction 272
[2022-07-24T10:18:02.013Z INFO  client] Sending sample transaction 273
[2022-07-24T10:18:02.014Z INFO  client] Sending sample transaction 274
[2022-07-24T10:18:02.014Z INFO  client] Sending sample transaction 275
[2022-07-24T10:18:02.072Z INFO  client] Sending sample transaction 276
[2022-07-24T10:18:02.136Z WARN  client] Transaction rate too high for this client
[2022-07-24T10:18:02.137Z INFO  client] Sending sample transaction 277
[2022-07-24T10:18:02.137Z INFO  client] Sending sample transaction 278
[2022-07-24T10:18:02.137Z INFO  client] Sending sample transaction 279
[2022-07-24T10:18:02.137Z INFO  client] Sending sample transaction 280
[2022-07-24T10:18:02.321Z INFO  client] Sending sample transaction 281
[2022-07-24T10:18:02.431Z WARN  client] Transaction rate too high for this client
[2022-07-24T10:18:02.482Z INFO  client] Sending sample transaction 282
[2022-07-24T10:18:02.574Z WARN  client] Transaction rate too high for this client
[2022-07-24T10:18:02.602Z INFO  client] Sending sample transaction 283
[2022-07-24T10:18:02.722Z WARN  client] Transaction rate too high for this client
[2022-07-24T10:18:02.722Z INFO  client] Sending sample transaction 284
[2022-07-24T10:18:02.722Z INFO  client] Sending sample transaction 285
[2022-07-24T10:18:02.785Z WARN  client] Transaction rate too high for this client
[2022-07-24T10:18:02.785Z INFO  client] Sending sample transaction 286
[2022-07-24T10:18:02.863Z WARN  client] Transaction rate too high for this client
[2022-07-24T10:18:02.936Z INFO  client] Sending sample transaction 287
[2022-07-24T10:18:03.048Z WARN  client] Transaction rate too high for this client
[2022-07-24T10:18:03.049Z INFO  client] Sending sample transaction 288
[2022-07-24T10:18:03.220Z INFO  client] Sending sample transaction 289
[2022-07-24T10:18:03.221Z INFO  client] Sending sample transaction 290
[2022-07-24T10:18:03.299Z WARN  client] Transaction rate too high for this client
[2022-07-24T10:18:03.299Z INFO  client] Sending sample transaction 291
[2022-07-24T10:18:03.299Z INFO  client] Sending sample transaction 292
[2022-07-24T10:18:03.299Z INFO  client] Sending sample transaction 293
[2022-07-24T10:18:03.299Z INFO  client] Sending sample transaction 294
[2022-07-24T10:18:03.299Z INFO  client] Sending sample transaction 295
[2022-07-24T10:18:03.299Z INFO  client] Sending sample transaction 296
[2022-07-24T10:18:03.300Z INFO  client] Sending sample transaction 297
[2022-07-24T10:18:03.300Z INFO  client] Sending sample transaction 298
[2022-07-24T10:18:03.300Z INFO  client] Sending sample transaction 299
[2022-07-24T10:18:03.300Z INFO  client] Sending sample transaction 300
[2022-07-24T10:18:03.300Z INFO  client] Sending sample transaction 301
[2022-07-24T10:18:03.300Z INFO  client] Sending sample transaction 302
[2022-07-24T10:18:03.300Z INFO  client] Sending sample transaction 303
[2022-07-24T10:18:03.300Z INFO  client] Sending sample transaction 304
[2022-07-24T10:18:03.300Z INFO  client] Sending sample transaction 305
[2022-07-24T10:18:03.460Z INFO  client] Sending sample transaction 306
[2022-07-24T10:18:03.460Z INFO  client] Sending sample transaction 307
[2022-07-24T10:18:03.462Z INFO  client] Sending sample transaction 308
[2022-07-24T10:18:03.465Z INFO  client] Sending sample transaction 309
[2022-07-24T10:18:03.571Z WARN  client] Transaction rate too high for this client
[2022-07-24T10:18:03.571Z INFO  client] Sending sample transaction 310
[2022-07-24T10:18:03.907Z INFO  client] Sending sample transaction 311
[2022-07-24T10:18:04.046Z WARN  client] Transaction rate too high for this client
[2022-07-24T10:18:04.047Z INFO  client] Sending sample transaction 312
[2022-07-24T10:18:04.047Z INFO  client] Sending sample transaction 313
[2022-07-24T10:18:04.047Z INFO  client] Sending sample transaction 314
[2022-07-24T10:18:04.047Z INFO  client] Sending sample transaction 315
[2022-07-24T10:18:04.047Z INFO  client] Sending sample transaction 316
[2022-07-24T10:18:04.048Z INFO  client] Sending sample transaction 317
[2022-07-24T10:18:04.173Z WARN  client] Transaction rate too high for this client
[2022-07-24T10:18:04.273Z INFO  client] Sending sample transaction 318
[2022-07-24T10:18:04.273Z WARN  client] Transaction rate too high for this client
[2022-07-24T10:18:04.273Z INFO  client] Sending sample transaction 319
[2022-07-24T10:18:04.273Z INFO  client] Sending sample transaction 320
[2022-07-24T10:18:04.273Z INFO  client] Sending sample transaction 321
[2022-07-24T10:18:04.274Z INFO  client] Sending sample transaction 322
[2022-07-24T10:18:04.274Z INFO  client] Sending sample transaction 323
[2022-07-24T10:18:04.274Z INFO  client] Sending sample transaction 324
[2022-07-24T10:18:04.275Z INFO  client] Sending sample transaction 325
[2022-07-24T10:18:04.275Z INFO  client] Sending sample transaction 326
[2022-07-24T10:18:04.433Z INFO  client] Sending sample transaction 327
[2022-07-24T10:18:04.531Z INFO  client] Sending sample transaction 328
[2022-07-24T10:18:04.531Z WARN  client] Transaction rate too high for this client
[2022-07-24T10:18:04.531Z INFO  client] Sending sample transaction 329
[2022-07-24T10:18:04.531Z INFO  client] Sending sample transaction 330
[2022-07-24T10:18:04.723Z INFO  client] Sending sample transaction 331
[2022-07-24T10:18:04.723Z INFO  client] Sending sample transaction 332
[2022-07-24T10:18:04.723Z INFO  client] Sending sample transaction 333
[2022-07-24T10:18:04.723Z INFO  client] Sending sample transaction 334
[2022-07-24T10:18:04.723Z INFO  client] Sending sample transaction 335
[2022-07-24T10:18:04.855Z INFO  client] Sending sample transaction 336
[2022-07-24T10:18:04.856Z INFO  client] Sending sample transaction 337
[2022-07-24T10:18:04.856Z INFO  client] Sending sample transaction 338
[2022-07-24T10:18:04.857Z INFO  client] Sending sample transaction 339
[2022-07-24T10:18:04.949Z INFO  client] Sending sample transaction 340
[2022-07-24T10:18:04.953Z INFO  client] Sending sample transaction 341
[2022-07-24T10:18:05.055Z INFO  client] Sending sample transaction 342
[2022-07-24T10:18:05.055Z INFO  client] Sending sample transaction 343
[2022-07-24T10:18:05.137Z INFO  client] Sending sample transaction 344
[2022-07-24T10:18:05.137Z INFO  client] Sending sample transaction 345
[2022-07-24T10:18:05.213Z INFO  client] Sending sample transaction 346
[2022-07-24T10:18:05.270Z INFO  client] Sending sample transaction 347
[2022-07-24T10:18:05.270Z INFO  client] Sending sample transaction 348
[2022-07-24T10:18:05.333Z INFO  client] Sending sample transaction 349
[2022-07-24T10:18:05.411Z INFO  client] Sending sample transaction 350
[2022-07-24T10:18:05.460Z INFO  client] Sending sample transaction 351
[2022-07-24T10:18:05.524Z INFO  client] Sending sample transaction 352
[2022-07-24T10:18:05.524Z INFO  client] Sending sample transaction 353
[2022-07-24T10:18:05.568Z INFO  client] Sending sample transaction 354
[2022-07-24T10:18:05.653Z INFO  client] Sending sample transaction 355
[2022-07-24T10:18:05.747Z WARN  client] Transaction rate too high for this client
[2022-07-24T10:18:05.747Z INFO  client] Sending sample transaction 356
[2022-07-24T10:18:05.812Z WARN  client] Transaction rate too high for this client
[2022-07-24T10:18:05.812Z INFO  client] Sending sample transaction 357
[2022-07-24T10:18:05.813Z INFO  client] Sending sample transaction 358
[2022-07-24T10:18:05.919Z INFO  client] Sending sample transaction 359
[2022-07-24T10:18:05.919Z INFO  client] Sending sample transaction 360
[2022-07-24T10:18:06.025Z INFO  client] Sending sample transaction 361
[2022-07-24T10:18:06.053Z INFO  client] Sending sample transaction 362
[2022-07-24T10:18:06.098Z INFO  client] Sending sample transaction 363
[2022-07-24T10:18:06.099Z INFO  client] Sending sample transaction 364
[2022-07-24T10:18:06.099Z INFO  client] Sending sample transaction 365
[2022-07-24T10:18:06.179Z INFO  client] Sending sample transaction 366
[2022-07-24T10:18:06.218Z INFO  client] Sending sample transaction 367
[2022-07-24T10:18:06.256Z INFO  client] Sending sample transaction 368
[2022-07-24T10:18:06.339Z INFO  client] Sending sample transaction 369
[2022-07-24T10:18:06.379Z INFO  client] Sending sample transaction 370
[2022-07-24T10:18:06.429Z INFO  client] Sending sample transaction 371
[2022-07-24T10:18:06.474Z INFO  client] Sending sample transaction 372
[2022-07-24T10:18:06.547Z INFO  client] Sending sample transaction 373
[2022-07-24T10:18:06.564Z INFO  client] Sending sample transaction 374
[2022-07-24T10:18:06.645Z INFO  client] Sending sample transaction 375
[2022-07-24T10:18:06.712Z INFO  client] Sending sample transaction 376
[2022-07-24T10:18:06.713Z INFO  client] Sending sample transaction 377
[2022-07-24T10:18:06.766Z INFO  client] Sending sample transaction 378
[2022-07-24T10:18:06.872Z INFO  client] Sending sample transaction 379
[2022-07-24T10:18:06.972Z INFO  client] Sending sample transaction 380
[2022-07-24T10:18:07.106Z WARN  client] Transaction rate too high for this client
[2022-07-24T10:18:07.106Z INFO  client] Sending sample transaction 381
[2022-07-24T10:18:07.309Z INFO  client] Sending sample transaction 382
[2022-07-24T10:18:07.310Z INFO  client] Sending sample transaction 383
[2022-07-24T10:18:07.456Z INFO  client] Sending sample transaction 384
[2022-07-24T10:18:07.456Z WARN  client] Transaction rate too high for this client
[2022-07-24T10:18:07.456Z INFO  client] Sending sample transaction 385
[2022-07-24T10:18:07.525Z WARN  client] Transaction rate too high for this client
[2022-07-24T10:18:07.526Z INFO  client] Sending sample transaction 386
[2022-07-24T10:18:07.574Z INFO  client] Sending sample transaction 387
[2022-07-24T10:18:07.649Z INFO  client] Sending sample transaction 388
[2022-07-24T10:18:07.649Z INFO  client] Sending sample transaction 389
[2022-07-24T10:18:07.649Z INFO  client] Sending sample transaction 390
[2022-07-24T10:18:07.649Z INFO  client] Sending sample transaction 391
[2022-07-24T10:18:07.650Z INFO  client] Sending sample transaction 392
[2022-07-24T10:18:07.650Z INFO  client] Sending sample transaction 393
[2022-07-24T10:18:07.650Z INFO  client] Sending sample transaction 394
[2022-07-24T10:18:07.650Z INFO  client] Sending sample transaction 395
[2022-07-24T10:18:07.753Z INFO  client] Sending sample transaction 396
[2022-07-24T10:18:07.754Z INFO  client] Sending sample transaction 397
[2022-07-24T10:18:07.838Z WARN  client] Transaction rate too high for this client
[2022-07-24T10:18:07.879Z INFO  client] Sending sample transaction 398
[2022-07-24T10:18:07.916Z INFO  client] Sending sample transaction 399
[2022-07-24T10:18:07.916Z INFO  client] Sending sample transaction 400
[2022-07-24T10:18:07.917Z INFO  client] Sending sample transaction 401
[2022-07-24T10:18:08.007Z INFO  client] Sending sample transaction 402
[2022-07-24T10:18:08.075Z INFO  client] Sending sample transaction 403
[2022-07-24T10:18:08.093Z WARN  client] Transaction rate too high for this client
[2022-07-24T10:18:08.093Z INFO  client] Sending sample transaction 404
[2022-07-24T10:18:08.114Z INFO  client] Sending sample transaction 405
[2022-07-24T10:18:08.146Z INFO  client] Sending sample transaction 406
[2022-07-24T10:18:08.195Z INFO  client] Sending sample transaction 407
[2022-07-24T10:18:08.250Z INFO  client] Sending sample transaction 408
[2022-07-24T10:18:08.287Z INFO  client] Sending sample transaction 409
[2022-07-24T10:18:08.337Z INFO  client] Sending sample transaction 410
[2022-07-24T10:18:08.409Z INFO  client] Sending sample transaction 411
[2022-07-24T10:18:08.468Z INFO  client] Sending sample transaction 412
[2022-07-24T10:18:08.483Z INFO  client] Sending sample transaction 413
[2022-07-24T10:18:08.534Z INFO  client] Sending sample transaction 414
[2022-07-24T10:18:08.623Z INFO  client] Sending sample transaction 415
[2022-07-24T10:18:08.698Z INFO  client] Sending sample transaction 416
[2022-07-24T10:18:08.829Z INFO  client] Sending sample transaction 417
[2022-07-24T10:18:08.829Z INFO  client] Sending sample transaction 418
[2022-07-24T10:18:08.958Z INFO  client] Sending sample transaction 419
[2022-07-24T10:18:08.960Z WARN  client] Transaction rate too high for this client
[2022-07-24T10:18:08.960Z INFO  client] Sending sample transaction 420
[2022-07-24T10:18:09.049Z INFO  client] Sending sample transaction 421
[2022-07-24T10:18:09.050Z INFO  client] Sending sample transaction 422
[2022-07-24T10:18:09.050Z INFO  client] Sending sample transaction 423
[2022-07-24T10:18:09.109Z INFO  client] Sending sample transaction 424
[2022-07-24T10:18:09.109Z INFO  client] Sending sample transaction 425
[2022-07-24T10:18:09.181Z INFO  client] Sending sample transaction 426
[2022-07-24T10:18:09.307Z INFO  client] Sending sample transaction 427
[2022-07-24T10:18:09.308Z INFO  client] Sending sample transaction 428
[2022-07-24T10:18:09.308Z INFO  client] Sending sample transaction 429
[2022-07-24T10:18:09.390Z INFO  client] Sending sample transaction 430
[2022-07-24T10:18:09.481Z WARN  client] Transaction rate too high for this client
[2022-07-24T10:18:09.482Z INFO  client] Sending sample transaction 431
[2022-07-24T10:18:09.484Z INFO  client] Sending sample transaction 432
[2022-07-24T10:18:09.540Z INFO  client] Sending sample transaction 433
[2022-07-24T10:18:09.590Z INFO  client] Sending sample transaction 434
[2022-07-24T10:18:09.630Z INFO  client] Sending sample transaction 435
[2022-07-24T10:18:09.651Z INFO  client] Sending sample transaction 436
[2022-07-24T10:18:09.683Z INFO  client] Sending sample transaction 437
[2022-07-24T10:18:09.766Z INFO  client] Sending sample transaction 438
[2022-07-24T10:18:09.795Z INFO  client] Sending sample transaction 439
[2022-07-24T10:18:09.842Z INFO  client] Sending sample transaction 440
[2022-07-24T10:18:09.903Z INFO  client] Sending sample transaction 441
[2022-07-24T10:18:09.967Z INFO  client] Sending sample transaction 442
[2022-07-24T10:18:10.014Z INFO  client] Sending sample transaction 443
[2022-07-24T10:18:10.100Z INFO  client] Sending sample transaction 444
[2022-07-24T10:18:10.133Z INFO  client] Sending sample transaction 445
[2022-07-24T10:18:10.170Z INFO  client] Sending sample transaction 446
[2022-07-24T10:18:10.200Z INFO  client] Sending sample transaction 447
[2022-07-24T10:18:10.255Z INFO  client] Sending sample transaction 448
[2022-07-24T10:18:10.328Z INFO  client] Sending sample transaction 449
[2022-07-24T10:18:10.368Z INFO  client] Sending sample transaction 450
[2022-07-24T10:18:10.388Z INFO  client] Sending sample transaction 451
[2022-07-24T10:18:10.452Z INFO  client] Sending sample transaction 452
[2022-07-24T10:18:10.497Z INFO  client] Sending sample transaction 453
[2022-07-24T10:18:10.556Z INFO  client] Sending sample transaction 454
[2022-07-24T10:18:10.596Z INFO  client] Sending sample transaction 455
[2022-07-24T10:18:10.654Z INFO  client] Sending sample transaction 456
[2022-07-24T10:18:10.688Z INFO  client] Sending sample transaction 457
[2022-07-24T10:18:10.758Z INFO  client] Sending sample transaction 458
[2022-07-24T10:18:10.803Z INFO  client] Sending sample transaction 459
[2022-07-24T10:18:10.886Z INFO  client] Sending sample transaction 460
[2022-07-24T10:18:10.886Z INFO  client] Sending sample transaction 461
[2022-07-24T10:18:11.129Z INFO  client] Sending sample transaction 462
[2022-07-24T10:18:11.129Z INFO  client] Sending sample transaction 463
[2022-07-24T10:18:11.129Z INFO  client] Sending sample transaction 464
[2022-07-24T10:18:11.129Z INFO  client] Sending sample transaction 465
[2022-07-24T10:18:11.195Z INFO  client] Sending sample transaction 466
[2022-07-24T10:18:11.195Z INFO  client] Sending sample transaction 467
[2022-07-24T10:18:11.281Z INFO  client] Sending sample transaction 468
[2022-07-24T10:18:11.308Z INFO  client] Sending sample transaction 469
[2022-07-24T10:18:11.352Z INFO  client] Sending sample transaction 470
[2022-07-24T10:18:11.383Z INFO  client] Sending sample transaction 471
[2022-07-24T10:18:11.457Z INFO  client] Sending sample transaction 472
[2022-07-24T10:18:11.496Z INFO  client] Sending sample transaction 473
[2022-07-24T10:18:11.549Z INFO  client] Sending sample transaction 474
[2022-07-24T10:18:11.593Z INFO  client] Sending sample transaction 475
[2022-07-24T10:18:11.666Z INFO  client] Sending sample transaction 476
[2022-07-24T10:18:11.714Z INFO  client] Sending sample transaction 477
[2022-07-24T10:18:11.733Z INFO  client] Sending sample transaction 478
[2022-07-24T10:18:11.797Z INFO  client] Sending sample transaction 479
[2022-07-24T10:18:11.844Z INFO  client] Sending sample transaction 480
[2022-07-24T10:18:11.905Z INFO  client] Sending sample transaction 481
[2022-07-24T10:18:11.952Z INFO  client] Sending sample transaction 482
[2022-07-24T10:18:12.003Z INFO  client] Sending sample transaction 483
[2022-07-24T10:18:12.066Z INFO  client] Sending sample transaction 484
[2022-07-24T10:18:12.089Z INFO  client] Sending sample transaction 485
[2022-07-24T10:18:12.137Z INFO  client] Sending sample transaction 486
[2022-07-24T10:18:12.206Z INFO  client] Sending sample transaction 487
[2022-07-24T10:18:12.245Z INFO  client] Sending sample transaction 488
[2022-07-24T10:18:12.305Z INFO  client] Sending sample transaction 489
[2022-07-24T10:18:12.352Z INFO  client] Sending sample transaction 490
