[2022-07-23T11:33:52.036Z INFO  client] Node address: 127.0.0.1:9016
[2022-07-23T11:33:52.036Z INFO  client] Transactions size: 512 B
[2022-07-23T11:33:52.036Z INFO  client] Transactions rate: 112 tx/s
[2022-07-23T11:33:52.036Z INFO  client] Waiting for all nodes to be online...
[2022-07-23T11:33:52.036Z INFO  client] Waiting for all nodes to be synchronized...
[2022-07-23T11:33:54.043Z INFO  client] Start sending transactions
[2022-07-23T11:33:54.045Z INFO  client] Sending sample transaction 0
[2022-07-23T11:33:54.096Z INFO  client] Sending sample transaction 1
[2022-07-23T11:33:54.145Z INFO  client] Sending sample transaction 2
[2022-07-23T11:33:54.195Z INFO  client] Sending sample transaction 3
[2022-07-23T11:33:54.245Z INFO  client] Sending sample transaction 4
[2022-07-23T11:33:54.295Z INFO  client] Sending sample transaction 5
[2022-07-23T11:33:54.345Z INFO  client] Sending sample transaction 6
[2022-07-23T11:33:54.395Z INFO  client] Sending sample transaction 7
[2022-07-23T11:33:54.445Z INFO  client] Sending sample transaction 8
[2022-07-23T11:33:54.495Z INFO  client] Sending sample transaction 9
[2022-07-23T11:33:54.545Z INFO  client] Sending sample transaction 10
[2022-07-23T11:33:54.594Z INFO  client] Sending sample transaction 11
[2022-07-23T11:33:54.645Z INFO  client] Sending sample transaction 12
[2022-07-23T11:33:54.695Z INFO  client] Sending sample transaction 13
[2022-07-23T11:33:54.746Z INFO  client] Sending sample transaction 14
[2022-07-23T11:33:54.795Z INFO  client] Sending sample transaction 15
[2022-07-23T11:33:54.844Z INFO  client] Sending sample transaction 16
[2022-07-23T11:33:54.898Z INFO  client] Sending sample transaction 17
[2022-07-23T11:33:54.948Z INFO  client] Sending sample transaction 18
[2022-07-23T11:33:54.995Z INFO  client] Sending sample transaction 19
[2022-07-23T11:33:55.044Z INFO  client] Sending sample transaction 20
[2022-07-23T11:33:55.094Z INFO  client] Sending sample transaction 21
[2022-07-23T11:33:55.145Z INFO  client] Sending sample transaction 22
[2022-07-23T11:33:55.195Z INFO  client] Sending sample transaction 23
[2022-07-23T11:33:55.245Z INFO  client] Sending sample transaction 24
[2022-07-23T11:33:55.295Z INFO  client] Sending sample transaction 25
[2022-07-23T11:33:55.345Z INFO  client] Sending sample transaction 26
[2022-07-23T11:33:55.395Z INFO  client] Sending sample transaction 27
[2022-07-23T11:33:55.446Z INFO  client] Sending sample transaction 28
[2022-07-23T11:33:55.496Z INFO  client] Sending sample transaction 29
[2022-07-23T11:33:55.545Z INFO  client] Sending sample transaction 30
[2022-07-23T11:33:55.595Z INFO  client] Sending sample transaction 31
[2022-07-23T11:33:55.645Z INFO  client] Sending sample transaction 32
[2022-07-23T11:33:55.696Z INFO  client] Sending sample transaction 33
[2022-07-23T11:33:55.745Z INFO  client] Sending sample transaction 34
[2022-07-23T11:33:55.795Z INFO  client] Sending sample transaction 35
[2022-07-23T11:33:55.845Z INFO  client] Sending sample transaction 36
[2022-07-23T11:33:55.896Z INFO  client] Sending sample transaction 37
[2022-07-23T11:33:55.945Z INFO  client] Sending sample transaction 38
[2022-07-23T11:33:55.995Z INFO  client] Sending sample transaction 39
[2022-07-23T11:33:56.044Z INFO  client] Sending sample transaction 40
[2022-07-23T11:33:56.095Z INFO  client] Sending sample transaction 41
[2022-07-23T11:33:56.145Z INFO  client] Sending sample transaction 42
[2022-07-23T11:33:56.196Z INFO  client] Sending sample transaction 43
[2022-07-23T11:33:56.244Z INFO  client] Sending sample transaction 44
[2022-07-23T11:33:56.295Z INFO  client] Sending sample transaction 45
[2022-07-23T11:33:56.344Z INFO  client] Sending sample transaction 46
[2022-07-23T11:33:56.394Z INFO  client] Sending sample transaction 47
[2022-07-23T11:33:56.445Z INFO  client] Sending sample transaction 48
[2022-07-23T11:33:56.494Z INFO  client] Sending sample transaction 49
[2022-07-23T11:33:56.544Z INFO  client] Sending sample transaction 50
[2022-07-23T11:33:56.594Z INFO  client] Sending sample transaction 51
[2022-07-23T11:33:56.645Z INFO  client] Sending sample transaction 52
[2022-07-23T11:33:56.695Z INFO  client] Sending sample transaction 53
[2022-07-23T11:33:56.746Z INFO  client] Sending sample transaction 54
[2022-07-23T11:33:56.795Z INFO  client] Sending sample transaction 55
[2022-07-23T11:33:56.844Z INFO  client] Sending sample transaction 56
[2022-07-23T11:33:56.895Z INFO  client] Sending sample transaction 57
[2022-07-23T11:33:56.945Z INFO  client] Sending sample transaction 58
[2022-07-23T11:33:56.996Z INFO  client] Sending sample transaction 59
[2022-07-23T11:33:57.048Z INFO  client] Sending sample transaction 60
[2022-07-23T11:33:57.094Z INFO  client] Sending sample transaction 61
[2022-07-23T11:33:57.145Z INFO  client] Sending sample transaction 62
[2022-07-23T11:33:57.195Z INFO  client] Sending sample transaction 63
[2022-07-23T11:33:57.245Z INFO  client] Sending sample transaction 64
[2022-07-23T11:33:57.295Z INFO  client] Sending sample transaction 65
[2022-07-23T11:33:57.344Z INFO  client] Sending sample transaction 66
[2022-07-23T11:33:57.395Z INFO  client] Sending sample transaction 67
[2022-07-23T11:33:57.445Z INFO  client] Sending sample transaction 68
[2022-07-23T11:33:57.495Z INFO  client] Sending sample transaction 69
[2022-07-23T11:33:57.545Z INFO  client] Sending sample transaction 70
[2022-07-23T11:33:57.595Z INFO  client] Sending sample transaction 71
[2022-07-23T11:33:57.645Z INFO  client] Sending sample transaction 72
[2022-07-23T11:33:57.695Z INFO  client] Sending sample transaction 73
[2022-07-23T11:33:57.745Z INFO  client] Sending sample transaction 74
[2022-07-23T11:33:57.794Z INFO  client] Sending sample transaction 75
[2022-07-23T11:33:57.844Z INFO  client] Sending sample transaction 76
[2022-07-23T11:33:57.895Z INFO  client] Sending sample transaction 77
[2022-07-23T11:33:57.944Z INFO  client] Sending sample transaction 78
[2022-07-23T11:33:57.994Z INFO  client] Sending sample transaction 79
[2022-07-23T11:33:58.045Z INFO  client] Sending sample transaction 80
[2022-07-23T11:33:58.095Z INFO  client] Sending sample transaction 81
[2022-07-23T11:33:58.145Z INFO  client] Sending sample transaction 82
[2022-07-23T11:33:58.196Z INFO  client] Sending sample transaction 83
[2022-07-23T11:33:58.244Z INFO  client] Sending sample transaction 84
[2022-07-23T11:33:58.294Z INFO  client] Sending sample transaction 85
[2022-07-23T11:33:58.344Z INFO  client] Sending sample transaction 86
[2022-07-23T11:33:58.394Z INFO  client] Sending sample transaction 87
[2022-07-23T11:33:58.445Z INFO  client] Sending sample transaction 88
[2022-07-23T11:33:58.494Z INFO  client] Sending sample transaction 89
[2022-07-23T11:33:58.544Z INFO  client] Sending sample transaction 90
[2022-07-23T11:33:58.594Z INFO  client] Sending sample transaction 91
[2022-07-23T11:33:58.644Z INFO  client] Sending sample transaction 92
[2022-07-23T11:33:58.695Z INFO  client] Sending sample transaction 93
[2022-07-23T11:33:58.746Z INFO  client] Sending sample transaction 94
[2022-07-23T11:33:58.795Z INFO  client] Sending sample transaction 95
[2022-07-23T11:33:58.844Z INFO  client] Sending sample transaction 96
[2022-07-23T11:33:58.895Z INFO  client] Sending sample transaction 97
[2022-07-23T11:33:58.945Z INFO  client] Sending sample transaction 98
[2022-07-23T11:33:58.994Z INFO  client] Sending sample transaction 99
[2022-07-23T11:33:59.045Z INFO  client] Sending sample transaction 100
[2022-07-23T11:33:59.097Z INFO  client] Sending sample transaction 101
[2022-07-23T11:33:59.144Z INFO  client] Sending sample transaction 102
[2022-07-23T11:33:59.195Z INFO  client] Sending sample transaction 103
[2022-07-23T11:33:59.244Z INFO  client] Sending sample transaction 104
[2022-07-23T11:33:59.296Z INFO  client] Sending sample transaction 105
[2022-07-23T11:33:59.345Z INFO  client] Sending sample transaction 106
[2022-07-23T11:33:59.394Z INFO  client] Sending sample transaction 107
[2022-07-23T11:33:59.445Z INFO  client] Sending sample transaction 108
[2022-07-23T11:33:59.496Z INFO  client] Sending sample transaction 109
[2022-07-23T11:33:59.545Z INFO  client] Sending sample transaction 110
[2022-07-23T11:33:59.595Z INFO  client] Sending sample transaction 111
[2022-07-23T11:33:59.645Z INFO  client] Sending sample transaction 112
[2022-07-23T11:33:59.695Z INFO  client] Sending sample transaction 113
[2022-07-23T11:33:59.745Z INFO  client] Sending sample transaction 114
[2022-07-23T11:33:59.794Z INFO  client] Sending sample transaction 115
[2022-07-23T11:33:59.844Z INFO  client] Sending sample transaction 116
[2022-07-23T11:33:59.895Z INFO  client] Sending sample transaction 117
[2022-07-23T11:33:59.946Z INFO  client] Sending sample transaction 118
[2022-07-23T11:33:59.995Z INFO  client] Sending sample transaction 119
[2022-07-23T11:34:00.045Z INFO  client] Sending sample transaction 120
[2022-07-23T11:34:00.095Z INFO  client] Sending sample transaction 121
[2022-07-23T11:34:00.145Z INFO  client] Sending sample transaction 122
[2022-07-23T11:34:00.195Z INFO  client] Sending sample transaction 123
[2022-07-23T11:34:00.245Z INFO  client] Sending sample transaction 124
[2022-07-23T11:34:00.294Z INFO  client] Sending sample transaction 125
[2022-07-23T11:34:00.345Z INFO  client] Sending sample transaction 126
[2022-07-23T11:34:00.395Z INFO  client] Sending sample transaction 127
[2022-07-23T11:34:00.445Z INFO  client] Sending sample transaction 128
[2022-07-23T11:34:00.495Z INFO  client] Sending sample transaction 129
[2022-07-23T11:34:00.545Z INFO  client] Sending sample transaction 130
[2022-07-23T11:34:00.595Z INFO  client] Sending sample transaction 131
[2022-07-23T11:34:00.644Z INFO  client] Sending sample transaction 132
[2022-07-23T11:34:00.695Z INFO  client] Sending sample transaction 133
[2022-07-23T11:34:00.745Z INFO  client] Sending sample transaction 134
[2022-07-23T11:34:00.794Z INFO  client] Sending sample transaction 135
[2022-07-23T11:34:00.845Z INFO  client] Sending sample transaction 136
[2022-07-23T11:34:00.895Z INFO  client] Sending sample transaction 137
[2022-07-23T11:34:00.945Z INFO  client] Sending sample transaction 138
[2022-07-23T11:34:00.995Z INFO  client] Sending sample transaction 139
[2022-07-23T11:34:01.045Z INFO  client] Sending sample transaction 140
[2022-07-23T11:34:01.094Z INFO  client] Sending sample transaction 141
[2022-07-23T11:34:01.144Z INFO  client] Sending sample transaction 142
[2022-07-23T11:34:01.195Z INFO  client] Sending sample transaction 143
[2022-07-23T11:34:01.244Z INFO  client] Sending sample transaction 144
[2022-07-23T11:34:01.294Z INFO  client] Sending sample transaction 145
[2022-07-23T11:34:01.345Z INFO  client] Sending sample transaction 146
[2022-07-23T11:34:01.394Z INFO  client] Sending sample transaction 147
[2022-07-23T11:34:01.445Z INFO  client] Sending sample transaction 148
[2022-07-23T11:34:01.495Z INFO  client] Sending sample transaction 149
[2022-07-23T11:34:01.545Z INFO  client] Sending sample transaction 150
[2022-07-23T11:34:01.594Z INFO  client] Sending sample transaction 151
[2022-07-23T11:34:01.646Z INFO  client] Sending sample transaction 152
[2022-07-23T11:34:01.694Z INFO  client] Sending sample transaction 153
[2022-07-23T11:34:01.744Z INFO  client] Sending sample transaction 154
[2022-07-23T11:34:01.795Z INFO  client] Sending sample transaction 155
[2022-07-23T11:34:01.844Z INFO  client] Sending sample transaction 156
[2022-07-23T11:34:01.894Z INFO  client] Sending sample transaction 157
[2022-07-23T11:34:01.945Z INFO  client] Sending sample transaction 158
[2022-07-23T11:34:01.995Z INFO  client] Sending sample transaction 159
[2022-07-23T11:34:02.045Z INFO  client] Sending sample transaction 160
[2022-07-23T11:34:02.095Z INFO  client] Sending sample transaction 161
[2022-07-23T11:34:02.145Z INFO  client] Sending sample transaction 162
[2022-07-23T11:34:02.195Z INFO  client] Sending sample transaction 163
[2022-07-23T11:34:02.271Z INFO  client] Sending sample transaction 164
[2022-07-23T11:34:02.294Z INFO  client] Sending sample transaction 165
[2022-07-23T11:34:02.344Z INFO  client] Sending sample transaction 166
[2022-07-23T11:34:02.395Z INFO  client] Sending sample transaction 167
[2022-07-23T11:34:02.446Z INFO  client] Sending sample transaction 168
[2022-07-23T11:34:02.494Z INFO  client] Sending sample transaction 169
[2022-07-23T11:34:02.545Z INFO  client] Sending sample transaction 170
[2022-07-23T11:34:02.595Z INFO  client] Sending sample transaction 171
[2022-07-23T11:34:02.644Z INFO  client] Sending sample transaction 172
[2022-07-23T11:34:02.695Z INFO  client] Sending sample transaction 173
[2022-07-23T11:34:02.745Z INFO  client] Sending sample transaction 174
[2022-07-23T11:34:02.795Z INFO  client] Sending sample transaction 175
[2022-07-23T11:34:02.845Z INFO  client] Sending sample transaction 176
[2022-07-23T11:34:02.895Z INFO  client] Sending sample transaction 177
[2022-07-23T11:34:02.945Z INFO  client] Sending sample transaction 178
[2022-07-23T11:34:02.994Z INFO  client] Sending sample transaction 179
[2022-07-23T11:34:03.044Z INFO  client] Sending sample transaction 180
[2022-07-23T11:34:03.094Z INFO  client] Sending sample transaction 181
[2022-07-23T11:34:03.145Z INFO  client] Sending sample transaction 182
[2022-07-23T11:34:03.195Z INFO  client] Sending sample transaction 183
[2022-07-23T11:34:03.245Z INFO  client] Sending sample transaction 184
[2022-07-23T11:34:03.303Z INFO  client] Sending sample transaction 185
[2022-07-23T11:34:03.344Z INFO  client] Sending sample transaction 186
[2022-07-23T11:34:03.394Z INFO  client] Sending sample transaction 187
[2022-07-23T11:34:03.444Z INFO  client] Sending sample transaction 188
[2022-07-23T11:34:03.494Z INFO  client] Sending sample transaction 189
[2022-07-23T11:34:03.545Z INFO  client] Sending sample transaction 190
[2022-07-23T11:34:03.594Z INFO  client] Sending sample transaction 191
[2022-07-23T11:34:03.645Z INFO  client] Sending sample transaction 192
[2022-07-23T11:34:03.696Z INFO  client] Sending sample transaction 193
[2022-07-23T11:34:03.744Z INFO  client] Sending sample transaction 194
[2022-07-23T11:34:03.795Z INFO  client] Sending sample transaction 195
[2022-07-23T11:34:03.844Z INFO  client] Sending sample transaction 196
[2022-07-23T11:34:03.894Z INFO  client] Sending sample transaction 197
[2022-07-23T11:34:03.945Z INFO  client] Sending sample transaction 198
[2022-07-23T11:34:03.995Z INFO  client] Sending sample transaction 199
[2022-07-23T11:34:04.045Z INFO  client] Sending sample transaction 200
[2022-07-23T11:34:04.094Z INFO  client] Sending sample transaction 201
[2022-07-23T11:34:04.144Z INFO  client] Sending sample transaction 202
[2022-07-23T11:34:04.194Z INFO  client] Sending sample transaction 203
[2022-07-23T11:34:04.245Z INFO  client] Sending sample transaction 204
[2022-07-23T11:34:04.294Z INFO  client] Sending sample transaction 205
[2022-07-23T11:34:04.345Z INFO  client] Sending sample transaction 206
[2022-07-23T11:34:04.394Z INFO  client] Sending sample transaction 207
[2022-07-23T11:34:04.446Z INFO  client] Sending sample transaction 208
[2022-07-23T11:34:04.495Z INFO  client] Sending sample transaction 209
[2022-07-23T11:34:04.544Z INFO  client] Sending sample transaction 210
[2022-07-23T11:34:04.595Z INFO  client] Sending sample transaction 211
[2022-07-23T11:34:04.644Z INFO  client] Sending sample transaction 212
[2022-07-23T11:34:04.695Z INFO  client] Sending sample transaction 213
[2022-07-23T11:34:04.745Z INFO  client] Sending sample transaction 214
[2022-07-23T11:34:04.794Z INFO  client] Sending sample transaction 215
[2022-07-23T11:34:04.844Z INFO  client] Sending sample transaction 216
[2022-07-23T11:34:04.895Z INFO  client] Sending sample transaction 217
[2022-07-23T11:34:04.945Z INFO  client] Sending sample transaction 218
[2022-07-23T11:34:04.995Z INFO  client] Sending sample transaction 219
[2022-07-23T11:34:05.044Z INFO  client] Sending sample transaction 220
[2022-07-23T11:34:05.094Z INFO  client] Sending sample transaction 221
[2022-07-23T11:34:05.145Z INFO  client] Sending sample transaction 222
[2022-07-23T11:34:05.196Z INFO  client] Sending sample transaction 223
[2022-07-23T11:34:05.254Z INFO  client] Sending sample transaction 224
[2022-07-23T11:34:05.295Z INFO  client] Sending sample transaction 225
[2022-07-23T11:34:05.344Z INFO  client] Sending sample transaction 226
[2022-07-23T11:34:05.395Z INFO  client] Sending sample transaction 227
[2022-07-23T11:34:05.445Z INFO  client] Sending sample transaction 228
[2022-07-23T11:34:05.494Z INFO  client] Sending sample transaction 229
[2022-07-23T11:34:05.545Z INFO  client] Sending sample transaction 230
[2022-07-23T11:34:05.594Z INFO  client] Sending sample transaction 231
[2022-07-23T11:34:05.645Z INFO  client] Sending sample transaction 232
[2022-07-23T11:34:05.695Z INFO  client] Sending sample transaction 233
[2022-07-23T11:34:05.746Z INFO  client] Sending sample transaction 234
[2022-07-23T11:34:05.795Z INFO  client] Sending sample transaction 235
[2022-07-23T11:34:05.844Z INFO  client] Sending sample transaction 236
[2022-07-23T11:34:05.895Z INFO  client] Sending sample transaction 237
[2022-07-23T11:34:05.944Z INFO  client] Sending sample transaction 238
[2022-07-23T11:34:05.994Z INFO  client] Sending sample transaction 239
[2022-07-23T11:34:06.046Z INFO  client] Sending sample transaction 240
[2022-07-23T11:34:06.095Z INFO  client] Sending sample transaction 241
[2022-07-23T11:34:06.144Z INFO  client] Sending sample transaction 242
[2022-07-23T11:34:06.195Z INFO  client] Sending sample transaction 243
[2022-07-23T11:34:06.246Z INFO  client] Sending sample transaction 244
[2022-07-23T11:34:06.295Z INFO  client] Sending sample transaction 245
[2022-07-23T11:34:06.345Z INFO  client] Sending sample transaction 246
[2022-07-23T11:34:06.395Z INFO  client] Sending sample transaction 247
[2022-07-23T11:34:06.445Z INFO  client] Sending sample transaction 248
[2022-07-23T11:34:06.494Z INFO  client] Sending sample transaction 249
[2022-07-23T11:34:06.545Z INFO  client] Sending sample transaction 250
[2022-07-23T11:34:06.594Z INFO  client] Sending sample transaction 251
[2022-07-23T11:34:06.645Z INFO  client] Sending sample transaction 252
[2022-07-23T11:34:06.695Z INFO  client] Sending sample transaction 253
[2022-07-23T11:34:06.745Z INFO  client] Sending sample transaction 254
[2022-07-23T11:34:06.795Z INFO  client] Sending sample transaction 255
[2022-07-23T11:34:06.844Z INFO  client] Sending sample transaction 256
[2022-07-23T11:34:06.894Z INFO  client] Sending sample transaction 257
[2022-07-23T11:34:06.945Z INFO  client] Sending sample transaction 258
[2022-07-23T11:34:06.996Z INFO  client] Sending sample transaction 259
[2022-07-23T11:34:07.045Z INFO  client] Sending sample transaction 260
[2022-07-23T11:34:07.095Z INFO  client] Sending sample transaction 261
[2022-07-23T11:34:07.145Z INFO  client] Sending sample transaction 262
[2022-07-23T11:34:07.194Z INFO  client] Sending sample transaction 263
[2022-07-23T11:34:07.245Z INFO  client] Sending sample transaction 264
[2022-07-23T11:34:07.295Z INFO  client] Sending sample transaction 265
[2022-07-23T11:34:07.345Z INFO  client] Sending sample transaction 266
[2022-07-23T11:34:07.399Z INFO  client] Sending sample transaction 267
[2022-07-23T11:34:07.449Z INFO  client] Sending sample transaction 268
[2022-07-23T11:34:07.494Z INFO  client] Sending sample transaction 269
[2022-07-23T11:34:07.545Z INFO  client] Sending sample transaction 270
[2022-07-23T11:34:07.595Z INFO  client] Sending sample transaction 271
[2022-07-23T11:34:07.645Z INFO  client] Sending sample transaction 272
[2022-07-23T11:34:07.696Z INFO  client] Sending sample transaction 273
[2022-07-23T11:34:07.745Z INFO  client] Sending sample transaction 274
[2022-07-23T11:34:07.795Z INFO  client] Sending sample transaction 275
[2022-07-23T11:34:07.844Z INFO  client] Sending sample transaction 276
[2022-07-23T11:34:07.895Z INFO  client] Sending sample transaction 277
[2022-07-23T11:34:07.945Z INFO  client] Sending sample transaction 278
[2022-07-23T11:34:07.996Z INFO  client] Sending sample transaction 279
[2022-07-23T11:34:08.046Z INFO  client] Sending sample transaction 280
[2022-07-23T11:34:08.095Z INFO  client] Sending sample transaction 281
[2022-07-23T11:34:08.146Z INFO  client] Sending sample transaction 282
[2022-07-23T11:34:08.195Z INFO  client] Sending sample transaction 283
[2022-07-23T11:34:08.246Z INFO  client] Sending sample transaction 284
[2022-07-23T11:34:08.295Z INFO  client] Sending sample transaction 285
[2022-07-23T11:34:08.345Z INFO  client] Sending sample transaction 286
[2022-07-23T11:34:08.396Z INFO  client] Sending sample transaction 287
[2022-07-23T11:34:08.444Z INFO  client] Sending sample transaction 288
[2022-07-23T11:34:08.496Z INFO  client] Sending sample transaction 289
[2022-07-23T11:34:08.545Z INFO  client] Sending sample transaction 290
[2022-07-23T11:34:08.594Z INFO  client] Sending sample transaction 291
[2022-07-23T11:34:08.645Z INFO  client] Sending sample transaction 292
[2022-07-23T11:34:08.695Z INFO  client] Sending sample transaction 293
[2022-07-23T11:34:08.746Z INFO  client] Sending sample transaction 294
[2022-07-23T11:34:08.795Z INFO  client] Sending sample transaction 295
[2022-07-23T11:34:08.846Z INFO  client] Sending sample transaction 296
[2022-07-23T11:34:08.895Z INFO  client] Sending sample transaction 297
[2022-07-23T11:34:08.944Z INFO  client] Sending sample transaction 298
[2022-07-23T11:34:08.995Z INFO  client] Sending sample transaction 299
[2022-07-23T11:34:09.045Z INFO  client] Sending sample transaction 300
[2022-07-23T11:34:09.095Z INFO  client] Sending sample transaction 301
[2022-07-23T11:34:09.145Z INFO  client] Sending sample transaction 302
[2022-07-23T11:34:09.195Z INFO  client] Sending sample transaction 303
[2022-07-23T11:34:09.246Z INFO  client] Sending sample transaction 304
[2022-07-23T11:34:09.295Z INFO  client] Sending sample transaction 305
[2022-07-23T11:34:09.345Z INFO  client] Sending sample transaction 306
[2022-07-23T11:34:09.394Z INFO  client] Sending sample transaction 307
[2022-07-23T11:34:09.444Z INFO  client] Sending sample transaction 308
[2022-07-23T11:34:09.494Z INFO  client] Sending sample transaction 309
[2022-07-23T11:34:09.545Z INFO  client] Sending sample transaction 310
[2022-07-23T11:34:09.595Z INFO  client] Sending sample transaction 311
[2022-07-23T11:34:09.645Z INFO  client] Sending sample transaction 312
[2022-07-23T11:34:09.695Z INFO  client] Sending sample transaction 313
[2022-07-23T11:34:09.745Z INFO  client] Sending sample transaction 314
[2022-07-23T11:34:09.794Z INFO  client] Sending sample transaction 315
[2022-07-23T11:34:09.844Z INFO  client] Sending sample transaction 316
[2022-07-23T11:34:09.895Z INFO  client] Sending sample transaction 317
[2022-07-23T11:34:09.945Z INFO  client] Sending sample transaction 318
[2022-07-23T11:34:09.995Z INFO  client] Sending sample transaction 319
[2022-07-23T11:34:10.045Z INFO  client] Sending sample transaction 320
[2022-07-23T11:34:10.095Z INFO  client] Sending sample transaction 321
[2022-07-23T11:34:10.145Z INFO  client] Sending sample transaction 322
[2022-07-23T11:34:10.195Z INFO  client] Sending sample transaction 323
[2022-07-23T11:34:10.245Z INFO  client] Sending sample transaction 324
[2022-07-23T11:34:10.295Z INFO  client] Sending sample transaction 325
[2022-07-23T11:34:10.345Z INFO  client] Sending sample transaction 326
[2022-07-23T11:34:10.394Z INFO  client] Sending sample transaction 327
[2022-07-23T11:34:10.445Z INFO  client] Sending sample transaction 328
[2022-07-23T11:34:10.495Z INFO  client] Sending sample transaction 329
[2022-07-23T11:34:10.544Z INFO  client] Sending sample transaction 330
[2022-07-23T11:34:10.605Z INFO  client] Sending sample transaction 331
[2022-07-23T11:34:10.645Z INFO  client] Sending sample transaction 332
[2022-07-23T11:34:10.696Z INFO  client] Sending sample transaction 333
[2022-07-23T11:34:10.745Z INFO  client] Sending sample transaction 334
[2022-07-23T11:34:10.795Z INFO  client] Sending sample transaction 335
[2022-07-23T11:34:10.845Z INFO  client] Sending sample transaction 336
[2022-07-23T11:34:10.895Z INFO  client] Sending sample transaction 337
[2022-07-23T11:34:10.945Z INFO  client] Sending sample transaction 338
[2022-07-23T11:34:10.996Z INFO  client] Sending sample transaction 339
[2022-07-23T11:34:11.044Z INFO  client] Sending sample transaction 340
[2022-07-23T11:34:11.094Z INFO  client] Sending sample transaction 341
[2022-07-23T11:34:11.146Z INFO  client] Sending sample transaction 342
[2022-07-23T11:34:11.196Z INFO  client] Sending sample transaction 343
[2022-07-23T11:34:11.245Z INFO  client] Sending sample transaction 344
[2022-07-23T11:34:11.295Z INFO  client] Sending sample transaction 345
[2022-07-23T11:34:11.345Z INFO  client] Sending sample transaction 346
[2022-07-23T11:34:11.395Z INFO  client] Sending sample transaction 347
[2022-07-23T11:34:11.445Z INFO  client] Sending sample transaction 348
[2022-07-23T11:34:11.494Z INFO  client] Sending sample transaction 349
[2022-07-23T11:34:11.545Z INFO  client] Sending sample transaction 350
[2022-07-23T11:34:11.595Z INFO  client] Sending sample transaction 351
[2022-07-23T11:34:11.648Z INFO  client] Sending sample transaction 352
[2022-07-23T11:34:11.694Z INFO  client] Sending sample transaction 353
[2022-07-23T11:34:11.745Z INFO  client] Sending sample transaction 354
[2022-07-23T11:34:11.795Z INFO  client] Sending sample transaction 355
[2022-07-23T11:34:11.846Z INFO  client] Sending sample transaction 356
[2022-07-23T11:34:11.895Z INFO  client] Sending sample transaction 357
[2022-07-23T11:34:11.946Z INFO  client] Sending sample transaction 358
[2022-07-23T11:34:11.996Z INFO  client] Sending sample transaction 359
[2022-07-23T11:34:12.045Z INFO  client] Sending sample transaction 360
[2022-07-23T11:34:12.095Z INFO  client] Sending sample transaction 361
[2022-07-23T11:34:12.145Z INFO  client] Sending sample transaction 362
[2022-07-23T11:34:12.196Z INFO  client] Sending sample transaction 363
[2022-07-23T11:34:12.246Z INFO  client] Sending sample transaction 364
[2022-07-23T11:34:12.294Z INFO  client] Sending sample transaction 365
[2022-07-23T11:34:12.346Z INFO  client] Sending sample transaction 366
[2022-07-23T11:34:12.394Z INFO  client] Sending sample transaction 367
[2022-07-23T11:34:12.447Z INFO  client] Sending sample transaction 368
[2022-07-23T11:34:12.495Z INFO  client] Sending sample transaction 369
[2022-07-23T11:34:12.544Z INFO  client] Sending sample transaction 370
[2022-07-23T11:34:12.595Z INFO  client] Sending sample transaction 371
[2022-07-23T11:34:12.646Z INFO  client] Sending sample transaction 372
[2022-07-23T11:34:12.695Z INFO  client] Sending sample transaction 373
[2022-07-23T11:34:12.744Z INFO  client] Sending sample transaction 374
[2022-07-23T11:34:12.794Z INFO  client] Sending sample transaction 375
[2022-07-23T11:34:12.845Z INFO  client] Sending sample transaction 376
[2022-07-23T11:34:12.896Z INFO  client] Sending sample transaction 377
[2022-07-23T11:34:12.945Z INFO  client] Sending sample transaction 378
[2022-07-23T11:34:12.995Z INFO  client] Sending sample transaction 379
[2022-07-23T11:34:13.044Z INFO  client] Sending sample transaction 380
[2022-07-23T11:34:13.095Z INFO  client] Sending sample transaction 381
[2022-07-23T11:34:13.145Z INFO  client] Sending sample transaction 382
[2022-07-23T11:34:13.195Z INFO  client] Sending sample transaction 383
[2022-07-23T11:34:13.245Z INFO  client] Sending sample transaction 384
[2022-07-23T11:34:13.294Z INFO  client] Sending sample transaction 385
[2022-07-23T11:34:13.344Z INFO  client] Sending sample transaction 386
[2022-07-23T11:34:13.395Z INFO  client] Sending sample transaction 387
[2022-07-23T11:34:13.445Z INFO  client] Sending sample transaction 388
[2022-07-23T11:34:13.494Z INFO  client] Sending sample transaction 389
[2022-07-23T11:34:13.545Z INFO  client] Sending sample transaction 390
[2022-07-23T11:34:13.595Z INFO  client] Sending sample transaction 391
[2022-07-23T11:34:13.644Z INFO  client] Sending sample transaction 392
[2022-07-23T11:34:13.696Z INFO  client] Sending sample transaction 393
[2022-07-23T11:34:13.745Z INFO  client] Sending sample transaction 394
[2022-07-23T11:34:13.794Z INFO  client] Sending sample transaction 395
[2022-07-23T11:34:13.845Z INFO  client] Sending sample transaction 396
[2022-07-23T11:34:13.894Z INFO  client] Sending sample transaction 397
[2022-07-23T11:34:13.945Z INFO  client] Sending sample transaction 398
[2022-07-23T11:34:13.997Z INFO  client] Sending sample transaction 399
[2022-07-23T11:34:14.045Z INFO  client] Sending sample transaction 400
[2022-07-23T11:34:14.096Z INFO  client] Sending sample transaction 401
[2022-07-23T11:34:14.145Z INFO  client] Sending sample transaction 402
[2022-07-23T11:34:14.194Z INFO  client] Sending sample transaction 403
[2022-07-23T11:34:14.245Z INFO  client] Sending sample transaction 404
[2022-07-23T11:34:14.295Z INFO  client] Sending sample transaction 405
[2022-07-23T11:34:14.345Z INFO  client] Sending sample transaction 406
[2022-07-23T11:34:14.394Z INFO  client] Sending sample transaction 407
[2022-07-23T11:34:14.444Z INFO  client] Sending sample transaction 408
[2022-07-23T11:34:14.495Z INFO  client] Sending sample transaction 409
[2022-07-23T11:34:14.545Z INFO  client] Sending sample transaction 410
[2022-07-23T11:34:14.595Z INFO  client] Sending sample transaction 411
[2022-07-23T11:34:14.645Z INFO  client] Sending sample transaction 412
[2022-07-23T11:34:14.694Z INFO  client] Sending sample transaction 413
[2022-07-23T11:34:14.766Z INFO  client] Sending sample transaction 414
[2022-07-23T11:34:14.795Z INFO  client] Sending sample transaction 415
[2022-07-23T11:34:14.844Z INFO  client] Sending sample transaction 416
[2022-07-23T11:34:14.896Z INFO  client] Sending sample transaction 417
[2022-07-23T11:34:14.945Z INFO  client] Sending sample transaction 418
[2022-07-23T11:34:14.997Z INFO  client] Sending sample transaction 419
[2022-07-23T11:34:15.045Z INFO  client] Sending sample transaction 420
[2022-07-23T11:34:15.095Z INFO  client] Sending sample transaction 421
[2022-07-23T11:34:15.145Z INFO  client] Sending sample transaction 422
