[2022-07-23T18:39:27.590Z INFO  client] Node address: 127.0.0.1:9018
[2022-07-23T18:39:27.591Z INFO  client] Transactions size: 512 B
[2022-07-23T18:39:27.591Z INFO  client] Transactions rate: 112 tx/s
[2022-07-23T18:39:27.591Z INFO  client] Waiting for all nodes to be online...
[2022-07-23T18:39:27.591Z INFO  client] Waiting for all nodes to be synchronized...
[2022-07-23T18:39:29.594Z INFO  client] Start sending transactions
[2022-07-23T18:39:29.595Z INFO  client] Sending sample transaction 0
[2022-07-23T18:39:29.646Z INFO  client] Sending sample transaction 1
[2022-07-23T18:39:29.696Z INFO  client] Sending sample transaction 2
[2022-07-23T18:39:29.745Z INFO  client] Sending sample transaction 3
[2022-07-23T18:39:29.796Z INFO  client] Sending sample transaction 4
[2022-07-23T18:39:29.847Z INFO  client] Sending sample transaction 5
[2022-07-23T18:39:29.896Z INFO  client] Sending sample transaction 6
[2022-07-23T18:39:29.945Z INFO  client] Sending sample transaction 7
[2022-07-23T18:39:29.997Z INFO  client] Sending sample transaction 8
[2022-07-23T18:39:30.046Z INFO  client] Sending sample transaction 9
[2022-07-23T18:39:30.099Z INFO  client] Sending sample transaction 10
[2022-07-23T18:39:30.146Z INFO  client] Sending sample transaction 11
[2022-07-23T18:39:30.268Z INFO  client] Sending sample transaction 12
[2022-07-23T18:39:30.318Z WARN  client] Transaction rate too high for this client
[2022-07-23T18:39:30.349Z INFO  client] Sending sample transaction 13
[2022-07-23T18:39:30.416Z WARN  client] Transaction rate too high for this client
[2022-07-23T18:39:30.417Z INFO  client] Sending sample transaction 14
[2022-07-23T18:39:30.417Z INFO  client] Sending sample transaction 15
[2022-07-23T18:39:30.477Z INFO  client] Sending sample transaction 16
[2022-07-23T18:39:30.519Z INFO  client] Sending sample transaction 17
[2022-07-23T18:39:30.577Z INFO  client] Sending sample transaction 18
[2022-07-23T18:39:30.617Z INFO  client] Sending sample transaction 19
[2022-07-23T18:39:30.617Z INFO  client] Sending sample transaction 20
[2022-07-23T18:39:30.674Z INFO  client] Sending sample transaction 21
[2022-07-23T18:39:30.711Z INFO  client] Sending sample transaction 22
[2022-07-23T18:39:30.783Z INFO  client] Sending sample transaction 23
[2022-07-23T18:39:30.815Z INFO  client] Sending sample transaction 24
[2022-07-23T18:39:30.848Z INFO  client] Sending sample transaction 25
[2022-07-23T18:39:30.895Z INFO  client] Sending sample transaction 26
[2022-07-23T18:39:30.946Z INFO  client] Sending sample transaction 27
[2022-07-23T18:39:30.996Z INFO  client] Sending sample transaction 28
[2022-07-23T18:39:31.046Z INFO  client] Sending sample transaction 29
[2022-07-23T18:39:31.096Z INFO  client] Sending sample transaction 30
[2022-07-23T18:39:31.152Z INFO  client] Sending sample transaction 31
[2022-07-23T18:39:31.196Z INFO  client] Sending sample transaction 32
[2022-07-23T18:39:31.246Z INFO  client] Sending sample transaction 33
[2022-07-23T18:39:31.296Z INFO  client] Sending sample transaction 34
[2022-07-23T18:39:31.345Z INFO  client] Sending sample transaction 35
[2022-07-23T18:39:31.396Z INFO  client] Sending sample transaction 36
[2022-07-23T18:39:31.446Z INFO  client] Sending sample transaction 37
[2022-07-23T18:39:31.495Z INFO  client] Sending sample transaction 38
[2022-07-23T18:39:31.547Z INFO  client] Sending sample transaction 39
[2022-07-23T18:39:31.596Z INFO  client] Sending sample transaction 40
[2022-07-23T18:39:31.648Z INFO  client] Sending sample transaction 41
[2022-07-23T18:39:31.695Z INFO  client] Sending sample transaction 42
[2022-07-23T18:39:31.746Z INFO  client] Sending sample transaction 43
[2022-07-23T18:39:31.798Z INFO  client] Sending sample transaction 44
[2022-07-23T18:39:31.846Z INFO  client] Sending sample transaction 45
[2022-07-23T18:39:31.899Z INFO  client] Sending sample transaction 46
[2022-07-23T18:39:31.945Z INFO  client] Sending sample transaction 47
[2022-07-23T18:39:31.996Z INFO  client] Sending sample transaction 48
[2022-07-23T18:39:32.047Z INFO  client] Sending sample transaction 49
[2022-07-23T18:39:32.096Z INFO  client] Sending sample transaction 50
[2022-07-23T18:39:32.145Z INFO  client] Sending sample transaction 51
[2022-07-23T18:39:32.196Z INFO  client] Sending sample transaction 52
[2022-07-23T18:39:32.246Z INFO  client] Sending sample transaction 53
[2022-07-23T18:39:32.296Z INFO  client] Sending sample transaction 54
[2022-07-23T18:39:32.346Z INFO  client] Sending sample transaction 55
[2022-07-23T18:39:32.395Z INFO  client] Sending sample transaction 56
[2022-07-23T18:39:32.446Z INFO  client] Sending sample transaction 57
[2022-07-23T18:39:32.496Z INFO  client] Sending sample transaction 58
[2022-07-23T18:39:32.545Z INFO  client] Sending sample transaction 59
[2022-07-23T18:39:32.595Z INFO  client] Sending sample transaction 60
[2022-07-23T18:39:32.646Z INFO  client] Sending sample transaction 61
[2022-07-23T18:39:32.695Z INFO  client] Sending sample transaction 62
[2022-07-23T18:39:32.745Z INFO  client] Sending sample transaction 63
[2022-07-23T18:39:32.796Z INFO  client] Sending sample transaction 64
[2022-07-23T18:39:32.845Z INFO  client] Sending sample transaction 65
[2022-07-23T18:39:32.922Z INFO  client] Sending sample transaction 66
[2022-07-23T18:39:32.947Z INFO  client] Sending sample transaction 67
[2022-07-23T18:39:32.995Z INFO  client] Sending sample transaction 68
[2022-07-23T18:39:33.046Z INFO  client] Sending sample transaction 69
[2022-07-23T18:39:33.095Z INFO  client] Sending sample transaction 70
[2022-07-23T18:39:33.146Z INFO  client] Sending sample transaction 71
[2022-07-23T18:39:33.195Z INFO  client] Sending sample transaction 72
[2022-07-23T18:39:33.246Z INFO  client] Sending sample transaction 73
[2022-07-23T18:39:33.296Z INFO  client] Sending sample transaction 74
[2022-07-23T18:39:33.345Z INFO  client] Sending sample transaction 75
[2022-07-23T18:39:33.395Z INFO  client] Sending sample transaction 76
[2022-07-23T18:39:33.445Z INFO  client] Sending sample transaction 77
[2022-07-23T18:39:33.495Z INFO  client] Sending sample transaction 78
[2022-07-23T18:39:33.546Z INFO  client] Sending sample transaction 79
[2022-07-23T18:39:33.595Z INFO  client] Sending sample transaction 80
[2022-07-23T18:39:33.646Z INFO  client] Sending sample transaction 81
[2022-07-23T18:39:33.695Z INFO  client] Sending sample transaction 82
[2022-07-23T18:39:33.745Z INFO  client] Sending sample transaction 83
[2022-07-23T18:39:33.796Z INFO  client] Sending sample transaction 84
[2022-07-23T18:39:33.846Z INFO  client] Sending sample transaction 85
[2022-07-23T18:39:33.895Z INFO  client] Sending sample transaction 86
[2022-07-23T18:39:33.946Z INFO  client] Sending sample transaction 87
[2022-07-23T18:39:34.002Z INFO  client] Sending sample transaction 88
[2022-07-23T18:39:34.046Z INFO  client] Sending sample transaction 89
[2022-07-23T18:39:34.096Z INFO  client] Sending sample transaction 90
[2022-07-23T18:39:34.146Z INFO  client] Sending sample transaction 91
[2022-07-23T18:39:34.196Z INFO  client] Sending sample transaction 92
[2022-07-23T18:39:34.246Z INFO  client] Sending sample transaction 93
[2022-07-23T18:39:34.295Z INFO  client] Sending sample transaction 94
[2022-07-23T18:39:34.345Z INFO  client] Sending sample transaction 95
[2022-07-23T18:39:34.396Z INFO  client] Sending sample transaction 96
[2022-07-23T18:39:34.449Z INFO  client] Sending sample transaction 97
[2022-07-23T18:39:34.496Z INFO  client] Sending sample transaction 98
[2022-07-23T18:39:34.547Z INFO  client] Sending sample transaction 99
[2022-07-23T18:39:34.595Z INFO  client] Sending sample transaction 100
[2022-07-23T18:39:34.645Z INFO  client] Sending sample transaction 101
[2022-07-23T18:39:34.696Z INFO  client] Sending sample transaction 102
[2022-07-23T18:39:34.747Z INFO  client] Sending sample transaction 103
[2022-07-23T18:39:34.797Z INFO  client] Sending sample transaction 104
[2022-07-23T18:39:34.845Z INFO  client] Sending sample transaction 105
[2022-07-23T18:39:34.900Z INFO  client] Sending sample transaction 106
[2022-07-23T18:39:34.946Z INFO  client] Sending sample transaction 107
[2022-07-23T18:39:34.998Z INFO  client] Sending sample transaction 108
[2022-07-23T18:39:35.045Z INFO  client] Sending sample transaction 109
[2022-07-23T18:39:35.095Z INFO  client] Sending sample transaction 110
[2022-07-23T18:39:35.145Z INFO  client] Sending sample transaction 111
[2022-07-23T18:39:35.196Z INFO  client] Sending sample transaction 112
[2022-07-23T18:39:35.246Z INFO  client] Sending sample transaction 113
[2022-07-23T18:39:35.296Z INFO  client] Sending sample transaction 114
[2022-07-23T18:39:35.346Z INFO  client] Sending sample transaction 115
[2022-07-23T18:39:35.400Z INFO  client] Sending sample transaction 116
[2022-07-23T18:39:35.445Z INFO  client] Sending sample transaction 117
[2022-07-23T18:39:35.495Z INFO  client] Sending sample transaction 118
[2022-07-23T18:39:35.545Z INFO  client] Sending sample transaction 119
[2022-07-23T18:39:35.595Z INFO  client] Sending sample transaction 120
[2022-07-23T18:39:35.645Z INFO  client] Sending sample transaction 121
[2022-07-23T18:39:35.696Z INFO  client] Sending sample transaction 122
[2022-07-23T18:39:35.745Z INFO  client] Sending sample transaction 123
[2022-07-23T18:39:35.795Z INFO  client] Sending sample transaction 124
[2022-07-23T18:39:35.845Z INFO  client] Sending sample transaction 125
[2022-07-23T18:39:35.895Z INFO  client] Sending sample transaction 126
[2022-07-23T18:39:35.945Z INFO  client] Sending sample transaction 127
[2022-07-23T18:39:35.996Z INFO  client] Sending sample transaction 128
[2022-07-23T18:39:36.046Z INFO  client] Sending sample transaction 129
[2022-07-23T18:39:36.095Z INFO  client] Sending sample transaction 130
[2022-07-23T18:39:36.145Z INFO  client] Sending sample transaction 131
[2022-07-23T18:39:36.196Z INFO  client] Sending sample transaction 132
[2022-07-23T18:39:36.246Z INFO  client] Sending sample transaction 133
[2022-07-23T18:39:36.297Z INFO  client] Sending sample transaction 134
[2022-07-23T18:39:36.345Z INFO  client] Sending sample transaction 135
[2022-07-23T18:39:36.397Z INFO  client] Sending sample transaction 136
[2022-07-23T18:39:36.451Z INFO  client] Sending sample transaction 137
[2022-07-23T18:39:36.496Z INFO  client] Sending sample transaction 138
[2022-07-23T18:39:36.545Z INFO  client] Sending sample transaction 139
[2022-07-23T18:39:36.595Z INFO  client] Sending sample transaction 140
[2022-07-23T18:39:36.646Z INFO  client] Sending sample transaction 141
[2022-07-23T18:39:36.696Z INFO  client] Sending sample transaction 142
[2022-07-23T18:39:36.746Z INFO  client] Sending sample transaction 143
[2022-07-23T18:39:36.798Z INFO  client] Sending sample transaction 144
[2022-07-23T18:39:36.846Z INFO  client] Sending sample transaction 145
[2022-07-23T18:39:36.896Z INFO  client] Sending sample transaction 146
[2022-07-23T18:39:36.946Z INFO  client] Sending sample transaction 147
[2022-07-23T18:39:36.996Z INFO  client] Sending sample transaction 148
[2022-07-23T18:39:37.045Z INFO  client] Sending sample transaction 149
[2022-07-23T18:39:37.097Z INFO  client] Sending sample transaction 150
[2022-07-23T18:39:37.147Z INFO  client] Sending sample transaction 151
[2022-07-23T18:39:37.195Z INFO  client] Sending sample transaction 152
[2022-07-23T18:39:37.246Z INFO  client] Sending sample transaction 153
[2022-07-23T18:39:37.296Z INFO  client] Sending sample transaction 154
[2022-07-23T18:39:37.345Z INFO  client] Sending sample transaction 155
[2022-07-23T18:39:37.396Z INFO  client] Sending sample transaction 156
[2022-07-23T18:39:37.445Z INFO  client] Sending sample transaction 157
[2022-07-23T18:39:37.496Z INFO  client] Sending sample transaction 158
[2022-07-23T18:39:37.546Z INFO  client] Sending sample transaction 159
[2022-07-23T18:39:37.595Z INFO  client] Sending sample transaction 160
[2022-07-23T18:39:37.645Z INFO  client] Sending sample transaction 161
[2022-07-23T18:39:37.696Z INFO  client] Sending sample transaction 162
[2022-07-23T18:39:37.745Z INFO  client] Sending sample transaction 163
[2022-07-23T18:39:37.796Z INFO  client] Sending sample transaction 164
[2022-07-23T18:39:37.846Z INFO  client] Sending sample transaction 165
[2022-07-23T18:39:37.896Z INFO  client] Sending sample transaction 166
[2022-07-23T18:39:37.946Z INFO  client] Sending sample transaction 167
[2022-07-23T18:39:37.995Z INFO  client] Sending sample transaction 168
[2022-07-23T18:39:38.045Z INFO  client] Sending sample transaction 169
[2022-07-23T18:39:38.096Z INFO  client] Sending sample transaction 170
[2022-07-23T18:39:38.145Z INFO  client] Sending sample transaction 171
[2022-07-23T18:39:38.196Z INFO  client] Sending sample transaction 172
[2022-07-23T18:39:38.245Z INFO  client] Sending sample transaction 173
[2022-07-23T18:39:38.298Z INFO  client] Sending sample transaction 174
[2022-07-23T18:39:38.346Z INFO  client] Sending sample transaction 175
[2022-07-23T18:39:38.395Z INFO  client] Sending sample transaction 176
[2022-07-23T18:39:38.445Z INFO  client] Sending sample transaction 177
[2022-07-23T18:39:38.496Z INFO  client] Sending sample transaction 178
[2022-07-23T18:39:38.548Z INFO  client] Sending sample transaction 179
[2022-07-23T18:39:38.596Z INFO  client] Sending sample transaction 180
[2022-07-23T18:39:38.646Z INFO  client] Sending sample transaction 181
[2022-07-23T18:39:38.696Z INFO  client] Sending sample transaction 182
[2022-07-23T18:39:38.746Z INFO  client] Sending sample transaction 183
[2022-07-23T18:39:38.795Z INFO  client] Sending sample transaction 184
[2022-07-23T18:39:38.847Z INFO  client] Sending sample transaction 185
[2022-07-23T18:39:38.895Z INFO  client] Sending sample transaction 186
[2022-07-23T18:39:38.947Z INFO  client] Sending sample transaction 187
[2022-07-23T18:39:38.995Z INFO  client] Sending sample transaction 188
[2022-07-23T18:39:39.046Z INFO  client] Sending sample transaction 189
[2022-07-23T18:39:39.095Z INFO  client] Sending sample transaction 190
[2022-07-23T18:39:39.146Z INFO  client] Sending sample transaction 191
[2022-07-23T18:39:39.198Z INFO  client] Sending sample transaction 192
[2022-07-23T18:39:39.245Z INFO  client] Sending sample transaction 193
[2022-07-23T18:39:39.295Z INFO  client] Sending sample transaction 194
[2022-07-23T18:39:39.345Z INFO  client] Sending sample transaction 195
[2022-07-23T18:39:39.396Z INFO  client] Sending sample transaction 196
[2022-07-23T18:39:39.446Z INFO  client] Sending sample transaction 197
[2022-07-23T18:39:39.496Z INFO  client] Sending sample transaction 198
[2022-07-23T18:39:39.546Z INFO  client] Sending sample transaction 199
[2022-07-23T18:39:39.595Z INFO  client] Sending sample transaction 200
[2022-07-23T18:39:39.645Z INFO  client] Sending sample transaction 201
[2022-07-23T18:39:39.696Z INFO  client] Sending sample transaction 202
[2022-07-23T18:39:39.747Z INFO  client] Sending sample transaction 203
[2022-07-23T18:39:39.795Z INFO  client] Sending sample transaction 204
[2022-07-23T18:39:39.845Z INFO  client] Sending sample transaction 205
[2022-07-23T18:39:39.896Z INFO  client] Sending sample transaction 206
[2022-07-23T18:39:39.946Z INFO  client] Sending sample transaction 207
[2022-07-23T18:39:39.995Z INFO  client] Sending sample transaction 208
[2022-07-23T18:39:40.047Z INFO  client] Sending sample transaction 209
[2022-07-23T18:39:40.096Z INFO  client] Sending sample transaction 210
[2022-07-23T18:39:40.145Z INFO  client] Sending sample transaction 211
[2022-07-23T18:39:40.196Z INFO  client] Sending sample transaction 212
[2022-07-23T18:39:40.245Z INFO  client] Sending sample transaction 213
[2022-07-23T18:39:40.295Z INFO  client] Sending sample transaction 214
[2022-07-23T18:39:40.346Z INFO  client] Sending sample transaction 215
[2022-07-23T18:39:40.395Z INFO  client] Sending sample transaction 216
[2022-07-23T18:39:40.445Z INFO  client] Sending sample transaction 217
[2022-07-23T18:39:40.495Z INFO  client] Sending sample transaction 218
[2022-07-23T18:39:40.545Z INFO  client] Sending sample transaction 219
[2022-07-23T18:39:40.595Z INFO  client] Sending sample transaction 220
[2022-07-23T18:39:40.646Z INFO  client] Sending sample transaction 221
[2022-07-23T18:39:40.696Z INFO  client] Sending sample transaction 222
[2022-07-23T18:39:40.746Z INFO  client] Sending sample transaction 223
[2022-07-23T18:39:40.796Z INFO  client] Sending sample transaction 224
[2022-07-23T18:39:40.846Z INFO  client] Sending sample transaction 225
[2022-07-23T18:39:40.895Z INFO  client] Sending sample transaction 226
[2022-07-23T18:39:40.945Z INFO  client] Sending sample transaction 227
[2022-07-23T18:39:40.995Z INFO  client] Sending sample transaction 228
[2022-07-23T18:39:41.047Z INFO  client] Sending sample transaction 229
[2022-07-23T18:39:41.095Z INFO  client] Sending sample transaction 230
[2022-07-23T18:39:41.145Z INFO  client] Sending sample transaction 231
[2022-07-23T18:39:41.196Z INFO  client] Sending sample transaction 232
[2022-07-23T18:39:41.250Z INFO  client] Sending sample transaction 233
[2022-07-23T18:39:41.296Z INFO  client] Sending sample transaction 234
[2022-07-23T18:39:41.346Z INFO  client] Sending sample transaction 235
[2022-07-23T18:39:41.396Z INFO  client] Sending sample transaction 236
[2022-07-23T18:39:41.446Z INFO  client] Sending sample transaction 237
[2022-07-23T18:39:41.496Z INFO  client] Sending sample transaction 238
[2022-07-23T18:39:41.546Z INFO  client] Sending sample transaction 239
[2022-07-23T18:39:41.596Z INFO  client] Sending sample transaction 240
[2022-07-23T18:39:41.646Z INFO  client] Sending sample transaction 241
[2022-07-23T18:39:41.696Z INFO  client] Sending sample transaction 242
[2022-07-23T18:39:41.746Z INFO  client] Sending sample transaction 243
[2022-07-23T18:39:41.796Z INFO  client] Sending sample transaction 244
[2022-07-23T18:39:41.846Z INFO  client] Sending sample transaction 245
[2022-07-23T18:39:41.895Z INFO  client] Sending sample transaction 246
[2022-07-23T18:39:41.945Z INFO  client] Sending sample transaction 247
[2022-07-23T18:39:41.996Z INFO  client] Sending sample transaction 248
[2022-07-23T18:39:42.045Z INFO  client] Sending sample transaction 249
[2022-07-23T18:39:42.095Z INFO  client] Sending sample transaction 250
[2022-07-23T18:39:42.146Z INFO  client] Sending sample transaction 251
[2022-07-23T18:39:42.196Z INFO  client] Sending sample transaction 252
[2022-07-23T18:39:42.245Z INFO  client] Sending sample transaction 253
[2022-07-23T18:39:42.296Z INFO  client] Sending sample transaction 254
[2022-07-23T18:39:42.346Z INFO  client] Sending sample transaction 255
[2022-07-23T18:39:42.396Z INFO  client] Sending sample transaction 256
[2022-07-23T18:39:42.446Z INFO  client] Sending sample transaction 257
[2022-07-23T18:39:42.496Z INFO  client] Sending sample transaction 258
[2022-07-23T18:39:42.552Z INFO  client] Sending sample transaction 259
[2022-07-23T18:39:42.596Z INFO  client] Sending sample transaction 260
[2022-07-23T18:39:42.646Z INFO  client] Sending sample transaction 261
[2022-07-23T18:39:42.695Z INFO  client] Sending sample transaction 262
[2022-07-23T18:39:42.746Z INFO  client] Sending sample transaction 263
[2022-07-23T18:39:42.796Z INFO  client] Sending sample transaction 264
[2022-07-23T18:39:42.846Z INFO  client] Sending sample transaction 265
[2022-07-23T18:39:42.896Z INFO  client] Sending sample transaction 266
[2022-07-23T18:39:42.945Z INFO  client] Sending sample transaction 267
[2022-07-23T18:39:42.996Z INFO  client] Sending sample transaction 268
[2022-07-23T18:39:43.046Z INFO  client] Sending sample transaction 269
[2022-07-23T18:39:43.095Z INFO  client] Sending sample transaction 270
[2022-07-23T18:39:43.146Z INFO  client] Sending sample transaction 271
[2022-07-23T18:39:43.196Z INFO  client] Sending sample transaction 272
[2022-07-23T18:39:43.245Z INFO  client] Sending sample transaction 273
[2022-07-23T18:39:43.296Z INFO  client] Sending sample transaction 274
[2022-07-23T18:39:43.349Z INFO  client] Sending sample transaction 275
[2022-07-23T18:39:43.396Z INFO  client] Sending sample transaction 276
[2022-07-23T18:39:43.447Z INFO  client] Sending sample transaction 277
[2022-07-23T18:39:43.495Z INFO  client] Sending sample transaction 278
[2022-07-23T18:39:43.545Z INFO  client] Sending sample transaction 279
[2022-07-23T18:39:43.595Z INFO  client] Sending sample transaction 280
[2022-07-23T18:39:43.645Z INFO  client] Sending sample transaction 281
[2022-07-23T18:39:43.695Z INFO  client] Sending sample transaction 282
[2022-07-23T18:39:43.745Z INFO  client] Sending sample transaction 283
[2022-07-23T18:39:43.795Z INFO  client] Sending sample transaction 284
[2022-07-23T18:39:43.845Z INFO  client] Sending sample transaction 285
[2022-07-23T18:39:43.895Z INFO  client] Sending sample transaction 286
[2022-07-23T18:39:43.946Z INFO  client] Sending sample transaction 287
[2022-07-23T18:39:43.996Z INFO  client] Sending sample transaction 288
[2022-07-23T18:39:44.045Z INFO  client] Sending sample transaction 289
[2022-07-23T18:39:44.096Z INFO  client] Sending sample transaction 290
[2022-07-23T18:39:44.145Z INFO  client] Sending sample transaction 291
[2022-07-23T18:39:44.196Z INFO  client] Sending sample transaction 292
[2022-07-23T18:39:44.247Z INFO  client] Sending sample transaction 293
[2022-07-23T18:39:44.299Z INFO  client] Sending sample transaction 294
[2022-07-23T18:39:44.345Z INFO  client] Sending sample transaction 295
[2022-07-23T18:39:44.396Z INFO  client] Sending sample transaction 296
[2022-07-23T18:39:44.446Z INFO  client] Sending sample transaction 297
[2022-07-23T18:39:44.496Z INFO  client] Sending sample transaction 298
[2022-07-23T18:39:44.546Z INFO  client] Sending sample transaction 299
[2022-07-23T18:39:44.595Z INFO  client] Sending sample transaction 300
[2022-07-23T18:39:44.645Z INFO  client] Sending sample transaction 301
[2022-07-23T18:39:44.696Z INFO  client] Sending sample transaction 302
[2022-07-23T18:39:44.747Z INFO  client] Sending sample transaction 303
[2022-07-23T18:39:44.796Z INFO  client] Sending sample transaction 304
[2022-07-23T18:39:44.846Z INFO  client] Sending sample transaction 305
[2022-07-23T18:39:44.895Z INFO  client] Sending sample transaction 306
[2022-07-23T18:39:44.946Z INFO  client] Sending sample transaction 307
[2022-07-23T18:39:44.995Z INFO  client] Sending sample transaction 308
[2022-07-23T18:39:45.046Z INFO  client] Sending sample transaction 309
[2022-07-23T18:39:45.096Z INFO  client] Sending sample transaction 310
[2022-07-23T18:39:45.145Z INFO  client] Sending sample transaction 311
[2022-07-23T18:39:45.196Z INFO  client] Sending sample transaction 312
[2022-07-23T18:39:45.246Z INFO  client] Sending sample transaction 313
[2022-07-23T18:39:45.297Z INFO  client] Sending sample transaction 314
[2022-07-23T18:39:45.345Z INFO  client] Sending sample transaction 315
[2022-07-23T18:39:45.435Z INFO  client] Sending sample transaction 316
[2022-07-23T18:39:45.462Z INFO  client] Sending sample transaction 317
[2022-07-23T18:39:45.495Z INFO  client] Sending sample transaction 318
[2022-07-23T18:39:45.546Z INFO  client] Sending sample transaction 319
[2022-07-23T18:39:45.595Z INFO  client] Sending sample transaction 320
[2022-07-23T18:39:45.645Z INFO  client] Sending sample transaction 321
[2022-07-23T18:39:45.696Z INFO  client] Sending sample transaction 322
[2022-07-23T18:39:45.746Z INFO  client] Sending sample transaction 323
[2022-07-23T18:39:45.797Z INFO  client] Sending sample transaction 324
[2022-07-23T18:39:45.845Z INFO  client] Sending sample transaction 325
[2022-07-23T18:39:45.896Z INFO  client] Sending sample transaction 326
[2022-07-23T18:39:45.945Z INFO  client] Sending sample transaction 327
[2022-07-23T18:39:45.996Z INFO  client] Sending sample transaction 328
[2022-07-23T18:39:46.045Z INFO  client] Sending sample transaction 329
[2022-07-23T18:39:46.094Z INFO  client] Sending sample transaction 330
[2022-07-23T18:39:46.145Z INFO  client] Sending sample transaction 331
[2022-07-23T18:39:46.195Z INFO  client] Sending sample transaction 332
[2022-07-23T18:39:46.245Z INFO  client] Sending sample transaction 333
[2022-07-23T18:39:46.295Z INFO  client] Sending sample transaction 334
[2022-07-23T18:39:46.345Z INFO  client] Sending sample transaction 335
[2022-07-23T18:39:46.396Z INFO  client] Sending sample transaction 336
[2022-07-23T18:39:46.445Z INFO  client] Sending sample transaction 337
[2022-07-23T18:39:46.517Z INFO  client] Sending sample transaction 338
[2022-07-23T18:39:46.545Z INFO  client] Sending sample transaction 339
[2022-07-23T18:39:46.595Z INFO  client] Sending sample transaction 340
[2022-07-23T18:39:46.645Z INFO  client] Sending sample transaction 341
[2022-07-23T18:39:46.696Z INFO  client] Sending sample transaction 342
[2022-07-23T18:39:46.746Z INFO  client] Sending sample transaction 343
[2022-07-23T18:39:46.797Z INFO  client] Sending sample transaction 344
[2022-07-23T18:39:46.846Z INFO  client] Sending sample transaction 345
[2022-07-23T18:39:46.895Z INFO  client] Sending sample transaction 346
[2022-07-23T18:39:46.946Z INFO  client] Sending sample transaction 347
[2022-07-23T18:39:46.996Z INFO  client] Sending sample transaction 348
[2022-07-23T18:39:47.046Z INFO  client] Sending sample transaction 349
[2022-07-23T18:39:47.095Z INFO  client] Sending sample transaction 350
[2022-07-23T18:39:47.146Z INFO  client] Sending sample transaction 351
[2022-07-23T18:39:47.195Z INFO  client] Sending sample transaction 352
[2022-07-23T18:39:47.245Z INFO  client] Sending sample transaction 353
[2022-07-23T18:39:47.296Z INFO  client] Sending sample transaction 354
[2022-07-23T18:39:47.345Z INFO  client] Sending sample transaction 355
[2022-07-23T18:39:47.397Z INFO  client] Sending sample transaction 356
[2022-07-23T18:39:47.446Z INFO  client] Sending sample transaction 357
[2022-07-23T18:39:47.497Z INFO  client] Sending sample transaction 358
[2022-07-23T18:39:47.547Z INFO  client] Sending sample transaction 359
[2022-07-23T18:39:47.596Z INFO  client] Sending sample transaction 360
[2022-07-23T18:39:47.647Z INFO  client] Sending sample transaction 361
[2022-07-23T18:39:47.695Z INFO  client] Sending sample transaction 362
[2022-07-23T18:39:47.745Z INFO  client] Sending sample transaction 363
[2022-07-23T18:39:47.796Z INFO  client] Sending sample transaction 364
[2022-07-23T18:39:47.845Z INFO  client] Sending sample transaction 365
[2022-07-23T18:39:47.895Z INFO  client] Sending sample transaction 366
[2022-07-23T18:39:47.945Z INFO  client] Sending sample transaction 367
[2022-07-23T18:39:47.995Z INFO  client] Sending sample transaction 368
[2022-07-23T18:39:48.045Z INFO  client] Sending sample transaction 369
[2022-07-23T18:39:48.096Z INFO  client] Sending sample transaction 370
[2022-07-23T18:39:48.147Z INFO  client] Sending sample transaction 371
[2022-07-23T18:39:48.195Z INFO  client] Sending sample transaction 372
[2022-07-23T18:39:48.245Z INFO  client] Sending sample transaction 373
[2022-07-23T18:39:48.296Z INFO  client] Sending sample transaction 374
[2022-07-23T18:39:48.346Z INFO  client] Sending sample transaction 375
[2022-07-23T18:39:48.396Z INFO  client] Sending sample transaction 376
[2022-07-23T18:39:48.445Z INFO  client] Sending sample transaction 377
[2022-07-23T18:39:48.496Z INFO  client] Sending sample transaction 378
[2022-07-23T18:39:48.548Z INFO  client] Sending sample transaction 379
[2022-07-23T18:39:48.600Z INFO  client] Sending sample transaction 380
[2022-07-23T18:39:48.646Z INFO  client] Sending sample transaction 381
[2022-07-23T18:39:48.695Z INFO  client] Sending sample transaction 382
[2022-07-23T18:39:48.745Z INFO  client] Sending sample transaction 383
[2022-07-23T18:39:48.799Z INFO  client] Sending sample transaction 384
[2022-07-23T18:39:48.846Z INFO  client] Sending sample transaction 385
[2022-07-23T18:39:48.896Z INFO  client] Sending sample transaction 386
[2022-07-23T18:39:48.945Z INFO  client] Sending sample transaction 387
[2022-07-23T18:39:48.996Z INFO  client] Sending sample transaction 388
[2022-07-23T18:39:49.047Z INFO  client] Sending sample transaction 389
[2022-07-23T18:39:49.095Z INFO  client] Sending sample transaction 390
[2022-07-23T18:39:49.145Z INFO  client] Sending sample transaction 391
[2022-07-23T18:39:49.195Z INFO  client] Sending sample transaction 392
[2022-07-23T18:39:49.246Z INFO  client] Sending sample transaction 393
[2022-07-23T18:39:49.299Z INFO  client] Sending sample transaction 394
[2022-07-23T18:39:49.346Z INFO  client] Sending sample transaction 395
[2022-07-23T18:39:49.397Z INFO  client] Sending sample transaction 396
[2022-07-23T18:39:49.445Z INFO  client] Sending sample transaction 397
[2022-07-23T18:39:49.496Z INFO  client] Sending sample transaction 398
[2022-07-23T18:39:49.550Z INFO  client] Sending sample transaction 399
[2022-07-23T18:39:49.618Z INFO  client] Sending sample transaction 400
[2022-07-23T18:39:49.648Z INFO  client] Sending sample transaction 401
[2022-07-23T18:39:49.695Z INFO  client] Sending sample transaction 402
[2022-07-23T18:39:49.751Z INFO  client] Sending sample transaction 403
[2022-07-23T18:39:49.796Z INFO  client] Sending sample transaction 404
[2022-07-23T18:39:49.849Z INFO  client] Sending sample transaction 405
[2022-07-23T18:39:49.895Z INFO  client] Sending sample transaction 406
[2022-07-23T18:39:49.946Z INFO  client] Sending sample transaction 407
[2022-07-23T18:39:49.995Z INFO  client] Sending sample transaction 408
[2022-07-23T18:39:50.046Z INFO  client] Sending sample transaction 409
[2022-07-23T18:39:50.095Z INFO  client] Sending sample transaction 410
[2022-07-23T18:39:50.145Z INFO  client] Sending sample transaction 411
[2022-07-23T18:39:50.196Z INFO  client] Sending sample transaction 412
[2022-07-23T18:39:50.245Z INFO  client] Sending sample transaction 413
[2022-07-23T18:39:50.296Z INFO  client] Sending sample transaction 414
[2022-07-23T18:39:50.345Z INFO  client] Sending sample transaction 415
[2022-07-23T18:39:50.395Z INFO  client] Sending sample transaction 416
[2022-07-23T18:39:50.446Z INFO  client] Sending sample transaction 417
[2022-07-23T18:39:50.495Z INFO  client] Sending sample transaction 418
[2022-07-23T18:39:50.546Z INFO  client] Sending sample transaction 419
[2022-07-23T18:39:50.595Z INFO  client] Sending sample transaction 420
[2022-07-23T18:39:50.646Z INFO  client] Sending sample transaction 421
[2022-07-23T18:39:50.695Z INFO  client] Sending sample transaction 422
[2022-07-23T18:39:50.746Z INFO  client] Sending sample transaction 423
[2022-07-23T18:39:50.796Z INFO  client] Sending sample transaction 424
[2022-07-23T18:39:50.849Z INFO  client] Sending sample transaction 425
[2022-07-23T18:39:50.895Z INFO  client] Sending sample transaction 426
[2022-07-23T18:39:50.946Z INFO  client] Sending sample transaction 427
