[2022-07-24T10:18:51.451Z INFO  client] Node address: 127.0.0.1:9014
[2022-07-24T10:18:51.451Z INFO  client] Transactions size: 512 B
[2022-07-24T10:18:51.451Z INFO  client] Transactions rate: 112 tx/s
[2022-07-24T10:18:51.451Z INFO  client] Waiting for all nodes to be online...
[2022-07-24T10:18:51.451Z INFO  client] Waiting for all nodes to be synchronized...
[2022-07-24T10:18:53.476Z INFO  client] Start sending transactions
[2022-07-24T10:18:53.485Z INFO  client] Sending sample transaction 0
[2022-07-24T10:18:53.531Z INFO  client] Sending sample transaction 1
[2022-07-24T10:18:53.598Z INFO  client] Sending sample transaction 2
[2022-07-24T10:18:53.632Z INFO  client] Sending sample transaction 3
[2022-07-24T10:18:53.685Z INFO  client] Sending sample transaction 4
[2022-07-24T10:18:53.728Z INFO  client] Sending sample transaction 5
[2022-07-24T10:18:53.778Z INFO  client] Sending sample transaction 6
[2022-07-24T10:18:53.830Z INFO  client] Sending sample transaction 7
[2022-07-24T10:18:53.880Z INFO  client] Sending sample transaction 8
[2022-07-24T10:18:53.928Z INFO  client] Sending sample transaction 9
[2022-07-24T10:18:53.977Z INFO  client] Sending sample transaction 10
[2022-07-24T10:18:54.078Z INFO  client] Sending sample transaction 11
[2022-07-24T10:18:54.088Z INFO  client] Sending sample transaction 12
[2022-07-24T10:18:54.129Z INFO  client] Sending sample transaction 13
[2022-07-24T10:18:54.179Z INFO  client] Sending sample transaction 14
[2022-07-24T10:18:54.228Z INFO  client] Sending sample transaction 15
[2022-07-24T10:18:54.278Z INFO  client] Sending sample transaction 16
[2022-07-24T10:18:54.329Z INFO  client] Sending sample transaction 17
[2022-07-24T10:18:54.378Z INFO  client] Sending sample transaction 18
[2022-07-24T10:18:54.429Z INFO  client] Sending sample transaction 19
[2022-07-24T10:18:54.477Z INFO  client] Sending sample transaction 20
[2022-07-24T10:18:54.529Z INFO  client] Sending sample transaction 21
[2022-07-24T10:18:54.579Z INFO  client] Sending sample transaction 22
[2022-07-24T10:18:54.629Z INFO  client] Sending sample transaction 23
[2022-07-24T10:18:54.683Z INFO  client] Sending sample transaction 24
[2022-07-24T10:18:54.728Z INFO  client] Sending sample transaction 25
[2022-07-24T10:18:54.778Z INFO  client] Sending sample transaction 26
[2022-07-24T10:18:54.828Z INFO  client] Sending sample transaction 27
[2022-07-24T10:18:54.878Z INFO  client] Sending sample transaction 28
[2022-07-24T10:18:54.929Z INFO  client] Sending sample transaction 29
[2022-07-24T10:18:54.978Z INFO  client] Sending sample transaction 30
[2022-07-24T10:18:55.028Z INFO  client] Sending sample transaction 31
[2022-07-24T10:18:55.078Z INFO  client] Sending sample transaction 32
[2022-07-24T10:18:55.131Z INFO  client] Sending sample transaction 33
[2022-07-24T10:18:55.179Z INFO  client] Sending sample transaction 34
[2022-07-24T10:18:55.261Z INFO  client] Sending sample transaction 35
[2022-07-24T10:18:55.326Z INFO  client] Sending sample transaction 36
[2022-07-24T10:18:55.334Z INFO  client] Sending sample transaction 37
[2022-07-24T10:18:55.379Z INFO  client] Sending sample transaction 38
[2022-07-24T10:18:55.429Z INFO  client] Sending sample transaction 39
[2022-07-24T10:18:55.477Z INFO  client] Sending sample transaction 40
[2022-07-24T10:18:55.528Z INFO  client] Sending sample transaction 41
[2022-07-24T10:18:55.579Z INFO  client] Sending sample transaction 42
[2022-07-24T10:18:55.630Z INFO  client] Sending sample transaction 43
[2022-07-24T10:18:55.678Z INFO  client] Sending sample transaction 44
[2022-07-24T10:18:55.745Z INFO  client] Sending sample transaction 45
[2022-07-24T10:18:55.781Z INFO  client] Sending sample transaction 46
[2022-07-24T10:18:55.828Z INFO  client] Sending sample transaction 47
[2022-07-24T10:18:55.878Z INFO  client] Sending sample transaction 48
[2022-07-24T10:18:55.928Z INFO  client] Sending sample transaction 49
[2022-07-24T10:18:55.978Z INFO  client] Sending sample transaction 50
[2022-07-24T10:18:56.028Z INFO  client] Sending sample transaction 51
[2022-07-24T10:18:56.078Z INFO  client] Sending sample transaction 52
[2022-07-24T10:18:56.129Z INFO  client] Sending sample transaction 53
[2022-07-24T10:18:56.178Z INFO  client] Sending sample transaction 54
[2022-07-24T10:18:56.228Z INFO  client] Sending sample transaction 55
[2022-07-24T10:18:56.278Z INFO  client] Sending sample transaction 56
[2022-07-24T10:18:56.328Z INFO  client] Sending sample transaction 57
[2022-07-24T10:18:56.378Z INFO  client] Sending sample transaction 58
[2022-07-24T10:18:56.428Z INFO  client] Sending sample transaction 59
[2022-07-24T10:18:56.478Z INFO  client] Sending sample transaction 60
[2022-07-24T10:18:56.528Z INFO  client] Sending sample transaction 61
[2022-07-24T10:18:56.580Z INFO  client] Sending sample transaction 62
[2022-07-24T10:18:56.628Z INFO  client] Sending sample transaction 63
[2022-07-24T10:18:56.677Z INFO  client] Sending sample transaction 64
[2022-07-24T10:18:56.728Z INFO  client] Sending sample transaction 65
[2022-07-24T10:18:56.778Z INFO  client] Sending sample transaction 66
[2022-07-24T10:18:56.828Z INFO  client] Sending sample transaction 67
[2022-07-24T10:18:56.877Z INFO  client] Sending sample transaction 68
[2022-07-24T10:18:56.927Z INFO  client] Sending sample transaction 69
[2022-07-24T10:18:56.978Z INFO  client] Sending sample transaction 70
[2022-07-24T10:18:57.028Z INFO  client] Sending sample transaction 71
[2022-07-24T10:18:57.078Z INFO  client] Sending sample transaction 72
[2022-07-24T10:18:57.128Z INFO  client] Sending sample transaction 73
[2022-07-24T10:18:57.196Z INFO  client] Sending sample transaction 74
[2022-07-24T10:18:57.228Z INFO  client] Sending sample transaction 75
[2022-07-24T10:18:57.283Z INFO  client] Sending sample transaction 76
[2022-07-24T10:18:57.327Z INFO  client] Sending sample transaction 77
[2022-07-24T10:18:57.378Z INFO  client] Sending sample transaction 78
[2022-07-24T10:18:57.429Z INFO  client] Sending sample transaction 79
[2022-07-24T10:18:57.478Z INFO  client] Sending sample transaction 80
[2022-07-24T10:18:57.528Z INFO  client] Sending sample transaction 81
[2022-07-24T10:18:57.578Z INFO  client] Sending sample transaction 82
[2022-07-24T10:18:57.628Z INFO  client] Sending sample transaction 83
[2022-07-24T10:18:57.678Z INFO  client] Sending sample transaction 84
[2022-07-24T10:18:57.728Z INFO  client] Sending sample transaction 85
[2022-07-24T10:18:57.778Z INFO  client] Sending sample transaction 86
[2022-07-24T10:18:57.836Z INFO  client] Sending sample transaction 87
[2022-07-24T10:18:57.879Z INFO  client] Sending sample transaction 88
[2022-07-24T10:18:57.928Z INFO  client] Sending sample transaction 89
[2022-07-24T10:18:57.978Z INFO  client] Sending sample transaction 90
[2022-07-24T10:18:58.028Z INFO  client] Sending sample transaction 91
[2022-07-24T10:18:58.077Z INFO  client] Sending sample transaction 92
[2022-07-24T10:18:58.128Z INFO  client] Sending sample transaction 93
[2022-07-24T10:18:58.182Z INFO  client] Sending sample transaction 94
[2022-07-24T10:18:58.227Z INFO  client] Sending sample transaction 95
[2022-07-24T10:18:58.278Z INFO  client] Sending sample transaction 96
[2022-07-24T10:18:58.328Z INFO  client] Sending sample transaction 97
[2022-07-24T10:18:58.378Z INFO  client] Sending sample transaction 98
[2022-07-24T10:18:58.428Z INFO  client] Sending sample transaction 99
[2022-07-24T10:18:58.479Z INFO  client] Sending sample transaction 100
[2022-07-24T10:18:58.528Z INFO  client] Sending sample transaction 101
[2022-07-24T10:18:58.578Z INFO  client] Sending sample transaction 102
[2022-07-24T10:18:58.628Z INFO  client] Sending sample transaction 103
[2022-07-24T10:18:58.678Z INFO  client] Sending sample transaction 104
[2022-07-24T10:18:58.728Z INFO  client] Sending sample transaction 105
[2022-07-24T10:18:58.778Z INFO  client] Sending sample transaction 106
[2022-07-24T10:18:58.828Z INFO  client] Sending sample transaction 107
[2022-07-24T10:18:58.877Z INFO  client] Sending sample transaction 108
[2022-07-24T10:18:58.928Z INFO  client] Sending sample transaction 109
[2022-07-24T10:18:58.977Z INFO  client] Sending sample transaction 110
[2022-07-24T10:18:59.028Z INFO  client] Sending sample transaction 111
[2022-07-24T10:18:59.078Z INFO  client] Sending sample transaction 112
[2022-07-24T10:18:59.128Z INFO  client] Sending sample transaction 113
[2022-07-24T10:18:59.178Z INFO  client] Sending sample transaction 114
[2022-07-24T10:18:59.228Z INFO  client] Sending sample transaction 115
[2022-07-24T10:18:59.278Z INFO  client] Sending sample transaction 116
[2022-07-24T10:18:59.328Z INFO  client] Sending sample transaction 117
[2022-07-24T10:18:59.381Z INFO  client] Sending sample transaction 118
[2022-07-24T10:18:59.428Z INFO  client] Sending sample transaction 119
[2022-07-24T10:18:59.479Z INFO  client] Sending sample transaction 120
[2022-07-24T10:18:59.528Z INFO  client] Sending sample transaction 121
[2022-07-24T10:18:59.577Z INFO  client] Sending sample transaction 122
[2022-07-24T10:18:59.666Z INFO  client] Sending sample transaction 123
[2022-07-24T10:18:59.685Z INFO  client] Sending sample transaction 124
[2022-07-24T10:18:59.728Z INFO  client] Sending sample transaction 125
[2022-07-24T10:18:59.777Z INFO  client] Sending sample transaction 126
[2022-07-24T10:18:59.831Z INFO  client] Sending sample transaction 127
[2022-07-24T10:18:59.879Z INFO  client] Sending sample transaction 128
[2022-07-24T10:18:59.928Z INFO  client] Sending sample transaction 129
[2022-07-24T10:18:59.977Z INFO  client] Sending sample transaction 130
[2022-07-24T10:19:00.027Z INFO  client] Sending sample transaction 131
[2022-07-24T10:19:00.078Z INFO  client] Sending sample transaction 132
[2022-07-24T10:19:00.128Z INFO  client] Sending sample transaction 133
[2022-07-24T10:19:00.177Z INFO  client] Sending sample transaction 134
[2022-07-24T10:19:00.228Z INFO  client] Sending sample transaction 135
[2022-07-24T10:19:00.278Z INFO  client] Sending sample transaction 136
[2022-07-24T10:19:00.328Z INFO  client] Sending sample transaction 137
[2022-07-24T10:19:00.378Z INFO  client] Sending sample transaction 138
[2022-07-24T10:19:00.428Z INFO  client] Sending sample transaction 139
[2022-07-24T10:19:00.478Z INFO  client] Sending sample transaction 140
[2022-07-24T10:19:00.528Z INFO  client] Sending sample transaction 141
[2022-07-24T10:19:00.578Z INFO  client] Sending sample transaction 142
[2022-07-24T10:19:00.627Z INFO  client] Sending sample transaction 143
[2022-07-24T10:19:00.678Z INFO  client] Sending sample transaction 144
[2022-07-24T10:19:00.728Z INFO  client] Sending sample transaction 145
[2022-07-24T10:19:00.778Z INFO  client] Sending sample transaction 146
[2022-07-24T10:19:00.829Z INFO  client] Sending sample transaction 147
[2022-07-24T10:19:00.879Z INFO  client] Sending sample transaction 148
[2022-07-24T10:19:00.933Z INFO  client] Sending sample transaction 149
[2022-07-24T10:19:00.978Z INFO  client] Sending sample transaction 150
[2022-07-24T10:19:01.029Z INFO  client] Sending sample transaction 151
[2022-07-24T10:19:01.078Z INFO  client] Sending sample transaction 152
[2022-07-24T10:19:01.128Z INFO  client] Sending sample transaction 153
[2022-07-24T10:19:01.177Z INFO  client] Sending sample transaction 154
[2022-07-24T10:19:01.228Z INFO  client] Sending sample transaction 155
[2022-07-24T10:19:01.278Z INFO  client] Sending sample transaction 156
[2022-07-24T10:19:01.327Z INFO  client] Sending sample transaction 157
[2022-07-24T10:19:01.378Z INFO  client] Sending sample transaction 158
[2022-07-24T10:19:01.428Z INFO  client] Sending sample transaction 159
[2022-07-24T10:19:01.478Z INFO  client] Sending sample transaction 160
[2022-07-24T10:19:01.528Z INFO  client] Sending sample transaction 161
[2022-07-24T10:19:01.578Z INFO  client] Sending sample transaction 162
[2022-07-24T10:19:01.628Z INFO  client] Sending sample transaction 163
[2022-07-24T10:19:01.678Z INFO  client] Sending sample transaction 164
[2022-07-24T10:19:01.730Z INFO  client] Sending sample transaction 165
[2022-07-24T10:19:01.784Z INFO  client] Sending sample transaction 166
[2022-07-24T10:19:01.840Z INFO  client] Sending sample transaction 167
[2022-07-24T10:19:01.879Z INFO  client] Sending sample transaction 168
[2022-07-24T10:19:01.928Z INFO  client] Sending sample transaction 169
[2022-07-24T10:19:01.978Z INFO  client] Sending sample transaction 170
[2022-07-24T10:19:02.028Z INFO  client] Sending sample transaction 171
[2022-07-24T10:19:02.078Z INFO  client] Sending sample transaction 172
[2022-07-24T10:19:02.128Z INFO  client] Sending sample transaction 173
[2022-07-24T10:19:02.178Z INFO  client] Sending sample transaction 174
[2022-07-24T10:19:02.228Z INFO  client] Sending sample transaction 175
[2022-07-24T10:19:02.278Z INFO  client] Sending sample transaction 176
[2022-07-24T10:19:02.328Z INFO  client] Sending sample transaction 177
[2022-07-24T10:19:02.379Z INFO  client] Sending sample transaction 178
[2022-07-24T10:19:02.428Z INFO  client] Sending sample transaction 179
[2022-07-24T10:19:02.478Z INFO  client] Sending sample transaction 180
[2022-07-24T10:19:02.528Z INFO  client] Sending sample transaction 181
[2022-07-24T10:19:02.578Z INFO  client] Sending sample transaction 182
[2022-07-24T10:19:02.628Z INFO  client] Sending sample transaction 183
[2022-07-24T10:19:02.678Z INFO  client] Sending sample transaction 184
[2022-07-24T10:19:02.728Z INFO  client] Sending sample transaction 185
[2022-07-24T10:19:02.801Z INFO  client] Sending sample transaction 186
[2022-07-24T10:19:02.831Z INFO  client] Sending sample transaction 187
[2022-07-24T10:19:02.878Z INFO  client] Sending sample transaction 188
[2022-07-24T10:19:02.928Z INFO  client] Sending sample transaction 189
[2022-07-24T10:19:02.978Z INFO  client] Sending sample transaction 190
[2022-07-24T10:19:03.028Z INFO  client] Sending sample transaction 191
[2022-07-24T10:19:03.079Z INFO  client] Sending sample transaction 192
[2022-07-24T10:19:03.129Z INFO  client] Sending sample transaction 193
[2022-07-24T10:19:03.178Z INFO  client] Sending sample transaction 194
[2022-07-24T10:19:03.229Z INFO  client] Sending sample transaction 195
[2022-07-24T10:19:03.278Z INFO  client] Sending sample transaction 196
[2022-07-24T10:19:03.328Z INFO  client] Sending sample transaction 197
[2022-07-24T10:19:03.378Z INFO  client] Sending sample transaction 198
[2022-07-24T10:19:03.428Z INFO  client] Sending sample transaction 199
[2022-07-24T10:19:03.478Z INFO  client] Sending sample transaction 200
[2022-07-24T10:19:03.528Z INFO  client] Sending sample transaction 201
[2022-07-24T10:19:03.578Z INFO  client] Sending sample transaction 202
[2022-07-24T10:19:03.628Z INFO  client] Sending sample transaction 203
[2022-07-24T10:19:03.678Z INFO  client] Sending sample transaction 204
[2022-07-24T10:19:03.728Z INFO  client] Sending sample transaction 205
[2022-07-24T10:19:03.778Z INFO  client] Sending sample transaction 206
[2022-07-24T10:19:03.828Z INFO  client] Sending sample transaction 207
[2022-07-24T10:19:03.878Z INFO  client] Sending sample transaction 208
[2022-07-24T10:19:03.929Z INFO  client] Sending sample transaction 209
[2022-07-24T10:19:03.977Z INFO  client] Sending sample transaction 210
[2022-07-24T10:19:04.035Z INFO  client] Sending sample transaction 211
[2022-07-24T10:19:04.081Z INFO  client] Sending sample transaction 212
[2022-07-24T10:19:04.127Z INFO  client] Sending sample transaction 213
[2022-07-24T10:19:04.178Z INFO  client] Sending sample transaction 214
[2022-07-24T10:19:04.228Z INFO  client] Sending sample transaction 215
[2022-07-24T10:19:04.278Z INFO  client] Sending sample transaction 216
[2022-07-24T10:19:04.328Z INFO  client] Sending sample transaction 217
[2022-07-24T10:19:04.379Z INFO  client] Sending sample transaction 218
[2022-07-24T10:19:04.428Z INFO  client] Sending sample transaction 219
[2022-07-24T10:19:04.477Z INFO  client] Sending sample transaction 220
[2022-07-24T10:19:04.529Z INFO  client] Sending sample transaction 221
[2022-07-24T10:19:04.578Z INFO  client] Sending sample transaction 222
[2022-07-24T10:19:04.628Z INFO  client] Sending sample transaction 223
[2022-07-24T10:19:04.678Z INFO  client] Sending sample transaction 224
[2022-07-24T10:19:04.727Z INFO  client] Sending sample transaction 225
[2022-07-24T10:19:04.778Z INFO  client] Sending sample transaction 226
[2022-07-24T10:19:04.828Z INFO  client] Sending sample transaction 227
[2022-07-24T10:19:04.878Z INFO  client] Sending sample transaction 228
[2022-07-24T10:19:04.941Z INFO  client] Sending sample transaction 229
[2022-07-24T10:19:04.979Z INFO  client] Sending sample transaction 230
[2022-07-24T10:19:05.027Z INFO  client] Sending sample transaction 231
[2022-07-24T10:19:05.077Z INFO  client] Sending sample transaction 232
[2022-07-24T10:19:05.128Z INFO  client] Sending sample transaction 233
[2022-07-24T10:19:05.177Z INFO  client] Sending sample transaction 234
[2022-07-24T10:19:05.229Z INFO  client] Sending sample transaction 235
[2022-07-24T10:19:05.277Z INFO  client] Sending sample transaction 236
[2022-07-24T10:19:05.327Z INFO  client] Sending sample transaction 237
[2022-07-24T10:19:05.378Z INFO  client] Sending sample transaction 238
[2022-07-24T10:19:05.427Z INFO  client] Sending sample transaction 239
[2022-07-24T10:19:05.478Z INFO  client] Sending sample transaction 240
[2022-07-24T10:19:05.527Z INFO  client] Sending sample transaction 241
[2022-07-24T10:19:05.578Z INFO  client] Sending sample transaction 242
[2022-07-24T10:19:05.628Z INFO  client] Sending sample transaction 243
[2022-07-24T10:19:05.679Z INFO  client] Sending sample transaction 244
[2022-07-24T10:19:05.728Z INFO  client] Sending sample transaction 245
[2022-07-24T10:19:05.777Z INFO  client] Sending sample transaction 246
[2022-07-24T10:19:05.828Z INFO  client] Sending sample transaction 247
[2022-07-24T10:19:05.878Z INFO  client] Sending sample transaction 248
[2022-07-24T10:19:05.928Z INFO  client] Sending sample transaction 249
[2022-07-24T10:19:05.978Z INFO  client] Sending sample transaction 250
[2022-07-24T10:19:06.027Z INFO  client] Sending sample transaction 251
[2022-07-24T10:19:06.079Z INFO  client] Sending sample transaction 252
[2022-07-24T10:19:06.134Z INFO  client] Sending sample transaction 253
[2022-07-24T10:19:06.178Z INFO  client] Sending sample transaction 254
[2022-07-24T10:19:06.228Z INFO  client] Sending sample transaction 255
[2022-07-24T10:19:06.279Z INFO  client] Sending sample transaction 256
[2022-07-24T10:19:06.328Z INFO  client] Sending sample transaction 257
[2022-07-24T10:19:06.379Z INFO  client] Sending sample transaction 258
[2022-07-24T10:19:06.428Z INFO  client] Sending sample transaction 259
[2022-07-24T10:19:06.478Z INFO  client] Sending sample transaction 260
[2022-07-24T10:19:06.528Z INFO  client] Sending sample transaction 261
[2022-07-24T10:19:06.578Z INFO  client] Sending sample transaction 262
[2022-07-24T10:19:06.629Z INFO  client] Sending sample transaction 263
[2022-07-24T10:19:06.678Z INFO  client] Sending sample transaction 264
[2022-07-24T10:19:06.727Z INFO  client] Sending sample transaction 265
[2022-07-24T10:19:06.778Z INFO  client] Sending sample transaction 266
[2022-07-24T10:19:06.828Z INFO  client] Sending sample transaction 267
[2022-07-24T10:19:06.877Z INFO  client] Sending sample transaction 268
[2022-07-24T10:19:06.928Z INFO  client] Sending sample transaction 269
[2022-07-24T10:19:06.977Z INFO  client] Sending sample transaction 270
[2022-07-24T10:19:07.028Z INFO  client] Sending sample transaction 271
[2022-07-24T10:19:07.093Z INFO  client] Sending sample transaction 272
[2022-07-24T10:19:07.128Z INFO  client] Sending sample transaction 273
[2022-07-24T10:19:07.178Z INFO  client] Sending sample transaction 274
[2022-07-24T10:19:07.228Z INFO  client] Sending sample transaction 275
[2022-07-24T10:19:07.278Z INFO  client] Sending sample transaction 276
[2022-07-24T10:19:07.328Z INFO  client] Sending sample transaction 277
[2022-07-24T10:19:07.377Z INFO  client] Sending sample transaction 278
[2022-07-24T10:19:07.428Z INFO  client] Sending sample transaction 279
[2022-07-24T10:19:07.477Z INFO  client] Sending sample transaction 280
[2022-07-24T10:19:07.528Z INFO  client] Sending sample transaction 281
[2022-07-24T10:19:07.577Z INFO  client] Sending sample transaction 282
[2022-07-24T10:19:07.628Z INFO  client] Sending sample transaction 283
[2022-07-24T10:19:07.678Z INFO  client] Sending sample transaction 284
[2022-07-24T10:19:07.727Z INFO  client] Sending sample transaction 285
[2022-07-24T10:19:07.778Z INFO  client] Sending sample transaction 286
[2022-07-24T10:19:07.828Z INFO  client] Sending sample transaction 287
[2022-07-24T10:19:07.878Z INFO  client] Sending sample transaction 288
[2022-07-24T10:19:07.928Z INFO  client] Sending sample transaction 289
[2022-07-24T10:19:07.978Z INFO  client] Sending sample transaction 290
[2022-07-24T10:19:08.027Z INFO  client] Sending sample transaction 291
[2022-07-24T10:19:08.078Z INFO  client] Sending sample transaction 292
[2022-07-24T10:19:08.129Z INFO  client] Sending sample transaction 293
[2022-07-24T10:19:08.178Z INFO  client] Sending sample transaction 294
[2022-07-24T10:19:08.231Z INFO  client] Sending sample transaction 295
[2022-07-24T10:19:08.278Z INFO  client] Sending sample transaction 296
[2022-07-24T10:19:08.328Z INFO  client] Sending sample transaction 297
[2022-07-24T10:19:08.378Z INFO  client] Sending sample transaction 298
[2022-07-24T10:19:08.429Z INFO  client] Sending sample transaction 299
[2022-07-24T10:19:08.477Z INFO  client] Sending sample transaction 300
[2022-07-24T10:19:08.528Z INFO  client] Sending sample transaction 301
[2022-07-24T10:19:08.579Z INFO  client] Sending sample transaction 302
[2022-07-24T10:19:08.627Z INFO  client] Sending sample transaction 303
[2022-07-24T10:19:08.678Z INFO  client] Sending sample transaction 304
[2022-07-24T10:19:08.727Z INFO  client] Sending sample transaction 305
[2022-07-24T10:19:08.777Z INFO  client] Sending sample transaction 306
[2022-07-24T10:19:08.839Z INFO  client] Sending sample transaction 307
[2022-07-24T10:19:08.907Z INFO  client] Sending sample transaction 308
[2022-07-24T10:19:08.930Z INFO  client] Sending sample transaction 309
[2022-07-24T10:19:08.986Z INFO  client] Sending sample transaction 310
[2022-07-24T10:19:09.028Z INFO  client] Sending sample transaction 311
[2022-07-24T10:19:09.078Z INFO  client] Sending sample transaction 312
[2022-07-24T10:19:09.129Z INFO  client] Sending sample transaction 313
[2022-07-24T10:19:09.178Z INFO  client] Sending sample transaction 314
[2022-07-24T10:19:09.228Z INFO  client] Sending sample transaction 315
[2022-07-24T10:19:09.278Z INFO  client] Sending sample transaction 316
[2022-07-24T10:19:09.329Z INFO  client] Sending sample transaction 317
[2022-07-24T10:19:09.378Z INFO  client] Sending sample transaction 318
[2022-07-24T10:19:09.429Z INFO  client] Sending sample transaction 319
[2022-07-24T10:19:09.478Z INFO  client] Sending sample transaction 320
[2022-07-24T10:19:09.528Z INFO  client] Sending sample transaction 321
[2022-07-24T10:19:09.578Z INFO  client] Sending sample transaction 322
[2022-07-24T10:19:09.629Z INFO  client] Sending sample transaction 323
[2022-07-24T10:19:09.677Z INFO  client] Sending sample transaction 324
[2022-07-24T10:19:09.728Z INFO  client] Sending sample transaction 325
[2022-07-24T10:19:09.777Z INFO  client] Sending sample transaction 326
[2022-07-24T10:19:09.828Z INFO  client] Sending sample transaction 327
[2022-07-24T10:19:09.878Z INFO  client] Sending sample transaction 328
[2022-07-24T10:19:09.929Z INFO  client] Sending sample transaction 329
[2022-07-24T10:19:09.978Z INFO  client] Sending sample transaction 330
[2022-07-24T10:19:10.028Z INFO  client] Sending sample transaction 331
[2022-07-24T10:19:10.078Z INFO  client] Sending sample transaction 332
[2022-07-24T10:19:10.129Z INFO  client] Sending sample transaction 333
[2022-07-24T10:19:10.179Z INFO  client] Sending sample transaction 334
[2022-07-24T10:19:10.228Z INFO  client] Sending sample transaction 335
[2022-07-24T10:19:10.283Z INFO  client] Sending sample transaction 336
[2022-07-24T10:19:10.336Z INFO  client] Sending sample transaction 337
[2022-07-24T10:19:10.378Z INFO  client] Sending sample transaction 338
[2022-07-24T10:19:10.428Z INFO  client] Sending sample transaction 339
[2022-07-24T10:19:10.478Z INFO  client] Sending sample transaction 340
[2022-07-24T10:19:10.527Z INFO  client] Sending sample transaction 341
[2022-07-24T10:19:10.578Z INFO  client] Sending sample transaction 342
[2022-07-24T10:19:10.629Z INFO  client] Sending sample transaction 343
[2022-07-24T10:19:10.678Z INFO  client] Sending sample transaction 344
[2022-07-24T10:19:10.728Z INFO  client] Sending sample transaction 345
[2022-07-24T10:19:10.778Z INFO  client] Sending sample transaction 346
[2022-07-24T10:19:10.828Z INFO  client] Sending sample transaction 347
[2022-07-24T10:19:10.878Z INFO  client] Sending sample transaction 348
[2022-07-24T10:19:10.928Z INFO  client] Sending sample transaction 349
[2022-07-24T10:19:10.978Z INFO  client] Sending sample transaction 350
[2022-07-24T10:19:11.028Z INFO  client] Sending sample transaction 351
[2022-07-24T10:19:11.078Z INFO  client] Sending sample transaction 352
[2022-07-24T10:19:11.128Z INFO  client] Sending sample transaction 353
[2022-07-24T10:19:11.179Z INFO  client] Sending sample transaction 354
[2022-07-24T10:19:11.229Z INFO  client] Sending sample transaction 355
[2022-07-24T10:19:11.278Z INFO  client] Sending sample transaction 356
[2022-07-24T10:19:11.328Z INFO  client] Sending sample transaction 357
[2022-07-24T10:19:11.378Z INFO  client] Sending sample transaction 358
[2022-07-24T10:19:11.428Z INFO  client] Sending sample transaction 359
[2022-07-24T10:19:11.479Z INFO  client] Sending sample transaction 360
[2022-07-24T10:19:11.528Z INFO  client] Sending sample transaction 361
[2022-07-24T10:19:11.579Z INFO  client] Sending sample transaction 362
[2022-07-24T10:19:11.628Z INFO  client] Sending sample transaction 363
[2022-07-24T10:19:11.677Z INFO  client] Sending sample transaction 364
[2022-07-24T10:19:11.728Z INFO  client] Sending sample transaction 365
[2022-07-24T10:19:11.778Z INFO  client] Sending sample transaction 366
[2022-07-24T10:19:11.827Z INFO  client] Sending sample transaction 367
[2022-07-24T10:19:11.878Z INFO  client] Sending sample transaction 368
[2022-07-24T10:19:11.928Z INFO  client] Sending sample transaction 369
[2022-07-24T10:19:11.978Z INFO  client] Sending sample transaction 370
[2022-07-24T10:19:12.028Z INFO  client] Sending sample transaction 371
[2022-07-24T10:19:12.077Z INFO  client] Sending sample transaction 372
[2022-07-24T10:19:12.128Z INFO  client] Sending sample transaction 373
[2022-07-24T10:19:12.178Z INFO  client] Sending sample transaction 374
[2022-07-24T10:19:12.227Z INFO  client] Sending sample transaction 375
[2022-07-24T10:19:12.278Z INFO  client] Sending sample transaction 376
[2022-07-24T10:19:12.328Z INFO  client] Sending sample transaction 377
[2022-07-24T10:19:12.383Z INFO  client] Sending sample transaction 378
[2022-07-24T10:19:12.434Z INFO  client] Sending sample transaction 379
[2022-07-24T10:19:12.478Z INFO  client] Sending sample transaction 380
[2022-07-24T10:19:12.542Z INFO  client] Sending sample transaction 381
[2022-07-24T10:19:12.592Z INFO  client] Sending sample transaction 382
[2022-07-24T10:19:12.629Z INFO  client] Sending sample transaction 383
[2022-07-24T10:19:12.679Z INFO  client] Sending sample transaction 384
[2022-07-24T10:19:12.727Z INFO  client] Sending sample transaction 385
[2022-07-24T10:19:12.778Z INFO  client] Sending sample transaction 386
[2022-07-24T10:19:12.828Z INFO  client] Sending sample transaction 387
[2022-07-24T10:19:12.878Z INFO  client] Sending sample transaction 388
[2022-07-24T10:19:12.928Z INFO  client] Sending sample transaction 389
[2022-07-24T10:19:12.978Z INFO  client] Sending sample transaction 390
[2022-07-24T10:19:13.028Z INFO  client] Sending sample transaction 391
[2022-07-24T10:19:13.078Z INFO  client] Sending sample transaction 392
[2022-07-24T10:19:13.128Z INFO  client] Sending sample transaction 393
[2022-07-24T10:19:13.178Z INFO  client] Sending sample transaction 394
[2022-07-24T10:19:13.228Z INFO  client] Sending sample transaction 395
[2022-07-24T10:19:13.278Z INFO  client] Sending sample transaction 396
[2022-07-24T10:19:13.328Z INFO  client] Sending sample transaction 397
[2022-07-24T10:19:13.377Z INFO  client] Sending sample transaction 398
[2022-07-24T10:19:13.429Z INFO  client] Sending sample transaction 399
[2022-07-24T10:19:13.477Z INFO  client] Sending sample transaction 400
[2022-07-24T10:19:13.528Z INFO  client] Sending sample transaction 401
[2022-07-24T10:19:13.579Z INFO  client] Sending sample transaction 402
[2022-07-24T10:19:13.628Z INFO  client] Sending sample transaction 403
[2022-07-24T10:19:13.678Z INFO  client] Sending sample transaction 404
[2022-07-24T10:19:13.728Z INFO  client] Sending sample transaction 405
[2022-07-24T10:19:13.777Z INFO  client] Sending sample transaction 406
[2022-07-24T10:19:13.828Z INFO  client] Sending sample transaction 407
[2022-07-24T10:19:13.878Z INFO  client] Sending sample transaction 408
[2022-07-24T10:19:13.928Z INFO  client] Sending sample transaction 409
[2022-07-24T10:19:13.979Z INFO  client] Sending sample transaction 410
[2022-07-24T10:19:14.028Z INFO  client] Sending sample transaction 411
[2022-07-24T10:19:14.078Z INFO  client] Sending sample transaction 412
[2022-07-24T10:19:14.127Z INFO  client] Sending sample transaction 413
[2022-07-24T10:19:14.178Z INFO  client] Sending sample transaction 414
[2022-07-24T10:19:14.227Z INFO  client] Sending sample transaction 415
[2022-07-24T10:19:14.277Z INFO  client] Sending sample transaction 416
[2022-07-24T10:19:14.329Z INFO  client] Sending sample transaction 417
[2022-07-24T10:19:14.378Z INFO  client] Sending sample transaction 418
[2022-07-24T10:19:14.427Z INFO  client] Sending sample transaction 419
[2022-07-24T10:19:14.478Z INFO  client] Sending sample transaction 420
[2022-07-24T10:19:14.552Z INFO  client] Sending sample transaction 421
[2022-07-24T10:19:14.600Z INFO  client] Sending sample transaction 422
[2022-07-24T10:19:14.627Z INFO  client] Sending sample transaction 423
[2022-07-24T10:19:14.678Z INFO  client] Sending sample transaction 424
[2022-07-24T10:19:14.739Z INFO  client] Sending sample transaction 425
[2022-07-24T10:19:14.780Z INFO  client] Sending sample transaction 426
[2022-07-24T10:19:14.828Z INFO  client] Sending sample transaction 427
[2022-07-24T10:19:14.879Z INFO  client] Sending sample transaction 428
[2022-07-24T10:19:14.929Z INFO  client] Sending sample transaction 429
[2022-07-24T10:19:14.978Z INFO  client] Sending sample transaction 430
[2022-07-24T10:19:15.028Z INFO  client] Sending sample transaction 431
[2022-07-24T10:19:15.078Z INFO  client] Sending sample transaction 432
[2022-07-24T10:19:15.133Z INFO  client] Sending sample transaction 433
[2022-07-24T10:19:15.178Z INFO  client] Sending sample transaction 434
[2022-07-24T10:19:15.228Z INFO  client] Sending sample transaction 435
[2022-07-24T10:19:15.284Z INFO  client] Sending sample transaction 436
[2022-07-24T10:19:15.328Z INFO  client] Sending sample transaction 437
[2022-07-24T10:19:15.378Z INFO  client] Sending sample transaction 438
