[2022-07-23T17:21:47.999Z INFO  client] Node address: 127.0.0.1:9014
[2022-07-23T17:21:47.999Z INFO  client] Transactions size: 512 B
[2022-07-23T17:21:47.999Z INFO  client] Transactions rate: 112 tx/s
[2022-07-23T17:21:47.999Z INFO  client] Waiting for all nodes to be online...
[2022-07-23T17:21:47.999Z INFO  client] Waiting for all nodes to be synchronized...
[2022-07-23T17:21:50.032Z INFO  client] Start sending transactions
[2022-07-23T17:21:50.050Z INFO  client] Sending sample transaction 0
[2022-07-23T17:21:50.120Z INFO  client] Sending sample transaction 1
[2022-07-23T17:21:50.154Z INFO  client] Sending sample transaction 2
[2022-07-23T17:21:50.195Z INFO  client] Sending sample transaction 3
[2022-07-23T17:21:50.237Z INFO  client] Sending sample transaction 4
[2022-07-23T17:21:50.286Z INFO  client] Sending sample transaction 5
[2022-07-23T17:21:50.339Z INFO  client] Sending sample transaction 6
[2022-07-23T17:21:50.389Z INFO  client] Sending sample transaction 7
[2022-07-23T17:21:50.443Z INFO  client] Sending sample transaction 8
[2022-07-23T17:21:50.485Z INFO  client] Sending sample transaction 9
[2022-07-23T17:21:50.534Z INFO  client] Sending sample transaction 10
[2022-07-23T17:21:50.585Z INFO  client] Sending sample transaction 11
[2022-07-23T17:21:50.635Z INFO  client] Sending sample transaction 12
[2022-07-23T17:21:50.685Z INFO  client] Sending sample transaction 13
[2022-07-23T17:21:50.735Z INFO  client] Sending sample transaction 14
[2022-07-23T17:21:50.783Z INFO  client] Sending sample transaction 15
[2022-07-23T17:21:50.834Z INFO  client] Sending sample transaction 16
[2022-07-23T17:21:50.898Z INFO  client] Sending sample transaction 17
[2022-07-23T17:21:50.933Z INFO  client] Sending sample transaction 18
[2022-07-23T17:21:50.984Z INFO  client] Sending sample transaction 19
[2022-07-23T17:21:51.113Z INFO  client] Sending sample transaction 20
[2022-07-23T17:21:51.154Z INFO  client] Sending sample transaction 21
[2022-07-23T17:21:51.201Z INFO  client] Sending sample transaction 22
[2022-07-23T17:21:51.246Z INFO  client] Sending sample transaction 23
[2022-07-23T17:21:51.247Z INFO  client] Sending sample transaction 24
[2022-07-23T17:21:51.285Z INFO  client] Sending sample transaction 25
[2022-07-23T17:21:51.336Z INFO  client] Sending sample transaction 26
[2022-07-23T17:21:51.385Z INFO  client] Sending sample transaction 27
[2022-07-23T17:21:51.459Z INFO  client] Sending sample transaction 28
[2022-07-23T17:21:51.509Z INFO  client] Sending sample transaction 29
[2022-07-23T17:21:51.534Z INFO  client] Sending sample transaction 30
[2022-07-23T17:21:51.590Z INFO  client] Sending sample transaction 31
[2022-07-23T17:21:51.635Z INFO  client] Sending sample transaction 32
[2022-07-23T17:21:51.685Z INFO  client] Sending sample transaction 33
[2022-07-23T17:21:51.739Z INFO  client] Sending sample transaction 34
[2022-07-23T17:21:51.785Z INFO  client] Sending sample transaction 35
[2022-07-23T17:21:51.833Z INFO  client] Sending sample transaction 36
[2022-07-23T17:21:51.884Z INFO  client] Sending sample transaction 37
[2022-07-23T17:21:51.934Z INFO  client] Sending sample transaction 38
[2022-07-23T17:21:51.987Z INFO  client] Sending sample transaction 39
[2022-07-23T17:21:52.034Z INFO  client] Sending sample transaction 40
[2022-07-23T17:21:52.089Z INFO  client] Sending sample transaction 41
[2022-07-23T17:21:52.151Z INFO  client] Sending sample transaction 42
[2022-07-23T17:21:52.191Z INFO  client] Sending sample transaction 43
[2022-07-23T17:21:52.236Z INFO  client] Sending sample transaction 44
[2022-07-23T17:21:52.283Z INFO  client] Sending sample transaction 45
[2022-07-23T17:21:52.334Z INFO  client] Sending sample transaction 46
[2022-07-23T17:21:52.383Z INFO  client] Sending sample transaction 47
[2022-07-23T17:21:52.434Z INFO  client] Sending sample transaction 48
[2022-07-23T17:21:52.485Z INFO  client] Sending sample transaction 49
[2022-07-23T17:21:52.559Z INFO  client] Sending sample transaction 50
[2022-07-23T17:21:52.613Z INFO  client] Sending sample transaction 51
[2022-07-23T17:21:52.634Z INFO  client] Sending sample transaction 52
[2022-07-23T17:21:52.696Z INFO  client] Sending sample transaction 53
[2022-07-23T17:21:52.743Z INFO  client] Sending sample transaction 54
[2022-07-23T17:21:52.786Z INFO  client] Sending sample transaction 55
[2022-07-23T17:21:52.833Z INFO  client] Sending sample transaction 56
[2022-07-23T17:21:52.889Z INFO  client] Sending sample transaction 57
[2022-07-23T17:21:52.933Z INFO  client] Sending sample transaction 58
[2022-07-23T17:21:52.984Z INFO  client] Sending sample transaction 59
[2022-07-23T17:21:53.034Z INFO  client] Sending sample transaction 60
[2022-07-23T17:21:53.084Z INFO  client] Sending sample transaction 61
[2022-07-23T17:21:53.134Z INFO  client] Sending sample transaction 62
[2022-07-23T17:21:53.183Z INFO  client] Sending sample transaction 63
[2022-07-23T17:21:53.234Z INFO  client] Sending sample transaction 64
[2022-07-23T17:21:53.283Z INFO  client] Sending sample transaction 65
[2022-07-23T17:21:53.334Z INFO  client] Sending sample transaction 66
[2022-07-23T17:21:53.383Z INFO  client] Sending sample transaction 67
[2022-07-23T17:21:53.435Z INFO  client] Sending sample transaction 68
[2022-07-23T17:21:53.484Z INFO  client] Sending sample transaction 69
[2022-07-23T17:21:53.533Z INFO  client] Sending sample transaction 70
[2022-07-23T17:21:53.597Z INFO  client] Sending sample transaction 71
[2022-07-23T17:21:53.638Z INFO  client] Sending sample transaction 72
[2022-07-23T17:21:53.710Z INFO  client] Sending sample transaction 73
[2022-07-23T17:21:53.734Z INFO  client] Sending sample transaction 74
[2022-07-23T17:21:53.783Z INFO  client] Sending sample transaction 75
[2022-07-23T17:21:53.833Z INFO  client] Sending sample transaction 76
[2022-07-23T17:21:53.884Z INFO  client] Sending sample transaction 77
[2022-07-23T17:21:53.934Z INFO  client] Sending sample transaction 78
[2022-07-23T17:21:53.984Z INFO  client] Sending sample transaction 79
[2022-07-23T17:21:54.033Z INFO  client] Sending sample transaction 80
[2022-07-23T17:21:54.085Z INFO  client] Sending sample transaction 81
[2022-07-23T17:21:54.133Z INFO  client] Sending sample transaction 82
[2022-07-23T17:21:54.185Z INFO  client] Sending sample transaction 83
[2022-07-23T17:21:54.235Z INFO  client] Sending sample transaction 84
[2022-07-23T17:21:54.293Z INFO  client] Sending sample transaction 85
[2022-07-23T17:21:54.335Z INFO  client] Sending sample transaction 86
[2022-07-23T17:21:54.384Z INFO  client] Sending sample transaction 87
[2022-07-23T17:21:54.433Z INFO  client] Sending sample transaction 88
[2022-07-23T17:21:54.509Z INFO  client] Sending sample transaction 89
[2022-07-23T17:21:54.555Z INFO  client] Sending sample transaction 90
[2022-07-23T17:21:54.602Z INFO  client] Sending sample transaction 91
[2022-07-23T17:21:54.640Z INFO  client] Sending sample transaction 92
[2022-07-23T17:21:54.684Z INFO  client] Sending sample transaction 93
[2022-07-23T17:21:54.737Z INFO  client] Sending sample transaction 94
[2022-07-23T17:21:54.783Z INFO  client] Sending sample transaction 95
[2022-07-23T17:21:54.834Z INFO  client] Sending sample transaction 96
[2022-07-23T17:21:54.884Z INFO  client] Sending sample transaction 97
[2022-07-23T17:21:54.934Z INFO  client] Sending sample transaction 98
[2022-07-23T17:21:54.984Z INFO  client] Sending sample transaction 99
[2022-07-23T17:21:55.034Z INFO  client] Sending sample transaction 100
[2022-07-23T17:21:55.083Z INFO  client] Sending sample transaction 101
[2022-07-23T17:21:55.135Z INFO  client] Sending sample transaction 102
[2022-07-23T17:21:55.183Z INFO  client] Sending sample transaction 103
[2022-07-23T17:21:55.234Z INFO  client] Sending sample transaction 104
[2022-07-23T17:21:55.284Z INFO  client] Sending sample transaction 105
[2022-07-23T17:21:55.361Z INFO  client] Sending sample transaction 106
[2022-07-23T17:21:55.383Z INFO  client] Sending sample transaction 107
[2022-07-23T17:21:55.434Z INFO  client] Sending sample transaction 108
[2022-07-23T17:21:55.483Z INFO  client] Sending sample transaction 109
[2022-07-23T17:21:55.534Z INFO  client] Sending sample transaction 110
[2022-07-23T17:21:55.585Z INFO  client] Sending sample transaction 111
[2022-07-23T17:21:55.636Z INFO  client] Sending sample transaction 112
[2022-07-23T17:21:55.684Z INFO  client] Sending sample transaction 113
[2022-07-23T17:21:55.733Z INFO  client] Sending sample transaction 114
[2022-07-23T17:21:55.784Z INFO  client] Sending sample transaction 115
[2022-07-23T17:21:55.834Z INFO  client] Sending sample transaction 116
[2022-07-23T17:21:55.884Z INFO  client] Sending sample transaction 117
[2022-07-23T17:21:55.933Z INFO  client] Sending sample transaction 118
[2022-07-23T17:21:55.994Z INFO  client] Sending sample transaction 119
[2022-07-23T17:21:56.044Z INFO  client] Sending sample transaction 120
[2022-07-23T17:21:56.102Z INFO  client] Sending sample transaction 121
[2022-07-23T17:21:56.133Z INFO  client] Sending sample transaction 122
[2022-07-23T17:21:56.184Z INFO  client] Sending sample transaction 123
[2022-07-23T17:21:56.236Z INFO  client] Sending sample transaction 124
[2022-07-23T17:21:56.284Z INFO  client] Sending sample transaction 125
[2022-07-23T17:21:56.334Z INFO  client] Sending sample transaction 126
[2022-07-23T17:21:56.388Z INFO  client] Sending sample transaction 127
[2022-07-23T17:21:56.439Z INFO  client] Sending sample transaction 128
[2022-07-23T17:21:56.484Z INFO  client] Sending sample transaction 129
[2022-07-23T17:21:56.534Z INFO  client] Sending sample transaction 130
[2022-07-23T17:21:56.583Z INFO  client] Sending sample transaction 131
[2022-07-23T17:21:56.634Z INFO  client] Sending sample transaction 132
[2022-07-23T17:21:56.684Z INFO  client] Sending sample transaction 133
[2022-07-23T17:21:56.734Z INFO  client] Sending sample transaction 134
[2022-07-23T17:21:56.784Z INFO  client] Sending sample transaction 135
[2022-07-23T17:21:56.834Z INFO  client] Sending sample transaction 136
[2022-07-23T17:21:56.883Z INFO  client] Sending sample transaction 137
[2022-07-23T17:21:56.944Z INFO  client] Sending sample transaction 138
[2022-07-23T17:21:57.003Z INFO  client] Sending sample transaction 139
[2022-07-23T17:21:57.034Z INFO  client] Sending sample transaction 140
[2022-07-23T17:21:57.083Z INFO  client] Sending sample transaction 141
[2022-07-23T17:21:57.134Z INFO  client] Sending sample transaction 142
[2022-07-23T17:21:57.184Z INFO  client] Sending sample transaction 143
[2022-07-23T17:21:57.235Z INFO  client] Sending sample transaction 144
[2022-07-23T17:21:57.284Z INFO  client] Sending sample transaction 145
[2022-07-23T17:21:57.334Z INFO  client] Sending sample transaction 146
[2022-07-23T17:21:57.384Z INFO  client] Sending sample transaction 147
[2022-07-23T17:21:57.433Z INFO  client] Sending sample transaction 148
[2022-07-23T17:21:57.484Z INFO  client] Sending sample transaction 149
[2022-07-23T17:21:57.534Z INFO  client] Sending sample transaction 150
[2022-07-23T17:21:57.583Z INFO  client] Sending sample transaction 151
[2022-07-23T17:21:57.634Z INFO  client] Sending sample transaction 152
[2022-07-23T17:21:57.685Z INFO  client] Sending sample transaction 153
[2022-07-23T17:21:57.734Z INFO  client] Sending sample transaction 154
[2022-07-23T17:21:57.783Z INFO  client] Sending sample transaction 155
[2022-07-23T17:21:57.834Z INFO  client] Sending sample transaction 156
[2022-07-23T17:21:57.883Z INFO  client] Sending sample transaction 157
[2022-07-23T17:21:57.934Z INFO  client] Sending sample transaction 158
[2022-07-23T17:21:57.983Z INFO  client] Sending sample transaction 159
[2022-07-23T17:21:58.033Z INFO  client] Sending sample transaction 160
[2022-07-23T17:21:58.083Z INFO  client] Sending sample transaction 161
[2022-07-23T17:21:58.134Z INFO  client] Sending sample transaction 162
[2022-07-23T17:21:58.184Z INFO  client] Sending sample transaction 163
[2022-07-23T17:21:58.233Z INFO  client] Sending sample transaction 164
[2022-07-23T17:21:58.291Z INFO  client] Sending sample transaction 165
[2022-07-23T17:21:58.365Z INFO  client] Sending sample transaction 166
[2022-07-23T17:21:58.384Z INFO  client] Sending sample transaction 167
[2022-07-23T17:21:58.435Z INFO  client] Sending sample transaction 168
[2022-07-23T17:21:58.486Z INFO  client] Sending sample transaction 169
[2022-07-23T17:21:58.535Z INFO  client] Sending sample transaction 170
[2022-07-23T17:21:58.584Z INFO  client] Sending sample transaction 171
[2022-07-23T17:21:58.634Z INFO  client] Sending sample transaction 172
[2022-07-23T17:21:58.684Z INFO  client] Sending sample transaction 173
[2022-07-23T17:21:58.734Z INFO  client] Sending sample transaction 174
[2022-07-23T17:21:58.783Z INFO  client] Sending sample transaction 175
[2022-07-23T17:21:58.833Z INFO  client] Sending sample transaction 176
[2022-07-23T17:21:58.885Z INFO  client] Sending sample transaction 177
[2022-07-23T17:21:58.933Z INFO  client] Sending sample transaction 178
[2022-07-23T17:21:58.984Z INFO  client] Sending sample transaction 179
[2022-07-23T17:21:59.034Z INFO  client] Sending sample transaction 180
[2022-07-23T17:21:59.084Z INFO  client] Sending sample transaction 181
[2022-07-23T17:21:59.133Z INFO  client] Sending sample transaction 182
[2022-07-23T17:21:59.184Z INFO  client] Sending sample transaction 183
[2022-07-23T17:21:59.233Z INFO  client] Sending sample transaction 184
[2022-07-23T17:21:59.284Z INFO  client] Sending sample transaction 185
[2022-07-23T17:21:59.335Z INFO  client] Sending sample transaction 186
[2022-07-23T17:21:59.384Z INFO  client] Sending sample transaction 187
[2022-07-23T17:21:59.434Z INFO  client] Sending sample transaction 188
[2022-07-23T17:21:59.484Z INFO  client] Sending sample transaction 189
[2022-07-23T17:21:59.533Z INFO  client] Sending sample transaction 190
[2022-07-23T17:21:59.583Z INFO  client] Sending sample transaction 191
[2022-07-23T17:21:59.635Z INFO  client] Sending sample transaction 192
[2022-07-23T17:21:59.684Z INFO  client] Sending sample transaction 193
[2022-07-23T17:21:59.733Z INFO  client] Sending sample transaction 194
[2022-07-23T17:21:59.783Z INFO  client] Sending sample transaction 195
[2022-07-23T17:21:59.834Z INFO  client] Sending sample transaction 196
[2022-07-23T17:21:59.884Z INFO  client] Sending sample transaction 197
[2022-07-23T17:21:59.934Z INFO  client] Sending sample transaction 198
[2022-07-23T17:21:59.984Z INFO  client] Sending sample transaction 199
[2022-07-23T17:22:00.033Z INFO  client] Sending sample transaction 200
[2022-07-23T17:22:00.084Z INFO  client] Sending sample transaction 201
[2022-07-23T17:22:00.134Z INFO  client] Sending sample transaction 202
[2022-07-23T17:22:00.183Z INFO  client] Sending sample transaction 203
[2022-07-23T17:22:00.234Z INFO  client] Sending sample transaction 204
[2022-07-23T17:22:00.284Z INFO  client] Sending sample transaction 205
[2022-07-23T17:22:00.334Z INFO  client] Sending sample transaction 206
[2022-07-23T17:22:00.384Z INFO  client] Sending sample transaction 207
[2022-07-23T17:22:00.468Z INFO  client] Sending sample transaction 208
[2022-07-23T17:22:00.506Z INFO  client] Sending sample transaction 209
[2022-07-23T17:22:00.658Z INFO  client] Sending sample transaction 210
[2022-07-23T17:22:00.704Z INFO  client] Sending sample transaction 211
[2022-07-23T17:22:00.704Z INFO  client] Sending sample transaction 212
[2022-07-23T17:22:00.737Z INFO  client] Sending sample transaction 213
[2022-07-23T17:22:00.775Z INFO  client] Sending sample transaction 214
[2022-07-23T17:22:00.821Z INFO  client] Sending sample transaction 215
[2022-07-23T17:22:00.867Z INFO  client] Sending sample transaction 216
[2022-07-23T17:22:00.913Z INFO  client] Sending sample transaction 217
[2022-07-23T17:22:00.934Z INFO  client] Sending sample transaction 218
[2022-07-23T17:22:00.986Z INFO  client] Sending sample transaction 219
[2022-07-23T17:22:01.033Z INFO  client] Sending sample transaction 220
[2022-07-23T17:22:01.084Z INFO  client] Sending sample transaction 221
[2022-07-23T17:22:01.135Z INFO  client] Sending sample transaction 222
[2022-07-23T17:22:01.185Z INFO  client] Sending sample transaction 223
[2022-07-23T17:22:01.234Z INFO  client] Sending sample transaction 224
[2022-07-23T17:22:01.284Z INFO  client] Sending sample transaction 225
[2022-07-23T17:22:01.333Z INFO  client] Sending sample transaction 226
[2022-07-23T17:22:01.384Z INFO  client] Sending sample transaction 227
[2022-07-23T17:22:01.436Z INFO  client] Sending sample transaction 228
[2022-07-23T17:22:01.484Z INFO  client] Sending sample transaction 229
[2022-07-23T17:22:01.533Z INFO  client] Sending sample transaction 230
[2022-07-23T17:22:01.584Z INFO  client] Sending sample transaction 231
[2022-07-23T17:22:01.634Z INFO  client] Sending sample transaction 232
[2022-07-23T17:22:01.684Z INFO  client] Sending sample transaction 233
[2022-07-23T17:22:01.734Z INFO  client] Sending sample transaction 234
[2022-07-23T17:22:01.783Z INFO  client] Sending sample transaction 235
[2022-07-23T17:22:01.834Z INFO  client] Sending sample transaction 236
[2022-07-23T17:22:01.922Z INFO  client] Sending sample transaction 237
[2022-07-23T17:22:01.978Z INFO  client] Sending sample transaction 238
[2022-07-23T17:22:02.017Z INFO  client] Sending sample transaction 239
[2022-07-23T17:22:02.035Z INFO  client] Sending sample transaction 240
[2022-07-23T17:22:02.083Z INFO  client] Sending sample transaction 241
[2022-07-23T17:22:02.134Z INFO  client] Sending sample transaction 242
[2022-07-23T17:22:02.184Z INFO  client] Sending sample transaction 243
[2022-07-23T17:22:02.233Z INFO  client] Sending sample transaction 244
[2022-07-23T17:22:02.284Z INFO  client] Sending sample transaction 245
[2022-07-23T17:22:02.333Z INFO  client] Sending sample transaction 246
[2022-07-23T17:22:02.383Z INFO  client] Sending sample transaction 247
[2022-07-23T17:22:02.434Z INFO  client] Sending sample transaction 248
[2022-07-23T17:22:02.483Z INFO  client] Sending sample transaction 249
[2022-07-23T17:22:02.534Z INFO  client] Sending sample transaction 250
[2022-07-23T17:22:02.584Z INFO  client] Sending sample transaction 251
[2022-07-23T17:22:02.635Z INFO  client] Sending sample transaction 252
[2022-07-23T17:22:02.683Z INFO  client] Sending sample transaction 253
[2022-07-23T17:22:02.734Z INFO  client] Sending sample transaction 254
[2022-07-23T17:22:02.784Z INFO  client] Sending sample transaction 255
[2022-07-23T17:22:02.834Z INFO  client] Sending sample transaction 256
[2022-07-23T17:22:02.883Z INFO  client] Sending sample transaction 257
[2022-07-23T17:22:02.933Z INFO  client] Sending sample transaction 258
[2022-07-23T17:22:03.012Z INFO  client] Sending sample transaction 259
[2022-07-23T17:22:03.047Z INFO  client] Sending sample transaction 260
[2022-07-23T17:22:03.084Z INFO  client] Sending sample transaction 261
[2022-07-23T17:22:03.133Z INFO  client] Sending sample transaction 262
[2022-07-23T17:22:03.184Z INFO  client] Sending sample transaction 263
[2022-07-23T17:22:03.233Z INFO  client] Sending sample transaction 264
[2022-07-23T17:22:03.284Z INFO  client] Sending sample transaction 265
[2022-07-23T17:22:03.356Z INFO  client] Sending sample transaction 266
[2022-07-23T17:22:03.406Z INFO  client] Sending sample transaction 267
[2022-07-23T17:22:03.438Z INFO  client] Sending sample transaction 268
[2022-07-23T17:22:03.484Z INFO  client] Sending sample transaction 269
[2022-07-23T17:22:03.536Z INFO  client] Sending sample transaction 270
[2022-07-23T17:22:03.584Z INFO  client] Sending sample transaction 271
[2022-07-23T17:22:03.636Z INFO  client] Sending sample transaction 272
[2022-07-23T17:22:03.684Z INFO  client] Sending sample transaction 273
[2022-07-23T17:22:03.735Z INFO  client] Sending sample transaction 274
[2022-07-23T17:22:03.792Z INFO  client] Sending sample transaction 275
[2022-07-23T17:22:03.833Z INFO  client] Sending sample transaction 276
[2022-07-23T17:22:03.883Z INFO  client] Sending sample transaction 277
[2022-07-23T17:22:03.934Z INFO  client] Sending sample transaction 278
[2022-07-23T17:22:03.984Z INFO  client] Sending sample transaction 279
[2022-07-23T17:22:04.034Z INFO  client] Sending sample transaction 280
[2022-07-23T17:22:04.084Z INFO  client] Sending sample transaction 281
[2022-07-23T17:22:04.135Z INFO  client] Sending sample transaction 282
[2022-07-23T17:22:04.185Z INFO  client] Sending sample transaction 283
[2022-07-23T17:22:04.234Z INFO  client] Sending sample transaction 284
[2022-07-23T17:22:04.283Z INFO  client] Sending sample transaction 285
[2022-07-23T17:22:04.334Z INFO  client] Sending sample transaction 286
[2022-07-23T17:22:04.384Z INFO  client] Sending sample transaction 287
[2022-07-23T17:22:04.434Z INFO  client] Sending sample transaction 288
[2022-07-23T17:22:04.484Z INFO  client] Sending sample transaction 289
[2022-07-23T17:22:04.601Z INFO  client] Sending sample transaction 290
[2022-07-23T17:22:04.650Z INFO  client] Sending sample transaction 291
[2022-07-23T17:22:04.671Z INFO  client] Sending sample transaction 292
[2022-07-23T17:22:04.684Z INFO  client] Sending sample transaction 293
[2022-07-23T17:22:04.734Z INFO  client] Sending sample transaction 294
[2022-07-23T17:22:04.784Z INFO  client] Sending sample transaction 295
[2022-07-23T17:22:04.834Z INFO  client] Sending sample transaction 296
[2022-07-23T17:22:04.884Z INFO  client] Sending sample transaction 297
[2022-07-23T17:22:04.934Z INFO  client] Sending sample transaction 298
[2022-07-23T17:22:04.984Z INFO  client] Sending sample transaction 299
[2022-07-23T17:22:05.034Z INFO  client] Sending sample transaction 300
[2022-07-23T17:22:05.083Z INFO  client] Sending sample transaction 301
[2022-07-23T17:22:05.147Z INFO  client] Sending sample transaction 302
[2022-07-23T17:22:05.183Z INFO  client] Sending sample transaction 303
[2022-07-23T17:22:05.234Z INFO  client] Sending sample transaction 304
[2022-07-23T17:22:05.283Z INFO  client] Sending sample transaction 305
[2022-07-23T17:22:05.333Z INFO  client] Sending sample transaction 306
[2022-07-23T17:22:05.385Z INFO  client] Sending sample transaction 307
[2022-07-23T17:22:05.434Z INFO  client] Sending sample transaction 308
[2022-07-23T17:22:05.484Z INFO  client] Sending sample transaction 309
[2022-07-23T17:22:05.533Z INFO  client] Sending sample transaction 310
[2022-07-23T17:22:05.584Z INFO  client] Sending sample transaction 311
[2022-07-23T17:22:05.633Z INFO  client] Sending sample transaction 312
[2022-07-23T17:22:05.684Z INFO  client] Sending sample transaction 313
[2022-07-23T17:22:05.734Z INFO  client] Sending sample transaction 314
[2022-07-23T17:22:05.784Z INFO  client] Sending sample transaction 315
[2022-07-23T17:22:05.834Z INFO  client] Sending sample transaction 316
[2022-07-23T17:22:05.884Z INFO  client] Sending sample transaction 317
[2022-07-23T17:22:05.935Z INFO  client] Sending sample transaction 318
[2022-07-23T17:22:05.983Z INFO  client] Sending sample transaction 319
[2022-07-23T17:22:06.084Z INFO  client] Sending sample transaction 320
[2022-07-23T17:22:06.123Z INFO  client] Sending sample transaction 321
[2022-07-23T17:22:06.140Z INFO  client] Sending sample transaction 322
[2022-07-23T17:22:06.189Z INFO  client] Sending sample transaction 323
[2022-07-23T17:22:06.233Z INFO  client] Sending sample transaction 324
[2022-07-23T17:22:06.284Z INFO  client] Sending sample transaction 325
[2022-07-23T17:22:06.334Z INFO  client] Sending sample transaction 326
[2022-07-23T17:22:06.383Z INFO  client] Sending sample transaction 327
[2022-07-23T17:22:06.434Z INFO  client] Sending sample transaction 328
[2022-07-23T17:22:06.484Z INFO  client] Sending sample transaction 329
[2022-07-23T17:22:06.533Z INFO  client] Sending sample transaction 330
[2022-07-23T17:22:06.583Z INFO  client] Sending sample transaction 331
[2022-07-23T17:22:06.633Z INFO  client] Sending sample transaction 332
[2022-07-23T17:22:06.684Z INFO  client] Sending sample transaction 333
[2022-07-23T17:22:06.734Z INFO  client] Sending sample transaction 334
[2022-07-23T17:22:06.784Z INFO  client] Sending sample transaction 335
[2022-07-23T17:22:06.834Z INFO  client] Sending sample transaction 336
[2022-07-23T17:22:06.884Z INFO  client] Sending sample transaction 337
[2022-07-23T17:22:06.934Z INFO  client] Sending sample transaction 338
[2022-07-23T17:22:06.984Z INFO  client] Sending sample transaction 339
[2022-07-23T17:22:07.034Z INFO  client] Sending sample transaction 340
[2022-07-23T17:22:07.084Z INFO  client] Sending sample transaction 341
[2022-07-23T17:22:07.134Z INFO  client] Sending sample transaction 342
[2022-07-23T17:22:07.184Z INFO  client] Sending sample transaction 343
[2022-07-23T17:22:07.242Z INFO  client] Sending sample transaction 344
[2022-07-23T17:22:07.285Z INFO  client] Sending sample transaction 345
[2022-07-23T17:22:07.333Z INFO  client] Sending sample transaction 346
[2022-07-23T17:22:07.384Z INFO  client] Sending sample transaction 347
[2022-07-23T17:22:07.435Z INFO  client] Sending sample transaction 348
[2022-07-23T17:22:07.484Z INFO  client] Sending sample transaction 349
[2022-07-23T17:22:07.538Z INFO  client] Sending sample transaction 350
[2022-07-23T17:22:07.620Z INFO  client] Sending sample transaction 351
[2022-07-23T17:22:07.653Z INFO  client] Sending sample transaction 352
[2022-07-23T17:22:07.683Z INFO  client] Sending sample transaction 353
[2022-07-23T17:22:07.740Z INFO  client] Sending sample transaction 354
[2022-07-23T17:22:07.787Z INFO  client] Sending sample transaction 355
[2022-07-23T17:22:07.833Z INFO  client] Sending sample transaction 356
[2022-07-23T17:22:07.884Z INFO  client] Sending sample transaction 357
[2022-07-23T17:22:07.934Z INFO  client] Sending sample transaction 358
[2022-07-23T17:22:07.984Z INFO  client] Sending sample transaction 359
[2022-07-23T17:22:08.033Z INFO  client] Sending sample transaction 360
[2022-07-23T17:22:08.083Z INFO  client] Sending sample transaction 361
[2022-07-23T17:22:08.134Z INFO  client] Sending sample transaction 362
[2022-07-23T17:22:08.184Z INFO  client] Sending sample transaction 363
[2022-07-23T17:22:08.234Z INFO  client] Sending sample transaction 364
[2022-07-23T17:22:08.284Z INFO  client] Sending sample transaction 365
[2022-07-23T17:22:08.333Z INFO  client] Sending sample transaction 366
[2022-07-23T17:22:08.383Z INFO  client] Sending sample transaction 367
[2022-07-23T17:22:08.435Z INFO  client] Sending sample transaction 368
[2022-07-23T17:22:08.484Z INFO  client] Sending sample transaction 369
[2022-07-23T17:22:08.534Z INFO  client] Sending sample transaction 370
[2022-07-23T17:22:08.584Z INFO  client] Sending sample transaction 371
[2022-07-23T17:22:08.634Z INFO  client] Sending sample transaction 372
[2022-07-23T17:22:08.684Z INFO  client] Sending sample transaction 373
[2022-07-23T17:22:08.734Z INFO  client] Sending sample transaction 374
[2022-07-23T17:22:08.784Z INFO  client] Sending sample transaction 375
[2022-07-23T17:22:08.833Z INFO  client] Sending sample transaction 376
[2022-07-23T17:22:08.883Z INFO  client] Sending sample transaction 377
[2022-07-23T17:22:08.934Z INFO  client] Sending sample transaction 378
[2022-07-23T17:22:08.984Z INFO  client] Sending sample transaction 379
[2022-07-23T17:22:09.034Z INFO  client] Sending sample transaction 380
[2022-07-23T17:22:09.084Z INFO  client] Sending sample transaction 381
[2022-07-23T17:22:09.133Z INFO  client] Sending sample transaction 382
[2022-07-23T17:22:09.183Z INFO  client] Sending sample transaction 383
[2022-07-23T17:22:09.254Z INFO  client] Sending sample transaction 384
[2022-07-23T17:22:09.311Z INFO  client] Sending sample transaction 385
[2022-07-23T17:22:09.350Z INFO  client] Sending sample transaction 386
[2022-07-23T17:22:09.391Z INFO  client] Sending sample transaction 387
[2022-07-23T17:22:09.433Z INFO  client] Sending sample transaction 388
[2022-07-23T17:22:09.484Z INFO  client] Sending sample transaction 389
[2022-07-23T17:22:09.534Z INFO  client] Sending sample transaction 390
[2022-07-23T17:22:09.584Z INFO  client] Sending sample transaction 391
[2022-07-23T17:22:09.633Z INFO  client] Sending sample transaction 392
[2022-07-23T17:22:09.684Z INFO  client] Sending sample transaction 393
[2022-07-23T17:22:09.734Z INFO  client] Sending sample transaction 394
[2022-07-23T17:22:09.784Z INFO  client] Sending sample transaction 395
[2022-07-23T17:22:09.833Z INFO  client] Sending sample transaction 396
[2022-07-23T17:22:09.884Z INFO  client] Sending sample transaction 397
[2022-07-23T17:22:09.934Z INFO  client] Sending sample transaction 398
[2022-07-23T17:22:09.983Z INFO  client] Sending sample transaction 399
[2022-07-23T17:22:10.034Z INFO  client] Sending sample transaction 400
[2022-07-23T17:22:10.083Z INFO  client] Sending sample transaction 401
[2022-07-23T17:22:10.134Z INFO  client] Sending sample transaction 402
[2022-07-23T17:22:10.183Z INFO  client] Sending sample transaction 403
[2022-07-23T17:22:10.234Z INFO  client] Sending sample transaction 404
[2022-07-23T17:22:10.284Z INFO  client] Sending sample transaction 405
[2022-07-23T17:22:10.334Z INFO  client] Sending sample transaction 406
[2022-07-23T17:22:10.384Z INFO  client] Sending sample transaction 407
[2022-07-23T17:22:10.438Z INFO  client] Sending sample transaction 408
[2022-07-23T17:22:10.485Z INFO  client] Sending sample transaction 409
[2022-07-23T17:22:10.534Z INFO  client] Sending sample transaction 410
[2022-07-23T17:22:10.583Z INFO  client] Sending sample transaction 411
[2022-07-23T17:22:10.633Z INFO  client] Sending sample transaction 412
[2022-07-23T17:22:10.683Z INFO  client] Sending sample transaction 413
[2022-07-23T17:22:10.734Z INFO  client] Sending sample transaction 414
[2022-07-23T17:22:10.783Z INFO  client] Sending sample transaction 415
[2022-07-23T17:22:10.834Z INFO  client] Sending sample transaction 416
[2022-07-23T17:22:10.883Z INFO  client] Sending sample transaction 417
[2022-07-23T17:22:10.934Z INFO  client] Sending sample transaction 418
[2022-07-23T17:22:10.984Z INFO  client] Sending sample transaction 419
[2022-07-23T17:22:11.034Z INFO  client] Sending sample transaction 420
[2022-07-23T17:22:11.084Z INFO  client] Sending sample transaction 421
[2022-07-23T17:22:11.134Z INFO  client] Sending sample transaction 422
[2022-07-23T17:22:11.186Z INFO  client] Sending sample transaction 423
[2022-07-23T17:22:11.234Z INFO  client] Sending sample transaction 424
[2022-07-23T17:22:11.284Z INFO  client] Sending sample transaction 425
[2022-07-23T17:22:11.338Z INFO  client] Sending sample transaction 426
[2022-07-23T17:22:11.384Z INFO  client] Sending sample transaction 427
[2022-07-23T17:22:11.435Z INFO  client] Sending sample transaction 428
[2022-07-23T17:22:11.513Z INFO  client] Sending sample transaction 429
[2022-07-23T17:22:11.576Z INFO  client] Sending sample transaction 430
[2022-07-23T17:22:11.618Z INFO  client] Sending sample transaction 431
[2022-07-23T17:22:11.680Z INFO  client] Sending sample transaction 432
[2022-07-23T17:22:11.713Z INFO  client] Sending sample transaction 433
[2022-07-23T17:22:11.743Z INFO  client] Sending sample transaction 434
[2022-07-23T17:22:11.784Z INFO  client] Sending sample transaction 435
[2022-07-23T17:22:11.848Z INFO  client] Sending sample transaction 436
[2022-07-23T17:22:11.902Z INFO  client] Sending sample transaction 437
[2022-07-23T17:22:11.939Z INFO  client] Sending sample transaction 438
