[2022-07-23T18:17:50.788Z INFO  client] Node address: 127.0.0.1:9014
[2022-07-23T18:17:50.789Z INFO  client] Transactions size: 512 B
[2022-07-23T18:17:50.789Z INFO  client] Transactions rate: 112 tx/s
[2022-07-23T18:17:50.789Z INFO  client] Waiting for all nodes to be online...
[2022-07-23T18:17:50.789Z INFO  client] Waiting for all nodes to be synchronized...
[2022-07-23T18:17:52.896Z INFO  client] Start sending transactions
[2022-07-23T18:17:52.916Z INFO  client] Sending sample transaction 0
[2022-07-23T18:17:52.952Z INFO  client] Sending sample transaction 1
[2022-07-23T18:17:53.014Z INFO  client] Sending sample transaction 2
[2022-07-23T18:17:53.051Z INFO  client] Sending sample transaction 3
[2022-07-23T18:17:53.103Z INFO  client] Sending sample transaction 4
[2022-07-23T18:17:53.147Z INFO  client] Sending sample transaction 5
[2022-07-23T18:17:53.203Z INFO  client] Sending sample transaction 6
[2022-07-23T18:17:53.249Z INFO  client] Sending sample transaction 7
[2022-07-23T18:17:53.300Z INFO  client] Sending sample transaction 8
[2022-07-23T18:17:53.349Z INFO  client] Sending sample transaction 9
[2022-07-23T18:17:53.398Z INFO  client] Sending sample transaction 10
[2022-07-23T18:17:53.448Z INFO  client] Sending sample transaction 11
[2022-07-23T18:17:53.499Z INFO  client] Sending sample transaction 12
[2022-07-23T18:17:53.548Z INFO  client] Sending sample transaction 13
[2022-07-23T18:17:53.603Z INFO  client] Sending sample transaction 14
[2022-07-23T18:17:53.647Z INFO  client] Sending sample transaction 15
[2022-07-23T18:17:53.701Z INFO  client] Sending sample transaction 16
[2022-07-23T18:17:53.750Z INFO  client] Sending sample transaction 17
[2022-07-23T18:17:53.799Z INFO  client] Sending sample transaction 18
[2022-07-23T18:17:53.849Z INFO  client] Sending sample transaction 19
[2022-07-23T18:17:53.913Z INFO  client] Sending sample transaction 20
[2022-07-23T18:17:53.999Z INFO  client] Sending sample transaction 21
[2022-07-23T18:17:54.096Z INFO  client] Sending sample transaction 22
[2022-07-23T18:17:54.115Z INFO  client] Sending sample transaction 23
[2022-07-23T18:17:54.125Z INFO  client] Sending sample transaction 24
[2022-07-23T18:17:54.149Z INFO  client] Sending sample transaction 25
[2022-07-23T18:17:54.198Z INFO  client] Sending sample transaction 26
[2022-07-23T18:17:54.250Z INFO  client] Sending sample transaction 27
[2022-07-23T18:17:54.299Z INFO  client] Sending sample transaction 28
[2022-07-23T18:17:54.365Z INFO  client] Sending sample transaction 29
[2022-07-23T18:17:54.401Z INFO  client] Sending sample transaction 30
[2022-07-23T18:17:54.453Z INFO  client] Sending sample transaction 31
[2022-07-23T18:17:54.502Z INFO  client] Sending sample transaction 32
[2022-07-23T18:17:54.551Z INFO  client] Sending sample transaction 33
[2022-07-23T18:17:54.599Z INFO  client] Sending sample transaction 34
[2022-07-23T18:17:54.648Z INFO  client] Sending sample transaction 35
[2022-07-23T18:17:54.700Z INFO  client] Sending sample transaction 36
[2022-07-23T18:17:54.748Z INFO  client] Sending sample transaction 37
[2022-07-23T18:17:54.800Z INFO  client] Sending sample transaction 38
[2022-07-23T18:17:54.848Z INFO  client] Sending sample transaction 39
[2022-07-23T18:17:54.899Z INFO  client] Sending sample transaction 40
[2022-07-23T18:17:54.948Z INFO  client] Sending sample transaction 41
[2022-07-23T18:17:54.997Z INFO  client] Sending sample transaction 42
[2022-07-23T18:17:55.048Z INFO  client] Sending sample transaction 43
[2022-07-23T18:17:55.099Z INFO  client] Sending sample transaction 44
[2022-07-23T18:17:55.154Z INFO  client] Sending sample transaction 45
[2022-07-23T18:17:55.198Z INFO  client] Sending sample transaction 46
[2022-07-23T18:17:55.249Z INFO  client] Sending sample transaction 47
[2022-07-23T18:17:55.298Z INFO  client] Sending sample transaction 48
[2022-07-23T18:17:55.349Z INFO  client] Sending sample transaction 49
[2022-07-23T18:17:55.398Z INFO  client] Sending sample transaction 50
[2022-07-23T18:17:55.449Z INFO  client] Sending sample transaction 51
[2022-07-23T18:17:55.498Z INFO  client] Sending sample transaction 52
[2022-07-23T18:17:55.548Z INFO  client] Sending sample transaction 53
[2022-07-23T18:17:55.648Z INFO  client] Sending sample transaction 54
[2022-07-23T18:17:55.685Z INFO  client] Sending sample transaction 55
[2022-07-23T18:17:55.730Z INFO  client] Sending sample transaction 56
[2022-07-23T18:17:55.757Z INFO  client] Sending sample transaction 57
[2022-07-23T18:17:55.798Z INFO  client] Sending sample transaction 58
[2022-07-23T18:17:55.848Z INFO  client] Sending sample transaction 59
[2022-07-23T18:17:55.905Z INFO  client] Sending sample transaction 60
[2022-07-23T18:17:55.948Z INFO  client] Sending sample transaction 61
[2022-07-23T18:17:55.998Z INFO  client] Sending sample transaction 62
[2022-07-23T18:17:56.048Z INFO  client] Sending sample transaction 63
[2022-07-23T18:17:56.098Z INFO  client] Sending sample transaction 64
[2022-07-23T18:17:56.147Z INFO  client] Sending sample transaction 65
[2022-07-23T18:17:56.198Z INFO  client] Sending sample transaction 66
[2022-07-23T18:17:56.248Z INFO  client] Sending sample transaction 67
[2022-07-23T18:17:56.298Z INFO  client] Sending sample transaction 68
[2022-07-23T18:17:56.348Z INFO  client] Sending sample transaction 69
[2022-07-23T18:17:56.399Z INFO  client] Sending sample transaction 70
[2022-07-23T18:17:56.448Z INFO  client] Sending sample transaction 71
[2022-07-23T18:17:56.498Z INFO  client] Sending sample transaction 72
[2022-07-23T18:17:56.582Z INFO  client] Sending sample transaction 73
[2022-07-23T18:17:56.604Z INFO  client] Sending sample transaction 74
[2022-07-23T18:17:56.681Z INFO  client] Sending sample transaction 75
[2022-07-23T18:17:56.712Z INFO  client] Sending sample transaction 76
[2022-07-23T18:17:56.748Z INFO  client] Sending sample transaction 77
[2022-07-23T18:17:56.798Z INFO  client] Sending sample transaction 78
[2022-07-23T18:17:56.850Z INFO  client] Sending sample transaction 79
[2022-07-23T18:17:56.897Z INFO  client] Sending sample transaction 80
[2022-07-23T18:17:56.948Z INFO  client] Sending sample transaction 81
[2022-07-23T18:17:56.997Z INFO  client] Sending sample transaction 82
[2022-07-23T18:17:57.048Z INFO  client] Sending sample transaction 83
[2022-07-23T18:17:57.098Z INFO  client] Sending sample transaction 84
[2022-07-23T18:17:57.147Z INFO  client] Sending sample transaction 85
[2022-07-23T18:17:57.200Z INFO  client] Sending sample transaction 86
[2022-07-23T18:17:57.251Z INFO  client] Sending sample transaction 87
[2022-07-23T18:17:57.298Z INFO  client] Sending sample transaction 88
[2022-07-23T18:17:57.348Z INFO  client] Sending sample transaction 89
[2022-07-23T18:17:57.397Z INFO  client] Sending sample transaction 90
[2022-07-23T18:17:57.449Z INFO  client] Sending sample transaction 91
[2022-07-23T18:17:57.498Z INFO  client] Sending sample transaction 92
[2022-07-23T18:17:57.548Z INFO  client] Sending sample transaction 93
[2022-07-23T18:17:57.598Z INFO  client] Sending sample transaction 94
[2022-07-23T18:17:57.648Z INFO  client] Sending sample transaction 95
[2022-07-23T18:17:57.698Z INFO  client] Sending sample transaction 96
[2022-07-23T18:17:57.748Z INFO  client] Sending sample transaction 97
[2022-07-23T18:17:57.798Z INFO  client] Sending sample transaction 98
[2022-07-23T18:17:57.848Z INFO  client] Sending sample transaction 99
[2022-07-23T18:17:57.897Z INFO  client] Sending sample transaction 100
[2022-07-23T18:17:57.948Z INFO  client] Sending sample transaction 101
[2022-07-23T18:17:57.998Z INFO  client] Sending sample transaction 102
[2022-07-23T18:17:58.048Z INFO  client] Sending sample transaction 103
[2022-07-23T18:17:58.098Z INFO  client] Sending sample transaction 104
[2022-07-23T18:17:58.173Z INFO  client] Sending sample transaction 105
[2022-07-23T18:17:58.206Z INFO  client] Sending sample transaction 106
[2022-07-23T18:17:58.262Z INFO  client] Sending sample transaction 107
[2022-07-23T18:17:58.342Z INFO  client] Sending sample transaction 108
[2022-07-23T18:17:58.348Z INFO  client] Sending sample transaction 109
[2022-07-23T18:17:58.398Z INFO  client] Sending sample transaction 110
[2022-07-23T18:17:58.450Z INFO  client] Sending sample transaction 111
[2022-07-23T18:17:58.498Z INFO  client] Sending sample transaction 112
[2022-07-23T18:17:58.548Z INFO  client] Sending sample transaction 113
[2022-07-23T18:17:58.599Z INFO  client] Sending sample transaction 114
[2022-07-23T18:17:58.647Z INFO  client] Sending sample transaction 115
[2022-07-23T18:17:58.698Z INFO  client] Sending sample transaction 116
[2022-07-23T18:17:58.748Z INFO  client] Sending sample transaction 117
[2022-07-23T18:17:58.798Z INFO  client] Sending sample transaction 118
[2022-07-23T18:17:58.848Z INFO  client] Sending sample transaction 119
[2022-07-23T18:17:58.898Z INFO  client] Sending sample transaction 120
[2022-07-23T18:17:58.948Z INFO  client] Sending sample transaction 121
[2022-07-23T18:17:58.998Z INFO  client] Sending sample transaction 122
[2022-07-23T18:17:59.047Z INFO  client] Sending sample transaction 123
[2022-07-23T18:17:59.098Z INFO  client] Sending sample transaction 124
[2022-07-23T18:17:59.148Z INFO  client] Sending sample transaction 125
[2022-07-23T18:17:59.197Z INFO  client] Sending sample transaction 126
[2022-07-23T18:17:59.248Z INFO  client] Sending sample transaction 127
[2022-07-23T18:17:59.298Z INFO  client] Sending sample transaction 128
[2022-07-23T18:17:59.360Z INFO  client] Sending sample transaction 129
[2022-07-23T18:17:59.398Z INFO  client] Sending sample transaction 130
[2022-07-23T18:17:59.448Z INFO  client] Sending sample transaction 131
[2022-07-23T18:17:59.498Z INFO  client] Sending sample transaction 132
[2022-07-23T18:17:59.548Z INFO  client] Sending sample transaction 133
[2022-07-23T18:17:59.598Z INFO  client] Sending sample transaction 134
[2022-07-23T18:17:59.647Z INFO  client] Sending sample transaction 135
[2022-07-23T18:17:59.698Z INFO  client] Sending sample transaction 136
[2022-07-23T18:17:59.748Z INFO  client] Sending sample transaction 137
[2022-07-23T18:17:59.813Z INFO  client] Sending sample transaction 138
[2022-07-23T18:17:59.853Z INFO  client] Sending sample transaction 139
[2022-07-23T18:17:59.928Z INFO  client] Sending sample transaction 140
[2022-07-23T18:17:59.959Z INFO  client] Sending sample transaction 141
[2022-07-23T18:17:59.998Z INFO  client] Sending sample transaction 142
[2022-07-23T18:18:00.050Z INFO  client] Sending sample transaction 143
[2022-07-23T18:18:00.100Z INFO  client] Sending sample transaction 144
[2022-07-23T18:18:00.148Z INFO  client] Sending sample transaction 145
[2022-07-23T18:18:00.197Z INFO  client] Sending sample transaction 146
[2022-07-23T18:18:00.253Z INFO  client] Sending sample transaction 147
[2022-07-23T18:18:00.298Z INFO  client] Sending sample transaction 148
[2022-07-23T18:18:00.348Z INFO  client] Sending sample transaction 149
[2022-07-23T18:18:00.400Z INFO  client] Sending sample transaction 150
[2022-07-23T18:18:00.448Z INFO  client] Sending sample transaction 151
[2022-07-23T18:18:00.499Z INFO  client] Sending sample transaction 152
[2022-07-23T18:18:00.549Z INFO  client] Sending sample transaction 153
[2022-07-23T18:18:00.601Z INFO  client] Sending sample transaction 154
[2022-07-23T18:18:00.649Z INFO  client] Sending sample transaction 155
[2022-07-23T18:18:00.698Z INFO  client] Sending sample transaction 156
[2022-07-23T18:18:00.748Z INFO  client] Sending sample transaction 157
[2022-07-23T18:18:00.797Z INFO  client] Sending sample transaction 158
[2022-07-23T18:18:00.848Z INFO  client] Sending sample transaction 159
[2022-07-23T18:18:00.898Z INFO  client] Sending sample transaction 160
[2022-07-23T18:18:00.948Z INFO  client] Sending sample transaction 161
[2022-07-23T18:18:00.999Z INFO  client] Sending sample transaction 162
[2022-07-23T18:18:01.048Z INFO  client] Sending sample transaction 163
[2022-07-23T18:18:01.098Z INFO  client] Sending sample transaction 164
[2022-07-23T18:18:01.148Z INFO  client] Sending sample transaction 165
[2022-07-23T18:18:01.199Z INFO  client] Sending sample transaction 166
[2022-07-23T18:18:01.248Z INFO  client] Sending sample transaction 167
[2022-07-23T18:18:01.298Z INFO  client] Sending sample transaction 168
[2022-07-23T18:18:01.349Z INFO  client] Sending sample transaction 169
[2022-07-23T18:18:01.404Z INFO  client] Sending sample transaction 170
[2022-07-23T18:18:01.451Z INFO  client] Sending sample transaction 171
[2022-07-23T18:18:01.497Z INFO  client] Sending sample transaction 172
[2022-07-23T18:18:01.548Z INFO  client] Sending sample transaction 173
[2022-07-23T18:18:01.598Z INFO  client] Sending sample transaction 174
[2022-07-23T18:18:01.649Z INFO  client] Sending sample transaction 175
[2022-07-23T18:18:01.698Z INFO  client] Sending sample transaction 176
[2022-07-23T18:18:01.748Z INFO  client] Sending sample transaction 177
[2022-07-23T18:18:01.799Z INFO  client] Sending sample transaction 178
[2022-07-23T18:18:01.848Z INFO  client] Sending sample transaction 179
[2022-07-23T18:18:01.898Z INFO  client] Sending sample transaction 180
[2022-07-23T18:18:01.952Z INFO  client] Sending sample transaction 181
[2022-07-23T18:18:01.998Z INFO  client] Sending sample transaction 182
[2022-07-23T18:18:02.069Z INFO  client] Sending sample transaction 183
[2022-07-23T18:18:02.117Z INFO  client] Sending sample transaction 184
[2022-07-23T18:18:02.157Z INFO  client] Sending sample transaction 185
[2022-07-23T18:18:02.198Z INFO  client] Sending sample transaction 186
[2022-07-23T18:18:02.248Z INFO  client] Sending sample transaction 187
[2022-07-23T18:18:02.298Z INFO  client] Sending sample transaction 188
[2022-07-23T18:18:02.348Z INFO  client] Sending sample transaction 189
[2022-07-23T18:18:02.398Z INFO  client] Sending sample transaction 190
[2022-07-23T18:18:02.448Z INFO  client] Sending sample transaction 191
[2022-07-23T18:18:02.498Z INFO  client] Sending sample transaction 192
[2022-07-23T18:18:02.548Z INFO  client] Sending sample transaction 193
[2022-07-23T18:18:02.598Z INFO  client] Sending sample transaction 194
[2022-07-23T18:18:02.648Z INFO  client] Sending sample transaction 195
[2022-07-23T18:18:02.698Z INFO  client] Sending sample transaction 196
[2022-07-23T18:18:02.748Z INFO  client] Sending sample transaction 197
[2022-07-23T18:18:02.798Z INFO  client] Sending sample transaction 198
[2022-07-23T18:18:02.848Z INFO  client] Sending sample transaction 199
[2022-07-23T18:18:02.898Z INFO  client] Sending sample transaction 200
[2022-07-23T18:18:02.948Z INFO  client] Sending sample transaction 201
[2022-07-23T18:18:02.997Z INFO  client] Sending sample transaction 202
[2022-07-23T18:18:03.048Z INFO  client] Sending sample transaction 203
[2022-07-23T18:18:03.098Z INFO  client] Sending sample transaction 204
[2022-07-23T18:18:03.148Z INFO  client] Sending sample transaction 205
[2022-07-23T18:18:03.198Z INFO  client] Sending sample transaction 206
[2022-07-23T18:18:03.248Z INFO  client] Sending sample transaction 207
[2022-07-23T18:18:03.299Z INFO  client] Sending sample transaction 208
[2022-07-23T18:18:03.347Z INFO  client] Sending sample transaction 209
[2022-07-23T18:18:03.398Z INFO  client] Sending sample transaction 210
[2022-07-23T18:18:03.448Z INFO  client] Sending sample transaction 211
[2022-07-23T18:18:03.502Z INFO  client] Sending sample transaction 212
[2022-07-23T18:18:03.558Z INFO  client] Sending sample transaction 213
[2022-07-23T18:18:03.598Z INFO  client] Sending sample transaction 214
[2022-07-23T18:18:03.648Z INFO  client] Sending sample transaction 215
[2022-07-23T18:18:03.697Z INFO  client] Sending sample transaction 216
[2022-07-23T18:18:03.750Z INFO  client] Sending sample transaction 217
[2022-07-23T18:18:03.798Z INFO  client] Sending sample transaction 218
[2022-07-23T18:18:03.849Z INFO  client] Sending sample transaction 219
[2022-07-23T18:18:03.898Z INFO  client] Sending sample transaction 220
[2022-07-23T18:18:03.948Z INFO  client] Sending sample transaction 221
[2022-07-23T18:18:03.998Z INFO  client] Sending sample transaction 222
[2022-07-23T18:18:04.049Z INFO  client] Sending sample transaction 223
[2022-07-23T18:18:04.099Z INFO  client] Sending sample transaction 224
[2022-07-23T18:18:04.148Z INFO  client] Sending sample transaction 225
[2022-07-23T18:18:04.198Z INFO  client] Sending sample transaction 226
[2022-07-23T18:18:04.248Z INFO  client] Sending sample transaction 227
[2022-07-23T18:18:04.298Z INFO  client] Sending sample transaction 228
[2022-07-23T18:18:04.348Z INFO  client] Sending sample transaction 229
[2022-07-23T18:18:04.397Z INFO  client] Sending sample transaction 230
[2022-07-23T18:18:04.447Z INFO  client] Sending sample transaction 231
[2022-07-23T18:18:04.498Z INFO  client] Sending sample transaction 232
[2022-07-23T18:18:04.548Z INFO  client] Sending sample transaction 233
[2022-07-23T18:18:04.606Z INFO  client] Sending sample transaction 234
[2022-07-23T18:18:04.648Z INFO  client] Sending sample transaction 235
[2022-07-23T18:18:04.699Z INFO  client] Sending sample transaction 236
[2022-07-23T18:18:04.747Z INFO  client] Sending sample transaction 237
[2022-07-23T18:18:04.862Z INFO  client] Sending sample transaction 238
[2022-07-23T18:18:04.901Z INFO  client] Sending sample transaction 239
[2022-07-23T18:18:04.938Z INFO  client] Sending sample transaction 240
[2022-07-23T18:18:04.955Z INFO  client] Sending sample transaction 241
[2022-07-23T18:18:04.998Z INFO  client] Sending sample transaction 242
[2022-07-23T18:18:05.048Z INFO  client] Sending sample transaction 243
[2022-07-23T18:18:05.101Z INFO  client] Sending sample transaction 244
[2022-07-23T18:18:05.148Z INFO  client] Sending sample transaction 245
[2022-07-23T18:18:05.198Z INFO  client] Sending sample transaction 246
[2022-07-23T18:18:05.249Z INFO  client] Sending sample transaction 247
[2022-07-23T18:18:05.298Z INFO  client] Sending sample transaction 248
[2022-07-23T18:18:05.348Z INFO  client] Sending sample transaction 249
[2022-07-23T18:18:05.398Z INFO  client] Sending sample transaction 250
[2022-07-23T18:18:05.447Z INFO  client] Sending sample transaction 251
[2022-07-23T18:18:05.498Z INFO  client] Sending sample transaction 252
[2022-07-23T18:18:05.548Z INFO  client] Sending sample transaction 253
[2022-07-23T18:18:05.598Z INFO  client] Sending sample transaction 254
[2022-07-23T18:18:05.652Z INFO  client] Sending sample transaction 255
[2022-07-23T18:18:05.697Z INFO  client] Sending sample transaction 256
[2022-07-23T18:18:05.747Z INFO  client] Sending sample transaction 257
[2022-07-23T18:18:05.825Z INFO  client] Sending sample transaction 258
[2022-07-23T18:18:05.880Z INFO  client] Sending sample transaction 259
[2022-07-23T18:18:05.900Z INFO  client] Sending sample transaction 260
[2022-07-23T18:18:05.949Z INFO  client] Sending sample transaction 261
[2022-07-23T18:18:05.998Z INFO  client] Sending sample transaction 262
[2022-07-23T18:18:06.049Z INFO  client] Sending sample transaction 263
[2022-07-23T18:18:06.098Z INFO  client] Sending sample transaction 264
[2022-07-23T18:18:06.147Z INFO  client] Sending sample transaction 265
[2022-07-23T18:18:06.198Z INFO  client] Sending sample transaction 266
[2022-07-23T18:18:06.248Z INFO  client] Sending sample transaction 267
[2022-07-23T18:18:06.298Z INFO  client] Sending sample transaction 268
[2022-07-23T18:18:06.348Z INFO  client] Sending sample transaction 269
[2022-07-23T18:18:06.398Z INFO  client] Sending sample transaction 270
[2022-07-23T18:18:06.448Z INFO  client] Sending sample transaction 271
[2022-07-23T18:18:06.499Z INFO  client] Sending sample transaction 272
[2022-07-23T18:18:06.547Z INFO  client] Sending sample transaction 273
[2022-07-23T18:18:06.598Z INFO  client] Sending sample transaction 274
[2022-07-23T18:18:06.648Z INFO  client] Sending sample transaction 275
[2022-07-23T18:18:06.700Z INFO  client] Sending sample transaction 276
[2022-07-23T18:18:06.748Z INFO  client] Sending sample transaction 277
[2022-07-23T18:18:06.798Z INFO  client] Sending sample transaction 278
[2022-07-23T18:18:06.847Z INFO  client] Sending sample transaction 279
[2022-07-23T18:18:06.898Z INFO  client] Sending sample transaction 280
[2022-07-23T18:18:06.948Z INFO  client] Sending sample transaction 281
[2022-07-23T18:18:06.998Z INFO  client] Sending sample transaction 282
[2022-07-23T18:18:07.048Z INFO  client] Sending sample transaction 283
[2022-07-23T18:18:07.098Z INFO  client] Sending sample transaction 284
[2022-07-23T18:18:07.147Z INFO  client] Sending sample transaction 285
[2022-07-23T18:18:07.226Z INFO  client] Sending sample transaction 286
[2022-07-23T18:18:07.279Z INFO  client] Sending sample transaction 287
[2022-07-23T18:18:07.314Z INFO  client] Sending sample transaction 288
[2022-07-23T18:18:07.437Z INFO  client] Sending sample transaction 289
[2022-07-23T18:18:07.437Z INFO  client] Sending sample transaction 290
[2022-07-23T18:18:07.449Z INFO  client] Sending sample transaction 291
[2022-07-23T18:18:07.498Z INFO  client] Sending sample transaction 292
[2022-07-23T18:18:07.548Z INFO  client] Sending sample transaction 293
[2022-07-23T18:18:07.599Z INFO  client] Sending sample transaction 294
[2022-07-23T18:18:07.651Z INFO  client] Sending sample transaction 295
[2022-07-23T18:18:07.743Z INFO  client] Sending sample transaction 296
[2022-07-23T18:18:07.772Z INFO  client] Sending sample transaction 297
[2022-07-23T18:18:07.802Z INFO  client] Sending sample transaction 298
[2022-07-23T18:18:07.848Z INFO  client] Sending sample transaction 299
[2022-07-23T18:18:07.897Z INFO  client] Sending sample transaction 300
[2022-07-23T18:18:07.947Z INFO  client] Sending sample transaction 301
[2022-07-23T18:18:07.998Z INFO  client] Sending sample transaction 302
[2022-07-23T18:18:08.048Z INFO  client] Sending sample transaction 303
[2022-07-23T18:18:08.098Z INFO  client] Sending sample transaction 304
[2022-07-23T18:18:08.148Z INFO  client] Sending sample transaction 305
[2022-07-23T18:18:08.197Z INFO  client] Sending sample transaction 306
[2022-07-23T18:18:08.248Z INFO  client] Sending sample transaction 307
[2022-07-23T18:18:08.298Z INFO  client] Sending sample transaction 308
[2022-07-23T18:18:08.348Z INFO  client] Sending sample transaction 309
[2022-07-23T18:18:08.398Z INFO  client] Sending sample transaction 310
[2022-07-23T18:18:08.448Z INFO  client] Sending sample transaction 311
[2022-07-23T18:18:08.499Z INFO  client] Sending sample transaction 312
[2022-07-23T18:18:08.548Z INFO  client] Sending sample transaction 313
[2022-07-23T18:18:08.598Z INFO  client] Sending sample transaction 314
[2022-07-23T18:18:08.689Z INFO  client] Sending sample transaction 315
[2022-07-23T18:18:08.713Z INFO  client] Sending sample transaction 316
[2022-07-23T18:18:08.749Z INFO  client] Sending sample transaction 317
[2022-07-23T18:18:08.815Z INFO  client] Sending sample transaction 318
[2022-07-23T18:18:08.857Z INFO  client] Sending sample transaction 319
[2022-07-23T18:18:08.898Z INFO  client] Sending sample transaction 320
[2022-07-23T18:18:08.955Z INFO  client] Sending sample transaction 321
[2022-07-23T18:18:09.003Z INFO  client] Sending sample transaction 322
[2022-07-23T18:18:09.048Z INFO  client] Sending sample transaction 323
[2022-07-23T18:18:09.098Z INFO  client] Sending sample transaction 324
[2022-07-23T18:18:09.147Z INFO  client] Sending sample transaction 325
[2022-07-23T18:18:09.199Z INFO  client] Sending sample transaction 326
[2022-07-23T18:18:09.248Z INFO  client] Sending sample transaction 327
[2022-07-23T18:18:09.297Z INFO  client] Sending sample transaction 328
[2022-07-23T18:18:09.348Z INFO  client] Sending sample transaction 329
[2022-07-23T18:18:09.398Z INFO  client] Sending sample transaction 330
[2022-07-23T18:18:09.448Z INFO  client] Sending sample transaction 331
[2022-07-23T18:18:09.498Z INFO  client] Sending sample transaction 332
[2022-07-23T18:18:09.549Z INFO  client] Sending sample transaction 333
[2022-07-23T18:18:09.599Z INFO  client] Sending sample transaction 334
[2022-07-23T18:18:09.648Z INFO  client] Sending sample transaction 335
[2022-07-23T18:18:09.698Z INFO  client] Sending sample transaction 336
[2022-07-23T18:18:09.748Z INFO  client] Sending sample transaction 337
[2022-07-23T18:18:09.799Z INFO  client] Sending sample transaction 338
[2022-07-23T18:18:09.849Z INFO  client] Sending sample transaction 339
[2022-07-23T18:18:09.906Z INFO  client] Sending sample transaction 340
[2022-07-23T18:18:09.947Z INFO  client] Sending sample transaction 341
[2022-07-23T18:18:10.051Z INFO  client] Sending sample transaction 342
[2022-07-23T18:18:10.051Z INFO  client] Sending sample transaction 343
[2022-07-23T18:18:10.157Z INFO  client] Sending sample transaction 344
[2022-07-23T18:18:10.205Z INFO  client] Sending sample transaction 345
[2022-07-23T18:18:10.234Z INFO  client] Sending sample transaction 346
[2022-07-23T18:18:10.250Z INFO  client] Sending sample transaction 347
[2022-07-23T18:18:10.300Z INFO  client] Sending sample transaction 348
[2022-07-23T18:18:10.348Z INFO  client] Sending sample transaction 349
[2022-07-23T18:18:10.398Z INFO  client] Sending sample transaction 350
[2022-07-23T18:18:10.448Z INFO  client] Sending sample transaction 351
[2022-07-23T18:18:10.502Z INFO  client] Sending sample transaction 352
[2022-07-23T18:18:10.552Z INFO  client] Sending sample transaction 353
[2022-07-23T18:18:10.598Z INFO  client] Sending sample transaction 354
[2022-07-23T18:18:10.648Z INFO  client] Sending sample transaction 355
[2022-07-23T18:18:10.698Z INFO  client] Sending sample transaction 356
[2022-07-23T18:18:10.748Z INFO  client] Sending sample transaction 357
[2022-07-23T18:18:10.799Z INFO  client] Sending sample transaction 358
[2022-07-23T18:18:10.849Z INFO  client] Sending sample transaction 359
[2022-07-23T18:18:10.899Z INFO  client] Sending sample transaction 360
[2022-07-23T18:18:10.948Z INFO  client] Sending sample transaction 361
[2022-07-23T18:18:10.998Z INFO  client] Sending sample transaction 362
[2022-07-23T18:18:11.048Z INFO  client] Sending sample transaction 363
[2022-07-23T18:18:11.098Z INFO  client] Sending sample transaction 364
[2022-07-23T18:18:11.147Z INFO  client] Sending sample transaction 365
[2022-07-23T18:18:11.200Z INFO  client] Sending sample transaction 366
[2022-07-23T18:18:11.248Z INFO  client] Sending sample transaction 367
[2022-07-23T18:18:11.299Z INFO  client] Sending sample transaction 368
[2022-07-23T18:18:11.350Z INFO  client] Sending sample transaction 369
[2022-07-23T18:18:11.397Z INFO  client] Sending sample transaction 370
[2022-07-23T18:18:11.448Z INFO  client] Sending sample transaction 371
[2022-07-23T18:18:11.503Z INFO  client] Sending sample transaction 372
[2022-07-23T18:18:11.548Z INFO  client] Sending sample transaction 373
[2022-07-23T18:18:11.599Z INFO  client] Sending sample transaction 374
[2022-07-23T18:18:11.724Z INFO  client] Sending sample transaction 375
[2022-07-23T18:18:11.739Z INFO  client] Sending sample transaction 376
[2022-07-23T18:18:11.750Z INFO  client] Sending sample transaction 377
[2022-07-23T18:18:11.825Z INFO  client] Sending sample transaction 378
[2022-07-23T18:18:11.877Z INFO  client] Sending sample transaction 379
[2022-07-23T18:18:11.905Z INFO  client] Sending sample transaction 380
[2022-07-23T18:18:11.947Z INFO  client] Sending sample transaction 381
[2022-07-23T18:18:12.019Z INFO  client] Sending sample transaction 382
[2022-07-23T18:18:12.072Z INFO  client] Sending sample transaction 383
[2022-07-23T18:18:12.113Z INFO  client] Sending sample transaction 384
[2022-07-23T18:18:12.153Z INFO  client] Sending sample transaction 385
[2022-07-23T18:18:12.199Z INFO  client] Sending sample transaction 386
[2022-07-23T18:18:12.253Z INFO  client] Sending sample transaction 387
[2022-07-23T18:18:12.298Z INFO  client] Sending sample transaction 388
[2022-07-23T18:18:12.349Z INFO  client] Sending sample transaction 389
[2022-07-23T18:18:12.398Z INFO  client] Sending sample transaction 390
[2022-07-23T18:18:12.450Z INFO  client] Sending sample transaction 391
[2022-07-23T18:18:12.498Z INFO  client] Sending sample transaction 392
[2022-07-23T18:18:12.548Z INFO  client] Sending sample transaction 393
[2022-07-23T18:18:12.599Z INFO  client] Sending sample transaction 394
[2022-07-23T18:18:12.657Z INFO  client] Sending sample transaction 395
[2022-07-23T18:18:12.700Z INFO  client] Sending sample transaction 396
[2022-07-23T18:18:12.749Z INFO  client] Sending sample transaction 397
[2022-07-23T18:18:12.799Z INFO  client] Sending sample transaction 398
[2022-07-23T18:18:12.848Z INFO  client] Sending sample transaction 399
[2022-07-23T18:18:12.897Z INFO  client] Sending sample transaction 400
[2022-07-23T18:18:12.950Z INFO  client] Sending sample transaction 401
[2022-07-23T18:18:12.998Z INFO  client] Sending sample transaction 402
[2022-07-23T18:18:13.049Z INFO  client] Sending sample transaction 403
[2022-07-23T18:18:13.097Z INFO  client] Sending sample transaction 404
[2022-07-23T18:18:13.148Z INFO  client] Sending sample transaction 405
[2022-07-23T18:18:13.207Z INFO  client] Sending sample transaction 406
[2022-07-23T18:18:13.248Z INFO  client] Sending sample transaction 407
[2022-07-23T18:18:13.302Z INFO  client] Sending sample transaction 408
[2022-07-23T18:18:13.396Z INFO  client] Sending sample transaction 409
[2022-07-23T18:18:13.453Z INFO  client] Sending sample transaction 410
[2022-07-23T18:18:13.491Z INFO  client] Sending sample transaction 411
[2022-07-23T18:18:13.546Z INFO  client] Sending sample transaction 412
[2022-07-23T18:18:13.567Z INFO  client] Sending sample transaction 413
[2022-07-23T18:18:13.601Z INFO  client] Sending sample transaction 414
[2022-07-23T18:18:13.649Z INFO  client] Sending sample transaction 415
[2022-07-23T18:18:13.697Z INFO  client] Sending sample transaction 416
[2022-07-23T18:18:13.755Z INFO  client] Sending sample transaction 417
[2022-07-23T18:18:13.805Z INFO  client] Sending sample transaction 418
[2022-07-23T18:18:13.852Z INFO  client] Sending sample transaction 419
[2022-07-23T18:18:13.904Z INFO  client] Sending sample transaction 420
[2022-07-23T18:18:13.960Z INFO  client] Sending sample transaction 421
[2022-07-23T18:18:14.003Z INFO  client] Sending sample transaction 422
[2022-07-23T18:18:14.056Z INFO  client] Sending sample transaction 423
[2022-07-23T18:18:14.113Z INFO  client] Sending sample transaction 424
[2022-07-23T18:18:14.150Z INFO  client] Sending sample transaction 425
[2022-07-23T18:18:14.203Z INFO  client] Sending sample transaction 426
[2022-07-23T18:18:14.274Z INFO  client] Sending sample transaction 427
[2022-07-23T18:18:14.334Z INFO  client] Sending sample transaction 428
[2022-07-23T18:18:14.373Z INFO  client] Sending sample transaction 429
[2022-07-23T18:18:14.408Z INFO  client] Sending sample transaction 430
[2022-07-23T18:18:14.467Z INFO  client] Sending sample transaction 431
[2022-07-23T18:18:14.500Z INFO  client] Sending sample transaction 432
[2022-07-23T18:18:14.550Z INFO  client] Sending sample transaction 433
[2022-07-23T18:18:14.598Z INFO  client] Sending sample transaction 434
[2022-07-23T18:18:14.649Z INFO  client] Sending sample transaction 435
[2022-07-23T18:18:14.703Z INFO  client] Sending sample transaction 436
[2022-07-23T18:18:14.756Z INFO  client] Sending sample transaction 437
[2022-07-23T18:18:14.799Z INFO  client] Sending sample transaction 438
[2022-07-23T18:18:14.850Z INFO  client] Sending sample transaction 439
[2022-07-23T18:18:14.898Z INFO  client] Sending sample transaction 440
