[2022-07-23T18:17:50.862Z INFO  client] Node address: 127.0.0.1:9015
[2022-07-23T18:17:50.862Z INFO  client] Transactions size: 512 B
[2022-07-23T18:17:50.862Z INFO  client] Transactions rate: 112 tx/s
[2022-07-23T18:17:50.862Z INFO  client] Waiting for all nodes to be online...
[2022-07-23T18:17:50.862Z INFO  client] Waiting for all nodes to be synchronized...
[2022-07-23T18:17:52.917Z INFO  client] Start sending transactions
[2022-07-23T18:17:52.918Z INFO  client] Sending sample transaction 0
[2022-07-23T18:17:52.969Z INFO  client] Sending sample transaction 1
[2022-07-23T18:17:53.022Z INFO  client] Sending sample transaction 2
[2022-07-23T18:17:53.069Z INFO  client] Sending sample transaction 3
[2022-07-23T18:17:53.119Z INFO  client] Sending sample transaction 4
[2022-07-23T18:17:53.168Z INFO  client] Sending sample transaction 5
[2022-07-23T18:17:53.218Z INFO  client] Sending sample transaction 6
[2022-07-23T18:17:53.269Z INFO  client] Sending sample transaction 7
[2022-07-23T18:17:53.318Z INFO  client] Sending sample transaction 8
[2022-07-23T18:17:53.369Z INFO  client] Sending sample transaction 9
[2022-07-23T18:17:53.417Z INFO  client] Sending sample transaction 10
[2022-07-23T18:17:53.468Z INFO  client] Sending sample transaction 11
[2022-07-23T18:17:53.519Z INFO  client] Sending sample transaction 12
[2022-07-23T18:17:53.569Z INFO  client] Sending sample transaction 13
[2022-07-23T18:17:53.619Z INFO  client] Sending sample transaction 14
[2022-07-23T18:17:53.668Z INFO  client] Sending sample transaction 15
[2022-07-23T18:17:53.718Z INFO  client] Sending sample transaction 16
[2022-07-23T18:17:53.768Z INFO  client] Sending sample transaction 17
[2022-07-23T18:17:53.818Z INFO  client] Sending sample transaction 18
[2022-07-23T18:17:53.914Z INFO  client] Sending sample transaction 19
[2022-07-23T18:17:53.957Z INFO  client] Sending sample transaction 20
[2022-07-23T18:17:54.019Z INFO  client] Sending sample transaction 21
[2022-07-23T18:17:54.100Z INFO  client] Sending sample transaction 22
[2022-07-23T18:17:54.119Z INFO  client] Sending sample transaction 23
[2022-07-23T18:17:54.126Z INFO  client] Sending sample transaction 24
[2022-07-23T18:17:54.168Z INFO  client] Sending sample transaction 25
[2022-07-23T18:17:54.219Z INFO  client] Sending sample transaction 26
[2022-07-23T18:17:54.268Z INFO  client] Sending sample transaction 27
[2022-07-23T18:17:54.320Z INFO  client] Sending sample transaction 28
[2022-07-23T18:17:54.394Z INFO  client] Sending sample transaction 29
[2022-07-23T18:17:54.437Z INFO  client] Sending sample transaction 30
[2022-07-23T18:17:54.469Z INFO  client] Sending sample transaction 31
[2022-07-23T18:17:54.521Z INFO  client] Sending sample transaction 32
[2022-07-23T18:17:54.568Z INFO  client] Sending sample transaction 33
[2022-07-23T18:17:54.619Z INFO  client] Sending sample transaction 34
[2022-07-23T18:17:54.667Z INFO  client] Sending sample transaction 35
[2022-07-23T18:17:54.719Z INFO  client] Sending sample transaction 36
[2022-07-23T18:17:54.769Z INFO  client] Sending sample transaction 37
[2022-07-23T18:17:54.819Z INFO  client] Sending sample transaction 38
[2022-07-23T18:17:54.869Z INFO  client] Sending sample transaction 39
[2022-07-23T18:17:54.918Z INFO  client] Sending sample transaction 40
[2022-07-23T18:17:54.968Z INFO  client] Sending sample transaction 41
[2022-07-23T18:17:55.018Z INFO  client] Sending sample transaction 42
[2022-07-23T18:17:55.080Z INFO  client] Sending sample transaction 43
[2022-07-23T18:17:55.139Z INFO  client] Sending sample transaction 44
[2022-07-23T18:17:55.168Z INFO  client] Sending sample transaction 45
[2022-07-23T18:17:55.218Z INFO  client] Sending sample transaction 46
[2022-07-23T18:17:55.267Z INFO  client] Sending sample transaction 47
[2022-07-23T18:17:55.318Z INFO  client] Sending sample transaction 48
[2022-07-23T18:17:55.368Z INFO  client] Sending sample transaction 49
[2022-07-23T18:17:55.417Z INFO  client] Sending sample transaction 50
[2022-07-23T18:17:55.467Z INFO  client] Sending sample transaction 51
[2022-07-23T18:17:55.517Z INFO  client] Sending sample transaction 52
[2022-07-23T18:17:55.568Z INFO  client] Sending sample transaction 53
[2022-07-23T18:17:55.658Z INFO  client] Sending sample transaction 54
[2022-07-23T18:17:55.690Z INFO  client] Sending sample transaction 55
[2022-07-23T18:17:55.732Z INFO  client] Sending sample transaction 56
[2022-07-23T18:17:55.771Z INFO  client] Sending sample transaction 57
[2022-07-23T18:17:55.818Z INFO  client] Sending sample transaction 58
[2022-07-23T18:17:55.868Z INFO  client] Sending sample transaction 59
[2022-07-23T18:17:55.925Z INFO  client] Sending sample transaction 60
[2022-07-23T18:17:55.968Z INFO  client] Sending sample transaction 61
[2022-07-23T18:17:56.017Z INFO  client] Sending sample transaction 62
[2022-07-23T18:17:56.068Z INFO  client] Sending sample transaction 63
[2022-07-23T18:17:56.118Z INFO  client] Sending sample transaction 64
[2022-07-23T18:17:56.168Z INFO  client] Sending sample transaction 65
[2022-07-23T18:17:56.218Z INFO  client] Sending sample transaction 66
[2022-07-23T18:17:56.267Z INFO  client] Sending sample transaction 67
[2022-07-23T18:17:56.318Z INFO  client] Sending sample transaction 68
[2022-07-23T18:17:56.368Z INFO  client] Sending sample transaction 69
[2022-07-23T18:17:56.417Z INFO  client] Sending sample transaction 70
[2022-07-23T18:17:56.468Z INFO  client] Sending sample transaction 71
[2022-07-23T18:17:56.559Z INFO  client] Sending sample transaction 72
[2022-07-23T18:17:56.580Z INFO  client] Sending sample transaction 73
[2022-07-23T18:17:56.642Z INFO  client] Sending sample transaction 74
[2022-07-23T18:17:56.687Z INFO  client] Sending sample transaction 75
[2022-07-23T18:17:56.718Z INFO  client] Sending sample transaction 76
[2022-07-23T18:17:56.768Z INFO  client] Sending sample transaction 77
[2022-07-23T18:17:56.818Z INFO  client] Sending sample transaction 78
[2022-07-23T18:17:56.869Z INFO  client] Sending sample transaction 79
[2022-07-23T18:17:56.918Z INFO  client] Sending sample transaction 80
[2022-07-23T18:17:56.967Z INFO  client] Sending sample transaction 81
[2022-07-23T18:17:57.018Z INFO  client] Sending sample transaction 82
[2022-07-23T18:17:57.068Z INFO  client] Sending sample transaction 83
[2022-07-23T18:17:57.118Z INFO  client] Sending sample transaction 84
[2022-07-23T18:17:57.168Z INFO  client] Sending sample transaction 85
[2022-07-23T18:17:57.226Z INFO  client] Sending sample transaction 86
[2022-07-23T18:17:57.270Z INFO  client] Sending sample transaction 87
[2022-07-23T18:17:57.318Z INFO  client] Sending sample transaction 88
[2022-07-23T18:17:57.368Z INFO  client] Sending sample transaction 89
[2022-07-23T18:17:57.417Z INFO  client] Sending sample transaction 90
[2022-07-23T18:17:57.468Z INFO  client] Sending sample transaction 91
[2022-07-23T18:17:57.518Z INFO  client] Sending sample transaction 92
[2022-07-23T18:17:57.568Z INFO  client] Sending sample transaction 93
[2022-07-23T18:17:57.618Z INFO  client] Sending sample transaction 94
[2022-07-23T18:17:57.667Z INFO  client] Sending sample transaction 95
[2022-07-23T18:17:57.718Z INFO  client] Sending sample transaction 96
[2022-07-23T18:17:57.768Z INFO  client] Sending sample transaction 97
[2022-07-23T18:17:57.817Z INFO  client] Sending sample transaction 98
[2022-07-23T18:17:57.867Z INFO  client] Sending sample transaction 99
[2022-07-23T18:17:57.918Z INFO  client] Sending sample transaction 100
[2022-07-23T18:17:57.968Z INFO  client] Sending sample transaction 101
[2022-07-23T18:17:58.018Z INFO  client] Sending sample transaction 102
[2022-07-23T18:17:58.068Z INFO  client] Sending sample transaction 103
[2022-07-23T18:17:58.118Z INFO  client] Sending sample transaction 104
[2022-07-23T18:17:58.201Z INFO  client] Sending sample transaction 105
[2022-07-23T18:17:58.255Z INFO  client] Sending sample transaction 106
[2022-07-23T18:17:58.282Z INFO  client] Sending sample transaction 107
[2022-07-23T18:17:58.341Z INFO  client] Sending sample transaction 108
[2022-07-23T18:17:58.368Z INFO  client] Sending sample transaction 109
[2022-07-23T18:17:58.418Z INFO  client] Sending sample transaction 110
[2022-07-23T18:17:58.468Z INFO  client] Sending sample transaction 111
[2022-07-23T18:17:58.518Z INFO  client] Sending sample transaction 112
[2022-07-23T18:17:58.567Z INFO  client] Sending sample transaction 113
[2022-07-23T18:17:58.618Z INFO  client] Sending sample transaction 114
[2022-07-23T18:17:58.668Z INFO  client] Sending sample transaction 115
[2022-07-23T18:17:58.717Z INFO  client] Sending sample transaction 116
[2022-07-23T18:17:58.770Z INFO  client] Sending sample transaction 117
[2022-07-23T18:17:58.818Z INFO  client] Sending sample transaction 118
[2022-07-23T18:17:58.868Z INFO  client] Sending sample transaction 119
[2022-07-23T18:17:58.918Z INFO  client] Sending sample transaction 120
[2022-07-23T18:17:58.968Z INFO  client] Sending sample transaction 121
[2022-07-23T18:17:59.018Z INFO  client] Sending sample transaction 122
[2022-07-23T18:17:59.068Z INFO  client] Sending sample transaction 123
[2022-07-23T18:17:59.117Z INFO  client] Sending sample transaction 124
[2022-07-23T18:17:59.172Z INFO  client] Sending sample transaction 125
[2022-07-23T18:17:59.218Z INFO  client] Sending sample transaction 126
[2022-07-23T18:17:59.268Z INFO  client] Sending sample transaction 127
[2022-07-23T18:17:59.322Z INFO  client] Sending sample transaction 128
[2022-07-23T18:17:59.371Z INFO  client] Sending sample transaction 129
[2022-07-23T18:17:59.418Z INFO  client] Sending sample transaction 130
[2022-07-23T18:17:59.469Z INFO  client] Sending sample transaction 131
[2022-07-23T18:17:59.518Z INFO  client] Sending sample transaction 132
[2022-07-23T18:17:59.569Z INFO  client] Sending sample transaction 133
[2022-07-23T18:17:59.618Z INFO  client] Sending sample transaction 134
[2022-07-23T18:17:59.669Z INFO  client] Sending sample transaction 135
[2022-07-23T18:17:59.717Z INFO  client] Sending sample transaction 136
[2022-07-23T18:17:59.768Z INFO  client] Sending sample transaction 137
[2022-07-23T18:17:59.834Z INFO  client] Sending sample transaction 138
[2022-07-23T18:17:59.889Z INFO  client] Sending sample transaction 139
[2022-07-23T18:17:59.927Z INFO  client] Sending sample transaction 140
[2022-07-23T18:17:59.967Z INFO  client] Sending sample transaction 141
[2022-07-23T18:18:00.018Z INFO  client] Sending sample transaction 142
[2022-07-23T18:18:00.068Z INFO  client] Sending sample transaction 143
[2022-07-23T18:18:00.118Z INFO  client] Sending sample transaction 144
[2022-07-23T18:18:00.168Z INFO  client] Sending sample transaction 145
[2022-07-23T18:18:00.218Z INFO  client] Sending sample transaction 146
[2022-07-23T18:18:00.268Z INFO  client] Sending sample transaction 147
[2022-07-23T18:18:00.317Z INFO  client] Sending sample transaction 148
[2022-07-23T18:18:00.368Z INFO  client] Sending sample transaction 149
[2022-07-23T18:18:00.417Z INFO  client] Sending sample transaction 150
[2022-07-23T18:18:00.468Z INFO  client] Sending sample transaction 151
[2022-07-23T18:18:00.518Z INFO  client] Sending sample transaction 152
[2022-07-23T18:18:00.567Z INFO  client] Sending sample transaction 153
[2022-07-23T18:18:00.617Z INFO  client] Sending sample transaction 154
[2022-07-23T18:18:00.667Z INFO  client] Sending sample transaction 155
[2022-07-23T18:18:00.718Z INFO  client] Sending sample transaction 156
[2022-07-23T18:18:00.769Z INFO  client] Sending sample transaction 157
[2022-07-23T18:18:00.818Z INFO  client] Sending sample transaction 158
[2022-07-23T18:18:00.868Z INFO  client] Sending sample transaction 159
[2022-07-23T18:18:00.919Z INFO  client] Sending sample transaction 160
[2022-07-23T18:18:00.968Z INFO  client] Sending sample transaction 161
[2022-07-23T18:18:01.018Z INFO  client] Sending sample transaction 162
[2022-07-23T18:18:01.068Z INFO  client] Sending sample transaction 163
[2022-07-23T18:18:01.118Z INFO  client] Sending sample transaction 164
[2022-07-23T18:18:01.168Z INFO  client] Sending sample transaction 165
[2022-07-23T18:18:01.218Z INFO  client] Sending sample transaction 166
[2022-07-23T18:18:01.268Z INFO  client] Sending sample transaction 167
[2022-07-23T18:18:01.317Z INFO  client] Sending sample transaction 168
[2022-07-23T18:18:01.368Z INFO  client] Sending sample transaction 169
[2022-07-23T18:18:01.425Z INFO  client] Sending sample transaction 170
[2022-07-23T18:18:01.468Z INFO  client] Sending sample transaction 171
[2022-07-23T18:18:01.518Z INFO  client] Sending sample transaction 172
[2022-07-23T18:18:01.568Z INFO  client] Sending sample transaction 173
[2022-07-23T18:18:01.618Z INFO  client] Sending sample transaction 174
[2022-07-23T18:18:01.668Z INFO  client] Sending sample transaction 175
[2022-07-23T18:18:01.718Z INFO  client] Sending sample transaction 176
[2022-07-23T18:18:01.768Z INFO  client] Sending sample transaction 177
[2022-07-23T18:18:01.818Z INFO  client] Sending sample transaction 178
[2022-07-23T18:18:01.868Z INFO  client] Sending sample transaction 179
[2022-07-23T18:18:01.919Z INFO  client] Sending sample transaction 180
[2022-07-23T18:18:01.967Z INFO  client] Sending sample transaction 181
[2022-07-23T18:18:02.018Z INFO  client] Sending sample transaction 182
[2022-07-23T18:18:02.079Z INFO  client] Sending sample transaction 183
[2022-07-23T18:18:02.163Z INFO  client] Sending sample transaction 184
[2022-07-23T18:18:02.178Z INFO  client] Sending sample transaction 185
[2022-07-23T18:18:02.217Z INFO  client] Sending sample transaction 186
[2022-07-23T18:18:02.268Z INFO  client] Sending sample transaction 187
[2022-07-23T18:18:02.318Z INFO  client] Sending sample transaction 188
[2022-07-23T18:18:02.368Z INFO  client] Sending sample transaction 189
[2022-07-23T18:18:02.418Z INFO  client] Sending sample transaction 190
[2022-07-23T18:18:02.467Z INFO  client] Sending sample transaction 191
[2022-07-23T18:18:02.518Z INFO  client] Sending sample transaction 192
[2022-07-23T18:18:02.567Z INFO  client] Sending sample transaction 193
[2022-07-23T18:18:02.618Z INFO  client] Sending sample transaction 194
[2022-07-23T18:18:02.668Z INFO  client] Sending sample transaction 195
[2022-07-23T18:18:02.718Z INFO  client] Sending sample transaction 196
[2022-07-23T18:18:02.768Z INFO  client] Sending sample transaction 197
[2022-07-23T18:18:02.818Z INFO  client] Sending sample transaction 198
[2022-07-23T18:18:02.868Z INFO  client] Sending sample transaction 199
[2022-07-23T18:18:02.919Z INFO  client] Sending sample transaction 200
[2022-07-23T18:18:02.967Z INFO  client] Sending sample transaction 201
[2022-07-23T18:18:03.018Z INFO  client] Sending sample transaction 202
[2022-07-23T18:18:03.068Z INFO  client] Sending sample transaction 203
[2022-07-23T18:18:03.118Z INFO  client] Sending sample transaction 204
[2022-07-23T18:18:03.167Z INFO  client] Sending sample transaction 205
[2022-07-23T18:18:03.219Z INFO  client] Sending sample transaction 206
[2022-07-23T18:18:03.268Z INFO  client] Sending sample transaction 207
[2022-07-23T18:18:03.318Z INFO  client] Sending sample transaction 208
[2022-07-23T18:18:03.368Z INFO  client] Sending sample transaction 209
[2022-07-23T18:18:03.417Z INFO  client] Sending sample transaction 210
[2022-07-23T18:18:03.469Z INFO  client] Sending sample transaction 211
[2022-07-23T18:18:03.530Z INFO  client] Sending sample transaction 212
[2022-07-23T18:18:03.567Z INFO  client] Sending sample transaction 213
[2022-07-23T18:18:03.618Z INFO  client] Sending sample transaction 214
[2022-07-23T18:18:03.667Z INFO  client] Sending sample transaction 215
[2022-07-23T18:18:03.718Z INFO  client] Sending sample transaction 216
[2022-07-23T18:18:03.768Z INFO  client] Sending sample transaction 217
[2022-07-23T18:18:03.818Z INFO  client] Sending sample transaction 218
[2022-07-23T18:18:03.869Z INFO  client] Sending sample transaction 219
[2022-07-23T18:18:03.917Z INFO  client] Sending sample transaction 220
[2022-07-23T18:18:03.968Z INFO  client] Sending sample transaction 221
[2022-07-23T18:18:04.018Z INFO  client] Sending sample transaction 222
[2022-07-23T18:18:04.068Z INFO  client] Sending sample transaction 223
[2022-07-23T18:18:04.118Z INFO  client] Sending sample transaction 224
[2022-07-23T18:18:04.168Z INFO  client] Sending sample transaction 225
[2022-07-23T18:18:04.218Z INFO  client] Sending sample transaction 226
[2022-07-23T18:18:04.268Z INFO  client] Sending sample transaction 227
[2022-07-23T18:18:04.317Z INFO  client] Sending sample transaction 228
[2022-07-23T18:18:04.367Z INFO  client] Sending sample transaction 229
[2022-07-23T18:18:04.418Z INFO  client] Sending sample transaction 230
[2022-07-23T18:18:04.467Z INFO  client] Sending sample transaction 231
[2022-07-23T18:18:04.518Z INFO  client] Sending sample transaction 232
[2022-07-23T18:18:04.568Z INFO  client] Sending sample transaction 233
[2022-07-23T18:18:04.619Z INFO  client] Sending sample transaction 234
[2022-07-23T18:18:04.668Z INFO  client] Sending sample transaction 235
[2022-07-23T18:18:04.718Z INFO  client] Sending sample transaction 236
[2022-07-23T18:18:04.831Z INFO  client] Sending sample transaction 237
[2022-07-23T18:18:04.888Z INFO  client] Sending sample transaction 238
[2022-07-23T18:18:04.939Z INFO  client] Sending sample transaction 239
[2022-07-23T18:18:04.939Z INFO  client] Sending sample transaction 240
[2022-07-23T18:18:04.982Z INFO  client] Sending sample transaction 241
[2022-07-23T18:18:05.018Z INFO  client] Sending sample transaction 242
[2022-07-23T18:18:05.069Z INFO  client] Sending sample transaction 243
[2022-07-23T18:18:05.118Z INFO  client] Sending sample transaction 244
[2022-07-23T18:18:05.168Z INFO  client] Sending sample transaction 245
[2022-07-23T18:18:05.218Z INFO  client] Sending sample transaction 246
[2022-07-23T18:18:05.269Z INFO  client] Sending sample transaction 247
[2022-07-23T18:18:05.318Z INFO  client] Sending sample transaction 248
[2022-07-23T18:18:05.368Z INFO  client] Sending sample transaction 249
[2022-07-23T18:18:05.417Z INFO  client] Sending sample transaction 250
[2022-07-23T18:18:05.469Z INFO  client] Sending sample transaction 251
[2022-07-23T18:18:05.518Z INFO  client] Sending sample transaction 252
[2022-07-23T18:18:05.568Z INFO  client] Sending sample transaction 253
[2022-07-23T18:18:05.620Z INFO  client] Sending sample transaction 254
[2022-07-23T18:18:05.669Z INFO  client] Sending sample transaction 255
[2022-07-23T18:18:05.718Z INFO  client] Sending sample transaction 256
[2022-07-23T18:18:05.794Z INFO  client] Sending sample transaction 257
[2022-07-23T18:18:05.832Z INFO  client] Sending sample transaction 258
[2022-07-23T18:18:05.898Z INFO  client] Sending sample transaction 259
[2022-07-23T18:18:05.947Z INFO  client] Sending sample transaction 260
[2022-07-23T18:18:05.967Z INFO  client] Sending sample transaction 261
[2022-07-23T18:18:06.021Z INFO  client] Sending sample transaction 262
[2022-07-23T18:18:06.069Z INFO  client] Sending sample transaction 263
[2022-07-23T18:18:06.118Z INFO  client] Sending sample transaction 264
[2022-07-23T18:18:06.168Z INFO  client] Sending sample transaction 265
[2022-07-23T18:18:06.218Z INFO  client] Sending sample transaction 266
[2022-07-23T18:18:06.268Z INFO  client] Sending sample transaction 267
[2022-07-23T18:18:06.318Z INFO  client] Sending sample transaction 268
[2022-07-23T18:18:06.368Z INFO  client] Sending sample transaction 269
[2022-07-23T18:18:06.417Z INFO  client] Sending sample transaction 270
[2022-07-23T18:18:06.468Z INFO  client] Sending sample transaction 271
[2022-07-23T18:18:06.518Z INFO  client] Sending sample transaction 272
[2022-07-23T18:18:06.568Z INFO  client] Sending sample transaction 273
[2022-07-23T18:18:06.618Z INFO  client] Sending sample transaction 274
[2022-07-23T18:18:06.668Z INFO  client] Sending sample transaction 275
[2022-07-23T18:18:06.718Z INFO  client] Sending sample transaction 276
[2022-07-23T18:18:06.767Z INFO  client] Sending sample transaction 277
[2022-07-23T18:18:06.818Z INFO  client] Sending sample transaction 278
[2022-07-23T18:18:06.868Z INFO  client] Sending sample transaction 279
[2022-07-23T18:18:06.918Z INFO  client] Sending sample transaction 280
[2022-07-23T18:18:06.968Z INFO  client] Sending sample transaction 281
[2022-07-23T18:18:07.018Z INFO  client] Sending sample transaction 282
[2022-07-23T18:18:07.068Z INFO  client] Sending sample transaction 283
[2022-07-23T18:18:07.118Z INFO  client] Sending sample transaction 284
[2022-07-23T18:18:07.168Z INFO  client] Sending sample transaction 285
[2022-07-23T18:18:07.262Z INFO  client] Sending sample transaction 286
[2022-07-23T18:18:07.301Z INFO  client] Sending sample transaction 287
[2022-07-23T18:18:07.367Z INFO  client] Sending sample transaction 288
[2022-07-23T18:18:07.433Z INFO  client] Sending sample transaction 289
[2022-07-23T18:18:07.441Z INFO  client] Sending sample transaction 290
[2022-07-23T18:18:07.469Z INFO  client] Sending sample transaction 291
[2022-07-23T18:18:07.519Z INFO  client] Sending sample transaction 292
[2022-07-23T18:18:07.568Z INFO  client] Sending sample transaction 293
[2022-07-23T18:18:07.630Z INFO  client] Sending sample transaction 294
[2022-07-23T18:18:07.668Z INFO  client] Sending sample transaction 295
[2022-07-23T18:18:07.728Z INFO  client] Sending sample transaction 296
[2022-07-23T18:18:07.787Z INFO  client] Sending sample transaction 297
[2022-07-23T18:18:07.818Z INFO  client] Sending sample transaction 298
[2022-07-23T18:18:07.868Z INFO  client] Sending sample transaction 299
[2022-07-23T18:18:07.917Z INFO  client] Sending sample transaction 300
[2022-07-23T18:18:07.967Z INFO  client] Sending sample transaction 301
[2022-07-23T18:18:08.018Z INFO  client] Sending sample transaction 302
[2022-07-23T18:18:08.068Z INFO  client] Sending sample transaction 303
[2022-07-23T18:18:08.117Z INFO  client] Sending sample transaction 304
[2022-07-23T18:18:08.168Z INFO  client] Sending sample transaction 305
[2022-07-23T18:18:08.218Z INFO  client] Sending sample transaction 306
[2022-07-23T18:18:08.269Z INFO  client] Sending sample transaction 307
[2022-07-23T18:18:08.317Z INFO  client] Sending sample transaction 308
[2022-07-23T18:18:08.368Z INFO  client] Sending sample transaction 309
[2022-07-23T18:18:08.418Z INFO  client] Sending sample transaction 310
[2022-07-23T18:18:08.467Z INFO  client] Sending sample transaction 311
[2022-07-23T18:18:08.519Z INFO  client] Sending sample transaction 312
[2022-07-23T18:18:08.569Z INFO  client] Sending sample transaction 313
[2022-07-23T18:18:08.641Z INFO  client] Sending sample transaction 314
[2022-07-23T18:18:08.710Z INFO  client] Sending sample transaction 315
[2022-07-23T18:18:08.718Z INFO  client] Sending sample transaction 316
[2022-07-23T18:18:08.793Z INFO  client] Sending sample transaction 317
[2022-07-23T18:18:08.852Z INFO  client] Sending sample transaction 318
[2022-07-23T18:18:08.869Z INFO  client] Sending sample transaction 319
[2022-07-23T18:18:08.917Z INFO  client] Sending sample transaction 320
[2022-07-23T18:18:08.988Z INFO  client] Sending sample transaction 321
[2022-07-23T18:18:09.018Z INFO  client] Sending sample transaction 322
[2022-07-23T18:18:09.069Z INFO  client] Sending sample transaction 323
[2022-07-23T18:18:09.118Z INFO  client] Sending sample transaction 324
[2022-07-23T18:18:09.168Z INFO  client] Sending sample transaction 325
[2022-07-23T18:18:09.218Z INFO  client] Sending sample transaction 326
[2022-07-23T18:18:09.272Z INFO  client] Sending sample transaction 327
[2022-07-23T18:18:09.318Z INFO  client] Sending sample transaction 328
[2022-07-23T18:18:09.368Z INFO  client] Sending sample transaction 329
[2022-07-23T18:18:09.417Z INFO  client] Sending sample transaction 330
[2022-07-23T18:18:09.468Z INFO  client] Sending sample transaction 331
[2022-07-23T18:18:09.518Z INFO  client] Sending sample transaction 332
[2022-07-23T18:18:09.568Z INFO  client] Sending sample transaction 333
[2022-07-23T18:18:09.618Z INFO  client] Sending sample transaction 334
[2022-07-23T18:18:09.668Z INFO  client] Sending sample transaction 335
[2022-07-23T18:18:09.719Z INFO  client] Sending sample transaction 336
[2022-07-23T18:18:09.769Z INFO  client] Sending sample transaction 337
[2022-07-23T18:18:09.821Z INFO  client] Sending sample transaction 338
[2022-07-23T18:18:09.871Z INFO  client] Sending sample transaction 339
[2022-07-23T18:18:09.925Z INFO  client] Sending sample transaction 340
[2022-07-23T18:18:09.968Z INFO  client] Sending sample transaction 341
[2022-07-23T18:18:10.051Z INFO  client] Sending sample transaction 342
[2022-07-23T18:18:10.071Z INFO  client] Sending sample transaction 343
[2022-07-23T18:18:10.157Z INFO  client] Sending sample transaction 344
[2022-07-23T18:18:10.204Z INFO  client] Sending sample transaction 345
[2022-07-23T18:18:10.234Z INFO  client] Sending sample transaction 346
[2022-07-23T18:18:10.278Z INFO  client] Sending sample transaction 347
[2022-07-23T18:18:10.318Z INFO  client] Sending sample transaction 348
[2022-07-23T18:18:10.368Z INFO  client] Sending sample transaction 349
[2022-07-23T18:18:10.439Z INFO  client] Sending sample transaction 350
[2022-07-23T18:18:10.469Z INFO  client] Sending sample transaction 351
[2022-07-23T18:18:10.518Z INFO  client] Sending sample transaction 352
[2022-07-23T18:18:10.568Z INFO  client] Sending sample transaction 353
[2022-07-23T18:18:10.618Z INFO  client] Sending sample transaction 354
[2022-07-23T18:18:10.668Z INFO  client] Sending sample transaction 355
[2022-07-23T18:18:10.718Z INFO  client] Sending sample transaction 356
[2022-07-23T18:18:10.768Z INFO  client] Sending sample transaction 357
[2022-07-23T18:18:10.818Z INFO  client] Sending sample transaction 358
[2022-07-23T18:18:10.869Z INFO  client] Sending sample transaction 359
[2022-07-23T18:18:10.918Z INFO  client] Sending sample transaction 360
[2022-07-23T18:18:10.968Z INFO  client] Sending sample transaction 361
[2022-07-23T18:18:11.018Z INFO  client] Sending sample transaction 362
[2022-07-23T18:18:11.068Z INFO  client] Sending sample transaction 363
[2022-07-23T18:18:11.118Z INFO  client] Sending sample transaction 364
[2022-07-23T18:18:11.168Z INFO  client] Sending sample transaction 365
[2022-07-23T18:18:11.218Z INFO  client] Sending sample transaction 366
[2022-07-23T18:18:11.268Z INFO  client] Sending sample transaction 367
[2022-07-23T18:18:11.319Z INFO  client] Sending sample transaction 368
[2022-07-23T18:18:11.368Z INFO  client] Sending sample transaction 369
[2022-07-23T18:18:11.417Z INFO  client] Sending sample transaction 370
[2022-07-23T18:18:11.468Z INFO  client] Sending sample transaction 371
[2022-07-23T18:18:11.519Z INFO  client] Sending sample transaction 372
[2022-07-23T18:18:11.568Z INFO  client] Sending sample transaction 373
[2022-07-23T18:18:11.619Z INFO  client] Sending sample transaction 374
[2022-07-23T18:18:11.679Z INFO  client] Sending sample transaction 375
[2022-07-23T18:18:11.729Z INFO  client] Sending sample transaction 376
[2022-07-23T18:18:11.805Z INFO  client] Sending sample transaction 377
[2022-07-23T18:18:11.861Z INFO  client] Sending sample transaction 378
[2022-07-23T18:18:11.897Z INFO  client] Sending sample transaction 379
[2022-07-23T18:18:11.920Z INFO  client] Sending sample transaction 380
[2022-07-23T18:18:11.968Z INFO  client] Sending sample transaction 381
[2022-07-23T18:18:12.024Z INFO  client] Sending sample transaction 382
[2022-07-23T18:18:12.084Z INFO  client] Sending sample transaction 383
[2022-07-23T18:18:12.135Z INFO  client] Sending sample transaction 384
[2022-07-23T18:18:12.168Z INFO  client] Sending sample transaction 385
[2022-07-23T18:18:12.218Z INFO  client] Sending sample transaction 386
[2022-07-23T18:18:12.267Z INFO  client] Sending sample transaction 387
[2022-07-23T18:18:12.319Z INFO  client] Sending sample transaction 388
[2022-07-23T18:18:12.369Z INFO  client] Sending sample transaction 389
[2022-07-23T18:18:12.418Z INFO  client] Sending sample transaction 390
[2022-07-23T18:18:12.468Z INFO  client] Sending sample transaction 391
[2022-07-23T18:18:12.518Z INFO  client] Sending sample transaction 392
[2022-07-23T18:18:12.568Z INFO  client] Sending sample transaction 393
[2022-07-23T18:18:12.620Z INFO  client] Sending sample transaction 394
[2022-07-23T18:18:12.667Z INFO  client] Sending sample transaction 395
[2022-07-23T18:18:12.718Z INFO  client] Sending sample transaction 396
[2022-07-23T18:18:12.769Z INFO  client] Sending sample transaction 397
[2022-07-23T18:18:12.818Z INFO  client] Sending sample transaction 398
[2022-07-23T18:18:12.868Z INFO  client] Sending sample transaction 399
[2022-07-23T18:18:12.917Z INFO  client] Sending sample transaction 400
[2022-07-23T18:18:12.968Z INFO  client] Sending sample transaction 401
[2022-07-23T18:18:13.019Z INFO  client] Sending sample transaction 402
[2022-07-23T18:18:13.067Z INFO  client] Sending sample transaction 403
[2022-07-23T18:18:13.119Z INFO  client] Sending sample transaction 404
[2022-07-23T18:18:13.180Z INFO  client] Sending sample transaction 405
[2022-07-23T18:18:13.218Z INFO  client] Sending sample transaction 406
[2022-07-23T18:18:13.277Z INFO  client] Sending sample transaction 407
[2022-07-23T18:18:13.387Z INFO  client] Sending sample transaction 408
[2022-07-23T18:18:13.454Z INFO  client] Sending sample transaction 409
[2022-07-23T18:18:13.492Z INFO  client] Sending sample transaction 410
[2022-07-23T18:18:13.537Z INFO  client] Sending sample transaction 411
[2022-07-23T18:18:13.543Z INFO  client] Sending sample transaction 412
[2022-07-23T18:18:13.571Z INFO  client] Sending sample transaction 413
[2022-07-23T18:18:13.618Z INFO  client] Sending sample transaction 414
[2022-07-23T18:18:13.677Z INFO  client] Sending sample transaction 415
[2022-07-23T18:18:13.728Z INFO  client] Sending sample transaction 416
[2022-07-23T18:18:13.770Z INFO  client] Sending sample transaction 417
[2022-07-23T18:18:13.821Z INFO  client] Sending sample transaction 418
[2022-07-23T18:18:13.869Z INFO  client] Sending sample transaction 419
[2022-07-23T18:18:13.926Z INFO  client] Sending sample transaction 420
[2022-07-23T18:18:13.968Z INFO  client] Sending sample transaction 421
[2022-07-23T18:18:14.022Z INFO  client] Sending sample transaction 422
[2022-07-23T18:18:14.069Z INFO  client] Sending sample transaction 423
[2022-07-23T18:18:14.119Z INFO  client] Sending sample transaction 424
[2022-07-23T18:18:14.168Z INFO  client] Sending sample transaction 425
[2022-07-23T18:18:14.258Z INFO  client] Sending sample transaction 426
[2022-07-23T18:18:14.275Z INFO  client] Sending sample transaction 427
[2022-07-23T18:18:14.332Z INFO  client] Sending sample transaction 428
[2022-07-23T18:18:14.377Z INFO  client] Sending sample transaction 429
[2022-07-23T18:18:14.425Z INFO  client] Sending sample transaction 430
[2022-07-23T18:18:14.477Z INFO  client] Sending sample transaction 431
[2022-07-23T18:18:14.518Z INFO  client] Sending sample transaction 432
[2022-07-23T18:18:14.571Z INFO  client] Sending sample transaction 433
[2022-07-23T18:18:14.618Z INFO  client] Sending sample transaction 434
[2022-07-23T18:18:14.668Z INFO  client] Sending sample transaction 435
[2022-07-23T18:18:14.719Z INFO  client] Sending sample transaction 436
[2022-07-23T18:18:14.768Z INFO  client] Sending sample transaction 437
[2022-07-23T18:18:14.819Z INFO  client] Sending sample transaction 438
[2022-07-23T18:18:14.868Z INFO  client] Sending sample transaction 439
[2022-07-23T18:18:14.918Z INFO  client] Sending sample transaction 440
