[2022-07-24T10:15:17.646Z INFO  client] Node address: 127.0.0.1:9014
[2022-07-24T10:15:17.646Z INFO  client] Transactions size: 512 B
[2022-07-24T10:15:17.646Z INFO  client] Transactions rate: 112 tx/s
[2022-07-24T10:15:17.646Z INFO  client] Waiting for all nodes to be online...
[2022-07-24T10:15:17.646Z INFO  client] Waiting for all nodes to be synchronized...
[2022-07-24T10:15:19.712Z INFO  client] Start sending transactions
[2022-07-24T10:15:19.715Z INFO  client] Sending sample transaction 0
[2022-07-24T10:15:19.765Z INFO  client] Sending sample transaction 1
[2022-07-24T10:15:19.814Z INFO  client] Sending sample transaction 2
[2022-07-24T10:15:19.866Z INFO  client] Sending sample transaction 3
[2022-07-24T10:15:19.917Z INFO  client] Sending sample transaction 4
[2022-07-24T10:15:19.976Z INFO  client] Sending sample transaction 5
[2022-07-24T10:15:20.014Z INFO  client] Sending sample transaction 6
[2022-07-24T10:15:20.066Z INFO  client] Sending sample transaction 7
[2022-07-24T10:15:20.115Z INFO  client] Sending sample transaction 8
[2022-07-24T10:15:20.165Z INFO  client] Sending sample transaction 9
[2022-07-24T10:15:20.213Z INFO  client] Sending sample transaction 10
[2022-07-24T10:15:20.264Z INFO  client] Sending sample transaction 11
[2022-07-24T10:15:20.314Z INFO  client] Sending sample transaction 12
[2022-07-24T10:15:20.364Z INFO  client] Sending sample transaction 13
[2022-07-24T10:15:20.423Z INFO  client] Sending sample transaction 14
[2022-07-24T10:15:20.464Z INFO  client] Sending sample transaction 15
[2022-07-24T10:15:20.515Z INFO  client] Sending sample transaction 16
[2022-07-24T10:15:20.564Z INFO  client] Sending sample transaction 17
[2022-07-24T10:15:20.615Z INFO  client] Sending sample transaction 18
[2022-07-24T10:15:20.668Z INFO  client] Sending sample transaction 19
[2022-07-24T10:15:20.715Z INFO  client] Sending sample transaction 20
[2022-07-24T10:15:20.765Z INFO  client] Sending sample transaction 21
[2022-07-24T10:15:20.814Z INFO  client] Sending sample transaction 22
[2022-07-24T10:15:20.900Z INFO  client] Sending sample transaction 23
[2022-07-24T10:15:20.953Z INFO  client] Sending sample transaction 24
[2022-07-24T10:15:20.998Z INFO  client] Sending sample transaction 25
[2022-07-24T10:15:21.018Z INFO  client] Sending sample transaction 26
[2022-07-24T10:15:21.064Z INFO  client] Sending sample transaction 27
[2022-07-24T10:15:21.116Z INFO  client] Sending sample transaction 28
[2022-07-24T10:15:21.165Z INFO  client] Sending sample transaction 29
[2022-07-24T10:15:21.214Z INFO  client] Sending sample transaction 30
[2022-07-24T10:15:21.264Z INFO  client] Sending sample transaction 31
[2022-07-24T10:15:21.315Z INFO  client] Sending sample transaction 32
[2022-07-24T10:15:21.365Z INFO  client] Sending sample transaction 33
[2022-07-24T10:15:21.416Z INFO  client] Sending sample transaction 34
[2022-07-24T10:15:21.463Z INFO  client] Sending sample transaction 35
[2022-07-24T10:15:21.514Z INFO  client] Sending sample transaction 36
[2022-07-24T10:15:21.564Z INFO  client] Sending sample transaction 37
[2022-07-24T10:15:21.616Z INFO  client] Sending sample transaction 38
[2022-07-24T10:15:21.707Z INFO  client] Sending sample transaction 39
[2022-07-24T10:15:21.743Z INFO  client] Sending sample transaction 40
[2022-07-24T10:15:21.796Z INFO  client] Sending sample transaction 41
[2022-07-24T10:15:21.858Z INFO  client] Sending sample transaction 42
[2022-07-24T10:15:21.883Z INFO  client] Sending sample transaction 43
[2022-07-24T10:15:21.932Z INFO  client] Sending sample transaction 44
[2022-07-24T10:15:21.967Z INFO  client] Sending sample transaction 45
[2022-07-24T10:15:22.017Z INFO  client] Sending sample transaction 46
[2022-07-24T10:15:22.064Z INFO  client] Sending sample transaction 47
[2022-07-24T10:15:22.114Z INFO  client] Sending sample transaction 48
[2022-07-24T10:15:22.164Z INFO  client] Sending sample transaction 49
[2022-07-24T10:15:22.216Z INFO  client] Sending sample transaction 50
[2022-07-24T10:15:22.269Z INFO  client] Sending sample transaction 51
[2022-07-24T10:15:22.318Z INFO  client] Sending sample transaction 52
[2022-07-24T10:15:22.363Z INFO  client] Sending sample transaction 53
[2022-07-24T10:15:22.414Z INFO  client] Sending sample transaction 54
[2022-07-24T10:15:22.465Z INFO  client] Sending sample transaction 55
[2022-07-24T10:15:22.513Z INFO  client] Sending sample transaction 56
[2022-07-24T10:15:22.564Z INFO  client] Sending sample transaction 57
[2022-07-24T10:15:22.617Z INFO  client] Sending sample transaction 58
[2022-07-24T10:15:22.664Z INFO  client] Sending sample transaction 59
[2022-07-24T10:15:22.713Z INFO  client] Sending sample transaction 60
[2022-07-24T10:15:22.763Z INFO  client] Sending sample transaction 61
[2022-07-24T10:15:22.815Z INFO  client] Sending sample transaction 62
[2022-07-24T10:15:22.864Z INFO  client] Sending sample transaction 63
[2022-07-24T10:15:22.914Z INFO  client] Sending sample transaction 64
[2022-07-24T10:15:22.967Z INFO  client] Sending sample transaction 65
[2022-07-24T10:15:23.025Z INFO  client] Sending sample transaction 66
[2022-07-24T10:15:23.082Z INFO  client] Sending sample transaction 67
[2022-07-24T10:15:23.113Z INFO  client] Sending sample transaction 68
[2022-07-24T10:15:23.165Z INFO  client] Sending sample transaction 69
[2022-07-24T10:15:23.215Z INFO  client] Sending sample transaction 70
[2022-07-24T10:15:23.266Z INFO  client] Sending sample transaction 71
[2022-07-24T10:15:23.314Z INFO  client] Sending sample transaction 72
[2022-07-24T10:15:23.365Z INFO  client] Sending sample transaction 73
[2022-07-24T10:15:23.414Z INFO  client] Sending sample transaction 74
[2022-07-24T10:15:23.464Z INFO  client] Sending sample transaction 75
[2022-07-24T10:15:23.515Z INFO  client] Sending sample transaction 76
[2022-07-24T10:15:23.564Z INFO  client] Sending sample transaction 77
[2022-07-24T10:15:23.615Z INFO  client] Sending sample transaction 78
[2022-07-24T10:15:23.664Z INFO  client] Sending sample transaction 79
[2022-07-24T10:15:23.714Z INFO  client] Sending sample transaction 80
[2022-07-24T10:15:23.764Z INFO  client] Sending sample transaction 81
[2022-07-24T10:15:23.813Z INFO  client] Sending sample transaction 82
[2022-07-24T10:15:23.864Z INFO  client] Sending sample transaction 83
[2022-07-24T10:15:23.915Z INFO  client] Sending sample transaction 84
[2022-07-24T10:15:23.963Z INFO  client] Sending sample transaction 85
[2022-07-24T10:15:24.018Z INFO  client] Sending sample transaction 86
[2022-07-24T10:15:24.064Z INFO  client] Sending sample transaction 87
[2022-07-24T10:15:24.115Z INFO  client] Sending sample transaction 88
[2022-07-24T10:15:24.165Z INFO  client] Sending sample transaction 89
[2022-07-24T10:15:24.213Z INFO  client] Sending sample transaction 90
[2022-07-24T10:15:24.263Z INFO  client] Sending sample transaction 91
[2022-07-24T10:15:24.314Z INFO  client] Sending sample transaction 92
[2022-07-24T10:15:24.364Z INFO  client] Sending sample transaction 93
[2022-07-24T10:15:24.414Z INFO  client] Sending sample transaction 94
[2022-07-24T10:15:24.464Z INFO  client] Sending sample transaction 95
[2022-07-24T10:15:24.513Z INFO  client] Sending sample transaction 96
[2022-07-24T10:15:24.563Z INFO  client] Sending sample transaction 97
[2022-07-24T10:15:24.614Z INFO  client] Sending sample transaction 98
[2022-07-24T10:15:24.665Z INFO  client] Sending sample transaction 99
[2022-07-24T10:15:24.713Z INFO  client] Sending sample transaction 100
[2022-07-24T10:15:24.764Z INFO  client] Sending sample transaction 101
[2022-07-24T10:15:24.814Z INFO  client] Sending sample transaction 102
[2022-07-24T10:15:24.864Z INFO  client] Sending sample transaction 103
[2022-07-24T10:15:24.914Z INFO  client] Sending sample transaction 104
[2022-07-24T10:15:24.998Z INFO  client] Sending sample transaction 105
[2022-07-24T10:15:25.036Z INFO  client] Sending sample transaction 106
[2022-07-24T10:15:25.064Z INFO  client] Sending sample transaction 107
[2022-07-24T10:15:25.114Z INFO  client] Sending sample transaction 108
[2022-07-24T10:15:25.164Z INFO  client] Sending sample transaction 109
[2022-07-24T10:15:25.214Z INFO  client] Sending sample transaction 110
[2022-07-24T10:15:25.263Z INFO  client] Sending sample transaction 111
[2022-07-24T10:15:25.313Z INFO  client] Sending sample transaction 112
[2022-07-24T10:15:25.364Z INFO  client] Sending sample transaction 113
[2022-07-24T10:15:25.414Z INFO  client] Sending sample transaction 114
[2022-07-24T10:15:25.464Z INFO  client] Sending sample transaction 115
[2022-07-24T10:15:25.513Z INFO  client] Sending sample transaction 116
[2022-07-24T10:15:25.563Z INFO  client] Sending sample transaction 117
[2022-07-24T10:15:25.614Z INFO  client] Sending sample transaction 118
[2022-07-24T10:15:25.664Z INFO  client] Sending sample transaction 119
[2022-07-24T10:15:25.713Z INFO  client] Sending sample transaction 120
[2022-07-24T10:15:25.765Z INFO  client] Sending sample transaction 121
[2022-07-24T10:15:25.814Z INFO  client] Sending sample transaction 122
[2022-07-24T10:15:25.864Z INFO  client] Sending sample transaction 123
[2022-07-24T10:15:25.914Z INFO  client] Sending sample transaction 124
[2022-07-24T10:15:25.963Z INFO  client] Sending sample transaction 125
[2022-07-24T10:15:26.014Z INFO  client] Sending sample transaction 126
[2022-07-24T10:15:26.063Z INFO  client] Sending sample transaction 127
[2022-07-24T10:15:26.114Z INFO  client] Sending sample transaction 128
[2022-07-24T10:15:26.164Z INFO  client] Sending sample transaction 129
[2022-07-24T10:15:26.214Z INFO  client] Sending sample transaction 130
[2022-07-24T10:15:26.263Z INFO  client] Sending sample transaction 131
[2022-07-24T10:15:26.313Z INFO  client] Sending sample transaction 132
[2022-07-24T10:15:26.363Z INFO  client] Sending sample transaction 133
[2022-07-24T10:15:26.414Z INFO  client] Sending sample transaction 134
[2022-07-24T10:15:26.464Z INFO  client] Sending sample transaction 135
[2022-07-24T10:15:26.514Z INFO  client] Sending sample transaction 136
[2022-07-24T10:15:26.563Z INFO  client] Sending sample transaction 137
[2022-07-24T10:15:26.647Z INFO  client] Sending sample transaction 138
[2022-07-24T10:15:26.665Z INFO  client] Sending sample transaction 139
[2022-07-24T10:15:26.714Z INFO  client] Sending sample transaction 140
[2022-07-24T10:15:26.764Z INFO  client] Sending sample transaction 141
[2022-07-24T10:15:26.814Z INFO  client] Sending sample transaction 142
[2022-07-24T10:15:26.864Z INFO  client] Sending sample transaction 143
[2022-07-24T10:15:26.914Z INFO  client] Sending sample transaction 144
[2022-07-24T10:15:26.964Z INFO  client] Sending sample transaction 145
[2022-07-24T10:15:27.014Z INFO  client] Sending sample transaction 146
[2022-07-24T10:15:27.064Z INFO  client] Sending sample transaction 147
[2022-07-24T10:15:27.117Z INFO  client] Sending sample transaction 148
[2022-07-24T10:15:27.166Z INFO  client] Sending sample transaction 149
[2022-07-24T10:15:27.213Z INFO  client] Sending sample transaction 150
[2022-07-24T10:15:27.264Z INFO  client] Sending sample transaction 151
[2022-07-24T10:15:27.314Z INFO  client] Sending sample transaction 152
[2022-07-24T10:15:27.364Z INFO  client] Sending sample transaction 153
[2022-07-24T10:15:27.413Z INFO  client] Sending sample transaction 154
[2022-07-24T10:15:27.464Z INFO  client] Sending sample transaction 155
[2022-07-24T10:15:27.513Z INFO  client] Sending sample transaction 156
[2022-07-24T10:15:27.564Z INFO  client] Sending sample transaction 157
[2022-07-24T10:15:27.615Z INFO  client] Sending sample transaction 158
[2022-07-24T10:15:27.664Z INFO  client] Sending sample transaction 159
[2022-07-24T10:15:27.714Z INFO  client] Sending sample transaction 160
[2022-07-24T10:15:27.764Z INFO  client] Sending sample transaction 161
[2022-07-24T10:15:27.813Z INFO  client] Sending sample transaction 162
[2022-07-24T10:15:27.864Z INFO  client] Sending sample transaction 163
[2022-07-24T10:15:27.914Z INFO  client] Sending sample transaction 164
[2022-07-24T10:15:27.964Z INFO  client] Sending sample transaction 165
[2022-07-24T10:15:28.014Z INFO  client] Sending sample transaction 166
[2022-07-24T10:15:28.065Z INFO  client] Sending sample transaction 167
[2022-07-24T10:15:28.115Z INFO  client] Sending sample transaction 168
[2022-07-24T10:15:28.164Z INFO  client] Sending sample transaction 169
[2022-07-24T10:15:28.213Z INFO  client] Sending sample transaction 170
[2022-07-24T10:15:28.264Z INFO  client] Sending sample transaction 171
[2022-07-24T10:15:28.314Z INFO  client] Sending sample transaction 172
[2022-07-24T10:15:28.364Z INFO  client] Sending sample transaction 173
[2022-07-24T10:15:28.415Z INFO  client] Sending sample transaction 174
[2022-07-24T10:15:28.464Z INFO  client] Sending sample transaction 175
[2022-07-24T10:15:28.514Z INFO  client] Sending sample transaction 176
[2022-07-24T10:15:28.564Z INFO  client] Sending sample transaction 177
[2022-07-24T10:15:28.614Z INFO  client] Sending sample transaction 178
[2022-07-24T10:15:28.664Z INFO  client] Sending sample transaction 179
[2022-07-24T10:15:28.714Z INFO  client] Sending sample transaction 180
[2022-07-24T10:15:28.764Z INFO  client] Sending sample transaction 181
[2022-07-24T10:15:28.815Z INFO  client] Sending sample transaction 182
[2022-07-24T10:15:28.864Z INFO  client] Sending sample transaction 183
[2022-07-24T10:15:28.914Z INFO  client] Sending sample transaction 184
[2022-07-24T10:15:28.964Z INFO  client] Sending sample transaction 185
[2022-07-24T10:15:29.014Z INFO  client] Sending sample transaction 186
[2022-07-24T10:15:29.064Z INFO  client] Sending sample transaction 187
[2022-07-24T10:15:29.133Z INFO  client] Sending sample transaction 188
[2022-07-24T10:15:29.163Z INFO  client] Sending sample transaction 189
[2022-07-24T10:15:29.213Z INFO  client] Sending sample transaction 190
[2022-07-24T10:15:29.264Z INFO  client] Sending sample transaction 191
[2022-07-24T10:15:29.314Z INFO  client] Sending sample transaction 192
[2022-07-24T10:15:29.365Z INFO  client] Sending sample transaction 193
[2022-07-24T10:15:29.414Z INFO  client] Sending sample transaction 194
[2022-07-24T10:15:29.464Z INFO  client] Sending sample transaction 195
[2022-07-24T10:15:29.516Z INFO  client] Sending sample transaction 196
[2022-07-24T10:15:29.564Z INFO  client] Sending sample transaction 197
[2022-07-24T10:15:29.614Z INFO  client] Sending sample transaction 198
[2022-07-24T10:15:29.664Z INFO  client] Sending sample transaction 199
[2022-07-24T10:15:29.714Z INFO  client] Sending sample transaction 200
[2022-07-24T10:15:29.764Z INFO  client] Sending sample transaction 201
[2022-07-24T10:15:29.814Z INFO  client] Sending sample transaction 202
[2022-07-24T10:15:29.865Z INFO  client] Sending sample transaction 203
[2022-07-24T10:15:29.915Z INFO  client] Sending sample transaction 204
[2022-07-24T10:15:29.965Z INFO  client] Sending sample transaction 205
[2022-07-24T10:15:30.013Z INFO  client] Sending sample transaction 206
[2022-07-24T10:15:30.064Z INFO  client] Sending sample transaction 207
[2022-07-24T10:15:30.114Z INFO  client] Sending sample transaction 208
[2022-07-24T10:15:30.165Z INFO  client] Sending sample transaction 209
[2022-07-24T10:15:30.227Z INFO  client] Sending sample transaction 210
[2022-07-24T10:15:30.266Z INFO  client] Sending sample transaction 211
[2022-07-24T10:15:30.314Z INFO  client] Sending sample transaction 212
[2022-07-24T10:15:30.364Z INFO  client] Sending sample transaction 213
[2022-07-24T10:15:30.414Z INFO  client] Sending sample transaction 214
[2022-07-24T10:15:30.464Z INFO  client] Sending sample transaction 215
[2022-07-24T10:15:30.514Z INFO  client] Sending sample transaction 216
[2022-07-24T10:15:30.563Z INFO  client] Sending sample transaction 217
[2022-07-24T10:15:30.614Z INFO  client] Sending sample transaction 218
[2022-07-24T10:15:30.663Z INFO  client] Sending sample transaction 219
[2022-07-24T10:15:30.714Z INFO  client] Sending sample transaction 220
[2022-07-24T10:15:30.764Z INFO  client] Sending sample transaction 221
[2022-07-24T10:15:30.814Z INFO  client] Sending sample transaction 222
[2022-07-24T10:15:30.864Z INFO  client] Sending sample transaction 223
[2022-07-24T10:15:30.914Z INFO  client] Sending sample transaction 224
[2022-07-24T10:15:30.964Z INFO  client] Sending sample transaction 225
[2022-07-24T10:15:31.014Z INFO  client] Sending sample transaction 226
[2022-07-24T10:15:31.064Z INFO  client] Sending sample transaction 227
[2022-07-24T10:15:31.115Z INFO  client] Sending sample transaction 228
[2022-07-24T10:15:31.165Z INFO  client] Sending sample transaction 229
[2022-07-24T10:15:31.218Z INFO  client] Sending sample transaction 230
[2022-07-24T10:15:31.263Z INFO  client] Sending sample transaction 231
[2022-07-24T10:15:31.314Z INFO  client] Sending sample transaction 232
[2022-07-24T10:15:31.410Z INFO  client] Sending sample transaction 233
[2022-07-24T10:15:31.418Z INFO  client] Sending sample transaction 234
[2022-07-24T10:15:31.465Z INFO  client] Sending sample transaction 235
[2022-07-24T10:15:31.514Z INFO  client] Sending sample transaction 236
[2022-07-24T10:15:31.564Z INFO  client] Sending sample transaction 237
[2022-07-24T10:15:31.613Z INFO  client] Sending sample transaction 238
[2022-07-24T10:15:31.665Z INFO  client] Sending sample transaction 239
[2022-07-24T10:15:31.714Z INFO  client] Sending sample transaction 240
[2022-07-24T10:15:31.764Z INFO  client] Sending sample transaction 241
[2022-07-24T10:15:31.813Z INFO  client] Sending sample transaction 242
[2022-07-24T10:15:31.864Z INFO  client] Sending sample transaction 243
[2022-07-24T10:15:31.914Z INFO  client] Sending sample transaction 244
[2022-07-24T10:15:31.963Z INFO  client] Sending sample transaction 245
[2022-07-24T10:15:32.014Z INFO  client] Sending sample transaction 246
[2022-07-24T10:15:32.064Z INFO  client] Sending sample transaction 247
[2022-07-24T10:15:32.115Z INFO  client] Sending sample transaction 248
[2022-07-24T10:15:32.164Z INFO  client] Sending sample transaction 249
[2022-07-24T10:15:32.213Z INFO  client] Sending sample transaction 250
[2022-07-24T10:15:32.263Z INFO  client] Sending sample transaction 251
[2022-07-24T10:15:32.320Z INFO  client] Sending sample transaction 252
[2022-07-24T10:15:32.373Z INFO  client] Sending sample transaction 253
[2022-07-24T10:15:32.413Z INFO  client] Sending sample transaction 254
[2022-07-24T10:15:32.464Z INFO  client] Sending sample transaction 255
[2022-07-24T10:15:32.514Z INFO  client] Sending sample transaction 256
[2022-07-24T10:15:32.565Z INFO  client] Sending sample transaction 257
[2022-07-24T10:15:32.615Z INFO  client] Sending sample transaction 258
[2022-07-24T10:15:32.666Z INFO  client] Sending sample transaction 259
[2022-07-24T10:15:32.715Z INFO  client] Sending sample transaction 260
[2022-07-24T10:15:32.783Z INFO  client] Sending sample transaction 261
[2022-07-24T10:15:32.815Z INFO  client] Sending sample transaction 262
[2022-07-24T10:15:32.864Z INFO  client] Sending sample transaction 263
[2022-07-24T10:15:32.914Z INFO  client] Sending sample transaction 264
[2022-07-24T10:15:32.963Z INFO  client] Sending sample transaction 265
[2022-07-24T10:15:33.015Z INFO  client] Sending sample transaction 266
[2022-07-24T10:15:33.064Z INFO  client] Sending sample transaction 267
[2022-07-24T10:15:33.114Z INFO  client] Sending sample transaction 268
[2022-07-24T10:15:33.164Z INFO  client] Sending sample transaction 269
[2022-07-24T10:15:33.214Z INFO  client] Sending sample transaction 270
[2022-07-24T10:15:33.264Z INFO  client] Sending sample transaction 271
[2022-07-24T10:15:33.314Z INFO  client] Sending sample transaction 272
[2022-07-24T10:15:33.364Z INFO  client] Sending sample transaction 273
[2022-07-24T10:15:33.415Z INFO  client] Sending sample transaction 274
[2022-07-24T10:15:33.463Z INFO  client] Sending sample transaction 275
[2022-07-24T10:15:33.514Z INFO  client] Sending sample transaction 276
[2022-07-24T10:15:33.564Z INFO  client] Sending sample transaction 277
[2022-07-24T10:15:33.613Z INFO  client] Sending sample transaction 278
[2022-07-24T10:15:33.663Z INFO  client] Sending sample transaction 279
[2022-07-24T10:15:33.714Z INFO  client] Sending sample transaction 280
[2022-07-24T10:15:33.768Z INFO  client] Sending sample transaction 281
[2022-07-24T10:15:33.814Z INFO  client] Sending sample transaction 282
[2022-07-24T10:15:33.864Z INFO  client] Sending sample transaction 283
[2022-07-24T10:15:33.914Z INFO  client] Sending sample transaction 284
[2022-07-24T10:15:33.963Z INFO  client] Sending sample transaction 285
[2022-07-24T10:15:34.014Z INFO  client] Sending sample transaction 286
[2022-07-24T10:15:34.064Z INFO  client] Sending sample transaction 287
[2022-07-24T10:15:34.114Z INFO  client] Sending sample transaction 288
[2022-07-24T10:15:34.164Z INFO  client] Sending sample transaction 289
[2022-07-24T10:15:34.214Z INFO  client] Sending sample transaction 290
[2022-07-24T10:15:34.263Z INFO  client] Sending sample transaction 291
[2022-07-24T10:15:34.314Z INFO  client] Sending sample transaction 292
[2022-07-24T10:15:34.364Z INFO  client] Sending sample transaction 293
[2022-07-24T10:15:34.418Z INFO  client] Sending sample transaction 294
[2022-07-24T10:15:34.466Z INFO  client] Sending sample transaction 295
[2022-07-24T10:15:34.513Z INFO  client] Sending sample transaction 296
[2022-07-24T10:15:34.563Z INFO  client] Sending sample transaction 297
[2022-07-24T10:15:34.613Z INFO  client] Sending sample transaction 298
[2022-07-24T10:15:34.663Z INFO  client] Sending sample transaction 299
[2022-07-24T10:15:34.719Z INFO  client] Sending sample transaction 300
[2022-07-24T10:15:34.765Z INFO  client] Sending sample transaction 301
[2022-07-24T10:15:34.814Z INFO  client] Sending sample transaction 302
[2022-07-24T10:15:34.865Z INFO  client] Sending sample transaction 303
[2022-07-24T10:15:34.914Z INFO  client] Sending sample transaction 304
[2022-07-24T10:15:34.964Z INFO  client] Sending sample transaction 305
[2022-07-24T10:15:35.014Z INFO  client] Sending sample transaction 306
[2022-07-24T10:15:35.064Z INFO  client] Sending sample transaction 307
[2022-07-24T10:15:35.115Z INFO  client] Sending sample transaction 308
[2022-07-24T10:15:35.163Z INFO  client] Sending sample transaction 309
[2022-07-24T10:15:35.214Z INFO  client] Sending sample transaction 310
[2022-07-24T10:15:35.264Z INFO  client] Sending sample transaction 311
[2022-07-24T10:15:35.314Z INFO  client] Sending sample transaction 312
[2022-07-24T10:15:35.363Z INFO  client] Sending sample transaction 313
[2022-07-24T10:15:35.414Z INFO  client] Sending sample transaction 314
[2022-07-24T10:15:35.464Z INFO  client] Sending sample transaction 315
[2022-07-24T10:15:35.514Z INFO  client] Sending sample transaction 316
[2022-07-24T10:15:35.564Z INFO  client] Sending sample transaction 317
[2022-07-24T10:15:35.614Z INFO  client] Sending sample transaction 318
[2022-07-24T10:15:35.664Z INFO  client] Sending sample transaction 319
[2022-07-24T10:15:35.713Z INFO  client] Sending sample transaction 320
[2022-07-24T10:15:35.764Z INFO  client] Sending sample transaction 321
[2022-07-24T10:15:35.814Z INFO  client] Sending sample transaction 322
[2022-07-24T10:15:35.864Z INFO  client] Sending sample transaction 323
[2022-07-24T10:15:35.916Z INFO  client] Sending sample transaction 324
[2022-07-24T10:15:35.964Z INFO  client] Sending sample transaction 325
[2022-07-24T10:15:36.014Z INFO  client] Sending sample transaction 326
[2022-07-24T10:15:36.064Z INFO  client] Sending sample transaction 327
[2022-07-24T10:15:36.114Z INFO  client] Sending sample transaction 328
[2022-07-24T10:15:36.164Z INFO  client] Sending sample transaction 329
[2022-07-24T10:15:36.214Z INFO  client] Sending sample transaction 330
[2022-07-24T10:15:36.263Z INFO  client] Sending sample transaction 331
[2022-07-24T10:15:36.314Z INFO  client] Sending sample transaction 332
[2022-07-24T10:15:36.364Z INFO  client] Sending sample transaction 333
[2022-07-24T10:15:36.414Z INFO  client] Sending sample transaction 334
[2022-07-24T10:15:36.465Z INFO  client] Sending sample transaction 335
[2022-07-24T10:15:36.518Z INFO  client] Sending sample transaction 336
[2022-07-24T10:15:36.566Z INFO  client] Sending sample transaction 337
[2022-07-24T10:15:36.614Z INFO  client] Sending sample transaction 338
[2022-07-24T10:15:36.665Z INFO  client] Sending sample transaction 339
[2022-07-24T10:15:36.714Z INFO  client] Sending sample transaction 340
[2022-07-24T10:15:36.764Z INFO  client] Sending sample transaction 341
[2022-07-24T10:15:36.814Z INFO  client] Sending sample transaction 342
[2022-07-24T10:15:36.864Z INFO  client] Sending sample transaction 343
[2022-07-24T10:15:36.913Z INFO  client] Sending sample transaction 344
[2022-07-24T10:15:36.964Z INFO  client] Sending sample transaction 345
[2022-07-24T10:15:37.014Z INFO  client] Sending sample transaction 346
[2022-07-24T10:15:37.064Z INFO  client] Sending sample transaction 347
[2022-07-24T10:15:37.115Z INFO  client] Sending sample transaction 348
[2022-07-24T10:15:37.164Z INFO  client] Sending sample transaction 349
[2022-07-24T10:15:37.213Z INFO  client] Sending sample transaction 350
[2022-07-24T10:15:37.263Z INFO  client] Sending sample transaction 351
[2022-07-24T10:15:37.313Z INFO  client] Sending sample transaction 352
[2022-07-24T10:15:37.364Z INFO  client] Sending sample transaction 353
[2022-07-24T10:15:37.414Z INFO  client] Sending sample transaction 354
[2022-07-24T10:15:37.464Z INFO  client] Sending sample transaction 355
[2022-07-24T10:15:37.514Z INFO  client] Sending sample transaction 356
[2022-07-24T10:15:37.564Z INFO  client] Sending sample transaction 357
[2022-07-24T10:15:37.614Z INFO  client] Sending sample transaction 358
[2022-07-24T10:15:37.664Z INFO  client] Sending sample transaction 359
[2022-07-24T10:15:37.714Z INFO  client] Sending sample transaction 360
[2022-07-24T10:15:37.765Z INFO  client] Sending sample transaction 361
[2022-07-24T10:15:37.814Z INFO  client] Sending sample transaction 362
[2022-07-24T10:15:37.865Z INFO  client] Sending sample transaction 363
[2022-07-24T10:15:37.914Z INFO  client] Sending sample transaction 364
[2022-07-24T10:15:37.963Z INFO  client] Sending sample transaction 365
[2022-07-24T10:15:38.013Z INFO  client] Sending sample transaction 366
[2022-07-24T10:15:38.065Z INFO  client] Sending sample transaction 367
[2022-07-24T10:15:38.114Z INFO  client] Sending sample transaction 368
[2022-07-24T10:15:38.165Z INFO  client] Sending sample transaction 369
[2022-07-24T10:15:38.214Z INFO  client] Sending sample transaction 370
[2022-07-24T10:15:38.275Z INFO  client] Sending sample transaction 371
[2022-07-24T10:15:38.316Z INFO  client] Sending sample transaction 372
[2022-07-24T10:15:38.366Z INFO  client] Sending sample transaction 373
[2022-07-24T10:15:38.414Z INFO  client] Sending sample transaction 374
[2022-07-24T10:15:38.463Z INFO  client] Sending sample transaction 375
[2022-07-24T10:15:38.515Z INFO  client] Sending sample transaction 376
[2022-07-24T10:15:38.564Z INFO  client] Sending sample transaction 377
[2022-07-24T10:15:38.614Z INFO  client] Sending sample transaction 378
[2022-07-24T10:15:38.665Z INFO  client] Sending sample transaction 379
[2022-07-24T10:15:38.714Z INFO  client] Sending sample transaction 380
[2022-07-24T10:15:38.765Z INFO  client] Sending sample transaction 381
[2022-07-24T10:15:38.814Z INFO  client] Sending sample transaction 382
[2022-07-24T10:15:38.864Z INFO  client] Sending sample transaction 383
[2022-07-24T10:15:38.915Z INFO  client] Sending sample transaction 384
[2022-07-24T10:15:38.964Z INFO  client] Sending sample transaction 385
[2022-07-24T10:15:39.014Z INFO  client] Sending sample transaction 386
[2022-07-24T10:15:39.065Z INFO  client] Sending sample transaction 387
[2022-07-24T10:15:39.114Z INFO  client] Sending sample transaction 388
[2022-07-24T10:15:39.164Z INFO  client] Sending sample transaction 389
[2022-07-24T10:15:39.214Z INFO  client] Sending sample transaction 390
[2022-07-24T10:15:39.264Z INFO  client] Sending sample transaction 391
[2022-07-24T10:15:39.315Z INFO  client] Sending sample transaction 392
[2022-07-24T10:15:39.365Z INFO  client] Sending sample transaction 393
[2022-07-24T10:15:39.415Z INFO  client] Sending sample transaction 394
[2022-07-24T10:15:39.463Z INFO  client] Sending sample transaction 395
[2022-07-24T10:15:39.514Z INFO  client] Sending sample transaction 396
[2022-07-24T10:15:39.564Z INFO  client] Sending sample transaction 397
[2022-07-24T10:15:39.614Z INFO  client] Sending sample transaction 398
[2022-07-24T10:15:39.665Z INFO  client] Sending sample transaction 399
[2022-07-24T10:15:39.713Z INFO  client] Sending sample transaction 400
[2022-07-24T10:15:39.764Z INFO  client] Sending sample transaction 401
[2022-07-24T10:15:39.814Z INFO  client] Sending sample transaction 402
[2022-07-24T10:15:39.864Z INFO  client] Sending sample transaction 403
[2022-07-24T10:15:39.913Z INFO  client] Sending sample transaction 404
[2022-07-24T10:15:39.964Z INFO  client] Sending sample transaction 405
[2022-07-24T10:15:40.013Z INFO  client] Sending sample transaction 406
[2022-07-24T10:15:40.064Z INFO  client] Sending sample transaction 407
[2022-07-24T10:15:40.114Z INFO  client] Sending sample transaction 408
[2022-07-24T10:15:40.164Z INFO  client] Sending sample transaction 409
[2022-07-24T10:15:40.214Z INFO  client] Sending sample transaction 410
[2022-07-24T10:15:40.263Z INFO  client] Sending sample transaction 411
[2022-07-24T10:15:40.314Z INFO  client] Sending sample transaction 412
[2022-07-24T10:15:40.364Z INFO  client] Sending sample transaction 413
[2022-07-24T10:15:40.414Z INFO  client] Sending sample transaction 414
[2022-07-24T10:15:40.464Z INFO  client] Sending sample transaction 415
[2022-07-24T10:15:40.514Z INFO  client] Sending sample transaction 416
[2022-07-24T10:15:40.564Z INFO  client] Sending sample transaction 417
[2022-07-24T10:15:40.614Z INFO  client] Sending sample transaction 418
[2022-07-24T10:15:40.663Z INFO  client] Sending sample transaction 419
[2022-07-24T10:15:40.730Z INFO  client] Sending sample transaction 420
[2022-07-24T10:15:40.783Z INFO  client] Sending sample transaction 421
[2022-07-24T10:15:40.822Z INFO  client] Sending sample transaction 422
[2022-07-24T10:15:40.903Z INFO  client] Sending sample transaction 423
[2022-07-24T10:15:40.919Z INFO  client] Sending sample transaction 424
[2022-07-24T10:15:40.973Z INFO  client] Sending sample transaction 425
[2022-07-24T10:15:41.014Z INFO  client] Sending sample transaction 426
[2022-07-24T10:15:41.064Z INFO  client] Sending sample transaction 427
[2022-07-24T10:15:41.115Z INFO  client] Sending sample transaction 428
[2022-07-24T10:15:41.172Z INFO  client] Sending sample transaction 429
[2022-07-24T10:15:41.213Z INFO  client] Sending sample transaction 430
[2022-07-24T10:15:41.271Z INFO  client] Sending sample transaction 431
[2022-07-24T10:15:41.314Z INFO  client] Sending sample transaction 432
[2022-07-24T10:15:41.388Z INFO  client] Sending sample transaction 433
[2022-07-24T10:15:41.431Z INFO  client] Sending sample transaction 434
