[2022-07-23T16:53:54.251Z INFO  client] Node address: 127.0.0.1:9013
[2022-07-23T16:53:54.251Z INFO  client] Transactions size: 512 B
[2022-07-23T16:53:54.251Z INFO  client] Transactions rate: 112 tx/s
[2022-07-23T16:53:54.251Z INFO  client] Waiting for all nodes to be online...
[2022-07-23T16:53:54.251Z INFO  client] Waiting for all nodes to be synchronized...
[2022-07-23T16:53:56.284Z INFO  client] Start sending transactions
[2022-07-23T16:53:56.290Z INFO  client] Sending sample transaction 0
[2022-07-23T16:53:56.343Z WARN  client] Transaction rate too high for this client
[2022-07-23T16:53:56.438Z INFO  client] Sending sample transaction 1
[2022-07-23T16:53:56.439Z WARN  client] Transaction rate too high for this client
[2022-07-23T16:53:56.439Z INFO  client] Sending sample transaction 2
[2022-07-23T16:53:56.488Z INFO  client] Sending sample transaction 3
[2022-07-23T16:53:56.498Z INFO  client] Sending sample transaction 4
[2022-07-23T16:53:56.587Z INFO  client] Sending sample transaction 5
[2022-07-23T16:53:56.614Z INFO  client] Sending sample transaction 6
[2022-07-23T16:53:56.639Z INFO  client] Sending sample transaction 7
[2022-07-23T16:53:56.687Z INFO  client] Sending sample transaction 8
[2022-07-23T16:53:56.738Z INFO  client] Sending sample transaction 9
[2022-07-23T16:53:56.787Z INFO  client] Sending sample transaction 10
[2022-07-23T16:53:56.836Z INFO  client] Sending sample transaction 11
[2022-07-23T16:53:56.888Z INFO  client] Sending sample transaction 12
[2022-07-23T16:53:56.937Z INFO  client] Sending sample transaction 13
[2022-07-23T16:53:56.987Z INFO  client] Sending sample transaction 14
[2022-07-23T16:53:57.037Z INFO  client] Sending sample transaction 15
[2022-07-23T16:53:57.087Z INFO  client] Sending sample transaction 16
[2022-07-23T16:53:57.137Z INFO  client] Sending sample transaction 17
[2022-07-23T16:53:57.186Z INFO  client] Sending sample transaction 18
[2022-07-23T16:53:57.236Z INFO  client] Sending sample transaction 19
[2022-07-23T16:53:57.286Z INFO  client] Sending sample transaction 20
[2022-07-23T16:53:57.336Z INFO  client] Sending sample transaction 21
[2022-07-23T16:53:57.387Z INFO  client] Sending sample transaction 22
[2022-07-23T16:53:57.437Z INFO  client] Sending sample transaction 23
[2022-07-23T16:53:57.487Z INFO  client] Sending sample transaction 24
[2022-07-23T16:53:57.536Z INFO  client] Sending sample transaction 25
[2022-07-23T16:53:57.586Z INFO  client] Sending sample transaction 26
[2022-07-23T16:53:57.636Z INFO  client] Sending sample transaction 27
[2022-07-23T16:53:57.728Z INFO  client] Sending sample transaction 28
[2022-07-23T16:53:57.765Z INFO  client] Sending sample transaction 29
[2022-07-23T16:53:57.811Z INFO  client] Sending sample transaction 30
[2022-07-23T16:53:57.836Z INFO  client] Sending sample transaction 31
[2022-07-23T16:53:57.886Z INFO  client] Sending sample transaction 32
[2022-07-23T16:53:57.936Z INFO  client] Sending sample transaction 33
[2022-07-23T16:53:57.987Z INFO  client] Sending sample transaction 34
[2022-07-23T16:53:58.036Z INFO  client] Sending sample transaction 35
[2022-07-23T16:53:58.086Z INFO  client] Sending sample transaction 36
[2022-07-23T16:53:58.136Z INFO  client] Sending sample transaction 37
[2022-07-23T16:53:58.187Z INFO  client] Sending sample transaction 38
[2022-07-23T16:53:58.236Z INFO  client] Sending sample transaction 39
[2022-07-23T16:53:58.286Z INFO  client] Sending sample transaction 40
[2022-07-23T16:53:58.336Z INFO  client] Sending sample transaction 41
[2022-07-23T16:53:58.387Z INFO  client] Sending sample transaction 42
[2022-07-23T16:53:58.436Z INFO  client] Sending sample transaction 43
[2022-07-23T16:53:58.486Z INFO  client] Sending sample transaction 44
[2022-07-23T16:53:58.536Z INFO  client] Sending sample transaction 45
[2022-07-23T16:53:58.585Z INFO  client] Sending sample transaction 46
[2022-07-23T16:53:58.639Z INFO  client] Sending sample transaction 47
[2022-07-23T16:53:58.687Z INFO  client] Sending sample transaction 48
[2022-07-23T16:53:58.737Z INFO  client] Sending sample transaction 49
[2022-07-23T16:53:58.786Z INFO  client] Sending sample transaction 50
[2022-07-23T16:53:58.836Z INFO  client] Sending sample transaction 51
[2022-07-23T16:53:58.886Z INFO  client] Sending sample transaction 52
[2022-07-23T16:53:58.936Z INFO  client] Sending sample transaction 53
[2022-07-23T16:53:58.986Z INFO  client] Sending sample transaction 54
[2022-07-23T16:53:59.036Z INFO  client] Sending sample transaction 55
[2022-07-23T16:53:59.085Z INFO  client] Sending sample transaction 56
[2022-07-23T16:53:59.137Z INFO  client] Sending sample transaction 57
[2022-07-23T16:53:59.186Z INFO  client] Sending sample transaction 58
[2022-07-23T16:53:59.236Z INFO  client] Sending sample transaction 59
[2022-07-23T16:53:59.287Z INFO  client] Sending sample transaction 60
[2022-07-23T16:53:59.337Z INFO  client] Sending sample transaction 61
[2022-07-23T16:53:59.387Z INFO  client] Sending sample transaction 62
[2022-07-23T16:53:59.435Z INFO  client] Sending sample transaction 63
[2022-07-23T16:53:59.487Z INFO  client] Sending sample transaction 64
[2022-07-23T16:53:59.536Z INFO  client] Sending sample transaction 65
[2022-07-23T16:53:59.586Z INFO  client] Sending sample transaction 66
[2022-07-23T16:53:59.636Z INFO  client] Sending sample transaction 67
[2022-07-23T16:53:59.686Z INFO  client] Sending sample transaction 68
[2022-07-23T16:53:59.737Z INFO  client] Sending sample transaction 69
[2022-07-23T16:53:59.787Z INFO  client] Sending sample transaction 70
[2022-07-23T16:53:59.837Z INFO  client] Sending sample transaction 71
[2022-07-23T16:53:59.887Z INFO  client] Sending sample transaction 72
[2022-07-23T16:53:59.937Z INFO  client] Sending sample transaction 73
[2022-07-23T16:54:00.006Z INFO  client] Sending sample transaction 74
[2022-07-23T16:54:00.076Z INFO  client] Sending sample transaction 75
[2022-07-23T16:54:00.096Z INFO  client] Sending sample transaction 76
[2022-07-23T16:54:00.137Z INFO  client] Sending sample transaction 77
[2022-07-23T16:54:00.186Z INFO  client] Sending sample transaction 78
[2022-07-23T16:54:00.239Z INFO  client] Sending sample transaction 79
[2022-07-23T16:54:00.287Z INFO  client] Sending sample transaction 80
[2022-07-23T16:54:00.337Z INFO  client] Sending sample transaction 81
[2022-07-23T16:54:00.387Z INFO  client] Sending sample transaction 82
[2022-07-23T16:54:00.437Z INFO  client] Sending sample transaction 83
[2022-07-23T16:54:00.487Z INFO  client] Sending sample transaction 84
[2022-07-23T16:54:00.537Z INFO  client] Sending sample transaction 85
[2022-07-23T16:54:00.586Z INFO  client] Sending sample transaction 86
[2022-07-23T16:54:00.636Z INFO  client] Sending sample transaction 87
[2022-07-23T16:54:00.687Z INFO  client] Sending sample transaction 88
[2022-07-23T16:54:00.742Z INFO  client] Sending sample transaction 89
[2022-07-23T16:54:00.798Z INFO  client] Sending sample transaction 90
[2022-07-23T16:54:00.837Z INFO  client] Sending sample transaction 91
[2022-07-23T16:54:00.886Z INFO  client] Sending sample transaction 92
[2022-07-23T16:54:00.936Z INFO  client] Sending sample transaction 93
[2022-07-23T16:54:00.986Z INFO  client] Sending sample transaction 94
[2022-07-23T16:54:01.036Z INFO  client] Sending sample transaction 95
[2022-07-23T16:54:01.086Z INFO  client] Sending sample transaction 96
[2022-07-23T16:54:01.170Z INFO  client] Sending sample transaction 97
[2022-07-23T16:54:01.218Z INFO  client] Sending sample transaction 98
[2022-07-23T16:54:01.244Z INFO  client] Sending sample transaction 99
[2022-07-23T16:54:01.286Z INFO  client] Sending sample transaction 100
[2022-07-23T16:54:01.339Z INFO  client] Sending sample transaction 101
[2022-07-23T16:54:01.387Z INFO  client] Sending sample transaction 102
[2022-07-23T16:54:01.437Z INFO  client] Sending sample transaction 103
[2022-07-23T16:54:01.487Z INFO  client] Sending sample transaction 104
[2022-07-23T16:54:01.536Z INFO  client] Sending sample transaction 105
[2022-07-23T16:54:01.586Z INFO  client] Sending sample transaction 106
[2022-07-23T16:54:01.637Z INFO  client] Sending sample transaction 107
[2022-07-23T16:54:01.687Z INFO  client] Sending sample transaction 108
[2022-07-23T16:54:01.736Z INFO  client] Sending sample transaction 109
[2022-07-23T16:54:01.786Z INFO  client] Sending sample transaction 110
[2022-07-23T16:54:01.836Z INFO  client] Sending sample transaction 111
[2022-07-23T16:54:01.887Z INFO  client] Sending sample transaction 112
[2022-07-23T16:54:01.936Z INFO  client] Sending sample transaction 113
[2022-07-23T16:54:01.986Z INFO  client] Sending sample transaction 114
[2022-07-23T16:54:02.036Z INFO  client] Sending sample transaction 115
[2022-07-23T16:54:02.086Z INFO  client] Sending sample transaction 116
[2022-07-23T16:54:02.136Z INFO  client] Sending sample transaction 117
[2022-07-23T16:54:02.187Z INFO  client] Sending sample transaction 118
[2022-07-23T16:54:02.236Z INFO  client] Sending sample transaction 119
[2022-07-23T16:54:02.286Z INFO  client] Sending sample transaction 120
[2022-07-23T16:54:02.336Z INFO  client] Sending sample transaction 121
[2022-07-23T16:54:02.386Z INFO  client] Sending sample transaction 122
[2022-07-23T16:54:02.436Z INFO  client] Sending sample transaction 123
[2022-07-23T16:54:02.487Z INFO  client] Sending sample transaction 124
[2022-07-23T16:54:02.536Z INFO  client] Sending sample transaction 125
[2022-07-23T16:54:02.587Z INFO  client] Sending sample transaction 126
[2022-07-23T16:54:02.635Z INFO  client] Sending sample transaction 127
[2022-07-23T16:54:02.686Z INFO  client] Sending sample transaction 128
[2022-07-23T16:54:02.737Z INFO  client] Sending sample transaction 129
[2022-07-23T16:54:02.786Z INFO  client] Sending sample transaction 130
[2022-07-23T16:54:02.844Z INFO  client] Sending sample transaction 131
[2022-07-23T16:54:02.889Z INFO  client] Sending sample transaction 132
[2022-07-23T16:54:02.937Z INFO  client] Sending sample transaction 133
[2022-07-23T16:54:02.987Z INFO  client] Sending sample transaction 134
[2022-07-23T16:54:03.036Z INFO  client] Sending sample transaction 135
[2022-07-23T16:54:03.087Z INFO  client] Sending sample transaction 136
[2022-07-23T16:54:03.136Z INFO  client] Sending sample transaction 137
[2022-07-23T16:54:03.186Z INFO  client] Sending sample transaction 138
[2022-07-23T16:54:03.237Z INFO  client] Sending sample transaction 139
[2022-07-23T16:54:03.286Z INFO  client] Sending sample transaction 140
[2022-07-23T16:54:03.337Z INFO  client] Sending sample transaction 141
[2022-07-23T16:54:03.386Z INFO  client] Sending sample transaction 142
[2022-07-23T16:54:03.437Z INFO  client] Sending sample transaction 143
[2022-07-23T16:54:03.486Z INFO  client] Sending sample transaction 144
[2022-07-23T16:54:03.537Z INFO  client] Sending sample transaction 145
[2022-07-23T16:54:03.587Z INFO  client] Sending sample transaction 146
[2022-07-23T16:54:03.637Z INFO  client] Sending sample transaction 147
[2022-07-23T16:54:03.686Z INFO  client] Sending sample transaction 148
[2022-07-23T16:54:03.736Z INFO  client] Sending sample transaction 149
[2022-07-23T16:54:03.786Z INFO  client] Sending sample transaction 150
[2022-07-23T16:54:03.836Z INFO  client] Sending sample transaction 151
[2022-07-23T16:54:03.886Z INFO  client] Sending sample transaction 152
[2022-07-23T16:54:03.936Z INFO  client] Sending sample transaction 153
[2022-07-23T16:54:03.986Z INFO  client] Sending sample transaction 154
[2022-07-23T16:54:04.036Z INFO  client] Sending sample transaction 155
[2022-07-23T16:54:04.087Z INFO  client] Sending sample transaction 156
[2022-07-23T16:54:04.136Z INFO  client] Sending sample transaction 157
[2022-07-23T16:54:04.186Z INFO  client] Sending sample transaction 158
[2022-07-23T16:54:04.236Z INFO  client] Sending sample transaction 159
[2022-07-23T16:54:04.286Z INFO  client] Sending sample transaction 160
[2022-07-23T16:54:04.336Z INFO  client] Sending sample transaction 161
[2022-07-23T16:54:04.386Z INFO  client] Sending sample transaction 162
[2022-07-23T16:54:04.437Z INFO  client] Sending sample transaction 163
[2022-07-23T16:54:04.486Z INFO  client] Sending sample transaction 164
[2022-07-23T16:54:04.536Z INFO  client] Sending sample transaction 165
[2022-07-23T16:54:04.586Z INFO  client] Sending sample transaction 166
[2022-07-23T16:54:04.637Z INFO  client] Sending sample transaction 167
[2022-07-23T16:54:04.686Z INFO  client] Sending sample transaction 168
[2022-07-23T16:54:04.738Z INFO  client] Sending sample transaction 169
[2022-07-23T16:54:04.786Z INFO  client] Sending sample transaction 170
[2022-07-23T16:54:04.836Z INFO  client] Sending sample transaction 171
[2022-07-23T16:54:04.886Z INFO  client] Sending sample transaction 172
[2022-07-23T16:54:04.938Z INFO  client] Sending sample transaction 173
[2022-07-23T16:54:04.987Z INFO  client] Sending sample transaction 174
[2022-07-23T16:54:05.035Z INFO  client] Sending sample transaction 175
[2022-07-23T16:54:05.086Z INFO  client] Sending sample transaction 176
[2022-07-23T16:54:05.136Z INFO  client] Sending sample transaction 177
[2022-07-23T16:54:05.185Z INFO  client] Sending sample transaction 178
[2022-07-23T16:54:05.237Z INFO  client] Sending sample transaction 179
[2022-07-23T16:54:05.286Z INFO  client] Sending sample transaction 180
[2022-07-23T16:54:05.336Z INFO  client] Sending sample transaction 181
[2022-07-23T16:54:05.387Z INFO  client] Sending sample transaction 182
[2022-07-23T16:54:05.437Z INFO  client] Sending sample transaction 183
[2022-07-23T16:54:05.487Z INFO  client] Sending sample transaction 184
[2022-07-23T16:54:05.536Z INFO  client] Sending sample transaction 185
[2022-07-23T16:54:05.587Z INFO  client] Sending sample transaction 186
[2022-07-23T16:54:05.662Z INFO  client] Sending sample transaction 187
[2022-07-23T16:54:05.699Z INFO  client] Sending sample transaction 188
[2022-07-23T16:54:05.762Z INFO  client] Sending sample transaction 189
[2022-07-23T16:54:05.786Z INFO  client] Sending sample transaction 190
[2022-07-23T16:54:05.836Z INFO  client] Sending sample transaction 191
[2022-07-23T16:54:05.886Z INFO  client] Sending sample transaction 192
[2022-07-23T16:54:05.937Z INFO  client] Sending sample transaction 193
[2022-07-23T16:54:05.986Z INFO  client] Sending sample transaction 194
[2022-07-23T16:54:06.036Z INFO  client] Sending sample transaction 195
[2022-07-23T16:54:06.086Z INFO  client] Sending sample transaction 196
[2022-07-23T16:54:06.136Z INFO  client] Sending sample transaction 197
[2022-07-23T16:54:06.186Z INFO  client] Sending sample transaction 198
[2022-07-23T16:54:06.237Z INFO  client] Sending sample transaction 199
[2022-07-23T16:54:06.285Z INFO  client] Sending sample transaction 200
[2022-07-23T16:54:06.336Z INFO  client] Sending sample transaction 201
[2022-07-23T16:54:06.387Z INFO  client] Sending sample transaction 202
[2022-07-23T16:54:06.436Z INFO  client] Sending sample transaction 203
[2022-07-23T16:54:06.486Z INFO  client] Sending sample transaction 204
[2022-07-23T16:54:06.537Z INFO  client] Sending sample transaction 205
[2022-07-23T16:54:06.586Z INFO  client] Sending sample transaction 206
[2022-07-23T16:54:06.637Z INFO  client] Sending sample transaction 207
[2022-07-23T16:54:06.687Z INFO  client] Sending sample transaction 208
[2022-07-23T16:54:06.736Z INFO  client] Sending sample transaction 209
[2022-07-23T16:54:06.790Z INFO  client] Sending sample transaction 210
[2022-07-23T16:54:06.867Z INFO  client] Sending sample transaction 211
[2022-07-23T16:54:06.933Z INFO  client] Sending sample transaction 212
[2022-07-23T16:54:06.947Z INFO  client] Sending sample transaction 213
[2022-07-23T16:54:06.986Z INFO  client] Sending sample transaction 214
[2022-07-23T16:54:07.046Z INFO  client] Sending sample transaction 215
[2022-07-23T16:54:07.091Z INFO  client] Sending sample transaction 216
[2022-07-23T16:54:07.137Z INFO  client] Sending sample transaction 217
[2022-07-23T16:54:07.187Z INFO  client] Sending sample transaction 218
[2022-07-23T16:54:07.237Z INFO  client] Sending sample transaction 219
[2022-07-23T16:54:07.286Z INFO  client] Sending sample transaction 220
[2022-07-23T16:54:07.336Z INFO  client] Sending sample transaction 221
[2022-07-23T16:54:07.386Z INFO  client] Sending sample transaction 222
[2022-07-23T16:54:07.436Z INFO  client] Sending sample transaction 223
[2022-07-23T16:54:07.487Z INFO  client] Sending sample transaction 224
[2022-07-23T16:54:07.536Z INFO  client] Sending sample transaction 225
[2022-07-23T16:54:07.587Z INFO  client] Sending sample transaction 226
[2022-07-23T16:54:07.636Z INFO  client] Sending sample transaction 227
[2022-07-23T16:54:07.686Z INFO  client] Sending sample transaction 228
[2022-07-23T16:54:07.736Z INFO  client] Sending sample transaction 229
[2022-07-23T16:54:07.785Z INFO  client] Sending sample transaction 230
[2022-07-23T16:54:07.836Z INFO  client] Sending sample transaction 231
[2022-07-23T16:54:07.887Z INFO  client] Sending sample transaction 232
[2022-07-23T16:54:07.936Z INFO  client] Sending sample transaction 233
[2022-07-23T16:54:07.986Z INFO  client] Sending sample transaction 234
[2022-07-23T16:54:08.037Z INFO  client] Sending sample transaction 235
[2022-07-23T16:54:08.086Z INFO  client] Sending sample transaction 236
[2022-07-23T16:54:08.136Z INFO  client] Sending sample transaction 237
[2022-07-23T16:54:08.185Z INFO  client] Sending sample transaction 238
[2022-07-23T16:54:08.241Z INFO  client] Sending sample transaction 239
[2022-07-23T16:54:08.310Z INFO  client] Sending sample transaction 240
[2022-07-23T16:54:08.336Z INFO  client] Sending sample transaction 241
[2022-07-23T16:54:08.386Z INFO  client] Sending sample transaction 242
[2022-07-23T16:54:08.437Z INFO  client] Sending sample transaction 243
[2022-07-23T16:54:08.487Z INFO  client] Sending sample transaction 244
[2022-07-23T16:54:08.535Z INFO  client] Sending sample transaction 245
[2022-07-23T16:54:08.586Z INFO  client] Sending sample transaction 246
[2022-07-23T16:54:08.635Z INFO  client] Sending sample transaction 247
[2022-07-23T16:54:08.687Z INFO  client] Sending sample transaction 248
[2022-07-23T16:54:08.736Z INFO  client] Sending sample transaction 249
[2022-07-23T16:54:08.787Z INFO  client] Sending sample transaction 250
[2022-07-23T16:54:08.836Z INFO  client] Sending sample transaction 251
[2022-07-23T16:54:08.886Z INFO  client] Sending sample transaction 252
[2022-07-23T16:54:08.935Z INFO  client] Sending sample transaction 253
[2022-07-23T16:54:08.986Z INFO  client] Sending sample transaction 254
[2022-07-23T16:54:09.036Z INFO  client] Sending sample transaction 255
[2022-07-23T16:54:09.086Z INFO  client] Sending sample transaction 256
[2022-07-23T16:54:09.142Z INFO  client] Sending sample transaction 257
[2022-07-23T16:54:09.189Z INFO  client] Sending sample transaction 258
[2022-07-23T16:54:09.236Z INFO  client] Sending sample transaction 259
[2022-07-23T16:54:09.285Z INFO  client] Sending sample transaction 260
[2022-07-23T16:54:09.336Z INFO  client] Sending sample transaction 261
[2022-07-23T16:54:09.386Z INFO  client] Sending sample transaction 262
[2022-07-23T16:54:09.436Z INFO  client] Sending sample transaction 263
[2022-07-23T16:54:09.486Z INFO  client] Sending sample transaction 264
[2022-07-23T16:54:09.560Z INFO  client] Sending sample transaction 265
[2022-07-23T16:54:09.616Z INFO  client] Sending sample transaction 266
[2022-07-23T16:54:09.683Z INFO  client] Sending sample transaction 267
[2022-07-23T16:54:09.693Z INFO  client] Sending sample transaction 268
[2022-07-23T16:54:09.736Z INFO  client] Sending sample transaction 269
[2022-07-23T16:54:09.787Z INFO  client] Sending sample transaction 270
[2022-07-23T16:54:09.838Z INFO  client] Sending sample transaction 271
[2022-07-23T16:54:09.886Z INFO  client] Sending sample transaction 272
[2022-07-23T16:54:09.936Z INFO  client] Sending sample transaction 273
[2022-07-23T16:54:09.986Z INFO  client] Sending sample transaction 274
[2022-07-23T16:54:10.036Z INFO  client] Sending sample transaction 275
[2022-07-23T16:54:10.087Z INFO  client] Sending sample transaction 276
[2022-07-23T16:54:10.137Z INFO  client] Sending sample transaction 277
[2022-07-23T16:54:10.187Z INFO  client] Sending sample transaction 278
[2022-07-23T16:54:10.236Z INFO  client] Sending sample transaction 279
[2022-07-23T16:54:10.288Z INFO  client] Sending sample transaction 280
[2022-07-23T16:54:10.336Z INFO  client] Sending sample transaction 281
[2022-07-23T16:54:10.386Z INFO  client] Sending sample transaction 282
[2022-07-23T16:54:10.437Z INFO  client] Sending sample transaction 283
[2022-07-23T16:54:10.486Z INFO  client] Sending sample transaction 284
[2022-07-23T16:54:10.536Z INFO  client] Sending sample transaction 285
[2022-07-23T16:54:10.587Z INFO  client] Sending sample transaction 286
[2022-07-23T16:54:10.635Z INFO  client] Sending sample transaction 287
[2022-07-23T16:54:10.686Z INFO  client] Sending sample transaction 288
[2022-07-23T16:54:10.736Z INFO  client] Sending sample transaction 289
[2022-07-23T16:54:10.786Z INFO  client] Sending sample transaction 290
[2022-07-23T16:54:10.864Z INFO  client] Sending sample transaction 291
[2022-07-23T16:54:10.900Z INFO  client] Sending sample transaction 292
[2022-07-23T16:54:10.945Z INFO  client] Sending sample transaction 293
[2022-07-23T16:54:10.987Z INFO  client] Sending sample transaction 294
[2022-07-23T16:54:11.036Z INFO  client] Sending sample transaction 295
[2022-07-23T16:54:11.086Z INFO  client] Sending sample transaction 296
[2022-07-23T16:54:11.136Z INFO  client] Sending sample transaction 297
[2022-07-23T16:54:11.187Z INFO  client] Sending sample transaction 298
[2022-07-23T16:54:11.236Z INFO  client] Sending sample transaction 299
[2022-07-23T16:54:11.298Z INFO  client] Sending sample transaction 300
[2022-07-23T16:54:11.337Z INFO  client] Sending sample transaction 301
[2022-07-23T16:54:11.386Z INFO  client] Sending sample transaction 302
[2022-07-23T16:54:11.437Z INFO  client] Sending sample transaction 303
[2022-07-23T16:54:11.487Z INFO  client] Sending sample transaction 304
[2022-07-23T16:54:11.537Z INFO  client] Sending sample transaction 305
[2022-07-23T16:54:11.586Z INFO  client] Sending sample transaction 306
[2022-07-23T16:54:11.636Z INFO  client] Sending sample transaction 307
[2022-07-23T16:54:11.686Z INFO  client] Sending sample transaction 308
[2022-07-23T16:54:11.737Z INFO  client] Sending sample transaction 309
[2022-07-23T16:54:11.786Z INFO  client] Sending sample transaction 310
[2022-07-23T16:54:11.837Z INFO  client] Sending sample transaction 311
[2022-07-23T16:54:11.886Z INFO  client] Sending sample transaction 312
[2022-07-23T16:54:11.937Z INFO  client] Sending sample transaction 313
[2022-07-23T16:54:11.987Z INFO  client] Sending sample transaction 314
[2022-07-23T16:54:12.036Z INFO  client] Sending sample transaction 315
[2022-07-23T16:54:12.086Z INFO  client] Sending sample transaction 316
[2022-07-23T16:54:12.166Z INFO  client] Sending sample transaction 317
[2022-07-23T16:54:12.196Z INFO  client] Sending sample transaction 318
[2022-07-23T16:54:12.253Z INFO  client] Sending sample transaction 319
[2022-07-23T16:54:12.286Z INFO  client] Sending sample transaction 320
[2022-07-23T16:54:12.339Z INFO  client] Sending sample transaction 321
[2022-07-23T16:54:12.386Z INFO  client] Sending sample transaction 322
[2022-07-23T16:54:12.437Z INFO  client] Sending sample transaction 323
[2022-07-23T16:54:12.487Z INFO  client] Sending sample transaction 324
[2022-07-23T16:54:12.537Z INFO  client] Sending sample transaction 325
[2022-07-23T16:54:12.586Z INFO  client] Sending sample transaction 326
[2022-07-23T16:54:12.636Z INFO  client] Sending sample transaction 327
[2022-07-23T16:54:12.687Z INFO  client] Sending sample transaction 328
[2022-07-23T16:54:12.736Z INFO  client] Sending sample transaction 329
[2022-07-23T16:54:12.786Z INFO  client] Sending sample transaction 330
[2022-07-23T16:54:12.836Z INFO  client] Sending sample transaction 331
[2022-07-23T16:54:12.887Z INFO  client] Sending sample transaction 332
[2022-07-23T16:54:12.936Z INFO  client] Sending sample transaction 333
[2022-07-23T16:54:12.987Z INFO  client] Sending sample transaction 334
[2022-07-23T16:54:13.036Z INFO  client] Sending sample transaction 335
[2022-07-23T16:54:13.086Z INFO  client] Sending sample transaction 336
[2022-07-23T16:54:13.137Z INFO  client] Sending sample transaction 337
[2022-07-23T16:54:13.187Z INFO  client] Sending sample transaction 338
[2022-07-23T16:54:13.268Z INFO  client] Sending sample transaction 339
[2022-07-23T16:54:13.302Z INFO  client] Sending sample transaction 340
[2022-07-23T16:54:13.340Z INFO  client] Sending sample transaction 341
[2022-07-23T16:54:13.391Z INFO  client] Sending sample transaction 342
[2022-07-23T16:54:13.444Z INFO  client] Sending sample transaction 343
[2022-07-23T16:54:13.486Z INFO  client] Sending sample transaction 344
[2022-07-23T16:54:13.537Z INFO  client] Sending sample transaction 345
[2022-07-23T16:54:13.587Z INFO  client] Sending sample transaction 346
[2022-07-23T16:54:13.637Z INFO  client] Sending sample transaction 347
[2022-07-23T16:54:13.686Z INFO  client] Sending sample transaction 348
[2022-07-23T16:54:13.737Z INFO  client] Sending sample transaction 349
[2022-07-23T16:54:13.786Z INFO  client] Sending sample transaction 350
[2022-07-23T16:54:13.835Z INFO  client] Sending sample transaction 351
[2022-07-23T16:54:13.886Z INFO  client] Sending sample transaction 352
[2022-07-23T16:54:13.940Z INFO  client] Sending sample transaction 353
[2022-07-23T16:54:13.986Z INFO  client] Sending sample transaction 354
[2022-07-23T16:54:14.036Z INFO  client] Sending sample transaction 355
[2022-07-23T16:54:14.086Z INFO  client] Sending sample transaction 356
[2022-07-23T16:54:14.137Z INFO  client] Sending sample transaction 357
[2022-07-23T16:54:14.186Z INFO  client] Sending sample transaction 358
[2022-07-23T16:54:14.236Z INFO  client] Sending sample transaction 359
[2022-07-23T16:54:14.287Z INFO  client] Sending sample transaction 360
[2022-07-23T16:54:14.336Z INFO  client] Sending sample transaction 361
[2022-07-23T16:54:14.387Z INFO  client] Sending sample transaction 362
[2022-07-23T16:54:14.436Z INFO  client] Sending sample transaction 363
[2022-07-23T16:54:14.487Z INFO  client] Sending sample transaction 364
[2022-07-23T16:54:14.537Z INFO  client] Sending sample transaction 365
[2022-07-23T16:54:14.586Z INFO  client] Sending sample transaction 366
[2022-07-23T16:54:14.636Z INFO  client] Sending sample transaction 367
[2022-07-23T16:54:14.686Z INFO  client] Sending sample transaction 368
[2022-07-23T16:54:14.736Z INFO  client] Sending sample transaction 369
[2022-07-23T16:54:14.786Z INFO  client] Sending sample transaction 370
[2022-07-23T16:54:14.836Z INFO  client] Sending sample transaction 371
[2022-07-23T16:54:14.887Z INFO  client] Sending sample transaction 372
[2022-07-23T16:54:14.937Z INFO  client] Sending sample transaction 373
[2022-07-23T16:54:14.986Z INFO  client] Sending sample transaction 374
[2022-07-23T16:54:15.035Z INFO  client] Sending sample transaction 375
[2022-07-23T16:54:15.086Z INFO  client] Sending sample transaction 376
[2022-07-23T16:54:15.136Z INFO  client] Sending sample transaction 377
[2022-07-23T16:54:15.187Z INFO  client] Sending sample transaction 378
[2022-07-23T16:54:15.237Z INFO  client] Sending sample transaction 379
[2022-07-23T16:54:15.286Z INFO  client] Sending sample transaction 380
[2022-07-23T16:54:15.337Z INFO  client] Sending sample transaction 381
[2022-07-23T16:54:15.386Z INFO  client] Sending sample transaction 382
[2022-07-23T16:54:15.438Z INFO  client] Sending sample transaction 383
[2022-07-23T16:54:15.492Z INFO  client] Sending sample transaction 384
[2022-07-23T16:54:15.539Z INFO  client] Sending sample transaction 385
[2022-07-23T16:54:15.586Z INFO  client] Sending sample transaction 386
[2022-07-23T16:54:15.636Z INFO  client] Sending sample transaction 387
[2022-07-23T16:54:15.687Z INFO  client] Sending sample transaction 388
[2022-07-23T16:54:15.736Z INFO  client] Sending sample transaction 389
[2022-07-23T16:54:15.786Z INFO  client] Sending sample transaction 390
[2022-07-23T16:54:15.836Z INFO  client] Sending sample transaction 391
[2022-07-23T16:54:15.887Z INFO  client] Sending sample transaction 392
[2022-07-23T16:54:15.936Z INFO  client] Sending sample transaction 393
[2022-07-23T16:54:15.987Z INFO  client] Sending sample transaction 394
[2022-07-23T16:54:16.036Z INFO  client] Sending sample transaction 395
[2022-07-23T16:54:16.088Z INFO  client] Sending sample transaction 396
[2022-07-23T16:54:16.137Z INFO  client] Sending sample transaction 397
[2022-07-23T16:54:16.190Z INFO  client] Sending sample transaction 398
[2022-07-23T16:54:16.236Z INFO  client] Sending sample transaction 399
[2022-07-23T16:54:16.286Z INFO  client] Sending sample transaction 400
[2022-07-23T16:54:16.336Z INFO  client] Sending sample transaction 401
[2022-07-23T16:54:16.386Z INFO  client] Sending sample transaction 402
[2022-07-23T16:54:16.436Z INFO  client] Sending sample transaction 403
[2022-07-23T16:54:16.486Z INFO  client] Sending sample transaction 404
[2022-07-23T16:54:16.536Z INFO  client] Sending sample transaction 405
[2022-07-23T16:54:16.586Z INFO  client] Sending sample transaction 406
[2022-07-23T16:54:16.636Z INFO  client] Sending sample transaction 407
[2022-07-23T16:54:16.687Z INFO  client] Sending sample transaction 408
[2022-07-23T16:54:16.736Z INFO  client] Sending sample transaction 409
[2022-07-23T16:54:16.785Z INFO  client] Sending sample transaction 410
[2022-07-23T16:54:16.836Z INFO  client] Sending sample transaction 411
[2022-07-23T16:54:16.886Z INFO  client] Sending sample transaction 412
[2022-07-23T16:54:16.936Z INFO  client] Sending sample transaction 413
[2022-07-23T16:54:16.986Z INFO  client] Sending sample transaction 414
[2022-07-23T16:54:17.036Z INFO  client] Sending sample transaction 415
[2022-07-23T16:54:17.087Z INFO  client] Sending sample transaction 416
[2022-07-23T16:54:17.136Z INFO  client] Sending sample transaction 417
[2022-07-23T16:54:17.186Z INFO  client] Sending sample transaction 418
[2022-07-23T16:54:17.273Z INFO  client] Sending sample transaction 419
[2022-07-23T16:54:17.312Z INFO  client] Sending sample transaction 420
[2022-07-23T16:54:17.338Z INFO  client] Sending sample transaction 421
[2022-07-23T16:54:17.386Z INFO  client] Sending sample transaction 422
[2022-07-23T16:54:17.436Z INFO  client] Sending sample transaction 423
[2022-07-23T16:54:17.488Z INFO  client] Sending sample transaction 424
[2022-07-23T16:54:17.536Z INFO  client] Sending sample transaction 425
[2022-07-23T16:54:17.593Z INFO  client] Sending sample transaction 426
[2022-07-23T16:54:17.643Z INFO  client] Sending sample transaction 427
[2022-07-23T16:54:17.687Z INFO  client] Sending sample transaction 428
[2022-07-23T16:54:17.739Z INFO  client] Sending sample transaction 429
[2022-07-23T16:54:17.788Z INFO  client] Sending sample transaction 430
[2022-07-23T16:54:17.836Z INFO  client] Sending sample transaction 431
[2022-07-23T16:54:17.886Z INFO  client] Sending sample transaction 432
[2022-07-23T16:54:17.937Z INFO  client] Sending sample transaction 433
