[2022-07-23T18:14:21.223Z INFO  client] Node address: 127.0.0.1:9016
[2022-07-23T18:14:21.223Z INFO  client] Transactions size: 512 B
[2022-07-23T18:14:21.223Z INFO  client] Transactions rate: 112 tx/s
[2022-07-23T18:14:21.223Z INFO  client] Waiting for all nodes to be online...
[2022-07-23T18:14:21.223Z INFO  client] Waiting for all nodes to be synchronized...
[2022-07-23T18:14:23.234Z INFO  client] Start sending transactions
[2022-07-23T18:14:23.238Z INFO  client] Sending sample transaction 0
[2022-07-23T18:14:23.287Z INFO  client] Sending sample transaction 1
[2022-07-23T18:14:23.336Z INFO  client] Sending sample transaction 2
[2022-07-23T18:14:23.388Z INFO  client] Sending sample transaction 3
[2022-07-23T18:14:23.461Z INFO  client] Sending sample transaction 4
[2022-07-23T18:14:23.497Z INFO  client] Sending sample transaction 5
[2022-07-23T18:14:23.538Z INFO  client] Sending sample transaction 6
[2022-07-23T18:14:23.590Z INFO  client] Sending sample transaction 7
[2022-07-23T18:14:23.637Z INFO  client] Sending sample transaction 8
[2022-07-23T18:14:23.705Z INFO  client] Sending sample transaction 9
[2022-07-23T18:14:23.741Z INFO  client] Sending sample transaction 10
[2022-07-23T18:14:23.787Z INFO  client] Sending sample transaction 11
[2022-07-23T18:14:23.836Z INFO  client] Sending sample transaction 12
[2022-07-23T18:14:23.886Z INFO  client] Sending sample transaction 13
[2022-07-23T18:14:23.941Z INFO  client] Sending sample transaction 14
[2022-07-23T18:14:23.986Z INFO  client] Sending sample transaction 15
[2022-07-23T18:14:24.036Z INFO  client] Sending sample transaction 16
[2022-07-23T18:14:24.086Z INFO  client] Sending sample transaction 17
[2022-07-23T18:14:24.136Z INFO  client] Sending sample transaction 18
[2022-07-23T18:14:24.186Z INFO  client] Sending sample transaction 19
[2022-07-23T18:14:24.239Z INFO  client] Sending sample transaction 20
[2022-07-23T18:14:24.286Z INFO  client] Sending sample transaction 21
[2022-07-23T18:14:24.336Z INFO  client] Sending sample transaction 22
[2022-07-23T18:14:24.386Z INFO  client] Sending sample transaction 23
[2022-07-23T18:14:24.436Z INFO  client] Sending sample transaction 24
[2022-07-23T18:14:24.538Z INFO  client] Sending sample transaction 25
[2022-07-23T18:14:24.606Z INFO  client] Sending sample transaction 26
[2022-07-23T18:14:24.730Z INFO  client] Sending sample transaction 27
[2022-07-23T18:14:24.785Z WARN  client] Transaction rate too high for this client
[2022-07-23T18:14:24.786Z INFO  client] Sending sample transaction 28
[2022-07-23T18:14:24.827Z INFO  client] Sending sample transaction 29
[2022-07-23T18:14:24.827Z INFO  client] Sending sample transaction 30
[2022-07-23T18:14:24.828Z INFO  client] Sending sample transaction 31
[2022-07-23T18:14:24.846Z INFO  client] Sending sample transaction 32
[2022-07-23T18:14:24.902Z INFO  client] Sending sample transaction 33
[2022-07-23T18:14:24.945Z INFO  client] Sending sample transaction 34
[2022-07-23T18:14:24.991Z INFO  client] Sending sample transaction 35
[2022-07-23T18:14:25.035Z INFO  client] Sending sample transaction 36
[2022-07-23T18:14:25.086Z INFO  client] Sending sample transaction 37
[2022-07-23T18:14:25.137Z INFO  client] Sending sample transaction 38
[2022-07-23T18:14:25.185Z INFO  client] Sending sample transaction 39
[2022-07-23T18:14:25.235Z INFO  client] Sending sample transaction 40
[2022-07-23T18:14:25.286Z INFO  client] Sending sample transaction 41
[2022-07-23T18:14:25.336Z INFO  client] Sending sample transaction 42
[2022-07-23T18:14:25.385Z INFO  client] Sending sample transaction 43
[2022-07-23T18:14:25.436Z INFO  client] Sending sample transaction 44
[2022-07-23T18:14:25.486Z INFO  client] Sending sample transaction 45
[2022-07-23T18:14:25.535Z INFO  client] Sending sample transaction 46
[2022-07-23T18:14:25.587Z INFO  client] Sending sample transaction 47
[2022-07-23T18:14:25.638Z INFO  client] Sending sample transaction 48
[2022-07-23T18:14:25.686Z INFO  client] Sending sample transaction 49
[2022-07-23T18:14:25.738Z INFO  client] Sending sample transaction 50
[2022-07-23T18:14:25.794Z INFO  client] Sending sample transaction 51
[2022-07-23T18:14:25.837Z INFO  client] Sending sample transaction 52
[2022-07-23T18:14:25.936Z INFO  client] Sending sample transaction 53
[2022-07-23T18:14:25.980Z INFO  client] Sending sample transaction 54
[2022-07-23T18:14:26.039Z INFO  client] Sending sample transaction 55
[2022-07-23T18:14:26.127Z INFO  client] Sending sample transaction 56
[2022-07-23T18:14:26.127Z INFO  client] Sending sample transaction 57
[2022-07-23T18:14:26.152Z INFO  client] Sending sample transaction 58
[2022-07-23T18:14:26.209Z INFO  client] Sending sample transaction 59
[2022-07-23T18:14:26.255Z INFO  client] Sending sample transaction 60
[2022-07-23T18:14:26.286Z INFO  client] Sending sample transaction 61
[2022-07-23T18:14:26.336Z INFO  client] Sending sample transaction 62
[2022-07-23T18:14:26.386Z INFO  client] Sending sample transaction 63
[2022-07-23T18:14:26.436Z INFO  client] Sending sample transaction 64
[2022-07-23T18:14:26.486Z INFO  client] Sending sample transaction 65
[2022-07-23T18:14:26.536Z INFO  client] Sending sample transaction 66
[2022-07-23T18:14:26.585Z INFO  client] Sending sample transaction 67
[2022-07-23T18:14:26.635Z INFO  client] Sending sample transaction 68
[2022-07-23T18:14:26.687Z INFO  client] Sending sample transaction 69
[2022-07-23T18:14:26.735Z INFO  client] Sending sample transaction 70
[2022-07-23T18:14:26.786Z INFO  client] Sending sample transaction 71
[2022-07-23T18:14:26.835Z INFO  client] Sending sample transaction 72
[2022-07-23T18:14:26.885Z INFO  client] Sending sample transaction 73
[2022-07-23T18:14:26.935Z INFO  client] Sending sample transaction 74
[2022-07-23T18:14:26.985Z INFO  client] Sending sample transaction 75
[2022-07-23T18:14:27.036Z INFO  client] Sending sample transaction 76
[2022-07-23T18:14:27.086Z INFO  client] Sending sample transaction 77
[2022-07-23T18:14:27.166Z INFO  client] Sending sample transaction 78
[2022-07-23T18:14:27.287Z INFO  client] Sending sample transaction 79
[2022-07-23T18:14:27.361Z INFO  client] Sending sample transaction 80
[2022-07-23T18:14:27.361Z INFO  client] Sending sample transaction 81
[2022-07-23T18:14:27.361Z INFO  client] Sending sample transaction 82
[2022-07-23T18:14:27.388Z INFO  client] Sending sample transaction 83
[2022-07-23T18:14:27.435Z INFO  client] Sending sample transaction 84
[2022-07-23T18:14:27.492Z INFO  client] Sending sample transaction 85
[2022-07-23T18:14:27.536Z INFO  client] Sending sample transaction 86
[2022-07-23T18:14:27.587Z INFO  client] Sending sample transaction 87
[2022-07-23T18:14:27.636Z INFO  client] Sending sample transaction 88
[2022-07-23T18:14:27.686Z INFO  client] Sending sample transaction 89
[2022-07-23T18:14:27.736Z INFO  client] Sending sample transaction 90
[2022-07-23T18:14:27.786Z INFO  client] Sending sample transaction 91
[2022-07-23T18:14:27.836Z INFO  client] Sending sample transaction 92
[2022-07-23T18:14:27.885Z INFO  client] Sending sample transaction 93
[2022-07-23T18:14:27.937Z INFO  client] Sending sample transaction 94
[2022-07-23T18:14:27.985Z INFO  client] Sending sample transaction 95
[2022-07-23T18:14:28.036Z INFO  client] Sending sample transaction 96
[2022-07-23T18:14:28.086Z INFO  client] Sending sample transaction 97
[2022-07-23T18:14:28.136Z INFO  client] Sending sample transaction 98
[2022-07-23T18:14:28.194Z INFO  client] Sending sample transaction 99
[2022-07-23T18:14:28.238Z INFO  client] Sending sample transaction 100
[2022-07-23T18:14:28.305Z INFO  client] Sending sample transaction 101
[2022-07-23T18:14:28.357Z INFO  client] Sending sample transaction 102
[2022-07-23T18:14:28.392Z INFO  client] Sending sample transaction 103
[2022-07-23T18:14:28.438Z INFO  client] Sending sample transaction 104
[2022-07-23T18:14:28.501Z INFO  client] Sending sample transaction 105
[2022-07-23T18:14:28.535Z INFO  client] Sending sample transaction 106
[2022-07-23T18:14:28.589Z INFO  client] Sending sample transaction 107
[2022-07-23T18:14:28.656Z INFO  client] Sending sample transaction 108
[2022-07-23T18:14:28.709Z INFO  client] Sending sample transaction 109
[2022-07-23T18:14:28.774Z INFO  client] Sending sample transaction 110
[2022-07-23T18:14:28.797Z INFO  client] Sending sample transaction 111
[2022-07-23T18:14:28.843Z INFO  client] Sending sample transaction 112
[2022-07-23T18:14:28.886Z INFO  client] Sending sample transaction 113
[2022-07-23T18:14:28.943Z INFO  client] Sending sample transaction 114
[2022-07-23T18:14:28.989Z INFO  client] Sending sample transaction 115
[2022-07-23T18:14:29.040Z INFO  client] Sending sample transaction 116
[2022-07-23T18:14:29.089Z INFO  client] Sending sample transaction 117
[2022-07-23T18:14:29.136Z INFO  client] Sending sample transaction 118
[2022-07-23T18:14:29.191Z INFO  client] Sending sample transaction 119
[2022-07-23T18:14:29.235Z INFO  client] Sending sample transaction 120
[2022-07-23T18:14:29.286Z INFO  client] Sending sample transaction 121
[2022-07-23T18:14:29.335Z INFO  client] Sending sample transaction 122
[2022-07-23T18:14:29.386Z INFO  client] Sending sample transaction 123
[2022-07-23T18:14:29.436Z INFO  client] Sending sample transaction 124
[2022-07-23T18:14:29.485Z INFO  client] Sending sample transaction 125
[2022-07-23T18:14:29.535Z INFO  client] Sending sample transaction 126
[2022-07-23T18:14:29.585Z INFO  client] Sending sample transaction 127
[2022-07-23T18:14:29.635Z INFO  client] Sending sample transaction 128
[2022-07-23T18:14:29.685Z INFO  client] Sending sample transaction 129
[2022-07-23T18:14:29.734Z INFO  client] Sending sample transaction 130
[2022-07-23T18:14:29.794Z INFO  client] Sending sample transaction 131
[2022-07-23T18:14:29.870Z INFO  client] Sending sample transaction 132
[2022-07-23T18:14:29.910Z INFO  client] Sending sample transaction 133
[2022-07-23T18:14:29.945Z INFO  client] Sending sample transaction 134
[2022-07-23T18:14:29.985Z INFO  client] Sending sample transaction 135
[2022-07-23T18:14:30.035Z INFO  client] Sending sample transaction 136
[2022-07-23T18:14:30.085Z INFO  client] Sending sample transaction 137
[2022-07-23T18:14:30.135Z INFO  client] Sending sample transaction 138
[2022-07-23T18:14:30.185Z INFO  client] Sending sample transaction 139
[2022-07-23T18:14:30.236Z INFO  client] Sending sample transaction 140
[2022-07-23T18:14:30.285Z INFO  client] Sending sample transaction 141
[2022-07-23T18:14:30.335Z INFO  client] Sending sample transaction 142
[2022-07-23T18:14:30.385Z INFO  client] Sending sample transaction 143
[2022-07-23T18:14:30.435Z INFO  client] Sending sample transaction 144
[2022-07-23T18:14:30.485Z INFO  client] Sending sample transaction 145
[2022-07-23T18:14:30.543Z INFO  client] Sending sample transaction 146
[2022-07-23T18:14:30.586Z INFO  client] Sending sample transaction 147
[2022-07-23T18:14:30.635Z INFO  client] Sending sample transaction 148
[2022-07-23T18:14:30.686Z INFO  client] Sending sample transaction 149
[2022-07-23T18:14:30.736Z INFO  client] Sending sample transaction 150
[2022-07-23T18:14:30.786Z INFO  client] Sending sample transaction 151
[2022-07-23T18:14:30.835Z INFO  client] Sending sample transaction 152
[2022-07-23T18:14:30.886Z INFO  client] Sending sample transaction 153
[2022-07-23T18:14:30.935Z INFO  client] Sending sample transaction 154
[2022-07-23T18:14:30.985Z INFO  client] Sending sample transaction 155
[2022-07-23T18:14:31.036Z INFO  client] Sending sample transaction 156
[2022-07-23T18:14:31.085Z INFO  client] Sending sample transaction 157
[2022-07-23T18:14:31.136Z INFO  client] Sending sample transaction 158
[2022-07-23T18:14:31.186Z INFO  client] Sending sample transaction 159
[2022-07-23T18:14:31.235Z INFO  client] Sending sample transaction 160
[2022-07-23T18:14:31.285Z INFO  client] Sending sample transaction 161
[2022-07-23T18:14:31.335Z INFO  client] Sending sample transaction 162
[2022-07-23T18:14:31.386Z INFO  client] Sending sample transaction 163
[2022-07-23T18:14:31.435Z INFO  client] Sending sample transaction 164
[2022-07-23T18:14:31.491Z INFO  client] Sending sample transaction 165
[2022-07-23T18:14:31.557Z INFO  client] Sending sample transaction 166
[2022-07-23T18:14:31.638Z INFO  client] Sending sample transaction 167
[2022-07-23T18:14:31.645Z INFO  client] Sending sample transaction 168
[2022-07-23T18:14:31.696Z INFO  client] Sending sample transaction 169
[2022-07-23T18:14:31.735Z INFO  client] Sending sample transaction 170
[2022-07-23T18:14:31.786Z INFO  client] Sending sample transaction 171
[2022-07-23T18:14:31.835Z INFO  client] Sending sample transaction 172
[2022-07-23T18:14:31.886Z INFO  client] Sending sample transaction 173
[2022-07-23T18:14:31.936Z INFO  client] Sending sample transaction 174
[2022-07-23T18:14:31.985Z INFO  client] Sending sample transaction 175
[2022-07-23T18:14:32.035Z INFO  client] Sending sample transaction 176
[2022-07-23T18:14:32.085Z INFO  client] Sending sample transaction 177
[2022-07-23T18:14:32.135Z INFO  client] Sending sample transaction 178
[2022-07-23T18:14:32.185Z INFO  client] Sending sample transaction 179
[2022-07-23T18:14:32.235Z INFO  client] Sending sample transaction 180
[2022-07-23T18:14:32.285Z INFO  client] Sending sample transaction 181
[2022-07-23T18:14:32.335Z INFO  client] Sending sample transaction 182
[2022-07-23T18:14:32.386Z INFO  client] Sending sample transaction 183
[2022-07-23T18:14:32.436Z INFO  client] Sending sample transaction 184
[2022-07-23T18:14:32.485Z INFO  client] Sending sample transaction 185
[2022-07-23T18:14:32.536Z INFO  client] Sending sample transaction 186
[2022-07-23T18:14:32.586Z INFO  client] Sending sample transaction 187
[2022-07-23T18:14:32.635Z INFO  client] Sending sample transaction 188
[2022-07-23T18:14:32.692Z INFO  client] Sending sample transaction 189
[2022-07-23T18:14:32.736Z INFO  client] Sending sample transaction 190
[2022-07-23T18:14:32.786Z INFO  client] Sending sample transaction 191
[2022-07-23T18:14:32.835Z INFO  client] Sending sample transaction 192
[2022-07-23T18:14:32.885Z INFO  client] Sending sample transaction 193
[2022-07-23T18:14:32.936Z INFO  client] Sending sample transaction 194
[2022-07-23T18:14:32.985Z INFO  client] Sending sample transaction 195
[2022-07-23T18:14:33.063Z INFO  client] Sending sample transaction 196
[2022-07-23T18:14:33.126Z INFO  client] Sending sample transaction 197
[2022-07-23T18:14:33.175Z INFO  client] Sending sample transaction 198
[2022-07-23T18:14:33.226Z INFO  client] Sending sample transaction 199
[2022-07-23T18:14:33.236Z INFO  client] Sending sample transaction 200
[2022-07-23T18:14:33.311Z INFO  client] Sending sample transaction 201
[2022-07-23T18:14:33.347Z INFO  client] Sending sample transaction 202
[2022-07-23T18:14:33.390Z INFO  client] Sending sample transaction 203
[2022-07-23T18:14:33.436Z INFO  client] Sending sample transaction 204
[2022-07-23T18:14:33.485Z INFO  client] Sending sample transaction 205
[2022-07-23T18:14:33.536Z INFO  client] Sending sample transaction 206
[2022-07-23T18:14:33.585Z INFO  client] Sending sample transaction 207
[2022-07-23T18:14:33.636Z INFO  client] Sending sample transaction 208
[2022-07-23T18:14:33.686Z INFO  client] Sending sample transaction 209
[2022-07-23T18:14:33.745Z INFO  client] Sending sample transaction 210
[2022-07-23T18:14:33.786Z INFO  client] Sending sample transaction 211
[2022-07-23T18:14:33.835Z INFO  client] Sending sample transaction 212
[2022-07-23T18:14:33.886Z INFO  client] Sending sample transaction 213
[2022-07-23T18:14:33.935Z INFO  client] Sending sample transaction 214
[2022-07-23T18:14:33.985Z INFO  client] Sending sample transaction 215
[2022-07-23T18:14:34.035Z INFO  client] Sending sample transaction 216
[2022-07-23T18:14:34.086Z INFO  client] Sending sample transaction 217
[2022-07-23T18:14:34.135Z INFO  client] Sending sample transaction 218
[2022-07-23T18:14:34.186Z INFO  client] Sending sample transaction 219
[2022-07-23T18:14:34.236Z INFO  client] Sending sample transaction 220
[2022-07-23T18:14:34.286Z INFO  client] Sending sample transaction 221
[2022-07-23T18:14:34.335Z INFO  client] Sending sample transaction 222
[2022-07-23T18:14:34.385Z INFO  client] Sending sample transaction 223
[2022-07-23T18:14:34.436Z INFO  client] Sending sample transaction 224
[2022-07-23T18:14:34.485Z INFO  client] Sending sample transaction 225
[2022-07-23T18:14:34.596Z INFO  client] Sending sample transaction 226
[2022-07-23T18:14:34.599Z INFO  client] Sending sample transaction 227
[2022-07-23T18:14:34.682Z INFO  client] Sending sample transaction 228
[2022-07-23T18:14:34.697Z INFO  client] Sending sample transaction 229
[2022-07-23T18:14:34.779Z INFO  client] Sending sample transaction 230
[2022-07-23T18:14:34.798Z INFO  client] Sending sample transaction 231
[2022-07-23T18:14:34.844Z INFO  client] Sending sample transaction 232
[2022-07-23T18:14:34.888Z INFO  client] Sending sample transaction 233
[2022-07-23T18:14:34.936Z INFO  client] Sending sample transaction 234
[2022-07-23T18:14:34.987Z INFO  client] Sending sample transaction 235
[2022-07-23T18:14:35.043Z INFO  client] Sending sample transaction 236
[2022-07-23T18:14:35.086Z INFO  client] Sending sample transaction 237
[2022-07-23T18:14:35.136Z INFO  client] Sending sample transaction 238
[2022-07-23T18:14:35.186Z INFO  client] Sending sample transaction 239
[2022-07-23T18:14:35.235Z INFO  client] Sending sample transaction 240
[2022-07-23T18:14:35.286Z INFO  client] Sending sample transaction 241
[2022-07-23T18:14:35.336Z INFO  client] Sending sample transaction 242
[2022-07-23T18:14:35.386Z INFO  client] Sending sample transaction 243
[2022-07-23T18:14:35.436Z INFO  client] Sending sample transaction 244
[2022-07-23T18:14:35.486Z INFO  client] Sending sample transaction 245
[2022-07-23T18:14:35.535Z INFO  client] Sending sample transaction 246
[2022-07-23T18:14:35.585Z INFO  client] Sending sample transaction 247
[2022-07-23T18:14:35.636Z INFO  client] Sending sample transaction 248
[2022-07-23T18:14:35.685Z INFO  client] Sending sample transaction 249
[2022-07-23T18:14:35.735Z INFO  client] Sending sample transaction 250
[2022-07-23T18:14:35.799Z INFO  client] Sending sample transaction 251
[2022-07-23T18:14:35.877Z INFO  client] Sending sample transaction 252
[2022-07-23T18:14:35.916Z INFO  client] Sending sample transaction 253
[2022-07-23T18:14:35.973Z INFO  client] Sending sample transaction 254
[2022-07-23T18:14:36.004Z INFO  client] Sending sample transaction 255
[2022-07-23T18:14:36.035Z INFO  client] Sending sample transaction 256
[2022-07-23T18:14:36.087Z INFO  client] Sending sample transaction 257
[2022-07-23T18:14:36.135Z INFO  client] Sending sample transaction 258
[2022-07-23T18:14:36.187Z INFO  client] Sending sample transaction 259
[2022-07-23T18:14:36.235Z INFO  client] Sending sample transaction 260
[2022-07-23T18:14:36.286Z INFO  client] Sending sample transaction 261
[2022-07-23T18:14:36.335Z INFO  client] Sending sample transaction 262
[2022-07-23T18:14:36.386Z INFO  client] Sending sample transaction 263
[2022-07-23T18:14:36.435Z INFO  client] Sending sample transaction 264
[2022-07-23T18:14:36.486Z INFO  client] Sending sample transaction 265
[2022-07-23T18:14:36.535Z INFO  client] Sending sample transaction 266
[2022-07-23T18:14:36.585Z INFO  client] Sending sample transaction 267
[2022-07-23T18:14:36.636Z INFO  client] Sending sample transaction 268
[2022-07-23T18:14:36.686Z INFO  client] Sending sample transaction 269
[2022-07-23T18:14:36.735Z INFO  client] Sending sample transaction 270
[2022-07-23T18:14:36.787Z INFO  client] Sending sample transaction 271
[2022-07-23T18:14:36.835Z INFO  client] Sending sample transaction 272
[2022-07-23T18:14:36.885Z INFO  client] Sending sample transaction 273
[2022-07-23T18:14:36.936Z INFO  client] Sending sample transaction 274
[2022-07-23T18:14:36.986Z INFO  client] Sending sample transaction 275
[2022-07-23T18:14:37.040Z INFO  client] Sending sample transaction 276
[2022-07-23T18:14:37.086Z INFO  client] Sending sample transaction 277
[2022-07-23T18:14:37.135Z INFO  client] Sending sample transaction 278
[2022-07-23T18:14:37.185Z INFO  client] Sending sample transaction 279
[2022-07-23T18:14:37.236Z INFO  client] Sending sample transaction 280
[2022-07-23T18:14:37.285Z INFO  client] Sending sample transaction 281
[2022-07-23T18:14:37.335Z INFO  client] Sending sample transaction 282
[2022-07-23T18:14:37.385Z INFO  client] Sending sample transaction 283
[2022-07-23T18:14:37.482Z INFO  client] Sending sample transaction 284
[2022-07-23T18:14:37.522Z INFO  client] Sending sample transaction 285
[2022-07-23T18:14:37.609Z INFO  client] Sending sample transaction 286
[2022-07-23T18:14:37.660Z INFO  client] Sending sample transaction 287
[2022-07-23T18:14:37.660Z INFO  client] Sending sample transaction 288
[2022-07-23T18:14:37.685Z INFO  client] Sending sample transaction 289
[2022-07-23T18:14:37.736Z INFO  client] Sending sample transaction 290
[2022-07-23T18:14:37.786Z INFO  client] Sending sample transaction 291
[2022-07-23T18:14:37.837Z INFO  client] Sending sample transaction 292
[2022-07-23T18:14:37.891Z INFO  client] Sending sample transaction 293
[2022-07-23T18:14:37.936Z INFO  client] Sending sample transaction 294
[2022-07-23T18:14:37.985Z INFO  client] Sending sample transaction 295
[2022-07-23T18:14:38.035Z INFO  client] Sending sample transaction 296
[2022-07-23T18:14:38.088Z INFO  client] Sending sample transaction 297
[2022-07-23T18:14:38.136Z INFO  client] Sending sample transaction 298
[2022-07-23T18:14:38.186Z INFO  client] Sending sample transaction 299
[2022-07-23T18:14:38.235Z INFO  client] Sending sample transaction 300
[2022-07-23T18:14:38.285Z INFO  client] Sending sample transaction 301
[2022-07-23T18:14:38.335Z INFO  client] Sending sample transaction 302
[2022-07-23T18:14:38.386Z INFO  client] Sending sample transaction 303
[2022-07-23T18:14:38.438Z INFO  client] Sending sample transaction 304
[2022-07-23T18:14:38.485Z INFO  client] Sending sample transaction 305
[2022-07-23T18:14:38.536Z INFO  client] Sending sample transaction 306
[2022-07-23T18:14:38.585Z INFO  client] Sending sample transaction 307
[2022-07-23T18:14:38.636Z INFO  client] Sending sample transaction 308
[2022-07-23T18:14:38.685Z INFO  client] Sending sample transaction 309
[2022-07-23T18:14:38.751Z INFO  client] Sending sample transaction 310
[2022-07-23T18:14:38.814Z INFO  client] Sending sample transaction 311
[2022-07-23T18:14:38.862Z INFO  client] Sending sample transaction 312
[2022-07-23T18:14:38.885Z INFO  client] Sending sample transaction 313
[2022-07-23T18:14:38.936Z INFO  client] Sending sample transaction 314
[2022-07-23T18:14:38.985Z INFO  client] Sending sample transaction 315
[2022-07-23T18:14:39.038Z INFO  client] Sending sample transaction 316
[2022-07-23T18:14:39.087Z INFO  client] Sending sample transaction 317
[2022-07-23T18:14:39.143Z INFO  client] Sending sample transaction 318
[2022-07-23T18:14:39.199Z INFO  client] Sending sample transaction 319
[2022-07-23T18:14:39.235Z INFO  client] Sending sample transaction 320
[2022-07-23T18:14:39.286Z INFO  client] Sending sample transaction 321
[2022-07-23T18:14:39.335Z INFO  client] Sending sample transaction 322
[2022-07-23T18:14:39.385Z INFO  client] Sending sample transaction 323
[2022-07-23T18:14:39.435Z INFO  client] Sending sample transaction 324
[2022-07-23T18:14:39.485Z INFO  client] Sending sample transaction 325
[2022-07-23T18:14:39.535Z INFO  client] Sending sample transaction 326
[2022-07-23T18:14:39.585Z INFO  client] Sending sample transaction 327
[2022-07-23T18:14:39.636Z INFO  client] Sending sample transaction 328
[2022-07-23T18:14:39.685Z INFO  client] Sending sample transaction 329
[2022-07-23T18:14:39.736Z INFO  client] Sending sample transaction 330
[2022-07-23T18:14:39.786Z INFO  client] Sending sample transaction 331
[2022-07-23T18:14:39.835Z INFO  client] Sending sample transaction 332
[2022-07-23T18:14:39.886Z INFO  client] Sending sample transaction 333
[2022-07-23T18:14:39.935Z INFO  client] Sending sample transaction 334
[2022-07-23T18:14:39.986Z INFO  client] Sending sample transaction 335
[2022-07-23T18:14:40.035Z INFO  client] Sending sample transaction 336
[2022-07-23T18:14:40.086Z INFO  client] Sending sample transaction 337
[2022-07-23T18:14:40.135Z INFO  client] Sending sample transaction 338
[2022-07-23T18:14:40.185Z INFO  client] Sending sample transaction 339
[2022-07-23T18:14:40.237Z INFO  client] Sending sample transaction 340
[2022-07-23T18:14:40.285Z INFO  client] Sending sample transaction 341
[2022-07-23T18:14:40.337Z INFO  client] Sending sample transaction 342
[2022-07-23T18:14:40.390Z INFO  client] Sending sample transaction 343
[2022-07-23T18:14:40.437Z INFO  client] Sending sample transaction 344
[2022-07-23T18:14:40.486Z INFO  client] Sending sample transaction 345
[2022-07-23T18:14:40.536Z INFO  client] Sending sample transaction 346
[2022-07-23T18:14:40.586Z INFO  client] Sending sample transaction 347
[2022-07-23T18:14:40.635Z INFO  client] Sending sample transaction 348
[2022-07-23T18:14:40.686Z INFO  client] Sending sample transaction 349
[2022-07-23T18:14:40.763Z INFO  client] Sending sample transaction 350
[2022-07-23T18:14:40.823Z INFO  client] Sending sample transaction 351
[2022-07-23T18:14:40.844Z INFO  client] Sending sample transaction 352
[2022-07-23T18:14:40.908Z INFO  client] Sending sample transaction 353
[2022-07-23T18:14:40.935Z INFO  client] Sending sample transaction 354
[2022-07-23T18:14:40.985Z INFO  client] Sending sample transaction 355
[2022-07-23T18:14:41.042Z INFO  client] Sending sample transaction 356
[2022-07-23T18:14:41.086Z INFO  client] Sending sample transaction 357
[2022-07-23T18:14:41.135Z INFO  client] Sending sample transaction 358
[2022-07-23T18:14:41.186Z INFO  client] Sending sample transaction 359
[2022-07-23T18:14:41.240Z INFO  client] Sending sample transaction 360
[2022-07-23T18:14:41.301Z INFO  client] Sending sample transaction 361
[2022-07-23T18:14:41.344Z INFO  client] Sending sample transaction 362
[2022-07-23T18:14:41.386Z INFO  client] Sending sample transaction 363
[2022-07-23T18:14:41.436Z INFO  client] Sending sample transaction 364
[2022-07-23T18:14:41.485Z INFO  client] Sending sample transaction 365
[2022-07-23T18:14:41.535Z INFO  client] Sending sample transaction 366
[2022-07-23T18:14:41.586Z INFO  client] Sending sample transaction 367
[2022-07-23T18:14:41.638Z INFO  client] Sending sample transaction 368
[2022-07-23T18:14:41.686Z INFO  client] Sending sample transaction 369
[2022-07-23T18:14:41.735Z INFO  client] Sending sample transaction 370
[2022-07-23T18:14:41.785Z INFO  client] Sending sample transaction 371
[2022-07-23T18:14:41.835Z INFO  client] Sending sample transaction 372
[2022-07-23T18:14:41.886Z INFO  client] Sending sample transaction 373
[2022-07-23T18:14:41.935Z INFO  client] Sending sample transaction 374
[2022-07-23T18:14:41.986Z INFO  client] Sending sample transaction 375
[2022-07-23T18:14:42.035Z INFO  client] Sending sample transaction 376
[2022-07-23T18:14:42.085Z INFO  client] Sending sample transaction 377
[2022-07-23T18:14:42.166Z INFO  client] Sending sample transaction 378
[2022-07-23T18:14:42.262Z INFO  client] Sending sample transaction 379
[2022-07-23T18:14:42.309Z INFO  client] Sending sample transaction 380
[2022-07-23T18:14:42.310Z INFO  client] Sending sample transaction 381
[2022-07-23T18:14:42.335Z INFO  client] Sending sample transaction 382
[2022-07-23T18:14:42.400Z INFO  client] Sending sample transaction 383
[2022-07-23T18:14:42.436Z INFO  client] Sending sample transaction 384
[2022-07-23T18:14:42.487Z INFO  client] Sending sample transaction 385
[2022-07-23T18:14:42.535Z INFO  client] Sending sample transaction 386
[2022-07-23T18:14:42.586Z INFO  client] Sending sample transaction 387
[2022-07-23T18:14:42.636Z INFO  client] Sending sample transaction 388
[2022-07-23T18:14:42.686Z INFO  client] Sending sample transaction 389
[2022-07-23T18:14:42.735Z INFO  client] Sending sample transaction 390
[2022-07-23T18:14:42.786Z INFO  client] Sending sample transaction 391
[2022-07-23T18:14:42.835Z INFO  client] Sending sample transaction 392
[2022-07-23T18:14:42.886Z INFO  client] Sending sample transaction 393
[2022-07-23T18:14:42.936Z INFO  client] Sending sample transaction 394
[2022-07-23T18:14:42.985Z INFO  client] Sending sample transaction 395
[2022-07-23T18:14:43.035Z INFO  client] Sending sample transaction 396
[2022-07-23T18:14:43.086Z INFO  client] Sending sample transaction 397
[2022-07-23T18:14:43.136Z INFO  client] Sending sample transaction 398
[2022-07-23T18:14:43.186Z INFO  client] Sending sample transaction 399
[2022-07-23T18:14:43.235Z INFO  client] Sending sample transaction 400
[2022-07-23T18:14:43.285Z INFO  client] Sending sample transaction 401
[2022-07-23T18:14:43.336Z INFO  client] Sending sample transaction 402
[2022-07-23T18:14:43.385Z INFO  client] Sending sample transaction 403
[2022-07-23T18:14:43.439Z INFO  client] Sending sample transaction 404
[2022-07-23T18:14:43.485Z INFO  client] Sending sample transaction 405
[2022-07-23T18:14:43.536Z INFO  client] Sending sample transaction 406
[2022-07-23T18:14:43.586Z INFO  client] Sending sample transaction 407
[2022-07-23T18:14:43.636Z INFO  client] Sending sample transaction 408
[2022-07-23T18:14:43.685Z INFO  client] Sending sample transaction 409
[2022-07-23T18:14:43.735Z INFO  client] Sending sample transaction 410
[2022-07-23T18:14:43.786Z INFO  client] Sending sample transaction 411
[2022-07-23T18:14:43.836Z INFO  client] Sending sample transaction 412
[2022-07-23T18:14:43.885Z INFO  client] Sending sample transaction 413
[2022-07-23T18:14:43.992Z INFO  client] Sending sample transaction 414
[2022-07-23T18:14:44.015Z INFO  client] Sending sample transaction 415
[2022-07-23T18:14:44.070Z INFO  client] Sending sample transaction 416
[2022-07-23T18:14:44.089Z INFO  client] Sending sample transaction 417
[2022-07-23T18:14:44.135Z INFO  client] Sending sample transaction 418
[2022-07-23T18:14:44.188Z INFO  client] Sending sample transaction 419
[2022-07-23T18:14:44.274Z INFO  client] Sending sample transaction 420
[2022-07-23T18:14:44.322Z INFO  client] Sending sample transaction 421
[2022-07-23T18:14:44.345Z INFO  client] Sending sample transaction 422
[2022-07-23T18:14:44.391Z INFO  client] Sending sample transaction 423
[2022-07-23T18:14:44.435Z INFO  client] Sending sample transaction 424
[2022-07-23T18:14:44.522Z INFO  client] Sending sample transaction 425
[2022-07-23T18:14:44.548Z INFO  client] Sending sample transaction 426
[2022-07-23T18:14:44.591Z INFO  client] Sending sample transaction 427
[2022-07-23T18:14:44.647Z INFO  client] Sending sample transaction 428
[2022-07-23T18:14:44.694Z INFO  client] Sending sample transaction 429
[2022-07-23T18:14:44.735Z INFO  client] Sending sample transaction 430
[2022-07-23T18:14:44.790Z INFO  client] Sending sample transaction 431
[2022-07-23T18:14:44.840Z INFO  client] Sending sample transaction 432
[2022-07-23T18:14:44.886Z INFO  client] Sending sample transaction 433
[2022-07-23T18:14:44.936Z INFO  client] Sending sample transaction 434
[2022-07-23T18:14:44.991Z INFO  client] Sending sample transaction 435
[2022-07-23T18:14:45.038Z INFO  client] Sending sample transaction 436
