[2022-07-24T09:39:51.074Z INFO  client] Node address: 127.0.0.1:9014
[2022-07-24T09:39:51.075Z INFO  client] Transactions size: 512 B
[2022-07-24T09:39:51.075Z INFO  client] Transactions rate: 112 tx/s
[2022-07-24T09:39:51.075Z INFO  client] Waiting for all nodes to be online...
[2022-07-24T09:39:51.075Z INFO  client] Waiting for all nodes to be synchronized...
[2022-07-24T09:39:53.181Z INFO  client] Start sending transactions
[2022-07-24T09:39:53.208Z INFO  client] Sending sample transaction 0
[2022-07-24T09:39:53.259Z INFO  client] Sending sample transaction 1
[2022-07-24T09:39:53.312Z INFO  client] Sending sample transaction 2
[2022-07-24T09:39:53.338Z INFO  client] Sending sample transaction 3
[2022-07-24T09:39:53.417Z INFO  client] Sending sample transaction 4
[2022-07-24T09:39:53.439Z INFO  client] Sending sample transaction 5
[2022-07-24T09:39:53.521Z INFO  client] Sending sample transaction 6
[2022-07-24T09:39:53.551Z INFO  client] Sending sample transaction 7
[2022-07-24T09:39:53.612Z INFO  client] Sending sample transaction 8
[2022-07-24T09:39:53.674Z INFO  client] Sending sample transaction 9
[2022-07-24T09:39:53.722Z INFO  client] Sending sample transaction 10
[2022-07-24T09:39:53.789Z INFO  client] Sending sample transaction 11
[2022-07-24T09:39:53.876Z INFO  client] Sending sample transaction 12
[2022-07-24T09:39:53.901Z INFO  client] Sending sample transaction 13
[2022-07-24T09:39:53.902Z INFO  client] Sending sample transaction 14
[2022-07-24T09:39:53.976Z INFO  client] Sending sample transaction 15
[2022-07-24T09:39:54.016Z INFO  client] Sending sample transaction 16
[2022-07-24T09:39:54.060Z INFO  client] Sending sample transaction 17
[2022-07-24T09:39:54.109Z INFO  client] Sending sample transaction 18
[2022-07-24T09:39:54.185Z INFO  client] Sending sample transaction 19
[2022-07-24T09:39:54.292Z WARN  client] Transaction rate too high for this client
[2022-07-24T09:39:54.293Z INFO  client] Sending sample transaction 20
[2022-07-24T09:39:54.394Z WARN  client] Transaction rate too high for this client
[2022-07-24T09:39:54.398Z INFO  client] Sending sample transaction 21
[2022-07-24T09:39:54.400Z INFO  client] Sending sample transaction 22
[2022-07-24T09:39:54.437Z INFO  client] Sending sample transaction 23
[2022-07-24T09:39:54.438Z INFO  client] Sending sample transaction 24
[2022-07-24T09:39:54.484Z INFO  client] Sending sample transaction 25
[2022-07-24T09:39:54.485Z INFO  client] Sending sample transaction 26
[2022-07-24T09:39:54.553Z INFO  client] Sending sample transaction 27
[2022-07-24T09:39:54.603Z INFO  client] Sending sample transaction 28
[2022-07-24T09:39:54.662Z INFO  client] Sending sample transaction 29
[2022-07-24T09:39:54.684Z INFO  client] Sending sample transaction 30
[2022-07-24T09:39:54.746Z INFO  client] Sending sample transaction 31
[2022-07-24T09:39:54.784Z INFO  client] Sending sample transaction 32
[2022-07-24T09:39:54.837Z INFO  client] Sending sample transaction 33
[2022-07-24T09:39:54.889Z INFO  client] Sending sample transaction 34
[2022-07-24T09:39:54.936Z INFO  client] Sending sample transaction 35
[2022-07-24T09:39:54.983Z INFO  client] Sending sample transaction 36
[2022-07-24T09:39:55.036Z INFO  client] Sending sample transaction 37
[2022-07-24T09:39:55.089Z INFO  client] Sending sample transaction 38
[2022-07-24T09:39:55.133Z INFO  client] Sending sample transaction 39
[2022-07-24T09:39:55.184Z INFO  client] Sending sample transaction 40
[2022-07-24T09:39:55.233Z INFO  client] Sending sample transaction 41
[2022-07-24T09:39:55.284Z INFO  client] Sending sample transaction 42
[2022-07-24T09:39:55.333Z INFO  client] Sending sample transaction 43
[2022-07-24T09:39:55.385Z INFO  client] Sending sample transaction 44
[2022-07-24T09:39:55.434Z INFO  client] Sending sample transaction 45
[2022-07-24T09:39:55.482Z INFO  client] Sending sample transaction 46
[2022-07-24T09:39:55.533Z INFO  client] Sending sample transaction 47
[2022-07-24T09:39:55.584Z INFO  client] Sending sample transaction 48
[2022-07-24T09:39:55.646Z INFO  client] Sending sample transaction 49
[2022-07-24T09:39:55.689Z INFO  client] Sending sample transaction 50
[2022-07-24T09:39:55.735Z INFO  client] Sending sample transaction 51
[2022-07-24T09:39:55.783Z INFO  client] Sending sample transaction 52
[2022-07-24T09:39:55.834Z INFO  client] Sending sample transaction 53
[2022-07-24T09:39:55.908Z INFO  client] Sending sample transaction 54
[2022-07-24T09:39:55.951Z INFO  client] Sending sample transaction 55
[2022-07-24T09:39:55.983Z INFO  client] Sending sample transaction 56
[2022-07-24T09:39:56.033Z INFO  client] Sending sample transaction 57
[2022-07-24T09:39:56.083Z INFO  client] Sending sample transaction 58
[2022-07-24T09:39:56.133Z INFO  client] Sending sample transaction 59
[2022-07-24T09:39:56.183Z INFO  client] Sending sample transaction 60
[2022-07-24T09:39:56.233Z INFO  client] Sending sample transaction 61
[2022-07-24T09:39:56.282Z INFO  client] Sending sample transaction 62
[2022-07-24T09:39:56.332Z INFO  client] Sending sample transaction 63
[2022-07-24T09:39:56.391Z INFO  client] Sending sample transaction 64
[2022-07-24T09:39:56.441Z INFO  client] Sending sample transaction 65
[2022-07-24T09:39:56.482Z INFO  client] Sending sample transaction 66
[2022-07-24T09:39:56.532Z INFO  client] Sending sample transaction 67
[2022-07-24T09:39:56.583Z INFO  client] Sending sample transaction 68
[2022-07-24T09:39:56.633Z INFO  client] Sending sample transaction 69
[2022-07-24T09:39:56.682Z INFO  client] Sending sample transaction 70
[2022-07-24T09:39:56.744Z INFO  client] Sending sample transaction 71
[2022-07-24T09:39:56.857Z INFO  client] Sending sample transaction 72
[2022-07-24T09:39:56.913Z WARN  client] Transaction rate too high for this client
[2022-07-24T09:39:56.913Z INFO  client] Sending sample transaction 73
[2022-07-24T09:39:56.914Z INFO  client] Sending sample transaction 74
[2022-07-24T09:39:56.941Z INFO  client] Sending sample transaction 75
[2022-07-24T09:39:57.004Z INFO  client] Sending sample transaction 76
[2022-07-24T09:39:57.035Z INFO  client] Sending sample transaction 77
[2022-07-24T09:39:57.083Z INFO  client] Sending sample transaction 78
[2022-07-24T09:39:57.134Z INFO  client] Sending sample transaction 79
[2022-07-24T09:39:57.182Z INFO  client] Sending sample transaction 80
[2022-07-24T09:39:57.232Z INFO  client] Sending sample transaction 81
[2022-07-24T09:39:57.283Z INFO  client] Sending sample transaction 82
[2022-07-24T09:39:57.334Z INFO  client] Sending sample transaction 83
[2022-07-24T09:39:57.383Z INFO  client] Sending sample transaction 84
[2022-07-24T09:39:57.433Z INFO  client] Sending sample transaction 85
[2022-07-24T09:39:57.483Z INFO  client] Sending sample transaction 86
[2022-07-24T09:39:57.538Z INFO  client] Sending sample transaction 87
[2022-07-24T09:39:57.604Z INFO  client] Sending sample transaction 88
[2022-07-24T09:39:57.636Z INFO  client] Sending sample transaction 89
[2022-07-24T09:39:57.683Z INFO  client] Sending sample transaction 90
[2022-07-24T09:39:57.733Z INFO  client] Sending sample transaction 91
[2022-07-24T09:39:57.783Z INFO  client] Sending sample transaction 92
[2022-07-24T09:39:57.834Z INFO  client] Sending sample transaction 93
[2022-07-24T09:39:57.884Z INFO  client] Sending sample transaction 94
[2022-07-24T09:39:57.933Z INFO  client] Sending sample transaction 95
[2022-07-24T09:39:57.982Z INFO  client] Sending sample transaction 96
[2022-07-24T09:39:58.035Z INFO  client] Sending sample transaction 97
[2022-07-24T09:39:58.083Z INFO  client] Sending sample transaction 98
[2022-07-24T09:39:58.133Z INFO  client] Sending sample transaction 99
[2022-07-24T09:39:58.183Z INFO  client] Sending sample transaction 100
[2022-07-24T09:39:58.233Z INFO  client] Sending sample transaction 101
[2022-07-24T09:39:58.283Z INFO  client] Sending sample transaction 102
[2022-07-24T09:39:58.333Z INFO  client] Sending sample transaction 103
[2022-07-24T09:39:58.383Z INFO  client] Sending sample transaction 104
[2022-07-24T09:39:58.433Z INFO  client] Sending sample transaction 105
[2022-07-24T09:39:58.483Z INFO  client] Sending sample transaction 106
[2022-07-24T09:39:58.566Z INFO  client] Sending sample transaction 107
[2022-07-24T09:39:58.623Z INFO  client] Sending sample transaction 108
[2022-07-24T09:39:58.658Z INFO  client] Sending sample transaction 109
[2022-07-24T09:39:58.711Z INFO  client] Sending sample transaction 110
[2022-07-24T09:39:58.755Z INFO  client] Sending sample transaction 111
[2022-07-24T09:39:58.790Z INFO  client] Sending sample transaction 112
[2022-07-24T09:39:58.833Z INFO  client] Sending sample transaction 113
[2022-07-24T09:39:58.884Z INFO  client] Sending sample transaction 114
[2022-07-24T09:39:58.933Z INFO  client] Sending sample transaction 115
[2022-07-24T09:39:58.982Z INFO  client] Sending sample transaction 116
[2022-07-24T09:39:59.033Z INFO  client] Sending sample transaction 117
[2022-07-24T09:39:59.092Z INFO  client] Sending sample transaction 118
[2022-07-24T09:39:59.136Z INFO  client] Sending sample transaction 119
[2022-07-24T09:39:59.184Z INFO  client] Sending sample transaction 120
[2022-07-24T09:39:59.233Z INFO  client] Sending sample transaction 121
[2022-07-24T09:39:59.283Z INFO  client] Sending sample transaction 122
[2022-07-24T09:39:59.336Z INFO  client] Sending sample transaction 123
[2022-07-24T09:39:59.383Z INFO  client] Sending sample transaction 124
[2022-07-24T09:39:59.432Z INFO  client] Sending sample transaction 125
[2022-07-24T09:39:59.487Z INFO  client] Sending sample transaction 126
[2022-07-24T09:39:59.533Z INFO  client] Sending sample transaction 127
[2022-07-24T09:39:59.598Z INFO  client] Sending sample transaction 128
[2022-07-24T09:39:59.632Z INFO  client] Sending sample transaction 129
[2022-07-24T09:39:59.684Z INFO  client] Sending sample transaction 130
[2022-07-24T09:39:59.733Z INFO  client] Sending sample transaction 131
[2022-07-24T09:39:59.783Z INFO  client] Sending sample transaction 132
[2022-07-24T09:39:59.834Z INFO  client] Sending sample transaction 133
[2022-07-24T09:39:59.882Z INFO  client] Sending sample transaction 134
[2022-07-24T09:39:59.932Z INFO  client] Sending sample transaction 135
[2022-07-24T09:39:59.982Z INFO  client] Sending sample transaction 136
[2022-07-24T09:40:00.032Z INFO  client] Sending sample transaction 137
[2022-07-24T09:40:00.082Z INFO  client] Sending sample transaction 138
[2022-07-24T09:40:00.133Z INFO  client] Sending sample transaction 139
[2022-07-24T09:40:00.183Z INFO  client] Sending sample transaction 140
[2022-07-24T09:40:00.233Z INFO  client] Sending sample transaction 141
[2022-07-24T09:40:00.282Z INFO  client] Sending sample transaction 142
[2022-07-24T09:40:00.333Z INFO  client] Sending sample transaction 143
[2022-07-24T09:40:00.384Z INFO  client] Sending sample transaction 144
[2022-07-24T09:40:00.433Z INFO  client] Sending sample transaction 145
[2022-07-24T09:40:00.483Z INFO  client] Sending sample transaction 146
[2022-07-24T09:40:00.533Z INFO  client] Sending sample transaction 147
[2022-07-24T09:40:00.583Z INFO  client] Sending sample transaction 148
[2022-07-24T09:40:00.634Z INFO  client] Sending sample transaction 149
[2022-07-24T09:40:00.683Z INFO  client] Sending sample transaction 150
[2022-07-24T09:40:00.733Z INFO  client] Sending sample transaction 151
[2022-07-24T09:40:00.788Z INFO  client] Sending sample transaction 152
[2022-07-24T09:40:00.833Z INFO  client] Sending sample transaction 153
[2022-07-24T09:40:00.883Z INFO  client] Sending sample transaction 154
[2022-07-24T09:40:00.933Z INFO  client] Sending sample transaction 155
[2022-07-24T09:40:00.982Z INFO  client] Sending sample transaction 156
[2022-07-24T09:40:01.032Z INFO  client] Sending sample transaction 157
[2022-07-24T09:40:01.083Z INFO  client] Sending sample transaction 158
[2022-07-24T09:40:01.143Z INFO  client] Sending sample transaction 159
[2022-07-24T09:40:01.186Z INFO  client] Sending sample transaction 160
[2022-07-24T09:40:01.233Z INFO  client] Sending sample transaction 161
[2022-07-24T09:40:01.283Z INFO  client] Sending sample transaction 162
[2022-07-24T09:40:01.332Z INFO  client] Sending sample transaction 163
[2022-07-24T09:40:01.382Z INFO  client] Sending sample transaction 164
[2022-07-24T09:40:01.432Z INFO  client] Sending sample transaction 165
[2022-07-24T09:40:01.483Z INFO  client] Sending sample transaction 166
[2022-07-24T09:40:01.532Z INFO  client] Sending sample transaction 167
[2022-07-24T09:40:01.582Z INFO  client] Sending sample transaction 168
[2022-07-24T09:40:01.632Z INFO  client] Sending sample transaction 169
[2022-07-24T09:40:01.682Z INFO  client] Sending sample transaction 170
[2022-07-24T09:40:01.733Z INFO  client] Sending sample transaction 171
[2022-07-24T09:40:01.782Z INFO  client] Sending sample transaction 172
[2022-07-24T09:40:01.833Z INFO  client] Sending sample transaction 173
[2022-07-24T09:40:01.883Z INFO  client] Sending sample transaction 174
[2022-07-24T09:40:01.932Z INFO  client] Sending sample transaction 175
[2022-07-24T09:40:01.983Z INFO  client] Sending sample transaction 176
[2022-07-24T09:40:02.033Z INFO  client] Sending sample transaction 177
[2022-07-24T09:40:02.082Z INFO  client] Sending sample transaction 178
[2022-07-24T09:40:02.134Z INFO  client] Sending sample transaction 179
[2022-07-24T09:40:02.183Z INFO  client] Sending sample transaction 180
[2022-07-24T09:40:02.233Z INFO  client] Sending sample transaction 181
[2022-07-24T09:40:02.283Z INFO  client] Sending sample transaction 182
[2022-07-24T09:40:02.332Z INFO  client] Sending sample transaction 183
[2022-07-24T09:40:02.383Z INFO  client] Sending sample transaction 184
[2022-07-24T09:40:02.433Z INFO  client] Sending sample transaction 185
[2022-07-24T09:40:02.483Z INFO  client] Sending sample transaction 186
[2022-07-24T09:40:02.534Z INFO  client] Sending sample transaction 187
[2022-07-24T09:40:02.584Z INFO  client] Sending sample transaction 188
[2022-07-24T09:40:02.633Z INFO  client] Sending sample transaction 189
[2022-07-24T09:40:02.683Z INFO  client] Sending sample transaction 190
[2022-07-24T09:40:02.735Z INFO  client] Sending sample transaction 191
[2022-07-24T09:40:02.784Z INFO  client] Sending sample transaction 192
[2022-07-24T09:40:02.833Z INFO  client] Sending sample transaction 193
[2022-07-24T09:40:02.887Z INFO  client] Sending sample transaction 194
[2022-07-24T09:40:02.933Z INFO  client] Sending sample transaction 195
[2022-07-24T09:40:02.983Z INFO  client] Sending sample transaction 196
[2022-07-24T09:40:03.033Z INFO  client] Sending sample transaction 197
[2022-07-24T09:40:03.083Z INFO  client] Sending sample transaction 198
[2022-07-24T09:40:03.132Z INFO  client] Sending sample transaction 199
[2022-07-24T09:40:03.182Z INFO  client] Sending sample transaction 200
[2022-07-24T09:40:03.232Z INFO  client] Sending sample transaction 201
[2022-07-24T09:40:03.288Z INFO  client] Sending sample transaction 202
[2022-07-24T09:40:03.333Z INFO  client] Sending sample transaction 203
[2022-07-24T09:40:03.383Z INFO  client] Sending sample transaction 204
[2022-07-24T09:40:03.432Z INFO  client] Sending sample transaction 205
[2022-07-24T09:40:03.483Z INFO  client] Sending sample transaction 206
[2022-07-24T09:40:03.533Z INFO  client] Sending sample transaction 207
[2022-07-24T09:40:03.583Z INFO  client] Sending sample transaction 208
[2022-07-24T09:40:03.632Z INFO  client] Sending sample transaction 209
[2022-07-24T09:40:03.683Z INFO  client] Sending sample transaction 210
[2022-07-24T09:40:03.733Z INFO  client] Sending sample transaction 211
[2022-07-24T09:40:03.783Z INFO  client] Sending sample transaction 212
[2022-07-24T09:40:03.833Z INFO  client] Sending sample transaction 213
[2022-07-24T09:40:03.883Z INFO  client] Sending sample transaction 214
[2022-07-24T09:40:03.933Z INFO  client] Sending sample transaction 215
[2022-07-24T09:40:03.984Z INFO  client] Sending sample transaction 216
[2022-07-24T09:40:04.032Z INFO  client] Sending sample transaction 217
[2022-07-24T09:40:04.083Z INFO  client] Sending sample transaction 218
[2022-07-24T09:40:04.133Z INFO  client] Sending sample transaction 219
[2022-07-24T09:40:04.182Z INFO  client] Sending sample transaction 220
[2022-07-24T09:40:04.232Z INFO  client] Sending sample transaction 221
[2022-07-24T09:40:04.284Z INFO  client] Sending sample transaction 222
[2022-07-24T09:40:04.333Z INFO  client] Sending sample transaction 223
[2022-07-24T09:40:04.388Z INFO  client] Sending sample transaction 224
[2022-07-24T09:40:04.450Z INFO  client] Sending sample transaction 225
[2022-07-24T09:40:04.491Z INFO  client] Sending sample transaction 226
[2022-07-24T09:40:04.532Z INFO  client] Sending sample transaction 227
[2022-07-24T09:40:04.583Z INFO  client] Sending sample transaction 228
[2022-07-24T09:40:04.633Z INFO  client] Sending sample transaction 229
[2022-07-24T09:40:04.683Z INFO  client] Sending sample transaction 230
[2022-07-24T09:40:04.733Z INFO  client] Sending sample transaction 231
[2022-07-24T09:40:04.783Z INFO  client] Sending sample transaction 232
[2022-07-24T09:40:04.833Z INFO  client] Sending sample transaction 233
[2022-07-24T09:40:04.882Z INFO  client] Sending sample transaction 234
[2022-07-24T09:40:04.933Z INFO  client] Sending sample transaction 235
[2022-07-24T09:40:04.989Z INFO  client] Sending sample transaction 236
[2022-07-24T09:40:05.034Z INFO  client] Sending sample transaction 237
[2022-07-24T09:40:05.084Z INFO  client] Sending sample transaction 238
[2022-07-24T09:40:05.133Z INFO  client] Sending sample transaction 239
[2022-07-24T09:40:05.183Z INFO  client] Sending sample transaction 240
[2022-07-24T09:40:05.233Z INFO  client] Sending sample transaction 241
[2022-07-24T09:40:05.283Z INFO  client] Sending sample transaction 242
[2022-07-24T09:40:05.332Z INFO  client] Sending sample transaction 243
[2022-07-24T09:40:05.382Z INFO  client] Sending sample transaction 244
[2022-07-24T09:40:05.433Z INFO  client] Sending sample transaction 245
[2022-07-24T09:40:05.483Z INFO  client] Sending sample transaction 246
[2022-07-24T09:40:05.533Z INFO  client] Sending sample transaction 247
[2022-07-24T09:40:05.583Z INFO  client] Sending sample transaction 248
[2022-07-24T09:40:05.632Z INFO  client] Sending sample transaction 249
[2022-07-24T09:40:05.683Z INFO  client] Sending sample transaction 250
[2022-07-24T09:40:05.762Z INFO  client] Sending sample transaction 251
[2022-07-24T09:40:05.784Z INFO  client] Sending sample transaction 252
[2022-07-24T09:40:05.834Z INFO  client] Sending sample transaction 253
[2022-07-24T09:40:05.882Z INFO  client] Sending sample transaction 254
[2022-07-24T09:40:05.933Z INFO  client] Sending sample transaction 255
[2022-07-24T09:40:05.982Z INFO  client] Sending sample transaction 256
[2022-07-24T09:40:06.047Z INFO  client] Sending sample transaction 257
[2022-07-24T09:40:06.083Z INFO  client] Sending sample transaction 258
[2022-07-24T09:40:06.133Z INFO  client] Sending sample transaction 259
[2022-07-24T09:40:06.183Z INFO  client] Sending sample transaction 260
[2022-07-24T09:40:06.233Z INFO  client] Sending sample transaction 261
[2022-07-24T09:40:06.283Z INFO  client] Sending sample transaction 262
[2022-07-24T09:40:06.332Z INFO  client] Sending sample transaction 263
[2022-07-24T09:40:06.383Z INFO  client] Sending sample transaction 264
[2022-07-24T09:40:06.434Z INFO  client] Sending sample transaction 265
[2022-07-24T09:40:06.483Z INFO  client] Sending sample transaction 266
[2022-07-24T09:40:06.533Z INFO  client] Sending sample transaction 267
[2022-07-24T09:40:06.582Z INFO  client] Sending sample transaction 268
[2022-07-24T09:40:06.634Z INFO  client] Sending sample transaction 269
[2022-07-24T09:40:06.683Z INFO  client] Sending sample transaction 270
[2022-07-24T09:40:06.732Z INFO  client] Sending sample transaction 271
[2022-07-24T09:40:06.783Z INFO  client] Sending sample transaction 272
[2022-07-24T09:40:06.832Z INFO  client] Sending sample transaction 273
[2022-07-24T09:40:06.883Z INFO  client] Sending sample transaction 274
[2022-07-24T09:40:06.933Z INFO  client] Sending sample transaction 275
[2022-07-24T09:40:06.983Z INFO  client] Sending sample transaction 276
[2022-07-24T09:40:07.035Z INFO  client] Sending sample transaction 277
[2022-07-24T09:40:07.091Z INFO  client] Sending sample transaction 278
[2022-07-24T09:40:07.134Z INFO  client] Sending sample transaction 279
[2022-07-24T09:40:07.183Z INFO  client] Sending sample transaction 280
[2022-07-24T09:40:07.232Z INFO  client] Sending sample transaction 281
[2022-07-24T09:40:07.283Z INFO  client] Sending sample transaction 282
[2022-07-24T09:40:07.333Z INFO  client] Sending sample transaction 283
[2022-07-24T09:40:07.383Z INFO  client] Sending sample transaction 284
[2022-07-24T09:40:07.433Z INFO  client] Sending sample transaction 285
[2022-07-24T09:40:07.483Z INFO  client] Sending sample transaction 286
[2022-07-24T09:40:07.533Z INFO  client] Sending sample transaction 287
[2022-07-24T09:40:07.583Z INFO  client] Sending sample transaction 288
[2022-07-24T09:40:07.633Z INFO  client] Sending sample transaction 289
[2022-07-24T09:40:07.682Z INFO  client] Sending sample transaction 290
[2022-07-24T09:40:07.733Z INFO  client] Sending sample transaction 291
[2022-07-24T09:40:07.783Z INFO  client] Sending sample transaction 292
[2022-07-24T09:40:07.833Z INFO  client] Sending sample transaction 293
[2022-07-24T09:40:07.883Z INFO  client] Sending sample transaction 294
[2022-07-24T09:40:07.932Z INFO  client] Sending sample transaction 295
[2022-07-24T09:40:07.983Z INFO  client] Sending sample transaction 296
[2022-07-24T09:40:08.032Z INFO  client] Sending sample transaction 297
[2022-07-24T09:40:08.084Z INFO  client] Sending sample transaction 298
[2022-07-24T09:40:08.132Z INFO  client] Sending sample transaction 299
[2022-07-24T09:40:08.182Z INFO  client] Sending sample transaction 300
[2022-07-24T09:40:08.233Z INFO  client] Sending sample transaction 301
[2022-07-24T09:40:08.282Z INFO  client] Sending sample transaction 302
[2022-07-24T09:40:08.332Z INFO  client] Sending sample transaction 303
[2022-07-24T09:40:08.382Z INFO  client] Sending sample transaction 304
[2022-07-24T09:40:08.433Z INFO  client] Sending sample transaction 305
[2022-07-24T09:40:08.547Z INFO  client] Sending sample transaction 306
[2022-07-24T09:40:08.551Z INFO  client] Sending sample transaction 307
[2022-07-24T09:40:08.582Z INFO  client] Sending sample transaction 308
[2022-07-24T09:40:08.633Z INFO  client] Sending sample transaction 309
[2022-07-24T09:40:08.690Z INFO  client] Sending sample transaction 310
[2022-07-24T09:40:08.733Z INFO  client] Sending sample transaction 311
[2022-07-24T09:40:08.784Z INFO  client] Sending sample transaction 312
[2022-07-24T09:40:08.833Z INFO  client] Sending sample transaction 313
[2022-07-24T09:40:08.883Z INFO  client] Sending sample transaction 314
[2022-07-24T09:40:08.934Z INFO  client] Sending sample transaction 315
[2022-07-24T09:40:08.984Z INFO  client] Sending sample transaction 316
[2022-07-24T09:40:09.034Z INFO  client] Sending sample transaction 317
[2022-07-24T09:40:09.083Z INFO  client] Sending sample transaction 318
[2022-07-24T09:40:09.134Z INFO  client] Sending sample transaction 319
[2022-07-24T09:40:09.198Z INFO  client] Sending sample transaction 320
[2022-07-24T09:40:09.246Z INFO  client] Sending sample transaction 321
[2022-07-24T09:40:09.287Z INFO  client] Sending sample transaction 322
[2022-07-24T09:40:09.333Z INFO  client] Sending sample transaction 323
[2022-07-24T09:40:09.382Z INFO  client] Sending sample transaction 324
[2022-07-24T09:40:09.433Z INFO  client] Sending sample transaction 325
[2022-07-24T09:40:09.482Z INFO  client] Sending sample transaction 326
[2022-07-24T09:40:09.533Z INFO  client] Sending sample transaction 327
[2022-07-24T09:40:09.582Z INFO  client] Sending sample transaction 328
[2022-07-24T09:40:09.632Z INFO  client] Sending sample transaction 329
[2022-07-24T09:40:09.682Z INFO  client] Sending sample transaction 330
[2022-07-24T09:40:09.733Z INFO  client] Sending sample transaction 331
[2022-07-24T09:40:09.782Z INFO  client] Sending sample transaction 332
[2022-07-24T09:40:09.833Z INFO  client] Sending sample transaction 333
[2022-07-24T09:40:09.883Z INFO  client] Sending sample transaction 334
[2022-07-24T09:40:09.932Z INFO  client] Sending sample transaction 335
[2022-07-24T09:40:09.983Z INFO  client] Sending sample transaction 336
[2022-07-24T09:40:10.033Z INFO  client] Sending sample transaction 337
[2022-07-24T09:40:10.083Z INFO  client] Sending sample transaction 338
[2022-07-24T09:40:10.133Z INFO  client] Sending sample transaction 339
[2022-07-24T09:40:10.182Z INFO  client] Sending sample transaction 340
[2022-07-24T09:40:10.234Z INFO  client] Sending sample transaction 341
[2022-07-24T09:40:10.282Z INFO  client] Sending sample transaction 342
[2022-07-24T09:40:10.333Z INFO  client] Sending sample transaction 343
[2022-07-24T09:40:10.383Z INFO  client] Sending sample transaction 344
[2022-07-24T09:40:10.433Z INFO  client] Sending sample transaction 345
[2022-07-24T09:40:10.483Z INFO  client] Sending sample transaction 346
[2022-07-24T09:40:10.533Z INFO  client] Sending sample transaction 347
[2022-07-24T09:40:10.582Z INFO  client] Sending sample transaction 348
[2022-07-24T09:40:10.633Z INFO  client] Sending sample transaction 349
[2022-07-24T09:40:10.682Z INFO  client] Sending sample transaction 350
[2022-07-24T09:40:10.732Z INFO  client] Sending sample transaction 351
[2022-07-24T09:40:10.783Z INFO  client] Sending sample transaction 352
[2022-07-24T09:40:10.832Z INFO  client] Sending sample transaction 353
[2022-07-24T09:40:10.883Z INFO  client] Sending sample transaction 354
[2022-07-24T09:40:10.932Z INFO  client] Sending sample transaction 355
[2022-07-24T09:40:10.983Z INFO  client] Sending sample transaction 356
[2022-07-24T09:40:11.033Z INFO  client] Sending sample transaction 357
[2022-07-24T09:40:11.084Z INFO  client] Sending sample transaction 358
[2022-07-24T09:40:11.133Z INFO  client] Sending sample transaction 359
[2022-07-24T09:40:11.182Z INFO  client] Sending sample transaction 360
[2022-07-24T09:40:11.233Z INFO  client] Sending sample transaction 361
[2022-07-24T09:40:11.283Z INFO  client] Sending sample transaction 362
[2022-07-24T09:40:11.368Z INFO  client] Sending sample transaction 363
[2022-07-24T09:40:11.389Z INFO  client] Sending sample transaction 364
[2022-07-24T09:40:11.439Z INFO  client] Sending sample transaction 365
[2022-07-24T09:40:11.483Z INFO  client] Sending sample transaction 366
[2022-07-24T09:40:11.534Z INFO  client] Sending sample transaction 367
[2022-07-24T09:40:11.583Z INFO  client] Sending sample transaction 368
[2022-07-24T09:40:11.633Z INFO  client] Sending sample transaction 369
[2022-07-24T09:40:11.683Z INFO  client] Sending sample transaction 370
[2022-07-24T09:40:11.733Z INFO  client] Sending sample transaction 371
[2022-07-24T09:40:11.783Z INFO  client] Sending sample transaction 372
[2022-07-24T09:40:11.832Z INFO  client] Sending sample transaction 373
[2022-07-24T09:40:11.883Z INFO  client] Sending sample transaction 374
[2022-07-24T09:40:11.933Z INFO  client] Sending sample transaction 375
[2022-07-24T09:40:11.982Z INFO  client] Sending sample transaction 376
[2022-07-24T09:40:12.033Z INFO  client] Sending sample transaction 377
[2022-07-24T09:40:12.083Z INFO  client] Sending sample transaction 378
[2022-07-24T09:40:12.132Z INFO  client] Sending sample transaction 379
[2022-07-24T09:40:12.182Z INFO  client] Sending sample transaction 380
[2022-07-24T09:40:12.233Z INFO  client] Sending sample transaction 381
[2022-07-24T09:40:12.282Z INFO  client] Sending sample transaction 382
[2022-07-24T09:40:12.333Z INFO  client] Sending sample transaction 383
[2022-07-24T09:40:12.382Z INFO  client] Sending sample transaction 384
[2022-07-24T09:40:12.433Z INFO  client] Sending sample transaction 385
[2022-07-24T09:40:12.483Z INFO  client] Sending sample transaction 386
[2022-07-24T09:40:12.533Z INFO  client] Sending sample transaction 387
[2022-07-24T09:40:12.582Z INFO  client] Sending sample transaction 388
[2022-07-24T09:40:12.634Z INFO  client] Sending sample transaction 389
[2022-07-24T09:40:12.683Z INFO  client] Sending sample transaction 390
[2022-07-24T09:40:12.733Z INFO  client] Sending sample transaction 391
[2022-07-24T09:40:12.782Z INFO  client] Sending sample transaction 392
[2022-07-24T09:40:12.832Z INFO  client] Sending sample transaction 393
[2022-07-24T09:40:12.882Z INFO  client] Sending sample transaction 394
[2022-07-24T09:40:12.933Z INFO  client] Sending sample transaction 395
[2022-07-24T09:40:12.983Z INFO  client] Sending sample transaction 396
[2022-07-24T09:40:13.032Z INFO  client] Sending sample transaction 397
[2022-07-24T09:40:13.082Z INFO  client] Sending sample transaction 398
[2022-07-24T09:40:13.132Z INFO  client] Sending sample transaction 399
[2022-07-24T09:40:13.182Z INFO  client] Sending sample transaction 400
[2022-07-24T09:40:13.233Z INFO  client] Sending sample transaction 401
[2022-07-24T09:40:13.282Z INFO  client] Sending sample transaction 402
[2022-07-24T09:40:13.335Z INFO  client] Sending sample transaction 403
[2022-07-24T09:40:13.382Z INFO  client] Sending sample transaction 404
[2022-07-24T09:40:13.432Z INFO  client] Sending sample transaction 405
[2022-07-24T09:40:13.489Z INFO  client] Sending sample transaction 406
[2022-07-24T09:40:13.533Z INFO  client] Sending sample transaction 407
[2022-07-24T09:40:13.582Z INFO  client] Sending sample transaction 408
[2022-07-24T09:40:13.650Z INFO  client] Sending sample transaction 409
[2022-07-24T09:40:13.683Z INFO  client] Sending sample transaction 410
[2022-07-24T09:40:13.732Z INFO  client] Sending sample transaction 411
[2022-07-24T09:40:13.786Z INFO  client] Sending sample transaction 412
[2022-07-24T09:40:13.834Z INFO  client] Sending sample transaction 413
[2022-07-24T09:40:13.883Z INFO  client] Sending sample transaction 414
[2022-07-24T09:40:13.933Z INFO  client] Sending sample transaction 415
[2022-07-24T09:40:13.983Z INFO  client] Sending sample transaction 416
[2022-07-24T09:40:14.032Z INFO  client] Sending sample transaction 417
[2022-07-24T09:40:14.082Z INFO  client] Sending sample transaction 418
[2022-07-24T09:40:14.133Z INFO  client] Sending sample transaction 419
[2022-07-24T09:40:14.183Z INFO  client] Sending sample transaction 420
[2022-07-24T09:40:14.232Z INFO  client] Sending sample transaction 421
[2022-07-24T09:40:14.283Z INFO  client] Sending sample transaction 422
[2022-07-24T09:40:14.332Z INFO  client] Sending sample transaction 423
[2022-07-24T09:40:14.384Z INFO  client] Sending sample transaction 424
[2022-07-24T09:40:14.432Z INFO  client] Sending sample transaction 425
[2022-07-24T09:40:14.495Z INFO  client] Sending sample transaction 426
[2022-07-24T09:40:14.533Z INFO  client] Sending sample transaction 427
[2022-07-24T09:40:14.583Z INFO  client] Sending sample transaction 428
[2022-07-24T09:40:14.632Z INFO  client] Sending sample transaction 429
[2022-07-24T09:40:14.682Z INFO  client] Sending sample transaction 430
[2022-07-24T09:40:14.733Z INFO  client] Sending sample transaction 431
[2022-07-24T09:40:14.783Z INFO  client] Sending sample transaction 432
[2022-07-24T09:40:14.833Z INFO  client] Sending sample transaction 433
[2022-07-24T09:40:14.883Z INFO  client] Sending sample transaction 434
[2022-07-24T09:40:14.933Z INFO  client] Sending sample transaction 435
[2022-07-24T09:40:14.983Z INFO  client] Sending sample transaction 436
[2022-07-24T09:40:15.035Z INFO  client] Sending sample transaction 437
[2022-07-24T09:40:15.083Z INFO  client] Sending sample transaction 438
[2022-07-24T09:40:15.133Z INFO  client] Sending sample transaction 439
[2022-07-24T09:40:15.182Z INFO  client] Sending sample transaction 440
[2022-07-24T09:40:15.232Z INFO  client] Sending sample transaction 441
[2022-07-24T09:40:15.282Z INFO  client] Sending sample transaction 442
[2022-07-24T09:40:15.333Z INFO  client] Sending sample transaction 443
[2022-07-24T09:40:15.384Z INFO  client] Sending sample transaction 444
[2022-07-24T09:40:15.433Z INFO  client] Sending sample transaction 445
[2022-07-24T09:40:15.482Z INFO  client] Sending sample transaction 446
[2022-07-24T09:40:15.550Z INFO  client] Sending sample transaction 447
[2022-07-24T09:40:15.615Z INFO  client] Sending sample transaction 448
[2022-07-24T09:40:15.650Z INFO  client] Sending sample transaction 449
[2022-07-24T09:40:15.684Z INFO  client] Sending sample transaction 450
[2022-07-24T09:40:15.739Z INFO  client] Sending sample transaction 451
[2022-07-24T09:40:15.798Z INFO  client] Sending sample transaction 452
[2022-07-24T09:40:15.835Z INFO  client] Sending sample transaction 453
[2022-07-24T09:40:15.885Z INFO  client] Sending sample transaction 454
[2022-07-24T09:40:15.935Z INFO  client] Sending sample transaction 455
[2022-07-24T09:40:15.983Z INFO  client] Sending sample transaction 456
[2022-07-24T09:40:16.040Z INFO  client] Sending sample transaction 457
[2022-07-24T09:40:16.083Z INFO  client] Sending sample transaction 458
[2022-07-24T09:40:16.145Z INFO  client] Sending sample transaction 459
[2022-07-24T09:40:16.183Z INFO  client] Sending sample transaction 460
[2022-07-24T09:40:16.240Z INFO  client] Sending sample transaction 461
[2022-07-24T09:40:16.285Z INFO  client] Sending sample transaction 462
