[2022-07-24T09:52:50.766Z INFO  client] Node address: 127.0.0.1:9014
[2022-07-24T09:52:50.766Z INFO  client] Transactions size: 512 B
[2022-07-24T09:52:50.766Z INFO  client] Transactions rate: 112 tx/s
[2022-07-24T09:52:50.766Z INFO  client] Waiting for all nodes to be online...
[2022-07-24T09:52:50.766Z INFO  client] Waiting for all nodes to be synchronized...
[2022-07-24T09:52:52.771Z INFO  client] Start sending transactions
[2022-07-24T09:52:52.772Z INFO  client] Sending sample transaction 0
[2022-07-24T09:52:52.823Z INFO  client] Sending sample transaction 1
[2022-07-24T09:52:52.873Z INFO  client] Sending sample transaction 2
[2022-07-24T09:52:52.924Z INFO  client] Sending sample transaction 3
[2022-07-24T09:52:52.974Z INFO  client] Sending sample transaction 4
[2022-07-24T09:52:53.023Z INFO  client] Sending sample transaction 5
[2022-07-24T09:52:53.075Z INFO  client] Sending sample transaction 6
[2022-07-24T09:52:53.124Z INFO  client] Sending sample transaction 7
[2022-07-24T09:52:53.173Z INFO  client] Sending sample transaction 8
[2022-07-24T09:52:53.224Z INFO  client] Sending sample transaction 9
[2022-07-24T09:52:53.273Z INFO  client] Sending sample transaction 10
[2022-07-24T09:52:53.326Z INFO  client] Sending sample transaction 11
[2022-07-24T09:52:53.373Z INFO  client] Sending sample transaction 12
[2022-07-24T09:52:53.425Z INFO  client] Sending sample transaction 13
[2022-07-24T09:52:53.476Z INFO  client] Sending sample transaction 14
[2022-07-24T09:52:53.523Z INFO  client] Sending sample transaction 15
[2022-07-24T09:52:53.589Z INFO  client] Sending sample transaction 16
[2022-07-24T09:52:53.684Z INFO  client] Sending sample transaction 17
[2022-07-24T09:52:53.747Z INFO  client] Sending sample transaction 18
[2022-07-24T09:52:53.832Z INFO  client] Sending sample transaction 19
[2022-07-24T09:52:53.833Z WARN  client] Transaction rate too high for this client
[2022-07-24T09:52:53.833Z INFO  client] Sending sample transaction 20
[2022-07-24T09:52:53.870Z INFO  client] Sending sample transaction 21
[2022-07-24T09:52:53.930Z INFO  client] Sending sample transaction 22
[2022-07-24T09:52:53.994Z INFO  client] Sending sample transaction 23
[2022-07-24T09:52:53.996Z INFO  client] Sending sample transaction 24
[2022-07-24T09:52:54.036Z INFO  client] Sending sample transaction 25
[2022-07-24T09:52:54.080Z INFO  client] Sending sample transaction 26
[2022-07-24T09:52:54.123Z INFO  client] Sending sample transaction 27
[2022-07-24T09:52:54.175Z INFO  client] Sending sample transaction 28
[2022-07-24T09:52:54.224Z INFO  client] Sending sample transaction 29
[2022-07-24T09:52:54.273Z INFO  client] Sending sample transaction 30
[2022-07-24T09:52:54.323Z INFO  client] Sending sample transaction 31
[2022-07-24T09:52:54.374Z INFO  client] Sending sample transaction 32
[2022-07-24T09:52:54.424Z INFO  client] Sending sample transaction 33
[2022-07-24T09:52:54.476Z INFO  client] Sending sample transaction 34
[2022-07-24T09:52:54.523Z INFO  client] Sending sample transaction 35
[2022-07-24T09:52:54.573Z INFO  client] Sending sample transaction 36
[2022-07-24T09:52:54.625Z INFO  client] Sending sample transaction 37
[2022-07-24T09:52:54.673Z INFO  client] Sending sample transaction 38
[2022-07-24T09:52:54.723Z INFO  client] Sending sample transaction 39
[2022-07-24T09:52:54.773Z INFO  client] Sending sample transaction 40
[2022-07-24T09:52:54.823Z INFO  client] Sending sample transaction 41
[2022-07-24T09:52:54.873Z INFO  client] Sending sample transaction 42
[2022-07-24T09:52:54.924Z INFO  client] Sending sample transaction 43
[2022-07-24T09:52:54.973Z INFO  client] Sending sample transaction 44
[2022-07-24T09:52:55.036Z INFO  client] Sending sample transaction 45
[2022-07-24T09:52:55.081Z INFO  client] Sending sample transaction 46
[2022-07-24T09:52:55.126Z INFO  client] Sending sample transaction 47
[2022-07-24T09:52:55.177Z INFO  client] Sending sample transaction 48
[2022-07-24T09:52:55.224Z INFO  client] Sending sample transaction 49
[2022-07-24T09:52:55.278Z INFO  client] Sending sample transaction 50
[2022-07-24T09:52:55.325Z INFO  client] Sending sample transaction 51
[2022-07-24T09:52:55.375Z INFO  client] Sending sample transaction 52
[2022-07-24T09:52:55.424Z INFO  client] Sending sample transaction 53
[2022-07-24T09:52:55.473Z INFO  client] Sending sample transaction 54
[2022-07-24T09:52:55.523Z INFO  client] Sending sample transaction 55
[2022-07-24T09:52:55.573Z INFO  client] Sending sample transaction 56
[2022-07-24T09:52:55.623Z INFO  client] Sending sample transaction 57
[2022-07-24T09:52:55.672Z INFO  client] Sending sample transaction 58
[2022-07-24T09:52:55.722Z INFO  client] Sending sample transaction 59
[2022-07-24T09:52:55.772Z INFO  client] Sending sample transaction 60
[2022-07-24T09:52:55.823Z INFO  client] Sending sample transaction 61
[2022-07-24T09:52:55.875Z INFO  client] Sending sample transaction 62
[2022-07-24T09:52:55.923Z INFO  client] Sending sample transaction 63
[2022-07-24T09:52:55.973Z INFO  client] Sending sample transaction 64
[2022-07-24T09:52:56.022Z INFO  client] Sending sample transaction 65
[2022-07-24T09:52:56.080Z INFO  client] Sending sample transaction 66
[2022-07-24T09:52:56.123Z INFO  client] Sending sample transaction 67
[2022-07-24T09:52:56.173Z INFO  client] Sending sample transaction 68
[2022-07-24T09:52:56.223Z INFO  client] Sending sample transaction 69
[2022-07-24T09:52:56.273Z INFO  client] Sending sample transaction 70
[2022-07-24T09:52:56.322Z INFO  client] Sending sample transaction 71
[2022-07-24T09:52:56.372Z INFO  client] Sending sample transaction 72
[2022-07-24T09:52:56.422Z INFO  client] Sending sample transaction 73
[2022-07-24T09:52:56.472Z INFO  client] Sending sample transaction 74
[2022-07-24T09:52:56.523Z INFO  client] Sending sample transaction 75
[2022-07-24T09:52:56.573Z INFO  client] Sending sample transaction 76
[2022-07-24T09:52:56.623Z INFO  client] Sending sample transaction 77
[2022-07-24T09:52:56.672Z INFO  client] Sending sample transaction 78
[2022-07-24T09:52:56.723Z INFO  client] Sending sample transaction 79
[2022-07-24T09:52:56.772Z INFO  client] Sending sample transaction 80
[2022-07-24T09:52:56.823Z INFO  client] Sending sample transaction 81
[2022-07-24T09:52:56.873Z INFO  client] Sending sample transaction 82
[2022-07-24T09:52:56.970Z INFO  client] Sending sample transaction 83
[2022-07-24T09:52:56.975Z INFO  client] Sending sample transaction 84
[2022-07-24T09:52:57.022Z INFO  client] Sending sample transaction 85
[2022-07-24T09:52:57.072Z INFO  client] Sending sample transaction 86
[2022-07-24T09:52:57.123Z INFO  client] Sending sample transaction 87
[2022-07-24T09:52:57.173Z INFO  client] Sending sample transaction 88
[2022-07-24T09:52:57.222Z INFO  client] Sending sample transaction 89
[2022-07-24T09:52:57.273Z INFO  client] Sending sample transaction 90
[2022-07-24T09:52:57.322Z INFO  client] Sending sample transaction 91
[2022-07-24T09:52:57.372Z INFO  client] Sending sample transaction 92
[2022-07-24T09:52:57.422Z INFO  client] Sending sample transaction 93
[2022-07-24T09:52:57.472Z INFO  client] Sending sample transaction 94
[2022-07-24T09:52:57.522Z INFO  client] Sending sample transaction 95
[2022-07-24T09:52:57.572Z INFO  client] Sending sample transaction 96
[2022-07-24T09:52:57.623Z INFO  client] Sending sample transaction 97
[2022-07-24T09:52:57.672Z INFO  client] Sending sample transaction 98
[2022-07-24T09:52:57.722Z INFO  client] Sending sample transaction 99
[2022-07-24T09:52:57.773Z INFO  client] Sending sample transaction 100
[2022-07-24T09:52:57.823Z INFO  client] Sending sample transaction 101
[2022-07-24T09:52:57.873Z INFO  client] Sending sample transaction 102
[2022-07-24T09:52:57.923Z INFO  client] Sending sample transaction 103
[2022-07-24T09:52:57.973Z INFO  client] Sending sample transaction 104
[2022-07-24T09:52:58.026Z INFO  client] Sending sample transaction 105
[2022-07-24T09:52:58.072Z INFO  client] Sending sample transaction 106
[2022-07-24T09:52:58.123Z INFO  client] Sending sample transaction 107
[2022-07-24T09:52:58.193Z INFO  client] Sending sample transaction 108
[2022-07-24T09:52:58.224Z INFO  client] Sending sample transaction 109
[2022-07-24T09:52:58.273Z INFO  client] Sending sample transaction 110
[2022-07-24T09:52:58.324Z INFO  client] Sending sample transaction 111
[2022-07-24T09:52:58.373Z INFO  client] Sending sample transaction 112
[2022-07-24T09:52:58.423Z INFO  client] Sending sample transaction 113
[2022-07-24T09:52:58.473Z INFO  client] Sending sample transaction 114
[2022-07-24T09:52:58.522Z INFO  client] Sending sample transaction 115
[2022-07-24T09:52:58.572Z INFO  client] Sending sample transaction 116
[2022-07-24T09:52:58.622Z INFO  client] Sending sample transaction 117
[2022-07-24T09:52:58.673Z INFO  client] Sending sample transaction 118
[2022-07-24T09:52:58.722Z INFO  client] Sending sample transaction 119
[2022-07-24T09:52:58.772Z INFO  client] Sending sample transaction 120
[2022-07-24T09:52:58.822Z INFO  client] Sending sample transaction 121
[2022-07-24T09:52:58.872Z INFO  client] Sending sample transaction 122
[2022-07-24T09:52:58.922Z INFO  client] Sending sample transaction 123
[2022-07-24T09:52:58.973Z INFO  client] Sending sample transaction 124
[2022-07-24T09:52:59.022Z INFO  client] Sending sample transaction 125
[2022-07-24T09:52:59.072Z INFO  client] Sending sample transaction 126
[2022-07-24T09:52:59.122Z INFO  client] Sending sample transaction 127
[2022-07-24T09:52:59.173Z INFO  client] Sending sample transaction 128
[2022-07-24T09:52:59.224Z INFO  client] Sending sample transaction 129
[2022-07-24T09:52:59.288Z INFO  client] Sending sample transaction 130
[2022-07-24T09:52:59.322Z INFO  client] Sending sample transaction 131
[2022-07-24T09:52:59.374Z INFO  client] Sending sample transaction 132
[2022-07-24T09:52:59.423Z INFO  client] Sending sample transaction 133
[2022-07-24T09:52:59.473Z INFO  client] Sending sample transaction 134
[2022-07-24T09:52:59.522Z INFO  client] Sending sample transaction 135
[2022-07-24T09:52:59.573Z INFO  client] Sending sample transaction 136
[2022-07-24T09:52:59.622Z INFO  client] Sending sample transaction 137
[2022-07-24T09:52:59.672Z INFO  client] Sending sample transaction 138
[2022-07-24T09:52:59.723Z INFO  client] Sending sample transaction 139
[2022-07-24T09:52:59.772Z INFO  client] Sending sample transaction 140
[2022-07-24T09:52:59.822Z INFO  client] Sending sample transaction 141
[2022-07-24T09:52:59.873Z INFO  client] Sending sample transaction 142
[2022-07-24T09:52:59.923Z INFO  client] Sending sample transaction 143
[2022-07-24T09:52:59.972Z INFO  client] Sending sample transaction 144
[2022-07-24T09:53:00.023Z INFO  client] Sending sample transaction 145
[2022-07-24T09:53:00.072Z INFO  client] Sending sample transaction 146
[2022-07-24T09:53:00.133Z INFO  client] Sending sample transaction 147
[2022-07-24T09:53:00.172Z INFO  client] Sending sample transaction 148
[2022-07-24T09:53:00.223Z INFO  client] Sending sample transaction 149
[2022-07-24T09:53:00.272Z INFO  client] Sending sample transaction 150
[2022-07-24T09:53:00.324Z INFO  client] Sending sample transaction 151
[2022-07-24T09:53:00.372Z INFO  client] Sending sample transaction 152
[2022-07-24T09:53:00.423Z INFO  client] Sending sample transaction 153
[2022-07-24T09:53:00.473Z INFO  client] Sending sample transaction 154
[2022-07-24T09:53:00.522Z INFO  client] Sending sample transaction 155
[2022-07-24T09:53:00.572Z INFO  client] Sending sample transaction 156
[2022-07-24T09:53:00.623Z INFO  client] Sending sample transaction 157
[2022-07-24T09:53:00.672Z INFO  client] Sending sample transaction 158
[2022-07-24T09:53:00.723Z INFO  client] Sending sample transaction 159
[2022-07-24T09:53:00.773Z INFO  client] Sending sample transaction 160
[2022-07-24T09:53:00.823Z INFO  client] Sending sample transaction 161
[2022-07-24T09:53:00.872Z INFO  client] Sending sample transaction 162
[2022-07-24T09:53:00.922Z INFO  client] Sending sample transaction 163
[2022-07-24T09:53:00.973Z INFO  client] Sending sample transaction 164
[2022-07-24T09:53:01.023Z INFO  client] Sending sample transaction 165
[2022-07-24T09:53:01.073Z INFO  client] Sending sample transaction 166
[2022-07-24T09:53:01.122Z INFO  client] Sending sample transaction 167
[2022-07-24T09:53:01.173Z INFO  client] Sending sample transaction 168
[2022-07-24T09:53:01.223Z INFO  client] Sending sample transaction 169
[2022-07-24T09:53:01.273Z INFO  client] Sending sample transaction 170
[2022-07-24T09:53:01.323Z INFO  client] Sending sample transaction 171
[2022-07-24T09:53:01.373Z INFO  client] Sending sample transaction 172
[2022-07-24T09:53:01.422Z INFO  client] Sending sample transaction 173
[2022-07-24T09:53:01.472Z INFO  client] Sending sample transaction 174
[2022-07-24T09:53:01.523Z INFO  client] Sending sample transaction 175
[2022-07-24T09:53:01.572Z INFO  client] Sending sample transaction 176
[2022-07-24T09:53:01.622Z INFO  client] Sending sample transaction 177
[2022-07-24T09:53:01.672Z INFO  client] Sending sample transaction 178
[2022-07-24T09:53:01.722Z INFO  client] Sending sample transaction 179
[2022-07-24T09:53:01.772Z INFO  client] Sending sample transaction 180
[2022-07-24T09:53:01.822Z INFO  client] Sending sample transaction 181
[2022-07-24T09:53:01.873Z INFO  client] Sending sample transaction 182
[2022-07-24T09:53:01.923Z INFO  client] Sending sample transaction 183
[2022-07-24T09:53:01.974Z INFO  client] Sending sample transaction 184
[2022-07-24T09:53:02.023Z INFO  client] Sending sample transaction 185
[2022-07-24T09:53:02.076Z INFO  client] Sending sample transaction 186
[2022-07-24T09:53:02.122Z INFO  client] Sending sample transaction 187
[2022-07-24T09:53:02.173Z INFO  client] Sending sample transaction 188
[2022-07-24T09:53:02.223Z INFO  client] Sending sample transaction 189
[2022-07-24T09:53:02.272Z INFO  client] Sending sample transaction 190
[2022-07-24T09:53:02.330Z INFO  client] Sending sample transaction 191
[2022-07-24T09:53:02.378Z INFO  client] Sending sample transaction 192
[2022-07-24T09:53:02.423Z INFO  client] Sending sample transaction 193
[2022-07-24T09:53:02.476Z INFO  client] Sending sample transaction 194
[2022-07-24T09:53:02.523Z INFO  client] Sending sample transaction 195
[2022-07-24T09:53:02.572Z INFO  client] Sending sample transaction 196
[2022-07-24T09:53:02.625Z INFO  client] Sending sample transaction 197
[2022-07-24T09:53:02.672Z INFO  client] Sending sample transaction 198
[2022-07-24T09:53:02.722Z INFO  client] Sending sample transaction 199
[2022-07-24T09:53:02.772Z INFO  client] Sending sample transaction 200
[2022-07-24T09:53:02.823Z INFO  client] Sending sample transaction 201
[2022-07-24T09:53:02.873Z INFO  client] Sending sample transaction 202
[2022-07-24T09:53:02.922Z INFO  client] Sending sample transaction 203
[2022-07-24T09:53:02.972Z INFO  client] Sending sample transaction 204
[2022-07-24T09:53:03.022Z INFO  client] Sending sample transaction 205
[2022-07-24T09:53:03.072Z INFO  client] Sending sample transaction 206
[2022-07-24T09:53:03.123Z INFO  client] Sending sample transaction 207
[2022-07-24T09:53:03.172Z INFO  client] Sending sample transaction 208
[2022-07-24T09:53:03.223Z INFO  client] Sending sample transaction 209
[2022-07-24T09:53:03.273Z INFO  client] Sending sample transaction 210
[2022-07-24T09:53:03.323Z INFO  client] Sending sample transaction 211
[2022-07-24T09:53:03.373Z INFO  client] Sending sample transaction 212
[2022-07-24T09:53:03.422Z INFO  client] Sending sample transaction 213
[2022-07-24T09:53:03.473Z INFO  client] Sending sample transaction 214
[2022-07-24T09:53:03.522Z INFO  client] Sending sample transaction 215
[2022-07-24T09:53:03.572Z INFO  client] Sending sample transaction 216
[2022-07-24T09:53:03.623Z INFO  client] Sending sample transaction 217
[2022-07-24T09:53:03.673Z INFO  client] Sending sample transaction 218
[2022-07-24T09:53:03.722Z INFO  client] Sending sample transaction 219
[2022-07-24T09:53:03.788Z INFO  client] Sending sample transaction 220
[2022-07-24T09:53:03.823Z INFO  client] Sending sample transaction 221
[2022-07-24T09:53:03.872Z INFO  client] Sending sample transaction 222
[2022-07-24T09:53:03.923Z INFO  client] Sending sample transaction 223
[2022-07-24T09:53:03.972Z INFO  client] Sending sample transaction 224
[2022-07-24T09:53:04.023Z INFO  client] Sending sample transaction 225
[2022-07-24T09:53:04.073Z INFO  client] Sending sample transaction 226
[2022-07-24T09:53:04.123Z INFO  client] Sending sample transaction 227
[2022-07-24T09:53:04.172Z INFO  client] Sending sample transaction 228
[2022-07-24T09:53:04.223Z INFO  client] Sending sample transaction 229
[2022-07-24T09:53:04.273Z INFO  client] Sending sample transaction 230
[2022-07-24T09:53:04.323Z INFO  client] Sending sample transaction 231
[2022-07-24T09:53:04.373Z INFO  client] Sending sample transaction 232
[2022-07-24T09:53:04.441Z INFO  client] Sending sample transaction 233
[2022-07-24T09:53:04.476Z INFO  client] Sending sample transaction 234
[2022-07-24T09:53:04.522Z INFO  client] Sending sample transaction 235
[2022-07-24T09:53:04.575Z INFO  client] Sending sample transaction 236
[2022-07-24T09:53:04.623Z INFO  client] Sending sample transaction 237
[2022-07-24T09:53:04.673Z INFO  client] Sending sample transaction 238
[2022-07-24T09:53:04.723Z INFO  client] Sending sample transaction 239
[2022-07-24T09:53:04.773Z INFO  client] Sending sample transaction 240
[2022-07-24T09:53:04.822Z INFO  client] Sending sample transaction 241
[2022-07-24T09:53:04.873Z INFO  client] Sending sample transaction 242
[2022-07-24T09:53:04.926Z INFO  client] Sending sample transaction 243
[2022-07-24T09:53:04.973Z INFO  client] Sending sample transaction 244
[2022-07-24T09:53:05.022Z INFO  client] Sending sample transaction 245
[2022-07-24T09:53:05.073Z INFO  client] Sending sample transaction 246
[2022-07-24T09:53:05.122Z INFO  client] Sending sample transaction 247
[2022-07-24T09:53:05.173Z INFO  client] Sending sample transaction 248
[2022-07-24T09:53:05.222Z INFO  client] Sending sample transaction 249
[2022-07-24T09:53:05.273Z INFO  client] Sending sample transaction 250
[2022-07-24T09:53:05.322Z INFO  client] Sending sample transaction 251
[2022-07-24T09:53:05.373Z INFO  client] Sending sample transaction 252
[2022-07-24T09:53:05.423Z INFO  client] Sending sample transaction 253
[2022-07-24T09:53:05.473Z INFO  client] Sending sample transaction 254
[2022-07-24T09:53:05.523Z INFO  client] Sending sample transaction 255
[2022-07-24T09:53:05.572Z INFO  client] Sending sample transaction 256
[2022-07-24T09:53:05.623Z INFO  client] Sending sample transaction 257
[2022-07-24T09:53:05.672Z INFO  client] Sending sample transaction 258
[2022-07-24T09:53:05.724Z INFO  client] Sending sample transaction 259
[2022-07-24T09:53:05.772Z INFO  client] Sending sample transaction 260
[2022-07-24T09:53:05.823Z INFO  client] Sending sample transaction 261
[2022-07-24T09:53:05.872Z INFO  client] Sending sample transaction 262
[2022-07-24T09:53:05.923Z INFO  client] Sending sample transaction 263
[2022-07-24T09:53:05.980Z INFO  client] Sending sample transaction 264
[2022-07-24T09:53:06.024Z INFO  client] Sending sample transaction 265
[2022-07-24T09:53:06.072Z INFO  client] Sending sample transaction 266
[2022-07-24T09:53:06.123Z INFO  client] Sending sample transaction 267
[2022-07-24T09:53:06.173Z INFO  client] Sending sample transaction 268
[2022-07-24T09:53:06.224Z INFO  client] Sending sample transaction 269
[2022-07-24T09:53:06.273Z INFO  client] Sending sample transaction 270
[2022-07-24T09:53:06.323Z INFO  client] Sending sample transaction 271
[2022-07-24T09:53:06.373Z INFO  client] Sending sample transaction 272
[2022-07-24T09:53:06.422Z INFO  client] Sending sample transaction 273
[2022-07-24T09:53:06.473Z INFO  client] Sending sample transaction 274
[2022-07-24T09:53:06.525Z INFO  client] Sending sample transaction 275
[2022-07-24T09:53:06.572Z INFO  client] Sending sample transaction 276
[2022-07-24T09:53:06.623Z INFO  client] Sending sample transaction 277
[2022-07-24T09:53:06.672Z INFO  client] Sending sample transaction 278
[2022-07-24T09:53:06.722Z INFO  client] Sending sample transaction 279
[2022-07-24T09:53:06.773Z INFO  client] Sending sample transaction 280
[2022-07-24T09:53:06.822Z INFO  client] Sending sample transaction 281
[2022-07-24T09:53:06.873Z INFO  client] Sending sample transaction 282
[2022-07-24T09:53:06.925Z INFO  client] Sending sample transaction 283
[2022-07-24T09:53:06.972Z INFO  client] Sending sample transaction 284
[2022-07-24T09:53:07.024Z INFO  client] Sending sample transaction 285
[2022-07-24T09:53:07.072Z INFO  client] Sending sample transaction 286
[2022-07-24T09:53:07.122Z INFO  client] Sending sample transaction 287
[2022-07-24T09:53:07.173Z INFO  client] Sending sample transaction 288
[2022-07-24T09:53:07.222Z INFO  client] Sending sample transaction 289
[2022-07-24T09:53:07.273Z INFO  client] Sending sample transaction 290
[2022-07-24T09:53:07.330Z INFO  client] Sending sample transaction 291
[2022-07-24T09:53:07.373Z INFO  client] Sending sample transaction 292
[2022-07-24T09:53:07.422Z INFO  client] Sending sample transaction 293
[2022-07-24T09:53:07.472Z INFO  client] Sending sample transaction 294
[2022-07-24T09:53:07.522Z INFO  client] Sending sample transaction 295
[2022-07-24T09:53:07.573Z INFO  client] Sending sample transaction 296
[2022-07-24T09:53:07.623Z INFO  client] Sending sample transaction 297
[2022-07-24T09:53:07.672Z INFO  client] Sending sample transaction 298
[2022-07-24T09:53:07.723Z INFO  client] Sending sample transaction 299
[2022-07-24T09:53:07.773Z INFO  client] Sending sample transaction 300
[2022-07-24T09:53:07.823Z INFO  client] Sending sample transaction 301
[2022-07-24T09:53:07.873Z INFO  client] Sending sample transaction 302
[2022-07-24T09:53:07.922Z INFO  client] Sending sample transaction 303
[2022-07-24T09:53:07.972Z INFO  client] Sending sample transaction 304
[2022-07-24T09:53:08.022Z INFO  client] Sending sample transaction 305
[2022-07-24T09:53:08.072Z INFO  client] Sending sample transaction 306
[2022-07-24T09:53:08.123Z INFO  client] Sending sample transaction 307
[2022-07-24T09:53:08.172Z INFO  client] Sending sample transaction 308
[2022-07-24T09:53:08.222Z INFO  client] Sending sample transaction 309
[2022-07-24T09:53:08.272Z INFO  client] Sending sample transaction 310
[2022-07-24T09:53:08.322Z INFO  client] Sending sample transaction 311
[2022-07-24T09:53:08.372Z INFO  client] Sending sample transaction 312
[2022-07-24T09:53:08.423Z INFO  client] Sending sample transaction 313
[2022-07-24T09:53:08.473Z INFO  client] Sending sample transaction 314
[2022-07-24T09:53:08.522Z INFO  client] Sending sample transaction 315
[2022-07-24T09:53:08.573Z INFO  client] Sending sample transaction 316
[2022-07-24T09:53:08.627Z INFO  client] Sending sample transaction 317
[2022-07-24T09:53:08.673Z INFO  client] Sending sample transaction 318
[2022-07-24T09:53:08.723Z INFO  client] Sending sample transaction 319
[2022-07-24T09:53:08.773Z INFO  client] Sending sample transaction 320
[2022-07-24T09:53:08.823Z INFO  client] Sending sample transaction 321
[2022-07-24T09:53:08.873Z INFO  client] Sending sample transaction 322
[2022-07-24T09:53:08.923Z INFO  client] Sending sample transaction 323
[2022-07-24T09:53:08.972Z INFO  client] Sending sample transaction 324
[2022-07-24T09:53:09.023Z INFO  client] Sending sample transaction 325
[2022-07-24T09:53:09.074Z INFO  client] Sending sample transaction 326
[2022-07-24T09:53:09.123Z INFO  client] Sending sample transaction 327
[2022-07-24T09:53:09.173Z INFO  client] Sending sample transaction 328
[2022-07-24T09:53:09.222Z INFO  client] Sending sample transaction 329
[2022-07-24T09:53:09.272Z INFO  client] Sending sample transaction 330
[2022-07-24T09:53:09.322Z INFO  client] Sending sample transaction 331
[2022-07-24T09:53:09.372Z INFO  client] Sending sample transaction 332
[2022-07-24T09:53:09.422Z INFO  client] Sending sample transaction 333
[2022-07-24T09:53:09.472Z INFO  client] Sending sample transaction 334
[2022-07-24T09:53:09.522Z INFO  client] Sending sample transaction 335
[2022-07-24T09:53:09.573Z INFO  client] Sending sample transaction 336
[2022-07-24T09:53:09.622Z INFO  client] Sending sample transaction 337
[2022-07-24T09:53:09.674Z INFO  client] Sending sample transaction 338
[2022-07-24T09:53:09.772Z INFO  client] Sending sample transaction 339
[2022-07-24T09:53:09.773Z INFO  client] Sending sample transaction 340
[2022-07-24T09:53:09.825Z INFO  client] Sending sample transaction 341
[2022-07-24T09:53:09.872Z INFO  client] Sending sample transaction 342
[2022-07-24T09:53:09.922Z INFO  client] Sending sample transaction 343
[2022-07-24T09:53:09.972Z INFO  client] Sending sample transaction 344
[2022-07-24T09:53:10.022Z INFO  client] Sending sample transaction 345
[2022-07-24T09:53:10.073Z INFO  client] Sending sample transaction 346
[2022-07-24T09:53:10.127Z INFO  client] Sending sample transaction 347
[2022-07-24T09:53:10.173Z INFO  client] Sending sample transaction 348
[2022-07-24T09:53:10.222Z INFO  client] Sending sample transaction 349
[2022-07-24T09:53:10.272Z INFO  client] Sending sample transaction 350
[2022-07-24T09:53:10.323Z INFO  client] Sending sample transaction 351
[2022-07-24T09:53:10.373Z INFO  client] Sending sample transaction 352
[2022-07-24T09:53:10.424Z INFO  client] Sending sample transaction 353
[2022-07-24T09:53:10.473Z INFO  client] Sending sample transaction 354
[2022-07-24T09:53:10.522Z INFO  client] Sending sample transaction 355
[2022-07-24T09:53:10.574Z INFO  client] Sending sample transaction 356
[2022-07-24T09:53:10.622Z INFO  client] Sending sample transaction 357
[2022-07-24T09:53:10.673Z INFO  client] Sending sample transaction 358
[2022-07-24T09:53:10.725Z INFO  client] Sending sample transaction 359
[2022-07-24T09:53:10.772Z INFO  client] Sending sample transaction 360
[2022-07-24T09:53:10.822Z INFO  client] Sending sample transaction 361
[2022-07-24T09:53:10.872Z INFO  client] Sending sample transaction 362
[2022-07-24T09:53:10.924Z INFO  client] Sending sample transaction 363
[2022-07-24T09:53:10.973Z INFO  client] Sending sample transaction 364
[2022-07-24T09:53:11.022Z INFO  client] Sending sample transaction 365
[2022-07-24T09:53:11.072Z INFO  client] Sending sample transaction 366
[2022-07-24T09:53:11.123Z INFO  client] Sending sample transaction 367
[2022-07-24T09:53:11.174Z INFO  client] Sending sample transaction 368
[2022-07-24T09:53:11.223Z INFO  client] Sending sample transaction 369
[2022-07-24T09:53:11.272Z INFO  client] Sending sample transaction 370
[2022-07-24T09:53:11.322Z INFO  client] Sending sample transaction 371
[2022-07-24T09:53:11.372Z INFO  client] Sending sample transaction 372
[2022-07-24T09:53:11.423Z INFO  client] Sending sample transaction 373
[2022-07-24T09:53:11.472Z INFO  client] Sending sample transaction 374
[2022-07-24T09:53:11.522Z INFO  client] Sending sample transaction 375
[2022-07-24T09:53:11.572Z INFO  client] Sending sample transaction 376
[2022-07-24T09:53:11.626Z INFO  client] Sending sample transaction 377
[2022-07-24T09:53:11.673Z INFO  client] Sending sample transaction 378
[2022-07-24T09:53:11.723Z INFO  client] Sending sample transaction 379
[2022-07-24T09:53:11.772Z INFO  client] Sending sample transaction 380
[2022-07-24T09:53:11.823Z INFO  client] Sending sample transaction 381
[2022-07-24T09:53:11.872Z INFO  client] Sending sample transaction 382
[2022-07-24T09:53:11.924Z INFO  client] Sending sample transaction 383
[2022-07-24T09:53:11.973Z INFO  client] Sending sample transaction 384
[2022-07-24T09:53:12.023Z INFO  client] Sending sample transaction 385
[2022-07-24T09:53:12.072Z INFO  client] Sending sample transaction 386
[2022-07-24T09:53:12.123Z INFO  client] Sending sample transaction 387
[2022-07-24T09:53:12.173Z INFO  client] Sending sample transaction 388
[2022-07-24T09:53:12.223Z INFO  client] Sending sample transaction 389
[2022-07-24T09:53:12.273Z INFO  client] Sending sample transaction 390
[2022-07-24T09:53:12.322Z INFO  client] Sending sample transaction 391
[2022-07-24T09:53:12.387Z INFO  client] Sending sample transaction 392
[2022-07-24T09:53:12.422Z INFO  client] Sending sample transaction 393
[2022-07-24T09:53:12.472Z INFO  client] Sending sample transaction 394
[2022-07-24T09:53:12.523Z INFO  client] Sending sample transaction 395
[2022-07-24T09:53:12.573Z INFO  client] Sending sample transaction 396
[2022-07-24T09:53:12.622Z INFO  client] Sending sample transaction 397
[2022-07-24T09:53:12.673Z INFO  client] Sending sample transaction 398
[2022-07-24T09:53:12.723Z INFO  client] Sending sample transaction 399
[2022-07-24T09:53:12.781Z INFO  client] Sending sample transaction 400
[2022-07-24T09:53:12.825Z INFO  client] Sending sample transaction 401
[2022-07-24T09:53:12.877Z INFO  client] Sending sample transaction 402
[2022-07-24T09:53:12.922Z INFO  client] Sending sample transaction 403
[2022-07-24T09:53:12.973Z INFO  client] Sending sample transaction 404
[2022-07-24T09:53:13.023Z INFO  client] Sending sample transaction 405
[2022-07-24T09:53:13.073Z INFO  client] Sending sample transaction 406
[2022-07-24T09:53:13.122Z INFO  client] Sending sample transaction 407
[2022-07-24T09:53:13.173Z INFO  client] Sending sample transaction 408
[2022-07-24T09:53:13.223Z INFO  client] Sending sample transaction 409
[2022-07-24T09:53:13.272Z INFO  client] Sending sample transaction 410
[2022-07-24T09:53:13.323Z INFO  client] Sending sample transaction 411
[2022-07-24T09:53:13.373Z INFO  client] Sending sample transaction 412
[2022-07-24T09:53:13.422Z INFO  client] Sending sample transaction 413
[2022-07-24T09:53:13.472Z INFO  client] Sending sample transaction 414
[2022-07-24T09:53:13.522Z INFO  client] Sending sample transaction 415
[2022-07-24T09:53:13.573Z INFO  client] Sending sample transaction 416
[2022-07-24T09:53:13.622Z INFO  client] Sending sample transaction 417
[2022-07-24T09:53:13.672Z INFO  client] Sending sample transaction 418
[2022-07-24T09:53:13.723Z INFO  client] Sending sample transaction 419
[2022-07-24T09:53:13.772Z INFO  client] Sending sample transaction 420
[2022-07-24T09:53:13.822Z INFO  client] Sending sample transaction 421
[2022-07-24T09:53:13.873Z INFO  client] Sending sample transaction 422
[2022-07-24T09:53:13.922Z INFO  client] Sending sample transaction 423
[2022-07-24T09:53:13.972Z INFO  client] Sending sample transaction 424
[2022-07-24T09:53:14.022Z INFO  client] Sending sample transaction 425
[2022-07-24T09:53:14.072Z INFO  client] Sending sample transaction 426
[2022-07-24T09:53:14.125Z INFO  client] Sending sample transaction 427
[2022-07-24T09:53:14.174Z INFO  client] Sending sample transaction 428
[2022-07-24T09:53:14.234Z INFO  client] Sending sample transaction 429
[2022-07-24T09:53:14.274Z INFO  client] Sending sample transaction 430
[2022-07-24T09:53:14.322Z INFO  client] Sending sample transaction 431
[2022-07-24T09:53:14.373Z INFO  client] Sending sample transaction 432
