[2022-07-24T10:38:54.981Z INFO  client] Node address: 127.0.0.1:9017
[2022-07-24T10:38:54.981Z INFO  client] Transactions size: 512 B
[2022-07-24T10:38:54.981Z INFO  client] Transactions rate: 112 tx/s
[2022-07-24T10:38:54.981Z INFO  client] Waiting for all nodes to be online...
[2022-07-24T10:38:54.981Z INFO  client] Waiting for all nodes to be synchronized...
[2022-07-24T10:38:57.035Z INFO  client] Start sending transactions
[2022-07-24T10:38:57.037Z INFO  client] Sending sample transaction 0
[2022-07-24T10:38:57.098Z INFO  client] Sending sample transaction 1
[2022-07-24T10:38:57.140Z INFO  client] Sending sample transaction 2
[2022-07-24T10:38:57.188Z INFO  client] Sending sample transaction 3
[2022-07-24T10:38:57.272Z INFO  client] Sending sample transaction 4
[2022-07-24T10:38:57.290Z INFO  client] Sending sample transaction 5
[2022-07-24T10:38:57.354Z INFO  client] Sending sample transaction 6
[2022-07-24T10:38:57.404Z INFO  client] Sending sample transaction 7
[2022-07-24T10:38:57.457Z INFO  client] Sending sample transaction 8
[2022-07-24T10:38:57.496Z INFO  client] Sending sample transaction 9
[2022-07-24T10:38:57.537Z INFO  client] Sending sample transaction 10
[2022-07-24T10:38:57.590Z INFO  client] Sending sample transaction 11
[2022-07-24T10:38:57.655Z INFO  client] Sending sample transaction 12
[2022-07-24T10:38:57.689Z INFO  client] Sending sample transaction 13
[2022-07-24T10:38:57.739Z INFO  client] Sending sample transaction 14
[2022-07-24T10:38:57.789Z INFO  client] Sending sample transaction 15
[2022-07-24T10:38:57.837Z INFO  client] Sending sample transaction 16
[2022-07-24T10:38:57.887Z INFO  client] Sending sample transaction 17
[2022-07-24T10:38:57.938Z INFO  client] Sending sample transaction 18
[2022-07-24T10:38:57.988Z INFO  client] Sending sample transaction 19
[2022-07-24T10:38:58.039Z INFO  client] Sending sample transaction 20
[2022-07-24T10:38:58.094Z INFO  client] Sending sample transaction 21
[2022-07-24T10:38:58.138Z INFO  client] Sending sample transaction 22
[2022-07-24T10:38:58.187Z INFO  client] Sending sample transaction 23
[2022-07-24T10:38:58.237Z INFO  client] Sending sample transaction 24
[2022-07-24T10:38:58.287Z INFO  client] Sending sample transaction 25
[2022-07-24T10:38:58.338Z INFO  client] Sending sample transaction 26
[2022-07-24T10:38:58.388Z INFO  client] Sending sample transaction 27
[2022-07-24T10:38:58.438Z INFO  client] Sending sample transaction 28
[2022-07-24T10:38:58.489Z INFO  client] Sending sample transaction 29
[2022-07-24T10:38:58.537Z INFO  client] Sending sample transaction 30
[2022-07-24T10:38:58.588Z INFO  client] Sending sample transaction 31
[2022-07-24T10:38:58.637Z INFO  client] Sending sample transaction 32
[2022-07-24T10:38:58.689Z INFO  client] Sending sample transaction 33
[2022-07-24T10:38:58.738Z INFO  client] Sending sample transaction 34
[2022-07-24T10:38:58.790Z INFO  client] Sending sample transaction 35
[2022-07-24T10:38:58.837Z INFO  client] Sending sample transaction 36
[2022-07-24T10:38:58.916Z INFO  client] Sending sample transaction 37
[2022-07-24T10:38:58.949Z INFO  client] Sending sample transaction 38
[2022-07-24T10:38:58.990Z INFO  client] Sending sample transaction 39
[2022-07-24T10:38:59.039Z INFO  client] Sending sample transaction 40
[2022-07-24T10:38:59.086Z INFO  client] Sending sample transaction 41
[2022-07-24T10:38:59.137Z INFO  client] Sending sample transaction 42
[2022-07-24T10:38:59.200Z INFO  client] Sending sample transaction 43
[2022-07-24T10:38:59.240Z INFO  client] Sending sample transaction 44
[2022-07-24T10:38:59.287Z INFO  client] Sending sample transaction 45
[2022-07-24T10:38:59.337Z INFO  client] Sending sample transaction 46
[2022-07-24T10:38:59.387Z INFO  client] Sending sample transaction 47
[2022-07-24T10:38:59.436Z INFO  client] Sending sample transaction 48
[2022-07-24T10:38:59.487Z INFO  client] Sending sample transaction 49
[2022-07-24T10:38:59.537Z INFO  client] Sending sample transaction 50
[2022-07-24T10:38:59.587Z INFO  client] Sending sample transaction 51
[2022-07-24T10:38:59.636Z INFO  client] Sending sample transaction 52
[2022-07-24T10:38:59.687Z INFO  client] Sending sample transaction 53
[2022-07-24T10:38:59.737Z INFO  client] Sending sample transaction 54
[2022-07-24T10:38:59.786Z INFO  client] Sending sample transaction 55
[2022-07-24T10:38:59.837Z INFO  client] Sending sample transaction 56
[2022-07-24T10:38:59.886Z INFO  client] Sending sample transaction 57
[2022-07-24T10:38:59.936Z INFO  client] Sending sample transaction 58
[2022-07-24T10:38:59.988Z INFO  client] Sending sample transaction 59
[2022-07-24T10:39:00.037Z INFO  client] Sending sample transaction 60
[2022-07-24T10:39:00.087Z INFO  client] Sending sample transaction 61
[2022-07-24T10:39:00.137Z INFO  client] Sending sample transaction 62
[2022-07-24T10:39:00.188Z INFO  client] Sending sample transaction 63
[2022-07-24T10:39:00.237Z INFO  client] Sending sample transaction 64
[2022-07-24T10:39:00.287Z INFO  client] Sending sample transaction 65
[2022-07-24T10:39:00.337Z INFO  client] Sending sample transaction 66
[2022-07-24T10:39:00.398Z INFO  client] Sending sample transaction 67
[2022-07-24T10:39:00.437Z INFO  client] Sending sample transaction 68
[2022-07-24T10:39:00.488Z INFO  client] Sending sample transaction 69
[2022-07-24T10:39:00.538Z INFO  client] Sending sample transaction 70
[2022-07-24T10:39:00.587Z INFO  client] Sending sample transaction 71
[2022-07-24T10:39:00.637Z INFO  client] Sending sample transaction 72
[2022-07-24T10:39:00.687Z INFO  client] Sending sample transaction 73
[2022-07-24T10:39:00.737Z INFO  client] Sending sample transaction 74
[2022-07-24T10:39:00.787Z INFO  client] Sending sample transaction 75
[2022-07-24T10:39:00.836Z INFO  client] Sending sample transaction 76
[2022-07-24T10:39:00.887Z INFO  client] Sending sample transaction 77
[2022-07-24T10:39:00.937Z INFO  client] Sending sample transaction 78
[2022-07-24T10:39:00.991Z INFO  client] Sending sample transaction 79
[2022-07-24T10:39:01.048Z INFO  client] Sending sample transaction 80
[2022-07-24T10:39:01.087Z INFO  client] Sending sample transaction 81
[2022-07-24T10:39:01.137Z INFO  client] Sending sample transaction 82
[2022-07-24T10:39:01.187Z INFO  client] Sending sample transaction 83
[2022-07-24T10:39:01.237Z INFO  client] Sending sample transaction 84
[2022-07-24T10:39:01.297Z INFO  client] Sending sample transaction 85
[2022-07-24T10:39:01.338Z INFO  client] Sending sample transaction 86
[2022-07-24T10:39:01.387Z INFO  client] Sending sample transaction 87
[2022-07-24T10:39:01.441Z INFO  client] Sending sample transaction 88
[2022-07-24T10:39:01.487Z INFO  client] Sending sample transaction 89
[2022-07-24T10:39:01.537Z INFO  client] Sending sample transaction 90
[2022-07-24T10:39:01.588Z INFO  client] Sending sample transaction 91
[2022-07-24T10:39:01.638Z INFO  client] Sending sample transaction 92
[2022-07-24T10:39:01.687Z INFO  client] Sending sample transaction 93
[2022-07-24T10:39:01.736Z INFO  client] Sending sample transaction 94
[2022-07-24T10:39:01.787Z INFO  client] Sending sample transaction 95
[2022-07-24T10:39:01.837Z INFO  client] Sending sample transaction 96
[2022-07-24T10:39:01.889Z INFO  client] Sending sample transaction 97
[2022-07-24T10:39:01.937Z INFO  client] Sending sample transaction 98
[2022-07-24T10:39:01.987Z INFO  client] Sending sample transaction 99
[2022-07-24T10:39:02.037Z INFO  client] Sending sample transaction 100
[2022-07-24T10:39:02.087Z INFO  client] Sending sample transaction 101
[2022-07-24T10:39:02.137Z INFO  client] Sending sample transaction 102
[2022-07-24T10:39:02.186Z INFO  client] Sending sample transaction 103
[2022-07-24T10:39:02.238Z INFO  client] Sending sample transaction 104
[2022-07-24T10:39:02.287Z INFO  client] Sending sample transaction 105
[2022-07-24T10:39:02.352Z INFO  client] Sending sample transaction 106
[2022-07-24T10:39:02.386Z INFO  client] Sending sample transaction 107
[2022-07-24T10:39:02.437Z INFO  client] Sending sample transaction 108
[2022-07-24T10:39:02.486Z INFO  client] Sending sample transaction 109
[2022-07-24T10:39:02.536Z INFO  client] Sending sample transaction 110
[2022-07-24T10:39:02.587Z INFO  client] Sending sample transaction 111
[2022-07-24T10:39:02.637Z INFO  client] Sending sample transaction 112
[2022-07-24T10:39:02.688Z INFO  client] Sending sample transaction 113
[2022-07-24T10:39:02.737Z INFO  client] Sending sample transaction 114
[2022-07-24T10:39:02.787Z INFO  client] Sending sample transaction 115
[2022-07-24T10:39:02.837Z INFO  client] Sending sample transaction 116
[2022-07-24T10:39:02.888Z INFO  client] Sending sample transaction 117
[2022-07-24T10:39:02.937Z INFO  client] Sending sample transaction 118
[2022-07-24T10:39:02.987Z INFO  client] Sending sample transaction 119
[2022-07-24T10:39:03.037Z INFO  client] Sending sample transaction 120
[2022-07-24T10:39:03.087Z INFO  client] Sending sample transaction 121
[2022-07-24T10:39:03.137Z INFO  client] Sending sample transaction 122
[2022-07-24T10:39:03.186Z INFO  client] Sending sample transaction 123
[2022-07-24T10:39:03.237Z INFO  client] Sending sample transaction 124
[2022-07-24T10:39:03.286Z INFO  client] Sending sample transaction 125
[2022-07-24T10:39:03.337Z INFO  client] Sending sample transaction 126
[2022-07-24T10:39:03.387Z INFO  client] Sending sample transaction 127
[2022-07-24T10:39:03.437Z INFO  client] Sending sample transaction 128
[2022-07-24T10:39:03.487Z INFO  client] Sending sample transaction 129
[2022-07-24T10:39:03.537Z INFO  client] Sending sample transaction 130
[2022-07-24T10:39:03.586Z INFO  client] Sending sample transaction 131
[2022-07-24T10:39:03.637Z INFO  client] Sending sample transaction 132
[2022-07-24T10:39:03.687Z INFO  client] Sending sample transaction 133
[2022-07-24T10:39:03.736Z INFO  client] Sending sample transaction 134
[2022-07-24T10:39:03.787Z INFO  client] Sending sample transaction 135
[2022-07-24T10:39:03.836Z INFO  client] Sending sample transaction 136
[2022-07-24T10:39:03.887Z INFO  client] Sending sample transaction 137
[2022-07-24T10:39:03.936Z INFO  client] Sending sample transaction 138
[2022-07-24T10:39:03.987Z INFO  client] Sending sample transaction 139
[2022-07-24T10:39:04.046Z INFO  client] Sending sample transaction 140
[2022-07-24T10:39:04.100Z INFO  client] Sending sample transaction 141
[2022-07-24T10:39:04.137Z INFO  client] Sending sample transaction 142
[2022-07-24T10:39:04.187Z INFO  client] Sending sample transaction 143
[2022-07-24T10:39:04.237Z INFO  client] Sending sample transaction 144
[2022-07-24T10:39:04.287Z INFO  client] Sending sample transaction 145
[2022-07-24T10:39:04.336Z INFO  client] Sending sample transaction 146
[2022-07-24T10:39:04.388Z INFO  client] Sending sample transaction 147
[2022-07-24T10:39:04.445Z INFO  client] Sending sample transaction 148
[2022-07-24T10:39:04.487Z INFO  client] Sending sample transaction 149
[2022-07-24T10:39:04.536Z INFO  client] Sending sample transaction 150
[2022-07-24T10:39:04.587Z INFO  client] Sending sample transaction 151
[2022-07-24T10:39:04.637Z INFO  client] Sending sample transaction 152
[2022-07-24T10:39:04.687Z INFO  client] Sending sample transaction 153
[2022-07-24T10:39:04.737Z INFO  client] Sending sample transaction 154
[2022-07-24T10:39:04.786Z INFO  client] Sending sample transaction 155
[2022-07-24T10:39:04.837Z INFO  client] Sending sample transaction 156
[2022-07-24T10:39:04.887Z INFO  client] Sending sample transaction 157
[2022-07-24T10:39:04.937Z INFO  client] Sending sample transaction 158
[2022-07-24T10:39:04.987Z INFO  client] Sending sample transaction 159
[2022-07-24T10:39:05.036Z INFO  client] Sending sample transaction 160
[2022-07-24T10:39:05.087Z INFO  client] Sending sample transaction 161
[2022-07-24T10:39:05.137Z INFO  client] Sending sample transaction 162
[2022-07-24T10:39:05.187Z INFO  client] Sending sample transaction 163
[2022-07-24T10:39:05.237Z INFO  client] Sending sample transaction 164
[2022-07-24T10:39:05.287Z INFO  client] Sending sample transaction 165
[2022-07-24T10:39:05.337Z INFO  client] Sending sample transaction 166
[2022-07-24T10:39:05.386Z INFO  client] Sending sample transaction 167
[2022-07-24T10:39:05.437Z INFO  client] Sending sample transaction 168
[2022-07-24T10:39:05.487Z INFO  client] Sending sample transaction 169
[2022-07-24T10:39:05.537Z INFO  client] Sending sample transaction 170
[2022-07-24T10:39:05.587Z INFO  client] Sending sample transaction 171
[2022-07-24T10:39:05.637Z INFO  client] Sending sample transaction 172
[2022-07-24T10:39:05.687Z INFO  client] Sending sample transaction 173
[2022-07-24T10:39:05.736Z INFO  client] Sending sample transaction 174
[2022-07-24T10:39:05.786Z INFO  client] Sending sample transaction 175
[2022-07-24T10:39:05.837Z INFO  client] Sending sample transaction 176
[2022-07-24T10:39:05.887Z INFO  client] Sending sample transaction 177
[2022-07-24T10:39:05.938Z INFO  client] Sending sample transaction 178
[2022-07-24T10:39:05.988Z INFO  client] Sending sample transaction 179
[2022-07-24T10:39:06.036Z INFO  client] Sending sample transaction 180
[2022-07-24T10:39:06.087Z INFO  client] Sending sample transaction 181
[2022-07-24T10:39:06.136Z INFO  client] Sending sample transaction 182
[2022-07-24T10:39:06.186Z INFO  client] Sending sample transaction 183
[2022-07-24T10:39:06.239Z INFO  client] Sending sample transaction 184
[2022-07-24T10:39:06.289Z INFO  client] Sending sample transaction 185
[2022-07-24T10:39:06.337Z INFO  client] Sending sample transaction 186
[2022-07-24T10:39:06.406Z INFO  client] Sending sample transaction 187
[2022-07-24T10:39:06.449Z INFO  client] Sending sample transaction 188
[2022-07-24T10:39:06.488Z INFO  client] Sending sample transaction 189
[2022-07-24T10:39:06.537Z INFO  client] Sending sample transaction 190
[2022-07-24T10:39:06.588Z INFO  client] Sending sample transaction 191
[2022-07-24T10:39:06.637Z INFO  client] Sending sample transaction 192
[2022-07-24T10:39:06.687Z INFO  client] Sending sample transaction 193
[2022-07-24T10:39:06.737Z INFO  client] Sending sample transaction 194
[2022-07-24T10:39:06.786Z INFO  client] Sending sample transaction 195
[2022-07-24T10:39:06.838Z INFO  client] Sending sample transaction 196
[2022-07-24T10:39:06.886Z INFO  client] Sending sample transaction 197
[2022-07-24T10:39:06.937Z INFO  client] Sending sample transaction 198
[2022-07-24T10:39:06.987Z INFO  client] Sending sample transaction 199
[2022-07-24T10:39:07.036Z INFO  client] Sending sample transaction 200
[2022-07-24T10:39:07.087Z INFO  client] Sending sample transaction 201
[2022-07-24T10:39:07.137Z INFO  client] Sending sample transaction 202
[2022-07-24T10:39:07.187Z INFO  client] Sending sample transaction 203
[2022-07-24T10:39:07.238Z INFO  client] Sending sample transaction 204
[2022-07-24T10:39:07.287Z INFO  client] Sending sample transaction 205
[2022-07-24T10:39:07.337Z INFO  client] Sending sample transaction 206
[2022-07-24T10:39:07.387Z INFO  client] Sending sample transaction 207
[2022-07-24T10:39:07.438Z INFO  client] Sending sample transaction 208
[2022-07-24T10:39:07.487Z INFO  client] Sending sample transaction 209
[2022-07-24T10:39:07.545Z INFO  client] Sending sample transaction 210
[2022-07-24T10:39:07.587Z INFO  client] Sending sample transaction 211
[2022-07-24T10:39:07.637Z INFO  client] Sending sample transaction 212
[2022-07-24T10:39:07.686Z INFO  client] Sending sample transaction 213
[2022-07-24T10:39:07.738Z INFO  client] Sending sample transaction 214
[2022-07-24T10:39:07.787Z INFO  client] Sending sample transaction 215
[2022-07-24T10:39:07.836Z INFO  client] Sending sample transaction 216
[2022-07-24T10:39:07.888Z INFO  client] Sending sample transaction 217
[2022-07-24T10:39:07.937Z INFO  client] Sending sample transaction 218
[2022-07-24T10:39:07.987Z INFO  client] Sending sample transaction 219
[2022-07-24T10:39:08.037Z INFO  client] Sending sample transaction 220
[2022-07-24T10:39:08.086Z INFO  client] Sending sample transaction 221
[2022-07-24T10:39:08.137Z INFO  client] Sending sample transaction 222
[2022-07-24T10:39:08.187Z INFO  client] Sending sample transaction 223
[2022-07-24T10:39:08.238Z INFO  client] Sending sample transaction 224
[2022-07-24T10:39:08.287Z INFO  client] Sending sample transaction 225
[2022-07-24T10:39:08.337Z INFO  client] Sending sample transaction 226
[2022-07-24T10:39:08.386Z INFO  client] Sending sample transaction 227
[2022-07-24T10:39:08.437Z INFO  client] Sending sample transaction 228
[2022-07-24T10:39:08.487Z INFO  client] Sending sample transaction 229
[2022-07-24T10:39:08.537Z INFO  client] Sending sample transaction 230
[2022-07-24T10:39:08.589Z INFO  client] Sending sample transaction 231
[2022-07-24T10:39:08.637Z INFO  client] Sending sample transaction 232
[2022-07-24T10:39:08.687Z INFO  client] Sending sample transaction 233
[2022-07-24T10:39:08.737Z INFO  client] Sending sample transaction 234
[2022-07-24T10:39:08.787Z INFO  client] Sending sample transaction 235
[2022-07-24T10:39:08.837Z INFO  client] Sending sample transaction 236
[2022-07-24T10:39:08.886Z INFO  client] Sending sample transaction 237
[2022-07-24T10:39:08.938Z INFO  client] Sending sample transaction 238
[2022-07-24T10:39:08.987Z INFO  client] Sending sample transaction 239
[2022-07-24T10:39:09.037Z INFO  client] Sending sample transaction 240
[2022-07-24T10:39:09.087Z INFO  client] Sending sample transaction 241
[2022-07-24T10:39:09.141Z INFO  client] Sending sample transaction 242
[2022-07-24T10:39:09.188Z INFO  client] Sending sample transaction 243
[2022-07-24T10:39:09.237Z INFO  client] Sending sample transaction 244
[2022-07-24T10:39:09.287Z INFO  client] Sending sample transaction 245
[2022-07-24T10:39:09.337Z INFO  client] Sending sample transaction 246
[2022-07-24T10:39:09.413Z INFO  client] Sending sample transaction 247
[2022-07-24T10:39:09.440Z INFO  client] Sending sample transaction 248
[2022-07-24T10:39:09.487Z INFO  client] Sending sample transaction 249
[2022-07-24T10:39:09.538Z INFO  client] Sending sample transaction 250
[2022-07-24T10:39:09.598Z INFO  client] Sending sample transaction 251
[2022-07-24T10:39:09.650Z INFO  client] Sending sample transaction 252
[2022-07-24T10:39:09.687Z INFO  client] Sending sample transaction 253
[2022-07-24T10:39:09.737Z INFO  client] Sending sample transaction 254
[2022-07-24T10:39:09.787Z INFO  client] Sending sample transaction 255
[2022-07-24T10:39:09.836Z INFO  client] Sending sample transaction 256
[2022-07-24T10:39:09.887Z INFO  client] Sending sample transaction 257
[2022-07-24T10:39:09.937Z INFO  client] Sending sample transaction 258
[2022-07-24T10:39:09.988Z INFO  client] Sending sample transaction 259
[2022-07-24T10:39:10.037Z INFO  client] Sending sample transaction 260
[2022-07-24T10:39:10.087Z INFO  client] Sending sample transaction 261
[2022-07-24T10:39:10.136Z INFO  client] Sending sample transaction 262
[2022-07-24T10:39:10.187Z INFO  client] Sending sample transaction 263
[2022-07-24T10:39:10.239Z INFO  client] Sending sample transaction 264
[2022-07-24T10:39:10.287Z INFO  client] Sending sample transaction 265
[2022-07-24T10:39:10.337Z INFO  client] Sending sample transaction 266
[2022-07-24T10:39:10.387Z INFO  client] Sending sample transaction 267
[2022-07-24T10:39:10.436Z INFO  client] Sending sample transaction 268
[2022-07-24T10:39:10.487Z INFO  client] Sending sample transaction 269
[2022-07-24T10:39:10.537Z INFO  client] Sending sample transaction 270
[2022-07-24T10:39:10.587Z INFO  client] Sending sample transaction 271
[2022-07-24T10:39:10.638Z INFO  client] Sending sample transaction 272
[2022-07-24T10:39:10.687Z INFO  client] Sending sample transaction 273
[2022-07-24T10:39:10.737Z INFO  client] Sending sample transaction 274
[2022-07-24T10:39:10.787Z INFO  client] Sending sample transaction 275
[2022-07-24T10:39:10.837Z INFO  client] Sending sample transaction 276
[2022-07-24T10:39:10.888Z INFO  client] Sending sample transaction 277
[2022-07-24T10:39:10.937Z INFO  client] Sending sample transaction 278
[2022-07-24T10:39:10.988Z INFO  client] Sending sample transaction 279
[2022-07-24T10:39:11.037Z INFO  client] Sending sample transaction 280
[2022-07-24T10:39:11.087Z INFO  client] Sending sample transaction 281
[2022-07-24T10:39:11.137Z INFO  client] Sending sample transaction 282
[2022-07-24T10:39:11.187Z INFO  client] Sending sample transaction 283
[2022-07-24T10:39:11.237Z INFO  client] Sending sample transaction 284
[2022-07-24T10:39:11.286Z INFO  client] Sending sample transaction 285
[2022-07-24T10:39:11.337Z INFO  client] Sending sample transaction 286
[2022-07-24T10:39:11.387Z INFO  client] Sending sample transaction 287
[2022-07-24T10:39:11.437Z INFO  client] Sending sample transaction 288
[2022-07-24T10:39:11.487Z INFO  client] Sending sample transaction 289
[2022-07-24T10:39:11.536Z INFO  client] Sending sample transaction 290
[2022-07-24T10:39:11.587Z INFO  client] Sending sample transaction 291
[2022-07-24T10:39:11.636Z INFO  client] Sending sample transaction 292
[2022-07-24T10:39:11.688Z INFO  client] Sending sample transaction 293
[2022-07-24T10:39:11.742Z INFO  client] Sending sample transaction 294
[2022-07-24T10:39:11.787Z INFO  client] Sending sample transaction 295
[2022-07-24T10:39:11.837Z INFO  client] Sending sample transaction 296
[2022-07-24T10:39:11.887Z INFO  client] Sending sample transaction 297
[2022-07-24T10:39:11.938Z INFO  client] Sending sample transaction 298
[2022-07-24T10:39:11.986Z INFO  client] Sending sample transaction 299
[2022-07-24T10:39:12.037Z INFO  client] Sending sample transaction 300
[2022-07-24T10:39:12.087Z INFO  client] Sending sample transaction 301
[2022-07-24T10:39:12.161Z INFO  client] Sending sample transaction 302
[2022-07-24T10:39:12.195Z INFO  client] Sending sample transaction 303
[2022-07-24T10:39:12.237Z INFO  client] Sending sample transaction 304
[2022-07-24T10:39:12.287Z INFO  client] Sending sample transaction 305
[2022-07-24T10:39:12.336Z INFO  client] Sending sample transaction 306
[2022-07-24T10:39:12.387Z INFO  client] Sending sample transaction 307
[2022-07-24T10:39:12.436Z INFO  client] Sending sample transaction 308
[2022-07-24T10:39:12.488Z INFO  client] Sending sample transaction 309
[2022-07-24T10:39:12.537Z INFO  client] Sending sample transaction 310
[2022-07-24T10:39:12.587Z INFO  client] Sending sample transaction 311
[2022-07-24T10:39:12.637Z INFO  client] Sending sample transaction 312
[2022-07-24T10:39:12.687Z INFO  client] Sending sample transaction 313
[2022-07-24T10:39:12.736Z INFO  client] Sending sample transaction 314
[2022-07-24T10:39:12.787Z INFO  client] Sending sample transaction 315
[2022-07-24T10:39:12.836Z INFO  client] Sending sample transaction 316
[2022-07-24T10:39:12.887Z INFO  client] Sending sample transaction 317
[2022-07-24T10:39:12.938Z INFO  client] Sending sample transaction 318
[2022-07-24T10:39:12.987Z INFO  client] Sending sample transaction 319
[2022-07-24T10:39:13.036Z INFO  client] Sending sample transaction 320
[2022-07-24T10:39:13.087Z INFO  client] Sending sample transaction 321
[2022-07-24T10:39:13.137Z INFO  client] Sending sample transaction 322
[2022-07-24T10:39:13.187Z INFO  client] Sending sample transaction 323
[2022-07-24T10:39:13.237Z INFO  client] Sending sample transaction 324
[2022-07-24T10:39:13.287Z INFO  client] Sending sample transaction 325
[2022-07-24T10:39:13.337Z INFO  client] Sending sample transaction 326
[2022-07-24T10:39:13.387Z INFO  client] Sending sample transaction 327
[2022-07-24T10:39:13.437Z INFO  client] Sending sample transaction 328
[2022-07-24T10:39:13.487Z INFO  client] Sending sample transaction 329
[2022-07-24T10:39:13.537Z INFO  client] Sending sample transaction 330
[2022-07-24T10:39:13.587Z INFO  client] Sending sample transaction 331
[2022-07-24T10:39:13.637Z INFO  client] Sending sample transaction 332
[2022-07-24T10:39:13.687Z INFO  client] Sending sample transaction 333
[2022-07-24T10:39:13.737Z INFO  client] Sending sample transaction 334
[2022-07-24T10:39:13.789Z INFO  client] Sending sample transaction 335
[2022-07-24T10:39:13.838Z INFO  client] Sending sample transaction 336
[2022-07-24T10:39:13.887Z INFO  client] Sending sample transaction 337
[2022-07-24T10:39:13.936Z INFO  client] Sending sample transaction 338
[2022-07-24T10:39:13.987Z INFO  client] Sending sample transaction 339
[2022-07-24T10:39:14.036Z INFO  client] Sending sample transaction 340
[2022-07-24T10:39:14.088Z INFO  client] Sending sample transaction 341
[2022-07-24T10:39:14.137Z INFO  client] Sending sample transaction 342
[2022-07-24T10:39:14.188Z INFO  client] Sending sample transaction 343
[2022-07-24T10:39:14.237Z INFO  client] Sending sample transaction 344
[2022-07-24T10:39:14.287Z INFO  client] Sending sample transaction 345
[2022-07-24T10:39:14.337Z INFO  client] Sending sample transaction 346
[2022-07-24T10:39:14.387Z INFO  client] Sending sample transaction 347
[2022-07-24T10:39:14.437Z INFO  client] Sending sample transaction 348
[2022-07-24T10:39:14.487Z INFO  client] Sending sample transaction 349
[2022-07-24T10:39:14.537Z INFO  client] Sending sample transaction 350
[2022-07-24T10:39:14.587Z INFO  client] Sending sample transaction 351
[2022-07-24T10:39:14.636Z INFO  client] Sending sample transaction 352
[2022-07-24T10:39:14.688Z INFO  client] Sending sample transaction 353
[2022-07-24T10:39:14.737Z INFO  client] Sending sample transaction 354
[2022-07-24T10:39:14.787Z INFO  client] Sending sample transaction 355
[2022-07-24T10:39:14.837Z INFO  client] Sending sample transaction 356
[2022-07-24T10:39:14.888Z INFO  client] Sending sample transaction 357
[2022-07-24T10:39:14.937Z INFO  client] Sending sample transaction 358
[2022-07-24T10:39:14.987Z INFO  client] Sending sample transaction 359
[2022-07-24T10:39:15.037Z INFO  client] Sending sample transaction 360
[2022-07-24T10:39:15.126Z INFO  client] Sending sample transaction 361
[2022-07-24T10:39:15.143Z INFO  client] Sending sample transaction 362
[2022-07-24T10:39:15.186Z INFO  client] Sending sample transaction 363
[2022-07-24T10:39:15.237Z INFO  client] Sending sample transaction 364
[2022-07-24T10:39:15.287Z INFO  client] Sending sample transaction 365
[2022-07-24T10:39:15.337Z INFO  client] Sending sample transaction 366
[2022-07-24T10:39:15.387Z INFO  client] Sending sample transaction 367
[2022-07-24T10:39:15.436Z INFO  client] Sending sample transaction 368
[2022-07-24T10:39:15.487Z INFO  client] Sending sample transaction 369
[2022-07-24T10:39:15.537Z INFO  client] Sending sample transaction 370
[2022-07-24T10:39:15.586Z INFO  client] Sending sample transaction 371
[2022-07-24T10:39:15.638Z INFO  client] Sending sample transaction 372
[2022-07-24T10:39:15.687Z INFO  client] Sending sample transaction 373
[2022-07-24T10:39:15.737Z INFO  client] Sending sample transaction 374
[2022-07-24T10:39:15.787Z INFO  client] Sending sample transaction 375
[2022-07-24T10:39:15.838Z INFO  client] Sending sample transaction 376
[2022-07-24T10:39:15.892Z INFO  client] Sending sample transaction 377
[2022-07-24T10:39:15.937Z INFO  client] Sending sample transaction 378
[2022-07-24T10:39:15.991Z INFO  client] Sending sample transaction 379
[2022-07-24T10:39:16.037Z INFO  client] Sending sample transaction 380
[2022-07-24T10:39:16.087Z INFO  client] Sending sample transaction 381
[2022-07-24T10:39:16.137Z INFO  client] Sending sample transaction 382
[2022-07-24T10:39:16.187Z INFO  client] Sending sample transaction 383
[2022-07-24T10:39:16.237Z INFO  client] Sending sample transaction 384
[2022-07-24T10:39:16.286Z INFO  client] Sending sample transaction 385
[2022-07-24T10:39:16.338Z INFO  client] Sending sample transaction 386
[2022-07-24T10:39:16.387Z INFO  client] Sending sample transaction 387
[2022-07-24T10:39:16.437Z INFO  client] Sending sample transaction 388
[2022-07-24T10:39:16.487Z INFO  client] Sending sample transaction 389
[2022-07-24T10:39:16.537Z INFO  client] Sending sample transaction 390
[2022-07-24T10:39:16.587Z INFO  client] Sending sample transaction 391
[2022-07-24T10:39:16.637Z INFO  client] Sending sample transaction 392
[2022-07-24T10:39:16.686Z INFO  client] Sending sample transaction 393
[2022-07-24T10:39:16.737Z INFO  client] Sending sample transaction 394
[2022-07-24T10:39:16.787Z INFO  client] Sending sample transaction 395
[2022-07-24T10:39:16.837Z INFO  client] Sending sample transaction 396
[2022-07-24T10:39:16.889Z INFO  client] Sending sample transaction 397
[2022-07-24T10:39:16.937Z INFO  client] Sending sample transaction 398
[2022-07-24T10:39:16.987Z INFO  client] Sending sample transaction 399
[2022-07-24T10:39:17.037Z INFO  client] Sending sample transaction 400
[2022-07-24T10:39:17.087Z INFO  client] Sending sample transaction 401
[2022-07-24T10:39:17.136Z INFO  client] Sending sample transaction 402
[2022-07-24T10:39:17.187Z INFO  client] Sending sample transaction 403
[2022-07-24T10:39:17.237Z INFO  client] Sending sample transaction 404
[2022-07-24T10:39:17.307Z INFO  client] Sending sample transaction 405
[2022-07-24T10:39:17.346Z INFO  client] Sending sample transaction 406
[2022-07-24T10:39:17.387Z INFO  client] Sending sample transaction 407
[2022-07-24T10:39:17.438Z INFO  client] Sending sample transaction 408
[2022-07-24T10:39:17.487Z INFO  client] Sending sample transaction 409
[2022-07-24T10:39:17.537Z INFO  client] Sending sample transaction 410
[2022-07-24T10:39:17.586Z INFO  client] Sending sample transaction 411
[2022-07-24T10:39:17.637Z INFO  client] Sending sample transaction 412
[2022-07-24T10:39:17.686Z INFO  client] Sending sample transaction 413
[2022-07-24T10:39:17.736Z INFO  client] Sending sample transaction 414
[2022-07-24T10:39:17.786Z INFO  client] Sending sample transaction 415
[2022-07-24T10:39:17.837Z INFO  client] Sending sample transaction 416
[2022-07-24T10:39:17.887Z INFO  client] Sending sample transaction 417
[2022-07-24T10:39:17.938Z INFO  client] Sending sample transaction 418
[2022-07-24T10:39:17.987Z INFO  client] Sending sample transaction 419
[2022-07-24T10:39:18.036Z INFO  client] Sending sample transaction 420
[2022-07-24T10:39:18.088Z INFO  client] Sending sample transaction 421
[2022-07-24T10:39:18.138Z INFO  client] Sending sample transaction 422
[2022-07-24T10:39:18.189Z INFO  client] Sending sample transaction 423
[2022-07-24T10:39:18.244Z INFO  client] Sending sample transaction 424
[2022-07-24T10:39:18.296Z INFO  client] Sending sample transaction 425
[2022-07-24T10:39:18.350Z INFO  client] Sending sample transaction 426
[2022-07-24T10:39:18.391Z INFO  client] Sending sample transaction 427
[2022-07-24T10:39:18.439Z INFO  client] Sending sample transaction 428
[2022-07-24T10:39:18.490Z INFO  client] Sending sample transaction 429
[2022-07-24T10:39:18.543Z INFO  client] Sending sample transaction 430
[2022-07-24T10:39:18.616Z INFO  client] Sending sample transaction 431
[2022-07-24T10:39:18.644Z INFO  client] Sending sample transaction 432
[2022-07-24T10:39:18.696Z INFO  client] Sending sample transaction 433
[2022-07-24T10:39:18.740Z INFO  client] Sending sample transaction 434
