[2022-07-23T17:45:38.586Z INFO  client] Node address: 127.0.0.1:9011
[2022-07-23T17:45:38.586Z INFO  client] Transactions size: 512 B
[2022-07-23T17:45:38.586Z INFO  client] Transactions rate: 112 tx/s
[2022-07-23T17:45:38.586Z INFO  client] Waiting for all nodes to be online...
[2022-07-23T17:45:38.586Z INFO  client] Waiting for all nodes to be synchronized...
[2022-07-23T17:45:40.592Z INFO  client] Start sending transactions
[2022-07-23T17:45:40.594Z INFO  client] Sending sample transaction 0
[2022-07-23T17:45:40.644Z INFO  client] Sending sample transaction 1
[2022-07-23T17:45:40.694Z INFO  client] Sending sample transaction 2
[2022-07-23T17:45:40.747Z INFO  client] Sending sample transaction 3
[2022-07-23T17:45:40.795Z INFO  client] Sending sample transaction 4
[2022-07-23T17:45:40.885Z INFO  client] Sending sample transaction 5
[2022-07-23T17:45:40.895Z INFO  client] Sending sample transaction 6
[2022-07-23T17:45:40.963Z INFO  client] Sending sample transaction 7
[2022-07-23T17:45:41.000Z INFO  client] Sending sample transaction 8
[2022-07-23T17:45:41.054Z INFO  client] Sending sample transaction 9
[2022-07-23T17:45:41.093Z INFO  client] Sending sample transaction 10
[2022-07-23T17:45:41.205Z INFO  client] Sending sample transaction 11
[2022-07-23T17:45:41.231Z INFO  client] Sending sample transaction 12
[2022-07-23T17:45:41.281Z WARN  client] Transaction rate too high for this client
[2022-07-23T17:45:41.331Z INFO  client] Sending sample transaction 13
[2022-07-23T17:45:41.331Z INFO  client] Sending sample transaction 14
[2022-07-23T17:45:41.574Z INFO  client] Sending sample transaction 15
[2022-07-23T17:45:41.724Z WARN  client] Transaction rate too high for this client
[2022-07-23T17:45:41.724Z INFO  client] Sending sample transaction 16
[2022-07-23T17:45:41.755Z INFO  client] Sending sample transaction 17
[2022-07-23T17:45:41.756Z INFO  client] Sending sample transaction 18
[2022-07-23T17:45:41.757Z INFO  client] Sending sample transaction 19
[2022-07-23T17:45:41.757Z INFO  client] Sending sample transaction 20
[2022-07-23T17:45:41.829Z WARN  client] Transaction rate too high for this client
[2022-07-23T17:45:41.829Z INFO  client] Sending sample transaction 21
[2022-07-23T17:45:41.831Z INFO  client] Sending sample transaction 22
[2022-07-23T17:45:41.893Z INFO  client] Sending sample transaction 23
[2022-07-23T17:45:41.895Z INFO  client] Sending sample transaction 24
[2022-07-23T17:45:41.895Z INFO  client] Sending sample transaction 25
[2022-07-23T17:45:41.946Z INFO  client] Sending sample transaction 26
[2022-07-23T17:45:42.008Z INFO  client] Sending sample transaction 27
[2022-07-23T17:45:42.053Z INFO  client] Sending sample transaction 28
[2022-07-23T17:45:42.104Z INFO  client] Sending sample transaction 29
[2022-07-23T17:45:42.204Z INFO  client] Sending sample transaction 30
[2022-07-23T17:45:42.247Z INFO  client] Sending sample transaction 31
[2022-07-23T17:45:42.255Z INFO  client] Sending sample transaction 32
[2022-07-23T17:45:42.256Z INFO  client] Sending sample transaction 33
[2022-07-23T17:45:42.326Z INFO  client] Sending sample transaction 34
[2022-07-23T17:45:42.372Z INFO  client] Sending sample transaction 35
[2022-07-23T17:45:42.421Z INFO  client] Sending sample transaction 36
[2022-07-23T17:45:42.466Z INFO  client] Sending sample transaction 37
[2022-07-23T17:45:42.556Z INFO  client] Sending sample transaction 38
[2022-07-23T17:45:42.557Z INFO  client] Sending sample transaction 39
[2022-07-23T17:45:42.655Z INFO  client] Sending sample transaction 40
[2022-07-23T17:45:42.804Z INFO  client] Sending sample transaction 41
[2022-07-23T17:45:42.805Z INFO  client] Sending sample transaction 42
[2022-07-23T17:45:42.860Z INFO  client] Sending sample transaction 43
[2022-07-23T17:45:42.860Z INFO  client] Sending sample transaction 44
[2022-07-23T17:45:42.895Z INFO  client] Sending sample transaction 45
[2022-07-23T17:45:42.927Z INFO  client] Sending sample transaction 46
[2022-07-23T17:45:42.961Z INFO  client] Sending sample transaction 47
[2022-07-23T17:45:43.004Z INFO  client] Sending sample transaction 48
[2022-07-23T17:45:43.062Z INFO  client] Sending sample transaction 49
[2022-07-23T17:45:43.111Z INFO  client] Sending sample transaction 50
[2022-07-23T17:45:43.160Z INFO  client] Sending sample transaction 51
[2022-07-23T17:45:43.214Z INFO  client] Sending sample transaction 52
[2022-07-23T17:45:43.306Z INFO  client] Sending sample transaction 53
[2022-07-23T17:45:43.356Z INFO  client] Sending sample transaction 54
[2022-07-23T17:45:43.396Z INFO  client] Sending sample transaction 55
[2022-07-23T17:45:43.425Z INFO  client] Sending sample transaction 56
[2022-07-23T17:45:43.479Z INFO  client] Sending sample transaction 57
[2022-07-23T17:45:43.529Z INFO  client] Sending sample transaction 58
[2022-07-23T17:45:43.573Z INFO  client] Sending sample transaction 59
[2022-07-23T17:45:43.596Z INFO  client] Sending sample transaction 60
[2022-07-23T17:45:43.644Z INFO  client] Sending sample transaction 61
[2022-07-23T17:45:43.723Z INFO  client] Sending sample transaction 62
[2022-07-23T17:45:43.751Z INFO  client] Sending sample transaction 63
[2022-07-23T17:45:43.800Z INFO  client] Sending sample transaction 64
[2022-07-23T17:45:43.844Z INFO  client] Sending sample transaction 65
[2022-07-23T17:45:43.965Z INFO  client] Sending sample transaction 66
[2022-07-23T17:45:44.018Z WARN  client] Transaction rate too high for this client
[2022-07-23T17:45:44.019Z INFO  client] Sending sample transaction 67
[2022-07-23T17:45:44.019Z INFO  client] Sending sample transaction 68
[2022-07-23T17:45:44.193Z INFO  client] Sending sample transaction 69
[2022-07-23T17:45:44.193Z WARN  client] Transaction rate too high for this client
[2022-07-23T17:45:44.193Z INFO  client] Sending sample transaction 70
[2022-07-23T17:45:44.259Z INFO  client] Sending sample transaction 71
[2022-07-23T17:45:44.260Z INFO  client] Sending sample transaction 72
[2022-07-23T17:45:44.285Z INFO  client] Sending sample transaction 73
[2022-07-23T17:45:44.299Z INFO  client] Sending sample transaction 74
[2022-07-23T17:45:44.351Z INFO  client] Sending sample transaction 75
[2022-07-23T17:45:44.401Z INFO  client] Sending sample transaction 76
[2022-07-23T17:45:44.482Z INFO  client] Sending sample transaction 77
[2022-07-23T17:45:44.522Z INFO  client] Sending sample transaction 78
[2022-07-23T17:45:44.623Z INFO  client] Sending sample transaction 79
[2022-07-23T17:45:44.739Z INFO  client] Sending sample transaction 80
[2022-07-23T17:45:44.741Z INFO  client] Sending sample transaction 81
[2022-07-23T17:45:44.812Z INFO  client] Sending sample transaction 82
[2022-07-23T17:45:44.812Z INFO  client] Sending sample transaction 83
[2022-07-23T17:45:44.850Z INFO  client] Sending sample transaction 84
[2022-07-23T17:45:44.850Z INFO  client] Sending sample transaction 85
[2022-07-23T17:45:44.894Z INFO  client] Sending sample transaction 86
[2022-07-23T17:45:44.947Z INFO  client] Sending sample transaction 87
[2022-07-23T17:45:45.006Z INFO  client] Sending sample transaction 88
[2022-07-23T17:45:45.044Z INFO  client] Sending sample transaction 89
[2022-07-23T17:45:45.093Z INFO  client] Sending sample transaction 90
[2022-07-23T17:45:45.144Z INFO  client] Sending sample transaction 91
[2022-07-23T17:45:45.194Z INFO  client] Sending sample transaction 92
[2022-07-23T17:45:45.244Z INFO  client] Sending sample transaction 93
[2022-07-23T17:45:45.294Z INFO  client] Sending sample transaction 94
[2022-07-23T17:45:45.343Z INFO  client] Sending sample transaction 95
[2022-07-23T17:45:45.395Z INFO  client] Sending sample transaction 96
[2022-07-23T17:45:45.446Z INFO  client] Sending sample transaction 97
[2022-07-23T17:45:45.493Z INFO  client] Sending sample transaction 98
[2022-07-23T17:45:45.545Z INFO  client] Sending sample transaction 99
[2022-07-23T17:45:45.610Z INFO  client] Sending sample transaction 100
[2022-07-23T17:45:45.644Z INFO  client] Sending sample transaction 101
[2022-07-23T17:45:45.694Z INFO  client] Sending sample transaction 102
[2022-07-23T17:45:45.744Z INFO  client] Sending sample transaction 103
[2022-07-23T17:45:45.799Z INFO  client] Sending sample transaction 104
[2022-07-23T17:45:45.843Z INFO  client] Sending sample transaction 105
[2022-07-23T17:45:45.901Z INFO  client] Sending sample transaction 106
[2022-07-23T17:45:45.995Z INFO  client] Sending sample transaction 107
[2022-07-23T17:45:46.094Z INFO  client] Sending sample transaction 108
[2022-07-23T17:45:46.127Z INFO  client] Sending sample transaction 109
[2022-07-23T17:45:46.127Z INFO  client] Sending sample transaction 110
[2022-07-23T17:45:46.172Z INFO  client] Sending sample transaction 111
[2022-07-23T17:45:46.282Z INFO  client] Sending sample transaction 112
[2022-07-23T17:45:46.394Z INFO  client] Sending sample transaction 113
[2022-07-23T17:45:46.395Z INFO  client] Sending sample transaction 114
[2022-07-23T17:45:46.476Z INFO  client] Sending sample transaction 115
[2022-07-23T17:45:46.476Z INFO  client] Sending sample transaction 116
[2022-07-23T17:45:46.526Z INFO  client] Sending sample transaction 117
[2022-07-23T17:45:46.527Z INFO  client] Sending sample transaction 118
[2022-07-23T17:45:46.554Z INFO  client] Sending sample transaction 119
[2022-07-23T17:45:46.593Z INFO  client] Sending sample transaction 120
[2022-07-23T17:45:46.789Z INFO  client] Sending sample transaction 121
[2022-07-23T17:45:46.926Z INFO  client] Sending sample transaction 122
[2022-07-23T17:45:46.961Z WARN  client] Transaction rate too high for this client
[2022-07-23T17:45:46.961Z INFO  client] Sending sample transaction 123
[2022-07-23T17:45:46.962Z INFO  client] Sending sample transaction 124
[2022-07-23T17:45:46.962Z INFO  client] Sending sample transaction 125
[2022-07-23T17:45:47.013Z INFO  client] Sending sample transaction 126
[2022-07-23T17:45:47.014Z INFO  client] Sending sample transaction 127
[2022-07-23T17:45:47.155Z INFO  client] Sending sample transaction 128
[2022-07-23T17:45:47.156Z INFO  client] Sending sample transaction 129
[2022-07-23T17:45:47.220Z INFO  client] Sending sample transaction 130
[2022-07-23T17:45:47.221Z INFO  client] Sending sample transaction 131
[2022-07-23T17:45:47.323Z INFO  client] Sending sample transaction 132
[2022-07-23T17:45:47.323Z INFO  client] Sending sample transaction 133
[2022-07-23T17:45:47.338Z INFO  client] Sending sample transaction 134
[2022-07-23T17:45:47.344Z INFO  client] Sending sample transaction 135
[2022-07-23T17:45:47.394Z INFO  client] Sending sample transaction 136
[2022-07-23T17:45:47.457Z INFO  client] Sending sample transaction 137
[2022-07-23T17:45:47.493Z INFO  client] Sending sample transaction 138
[2022-07-23T17:45:47.544Z INFO  client] Sending sample transaction 139
[2022-07-23T17:45:47.593Z INFO  client] Sending sample transaction 140
[2022-07-23T17:45:47.644Z INFO  client] Sending sample transaction 141
[2022-07-23T17:45:47.695Z INFO  client] Sending sample transaction 142
[2022-07-23T17:45:47.744Z INFO  client] Sending sample transaction 143
[2022-07-23T17:45:47.795Z INFO  client] Sending sample transaction 144
[2022-07-23T17:45:47.846Z INFO  client] Sending sample transaction 145
[2022-07-23T17:45:47.895Z INFO  client] Sending sample transaction 146
[2022-07-23T17:45:47.943Z INFO  client] Sending sample transaction 147
[2022-07-23T17:45:47.993Z INFO  client] Sending sample transaction 148
[2022-07-23T17:45:48.044Z INFO  client] Sending sample transaction 149
[2022-07-23T17:45:48.093Z INFO  client] Sending sample transaction 150
[2022-07-23T17:45:48.144Z INFO  client] Sending sample transaction 151
[2022-07-23T17:45:48.199Z INFO  client] Sending sample transaction 152
[2022-07-23T17:45:48.305Z INFO  client] Sending sample transaction 153
[2022-07-23T17:45:48.371Z INFO  client] Sending sample transaction 154
[2022-07-23T17:45:48.376Z INFO  client] Sending sample transaction 155
[2022-07-23T17:45:48.420Z INFO  client] Sending sample transaction 156
[2022-07-23T17:45:48.506Z INFO  client] Sending sample transaction 157
[2022-07-23T17:45:48.532Z INFO  client] Sending sample transaction 158
[2022-07-23T17:45:48.570Z INFO  client] Sending sample transaction 159
[2022-07-23T17:45:48.595Z INFO  client] Sending sample transaction 160
[2022-07-23T17:45:48.646Z INFO  client] Sending sample transaction 161
[2022-07-23T17:45:48.694Z INFO  client] Sending sample transaction 162
[2022-07-23T17:45:48.754Z INFO  client] Sending sample transaction 163
[2022-07-23T17:45:48.801Z INFO  client] Sending sample transaction 164
[2022-07-23T17:45:48.853Z INFO  client] Sending sample transaction 165
[2022-07-23T17:45:48.910Z INFO  client] Sending sample transaction 166
[2022-07-23T17:45:48.945Z INFO  client] Sending sample transaction 167
[2022-07-23T17:45:48.994Z INFO  client] Sending sample transaction 168
[2022-07-23T17:45:49.048Z INFO  client] Sending sample transaction 169
[2022-07-23T17:45:49.099Z INFO  client] Sending sample transaction 170
[2022-07-23T17:45:49.152Z INFO  client] Sending sample transaction 171
[2022-07-23T17:45:49.278Z INFO  client] Sending sample transaction 172
[2022-07-23T17:45:49.328Z INFO  client] Sending sample transaction 173
[2022-07-23T17:45:49.329Z INFO  client] Sending sample transaction 174
[2022-07-23T17:45:49.360Z INFO  client] Sending sample transaction 175
[2022-07-23T17:45:49.468Z INFO  client] Sending sample transaction 176
[2022-07-23T17:45:49.491Z WARN  client] Transaction rate too high for this client
[2022-07-23T17:45:49.491Z INFO  client] Sending sample transaction 177
[2022-07-23T17:45:49.545Z INFO  client] Sending sample transaction 178
[2022-07-23T17:45:49.612Z INFO  client] Sending sample transaction 179
[2022-07-23T17:45:49.612Z INFO  client] Sending sample transaction 180
[2022-07-23T17:45:49.681Z INFO  client] Sending sample transaction 181
[2022-07-23T17:45:49.734Z INFO  client] Sending sample transaction 182
[2022-07-23T17:45:49.753Z INFO  client] Sending sample transaction 183
[2022-07-23T17:45:49.869Z INFO  client] Sending sample transaction 184
[2022-07-23T17:45:49.870Z INFO  client] Sending sample transaction 185
[2022-07-23T17:45:49.940Z INFO  client] Sending sample transaction 186
[2022-07-23T17:45:50.011Z INFO  client] Sending sample transaction 187
[2022-07-23T17:45:50.058Z INFO  client] Sending sample transaction 188
[2022-07-23T17:45:50.120Z INFO  client] Sending sample transaction 189
[2022-07-23T17:45:50.146Z INFO  client] Sending sample transaction 190
[2022-07-23T17:45:50.240Z INFO  client] Sending sample transaction 191
[2022-07-23T17:45:50.241Z INFO  client] Sending sample transaction 192
[2022-07-23T17:45:50.277Z INFO  client] Sending sample transaction 193
[2022-07-23T17:45:50.316Z INFO  client] Sending sample transaction 194
[2022-07-23T17:45:50.371Z INFO  client] Sending sample transaction 195
[2022-07-23T17:45:50.400Z INFO  client] Sending sample transaction 196
[2022-07-23T17:45:50.450Z INFO  client] Sending sample transaction 197
[2022-07-23T17:45:50.502Z INFO  client] Sending sample transaction 198
[2022-07-23T17:45:50.544Z INFO  client] Sending sample transaction 199
[2022-07-23T17:45:50.596Z INFO  client] Sending sample transaction 200
[2022-07-23T17:45:50.644Z INFO  client] Sending sample transaction 201
[2022-07-23T17:45:50.711Z INFO  client] Sending sample transaction 202
[2022-07-23T17:45:50.769Z INFO  client] Sending sample transaction 203
[2022-07-23T17:45:50.901Z INFO  client] Sending sample transaction 204
[2022-07-23T17:45:50.939Z WARN  client] Transaction rate too high for this client
[2022-07-23T17:45:50.939Z INFO  client] Sending sample transaction 205
[2022-07-23T17:45:50.939Z INFO  client] Sending sample transaction 206
[2022-07-23T17:45:50.966Z INFO  client] Sending sample transaction 207
[2022-07-23T17:45:50.994Z INFO  client] Sending sample transaction 208
[2022-07-23T17:45:51.066Z INFO  client] Sending sample transaction 209
[2022-07-23T17:45:51.114Z INFO  client] Sending sample transaction 210
[2022-07-23T17:45:51.149Z INFO  client] Sending sample transaction 211
[2022-07-23T17:45:51.193Z INFO  client] Sending sample transaction 212
[2022-07-23T17:45:51.245Z INFO  client] Sending sample transaction 213
[2022-07-23T17:45:51.293Z INFO  client] Sending sample transaction 214
[2022-07-23T17:45:51.344Z INFO  client] Sending sample transaction 215
[2022-07-23T17:45:51.394Z INFO  client] Sending sample transaction 216
[2022-07-23T17:45:51.443Z INFO  client] Sending sample transaction 217
[2022-07-23T17:45:51.494Z INFO  client] Sending sample transaction 218
[2022-07-23T17:45:51.547Z INFO  client] Sending sample transaction 219
[2022-07-23T17:45:51.645Z INFO  client] Sending sample transaction 220
[2022-07-23T17:45:51.660Z INFO  client] Sending sample transaction 221
[2022-07-23T17:45:51.722Z INFO  client] Sending sample transaction 222
[2022-07-23T17:45:51.809Z INFO  client] Sending sample transaction 223
[2022-07-23T17:45:51.820Z INFO  client] Sending sample transaction 224
[2022-07-23T17:45:51.851Z INFO  client] Sending sample transaction 225
[2022-07-23T17:45:51.896Z INFO  client] Sending sample transaction 226
[2022-07-23T17:45:51.968Z INFO  client] Sending sample transaction 227
[2022-07-23T17:45:52.014Z INFO  client] Sending sample transaction 228
[2022-07-23T17:45:52.055Z INFO  client] Sending sample transaction 229
[2022-07-23T17:45:52.109Z INFO  client] Sending sample transaction 230
[2022-07-23T17:45:52.159Z INFO  client] Sending sample transaction 231
[2022-07-23T17:45:52.193Z INFO  client] Sending sample transaction 232
[2022-07-23T17:45:52.243Z INFO  client] Sending sample transaction 233
[2022-07-23T17:45:52.295Z INFO  client] Sending sample transaction 234
[2022-07-23T17:45:52.344Z INFO  client] Sending sample transaction 235
[2022-07-23T17:45:52.393Z INFO  client] Sending sample transaction 236
[2022-07-23T17:45:52.444Z INFO  client] Sending sample transaction 237
[2022-07-23T17:45:52.493Z INFO  client] Sending sample transaction 238
[2022-07-23T17:45:52.545Z INFO  client] Sending sample transaction 239
[2022-07-23T17:45:52.618Z INFO  client] Sending sample transaction 240
[2022-07-23T17:45:52.644Z INFO  client] Sending sample transaction 241
[2022-07-23T17:45:52.814Z INFO  client] Sending sample transaction 242
[2022-07-23T17:45:52.815Z INFO  client] Sending sample transaction 243
[2022-07-23T17:45:52.884Z INFO  client] Sending sample transaction 244
[2022-07-23T17:45:53.056Z INFO  client] Sending sample transaction 245
[2022-07-23T17:45:53.057Z INFO  client] Sending sample transaction 246
[2022-07-23T17:45:53.057Z INFO  client] Sending sample transaction 247
[2022-07-23T17:45:53.067Z INFO  client] Sending sample transaction 248
[2022-07-23T17:45:53.067Z INFO  client] Sending sample transaction 249
[2022-07-23T17:45:53.104Z INFO  client] Sending sample transaction 250
[2022-07-23T17:45:53.269Z INFO  client] Sending sample transaction 251
[2022-07-23T17:45:53.270Z WARN  client] Transaction rate too high for this client
[2022-07-23T17:45:53.270Z INFO  client] Sending sample transaction 252
[2022-07-23T17:45:53.271Z INFO  client] Sending sample transaction 253
[2022-07-23T17:45:53.348Z INFO  client] Sending sample transaction 254
[2022-07-23T17:45:53.387Z INFO  client] Sending sample transaction 255
[2022-07-23T17:45:53.402Z INFO  client] Sending sample transaction 256
[2022-07-23T17:45:53.453Z INFO  client] Sending sample transaction 257
[2022-07-23T17:45:53.508Z INFO  client] Sending sample transaction 258
[2022-07-23T17:45:53.557Z INFO  client] Sending sample transaction 259
[2022-07-23T17:45:53.617Z INFO  client] Sending sample transaction 260
[2022-07-23T17:45:53.648Z INFO  client] Sending sample transaction 261
[2022-07-23T17:45:53.694Z INFO  client] Sending sample transaction 262
[2022-07-23T17:45:53.744Z INFO  client] Sending sample transaction 263
[2022-07-23T17:45:53.793Z INFO  client] Sending sample transaction 264
[2022-07-23T17:45:53.844Z INFO  client] Sending sample transaction 265
[2022-07-23T17:45:53.894Z INFO  client] Sending sample transaction 266
[2022-07-23T17:45:53.944Z INFO  client] Sending sample transaction 267
[2022-07-23T17:45:53.994Z INFO  client] Sending sample transaction 268
[2022-07-23T17:45:54.045Z INFO  client] Sending sample transaction 269
[2022-07-23T17:45:54.095Z INFO  client] Sending sample transaction 270
[2022-07-23T17:45:54.144Z INFO  client] Sending sample transaction 271
[2022-07-23T17:45:54.216Z INFO  client] Sending sample transaction 272
[2022-07-23T17:45:54.256Z INFO  client] Sending sample transaction 273
[2022-07-23T17:45:54.329Z INFO  client] Sending sample transaction 274
[2022-07-23T17:45:54.369Z INFO  client] Sending sample transaction 275
[2022-07-23T17:45:54.405Z INFO  client] Sending sample transaction 276
[2022-07-23T17:45:54.446Z INFO  client] Sending sample transaction 277
[2022-07-23T17:45:54.496Z INFO  client] Sending sample transaction 278
[2022-07-23T17:45:54.543Z INFO  client] Sending sample transaction 279
[2022-07-23T17:45:54.593Z INFO  client] Sending sample transaction 280
[2022-07-23T17:45:54.644Z INFO  client] Sending sample transaction 281
[2022-07-23T17:45:54.693Z INFO  client] Sending sample transaction 282
[2022-07-23T17:45:54.744Z INFO  client] Sending sample transaction 283
[2022-07-23T17:45:54.795Z INFO  client] Sending sample transaction 284
[2022-07-23T17:45:54.843Z INFO  client] Sending sample transaction 285
[2022-07-23T17:45:54.894Z INFO  client] Sending sample transaction 286
[2022-07-23T17:45:54.945Z INFO  client] Sending sample transaction 287
[2022-07-23T17:45:55.025Z INFO  client] Sending sample transaction 288
[2022-07-23T17:45:55.085Z INFO  client] Sending sample transaction 289
[2022-07-23T17:45:55.111Z INFO  client] Sending sample transaction 290
[2022-07-23T17:45:55.206Z INFO  client] Sending sample transaction 291
[2022-07-23T17:45:55.271Z INFO  client] Sending sample transaction 292
[2022-07-23T17:45:55.272Z INFO  client] Sending sample transaction 293
[2022-07-23T17:45:55.298Z INFO  client] Sending sample transaction 294
[2022-07-23T17:45:55.355Z INFO  client] Sending sample transaction 295
[2022-07-23T17:45:55.393Z INFO  client] Sending sample transaction 296
[2022-07-23T17:45:55.473Z INFO  client] Sending sample transaction 297
[2022-07-23T17:45:55.538Z INFO  client] Sending sample transaction 298
[2022-07-23T17:45:55.607Z INFO  client] Sending sample transaction 299
[2022-07-23T17:45:55.608Z INFO  client] Sending sample transaction 300
[2022-07-23T17:45:55.659Z INFO  client] Sending sample transaction 301
[2022-07-23T17:45:55.697Z INFO  client] Sending sample transaction 302
[2022-07-23T17:45:55.744Z INFO  client] Sending sample transaction 303
[2022-07-23T17:45:55.799Z INFO  client] Sending sample transaction 304
[2022-07-23T17:45:55.845Z INFO  client] Sending sample transaction 305
[2022-07-23T17:45:55.894Z INFO  client] Sending sample transaction 306
[2022-07-23T17:45:55.944Z INFO  client] Sending sample transaction 307
[2022-07-23T17:45:55.994Z INFO  client] Sending sample transaction 308
[2022-07-23T17:45:56.044Z INFO  client] Sending sample transaction 309
[2022-07-23T17:45:56.094Z INFO  client] Sending sample transaction 310
[2022-07-23T17:45:56.144Z INFO  client] Sending sample transaction 311
[2022-07-23T17:45:56.193Z INFO  client] Sending sample transaction 312
[2022-07-23T17:45:56.245Z INFO  client] Sending sample transaction 313
[2022-07-23T17:45:56.294Z INFO  client] Sending sample transaction 314
[2022-07-23T17:45:56.344Z INFO  client] Sending sample transaction 315
[2022-07-23T17:45:56.394Z INFO  client] Sending sample transaction 316
[2022-07-23T17:45:56.443Z INFO  client] Sending sample transaction 317
[2022-07-23T17:45:56.495Z INFO  client] Sending sample transaction 318
[2022-07-23T17:45:56.556Z INFO  client] Sending sample transaction 319
[2022-07-23T17:45:56.595Z INFO  client] Sending sample transaction 320
[2022-07-23T17:45:56.644Z INFO  client] Sending sample transaction 321
[2022-07-23T17:45:56.693Z INFO  client] Sending sample transaction 322
[2022-07-23T17:45:56.744Z INFO  client] Sending sample transaction 323
[2022-07-23T17:45:56.795Z INFO  client] Sending sample transaction 324
[2022-07-23T17:45:56.844Z INFO  client] Sending sample transaction 325
[2022-07-23T17:45:56.943Z INFO  client] Sending sample transaction 326
[2022-07-23T17:45:57.009Z INFO  client] Sending sample transaction 327
[2022-07-23T17:45:57.111Z INFO  client] Sending sample transaction 328
[2022-07-23T17:45:57.112Z INFO  client] Sending sample transaction 329
[2022-07-23T17:45:57.191Z INFO  client] Sending sample transaction 330
[2022-07-23T17:45:57.191Z INFO  client] Sending sample transaction 331
[2022-07-23T17:45:57.211Z INFO  client] Sending sample transaction 332
[2022-07-23T17:45:57.245Z INFO  client] Sending sample transaction 333
[2022-07-23T17:45:57.294Z INFO  client] Sending sample transaction 334
[2022-07-23T17:45:57.345Z INFO  client] Sending sample transaction 335
[2022-07-23T17:45:57.393Z INFO  client] Sending sample transaction 336
[2022-07-23T17:45:57.454Z INFO  client] Sending sample transaction 337
[2022-07-23T17:45:57.494Z INFO  client] Sending sample transaction 338
[2022-07-23T17:45:57.544Z INFO  client] Sending sample transaction 339
[2022-07-23T17:45:57.593Z INFO  client] Sending sample transaction 340
[2022-07-23T17:45:57.660Z INFO  client] Sending sample transaction 341
[2022-07-23T17:45:57.693Z INFO  client] Sending sample transaction 342
[2022-07-23T17:45:57.744Z INFO  client] Sending sample transaction 343
[2022-07-23T17:45:57.794Z INFO  client] Sending sample transaction 344
[2022-07-23T17:45:57.843Z INFO  client] Sending sample transaction 345
[2022-07-23T17:45:57.893Z INFO  client] Sending sample transaction 346
[2022-07-23T17:45:57.944Z INFO  client] Sending sample transaction 347
[2022-07-23T17:45:57.994Z INFO  client] Sending sample transaction 348
[2022-07-23T17:45:58.044Z INFO  client] Sending sample transaction 349
[2022-07-23T17:45:58.094Z INFO  client] Sending sample transaction 350
[2022-07-23T17:45:58.143Z INFO  client] Sending sample transaction 351
[2022-07-23T17:45:58.194Z INFO  client] Sending sample transaction 352
[2022-07-23T17:45:58.243Z INFO  client] Sending sample transaction 353
[2022-07-23T17:45:58.294Z INFO  client] Sending sample transaction 354
[2022-07-23T17:45:58.343Z INFO  client] Sending sample transaction 355
[2022-07-23T17:45:58.393Z INFO  client] Sending sample transaction 356
[2022-07-23T17:45:58.444Z INFO  client] Sending sample transaction 357
[2022-07-23T17:45:58.494Z INFO  client] Sending sample transaction 358
[2022-07-23T17:45:58.543Z INFO  client] Sending sample transaction 359
[2022-07-23T17:45:58.638Z INFO  client] Sending sample transaction 360
[2022-07-23T17:45:58.644Z INFO  client] Sending sample transaction 361
[2022-07-23T17:45:58.711Z INFO  client] Sending sample transaction 362
[2022-07-23T17:45:58.780Z INFO  client] Sending sample transaction 363
[2022-07-23T17:45:58.838Z INFO  client] Sending sample transaction 364
[2022-07-23T17:45:58.859Z INFO  client] Sending sample transaction 365
[2022-07-23T17:45:58.895Z INFO  client] Sending sample transaction 366
[2022-07-23T17:45:58.943Z INFO  client] Sending sample transaction 367
[2022-07-23T17:45:58.999Z INFO  client] Sending sample transaction 368
[2022-07-23T17:45:59.044Z INFO  client] Sending sample transaction 369
[2022-07-23T17:45:59.093Z INFO  client] Sending sample transaction 370
[2022-07-23T17:45:59.144Z INFO  client] Sending sample transaction 371
[2022-07-23T17:45:59.193Z INFO  client] Sending sample transaction 372
[2022-07-23T17:45:59.244Z INFO  client] Sending sample transaction 373
[2022-07-23T17:45:59.294Z INFO  client] Sending sample transaction 374
[2022-07-23T17:45:59.349Z INFO  client] Sending sample transaction 375
[2022-07-23T17:45:59.393Z INFO  client] Sending sample transaction 376
[2022-07-23T17:45:59.446Z INFO  client] Sending sample transaction 377
[2022-07-23T17:45:59.494Z INFO  client] Sending sample transaction 378
[2022-07-23T17:45:59.545Z INFO  client] Sending sample transaction 379
[2022-07-23T17:45:59.595Z INFO  client] Sending sample transaction 380
[2022-07-23T17:45:59.644Z INFO  client] Sending sample transaction 381
[2022-07-23T17:45:59.703Z INFO  client] Sending sample transaction 382
[2022-07-23T17:45:59.744Z INFO  client] Sending sample transaction 383
[2022-07-23T17:45:59.794Z INFO  client] Sending sample transaction 384
[2022-07-23T17:45:59.844Z INFO  client] Sending sample transaction 385
[2022-07-23T17:45:59.894Z INFO  client] Sending sample transaction 386
[2022-07-23T17:45:59.947Z INFO  client] Sending sample transaction 387
[2022-07-23T17:45:59.994Z INFO  client] Sending sample transaction 388
[2022-07-23T17:46:00.044Z INFO  client] Sending sample transaction 389
[2022-07-23T17:46:00.093Z INFO  client] Sending sample transaction 390
[2022-07-23T17:46:00.144Z INFO  client] Sending sample transaction 391
[2022-07-23T17:46:00.194Z INFO  client] Sending sample transaction 392
[2022-07-23T17:46:00.257Z INFO  client] Sending sample transaction 393
[2022-07-23T17:46:00.299Z INFO  client] Sending sample transaction 394
[2022-07-23T17:46:00.344Z INFO  client] Sending sample transaction 395
[2022-07-23T17:46:00.405Z INFO  client] Sending sample transaction 396
[2022-07-23T17:46:00.478Z INFO  client] Sending sample transaction 397
[2022-07-23T17:46:00.494Z INFO  client] Sending sample transaction 398
[2022-07-23T17:46:00.544Z INFO  client] Sending sample transaction 399
[2022-07-23T17:46:00.593Z INFO  client] Sending sample transaction 400
[2022-07-23T17:46:00.659Z INFO  client] Sending sample transaction 401
[2022-07-23T17:46:00.698Z INFO  client] Sending sample transaction 402
[2022-07-23T17:46:00.744Z INFO  client] Sending sample transaction 403
[2022-07-23T17:46:00.794Z INFO  client] Sending sample transaction 404
[2022-07-23T17:46:00.843Z INFO  client] Sending sample transaction 405
[2022-07-23T17:46:00.894Z INFO  client] Sending sample transaction 406
[2022-07-23T17:46:00.956Z INFO  client] Sending sample transaction 407
[2022-07-23T17:46:01.003Z INFO  client] Sending sample transaction 408
[2022-07-23T17:46:01.060Z INFO  client] Sending sample transaction 409
[2022-07-23T17:46:01.095Z INFO  client] Sending sample transaction 410
[2022-07-23T17:46:01.144Z INFO  client] Sending sample transaction 411
[2022-07-23T17:46:01.193Z INFO  client] Sending sample transaction 412
[2022-07-23T17:46:01.244Z INFO  client] Sending sample transaction 413
[2022-07-23T17:46:01.295Z INFO  client] Sending sample transaction 414
[2022-07-23T17:46:01.344Z INFO  client] Sending sample transaction 415
[2022-07-23T17:46:01.393Z INFO  client] Sending sample transaction 416
[2022-07-23T17:46:01.444Z INFO  client] Sending sample transaction 417
[2022-07-23T17:46:01.494Z INFO  client] Sending sample transaction 418
[2022-07-23T17:46:01.544Z INFO  client] Sending sample transaction 419
[2022-07-23T17:46:01.593Z INFO  client] Sending sample transaction 420
[2022-07-23T17:46:01.644Z INFO  client] Sending sample transaction 421
[2022-07-23T17:46:01.703Z INFO  client] Sending sample transaction 422
[2022-07-23T17:46:01.762Z INFO  client] Sending sample transaction 423
[2022-07-23T17:46:01.809Z INFO  client] Sending sample transaction 424
[2022-07-23T17:46:01.863Z INFO  client] Sending sample transaction 425
[2022-07-23T17:46:01.894Z INFO  client] Sending sample transaction 426
[2022-07-23T17:46:01.944Z INFO  client] Sending sample transaction 427
[2022-07-23T17:46:01.997Z INFO  client] Sending sample transaction 428
[2022-07-23T17:46:02.043Z INFO  client] Sending sample transaction 429
[2022-07-23T17:46:02.093Z INFO  client] Sending sample transaction 430
[2022-07-23T17:46:02.144Z INFO  client] Sending sample transaction 431
[2022-07-23T17:46:02.193Z INFO  client] Sending sample transaction 432
[2022-07-23T17:46:02.243Z INFO  client] Sending sample transaction 433
[2022-07-23T17:46:02.293Z INFO  client] Sending sample transaction 434
[2022-07-23T17:46:02.343Z INFO  client] Sending sample transaction 435
[2022-07-23T17:46:02.394Z INFO  client] Sending sample transaction 436
[2022-07-23T17:46:02.443Z INFO  client] Sending sample transaction 437
[2022-07-23T17:46:02.493Z INFO  client] Sending sample transaction 438
[2022-07-23T17:46:02.543Z INFO  client] Sending sample transaction 439
[2022-07-23T17:46:02.593Z INFO  client] Sending sample transaction 440
[2022-07-23T17:46:02.643Z INFO  client] Sending sample transaction 441
[2022-07-23T17:46:02.693Z INFO  client] Sending sample transaction 442
[2022-07-23T17:46:02.744Z INFO  client] Sending sample transaction 443
[2022-07-23T17:46:02.793Z INFO  client] Sending sample transaction 444
[2022-07-23T17:46:02.843Z INFO  client] Sending sample transaction 445
[2022-07-23T17:46:02.894Z INFO  client] Sending sample transaction 446
[2022-07-23T17:46:02.971Z INFO  client] Sending sample transaction 447
[2022-07-23T17:46:03.006Z INFO  client] Sending sample transaction 448
[2022-07-23T17:46:03.082Z INFO  client] Sending sample transaction 449
[2022-07-23T17:46:03.100Z INFO  client] Sending sample transaction 450
[2022-07-23T17:46:03.146Z INFO  client] Sending sample transaction 451
[2022-07-23T17:46:03.203Z INFO  client] Sending sample transaction 452
[2022-07-23T17:46:03.246Z INFO  client] Sending sample transaction 453
[2022-07-23T17:46:03.297Z INFO  client] Sending sample transaction 454
[2022-07-23T17:46:03.354Z INFO  client] Sending sample transaction 455
[2022-07-23T17:46:03.396Z INFO  client] Sending sample transaction 456
[2022-07-23T17:46:03.450Z INFO  client] Sending sample transaction 457
[2022-07-23T17:46:03.493Z INFO  client] Sending sample transaction 458
[2022-07-23T17:46:03.544Z INFO  client] Sending sample transaction 459
[2022-07-23T17:46:03.594Z INFO  client] Sending sample transaction 460
[2022-07-23T17:46:03.645Z INFO  client] Sending sample transaction 461
[2022-07-23T17:46:03.694Z INFO  client] Sending sample transaction 462
[2022-07-23T17:46:03.744Z INFO  client] Sending sample transaction 463
[2022-07-23T17:46:03.794Z INFO  client] Sending sample transaction 464
