[2022-07-24T10:55:24.516Z INFO  client] Node address: 127.0.0.1:9012
[2022-07-24T10:55:24.516Z INFO  client] Transactions size: 512 B
[2022-07-24T10:55:24.516Z INFO  client] Transactions rate: 112 tx/s
[2022-07-24T10:55:24.516Z INFO  client] Waiting for all nodes to be online...
[2022-07-24T10:55:24.516Z INFO  client] Waiting for all nodes to be synchronized...
[2022-07-24T10:55:26.526Z INFO  client] Start sending transactions
[2022-07-24T10:55:26.529Z INFO  client] Sending sample transaction 0
[2022-07-24T10:55:26.580Z INFO  client] Sending sample transaction 1
[2022-07-24T10:55:26.629Z INFO  client] Sending sample transaction 2
[2022-07-24T10:55:26.680Z INFO  client] Sending sample transaction 3
[2022-07-24T10:55:26.729Z INFO  client] Sending sample transaction 4
[2022-07-24T10:55:26.777Z INFO  client] Sending sample transaction 5
[2022-07-24T10:55:26.830Z INFO  client] Sending sample transaction 6
[2022-07-24T10:55:26.878Z INFO  client] Sending sample transaction 7
[2022-07-24T10:55:26.928Z INFO  client] Sending sample transaction 8
[2022-07-24T10:55:26.979Z INFO  client] Sending sample transaction 9
[2022-07-24T10:55:27.029Z INFO  client] Sending sample transaction 10
[2022-07-24T10:55:27.080Z INFO  client] Sending sample transaction 11
[2022-07-24T10:55:27.128Z INFO  client] Sending sample transaction 12
[2022-07-24T10:55:27.178Z INFO  client] Sending sample transaction 13
[2022-07-24T10:55:27.229Z INFO  client] Sending sample transaction 14
[2022-07-24T10:55:27.277Z INFO  client] Sending sample transaction 15
[2022-07-24T10:55:27.328Z INFO  client] Sending sample transaction 16
[2022-07-24T10:55:27.395Z INFO  client] Sending sample transaction 17
[2022-07-24T10:55:27.463Z INFO  client] Sending sample transaction 18
[2022-07-24T10:55:27.513Z INFO  client] Sending sample transaction 19
[2022-07-24T10:55:27.528Z INFO  client] Sending sample transaction 20
[2022-07-24T10:55:27.598Z INFO  client] Sending sample transaction 21
[2022-07-24T10:55:27.635Z INFO  client] Sending sample transaction 22
[2022-07-24T10:55:27.683Z INFO  client] Sending sample transaction 23
[2022-07-24T10:55:27.730Z INFO  client] Sending sample transaction 24
[2022-07-24T10:55:27.778Z INFO  client] Sending sample transaction 25
[2022-07-24T10:55:27.828Z INFO  client] Sending sample transaction 26
[2022-07-24T10:55:27.880Z INFO  client] Sending sample transaction 27
[2022-07-24T10:55:27.955Z INFO  client] Sending sample transaction 28
[2022-07-24T10:55:27.980Z INFO  client] Sending sample transaction 29
[2022-07-24T10:55:28.034Z INFO  client] Sending sample transaction 30
[2022-07-24T10:55:28.079Z INFO  client] Sending sample transaction 31
[2022-07-24T10:55:28.129Z INFO  client] Sending sample transaction 32
[2022-07-24T10:55:28.181Z INFO  client] Sending sample transaction 33
[2022-07-24T10:55:28.228Z INFO  client] Sending sample transaction 34
[2022-07-24T10:55:28.293Z INFO  client] Sending sample transaction 35
[2022-07-24T10:55:28.347Z INFO  client] Sending sample transaction 36
[2022-07-24T10:55:28.388Z INFO  client] Sending sample transaction 37
[2022-07-24T10:55:28.430Z INFO  client] Sending sample transaction 38
[2022-07-24T10:55:28.480Z INFO  client] Sending sample transaction 39
[2022-07-24T10:55:28.529Z INFO  client] Sending sample transaction 40
[2022-07-24T10:55:28.578Z INFO  client] Sending sample transaction 41
[2022-07-24T10:55:28.628Z INFO  client] Sending sample transaction 42
[2022-07-24T10:55:28.678Z INFO  client] Sending sample transaction 43
[2022-07-24T10:55:28.730Z INFO  client] Sending sample transaction 44
[2022-07-24T10:55:28.779Z INFO  client] Sending sample transaction 45
[2022-07-24T10:55:28.828Z INFO  client] Sending sample transaction 46
[2022-07-24T10:55:28.879Z INFO  client] Sending sample transaction 47
[2022-07-24T10:55:28.928Z INFO  client] Sending sample transaction 48
[2022-07-24T10:55:29.020Z INFO  client] Sending sample transaction 49
[2022-07-24T10:55:29.082Z INFO  client] Sending sample transaction 50
[2022-07-24T10:55:29.090Z INFO  client] Sending sample transaction 51
[2022-07-24T10:55:29.133Z INFO  client] Sending sample transaction 52
[2022-07-24T10:55:29.180Z INFO  client] Sending sample transaction 53
[2022-07-24T10:55:29.228Z INFO  client] Sending sample transaction 54
[2022-07-24T10:55:29.278Z INFO  client] Sending sample transaction 55
[2022-07-24T10:55:29.329Z INFO  client] Sending sample transaction 56
[2022-07-24T10:55:29.378Z INFO  client] Sending sample transaction 57
[2022-07-24T10:55:29.428Z INFO  client] Sending sample transaction 58
[2022-07-24T10:55:29.478Z INFO  client] Sending sample transaction 59
[2022-07-24T10:55:29.527Z INFO  client] Sending sample transaction 60
[2022-07-24T10:55:29.578Z INFO  client] Sending sample transaction 61
[2022-07-24T10:55:29.628Z INFO  client] Sending sample transaction 62
[2022-07-24T10:55:29.678Z INFO  client] Sending sample transaction 63
[2022-07-24T10:55:29.728Z INFO  client] Sending sample transaction 64
[2022-07-24T10:55:29.778Z INFO  client] Sending sample transaction 65
[2022-07-24T10:55:29.828Z INFO  client] Sending sample transaction 66
[2022-07-24T10:55:29.877Z INFO  client] Sending sample transaction 67
[2022-07-24T10:55:29.928Z INFO  client] Sending sample transaction 68
[2022-07-24T10:55:29.979Z INFO  client] Sending sample transaction 69
[2022-07-24T10:55:30.031Z INFO  client] Sending sample transaction 70
[2022-07-24T10:55:30.093Z INFO  client] Sending sample transaction 71
[2022-07-24T10:55:30.130Z INFO  client] Sending sample transaction 72
[2022-07-24T10:55:30.179Z INFO  client] Sending sample transaction 73
[2022-07-24T10:55:30.227Z INFO  client] Sending sample transaction 74
[2022-07-24T10:55:30.282Z INFO  client] Sending sample transaction 75
[2022-07-24T10:55:30.328Z INFO  client] Sending sample transaction 76
[2022-07-24T10:55:30.378Z INFO  client] Sending sample transaction 77
[2022-07-24T10:55:30.428Z INFO  client] Sending sample transaction 78
[2022-07-24T10:55:30.478Z INFO  client] Sending sample transaction 79
[2022-07-24T10:55:30.527Z INFO  client] Sending sample transaction 80
[2022-07-24T10:55:30.579Z INFO  client] Sending sample transaction 81
[2022-07-24T10:55:30.628Z INFO  client] Sending sample transaction 82
[2022-07-24T10:55:30.678Z INFO  client] Sending sample transaction 83
[2022-07-24T10:55:30.728Z INFO  client] Sending sample transaction 84
[2022-07-24T10:55:30.778Z INFO  client] Sending sample transaction 85
[2022-07-24T10:55:30.828Z INFO  client] Sending sample transaction 86
[2022-07-24T10:55:30.879Z INFO  client] Sending sample transaction 87
[2022-07-24T10:55:30.928Z INFO  client] Sending sample transaction 88
[2022-07-24T10:55:30.978Z INFO  client] Sending sample transaction 89
[2022-07-24T10:55:31.028Z INFO  client] Sending sample transaction 90
[2022-07-24T10:55:31.078Z INFO  client] Sending sample transaction 91
[2022-07-24T10:55:31.128Z INFO  client] Sending sample transaction 92
[2022-07-24T10:55:31.178Z INFO  client] Sending sample transaction 93
[2022-07-24T10:55:31.229Z INFO  client] Sending sample transaction 94
[2022-07-24T10:55:31.280Z INFO  client] Sending sample transaction 95
[2022-07-24T10:55:31.328Z INFO  client] Sending sample transaction 96
[2022-07-24T10:55:31.378Z INFO  client] Sending sample transaction 97
[2022-07-24T10:55:31.428Z INFO  client] Sending sample transaction 98
[2022-07-24T10:55:31.478Z INFO  client] Sending sample transaction 99
[2022-07-24T10:55:31.528Z INFO  client] Sending sample transaction 100
[2022-07-24T10:55:31.578Z INFO  client] Sending sample transaction 101
[2022-07-24T10:55:31.628Z INFO  client] Sending sample transaction 102
[2022-07-24T10:55:31.681Z INFO  client] Sending sample transaction 103
[2022-07-24T10:55:31.728Z INFO  client] Sending sample transaction 104
[2022-07-24T10:55:31.778Z INFO  client] Sending sample transaction 105
[2022-07-24T10:55:31.828Z INFO  client] Sending sample transaction 106
[2022-07-24T10:55:31.880Z INFO  client] Sending sample transaction 107
[2022-07-24T10:55:31.931Z INFO  client] Sending sample transaction 108
[2022-07-24T10:55:31.978Z INFO  client] Sending sample transaction 109
[2022-07-24T10:55:32.028Z INFO  client] Sending sample transaction 110
[2022-07-24T10:55:32.082Z INFO  client] Sending sample transaction 111
[2022-07-24T10:55:32.128Z INFO  client] Sending sample transaction 112
[2022-07-24T10:55:32.219Z INFO  client] Sending sample transaction 113
[2022-07-24T10:55:32.235Z INFO  client] Sending sample transaction 114
[2022-07-24T10:55:32.279Z INFO  client] Sending sample transaction 115
[2022-07-24T10:55:32.328Z INFO  client] Sending sample transaction 116
[2022-07-24T10:55:32.378Z INFO  client] Sending sample transaction 117
[2022-07-24T10:55:32.428Z INFO  client] Sending sample transaction 118
[2022-07-24T10:55:32.477Z INFO  client] Sending sample transaction 119
[2022-07-24T10:55:32.531Z INFO  client] Sending sample transaction 120
[2022-07-24T10:55:32.578Z INFO  client] Sending sample transaction 121
[2022-07-24T10:55:32.629Z INFO  client] Sending sample transaction 122
[2022-07-24T10:55:32.679Z INFO  client] Sending sample transaction 123
[2022-07-24T10:55:32.728Z INFO  client] Sending sample transaction 124
[2022-07-24T10:55:32.779Z INFO  client] Sending sample transaction 125
[2022-07-24T10:55:32.828Z INFO  client] Sending sample transaction 126
[2022-07-24T10:55:32.881Z INFO  client] Sending sample transaction 127
[2022-07-24T10:55:32.929Z INFO  client] Sending sample transaction 128
[2022-07-24T10:55:32.978Z INFO  client] Sending sample transaction 129
[2022-07-24T10:55:33.028Z INFO  client] Sending sample transaction 130
[2022-07-24T10:55:33.077Z INFO  client] Sending sample transaction 131
[2022-07-24T10:55:33.128Z INFO  client] Sending sample transaction 132
[2022-07-24T10:55:33.178Z INFO  client] Sending sample transaction 133
[2022-07-24T10:55:33.230Z INFO  client] Sending sample transaction 134
[2022-07-24T10:55:33.282Z INFO  client] Sending sample transaction 135
[2022-07-24T10:55:33.329Z INFO  client] Sending sample transaction 136
[2022-07-24T10:55:33.379Z INFO  client] Sending sample transaction 137
[2022-07-24T10:55:33.428Z INFO  client] Sending sample transaction 138
[2022-07-24T10:55:33.478Z INFO  client] Sending sample transaction 139
[2022-07-24T10:55:33.528Z INFO  client] Sending sample transaction 140
[2022-07-24T10:55:33.585Z INFO  client] Sending sample transaction 141
[2022-07-24T10:55:33.628Z INFO  client] Sending sample transaction 142
[2022-07-24T10:55:33.678Z INFO  client] Sending sample transaction 143
[2022-07-24T10:55:33.727Z INFO  client] Sending sample transaction 144
[2022-07-24T10:55:33.788Z INFO  client] Sending sample transaction 145
[2022-07-24T10:55:33.827Z INFO  client] Sending sample transaction 146
[2022-07-24T10:55:33.877Z INFO  client] Sending sample transaction 147
[2022-07-24T10:55:33.988Z INFO  client] Sending sample transaction 148
[2022-07-24T10:55:33.995Z INFO  client] Sending sample transaction 149
[2022-07-24T10:55:34.028Z INFO  client] Sending sample transaction 150
[2022-07-24T10:55:34.077Z INFO  client] Sending sample transaction 151
[2022-07-24T10:55:34.128Z INFO  client] Sending sample transaction 152
[2022-07-24T10:55:34.179Z INFO  client] Sending sample transaction 153
[2022-07-24T10:55:34.228Z INFO  client] Sending sample transaction 154
[2022-07-24T10:55:34.278Z INFO  client] Sending sample transaction 155
[2022-07-24T10:55:34.338Z INFO  client] Sending sample transaction 156
[2022-07-24T10:55:34.378Z INFO  client] Sending sample transaction 157
[2022-07-24T10:55:34.428Z INFO  client] Sending sample transaction 158
[2022-07-24T10:55:34.478Z INFO  client] Sending sample transaction 159
[2022-07-24T10:55:34.528Z INFO  client] Sending sample transaction 160
[2022-07-24T10:55:34.578Z INFO  client] Sending sample transaction 161
[2022-07-24T10:55:34.628Z INFO  client] Sending sample transaction 162
[2022-07-24T10:55:34.678Z INFO  client] Sending sample transaction 163
[2022-07-24T10:55:34.728Z INFO  client] Sending sample transaction 164
[2022-07-24T10:55:34.779Z INFO  client] Sending sample transaction 165
[2022-07-24T10:55:34.829Z INFO  client] Sending sample transaction 166
[2022-07-24T10:55:34.879Z INFO  client] Sending sample transaction 167
[2022-07-24T10:55:34.928Z INFO  client] Sending sample transaction 168
[2022-07-24T10:55:34.978Z INFO  client] Sending sample transaction 169
[2022-07-24T10:55:35.027Z INFO  client] Sending sample transaction 170
[2022-07-24T10:55:35.079Z INFO  client] Sending sample transaction 171
[2022-07-24T10:55:35.128Z INFO  client] Sending sample transaction 172
[2022-07-24T10:55:35.178Z INFO  client] Sending sample transaction 173
[2022-07-24T10:55:35.230Z INFO  client] Sending sample transaction 174
[2022-07-24T10:55:35.278Z INFO  client] Sending sample transaction 175
[2022-07-24T10:55:35.327Z INFO  client] Sending sample transaction 176
[2022-07-24T10:55:35.378Z INFO  client] Sending sample transaction 177
[2022-07-24T10:55:35.428Z INFO  client] Sending sample transaction 178
[2022-07-24T10:55:35.478Z INFO  client] Sending sample transaction 179
[2022-07-24T10:55:35.528Z INFO  client] Sending sample transaction 180
[2022-07-24T10:55:35.578Z INFO  client] Sending sample transaction 181
[2022-07-24T10:55:35.628Z INFO  client] Sending sample transaction 182
[2022-07-24T10:55:35.678Z INFO  client] Sending sample transaction 183
[2022-07-24T10:55:35.728Z INFO  client] Sending sample transaction 184
[2022-07-24T10:55:35.777Z INFO  client] Sending sample transaction 185
[2022-07-24T10:55:35.828Z INFO  client] Sending sample transaction 186
[2022-07-24T10:55:35.878Z INFO  client] Sending sample transaction 187
[2022-07-24T10:55:35.929Z INFO  client] Sending sample transaction 188
[2022-07-24T10:55:35.978Z INFO  client] Sending sample transaction 189
[2022-07-24T10:55:36.028Z INFO  client] Sending sample transaction 190
[2022-07-24T10:55:36.080Z INFO  client] Sending sample transaction 191
[2022-07-24T10:55:36.127Z INFO  client] Sending sample transaction 192
[2022-07-24T10:55:36.179Z INFO  client] Sending sample transaction 193
[2022-07-24T10:55:36.231Z INFO  client] Sending sample transaction 194
[2022-07-24T10:55:36.278Z INFO  client] Sending sample transaction 195
[2022-07-24T10:55:36.328Z INFO  client] Sending sample transaction 196
[2022-07-24T10:55:36.378Z INFO  client] Sending sample transaction 197
[2022-07-24T10:55:36.438Z INFO  client] Sending sample transaction 198
[2022-07-24T10:55:36.479Z INFO  client] Sending sample transaction 199
[2022-07-24T10:55:36.528Z INFO  client] Sending sample transaction 200
[2022-07-24T10:55:36.578Z INFO  client] Sending sample transaction 201
[2022-07-24T10:55:36.629Z INFO  client] Sending sample transaction 202
[2022-07-24T10:55:36.678Z INFO  client] Sending sample transaction 203
[2022-07-24T10:55:36.728Z INFO  client] Sending sample transaction 204
[2022-07-24T10:55:36.778Z INFO  client] Sending sample transaction 205
[2022-07-24T10:55:36.828Z INFO  client] Sending sample transaction 206
[2022-07-24T10:55:36.878Z INFO  client] Sending sample transaction 207
[2022-07-24T10:55:36.929Z INFO  client] Sending sample transaction 208
[2022-07-24T10:55:36.978Z INFO  client] Sending sample transaction 209
[2022-07-24T10:55:37.028Z INFO  client] Sending sample transaction 210
[2022-07-24T10:55:37.078Z INFO  client] Sending sample transaction 211
[2022-07-24T10:55:37.128Z INFO  client] Sending sample transaction 212
[2022-07-24T10:55:37.178Z INFO  client] Sending sample transaction 213
[2022-07-24T10:55:37.228Z INFO  client] Sending sample transaction 214
[2022-07-24T10:55:37.278Z INFO  client] Sending sample transaction 215
[2022-07-24T10:55:37.328Z INFO  client] Sending sample transaction 216
[2022-07-24T10:55:37.379Z INFO  client] Sending sample transaction 217
[2022-07-24T10:55:37.428Z INFO  client] Sending sample transaction 218
[2022-07-24T10:55:37.478Z INFO  client] Sending sample transaction 219
[2022-07-24T10:55:37.528Z INFO  client] Sending sample transaction 220
[2022-07-24T10:55:37.645Z INFO  client] Sending sample transaction 221
[2022-07-24T10:55:37.682Z INFO  client] Sending sample transaction 222
[2022-07-24T10:55:37.683Z INFO  client] Sending sample transaction 223
[2022-07-24T10:55:37.728Z INFO  client] Sending sample transaction 224
[2022-07-24T10:55:37.778Z INFO  client] Sending sample transaction 225
[2022-07-24T10:55:37.828Z INFO  client] Sending sample transaction 226
[2022-07-24T10:55:37.879Z INFO  client] Sending sample transaction 227
[2022-07-24T10:55:37.928Z INFO  client] Sending sample transaction 228
[2022-07-24T10:55:37.978Z INFO  client] Sending sample transaction 229
[2022-07-24T10:55:38.028Z INFO  client] Sending sample transaction 230
[2022-07-24T10:55:38.078Z INFO  client] Sending sample transaction 231
[2022-07-24T10:55:38.128Z INFO  client] Sending sample transaction 232
[2022-07-24T10:55:38.182Z INFO  client] Sending sample transaction 233
[2022-07-24T10:55:38.228Z INFO  client] Sending sample transaction 234
[2022-07-24T10:55:38.279Z INFO  client] Sending sample transaction 235
[2022-07-24T10:55:38.329Z INFO  client] Sending sample transaction 236
[2022-07-24T10:55:38.378Z INFO  client] Sending sample transaction 237
[2022-07-24T10:55:38.428Z INFO  client] Sending sample transaction 238
[2022-07-24T10:55:38.478Z INFO  client] Sending sample transaction 239
[2022-07-24T10:55:38.542Z INFO  client] Sending sample transaction 240
[2022-07-24T10:55:38.578Z INFO  client] Sending sample transaction 241
[2022-07-24T10:55:38.628Z INFO  client] Sending sample transaction 242
[2022-07-24T10:55:38.678Z INFO  client] Sending sample transaction 243
[2022-07-24T10:55:38.727Z INFO  client] Sending sample transaction 244
[2022-07-24T10:55:38.778Z INFO  client] Sending sample transaction 245
[2022-07-24T10:55:38.833Z INFO  client] Sending sample transaction 246
[2022-07-24T10:55:38.878Z INFO  client] Sending sample transaction 247
[2022-07-24T10:55:38.928Z INFO  client] Sending sample transaction 248
[2022-07-24T10:55:38.978Z INFO  client] Sending sample transaction 249
[2022-07-24T10:55:39.029Z INFO  client] Sending sample transaction 250
[2022-07-24T10:55:39.078Z INFO  client] Sending sample transaction 251
[2022-07-24T10:55:39.128Z INFO  client] Sending sample transaction 252
[2022-07-24T10:55:39.178Z INFO  client] Sending sample transaction 253
[2022-07-24T10:55:39.229Z INFO  client] Sending sample transaction 254
[2022-07-24T10:55:39.278Z INFO  client] Sending sample transaction 255
[2022-07-24T10:55:39.328Z INFO  client] Sending sample transaction 256
[2022-07-24T10:55:39.378Z INFO  client] Sending sample transaction 257
[2022-07-24T10:55:39.428Z INFO  client] Sending sample transaction 258
[2022-07-24T10:55:39.478Z INFO  client] Sending sample transaction 259
[2022-07-24T10:55:39.528Z INFO  client] Sending sample transaction 260
[2022-07-24T10:55:39.578Z INFO  client] Sending sample transaction 261
[2022-07-24T10:55:39.628Z INFO  client] Sending sample transaction 262
[2022-07-24T10:55:39.678Z INFO  client] Sending sample transaction 263
[2022-07-24T10:55:39.728Z INFO  client] Sending sample transaction 264
[2022-07-24T10:55:39.778Z INFO  client] Sending sample transaction 265
[2022-07-24T10:55:39.828Z INFO  client] Sending sample transaction 266
[2022-07-24T10:55:39.879Z INFO  client] Sending sample transaction 267
[2022-07-24T10:55:39.928Z INFO  client] Sending sample transaction 268
[2022-07-24T10:55:40.009Z INFO  client] Sending sample transaction 269
[2022-07-24T10:55:40.052Z INFO  client] Sending sample transaction 270
[2022-07-24T10:55:40.079Z INFO  client] Sending sample transaction 271
[2022-07-24T10:55:40.129Z INFO  client] Sending sample transaction 272
[2022-07-24T10:55:40.179Z INFO  client] Sending sample transaction 273
[2022-07-24T10:55:40.229Z INFO  client] Sending sample transaction 274
[2022-07-24T10:55:40.278Z INFO  client] Sending sample transaction 275
[2022-07-24T10:55:40.328Z INFO  client] Sending sample transaction 276
[2022-07-24T10:55:40.378Z INFO  client] Sending sample transaction 277
[2022-07-24T10:55:40.428Z INFO  client] Sending sample transaction 278
[2022-07-24T10:55:40.478Z INFO  client] Sending sample transaction 279
[2022-07-24T10:55:40.528Z INFO  client] Sending sample transaction 280
[2022-07-24T10:55:40.578Z INFO  client] Sending sample transaction 281
[2022-07-24T10:55:40.633Z INFO  client] Sending sample transaction 282
[2022-07-24T10:55:40.683Z INFO  client] Sending sample transaction 283
[2022-07-24T10:55:40.728Z INFO  client] Sending sample transaction 284
[2022-07-24T10:55:40.777Z INFO  client] Sending sample transaction 285
[2022-07-24T10:55:40.828Z INFO  client] Sending sample transaction 286
[2022-07-24T10:55:40.878Z INFO  client] Sending sample transaction 287
[2022-07-24T10:55:40.928Z INFO  client] Sending sample transaction 288
[2022-07-24T10:55:40.978Z INFO  client] Sending sample transaction 289
[2022-07-24T10:55:41.028Z INFO  client] Sending sample transaction 290
[2022-07-24T10:55:41.078Z INFO  client] Sending sample transaction 291
[2022-07-24T10:55:41.128Z INFO  client] Sending sample transaction 292
[2022-07-24T10:55:41.179Z INFO  client] Sending sample transaction 293
[2022-07-24T10:55:41.228Z INFO  client] Sending sample transaction 294
[2022-07-24T10:55:41.278Z INFO  client] Sending sample transaction 295
[2022-07-24T10:55:41.328Z INFO  client] Sending sample transaction 296
[2022-07-24T10:55:41.381Z INFO  client] Sending sample transaction 297
[2022-07-24T10:55:41.428Z INFO  client] Sending sample transaction 298
[2022-07-24T10:55:41.478Z INFO  client] Sending sample transaction 299
[2022-07-24T10:55:41.528Z INFO  client] Sending sample transaction 300
[2022-07-24T10:55:41.578Z INFO  client] Sending sample transaction 301
[2022-07-24T10:55:41.628Z INFO  client] Sending sample transaction 302
[2022-07-24T10:55:41.678Z INFO  client] Sending sample transaction 303
[2022-07-24T10:55:41.728Z INFO  client] Sending sample transaction 304
[2022-07-24T10:55:41.777Z INFO  client] Sending sample transaction 305
[2022-07-24T10:55:41.828Z INFO  client] Sending sample transaction 306
[2022-07-24T10:55:41.878Z INFO  client] Sending sample transaction 307
[2022-07-24T10:55:41.928Z INFO  client] Sending sample transaction 308
[2022-07-24T10:55:41.978Z INFO  client] Sending sample transaction 309
[2022-07-24T10:55:42.028Z INFO  client] Sending sample transaction 310
[2022-07-24T10:55:42.078Z INFO  client] Sending sample transaction 311
[2022-07-24T10:55:42.128Z INFO  client] Sending sample transaction 312
[2022-07-24T10:55:42.177Z INFO  client] Sending sample transaction 313
[2022-07-24T10:55:42.229Z INFO  client] Sending sample transaction 314
[2022-07-24T10:55:42.278Z INFO  client] Sending sample transaction 315
[2022-07-24T10:55:42.328Z INFO  client] Sending sample transaction 316
[2022-07-24T10:55:42.378Z INFO  client] Sending sample transaction 317
[2022-07-24T10:55:42.428Z INFO  client] Sending sample transaction 318
[2022-07-24T10:55:42.478Z INFO  client] Sending sample transaction 319
[2022-07-24T10:55:42.527Z INFO  client] Sending sample transaction 320
[2022-07-24T10:55:42.578Z INFO  client] Sending sample transaction 321
[2022-07-24T10:55:42.628Z INFO  client] Sending sample transaction 322
[2022-07-24T10:55:42.678Z INFO  client] Sending sample transaction 323
[2022-07-24T10:55:42.743Z INFO  client] Sending sample transaction 324
[2022-07-24T10:55:42.778Z INFO  client] Sending sample transaction 325
[2022-07-24T10:55:42.828Z INFO  client] Sending sample transaction 326
[2022-07-24T10:55:42.878Z INFO  client] Sending sample transaction 327
[2022-07-24T10:55:42.929Z INFO  client] Sending sample transaction 328
[2022-07-24T10:55:42.979Z INFO  client] Sending sample transaction 329
[2022-07-24T10:55:43.028Z INFO  client] Sending sample transaction 330
[2022-07-24T10:55:43.079Z INFO  client] Sending sample transaction 331
[2022-07-24T10:55:43.128Z INFO  client] Sending sample transaction 332
[2022-07-24T10:55:43.178Z INFO  client] Sending sample transaction 333
[2022-07-24T10:55:43.229Z INFO  client] Sending sample transaction 334
[2022-07-24T10:55:43.278Z INFO  client] Sending sample transaction 335
[2022-07-24T10:55:43.328Z INFO  client] Sending sample transaction 336
[2022-07-24T10:55:43.379Z INFO  client] Sending sample transaction 337
[2022-07-24T10:55:43.428Z INFO  client] Sending sample transaction 338
[2022-07-24T10:55:43.478Z INFO  client] Sending sample transaction 339
[2022-07-24T10:55:43.528Z INFO  client] Sending sample transaction 340
[2022-07-24T10:55:43.578Z INFO  client] Sending sample transaction 341
[2022-07-24T10:55:43.628Z INFO  client] Sending sample transaction 342
[2022-07-24T10:55:43.679Z INFO  client] Sending sample transaction 343
[2022-07-24T10:55:43.730Z INFO  client] Sending sample transaction 344
[2022-07-24T10:55:43.778Z INFO  client] Sending sample transaction 345
[2022-07-24T10:55:43.828Z INFO  client] Sending sample transaction 346
[2022-07-24T10:55:43.881Z INFO  client] Sending sample transaction 347
[2022-07-24T10:55:43.929Z INFO  client] Sending sample transaction 348
[2022-07-24T10:55:43.978Z INFO  client] Sending sample transaction 349
[2022-07-24T10:55:44.028Z INFO  client] Sending sample transaction 350
[2022-07-24T10:55:44.094Z INFO  client] Sending sample transaction 351
[2022-07-24T10:55:44.138Z INFO  client] Sending sample transaction 352
[2022-07-24T10:55:44.178Z INFO  client] Sending sample transaction 353
[2022-07-24T10:55:44.228Z INFO  client] Sending sample transaction 354
[2022-07-24T10:55:44.278Z INFO  client] Sending sample transaction 355
[2022-07-24T10:55:44.328Z INFO  client] Sending sample transaction 356
[2022-07-24T10:55:44.378Z INFO  client] Sending sample transaction 357
[2022-07-24T10:55:44.428Z INFO  client] Sending sample transaction 358
[2022-07-24T10:55:44.479Z INFO  client] Sending sample transaction 359
[2022-07-24T10:55:44.528Z INFO  client] Sending sample transaction 360
[2022-07-24T10:55:44.578Z INFO  client] Sending sample transaction 361
[2022-07-24T10:55:44.628Z INFO  client] Sending sample transaction 362
[2022-07-24T10:55:44.678Z INFO  client] Sending sample transaction 363
[2022-07-24T10:55:44.728Z INFO  client] Sending sample transaction 364
[2022-07-24T10:55:44.778Z INFO  client] Sending sample transaction 365
[2022-07-24T10:55:44.841Z INFO  client] Sending sample transaction 366
[2022-07-24T10:55:44.911Z INFO  client] Sending sample transaction 367
[2022-07-24T10:55:44.932Z INFO  client] Sending sample transaction 368
[2022-07-24T10:55:44.979Z INFO  client] Sending sample transaction 369
[2022-07-24T10:55:45.029Z INFO  client] Sending sample transaction 370
[2022-07-24T10:55:45.077Z INFO  client] Sending sample transaction 371
[2022-07-24T10:55:45.128Z INFO  client] Sending sample transaction 372
[2022-07-24T10:55:45.177Z INFO  client] Sending sample transaction 373
[2022-07-24T10:55:45.229Z INFO  client] Sending sample transaction 374
[2022-07-24T10:55:45.286Z INFO  client] Sending sample transaction 375
[2022-07-24T10:55:45.331Z INFO  client] Sending sample transaction 376
[2022-07-24T10:55:45.394Z INFO  client] Sending sample transaction 377
[2022-07-24T10:55:45.428Z INFO  client] Sending sample transaction 378
[2022-07-24T10:55:45.478Z INFO  client] Sending sample transaction 379
[2022-07-24T10:55:45.528Z INFO  client] Sending sample transaction 380
[2022-07-24T10:55:45.578Z INFO  client] Sending sample transaction 381
[2022-07-24T10:55:45.628Z INFO  client] Sending sample transaction 382
[2022-07-24T10:55:45.678Z INFO  client] Sending sample transaction 383
[2022-07-24T10:55:45.728Z INFO  client] Sending sample transaction 384
[2022-07-24T10:55:45.778Z INFO  client] Sending sample transaction 385
[2022-07-24T10:55:45.828Z INFO  client] Sending sample transaction 386
[2022-07-24T10:55:45.878Z INFO  client] Sending sample transaction 387
[2022-07-24T10:55:45.928Z INFO  client] Sending sample transaction 388
[2022-07-24T10:55:45.979Z INFO  client] Sending sample transaction 389
[2022-07-24T10:55:46.029Z INFO  client] Sending sample transaction 390
[2022-07-24T10:55:46.079Z INFO  client] Sending sample transaction 391
[2022-07-24T10:55:46.128Z INFO  client] Sending sample transaction 392
[2022-07-24T10:55:46.179Z INFO  client] Sending sample transaction 393
[2022-07-24T10:55:46.229Z INFO  client] Sending sample transaction 394
[2022-07-24T10:55:46.278Z INFO  client] Sending sample transaction 395
[2022-07-24T10:55:46.328Z INFO  client] Sending sample transaction 396
[2022-07-24T10:55:46.378Z INFO  client] Sending sample transaction 397
[2022-07-24T10:55:46.429Z INFO  client] Sending sample transaction 398
[2022-07-24T10:55:46.479Z INFO  client] Sending sample transaction 399
[2022-07-24T10:55:46.528Z INFO  client] Sending sample transaction 400
[2022-07-24T10:55:46.578Z INFO  client] Sending sample transaction 401
[2022-07-24T10:55:46.627Z INFO  client] Sending sample transaction 402
[2022-07-24T10:55:46.678Z INFO  client] Sending sample transaction 403
[2022-07-24T10:55:46.730Z INFO  client] Sending sample transaction 404
[2022-07-24T10:55:46.779Z INFO  client] Sending sample transaction 405
[2022-07-24T10:55:46.828Z INFO  client] Sending sample transaction 406
[2022-07-24T10:55:46.878Z INFO  client] Sending sample transaction 407
[2022-07-24T10:55:46.932Z INFO  client] Sending sample transaction 408
[2022-07-24T10:55:46.987Z INFO  client] Sending sample transaction 409
[2022-07-24T10:55:47.030Z INFO  client] Sending sample transaction 410
[2022-07-24T10:55:47.077Z INFO  client] Sending sample transaction 411
[2022-07-24T10:55:47.133Z INFO  client] Sending sample transaction 412
[2022-07-24T10:55:47.178Z INFO  client] Sending sample transaction 413
[2022-07-24T10:55:47.228Z INFO  client] Sending sample transaction 414
[2022-07-24T10:55:47.278Z INFO  client] Sending sample transaction 415
[2022-07-24T10:55:47.329Z INFO  client] Sending sample transaction 416
[2022-07-24T10:55:47.378Z INFO  client] Sending sample transaction 417
[2022-07-24T10:55:47.428Z INFO  client] Sending sample transaction 418
[2022-07-24T10:55:47.478Z INFO  client] Sending sample transaction 419
[2022-07-24T10:55:47.538Z INFO  client] Sending sample transaction 420
[2022-07-24T10:55:47.594Z INFO  client] Sending sample transaction 421
[2022-07-24T10:55:47.628Z INFO  client] Sending sample transaction 422
[2022-07-24T10:55:47.679Z INFO  client] Sending sample transaction 423
[2022-07-24T10:55:47.728Z INFO  client] Sending sample transaction 424
[2022-07-24T10:55:47.778Z INFO  client] Sending sample transaction 425
[2022-07-24T10:55:47.828Z INFO  client] Sending sample transaction 426
[2022-07-24T10:55:47.878Z INFO  client] Sending sample transaction 427
[2022-07-24T10:55:47.932Z INFO  client] Sending sample transaction 428
[2022-07-24T10:55:47.978Z INFO  client] Sending sample transaction 429
[2022-07-24T10:55:48.029Z INFO  client] Sending sample transaction 430
[2022-07-24T10:55:48.081Z INFO  client] Sending sample transaction 431
[2022-07-24T10:55:48.137Z INFO  client] Sending sample transaction 432
[2022-07-24T10:55:48.185Z INFO  client] Sending sample transaction 433
[2022-07-24T10:55:48.229Z INFO  client] Sending sample transaction 434
[2022-07-24T10:55:48.278Z INFO  client] Sending sample transaction 435
[2022-07-24T10:55:48.522Z INFO  client] Sending sample transaction 436
[2022-07-24T10:55:48.539Z INFO  client] Sending sample transaction 437
[2022-07-24T10:55:48.539Z INFO  client] Sending sample transaction 438
[2022-07-24T10:55:48.551Z INFO  client] Sending sample transaction 439
[2022-07-24T10:55:48.551Z INFO  client] Sending sample transaction 440
[2022-07-24T10:55:48.596Z INFO  client] Sending sample transaction 441
[2022-07-24T10:55:48.636Z INFO  client] Sending sample transaction 442
