[2022-07-23T18:18:22.001Z INFO  client] Node address: 127.0.0.1:9010
[2022-07-23T18:18:22.001Z INFO  client] Transactions size: 512 B
[2022-07-23T18:18:22.001Z INFO  client] Transactions rate: 112 tx/s
[2022-07-23T18:18:22.001Z INFO  client] Waiting for all nodes to be online...
[2022-07-23T18:18:22.001Z INFO  client] Waiting for all nodes to be synchronized...
[2022-07-23T18:18:24.238Z INFO  client] Start sending transactions
[2022-07-23T18:18:24.335Z INFO  client] Sending sample transaction 0
[2022-07-23T18:18:24.343Z INFO  client] Sending sample transaction 1
[2022-07-23T18:18:24.344Z INFO  client] Sending sample transaction 2
[2022-07-23T18:18:24.642Z INFO  client] Sending sample transaction 3
[2022-07-23T18:18:24.687Z INFO  client] Sending sample transaction 4
[2022-07-23T18:18:24.688Z INFO  client] Sending sample transaction 5
[2022-07-23T18:18:24.753Z INFO  client] Sending sample transaction 6
[2022-07-23T18:18:24.782Z INFO  client] Sending sample transaction 7
[2022-07-23T18:18:24.783Z INFO  client] Sending sample transaction 8
[2022-07-23T18:18:24.784Z INFO  client] Sending sample transaction 9
[2022-07-23T18:18:24.843Z INFO  client] Sending sample transaction 10
[2022-07-23T18:18:24.854Z INFO  client] Sending sample transaction 11
[2022-07-23T18:18:24.888Z INFO  client] Sending sample transaction 12
[2022-07-23T18:18:24.916Z INFO  client] Sending sample transaction 13
[2022-07-23T18:18:24.961Z INFO  client] Sending sample transaction 14
[2022-07-23T18:18:25.006Z INFO  client] Sending sample transaction 15
[2022-07-23T18:18:25.046Z INFO  client] Sending sample transaction 16
[2022-07-23T18:18:25.102Z INFO  client] Sending sample transaction 17
[2022-07-23T18:18:25.140Z INFO  client] Sending sample transaction 18
[2022-07-23T18:18:25.205Z INFO  client] Sending sample transaction 19
[2022-07-23T18:18:25.278Z INFO  client] Sending sample transaction 20
[2022-07-23T18:18:25.502Z INFO  client] Sending sample transaction 21
[2022-07-23T18:18:25.572Z WARN  client] Transaction rate too high for this client
[2022-07-23T18:18:25.586Z INFO  client] Sending sample transaction 22
[2022-07-23T18:18:25.601Z INFO  client] Sending sample transaction 23
[2022-07-23T18:18:25.602Z INFO  client] Sending sample transaction 24
[2022-07-23T18:18:25.602Z INFO  client] Sending sample transaction 25
[2022-07-23T18:18:25.603Z INFO  client] Sending sample transaction 26
[2022-07-23T18:18:25.650Z INFO  client] Sending sample transaction 27
[2022-07-23T18:18:25.721Z INFO  client] Sending sample transaction 28
[2022-07-23T18:18:25.722Z INFO  client] Sending sample transaction 29
[2022-07-23T18:18:25.746Z INFO  client] Sending sample transaction 30
[2022-07-23T18:18:25.790Z INFO  client] Sending sample transaction 31
[2022-07-23T18:18:25.851Z INFO  client] Sending sample transaction 32
[2022-07-23T18:18:25.895Z INFO  client] Sending sample transaction 33
[2022-07-23T18:18:25.946Z INFO  client] Sending sample transaction 34
[2022-07-23T18:18:26.007Z INFO  client] Sending sample transaction 35
[2022-07-23T18:18:26.040Z INFO  client] Sending sample transaction 36
[2022-07-23T18:18:26.091Z INFO  client] Sending sample transaction 37
[2022-07-23T18:18:26.153Z INFO  client] Sending sample transaction 38
[2022-07-23T18:18:26.191Z INFO  client] Sending sample transaction 39
[2022-07-23T18:18:26.301Z INFO  client] Sending sample transaction 40
[2022-07-23T18:18:26.370Z INFO  client] Sending sample transaction 41
[2022-07-23T18:18:26.499Z INFO  client] Sending sample transaction 42
[2022-07-23T18:18:26.500Z INFO  client] Sending sample transaction 43
[2022-07-23T18:18:26.500Z INFO  client] Sending sample transaction 44
[2022-07-23T18:18:26.547Z INFO  client] Sending sample transaction 45
[2022-07-23T18:18:26.553Z INFO  client] Sending sample transaction 46
[2022-07-23T18:18:26.615Z INFO  client] Sending sample transaction 47
[2022-07-23T18:18:26.653Z INFO  client] Sending sample transaction 48
[2022-07-23T18:18:26.692Z INFO  client] Sending sample transaction 49
[2022-07-23T18:18:26.740Z INFO  client] Sending sample transaction 50
[2022-07-23T18:18:26.791Z INFO  client] Sending sample transaction 51
[2022-07-23T18:18:26.840Z INFO  client] Sending sample transaction 52
[2022-07-23T18:18:26.890Z INFO  client] Sending sample transaction 53
[2022-07-23T18:18:26.941Z INFO  client] Sending sample transaction 54
[2022-07-23T18:18:26.990Z INFO  client] Sending sample transaction 55
[2022-07-23T18:18:27.047Z INFO  client] Sending sample transaction 56
[2022-07-23T18:18:27.098Z INFO  client] Sending sample transaction 57
[2022-07-23T18:18:27.143Z INFO  client] Sending sample transaction 58
[2022-07-23T18:18:27.190Z INFO  client] Sending sample transaction 59
[2022-07-23T18:18:27.240Z INFO  client] Sending sample transaction 60
[2022-07-23T18:18:27.291Z INFO  client] Sending sample transaction 61
[2022-07-23T18:18:27.340Z INFO  client] Sending sample transaction 62
[2022-07-23T18:18:27.389Z INFO  client] Sending sample transaction 63
[2022-07-23T18:18:27.440Z INFO  client] Sending sample transaction 64
[2022-07-23T18:18:27.490Z INFO  client] Sending sample transaction 65
[2022-07-23T18:18:27.540Z INFO  client] Sending sample transaction 66
[2022-07-23T18:18:27.590Z INFO  client] Sending sample transaction 67
[2022-07-23T18:18:27.640Z INFO  client] Sending sample transaction 68
[2022-07-23T18:18:27.728Z INFO  client] Sending sample transaction 69
[2022-07-23T18:18:27.771Z INFO  client] Sending sample transaction 70
[2022-07-23T18:18:27.825Z INFO  client] Sending sample transaction 71
[2022-07-23T18:18:27.873Z INFO  client] Sending sample transaction 72
[2022-07-23T18:18:27.931Z INFO  client] Sending sample transaction 73
[2022-07-23T18:18:27.942Z INFO  client] Sending sample transaction 74
[2022-07-23T18:18:27.990Z INFO  client] Sending sample transaction 75
[2022-07-23T18:18:28.041Z INFO  client] Sending sample transaction 76
[2022-07-23T18:18:28.089Z INFO  client] Sending sample transaction 77
[2022-07-23T18:18:28.140Z INFO  client] Sending sample transaction 78
[2022-07-23T18:18:28.190Z INFO  client] Sending sample transaction 79
[2022-07-23T18:18:28.240Z INFO  client] Sending sample transaction 80
[2022-07-23T18:18:28.294Z INFO  client] Sending sample transaction 81
[2022-07-23T18:18:28.340Z INFO  client] Sending sample transaction 82
[2022-07-23T18:18:28.390Z INFO  client] Sending sample transaction 83
[2022-07-23T18:18:28.441Z INFO  client] Sending sample transaction 84
[2022-07-23T18:18:28.490Z INFO  client] Sending sample transaction 85
[2022-07-23T18:18:28.540Z INFO  client] Sending sample transaction 86
[2022-07-23T18:18:28.590Z INFO  client] Sending sample transaction 87
[2022-07-23T18:18:28.640Z INFO  client] Sending sample transaction 88
[2022-07-23T18:18:28.690Z INFO  client] Sending sample transaction 89
[2022-07-23T18:18:28.740Z INFO  client] Sending sample transaction 90
[2022-07-23T18:18:28.819Z INFO  client] Sending sample transaction 91
[2022-07-23T18:18:28.840Z INFO  client] Sending sample transaction 92
[2022-07-23T18:18:28.897Z INFO  client] Sending sample transaction 93
[2022-07-23T18:18:28.950Z INFO  client] Sending sample transaction 94
[2022-07-23T18:18:28.992Z INFO  client] Sending sample transaction 95
[2022-07-23T18:18:29.040Z INFO  client] Sending sample transaction 96
[2022-07-23T18:18:29.090Z INFO  client] Sending sample transaction 97
[2022-07-23T18:18:29.140Z INFO  client] Sending sample transaction 98
[2022-07-23T18:18:29.192Z INFO  client] Sending sample transaction 99
[2022-07-23T18:18:29.251Z INFO  client] Sending sample transaction 100
[2022-07-23T18:18:29.290Z INFO  client] Sending sample transaction 101
[2022-07-23T18:18:29.340Z INFO  client] Sending sample transaction 102
[2022-07-23T18:18:29.390Z INFO  client] Sending sample transaction 103
[2022-07-23T18:18:29.440Z INFO  client] Sending sample transaction 104
[2022-07-23T18:18:29.489Z INFO  client] Sending sample transaction 105
[2022-07-23T18:18:29.540Z INFO  client] Sending sample transaction 106
[2022-07-23T18:18:29.590Z INFO  client] Sending sample transaction 107
[2022-07-23T18:18:29.640Z INFO  client] Sending sample transaction 108
[2022-07-23T18:18:29.690Z INFO  client] Sending sample transaction 109
[2022-07-23T18:18:29.740Z INFO  client] Sending sample transaction 110
[2022-07-23T18:18:29.790Z INFO  client] Sending sample transaction 111
[2022-07-23T18:18:29.840Z INFO  client] Sending sample transaction 112
[2022-07-23T18:18:29.891Z INFO  client] Sending sample transaction 113
[2022-07-23T18:18:29.945Z INFO  client] Sending sample transaction 114
[2022-07-23T18:18:30.000Z INFO  client] Sending sample transaction 115
[2022-07-23T18:18:30.063Z INFO  client] Sending sample transaction 116
[2022-07-23T18:18:30.104Z INFO  client] Sending sample transaction 117
[2022-07-23T18:18:30.140Z INFO  client] Sending sample transaction 118
[2022-07-23T18:18:30.195Z INFO  client] Sending sample transaction 119
[2022-07-23T18:18:30.240Z INFO  client] Sending sample transaction 120
[2022-07-23T18:18:30.306Z INFO  client] Sending sample transaction 121
[2022-07-23T18:18:30.340Z INFO  client] Sending sample transaction 122
[2022-07-23T18:18:30.390Z INFO  client] Sending sample transaction 123
[2022-07-23T18:18:30.440Z INFO  client] Sending sample transaction 124
[2022-07-23T18:18:30.490Z INFO  client] Sending sample transaction 125
[2022-07-23T18:18:30.540Z INFO  client] Sending sample transaction 126
[2022-07-23T18:18:30.590Z INFO  client] Sending sample transaction 127
[2022-07-23T18:18:30.640Z INFO  client] Sending sample transaction 128
[2022-07-23T18:18:30.689Z INFO  client] Sending sample transaction 129
[2022-07-23T18:18:30.740Z INFO  client] Sending sample transaction 130
[2022-07-23T18:18:30.789Z INFO  client] Sending sample transaction 131
[2022-07-23T18:18:30.839Z INFO  client] Sending sample transaction 132
[2022-07-23T18:18:30.914Z INFO  client] Sending sample transaction 133
[2022-07-23T18:18:30.968Z INFO  client] Sending sample transaction 134
[2022-07-23T18:18:31.009Z INFO  client] Sending sample transaction 135
[2022-07-23T18:18:31.072Z INFO  client] Sending sample transaction 136
[2022-07-23T18:18:31.090Z INFO  client] Sending sample transaction 137
[2022-07-23T18:18:31.140Z INFO  client] Sending sample transaction 138
[2022-07-23T18:18:31.190Z INFO  client] Sending sample transaction 139
[2022-07-23T18:18:31.240Z INFO  client] Sending sample transaction 140
[2022-07-23T18:18:31.290Z INFO  client] Sending sample transaction 141
[2022-07-23T18:18:31.361Z INFO  client] Sending sample transaction 142
[2022-07-23T18:18:31.393Z INFO  client] Sending sample transaction 143
[2022-07-23T18:18:31.441Z INFO  client] Sending sample transaction 144
[2022-07-23T18:18:31.491Z INFO  client] Sending sample transaction 145
[2022-07-23T18:18:31.540Z INFO  client] Sending sample transaction 146
[2022-07-23T18:18:31.590Z INFO  client] Sending sample transaction 147
[2022-07-23T18:18:31.639Z INFO  client] Sending sample transaction 148
[2022-07-23T18:18:31.690Z INFO  client] Sending sample transaction 149
[2022-07-23T18:18:31.740Z INFO  client] Sending sample transaction 150
[2022-07-23T18:18:31.790Z INFO  client] Sending sample transaction 151
[2022-07-23T18:18:31.840Z INFO  client] Sending sample transaction 152
[2022-07-23T18:18:31.890Z INFO  client] Sending sample transaction 153
[2022-07-23T18:18:31.940Z INFO  client] Sending sample transaction 154
[2022-07-23T18:18:31.990Z INFO  client] Sending sample transaction 155
[2022-07-23T18:18:32.107Z INFO  client] Sending sample transaction 156
[2022-07-23T18:18:32.127Z INFO  client] Sending sample transaction 157
[2022-07-23T18:18:32.163Z INFO  client] Sending sample transaction 158
[2022-07-23T18:18:32.190Z INFO  client] Sending sample transaction 159
[2022-07-23T18:18:32.240Z INFO  client] Sending sample transaction 160
[2022-07-23T18:18:32.290Z INFO  client] Sending sample transaction 161
[2022-07-23T18:18:32.340Z INFO  client] Sending sample transaction 162
[2022-07-23T18:18:32.390Z INFO  client] Sending sample transaction 163
[2022-07-23T18:18:32.441Z INFO  client] Sending sample transaction 164
[2022-07-23T18:18:32.490Z INFO  client] Sending sample transaction 165
[2022-07-23T18:18:32.540Z INFO  client] Sending sample transaction 166
[2022-07-23T18:18:32.591Z INFO  client] Sending sample transaction 167
[2022-07-23T18:18:32.640Z INFO  client] Sending sample transaction 168
[2022-07-23T18:18:32.690Z INFO  client] Sending sample transaction 169
[2022-07-23T18:18:32.740Z INFO  client] Sending sample transaction 170
[2022-07-23T18:18:32.790Z INFO  client] Sending sample transaction 171
[2022-07-23T18:18:32.840Z INFO  client] Sending sample transaction 172
[2022-07-23T18:18:32.890Z INFO  client] Sending sample transaction 173
[2022-07-23T18:18:32.940Z INFO  client] Sending sample transaction 174
[2022-07-23T18:18:33.014Z INFO  client] Sending sample transaction 175
[2022-07-23T18:18:33.055Z INFO  client] Sending sample transaction 176
[2022-07-23T18:18:33.111Z INFO  client] Sending sample transaction 177
[2022-07-23T18:18:33.141Z INFO  client] Sending sample transaction 178
[2022-07-23T18:18:33.190Z INFO  client] Sending sample transaction 179
[2022-07-23T18:18:33.240Z INFO  client] Sending sample transaction 180
[2022-07-23T18:18:33.289Z INFO  client] Sending sample transaction 181
[2022-07-23T18:18:33.339Z INFO  client] Sending sample transaction 182
[2022-07-23T18:18:33.390Z INFO  client] Sending sample transaction 183
[2022-07-23T18:18:33.440Z INFO  client] Sending sample transaction 184
[2022-07-23T18:18:33.492Z INFO  client] Sending sample transaction 185
[2022-07-23T18:18:33.540Z INFO  client] Sending sample transaction 186
[2022-07-23T18:18:33.589Z INFO  client] Sending sample transaction 187
[2022-07-23T18:18:33.640Z INFO  client] Sending sample transaction 188
[2022-07-23T18:18:33.690Z INFO  client] Sending sample transaction 189
[2022-07-23T18:18:33.740Z INFO  client] Sending sample transaction 190
[2022-07-23T18:18:33.790Z INFO  client] Sending sample transaction 191
[2022-07-23T18:18:33.840Z INFO  client] Sending sample transaction 192
[2022-07-23T18:18:33.889Z INFO  client] Sending sample transaction 193
[2022-07-23T18:18:33.939Z INFO  client] Sending sample transaction 194
[2022-07-23T18:18:33.989Z INFO  client] Sending sample transaction 195
[2022-07-23T18:18:34.040Z INFO  client] Sending sample transaction 196
[2022-07-23T18:18:34.090Z INFO  client] Sending sample transaction 197
[2022-07-23T18:18:34.140Z INFO  client] Sending sample transaction 198
[2022-07-23T18:18:34.190Z INFO  client] Sending sample transaction 199
[2022-07-23T18:18:34.240Z INFO  client] Sending sample transaction 200
[2022-07-23T18:18:34.290Z INFO  client] Sending sample transaction 201
[2022-07-23T18:18:34.340Z INFO  client] Sending sample transaction 202
[2022-07-23T18:18:34.390Z INFO  client] Sending sample transaction 203
[2022-07-23T18:18:34.440Z INFO  client] Sending sample transaction 204
[2022-07-23T18:18:34.490Z INFO  client] Sending sample transaction 205
[2022-07-23T18:18:34.540Z INFO  client] Sending sample transaction 206
[2022-07-23T18:18:34.589Z INFO  client] Sending sample transaction 207
[2022-07-23T18:18:34.640Z INFO  client] Sending sample transaction 208
[2022-07-23T18:18:34.691Z INFO  client] Sending sample transaction 209
[2022-07-23T18:18:34.740Z INFO  client] Sending sample transaction 210
[2022-07-23T18:18:34.790Z INFO  client] Sending sample transaction 211
[2022-07-23T18:18:34.839Z INFO  client] Sending sample transaction 212
[2022-07-23T18:18:34.889Z INFO  client] Sending sample transaction 213
[2022-07-23T18:18:34.940Z INFO  client] Sending sample transaction 214
[2022-07-23T18:18:34.999Z INFO  client] Sending sample transaction 215
[2022-07-23T18:18:35.065Z INFO  client] Sending sample transaction 216
[2022-07-23T18:18:35.098Z INFO  client] Sending sample transaction 217
[2022-07-23T18:18:35.146Z INFO  client] Sending sample transaction 218
[2022-07-23T18:18:35.190Z INFO  client] Sending sample transaction 219
[2022-07-23T18:18:35.239Z INFO  client] Sending sample transaction 220
[2022-07-23T18:18:35.289Z INFO  client] Sending sample transaction 221
[2022-07-23T18:18:35.340Z INFO  client] Sending sample transaction 222
[2022-07-23T18:18:35.390Z INFO  client] Sending sample transaction 223
[2022-07-23T18:18:35.440Z INFO  client] Sending sample transaction 224
[2022-07-23T18:18:35.490Z INFO  client] Sending sample transaction 225
[2022-07-23T18:18:35.551Z INFO  client] Sending sample transaction 226
[2022-07-23T18:18:35.591Z INFO  client] Sending sample transaction 227
[2022-07-23T18:18:35.640Z INFO  client] Sending sample transaction 228
[2022-07-23T18:18:35.690Z INFO  client] Sending sample transaction 229
[2022-07-23T18:18:35.740Z INFO  client] Sending sample transaction 230
[2022-07-23T18:18:35.790Z INFO  client] Sending sample transaction 231
[2022-07-23T18:18:35.840Z INFO  client] Sending sample transaction 232
[2022-07-23T18:18:35.889Z INFO  client] Sending sample transaction 233
[2022-07-23T18:18:35.939Z INFO  client] Sending sample transaction 234
[2022-07-23T18:18:35.989Z INFO  client] Sending sample transaction 235
[2022-07-23T18:18:36.049Z INFO  client] Sending sample transaction 236
[2022-07-23T18:18:36.105Z INFO  client] Sending sample transaction 237
[2022-07-23T18:18:36.148Z INFO  client] Sending sample transaction 238
[2022-07-23T18:18:36.204Z INFO  client] Sending sample transaction 239
[2022-07-23T18:18:36.240Z INFO  client] Sending sample transaction 240
[2022-07-23T18:18:36.290Z INFO  client] Sending sample transaction 241
[2022-07-23T18:18:36.342Z INFO  client] Sending sample transaction 242
[2022-07-23T18:18:36.390Z INFO  client] Sending sample transaction 243
[2022-07-23T18:18:36.440Z INFO  client] Sending sample transaction 244
[2022-07-23T18:18:36.490Z INFO  client] Sending sample transaction 245
[2022-07-23T18:18:36.540Z INFO  client] Sending sample transaction 246
[2022-07-23T18:18:36.590Z INFO  client] Sending sample transaction 247
[2022-07-23T18:18:36.640Z INFO  client] Sending sample transaction 248
[2022-07-23T18:18:36.690Z INFO  client] Sending sample transaction 249
[2022-07-23T18:18:36.740Z INFO  client] Sending sample transaction 250
[2022-07-23T18:18:36.790Z INFO  client] Sending sample transaction 251
[2022-07-23T18:18:36.840Z INFO  client] Sending sample transaction 252
[2022-07-23T18:18:36.890Z INFO  client] Sending sample transaction 253
[2022-07-23T18:18:36.940Z INFO  client] Sending sample transaction 254
[2022-07-23T18:18:36.990Z INFO  client] Sending sample transaction 255
[2022-07-23T18:18:37.040Z INFO  client] Sending sample transaction 256
[2022-07-23T18:18:37.089Z INFO  client] Sending sample transaction 257
[2022-07-23T18:18:37.141Z INFO  client] Sending sample transaction 258
[2022-07-23T18:18:37.190Z INFO  client] Sending sample transaction 259
[2022-07-23T18:18:37.239Z INFO  client] Sending sample transaction 260
[2022-07-23T18:18:37.290Z INFO  client] Sending sample transaction 261
[2022-07-23T18:18:37.340Z INFO  client] Sending sample transaction 262
[2022-07-23T18:18:37.390Z INFO  client] Sending sample transaction 263
[2022-07-23T18:18:37.439Z INFO  client] Sending sample transaction 264
[2022-07-23T18:18:37.490Z INFO  client] Sending sample transaction 265
[2022-07-23T18:18:37.540Z INFO  client] Sending sample transaction 266
[2022-07-23T18:18:37.589Z INFO  client] Sending sample transaction 267
[2022-07-23T18:18:37.645Z INFO  client] Sending sample transaction 268
[2022-07-23T18:18:37.690Z INFO  client] Sending sample transaction 269
[2022-07-23T18:18:37.739Z INFO  client] Sending sample transaction 270
[2022-07-23T18:18:37.789Z INFO  client] Sending sample transaction 271
[2022-07-23T18:18:37.840Z INFO  client] Sending sample transaction 272
[2022-07-23T18:18:37.890Z INFO  client] Sending sample transaction 273
[2022-07-23T18:18:37.940Z INFO  client] Sending sample transaction 274
[2022-07-23T18:18:37.989Z INFO  client] Sending sample transaction 275
[2022-07-23T18:18:38.039Z INFO  client] Sending sample transaction 276
[2022-07-23T18:18:38.090Z INFO  client] Sending sample transaction 277
[2022-07-23T18:18:38.140Z INFO  client] Sending sample transaction 278
[2022-07-23T18:18:38.191Z INFO  client] Sending sample transaction 279
[2022-07-23T18:18:38.240Z INFO  client] Sending sample transaction 280
[2022-07-23T18:18:38.290Z INFO  client] Sending sample transaction 281
[2022-07-23T18:18:38.340Z INFO  client] Sending sample transaction 282
[2022-07-23T18:18:38.390Z INFO  client] Sending sample transaction 283
[2022-07-23T18:18:38.440Z INFO  client] Sending sample transaction 284
[2022-07-23T18:18:38.490Z INFO  client] Sending sample transaction 285
[2022-07-23T18:18:38.540Z INFO  client] Sending sample transaction 286
[2022-07-23T18:18:38.590Z INFO  client] Sending sample transaction 287
[2022-07-23T18:18:38.639Z INFO  client] Sending sample transaction 288
[2022-07-23T18:18:38.691Z INFO  client] Sending sample transaction 289
[2022-07-23T18:18:38.740Z INFO  client] Sending sample transaction 290
[2022-07-23T18:18:38.790Z INFO  client] Sending sample transaction 291
[2022-07-23T18:18:38.863Z INFO  client] Sending sample transaction 292
[2022-07-23T18:18:38.903Z INFO  client] Sending sample transaction 293
[2022-07-23T18:18:38.963Z INFO  client] Sending sample transaction 294
[2022-07-23T18:18:38.990Z INFO  client] Sending sample transaction 295
[2022-07-23T18:18:39.040Z INFO  client] Sending sample transaction 296
[2022-07-23T18:18:39.089Z INFO  client] Sending sample transaction 297
[2022-07-23T18:18:39.140Z INFO  client] Sending sample transaction 298
[2022-07-23T18:18:39.190Z INFO  client] Sending sample transaction 299
[2022-07-23T18:18:39.240Z INFO  client] Sending sample transaction 300
[2022-07-23T18:18:39.290Z INFO  client] Sending sample transaction 301
[2022-07-23T18:18:39.341Z INFO  client] Sending sample transaction 302
[2022-07-23T18:18:39.390Z INFO  client] Sending sample transaction 303
[2022-07-23T18:18:39.439Z INFO  client] Sending sample transaction 304
[2022-07-23T18:18:39.490Z INFO  client] Sending sample transaction 305
[2022-07-23T18:18:39.540Z INFO  client] Sending sample transaction 306
[2022-07-23T18:18:39.590Z INFO  client] Sending sample transaction 307
[2022-07-23T18:18:39.640Z INFO  client] Sending sample transaction 308
[2022-07-23T18:18:39.690Z INFO  client] Sending sample transaction 309
[2022-07-23T18:18:39.747Z INFO  client] Sending sample transaction 310
[2022-07-23T18:18:39.790Z INFO  client] Sending sample transaction 311
[2022-07-23T18:18:39.840Z INFO  client] Sending sample transaction 312
[2022-07-23T18:18:39.890Z INFO  client] Sending sample transaction 313
[2022-07-23T18:18:39.940Z INFO  client] Sending sample transaction 314
[2022-07-23T18:18:39.990Z INFO  client] Sending sample transaction 315
[2022-07-23T18:18:40.040Z INFO  client] Sending sample transaction 316
[2022-07-23T18:18:40.089Z INFO  client] Sending sample transaction 317
[2022-07-23T18:18:40.140Z INFO  client] Sending sample transaction 318
[2022-07-23T18:18:40.190Z INFO  client] Sending sample transaction 319
[2022-07-23T18:18:40.241Z INFO  client] Sending sample transaction 320
[2022-07-23T18:18:40.290Z INFO  client] Sending sample transaction 321
[2022-07-23T18:18:40.340Z INFO  client] Sending sample transaction 322
[2022-07-23T18:18:40.390Z INFO  client] Sending sample transaction 323
[2022-07-23T18:18:40.440Z INFO  client] Sending sample transaction 324
[2022-07-23T18:18:40.490Z INFO  client] Sending sample transaction 325
[2022-07-23T18:18:40.540Z INFO  client] Sending sample transaction 326
[2022-07-23T18:18:40.590Z INFO  client] Sending sample transaction 327
[2022-07-23T18:18:40.640Z INFO  client] Sending sample transaction 328
[2022-07-23T18:18:40.689Z INFO  client] Sending sample transaction 329
[2022-07-23T18:18:40.739Z INFO  client] Sending sample transaction 330
[2022-07-23T18:18:40.790Z INFO  client] Sending sample transaction 331
[2022-07-23T18:18:40.839Z INFO  client] Sending sample transaction 332
[2022-07-23T18:18:40.890Z INFO  client] Sending sample transaction 333
[2022-07-23T18:18:40.940Z INFO  client] Sending sample transaction 334
[2022-07-23T18:18:40.990Z INFO  client] Sending sample transaction 335
[2022-07-23T18:18:41.062Z INFO  client] Sending sample transaction 336
[2022-07-23T18:18:41.090Z INFO  client] Sending sample transaction 337
[2022-07-23T18:18:41.146Z INFO  client] Sending sample transaction 338
[2022-07-23T18:18:41.222Z INFO  client] Sending sample transaction 339
[2022-07-23T18:18:41.240Z INFO  client] Sending sample transaction 340
[2022-07-23T18:18:41.290Z INFO  client] Sending sample transaction 341
[2022-07-23T18:18:41.346Z INFO  client] Sending sample transaction 342
[2022-07-23T18:18:41.392Z INFO  client] Sending sample transaction 343
[2022-07-23T18:18:41.440Z INFO  client] Sending sample transaction 344
[2022-07-23T18:18:41.489Z INFO  client] Sending sample transaction 345
[2022-07-23T18:18:41.540Z INFO  client] Sending sample transaction 346
[2022-07-23T18:18:41.590Z INFO  client] Sending sample transaction 347
[2022-07-23T18:18:41.640Z INFO  client] Sending sample transaction 348
[2022-07-23T18:18:41.690Z INFO  client] Sending sample transaction 349
[2022-07-23T18:18:41.740Z INFO  client] Sending sample transaction 350
[2022-07-23T18:18:41.790Z INFO  client] Sending sample transaction 351
[2022-07-23T18:18:41.847Z INFO  client] Sending sample transaction 352
[2022-07-23T18:18:41.892Z INFO  client] Sending sample transaction 353
[2022-07-23T18:18:41.940Z INFO  client] Sending sample transaction 354
[2022-07-23T18:18:41.990Z INFO  client] Sending sample transaction 355
[2022-07-23T18:18:42.039Z INFO  client] Sending sample transaction 356
[2022-07-23T18:18:42.090Z INFO  client] Sending sample transaction 357
[2022-07-23T18:18:42.158Z INFO  client] Sending sample transaction 358
[2022-07-23T18:18:42.234Z INFO  client] Sending sample transaction 359
[2022-07-23T18:18:42.242Z INFO  client] Sending sample transaction 360
[2022-07-23T18:18:42.321Z INFO  client] Sending sample transaction 361
[2022-07-23T18:18:42.341Z INFO  client] Sending sample transaction 362
[2022-07-23T18:18:42.389Z INFO  client] Sending sample transaction 363
[2022-07-23T18:18:42.442Z INFO  client] Sending sample transaction 364
[2022-07-23T18:18:42.490Z INFO  client] Sending sample transaction 365
[2022-07-23T18:18:42.540Z INFO  client] Sending sample transaction 366
[2022-07-23T18:18:42.590Z INFO  client] Sending sample transaction 367
[2022-07-23T18:18:42.640Z INFO  client] Sending sample transaction 368
[2022-07-23T18:18:42.691Z INFO  client] Sending sample transaction 369
[2022-07-23T18:18:42.739Z INFO  client] Sending sample transaction 370
[2022-07-23T18:18:42.790Z INFO  client] Sending sample transaction 371
[2022-07-23T18:18:42.840Z INFO  client] Sending sample transaction 372
[2022-07-23T18:18:42.890Z INFO  client] Sending sample transaction 373
[2022-07-23T18:18:42.940Z INFO  client] Sending sample transaction 374
[2022-07-23T18:18:42.990Z INFO  client] Sending sample transaction 375
[2022-07-23T18:18:43.040Z INFO  client] Sending sample transaction 376
[2022-07-23T18:18:43.090Z INFO  client] Sending sample transaction 377
[2022-07-23T18:18:43.139Z INFO  client] Sending sample transaction 378
[2022-07-23T18:18:43.190Z INFO  client] Sending sample transaction 379
[2022-07-23T18:18:43.240Z INFO  client] Sending sample transaction 380
[2022-07-23T18:18:43.290Z INFO  client] Sending sample transaction 381
[2022-07-23T18:18:43.385Z INFO  client] Sending sample transaction 382
[2022-07-23T18:18:43.464Z INFO  client] Sending sample transaction 383
[2022-07-23T18:18:43.464Z INFO  client] Sending sample transaction 384
[2022-07-23T18:18:43.499Z INFO  client] Sending sample transaction 385
[2022-07-23T18:18:43.540Z INFO  client] Sending sample transaction 386
[2022-07-23T18:18:43.590Z INFO  client] Sending sample transaction 387
[2022-07-23T18:18:43.641Z INFO  client] Sending sample transaction 388
[2022-07-23T18:18:43.690Z INFO  client] Sending sample transaction 389
[2022-07-23T18:18:43.740Z INFO  client] Sending sample transaction 390
[2022-07-23T18:18:43.790Z INFO  client] Sending sample transaction 391
[2022-07-23T18:18:43.840Z INFO  client] Sending sample transaction 392
[2022-07-23T18:18:43.889Z INFO  client] Sending sample transaction 393
[2022-07-23T18:18:43.951Z INFO  client] Sending sample transaction 394
[2022-07-23T18:18:43.989Z INFO  client] Sending sample transaction 395
[2022-07-23T18:18:44.039Z INFO  client] Sending sample transaction 396
[2022-07-23T18:18:44.090Z INFO  client] Sending sample transaction 397
[2022-07-23T18:18:44.140Z INFO  client] Sending sample transaction 398
[2022-07-23T18:18:44.189Z INFO  client] Sending sample transaction 399
[2022-07-23T18:18:44.240Z INFO  client] Sending sample transaction 400
[2022-07-23T18:18:44.290Z INFO  client] Sending sample transaction 401
[2022-07-23T18:18:44.339Z INFO  client] Sending sample transaction 402
[2022-07-23T18:18:44.390Z INFO  client] Sending sample transaction 403
[2022-07-23T18:18:44.440Z INFO  client] Sending sample transaction 404
[2022-07-23T18:18:44.532Z INFO  client] Sending sample transaction 405
[2022-07-23T18:18:44.539Z INFO  client] Sending sample transaction 406
[2022-07-23T18:18:44.594Z INFO  client] Sending sample transaction 407
[2022-07-23T18:18:44.651Z INFO  client] Sending sample transaction 408
[2022-07-23T18:18:44.692Z INFO  client] Sending sample transaction 409
[2022-07-23T18:18:44.739Z INFO  client] Sending sample transaction 410
[2022-07-23T18:18:44.797Z INFO  client] Sending sample transaction 411
[2022-07-23T18:18:44.841Z INFO  client] Sending sample transaction 412
[2022-07-23T18:18:44.890Z INFO  client] Sending sample transaction 413
[2022-07-23T18:18:44.940Z INFO  client] Sending sample transaction 414
[2022-07-23T18:18:45.004Z INFO  client] Sending sample transaction 415
[2022-07-23T18:18:45.040Z INFO  client] Sending sample transaction 416
[2022-07-23T18:18:45.089Z INFO  client] Sending sample transaction 417
[2022-07-23T18:18:45.141Z INFO  client] Sending sample transaction 418
[2022-07-23T18:18:45.190Z INFO  client] Sending sample transaction 419
[2022-07-23T18:18:45.240Z INFO  client] Sending sample transaction 420
[2022-07-23T18:18:45.290Z INFO  client] Sending sample transaction 421
[2022-07-23T18:18:45.340Z INFO  client] Sending sample transaction 422
[2022-07-23T18:18:45.389Z INFO  client] Sending sample transaction 423
[2022-07-23T18:18:45.440Z INFO  client] Sending sample transaction 424
[2022-07-23T18:18:45.490Z INFO  client] Sending sample transaction 425
[2022-07-23T18:18:45.540Z INFO  client] Sending sample transaction 426
[2022-07-23T18:18:45.590Z INFO  client] Sending sample transaction 427
[2022-07-23T18:18:45.640Z INFO  client] Sending sample transaction 428
[2022-07-23T18:18:45.690Z INFO  client] Sending sample transaction 429
[2022-07-23T18:18:45.741Z INFO  client] Sending sample transaction 430
[2022-07-23T18:18:45.790Z INFO  client] Sending sample transaction 431
[2022-07-23T18:18:45.840Z INFO  client] Sending sample transaction 432
[2022-07-23T18:18:45.889Z INFO  client] Sending sample transaction 433
[2022-07-23T18:18:45.950Z INFO  client] Sending sample transaction 434
[2022-07-23T18:18:45.990Z INFO  client] Sending sample transaction 435
[2022-07-23T18:18:46.078Z INFO  client] Sending sample transaction 436
[2022-07-23T18:18:46.120Z INFO  client] Sending sample transaction 437
[2022-07-23T18:18:46.154Z INFO  client] Sending sample transaction 438
[2022-07-23T18:18:46.207Z INFO  client] Sending sample transaction 439
[2022-07-23T18:18:46.246Z INFO  client] Sending sample transaction 440
[2022-07-23T18:18:46.294Z INFO  client] Sending sample transaction 441
[2022-07-23T18:18:46.340Z INFO  client] Sending sample transaction 442
[2022-07-23T18:18:46.390Z INFO  client] Sending sample transaction 443
[2022-07-23T18:18:46.442Z INFO  client] Sending sample transaction 444
[2022-07-23T18:18:46.494Z INFO  client] Sending sample transaction 445
[2022-07-23T18:18:46.540Z INFO  client] Sending sample transaction 446
[2022-07-23T18:18:46.589Z INFO  client] Sending sample transaction 447
[2022-07-23T18:18:46.648Z INFO  client] Sending sample transaction 448
[2022-07-23T18:18:46.691Z INFO  client] Sending sample transaction 449
[2022-07-23T18:18:46.739Z INFO  client] Sending sample transaction 450
[2022-07-23T18:18:46.791Z INFO  client] Sending sample transaction 451
[2022-07-23T18:18:46.840Z INFO  client] Sending sample transaction 452
