[2022-07-24T10:54:55.707Z INFO  client] Node address: 127.0.0.1:9014
[2022-07-24T10:54:55.707Z INFO  client] Transactions size: 512 B
[2022-07-24T10:54:55.707Z INFO  client] Transactions rate: 112 tx/s
[2022-07-24T10:54:55.708Z INFO  client] Waiting for all nodes to be online...
[2022-07-24T10:54:55.708Z INFO  client] Waiting for all nodes to be synchronized...
[2022-07-24T10:54:57.715Z INFO  client] Start sending transactions
[2022-07-24T10:54:57.718Z INFO  client] Sending sample transaction 0
[2022-07-24T10:54:57.768Z INFO  client] Sending sample transaction 1
[2022-07-24T10:54:57.818Z INFO  client] Sending sample transaction 2
[2022-07-24T10:54:57.867Z INFO  client] Sending sample transaction 3
[2022-07-24T10:54:57.918Z INFO  client] Sending sample transaction 4
[2022-07-24T10:54:57.966Z INFO  client] Sending sample transaction 5
[2022-07-24T10:54:58.106Z INFO  client] Sending sample transaction 6
[2022-07-24T10:54:58.109Z INFO  client] Sending sample transaction 7
[2022-07-24T10:54:58.155Z INFO  client] Sending sample transaction 8
[2022-07-24T10:54:58.216Z INFO  client] Sending sample transaction 9
[2022-07-24T10:54:58.233Z INFO  client] Sending sample transaction 10
[2022-07-24T10:54:58.270Z INFO  client] Sending sample transaction 11
[2022-07-24T10:54:58.338Z INFO  client] Sending sample transaction 12
[2022-07-24T10:54:58.369Z INFO  client] Sending sample transaction 13
[2022-07-24T10:54:58.418Z INFO  client] Sending sample transaction 14
[2022-07-24T10:54:58.467Z INFO  client] Sending sample transaction 15
[2022-07-24T10:54:58.518Z INFO  client] Sending sample transaction 16
[2022-07-24T10:54:58.568Z INFO  client] Sending sample transaction 17
[2022-07-24T10:54:58.618Z INFO  client] Sending sample transaction 18
[2022-07-24T10:54:58.670Z INFO  client] Sending sample transaction 19
[2022-07-24T10:54:58.716Z INFO  client] Sending sample transaction 20
[2022-07-24T10:54:58.769Z INFO  client] Sending sample transaction 21
[2022-07-24T10:54:58.817Z INFO  client] Sending sample transaction 22
[2022-07-24T10:54:58.867Z INFO  client] Sending sample transaction 23
[2022-07-24T10:54:58.917Z INFO  client] Sending sample transaction 24
[2022-07-24T10:54:58.966Z INFO  client] Sending sample transaction 25
[2022-07-24T10:54:59.018Z INFO  client] Sending sample transaction 26
[2022-07-24T10:54:59.068Z INFO  client] Sending sample transaction 27
[2022-07-24T10:54:59.131Z INFO  client] Sending sample transaction 28
[2022-07-24T10:54:59.182Z INFO  client] Sending sample transaction 29
[2022-07-24T10:54:59.220Z INFO  client] Sending sample transaction 30
[2022-07-24T10:54:59.294Z INFO  client] Sending sample transaction 31
[2022-07-24T10:54:59.360Z INFO  client] Sending sample transaction 32
[2022-07-24T10:54:59.390Z INFO  client] Sending sample transaction 33
[2022-07-24T10:54:59.426Z INFO  client] Sending sample transaction 34
[2022-07-24T10:54:59.468Z INFO  client] Sending sample transaction 35
[2022-07-24T10:54:59.517Z INFO  client] Sending sample transaction 36
[2022-07-24T10:54:59.567Z INFO  client] Sending sample transaction 37
[2022-07-24T10:54:59.618Z INFO  client] Sending sample transaction 38
[2022-07-24T10:54:59.668Z INFO  client] Sending sample transaction 39
[2022-07-24T10:54:59.717Z INFO  client] Sending sample transaction 40
[2022-07-24T10:54:59.769Z INFO  client] Sending sample transaction 41
[2022-07-24T10:54:59.817Z INFO  client] Sending sample transaction 42
[2022-07-24T10:54:59.868Z INFO  client] Sending sample transaction 43
[2022-07-24T10:54:59.973Z INFO  client] Sending sample transaction 44
[2022-07-24T10:54:59.973Z INFO  client] Sending sample transaction 45
[2022-07-24T10:55:00.021Z INFO  client] Sending sample transaction 46
[2022-07-24T10:55:00.068Z INFO  client] Sending sample transaction 47
[2022-07-24T10:55:00.126Z INFO  client] Sending sample transaction 48
[2022-07-24T10:55:00.167Z INFO  client] Sending sample transaction 49
[2022-07-24T10:55:00.217Z INFO  client] Sending sample transaction 50
[2022-07-24T10:55:00.267Z INFO  client] Sending sample transaction 51
[2022-07-24T10:55:00.317Z INFO  client] Sending sample transaction 52
[2022-07-24T10:55:00.369Z INFO  client] Sending sample transaction 53
[2022-07-24T10:55:00.418Z INFO  client] Sending sample transaction 54
[2022-07-24T10:55:00.468Z INFO  client] Sending sample transaction 55
[2022-07-24T10:55:00.517Z INFO  client] Sending sample transaction 56
[2022-07-24T10:55:00.567Z INFO  client] Sending sample transaction 57
[2022-07-24T10:55:00.617Z INFO  client] Sending sample transaction 58
[2022-07-24T10:55:00.667Z INFO  client] Sending sample transaction 59
[2022-07-24T10:55:00.717Z INFO  client] Sending sample transaction 60
[2022-07-24T10:55:00.767Z INFO  client] Sending sample transaction 61
[2022-07-24T10:55:00.817Z INFO  client] Sending sample transaction 62
[2022-07-24T10:55:00.868Z INFO  client] Sending sample transaction 63
[2022-07-24T10:55:00.917Z INFO  client] Sending sample transaction 64
[2022-07-24T10:55:00.966Z INFO  client] Sending sample transaction 65
[2022-07-24T10:55:01.017Z INFO  client] Sending sample transaction 66
[2022-07-24T10:55:01.067Z INFO  client] Sending sample transaction 67
[2022-07-24T10:55:01.117Z INFO  client] Sending sample transaction 68
[2022-07-24T10:55:01.167Z INFO  client] Sending sample transaction 69
[2022-07-24T10:55:01.217Z INFO  client] Sending sample transaction 70
[2022-07-24T10:55:01.268Z INFO  client] Sending sample transaction 71
[2022-07-24T10:55:01.318Z INFO  client] Sending sample transaction 72
[2022-07-24T10:55:01.386Z INFO  client] Sending sample transaction 73
[2022-07-24T10:55:01.433Z INFO  client] Sending sample transaction 74
[2022-07-24T10:55:01.488Z INFO  client] Sending sample transaction 75
[2022-07-24T10:55:01.546Z INFO  client] Sending sample transaction 76
[2022-07-24T10:55:01.595Z INFO  client] Sending sample transaction 77
[2022-07-24T10:55:01.653Z INFO  client] Sending sample transaction 78
[2022-07-24T10:55:01.706Z INFO  client] Sending sample transaction 79
[2022-07-24T10:55:01.724Z INFO  client] Sending sample transaction 80
[2022-07-24T10:55:01.767Z INFO  client] Sending sample transaction 81
[2022-07-24T10:55:01.901Z INFO  client] Sending sample transaction 82
[2022-07-24T10:55:01.951Z INFO  client] Sending sample transaction 83
[2022-07-24T10:55:01.952Z INFO  client] Sending sample transaction 84
[2022-07-24T10:55:01.973Z INFO  client] Sending sample transaction 85
[2022-07-24T10:55:02.029Z INFO  client] Sending sample transaction 86
[2022-07-24T10:55:02.067Z INFO  client] Sending sample transaction 87
[2022-07-24T10:55:02.117Z INFO  client] Sending sample transaction 88
[2022-07-24T10:55:02.167Z INFO  client] Sending sample transaction 89
[2022-07-24T10:55:02.217Z INFO  client] Sending sample transaction 90
[2022-07-24T10:55:02.267Z INFO  client] Sending sample transaction 91
[2022-07-24T10:55:02.317Z INFO  client] Sending sample transaction 92
[2022-07-24T10:55:02.366Z INFO  client] Sending sample transaction 93
[2022-07-24T10:55:02.417Z INFO  client] Sending sample transaction 94
[2022-07-24T10:55:02.466Z INFO  client] Sending sample transaction 95
[2022-07-24T10:55:02.516Z INFO  client] Sending sample transaction 96
[2022-07-24T10:55:02.566Z INFO  client] Sending sample transaction 97
[2022-07-24T10:55:02.617Z INFO  client] Sending sample transaction 98
[2022-07-24T10:55:02.666Z INFO  client] Sending sample transaction 99
[2022-07-24T10:55:02.733Z INFO  client] Sending sample transaction 100
[2022-07-24T10:55:02.783Z INFO  client] Sending sample transaction 101
[2022-07-24T10:55:02.818Z INFO  client] Sending sample transaction 102
[2022-07-24T10:55:02.867Z INFO  client] Sending sample transaction 103
[2022-07-24T10:55:02.917Z INFO  client] Sending sample transaction 104
[2022-07-24T10:55:02.966Z INFO  client] Sending sample transaction 105
[2022-07-24T10:55:03.017Z INFO  client] Sending sample transaction 106
[2022-07-24T10:55:03.066Z INFO  client] Sending sample transaction 107
[2022-07-24T10:55:03.116Z INFO  client] Sending sample transaction 108
[2022-07-24T10:55:03.166Z INFO  client] Sending sample transaction 109
[2022-07-24T10:55:03.216Z INFO  client] Sending sample transaction 110
[2022-07-24T10:55:03.298Z INFO  client] Sending sample transaction 111
[2022-07-24T10:55:03.325Z INFO  client] Sending sample transaction 112
[2022-07-24T10:55:03.378Z INFO  client] Sending sample transaction 113
[2022-07-24T10:55:03.417Z INFO  client] Sending sample transaction 114
[2022-07-24T10:55:03.467Z INFO  client] Sending sample transaction 115
[2022-07-24T10:55:03.517Z INFO  client] Sending sample transaction 116
[2022-07-24T10:55:03.566Z INFO  client] Sending sample transaction 117
[2022-07-24T10:55:03.618Z INFO  client] Sending sample transaction 118
[2022-07-24T10:55:03.666Z INFO  client] Sending sample transaction 119
[2022-07-24T10:55:03.716Z INFO  client] Sending sample transaction 120
[2022-07-24T10:55:03.774Z INFO  client] Sending sample transaction 121
[2022-07-24T10:55:03.817Z INFO  client] Sending sample transaction 122
[2022-07-24T10:55:03.867Z INFO  client] Sending sample transaction 123
[2022-07-24T10:55:03.917Z INFO  client] Sending sample transaction 124
[2022-07-24T10:55:03.966Z INFO  client] Sending sample transaction 125
[2022-07-24T10:55:04.017Z INFO  client] Sending sample transaction 126
[2022-07-24T10:55:04.068Z INFO  client] Sending sample transaction 127
[2022-07-24T10:55:04.117Z INFO  client] Sending sample transaction 128
[2022-07-24T10:55:04.166Z INFO  client] Sending sample transaction 129
[2022-07-24T10:55:04.216Z INFO  client] Sending sample transaction 130
[2022-07-24T10:55:04.267Z INFO  client] Sending sample transaction 131
[2022-07-24T10:55:04.317Z INFO  client] Sending sample transaction 132
[2022-07-24T10:55:04.367Z INFO  client] Sending sample transaction 133
[2022-07-24T10:55:04.416Z INFO  client] Sending sample transaction 134
[2022-07-24T10:55:04.466Z INFO  client] Sending sample transaction 135
[2022-07-24T10:55:04.517Z INFO  client] Sending sample transaction 136
[2022-07-24T10:55:04.567Z INFO  client] Sending sample transaction 137
[2022-07-24T10:55:04.617Z INFO  client] Sending sample transaction 138
[2022-07-24T10:55:04.667Z INFO  client] Sending sample transaction 139
[2022-07-24T10:55:04.716Z INFO  client] Sending sample transaction 140
[2022-07-24T10:55:04.767Z INFO  client] Sending sample transaction 141
[2022-07-24T10:55:04.818Z INFO  client] Sending sample transaction 142
[2022-07-24T10:55:04.867Z INFO  client] Sending sample transaction 143
[2022-07-24T10:55:04.918Z INFO  client] Sending sample transaction 144
[2022-07-24T10:55:04.966Z INFO  client] Sending sample transaction 145
[2022-07-24T10:55:05.017Z INFO  client] Sending sample transaction 146
[2022-07-24T10:55:05.066Z INFO  client] Sending sample transaction 147
[2022-07-24T10:55:05.116Z INFO  client] Sending sample transaction 148
[2022-07-24T10:55:05.167Z INFO  client] Sending sample transaction 149
[2022-07-24T10:55:05.216Z INFO  client] Sending sample transaction 150
[2022-07-24T10:55:05.267Z INFO  client] Sending sample transaction 151
[2022-07-24T10:55:05.317Z INFO  client] Sending sample transaction 152
[2022-07-24T10:55:05.367Z INFO  client] Sending sample transaction 153
[2022-07-24T10:55:05.417Z INFO  client] Sending sample transaction 154
[2022-07-24T10:55:05.467Z INFO  client] Sending sample transaction 155
[2022-07-24T10:55:05.516Z INFO  client] Sending sample transaction 156
[2022-07-24T10:55:05.567Z INFO  client] Sending sample transaction 157
[2022-07-24T10:55:05.617Z INFO  client] Sending sample transaction 158
[2022-07-24T10:55:05.666Z INFO  client] Sending sample transaction 159
[2022-07-24T10:55:05.717Z INFO  client] Sending sample transaction 160
[2022-07-24T10:55:05.767Z INFO  client] Sending sample transaction 161
[2022-07-24T10:55:05.817Z INFO  client] Sending sample transaction 162
[2022-07-24T10:55:05.867Z INFO  client] Sending sample transaction 163
[2022-07-24T10:55:05.916Z INFO  client] Sending sample transaction 164
[2022-07-24T10:55:05.967Z INFO  client] Sending sample transaction 165
[2022-07-24T10:55:06.017Z INFO  client] Sending sample transaction 166
[2022-07-24T10:55:06.067Z INFO  client] Sending sample transaction 167
[2022-07-24T10:55:06.170Z INFO  client] Sending sample transaction 168
[2022-07-24T10:55:06.171Z INFO  client] Sending sample transaction 169
[2022-07-24T10:55:06.221Z INFO  client] Sending sample transaction 170
[2022-07-24T10:55:06.266Z INFO  client] Sending sample transaction 171
[2022-07-24T10:55:06.317Z INFO  client] Sending sample transaction 172
[2022-07-24T10:55:06.366Z INFO  client] Sending sample transaction 173
[2022-07-24T10:55:06.416Z INFO  client] Sending sample transaction 174
[2022-07-24T10:55:06.467Z INFO  client] Sending sample transaction 175
[2022-07-24T10:55:06.517Z INFO  client] Sending sample transaction 176
[2022-07-24T10:55:06.567Z INFO  client] Sending sample transaction 177
[2022-07-24T10:55:06.617Z INFO  client] Sending sample transaction 178
[2022-07-24T10:55:06.667Z INFO  client] Sending sample transaction 179
[2022-07-24T10:55:06.718Z INFO  client] Sending sample transaction 180
[2022-07-24T10:55:06.767Z INFO  client] Sending sample transaction 181
[2022-07-24T10:55:06.817Z INFO  client] Sending sample transaction 182
[2022-07-24T10:55:06.867Z INFO  client] Sending sample transaction 183
[2022-07-24T10:55:06.917Z INFO  client] Sending sample transaction 184
[2022-07-24T10:55:06.966Z INFO  client] Sending sample transaction 185
[2022-07-24T10:55:07.017Z INFO  client] Sending sample transaction 186
[2022-07-24T10:55:07.067Z INFO  client] Sending sample transaction 187
[2022-07-24T10:55:07.119Z INFO  client] Sending sample transaction 188
[2022-07-24T10:55:07.167Z INFO  client] Sending sample transaction 189
[2022-07-24T10:55:07.218Z INFO  client] Sending sample transaction 190
[2022-07-24T10:55:07.267Z INFO  client] Sending sample transaction 191
[2022-07-24T10:55:07.317Z INFO  client] Sending sample transaction 192
[2022-07-24T10:55:07.366Z INFO  client] Sending sample transaction 193
[2022-07-24T10:55:07.417Z INFO  client] Sending sample transaction 194
[2022-07-24T10:55:07.467Z INFO  client] Sending sample transaction 195
[2022-07-24T10:55:07.518Z INFO  client] Sending sample transaction 196
[2022-07-24T10:55:07.567Z INFO  client] Sending sample transaction 197
[2022-07-24T10:55:07.617Z INFO  client] Sending sample transaction 198
[2022-07-24T10:55:07.667Z INFO  client] Sending sample transaction 199
[2022-07-24T10:55:07.716Z INFO  client] Sending sample transaction 200
[2022-07-24T10:55:07.766Z INFO  client] Sending sample transaction 201
[2022-07-24T10:55:07.816Z INFO  client] Sending sample transaction 202
[2022-07-24T10:55:07.867Z INFO  client] Sending sample transaction 203
[2022-07-24T10:55:07.925Z INFO  client] Sending sample transaction 204
[2022-07-24T10:55:07.966Z INFO  client] Sending sample transaction 205
[2022-07-24T10:55:08.016Z INFO  client] Sending sample transaction 206
[2022-07-24T10:55:08.068Z INFO  client] Sending sample transaction 207
[2022-07-24T10:55:08.119Z INFO  client] Sending sample transaction 208
[2022-07-24T10:55:08.167Z INFO  client] Sending sample transaction 209
[2022-07-24T10:55:08.217Z INFO  client] Sending sample transaction 210
[2022-07-24T10:55:08.267Z INFO  client] Sending sample transaction 211
[2022-07-24T10:55:08.317Z INFO  client] Sending sample transaction 212
[2022-07-24T10:55:08.367Z INFO  client] Sending sample transaction 213
[2022-07-24T10:55:08.416Z INFO  client] Sending sample transaction 214
[2022-07-24T10:55:08.467Z INFO  client] Sending sample transaction 215
[2022-07-24T10:55:08.518Z INFO  client] Sending sample transaction 216
[2022-07-24T10:55:08.568Z INFO  client] Sending sample transaction 217
[2022-07-24T10:55:08.619Z INFO  client] Sending sample transaction 218
[2022-07-24T10:55:08.669Z INFO  client] Sending sample transaction 219
[2022-07-24T10:55:08.717Z INFO  client] Sending sample transaction 220
[2022-07-24T10:55:08.767Z INFO  client] Sending sample transaction 221
[2022-07-24T10:55:08.817Z INFO  client] Sending sample transaction 222
[2022-07-24T10:55:08.867Z INFO  client] Sending sample transaction 223
[2022-07-24T10:55:08.917Z INFO  client] Sending sample transaction 224
[2022-07-24T10:55:08.993Z INFO  client] Sending sample transaction 225
[2022-07-24T10:55:09.029Z INFO  client] Sending sample transaction 226
[2022-07-24T10:55:09.066Z INFO  client] Sending sample transaction 227
[2022-07-24T10:55:09.133Z INFO  client] Sending sample transaction 228
[2022-07-24T10:55:09.168Z INFO  client] Sending sample transaction 229
[2022-07-24T10:55:09.216Z INFO  client] Sending sample transaction 230
[2022-07-24T10:55:09.266Z INFO  client] Sending sample transaction 231
[2022-07-24T10:55:09.317Z INFO  client] Sending sample transaction 232
[2022-07-24T10:55:09.366Z INFO  client] Sending sample transaction 233
[2022-07-24T10:55:09.417Z INFO  client] Sending sample transaction 234
[2022-07-24T10:55:09.466Z INFO  client] Sending sample transaction 235
[2022-07-24T10:55:09.517Z INFO  client] Sending sample transaction 236
[2022-07-24T10:55:09.567Z INFO  client] Sending sample transaction 237
[2022-07-24T10:55:09.617Z INFO  client] Sending sample transaction 238
[2022-07-24T10:55:09.668Z INFO  client] Sending sample transaction 239
[2022-07-24T10:55:09.716Z INFO  client] Sending sample transaction 240
[2022-07-24T10:55:09.767Z INFO  client] Sending sample transaction 241
[2022-07-24T10:55:09.816Z INFO  client] Sending sample transaction 242
[2022-07-24T10:55:09.867Z INFO  client] Sending sample transaction 243
[2022-07-24T10:55:09.916Z INFO  client] Sending sample transaction 244
[2022-07-24T10:55:09.967Z INFO  client] Sending sample transaction 245
[2022-07-24T10:55:10.018Z INFO  client] Sending sample transaction 246
[2022-07-24T10:55:10.066Z INFO  client] Sending sample transaction 247
[2022-07-24T10:55:10.117Z INFO  client] Sending sample transaction 248
[2022-07-24T10:55:10.167Z INFO  client] Sending sample transaction 249
[2022-07-24T10:55:10.217Z INFO  client] Sending sample transaction 250
[2022-07-24T10:55:10.267Z INFO  client] Sending sample transaction 251
[2022-07-24T10:55:10.319Z INFO  client] Sending sample transaction 252
[2022-07-24T10:55:10.367Z INFO  client] Sending sample transaction 253
[2022-07-24T10:55:10.416Z INFO  client] Sending sample transaction 254
[2022-07-24T10:55:10.467Z INFO  client] Sending sample transaction 255
[2022-07-24T10:55:10.518Z INFO  client] Sending sample transaction 256
[2022-07-24T10:55:10.567Z INFO  client] Sending sample transaction 257
[2022-07-24T10:55:10.618Z INFO  client] Sending sample transaction 258
[2022-07-24T10:55:10.667Z INFO  client] Sending sample transaction 259
[2022-07-24T10:55:10.716Z INFO  client] Sending sample transaction 260
[2022-07-24T10:55:10.767Z INFO  client] Sending sample transaction 261
[2022-07-24T10:55:10.817Z INFO  client] Sending sample transaction 262
[2022-07-24T10:55:10.868Z INFO  client] Sending sample transaction 263
[2022-07-24T10:55:10.917Z INFO  client] Sending sample transaction 264
[2022-07-24T10:55:10.967Z INFO  client] Sending sample transaction 265
[2022-07-24T10:55:11.017Z INFO  client] Sending sample transaction 266
[2022-07-24T10:55:11.066Z INFO  client] Sending sample transaction 267
[2022-07-24T10:55:11.117Z INFO  client] Sending sample transaction 268
[2022-07-24T10:55:11.167Z INFO  client] Sending sample transaction 269
[2022-07-24T10:55:11.217Z INFO  client] Sending sample transaction 270
[2022-07-24T10:55:11.266Z INFO  client] Sending sample transaction 271
[2022-07-24T10:55:11.317Z INFO  client] Sending sample transaction 272
[2022-07-24T10:55:11.367Z INFO  client] Sending sample transaction 273
[2022-07-24T10:55:11.417Z INFO  client] Sending sample transaction 274
[2022-07-24T10:55:11.467Z INFO  client] Sending sample transaction 275
[2022-07-24T10:55:11.517Z INFO  client] Sending sample transaction 276
[2022-07-24T10:55:11.567Z INFO  client] Sending sample transaction 277
[2022-07-24T10:55:11.617Z INFO  client] Sending sample transaction 278
[2022-07-24T10:55:11.667Z INFO  client] Sending sample transaction 279
[2022-07-24T10:55:11.717Z INFO  client] Sending sample transaction 280
[2022-07-24T10:55:11.766Z INFO  client] Sending sample transaction 281
[2022-07-24T10:55:11.817Z INFO  client] Sending sample transaction 282
[2022-07-24T10:55:11.867Z INFO  client] Sending sample transaction 283
[2022-07-24T10:55:11.917Z INFO  client] Sending sample transaction 284
[2022-07-24T10:55:11.967Z INFO  client] Sending sample transaction 285
[2022-07-24T10:55:12.016Z INFO  client] Sending sample transaction 286
[2022-07-24T10:55:12.067Z INFO  client] Sending sample transaction 287
[2022-07-24T10:55:12.120Z INFO  client] Sending sample transaction 288
[2022-07-24T10:55:12.167Z INFO  client] Sending sample transaction 289
[2022-07-24T10:55:12.217Z INFO  client] Sending sample transaction 290
[2022-07-24T10:55:12.267Z INFO  client] Sending sample transaction 291
[2022-07-24T10:55:12.317Z INFO  client] Sending sample transaction 292
[2022-07-24T10:55:12.366Z INFO  client] Sending sample transaction 293
[2022-07-24T10:55:12.417Z INFO  client] Sending sample transaction 294
[2022-07-24T10:55:12.466Z INFO  client] Sending sample transaction 295
[2022-07-24T10:55:12.517Z INFO  client] Sending sample transaction 296
[2022-07-24T10:55:12.567Z INFO  client] Sending sample transaction 297
[2022-07-24T10:55:12.617Z INFO  client] Sending sample transaction 298
[2022-07-24T10:55:12.667Z INFO  client] Sending sample transaction 299
[2022-07-24T10:55:12.718Z INFO  client] Sending sample transaction 300
[2022-07-24T10:55:12.768Z INFO  client] Sending sample transaction 301
[2022-07-24T10:55:12.816Z INFO  client] Sending sample transaction 302
[2022-07-24T10:55:12.867Z INFO  client] Sending sample transaction 303
[2022-07-24T10:55:12.942Z INFO  client] Sending sample transaction 304
[2022-07-24T10:55:12.974Z INFO  client] Sending sample transaction 305
[2022-07-24T10:55:13.016Z INFO  client] Sending sample transaction 306
[2022-07-24T10:55:13.066Z INFO  client] Sending sample transaction 307
[2022-07-24T10:55:13.117Z INFO  client] Sending sample transaction 308
[2022-07-24T10:55:13.174Z INFO  client] Sending sample transaction 309
[2022-07-24T10:55:13.217Z INFO  client] Sending sample transaction 310
[2022-07-24T10:55:13.271Z INFO  client] Sending sample transaction 311
[2022-07-24T10:55:13.317Z INFO  client] Sending sample transaction 312
[2022-07-24T10:55:13.367Z INFO  client] Sending sample transaction 313
[2022-07-24T10:55:13.416Z INFO  client] Sending sample transaction 314
[2022-07-24T10:55:13.468Z INFO  client] Sending sample transaction 315
[2022-07-24T10:55:13.535Z INFO  client] Sending sample transaction 316
[2022-07-24T10:55:13.566Z INFO  client] Sending sample transaction 317
[2022-07-24T10:55:13.617Z INFO  client] Sending sample transaction 318
[2022-07-24T10:55:13.667Z INFO  client] Sending sample transaction 319
[2022-07-24T10:55:13.717Z INFO  client] Sending sample transaction 320
[2022-07-24T10:55:13.767Z INFO  client] Sending sample transaction 321
[2022-07-24T10:55:13.817Z INFO  client] Sending sample transaction 322
[2022-07-24T10:55:13.868Z INFO  client] Sending sample transaction 323
[2022-07-24T10:55:13.918Z INFO  client] Sending sample transaction 324
[2022-07-24T10:55:13.966Z INFO  client] Sending sample transaction 325
[2022-07-24T10:55:14.017Z INFO  client] Sending sample transaction 326
[2022-07-24T10:55:14.068Z INFO  client] Sending sample transaction 327
[2022-07-24T10:55:14.117Z INFO  client] Sending sample transaction 328
[2022-07-24T10:55:14.167Z INFO  client] Sending sample transaction 329
[2022-07-24T10:55:14.223Z INFO  client] Sending sample transaction 330
[2022-07-24T10:55:14.267Z INFO  client] Sending sample transaction 331
[2022-07-24T10:55:14.317Z INFO  client] Sending sample transaction 332
[2022-07-24T10:55:14.366Z INFO  client] Sending sample transaction 333
[2022-07-24T10:55:14.416Z INFO  client] Sending sample transaction 334
[2022-07-24T10:55:14.467Z INFO  client] Sending sample transaction 335
[2022-07-24T10:55:14.517Z INFO  client] Sending sample transaction 336
[2022-07-24T10:55:14.566Z INFO  client] Sending sample transaction 337
[2022-07-24T10:55:14.617Z INFO  client] Sending sample transaction 338
[2022-07-24T10:55:14.667Z INFO  client] Sending sample transaction 339
[2022-07-24T10:55:14.717Z INFO  client] Sending sample transaction 340
[2022-07-24T10:55:14.794Z INFO  client] Sending sample transaction 341
[2022-07-24T10:55:14.837Z INFO  client] Sending sample transaction 342
[2022-07-24T10:55:14.873Z INFO  client] Sending sample transaction 343
[2022-07-24T10:55:14.917Z INFO  client] Sending sample transaction 344
[2022-07-24T10:55:14.967Z INFO  client] Sending sample transaction 345
[2022-07-24T10:55:15.016Z INFO  client] Sending sample transaction 346
[2022-07-24T10:55:15.066Z INFO  client] Sending sample transaction 347
[2022-07-24T10:55:15.118Z INFO  client] Sending sample transaction 348
[2022-07-24T10:55:15.168Z INFO  client] Sending sample transaction 349
[2022-07-24T10:55:15.217Z INFO  client] Sending sample transaction 350
[2022-07-24T10:55:15.267Z INFO  client] Sending sample transaction 351
[2022-07-24T10:55:15.319Z INFO  client] Sending sample transaction 352
[2022-07-24T10:55:15.367Z INFO  client] Sending sample transaction 353
[2022-07-24T10:55:15.417Z INFO  client] Sending sample transaction 354
[2022-07-24T10:55:15.466Z INFO  client] Sending sample transaction 355
[2022-07-24T10:55:15.517Z INFO  client] Sending sample transaction 356
[2022-07-24T10:55:15.567Z INFO  client] Sending sample transaction 357
[2022-07-24T10:55:15.617Z INFO  client] Sending sample transaction 358
[2022-07-24T10:55:15.667Z INFO  client] Sending sample transaction 359
[2022-07-24T10:55:15.717Z INFO  client] Sending sample transaction 360
[2022-07-24T10:55:15.767Z INFO  client] Sending sample transaction 361
[2022-07-24T10:55:15.817Z INFO  client] Sending sample transaction 362
[2022-07-24T10:55:15.869Z INFO  client] Sending sample transaction 363
[2022-07-24T10:55:15.919Z INFO  client] Sending sample transaction 364
[2022-07-24T10:55:15.967Z INFO  client] Sending sample transaction 365
[2022-07-24T10:55:16.017Z INFO  client] Sending sample transaction 366
[2022-07-24T10:55:16.067Z INFO  client] Sending sample transaction 367
[2022-07-24T10:55:16.116Z INFO  client] Sending sample transaction 368
[2022-07-24T10:55:16.167Z INFO  client] Sending sample transaction 369
[2022-07-24T10:55:16.218Z INFO  client] Sending sample transaction 370
[2022-07-24T10:55:16.278Z INFO  client] Sending sample transaction 371
[2022-07-24T10:55:16.317Z INFO  client] Sending sample transaction 372
[2022-07-24T10:55:16.375Z INFO  client] Sending sample transaction 373
[2022-07-24T10:55:16.417Z INFO  client] Sending sample transaction 374
[2022-07-24T10:55:16.467Z INFO  client] Sending sample transaction 375
[2022-07-24T10:55:16.517Z INFO  client] Sending sample transaction 376
[2022-07-24T10:55:16.589Z INFO  client] Sending sample transaction 377
[2022-07-24T10:55:16.626Z INFO  client] Sending sample transaction 378
[2022-07-24T10:55:16.668Z INFO  client] Sending sample transaction 379
[2022-07-24T10:55:16.717Z INFO  client] Sending sample transaction 380
[2022-07-24T10:55:16.766Z INFO  client] Sending sample transaction 381
[2022-07-24T10:55:16.817Z INFO  client] Sending sample transaction 382
[2022-07-24T10:55:16.867Z INFO  client] Sending sample transaction 383
[2022-07-24T10:55:16.917Z INFO  client] Sending sample transaction 384
[2022-07-24T10:55:16.967Z INFO  client] Sending sample transaction 385
[2022-07-24T10:55:17.017Z INFO  client] Sending sample transaction 386
[2022-07-24T10:55:17.067Z INFO  client] Sending sample transaction 387
[2022-07-24T10:55:17.116Z INFO  client] Sending sample transaction 388
[2022-07-24T10:55:17.167Z INFO  client] Sending sample transaction 389
[2022-07-24T10:55:17.216Z INFO  client] Sending sample transaction 390
[2022-07-24T10:55:17.267Z INFO  client] Sending sample transaction 391
[2022-07-24T10:55:17.317Z INFO  client] Sending sample transaction 392
[2022-07-24T10:55:17.367Z INFO  client] Sending sample transaction 393
[2022-07-24T10:55:17.417Z INFO  client] Sending sample transaction 394
[2022-07-24T10:55:17.467Z INFO  client] Sending sample transaction 395
[2022-07-24T10:55:17.517Z INFO  client] Sending sample transaction 396
[2022-07-24T10:55:17.567Z INFO  client] Sending sample transaction 397
[2022-07-24T10:55:17.617Z INFO  client] Sending sample transaction 398
[2022-07-24T10:55:17.667Z INFO  client] Sending sample transaction 399
[2022-07-24T10:55:17.717Z INFO  client] Sending sample transaction 400
[2022-07-24T10:55:17.766Z INFO  client] Sending sample transaction 401
[2022-07-24T10:55:17.816Z INFO  client] Sending sample transaction 402
[2022-07-24T10:55:17.867Z INFO  client] Sending sample transaction 403
[2022-07-24T10:55:17.919Z INFO  client] Sending sample transaction 404
[2022-07-24T10:55:17.966Z INFO  client] Sending sample transaction 405
[2022-07-24T10:55:18.016Z INFO  client] Sending sample transaction 406
[2022-07-24T10:55:18.067Z INFO  client] Sending sample transaction 407
[2022-07-24T10:55:18.117Z INFO  client] Sending sample transaction 408
[2022-07-24T10:55:18.167Z INFO  client] Sending sample transaction 409
[2022-07-24T10:55:18.217Z INFO  client] Sending sample transaction 410
[2022-07-24T10:55:18.300Z INFO  client] Sending sample transaction 411
[2022-07-24T10:55:18.320Z INFO  client] Sending sample transaction 412
[2022-07-24T10:55:18.366Z INFO  client] Sending sample transaction 413
[2022-07-24T10:55:18.423Z INFO  client] Sending sample transaction 414
[2022-07-24T10:55:18.467Z INFO  client] Sending sample transaction 415
[2022-07-24T10:55:18.516Z INFO  client] Sending sample transaction 416
[2022-07-24T10:55:18.567Z INFO  client] Sending sample transaction 417
[2022-07-24T10:55:18.617Z INFO  client] Sending sample transaction 418
[2022-07-24T10:55:18.667Z INFO  client] Sending sample transaction 419
[2022-07-24T10:55:18.717Z INFO  client] Sending sample transaction 420
[2022-07-24T10:55:18.767Z INFO  client] Sending sample transaction 421
[2022-07-24T10:55:18.817Z INFO  client] Sending sample transaction 422
[2022-07-24T10:55:18.867Z INFO  client] Sending sample transaction 423
[2022-07-24T10:55:18.918Z INFO  client] Sending sample transaction 424
[2022-07-24T10:55:18.967Z INFO  client] Sending sample transaction 425
[2022-07-24T10:55:19.017Z INFO  client] Sending sample transaction 426
[2022-07-24T10:55:19.066Z INFO  client] Sending sample transaction 427
[2022-07-24T10:55:19.117Z INFO  client] Sending sample transaction 428
[2022-07-24T10:55:19.167Z INFO  client] Sending sample transaction 429
[2022-07-24T10:55:19.216Z INFO  client] Sending sample transaction 430
