[2022-07-24T10:54:55.905Z INFO  client] Node address: 127.0.0.1:9017
[2022-07-24T10:54:55.905Z INFO  client] Transactions size: 512 B
[2022-07-24T10:54:55.905Z INFO  client] Transactions rate: 112 tx/s
[2022-07-24T10:54:55.905Z INFO  client] Waiting for all nodes to be online...
[2022-07-24T10:54:55.905Z INFO  client] Waiting for all nodes to be synchronized...
[2022-07-24T10:54:57.912Z INFO  client] Start sending transactions
[2022-07-24T10:54:57.915Z INFO  client] Sending sample transaction 0
[2022-07-24T10:54:57.963Z INFO  client] Sending sample transaction 1
[2022-07-24T10:54:58.085Z INFO  client] Sending sample transaction 2
[2022-07-24T10:54:58.111Z INFO  client] Sending sample transaction 3
[2022-07-24T10:54:58.145Z INFO  client] Sending sample transaction 4
[2022-07-24T10:54:58.187Z INFO  client] Sending sample transaction 5
[2022-07-24T10:54:58.228Z INFO  client] Sending sample transaction 6
[2022-07-24T10:54:58.264Z INFO  client] Sending sample transaction 7
[2022-07-24T10:54:58.339Z INFO  client] Sending sample transaction 8
[2022-07-24T10:54:58.370Z INFO  client] Sending sample transaction 9
[2022-07-24T10:54:58.415Z INFO  client] Sending sample transaction 10
[2022-07-24T10:54:58.465Z INFO  client] Sending sample transaction 11
[2022-07-24T10:54:58.514Z INFO  client] Sending sample transaction 12
[2022-07-24T10:54:58.566Z INFO  client] Sending sample transaction 13
[2022-07-24T10:54:58.616Z INFO  client] Sending sample transaction 14
[2022-07-24T10:54:58.663Z INFO  client] Sending sample transaction 15
[2022-07-24T10:54:58.716Z INFO  client] Sending sample transaction 16
[2022-07-24T10:54:58.769Z INFO  client] Sending sample transaction 17
[2022-07-24T10:54:58.815Z INFO  client] Sending sample transaction 18
[2022-07-24T10:54:58.864Z INFO  client] Sending sample transaction 19
[2022-07-24T10:54:58.913Z INFO  client] Sending sample transaction 20
[2022-07-24T10:54:58.964Z INFO  client] Sending sample transaction 21
[2022-07-24T10:54:59.015Z INFO  client] Sending sample transaction 22
[2022-07-24T10:54:59.066Z INFO  client] Sending sample transaction 23
[2022-07-24T10:54:59.127Z INFO  client] Sending sample transaction 24
[2022-07-24T10:54:59.189Z INFO  client] Sending sample transaction 25
[2022-07-24T10:54:59.264Z INFO  client] Sending sample transaction 26
[2022-07-24T10:54:59.290Z INFO  client] Sending sample transaction 27
[2022-07-24T10:54:59.344Z INFO  client] Sending sample transaction 28
[2022-07-24T10:54:59.379Z INFO  client] Sending sample transaction 29
[2022-07-24T10:54:59.425Z INFO  client] Sending sample transaction 30
[2022-07-24T10:54:59.468Z INFO  client] Sending sample transaction 31
[2022-07-24T10:54:59.515Z INFO  client] Sending sample transaction 32
[2022-07-24T10:54:59.564Z INFO  client] Sending sample transaction 33
[2022-07-24T10:54:59.614Z INFO  client] Sending sample transaction 34
[2022-07-24T10:54:59.663Z INFO  client] Sending sample transaction 35
[2022-07-24T10:54:59.713Z INFO  client] Sending sample transaction 36
[2022-07-24T10:54:59.767Z INFO  client] Sending sample transaction 37
[2022-07-24T10:54:59.814Z INFO  client] Sending sample transaction 38
[2022-07-24T10:54:59.863Z INFO  client] Sending sample transaction 39
[2022-07-24T10:54:59.924Z INFO  client] Sending sample transaction 40
[2022-07-24T10:55:00.017Z INFO  client] Sending sample transaction 41
[2022-07-24T10:55:00.017Z INFO  client] Sending sample transaction 42
[2022-07-24T10:55:00.064Z INFO  client] Sending sample transaction 43
[2022-07-24T10:55:00.125Z INFO  client] Sending sample transaction 44
[2022-07-24T10:55:00.163Z INFO  client] Sending sample transaction 45
[2022-07-24T10:55:00.214Z INFO  client] Sending sample transaction 46
[2022-07-24T10:55:00.264Z INFO  client] Sending sample transaction 47
[2022-07-24T10:55:00.315Z INFO  client] Sending sample transaction 48
[2022-07-24T10:55:00.366Z INFO  client] Sending sample transaction 49
[2022-07-24T10:55:00.413Z INFO  client] Sending sample transaction 50
[2022-07-24T10:55:00.468Z INFO  client] Sending sample transaction 51
[2022-07-24T10:55:00.513Z INFO  client] Sending sample transaction 52
[2022-07-24T10:55:00.566Z INFO  client] Sending sample transaction 53
[2022-07-24T10:55:00.613Z INFO  client] Sending sample transaction 54
[2022-07-24T10:55:00.664Z INFO  client] Sending sample transaction 55
[2022-07-24T10:55:00.714Z INFO  client] Sending sample transaction 56
[2022-07-24T10:55:00.764Z INFO  client] Sending sample transaction 57
[2022-07-24T10:55:00.814Z INFO  client] Sending sample transaction 58
[2022-07-24T10:55:00.863Z INFO  client] Sending sample transaction 59
[2022-07-24T10:55:00.913Z INFO  client] Sending sample transaction 60
[2022-07-24T10:55:00.963Z INFO  client] Sending sample transaction 61
[2022-07-24T10:55:01.016Z INFO  client] Sending sample transaction 62
[2022-07-24T10:55:01.063Z INFO  client] Sending sample transaction 63
[2022-07-24T10:55:01.113Z INFO  client] Sending sample transaction 64
[2022-07-24T10:55:01.163Z INFO  client] Sending sample transaction 65
[2022-07-24T10:55:01.214Z INFO  client] Sending sample transaction 66
[2022-07-24T10:55:01.263Z INFO  client] Sending sample transaction 67
[2022-07-24T10:55:01.313Z INFO  client] Sending sample transaction 68
[2022-07-24T10:55:01.380Z INFO  client] Sending sample transaction 69
[2022-07-24T10:55:01.427Z INFO  client] Sending sample transaction 70
[2022-07-24T10:55:01.488Z INFO  client] Sending sample transaction 71
[2022-07-24T10:55:01.534Z INFO  client] Sending sample transaction 72
[2022-07-24T10:55:01.594Z INFO  client] Sending sample transaction 73
[2022-07-24T10:55:01.639Z INFO  client] Sending sample transaction 74
[2022-07-24T10:55:01.699Z INFO  client] Sending sample transaction 75
[2022-07-24T10:55:01.724Z INFO  client] Sending sample transaction 76
[2022-07-24T10:55:01.765Z INFO  client] Sending sample transaction 77
[2022-07-24T10:55:01.865Z INFO  client] Sending sample transaction 78
[2022-07-24T10:55:01.907Z INFO  client] Sending sample transaction 79
[2022-07-24T10:55:01.949Z INFO  client] Sending sample transaction 80
[2022-07-24T10:55:01.973Z INFO  client] Sending sample transaction 81
[2022-07-24T10:55:02.032Z INFO  client] Sending sample transaction 82
[2022-07-24T10:55:02.078Z INFO  client] Sending sample transaction 83
[2022-07-24T10:55:02.113Z INFO  client] Sending sample transaction 84
[2022-07-24T10:55:02.163Z INFO  client] Sending sample transaction 85
[2022-07-24T10:55:02.214Z INFO  client] Sending sample transaction 86
[2022-07-24T10:55:02.267Z INFO  client] Sending sample transaction 87
[2022-07-24T10:55:02.314Z INFO  client] Sending sample transaction 88
[2022-07-24T10:55:02.363Z INFO  client] Sending sample transaction 89
[2022-07-24T10:55:02.413Z INFO  client] Sending sample transaction 90
[2022-07-24T10:55:02.464Z INFO  client] Sending sample transaction 91
[2022-07-24T10:55:02.513Z INFO  client] Sending sample transaction 92
[2022-07-24T10:55:02.563Z INFO  client] Sending sample transaction 93
[2022-07-24T10:55:02.615Z INFO  client] Sending sample transaction 94
[2022-07-24T10:55:02.663Z INFO  client] Sending sample transaction 95
[2022-07-24T10:55:02.720Z INFO  client] Sending sample transaction 96
[2022-07-24T10:55:02.764Z INFO  client] Sending sample transaction 97
[2022-07-24T10:55:02.814Z INFO  client] Sending sample transaction 98
[2022-07-24T10:55:02.865Z INFO  client] Sending sample transaction 99
[2022-07-24T10:55:02.913Z INFO  client] Sending sample transaction 100
[2022-07-24T10:55:02.963Z INFO  client] Sending sample transaction 101
[2022-07-24T10:55:03.013Z INFO  client] Sending sample transaction 102
[2022-07-24T10:55:03.064Z INFO  client] Sending sample transaction 103
[2022-07-24T10:55:03.113Z INFO  client] Sending sample transaction 104
[2022-07-24T10:55:03.163Z INFO  client] Sending sample transaction 105
[2022-07-24T10:55:03.213Z INFO  client] Sending sample transaction 106
[2022-07-24T10:55:03.298Z INFO  client] Sending sample transaction 107
[2022-07-24T10:55:03.325Z INFO  client] Sending sample transaction 108
[2022-07-24T10:55:03.363Z INFO  client] Sending sample transaction 109
[2022-07-24T10:55:03.413Z INFO  client] Sending sample transaction 110
[2022-07-24T10:55:03.463Z INFO  client] Sending sample transaction 111
[2022-07-24T10:55:03.514Z INFO  client] Sending sample transaction 112
[2022-07-24T10:55:03.563Z INFO  client] Sending sample transaction 113
[2022-07-24T10:55:03.614Z INFO  client] Sending sample transaction 114
[2022-07-24T10:55:03.663Z INFO  client] Sending sample transaction 115
[2022-07-24T10:55:03.713Z INFO  client] Sending sample transaction 116
[2022-07-24T10:55:03.780Z INFO  client] Sending sample transaction 117
[2022-07-24T10:55:03.813Z INFO  client] Sending sample transaction 118
[2022-07-24T10:55:03.863Z INFO  client] Sending sample transaction 119
[2022-07-24T10:55:03.913Z INFO  client] Sending sample transaction 120
[2022-07-24T10:55:03.963Z INFO  client] Sending sample transaction 121
[2022-07-24T10:55:04.014Z INFO  client] Sending sample transaction 122
[2022-07-24T10:55:04.066Z INFO  client] Sending sample transaction 123
[2022-07-24T10:55:04.114Z INFO  client] Sending sample transaction 124
[2022-07-24T10:55:04.163Z INFO  client] Sending sample transaction 125
[2022-07-24T10:55:04.214Z INFO  client] Sending sample transaction 126
[2022-07-24T10:55:04.263Z INFO  client] Sending sample transaction 127
[2022-07-24T10:55:04.313Z INFO  client] Sending sample transaction 128
[2022-07-24T10:55:04.363Z INFO  client] Sending sample transaction 129
[2022-07-24T10:55:04.413Z INFO  client] Sending sample transaction 130
[2022-07-24T10:55:04.464Z INFO  client] Sending sample transaction 131
[2022-07-24T10:55:04.514Z INFO  client] Sending sample transaction 132
[2022-07-24T10:55:04.564Z INFO  client] Sending sample transaction 133
[2022-07-24T10:55:04.613Z INFO  client] Sending sample transaction 134
[2022-07-24T10:55:04.663Z INFO  client] Sending sample transaction 135
[2022-07-24T10:55:04.713Z INFO  client] Sending sample transaction 136
[2022-07-24T10:55:04.764Z INFO  client] Sending sample transaction 137
[2022-07-24T10:55:04.818Z INFO  client] Sending sample transaction 138
[2022-07-24T10:55:04.863Z INFO  client] Sending sample transaction 139
[2022-07-24T10:55:04.913Z INFO  client] Sending sample transaction 140
[2022-07-24T10:55:04.964Z INFO  client] Sending sample transaction 141
[2022-07-24T10:55:05.014Z INFO  client] Sending sample transaction 142
[2022-07-24T10:55:05.063Z INFO  client] Sending sample transaction 143
[2022-07-24T10:55:05.113Z INFO  client] Sending sample transaction 144
[2022-07-24T10:55:05.164Z INFO  client] Sending sample transaction 145
[2022-07-24T10:55:05.213Z INFO  client] Sending sample transaction 146
[2022-07-24T10:55:05.263Z INFO  client] Sending sample transaction 147
[2022-07-24T10:55:05.313Z INFO  client] Sending sample transaction 148
[2022-07-24T10:55:05.364Z INFO  client] Sending sample transaction 149
[2022-07-24T10:55:05.414Z INFO  client] Sending sample transaction 150
[2022-07-24T10:55:05.464Z INFO  client] Sending sample transaction 151
[2022-07-24T10:55:05.514Z INFO  client] Sending sample transaction 152
[2022-07-24T10:55:05.563Z INFO  client] Sending sample transaction 153
[2022-07-24T10:55:05.615Z INFO  client] Sending sample transaction 154
[2022-07-24T10:55:05.663Z INFO  client] Sending sample transaction 155
[2022-07-24T10:55:05.714Z INFO  client] Sending sample transaction 156
[2022-07-24T10:55:05.764Z INFO  client] Sending sample transaction 157
[2022-07-24T10:55:05.814Z INFO  client] Sending sample transaction 158
[2022-07-24T10:55:05.867Z INFO  client] Sending sample transaction 159
[2022-07-24T10:55:05.913Z INFO  client] Sending sample transaction 160
[2022-07-24T10:55:05.963Z INFO  client] Sending sample transaction 161
[2022-07-24T10:55:06.013Z INFO  client] Sending sample transaction 162
[2022-07-24T10:55:06.063Z INFO  client] Sending sample transaction 163
[2022-07-24T10:55:06.167Z INFO  client] Sending sample transaction 164
[2022-07-24T10:55:06.201Z INFO  client] Sending sample transaction 165
[2022-07-24T10:55:06.220Z INFO  client] Sending sample transaction 166
[2022-07-24T10:55:06.263Z INFO  client] Sending sample transaction 167
[2022-07-24T10:55:06.313Z INFO  client] Sending sample transaction 168
[2022-07-24T10:55:06.363Z INFO  client] Sending sample transaction 169
[2022-07-24T10:55:06.413Z INFO  client] Sending sample transaction 170
[2022-07-24T10:55:06.463Z INFO  client] Sending sample transaction 171
[2022-07-24T10:55:06.514Z INFO  client] Sending sample transaction 172
[2022-07-24T10:55:06.563Z INFO  client] Sending sample transaction 173
[2022-07-24T10:55:06.613Z INFO  client] Sending sample transaction 174
[2022-07-24T10:55:06.663Z INFO  client] Sending sample transaction 175
[2022-07-24T10:55:06.714Z INFO  client] Sending sample transaction 176
[2022-07-24T10:55:06.764Z INFO  client] Sending sample transaction 177
[2022-07-24T10:55:06.813Z INFO  client] Sending sample transaction 178
[2022-07-24T10:55:06.864Z INFO  client] Sending sample transaction 179
[2022-07-24T10:55:06.913Z INFO  client] Sending sample transaction 180
[2022-07-24T10:55:06.963Z INFO  client] Sending sample transaction 181
[2022-07-24T10:55:07.013Z INFO  client] Sending sample transaction 182
[2022-07-24T10:55:07.063Z INFO  client] Sending sample transaction 183
[2022-07-24T10:55:07.115Z INFO  client] Sending sample transaction 184
[2022-07-24T10:55:07.164Z INFO  client] Sending sample transaction 185
[2022-07-24T10:55:07.214Z INFO  client] Sending sample transaction 186
[2022-07-24T10:55:07.263Z INFO  client] Sending sample transaction 187
[2022-07-24T10:55:07.314Z INFO  client] Sending sample transaction 188
[2022-07-24T10:55:07.363Z INFO  client] Sending sample transaction 189
[2022-07-24T10:55:07.414Z INFO  client] Sending sample transaction 190
[2022-07-24T10:55:07.464Z INFO  client] Sending sample transaction 191
[2022-07-24T10:55:07.513Z INFO  client] Sending sample transaction 192
[2022-07-24T10:55:07.563Z INFO  client] Sending sample transaction 193
[2022-07-24T10:55:07.614Z INFO  client] Sending sample transaction 194
[2022-07-24T10:55:07.663Z INFO  client] Sending sample transaction 195
[2022-07-24T10:55:07.713Z INFO  client] Sending sample transaction 196
[2022-07-24T10:55:07.764Z INFO  client] Sending sample transaction 197
[2022-07-24T10:55:07.815Z INFO  client] Sending sample transaction 198
[2022-07-24T10:55:07.863Z INFO  client] Sending sample transaction 199
[2022-07-24T10:55:07.920Z INFO  client] Sending sample transaction 200
[2022-07-24T10:55:07.963Z INFO  client] Sending sample transaction 201
[2022-07-24T10:55:08.013Z INFO  client] Sending sample transaction 202
[2022-07-24T10:55:08.068Z INFO  client] Sending sample transaction 203
[2022-07-24T10:55:08.114Z INFO  client] Sending sample transaction 204
[2022-07-24T10:55:08.163Z INFO  client] Sending sample transaction 205
[2022-07-24T10:55:08.213Z INFO  client] Sending sample transaction 206
[2022-07-24T10:55:08.265Z INFO  client] Sending sample transaction 207
[2022-07-24T10:55:08.314Z INFO  client] Sending sample transaction 208
[2022-07-24T10:55:08.363Z INFO  client] Sending sample transaction 209
[2022-07-24T10:55:08.414Z INFO  client] Sending sample transaction 210
[2022-07-24T10:55:08.463Z INFO  client] Sending sample transaction 211
[2022-07-24T10:55:08.514Z INFO  client] Sending sample transaction 212
[2022-07-24T10:55:08.565Z INFO  client] Sending sample transaction 213
[2022-07-24T10:55:08.617Z INFO  client] Sending sample transaction 214
[2022-07-24T10:55:08.663Z INFO  client] Sending sample transaction 215
[2022-07-24T10:55:08.714Z INFO  client] Sending sample transaction 216
[2022-07-24T10:55:08.763Z INFO  client] Sending sample transaction 217
[2022-07-24T10:55:08.814Z INFO  client] Sending sample transaction 218
[2022-07-24T10:55:08.864Z INFO  client] Sending sample transaction 219
[2022-07-24T10:55:08.913Z INFO  client] Sending sample transaction 220
[2022-07-24T10:55:08.963Z INFO  client] Sending sample transaction 221
[2022-07-24T10:55:09.028Z INFO  client] Sending sample transaction 222
[2022-07-24T10:55:09.065Z INFO  client] Sending sample transaction 223
[2022-07-24T10:55:09.131Z INFO  client] Sending sample transaction 224
[2022-07-24T10:55:09.167Z INFO  client] Sending sample transaction 225
[2022-07-24T10:55:09.213Z INFO  client] Sending sample transaction 226
[2022-07-24T10:55:09.264Z INFO  client] Sending sample transaction 227
[2022-07-24T10:55:09.314Z INFO  client] Sending sample transaction 228
[2022-07-24T10:55:09.364Z INFO  client] Sending sample transaction 229
[2022-07-24T10:55:09.414Z INFO  client] Sending sample transaction 230
[2022-07-24T10:55:09.463Z INFO  client] Sending sample transaction 231
[2022-07-24T10:55:09.513Z INFO  client] Sending sample transaction 232
[2022-07-24T10:55:09.563Z INFO  client] Sending sample transaction 233
[2022-07-24T10:55:09.613Z INFO  client] Sending sample transaction 234
[2022-07-24T10:55:09.663Z INFO  client] Sending sample transaction 235
[2022-07-24T10:55:09.713Z INFO  client] Sending sample transaction 236
[2022-07-24T10:55:09.763Z INFO  client] Sending sample transaction 237
[2022-07-24T10:55:09.814Z INFO  client] Sending sample transaction 238
[2022-07-24T10:55:09.863Z INFO  client] Sending sample transaction 239
[2022-07-24T10:55:09.913Z INFO  client] Sending sample transaction 240
[2022-07-24T10:55:09.963Z INFO  client] Sending sample transaction 241
[2022-07-24T10:55:10.013Z INFO  client] Sending sample transaction 242
[2022-07-24T10:55:10.063Z INFO  client] Sending sample transaction 243
[2022-07-24T10:55:10.114Z INFO  client] Sending sample transaction 244
[2022-07-24T10:55:10.164Z INFO  client] Sending sample transaction 245
[2022-07-24T10:55:10.214Z INFO  client] Sending sample transaction 246
[2022-07-24T10:55:10.264Z INFO  client] Sending sample transaction 247
[2022-07-24T10:55:10.319Z INFO  client] Sending sample transaction 248
[2022-07-24T10:55:10.364Z INFO  client] Sending sample transaction 249
[2022-07-24T10:55:10.413Z INFO  client] Sending sample transaction 250
[2022-07-24T10:55:10.464Z INFO  client] Sending sample transaction 251
[2022-07-24T10:55:10.514Z INFO  client] Sending sample transaction 252
[2022-07-24T10:55:10.565Z INFO  client] Sending sample transaction 253
[2022-07-24T10:55:10.615Z INFO  client] Sending sample transaction 254
[2022-07-24T10:55:10.664Z INFO  client] Sending sample transaction 255
[2022-07-24T10:55:10.714Z INFO  client] Sending sample transaction 256
[2022-07-24T10:55:10.764Z INFO  client] Sending sample transaction 257
[2022-07-24T10:55:10.814Z INFO  client] Sending sample transaction 258
[2022-07-24T10:55:10.865Z INFO  client] Sending sample transaction 259
[2022-07-24T10:55:10.913Z INFO  client] Sending sample transaction 260
[2022-07-24T10:55:10.963Z INFO  client] Sending sample transaction 261
[2022-07-24T10:55:11.014Z INFO  client] Sending sample transaction 262
[2022-07-24T10:55:11.063Z INFO  client] Sending sample transaction 263
[2022-07-24T10:55:11.113Z INFO  client] Sending sample transaction 264
[2022-07-24T10:55:11.163Z INFO  client] Sending sample transaction 265
[2022-07-24T10:55:11.213Z INFO  client] Sending sample transaction 266
[2022-07-24T10:55:11.263Z INFO  client] Sending sample transaction 267
[2022-07-24T10:55:11.313Z INFO  client] Sending sample transaction 268
[2022-07-24T10:55:11.363Z INFO  client] Sending sample transaction 269
[2022-07-24T10:55:11.412Z INFO  client] Sending sample transaction 270
[2022-07-24T10:55:11.463Z INFO  client] Sending sample transaction 271
[2022-07-24T10:55:11.514Z INFO  client] Sending sample transaction 272
[2022-07-24T10:55:11.563Z INFO  client] Sending sample transaction 273
[2022-07-24T10:55:11.613Z INFO  client] Sending sample transaction 274
[2022-07-24T10:55:11.663Z INFO  client] Sending sample transaction 275
[2022-07-24T10:55:11.713Z INFO  client] Sending sample transaction 276
[2022-07-24T10:55:11.763Z INFO  client] Sending sample transaction 277
[2022-07-24T10:55:11.813Z INFO  client] Sending sample transaction 278
[2022-07-24T10:55:11.863Z INFO  client] Sending sample transaction 279
[2022-07-24T10:55:11.914Z INFO  client] Sending sample transaction 280
[2022-07-24T10:55:11.963Z INFO  client] Sending sample transaction 281
[2022-07-24T10:55:12.013Z INFO  client] Sending sample transaction 282
[2022-07-24T10:55:12.063Z INFO  client] Sending sample transaction 283
[2022-07-24T10:55:12.118Z INFO  client] Sending sample transaction 284
[2022-07-24T10:55:12.164Z INFO  client] Sending sample transaction 285
[2022-07-24T10:55:12.213Z INFO  client] Sending sample transaction 286
[2022-07-24T10:55:12.264Z INFO  client] Sending sample transaction 287
[2022-07-24T10:55:12.314Z INFO  client] Sending sample transaction 288
[2022-07-24T10:55:12.364Z INFO  client] Sending sample transaction 289
[2022-07-24T10:55:12.413Z INFO  client] Sending sample transaction 290
[2022-07-24T10:55:12.464Z INFO  client] Sending sample transaction 291
[2022-07-24T10:55:12.513Z INFO  client] Sending sample transaction 292
[2022-07-24T10:55:12.565Z INFO  client] Sending sample transaction 293
[2022-07-24T10:55:12.614Z INFO  client] Sending sample transaction 294
[2022-07-24T10:55:12.663Z INFO  client] Sending sample transaction 295
[2022-07-24T10:55:12.713Z INFO  client] Sending sample transaction 296
[2022-07-24T10:55:12.765Z INFO  client] Sending sample transaction 297
[2022-07-24T10:55:12.813Z INFO  client] Sending sample transaction 298
[2022-07-24T10:55:12.863Z INFO  client] Sending sample transaction 299
[2022-07-24T10:55:12.913Z INFO  client] Sending sample transaction 300
[2022-07-24T10:55:12.974Z INFO  client] Sending sample transaction 301
[2022-07-24T10:55:13.013Z INFO  client] Sending sample transaction 302
[2022-07-24T10:55:13.064Z INFO  client] Sending sample transaction 303
[2022-07-24T10:55:13.113Z INFO  client] Sending sample transaction 304
[2022-07-24T10:55:13.163Z INFO  client] Sending sample transaction 305
[2022-07-24T10:55:13.213Z INFO  client] Sending sample transaction 306
[2022-07-24T10:55:13.266Z INFO  client] Sending sample transaction 307
[2022-07-24T10:55:13.315Z INFO  client] Sending sample transaction 308
[2022-07-24T10:55:13.363Z INFO  client] Sending sample transaction 309
[2022-07-24T10:55:13.413Z INFO  client] Sending sample transaction 310
[2022-07-24T10:55:13.463Z INFO  client] Sending sample transaction 311
[2022-07-24T10:55:13.531Z INFO  client] Sending sample transaction 312
[2022-07-24T10:55:13.563Z INFO  client] Sending sample transaction 313
[2022-07-24T10:55:13.614Z INFO  client] Sending sample transaction 314
[2022-07-24T10:55:13.663Z INFO  client] Sending sample transaction 315
[2022-07-24T10:55:13.714Z INFO  client] Sending sample transaction 316
[2022-07-24T10:55:13.764Z INFO  client] Sending sample transaction 317
[2022-07-24T10:55:13.813Z INFO  client] Sending sample transaction 318
[2022-07-24T10:55:13.863Z INFO  client] Sending sample transaction 319
[2022-07-24T10:55:13.913Z INFO  client] Sending sample transaction 320
[2022-07-24T10:55:13.963Z INFO  client] Sending sample transaction 321
[2022-07-24T10:55:14.015Z INFO  client] Sending sample transaction 322
[2022-07-24T10:55:14.064Z INFO  client] Sending sample transaction 323
[2022-07-24T10:55:14.113Z INFO  client] Sending sample transaction 324
[2022-07-24T10:55:14.163Z INFO  client] Sending sample transaction 325
[2022-07-24T10:55:14.222Z INFO  client] Sending sample transaction 326
[2022-07-24T10:55:14.263Z INFO  client] Sending sample transaction 327
[2022-07-24T10:55:14.313Z INFO  client] Sending sample transaction 328
[2022-07-24T10:55:14.363Z INFO  client] Sending sample transaction 329
[2022-07-24T10:55:14.413Z INFO  client] Sending sample transaction 330
[2022-07-24T10:55:14.463Z INFO  client] Sending sample transaction 331
[2022-07-24T10:55:14.513Z INFO  client] Sending sample transaction 332
[2022-07-24T10:55:14.563Z INFO  client] Sending sample transaction 333
[2022-07-24T10:55:14.613Z INFO  client] Sending sample transaction 334
[2022-07-24T10:55:14.663Z INFO  client] Sending sample transaction 335
[2022-07-24T10:55:14.714Z INFO  client] Sending sample transaction 336
[2022-07-24T10:55:14.766Z INFO  client] Sending sample transaction 337
[2022-07-24T10:55:14.839Z INFO  client] Sending sample transaction 338
[2022-07-24T10:55:14.873Z INFO  client] Sending sample transaction 339
[2022-07-24T10:55:14.913Z INFO  client] Sending sample transaction 340
[2022-07-24T10:55:14.964Z INFO  client] Sending sample transaction 341
[2022-07-24T10:55:15.014Z INFO  client] Sending sample transaction 342
[2022-07-24T10:55:15.064Z INFO  client] Sending sample transaction 343
[2022-07-24T10:55:15.114Z INFO  client] Sending sample transaction 344
[2022-07-24T10:55:15.163Z INFO  client] Sending sample transaction 345
[2022-07-24T10:55:15.214Z INFO  client] Sending sample transaction 346
[2022-07-24T10:55:15.266Z INFO  client] Sending sample transaction 347
[2022-07-24T10:55:15.313Z INFO  client] Sending sample transaction 348
[2022-07-24T10:55:15.364Z INFO  client] Sending sample transaction 349
[2022-07-24T10:55:15.414Z INFO  client] Sending sample transaction 350
[2022-07-24T10:55:15.463Z INFO  client] Sending sample transaction 351
[2022-07-24T10:55:15.515Z INFO  client] Sending sample transaction 352
[2022-07-24T10:55:15.563Z INFO  client] Sending sample transaction 353
[2022-07-24T10:55:15.614Z INFO  client] Sending sample transaction 354
[2022-07-24T10:55:15.663Z INFO  client] Sending sample transaction 355
[2022-07-24T10:55:15.713Z INFO  client] Sending sample transaction 356
[2022-07-24T10:55:15.763Z INFO  client] Sending sample transaction 357
[2022-07-24T10:55:15.813Z INFO  client] Sending sample transaction 358
[2022-07-24T10:55:15.865Z INFO  client] Sending sample transaction 359
[2022-07-24T10:55:15.913Z INFO  client] Sending sample transaction 360
[2022-07-24T10:55:15.964Z INFO  client] Sending sample transaction 361
[2022-07-24T10:55:16.013Z INFO  client] Sending sample transaction 362
[2022-07-24T10:55:16.063Z INFO  client] Sending sample transaction 363
[2022-07-24T10:55:16.113Z INFO  client] Sending sample transaction 364
[2022-07-24T10:55:16.163Z INFO  client] Sending sample transaction 365
[2022-07-24T10:55:16.213Z INFO  client] Sending sample transaction 366
[2022-07-24T10:55:16.265Z INFO  client] Sending sample transaction 367
[2022-07-24T10:55:16.319Z INFO  client] Sending sample transaction 368
[2022-07-24T10:55:16.383Z INFO  client] Sending sample transaction 369
[2022-07-24T10:55:16.413Z INFO  client] Sending sample transaction 370
[2022-07-24T10:55:16.463Z INFO  client] Sending sample transaction 371
[2022-07-24T10:55:16.513Z INFO  client] Sending sample transaction 372
[2022-07-24T10:55:16.587Z INFO  client] Sending sample transaction 373
[2022-07-24T10:55:16.621Z INFO  client] Sending sample transaction 374
[2022-07-24T10:55:16.663Z INFO  client] Sending sample transaction 375
[2022-07-24T10:55:16.714Z INFO  client] Sending sample transaction 376
[2022-07-24T10:55:16.765Z INFO  client] Sending sample transaction 377
[2022-07-24T10:55:16.814Z INFO  client] Sending sample transaction 378
[2022-07-24T10:55:16.864Z INFO  client] Sending sample transaction 379
[2022-07-24T10:55:16.913Z INFO  client] Sending sample transaction 380
[2022-07-24T10:55:16.964Z INFO  client] Sending sample transaction 381
[2022-07-24T10:55:17.014Z INFO  client] Sending sample transaction 382
[2022-07-24T10:55:17.063Z INFO  client] Sending sample transaction 383
[2022-07-24T10:55:17.113Z INFO  client] Sending sample transaction 384
[2022-07-24T10:55:17.163Z INFO  client] Sending sample transaction 385
[2022-07-24T10:55:17.213Z INFO  client] Sending sample transaction 386
[2022-07-24T10:55:17.264Z INFO  client] Sending sample transaction 387
[2022-07-24T10:55:17.313Z INFO  client] Sending sample transaction 388
[2022-07-24T10:55:17.364Z INFO  client] Sending sample transaction 389
[2022-07-24T10:55:17.412Z INFO  client] Sending sample transaction 390
[2022-07-24T10:55:17.463Z INFO  client] Sending sample transaction 391
[2022-07-24T10:55:17.513Z INFO  client] Sending sample transaction 392
[2022-07-24T10:55:17.563Z INFO  client] Sending sample transaction 393
[2022-07-24T10:55:17.613Z INFO  client] Sending sample transaction 394
[2022-07-24T10:55:17.663Z INFO  client] Sending sample transaction 395
[2022-07-24T10:55:17.713Z INFO  client] Sending sample transaction 396
[2022-07-24T10:55:17.763Z INFO  client] Sending sample transaction 397
[2022-07-24T10:55:17.813Z INFO  client] Sending sample transaction 398
[2022-07-24T10:55:17.864Z INFO  client] Sending sample transaction 399
[2022-07-24T10:55:17.918Z INFO  client] Sending sample transaction 400
[2022-07-24T10:55:17.963Z INFO  client] Sending sample transaction 401
[2022-07-24T10:55:18.014Z INFO  client] Sending sample transaction 402
[2022-07-24T10:55:18.063Z INFO  client] Sending sample transaction 403
[2022-07-24T10:55:18.112Z INFO  client] Sending sample transaction 404
[2022-07-24T10:55:18.163Z INFO  client] Sending sample transaction 405
[2022-07-24T10:55:18.214Z INFO  client] Sending sample transaction 406
[2022-07-24T10:55:18.292Z INFO  client] Sending sample transaction 407
[2022-07-24T10:55:18.321Z INFO  client] Sending sample transaction 408
[2022-07-24T10:55:18.364Z INFO  client] Sending sample transaction 409
[2022-07-24T10:55:18.418Z INFO  client] Sending sample transaction 410
[2022-07-24T10:55:18.464Z INFO  client] Sending sample transaction 411
[2022-07-24T10:55:18.513Z INFO  client] Sending sample transaction 412
[2022-07-24T10:55:18.565Z INFO  client] Sending sample transaction 413
[2022-07-24T10:55:18.613Z INFO  client] Sending sample transaction 414
[2022-07-24T10:55:18.663Z INFO  client] Sending sample transaction 415
[2022-07-24T10:55:18.714Z INFO  client] Sending sample transaction 416
[2022-07-24T10:55:18.764Z INFO  client] Sending sample transaction 417
[2022-07-24T10:55:18.814Z INFO  client] Sending sample transaction 418
[2022-07-24T10:55:18.864Z INFO  client] Sending sample transaction 419
[2022-07-24T10:55:18.914Z INFO  client] Sending sample transaction 420
[2022-07-24T10:55:18.967Z INFO  client] Sending sample transaction 421
[2022-07-24T10:55:19.014Z INFO  client] Sending sample transaction 422
[2022-07-24T10:55:19.064Z INFO  client] Sending sample transaction 423
[2022-07-24T10:55:19.114Z INFO  client] Sending sample transaction 424
[2022-07-24T10:55:19.164Z INFO  client] Sending sample transaction 425
[2022-07-24T10:55:19.214Z INFO  client] Sending sample transaction 426
