[2022-07-17T10:49:40.609Z INFO  client] Node address: 127.0.0.1:9015
[2022-07-17T10:49:40.609Z INFO  client] Transactions size: 512 B
[2022-07-17T10:49:40.609Z INFO  client] Transactions rate: 112 tx/s
[2022-07-17T10:49:40.609Z INFO  client] Waiting for all nodes to be online...
[2022-07-17T10:49:40.609Z INFO  client] Waiting for all nodes to be synchronized...
[2022-07-17T10:49:42.616Z INFO  client] Start sending transactions
[2022-07-17T10:49:42.618Z INFO  client] Sending sample transaction 0
[2022-07-17T10:49:42.669Z INFO  client] Sending sample transaction 1
[2022-07-17T10:49:42.719Z INFO  client] Sending sample transaction 2
[2022-07-17T10:49:42.770Z INFO  client] Sending sample transaction 3
[2022-07-17T10:49:42.826Z INFO  client] Sending sample transaction 4
[2022-07-17T10:49:42.868Z INFO  client] Sending sample transaction 5
[2022-07-17T10:49:42.918Z INFO  client] Sending sample transaction 6
[2022-07-17T10:49:42.968Z INFO  client] Sending sample transaction 7
[2022-07-17T10:49:43.019Z INFO  client] Sending sample transaction 8
[2022-07-17T10:49:43.069Z INFO  client] Sending sample transaction 9
[2022-07-17T10:49:43.119Z INFO  client] Sending sample transaction 10
[2022-07-17T10:49:43.169Z INFO  client] Sending sample transaction 11
[2022-07-17T10:49:43.218Z INFO  client] Sending sample transaction 12
[2022-07-17T10:49:43.268Z INFO  client] Sending sample transaction 13
[2022-07-17T10:49:43.319Z INFO  client] Sending sample transaction 14
[2022-07-17T10:49:43.369Z INFO  client] Sending sample transaction 15
[2022-07-17T10:49:43.419Z INFO  client] Sending sample transaction 16
[2022-07-17T10:49:43.468Z INFO  client] Sending sample transaction 17
[2022-07-17T10:49:43.518Z INFO  client] Sending sample transaction 18
[2022-07-17T10:49:43.569Z INFO  client] Sending sample transaction 19
[2022-07-17T10:49:43.617Z INFO  client] Sending sample transaction 20
[2022-07-17T10:49:43.668Z INFO  client] Sending sample transaction 21
[2022-07-17T10:49:43.718Z INFO  client] Sending sample transaction 22
[2022-07-17T10:49:43.771Z INFO  client] Sending sample transaction 23
[2022-07-17T10:49:43.822Z INFO  client] Sending sample transaction 24
[2022-07-17T10:49:43.867Z INFO  client] Sending sample transaction 25
[2022-07-17T10:49:43.919Z INFO  client] Sending sample transaction 26
[2022-07-17T10:49:43.969Z INFO  client] Sending sample transaction 27
[2022-07-17T10:49:44.018Z INFO  client] Sending sample transaction 28
[2022-07-17T10:49:44.068Z INFO  client] Sending sample transaction 29
[2022-07-17T10:49:44.119Z INFO  client] Sending sample transaction 30
[2022-07-17T10:49:44.168Z INFO  client] Sending sample transaction 31
[2022-07-17T10:49:44.217Z INFO  client] Sending sample transaction 32
[2022-07-17T10:49:44.268Z INFO  client] Sending sample transaction 33
[2022-07-17T10:49:44.324Z INFO  client] Sending sample transaction 34
[2022-07-17T10:49:44.367Z INFO  client] Sending sample transaction 35
[2022-07-17T10:49:44.423Z INFO  client] Sending sample transaction 36
[2022-07-17T10:49:44.468Z INFO  client] Sending sample transaction 37
[2022-07-17T10:49:44.518Z INFO  client] Sending sample transaction 38
[2022-07-17T10:49:44.569Z INFO  client] Sending sample transaction 39
[2022-07-17T10:49:44.621Z INFO  client] Sending sample transaction 40
[2022-07-17T10:49:44.668Z INFO  client] Sending sample transaction 41
[2022-07-17T10:49:44.718Z INFO  client] Sending sample transaction 42
[2022-07-17T10:49:44.780Z INFO  client] Sending sample transaction 43
[2022-07-17T10:49:44.820Z INFO  client] Sending sample transaction 44
[2022-07-17T10:49:44.868Z INFO  client] Sending sample transaction 45
[2022-07-17T10:49:44.918Z INFO  client] Sending sample transaction 46
[2022-07-17T10:49:44.972Z INFO  client] Sending sample transaction 47
[2022-07-17T10:49:45.017Z INFO  client] Sending sample transaction 48
[2022-07-17T10:49:45.073Z INFO  client] Sending sample transaction 49
[2022-07-17T10:49:45.118Z INFO  client] Sending sample transaction 50
[2022-07-17T10:49:45.168Z INFO  client] Sending sample transaction 51
[2022-07-17T10:49:45.222Z INFO  client] Sending sample transaction 52
[2022-07-17T10:49:45.272Z INFO  client] Sending sample transaction 53
[2022-07-17T10:49:45.319Z INFO  client] Sending sample transaction 54
[2022-07-17T10:49:45.368Z INFO  client] Sending sample transaction 55
[2022-07-17T10:49:45.418Z INFO  client] Sending sample transaction 56
[2022-07-17T10:49:45.469Z INFO  client] Sending sample transaction 57
[2022-07-17T10:49:45.529Z INFO  client] Sending sample transaction 58
[2022-07-17T10:49:45.568Z INFO  client] Sending sample transaction 59
[2022-07-17T10:49:45.619Z INFO  client] Sending sample transaction 60
[2022-07-17T10:49:45.667Z INFO  client] Sending sample transaction 61
[2022-07-17T10:49:45.718Z INFO  client] Sending sample transaction 62
[2022-07-17T10:49:45.770Z INFO  client] Sending sample transaction 63
[2022-07-17T10:49:45.818Z INFO  client] Sending sample transaction 64
[2022-07-17T10:49:45.868Z INFO  client] Sending sample transaction 65
[2022-07-17T10:49:45.918Z INFO  client] Sending sample transaction 66
[2022-07-17T10:49:45.968Z INFO  client] Sending sample transaction 67
[2022-07-17T10:49:46.019Z INFO  client] Sending sample transaction 68
[2022-07-17T10:49:46.067Z INFO  client] Sending sample transaction 69
[2022-07-17T10:49:46.119Z INFO  client] Sending sample transaction 70
[2022-07-17T10:49:46.168Z INFO  client] Sending sample transaction 71
[2022-07-17T10:49:46.221Z INFO  client] Sending sample transaction 72
[2022-07-17T10:49:46.272Z INFO  client] Sending sample transaction 73
[2022-07-17T10:49:46.319Z INFO  client] Sending sample transaction 74
[2022-07-17T10:49:46.368Z INFO  client] Sending sample transaction 75
[2022-07-17T10:49:46.420Z INFO  client] Sending sample transaction 76
[2022-07-17T10:49:46.468Z INFO  client] Sending sample transaction 77
[2022-07-17T10:49:46.545Z INFO  client] Sending sample transaction 78
[2022-07-17T10:49:46.571Z INFO  client] Sending sample transaction 79
[2022-07-17T10:49:46.618Z INFO  client] Sending sample transaction 80
[2022-07-17T10:49:46.670Z INFO  client] Sending sample transaction 81
[2022-07-17T10:49:46.720Z INFO  client] Sending sample transaction 82
[2022-07-17T10:49:46.769Z INFO  client] Sending sample transaction 83
[2022-07-17T10:49:46.818Z INFO  client] Sending sample transaction 84
[2022-07-17T10:49:46.868Z INFO  client] Sending sample transaction 85
[2022-07-17T10:49:46.918Z INFO  client] Sending sample transaction 86
[2022-07-17T10:49:46.970Z INFO  client] Sending sample transaction 87
[2022-07-17T10:49:47.018Z INFO  client] Sending sample transaction 88
[2022-07-17T10:49:47.068Z INFO  client] Sending sample transaction 89
[2022-07-17T10:49:47.119Z INFO  client] Sending sample transaction 90
[2022-07-17T10:49:47.168Z INFO  client] Sending sample transaction 91
[2022-07-17T10:49:47.218Z INFO  client] Sending sample transaction 92
[2022-07-17T10:49:47.268Z INFO  client] Sending sample transaction 93
[2022-07-17T10:49:47.319Z INFO  client] Sending sample transaction 94
[2022-07-17T10:49:47.368Z INFO  client] Sending sample transaction 95
[2022-07-17T10:49:47.418Z INFO  client] Sending sample transaction 96
[2022-07-17T10:49:47.468Z INFO  client] Sending sample transaction 97
[2022-07-17T10:49:47.519Z INFO  client] Sending sample transaction 98
[2022-07-17T10:49:47.570Z INFO  client] Sending sample transaction 99
[2022-07-17T10:49:47.618Z INFO  client] Sending sample transaction 100
[2022-07-17T10:49:47.669Z INFO  client] Sending sample transaction 101
[2022-07-17T10:49:47.718Z INFO  client] Sending sample transaction 102
[2022-07-17T10:49:47.772Z INFO  client] Sending sample transaction 103
[2022-07-17T10:49:47.817Z INFO  client] Sending sample transaction 104
[2022-07-17T10:49:47.870Z INFO  client] Sending sample transaction 105
[2022-07-17T10:49:47.920Z INFO  client] Sending sample transaction 106
[2022-07-17T10:49:47.968Z INFO  client] Sending sample transaction 107
[2022-07-17T10:49:48.019Z INFO  client] Sending sample transaction 108
[2022-07-17T10:49:48.074Z INFO  client] Sending sample transaction 109
[2022-07-17T10:49:48.117Z INFO  client] Sending sample transaction 110
[2022-07-17T10:49:48.169Z INFO  client] Sending sample transaction 111
[2022-07-17T10:49:48.218Z INFO  client] Sending sample transaction 112
[2022-07-17T10:49:48.268Z INFO  client] Sending sample transaction 113
[2022-07-17T10:49:48.317Z INFO  client] Sending sample transaction 114
[2022-07-17T10:49:48.368Z INFO  client] Sending sample transaction 115
[2022-07-17T10:49:48.417Z INFO  client] Sending sample transaction 116
[2022-07-17T10:49:48.471Z INFO  client] Sending sample transaction 117
[2022-07-17T10:49:48.518Z INFO  client] Sending sample transaction 118
[2022-07-17T10:49:48.568Z INFO  client] Sending sample transaction 119
[2022-07-17T10:49:48.618Z INFO  client] Sending sample transaction 120
[2022-07-17T10:49:48.668Z INFO  client] Sending sample transaction 121
[2022-07-17T10:49:48.718Z INFO  client] Sending sample transaction 122
[2022-07-17T10:49:48.772Z INFO  client] Sending sample transaction 123
[2022-07-17T10:49:48.819Z INFO  client] Sending sample transaction 124
[2022-07-17T10:49:48.868Z INFO  client] Sending sample transaction 125
[2022-07-17T10:49:48.918Z INFO  client] Sending sample transaction 126
[2022-07-17T10:49:48.971Z INFO  client] Sending sample transaction 127
[2022-07-17T10:49:49.019Z INFO  client] Sending sample transaction 128
[2022-07-17T10:49:49.068Z INFO  client] Sending sample transaction 129
[2022-07-17T10:49:49.118Z INFO  client] Sending sample transaction 130
[2022-07-17T10:49:49.170Z INFO  client] Sending sample transaction 131
[2022-07-17T10:49:49.220Z INFO  client] Sending sample transaction 132
[2022-07-17T10:49:49.268Z INFO  client] Sending sample transaction 133
[2022-07-17T10:49:49.318Z INFO  client] Sending sample transaction 134
[2022-07-17T10:49:49.368Z INFO  client] Sending sample transaction 135
[2022-07-17T10:49:49.418Z INFO  client] Sending sample transaction 136
[2022-07-17T10:49:49.468Z INFO  client] Sending sample transaction 137
[2022-07-17T10:49:49.518Z INFO  client] Sending sample transaction 138
[2022-07-17T10:49:49.568Z INFO  client] Sending sample transaction 139
[2022-07-17T10:49:49.617Z INFO  client] Sending sample transaction 140
[2022-07-17T10:49:49.670Z INFO  client] Sending sample transaction 141
[2022-07-17T10:49:49.720Z INFO  client] Sending sample transaction 142
[2022-07-17T10:49:49.772Z INFO  client] Sending sample transaction 143
[2022-07-17T10:49:49.818Z INFO  client] Sending sample transaction 144
[2022-07-17T10:49:49.869Z INFO  client] Sending sample transaction 145
[2022-07-17T10:49:49.918Z INFO  client] Sending sample transaction 146
[2022-07-17T10:49:49.968Z INFO  client] Sending sample transaction 147
[2022-07-17T10:49:50.018Z INFO  client] Sending sample transaction 148
[2022-07-17T10:49:50.068Z INFO  client] Sending sample transaction 149
[2022-07-17T10:49:50.118Z INFO  client] Sending sample transaction 150
[2022-07-17T10:49:50.168Z INFO  client] Sending sample transaction 151
[2022-07-17T10:49:50.219Z INFO  client] Sending sample transaction 152
[2022-07-17T10:49:50.268Z INFO  client] Sending sample transaction 153
[2022-07-17T10:49:50.319Z INFO  client] Sending sample transaction 154
[2022-07-17T10:49:50.368Z INFO  client] Sending sample transaction 155
[2022-07-17T10:49:50.418Z INFO  client] Sending sample transaction 156
[2022-07-17T10:49:50.470Z INFO  client] Sending sample transaction 157
[2022-07-17T10:49:50.521Z INFO  client] Sending sample transaction 158
[2022-07-17T10:49:50.568Z INFO  client] Sending sample transaction 159
[2022-07-17T10:49:50.620Z INFO  client] Sending sample transaction 160
[2022-07-17T10:49:50.676Z INFO  client] Sending sample transaction 161
[2022-07-17T10:49:50.731Z INFO  client] Sending sample transaction 162
[2022-07-17T10:49:50.773Z INFO  client] Sending sample transaction 163
[2022-07-17T10:49:50.818Z INFO  client] Sending sample transaction 164
[2022-07-17T10:49:50.869Z INFO  client] Sending sample transaction 165
[2022-07-17T10:49:50.919Z INFO  client] Sending sample transaction 166
[2022-07-17T10:49:50.967Z INFO  client] Sending sample transaction 167
[2022-07-17T10:49:51.019Z INFO  client] Sending sample transaction 168
[2022-07-17T10:49:51.069Z INFO  client] Sending sample transaction 169
[2022-07-17T10:49:51.119Z INFO  client] Sending sample transaction 170
[2022-07-17T10:49:51.169Z INFO  client] Sending sample transaction 171
[2022-07-17T10:49:51.218Z INFO  client] Sending sample transaction 172
[2022-07-17T10:49:51.269Z INFO  client] Sending sample transaction 173
[2022-07-17T10:49:51.323Z INFO  client] Sending sample transaction 174
[2022-07-17T10:49:51.368Z INFO  client] Sending sample transaction 175
[2022-07-17T10:49:51.419Z INFO  client] Sending sample transaction 176
[2022-07-17T10:49:51.468Z INFO  client] Sending sample transaction 177
[2022-07-17T10:49:51.518Z INFO  client] Sending sample transaction 178
[2022-07-17T10:49:51.567Z INFO  client] Sending sample transaction 179
[2022-07-17T10:49:51.617Z INFO  client] Sending sample transaction 180
[2022-07-17T10:49:51.668Z INFO  client] Sending sample transaction 181
[2022-07-17T10:49:51.718Z INFO  client] Sending sample transaction 182
[2022-07-17T10:49:51.767Z INFO  client] Sending sample transaction 183
[2022-07-17T10:49:51.818Z INFO  client] Sending sample transaction 184
[2022-07-17T10:49:51.868Z INFO  client] Sending sample transaction 185
[2022-07-17T10:49:51.918Z INFO  client] Sending sample transaction 186
[2022-07-17T10:49:51.968Z INFO  client] Sending sample transaction 187
[2022-07-17T10:49:52.018Z INFO  client] Sending sample transaction 188
[2022-07-17T10:49:52.067Z INFO  client] Sending sample transaction 189
[2022-07-17T10:49:52.118Z INFO  client] Sending sample transaction 190
[2022-07-17T10:49:52.168Z INFO  client] Sending sample transaction 191
[2022-07-17T10:49:52.218Z INFO  client] Sending sample transaction 192
[2022-07-17T10:49:52.269Z INFO  client] Sending sample transaction 193
[2022-07-17T10:49:52.318Z INFO  client] Sending sample transaction 194
[2022-07-17T10:49:52.367Z INFO  client] Sending sample transaction 195
[2022-07-17T10:49:52.418Z INFO  client] Sending sample transaction 196
[2022-07-17T10:49:52.468Z INFO  client] Sending sample transaction 197
[2022-07-17T10:49:52.518Z INFO  client] Sending sample transaction 198
[2022-07-17T10:49:52.569Z INFO  client] Sending sample transaction 199
[2022-07-17T10:49:52.618Z INFO  client] Sending sample transaction 200
[2022-07-17T10:49:52.669Z INFO  client] Sending sample transaction 201
[2022-07-17T10:49:52.718Z INFO  client] Sending sample transaction 202
[2022-07-17T10:49:52.768Z INFO  client] Sending sample transaction 203
[2022-07-17T10:49:52.821Z INFO  client] Sending sample transaction 204
[2022-07-17T10:49:52.868Z INFO  client] Sending sample transaction 205
[2022-07-17T10:49:52.918Z INFO  client] Sending sample transaction 206
[2022-07-17T10:49:52.967Z INFO  client] Sending sample transaction 207
[2022-07-17T10:49:53.018Z INFO  client] Sending sample transaction 208
[2022-07-17T10:49:53.068Z INFO  client] Sending sample transaction 209
[2022-07-17T10:49:53.118Z INFO  client] Sending sample transaction 210
[2022-07-17T10:49:53.168Z INFO  client] Sending sample transaction 211
[2022-07-17T10:49:53.219Z INFO  client] Sending sample transaction 212
[2022-07-17T10:49:53.269Z INFO  client] Sending sample transaction 213
[2022-07-17T10:49:53.319Z INFO  client] Sending sample transaction 214
[2022-07-17T10:49:53.368Z INFO  client] Sending sample transaction 215
[2022-07-17T10:49:53.418Z INFO  client] Sending sample transaction 216
[2022-07-17T10:49:53.468Z INFO  client] Sending sample transaction 217
[2022-07-17T10:49:53.518Z INFO  client] Sending sample transaction 218
[2022-07-17T10:49:53.582Z INFO  client] Sending sample transaction 219
[2022-07-17T10:49:53.620Z INFO  client] Sending sample transaction 220
[2022-07-17T10:49:53.668Z INFO  client] Sending sample transaction 221
[2022-07-17T10:49:53.718Z INFO  client] Sending sample transaction 222
[2022-07-17T10:49:53.768Z INFO  client] Sending sample transaction 223
[2022-07-17T10:49:53.817Z INFO  client] Sending sample transaction 224
[2022-07-17T10:49:53.870Z INFO  client] Sending sample transaction 225
[2022-07-17T10:49:53.918Z INFO  client] Sending sample transaction 226
[2022-07-17T10:49:53.972Z INFO  client] Sending sample transaction 227
[2022-07-17T10:49:54.019Z INFO  client] Sending sample transaction 228
[2022-07-17T10:49:54.069Z INFO  client] Sending sample transaction 229
[2022-07-17T10:49:54.118Z INFO  client] Sending sample transaction 230
[2022-07-17T10:49:54.168Z INFO  client] Sending sample transaction 231
[2022-07-17T10:49:54.217Z INFO  client] Sending sample transaction 232
[2022-07-17T10:49:54.268Z INFO  client] Sending sample transaction 233
[2022-07-17T10:49:54.319Z INFO  client] Sending sample transaction 234
[2022-07-17T10:49:54.368Z INFO  client] Sending sample transaction 235
[2022-07-17T10:49:54.418Z INFO  client] Sending sample transaction 236
[2022-07-17T10:49:54.469Z INFO  client] Sending sample transaction 237
[2022-07-17T10:49:54.518Z INFO  client] Sending sample transaction 238
[2022-07-17T10:49:54.583Z INFO  client] Sending sample transaction 239
[2022-07-17T10:49:54.617Z INFO  client] Sending sample transaction 240
[2022-07-17T10:49:54.668Z INFO  client] Sending sample transaction 241
[2022-07-17T10:49:54.719Z INFO  client] Sending sample transaction 242
[2022-07-17T10:49:54.771Z INFO  client] Sending sample transaction 243
[2022-07-17T10:49:54.820Z INFO  client] Sending sample transaction 244
[2022-07-17T10:49:54.868Z INFO  client] Sending sample transaction 245
[2022-07-17T10:49:54.918Z INFO  client] Sending sample transaction 246
[2022-07-17T10:49:54.968Z INFO  client] Sending sample transaction 247
[2022-07-17T10:49:55.020Z INFO  client] Sending sample transaction 248
[2022-07-17T10:49:55.068Z INFO  client] Sending sample transaction 249
[2022-07-17T10:49:55.118Z INFO  client] Sending sample transaction 250
[2022-07-17T10:49:55.168Z INFO  client] Sending sample transaction 251
[2022-07-17T10:49:55.218Z INFO  client] Sending sample transaction 252
[2022-07-17T10:49:55.267Z INFO  client] Sending sample transaction 253
[2022-07-17T10:49:55.318Z INFO  client] Sending sample transaction 254
[2022-07-17T10:49:55.368Z INFO  client] Sending sample transaction 255
[2022-07-17T10:49:55.420Z INFO  client] Sending sample transaction 256
[2022-07-17T10:49:55.468Z INFO  client] Sending sample transaction 257
[2022-07-17T10:49:55.518Z INFO  client] Sending sample transaction 258
[2022-07-17T10:49:55.568Z INFO  client] Sending sample transaction 259
[2022-07-17T10:49:55.618Z INFO  client] Sending sample transaction 260
[2022-07-17T10:49:55.668Z INFO  client] Sending sample transaction 261
[2022-07-17T10:49:55.718Z INFO  client] Sending sample transaction 262
[2022-07-17T10:49:55.767Z INFO  client] Sending sample transaction 263
[2022-07-17T10:49:55.818Z INFO  client] Sending sample transaction 264
[2022-07-17T10:49:55.868Z INFO  client] Sending sample transaction 265
[2022-07-17T10:49:55.920Z INFO  client] Sending sample transaction 266
[2022-07-17T10:49:55.968Z INFO  client] Sending sample transaction 267
[2022-07-17T10:49:56.018Z INFO  client] Sending sample transaction 268
[2022-07-17T10:49:56.068Z INFO  client] Sending sample transaction 269
[2022-07-17T10:49:56.118Z INFO  client] Sending sample transaction 270
[2022-07-17T10:49:56.170Z INFO  client] Sending sample transaction 271
[2022-07-17T10:49:56.219Z INFO  client] Sending sample transaction 272
[2022-07-17T10:49:56.269Z INFO  client] Sending sample transaction 273
[2022-07-17T10:49:56.318Z INFO  client] Sending sample transaction 274
[2022-07-17T10:49:56.368Z INFO  client] Sending sample transaction 275
[2022-07-17T10:49:56.421Z INFO  client] Sending sample transaction 276
[2022-07-17T10:49:56.469Z INFO  client] Sending sample transaction 277
[2022-07-17T10:49:56.518Z INFO  client] Sending sample transaction 278
[2022-07-17T10:49:56.569Z INFO  client] Sending sample transaction 279
[2022-07-17T10:49:56.618Z INFO  client] Sending sample transaction 280
[2022-07-17T10:49:56.668Z INFO  client] Sending sample transaction 281
[2022-07-17T10:49:56.718Z INFO  client] Sending sample transaction 282
[2022-07-17T10:49:56.768Z INFO  client] Sending sample transaction 283
[2022-07-17T10:49:56.818Z INFO  client] Sending sample transaction 284
[2022-07-17T10:49:56.868Z INFO  client] Sending sample transaction 285
[2022-07-17T10:49:56.918Z INFO  client] Sending sample transaction 286
[2022-07-17T10:49:56.967Z INFO  client] Sending sample transaction 287
[2022-07-17T10:49:57.019Z INFO  client] Sending sample transaction 288
[2022-07-17T10:49:57.068Z INFO  client] Sending sample transaction 289
[2022-07-17T10:49:57.118Z INFO  client] Sending sample transaction 290
[2022-07-17T10:49:57.167Z INFO  client] Sending sample transaction 291
[2022-07-17T10:49:57.218Z INFO  client] Sending sample transaction 292
[2022-07-17T10:49:57.269Z INFO  client] Sending sample transaction 293
[2022-07-17T10:49:57.318Z INFO  client] Sending sample transaction 294
[2022-07-17T10:49:57.368Z INFO  client] Sending sample transaction 295
[2022-07-17T10:49:57.418Z INFO  client] Sending sample transaction 296
[2022-07-17T10:49:57.468Z INFO  client] Sending sample transaction 297
[2022-07-17T10:49:57.518Z INFO  client] Sending sample transaction 298
[2022-07-17T10:49:57.568Z INFO  client] Sending sample transaction 299
[2022-07-17T10:49:57.617Z INFO  client] Sending sample transaction 300
[2022-07-17T10:49:57.669Z INFO  client] Sending sample transaction 301
[2022-07-17T10:49:57.718Z INFO  client] Sending sample transaction 302
[2022-07-17T10:49:57.768Z INFO  client] Sending sample transaction 303
[2022-07-17T10:49:57.817Z INFO  client] Sending sample transaction 304
[2022-07-17T10:49:57.868Z INFO  client] Sending sample transaction 305
[2022-07-17T10:49:57.918Z INFO  client] Sending sample transaction 306
[2022-07-17T10:49:57.975Z INFO  client] Sending sample transaction 307
[2022-07-17T10:49:58.019Z INFO  client] Sending sample transaction 308
[2022-07-17T10:49:58.072Z INFO  client] Sending sample transaction 309
[2022-07-17T10:49:58.119Z INFO  client] Sending sample transaction 310
[2022-07-17T10:49:58.173Z INFO  client] Sending sample transaction 311
[2022-07-17T10:49:58.218Z INFO  client] Sending sample transaction 312
[2022-07-17T10:49:58.268Z INFO  client] Sending sample transaction 313
[2022-07-17T10:49:58.318Z INFO  client] Sending sample transaction 314
[2022-07-17T10:49:58.378Z INFO  client] Sending sample transaction 315
[2022-07-17T10:49:58.417Z INFO  client] Sending sample transaction 316
[2022-07-17T10:49:58.469Z INFO  client] Sending sample transaction 317
[2022-07-17T10:49:58.518Z INFO  client] Sending sample transaction 318
[2022-07-17T10:49:58.570Z INFO  client] Sending sample transaction 319
[2022-07-17T10:49:58.619Z INFO  client] Sending sample transaction 320
[2022-07-17T10:49:58.668Z INFO  client] Sending sample transaction 321
[2022-07-17T10:49:58.717Z INFO  client] Sending sample transaction 322
[2022-07-17T10:49:58.769Z INFO  client] Sending sample transaction 323
[2022-07-17T10:49:58.826Z INFO  client] Sending sample transaction 324
[2022-07-17T10:49:58.868Z INFO  client] Sending sample transaction 325
[2022-07-17T10:49:58.919Z INFO  client] Sending sample transaction 326
[2022-07-17T10:49:58.970Z INFO  client] Sending sample transaction 327
[2022-07-17T10:49:59.019Z INFO  client] Sending sample transaction 328
[2022-07-17T10:49:59.068Z INFO  client] Sending sample transaction 329
[2022-07-17T10:49:59.122Z INFO  client] Sending sample transaction 330
[2022-07-17T10:49:59.167Z INFO  client] Sending sample transaction 331
[2022-07-17T10:49:59.218Z INFO  client] Sending sample transaction 332
[2022-07-17T10:49:59.270Z INFO  client] Sending sample transaction 333
[2022-07-17T10:49:59.319Z INFO  client] Sending sample transaction 334
[2022-07-17T10:49:59.371Z INFO  client] Sending sample transaction 335
[2022-07-17T10:49:59.420Z INFO  client] Sending sample transaction 336
[2022-07-17T10:49:59.468Z INFO  client] Sending sample transaction 337
[2022-07-17T10:49:59.520Z INFO  client] Sending sample transaction 338
[2022-07-17T10:49:59.568Z INFO  client] Sending sample transaction 339
[2022-07-17T10:49:59.617Z INFO  client] Sending sample transaction 340
[2022-07-17T10:49:59.668Z INFO  client] Sending sample transaction 341
[2022-07-17T10:49:59.718Z INFO  client] Sending sample transaction 342
[2022-07-17T10:49:59.770Z INFO  client] Sending sample transaction 343
[2022-07-17T10:49:59.822Z INFO  client] Sending sample transaction 344
[2022-07-17T10:49:59.868Z INFO  client] Sending sample transaction 345
[2022-07-17T10:49:59.918Z INFO  client] Sending sample transaction 346
[2022-07-17T10:49:59.968Z INFO  client] Sending sample transaction 347
[2022-07-17T10:50:00.018Z INFO  client] Sending sample transaction 348
[2022-07-17T10:50:00.083Z INFO  client] Sending sample transaction 349
[2022-07-17T10:50:00.124Z INFO  client] Sending sample transaction 350
[2022-07-17T10:50:00.167Z INFO  client] Sending sample transaction 351
[2022-07-17T10:50:00.218Z INFO  client] Sending sample transaction 352
[2022-07-17T10:50:00.268Z INFO  client] Sending sample transaction 353
[2022-07-17T10:50:00.318Z INFO  client] Sending sample transaction 354
[2022-07-17T10:50:00.368Z INFO  client] Sending sample transaction 355
[2022-07-17T10:50:00.418Z INFO  client] Sending sample transaction 356
[2022-07-17T10:50:00.469Z INFO  client] Sending sample transaction 357
[2022-07-17T10:50:00.520Z INFO  client] Sending sample transaction 358
[2022-07-17T10:50:00.568Z INFO  client] Sending sample transaction 359
[2022-07-17T10:50:00.619Z INFO  client] Sending sample transaction 360
[2022-07-17T10:50:00.668Z INFO  client] Sending sample transaction 361
[2022-07-17T10:50:00.720Z INFO  client] Sending sample transaction 362
[2022-07-17T10:50:00.770Z INFO  client] Sending sample transaction 363
[2022-07-17T10:50:00.819Z INFO  client] Sending sample transaction 364
[2022-07-17T10:50:00.868Z INFO  client] Sending sample transaction 365
[2022-07-17T10:50:00.921Z INFO  client] Sending sample transaction 366
[2022-07-17T10:50:00.968Z INFO  client] Sending sample transaction 367
[2022-07-17T10:50:01.017Z INFO  client] Sending sample transaction 368
[2022-07-17T10:50:01.068Z INFO  client] Sending sample transaction 369
[2022-07-17T10:50:01.118Z INFO  client] Sending sample transaction 370
[2022-07-17T10:50:01.168Z INFO  client] Sending sample transaction 371
[2022-07-17T10:50:01.217Z INFO  client] Sending sample transaction 372
[2022-07-17T10:50:01.268Z INFO  client] Sending sample transaction 373
[2022-07-17T10:50:01.317Z INFO  client] Sending sample transaction 374
[2022-07-17T10:50:01.368Z INFO  client] Sending sample transaction 375
[2022-07-17T10:50:01.417Z INFO  client] Sending sample transaction 376
[2022-07-17T10:50:01.468Z INFO  client] Sending sample transaction 377
[2022-07-17T10:50:01.518Z INFO  client] Sending sample transaction 378
[2022-07-17T10:50:01.570Z INFO  client] Sending sample transaction 379
[2022-07-17T10:50:01.617Z INFO  client] Sending sample transaction 380
[2022-07-17T10:50:01.668Z INFO  client] Sending sample transaction 381
[2022-07-17T10:50:01.719Z INFO  client] Sending sample transaction 382
[2022-07-17T10:50:01.770Z INFO  client] Sending sample transaction 383
[2022-07-17T10:50:01.818Z INFO  client] Sending sample transaction 384
[2022-07-17T10:50:01.868Z INFO  client] Sending sample transaction 385
[2022-07-17T10:50:01.920Z INFO  client] Sending sample transaction 386
[2022-07-17T10:50:01.970Z INFO  client] Sending sample transaction 387
[2022-07-17T10:50:02.018Z INFO  client] Sending sample transaction 388
[2022-07-17T10:50:02.068Z INFO  client] Sending sample transaction 389
[2022-07-17T10:50:02.118Z INFO  client] Sending sample transaction 390
[2022-07-17T10:50:02.168Z INFO  client] Sending sample transaction 391
[2022-07-17T10:50:02.223Z INFO  client] Sending sample transaction 392
[2022-07-17T10:50:02.268Z INFO  client] Sending sample transaction 393
[2022-07-17T10:50:02.318Z INFO  client] Sending sample transaction 394
[2022-07-17T10:50:02.368Z INFO  client] Sending sample transaction 395
[2022-07-17T10:50:02.419Z INFO  client] Sending sample transaction 396
[2022-07-17T10:50:02.468Z INFO  client] Sending sample transaction 397
[2022-07-17T10:50:02.518Z INFO  client] Sending sample transaction 398
[2022-07-17T10:50:02.568Z INFO  client] Sending sample transaction 399
[2022-07-17T10:50:02.618Z INFO  client] Sending sample transaction 400
[2022-07-17T10:50:02.667Z INFO  client] Sending sample transaction 401
[2022-07-17T10:50:02.719Z INFO  client] Sending sample transaction 402
[2022-07-17T10:50:02.767Z INFO  client] Sending sample transaction 403
[2022-07-17T10:50:02.818Z INFO  client] Sending sample transaction 404
[2022-07-17T10:50:02.868Z INFO  client] Sending sample transaction 405
[2022-07-17T10:50:02.918Z INFO  client] Sending sample transaction 406
[2022-07-17T10:50:02.968Z INFO  client] Sending sample transaction 407
[2022-07-17T10:50:03.018Z INFO  client] Sending sample transaction 408
[2022-07-17T10:50:03.067Z INFO  client] Sending sample transaction 409
[2022-07-17T10:50:03.118Z INFO  client] Sending sample transaction 410
[2022-07-17T10:50:03.168Z INFO  client] Sending sample transaction 411
[2022-07-17T10:50:03.219Z INFO  client] Sending sample transaction 412
[2022-07-17T10:50:03.268Z INFO  client] Sending sample transaction 413
[2022-07-17T10:50:03.317Z INFO  client] Sending sample transaction 414
[2022-07-17T10:50:03.368Z INFO  client] Sending sample transaction 415
[2022-07-17T10:50:03.425Z INFO  client] Sending sample transaction 416
[2022-07-17T10:50:03.468Z INFO  client] Sending sample transaction 417
[2022-07-17T10:50:03.517Z INFO  client] Sending sample transaction 418
[2022-07-17T10:50:03.568Z INFO  client] Sending sample transaction 419
[2022-07-17T10:50:03.618Z INFO  client] Sending sample transaction 420
[2022-07-17T10:50:03.668Z INFO  client] Sending sample transaction 421
[2022-07-17T10:50:03.719Z INFO  client] Sending sample transaction 422
[2022-07-17T10:50:03.769Z INFO  client] Sending sample transaction 423
[2022-07-17T10:50:03.818Z INFO  client] Sending sample transaction 424
