[2022-07-23T18:44:03.699Z INFO  client] Node address: 127.0.0.1:9018
[2022-07-23T18:44:03.699Z INFO  client] Transactions size: 512 B
[2022-07-23T18:44:03.699Z INFO  client] Transactions rate: 112 tx/s
[2022-07-23T18:44:03.699Z INFO  client] Waiting for all nodes to be online...
[2022-07-23T18:44:03.699Z INFO  client] Waiting for all nodes to be synchronized...
[2022-07-23T18:44:05.708Z INFO  client] Start sending transactions
[2022-07-23T18:44:05.710Z INFO  client] Sending sample transaction 0
[2022-07-23T18:44:05.761Z INFO  client] Sending sample transaction 1
[2022-07-23T18:44:05.810Z INFO  client] Sending sample transaction 2
[2022-07-23T18:44:05.860Z INFO  client] Sending sample transaction 3
[2022-07-23T18:44:05.911Z INFO  client] Sending sample transaction 4
[2022-07-23T18:44:05.960Z INFO  client] Sending sample transaction 5
[2022-07-23T18:44:06.009Z INFO  client] Sending sample transaction 6
[2022-07-23T18:44:06.060Z INFO  client] Sending sample transaction 7
[2022-07-23T18:44:06.110Z INFO  client] Sending sample transaction 8
[2022-07-23T18:44:06.165Z INFO  client] Sending sample transaction 9
[2022-07-23T18:44:06.209Z INFO  client] Sending sample transaction 10
[2022-07-23T18:44:06.260Z INFO  client] Sending sample transaction 11
[2022-07-23T18:44:06.310Z INFO  client] Sending sample transaction 12
[2022-07-23T18:44:06.360Z INFO  client] Sending sample transaction 13
[2022-07-23T18:44:06.410Z INFO  client] Sending sample transaction 14
[2022-07-23T18:44:06.460Z INFO  client] Sending sample transaction 15
[2022-07-23T18:44:06.510Z INFO  client] Sending sample transaction 16
[2022-07-23T18:44:06.560Z INFO  client] Sending sample transaction 17
[2022-07-23T18:44:06.620Z INFO  client] Sending sample transaction 18
[2022-07-23T18:44:06.661Z INFO  client] Sending sample transaction 19
[2022-07-23T18:44:06.709Z INFO  client] Sending sample transaction 20
[2022-07-23T18:44:06.760Z INFO  client] Sending sample transaction 21
[2022-07-23T18:44:06.810Z INFO  client] Sending sample transaction 22
[2022-07-23T18:44:06.860Z INFO  client] Sending sample transaction 23
[2022-07-23T18:44:06.910Z INFO  client] Sending sample transaction 24
[2022-07-23T18:44:06.966Z INFO  client] Sending sample transaction 25
[2022-07-23T18:44:07.010Z INFO  client] Sending sample transaction 26
[2022-07-23T18:44:07.060Z INFO  client] Sending sample transaction 27
[2022-07-23T18:44:07.110Z INFO  client] Sending sample transaction 28
[2022-07-23T18:44:07.160Z INFO  client] Sending sample transaction 29
[2022-07-23T18:44:07.209Z INFO  client] Sending sample transaction 30
[2022-07-23T18:44:07.260Z INFO  client] Sending sample transaction 31
[2022-07-23T18:44:07.326Z INFO  client] Sending sample transaction 32
[2022-07-23T18:44:07.367Z INFO  client] Sending sample transaction 33
[2022-07-23T18:44:07.412Z INFO  client] Sending sample transaction 34
[2022-07-23T18:44:07.459Z INFO  client] Sending sample transaction 35
[2022-07-23T18:44:07.509Z INFO  client] Sending sample transaction 36
[2022-07-23T18:44:07.560Z INFO  client] Sending sample transaction 37
[2022-07-23T18:44:07.610Z INFO  client] Sending sample transaction 38
[2022-07-23T18:44:07.660Z INFO  client] Sending sample transaction 39
[2022-07-23T18:44:07.709Z INFO  client] Sending sample transaction 40
[2022-07-23T18:44:07.759Z INFO  client] Sending sample transaction 41
[2022-07-23T18:44:07.810Z INFO  client] Sending sample transaction 42
[2022-07-23T18:44:07.859Z INFO  client] Sending sample transaction 43
[2022-07-23T18:44:07.910Z INFO  client] Sending sample transaction 44
[2022-07-23T18:44:07.960Z INFO  client] Sending sample transaction 45
[2022-07-23T18:44:08.009Z INFO  client] Sending sample transaction 46
[2022-07-23T18:44:08.060Z INFO  client] Sending sample transaction 47
[2022-07-23T18:44:08.111Z INFO  client] Sending sample transaction 48
[2022-07-23T18:44:08.161Z INFO  client] Sending sample transaction 49
[2022-07-23T18:44:08.209Z INFO  client] Sending sample transaction 50
[2022-07-23T18:44:08.260Z INFO  client] Sending sample transaction 51
[2022-07-23T18:44:08.310Z INFO  client] Sending sample transaction 52
[2022-07-23T18:44:08.359Z INFO  client] Sending sample transaction 53
[2022-07-23T18:44:08.409Z INFO  client] Sending sample transaction 54
[2022-07-23T18:44:08.459Z INFO  client] Sending sample transaction 55
[2022-07-23T18:44:08.510Z INFO  client] Sending sample transaction 56
[2022-07-23T18:44:08.560Z INFO  client] Sending sample transaction 57
[2022-07-23T18:44:08.610Z INFO  client] Sending sample transaction 58
[2022-07-23T18:44:08.660Z INFO  client] Sending sample transaction 59
[2022-07-23T18:44:08.712Z INFO  client] Sending sample transaction 60
[2022-07-23T18:44:08.759Z INFO  client] Sending sample transaction 61
[2022-07-23T18:44:08.810Z INFO  client] Sending sample transaction 62
[2022-07-23T18:44:08.860Z INFO  client] Sending sample transaction 63
[2022-07-23T18:44:08.910Z INFO  client] Sending sample transaction 64
[2022-07-23T18:44:08.966Z INFO  client] Sending sample transaction 65
[2022-07-23T18:44:09.010Z INFO  client] Sending sample transaction 66
[2022-07-23T18:44:09.060Z INFO  client] Sending sample transaction 67
[2022-07-23T18:44:09.111Z INFO  client] Sending sample transaction 68
[2022-07-23T18:44:09.160Z INFO  client] Sending sample transaction 69
[2022-07-23T18:44:09.211Z INFO  client] Sending sample transaction 70
[2022-07-23T18:44:09.259Z INFO  client] Sending sample transaction 71
[2022-07-23T18:44:09.311Z INFO  client] Sending sample transaction 72
[2022-07-23T18:44:09.360Z INFO  client] Sending sample transaction 73
[2022-07-23T18:44:09.410Z INFO  client] Sending sample transaction 74
[2022-07-23T18:44:09.463Z INFO  client] Sending sample transaction 75
[2022-07-23T18:44:09.511Z INFO  client] Sending sample transaction 76
[2022-07-23T18:44:09.559Z INFO  client] Sending sample transaction 77
[2022-07-23T18:44:09.610Z INFO  client] Sending sample transaction 78
[2022-07-23T18:44:09.660Z INFO  client] Sending sample transaction 79
[2022-07-23T18:44:09.710Z INFO  client] Sending sample transaction 80
[2022-07-23T18:44:09.760Z INFO  client] Sending sample transaction 81
[2022-07-23T18:44:09.810Z INFO  client] Sending sample transaction 82
[2022-07-23T18:44:09.860Z INFO  client] Sending sample transaction 83
[2022-07-23T18:44:09.911Z INFO  client] Sending sample transaction 84
[2022-07-23T18:44:09.960Z INFO  client] Sending sample transaction 85
[2022-07-23T18:44:10.010Z INFO  client] Sending sample transaction 86
[2022-07-23T18:44:10.060Z INFO  client] Sending sample transaction 87
[2022-07-23T18:44:10.110Z INFO  client] Sending sample transaction 88
[2022-07-23T18:44:10.160Z INFO  client] Sending sample transaction 89
[2022-07-23T18:44:10.210Z INFO  client] Sending sample transaction 90
[2022-07-23T18:44:10.259Z INFO  client] Sending sample transaction 91
[2022-07-23T18:44:10.309Z INFO  client] Sending sample transaction 92
[2022-07-23T18:44:10.360Z INFO  client] Sending sample transaction 93
[2022-07-23T18:44:10.411Z INFO  client] Sending sample transaction 94
[2022-07-23T18:44:10.460Z INFO  client] Sending sample transaction 95
[2022-07-23T18:44:10.510Z INFO  client] Sending sample transaction 96
[2022-07-23T18:44:10.559Z INFO  client] Sending sample transaction 97
[2022-07-23T18:44:10.610Z INFO  client] Sending sample transaction 98
[2022-07-23T18:44:10.660Z INFO  client] Sending sample transaction 99
[2022-07-23T18:44:10.710Z INFO  client] Sending sample transaction 100
[2022-07-23T18:44:10.759Z INFO  client] Sending sample transaction 101
[2022-07-23T18:44:10.809Z INFO  client] Sending sample transaction 102
[2022-07-23T18:44:10.860Z INFO  client] Sending sample transaction 103
[2022-07-23T18:44:10.910Z INFO  client] Sending sample transaction 104
[2022-07-23T18:44:10.960Z INFO  client] Sending sample transaction 105
[2022-07-23T18:44:11.010Z INFO  client] Sending sample transaction 106
[2022-07-23T18:44:11.062Z INFO  client] Sending sample transaction 107
[2022-07-23T18:44:11.111Z INFO  client] Sending sample transaction 108
[2022-07-23T18:44:11.161Z INFO  client] Sending sample transaction 109
[2022-07-23T18:44:11.210Z INFO  client] Sending sample transaction 110
[2022-07-23T18:44:11.259Z INFO  client] Sending sample transaction 111
[2022-07-23T18:44:11.310Z INFO  client] Sending sample transaction 112
[2022-07-23T18:44:11.360Z INFO  client] Sending sample transaction 113
[2022-07-23T18:44:11.410Z INFO  client] Sending sample transaction 114
[2022-07-23T18:44:11.459Z INFO  client] Sending sample transaction 115
[2022-07-23T18:44:11.510Z INFO  client] Sending sample transaction 116
[2022-07-23T18:44:11.565Z INFO  client] Sending sample transaction 117
[2022-07-23T18:44:11.609Z INFO  client] Sending sample transaction 118
[2022-07-23T18:44:11.659Z INFO  client] Sending sample transaction 119
[2022-07-23T18:44:11.709Z INFO  client] Sending sample transaction 120
[2022-07-23T18:44:11.760Z INFO  client] Sending sample transaction 121
[2022-07-23T18:44:11.810Z INFO  client] Sending sample transaction 122
[2022-07-23T18:44:11.860Z INFO  client] Sending sample transaction 123
[2022-07-23T18:44:11.910Z INFO  client] Sending sample transaction 124
[2022-07-23T18:44:11.959Z INFO  client] Sending sample transaction 125
[2022-07-23T18:44:12.010Z INFO  client] Sending sample transaction 126
[2022-07-23T18:44:12.060Z INFO  client] Sending sample transaction 127
[2022-07-23T18:44:12.110Z INFO  client] Sending sample transaction 128
[2022-07-23T18:44:12.162Z INFO  client] Sending sample transaction 129
[2022-07-23T18:44:12.209Z INFO  client] Sending sample transaction 130
[2022-07-23T18:44:12.260Z INFO  client] Sending sample transaction 131
[2022-07-23T18:44:12.313Z INFO  client] Sending sample transaction 132
[2022-07-23T18:44:12.360Z INFO  client] Sending sample transaction 133
[2022-07-23T18:44:12.411Z INFO  client] Sending sample transaction 134
[2022-07-23T18:44:12.459Z INFO  client] Sending sample transaction 135
[2022-07-23T18:44:12.510Z INFO  client] Sending sample transaction 136
[2022-07-23T18:44:12.561Z INFO  client] Sending sample transaction 137
[2022-07-23T18:44:12.611Z INFO  client] Sending sample transaction 138
[2022-07-23T18:44:12.659Z INFO  client] Sending sample transaction 139
[2022-07-23T18:44:12.710Z INFO  client] Sending sample transaction 140
[2022-07-23T18:44:12.760Z INFO  client] Sending sample transaction 141
[2022-07-23T18:44:12.813Z INFO  client] Sending sample transaction 142
[2022-07-23T18:44:12.861Z INFO  client] Sending sample transaction 143
[2022-07-23T18:44:12.911Z INFO  client] Sending sample transaction 144
[2022-07-23T18:44:12.959Z INFO  client] Sending sample transaction 145
[2022-07-23T18:44:13.010Z INFO  client] Sending sample transaction 146
[2022-07-23T18:44:13.060Z INFO  client] Sending sample transaction 147
[2022-07-23T18:44:13.110Z INFO  client] Sending sample transaction 148
[2022-07-23T18:44:13.160Z INFO  client] Sending sample transaction 149
[2022-07-23T18:44:13.210Z INFO  client] Sending sample transaction 150
[2022-07-23T18:44:13.259Z INFO  client] Sending sample transaction 151
[2022-07-23T18:44:13.310Z INFO  client] Sending sample transaction 152
[2022-07-23T18:44:13.360Z INFO  client] Sending sample transaction 153
[2022-07-23T18:44:13.409Z INFO  client] Sending sample transaction 154
[2022-07-23T18:44:13.459Z INFO  client] Sending sample transaction 155
[2022-07-23T18:44:13.509Z INFO  client] Sending sample transaction 156
[2022-07-23T18:44:13.560Z INFO  client] Sending sample transaction 157
[2022-07-23T18:44:13.610Z INFO  client] Sending sample transaction 158
[2022-07-23T18:44:13.663Z INFO  client] Sending sample transaction 159
[2022-07-23T18:44:13.710Z INFO  client] Sending sample transaction 160
[2022-07-23T18:44:13.760Z INFO  client] Sending sample transaction 161
[2022-07-23T18:44:13.809Z INFO  client] Sending sample transaction 162
[2022-07-23T18:44:13.860Z INFO  client] Sending sample transaction 163
[2022-07-23T18:44:13.910Z INFO  client] Sending sample transaction 164
[2022-07-23T18:44:13.959Z INFO  client] Sending sample transaction 165
[2022-07-23T18:44:14.010Z INFO  client] Sending sample transaction 166
[2022-07-23T18:44:14.060Z INFO  client] Sending sample transaction 167
[2022-07-23T18:44:14.110Z INFO  client] Sending sample transaction 168
[2022-07-23T18:44:14.160Z INFO  client] Sending sample transaction 169
[2022-07-23T18:44:14.210Z INFO  client] Sending sample transaction 170
[2022-07-23T18:44:14.261Z INFO  client] Sending sample transaction 171
[2022-07-23T18:44:14.310Z INFO  client] Sending sample transaction 172
[2022-07-23T18:44:14.360Z INFO  client] Sending sample transaction 173
[2022-07-23T18:44:14.409Z INFO  client] Sending sample transaction 174
[2022-07-23T18:44:14.459Z INFO  client] Sending sample transaction 175
[2022-07-23T18:44:14.510Z INFO  client] Sending sample transaction 176
[2022-07-23T18:44:14.559Z INFO  client] Sending sample transaction 177
[2022-07-23T18:44:14.609Z INFO  client] Sending sample transaction 178
[2022-07-23T18:44:14.659Z INFO  client] Sending sample transaction 179
[2022-07-23T18:44:14.710Z INFO  client] Sending sample transaction 180
[2022-07-23T18:44:14.760Z INFO  client] Sending sample transaction 181
[2022-07-23T18:44:14.811Z INFO  client] Sending sample transaction 182
[2022-07-23T18:44:14.860Z INFO  client] Sending sample transaction 183
[2022-07-23T18:44:14.910Z INFO  client] Sending sample transaction 184
[2022-07-23T18:44:14.960Z INFO  client] Sending sample transaction 185
[2022-07-23T18:44:15.010Z INFO  client] Sending sample transaction 186
[2022-07-23T18:44:15.060Z INFO  client] Sending sample transaction 187
[2022-07-23T18:44:15.111Z INFO  client] Sending sample transaction 188
[2022-07-23T18:44:15.160Z INFO  client] Sending sample transaction 189
[2022-07-23T18:44:15.212Z INFO  client] Sending sample transaction 190
[2022-07-23T18:44:15.263Z INFO  client] Sending sample transaction 191
[2022-07-23T18:44:15.310Z INFO  client] Sending sample transaction 192
[2022-07-23T18:44:15.360Z INFO  client] Sending sample transaction 193
[2022-07-23T18:44:15.410Z INFO  client] Sending sample transaction 194
[2022-07-23T18:44:15.460Z INFO  client] Sending sample transaction 195
[2022-07-23T18:44:15.511Z INFO  client] Sending sample transaction 196
[2022-07-23T18:44:15.559Z INFO  client] Sending sample transaction 197
[2022-07-23T18:44:15.611Z INFO  client] Sending sample transaction 198
[2022-07-23T18:44:15.660Z INFO  client] Sending sample transaction 199
[2022-07-23T18:44:15.710Z INFO  client] Sending sample transaction 200
[2022-07-23T18:44:15.759Z INFO  client] Sending sample transaction 201
[2022-07-23T18:44:15.810Z INFO  client] Sending sample transaction 202
[2022-07-23T18:44:15.862Z INFO  client] Sending sample transaction 203
[2022-07-23T18:44:15.912Z INFO  client] Sending sample transaction 204
[2022-07-23T18:44:15.959Z INFO  client] Sending sample transaction 205
[2022-07-23T18:44:16.011Z INFO  client] Sending sample transaction 206
[2022-07-23T18:44:16.060Z INFO  client] Sending sample transaction 207
[2022-07-23T18:44:16.112Z INFO  client] Sending sample transaction 208
[2022-07-23T18:44:16.161Z INFO  client] Sending sample transaction 209
[2022-07-23T18:44:16.209Z INFO  client] Sending sample transaction 210
[2022-07-23T18:44:16.260Z INFO  client] Sending sample transaction 211
[2022-07-23T18:44:16.310Z INFO  client] Sending sample transaction 212
[2022-07-23T18:44:16.361Z INFO  client] Sending sample transaction 213
[2022-07-23T18:44:16.411Z INFO  client] Sending sample transaction 214
[2022-07-23T18:44:16.461Z INFO  client] Sending sample transaction 215
[2022-07-23T18:44:16.509Z INFO  client] Sending sample transaction 216
[2022-07-23T18:44:16.560Z INFO  client] Sending sample transaction 217
[2022-07-23T18:44:16.610Z INFO  client] Sending sample transaction 218
[2022-07-23T18:44:16.660Z INFO  client] Sending sample transaction 219
[2022-07-23T18:44:16.709Z INFO  client] Sending sample transaction 220
[2022-07-23T18:44:16.763Z INFO  client] Sending sample transaction 221
[2022-07-23T18:44:16.809Z INFO  client] Sending sample transaction 222
[2022-07-23T18:44:16.860Z INFO  client] Sending sample transaction 223
[2022-07-23T18:44:16.915Z INFO  client] Sending sample transaction 224
[2022-07-23T18:44:16.960Z INFO  client] Sending sample transaction 225
[2022-07-23T18:44:17.010Z INFO  client] Sending sample transaction 226
[2022-07-23T18:44:17.059Z INFO  client] Sending sample transaction 227
[2022-07-23T18:44:17.110Z INFO  client] Sending sample transaction 228
[2022-07-23T18:44:17.160Z INFO  client] Sending sample transaction 229
[2022-07-23T18:44:17.213Z INFO  client] Sending sample transaction 230
[2022-07-23T18:44:17.260Z INFO  client] Sending sample transaction 231
[2022-07-23T18:44:17.310Z INFO  client] Sending sample transaction 232
[2022-07-23T18:44:17.360Z INFO  client] Sending sample transaction 233
[2022-07-23T18:44:17.410Z INFO  client] Sending sample transaction 234
[2022-07-23T18:44:17.459Z INFO  client] Sending sample transaction 235
[2022-07-23T18:44:17.510Z INFO  client] Sending sample transaction 236
[2022-07-23T18:44:17.560Z INFO  client] Sending sample transaction 237
[2022-07-23T18:44:17.610Z INFO  client] Sending sample transaction 238
[2022-07-23T18:44:17.660Z INFO  client] Sending sample transaction 239
[2022-07-23T18:44:17.709Z INFO  client] Sending sample transaction 240
[2022-07-23T18:44:17.759Z INFO  client] Sending sample transaction 241
[2022-07-23T18:44:17.810Z INFO  client] Sending sample transaction 242
[2022-07-23T18:44:17.860Z INFO  client] Sending sample transaction 243
[2022-07-23T18:44:17.913Z INFO  client] Sending sample transaction 244
[2022-07-23T18:44:17.960Z INFO  client] Sending sample transaction 245
[2022-07-23T18:44:18.010Z INFO  client] Sending sample transaction 246
[2022-07-23T18:44:18.060Z INFO  client] Sending sample transaction 247
[2022-07-23T18:44:18.109Z INFO  client] Sending sample transaction 248
[2022-07-23T18:44:18.160Z INFO  client] Sending sample transaction 249
[2022-07-23T18:44:18.210Z INFO  client] Sending sample transaction 250
[2022-07-23T18:44:18.263Z INFO  client] Sending sample transaction 251
[2022-07-23T18:44:18.311Z INFO  client] Sending sample transaction 252
[2022-07-23T18:44:18.360Z INFO  client] Sending sample transaction 253
[2022-07-23T18:44:18.409Z INFO  client] Sending sample transaction 254
[2022-07-23T18:44:18.460Z INFO  client] Sending sample transaction 255
[2022-07-23T18:44:18.510Z INFO  client] Sending sample transaction 256
[2022-07-23T18:44:18.560Z INFO  client] Sending sample transaction 257
[2022-07-23T18:44:18.611Z INFO  client] Sending sample transaction 258
[2022-07-23T18:44:18.662Z INFO  client] Sending sample transaction 259
[2022-07-23T18:44:18.710Z INFO  client] Sending sample transaction 260
[2022-07-23T18:44:18.761Z INFO  client] Sending sample transaction 261
[2022-07-23T18:44:18.810Z INFO  client] Sending sample transaction 262
[2022-07-23T18:44:18.860Z INFO  client] Sending sample transaction 263
[2022-07-23T18:44:18.909Z INFO  client] Sending sample transaction 264
[2022-07-23T18:44:18.959Z INFO  client] Sending sample transaction 265
[2022-07-23T18:44:19.009Z INFO  client] Sending sample transaction 266
[2022-07-23T18:44:19.059Z INFO  client] Sending sample transaction 267
[2022-07-23T18:44:19.114Z INFO  client] Sending sample transaction 268
[2022-07-23T18:44:19.161Z INFO  client] Sending sample transaction 269
[2022-07-23T18:44:19.210Z INFO  client] Sending sample transaction 270
[2022-07-23T18:44:19.259Z INFO  client] Sending sample transaction 271
[2022-07-23T18:44:19.309Z INFO  client] Sending sample transaction 272
[2022-07-23T18:44:19.360Z INFO  client] Sending sample transaction 273
[2022-07-23T18:44:19.409Z INFO  client] Sending sample transaction 274
[2022-07-23T18:44:19.460Z INFO  client] Sending sample transaction 275
[2022-07-23T18:44:19.509Z INFO  client] Sending sample transaction 276
[2022-07-23T18:44:19.560Z INFO  client] Sending sample transaction 277
[2022-07-23T18:44:19.610Z INFO  client] Sending sample transaction 278
[2022-07-23T18:44:19.659Z INFO  client] Sending sample transaction 279
[2022-07-23T18:44:19.710Z INFO  client] Sending sample transaction 280
[2022-07-23T18:44:19.759Z INFO  client] Sending sample transaction 281
[2022-07-23T18:44:19.809Z INFO  client] Sending sample transaction 282
[2022-07-23T18:44:19.861Z INFO  client] Sending sample transaction 283
[2022-07-23T18:44:19.910Z INFO  client] Sending sample transaction 284
[2022-07-23T18:44:19.960Z INFO  client] Sending sample transaction 285
[2022-07-23T18:44:20.010Z INFO  client] Sending sample transaction 286
[2022-07-23T18:44:20.060Z INFO  client] Sending sample transaction 287
[2022-07-23T18:44:20.110Z INFO  client] Sending sample transaction 288
[2022-07-23T18:44:20.160Z INFO  client] Sending sample transaction 289
[2022-07-23T18:44:20.209Z INFO  client] Sending sample transaction 290
[2022-07-23T18:44:20.260Z INFO  client] Sending sample transaction 291
[2022-07-23T18:44:20.310Z INFO  client] Sending sample transaction 292
[2022-07-23T18:44:20.360Z INFO  client] Sending sample transaction 293
[2022-07-23T18:44:20.409Z INFO  client] Sending sample transaction 294
[2022-07-23T18:44:20.460Z INFO  client] Sending sample transaction 295
[2022-07-23T18:44:20.509Z INFO  client] Sending sample transaction 296
[2022-07-23T18:44:20.561Z INFO  client] Sending sample transaction 297
[2022-07-23T18:44:20.613Z INFO  client] Sending sample transaction 298
[2022-07-23T18:44:20.660Z INFO  client] Sending sample transaction 299
[2022-07-23T18:44:20.710Z INFO  client] Sending sample transaction 300
[2022-07-23T18:44:20.761Z INFO  client] Sending sample transaction 301
[2022-07-23T18:44:20.810Z INFO  client] Sending sample transaction 302
[2022-07-23T18:44:20.860Z INFO  client] Sending sample transaction 303
[2022-07-23T18:44:20.946Z INFO  client] Sending sample transaction 304
[2022-07-23T18:44:20.959Z INFO  client] Sending sample transaction 305
[2022-07-23T18:44:21.010Z INFO  client] Sending sample transaction 306
[2022-07-23T18:44:21.060Z INFO  client] Sending sample transaction 307
[2022-07-23T18:44:21.111Z INFO  client] Sending sample transaction 308
[2022-07-23T18:44:21.160Z INFO  client] Sending sample transaction 309
[2022-07-23T18:44:21.210Z INFO  client] Sending sample transaction 310
[2022-07-23T18:44:21.259Z INFO  client] Sending sample transaction 311
[2022-07-23T18:44:21.311Z INFO  client] Sending sample transaction 312
[2022-07-23T18:44:21.367Z INFO  client] Sending sample transaction 313
[2022-07-23T18:44:21.411Z INFO  client] Sending sample transaction 314
[2022-07-23T18:44:21.460Z INFO  client] Sending sample transaction 315
[2022-07-23T18:44:21.510Z INFO  client] Sending sample transaction 316
[2022-07-23T18:44:21.560Z INFO  client] Sending sample transaction 317
[2022-07-23T18:44:21.610Z INFO  client] Sending sample transaction 318
[2022-07-23T18:44:21.662Z INFO  client] Sending sample transaction 319
[2022-07-23T18:44:21.709Z INFO  client] Sending sample transaction 320
[2022-07-23T18:44:21.759Z INFO  client] Sending sample transaction 321
[2022-07-23T18:44:21.810Z INFO  client] Sending sample transaction 322
[2022-07-23T18:44:21.861Z INFO  client] Sending sample transaction 323
[2022-07-23T18:44:21.911Z INFO  client] Sending sample transaction 324
[2022-07-23T18:44:21.962Z INFO  client] Sending sample transaction 325
[2022-07-23T18:44:22.010Z INFO  client] Sending sample transaction 326
[2022-07-23T18:44:22.059Z INFO  client] Sending sample transaction 327
[2022-07-23T18:44:22.110Z INFO  client] Sending sample transaction 328
[2022-07-23T18:44:22.161Z INFO  client] Sending sample transaction 329
[2022-07-23T18:44:22.209Z INFO  client] Sending sample transaction 330
[2022-07-23T18:44:22.262Z INFO  client] Sending sample transaction 331
[2022-07-23T18:44:22.310Z INFO  client] Sending sample transaction 332
[2022-07-23T18:44:22.360Z INFO  client] Sending sample transaction 333
[2022-07-23T18:44:22.410Z INFO  client] Sending sample transaction 334
[2022-07-23T18:44:22.460Z INFO  client] Sending sample transaction 335
[2022-07-23T18:44:22.509Z INFO  client] Sending sample transaction 336
[2022-07-23T18:44:22.560Z INFO  client] Sending sample transaction 337
[2022-07-23T18:44:22.610Z INFO  client] Sending sample transaction 338
[2022-07-23T18:44:22.659Z INFO  client] Sending sample transaction 339
[2022-07-23T18:44:22.709Z INFO  client] Sending sample transaction 340
[2022-07-23T18:44:22.763Z INFO  client] Sending sample transaction 341
[2022-07-23T18:44:22.813Z INFO  client] Sending sample transaction 342
[2022-07-23T18:44:22.860Z INFO  client] Sending sample transaction 343
[2022-07-23T18:44:22.910Z INFO  client] Sending sample transaction 344
[2022-07-23T18:44:22.959Z INFO  client] Sending sample transaction 345
[2022-07-23T18:44:23.011Z INFO  client] Sending sample transaction 346
[2022-07-23T18:44:23.064Z INFO  client] Sending sample transaction 347
[2022-07-23T18:44:23.109Z INFO  client] Sending sample transaction 348
[2022-07-23T18:44:23.159Z INFO  client] Sending sample transaction 349
[2022-07-23T18:44:23.209Z INFO  client] Sending sample transaction 350
[2022-07-23T18:44:23.260Z INFO  client] Sending sample transaction 351
[2022-07-23T18:44:23.312Z INFO  client] Sending sample transaction 352
[2022-07-23T18:44:23.360Z INFO  client] Sending sample transaction 353
[2022-07-23T18:44:23.411Z INFO  client] Sending sample transaction 354
[2022-07-23T18:44:23.460Z INFO  client] Sending sample transaction 355
[2022-07-23T18:44:23.510Z INFO  client] Sending sample transaction 356
[2022-07-23T18:44:23.560Z INFO  client] Sending sample transaction 357
[2022-07-23T18:44:23.610Z INFO  client] Sending sample transaction 358
[2022-07-23T18:44:23.662Z INFO  client] Sending sample transaction 359
[2022-07-23T18:44:23.709Z INFO  client] Sending sample transaction 360
[2022-07-23T18:44:23.760Z INFO  client] Sending sample transaction 361
[2022-07-23T18:44:23.812Z INFO  client] Sending sample transaction 362
[2022-07-23T18:44:23.861Z INFO  client] Sending sample transaction 363
[2022-07-23T18:44:23.910Z INFO  client] Sending sample transaction 364
[2022-07-23T18:44:23.960Z INFO  client] Sending sample transaction 365
[2022-07-23T18:44:24.010Z INFO  client] Sending sample transaction 366
[2022-07-23T18:44:24.075Z INFO  client] Sending sample transaction 367
[2022-07-23T18:44:24.113Z INFO  client] Sending sample transaction 368
[2022-07-23T18:44:24.160Z INFO  client] Sending sample transaction 369
[2022-07-23T18:44:24.209Z INFO  client] Sending sample transaction 370
[2022-07-23T18:44:24.261Z INFO  client] Sending sample transaction 371
[2022-07-23T18:44:24.311Z INFO  client] Sending sample transaction 372
[2022-07-23T18:44:24.363Z INFO  client] Sending sample transaction 373
[2022-07-23T18:44:24.410Z INFO  client] Sending sample transaction 374
[2022-07-23T18:44:24.459Z INFO  client] Sending sample transaction 375
[2022-07-23T18:44:24.509Z INFO  client] Sending sample transaction 376
[2022-07-23T18:44:24.561Z INFO  client] Sending sample transaction 377
[2022-07-23T18:44:24.609Z INFO  client] Sending sample transaction 378
[2022-07-23T18:44:24.660Z INFO  client] Sending sample transaction 379
[2022-07-23T18:44:24.709Z INFO  client] Sending sample transaction 380
[2022-07-23T18:44:24.760Z INFO  client] Sending sample transaction 381
[2022-07-23T18:44:24.809Z INFO  client] Sending sample transaction 382
[2022-07-23T18:44:24.860Z INFO  client] Sending sample transaction 383
[2022-07-23T18:44:24.910Z INFO  client] Sending sample transaction 384
[2022-07-23T18:44:24.959Z INFO  client] Sending sample transaction 385
[2022-07-23T18:44:25.010Z INFO  client] Sending sample transaction 386
[2022-07-23T18:44:25.059Z INFO  client] Sending sample transaction 387
[2022-07-23T18:44:25.109Z INFO  client] Sending sample transaction 388
[2022-07-23T18:44:25.159Z INFO  client] Sending sample transaction 389
[2022-07-23T18:44:25.210Z INFO  client] Sending sample transaction 390
[2022-07-23T18:44:25.259Z INFO  client] Sending sample transaction 391
[2022-07-23T18:44:25.310Z INFO  client] Sending sample transaction 392
[2022-07-23T18:44:25.360Z INFO  client] Sending sample transaction 393
[2022-07-23T18:44:25.409Z INFO  client] Sending sample transaction 394
[2022-07-23T18:44:25.460Z INFO  client] Sending sample transaction 395
[2022-07-23T18:44:25.509Z INFO  client] Sending sample transaction 396
[2022-07-23T18:44:25.559Z INFO  client] Sending sample transaction 397
[2022-07-23T18:44:25.610Z INFO  client] Sending sample transaction 398
[2022-07-23T18:44:25.659Z INFO  client] Sending sample transaction 399
[2022-07-23T18:44:25.709Z INFO  client] Sending sample transaction 400
[2022-07-23T18:44:25.760Z INFO  client] Sending sample transaction 401
[2022-07-23T18:44:25.809Z INFO  client] Sending sample transaction 402
[2022-07-23T18:44:25.860Z INFO  client] Sending sample transaction 403
[2022-07-23T18:44:25.909Z INFO  client] Sending sample transaction 404
[2022-07-23T18:44:25.959Z INFO  client] Sending sample transaction 405
[2022-07-23T18:44:26.009Z INFO  client] Sending sample transaction 406
[2022-07-23T18:44:26.061Z INFO  client] Sending sample transaction 407
[2022-07-23T18:44:26.109Z INFO  client] Sending sample transaction 408
[2022-07-23T18:44:26.162Z INFO  client] Sending sample transaction 409
[2022-07-23T18:44:26.212Z INFO  client] Sending sample transaction 410
[2022-07-23T18:44:26.259Z INFO  client] Sending sample transaction 411
[2022-07-23T18:44:26.310Z INFO  client] Sending sample transaction 412
[2022-07-23T18:44:26.361Z INFO  client] Sending sample transaction 413
[2022-07-23T18:44:26.412Z INFO  client] Sending sample transaction 414
[2022-07-23T18:44:26.459Z INFO  client] Sending sample transaction 415
[2022-07-23T18:44:26.510Z INFO  client] Sending sample transaction 416
[2022-07-23T18:44:26.559Z INFO  client] Sending sample transaction 417
[2022-07-23T18:44:26.611Z INFO  client] Sending sample transaction 418
[2022-07-23T18:44:26.660Z INFO  client] Sending sample transaction 419
[2022-07-23T18:44:26.711Z INFO  client] Sending sample transaction 420
[2022-07-23T18:44:26.759Z INFO  client] Sending sample transaction 421
