[2022-07-23T16:26:57.400Z INFO  client] Node address: 127.0.0.1:9012
[2022-07-23T16:26:57.400Z INFO  client] Transactions size: 512 B
[2022-07-23T16:26:57.400Z INFO  client] Transactions rate: 112 tx/s
[2022-07-23T16:26:57.400Z INFO  client] Waiting for all nodes to be online...
[2022-07-23T16:26:57.400Z INFO  client] Waiting for all nodes to be synchronized...
[2022-07-23T16:26:59.405Z INFO  client] Start sending transactions
[2022-07-23T16:26:59.406Z INFO  client] Sending sample transaction 0
[2022-07-23T16:26:59.457Z INFO  client] Sending sample transaction 1
[2022-07-23T16:26:59.520Z INFO  client] Sending sample transaction 2
[2022-07-23T16:26:59.558Z INFO  client] Sending sample transaction 3
[2022-07-23T16:26:59.607Z INFO  client] Sending sample transaction 4
[2022-07-23T16:26:59.657Z INFO  client] Sending sample transaction 5
[2022-07-23T16:26:59.707Z INFO  client] Sending sample transaction 6
[2022-07-23T16:26:59.757Z INFO  client] Sending sample transaction 7
[2022-07-23T16:26:59.808Z INFO  client] Sending sample transaction 8
[2022-07-23T16:26:59.860Z INFO  client] Sending sample transaction 9
[2022-07-23T16:26:59.910Z INFO  client] Sending sample transaction 10
[2022-07-23T16:26:59.957Z INFO  client] Sending sample transaction 11
[2022-07-23T16:27:00.007Z INFO  client] Sending sample transaction 12
[2022-07-23T16:27:00.058Z INFO  client] Sending sample transaction 13
[2022-07-23T16:27:00.110Z INFO  client] Sending sample transaction 14
[2022-07-23T16:27:00.156Z INFO  client] Sending sample transaction 15
[2022-07-23T16:27:00.208Z INFO  client] Sending sample transaction 16
[2022-07-23T16:27:00.257Z INFO  client] Sending sample transaction 17
[2022-07-23T16:27:00.306Z INFO  client] Sending sample transaction 18
[2022-07-23T16:27:00.356Z INFO  client] Sending sample transaction 19
[2022-07-23T16:27:00.406Z INFO  client] Sending sample transaction 20
[2022-07-23T16:27:00.460Z INFO  client] Sending sample transaction 21
[2022-07-23T16:27:00.525Z INFO  client] Sending sample transaction 22
[2022-07-23T16:27:00.557Z INFO  client] Sending sample transaction 23
[2022-07-23T16:27:00.610Z INFO  client] Sending sample transaction 24
[2022-07-23T16:27:00.657Z INFO  client] Sending sample transaction 25
[2022-07-23T16:27:00.708Z INFO  client] Sending sample transaction 26
[2022-07-23T16:27:00.757Z INFO  client] Sending sample transaction 27
[2022-07-23T16:27:00.807Z INFO  client] Sending sample transaction 28
[2022-07-23T16:27:00.857Z INFO  client] Sending sample transaction 29
[2022-07-23T16:27:00.906Z INFO  client] Sending sample transaction 30
[2022-07-23T16:27:00.957Z INFO  client] Sending sample transaction 31
[2022-07-23T16:27:01.006Z INFO  client] Sending sample transaction 32
[2022-07-23T16:27:01.057Z INFO  client] Sending sample transaction 33
[2022-07-23T16:27:01.108Z INFO  client] Sending sample transaction 34
[2022-07-23T16:27:01.159Z INFO  client] Sending sample transaction 35
[2022-07-23T16:27:01.206Z INFO  client] Sending sample transaction 36
[2022-07-23T16:27:01.257Z INFO  client] Sending sample transaction 37
[2022-07-23T16:27:01.308Z INFO  client] Sending sample transaction 38
[2022-07-23T16:27:01.357Z INFO  client] Sending sample transaction 39
[2022-07-23T16:27:01.411Z INFO  client] Sending sample transaction 40
[2022-07-23T16:27:01.459Z INFO  client] Sending sample transaction 41
[2022-07-23T16:27:01.506Z INFO  client] Sending sample transaction 42
[2022-07-23T16:27:01.556Z INFO  client] Sending sample transaction 43
[2022-07-23T16:27:01.618Z INFO  client] Sending sample transaction 44
[2022-07-23T16:27:01.687Z INFO  client] Sending sample transaction 45
[2022-07-23T16:27:01.712Z INFO  client] Sending sample transaction 46
[2022-07-23T16:27:01.769Z INFO  client] Sending sample transaction 47
[2022-07-23T16:27:01.823Z INFO  client] Sending sample transaction 48
[2022-07-23T16:27:01.875Z INFO  client] Sending sample transaction 49
[2022-07-23T16:27:01.906Z INFO  client] Sending sample transaction 50
[2022-07-23T16:27:01.956Z INFO  client] Sending sample transaction 51
[2022-07-23T16:27:02.007Z INFO  client] Sending sample transaction 52
[2022-07-23T16:27:02.057Z INFO  client] Sending sample transaction 53
[2022-07-23T16:27:02.107Z INFO  client] Sending sample transaction 54
[2022-07-23T16:27:02.156Z INFO  client] Sending sample transaction 55
[2022-07-23T16:27:02.206Z INFO  client] Sending sample transaction 56
[2022-07-23T16:27:02.256Z INFO  client] Sending sample transaction 57
[2022-07-23T16:27:02.306Z INFO  client] Sending sample transaction 58
[2022-07-23T16:27:02.356Z INFO  client] Sending sample transaction 59
[2022-07-23T16:27:02.406Z INFO  client] Sending sample transaction 60
[2022-07-23T16:27:02.456Z INFO  client] Sending sample transaction 61
[2022-07-23T16:27:02.507Z INFO  client] Sending sample transaction 62
[2022-07-23T16:27:02.556Z INFO  client] Sending sample transaction 63
[2022-07-23T16:27:02.606Z INFO  client] Sending sample transaction 64
[2022-07-23T16:27:02.656Z INFO  client] Sending sample transaction 65
[2022-07-23T16:27:02.706Z INFO  client] Sending sample transaction 66
[2022-07-23T16:27:02.756Z INFO  client] Sending sample transaction 67
[2022-07-23T16:27:02.813Z INFO  client] Sending sample transaction 68
[2022-07-23T16:27:02.857Z INFO  client] Sending sample transaction 69
[2022-07-23T16:27:02.906Z INFO  client] Sending sample transaction 70
[2022-07-23T16:27:02.956Z INFO  client] Sending sample transaction 71
[2022-07-23T16:27:03.007Z INFO  client] Sending sample transaction 72
[2022-07-23T16:27:03.057Z INFO  client] Sending sample transaction 73
[2022-07-23T16:27:03.106Z INFO  client] Sending sample transaction 74
[2022-07-23T16:27:03.156Z INFO  client] Sending sample transaction 75
[2022-07-23T16:27:03.206Z INFO  client] Sending sample transaction 76
[2022-07-23T16:27:03.256Z INFO  client] Sending sample transaction 77
[2022-07-23T16:27:03.307Z INFO  client] Sending sample transaction 78
[2022-07-23T16:27:03.357Z INFO  client] Sending sample transaction 79
[2022-07-23T16:27:03.406Z INFO  client] Sending sample transaction 80
[2022-07-23T16:27:03.456Z INFO  client] Sending sample transaction 81
[2022-07-23T16:27:03.507Z INFO  client] Sending sample transaction 82
[2022-07-23T16:27:03.557Z INFO  client] Sending sample transaction 83
[2022-07-23T16:27:03.607Z INFO  client] Sending sample transaction 84
[2022-07-23T16:27:03.656Z INFO  client] Sending sample transaction 85
[2022-07-23T16:27:03.707Z INFO  client] Sending sample transaction 86
[2022-07-23T16:27:03.757Z INFO  client] Sending sample transaction 87
[2022-07-23T16:27:03.806Z INFO  client] Sending sample transaction 88
[2022-07-23T16:27:03.857Z INFO  client] Sending sample transaction 89
[2022-07-23T16:27:03.912Z INFO  client] Sending sample transaction 90
[2022-07-23T16:27:03.966Z INFO  client] Sending sample transaction 91
[2022-07-23T16:27:04.012Z INFO  client] Sending sample transaction 92
[2022-07-23T16:27:04.058Z INFO  client] Sending sample transaction 93
[2022-07-23T16:27:04.108Z INFO  client] Sending sample transaction 94
[2022-07-23T16:27:04.157Z INFO  client] Sending sample transaction 95
[2022-07-23T16:27:04.206Z INFO  client] Sending sample transaction 96
[2022-07-23T16:27:04.257Z INFO  client] Sending sample transaction 97
[2022-07-23T16:27:04.306Z INFO  client] Sending sample transaction 98
[2022-07-23T16:27:04.356Z INFO  client] Sending sample transaction 99
[2022-07-23T16:27:04.406Z INFO  client] Sending sample transaction 100
[2022-07-23T16:27:04.456Z INFO  client] Sending sample transaction 101
[2022-07-23T16:27:04.506Z INFO  client] Sending sample transaction 102
[2022-07-23T16:27:04.556Z INFO  client] Sending sample transaction 103
[2022-07-23T16:27:04.607Z INFO  client] Sending sample transaction 104
[2022-07-23T16:27:04.657Z INFO  client] Sending sample transaction 105
[2022-07-23T16:27:04.706Z INFO  client] Sending sample transaction 106
[2022-07-23T16:27:04.756Z INFO  client] Sending sample transaction 107
[2022-07-23T16:27:04.807Z INFO  client] Sending sample transaction 108
[2022-07-23T16:27:04.857Z INFO  client] Sending sample transaction 109
[2022-07-23T16:27:04.906Z INFO  client] Sending sample transaction 110
[2022-07-23T16:27:04.957Z INFO  client] Sending sample transaction 111
[2022-07-23T16:27:05.007Z INFO  client] Sending sample transaction 112
[2022-07-23T16:27:05.057Z INFO  client] Sending sample transaction 113
[2022-07-23T16:27:05.107Z INFO  client] Sending sample transaction 114
[2022-07-23T16:27:05.156Z INFO  client] Sending sample transaction 115
[2022-07-23T16:27:05.207Z INFO  client] Sending sample transaction 116
[2022-07-23T16:27:05.256Z INFO  client] Sending sample transaction 117
[2022-07-23T16:27:05.307Z INFO  client] Sending sample transaction 118
[2022-07-23T16:27:05.357Z INFO  client] Sending sample transaction 119
[2022-07-23T16:27:05.407Z INFO  client] Sending sample transaction 120
[2022-07-23T16:27:05.456Z INFO  client] Sending sample transaction 121
[2022-07-23T16:27:05.507Z INFO  client] Sending sample transaction 122
[2022-07-23T16:27:05.557Z INFO  client] Sending sample transaction 123
[2022-07-23T16:27:05.607Z INFO  client] Sending sample transaction 124
[2022-07-23T16:27:05.657Z INFO  client] Sending sample transaction 125
[2022-07-23T16:27:05.707Z INFO  client] Sending sample transaction 126
[2022-07-23T16:27:05.756Z INFO  client] Sending sample transaction 127
[2022-07-23T16:27:05.806Z INFO  client] Sending sample transaction 128
[2022-07-23T16:27:05.856Z INFO  client] Sending sample transaction 129
[2022-07-23T16:27:05.907Z INFO  client] Sending sample transaction 130
[2022-07-23T16:27:05.956Z INFO  client] Sending sample transaction 131
[2022-07-23T16:27:06.007Z INFO  client] Sending sample transaction 132
[2022-07-23T16:27:06.057Z INFO  client] Sending sample transaction 133
[2022-07-23T16:27:06.108Z INFO  client] Sending sample transaction 134
[2022-07-23T16:27:06.156Z INFO  client] Sending sample transaction 135
[2022-07-23T16:27:06.206Z INFO  client] Sending sample transaction 136
[2022-07-23T16:27:06.256Z INFO  client] Sending sample transaction 137
[2022-07-23T16:27:06.307Z INFO  client] Sending sample transaction 138
[2022-07-23T16:27:06.356Z INFO  client] Sending sample transaction 139
[2022-07-23T16:27:06.406Z INFO  client] Sending sample transaction 140
[2022-07-23T16:27:06.457Z INFO  client] Sending sample transaction 141
[2022-07-23T16:27:06.507Z INFO  client] Sending sample transaction 142
[2022-07-23T16:27:06.556Z INFO  client] Sending sample transaction 143
[2022-07-23T16:27:06.606Z INFO  client] Sending sample transaction 144
[2022-07-23T16:27:06.657Z INFO  client] Sending sample transaction 145
[2022-07-23T16:27:06.707Z INFO  client] Sending sample transaction 146
[2022-07-23T16:27:06.756Z INFO  client] Sending sample transaction 147
[2022-07-23T16:27:06.806Z INFO  client] Sending sample transaction 148
[2022-07-23T16:27:06.857Z INFO  client] Sending sample transaction 149
[2022-07-23T16:27:06.906Z INFO  client] Sending sample transaction 150
[2022-07-23T16:27:06.957Z INFO  client] Sending sample transaction 151
[2022-07-23T16:27:07.007Z INFO  client] Sending sample transaction 152
[2022-07-23T16:27:07.057Z INFO  client] Sending sample transaction 153
[2022-07-23T16:27:07.107Z INFO  client] Sending sample transaction 154
[2022-07-23T16:27:07.156Z INFO  client] Sending sample transaction 155
[2022-07-23T16:27:07.206Z INFO  client] Sending sample transaction 156
[2022-07-23T16:27:07.256Z INFO  client] Sending sample transaction 157
[2022-07-23T16:27:07.307Z INFO  client] Sending sample transaction 158
[2022-07-23T16:27:07.356Z INFO  client] Sending sample transaction 159
[2022-07-23T16:27:07.406Z INFO  client] Sending sample transaction 160
[2022-07-23T16:27:07.457Z INFO  client] Sending sample transaction 161
[2022-07-23T16:27:07.506Z INFO  client] Sending sample transaction 162
[2022-07-23T16:27:07.557Z INFO  client] Sending sample transaction 163
[2022-07-23T16:27:07.606Z INFO  client] Sending sample transaction 164
[2022-07-23T16:27:07.656Z INFO  client] Sending sample transaction 165
[2022-07-23T16:27:07.706Z INFO  client] Sending sample transaction 166
[2022-07-23T16:27:07.756Z INFO  client] Sending sample transaction 167
[2022-07-23T16:27:07.807Z INFO  client] Sending sample transaction 168
[2022-07-23T16:27:07.856Z INFO  client] Sending sample transaction 169
[2022-07-23T16:27:07.906Z INFO  client] Sending sample transaction 170
[2022-07-23T16:27:07.956Z INFO  client] Sending sample transaction 171
[2022-07-23T16:27:08.007Z INFO  client] Sending sample transaction 172
[2022-07-23T16:27:08.056Z INFO  client] Sending sample transaction 173
[2022-07-23T16:27:08.107Z INFO  client] Sending sample transaction 174
[2022-07-23T16:27:08.161Z INFO  client] Sending sample transaction 175
[2022-07-23T16:27:08.206Z INFO  client] Sending sample transaction 176
[2022-07-23T16:27:08.257Z INFO  client] Sending sample transaction 177
[2022-07-23T16:27:08.307Z INFO  client] Sending sample transaction 178
[2022-07-23T16:27:08.357Z INFO  client] Sending sample transaction 179
[2022-07-23T16:27:08.406Z INFO  client] Sending sample transaction 180
[2022-07-23T16:27:08.456Z INFO  client] Sending sample transaction 181
[2022-07-23T16:27:08.506Z INFO  client] Sending sample transaction 182
[2022-07-23T16:27:08.556Z INFO  client] Sending sample transaction 183
[2022-07-23T16:27:08.606Z INFO  client] Sending sample transaction 184
[2022-07-23T16:27:08.656Z INFO  client] Sending sample transaction 185
[2022-07-23T16:27:08.706Z INFO  client] Sending sample transaction 186
[2022-07-23T16:27:08.756Z INFO  client] Sending sample transaction 187
[2022-07-23T16:27:08.807Z INFO  client] Sending sample transaction 188
[2022-07-23T16:27:08.857Z INFO  client] Sending sample transaction 189
[2022-07-23T16:27:08.906Z INFO  client] Sending sample transaction 190
[2022-07-23T16:27:08.956Z INFO  client] Sending sample transaction 191
[2022-07-23T16:27:09.006Z INFO  client] Sending sample transaction 192
[2022-07-23T16:27:09.057Z INFO  client] Sending sample transaction 193
[2022-07-23T16:27:09.107Z INFO  client] Sending sample transaction 194
[2022-07-23T16:27:09.156Z INFO  client] Sending sample transaction 195
[2022-07-23T16:27:09.218Z INFO  client] Sending sample transaction 196
[2022-07-23T16:27:09.257Z INFO  client] Sending sample transaction 197
[2022-07-23T16:27:09.307Z INFO  client] Sending sample transaction 198
[2022-07-23T16:27:09.356Z INFO  client] Sending sample transaction 199
[2022-07-23T16:27:09.406Z INFO  client] Sending sample transaction 200
[2022-07-23T16:27:09.456Z INFO  client] Sending sample transaction 201
[2022-07-23T16:27:09.506Z INFO  client] Sending sample transaction 202
[2022-07-23T16:27:09.556Z INFO  client] Sending sample transaction 203
[2022-07-23T16:27:09.606Z INFO  client] Sending sample transaction 204
[2022-07-23T16:27:09.656Z INFO  client] Sending sample transaction 205
[2022-07-23T16:27:09.706Z INFO  client] Sending sample transaction 206
[2022-07-23T16:27:09.757Z INFO  client] Sending sample transaction 207
[2022-07-23T16:27:09.806Z INFO  client] Sending sample transaction 208
[2022-07-23T16:27:09.857Z INFO  client] Sending sample transaction 209
[2022-07-23T16:27:09.906Z INFO  client] Sending sample transaction 210
[2022-07-23T16:27:09.957Z INFO  client] Sending sample transaction 211
[2022-07-23T16:27:10.006Z INFO  client] Sending sample transaction 212
[2022-07-23T16:27:10.057Z INFO  client] Sending sample transaction 213
[2022-07-23T16:27:10.106Z INFO  client] Sending sample transaction 214
[2022-07-23T16:27:10.156Z INFO  client] Sending sample transaction 215
[2022-07-23T16:27:10.208Z INFO  client] Sending sample transaction 216
[2022-07-23T16:27:10.262Z INFO  client] Sending sample transaction 217
[2022-07-23T16:27:10.308Z INFO  client] Sending sample transaction 218
[2022-07-23T16:27:10.356Z INFO  client] Sending sample transaction 219
[2022-07-23T16:27:10.407Z INFO  client] Sending sample transaction 220
[2022-07-23T16:27:10.456Z INFO  client] Sending sample transaction 221
[2022-07-23T16:27:10.507Z INFO  client] Sending sample transaction 222
[2022-07-23T16:27:10.559Z INFO  client] Sending sample transaction 223
[2022-07-23T16:27:10.606Z INFO  client] Sending sample transaction 224
[2022-07-23T16:27:10.656Z INFO  client] Sending sample transaction 225
[2022-07-23T16:27:10.706Z INFO  client] Sending sample transaction 226
[2022-07-23T16:27:10.756Z INFO  client] Sending sample transaction 227
[2022-07-23T16:27:10.806Z INFO  client] Sending sample transaction 228
[2022-07-23T16:27:10.857Z INFO  client] Sending sample transaction 229
[2022-07-23T16:27:10.906Z INFO  client] Sending sample transaction 230
[2022-07-23T16:27:10.956Z INFO  client] Sending sample transaction 231
[2022-07-23T16:27:11.007Z INFO  client] Sending sample transaction 232
[2022-07-23T16:27:11.058Z INFO  client] Sending sample transaction 233
[2022-07-23T16:27:11.108Z INFO  client] Sending sample transaction 234
[2022-07-23T16:27:11.156Z INFO  client] Sending sample transaction 235
[2022-07-23T16:27:11.207Z INFO  client] Sending sample transaction 236
[2022-07-23T16:27:11.257Z INFO  client] Sending sample transaction 237
[2022-07-23T16:27:11.306Z INFO  client] Sending sample transaction 238
[2022-07-23T16:27:11.358Z INFO  client] Sending sample transaction 239
[2022-07-23T16:27:11.406Z INFO  client] Sending sample transaction 240
[2022-07-23T16:27:11.457Z INFO  client] Sending sample transaction 241
[2022-07-23T16:27:11.506Z INFO  client] Sending sample transaction 242
[2022-07-23T16:27:11.556Z INFO  client] Sending sample transaction 243
[2022-07-23T16:27:11.606Z INFO  client] Sending sample transaction 244
[2022-07-23T16:27:11.657Z INFO  client] Sending sample transaction 245
[2022-07-23T16:27:11.706Z INFO  client] Sending sample transaction 246
[2022-07-23T16:27:11.756Z INFO  client] Sending sample transaction 247
[2022-07-23T16:27:11.806Z INFO  client] Sending sample transaction 248
[2022-07-23T16:27:11.857Z INFO  client] Sending sample transaction 249
[2022-07-23T16:27:11.906Z INFO  client] Sending sample transaction 250
[2022-07-23T16:27:11.956Z INFO  client] Sending sample transaction 251
[2022-07-23T16:27:12.006Z INFO  client] Sending sample transaction 252
[2022-07-23T16:27:12.057Z INFO  client] Sending sample transaction 253
[2022-07-23T16:27:12.107Z INFO  client] Sending sample transaction 254
[2022-07-23T16:27:12.157Z INFO  client] Sending sample transaction 255
[2022-07-23T16:27:12.206Z INFO  client] Sending sample transaction 256
[2022-07-23T16:27:12.256Z INFO  client] Sending sample transaction 257
[2022-07-23T16:27:12.307Z INFO  client] Sending sample transaction 258
[2022-07-23T16:27:12.364Z INFO  client] Sending sample transaction 259
[2022-07-23T16:27:12.407Z INFO  client] Sending sample transaction 260
[2022-07-23T16:27:12.457Z INFO  client] Sending sample transaction 261
[2022-07-23T16:27:12.506Z INFO  client] Sending sample transaction 262
[2022-07-23T16:27:12.556Z INFO  client] Sending sample transaction 263
[2022-07-23T16:27:12.607Z INFO  client] Sending sample transaction 264
[2022-07-23T16:27:12.656Z INFO  client] Sending sample transaction 265
[2022-07-23T16:27:12.706Z INFO  client] Sending sample transaction 266
[2022-07-23T16:27:12.757Z INFO  client] Sending sample transaction 267
[2022-07-23T16:27:12.806Z INFO  client] Sending sample transaction 268
[2022-07-23T16:27:12.857Z INFO  client] Sending sample transaction 269
[2022-07-23T16:27:12.907Z INFO  client] Sending sample transaction 270
[2022-07-23T16:27:12.956Z INFO  client] Sending sample transaction 271
[2022-07-23T16:27:13.006Z INFO  client] Sending sample transaction 272
[2022-07-23T16:27:13.056Z INFO  client] Sending sample transaction 273
[2022-07-23T16:27:13.107Z INFO  client] Sending sample transaction 274
[2022-07-23T16:27:13.157Z INFO  client] Sending sample transaction 275
[2022-07-23T16:27:13.206Z INFO  client] Sending sample transaction 276
[2022-07-23T16:27:13.257Z INFO  client] Sending sample transaction 277
[2022-07-23T16:27:13.306Z INFO  client] Sending sample transaction 278
[2022-07-23T16:27:13.356Z INFO  client] Sending sample transaction 279
[2022-07-23T16:27:13.406Z INFO  client] Sending sample transaction 280
[2022-07-23T16:27:13.456Z INFO  client] Sending sample transaction 281
[2022-07-23T16:27:13.506Z INFO  client] Sending sample transaction 282
[2022-07-23T16:27:13.558Z INFO  client] Sending sample transaction 283
[2022-07-23T16:27:13.608Z INFO  client] Sending sample transaction 284
[2022-07-23T16:27:13.656Z INFO  client] Sending sample transaction 285
[2022-07-23T16:27:13.706Z INFO  client] Sending sample transaction 286
[2022-07-23T16:27:13.756Z INFO  client] Sending sample transaction 287
[2022-07-23T16:27:13.806Z INFO  client] Sending sample transaction 288
[2022-07-23T16:27:13.856Z INFO  client] Sending sample transaction 289
[2022-07-23T16:27:13.906Z INFO  client] Sending sample transaction 290
[2022-07-23T16:27:13.956Z INFO  client] Sending sample transaction 291
[2022-07-23T16:27:14.006Z INFO  client] Sending sample transaction 292
[2022-07-23T16:27:14.056Z INFO  client] Sending sample transaction 293
[2022-07-23T16:27:14.106Z INFO  client] Sending sample transaction 294
[2022-07-23T16:27:14.157Z INFO  client] Sending sample transaction 295
[2022-07-23T16:27:14.206Z INFO  client] Sending sample transaction 296
[2022-07-23T16:27:14.256Z INFO  client] Sending sample transaction 297
[2022-07-23T16:27:14.306Z INFO  client] Sending sample transaction 298
[2022-07-23T16:27:14.356Z INFO  client] Sending sample transaction 299
[2022-07-23T16:27:14.407Z INFO  client] Sending sample transaction 300
[2022-07-23T16:27:14.466Z INFO  client] Sending sample transaction 301
[2022-07-23T16:27:14.507Z INFO  client] Sending sample transaction 302
[2022-07-23T16:27:14.556Z INFO  client] Sending sample transaction 303
[2022-07-23T16:27:14.607Z INFO  client] Sending sample transaction 304
[2022-07-23T16:27:14.656Z INFO  client] Sending sample transaction 305
[2022-07-23T16:27:14.707Z INFO  client] Sending sample transaction 306
[2022-07-23T16:27:14.756Z INFO  client] Sending sample transaction 307
[2022-07-23T16:27:14.806Z INFO  client] Sending sample transaction 308
[2022-07-23T16:27:14.856Z INFO  client] Sending sample transaction 309
[2022-07-23T16:27:14.907Z INFO  client] Sending sample transaction 310
[2022-07-23T16:27:14.957Z INFO  client] Sending sample transaction 311
[2022-07-23T16:27:15.006Z INFO  client] Sending sample transaction 312
[2022-07-23T16:27:15.057Z INFO  client] Sending sample transaction 313
[2022-07-23T16:27:15.106Z INFO  client] Sending sample transaction 314
[2022-07-23T16:27:15.156Z INFO  client] Sending sample transaction 315
[2022-07-23T16:27:15.206Z INFO  client] Sending sample transaction 316
[2022-07-23T16:27:15.256Z INFO  client] Sending sample transaction 317
[2022-07-23T16:27:15.307Z INFO  client] Sending sample transaction 318
[2022-07-23T16:27:15.356Z INFO  client] Sending sample transaction 319
[2022-07-23T16:27:15.406Z INFO  client] Sending sample transaction 320
[2022-07-23T16:27:15.457Z INFO  client] Sending sample transaction 321
[2022-07-23T16:27:15.519Z INFO  client] Sending sample transaction 322
[2022-07-23T16:27:15.557Z INFO  client] Sending sample transaction 323
[2022-07-23T16:27:15.610Z INFO  client] Sending sample transaction 324
[2022-07-23T16:27:15.656Z INFO  client] Sending sample transaction 325
[2022-07-23T16:27:15.706Z INFO  client] Sending sample transaction 326
[2022-07-23T16:27:15.757Z INFO  client] Sending sample transaction 327
[2022-07-23T16:27:15.808Z INFO  client] Sending sample transaction 328
[2022-07-23T16:27:15.857Z INFO  client] Sending sample transaction 329
[2022-07-23T16:27:15.906Z INFO  client] Sending sample transaction 330
[2022-07-23T16:27:15.956Z INFO  client] Sending sample transaction 331
[2022-07-23T16:27:16.007Z INFO  client] Sending sample transaction 332
[2022-07-23T16:27:16.057Z INFO  client] Sending sample transaction 333
[2022-07-23T16:27:16.108Z INFO  client] Sending sample transaction 334
[2022-07-23T16:27:16.156Z INFO  client] Sending sample transaction 335
[2022-07-23T16:27:16.207Z INFO  client] Sending sample transaction 336
[2022-07-23T16:27:16.257Z INFO  client] Sending sample transaction 337
[2022-07-23T16:27:16.308Z INFO  client] Sending sample transaction 338
[2022-07-23T16:27:16.357Z INFO  client] Sending sample transaction 339
[2022-07-23T16:27:16.406Z INFO  client] Sending sample transaction 340
[2022-07-23T16:27:16.456Z INFO  client] Sending sample transaction 341
[2022-07-23T16:27:16.506Z INFO  client] Sending sample transaction 342
[2022-07-23T16:27:16.565Z INFO  client] Sending sample transaction 343
[2022-07-23T16:27:16.606Z INFO  client] Sending sample transaction 344
[2022-07-23T16:27:16.656Z INFO  client] Sending sample transaction 345
[2022-07-23T16:27:16.706Z INFO  client] Sending sample transaction 346
[2022-07-23T16:27:16.756Z INFO  client] Sending sample transaction 347
[2022-07-23T16:27:16.807Z INFO  client] Sending sample transaction 348
[2022-07-23T16:27:16.857Z INFO  client] Sending sample transaction 349
[2022-07-23T16:27:16.906Z INFO  client] Sending sample transaction 350
[2022-07-23T16:27:16.956Z INFO  client] Sending sample transaction 351
[2022-07-23T16:27:17.007Z INFO  client] Sending sample transaction 352
[2022-07-23T16:27:17.056Z INFO  client] Sending sample transaction 353
[2022-07-23T16:27:17.108Z INFO  client] Sending sample transaction 354
[2022-07-23T16:27:17.156Z INFO  client] Sending sample transaction 355
[2022-07-23T16:27:17.206Z INFO  client] Sending sample transaction 356
[2022-07-23T16:27:17.256Z INFO  client] Sending sample transaction 357
[2022-07-23T16:27:17.307Z INFO  client] Sending sample transaction 358
[2022-07-23T16:27:17.356Z INFO  client] Sending sample transaction 359
[2022-07-23T16:27:17.406Z INFO  client] Sending sample transaction 360
[2022-07-23T16:27:17.456Z INFO  client] Sending sample transaction 361
[2022-07-23T16:27:17.506Z INFO  client] Sending sample transaction 362
[2022-07-23T16:27:17.557Z INFO  client] Sending sample transaction 363
[2022-07-23T16:27:17.607Z INFO  client] Sending sample transaction 364
[2022-07-23T16:27:17.656Z INFO  client] Sending sample transaction 365
[2022-07-23T16:27:17.706Z INFO  client] Sending sample transaction 366
[2022-07-23T16:27:17.757Z INFO  client] Sending sample transaction 367
[2022-07-23T16:27:17.807Z INFO  client] Sending sample transaction 368
[2022-07-23T16:27:17.857Z INFO  client] Sending sample transaction 369
[2022-07-23T16:27:17.906Z INFO  client] Sending sample transaction 370
[2022-07-23T16:27:17.956Z INFO  client] Sending sample transaction 371
[2022-07-23T16:27:18.007Z INFO  client] Sending sample transaction 372
[2022-07-23T16:27:18.056Z INFO  client] Sending sample transaction 373
[2022-07-23T16:27:18.107Z INFO  client] Sending sample transaction 374
[2022-07-23T16:27:18.156Z INFO  client] Sending sample transaction 375
[2022-07-23T16:27:18.207Z INFO  client] Sending sample transaction 376
[2022-07-23T16:27:18.257Z INFO  client] Sending sample transaction 377
[2022-07-23T16:27:18.307Z INFO  client] Sending sample transaction 378
[2022-07-23T16:27:18.356Z INFO  client] Sending sample transaction 379
[2022-07-23T16:27:18.407Z INFO  client] Sending sample transaction 380
[2022-07-23T16:27:18.456Z INFO  client] Sending sample transaction 381
[2022-07-23T16:27:18.506Z INFO  client] Sending sample transaction 382
[2022-07-23T16:27:18.556Z INFO  client] Sending sample transaction 383
[2022-07-23T16:27:18.606Z INFO  client] Sending sample transaction 384
[2022-07-23T16:27:18.664Z INFO  client] Sending sample transaction 385
[2022-07-23T16:27:18.708Z INFO  client] Sending sample transaction 386
[2022-07-23T16:27:18.757Z INFO  client] Sending sample transaction 387
[2022-07-23T16:27:18.806Z INFO  client] Sending sample transaction 388
[2022-07-23T16:27:18.857Z INFO  client] Sending sample transaction 389
[2022-07-23T16:27:18.907Z INFO  client] Sending sample transaction 390
[2022-07-23T16:27:18.956Z INFO  client] Sending sample transaction 391
[2022-07-23T16:27:19.006Z INFO  client] Sending sample transaction 392
[2022-07-23T16:27:19.056Z INFO  client] Sending sample transaction 393
[2022-07-23T16:27:19.107Z INFO  client] Sending sample transaction 394
[2022-07-23T16:27:19.155Z INFO  client] Sending sample transaction 395
[2022-07-23T16:27:19.206Z INFO  client] Sending sample transaction 396
[2022-07-23T16:27:19.256Z INFO  client] Sending sample transaction 397
[2022-07-23T16:27:19.306Z INFO  client] Sending sample transaction 398
[2022-07-23T16:27:19.356Z INFO  client] Sending sample transaction 399
[2022-07-23T16:27:19.406Z INFO  client] Sending sample transaction 400
[2022-07-23T16:27:19.456Z INFO  client] Sending sample transaction 401
[2022-07-23T16:27:19.506Z INFO  client] Sending sample transaction 402
[2022-07-23T16:27:19.557Z INFO  client] Sending sample transaction 403
[2022-07-23T16:27:19.607Z INFO  client] Sending sample transaction 404
[2022-07-23T16:27:19.656Z INFO  client] Sending sample transaction 405
[2022-07-23T16:27:19.707Z INFO  client] Sending sample transaction 406
[2022-07-23T16:27:19.757Z INFO  client] Sending sample transaction 407
[2022-07-23T16:27:19.807Z INFO  client] Sending sample transaction 408
[2022-07-23T16:27:19.857Z INFO  client] Sending sample transaction 409
[2022-07-23T16:27:19.906Z INFO  client] Sending sample transaction 410
[2022-07-23T16:27:19.956Z INFO  client] Sending sample transaction 411
[2022-07-23T16:27:20.006Z INFO  client] Sending sample transaction 412
[2022-07-23T16:27:20.056Z INFO  client] Sending sample transaction 413
[2022-07-23T16:27:20.107Z INFO  client] Sending sample transaction 414
[2022-07-23T16:27:20.157Z INFO  client] Sending sample transaction 415
[2022-07-23T16:27:20.206Z INFO  client] Sending sample transaction 416
[2022-07-23T16:27:20.256Z INFO  client] Sending sample transaction 417
[2022-07-23T16:27:20.308Z INFO  client] Sending sample transaction 418
[2022-07-23T16:27:20.357Z INFO  client] Sending sample transaction 419
[2022-07-23T16:27:20.406Z INFO  client] Sending sample transaction 420
[2022-07-23T16:27:20.456Z INFO  client] Sending sample transaction 421
[2022-07-23T16:27:20.507Z INFO  client] Sending sample transaction 422
[2022-07-23T16:27:20.557Z INFO  client] Sending sample transaction 423
[2022-07-23T16:27:20.607Z INFO  client] Sending sample transaction 424
[2022-07-23T16:27:20.656Z INFO  client] Sending sample transaction 425
[2022-07-23T16:27:20.707Z INFO  client] Sending sample transaction 426
[2022-07-23T16:27:20.769Z INFO  client] Sending sample transaction 427
[2022-07-23T16:27:20.809Z INFO  client] Sending sample transaction 428
[2022-07-23T16:27:20.861Z INFO  client] Sending sample transaction 429
[2022-07-23T16:27:20.908Z INFO  client] Sending sample transaction 430
[2022-07-23T16:27:20.956Z INFO  client] Sending sample transaction 431
[2022-07-23T16:27:21.006Z INFO  client] Sending sample transaction 432
[2022-07-23T16:27:21.064Z INFO  client] Sending sample transaction 433
[2022-07-23T16:27:21.112Z INFO  client] Sending sample transaction 434
[2022-07-23T16:27:21.159Z INFO  client] Sending sample transaction 435
[2022-07-23T16:27:21.210Z INFO  client] Sending sample transaction 436
[2022-07-23T16:27:21.259Z INFO  client] Sending sample transaction 437
[2022-07-23T16:27:21.309Z INFO  client] Sending sample transaction 438
[2022-07-23T16:27:21.365Z INFO  client] Sending sample transaction 439
[2022-07-23T16:27:21.406Z INFO  client] Sending sample transaction 440
