[2022-07-24T10:37:25.631Z INFO  client] Node address: 127.0.0.1:9011
[2022-07-24T10:37:25.632Z INFO  client] Transactions size: 512 B
[2022-07-24T10:37:25.632Z INFO  client] Transactions rate: 112 tx/s
[2022-07-24T10:37:25.632Z INFO  client] Waiting for all nodes to be online...
[2022-07-24T10:37:25.632Z INFO  client] Waiting for all nodes to be synchronized...
[2022-07-24T10:37:27.636Z INFO  client] Start sending transactions
[2022-07-24T10:37:27.637Z INFO  client] Sending sample transaction 0
[2022-07-24T10:37:27.688Z INFO  client] Sending sample transaction 1
[2022-07-24T10:37:27.738Z INFO  client] Sending sample transaction 2
[2022-07-24T10:37:27.797Z INFO  client] Sending sample transaction 3
[2022-07-24T10:37:27.837Z INFO  client] Sending sample transaction 4
[2022-07-24T10:37:27.887Z INFO  client] Sending sample transaction 5
[2022-07-24T10:37:27.938Z INFO  client] Sending sample transaction 6
[2022-07-24T10:37:27.990Z INFO  client] Sending sample transaction 7
[2022-07-24T10:37:28.039Z INFO  client] Sending sample transaction 8
[2022-07-24T10:37:28.089Z INFO  client] Sending sample transaction 9
[2022-07-24T10:37:28.182Z INFO  client] Sending sample transaction 10
[2022-07-24T10:37:28.234Z INFO  client] Sending sample transaction 11
[2022-07-24T10:37:28.256Z INFO  client] Sending sample transaction 12
[2022-07-24T10:37:28.288Z INFO  client] Sending sample transaction 13
[2022-07-24T10:37:28.340Z INFO  client] Sending sample transaction 14
[2022-07-24T10:37:28.392Z INFO  client] Sending sample transaction 15
[2022-07-24T10:37:28.447Z INFO  client] Sending sample transaction 16
[2022-07-24T10:37:28.488Z INFO  client] Sending sample transaction 17
[2022-07-24T10:37:28.541Z INFO  client] Sending sample transaction 18
[2022-07-24T10:37:28.588Z INFO  client] Sending sample transaction 19
[2022-07-24T10:37:28.638Z INFO  client] Sending sample transaction 20
[2022-07-24T10:37:28.693Z INFO  client] Sending sample transaction 21
[2022-07-24T10:37:28.738Z INFO  client] Sending sample transaction 22
[2022-07-24T10:37:28.798Z INFO  client] Sending sample transaction 23
[2022-07-24T10:37:28.839Z INFO  client] Sending sample transaction 24
[2022-07-24T10:37:28.887Z INFO  client] Sending sample transaction 25
[2022-07-24T10:37:28.939Z INFO  client] Sending sample transaction 26
[2022-07-24T10:37:28.988Z INFO  client] Sending sample transaction 27
[2022-07-24T10:37:29.040Z INFO  client] Sending sample transaction 28
[2022-07-24T10:37:29.088Z INFO  client] Sending sample transaction 29
[2022-07-24T10:37:29.138Z INFO  client] Sending sample transaction 30
[2022-07-24T10:37:29.188Z INFO  client] Sending sample transaction 31
[2022-07-24T10:37:29.238Z INFO  client] Sending sample transaction 32
[2022-07-24T10:37:29.288Z INFO  client] Sending sample transaction 33
[2022-07-24T10:37:29.338Z INFO  client] Sending sample transaction 34
[2022-07-24T10:37:29.389Z INFO  client] Sending sample transaction 35
[2022-07-24T10:37:29.437Z INFO  client] Sending sample transaction 36
[2022-07-24T10:37:29.489Z INFO  client] Sending sample transaction 37
[2022-07-24T10:37:29.560Z INFO  client] Sending sample transaction 38
[2022-07-24T10:37:29.655Z INFO  client] Sending sample transaction 39
[2022-07-24T10:37:29.655Z INFO  client] Sending sample transaction 40
[2022-07-24T10:37:29.690Z INFO  client] Sending sample transaction 41
[2022-07-24T10:37:29.744Z INFO  client] Sending sample transaction 42
[2022-07-24T10:37:29.788Z INFO  client] Sending sample transaction 43
[2022-07-24T10:37:29.859Z INFO  client] Sending sample transaction 44
[2022-07-24T10:37:29.896Z INFO  client] Sending sample transaction 45
[2022-07-24T10:37:29.955Z INFO  client] Sending sample transaction 46
[2022-07-24T10:37:29.988Z INFO  client] Sending sample transaction 47
[2022-07-24T10:37:30.038Z INFO  client] Sending sample transaction 48
[2022-07-24T10:37:30.088Z INFO  client] Sending sample transaction 49
[2022-07-24T10:37:30.137Z INFO  client] Sending sample transaction 50
[2022-07-24T10:37:30.188Z INFO  client] Sending sample transaction 51
[2022-07-24T10:37:30.237Z INFO  client] Sending sample transaction 52
[2022-07-24T10:37:30.288Z INFO  client] Sending sample transaction 53
[2022-07-24T10:37:30.338Z INFO  client] Sending sample transaction 54
[2022-07-24T10:37:30.387Z INFO  client] Sending sample transaction 55
[2022-07-24T10:37:30.437Z INFO  client] Sending sample transaction 56
[2022-07-24T10:37:30.487Z INFO  client] Sending sample transaction 57
[2022-07-24T10:37:30.537Z INFO  client] Sending sample transaction 58
[2022-07-24T10:37:30.588Z INFO  client] Sending sample transaction 59
[2022-07-24T10:37:30.641Z INFO  client] Sending sample transaction 60
[2022-07-24T10:37:30.688Z INFO  client] Sending sample transaction 61
[2022-07-24T10:37:30.738Z INFO  client] Sending sample transaction 62
[2022-07-24T10:37:30.787Z INFO  client] Sending sample transaction 63
[2022-07-24T10:37:30.837Z INFO  client] Sending sample transaction 64
[2022-07-24T10:37:30.888Z INFO  client] Sending sample transaction 65
[2022-07-24T10:37:30.945Z INFO  client] Sending sample transaction 66
[2022-07-24T10:37:30.995Z INFO  client] Sending sample transaction 67
[2022-07-24T10:37:31.038Z INFO  client] Sending sample transaction 68
[2022-07-24T10:37:31.091Z INFO  client] Sending sample transaction 69
[2022-07-24T10:37:31.138Z INFO  client] Sending sample transaction 70
[2022-07-24T10:37:31.187Z INFO  client] Sending sample transaction 71
[2022-07-24T10:37:31.237Z INFO  client] Sending sample transaction 72
[2022-07-24T10:37:31.288Z INFO  client] Sending sample transaction 73
[2022-07-24T10:37:31.337Z INFO  client] Sending sample transaction 74
[2022-07-24T10:37:31.388Z INFO  client] Sending sample transaction 75
[2022-07-24T10:37:31.438Z INFO  client] Sending sample transaction 76
[2022-07-24T10:37:31.487Z INFO  client] Sending sample transaction 77
[2022-07-24T10:37:31.537Z INFO  client] Sending sample transaction 78
[2022-07-24T10:37:31.588Z INFO  client] Sending sample transaction 79
[2022-07-24T10:37:31.637Z INFO  client] Sending sample transaction 80
[2022-07-24T10:37:31.687Z INFO  client] Sending sample transaction 81
[2022-07-24T10:37:31.737Z INFO  client] Sending sample transaction 82
[2022-07-24T10:37:31.787Z INFO  client] Sending sample transaction 83
[2022-07-24T10:37:31.837Z INFO  client] Sending sample transaction 84
[2022-07-24T10:37:31.887Z INFO  client] Sending sample transaction 85
[2022-07-24T10:37:31.938Z INFO  client] Sending sample transaction 86
[2022-07-24T10:37:31.987Z INFO  client] Sending sample transaction 87
[2022-07-24T10:37:32.044Z INFO  client] Sending sample transaction 88
[2022-07-24T10:37:32.087Z INFO  client] Sending sample transaction 89
[2022-07-24T10:37:32.137Z INFO  client] Sending sample transaction 90
[2022-07-24T10:37:32.188Z INFO  client] Sending sample transaction 91
[2022-07-24T10:37:32.238Z INFO  client] Sending sample transaction 92
[2022-07-24T10:37:32.287Z INFO  client] Sending sample transaction 93
[2022-07-24T10:37:32.338Z INFO  client] Sending sample transaction 94
[2022-07-24T10:37:32.387Z INFO  client] Sending sample transaction 95
[2022-07-24T10:37:32.437Z INFO  client] Sending sample transaction 96
[2022-07-24T10:37:32.487Z INFO  client] Sending sample transaction 97
[2022-07-24T10:37:32.538Z INFO  client] Sending sample transaction 98
[2022-07-24T10:37:32.588Z INFO  client] Sending sample transaction 99
[2022-07-24T10:37:32.637Z INFO  client] Sending sample transaction 100
[2022-07-24T10:37:32.687Z INFO  client] Sending sample transaction 101
[2022-07-24T10:37:32.738Z INFO  client] Sending sample transaction 102
[2022-07-24T10:37:32.787Z INFO  client] Sending sample transaction 103
[2022-07-24T10:37:32.838Z INFO  client] Sending sample transaction 104
[2022-07-24T10:37:32.889Z INFO  client] Sending sample transaction 105
[2022-07-24T10:37:32.938Z INFO  client] Sending sample transaction 106
[2022-07-24T10:37:32.987Z INFO  client] Sending sample transaction 107
[2022-07-24T10:37:33.038Z INFO  client] Sending sample transaction 108
[2022-07-24T10:37:33.088Z INFO  client] Sending sample transaction 109
[2022-07-24T10:37:33.137Z INFO  client] Sending sample transaction 110
[2022-07-24T10:37:33.189Z INFO  client] Sending sample transaction 111
[2022-07-24T10:37:33.238Z INFO  client] Sending sample transaction 112
[2022-07-24T10:37:33.290Z INFO  client] Sending sample transaction 113
[2022-07-24T10:37:33.338Z INFO  client] Sending sample transaction 114
[2022-07-24T10:37:33.387Z INFO  client] Sending sample transaction 115
[2022-07-24T10:37:33.467Z INFO  client] Sending sample transaction 116
[2022-07-24T10:37:33.527Z INFO  client] Sending sample transaction 117
[2022-07-24T10:37:33.537Z INFO  client] Sending sample transaction 118
[2022-07-24T10:37:33.587Z INFO  client] Sending sample transaction 119
[2022-07-24T10:37:33.638Z INFO  client] Sending sample transaction 120
[2022-07-24T10:37:33.687Z INFO  client] Sending sample transaction 121
[2022-07-24T10:37:33.737Z INFO  client] Sending sample transaction 122
[2022-07-24T10:37:33.788Z INFO  client] Sending sample transaction 123
[2022-07-24T10:37:33.837Z INFO  client] Sending sample transaction 124
[2022-07-24T10:37:33.888Z INFO  client] Sending sample transaction 125
[2022-07-24T10:37:33.937Z INFO  client] Sending sample transaction 126
[2022-07-24T10:37:33.988Z INFO  client] Sending sample transaction 127
[2022-07-24T10:37:34.037Z INFO  client] Sending sample transaction 128
[2022-07-24T10:37:34.088Z INFO  client] Sending sample transaction 129
[2022-07-24T10:37:34.158Z INFO  client] Sending sample transaction 130
[2022-07-24T10:37:34.192Z INFO  client] Sending sample transaction 131
[2022-07-24T10:37:34.237Z INFO  client] Sending sample transaction 132
[2022-07-24T10:37:34.289Z INFO  client] Sending sample transaction 133
[2022-07-24T10:37:34.339Z INFO  client] Sending sample transaction 134
[2022-07-24T10:37:34.387Z INFO  client] Sending sample transaction 135
[2022-07-24T10:37:34.438Z INFO  client] Sending sample transaction 136
[2022-07-24T10:37:34.487Z INFO  client] Sending sample transaction 137
[2022-07-24T10:37:34.537Z INFO  client] Sending sample transaction 138
[2022-07-24T10:37:34.587Z INFO  client] Sending sample transaction 139
[2022-07-24T10:37:34.637Z INFO  client] Sending sample transaction 140
[2022-07-24T10:37:34.687Z INFO  client] Sending sample transaction 141
[2022-07-24T10:37:34.737Z INFO  client] Sending sample transaction 142
[2022-07-24T10:37:34.788Z INFO  client] Sending sample transaction 143
[2022-07-24T10:37:34.837Z INFO  client] Sending sample transaction 144
[2022-07-24T10:37:34.888Z INFO  client] Sending sample transaction 145
[2022-07-24T10:37:34.937Z INFO  client] Sending sample transaction 146
[2022-07-24T10:37:34.987Z INFO  client] Sending sample transaction 147
[2022-07-24T10:37:35.038Z INFO  client] Sending sample transaction 148
[2022-07-24T10:37:35.087Z INFO  client] Sending sample transaction 149
[2022-07-24T10:37:35.137Z INFO  client] Sending sample transaction 150
[2022-07-24T10:37:35.187Z INFO  client] Sending sample transaction 151
[2022-07-24T10:37:35.238Z INFO  client] Sending sample transaction 152
[2022-07-24T10:37:35.287Z INFO  client] Sending sample transaction 153
[2022-07-24T10:37:35.338Z INFO  client] Sending sample transaction 154
[2022-07-24T10:37:35.387Z INFO  client] Sending sample transaction 155
[2022-07-24T10:37:35.437Z INFO  client] Sending sample transaction 156
[2022-07-24T10:37:35.488Z INFO  client] Sending sample transaction 157
[2022-07-24T10:37:35.538Z INFO  client] Sending sample transaction 158
[2022-07-24T10:37:35.588Z INFO  client] Sending sample transaction 159
[2022-07-24T10:37:35.694Z INFO  client] Sending sample transaction 160
[2022-07-24T10:37:35.712Z INFO  client] Sending sample transaction 161
[2022-07-24T10:37:35.751Z INFO  client] Sending sample transaction 162
[2022-07-24T10:37:35.788Z INFO  client] Sending sample transaction 163
[2022-07-24T10:37:35.838Z INFO  client] Sending sample transaction 164
[2022-07-24T10:37:35.890Z INFO  client] Sending sample transaction 165
[2022-07-24T10:37:35.984Z INFO  client] Sending sample transaction 166
[2022-07-24T10:37:36.029Z INFO  client] Sending sample transaction 167
[2022-07-24T10:37:36.051Z INFO  client] Sending sample transaction 168
[2022-07-24T10:37:36.088Z INFO  client] Sending sample transaction 169
[2022-07-24T10:37:36.137Z INFO  client] Sending sample transaction 170
[2022-07-24T10:37:36.188Z INFO  client] Sending sample transaction 171
[2022-07-24T10:37:36.244Z INFO  client] Sending sample transaction 172
[2022-07-24T10:37:36.307Z INFO  client] Sending sample transaction 173
[2022-07-24T10:37:36.340Z INFO  client] Sending sample transaction 174
[2022-07-24T10:37:36.387Z INFO  client] Sending sample transaction 175
[2022-07-24T10:37:36.438Z INFO  client] Sending sample transaction 176
[2022-07-24T10:37:36.488Z INFO  client] Sending sample transaction 177
[2022-07-24T10:37:36.538Z INFO  client] Sending sample transaction 178
[2022-07-24T10:37:36.588Z INFO  client] Sending sample transaction 179
[2022-07-24T10:37:36.637Z INFO  client] Sending sample transaction 180
[2022-07-24T10:37:36.688Z INFO  client] Sending sample transaction 181
[2022-07-24T10:37:36.737Z INFO  client] Sending sample transaction 182
[2022-07-24T10:37:36.788Z INFO  client] Sending sample transaction 183
[2022-07-24T10:37:36.837Z INFO  client] Sending sample transaction 184
[2022-07-24T10:37:36.888Z INFO  client] Sending sample transaction 185
[2022-07-24T10:37:36.937Z INFO  client] Sending sample transaction 186
[2022-07-24T10:37:36.988Z INFO  client] Sending sample transaction 187
[2022-07-24T10:37:37.038Z INFO  client] Sending sample transaction 188
[2022-07-24T10:37:37.087Z INFO  client] Sending sample transaction 189
[2022-07-24T10:37:37.138Z INFO  client] Sending sample transaction 190
[2022-07-24T10:37:37.187Z INFO  client] Sending sample transaction 191
[2022-07-24T10:37:37.237Z INFO  client] Sending sample transaction 192
[2022-07-24T10:37:37.287Z INFO  client] Sending sample transaction 193
[2022-07-24T10:37:37.337Z INFO  client] Sending sample transaction 194
[2022-07-24T10:37:37.389Z INFO  client] Sending sample transaction 195
[2022-07-24T10:37:37.438Z INFO  client] Sending sample transaction 196
[2022-07-24T10:37:37.487Z INFO  client] Sending sample transaction 197
[2022-07-24T10:37:37.537Z INFO  client] Sending sample transaction 198
[2022-07-24T10:37:37.588Z INFO  client] Sending sample transaction 199
[2022-07-24T10:37:37.637Z INFO  client] Sending sample transaction 200
[2022-07-24T10:37:37.687Z INFO  client] Sending sample transaction 201
[2022-07-24T10:37:37.737Z INFO  client] Sending sample transaction 202
[2022-07-24T10:37:37.788Z INFO  client] Sending sample transaction 203
[2022-07-24T10:37:37.837Z INFO  client] Sending sample transaction 204
[2022-07-24T10:37:37.888Z INFO  client] Sending sample transaction 205
[2022-07-24T10:37:37.938Z INFO  client] Sending sample transaction 206
[2022-07-24T10:37:37.987Z INFO  client] Sending sample transaction 207
[2022-07-24T10:37:38.038Z INFO  client] Sending sample transaction 208
[2022-07-24T10:37:38.087Z INFO  client] Sending sample transaction 209
[2022-07-24T10:37:38.138Z INFO  client] Sending sample transaction 210
[2022-07-24T10:37:38.187Z INFO  client] Sending sample transaction 211
[2022-07-24T10:37:38.237Z INFO  client] Sending sample transaction 212
[2022-07-24T10:37:38.288Z INFO  client] Sending sample transaction 213
[2022-07-24T10:37:38.367Z INFO  client] Sending sample transaction 214
[2022-07-24T10:37:38.391Z INFO  client] Sending sample transaction 215
[2022-07-24T10:37:38.437Z INFO  client] Sending sample transaction 216
[2022-07-24T10:37:38.487Z INFO  client] Sending sample transaction 217
[2022-07-24T10:37:38.537Z INFO  client] Sending sample transaction 218
[2022-07-24T10:37:38.588Z INFO  client] Sending sample transaction 219
[2022-07-24T10:37:38.638Z INFO  client] Sending sample transaction 220
[2022-07-24T10:37:38.688Z INFO  client] Sending sample transaction 221
[2022-07-24T10:37:38.737Z INFO  client] Sending sample transaction 222
[2022-07-24T10:37:38.788Z INFO  client] Sending sample transaction 223
[2022-07-24T10:37:38.837Z INFO  client] Sending sample transaction 224
[2022-07-24T10:37:38.887Z INFO  client] Sending sample transaction 225
[2022-07-24T10:37:38.938Z INFO  client] Sending sample transaction 226
[2022-07-24T10:37:38.991Z INFO  client] Sending sample transaction 227
[2022-07-24T10:37:39.066Z INFO  client] Sending sample transaction 228
[2022-07-24T10:37:39.089Z INFO  client] Sending sample transaction 229
[2022-07-24T10:37:39.138Z INFO  client] Sending sample transaction 230
[2022-07-24T10:37:39.187Z INFO  client] Sending sample transaction 231
[2022-07-24T10:37:39.238Z INFO  client] Sending sample transaction 232
[2022-07-24T10:37:39.288Z INFO  client] Sending sample transaction 233
[2022-07-24T10:37:39.338Z INFO  client] Sending sample transaction 234
[2022-07-24T10:37:39.387Z INFO  client] Sending sample transaction 235
[2022-07-24T10:37:39.437Z INFO  client] Sending sample transaction 236
[2022-07-24T10:37:39.487Z INFO  client] Sending sample transaction 237
[2022-07-24T10:37:39.537Z INFO  client] Sending sample transaction 238
[2022-07-24T10:37:39.587Z INFO  client] Sending sample transaction 239
[2022-07-24T10:37:39.638Z INFO  client] Sending sample transaction 240
[2022-07-24T10:37:39.688Z INFO  client] Sending sample transaction 241
[2022-07-24T10:37:39.737Z INFO  client] Sending sample transaction 242
[2022-07-24T10:37:39.788Z INFO  client] Sending sample transaction 243
[2022-07-24T10:37:39.838Z INFO  client] Sending sample transaction 244
[2022-07-24T10:37:39.887Z INFO  client] Sending sample transaction 245
[2022-07-24T10:37:39.937Z INFO  client] Sending sample transaction 246
[2022-07-24T10:37:39.988Z INFO  client] Sending sample transaction 247
[2022-07-24T10:37:40.037Z INFO  client] Sending sample transaction 248
[2022-07-24T10:37:40.088Z INFO  client] Sending sample transaction 249
[2022-07-24T10:37:40.137Z INFO  client] Sending sample transaction 250
[2022-07-24T10:37:40.188Z INFO  client] Sending sample transaction 251
[2022-07-24T10:37:40.238Z INFO  client] Sending sample transaction 252
[2022-07-24T10:37:40.287Z INFO  client] Sending sample transaction 253
[2022-07-24T10:37:40.337Z INFO  client] Sending sample transaction 254
[2022-07-24T10:37:40.387Z INFO  client] Sending sample transaction 255
[2022-07-24T10:37:40.445Z INFO  client] Sending sample transaction 256
[2022-07-24T10:37:40.488Z INFO  client] Sending sample transaction 257
[2022-07-24T10:37:40.537Z INFO  client] Sending sample transaction 258
[2022-07-24T10:37:40.588Z INFO  client] Sending sample transaction 259
[2022-07-24T10:37:40.637Z INFO  client] Sending sample transaction 260
[2022-07-24T10:37:40.687Z INFO  client] Sending sample transaction 261
[2022-07-24T10:37:40.741Z INFO  client] Sending sample transaction 262
[2022-07-24T10:37:40.787Z INFO  client] Sending sample transaction 263
[2022-07-24T10:37:40.837Z INFO  client] Sending sample transaction 264
[2022-07-24T10:37:40.887Z INFO  client] Sending sample transaction 265
[2022-07-24T10:37:40.938Z INFO  client] Sending sample transaction 266
[2022-07-24T10:37:40.988Z INFO  client] Sending sample transaction 267
[2022-07-24T10:37:41.038Z INFO  client] Sending sample transaction 268
[2022-07-24T10:37:41.088Z INFO  client] Sending sample transaction 269
[2022-07-24T10:37:41.138Z INFO  client] Sending sample transaction 270
[2022-07-24T10:37:41.187Z INFO  client] Sending sample transaction 271
[2022-07-24T10:37:41.238Z INFO  client] Sending sample transaction 272
[2022-07-24T10:37:41.297Z INFO  client] Sending sample transaction 273
[2022-07-24T10:37:41.356Z INFO  client] Sending sample transaction 274
[2022-07-24T10:37:41.389Z INFO  client] Sending sample transaction 275
[2022-07-24T10:37:41.438Z INFO  client] Sending sample transaction 276
[2022-07-24T10:37:41.496Z INFO  client] Sending sample transaction 277
[2022-07-24T10:37:41.537Z INFO  client] Sending sample transaction 278
[2022-07-24T10:37:41.588Z INFO  client] Sending sample transaction 279
[2022-07-24T10:37:41.637Z INFO  client] Sending sample transaction 280
[2022-07-24T10:37:41.688Z INFO  client] Sending sample transaction 281
[2022-07-24T10:37:41.737Z INFO  client] Sending sample transaction 282
[2022-07-24T10:37:41.787Z INFO  client] Sending sample transaction 283
[2022-07-24T10:37:41.838Z INFO  client] Sending sample transaction 284
[2022-07-24T10:37:41.887Z INFO  client] Sending sample transaction 285
[2022-07-24T10:37:41.937Z INFO  client] Sending sample transaction 286
[2022-07-24T10:37:41.988Z INFO  client] Sending sample transaction 287
[2022-07-24T10:37:42.037Z INFO  client] Sending sample transaction 288
[2022-07-24T10:37:42.087Z INFO  client] Sending sample transaction 289
[2022-07-24T10:37:42.137Z INFO  client] Sending sample transaction 290
[2022-07-24T10:37:42.188Z INFO  client] Sending sample transaction 291
[2022-07-24T10:37:42.238Z INFO  client] Sending sample transaction 292
[2022-07-24T10:37:42.287Z INFO  client] Sending sample transaction 293
[2022-07-24T10:37:42.337Z INFO  client] Sending sample transaction 294
[2022-07-24T10:37:42.388Z INFO  client] Sending sample transaction 295
[2022-07-24T10:37:42.437Z INFO  client] Sending sample transaction 296
[2022-07-24T10:37:42.487Z INFO  client] Sending sample transaction 297
[2022-07-24T10:37:42.538Z INFO  client] Sending sample transaction 298
[2022-07-24T10:37:42.588Z INFO  client] Sending sample transaction 299
[2022-07-24T10:37:42.638Z INFO  client] Sending sample transaction 300
[2022-07-24T10:37:42.687Z INFO  client] Sending sample transaction 301
[2022-07-24T10:37:42.738Z INFO  client] Sending sample transaction 302
[2022-07-24T10:37:42.788Z INFO  client] Sending sample transaction 303
[2022-07-24T10:37:42.837Z INFO  client] Sending sample transaction 304
[2022-07-24T10:37:42.887Z INFO  client] Sending sample transaction 305
[2022-07-24T10:37:42.937Z INFO  client] Sending sample transaction 306
[2022-07-24T10:37:42.987Z INFO  client] Sending sample transaction 307
[2022-07-24T10:37:43.038Z INFO  client] Sending sample transaction 308
[2022-07-24T10:37:43.087Z INFO  client] Sending sample transaction 309
[2022-07-24T10:37:43.137Z INFO  client] Sending sample transaction 310
[2022-07-24T10:37:43.188Z INFO  client] Sending sample transaction 311
[2022-07-24T10:37:43.238Z INFO  client] Sending sample transaction 312
[2022-07-24T10:37:43.287Z INFO  client] Sending sample transaction 313
[2022-07-24T10:37:43.337Z INFO  client] Sending sample transaction 314
[2022-07-24T10:37:43.387Z INFO  client] Sending sample transaction 315
[2022-07-24T10:37:43.438Z INFO  client] Sending sample transaction 316
[2022-07-24T10:37:43.487Z INFO  client] Sending sample transaction 317
[2022-07-24T10:37:43.538Z INFO  client] Sending sample transaction 318
[2022-07-24T10:37:43.588Z INFO  client] Sending sample transaction 319
[2022-07-24T10:37:43.637Z INFO  client] Sending sample transaction 320
[2022-07-24T10:37:43.687Z INFO  client] Sending sample transaction 321
[2022-07-24T10:37:43.737Z INFO  client] Sending sample transaction 322
[2022-07-24T10:37:43.788Z INFO  client] Sending sample transaction 323
[2022-07-24T10:37:43.838Z INFO  client] Sending sample transaction 324
[2022-07-24T10:37:43.887Z INFO  client] Sending sample transaction 325
[2022-07-24T10:37:43.938Z INFO  client] Sending sample transaction 326
[2022-07-24T10:37:43.988Z INFO  client] Sending sample transaction 327
[2022-07-24T10:37:44.038Z INFO  client] Sending sample transaction 328
[2022-07-24T10:37:44.087Z INFO  client] Sending sample transaction 329
[2022-07-24T10:37:44.138Z INFO  client] Sending sample transaction 330
[2022-07-24T10:37:44.187Z INFO  client] Sending sample transaction 331
[2022-07-24T10:37:44.237Z INFO  client] Sending sample transaction 332
[2022-07-24T10:37:44.316Z INFO  client] Sending sample transaction 333
[2022-07-24T10:37:44.343Z INFO  client] Sending sample transaction 334
[2022-07-24T10:37:44.390Z INFO  client] Sending sample transaction 335
[2022-07-24T10:37:44.453Z INFO  client] Sending sample transaction 336
[2022-07-24T10:37:44.488Z INFO  client] Sending sample transaction 337
[2022-07-24T10:37:44.544Z INFO  client] Sending sample transaction 338
[2022-07-24T10:37:44.591Z INFO  client] Sending sample transaction 339
[2022-07-24T10:37:44.637Z INFO  client] Sending sample transaction 340
[2022-07-24T10:37:44.687Z INFO  client] Sending sample transaction 341
[2022-07-24T10:37:44.738Z INFO  client] Sending sample transaction 342
[2022-07-24T10:37:44.788Z INFO  client] Sending sample transaction 343
[2022-07-24T10:37:44.837Z INFO  client] Sending sample transaction 344
[2022-07-24T10:37:44.887Z INFO  client] Sending sample transaction 345
[2022-07-24T10:37:44.937Z INFO  client] Sending sample transaction 346
[2022-07-24T10:37:44.988Z INFO  client] Sending sample transaction 347
[2022-07-24T10:37:45.037Z INFO  client] Sending sample transaction 348
[2022-07-24T10:37:45.088Z INFO  client] Sending sample transaction 349
[2022-07-24T10:37:45.137Z INFO  client] Sending sample transaction 350
[2022-07-24T10:37:45.187Z INFO  client] Sending sample transaction 351
[2022-07-24T10:37:45.238Z INFO  client] Sending sample transaction 352
[2022-07-24T10:37:45.288Z INFO  client] Sending sample transaction 353
[2022-07-24T10:37:45.338Z INFO  client] Sending sample transaction 354
[2022-07-24T10:37:45.388Z INFO  client] Sending sample transaction 355
[2022-07-24T10:37:45.437Z INFO  client] Sending sample transaction 356
[2022-07-24T10:37:45.488Z INFO  client] Sending sample transaction 357
[2022-07-24T10:37:45.537Z INFO  client] Sending sample transaction 358
[2022-07-24T10:37:45.587Z INFO  client] Sending sample transaction 359
[2022-07-24T10:37:45.644Z INFO  client] Sending sample transaction 360
[2022-07-24T10:37:45.687Z INFO  client] Sending sample transaction 361
[2022-07-24T10:37:45.737Z INFO  client] Sending sample transaction 362
[2022-07-24T10:37:45.787Z INFO  client] Sending sample transaction 363
[2022-07-24T10:37:45.839Z INFO  client] Sending sample transaction 364
[2022-07-24T10:37:45.887Z INFO  client] Sending sample transaction 365
[2022-07-24T10:37:45.938Z INFO  client] Sending sample transaction 366
[2022-07-24T10:37:45.988Z INFO  client] Sending sample transaction 367
[2022-07-24T10:37:46.037Z INFO  client] Sending sample transaction 368
[2022-07-24T10:37:46.090Z INFO  client] Sending sample transaction 369
[2022-07-24T10:37:46.137Z INFO  client] Sending sample transaction 370
[2022-07-24T10:37:46.187Z INFO  client] Sending sample transaction 371
[2022-07-24T10:37:46.238Z INFO  client] Sending sample transaction 372
[2022-07-24T10:37:46.288Z INFO  client] Sending sample transaction 373
[2022-07-24T10:37:46.338Z INFO  client] Sending sample transaction 374
[2022-07-24T10:37:46.388Z INFO  client] Sending sample transaction 375
[2022-07-24T10:37:46.438Z INFO  client] Sending sample transaction 376
[2022-07-24T10:37:46.487Z INFO  client] Sending sample transaction 377
[2022-07-24T10:37:46.537Z INFO  client] Sending sample transaction 378
[2022-07-24T10:37:46.587Z INFO  client] Sending sample transaction 379
[2022-07-24T10:37:46.638Z INFO  client] Sending sample transaction 380
[2022-07-24T10:37:46.692Z INFO  client] Sending sample transaction 381
[2022-07-24T10:37:46.738Z INFO  client] Sending sample transaction 382
[2022-07-24T10:37:46.788Z INFO  client] Sending sample transaction 383
[2022-07-24T10:37:46.837Z INFO  client] Sending sample transaction 384
[2022-07-24T10:37:46.888Z INFO  client] Sending sample transaction 385
[2022-07-24T10:37:46.937Z INFO  client] Sending sample transaction 386
[2022-07-24T10:37:46.988Z INFO  client] Sending sample transaction 387
[2022-07-24T10:37:47.037Z INFO  client] Sending sample transaction 388
[2022-07-24T10:37:47.087Z INFO  client] Sending sample transaction 389
[2022-07-24T10:37:47.137Z INFO  client] Sending sample transaction 390
[2022-07-24T10:37:47.188Z INFO  client] Sending sample transaction 391
[2022-07-24T10:37:47.238Z INFO  client] Sending sample transaction 392
[2022-07-24T10:37:47.352Z INFO  client] Sending sample transaction 393
[2022-07-24T10:37:47.352Z INFO  client] Sending sample transaction 394
[2022-07-24T10:37:47.388Z INFO  client] Sending sample transaction 395
[2022-07-24T10:37:47.438Z INFO  client] Sending sample transaction 396
[2022-07-24T10:37:47.487Z INFO  client] Sending sample transaction 397
[2022-07-24T10:37:47.538Z INFO  client] Sending sample transaction 398
[2022-07-24T10:37:47.588Z INFO  client] Sending sample transaction 399
[2022-07-24T10:37:47.637Z INFO  client] Sending sample transaction 400
[2022-07-24T10:37:47.688Z INFO  client] Sending sample transaction 401
[2022-07-24T10:37:47.737Z INFO  client] Sending sample transaction 402
[2022-07-24T10:37:47.789Z INFO  client] Sending sample transaction 403
[2022-07-24T10:37:47.839Z INFO  client] Sending sample transaction 404
[2022-07-24T10:37:47.892Z INFO  client] Sending sample transaction 405
[2022-07-24T10:37:47.946Z INFO  client] Sending sample transaction 406
[2022-07-24T10:37:47.988Z INFO  client] Sending sample transaction 407
[2022-07-24T10:37:48.037Z INFO  client] Sending sample transaction 408
[2022-07-24T10:37:48.090Z INFO  client] Sending sample transaction 409
[2022-07-24T10:37:48.137Z INFO  client] Sending sample transaction 410
[2022-07-24T10:37:48.188Z INFO  client] Sending sample transaction 411
[2022-07-24T10:37:48.238Z INFO  client] Sending sample transaction 412
[2022-07-24T10:37:48.288Z INFO  client] Sending sample transaction 413
[2022-07-24T10:37:48.337Z INFO  client] Sending sample transaction 414
[2022-07-24T10:37:48.387Z INFO  client] Sending sample transaction 415
[2022-07-24T10:37:48.437Z INFO  client] Sending sample transaction 416
[2022-07-24T10:37:48.488Z INFO  client] Sending sample transaction 417
[2022-07-24T10:37:48.540Z INFO  client] Sending sample transaction 418
[2022-07-24T10:37:48.588Z INFO  client] Sending sample transaction 419
[2022-07-24T10:37:48.638Z INFO  client] Sending sample transaction 420
[2022-07-24T10:37:48.688Z INFO  client] Sending sample transaction 421
[2022-07-24T10:37:48.747Z INFO  client] Sending sample transaction 422
[2022-07-24T10:37:48.804Z INFO  client] Sending sample transaction 423
[2022-07-24T10:37:48.882Z INFO  client] Sending sample transaction 424
[2022-07-24T10:37:48.922Z INFO  client] Sending sample transaction 425
[2022-07-24T10:37:48.988Z INFO  client] Sending sample transaction 426
[2022-07-24T10:37:49.010Z INFO  client] Sending sample transaction 427
[2022-07-24T10:37:49.040Z INFO  client] Sending sample transaction 428
[2022-07-24T10:37:49.109Z INFO  client] Sending sample transaction 429
[2022-07-24T10:37:49.162Z INFO  client] Sending sample transaction 430
[2022-07-24T10:37:49.200Z INFO  client] Sending sample transaction 431
[2022-07-24T10:37:49.237Z INFO  client] Sending sample transaction 432
[2022-07-24T10:37:49.297Z INFO  client] Sending sample transaction 433
[2022-07-24T10:37:49.337Z INFO  client] Sending sample transaction 434
[2022-07-24T10:37:49.394Z INFO  client] Sending sample transaction 435
[2022-07-24T10:37:49.438Z INFO  client] Sending sample transaction 436
[2022-07-24T10:37:49.490Z INFO  client] Sending sample transaction 437
[2022-07-24T10:37:49.539Z INFO  client] Sending sample transaction 438
[2022-07-24T10:37:49.589Z INFO  client] Sending sample transaction 439
[2022-07-24T10:37:49.644Z INFO  client] Sending sample transaction 440
[2022-07-24T10:37:49.688Z INFO  client] Sending sample transaction 441
[2022-07-24T10:37:49.757Z INFO  client] Sending sample transaction 442
[2022-07-24T10:37:49.802Z INFO  client] Sending sample transaction 443
[2022-07-24T10:37:49.841Z INFO  client] Sending sample transaction 444
