[2022-07-23T18:45:28.399Z INFO  client] Node address: 127.0.0.1:9017
[2022-07-23T18:45:28.399Z INFO  client] Transactions size: 512 B
[2022-07-23T18:45:28.399Z INFO  client] Transactions rate: 112 tx/s
[2022-07-23T18:45:28.399Z INFO  client] Waiting for all nodes to be online...
[2022-07-23T18:45:28.399Z INFO  client] Waiting for all nodes to be synchronized...
[2022-07-23T18:45:30.404Z INFO  client] Start sending transactions
[2022-07-23T18:45:30.406Z INFO  client] Sending sample transaction 0
[2022-07-23T18:45:30.456Z INFO  client] Sending sample transaction 1
[2022-07-23T18:45:30.506Z INFO  client] Sending sample transaction 2
[2022-07-23T18:45:30.557Z INFO  client] Sending sample transaction 3
[2022-07-23T18:45:30.606Z INFO  client] Sending sample transaction 4
[2022-07-23T18:45:30.656Z INFO  client] Sending sample transaction 5
[2022-07-23T18:45:30.706Z INFO  client] Sending sample transaction 6
[2022-07-23T18:45:30.756Z INFO  client] Sending sample transaction 7
[2022-07-23T18:45:30.806Z INFO  client] Sending sample transaction 8
[2022-07-23T18:45:30.857Z INFO  client] Sending sample transaction 9
[2022-07-23T18:45:30.906Z INFO  client] Sending sample transaction 10
[2022-07-23T18:45:30.959Z INFO  client] Sending sample transaction 11
[2022-07-23T18:45:31.006Z INFO  client] Sending sample transaction 12
[2022-07-23T18:45:31.056Z INFO  client] Sending sample transaction 13
[2022-07-23T18:45:31.108Z INFO  client] Sending sample transaction 14
[2022-07-23T18:45:31.155Z INFO  client] Sending sample transaction 15
[2022-07-23T18:45:31.205Z INFO  client] Sending sample transaction 16
[2022-07-23T18:45:31.257Z INFO  client] Sending sample transaction 17
[2022-07-23T18:45:31.306Z INFO  client] Sending sample transaction 18
[2022-07-23T18:45:31.357Z INFO  client] Sending sample transaction 19
[2022-07-23T18:45:31.406Z INFO  client] Sending sample transaction 20
[2022-07-23T18:45:31.456Z INFO  client] Sending sample transaction 21
[2022-07-23T18:45:31.506Z INFO  client] Sending sample transaction 22
[2022-07-23T18:45:31.556Z INFO  client] Sending sample transaction 23
[2022-07-23T18:45:31.607Z INFO  client] Sending sample transaction 24
[2022-07-23T18:45:31.655Z INFO  client] Sending sample transaction 25
[2022-07-23T18:45:31.706Z INFO  client] Sending sample transaction 26
[2022-07-23T18:45:31.756Z INFO  client] Sending sample transaction 27
[2022-07-23T18:45:31.806Z INFO  client] Sending sample transaction 28
[2022-07-23T18:45:31.857Z INFO  client] Sending sample transaction 29
[2022-07-23T18:45:31.906Z INFO  client] Sending sample transaction 30
[2022-07-23T18:45:31.955Z INFO  client] Sending sample transaction 31
[2022-07-23T18:45:32.014Z INFO  client] Sending sample transaction 32
[2022-07-23T18:45:32.057Z INFO  client] Sending sample transaction 33
[2022-07-23T18:45:32.107Z INFO  client] Sending sample transaction 34
[2022-07-23T18:45:32.157Z INFO  client] Sending sample transaction 35
[2022-07-23T18:45:32.210Z INFO  client] Sending sample transaction 36
[2022-07-23T18:45:32.257Z INFO  client] Sending sample transaction 37
[2022-07-23T18:45:32.306Z INFO  client] Sending sample transaction 38
[2022-07-23T18:45:32.356Z INFO  client] Sending sample transaction 39
[2022-07-23T18:45:32.406Z INFO  client] Sending sample transaction 40
[2022-07-23T18:45:32.455Z INFO  client] Sending sample transaction 41
[2022-07-23T18:45:32.506Z INFO  client] Sending sample transaction 42
[2022-07-23T18:45:32.558Z INFO  client] Sending sample transaction 43
[2022-07-23T18:45:32.611Z INFO  client] Sending sample transaction 44
[2022-07-23T18:45:32.656Z INFO  client] Sending sample transaction 45
[2022-07-23T18:45:32.707Z INFO  client] Sending sample transaction 46
[2022-07-23T18:45:32.756Z INFO  client] Sending sample transaction 47
[2022-07-23T18:45:32.806Z INFO  client] Sending sample transaction 48
[2022-07-23T18:45:32.857Z INFO  client] Sending sample transaction 49
[2022-07-23T18:45:32.907Z INFO  client] Sending sample transaction 50
[2022-07-23T18:45:32.956Z INFO  client] Sending sample transaction 51
[2022-07-23T18:45:33.006Z INFO  client] Sending sample transaction 52
[2022-07-23T18:45:33.055Z INFO  client] Sending sample transaction 53
[2022-07-23T18:45:33.107Z INFO  client] Sending sample transaction 54
[2022-07-23T18:45:33.155Z INFO  client] Sending sample transaction 55
[2022-07-23T18:45:33.206Z INFO  client] Sending sample transaction 56
[2022-07-23T18:45:33.269Z INFO  client] Sending sample transaction 57
[2022-07-23T18:45:33.306Z INFO  client] Sending sample transaction 58
[2022-07-23T18:45:33.356Z INFO  client] Sending sample transaction 59
[2022-07-23T18:45:33.405Z INFO  client] Sending sample transaction 60
[2022-07-23T18:45:33.456Z INFO  client] Sending sample transaction 61
[2022-07-23T18:45:33.506Z INFO  client] Sending sample transaction 62
[2022-07-23T18:45:33.556Z INFO  client] Sending sample transaction 63
[2022-07-23T18:45:33.607Z INFO  client] Sending sample transaction 64
[2022-07-23T18:45:33.656Z INFO  client] Sending sample transaction 65
[2022-07-23T18:45:33.706Z INFO  client] Sending sample transaction 66
[2022-07-23T18:45:33.757Z INFO  client] Sending sample transaction 67
[2022-07-23T18:45:33.806Z INFO  client] Sending sample transaction 68
[2022-07-23T18:45:33.855Z INFO  client] Sending sample transaction 69
[2022-07-23T18:45:33.907Z INFO  client] Sending sample transaction 70
[2022-07-23T18:45:33.956Z INFO  client] Sending sample transaction 71
[2022-07-23T18:45:34.006Z INFO  client] Sending sample transaction 72
[2022-07-23T18:45:34.057Z INFO  client] Sending sample transaction 73
[2022-07-23T18:45:34.106Z INFO  client] Sending sample transaction 74
[2022-07-23T18:45:34.156Z INFO  client] Sending sample transaction 75
[2022-07-23T18:45:34.206Z INFO  client] Sending sample transaction 76
[2022-07-23T18:45:34.256Z INFO  client] Sending sample transaction 77
[2022-07-23T18:45:34.311Z INFO  client] Sending sample transaction 78
[2022-07-23T18:45:34.356Z INFO  client] Sending sample transaction 79
[2022-07-23T18:45:34.405Z INFO  client] Sending sample transaction 80
[2022-07-23T18:45:34.456Z INFO  client] Sending sample transaction 81
[2022-07-23T18:45:34.505Z INFO  client] Sending sample transaction 82
[2022-07-23T18:45:34.556Z INFO  client] Sending sample transaction 83
[2022-07-23T18:45:34.606Z INFO  client] Sending sample transaction 84
[2022-07-23T18:45:34.656Z INFO  client] Sending sample transaction 85
[2022-07-23T18:45:34.706Z INFO  client] Sending sample transaction 86
[2022-07-23T18:45:34.756Z INFO  client] Sending sample transaction 87
[2022-07-23T18:45:34.806Z INFO  client] Sending sample transaction 88
[2022-07-23T18:45:34.856Z INFO  client] Sending sample transaction 89
[2022-07-23T18:45:34.906Z INFO  client] Sending sample transaction 90
[2022-07-23T18:45:34.956Z INFO  client] Sending sample transaction 91
[2022-07-23T18:45:35.007Z INFO  client] Sending sample transaction 92
[2022-07-23T18:45:35.056Z INFO  client] Sending sample transaction 93
[2022-07-23T18:45:35.106Z INFO  client] Sending sample transaction 94
[2022-07-23T18:45:35.156Z INFO  client] Sending sample transaction 95
[2022-07-23T18:45:35.206Z INFO  client] Sending sample transaction 96
[2022-07-23T18:45:35.255Z INFO  client] Sending sample transaction 97
[2022-07-23T18:45:35.306Z INFO  client] Sending sample transaction 98
[2022-07-23T18:45:35.356Z INFO  client] Sending sample transaction 99
[2022-07-23T18:45:35.436Z INFO  client] Sending sample transaction 100
[2022-07-23T18:45:35.456Z INFO  client] Sending sample transaction 101
[2022-07-23T18:45:35.506Z INFO  client] Sending sample transaction 102
[2022-07-23T18:45:35.557Z INFO  client] Sending sample transaction 103
[2022-07-23T18:45:35.607Z INFO  client] Sending sample transaction 104
[2022-07-23T18:45:35.657Z INFO  client] Sending sample transaction 105
[2022-07-23T18:45:35.706Z INFO  client] Sending sample transaction 106
[2022-07-23T18:45:35.756Z INFO  client] Sending sample transaction 107
[2022-07-23T18:45:35.806Z INFO  client] Sending sample transaction 108
[2022-07-23T18:45:35.857Z INFO  client] Sending sample transaction 109
[2022-07-23T18:45:35.906Z INFO  client] Sending sample transaction 110
[2022-07-23T18:45:35.956Z INFO  client] Sending sample transaction 111
[2022-07-23T18:45:36.007Z INFO  client] Sending sample transaction 112
[2022-07-23T18:45:36.055Z INFO  client] Sending sample transaction 113
[2022-07-23T18:45:36.108Z INFO  client] Sending sample transaction 114
[2022-07-23T18:45:36.156Z INFO  client] Sending sample transaction 115
[2022-07-23T18:45:36.207Z INFO  client] Sending sample transaction 116
[2022-07-23T18:45:36.256Z INFO  client] Sending sample transaction 117
[2022-07-23T18:45:36.307Z INFO  client] Sending sample transaction 118
[2022-07-23T18:45:36.358Z INFO  client] Sending sample transaction 119
[2022-07-23T18:45:36.405Z INFO  client] Sending sample transaction 120
[2022-07-23T18:45:36.463Z INFO  client] Sending sample transaction 121
[2022-07-23T18:45:36.506Z INFO  client] Sending sample transaction 122
[2022-07-23T18:45:36.556Z INFO  client] Sending sample transaction 123
[2022-07-23T18:45:36.605Z INFO  client] Sending sample transaction 124
[2022-07-23T18:45:36.656Z INFO  client] Sending sample transaction 125
[2022-07-23T18:45:36.706Z INFO  client] Sending sample transaction 126
[2022-07-23T18:45:36.756Z INFO  client] Sending sample transaction 127
[2022-07-23T18:45:36.807Z INFO  client] Sending sample transaction 128
[2022-07-23T18:45:36.856Z INFO  client] Sending sample transaction 129
[2022-07-23T18:45:36.905Z INFO  client] Sending sample transaction 130
[2022-07-23T18:45:36.957Z INFO  client] Sending sample transaction 131
[2022-07-23T18:45:37.006Z INFO  client] Sending sample transaction 132
[2022-07-23T18:45:37.056Z INFO  client] Sending sample transaction 133
[2022-07-23T18:45:37.105Z INFO  client] Sending sample transaction 134
[2022-07-23T18:45:37.158Z INFO  client] Sending sample transaction 135
[2022-07-23T18:45:37.206Z INFO  client] Sending sample transaction 136
[2022-07-23T18:45:37.255Z INFO  client] Sending sample transaction 137
[2022-07-23T18:45:37.306Z INFO  client] Sending sample transaction 138
[2022-07-23T18:45:37.356Z INFO  client] Sending sample transaction 139
[2022-07-23T18:45:37.406Z INFO  client] Sending sample transaction 140
[2022-07-23T18:45:37.456Z INFO  client] Sending sample transaction 141
[2022-07-23T18:45:37.505Z INFO  client] Sending sample transaction 142
[2022-07-23T18:45:37.556Z INFO  client] Sending sample transaction 143
[2022-07-23T18:45:37.605Z INFO  client] Sending sample transaction 144
[2022-07-23T18:45:37.656Z INFO  client] Sending sample transaction 145
[2022-07-23T18:45:37.707Z INFO  client] Sending sample transaction 146
[2022-07-23T18:45:37.756Z INFO  client] Sending sample transaction 147
[2022-07-23T18:45:37.806Z INFO  client] Sending sample transaction 148
[2022-07-23T18:45:37.856Z INFO  client] Sending sample transaction 149
[2022-07-23T18:45:37.906Z INFO  client] Sending sample transaction 150
[2022-07-23T18:45:37.956Z INFO  client] Sending sample transaction 151
[2022-07-23T18:45:38.006Z INFO  client] Sending sample transaction 152
[2022-07-23T18:45:38.055Z INFO  client] Sending sample transaction 153
[2022-07-23T18:45:38.106Z INFO  client] Sending sample transaction 154
[2022-07-23T18:45:38.155Z INFO  client] Sending sample transaction 155
[2022-07-23T18:45:38.206Z INFO  client] Sending sample transaction 156
[2022-07-23T18:45:38.256Z INFO  client] Sending sample transaction 157
[2022-07-23T18:45:38.305Z INFO  client] Sending sample transaction 158
[2022-07-23T18:45:38.356Z INFO  client] Sending sample transaction 159
[2022-07-23T18:45:38.405Z INFO  client] Sending sample transaction 160
[2022-07-23T18:45:38.456Z INFO  client] Sending sample transaction 161
[2022-07-23T18:45:38.506Z INFO  client] Sending sample transaction 162
[2022-07-23T18:45:38.565Z INFO  client] Sending sample transaction 163
[2022-07-23T18:45:38.607Z INFO  client] Sending sample transaction 164
[2022-07-23T18:45:38.655Z INFO  client] Sending sample transaction 165
[2022-07-23T18:45:38.706Z INFO  client] Sending sample transaction 166
[2022-07-23T18:45:38.755Z INFO  client] Sending sample transaction 167
[2022-07-23T18:45:38.806Z INFO  client] Sending sample transaction 168
[2022-07-23T18:45:38.856Z INFO  client] Sending sample transaction 169
[2022-07-23T18:45:38.906Z INFO  client] Sending sample transaction 170
[2022-07-23T18:45:38.956Z INFO  client] Sending sample transaction 171
[2022-07-23T18:45:39.006Z INFO  client] Sending sample transaction 172
[2022-07-23T18:45:39.055Z INFO  client] Sending sample transaction 173
[2022-07-23T18:45:39.106Z INFO  client] Sending sample transaction 174
[2022-07-23T18:45:39.158Z INFO  client] Sending sample transaction 175
[2022-07-23T18:45:39.210Z INFO  client] Sending sample transaction 176
[2022-07-23T18:45:39.256Z INFO  client] Sending sample transaction 177
[2022-07-23T18:45:39.306Z INFO  client] Sending sample transaction 178
[2022-07-23T18:45:39.356Z INFO  client] Sending sample transaction 179
[2022-07-23T18:45:39.407Z INFO  client] Sending sample transaction 180
[2022-07-23T18:45:39.456Z INFO  client] Sending sample transaction 181
[2022-07-23T18:45:39.506Z INFO  client] Sending sample transaction 182
[2022-07-23T18:45:39.556Z INFO  client] Sending sample transaction 183
[2022-07-23T18:45:39.606Z INFO  client] Sending sample transaction 184
[2022-07-23T18:45:39.656Z INFO  client] Sending sample transaction 185
[2022-07-23T18:45:39.707Z INFO  client] Sending sample transaction 186
[2022-07-23T18:45:39.761Z INFO  client] Sending sample transaction 187
[2022-07-23T18:45:39.807Z INFO  client] Sending sample transaction 188
[2022-07-23T18:45:39.858Z INFO  client] Sending sample transaction 189
[2022-07-23T18:45:39.906Z INFO  client] Sending sample transaction 190
[2022-07-23T18:45:39.956Z INFO  client] Sending sample transaction 191
[2022-07-23T18:45:40.006Z INFO  client] Sending sample transaction 192
[2022-07-23T18:45:40.056Z INFO  client] Sending sample transaction 193
[2022-07-23T18:45:40.106Z INFO  client] Sending sample transaction 194
[2022-07-23T18:45:40.156Z INFO  client] Sending sample transaction 195
[2022-07-23T18:45:40.206Z INFO  client] Sending sample transaction 196
[2022-07-23T18:45:40.255Z INFO  client] Sending sample transaction 197
[2022-07-23T18:45:40.306Z INFO  client] Sending sample transaction 198
[2022-07-23T18:45:40.355Z INFO  client] Sending sample transaction 199
[2022-07-23T18:45:40.406Z INFO  client] Sending sample transaction 200
[2022-07-23T18:45:40.456Z INFO  client] Sending sample transaction 201
[2022-07-23T18:45:40.507Z INFO  client] Sending sample transaction 202
[2022-07-23T18:45:40.557Z INFO  client] Sending sample transaction 203
[2022-07-23T18:45:40.606Z INFO  client] Sending sample transaction 204
[2022-07-23T18:45:40.656Z INFO  client] Sending sample transaction 205
[2022-07-23T18:45:40.705Z INFO  client] Sending sample transaction 206
[2022-07-23T18:45:40.756Z INFO  client] Sending sample transaction 207
[2022-07-23T18:45:40.805Z INFO  client] Sending sample transaction 208
[2022-07-23T18:45:40.856Z INFO  client] Sending sample transaction 209
[2022-07-23T18:45:40.905Z INFO  client] Sending sample transaction 210
[2022-07-23T18:45:40.955Z INFO  client] Sending sample transaction 211
[2022-07-23T18:45:41.006Z INFO  client] Sending sample transaction 212
[2022-07-23T18:45:41.055Z INFO  client] Sending sample transaction 213
[2022-07-23T18:45:41.106Z INFO  client] Sending sample transaction 214
[2022-07-23T18:45:41.156Z INFO  client] Sending sample transaction 215
[2022-07-23T18:45:41.206Z INFO  client] Sending sample transaction 216
[2022-07-23T18:45:41.256Z INFO  client] Sending sample transaction 217
[2022-07-23T18:45:41.308Z INFO  client] Sending sample transaction 218
[2022-07-23T18:45:41.357Z INFO  client] Sending sample transaction 219
[2022-07-23T18:45:41.408Z INFO  client] Sending sample transaction 220
[2022-07-23T18:45:41.456Z INFO  client] Sending sample transaction 221
[2022-07-23T18:45:41.505Z INFO  client] Sending sample transaction 222
[2022-07-23T18:45:41.556Z INFO  client] Sending sample transaction 223
[2022-07-23T18:45:41.606Z INFO  client] Sending sample transaction 224
[2022-07-23T18:45:41.656Z INFO  client] Sending sample transaction 225
[2022-07-23T18:45:41.710Z INFO  client] Sending sample transaction 226
[2022-07-23T18:45:41.756Z INFO  client] Sending sample transaction 227
[2022-07-23T18:45:41.808Z INFO  client] Sending sample transaction 228
[2022-07-23T18:45:41.857Z INFO  client] Sending sample transaction 229
[2022-07-23T18:45:41.906Z INFO  client] Sending sample transaction 230
[2022-07-23T18:45:41.956Z INFO  client] Sending sample transaction 231
[2022-07-23T18:45:42.006Z INFO  client] Sending sample transaction 232
[2022-07-23T18:45:42.056Z INFO  client] Sending sample transaction 233
[2022-07-23T18:45:42.106Z INFO  client] Sending sample transaction 234
[2022-07-23T18:45:42.155Z INFO  client] Sending sample transaction 235
[2022-07-23T18:45:42.206Z INFO  client] Sending sample transaction 236
[2022-07-23T18:45:42.258Z INFO  client] Sending sample transaction 237
[2022-07-23T18:45:42.308Z INFO  client] Sending sample transaction 238
[2022-07-23T18:45:42.357Z INFO  client] Sending sample transaction 239
[2022-07-23T18:45:42.406Z INFO  client] Sending sample transaction 240
[2022-07-23T18:45:42.456Z INFO  client] Sending sample transaction 241
[2022-07-23T18:45:42.506Z INFO  client] Sending sample transaction 242
[2022-07-23T18:45:42.556Z INFO  client] Sending sample transaction 243
[2022-07-23T18:45:42.606Z INFO  client] Sending sample transaction 244
[2022-07-23T18:45:42.656Z INFO  client] Sending sample transaction 245
[2022-07-23T18:45:42.705Z INFO  client] Sending sample transaction 246
[2022-07-23T18:45:42.757Z INFO  client] Sending sample transaction 247
[2022-07-23T18:45:42.806Z INFO  client] Sending sample transaction 248
[2022-07-23T18:45:42.856Z INFO  client] Sending sample transaction 249
[2022-07-23T18:45:42.906Z INFO  client] Sending sample transaction 250
[2022-07-23T18:45:42.956Z INFO  client] Sending sample transaction 251
[2022-07-23T18:45:43.006Z INFO  client] Sending sample transaction 252
[2022-07-23T18:45:43.056Z INFO  client] Sending sample transaction 253
[2022-07-23T18:45:43.107Z INFO  client] Sending sample transaction 254
[2022-07-23T18:45:43.155Z INFO  client] Sending sample transaction 255
[2022-07-23T18:45:43.205Z INFO  client] Sending sample transaction 256
[2022-07-23T18:45:43.256Z INFO  client] Sending sample transaction 257
[2022-07-23T18:45:43.306Z INFO  client] Sending sample transaction 258
[2022-07-23T18:45:43.356Z INFO  client] Sending sample transaction 259
[2022-07-23T18:45:43.405Z INFO  client] Sending sample transaction 260
[2022-07-23T18:45:43.456Z INFO  client] Sending sample transaction 261
[2022-07-23T18:45:43.506Z INFO  client] Sending sample transaction 262
[2022-07-23T18:45:43.558Z INFO  client] Sending sample transaction 263
[2022-07-23T18:45:43.606Z INFO  client] Sending sample transaction 264
[2022-07-23T18:45:43.656Z INFO  client] Sending sample transaction 265
[2022-07-23T18:45:43.706Z INFO  client] Sending sample transaction 266
[2022-07-23T18:45:43.756Z INFO  client] Sending sample transaction 267
[2022-07-23T18:45:43.826Z INFO  client] Sending sample transaction 268
[2022-07-23T18:45:43.857Z INFO  client] Sending sample transaction 269
[2022-07-23T18:45:43.906Z INFO  client] Sending sample transaction 270
[2022-07-23T18:45:43.956Z INFO  client] Sending sample transaction 271
[2022-07-23T18:45:44.006Z INFO  client] Sending sample transaction 272
[2022-07-23T18:45:44.056Z INFO  client] Sending sample transaction 273
[2022-07-23T18:45:44.106Z INFO  client] Sending sample transaction 274
[2022-07-23T18:45:44.156Z INFO  client] Sending sample transaction 275
[2022-07-23T18:45:44.206Z INFO  client] Sending sample transaction 276
[2022-07-23T18:45:44.255Z INFO  client] Sending sample transaction 277
[2022-07-23T18:45:44.309Z INFO  client] Sending sample transaction 278
[2022-07-23T18:45:44.359Z INFO  client] Sending sample transaction 279
[2022-07-23T18:45:44.408Z INFO  client] Sending sample transaction 280
[2022-07-23T18:45:44.456Z INFO  client] Sending sample transaction 281
[2022-07-23T18:45:44.506Z INFO  client] Sending sample transaction 282
[2022-07-23T18:45:44.555Z INFO  client] Sending sample transaction 283
[2022-07-23T18:45:44.609Z INFO  client] Sending sample transaction 284
[2022-07-23T18:45:44.655Z INFO  client] Sending sample transaction 285
[2022-07-23T18:45:44.705Z INFO  client] Sending sample transaction 286
[2022-07-23T18:45:44.756Z INFO  client] Sending sample transaction 287
[2022-07-23T18:45:44.805Z INFO  client] Sending sample transaction 288
[2022-07-23T18:45:44.864Z INFO  client] Sending sample transaction 289
[2022-07-23T18:45:44.906Z INFO  client] Sending sample transaction 290
[2022-07-23T18:45:44.955Z INFO  client] Sending sample transaction 291
[2022-07-23T18:45:45.005Z INFO  client] Sending sample transaction 292
[2022-07-23T18:45:45.055Z INFO  client] Sending sample transaction 293
[2022-07-23T18:45:45.106Z INFO  client] Sending sample transaction 294
[2022-07-23T18:45:45.156Z INFO  client] Sending sample transaction 295
[2022-07-23T18:45:45.206Z INFO  client] Sending sample transaction 296
[2022-07-23T18:45:45.256Z INFO  client] Sending sample transaction 297
[2022-07-23T18:45:45.306Z INFO  client] Sending sample transaction 298
[2022-07-23T18:45:45.355Z INFO  client] Sending sample transaction 299
[2022-07-23T18:45:45.405Z INFO  client] Sending sample transaction 300
[2022-07-23T18:45:45.456Z INFO  client] Sending sample transaction 301
[2022-07-23T18:45:45.506Z INFO  client] Sending sample transaction 302
[2022-07-23T18:45:45.556Z INFO  client] Sending sample transaction 303
[2022-07-23T18:45:45.606Z INFO  client] Sending sample transaction 304
[2022-07-23T18:45:45.656Z INFO  client] Sending sample transaction 305
[2022-07-23T18:45:45.706Z INFO  client] Sending sample transaction 306
[2022-07-23T18:45:45.756Z INFO  client] Sending sample transaction 307
[2022-07-23T18:45:45.806Z INFO  client] Sending sample transaction 308
[2022-07-23T18:45:45.856Z INFO  client] Sending sample transaction 309
[2022-07-23T18:45:45.905Z INFO  client] Sending sample transaction 310
[2022-07-23T18:45:45.955Z INFO  client] Sending sample transaction 311
[2022-07-23T18:45:46.006Z INFO  client] Sending sample transaction 312
[2022-07-23T18:45:46.056Z INFO  client] Sending sample transaction 313
[2022-07-23T18:45:46.106Z INFO  client] Sending sample transaction 314
[2022-07-23T18:45:46.155Z INFO  client] Sending sample transaction 315
[2022-07-23T18:45:46.207Z INFO  client] Sending sample transaction 316
[2022-07-23T18:45:46.258Z INFO  client] Sending sample transaction 317
[2022-07-23T18:45:46.306Z INFO  client] Sending sample transaction 318
[2022-07-23T18:45:46.357Z INFO  client] Sending sample transaction 319
[2022-07-23T18:45:46.406Z INFO  client] Sending sample transaction 320
[2022-07-23T18:45:46.456Z INFO  client] Sending sample transaction 321
[2022-07-23T18:45:46.506Z INFO  client] Sending sample transaction 322
[2022-07-23T18:45:46.556Z INFO  client] Sending sample transaction 323
[2022-07-23T18:45:46.606Z INFO  client] Sending sample transaction 324
[2022-07-23T18:45:46.656Z INFO  client] Sending sample transaction 325
[2022-07-23T18:45:46.706Z INFO  client] Sending sample transaction 326
[2022-07-23T18:45:46.756Z INFO  client] Sending sample transaction 327
[2022-07-23T18:45:46.807Z INFO  client] Sending sample transaction 328
[2022-07-23T18:45:46.855Z INFO  client] Sending sample transaction 329
[2022-07-23T18:45:46.907Z INFO  client] Sending sample transaction 330
[2022-07-23T18:45:46.955Z INFO  client] Sending sample transaction 331
[2022-07-23T18:45:47.006Z INFO  client] Sending sample transaction 332
[2022-07-23T18:45:47.056Z INFO  client] Sending sample transaction 333
[2022-07-23T18:45:47.107Z INFO  client] Sending sample transaction 334
[2022-07-23T18:45:47.155Z INFO  client] Sending sample transaction 335
[2022-07-23T18:45:47.206Z INFO  client] Sending sample transaction 336
[2022-07-23T18:45:47.256Z INFO  client] Sending sample transaction 337
[2022-07-23T18:45:47.306Z INFO  client] Sending sample transaction 338
[2022-07-23T18:45:47.355Z INFO  client] Sending sample transaction 339
[2022-07-23T18:45:47.406Z INFO  client] Sending sample transaction 340
[2022-07-23T18:45:47.458Z INFO  client] Sending sample transaction 341
[2022-07-23T18:45:47.506Z INFO  client] Sending sample transaction 342
[2022-07-23T18:45:47.556Z INFO  client] Sending sample transaction 343
[2022-07-23T18:45:47.606Z INFO  client] Sending sample transaction 344
[2022-07-23T18:45:47.655Z INFO  client] Sending sample transaction 345
[2022-07-23T18:45:47.706Z INFO  client] Sending sample transaction 346
[2022-07-23T18:45:47.756Z INFO  client] Sending sample transaction 347
[2022-07-23T18:45:47.806Z INFO  client] Sending sample transaction 348
[2022-07-23T18:45:47.857Z INFO  client] Sending sample transaction 349
[2022-07-23T18:45:47.906Z INFO  client] Sending sample transaction 350
[2022-07-23T18:45:47.976Z INFO  client] Sending sample transaction 351
[2022-07-23T18:45:48.006Z INFO  client] Sending sample transaction 352
[2022-07-23T18:45:48.056Z INFO  client] Sending sample transaction 353
[2022-07-23T18:45:48.106Z INFO  client] Sending sample transaction 354
[2022-07-23T18:45:48.156Z INFO  client] Sending sample transaction 355
[2022-07-23T18:45:48.206Z INFO  client] Sending sample transaction 356
[2022-07-23T18:45:48.256Z INFO  client] Sending sample transaction 357
[2022-07-23T18:45:48.308Z INFO  client] Sending sample transaction 358
[2022-07-23T18:45:48.357Z INFO  client] Sending sample transaction 359
[2022-07-23T18:45:48.405Z INFO  client] Sending sample transaction 360
[2022-07-23T18:45:48.459Z INFO  client] Sending sample transaction 361
[2022-07-23T18:45:48.505Z INFO  client] Sending sample transaction 362
[2022-07-23T18:45:48.556Z INFO  client] Sending sample transaction 363
[2022-07-23T18:45:48.606Z INFO  client] Sending sample transaction 364
[2022-07-23T18:45:48.656Z INFO  client] Sending sample transaction 365
[2022-07-23T18:45:48.710Z INFO  client] Sending sample transaction 366
[2022-07-23T18:45:48.756Z INFO  client] Sending sample transaction 367
[2022-07-23T18:45:48.805Z INFO  client] Sending sample transaction 368
[2022-07-23T18:45:48.856Z INFO  client] Sending sample transaction 369
[2022-07-23T18:45:48.907Z INFO  client] Sending sample transaction 370
[2022-07-23T18:45:48.956Z INFO  client] Sending sample transaction 371
[2022-07-23T18:45:49.010Z INFO  client] Sending sample transaction 372
[2022-07-23T18:45:49.058Z INFO  client] Sending sample transaction 373
[2022-07-23T18:45:49.106Z INFO  client] Sending sample transaction 374
[2022-07-23T18:45:49.155Z INFO  client] Sending sample transaction 375
[2022-07-23T18:45:49.206Z INFO  client] Sending sample transaction 376
[2022-07-23T18:45:49.257Z INFO  client] Sending sample transaction 377
[2022-07-23T18:45:49.306Z INFO  client] Sending sample transaction 378
[2022-07-23T18:45:49.357Z INFO  client] Sending sample transaction 379
[2022-07-23T18:45:49.405Z INFO  client] Sending sample transaction 380
[2022-07-23T18:45:49.455Z INFO  client] Sending sample transaction 381
[2022-07-23T18:45:49.505Z INFO  client] Sending sample transaction 382
[2022-07-23T18:45:49.555Z INFO  client] Sending sample transaction 383
[2022-07-23T18:45:49.607Z INFO  client] Sending sample transaction 384
[2022-07-23T18:45:49.657Z INFO  client] Sending sample transaction 385
[2022-07-23T18:45:49.706Z INFO  client] Sending sample transaction 386
[2022-07-23T18:45:49.757Z INFO  client] Sending sample transaction 387
[2022-07-23T18:45:49.806Z INFO  client] Sending sample transaction 388
[2022-07-23T18:45:49.855Z INFO  client] Sending sample transaction 389
[2022-07-23T18:45:49.906Z INFO  client] Sending sample transaction 390
[2022-07-23T18:45:49.956Z INFO  client] Sending sample transaction 391
[2022-07-23T18:45:50.007Z INFO  client] Sending sample transaction 392
[2022-07-23T18:45:50.055Z INFO  client] Sending sample transaction 393
[2022-07-23T18:45:50.115Z INFO  client] Sending sample transaction 394
[2022-07-23T18:45:50.156Z INFO  client] Sending sample transaction 395
[2022-07-23T18:45:50.208Z INFO  client] Sending sample transaction 396
[2022-07-23T18:45:50.258Z INFO  client] Sending sample transaction 397
[2022-07-23T18:45:50.305Z INFO  client] Sending sample transaction 398
[2022-07-23T18:45:50.357Z INFO  client] Sending sample transaction 399
[2022-07-23T18:45:50.407Z INFO  client] Sending sample transaction 400
[2022-07-23T18:45:50.456Z INFO  client] Sending sample transaction 401
[2022-07-23T18:45:50.506Z INFO  client] Sending sample transaction 402
[2022-07-23T18:45:50.556Z INFO  client] Sending sample transaction 403
[2022-07-23T18:45:50.607Z INFO  client] Sending sample transaction 404
[2022-07-23T18:45:50.656Z INFO  client] Sending sample transaction 405
[2022-07-23T18:45:50.706Z INFO  client] Sending sample transaction 406
[2022-07-23T18:45:50.756Z INFO  client] Sending sample transaction 407
[2022-07-23T18:45:50.806Z INFO  client] Sending sample transaction 408
[2022-07-23T18:45:50.856Z INFO  client] Sending sample transaction 409
[2022-07-23T18:45:50.906Z INFO  client] Sending sample transaction 410
[2022-07-23T18:45:50.955Z INFO  client] Sending sample transaction 411
[2022-07-23T18:45:51.007Z INFO  client] Sending sample transaction 412
[2022-07-23T18:45:51.056Z INFO  client] Sending sample transaction 413
[2022-07-23T18:45:51.107Z INFO  client] Sending sample transaction 414
[2022-07-23T18:45:51.163Z INFO  client] Sending sample transaction 415
[2022-07-23T18:45:51.206Z INFO  client] Sending sample transaction 416
[2022-07-23T18:45:51.256Z INFO  client] Sending sample transaction 417
[2022-07-23T18:45:51.306Z INFO  client] Sending sample transaction 418
[2022-07-23T18:45:51.355Z INFO  client] Sending sample transaction 419
[2022-07-23T18:45:51.406Z INFO  client] Sending sample transaction 420
[2022-07-23T18:45:51.457Z INFO  client] Sending sample transaction 421
[2022-07-23T18:45:51.505Z INFO  client] Sending sample transaction 422
