[2022-07-23T17:52:45.259Z INFO  client] Node address: 127.0.0.1:9014
[2022-07-23T17:52:45.259Z INFO  client] Transactions size: 512 B
[2022-07-23T17:52:45.259Z INFO  client] Transactions rate: 112 tx/s
[2022-07-23T17:52:45.259Z INFO  client] Waiting for all nodes to be online...
[2022-07-23T17:52:45.259Z INFO  client] Waiting for all nodes to be synchronized...
[2022-07-23T17:52:47.386Z INFO  client] Start sending transactions
[2022-07-23T17:52:47.425Z INFO  client] Sending sample transaction 0
[2022-07-23T17:52:47.603Z INFO  client] Sending sample transaction 1
[2022-07-23T17:52:47.640Z WARN  client] Transaction rate too high for this client
[2022-07-23T17:52:47.641Z INFO  client] Sending sample transaction 2
[2022-07-23T17:52:47.694Z INFO  client] Sending sample transaction 3
[2022-07-23T17:52:47.745Z INFO  client] Sending sample transaction 4
[2022-07-23T17:52:47.746Z WARN  client] Transaction rate too high for this client
[2022-07-23T17:52:47.746Z INFO  client] Sending sample transaction 5
[2022-07-23T17:52:47.805Z WARN  client] Transaction rate too high for this client
[2022-07-23T17:52:47.805Z INFO  client] Sending sample transaction 6
[2022-07-23T17:52:47.903Z WARN  client] Transaction rate too high for this client
[2022-07-23T17:52:47.904Z INFO  client] Sending sample transaction 7
[2022-07-23T17:52:47.974Z INFO  client] Sending sample transaction 8
[2022-07-23T17:52:48.001Z INFO  client] Sending sample transaction 9
[2022-07-23T17:52:48.002Z INFO  client] Sending sample transaction 10
[2022-07-23T17:52:48.030Z INFO  client] Sending sample transaction 11
[2022-07-23T17:52:48.033Z INFO  client] Sending sample transaction 12
[2022-07-23T17:52:48.045Z INFO  client] Sending sample transaction 13
[2022-07-23T17:52:48.101Z INFO  client] Sending sample transaction 14
[2022-07-23T17:52:48.142Z INFO  client] Sending sample transaction 15
[2022-07-23T17:52:48.193Z INFO  client] Sending sample transaction 16
[2022-07-23T17:52:48.240Z INFO  client] Sending sample transaction 17
[2022-07-23T17:52:48.288Z INFO  client] Sending sample transaction 18
[2022-07-23T17:52:48.339Z INFO  client] Sending sample transaction 19
[2022-07-23T17:52:48.387Z INFO  client] Sending sample transaction 20
[2022-07-23T17:52:48.438Z INFO  client] Sending sample transaction 21
[2022-07-23T17:52:48.490Z INFO  client] Sending sample transaction 22
[2022-07-23T17:52:48.540Z INFO  client] Sending sample transaction 23
[2022-07-23T17:52:48.589Z INFO  client] Sending sample transaction 24
[2022-07-23T17:52:48.637Z INFO  client] Sending sample transaction 25
[2022-07-23T17:52:48.687Z INFO  client] Sending sample transaction 26
[2022-07-23T17:52:48.738Z INFO  client] Sending sample transaction 27
[2022-07-23T17:52:48.788Z INFO  client] Sending sample transaction 28
[2022-07-23T17:52:48.839Z INFO  client] Sending sample transaction 29
[2022-07-23T17:52:48.986Z INFO  client] Sending sample transaction 30
[2022-07-23T17:52:49.118Z INFO  client] Sending sample transaction 31
[2022-07-23T17:52:49.119Z INFO  client] Sending sample transaction 32
[2022-07-23T17:52:49.153Z INFO  client] Sending sample transaction 33
[2022-07-23T17:52:49.155Z INFO  client] Sending sample transaction 34
[2022-07-23T17:52:49.155Z INFO  client] Sending sample transaction 35
[2022-07-23T17:52:49.187Z INFO  client] Sending sample transaction 36
[2022-07-23T17:52:49.238Z INFO  client] Sending sample transaction 37
[2022-07-23T17:52:49.287Z INFO  client] Sending sample transaction 38
[2022-07-23T17:52:49.348Z INFO  client] Sending sample transaction 39
[2022-07-23T17:52:49.390Z INFO  client] Sending sample transaction 40
[2022-07-23T17:52:49.437Z INFO  client] Sending sample transaction 41
[2022-07-23T17:52:49.489Z INFO  client] Sending sample transaction 42
[2022-07-23T17:52:49.538Z INFO  client] Sending sample transaction 43
[2022-07-23T17:52:49.587Z INFO  client] Sending sample transaction 44
[2022-07-23T17:52:49.637Z INFO  client] Sending sample transaction 45
[2022-07-23T17:52:49.687Z INFO  client] Sending sample transaction 46
[2022-07-23T17:52:49.738Z INFO  client] Sending sample transaction 47
[2022-07-23T17:52:49.788Z INFO  client] Sending sample transaction 48
[2022-07-23T17:52:49.838Z INFO  client] Sending sample transaction 49
[2022-07-23T17:52:49.887Z INFO  client] Sending sample transaction 50
[2022-07-23T17:52:49.938Z INFO  client] Sending sample transaction 51
[2022-07-23T17:52:50.006Z INFO  client] Sending sample transaction 52
[2022-07-23T17:52:50.050Z INFO  client] Sending sample transaction 53
[2022-07-23T17:52:50.105Z INFO  client] Sending sample transaction 54
[2022-07-23T17:52:50.143Z INFO  client] Sending sample transaction 55
[2022-07-23T17:52:50.244Z INFO  client] Sending sample transaction 56
[2022-07-23T17:52:50.307Z INFO  client] Sending sample transaction 57
[2022-07-23T17:52:50.318Z INFO  client] Sending sample transaction 58
[2022-07-23T17:52:50.364Z INFO  client] Sending sample transaction 59
[2022-07-23T17:52:50.406Z INFO  client] Sending sample transaction 60
[2022-07-23T17:52:50.437Z INFO  client] Sending sample transaction 61
[2022-07-23T17:52:50.487Z INFO  client] Sending sample transaction 62
[2022-07-23T17:52:50.538Z INFO  client] Sending sample transaction 63
[2022-07-23T17:52:50.587Z INFO  client] Sending sample transaction 64
[2022-07-23T17:52:50.637Z INFO  client] Sending sample transaction 65
[2022-07-23T17:52:50.687Z INFO  client] Sending sample transaction 66
[2022-07-23T17:52:50.738Z INFO  client] Sending sample transaction 67
[2022-07-23T17:52:50.788Z INFO  client] Sending sample transaction 68
[2022-07-23T17:52:50.838Z INFO  client] Sending sample transaction 69
[2022-07-23T17:52:50.887Z INFO  client] Sending sample transaction 70
[2022-07-23T17:52:50.938Z INFO  client] Sending sample transaction 71
[2022-07-23T17:52:50.987Z INFO  client] Sending sample transaction 72
[2022-07-23T17:52:51.037Z INFO  client] Sending sample transaction 73
[2022-07-23T17:52:51.088Z INFO  client] Sending sample transaction 74
[2022-07-23T17:52:51.137Z INFO  client] Sending sample transaction 75
[2022-07-23T17:52:51.188Z INFO  client] Sending sample transaction 76
[2022-07-23T17:52:51.237Z INFO  client] Sending sample transaction 77
[2022-07-23T17:52:51.310Z INFO  client] Sending sample transaction 78
[2022-07-23T17:52:51.346Z INFO  client] Sending sample transaction 79
[2022-07-23T17:52:51.427Z INFO  client] Sending sample transaction 80
[2022-07-23T17:52:51.438Z INFO  client] Sending sample transaction 81
[2022-07-23T17:52:51.488Z INFO  client] Sending sample transaction 82
[2022-07-23T17:52:51.538Z INFO  client] Sending sample transaction 83
[2022-07-23T17:52:51.588Z INFO  client] Sending sample transaction 84
[2022-07-23T17:52:51.637Z INFO  client] Sending sample transaction 85
[2022-07-23T17:52:51.687Z INFO  client] Sending sample transaction 86
[2022-07-23T17:52:51.737Z INFO  client] Sending sample transaction 87
[2022-07-23T17:52:51.787Z INFO  client] Sending sample transaction 88
[2022-07-23T17:52:51.838Z INFO  client] Sending sample transaction 89
[2022-07-23T17:52:51.887Z INFO  client] Sending sample transaction 90
[2022-07-23T17:52:51.938Z INFO  client] Sending sample transaction 91
[2022-07-23T17:52:51.987Z INFO  client] Sending sample transaction 92
[2022-07-23T17:52:52.039Z INFO  client] Sending sample transaction 93
[2022-07-23T17:52:52.087Z INFO  client] Sending sample transaction 94
[2022-07-23T17:52:52.138Z INFO  client] Sending sample transaction 95
[2022-07-23T17:52:52.187Z INFO  client] Sending sample transaction 96
[2022-07-23T17:52:52.238Z INFO  client] Sending sample transaction 97
[2022-07-23T17:52:52.287Z INFO  client] Sending sample transaction 98
[2022-07-23T17:52:52.338Z INFO  client] Sending sample transaction 99
[2022-07-23T17:52:52.387Z INFO  client] Sending sample transaction 100
[2022-07-23T17:52:52.438Z INFO  client] Sending sample transaction 101
[2022-07-23T17:52:52.488Z INFO  client] Sending sample transaction 102
[2022-07-23T17:52:52.537Z INFO  client] Sending sample transaction 103
[2022-07-23T17:52:52.588Z INFO  client] Sending sample transaction 104
[2022-07-23T17:52:52.637Z INFO  client] Sending sample transaction 105
[2022-07-23T17:52:52.687Z INFO  client] Sending sample transaction 106
[2022-07-23T17:52:52.738Z INFO  client] Sending sample transaction 107
[2022-07-23T17:52:52.788Z INFO  client] Sending sample transaction 108
[2022-07-23T17:52:52.838Z INFO  client] Sending sample transaction 109
[2022-07-23T17:52:52.887Z INFO  client] Sending sample transaction 110
[2022-07-23T17:52:52.937Z INFO  client] Sending sample transaction 111
[2022-07-23T17:52:52.988Z INFO  client] Sending sample transaction 112
[2022-07-23T17:52:53.039Z INFO  client] Sending sample transaction 113
[2022-07-23T17:52:53.087Z INFO  client] Sending sample transaction 114
[2022-07-23T17:52:53.137Z INFO  client] Sending sample transaction 115
[2022-07-23T17:52:53.187Z INFO  client] Sending sample transaction 116
[2022-07-23T17:52:53.237Z INFO  client] Sending sample transaction 117
[2022-07-23T17:52:53.287Z INFO  client] Sending sample transaction 118
[2022-07-23T17:52:53.337Z INFO  client] Sending sample transaction 119
[2022-07-23T17:52:53.387Z INFO  client] Sending sample transaction 120
[2022-07-23T17:52:53.437Z INFO  client] Sending sample transaction 121
[2022-07-23T17:52:53.488Z INFO  client] Sending sample transaction 122
[2022-07-23T17:52:53.537Z INFO  client] Sending sample transaction 123
[2022-07-23T17:52:53.587Z INFO  client] Sending sample transaction 124
[2022-07-23T17:52:53.637Z INFO  client] Sending sample transaction 125
[2022-07-23T17:52:53.688Z INFO  client] Sending sample transaction 126
[2022-07-23T17:52:53.737Z INFO  client] Sending sample transaction 127
[2022-07-23T17:52:53.787Z INFO  client] Sending sample transaction 128
[2022-07-23T17:52:53.837Z INFO  client] Sending sample transaction 129
[2022-07-23T17:52:53.887Z INFO  client] Sending sample transaction 130
[2022-07-23T17:52:53.938Z INFO  client] Sending sample transaction 131
[2022-07-23T17:52:53.988Z INFO  client] Sending sample transaction 132
[2022-07-23T17:52:54.037Z INFO  client] Sending sample transaction 133
[2022-07-23T17:52:54.088Z INFO  client] Sending sample transaction 134
[2022-07-23T17:52:54.137Z INFO  client] Sending sample transaction 135
[2022-07-23T17:52:54.188Z INFO  client] Sending sample transaction 136
[2022-07-23T17:52:54.237Z INFO  client] Sending sample transaction 137
[2022-07-23T17:52:54.287Z INFO  client] Sending sample transaction 138
[2022-07-23T17:52:54.337Z INFO  client] Sending sample transaction 139
[2022-07-23T17:52:54.428Z INFO  client] Sending sample transaction 140
[2022-07-23T17:52:54.465Z INFO  client] Sending sample transaction 141
[2022-07-23T17:52:54.515Z INFO  client] Sending sample transaction 142
[2022-07-23T17:52:54.539Z INFO  client] Sending sample transaction 143
[2022-07-23T17:52:54.604Z INFO  client] Sending sample transaction 144
[2022-07-23T17:52:54.644Z INFO  client] Sending sample transaction 145
[2022-07-23T17:52:54.690Z INFO  client] Sending sample transaction 146
[2022-07-23T17:52:54.752Z INFO  client] Sending sample transaction 147
[2022-07-23T17:52:54.797Z INFO  client] Sending sample transaction 148
[2022-07-23T17:52:54.838Z INFO  client] Sending sample transaction 149
[2022-07-23T17:52:54.887Z INFO  client] Sending sample transaction 150
[2022-07-23T17:52:54.938Z INFO  client] Sending sample transaction 151
[2022-07-23T17:52:54.987Z INFO  client] Sending sample transaction 152
[2022-07-23T17:52:55.037Z INFO  client] Sending sample transaction 153
[2022-07-23T17:52:55.088Z INFO  client] Sending sample transaction 154
[2022-07-23T17:52:55.137Z INFO  client] Sending sample transaction 155
[2022-07-23T17:52:55.187Z INFO  client] Sending sample transaction 156
[2022-07-23T17:52:55.237Z INFO  client] Sending sample transaction 157
[2022-07-23T17:52:55.287Z INFO  client] Sending sample transaction 158
[2022-07-23T17:52:55.337Z INFO  client] Sending sample transaction 159
[2022-07-23T17:52:55.387Z INFO  client] Sending sample transaction 160
[2022-07-23T17:52:55.437Z INFO  client] Sending sample transaction 161
[2022-07-23T17:52:55.488Z INFO  client] Sending sample transaction 162
[2022-07-23T17:52:55.537Z INFO  client] Sending sample transaction 163
[2022-07-23T17:52:55.597Z INFO  client] Sending sample transaction 164
[2022-07-23T17:52:55.665Z INFO  client] Sending sample transaction 165
[2022-07-23T17:52:55.703Z INFO  client] Sending sample transaction 166
[2022-07-23T17:52:55.738Z INFO  client] Sending sample transaction 167
[2022-07-23T17:52:55.787Z INFO  client] Sending sample transaction 168
[2022-07-23T17:52:55.837Z INFO  client] Sending sample transaction 169
[2022-07-23T17:52:55.887Z INFO  client] Sending sample transaction 170
[2022-07-23T17:52:55.938Z INFO  client] Sending sample transaction 171
[2022-07-23T17:52:55.988Z INFO  client] Sending sample transaction 172
[2022-07-23T17:52:56.037Z INFO  client] Sending sample transaction 173
[2022-07-23T17:52:56.088Z INFO  client] Sending sample transaction 174
[2022-07-23T17:52:56.136Z INFO  client] Sending sample transaction 175
[2022-07-23T17:52:56.187Z INFO  client] Sending sample transaction 176
[2022-07-23T17:52:56.238Z INFO  client] Sending sample transaction 177
[2022-07-23T17:52:56.288Z INFO  client] Sending sample transaction 178
[2022-07-23T17:52:56.338Z INFO  client] Sending sample transaction 179
[2022-07-23T17:52:56.388Z INFO  client] Sending sample transaction 180
[2022-07-23T17:52:56.437Z INFO  client] Sending sample transaction 181
[2022-07-23T17:52:56.487Z INFO  client] Sending sample transaction 182
[2022-07-23T17:52:56.538Z INFO  client] Sending sample transaction 183
[2022-07-23T17:52:56.625Z INFO  client] Sending sample transaction 184
[2022-07-23T17:52:56.676Z INFO  client] Sending sample transaction 185
[2022-07-23T17:52:56.702Z INFO  client] Sending sample transaction 186
[2022-07-23T17:52:56.738Z INFO  client] Sending sample transaction 187
[2022-07-23T17:52:56.800Z INFO  client] Sending sample transaction 188
[2022-07-23T17:52:56.854Z INFO  client] Sending sample transaction 189
[2022-07-23T17:52:56.889Z INFO  client] Sending sample transaction 190
[2022-07-23T17:52:56.953Z INFO  client] Sending sample transaction 191
[2022-07-23T17:52:56.991Z INFO  client] Sending sample transaction 192
[2022-07-23T17:52:57.038Z INFO  client] Sending sample transaction 193
[2022-07-23T17:52:57.088Z INFO  client] Sending sample transaction 194
[2022-07-23T17:52:57.137Z INFO  client] Sending sample transaction 195
[2022-07-23T17:52:57.188Z INFO  client] Sending sample transaction 196
[2022-07-23T17:52:57.237Z INFO  client] Sending sample transaction 197
[2022-07-23T17:52:57.287Z INFO  client] Sending sample transaction 198
[2022-07-23T17:52:57.345Z INFO  client] Sending sample transaction 199
[2022-07-23T17:52:57.388Z INFO  client] Sending sample transaction 200
[2022-07-23T17:52:57.438Z INFO  client] Sending sample transaction 201
[2022-07-23T17:52:57.488Z INFO  client] Sending sample transaction 202
[2022-07-23T17:52:57.537Z INFO  client] Sending sample transaction 203
[2022-07-23T17:52:57.587Z INFO  client] Sending sample transaction 204
[2022-07-23T17:52:57.637Z INFO  client] Sending sample transaction 205
[2022-07-23T17:52:57.687Z INFO  client] Sending sample transaction 206
[2022-07-23T17:52:57.738Z INFO  client] Sending sample transaction 207
[2022-07-23T17:52:57.788Z INFO  client] Sending sample transaction 208
[2022-07-23T17:52:57.839Z INFO  client] Sending sample transaction 209
[2022-07-23T17:52:57.888Z INFO  client] Sending sample transaction 210
[2022-07-23T17:52:57.939Z INFO  client] Sending sample transaction 211
[2022-07-23T17:52:58.032Z INFO  client] Sending sample transaction 212
[2022-07-23T17:52:58.078Z INFO  client] Sending sample transaction 213
[2022-07-23T17:52:58.102Z INFO  client] Sending sample transaction 214
[2022-07-23T17:52:58.138Z INFO  client] Sending sample transaction 215
[2022-07-23T17:52:58.187Z INFO  client] Sending sample transaction 216
[2022-07-23T17:52:58.238Z INFO  client] Sending sample transaction 217
[2022-07-23T17:52:58.288Z INFO  client] Sending sample transaction 218
[2022-07-23T17:52:58.337Z INFO  client] Sending sample transaction 219
[2022-07-23T17:52:58.387Z INFO  client] Sending sample transaction 220
[2022-07-23T17:52:58.437Z INFO  client] Sending sample transaction 221
[2022-07-23T17:52:58.487Z INFO  client] Sending sample transaction 222
[2022-07-23T17:52:58.537Z INFO  client] Sending sample transaction 223
[2022-07-23T17:52:58.587Z INFO  client] Sending sample transaction 224
[2022-07-23T17:52:58.638Z INFO  client] Sending sample transaction 225
[2022-07-23T17:52:58.688Z INFO  client] Sending sample transaction 226
[2022-07-23T17:52:58.737Z INFO  client] Sending sample transaction 227
[2022-07-23T17:52:58.787Z INFO  client] Sending sample transaction 228
[2022-07-23T17:52:58.837Z INFO  client] Sending sample transaction 229
[2022-07-23T17:52:58.888Z INFO  client] Sending sample transaction 230
[2022-07-23T17:52:58.937Z INFO  client] Sending sample transaction 231
[2022-07-23T17:52:58.988Z INFO  client] Sending sample transaction 232
[2022-07-23T17:52:59.039Z INFO  client] Sending sample transaction 233
[2022-07-23T17:52:59.087Z INFO  client] Sending sample transaction 234
[2022-07-23T17:52:59.137Z INFO  client] Sending sample transaction 235
[2022-07-23T17:52:59.187Z INFO  client] Sending sample transaction 236
[2022-07-23T17:52:59.238Z INFO  client] Sending sample transaction 237
[2022-07-23T17:52:59.288Z INFO  client] Sending sample transaction 238
[2022-07-23T17:52:59.338Z INFO  client] Sending sample transaction 239
[2022-07-23T17:52:59.387Z INFO  client] Sending sample transaction 240
[2022-07-23T17:52:59.437Z INFO  client] Sending sample transaction 241
[2022-07-23T17:52:59.487Z INFO  client] Sending sample transaction 242
[2022-07-23T17:52:59.541Z INFO  client] Sending sample transaction 243
[2022-07-23T17:52:59.588Z INFO  client] Sending sample transaction 244
[2022-07-23T17:52:59.637Z INFO  client] Sending sample transaction 245
[2022-07-23T17:52:59.688Z INFO  client] Sending sample transaction 246
[2022-07-23T17:52:59.738Z INFO  client] Sending sample transaction 247
[2022-07-23T17:52:59.787Z INFO  client] Sending sample transaction 248
[2022-07-23T17:52:59.838Z INFO  client] Sending sample transaction 249
[2022-07-23T17:52:59.887Z INFO  client] Sending sample transaction 250
[2022-07-23T17:52:59.938Z INFO  client] Sending sample transaction 251
[2022-07-23T17:52:59.987Z INFO  client] Sending sample transaction 252
[2022-07-23T17:53:00.038Z INFO  client] Sending sample transaction 253
[2022-07-23T17:53:00.088Z INFO  client] Sending sample transaction 254
[2022-07-23T17:53:00.142Z INFO  client] Sending sample transaction 255
[2022-07-23T17:53:00.188Z INFO  client] Sending sample transaction 256
[2022-07-23T17:53:00.237Z INFO  client] Sending sample transaction 257
[2022-07-23T17:53:00.287Z INFO  client] Sending sample transaction 258
[2022-07-23T17:53:00.339Z INFO  client] Sending sample transaction 259
[2022-07-23T17:53:00.388Z INFO  client] Sending sample transaction 260
[2022-07-23T17:53:00.438Z INFO  client] Sending sample transaction 261
[2022-07-23T17:53:00.487Z INFO  client] Sending sample transaction 262
[2022-07-23T17:53:00.538Z INFO  client] Sending sample transaction 263
[2022-07-23T17:53:00.594Z INFO  client] Sending sample transaction 264
[2022-07-23T17:53:00.637Z INFO  client] Sending sample transaction 265
[2022-07-23T17:53:00.688Z INFO  client] Sending sample transaction 266
[2022-07-23T17:53:00.737Z INFO  client] Sending sample transaction 267
[2022-07-23T17:53:00.787Z INFO  client] Sending sample transaction 268
[2022-07-23T17:53:00.838Z INFO  client] Sending sample transaction 269
[2022-07-23T17:53:00.908Z INFO  client] Sending sample transaction 270
[2022-07-23T17:53:00.961Z INFO  client] Sending sample transaction 271
[2022-07-23T17:53:00.998Z INFO  client] Sending sample transaction 272
[2022-07-23T17:53:01.037Z INFO  client] Sending sample transaction 273
[2022-07-23T17:53:01.088Z INFO  client] Sending sample transaction 274
[2022-07-23T17:53:01.137Z INFO  client] Sending sample transaction 275
[2022-07-23T17:53:01.201Z INFO  client] Sending sample transaction 276
[2022-07-23T17:53:01.246Z INFO  client] Sending sample transaction 277
[2022-07-23T17:53:01.312Z INFO  client] Sending sample transaction 278
[2022-07-23T17:53:01.340Z INFO  client] Sending sample transaction 279
[2022-07-23T17:53:01.389Z INFO  client] Sending sample transaction 280
[2022-07-23T17:53:01.449Z INFO  client] Sending sample transaction 281
[2022-07-23T17:53:01.487Z INFO  client] Sending sample transaction 282
[2022-07-23T17:53:01.537Z INFO  client] Sending sample transaction 283
[2022-07-23T17:53:01.587Z INFO  client] Sending sample transaction 284
[2022-07-23T17:53:01.637Z INFO  client] Sending sample transaction 285
[2022-07-23T17:53:01.688Z INFO  client] Sending sample transaction 286
[2022-07-23T17:53:01.737Z INFO  client] Sending sample transaction 287
[2022-07-23T17:53:01.787Z INFO  client] Sending sample transaction 288
[2022-07-23T17:53:01.838Z INFO  client] Sending sample transaction 289
[2022-07-23T17:53:01.887Z INFO  client] Sending sample transaction 290
[2022-07-23T17:53:01.938Z INFO  client] Sending sample transaction 291
[2022-07-23T17:53:01.987Z INFO  client] Sending sample transaction 292
[2022-07-23T17:53:02.038Z INFO  client] Sending sample transaction 293
[2022-07-23T17:53:02.087Z INFO  client] Sending sample transaction 294
[2022-07-23T17:53:02.137Z INFO  client] Sending sample transaction 295
[2022-07-23T17:53:02.187Z INFO  client] Sending sample transaction 296
[2022-07-23T17:53:02.238Z INFO  client] Sending sample transaction 297
[2022-07-23T17:53:02.294Z INFO  client] Sending sample transaction 298
[2022-07-23T17:53:02.362Z INFO  client] Sending sample transaction 299
[2022-07-23T17:53:02.405Z INFO  client] Sending sample transaction 300
[2022-07-23T17:53:02.448Z INFO  client] Sending sample transaction 301
[2022-07-23T17:53:02.487Z INFO  client] Sending sample transaction 302
[2022-07-23T17:53:02.548Z INFO  client] Sending sample transaction 303
[2022-07-23T17:53:02.589Z INFO  client] Sending sample transaction 304
[2022-07-23T17:53:02.638Z INFO  client] Sending sample transaction 305
[2022-07-23T17:53:02.687Z INFO  client] Sending sample transaction 306
[2022-07-23T17:53:02.738Z INFO  client] Sending sample transaction 307
[2022-07-23T17:53:02.787Z INFO  client] Sending sample transaction 308
[2022-07-23T17:53:02.837Z INFO  client] Sending sample transaction 309
[2022-07-23T17:53:02.888Z INFO  client] Sending sample transaction 310
[2022-07-23T17:53:02.937Z INFO  client] Sending sample transaction 311
[2022-07-23T17:53:02.987Z INFO  client] Sending sample transaction 312
[2022-07-23T17:53:03.036Z INFO  client] Sending sample transaction 313
[2022-07-23T17:53:03.088Z INFO  client] Sending sample transaction 314
[2022-07-23T17:53:03.137Z INFO  client] Sending sample transaction 315
[2022-07-23T17:53:03.187Z INFO  client] Sending sample transaction 316
[2022-07-23T17:53:03.238Z INFO  client] Sending sample transaction 317
[2022-07-23T17:53:03.295Z INFO  client] Sending sample transaction 318
[2022-07-23T17:53:03.365Z INFO  client] Sending sample transaction 319
[2022-07-23T17:53:03.416Z INFO  client] Sending sample transaction 320
[2022-07-23T17:53:03.445Z INFO  client] Sending sample transaction 321
[2022-07-23T17:53:03.491Z INFO  client] Sending sample transaction 322
[2022-07-23T17:53:03.538Z INFO  client] Sending sample transaction 323
[2022-07-23T17:53:03.591Z INFO  client] Sending sample transaction 324
[2022-07-23T17:53:03.637Z INFO  client] Sending sample transaction 325
[2022-07-23T17:53:03.688Z INFO  client] Sending sample transaction 326
[2022-07-23T17:53:03.737Z INFO  client] Sending sample transaction 327
[2022-07-23T17:53:03.788Z INFO  client] Sending sample transaction 328
[2022-07-23T17:53:03.838Z INFO  client] Sending sample transaction 329
[2022-07-23T17:53:03.888Z INFO  client] Sending sample transaction 330
[2022-07-23T17:53:03.937Z INFO  client] Sending sample transaction 331
[2022-07-23T17:53:03.987Z INFO  client] Sending sample transaction 332
[2022-07-23T17:53:04.037Z INFO  client] Sending sample transaction 333
[2022-07-23T17:53:04.088Z INFO  client] Sending sample transaction 334
[2022-07-23T17:53:04.138Z INFO  client] Sending sample transaction 335
[2022-07-23T17:53:04.188Z INFO  client] Sending sample transaction 336
[2022-07-23T17:53:04.237Z INFO  client] Sending sample transaction 337
[2022-07-23T17:53:04.287Z INFO  client] Sending sample transaction 338
[2022-07-23T17:53:04.338Z INFO  client] Sending sample transaction 339
[2022-07-23T17:53:04.387Z INFO  client] Sending sample transaction 340
[2022-07-23T17:53:04.437Z INFO  client] Sending sample transaction 341
[2022-07-23T17:53:04.487Z INFO  client] Sending sample transaction 342
[2022-07-23T17:53:04.539Z INFO  client] Sending sample transaction 343
[2022-07-23T17:53:04.588Z INFO  client] Sending sample transaction 344
[2022-07-23T17:53:04.637Z INFO  client] Sending sample transaction 345
[2022-07-23T17:53:04.687Z INFO  client] Sending sample transaction 346
[2022-07-23T17:53:04.738Z INFO  client] Sending sample transaction 347
[2022-07-23T17:53:04.788Z INFO  client] Sending sample transaction 348
[2022-07-23T17:53:04.837Z INFO  client] Sending sample transaction 349
[2022-07-23T17:53:04.887Z INFO  client] Sending sample transaction 350
[2022-07-23T17:53:04.937Z INFO  client] Sending sample transaction 351
[2022-07-23T17:53:04.987Z INFO  client] Sending sample transaction 352
[2022-07-23T17:53:05.047Z INFO  client] Sending sample transaction 353
[2022-07-23T17:53:05.120Z INFO  client] Sending sample transaction 354
[2022-07-23T17:53:05.144Z INFO  client] Sending sample transaction 355
[2022-07-23T17:53:05.188Z INFO  client] Sending sample transaction 356
[2022-07-23T17:53:05.237Z INFO  client] Sending sample transaction 357
[2022-07-23T17:53:05.288Z INFO  client] Sending sample transaction 358
[2022-07-23T17:53:05.338Z INFO  client] Sending sample transaction 359
[2022-07-23T17:53:05.387Z INFO  client] Sending sample transaction 360
[2022-07-23T17:53:05.437Z INFO  client] Sending sample transaction 361
[2022-07-23T17:53:05.487Z INFO  client] Sending sample transaction 362
[2022-07-23T17:53:05.537Z INFO  client] Sending sample transaction 363
[2022-07-23T17:53:05.596Z INFO  client] Sending sample transaction 364
[2022-07-23T17:53:05.637Z INFO  client] Sending sample transaction 365
[2022-07-23T17:53:05.688Z INFO  client] Sending sample transaction 366
[2022-07-23T17:53:05.737Z INFO  client] Sending sample transaction 367
[2022-07-23T17:53:05.788Z INFO  client] Sending sample transaction 368
[2022-07-23T17:53:05.837Z INFO  client] Sending sample transaction 369
[2022-07-23T17:53:05.887Z INFO  client] Sending sample transaction 370
[2022-07-23T17:53:05.938Z INFO  client] Sending sample transaction 371
[2022-07-23T17:53:05.987Z INFO  client] Sending sample transaction 372
[2022-07-23T17:53:06.037Z INFO  client] Sending sample transaction 373
[2022-07-23T17:53:06.087Z INFO  client] Sending sample transaction 374
[2022-07-23T17:53:06.137Z INFO  client] Sending sample transaction 375
[2022-07-23T17:53:06.187Z INFO  client] Sending sample transaction 376
[2022-07-23T17:53:06.238Z INFO  client] Sending sample transaction 377
[2022-07-23T17:53:06.287Z INFO  client] Sending sample transaction 378
[2022-07-23T17:53:06.386Z INFO  client] Sending sample transaction 379
[2022-07-23T17:53:06.391Z INFO  client] Sending sample transaction 380
[2022-07-23T17:53:06.468Z INFO  client] Sending sample transaction 381
[2022-07-23T17:53:06.488Z INFO  client] Sending sample transaction 382
[2022-07-23T17:53:06.538Z INFO  client] Sending sample transaction 383
[2022-07-23T17:53:06.587Z INFO  client] Sending sample transaction 384
[2022-07-23T17:53:06.645Z INFO  client] Sending sample transaction 385
[2022-07-23T17:53:06.688Z INFO  client] Sending sample transaction 386
[2022-07-23T17:53:06.738Z INFO  client] Sending sample transaction 387
[2022-07-23T17:53:06.787Z INFO  client] Sending sample transaction 388
[2022-07-23T17:53:06.837Z INFO  client] Sending sample transaction 389
[2022-07-23T17:53:06.888Z INFO  client] Sending sample transaction 390
[2022-07-23T17:53:06.937Z INFO  client] Sending sample transaction 391
[2022-07-23T17:53:06.987Z INFO  client] Sending sample transaction 392
[2022-07-23T17:53:07.037Z INFO  client] Sending sample transaction 393
[2022-07-23T17:53:07.087Z INFO  client] Sending sample transaction 394
[2022-07-23T17:53:07.138Z INFO  client] Sending sample transaction 395
[2022-07-23T17:53:07.188Z INFO  client] Sending sample transaction 396
[2022-07-23T17:53:07.237Z INFO  client] Sending sample transaction 397
[2022-07-23T17:53:07.287Z INFO  client] Sending sample transaction 398
[2022-07-23T17:53:07.337Z INFO  client] Sending sample transaction 399
[2022-07-23T17:53:07.387Z INFO  client] Sending sample transaction 400
[2022-07-23T17:53:07.437Z INFO  client] Sending sample transaction 401
[2022-07-23T17:53:07.487Z INFO  client] Sending sample transaction 402
[2022-07-23T17:53:07.538Z INFO  client] Sending sample transaction 403
[2022-07-23T17:53:07.589Z INFO  client] Sending sample transaction 404
[2022-07-23T17:53:07.644Z INFO  client] Sending sample transaction 405
[2022-07-23T17:53:07.700Z INFO  client] Sending sample transaction 406
[2022-07-23T17:53:07.739Z INFO  client] Sending sample transaction 407
[2022-07-23T17:53:07.788Z INFO  client] Sending sample transaction 408
[2022-07-23T17:53:07.845Z INFO  client] Sending sample transaction 409
[2022-07-23T17:53:07.887Z INFO  client] Sending sample transaction 410
[2022-07-23T17:53:07.941Z INFO  client] Sending sample transaction 411
[2022-07-23T17:53:07.992Z INFO  client] Sending sample transaction 412
[2022-07-23T17:53:08.037Z INFO  client] Sending sample transaction 413
[2022-07-23T17:53:08.087Z INFO  client] Sending sample transaction 414
[2022-07-23T17:53:08.137Z INFO  client] Sending sample transaction 415
[2022-07-23T17:53:08.188Z INFO  client] Sending sample transaction 416
[2022-07-23T17:53:08.237Z INFO  client] Sending sample transaction 417
[2022-07-23T17:53:08.288Z INFO  client] Sending sample transaction 418
[2022-07-23T17:53:08.337Z INFO  client] Sending sample transaction 419
[2022-07-23T17:53:08.387Z INFO  client] Sending sample transaction 420
[2022-07-23T17:53:08.438Z INFO  client] Sending sample transaction 421
[2022-07-23T17:53:08.487Z INFO  client] Sending sample transaction 422
[2022-07-23T17:53:08.537Z INFO  client] Sending sample transaction 423
[2022-07-23T17:53:08.616Z INFO  client] Sending sample transaction 424
[2022-07-23T17:53:08.675Z INFO  client] Sending sample transaction 425
[2022-07-23T17:53:08.831Z INFO  client] Sending sample transaction 426
[2022-07-23T17:53:08.831Z INFO  client] Sending sample transaction 427
[2022-07-23T17:53:08.878Z INFO  client] Sending sample transaction 428
[2022-07-23T17:53:08.878Z INFO  client] Sending sample transaction 429
[2022-07-23T17:53:08.904Z INFO  client] Sending sample transaction 430
[2022-07-23T17:53:09.053Z INFO  client] Sending sample transaction 431
[2022-07-23T17:53:09.053Z INFO  client] Sending sample transaction 432
[2022-07-23T17:53:09.122Z INFO  client] Sending sample transaction 433
[2022-07-23T17:53:09.174Z INFO  client] Sending sample transaction 434
[2022-07-23T17:53:09.258Z INFO  client] Sending sample transaction 435
[2022-07-23T17:53:09.329Z INFO  client] Sending sample transaction 436
[2022-07-23T17:53:09.387Z WARN  client] Transaction rate too high for this client
[2022-07-23T17:53:09.387Z INFO  client] Sending sample transaction 437
[2022-07-23T17:53:09.407Z INFO  client] Sending sample transaction 438
[2022-07-23T17:53:09.407Z INFO  client] Sending sample transaction 439
[2022-07-23T17:53:09.407Z INFO  client] Sending sample transaction 440
[2022-07-23T17:53:09.455Z INFO  client] Sending sample transaction 441
[2022-07-23T17:53:09.488Z INFO  client] Sending sample transaction 442
[2022-07-23T17:53:09.539Z INFO  client] Sending sample transaction 443
[2022-07-23T17:53:09.590Z INFO  client] Sending sample transaction 444
[2022-07-23T17:53:09.638Z INFO  client] Sending sample transaction 445
[2022-07-23T17:53:09.688Z INFO  client] Sending sample transaction 446
[2022-07-23T17:53:09.738Z INFO  client] Sending sample transaction 447
