[2022-07-23T11:00:53.529Z INFO  client] Node address: 127.0.0.1:9012
[2022-07-23T11:00:53.529Z INFO  client] Transactions size: 512 B
[2022-07-23T11:00:53.529Z INFO  client] Transactions rate: 112 tx/s
[2022-07-23T11:00:53.529Z INFO  client] Waiting for all nodes to be online...
[2022-07-23T11:00:53.529Z INFO  client] Waiting for all nodes to be synchronized...
[2022-07-23T11:00:55.533Z INFO  client] Start sending transactions
[2022-07-23T11:00:55.535Z INFO  client] Sending sample transaction 0
[2022-07-23T11:00:55.584Z INFO  client] Sending sample transaction 1
[2022-07-23T11:00:55.634Z INFO  client] Sending sample transaction 2
[2022-07-23T11:00:55.685Z INFO  client] Sending sample transaction 3
[2022-07-23T11:00:55.735Z INFO  client] Sending sample transaction 4
[2022-07-23T11:00:55.784Z INFO  client] Sending sample transaction 5
[2022-07-23T11:00:55.833Z INFO  client] Sending sample transaction 6
[2022-07-23T11:00:55.885Z INFO  client] Sending sample transaction 7
[2022-07-23T11:00:55.935Z INFO  client] Sending sample transaction 8
[2022-07-23T11:00:55.984Z INFO  client] Sending sample transaction 9
[2022-07-23T11:00:56.039Z INFO  client] Sending sample transaction 10
[2022-07-23T11:00:56.086Z INFO  client] Sending sample transaction 11
[2022-07-23T11:00:56.146Z INFO  client] Sending sample transaction 12
[2022-07-23T11:00:56.184Z INFO  client] Sending sample transaction 13
[2022-07-23T11:00:56.236Z INFO  client] Sending sample transaction 14
[2022-07-23T11:00:56.284Z INFO  client] Sending sample transaction 15
[2022-07-23T11:00:56.336Z INFO  client] Sending sample transaction 16
[2022-07-23T11:00:56.384Z INFO  client] Sending sample transaction 17
[2022-07-23T11:00:56.435Z INFO  client] Sending sample transaction 18
[2022-07-23T11:00:56.485Z INFO  client] Sending sample transaction 19
[2022-07-23T11:00:56.534Z INFO  client] Sending sample transaction 20
[2022-07-23T11:00:56.584Z INFO  client] Sending sample transaction 21
[2022-07-23T11:00:56.634Z INFO  client] Sending sample transaction 22
[2022-07-23T11:00:56.684Z INFO  client] Sending sample transaction 23
[2022-07-23T11:00:56.737Z INFO  client] Sending sample transaction 24
[2022-07-23T11:00:56.783Z INFO  client] Sending sample transaction 25
[2022-07-23T11:00:56.834Z INFO  client] Sending sample transaction 26
[2022-07-23T11:00:56.884Z INFO  client] Sending sample transaction 27
[2022-07-23T11:00:56.934Z INFO  client] Sending sample transaction 28
[2022-07-23T11:00:56.984Z INFO  client] Sending sample transaction 29
[2022-07-23T11:00:57.034Z INFO  client] Sending sample transaction 30
[2022-07-23T11:00:57.084Z INFO  client] Sending sample transaction 31
[2022-07-23T11:00:57.136Z INFO  client] Sending sample transaction 32
[2022-07-23T11:00:57.188Z INFO  client] Sending sample transaction 33
[2022-07-23T11:00:57.235Z INFO  client] Sending sample transaction 34
[2022-07-23T11:00:57.284Z INFO  client] Sending sample transaction 35
[2022-07-23T11:00:57.334Z INFO  client] Sending sample transaction 36
[2022-07-23T11:00:57.384Z INFO  client] Sending sample transaction 37
[2022-07-23T11:00:57.434Z INFO  client] Sending sample transaction 38
[2022-07-23T11:00:57.490Z INFO  client] Sending sample transaction 39
[2022-07-23T11:00:57.537Z INFO  client] Sending sample transaction 40
[2022-07-23T11:00:57.584Z INFO  client] Sending sample transaction 41
[2022-07-23T11:00:57.634Z INFO  client] Sending sample transaction 42
[2022-07-23T11:00:57.684Z INFO  client] Sending sample transaction 43
[2022-07-23T11:00:57.734Z INFO  client] Sending sample transaction 44
[2022-07-23T11:00:57.784Z INFO  client] Sending sample transaction 45
[2022-07-23T11:00:57.834Z INFO  client] Sending sample transaction 46
[2022-07-23T11:00:57.884Z INFO  client] Sending sample transaction 47
[2022-07-23T11:00:57.934Z INFO  client] Sending sample transaction 48
[2022-07-23T11:00:57.984Z INFO  client] Sending sample transaction 49
[2022-07-23T11:00:58.034Z INFO  client] Sending sample transaction 50
[2022-07-23T11:00:58.084Z INFO  client] Sending sample transaction 51
[2022-07-23T11:00:58.134Z INFO  client] Sending sample transaction 52
[2022-07-23T11:00:58.184Z INFO  client] Sending sample transaction 53
[2022-07-23T11:00:58.234Z INFO  client] Sending sample transaction 54
[2022-07-23T11:00:58.285Z INFO  client] Sending sample transaction 55
[2022-07-23T11:00:58.334Z INFO  client] Sending sample transaction 56
[2022-07-23T11:00:58.384Z INFO  client] Sending sample transaction 57
[2022-07-23T11:00:58.434Z INFO  client] Sending sample transaction 58
[2022-07-23T11:00:58.483Z INFO  client] Sending sample transaction 59
[2022-07-23T11:00:58.533Z INFO  client] Sending sample transaction 60
[2022-07-23T11:00:58.596Z INFO  client] Sending sample transaction 61
[2022-07-23T11:00:58.634Z INFO  client] Sending sample transaction 62
[2022-07-23T11:00:58.684Z INFO  client] Sending sample transaction 63
[2022-07-23T11:00:58.734Z INFO  client] Sending sample transaction 64
[2022-07-23T11:00:58.784Z INFO  client] Sending sample transaction 65
[2022-07-23T11:00:58.834Z INFO  client] Sending sample transaction 66
[2022-07-23T11:00:58.884Z INFO  client] Sending sample transaction 67
[2022-07-23T11:00:58.934Z INFO  client] Sending sample transaction 68
[2022-07-23T11:00:58.985Z INFO  client] Sending sample transaction 69
[2022-07-23T11:00:59.034Z INFO  client] Sending sample transaction 70
[2022-07-23T11:00:59.084Z INFO  client] Sending sample transaction 71
[2022-07-23T11:00:59.134Z INFO  client] Sending sample transaction 72
[2022-07-23T11:00:59.184Z INFO  client] Sending sample transaction 73
[2022-07-23T11:00:59.234Z INFO  client] Sending sample transaction 74
[2022-07-23T11:00:59.285Z INFO  client] Sending sample transaction 75
[2022-07-23T11:00:59.334Z INFO  client] Sending sample transaction 76
[2022-07-23T11:00:59.383Z INFO  client] Sending sample transaction 77
[2022-07-23T11:00:59.434Z INFO  client] Sending sample transaction 78
[2022-07-23T11:00:59.484Z INFO  client] Sending sample transaction 79
[2022-07-23T11:00:59.534Z INFO  client] Sending sample transaction 80
[2022-07-23T11:00:59.586Z INFO  client] Sending sample transaction 81
[2022-07-23T11:00:59.639Z INFO  client] Sending sample transaction 82
[2022-07-23T11:00:59.683Z INFO  client] Sending sample transaction 83
[2022-07-23T11:00:59.734Z INFO  client] Sending sample transaction 84
[2022-07-23T11:00:59.789Z INFO  client] Sending sample transaction 85
[2022-07-23T11:00:59.834Z INFO  client] Sending sample transaction 86
[2022-07-23T11:00:59.884Z INFO  client] Sending sample transaction 87
[2022-07-23T11:00:59.934Z INFO  client] Sending sample transaction 88
[2022-07-23T11:00:59.984Z INFO  client] Sending sample transaction 89
[2022-07-23T11:01:00.034Z INFO  client] Sending sample transaction 90
[2022-07-23T11:01:00.084Z INFO  client] Sending sample transaction 91
[2022-07-23T11:01:00.134Z INFO  client] Sending sample transaction 92
[2022-07-23T11:01:00.184Z INFO  client] Sending sample transaction 93
[2022-07-23T11:01:00.234Z INFO  client] Sending sample transaction 94
[2022-07-23T11:01:00.284Z INFO  client] Sending sample transaction 95
[2022-07-23T11:01:00.334Z INFO  client] Sending sample transaction 96
[2022-07-23T11:01:00.384Z INFO  client] Sending sample transaction 97
[2022-07-23T11:01:00.434Z INFO  client] Sending sample transaction 98
[2022-07-23T11:01:00.483Z INFO  client] Sending sample transaction 99
[2022-07-23T11:01:00.534Z INFO  client] Sending sample transaction 100
[2022-07-23T11:01:00.584Z INFO  client] Sending sample transaction 101
[2022-07-23T11:01:00.633Z INFO  client] Sending sample transaction 102
[2022-07-23T11:01:00.683Z INFO  client] Sending sample transaction 103
[2022-07-23T11:01:00.734Z INFO  client] Sending sample transaction 104
[2022-07-23T11:01:00.784Z INFO  client] Sending sample transaction 105
[2022-07-23T11:01:00.834Z INFO  client] Sending sample transaction 106
[2022-07-23T11:01:00.884Z INFO  client] Sending sample transaction 107
[2022-07-23T11:01:00.934Z INFO  client] Sending sample transaction 108
[2022-07-23T11:01:00.983Z INFO  client] Sending sample transaction 109
[2022-07-23T11:01:01.034Z INFO  client] Sending sample transaction 110
[2022-07-23T11:01:01.084Z INFO  client] Sending sample transaction 111
[2022-07-23T11:01:01.134Z INFO  client] Sending sample transaction 112
[2022-07-23T11:01:01.184Z INFO  client] Sending sample transaction 113
[2022-07-23T11:01:01.233Z INFO  client] Sending sample transaction 114
[2022-07-23T11:01:01.284Z INFO  client] Sending sample transaction 115
[2022-07-23T11:01:01.333Z INFO  client] Sending sample transaction 116
[2022-07-23T11:01:01.384Z INFO  client] Sending sample transaction 117
[2022-07-23T11:01:01.434Z INFO  client] Sending sample transaction 118
[2022-07-23T11:01:01.484Z INFO  client] Sending sample transaction 119
[2022-07-23T11:01:01.533Z INFO  client] Sending sample transaction 120
[2022-07-23T11:01:01.584Z INFO  client] Sending sample transaction 121
[2022-07-23T11:01:01.634Z INFO  client] Sending sample transaction 122
[2022-07-23T11:01:01.684Z INFO  client] Sending sample transaction 123
[2022-07-23T11:01:01.733Z INFO  client] Sending sample transaction 124
[2022-07-23T11:01:01.784Z INFO  client] Sending sample transaction 125
[2022-07-23T11:01:01.833Z INFO  client] Sending sample transaction 126
[2022-07-23T11:01:01.884Z INFO  client] Sending sample transaction 127
[2022-07-23T11:01:01.934Z INFO  client] Sending sample transaction 128
[2022-07-23T11:01:01.984Z INFO  client] Sending sample transaction 129
[2022-07-23T11:01:02.034Z INFO  client] Sending sample transaction 130
[2022-07-23T11:01:02.084Z INFO  client] Sending sample transaction 131
[2022-07-23T11:01:02.134Z INFO  client] Sending sample transaction 132
[2022-07-23T11:01:02.184Z INFO  client] Sending sample transaction 133
[2022-07-23T11:01:02.234Z INFO  client] Sending sample transaction 134
[2022-07-23T11:01:02.283Z INFO  client] Sending sample transaction 135
[2022-07-23T11:01:02.334Z INFO  client] Sending sample transaction 136
[2022-07-23T11:01:02.384Z INFO  client] Sending sample transaction 137
[2022-07-23T11:01:02.435Z INFO  client] Sending sample transaction 138
[2022-07-23T11:01:02.484Z INFO  client] Sending sample transaction 139
[2022-07-23T11:01:02.534Z INFO  client] Sending sample transaction 140
[2022-07-23T11:01:02.584Z INFO  client] Sending sample transaction 141
[2022-07-23T11:01:02.635Z INFO  client] Sending sample transaction 142
[2022-07-23T11:01:02.684Z INFO  client] Sending sample transaction 143
[2022-07-23T11:01:02.734Z INFO  client] Sending sample transaction 144
[2022-07-23T11:01:02.784Z INFO  client] Sending sample transaction 145
[2022-07-23T11:01:02.834Z INFO  client] Sending sample transaction 146
[2022-07-23T11:01:02.884Z INFO  client] Sending sample transaction 147
[2022-07-23T11:01:02.934Z INFO  client] Sending sample transaction 148
[2022-07-23T11:01:02.984Z INFO  client] Sending sample transaction 149
[2022-07-23T11:01:03.034Z INFO  client] Sending sample transaction 150
[2022-07-23T11:01:03.084Z INFO  client] Sending sample transaction 151
[2022-07-23T11:01:03.134Z INFO  client] Sending sample transaction 152
[2022-07-23T11:01:03.184Z INFO  client] Sending sample transaction 153
[2022-07-23T11:01:03.234Z INFO  client] Sending sample transaction 154
[2022-07-23T11:01:03.283Z INFO  client] Sending sample transaction 155
[2022-07-23T11:01:03.334Z INFO  client] Sending sample transaction 156
[2022-07-23T11:01:03.385Z INFO  client] Sending sample transaction 157
[2022-07-23T11:01:03.434Z INFO  client] Sending sample transaction 158
[2022-07-23T11:01:03.483Z INFO  client] Sending sample transaction 159
[2022-07-23T11:01:03.533Z INFO  client] Sending sample transaction 160
[2022-07-23T11:01:03.583Z INFO  client] Sending sample transaction 161
[2022-07-23T11:01:03.634Z INFO  client] Sending sample transaction 162
[2022-07-23T11:01:03.684Z INFO  client] Sending sample transaction 163
[2022-07-23T11:01:03.736Z INFO  client] Sending sample transaction 164
[2022-07-23T11:01:03.784Z INFO  client] Sending sample transaction 165
[2022-07-23T11:01:03.834Z INFO  client] Sending sample transaction 166
[2022-07-23T11:01:03.884Z INFO  client] Sending sample transaction 167
[2022-07-23T11:01:03.934Z INFO  client] Sending sample transaction 168
[2022-07-23T11:01:03.984Z INFO  client] Sending sample transaction 169
[2022-07-23T11:01:04.034Z INFO  client] Sending sample transaction 170
[2022-07-23T11:01:04.084Z INFO  client] Sending sample transaction 171
[2022-07-23T11:01:04.134Z INFO  client] Sending sample transaction 172
[2022-07-23T11:01:04.184Z INFO  client] Sending sample transaction 173
[2022-07-23T11:01:04.234Z INFO  client] Sending sample transaction 174
[2022-07-23T11:01:04.284Z INFO  client] Sending sample transaction 175
[2022-07-23T11:01:04.334Z INFO  client] Sending sample transaction 176
[2022-07-23T11:01:04.383Z INFO  client] Sending sample transaction 177
[2022-07-23T11:01:04.435Z INFO  client] Sending sample transaction 178
[2022-07-23T11:01:04.484Z INFO  client] Sending sample transaction 179
[2022-07-23T11:01:04.534Z INFO  client] Sending sample transaction 180
[2022-07-23T11:01:04.584Z INFO  client] Sending sample transaction 181
[2022-07-23T11:01:04.634Z INFO  client] Sending sample transaction 182
[2022-07-23T11:01:04.684Z INFO  client] Sending sample transaction 183
[2022-07-23T11:01:04.735Z INFO  client] Sending sample transaction 184
[2022-07-23T11:01:04.786Z INFO  client] Sending sample transaction 185
[2022-07-23T11:01:04.834Z INFO  client] Sending sample transaction 186
[2022-07-23T11:01:04.884Z INFO  client] Sending sample transaction 187
[2022-07-23T11:01:04.934Z INFO  client] Sending sample transaction 188
[2022-07-23T11:01:04.984Z INFO  client] Sending sample transaction 189
[2022-07-23T11:01:05.034Z INFO  client] Sending sample transaction 190
[2022-07-23T11:01:05.083Z INFO  client] Sending sample transaction 191
[2022-07-23T11:01:05.134Z INFO  client] Sending sample transaction 192
[2022-07-23T11:01:05.184Z INFO  client] Sending sample transaction 193
[2022-07-23T11:01:05.234Z INFO  client] Sending sample transaction 194
[2022-07-23T11:01:05.283Z INFO  client] Sending sample transaction 195
[2022-07-23T11:01:05.334Z INFO  client] Sending sample transaction 196
[2022-07-23T11:01:05.384Z INFO  client] Sending sample transaction 197
[2022-07-23T11:01:05.433Z INFO  client] Sending sample transaction 198
[2022-07-23T11:01:05.484Z INFO  client] Sending sample transaction 199
[2022-07-23T11:01:05.534Z INFO  client] Sending sample transaction 200
[2022-07-23T11:01:05.584Z INFO  client] Sending sample transaction 201
[2022-07-23T11:01:05.634Z INFO  client] Sending sample transaction 202
[2022-07-23T11:01:05.684Z INFO  client] Sending sample transaction 203
[2022-07-23T11:01:05.734Z INFO  client] Sending sample transaction 204
[2022-07-23T11:01:05.785Z INFO  client] Sending sample transaction 205
[2022-07-23T11:01:05.834Z INFO  client] Sending sample transaction 206
[2022-07-23T11:01:05.884Z INFO  client] Sending sample transaction 207
[2022-07-23T11:01:05.934Z INFO  client] Sending sample transaction 208
[2022-07-23T11:01:05.984Z INFO  client] Sending sample transaction 209
[2022-07-23T11:01:06.034Z INFO  client] Sending sample transaction 210
[2022-07-23T11:01:06.084Z INFO  client] Sending sample transaction 211
[2022-07-23T11:01:06.134Z INFO  client] Sending sample transaction 212
[2022-07-23T11:01:06.184Z INFO  client] Sending sample transaction 213
[2022-07-23T11:01:06.234Z INFO  client] Sending sample transaction 214
[2022-07-23T11:01:06.284Z INFO  client] Sending sample transaction 215
[2022-07-23T11:01:06.334Z INFO  client] Sending sample transaction 216
[2022-07-23T11:01:06.384Z INFO  client] Sending sample transaction 217
[2022-07-23T11:01:06.433Z INFO  client] Sending sample transaction 218
[2022-07-23T11:01:06.485Z INFO  client] Sending sample transaction 219
[2022-07-23T11:01:06.534Z INFO  client] Sending sample transaction 220
[2022-07-23T11:01:06.584Z INFO  client] Sending sample transaction 221
[2022-07-23T11:01:06.634Z INFO  client] Sending sample transaction 222
[2022-07-23T11:01:06.685Z INFO  client] Sending sample transaction 223
[2022-07-23T11:01:06.734Z INFO  client] Sending sample transaction 224
[2022-07-23T11:01:06.784Z INFO  client] Sending sample transaction 225
[2022-07-23T11:01:06.837Z INFO  client] Sending sample transaction 226
[2022-07-23T11:01:06.884Z INFO  client] Sending sample transaction 227
[2022-07-23T11:01:06.934Z INFO  client] Sending sample transaction 228
[2022-07-23T11:01:06.984Z INFO  client] Sending sample transaction 229
[2022-07-23T11:01:07.033Z INFO  client] Sending sample transaction 230
[2022-07-23T11:01:07.083Z INFO  client] Sending sample transaction 231
[2022-07-23T11:01:07.134Z INFO  client] Sending sample transaction 232
[2022-07-23T11:01:07.184Z INFO  client] Sending sample transaction 233
[2022-07-23T11:01:07.234Z INFO  client] Sending sample transaction 234
[2022-07-23T11:01:07.284Z INFO  client] Sending sample transaction 235
[2022-07-23T11:01:07.334Z INFO  client] Sending sample transaction 236
[2022-07-23T11:01:07.384Z INFO  client] Sending sample transaction 237
[2022-07-23T11:01:07.434Z INFO  client] Sending sample transaction 238
[2022-07-23T11:01:07.484Z INFO  client] Sending sample transaction 239
[2022-07-23T11:01:07.533Z INFO  client] Sending sample transaction 240
[2022-07-23T11:01:07.584Z INFO  client] Sending sample transaction 241
[2022-07-23T11:01:07.634Z INFO  client] Sending sample transaction 242
[2022-07-23T11:01:07.684Z INFO  client] Sending sample transaction 243
[2022-07-23T11:01:07.735Z INFO  client] Sending sample transaction 244
[2022-07-23T11:01:07.784Z INFO  client] Sending sample transaction 245
[2022-07-23T11:01:07.834Z INFO  client] Sending sample transaction 246
[2022-07-23T11:01:07.884Z INFO  client] Sending sample transaction 247
[2022-07-23T11:01:07.933Z INFO  client] Sending sample transaction 248
[2022-07-23T11:01:07.984Z INFO  client] Sending sample transaction 249
[2022-07-23T11:01:08.034Z INFO  client] Sending sample transaction 250
[2022-07-23T11:01:08.084Z INFO  client] Sending sample transaction 251
[2022-07-23T11:01:08.134Z INFO  client] Sending sample transaction 252
[2022-07-23T11:01:08.184Z INFO  client] Sending sample transaction 253
[2022-07-23T11:01:08.234Z INFO  client] Sending sample transaction 254
[2022-07-23T11:01:08.283Z INFO  client] Sending sample transaction 255
[2022-07-23T11:01:08.334Z INFO  client] Sending sample transaction 256
[2022-07-23T11:01:08.384Z INFO  client] Sending sample transaction 257
[2022-07-23T11:01:08.434Z INFO  client] Sending sample transaction 258
[2022-07-23T11:01:08.485Z INFO  client] Sending sample transaction 259
[2022-07-23T11:01:08.534Z INFO  client] Sending sample transaction 260
[2022-07-23T11:01:08.584Z INFO  client] Sending sample transaction 261
[2022-07-23T11:01:08.634Z INFO  client] Sending sample transaction 262
[2022-07-23T11:01:08.684Z INFO  client] Sending sample transaction 263
[2022-07-23T11:01:08.735Z INFO  client] Sending sample transaction 264
[2022-07-23T11:01:08.784Z INFO  client] Sending sample transaction 265
[2022-07-23T11:01:08.834Z INFO  client] Sending sample transaction 266
[2022-07-23T11:01:08.889Z INFO  client] Sending sample transaction 267
[2022-07-23T11:01:08.934Z INFO  client] Sending sample transaction 268
[2022-07-23T11:01:08.983Z INFO  client] Sending sample transaction 269
[2022-07-23T11:01:09.034Z INFO  client] Sending sample transaction 270
[2022-07-23T11:01:09.084Z INFO  client] Sending sample transaction 271
[2022-07-23T11:01:09.133Z INFO  client] Sending sample transaction 272
[2022-07-23T11:01:09.184Z INFO  client] Sending sample transaction 273
[2022-07-23T11:01:09.234Z INFO  client] Sending sample transaction 274
[2022-07-23T11:01:09.284Z INFO  client] Sending sample transaction 275
[2022-07-23T11:01:09.335Z INFO  client] Sending sample transaction 276
[2022-07-23T11:01:09.384Z INFO  client] Sending sample transaction 277
[2022-07-23T11:01:09.435Z INFO  client] Sending sample transaction 278
[2022-07-23T11:01:09.483Z INFO  client] Sending sample transaction 279
[2022-07-23T11:01:09.534Z INFO  client] Sending sample transaction 280
[2022-07-23T11:01:09.583Z INFO  client] Sending sample transaction 281
[2022-07-23T11:01:09.634Z INFO  client] Sending sample transaction 282
[2022-07-23T11:01:09.684Z INFO  client] Sending sample transaction 283
[2022-07-23T11:01:09.734Z INFO  client] Sending sample transaction 284
[2022-07-23T11:01:09.783Z INFO  client] Sending sample transaction 285
[2022-07-23T11:01:09.834Z INFO  client] Sending sample transaction 286
[2022-07-23T11:01:09.884Z INFO  client] Sending sample transaction 287
[2022-07-23T11:01:09.934Z INFO  client] Sending sample transaction 288
[2022-07-23T11:01:09.984Z INFO  client] Sending sample transaction 289
[2022-07-23T11:01:10.033Z INFO  client] Sending sample transaction 290
[2022-07-23T11:01:10.083Z INFO  client] Sending sample transaction 291
[2022-07-23T11:01:10.134Z INFO  client] Sending sample transaction 292
[2022-07-23T11:01:10.184Z INFO  client] Sending sample transaction 293
[2022-07-23T11:01:10.234Z INFO  client] Sending sample transaction 294
[2022-07-23T11:01:10.284Z INFO  client] Sending sample transaction 295
[2022-07-23T11:01:10.334Z INFO  client] Sending sample transaction 296
[2022-07-23T11:01:10.384Z INFO  client] Sending sample transaction 297
[2022-07-23T11:01:10.434Z INFO  client] Sending sample transaction 298
[2022-07-23T11:01:10.484Z INFO  client] Sending sample transaction 299
[2022-07-23T11:01:10.534Z INFO  client] Sending sample transaction 300
[2022-07-23T11:01:10.584Z INFO  client] Sending sample transaction 301
[2022-07-23T11:01:10.634Z INFO  client] Sending sample transaction 302
[2022-07-23T11:01:10.684Z INFO  client] Sending sample transaction 303
[2022-07-23T11:01:10.735Z INFO  client] Sending sample transaction 304
[2022-07-23T11:01:10.783Z INFO  client] Sending sample transaction 305
[2022-07-23T11:01:10.834Z INFO  client] Sending sample transaction 306
[2022-07-23T11:01:10.884Z INFO  client] Sending sample transaction 307
[2022-07-23T11:01:10.935Z INFO  client] Sending sample transaction 308
[2022-07-23T11:01:10.987Z INFO  client] Sending sample transaction 309
[2022-07-23T11:01:11.033Z INFO  client] Sending sample transaction 310
[2022-07-23T11:01:11.084Z INFO  client] Sending sample transaction 311
[2022-07-23T11:01:11.134Z INFO  client] Sending sample transaction 312
[2022-07-23T11:01:11.184Z INFO  client] Sending sample transaction 313
[2022-07-23T11:01:11.234Z INFO  client] Sending sample transaction 314
[2022-07-23T11:01:11.283Z INFO  client] Sending sample transaction 315
[2022-07-23T11:01:11.334Z INFO  client] Sending sample transaction 316
[2022-07-23T11:01:11.384Z INFO  client] Sending sample transaction 317
[2022-07-23T11:01:11.434Z INFO  client] Sending sample transaction 318
[2022-07-23T11:01:11.484Z INFO  client] Sending sample transaction 319
[2022-07-23T11:01:11.534Z INFO  client] Sending sample transaction 320
[2022-07-23T11:01:11.584Z INFO  client] Sending sample transaction 321
[2022-07-23T11:01:11.634Z INFO  client] Sending sample transaction 322
[2022-07-23T11:01:11.685Z INFO  client] Sending sample transaction 323
[2022-07-23T11:01:11.734Z INFO  client] Sending sample transaction 324
[2022-07-23T11:01:11.784Z INFO  client] Sending sample transaction 325
[2022-07-23T11:01:11.833Z INFO  client] Sending sample transaction 326
[2022-07-23T11:01:11.884Z INFO  client] Sending sample transaction 327
[2022-07-23T11:01:11.934Z INFO  client] Sending sample transaction 328
[2022-07-23T11:01:11.985Z INFO  client] Sending sample transaction 329
[2022-07-23T11:01:12.041Z INFO  client] Sending sample transaction 330
[2022-07-23T11:01:12.084Z INFO  client] Sending sample transaction 331
[2022-07-23T11:01:12.134Z INFO  client] Sending sample transaction 332
[2022-07-23T11:01:12.184Z INFO  client] Sending sample transaction 333
[2022-07-23T11:01:12.233Z INFO  client] Sending sample transaction 334
[2022-07-23T11:01:12.284Z INFO  client] Sending sample transaction 335
[2022-07-23T11:01:12.334Z INFO  client] Sending sample transaction 336
[2022-07-23T11:01:12.384Z INFO  client] Sending sample transaction 337
[2022-07-23T11:01:12.435Z INFO  client] Sending sample transaction 338
[2022-07-23T11:01:12.484Z INFO  client] Sending sample transaction 339
[2022-07-23T11:01:12.533Z INFO  client] Sending sample transaction 340
[2022-07-23T11:01:12.584Z INFO  client] Sending sample transaction 341
[2022-07-23T11:01:12.634Z INFO  client] Sending sample transaction 342
[2022-07-23T11:01:12.684Z INFO  client] Sending sample transaction 343
[2022-07-23T11:01:12.734Z INFO  client] Sending sample transaction 344
[2022-07-23T11:01:12.784Z INFO  client] Sending sample transaction 345
[2022-07-23T11:01:12.834Z INFO  client] Sending sample transaction 346
[2022-07-23T11:01:12.883Z INFO  client] Sending sample transaction 347
[2022-07-23T11:01:12.934Z INFO  client] Sending sample transaction 348
[2022-07-23T11:01:12.984Z INFO  client] Sending sample transaction 349
[2022-07-23T11:01:13.034Z INFO  client] Sending sample transaction 350
[2022-07-23T11:01:13.087Z INFO  client] Sending sample transaction 351
[2022-07-23T11:01:13.133Z INFO  client] Sending sample transaction 352
[2022-07-23T11:01:13.185Z INFO  client] Sending sample transaction 353
[2022-07-23T11:01:13.233Z INFO  client] Sending sample transaction 354
[2022-07-23T11:01:13.284Z INFO  client] Sending sample transaction 355
[2022-07-23T11:01:13.334Z INFO  client] Sending sample transaction 356
[2022-07-23T11:01:13.384Z INFO  client] Sending sample transaction 357
[2022-07-23T11:01:13.434Z INFO  client] Sending sample transaction 358
[2022-07-23T11:01:13.484Z INFO  client] Sending sample transaction 359
[2022-07-23T11:01:13.534Z INFO  client] Sending sample transaction 360
[2022-07-23T11:01:13.584Z INFO  client] Sending sample transaction 361
[2022-07-23T11:01:13.634Z INFO  client] Sending sample transaction 362
[2022-07-23T11:01:13.684Z INFO  client] Sending sample transaction 363
[2022-07-23T11:01:13.734Z INFO  client] Sending sample transaction 364
[2022-07-23T11:01:13.787Z INFO  client] Sending sample transaction 365
[2022-07-23T11:01:13.834Z INFO  client] Sending sample transaction 366
[2022-07-23T11:01:13.884Z INFO  client] Sending sample transaction 367
[2022-07-23T11:01:13.934Z INFO  client] Sending sample transaction 368
[2022-07-23T11:01:13.984Z INFO  client] Sending sample transaction 369
[2022-07-23T11:01:14.034Z INFO  client] Sending sample transaction 370
[2022-07-23T11:01:14.085Z INFO  client] Sending sample transaction 371
[2022-07-23T11:01:14.134Z INFO  client] Sending sample transaction 372
[2022-07-23T11:01:14.184Z INFO  client] Sending sample transaction 373
[2022-07-23T11:01:14.234Z INFO  client] Sending sample transaction 374
[2022-07-23T11:01:14.284Z INFO  client] Sending sample transaction 375
[2022-07-23T11:01:14.334Z INFO  client] Sending sample transaction 376
[2022-07-23T11:01:14.384Z INFO  client] Sending sample transaction 377
[2022-07-23T11:01:14.434Z INFO  client] Sending sample transaction 378
[2022-07-23T11:01:14.485Z INFO  client] Sending sample transaction 379
[2022-07-23T11:01:14.534Z INFO  client] Sending sample transaction 380
[2022-07-23T11:01:14.584Z INFO  client] Sending sample transaction 381
[2022-07-23T11:01:14.634Z INFO  client] Sending sample transaction 382
[2022-07-23T11:01:14.685Z INFO  client] Sending sample transaction 383
[2022-07-23T11:01:14.735Z INFO  client] Sending sample transaction 384
[2022-07-23T11:01:14.785Z INFO  client] Sending sample transaction 385
[2022-07-23T11:01:14.833Z INFO  client] Sending sample transaction 386
[2022-07-23T11:01:14.883Z INFO  client] Sending sample transaction 387
[2022-07-23T11:01:14.934Z INFO  client] Sending sample transaction 388
[2022-07-23T11:01:14.984Z INFO  client] Sending sample transaction 389
[2022-07-23T11:01:15.034Z INFO  client] Sending sample transaction 390
[2022-07-23T11:01:15.084Z INFO  client] Sending sample transaction 391
[2022-07-23T11:01:15.142Z INFO  client] Sending sample transaction 392
[2022-07-23T11:01:15.193Z INFO  client] Sending sample transaction 393
[2022-07-23T11:01:15.234Z INFO  client] Sending sample transaction 394
[2022-07-23T11:01:15.284Z INFO  client] Sending sample transaction 395
[2022-07-23T11:01:15.333Z INFO  client] Sending sample transaction 396
[2022-07-23T11:01:15.384Z INFO  client] Sending sample transaction 397
[2022-07-23T11:01:15.434Z INFO  client] Sending sample transaction 398
[2022-07-23T11:01:15.484Z INFO  client] Sending sample transaction 399
[2022-07-23T11:01:15.533Z INFO  client] Sending sample transaction 400
[2022-07-23T11:01:15.584Z INFO  client] Sending sample transaction 401
[2022-07-23T11:01:15.636Z INFO  client] Sending sample transaction 402
[2022-07-23T11:01:15.684Z INFO  client] Sending sample transaction 403
[2022-07-23T11:01:15.734Z INFO  client] Sending sample transaction 404
[2022-07-23T11:01:15.784Z INFO  client] Sending sample transaction 405
[2022-07-23T11:01:15.834Z INFO  client] Sending sample transaction 406
[2022-07-23T11:01:15.884Z INFO  client] Sending sample transaction 407
[2022-07-23T11:01:15.933Z INFO  client] Sending sample transaction 408
[2022-07-23T11:01:15.983Z INFO  client] Sending sample transaction 409
[2022-07-23T11:01:16.034Z INFO  client] Sending sample transaction 410
[2022-07-23T11:01:16.084Z INFO  client] Sending sample transaction 411
[2022-07-23T11:01:16.134Z INFO  client] Sending sample transaction 412
[2022-07-23T11:01:16.183Z INFO  client] Sending sample transaction 413
[2022-07-23T11:01:16.234Z INFO  client] Sending sample transaction 414
[2022-07-23T11:01:16.284Z INFO  client] Sending sample transaction 415
[2022-07-23T11:01:16.334Z INFO  client] Sending sample transaction 416
[2022-07-23T11:01:16.384Z INFO  client] Sending sample transaction 417
[2022-07-23T11:01:16.434Z INFO  client] Sending sample transaction 418
[2022-07-23T11:01:16.484Z INFO  client] Sending sample transaction 419
[2022-07-23T11:01:16.533Z INFO  client] Sending sample transaction 420
[2022-07-23T11:01:16.585Z INFO  client] Sending sample transaction 421
[2022-07-23T11:01:16.634Z INFO  client] Sending sample transaction 422
[2022-07-23T11:01:16.685Z INFO  client] Sending sample transaction 423
[2022-07-23T11:01:16.734Z INFO  client] Sending sample transaction 424
[2022-07-23T11:01:16.783Z INFO  client] Sending sample transaction 425
