[2022-07-23T18:47:19.117Z INFO  client] Node address: 127.0.0.1:9010
[2022-07-23T18:47:19.117Z INFO  client] Transactions size: 512 B
[2022-07-23T18:47:19.117Z INFO  client] Transactions rate: 112 tx/s
[2022-07-23T18:47:19.117Z INFO  client] Waiting for all nodes to be online...
[2022-07-23T18:47:19.117Z INFO  client] Waiting for all nodes to be synchronized...
[2022-07-23T18:47:21.121Z INFO  client] Start sending transactions
[2022-07-23T18:47:21.124Z INFO  client] Sending sample transaction 0
[2022-07-23T18:47:21.173Z INFO  client] Sending sample transaction 1
[2022-07-23T18:47:21.223Z INFO  client] Sending sample transaction 2
[2022-07-23T18:47:21.272Z INFO  client] Sending sample transaction 3
[2022-07-23T18:47:21.325Z INFO  client] Sending sample transaction 4
[2022-07-23T18:47:21.372Z INFO  client] Sending sample transaction 5
[2022-07-23T18:47:21.423Z INFO  client] Sending sample transaction 6
[2022-07-23T18:47:21.472Z INFO  client] Sending sample transaction 7
[2022-07-23T18:47:21.526Z INFO  client] Sending sample transaction 8
[2022-07-23T18:47:21.575Z INFO  client] Sending sample transaction 9
[2022-07-23T18:47:21.624Z INFO  client] Sending sample transaction 10
[2022-07-23T18:47:21.672Z INFO  client] Sending sample transaction 11
[2022-07-23T18:47:21.722Z INFO  client] Sending sample transaction 12
[2022-07-23T18:47:21.773Z INFO  client] Sending sample transaction 13
[2022-07-23T18:47:21.823Z INFO  client] Sending sample transaction 14
[2022-07-23T18:47:21.874Z INFO  client] Sending sample transaction 15
[2022-07-23T18:47:21.928Z INFO  client] Sending sample transaction 16
[2022-07-23T18:47:21.974Z INFO  client] Sending sample transaction 17
[2022-07-23T18:47:22.033Z INFO  client] Sending sample transaction 18
[2022-07-23T18:47:22.073Z INFO  client] Sending sample transaction 19
[2022-07-23T18:47:22.123Z INFO  client] Sending sample transaction 20
[2022-07-23T18:47:22.173Z INFO  client] Sending sample transaction 21
[2022-07-23T18:47:22.225Z INFO  client] Sending sample transaction 22
[2022-07-23T18:47:22.274Z INFO  client] Sending sample transaction 23
[2022-07-23T18:47:22.324Z INFO  client] Sending sample transaction 24
[2022-07-23T18:47:22.380Z INFO  client] Sending sample transaction 25
[2022-07-23T18:47:22.423Z INFO  client] Sending sample transaction 26
[2022-07-23T18:47:22.472Z INFO  client] Sending sample transaction 27
[2022-07-23T18:47:22.523Z INFO  client] Sending sample transaction 28
[2022-07-23T18:47:22.578Z INFO  client] Sending sample transaction 29
[2022-07-23T18:47:22.622Z INFO  client] Sending sample transaction 30
[2022-07-23T18:47:22.673Z INFO  client] Sending sample transaction 31
[2022-07-23T18:47:22.724Z INFO  client] Sending sample transaction 32
[2022-07-23T18:47:22.773Z INFO  client] Sending sample transaction 33
[2022-07-23T18:47:22.828Z INFO  client] Sending sample transaction 34
[2022-07-23T18:47:22.873Z INFO  client] Sending sample transaction 35
[2022-07-23T18:47:22.923Z INFO  client] Sending sample transaction 36
[2022-07-23T18:47:22.972Z INFO  client] Sending sample transaction 37
[2022-07-23T18:47:23.024Z INFO  client] Sending sample transaction 38
[2022-07-23T18:47:23.073Z INFO  client] Sending sample transaction 39
[2022-07-23T18:47:23.122Z INFO  client] Sending sample transaction 40
[2022-07-23T18:47:23.172Z INFO  client] Sending sample transaction 41
[2022-07-23T18:47:23.222Z INFO  client] Sending sample transaction 42
[2022-07-23T18:47:23.273Z INFO  client] Sending sample transaction 43
[2022-07-23T18:47:23.323Z INFO  client] Sending sample transaction 44
[2022-07-23T18:47:23.373Z INFO  client] Sending sample transaction 45
[2022-07-23T18:47:23.422Z INFO  client] Sending sample transaction 46
[2022-07-23T18:47:23.474Z INFO  client] Sending sample transaction 47
[2022-07-23T18:47:23.523Z INFO  client] Sending sample transaction 48
[2022-07-23T18:47:23.574Z INFO  client] Sending sample transaction 49
[2022-07-23T18:47:23.623Z INFO  client] Sending sample transaction 50
[2022-07-23T18:47:23.672Z INFO  client] Sending sample transaction 51
[2022-07-23T18:47:23.723Z INFO  client] Sending sample transaction 52
[2022-07-23T18:47:23.773Z INFO  client] Sending sample transaction 53
[2022-07-23T18:47:23.823Z INFO  client] Sending sample transaction 54
[2022-07-23T18:47:23.873Z INFO  client] Sending sample transaction 55
[2022-07-23T18:47:23.922Z INFO  client] Sending sample transaction 56
[2022-07-23T18:47:23.973Z INFO  client] Sending sample transaction 57
[2022-07-23T18:47:24.023Z INFO  client] Sending sample transaction 58
[2022-07-23T18:47:24.073Z INFO  client] Sending sample transaction 59
[2022-07-23T18:47:24.135Z INFO  client] Sending sample transaction 60
[2022-07-23T18:47:24.173Z INFO  client] Sending sample transaction 61
[2022-07-23T18:47:24.222Z INFO  client] Sending sample transaction 62
[2022-07-23T18:47:24.272Z INFO  client] Sending sample transaction 63
[2022-07-23T18:47:24.323Z INFO  client] Sending sample transaction 64
[2022-07-23T18:47:24.373Z INFO  client] Sending sample transaction 65
[2022-07-23T18:47:24.424Z INFO  client] Sending sample transaction 66
[2022-07-23T18:47:24.473Z INFO  client] Sending sample transaction 67
[2022-07-23T18:47:24.523Z INFO  client] Sending sample transaction 68
[2022-07-23T18:47:24.573Z INFO  client] Sending sample transaction 69
[2022-07-23T18:47:24.621Z INFO  client] Sending sample transaction 70
[2022-07-23T18:47:24.672Z INFO  client] Sending sample transaction 71
[2022-07-23T18:47:24.723Z INFO  client] Sending sample transaction 72
[2022-07-23T18:47:24.773Z INFO  client] Sending sample transaction 73
[2022-07-23T18:47:24.824Z INFO  client] Sending sample transaction 74
[2022-07-23T18:47:24.872Z INFO  client] Sending sample transaction 75
[2022-07-23T18:47:24.922Z INFO  client] Sending sample transaction 76
[2022-07-23T18:47:24.972Z INFO  client] Sending sample transaction 77
[2022-07-23T18:47:25.025Z INFO  client] Sending sample transaction 78
[2022-07-23T18:47:25.072Z INFO  client] Sending sample transaction 79
[2022-07-23T18:47:25.125Z INFO  client] Sending sample transaction 80
[2022-07-23T18:47:25.178Z INFO  client] Sending sample transaction 81
[2022-07-23T18:47:25.222Z INFO  client] Sending sample transaction 82
[2022-07-23T18:47:25.273Z INFO  client] Sending sample transaction 83
[2022-07-23T18:47:25.325Z INFO  client] Sending sample transaction 84
[2022-07-23T18:47:25.373Z INFO  client] Sending sample transaction 85
[2022-07-23T18:47:25.422Z INFO  client] Sending sample transaction 86
[2022-07-23T18:47:25.473Z INFO  client] Sending sample transaction 87
[2022-07-23T18:47:25.523Z INFO  client] Sending sample transaction 88
[2022-07-23T18:47:25.573Z INFO  client] Sending sample transaction 89
[2022-07-23T18:47:25.622Z INFO  client] Sending sample transaction 90
[2022-07-23T18:47:25.672Z INFO  client] Sending sample transaction 91
[2022-07-23T18:47:25.723Z INFO  client] Sending sample transaction 92
[2022-07-23T18:47:25.772Z INFO  client] Sending sample transaction 93
[2022-07-23T18:47:25.822Z INFO  client] Sending sample transaction 94
[2022-07-23T18:47:25.872Z INFO  client] Sending sample transaction 95
[2022-07-23T18:47:25.923Z INFO  client] Sending sample transaction 96
[2022-07-23T18:47:25.972Z INFO  client] Sending sample transaction 97
[2022-07-23T18:47:26.025Z INFO  client] Sending sample transaction 98
[2022-07-23T18:47:26.073Z INFO  client] Sending sample transaction 99
[2022-07-23T18:47:26.128Z INFO  client] Sending sample transaction 100
[2022-07-23T18:47:26.172Z INFO  client] Sending sample transaction 101
[2022-07-23T18:47:26.222Z INFO  client] Sending sample transaction 102
[2022-07-23T18:47:26.273Z INFO  client] Sending sample transaction 103
[2022-07-23T18:47:26.323Z INFO  client] Sending sample transaction 104
[2022-07-23T18:47:26.373Z INFO  client] Sending sample transaction 105
[2022-07-23T18:47:26.423Z INFO  client] Sending sample transaction 106
[2022-07-23T18:47:26.473Z INFO  client] Sending sample transaction 107
[2022-07-23T18:47:26.523Z INFO  client] Sending sample transaction 108
[2022-07-23T18:47:26.576Z INFO  client] Sending sample transaction 109
[2022-07-23T18:47:26.622Z INFO  client] Sending sample transaction 110
[2022-07-23T18:47:26.673Z INFO  client] Sending sample transaction 111
[2022-07-23T18:47:26.727Z INFO  client] Sending sample transaction 112
[2022-07-23T18:47:26.773Z INFO  client] Sending sample transaction 113
[2022-07-23T18:47:26.822Z INFO  client] Sending sample transaction 114
[2022-07-23T18:47:26.872Z INFO  client] Sending sample transaction 115
[2022-07-23T18:47:26.923Z INFO  client] Sending sample transaction 116
[2022-07-23T18:47:26.973Z INFO  client] Sending sample transaction 117
[2022-07-23T18:47:27.022Z INFO  client] Sending sample transaction 118
[2022-07-23T18:47:27.074Z INFO  client] Sending sample transaction 119
[2022-07-23T18:47:27.122Z INFO  client] Sending sample transaction 120
[2022-07-23T18:47:27.172Z INFO  client] Sending sample transaction 121
[2022-07-23T18:47:27.232Z INFO  client] Sending sample transaction 122
[2022-07-23T18:47:27.275Z INFO  client] Sending sample transaction 123
[2022-07-23T18:47:27.323Z INFO  client] Sending sample transaction 124
[2022-07-23T18:47:27.372Z INFO  client] Sending sample transaction 125
[2022-07-23T18:47:27.423Z INFO  client] Sending sample transaction 126
[2022-07-23T18:47:27.472Z INFO  client] Sending sample transaction 127
[2022-07-23T18:47:27.523Z INFO  client] Sending sample transaction 128
[2022-07-23T18:47:27.573Z INFO  client] Sending sample transaction 129
[2022-07-23T18:47:27.622Z INFO  client] Sending sample transaction 130
[2022-07-23T18:47:27.672Z INFO  client] Sending sample transaction 131
[2022-07-23T18:47:27.722Z INFO  client] Sending sample transaction 132
[2022-07-23T18:47:27.772Z INFO  client] Sending sample transaction 133
[2022-07-23T18:47:27.822Z INFO  client] Sending sample transaction 134
[2022-07-23T18:47:27.872Z INFO  client] Sending sample transaction 135
[2022-07-23T18:47:27.922Z INFO  client] Sending sample transaction 136
[2022-07-23T18:47:27.973Z INFO  client] Sending sample transaction 137
[2022-07-23T18:47:28.023Z INFO  client] Sending sample transaction 138
[2022-07-23T18:47:28.073Z INFO  client] Sending sample transaction 139
[2022-07-23T18:47:28.123Z INFO  client] Sending sample transaction 140
[2022-07-23T18:47:28.172Z INFO  client] Sending sample transaction 141
[2022-07-23T18:47:28.228Z INFO  client] Sending sample transaction 142
[2022-07-23T18:47:28.272Z INFO  client] Sending sample transaction 143
[2022-07-23T18:47:28.325Z INFO  client] Sending sample transaction 144
[2022-07-23T18:47:28.373Z INFO  client] Sending sample transaction 145
[2022-07-23T18:47:28.428Z INFO  client] Sending sample transaction 146
[2022-07-23T18:47:28.472Z INFO  client] Sending sample transaction 147
[2022-07-23T18:47:28.523Z INFO  client] Sending sample transaction 148
[2022-07-23T18:47:28.572Z INFO  client] Sending sample transaction 149
[2022-07-23T18:47:28.622Z INFO  client] Sending sample transaction 150
[2022-07-23T18:47:28.672Z INFO  client] Sending sample transaction 151
[2022-07-23T18:47:28.723Z INFO  client] Sending sample transaction 152
[2022-07-23T18:47:28.773Z INFO  client] Sending sample transaction 153
[2022-07-23T18:47:28.829Z INFO  client] Sending sample transaction 154
[2022-07-23T18:47:28.872Z INFO  client] Sending sample transaction 155
[2022-07-23T18:47:28.923Z INFO  client] Sending sample transaction 156
[2022-07-23T18:47:28.972Z INFO  client] Sending sample transaction 157
[2022-07-23T18:47:29.023Z INFO  client] Sending sample transaction 158
[2022-07-23T18:47:29.073Z INFO  client] Sending sample transaction 159
[2022-07-23T18:47:29.122Z INFO  client] Sending sample transaction 160
[2022-07-23T18:47:29.173Z INFO  client] Sending sample transaction 161
[2022-07-23T18:47:29.223Z INFO  client] Sending sample transaction 162
[2022-07-23T18:47:29.274Z INFO  client] Sending sample transaction 163
[2022-07-23T18:47:29.323Z INFO  client] Sending sample transaction 164
[2022-07-23T18:47:29.372Z INFO  client] Sending sample transaction 165
[2022-07-23T18:47:29.423Z INFO  client] Sending sample transaction 166
[2022-07-23T18:47:29.472Z INFO  client] Sending sample transaction 167
[2022-07-23T18:47:29.522Z INFO  client] Sending sample transaction 168
[2022-07-23T18:47:29.572Z INFO  client] Sending sample transaction 169
[2022-07-23T18:47:29.622Z INFO  client] Sending sample transaction 170
[2022-07-23T18:47:29.674Z INFO  client] Sending sample transaction 171
[2022-07-23T18:47:29.722Z INFO  client] Sending sample transaction 172
[2022-07-23T18:47:29.772Z INFO  client] Sending sample transaction 173
[2022-07-23T18:47:29.825Z INFO  client] Sending sample transaction 174
[2022-07-23T18:47:29.872Z INFO  client] Sending sample transaction 175
[2022-07-23T18:47:29.922Z INFO  client] Sending sample transaction 176
[2022-07-23T18:47:29.973Z INFO  client] Sending sample transaction 177
[2022-07-23T18:47:30.022Z INFO  client] Sending sample transaction 178
[2022-07-23T18:47:30.074Z INFO  client] Sending sample transaction 179
[2022-07-23T18:47:30.123Z INFO  client] Sending sample transaction 180
[2022-07-23T18:47:30.172Z INFO  client] Sending sample transaction 181
[2022-07-23T18:47:30.223Z INFO  client] Sending sample transaction 182
[2022-07-23T18:47:30.274Z INFO  client] Sending sample transaction 183
[2022-07-23T18:47:30.326Z INFO  client] Sending sample transaction 184
[2022-07-23T18:47:30.373Z INFO  client] Sending sample transaction 185
[2022-07-23T18:47:30.423Z INFO  client] Sending sample transaction 186
[2022-07-23T18:47:30.483Z INFO  client] Sending sample transaction 187
[2022-07-23T18:47:30.523Z INFO  client] Sending sample transaction 188
[2022-07-23T18:47:30.573Z INFO  client] Sending sample transaction 189
[2022-07-23T18:47:30.623Z INFO  client] Sending sample transaction 190
[2022-07-23T18:47:30.674Z INFO  client] Sending sample transaction 191
[2022-07-23T18:47:30.723Z INFO  client] Sending sample transaction 192
[2022-07-23T18:47:30.776Z INFO  client] Sending sample transaction 193
[2022-07-23T18:47:30.823Z INFO  client] Sending sample transaction 194
[2022-07-23T18:47:30.872Z INFO  client] Sending sample transaction 195
[2022-07-23T18:47:30.922Z INFO  client] Sending sample transaction 196
[2022-07-23T18:47:30.972Z INFO  client] Sending sample transaction 197
[2022-07-23T18:47:31.022Z INFO  client] Sending sample transaction 198
[2022-07-23T18:47:31.072Z INFO  client] Sending sample transaction 199
[2022-07-23T18:47:31.122Z INFO  client] Sending sample transaction 200
[2022-07-23T18:47:31.172Z INFO  client] Sending sample transaction 201
[2022-07-23T18:47:31.223Z INFO  client] Sending sample transaction 202
[2022-07-23T18:47:31.273Z INFO  client] Sending sample transaction 203
[2022-07-23T18:47:31.322Z INFO  client] Sending sample transaction 204
[2022-07-23T18:47:31.372Z INFO  client] Sending sample transaction 205
[2022-07-23T18:47:31.444Z INFO  client] Sending sample transaction 206
[2022-07-23T18:47:31.484Z INFO  client] Sending sample transaction 207
[2022-07-23T18:47:31.522Z INFO  client] Sending sample transaction 208
[2022-07-23T18:47:31.573Z INFO  client] Sending sample transaction 209
[2022-07-23T18:47:31.622Z INFO  client] Sending sample transaction 210
[2022-07-23T18:47:31.672Z INFO  client] Sending sample transaction 211
[2022-07-23T18:47:31.723Z INFO  client] Sending sample transaction 212
[2022-07-23T18:47:31.773Z INFO  client] Sending sample transaction 213
[2022-07-23T18:47:31.822Z INFO  client] Sending sample transaction 214
[2022-07-23T18:47:31.873Z INFO  client] Sending sample transaction 215
[2022-07-23T18:47:31.922Z INFO  client] Sending sample transaction 216
[2022-07-23T18:47:31.972Z INFO  client] Sending sample transaction 217
[2022-07-23T18:47:32.022Z INFO  client] Sending sample transaction 218
[2022-07-23T18:47:32.072Z INFO  client] Sending sample transaction 219
[2022-07-23T18:47:32.123Z INFO  client] Sending sample transaction 220
[2022-07-23T18:47:32.172Z INFO  client] Sending sample transaction 221
[2022-07-23T18:47:32.222Z INFO  client] Sending sample transaction 222
[2022-07-23T18:47:32.272Z INFO  client] Sending sample transaction 223
[2022-07-23T18:47:32.321Z INFO  client] Sending sample transaction 224
[2022-07-23T18:47:32.373Z INFO  client] Sending sample transaction 225
[2022-07-23T18:47:32.428Z INFO  client] Sending sample transaction 226
[2022-07-23T18:47:32.475Z INFO  client] Sending sample transaction 227
[2022-07-23T18:47:32.531Z INFO  client] Sending sample transaction 228
[2022-07-23T18:47:32.572Z INFO  client] Sending sample transaction 229
[2022-07-23T18:47:32.622Z INFO  client] Sending sample transaction 230
[2022-07-23T18:47:32.672Z INFO  client] Sending sample transaction 231
[2022-07-23T18:47:32.722Z INFO  client] Sending sample transaction 232
[2022-07-23T18:47:32.773Z INFO  client] Sending sample transaction 233
[2022-07-23T18:47:32.823Z INFO  client] Sending sample transaction 234
[2022-07-23T18:47:32.873Z INFO  client] Sending sample transaction 235
[2022-07-23T18:47:32.922Z INFO  client] Sending sample transaction 236
[2022-07-23T18:47:32.973Z INFO  client] Sending sample transaction 237
[2022-07-23T18:47:33.023Z INFO  client] Sending sample transaction 238
[2022-07-23T18:47:33.072Z INFO  client] Sending sample transaction 239
[2022-07-23T18:47:33.122Z INFO  client] Sending sample transaction 240
[2022-07-23T18:47:33.173Z INFO  client] Sending sample transaction 241
[2022-07-23T18:47:33.222Z INFO  client] Sending sample transaction 242
[2022-07-23T18:47:33.272Z INFO  client] Sending sample transaction 243
[2022-07-23T18:47:33.326Z INFO  client] Sending sample transaction 244
[2022-07-23T18:47:33.372Z INFO  client] Sending sample transaction 245
[2022-07-23T18:47:33.425Z INFO  client] Sending sample transaction 246
[2022-07-23T18:47:33.473Z INFO  client] Sending sample transaction 247
[2022-07-23T18:47:33.522Z INFO  client] Sending sample transaction 248
[2022-07-23T18:47:33.578Z INFO  client] Sending sample transaction 249
[2022-07-23T18:47:33.622Z INFO  client] Sending sample transaction 250
[2022-07-23T18:47:33.674Z INFO  client] Sending sample transaction 251
[2022-07-23T18:47:33.723Z INFO  client] Sending sample transaction 252
[2022-07-23T18:47:33.772Z INFO  client] Sending sample transaction 253
[2022-07-23T18:47:33.827Z INFO  client] Sending sample transaction 254
[2022-07-23T18:47:33.872Z INFO  client] Sending sample transaction 255
[2022-07-23T18:47:33.922Z INFO  client] Sending sample transaction 256
[2022-07-23T18:47:33.972Z INFO  client] Sending sample transaction 257
[2022-07-23T18:47:34.023Z INFO  client] Sending sample transaction 258
[2022-07-23T18:47:34.073Z INFO  client] Sending sample transaction 259
[2022-07-23T18:47:34.122Z INFO  client] Sending sample transaction 260
[2022-07-23T18:47:34.172Z INFO  client] Sending sample transaction 261
[2022-07-23T18:47:34.223Z INFO  client] Sending sample transaction 262
[2022-07-23T18:47:34.272Z INFO  client] Sending sample transaction 263
[2022-07-23T18:47:34.324Z INFO  client] Sending sample transaction 264
[2022-07-23T18:47:34.372Z INFO  client] Sending sample transaction 265
[2022-07-23T18:47:34.423Z INFO  client] Sending sample transaction 266
[2022-07-23T18:47:34.473Z INFO  client] Sending sample transaction 267
[2022-07-23T18:47:34.522Z INFO  client] Sending sample transaction 268
[2022-07-23T18:47:34.575Z INFO  client] Sending sample transaction 269
[2022-07-23T18:47:34.622Z INFO  client] Sending sample transaction 270
[2022-07-23T18:47:34.672Z INFO  client] Sending sample transaction 271
[2022-07-23T18:47:34.723Z INFO  client] Sending sample transaction 272
[2022-07-23T18:47:34.772Z INFO  client] Sending sample transaction 273
[2022-07-23T18:47:34.824Z INFO  client] Sending sample transaction 274
[2022-07-23T18:47:34.872Z INFO  client] Sending sample transaction 275
[2022-07-23T18:47:34.929Z INFO  client] Sending sample transaction 276
[2022-07-23T18:47:34.973Z INFO  client] Sending sample transaction 277
[2022-07-23T18:47:35.023Z INFO  client] Sending sample transaction 278
[2022-07-23T18:47:35.072Z INFO  client] Sending sample transaction 279
[2022-07-23T18:47:35.126Z INFO  client] Sending sample transaction 280
[2022-07-23T18:47:35.176Z INFO  client] Sending sample transaction 281
[2022-07-23T18:47:35.222Z INFO  client] Sending sample transaction 282
[2022-07-23T18:47:35.272Z INFO  client] Sending sample transaction 283
[2022-07-23T18:47:35.322Z INFO  client] Sending sample transaction 284
[2022-07-23T18:47:35.372Z INFO  client] Sending sample transaction 285
[2022-07-23T18:47:35.422Z INFO  client] Sending sample transaction 286
[2022-07-23T18:47:35.472Z INFO  client] Sending sample transaction 287
[2022-07-23T18:47:35.522Z INFO  client] Sending sample transaction 288
[2022-07-23T18:47:35.573Z INFO  client] Sending sample transaction 289
[2022-07-23T18:47:35.622Z INFO  client] Sending sample transaction 290
[2022-07-23T18:47:35.673Z INFO  client] Sending sample transaction 291
[2022-07-23T18:47:35.723Z INFO  client] Sending sample transaction 292
[2022-07-23T18:47:35.773Z INFO  client] Sending sample transaction 293
[2022-07-23T18:47:35.822Z INFO  client] Sending sample transaction 294
[2022-07-23T18:47:35.878Z INFO  client] Sending sample transaction 295
[2022-07-23T18:47:35.924Z INFO  client] Sending sample transaction 296
[2022-07-23T18:47:35.972Z INFO  client] Sending sample transaction 297
[2022-07-23T18:47:36.022Z INFO  client] Sending sample transaction 298
[2022-07-23T18:47:36.072Z INFO  client] Sending sample transaction 299
[2022-07-23T18:47:36.122Z INFO  client] Sending sample transaction 300
[2022-07-23T18:47:36.172Z INFO  client] Sending sample transaction 301
[2022-07-23T18:47:36.223Z INFO  client] Sending sample transaction 302
[2022-07-23T18:47:36.276Z INFO  client] Sending sample transaction 303
[2022-07-23T18:47:36.323Z INFO  client] Sending sample transaction 304
[2022-07-23T18:47:36.373Z INFO  client] Sending sample transaction 305
[2022-07-23T18:47:36.424Z INFO  client] Sending sample transaction 306
[2022-07-23T18:47:36.474Z INFO  client] Sending sample transaction 307
[2022-07-23T18:47:36.528Z INFO  client] Sending sample transaction 308
[2022-07-23T18:47:36.572Z INFO  client] Sending sample transaction 309
[2022-07-23T18:47:36.623Z INFO  client] Sending sample transaction 310
[2022-07-23T18:47:36.681Z INFO  client] Sending sample transaction 311
[2022-07-23T18:47:36.723Z INFO  client] Sending sample transaction 312
[2022-07-23T18:47:36.772Z INFO  client] Sending sample transaction 313
[2022-07-23T18:47:36.823Z INFO  client] Sending sample transaction 314
[2022-07-23T18:47:36.872Z INFO  client] Sending sample transaction 315
[2022-07-23T18:47:36.923Z INFO  client] Sending sample transaction 316
[2022-07-23T18:47:36.973Z INFO  client] Sending sample transaction 317
[2022-07-23T18:47:37.023Z INFO  client] Sending sample transaction 318
[2022-07-23T18:47:37.072Z INFO  client] Sending sample transaction 319
[2022-07-23T18:47:37.124Z INFO  client] Sending sample transaction 320
[2022-07-23T18:47:37.176Z INFO  client] Sending sample transaction 321
[2022-07-23T18:47:37.223Z INFO  client] Sending sample transaction 322
[2022-07-23T18:47:37.274Z INFO  client] Sending sample transaction 323
[2022-07-23T18:47:37.325Z INFO  client] Sending sample transaction 324
[2022-07-23T18:47:37.372Z INFO  client] Sending sample transaction 325
[2022-07-23T18:47:37.422Z INFO  client] Sending sample transaction 326
[2022-07-23T18:47:37.477Z INFO  client] Sending sample transaction 327
[2022-07-23T18:47:37.522Z INFO  client] Sending sample transaction 328
[2022-07-23T18:47:37.572Z INFO  client] Sending sample transaction 329
[2022-07-23T18:47:37.623Z INFO  client] Sending sample transaction 330
[2022-07-23T18:47:37.674Z INFO  client] Sending sample transaction 331
[2022-07-23T18:47:37.737Z INFO  client] Sending sample transaction 332
[2022-07-23T18:47:37.773Z INFO  client] Sending sample transaction 333
[2022-07-23T18:47:37.823Z INFO  client] Sending sample transaction 334
[2022-07-23T18:47:37.872Z INFO  client] Sending sample transaction 335
[2022-07-23T18:47:37.923Z INFO  client] Sending sample transaction 336
[2022-07-23T18:47:37.972Z INFO  client] Sending sample transaction 337
[2022-07-23T18:47:38.022Z INFO  client] Sending sample transaction 338
[2022-07-23T18:47:38.072Z INFO  client] Sending sample transaction 339
[2022-07-23T18:47:38.123Z INFO  client] Sending sample transaction 340
[2022-07-23T18:47:38.173Z INFO  client] Sending sample transaction 341
[2022-07-23T18:47:38.222Z INFO  client] Sending sample transaction 342
[2022-07-23T18:47:38.272Z INFO  client] Sending sample transaction 343
[2022-07-23T18:47:38.323Z INFO  client] Sending sample transaction 344
[2022-07-23T18:47:38.372Z INFO  client] Sending sample transaction 345
[2022-07-23T18:47:38.422Z INFO  client] Sending sample transaction 346
[2022-07-23T18:47:38.473Z INFO  client] Sending sample transaction 347
[2022-07-23T18:47:38.523Z INFO  client] Sending sample transaction 348
[2022-07-23T18:47:38.573Z INFO  client] Sending sample transaction 349
[2022-07-23T18:47:38.622Z INFO  client] Sending sample transaction 350
[2022-07-23T18:47:38.672Z INFO  client] Sending sample transaction 351
[2022-07-23T18:47:38.722Z INFO  client] Sending sample transaction 352
[2022-07-23T18:47:38.772Z INFO  client] Sending sample transaction 353
[2022-07-23T18:47:38.822Z INFO  client] Sending sample transaction 354
[2022-07-23T18:47:38.873Z INFO  client] Sending sample transaction 355
[2022-07-23T18:47:38.922Z INFO  client] Sending sample transaction 356
[2022-07-23T18:47:38.972Z INFO  client] Sending sample transaction 357
[2022-07-23T18:47:39.024Z INFO  client] Sending sample transaction 358
[2022-07-23T18:47:39.073Z INFO  client] Sending sample transaction 359
[2022-07-23T18:47:39.124Z INFO  client] Sending sample transaction 360
[2022-07-23T18:47:39.173Z INFO  client] Sending sample transaction 361
[2022-07-23T18:47:39.223Z INFO  client] Sending sample transaction 362
[2022-07-23T18:47:39.273Z INFO  client] Sending sample transaction 363
[2022-07-23T18:47:39.323Z INFO  client] Sending sample transaction 364
[2022-07-23T18:47:39.378Z INFO  client] Sending sample transaction 365
[2022-07-23T18:47:39.424Z INFO  client] Sending sample transaction 366
[2022-07-23T18:47:39.473Z INFO  client] Sending sample transaction 367
[2022-07-23T18:47:39.523Z INFO  client] Sending sample transaction 368
[2022-07-23T18:47:39.572Z INFO  client] Sending sample transaction 369
[2022-07-23T18:47:39.622Z INFO  client] Sending sample transaction 370
[2022-07-23T18:47:39.674Z INFO  client] Sending sample transaction 371
[2022-07-23T18:47:39.723Z INFO  client] Sending sample transaction 372
[2022-07-23T18:47:39.773Z INFO  client] Sending sample transaction 373
[2022-07-23T18:47:39.855Z INFO  client] Sending sample transaction 374
[2022-07-23T18:47:39.881Z INFO  client] Sending sample transaction 375
[2022-07-23T18:47:39.923Z INFO  client] Sending sample transaction 376
[2022-07-23T18:47:39.972Z INFO  client] Sending sample transaction 377
[2022-07-23T18:47:40.023Z INFO  client] Sending sample transaction 378
[2022-07-23T18:47:40.073Z INFO  client] Sending sample transaction 379
[2022-07-23T18:47:40.123Z INFO  client] Sending sample transaction 380
[2022-07-23T18:47:40.172Z INFO  client] Sending sample transaction 381
[2022-07-23T18:47:40.222Z INFO  client] Sending sample transaction 382
[2022-07-23T18:47:40.275Z INFO  client] Sending sample transaction 383
[2022-07-23T18:47:40.327Z INFO  client] Sending sample transaction 384
[2022-07-23T18:47:40.373Z INFO  client] Sending sample transaction 385
[2022-07-23T18:47:40.423Z INFO  client] Sending sample transaction 386
[2022-07-23T18:47:40.473Z INFO  client] Sending sample transaction 387
[2022-07-23T18:47:40.523Z INFO  client] Sending sample transaction 388
[2022-07-23T18:47:40.572Z INFO  client] Sending sample transaction 389
[2022-07-23T18:47:40.621Z INFO  client] Sending sample transaction 390
[2022-07-23T18:47:40.673Z INFO  client] Sending sample transaction 391
[2022-07-23T18:47:40.722Z INFO  client] Sending sample transaction 392
[2022-07-23T18:47:40.774Z INFO  client] Sending sample transaction 393
[2022-07-23T18:47:40.822Z INFO  client] Sending sample transaction 394
[2022-07-23T18:47:40.872Z INFO  client] Sending sample transaction 395
[2022-07-23T18:47:40.923Z INFO  client] Sending sample transaction 396
[2022-07-23T18:47:40.973Z INFO  client] Sending sample transaction 397
[2022-07-23T18:47:41.023Z INFO  client] Sending sample transaction 398
[2022-07-23T18:47:41.073Z INFO  client] Sending sample transaction 399
[2022-07-23T18:47:41.122Z INFO  client] Sending sample transaction 400
[2022-07-23T18:47:41.172Z INFO  client] Sending sample transaction 401
[2022-07-23T18:47:41.224Z INFO  client] Sending sample transaction 402
[2022-07-23T18:47:41.273Z INFO  client] Sending sample transaction 403
[2022-07-23T18:47:41.322Z INFO  client] Sending sample transaction 404
[2022-07-23T18:47:41.372Z INFO  client] Sending sample transaction 405
[2022-07-23T18:47:41.422Z INFO  client] Sending sample transaction 406
[2022-07-23T18:47:41.472Z INFO  client] Sending sample transaction 407
[2022-07-23T18:47:41.524Z INFO  client] Sending sample transaction 408
[2022-07-23T18:47:41.573Z INFO  client] Sending sample transaction 409
[2022-07-23T18:47:41.622Z INFO  client] Sending sample transaction 410
[2022-07-23T18:47:41.672Z INFO  client] Sending sample transaction 411
[2022-07-23T18:47:41.722Z INFO  client] Sending sample transaction 412
[2022-07-23T18:47:41.773Z INFO  client] Sending sample transaction 413
[2022-07-23T18:47:41.822Z INFO  client] Sending sample transaction 414
[2022-07-23T18:47:41.873Z INFO  client] Sending sample transaction 415
[2022-07-23T18:47:41.924Z INFO  client] Sending sample transaction 416
[2022-07-23T18:47:41.978Z INFO  client] Sending sample transaction 417
[2022-07-23T18:47:42.023Z INFO  client] Sending sample transaction 418
[2022-07-23T18:47:42.072Z INFO  client] Sending sample transaction 419
[2022-07-23T18:47:42.122Z INFO  client] Sending sample transaction 420
[2022-07-23T18:47:42.172Z INFO  client] Sending sample transaction 421
[2022-07-23T18:47:42.223Z INFO  client] Sending sample transaction 422
[2022-07-23T18:47:42.273Z INFO  client] Sending sample transaction 423
[2022-07-23T18:47:42.323Z INFO  client] Sending sample transaction 424
[2022-07-23T18:47:42.373Z INFO  client] Sending sample transaction 425
