[2022-07-23T11:28:36.058Z INFO  client] Node address: 127.0.0.1:9011
[2022-07-23T11:28:36.058Z INFO  client] Transactions size: 512 B
[2022-07-23T11:28:36.058Z INFO  client] Transactions rate: 112 tx/s
[2022-07-23T11:28:36.058Z INFO  client] Waiting for all nodes to be online...
[2022-07-23T11:28:36.058Z INFO  client] Waiting for all nodes to be synchronized...
[2022-07-23T11:28:38.061Z INFO  client] Start sending transactions
[2022-07-23T11:28:38.063Z INFO  client] Sending sample transaction 0
[2022-07-23T11:28:38.113Z INFO  client] Sending sample transaction 1
[2022-07-23T11:28:38.162Z INFO  client] Sending sample transaction 2
[2022-07-23T11:28:38.213Z INFO  client] Sending sample transaction 3
[2022-07-23T11:28:38.262Z INFO  client] Sending sample transaction 4
[2022-07-23T11:28:38.312Z INFO  client] Sending sample transaction 5
[2022-07-23T11:28:38.362Z INFO  client] Sending sample transaction 6
[2022-07-23T11:28:38.412Z INFO  client] Sending sample transaction 7
[2022-07-23T11:28:38.463Z INFO  client] Sending sample transaction 8
[2022-07-23T11:28:38.512Z INFO  client] Sending sample transaction 9
[2022-07-23T11:28:38.562Z INFO  client] Sending sample transaction 10
[2022-07-23T11:28:38.613Z INFO  client] Sending sample transaction 11
[2022-07-23T11:28:38.663Z INFO  client] Sending sample transaction 12
[2022-07-23T11:28:38.712Z INFO  client] Sending sample transaction 13
[2022-07-23T11:28:38.763Z INFO  client] Sending sample transaction 14
[2022-07-23T11:28:38.812Z INFO  client] Sending sample transaction 15
[2022-07-23T11:28:38.863Z INFO  client] Sending sample transaction 16
[2022-07-23T11:28:38.912Z INFO  client] Sending sample transaction 17
[2022-07-23T11:28:38.963Z INFO  client] Sending sample transaction 18
[2022-07-23T11:28:39.014Z INFO  client] Sending sample transaction 19
[2022-07-23T11:28:39.062Z INFO  client] Sending sample transaction 20
[2022-07-23T11:28:39.113Z INFO  client] Sending sample transaction 21
[2022-07-23T11:28:39.162Z INFO  client] Sending sample transaction 22
[2022-07-23T11:28:39.213Z INFO  client] Sending sample transaction 23
[2022-07-23T11:28:39.264Z INFO  client] Sending sample transaction 24
[2022-07-23T11:28:39.313Z INFO  client] Sending sample transaction 25
[2022-07-23T11:28:39.362Z INFO  client] Sending sample transaction 26
[2022-07-23T11:28:39.413Z INFO  client] Sending sample transaction 27
[2022-07-23T11:28:39.463Z INFO  client] Sending sample transaction 28
[2022-07-23T11:28:39.513Z INFO  client] Sending sample transaction 29
[2022-07-23T11:28:39.562Z INFO  client] Sending sample transaction 30
[2022-07-23T11:28:39.612Z INFO  client] Sending sample transaction 31
[2022-07-23T11:28:39.662Z INFO  client] Sending sample transaction 32
[2022-07-23T11:28:39.712Z INFO  client] Sending sample transaction 33
[2022-07-23T11:28:39.763Z INFO  client] Sending sample transaction 34
[2022-07-23T11:28:39.812Z INFO  client] Sending sample transaction 35
[2022-07-23T11:28:39.862Z INFO  client] Sending sample transaction 36
[2022-07-23T11:28:39.914Z INFO  client] Sending sample transaction 37
[2022-07-23T11:28:39.963Z INFO  client] Sending sample transaction 38
[2022-07-23T11:28:40.013Z INFO  client] Sending sample transaction 39
[2022-07-23T11:28:40.065Z INFO  client] Sending sample transaction 40
[2022-07-23T11:28:40.112Z INFO  client] Sending sample transaction 41
[2022-07-23T11:28:40.161Z INFO  client] Sending sample transaction 42
[2022-07-23T11:28:40.212Z INFO  client] Sending sample transaction 43
[2022-07-23T11:28:40.263Z INFO  client] Sending sample transaction 44
[2022-07-23T11:28:40.312Z INFO  client] Sending sample transaction 45
[2022-07-23T11:28:40.363Z INFO  client] Sending sample transaction 46
[2022-07-23T11:28:40.413Z INFO  client] Sending sample transaction 47
[2022-07-23T11:28:40.462Z INFO  client] Sending sample transaction 48
[2022-07-23T11:28:40.512Z INFO  client] Sending sample transaction 49
[2022-07-23T11:28:40.562Z INFO  client] Sending sample transaction 50
[2022-07-23T11:28:40.612Z INFO  client] Sending sample transaction 51
[2022-07-23T11:28:40.662Z INFO  client] Sending sample transaction 52
[2022-07-23T11:28:40.712Z INFO  client] Sending sample transaction 53
[2022-07-23T11:28:40.762Z INFO  client] Sending sample transaction 54
[2022-07-23T11:28:40.817Z INFO  client] Sending sample transaction 55
[2022-07-23T11:28:40.862Z INFO  client] Sending sample transaction 56
[2022-07-23T11:28:40.913Z INFO  client] Sending sample transaction 57
[2022-07-23T11:28:40.962Z INFO  client] Sending sample transaction 58
[2022-07-23T11:28:41.013Z INFO  client] Sending sample transaction 59
[2022-07-23T11:28:41.063Z INFO  client] Sending sample transaction 60
[2022-07-23T11:28:41.113Z INFO  client] Sending sample transaction 61
[2022-07-23T11:28:41.162Z INFO  client] Sending sample transaction 62
[2022-07-23T11:28:41.212Z INFO  client] Sending sample transaction 63
[2022-07-23T11:28:41.262Z INFO  client] Sending sample transaction 64
[2022-07-23T11:28:41.312Z INFO  client] Sending sample transaction 65
[2022-07-23T11:28:41.362Z INFO  client] Sending sample transaction 66
[2022-07-23T11:28:41.411Z INFO  client] Sending sample transaction 67
[2022-07-23T11:28:41.462Z INFO  client] Sending sample transaction 68
[2022-07-23T11:28:41.512Z INFO  client] Sending sample transaction 69
[2022-07-23T11:28:41.562Z INFO  client] Sending sample transaction 70
[2022-07-23T11:28:41.612Z INFO  client] Sending sample transaction 71
[2022-07-23T11:28:41.662Z INFO  client] Sending sample transaction 72
[2022-07-23T11:28:41.713Z INFO  client] Sending sample transaction 73
[2022-07-23T11:28:41.762Z INFO  client] Sending sample transaction 74
[2022-07-23T11:28:41.812Z INFO  client] Sending sample transaction 75
[2022-07-23T11:28:41.862Z INFO  client] Sending sample transaction 76
[2022-07-23T11:28:41.912Z INFO  client] Sending sample transaction 77
[2022-07-23T11:28:41.962Z INFO  client] Sending sample transaction 78
[2022-07-23T11:28:42.012Z INFO  client] Sending sample transaction 79
[2022-07-23T11:28:42.063Z INFO  client] Sending sample transaction 80
[2022-07-23T11:28:42.113Z INFO  client] Sending sample transaction 81
[2022-07-23T11:28:42.163Z INFO  client] Sending sample transaction 82
[2022-07-23T11:28:42.212Z INFO  client] Sending sample transaction 83
[2022-07-23T11:28:42.263Z INFO  client] Sending sample transaction 84
[2022-07-23T11:28:42.313Z INFO  client] Sending sample transaction 85
[2022-07-23T11:28:42.363Z INFO  client] Sending sample transaction 86
[2022-07-23T11:28:42.413Z INFO  client] Sending sample transaction 87
[2022-07-23T11:28:42.462Z INFO  client] Sending sample transaction 88
[2022-07-23T11:28:42.513Z INFO  client] Sending sample transaction 89
[2022-07-23T11:28:42.563Z INFO  client] Sending sample transaction 90
[2022-07-23T11:28:42.612Z INFO  client] Sending sample transaction 91
[2022-07-23T11:28:42.663Z INFO  client] Sending sample transaction 92
[2022-07-23T11:28:42.712Z INFO  client] Sending sample transaction 93
[2022-07-23T11:28:42.762Z INFO  client] Sending sample transaction 94
[2022-07-23T11:28:42.813Z INFO  client] Sending sample transaction 95
[2022-07-23T11:28:42.862Z INFO  client] Sending sample transaction 96
[2022-07-23T11:28:42.913Z INFO  client] Sending sample transaction 97
[2022-07-23T11:28:42.963Z INFO  client] Sending sample transaction 98
[2022-07-23T11:28:43.012Z INFO  client] Sending sample transaction 99
[2022-07-23T11:28:43.063Z INFO  client] Sending sample transaction 100
[2022-07-23T11:28:43.112Z INFO  client] Sending sample transaction 101
[2022-07-23T11:28:43.170Z INFO  client] Sending sample transaction 102
[2022-07-23T11:28:43.213Z INFO  client] Sending sample transaction 103
[2022-07-23T11:28:43.262Z INFO  client] Sending sample transaction 104
[2022-07-23T11:28:43.312Z INFO  client] Sending sample transaction 105
[2022-07-23T11:28:43.363Z INFO  client] Sending sample transaction 106
[2022-07-23T11:28:43.412Z INFO  client] Sending sample transaction 107
[2022-07-23T11:28:43.463Z INFO  client] Sending sample transaction 108
[2022-07-23T11:28:43.513Z INFO  client] Sending sample transaction 109
[2022-07-23T11:28:43.563Z INFO  client] Sending sample transaction 110
[2022-07-23T11:28:43.612Z INFO  client] Sending sample transaction 111
[2022-07-23T11:28:43.662Z INFO  client] Sending sample transaction 112
[2022-07-23T11:28:43.713Z INFO  client] Sending sample transaction 113
[2022-07-23T11:28:43.762Z INFO  client] Sending sample transaction 114
[2022-07-23T11:28:43.812Z INFO  client] Sending sample transaction 115
[2022-07-23T11:28:43.863Z INFO  client] Sending sample transaction 116
[2022-07-23T11:28:43.912Z INFO  client] Sending sample transaction 117
[2022-07-23T11:28:43.962Z INFO  client] Sending sample transaction 118
[2022-07-23T11:28:44.013Z INFO  client] Sending sample transaction 119
[2022-07-23T11:28:44.062Z INFO  client] Sending sample transaction 120
[2022-07-23T11:28:44.112Z INFO  client] Sending sample transaction 121
[2022-07-23T11:28:44.162Z INFO  client] Sending sample transaction 122
[2022-07-23T11:28:44.214Z INFO  client] Sending sample transaction 123
[2022-07-23T11:28:44.265Z INFO  client] Sending sample transaction 124
[2022-07-23T11:28:44.312Z INFO  client] Sending sample transaction 125
[2022-07-23T11:28:44.362Z INFO  client] Sending sample transaction 126
[2022-07-23T11:28:44.413Z INFO  client] Sending sample transaction 127
[2022-07-23T11:28:44.462Z INFO  client] Sending sample transaction 128
[2022-07-23T11:28:44.512Z INFO  client] Sending sample transaction 129
[2022-07-23T11:28:44.562Z INFO  client] Sending sample transaction 130
[2022-07-23T11:28:44.613Z INFO  client] Sending sample transaction 131
[2022-07-23T11:28:44.662Z INFO  client] Sending sample transaction 132
[2022-07-23T11:28:44.713Z INFO  client] Sending sample transaction 133
[2022-07-23T11:28:44.763Z INFO  client] Sending sample transaction 134
[2022-07-23T11:28:44.812Z INFO  client] Sending sample transaction 135
[2022-07-23T11:28:44.862Z INFO  client] Sending sample transaction 136
[2022-07-23T11:28:44.912Z INFO  client] Sending sample transaction 137
[2022-07-23T11:28:44.962Z INFO  client] Sending sample transaction 138
[2022-07-23T11:28:45.013Z INFO  client] Sending sample transaction 139
[2022-07-23T11:28:45.062Z INFO  client] Sending sample transaction 140
[2022-07-23T11:28:45.113Z INFO  client] Sending sample transaction 141
[2022-07-23T11:28:45.163Z INFO  client] Sending sample transaction 142
[2022-07-23T11:28:45.212Z INFO  client] Sending sample transaction 143
[2022-07-23T11:28:45.262Z INFO  client] Sending sample transaction 144
[2022-07-23T11:28:45.313Z INFO  client] Sending sample transaction 145
[2022-07-23T11:28:45.363Z INFO  client] Sending sample transaction 146
[2022-07-23T11:28:45.412Z INFO  client] Sending sample transaction 147
[2022-07-23T11:28:45.463Z INFO  client] Sending sample transaction 148
[2022-07-23T11:28:45.512Z INFO  client] Sending sample transaction 149
[2022-07-23T11:28:45.562Z INFO  client] Sending sample transaction 150
[2022-07-23T11:28:45.613Z INFO  client] Sending sample transaction 151
[2022-07-23T11:28:45.664Z INFO  client] Sending sample transaction 152
[2022-07-23T11:28:45.713Z INFO  client] Sending sample transaction 153
[2022-07-23T11:28:45.763Z INFO  client] Sending sample transaction 154
[2022-07-23T11:28:45.813Z INFO  client] Sending sample transaction 155
[2022-07-23T11:28:45.862Z INFO  client] Sending sample transaction 156
[2022-07-23T11:28:45.912Z INFO  client] Sending sample transaction 157
[2022-07-23T11:28:45.962Z INFO  client] Sending sample transaction 158
[2022-07-23T11:28:46.013Z INFO  client] Sending sample transaction 159
[2022-07-23T11:28:46.063Z INFO  client] Sending sample transaction 160
[2022-07-23T11:28:46.113Z INFO  client] Sending sample transaction 161
[2022-07-23T11:28:46.162Z INFO  client] Sending sample transaction 162
[2022-07-23T11:28:46.212Z INFO  client] Sending sample transaction 163
[2022-07-23T11:28:46.262Z INFO  client] Sending sample transaction 164
[2022-07-23T11:28:46.319Z INFO  client] Sending sample transaction 165
[2022-07-23T11:28:46.362Z INFO  client] Sending sample transaction 166
[2022-07-23T11:28:46.413Z INFO  client] Sending sample transaction 167
[2022-07-23T11:28:46.462Z INFO  client] Sending sample transaction 168
[2022-07-23T11:28:46.512Z INFO  client] Sending sample transaction 169
[2022-07-23T11:28:46.562Z INFO  client] Sending sample transaction 170
[2022-07-23T11:28:46.612Z INFO  client] Sending sample transaction 171
[2022-07-23T11:28:46.663Z INFO  client] Sending sample transaction 172
[2022-07-23T11:28:46.712Z INFO  client] Sending sample transaction 173
[2022-07-23T11:28:46.763Z INFO  client] Sending sample transaction 174
[2022-07-23T11:28:46.812Z INFO  client] Sending sample transaction 175
[2022-07-23T11:28:46.862Z INFO  client] Sending sample transaction 176
[2022-07-23T11:28:46.912Z INFO  client] Sending sample transaction 177
[2022-07-23T11:28:46.962Z INFO  client] Sending sample transaction 178
[2022-07-23T11:28:47.013Z INFO  client] Sending sample transaction 179
[2022-07-23T11:28:47.063Z INFO  client] Sending sample transaction 180
[2022-07-23T11:28:47.112Z INFO  client] Sending sample transaction 181
[2022-07-23T11:28:47.162Z INFO  client] Sending sample transaction 182
[2022-07-23T11:28:47.212Z INFO  client] Sending sample transaction 183
[2022-07-23T11:28:47.263Z INFO  client] Sending sample transaction 184
[2022-07-23T11:28:47.312Z INFO  client] Sending sample transaction 185
[2022-07-23T11:28:47.362Z INFO  client] Sending sample transaction 186
[2022-07-23T11:28:47.413Z INFO  client] Sending sample transaction 187
[2022-07-23T11:28:47.463Z INFO  client] Sending sample transaction 188
[2022-07-23T11:28:47.514Z INFO  client] Sending sample transaction 189
[2022-07-23T11:28:47.563Z INFO  client] Sending sample transaction 190
[2022-07-23T11:28:47.613Z INFO  client] Sending sample transaction 191
[2022-07-23T11:28:47.663Z INFO  client] Sending sample transaction 192
[2022-07-23T11:28:47.713Z INFO  client] Sending sample transaction 193
[2022-07-23T11:28:47.763Z INFO  client] Sending sample transaction 194
[2022-07-23T11:28:47.812Z INFO  client] Sending sample transaction 195
[2022-07-23T11:28:47.862Z INFO  client] Sending sample transaction 196
[2022-07-23T11:28:47.913Z INFO  client] Sending sample transaction 197
[2022-07-23T11:28:47.963Z INFO  client] Sending sample transaction 198
[2022-07-23T11:28:48.013Z INFO  client] Sending sample transaction 199
[2022-07-23T11:28:48.063Z INFO  client] Sending sample transaction 200
[2022-07-23T11:28:48.112Z INFO  client] Sending sample transaction 201
[2022-07-23T11:28:48.162Z INFO  client] Sending sample transaction 202
[2022-07-23T11:28:48.212Z INFO  client] Sending sample transaction 203
[2022-07-23T11:28:48.263Z INFO  client] Sending sample transaction 204
[2022-07-23T11:28:48.313Z INFO  client] Sending sample transaction 205
[2022-07-23T11:28:48.365Z INFO  client] Sending sample transaction 206
[2022-07-23T11:28:48.413Z INFO  client] Sending sample transaction 207
[2022-07-23T11:28:48.463Z INFO  client] Sending sample transaction 208
[2022-07-23T11:28:48.512Z INFO  client] Sending sample transaction 209
[2022-07-23T11:28:48.563Z INFO  client] Sending sample transaction 210
[2022-07-23T11:28:48.612Z INFO  client] Sending sample transaction 211
[2022-07-23T11:28:48.662Z INFO  client] Sending sample transaction 212
[2022-07-23T11:28:48.712Z INFO  client] Sending sample transaction 213
[2022-07-23T11:28:48.762Z INFO  client] Sending sample transaction 214
[2022-07-23T11:28:48.812Z INFO  client] Sending sample transaction 215
[2022-07-23T11:28:48.863Z INFO  client] Sending sample transaction 216
[2022-07-23T11:28:48.913Z INFO  client] Sending sample transaction 217
[2022-07-23T11:28:48.962Z INFO  client] Sending sample transaction 218
[2022-07-23T11:28:49.012Z INFO  client] Sending sample transaction 219
[2022-07-23T11:28:49.062Z INFO  client] Sending sample transaction 220
[2022-07-23T11:28:49.112Z INFO  client] Sending sample transaction 221
[2022-07-23T11:28:49.162Z INFO  client] Sending sample transaction 222
[2022-07-23T11:28:49.213Z INFO  client] Sending sample transaction 223
[2022-07-23T11:28:49.262Z INFO  client] Sending sample transaction 224
[2022-07-23T11:28:49.312Z INFO  client] Sending sample transaction 225
[2022-07-23T11:28:49.362Z INFO  client] Sending sample transaction 226
[2022-07-23T11:28:49.412Z INFO  client] Sending sample transaction 227
[2022-07-23T11:28:49.463Z INFO  client] Sending sample transaction 228
[2022-07-23T11:28:49.512Z INFO  client] Sending sample transaction 229
[2022-07-23T11:28:49.563Z INFO  client] Sending sample transaction 230
[2022-07-23T11:28:49.613Z INFO  client] Sending sample transaction 231
[2022-07-23T11:28:49.663Z INFO  client] Sending sample transaction 232
[2022-07-23T11:28:49.712Z INFO  client] Sending sample transaction 233
[2022-07-23T11:28:49.762Z INFO  client] Sending sample transaction 234
[2022-07-23T11:28:49.812Z INFO  client] Sending sample transaction 235
[2022-07-23T11:28:49.863Z INFO  client] Sending sample transaction 236
[2022-07-23T11:28:49.913Z INFO  client] Sending sample transaction 237
[2022-07-23T11:28:49.962Z INFO  client] Sending sample transaction 238
[2022-07-23T11:28:50.013Z INFO  client] Sending sample transaction 239
[2022-07-23T11:28:50.062Z INFO  client] Sending sample transaction 240
[2022-07-23T11:28:50.113Z INFO  client] Sending sample transaction 241
[2022-07-23T11:28:50.163Z INFO  client] Sending sample transaction 242
[2022-07-23T11:28:50.213Z INFO  client] Sending sample transaction 243
[2022-07-23T11:28:50.263Z INFO  client] Sending sample transaction 244
[2022-07-23T11:28:50.312Z INFO  client] Sending sample transaction 245
[2022-07-23T11:28:50.363Z INFO  client] Sending sample transaction 246
[2022-07-23T11:28:50.417Z INFO  client] Sending sample transaction 247
[2022-07-23T11:28:50.463Z INFO  client] Sending sample transaction 248
[2022-07-23T11:28:50.513Z INFO  client] Sending sample transaction 249
[2022-07-23T11:28:50.562Z INFO  client] Sending sample transaction 250
[2022-07-23T11:28:50.613Z INFO  client] Sending sample transaction 251
[2022-07-23T11:28:50.663Z INFO  client] Sending sample transaction 252
[2022-07-23T11:28:50.712Z INFO  client] Sending sample transaction 253
[2022-07-23T11:28:50.762Z INFO  client] Sending sample transaction 254
[2022-07-23T11:28:50.812Z INFO  client] Sending sample transaction 255
[2022-07-23T11:28:50.863Z INFO  client] Sending sample transaction 256
[2022-07-23T11:28:50.913Z INFO  client] Sending sample transaction 257
[2022-07-23T11:28:50.962Z INFO  client] Sending sample transaction 258
[2022-07-23T11:28:51.013Z INFO  client] Sending sample transaction 259
[2022-07-23T11:28:51.062Z INFO  client] Sending sample transaction 260
[2022-07-23T11:28:51.112Z INFO  client] Sending sample transaction 261
[2022-07-23T11:28:51.163Z INFO  client] Sending sample transaction 262
[2022-07-23T11:28:51.212Z INFO  client] Sending sample transaction 263
[2022-07-23T11:28:51.262Z INFO  client] Sending sample transaction 264
[2022-07-23T11:28:51.313Z INFO  client] Sending sample transaction 265
[2022-07-23T11:28:51.362Z INFO  client] Sending sample transaction 266
[2022-07-23T11:28:51.413Z INFO  client] Sending sample transaction 267
[2022-07-23T11:28:51.462Z INFO  client] Sending sample transaction 268
[2022-07-23T11:28:51.513Z INFO  client] Sending sample transaction 269
[2022-07-23T11:28:51.562Z INFO  client] Sending sample transaction 270
[2022-07-23T11:28:51.613Z INFO  client] Sending sample transaction 271
[2022-07-23T11:28:51.662Z INFO  client] Sending sample transaction 272
[2022-07-23T11:28:51.712Z INFO  client] Sending sample transaction 273
[2022-07-23T11:28:51.763Z INFO  client] Sending sample transaction 274
[2022-07-23T11:28:51.812Z INFO  client] Sending sample transaction 275
[2022-07-23T11:28:51.863Z INFO  client] Sending sample transaction 276
[2022-07-23T11:28:51.913Z INFO  client] Sending sample transaction 277
[2022-07-23T11:28:51.963Z INFO  client] Sending sample transaction 278
[2022-07-23T11:28:52.013Z INFO  client] Sending sample transaction 279
[2022-07-23T11:28:52.062Z INFO  client] Sending sample transaction 280
[2022-07-23T11:28:52.113Z INFO  client] Sending sample transaction 281
[2022-07-23T11:28:52.163Z INFO  client] Sending sample transaction 282
[2022-07-23T11:28:52.212Z INFO  client] Sending sample transaction 283
[2022-07-23T11:28:52.263Z INFO  client] Sending sample transaction 284
[2022-07-23T11:28:52.312Z INFO  client] Sending sample transaction 285
[2022-07-23T11:28:52.362Z INFO  client] Sending sample transaction 286
[2022-07-23T11:28:52.413Z INFO  client] Sending sample transaction 287
[2022-07-23T11:28:52.463Z INFO  client] Sending sample transaction 288
[2022-07-23T11:28:52.520Z INFO  client] Sending sample transaction 289
[2022-07-23T11:28:52.563Z INFO  client] Sending sample transaction 290
[2022-07-23T11:28:52.613Z INFO  client] Sending sample transaction 291
[2022-07-23T11:28:52.663Z INFO  client] Sending sample transaction 292
[2022-07-23T11:28:52.712Z INFO  client] Sending sample transaction 293
[2022-07-23T11:28:52.763Z INFO  client] Sending sample transaction 294
[2022-07-23T11:28:52.812Z INFO  client] Sending sample transaction 295
[2022-07-23T11:28:52.862Z INFO  client] Sending sample transaction 296
[2022-07-23T11:28:52.913Z INFO  client] Sending sample transaction 297
[2022-07-23T11:28:52.962Z INFO  client] Sending sample transaction 298
[2022-07-23T11:28:53.013Z INFO  client] Sending sample transaction 299
[2022-07-23T11:28:53.063Z INFO  client] Sending sample transaction 300
[2022-07-23T11:28:53.114Z INFO  client] Sending sample transaction 301
[2022-07-23T11:28:53.163Z INFO  client] Sending sample transaction 302
[2022-07-23T11:28:53.214Z INFO  client] Sending sample transaction 303
[2022-07-23T11:28:53.265Z INFO  client] Sending sample transaction 304
[2022-07-23T11:28:53.312Z INFO  client] Sending sample transaction 305
[2022-07-23T11:28:53.363Z INFO  client] Sending sample transaction 306
[2022-07-23T11:28:53.413Z INFO  client] Sending sample transaction 307
[2022-07-23T11:28:53.462Z INFO  client] Sending sample transaction 308
[2022-07-23T11:28:53.513Z INFO  client] Sending sample transaction 309
[2022-07-23T11:28:53.563Z INFO  client] Sending sample transaction 310
[2022-07-23T11:28:53.613Z INFO  client] Sending sample transaction 311
[2022-07-23T11:28:53.663Z INFO  client] Sending sample transaction 312
[2022-07-23T11:28:53.712Z INFO  client] Sending sample transaction 313
[2022-07-23T11:28:53.762Z INFO  client] Sending sample transaction 314
[2022-07-23T11:28:53.812Z INFO  client] Sending sample transaction 315
[2022-07-23T11:28:53.863Z INFO  client] Sending sample transaction 316
[2022-07-23T11:28:53.913Z INFO  client] Sending sample transaction 317
[2022-07-23T11:28:53.962Z INFO  client] Sending sample transaction 318
[2022-07-23T11:28:54.013Z INFO  client] Sending sample transaction 319
[2022-07-23T11:28:54.063Z INFO  client] Sending sample transaction 320
[2022-07-23T11:28:54.113Z INFO  client] Sending sample transaction 321
[2022-07-23T11:28:54.163Z INFO  client] Sending sample transaction 322
[2022-07-23T11:28:54.212Z INFO  client] Sending sample transaction 323
[2022-07-23T11:28:54.262Z INFO  client] Sending sample transaction 324
[2022-07-23T11:28:54.312Z INFO  client] Sending sample transaction 325
[2022-07-23T11:28:54.363Z INFO  client] Sending sample transaction 326
[2022-07-23T11:28:54.413Z INFO  client] Sending sample transaction 327
[2022-07-23T11:28:54.462Z INFO  client] Sending sample transaction 328
[2022-07-23T11:28:54.512Z INFO  client] Sending sample transaction 329
[2022-07-23T11:28:54.561Z INFO  client] Sending sample transaction 330
[2022-07-23T11:28:54.615Z INFO  client] Sending sample transaction 331
[2022-07-23T11:28:54.662Z INFO  client] Sending sample transaction 332
[2022-07-23T11:28:54.713Z INFO  client] Sending sample transaction 333
[2022-07-23T11:28:54.763Z INFO  client] Sending sample transaction 334
[2022-07-23T11:28:54.813Z INFO  client] Sending sample transaction 335
[2022-07-23T11:28:54.862Z INFO  client] Sending sample transaction 336
[2022-07-23T11:28:54.912Z INFO  client] Sending sample transaction 337
[2022-07-23T11:28:54.962Z INFO  client] Sending sample transaction 338
[2022-07-23T11:28:55.012Z INFO  client] Sending sample transaction 339
[2022-07-23T11:28:55.062Z INFO  client] Sending sample transaction 340
[2022-07-23T11:28:55.112Z INFO  client] Sending sample transaction 341
[2022-07-23T11:28:55.162Z INFO  client] Sending sample transaction 342
[2022-07-23T11:28:55.213Z INFO  client] Sending sample transaction 343
[2022-07-23T11:28:55.262Z INFO  client] Sending sample transaction 344
[2022-07-23T11:28:55.312Z INFO  client] Sending sample transaction 345
[2022-07-23T11:28:55.363Z INFO  client] Sending sample transaction 346
[2022-07-23T11:28:55.412Z INFO  client] Sending sample transaction 347
[2022-07-23T11:28:55.462Z INFO  client] Sending sample transaction 348
[2022-07-23T11:28:55.512Z INFO  client] Sending sample transaction 349
[2022-07-23T11:28:55.562Z INFO  client] Sending sample transaction 350
[2022-07-23T11:28:55.612Z INFO  client] Sending sample transaction 351
[2022-07-23T11:28:55.671Z INFO  client] Sending sample transaction 352
[2022-07-23T11:28:55.712Z INFO  client] Sending sample transaction 353
[2022-07-23T11:28:55.763Z INFO  client] Sending sample transaction 354
[2022-07-23T11:28:55.812Z INFO  client] Sending sample transaction 355
[2022-07-23T11:28:55.863Z INFO  client] Sending sample transaction 356
[2022-07-23T11:28:55.912Z INFO  client] Sending sample transaction 357
[2022-07-23T11:28:55.962Z INFO  client] Sending sample transaction 358
[2022-07-23T11:28:56.012Z INFO  client] Sending sample transaction 359
[2022-07-23T11:28:56.063Z INFO  client] Sending sample transaction 360
[2022-07-23T11:28:56.112Z INFO  client] Sending sample transaction 361
[2022-07-23T11:28:56.163Z INFO  client] Sending sample transaction 362
[2022-07-23T11:28:56.212Z INFO  client] Sending sample transaction 363
[2022-07-23T11:28:56.263Z INFO  client] Sending sample transaction 364
[2022-07-23T11:28:56.312Z INFO  client] Sending sample transaction 365
[2022-07-23T11:28:56.362Z INFO  client] Sending sample transaction 366
[2022-07-23T11:28:56.413Z INFO  client] Sending sample transaction 367
[2022-07-23T11:28:56.462Z INFO  client] Sending sample transaction 368
[2022-07-23T11:28:56.512Z INFO  client] Sending sample transaction 369
[2022-07-23T11:28:56.562Z INFO  client] Sending sample transaction 370
[2022-07-23T11:28:56.613Z INFO  client] Sending sample transaction 371
[2022-07-23T11:28:56.663Z INFO  client] Sending sample transaction 372
[2022-07-23T11:28:56.718Z INFO  client] Sending sample transaction 373
[2022-07-23T11:28:56.763Z INFO  client] Sending sample transaction 374
[2022-07-23T11:28:56.812Z INFO  client] Sending sample transaction 375
[2022-07-23T11:28:56.863Z INFO  client] Sending sample transaction 376
[2022-07-23T11:28:56.912Z INFO  client] Sending sample transaction 377
[2022-07-23T11:28:56.963Z INFO  client] Sending sample transaction 378
[2022-07-23T11:28:57.013Z INFO  client] Sending sample transaction 379
[2022-07-23T11:28:57.063Z INFO  client] Sending sample transaction 380
[2022-07-23T11:28:57.113Z INFO  client] Sending sample transaction 381
[2022-07-23T11:28:57.162Z INFO  client] Sending sample transaction 382
[2022-07-23T11:28:57.213Z INFO  client] Sending sample transaction 383
[2022-07-23T11:28:57.263Z INFO  client] Sending sample transaction 384
[2022-07-23T11:28:57.313Z INFO  client] Sending sample transaction 385
[2022-07-23T11:28:57.363Z INFO  client] Sending sample transaction 386
[2022-07-23T11:28:57.413Z INFO  client] Sending sample transaction 387
[2022-07-23T11:28:57.463Z INFO  client] Sending sample transaction 388
[2022-07-23T11:28:57.512Z INFO  client] Sending sample transaction 389
[2022-07-23T11:28:57.562Z INFO  client] Sending sample transaction 390
[2022-07-23T11:28:57.612Z INFO  client] Sending sample transaction 391
[2022-07-23T11:28:57.663Z INFO  client] Sending sample transaction 392
[2022-07-23T11:28:57.712Z INFO  client] Sending sample transaction 393
[2022-07-23T11:28:57.763Z INFO  client] Sending sample transaction 394
[2022-07-23T11:28:57.812Z INFO  client] Sending sample transaction 395
[2022-07-23T11:28:57.863Z INFO  client] Sending sample transaction 396
[2022-07-23T11:28:57.912Z INFO  client] Sending sample transaction 397
[2022-07-23T11:28:57.963Z INFO  client] Sending sample transaction 398
[2022-07-23T11:28:58.012Z INFO  client] Sending sample transaction 399
[2022-07-23T11:28:58.062Z INFO  client] Sending sample transaction 400
[2022-07-23T11:28:58.113Z INFO  client] Sending sample transaction 401
[2022-07-23T11:28:58.162Z INFO  client] Sending sample transaction 402
[2022-07-23T11:28:58.213Z INFO  client] Sending sample transaction 403
[2022-07-23T11:28:58.263Z INFO  client] Sending sample transaction 404
[2022-07-23T11:28:58.312Z INFO  client] Sending sample transaction 405
[2022-07-23T11:28:58.362Z INFO  client] Sending sample transaction 406
[2022-07-23T11:28:58.412Z INFO  client] Sending sample transaction 407
[2022-07-23T11:28:58.462Z INFO  client] Sending sample transaction 408
[2022-07-23T11:28:58.513Z INFO  client] Sending sample transaction 409
[2022-07-23T11:28:58.562Z INFO  client] Sending sample transaction 410
[2022-07-23T11:28:58.612Z INFO  client] Sending sample transaction 411
[2022-07-23T11:28:58.663Z INFO  client] Sending sample transaction 412
[2022-07-23T11:28:58.713Z INFO  client] Sending sample transaction 413
[2022-07-23T11:28:58.774Z INFO  client] Sending sample transaction 414
[2022-07-23T11:28:58.814Z INFO  client] Sending sample transaction 415
[2022-07-23T11:28:58.862Z INFO  client] Sending sample transaction 416
[2022-07-23T11:28:58.913Z INFO  client] Sending sample transaction 417
[2022-07-23T11:28:58.962Z INFO  client] Sending sample transaction 418
[2022-07-23T11:28:59.012Z INFO  client] Sending sample transaction 419
[2022-07-23T11:28:59.062Z INFO  client] Sending sample transaction 420
[2022-07-23T11:28:59.113Z INFO  client] Sending sample transaction 421
[2022-07-23T11:28:59.163Z INFO  client] Sending sample transaction 422
[2022-07-23T11:28:59.214Z INFO  client] Sending sample transaction 423
[2022-07-23T11:28:59.263Z INFO  client] Sending sample transaction 424
[2022-07-23T11:28:59.313Z INFO  client] Sending sample transaction 425
