[2022-07-23T17:59:17.077Z INFO  client] Node address: 127.0.0.1:9012
[2022-07-23T17:59:17.077Z INFO  client] Transactions size: 512 B
[2022-07-23T17:59:17.077Z INFO  client] Transactions rate: 112 tx/s
[2022-07-23T17:59:17.077Z INFO  client] Waiting for all nodes to be online...
[2022-07-23T17:59:17.077Z INFO  client] Waiting for all nodes to be synchronized...
[2022-07-23T17:59:19.091Z INFO  client] Start sending transactions
[2022-07-23T17:59:19.099Z INFO  client] Sending sample transaction 0
[2022-07-23T17:59:19.146Z INFO  client] Sending sample transaction 1
[2022-07-23T17:59:19.193Z INFO  client] Sending sample transaction 2
[2022-07-23T17:59:19.246Z INFO  client] Sending sample transaction 3
[2022-07-23T17:59:19.303Z INFO  client] Sending sample transaction 4
[2022-07-23T17:59:19.342Z INFO  client] Sending sample transaction 5
[2022-07-23T17:59:19.395Z INFO  client] Sending sample transaction 6
[2022-07-23T17:59:19.447Z INFO  client] Sending sample transaction 7
[2022-07-23T17:59:19.494Z INFO  client] Sending sample transaction 8
[2022-07-23T17:59:19.551Z INFO  client] Sending sample transaction 9
[2022-07-23T17:59:19.595Z INFO  client] Sending sample transaction 10
[2022-07-23T17:59:19.643Z INFO  client] Sending sample transaction 11
[2022-07-23T17:59:19.693Z INFO  client] Sending sample transaction 12
[2022-07-23T17:59:19.745Z INFO  client] Sending sample transaction 13
[2022-07-23T17:59:19.798Z INFO  client] Sending sample transaction 14
[2022-07-23T17:59:19.843Z INFO  client] Sending sample transaction 15
[2022-07-23T17:59:19.894Z INFO  client] Sending sample transaction 16
[2022-07-23T17:59:19.944Z INFO  client] Sending sample transaction 17
[2022-07-23T17:59:20.040Z INFO  client] Sending sample transaction 18
[2022-07-23T17:59:20.094Z INFO  client] Sending sample transaction 19
[2022-07-23T17:59:20.103Z INFO  client] Sending sample transaction 20
[2022-07-23T17:59:20.186Z INFO  client] Sending sample transaction 21
[2022-07-23T17:59:20.244Z INFO  client] Sending sample transaction 22
[2022-07-23T17:59:20.255Z INFO  client] Sending sample transaction 23
[2022-07-23T17:59:20.294Z INFO  client] Sending sample transaction 24
[2022-07-23T17:59:20.344Z INFO  client] Sending sample transaction 25
[2022-07-23T17:59:20.401Z INFO  client] Sending sample transaction 26
[2022-07-23T17:59:20.444Z INFO  client] Sending sample transaction 27
[2022-07-23T17:59:20.498Z INFO  client] Sending sample transaction 28
[2022-07-23T17:59:20.546Z INFO  client] Sending sample transaction 29
[2022-07-23T17:59:20.593Z INFO  client] Sending sample transaction 30
[2022-07-23T17:59:20.643Z INFO  client] Sending sample transaction 31
[2022-07-23T17:59:20.694Z INFO  client] Sending sample transaction 32
[2022-07-23T17:59:20.748Z INFO  client] Sending sample transaction 33
[2022-07-23T17:59:20.799Z INFO  client] Sending sample transaction 34
[2022-07-23T17:59:20.842Z INFO  client] Sending sample transaction 35
[2022-07-23T17:59:20.893Z INFO  client] Sending sample transaction 36
[2022-07-23T17:59:20.945Z INFO  client] Sending sample transaction 37
[2022-07-23T17:59:20.994Z INFO  client] Sending sample transaction 38
[2022-07-23T17:59:21.043Z INFO  client] Sending sample transaction 39
[2022-07-23T17:59:21.094Z INFO  client] Sending sample transaction 40
[2022-07-23T17:59:21.143Z INFO  client] Sending sample transaction 41
[2022-07-23T17:59:21.202Z INFO  client] Sending sample transaction 42
[2022-07-23T17:59:21.250Z INFO  client] Sending sample transaction 43
[2022-07-23T17:59:21.311Z INFO  client] Sending sample transaction 44
[2022-07-23T17:59:21.425Z INFO  client] Sending sample transaction 45
[2022-07-23T17:59:21.474Z INFO  client] Sending sample transaction 46
[2022-07-23T17:59:21.486Z INFO  client] Sending sample transaction 47
[2022-07-23T17:59:21.542Z INFO  client] Sending sample transaction 48
[2022-07-23T17:59:21.590Z INFO  client] Sending sample transaction 49
[2022-07-23T17:59:21.620Z INFO  client] Sending sample transaction 50
[2022-07-23T17:59:21.648Z INFO  client] Sending sample transaction 51
[2022-07-23T17:59:21.720Z INFO  client] Sending sample transaction 52
[2022-07-23T17:59:21.761Z INFO  client] Sending sample transaction 53
[2022-07-23T17:59:21.803Z INFO  client] Sending sample transaction 54
[2022-07-23T17:59:21.844Z INFO  client] Sending sample transaction 55
[2022-07-23T17:59:21.892Z INFO  client] Sending sample transaction 56
[2022-07-23T17:59:21.943Z INFO  client] Sending sample transaction 57
[2022-07-23T17:59:21.994Z INFO  client] Sending sample transaction 58
[2022-07-23T17:59:22.043Z INFO  client] Sending sample transaction 59
[2022-07-23T17:59:22.094Z INFO  client] Sending sample transaction 60
[2022-07-23T17:59:22.143Z INFO  client] Sending sample transaction 61
[2022-07-23T17:59:22.193Z INFO  client] Sending sample transaction 62
[2022-07-23T17:59:22.242Z INFO  client] Sending sample transaction 63
[2022-07-23T17:59:22.293Z INFO  client] Sending sample transaction 64
[2022-07-23T17:59:22.343Z INFO  client] Sending sample transaction 65
[2022-07-23T17:59:22.393Z INFO  client] Sending sample transaction 66
[2022-07-23T17:59:22.443Z INFO  client] Sending sample transaction 67
[2022-07-23T17:59:22.495Z INFO  client] Sending sample transaction 68
[2022-07-23T17:59:22.543Z INFO  client] Sending sample transaction 69
[2022-07-23T17:59:22.593Z INFO  client] Sending sample transaction 70
[2022-07-23T17:59:22.643Z INFO  client] Sending sample transaction 71
[2022-07-23T17:59:22.734Z INFO  client] Sending sample transaction 72
[2022-07-23T17:59:22.768Z INFO  client] Sending sample transaction 73
[2022-07-23T17:59:22.807Z INFO  client] Sending sample transaction 74
[2022-07-23T17:59:22.844Z INFO  client] Sending sample transaction 75
[2022-07-23T17:59:22.894Z INFO  client] Sending sample transaction 76
[2022-07-23T17:59:22.945Z INFO  client] Sending sample transaction 77
[2022-07-23T17:59:22.995Z INFO  client] Sending sample transaction 78
[2022-07-23T17:59:23.043Z INFO  client] Sending sample transaction 79
[2022-07-23T17:59:23.092Z INFO  client] Sending sample transaction 80
[2022-07-23T17:59:23.143Z INFO  client] Sending sample transaction 81
[2022-07-23T17:59:23.192Z INFO  client] Sending sample transaction 82
[2022-07-23T17:59:23.243Z INFO  client] Sending sample transaction 83
[2022-07-23T17:59:23.293Z INFO  client] Sending sample transaction 84
[2022-07-23T17:59:23.344Z INFO  client] Sending sample transaction 85
[2022-07-23T17:59:23.393Z INFO  client] Sending sample transaction 86
[2022-07-23T17:59:23.443Z INFO  client] Sending sample transaction 87
[2022-07-23T17:59:23.493Z INFO  client] Sending sample transaction 88
[2022-07-23T17:59:23.554Z INFO  client] Sending sample transaction 89
[2022-07-23T17:59:23.593Z INFO  client] Sending sample transaction 90
[2022-07-23T17:59:23.643Z INFO  client] Sending sample transaction 91
[2022-07-23T17:59:23.693Z INFO  client] Sending sample transaction 92
[2022-07-23T17:59:23.744Z INFO  client] Sending sample transaction 93
[2022-07-23T17:59:23.793Z INFO  client] Sending sample transaction 94
[2022-07-23T17:59:23.842Z INFO  client] Sending sample transaction 95
[2022-07-23T17:59:23.894Z INFO  client] Sending sample transaction 96
[2022-07-23T17:59:23.944Z INFO  client] Sending sample transaction 97
[2022-07-23T17:59:24.001Z INFO  client] Sending sample transaction 98
[2022-07-23T17:59:24.057Z INFO  client] Sending sample transaction 99
[2022-07-23T17:59:24.108Z INFO  client] Sending sample transaction 100
[2022-07-23T17:59:24.143Z INFO  client] Sending sample transaction 101
[2022-07-23T17:59:24.194Z INFO  client] Sending sample transaction 102
[2022-07-23T17:59:24.244Z INFO  client] Sending sample transaction 103
[2022-07-23T17:59:24.293Z INFO  client] Sending sample transaction 104
[2022-07-23T17:59:24.343Z INFO  client] Sending sample transaction 105
[2022-07-23T17:59:24.393Z INFO  client] Sending sample transaction 106
[2022-07-23T17:59:24.443Z INFO  client] Sending sample transaction 107
[2022-07-23T17:59:24.493Z INFO  client] Sending sample transaction 108
[2022-07-23T17:59:24.544Z INFO  client] Sending sample transaction 109
[2022-07-23T17:59:24.593Z INFO  client] Sending sample transaction 110
[2022-07-23T17:59:24.643Z INFO  client] Sending sample transaction 111
[2022-07-23T17:59:24.693Z INFO  client] Sending sample transaction 112
[2022-07-23T17:59:24.743Z INFO  client] Sending sample transaction 113
[2022-07-23T17:59:24.793Z INFO  client] Sending sample transaction 114
[2022-07-23T17:59:24.862Z INFO  client] Sending sample transaction 115
[2022-07-23T17:59:24.899Z INFO  client] Sending sample transaction 116
[2022-07-23T17:59:24.950Z INFO  client] Sending sample transaction 117
[2022-07-23T17:59:24.993Z INFO  client] Sending sample transaction 118
[2022-07-23T17:59:25.043Z INFO  client] Sending sample transaction 119
[2022-07-23T17:59:25.094Z INFO  client] Sending sample transaction 120
[2022-07-23T17:59:25.144Z INFO  client] Sending sample transaction 121
[2022-07-23T17:59:25.193Z INFO  client] Sending sample transaction 122
[2022-07-23T17:59:25.243Z INFO  client] Sending sample transaction 123
[2022-07-23T17:59:25.293Z INFO  client] Sending sample transaction 124
[2022-07-23T17:59:25.343Z INFO  client] Sending sample transaction 125
[2022-07-23T17:59:25.392Z INFO  client] Sending sample transaction 126
[2022-07-23T17:59:25.444Z INFO  client] Sending sample transaction 127
[2022-07-23T17:59:25.493Z INFO  client] Sending sample transaction 128
[2022-07-23T17:59:25.543Z INFO  client] Sending sample transaction 129
[2022-07-23T17:59:25.599Z INFO  client] Sending sample transaction 130
[2022-07-23T17:59:25.646Z INFO  client] Sending sample transaction 131
[2022-07-23T17:59:25.692Z INFO  client] Sending sample transaction 132
[2022-07-23T17:59:25.743Z INFO  client] Sending sample transaction 133
[2022-07-23T17:59:25.793Z INFO  client] Sending sample transaction 134
[2022-07-23T17:59:25.843Z INFO  client] Sending sample transaction 135
[2022-07-23T17:59:25.893Z INFO  client] Sending sample transaction 136
[2022-07-23T17:59:25.943Z INFO  client] Sending sample transaction 137
[2022-07-23T17:59:26.007Z INFO  client] Sending sample transaction 138
[2022-07-23T17:59:26.080Z INFO  client] Sending sample transaction 139
[2022-07-23T17:59:26.125Z INFO  client] Sending sample transaction 140
[2022-07-23T17:59:26.143Z INFO  client] Sending sample transaction 141
[2022-07-23T17:59:26.194Z INFO  client] Sending sample transaction 142
[2022-07-23T17:59:26.247Z INFO  client] Sending sample transaction 143
[2022-07-23T17:59:26.293Z INFO  client] Sending sample transaction 144
[2022-07-23T17:59:26.343Z INFO  client] Sending sample transaction 145
[2022-07-23T17:59:26.393Z INFO  client] Sending sample transaction 146
[2022-07-23T17:59:26.443Z INFO  client] Sending sample transaction 147
[2022-07-23T17:59:26.493Z INFO  client] Sending sample transaction 148
[2022-07-23T17:59:26.543Z INFO  client] Sending sample transaction 149
[2022-07-23T17:59:26.593Z INFO  client] Sending sample transaction 150
[2022-07-23T17:59:26.643Z INFO  client] Sending sample transaction 151
[2022-07-23T17:59:26.693Z INFO  client] Sending sample transaction 152
[2022-07-23T17:59:26.744Z INFO  client] Sending sample transaction 153
[2022-07-23T17:59:26.793Z INFO  client] Sending sample transaction 154
[2022-07-23T17:59:26.843Z INFO  client] Sending sample transaction 155
[2022-07-23T17:59:26.940Z INFO  client] Sending sample transaction 156
[2022-07-23T17:59:26.949Z INFO  client] Sending sample transaction 157
[2022-07-23T17:59:27.021Z INFO  client] Sending sample transaction 158
[2022-07-23T17:59:27.057Z INFO  client] Sending sample transaction 159
[2022-07-23T17:59:27.093Z INFO  client] Sending sample transaction 160
[2022-07-23T17:59:27.143Z INFO  client] Sending sample transaction 161
[2022-07-23T17:59:27.193Z INFO  client] Sending sample transaction 162
[2022-07-23T17:59:27.244Z INFO  client] Sending sample transaction 163
[2022-07-23T17:59:27.293Z INFO  client] Sending sample transaction 164
[2022-07-23T17:59:27.343Z INFO  client] Sending sample transaction 165
[2022-07-23T17:59:27.393Z INFO  client] Sending sample transaction 166
[2022-07-23T17:59:27.443Z INFO  client] Sending sample transaction 167
[2022-07-23T17:59:27.493Z INFO  client] Sending sample transaction 168
[2022-07-23T17:59:27.543Z INFO  client] Sending sample transaction 169
[2022-07-23T17:59:27.593Z INFO  client] Sending sample transaction 170
[2022-07-23T17:59:27.643Z INFO  client] Sending sample transaction 171
[2022-07-23T17:59:27.693Z INFO  client] Sending sample transaction 172
[2022-07-23T17:59:27.743Z INFO  client] Sending sample transaction 173
[2022-07-23T17:59:27.793Z INFO  client] Sending sample transaction 174
[2022-07-23T17:59:27.919Z INFO  client] Sending sample transaction 175
[2022-07-23T17:59:27.968Z INFO  client] Sending sample transaction 176
[2022-07-23T17:59:27.993Z INFO  client] Sending sample transaction 177
[2022-07-23T17:59:27.995Z INFO  client] Sending sample transaction 178
[2022-07-23T17:59:28.043Z INFO  client] Sending sample transaction 179
[2022-07-23T17:59:28.093Z INFO  client] Sending sample transaction 180
[2022-07-23T17:59:28.147Z INFO  client] Sending sample transaction 181
[2022-07-23T17:59:28.193Z INFO  client] Sending sample transaction 182
[2022-07-23T17:59:28.242Z INFO  client] Sending sample transaction 183
[2022-07-23T17:59:28.294Z INFO  client] Sending sample transaction 184
[2022-07-23T17:59:28.344Z INFO  client] Sending sample transaction 185
[2022-07-23T17:59:28.393Z INFO  client] Sending sample transaction 186
[2022-07-23T17:59:28.443Z INFO  client] Sending sample transaction 187
[2022-07-23T17:59:28.493Z INFO  client] Sending sample transaction 188
[2022-07-23T17:59:28.543Z INFO  client] Sending sample transaction 189
[2022-07-23T17:59:28.593Z INFO  client] Sending sample transaction 190
[2022-07-23T17:59:28.643Z INFO  client] Sending sample transaction 191
[2022-07-23T17:59:28.694Z INFO  client] Sending sample transaction 192
[2022-07-23T17:59:28.744Z INFO  client] Sending sample transaction 193
[2022-07-23T17:59:28.793Z INFO  client] Sending sample transaction 194
[2022-07-23T17:59:28.843Z INFO  client] Sending sample transaction 195
[2022-07-23T17:59:28.895Z INFO  client] Sending sample transaction 196
[2022-07-23T17:59:28.944Z INFO  client] Sending sample transaction 197
[2022-07-23T17:59:28.994Z INFO  client] Sending sample transaction 198
[2022-07-23T17:59:29.044Z INFO  client] Sending sample transaction 199
[2022-07-23T17:59:29.092Z INFO  client] Sending sample transaction 200
[2022-07-23T17:59:29.143Z INFO  client] Sending sample transaction 201
[2022-07-23T17:59:29.193Z INFO  client] Sending sample transaction 202
[2022-07-23T17:59:29.243Z INFO  client] Sending sample transaction 203
[2022-07-23T17:59:29.294Z INFO  client] Sending sample transaction 204
[2022-07-23T17:59:29.342Z INFO  client] Sending sample transaction 205
[2022-07-23T17:59:29.393Z INFO  client] Sending sample transaction 206
[2022-07-23T17:59:29.443Z INFO  client] Sending sample transaction 207
[2022-07-23T17:59:29.493Z INFO  client] Sending sample transaction 208
[2022-07-23T17:59:29.544Z INFO  client] Sending sample transaction 209
[2022-07-23T17:59:29.593Z INFO  client] Sending sample transaction 210
[2022-07-23T17:59:29.645Z INFO  client] Sending sample transaction 211
[2022-07-23T17:59:29.693Z INFO  client] Sending sample transaction 212
[2022-07-23T17:59:29.743Z INFO  client] Sending sample transaction 213
[2022-07-23T17:59:29.796Z INFO  client] Sending sample transaction 214
[2022-07-23T17:59:29.844Z INFO  client] Sending sample transaction 215
[2022-07-23T17:59:29.894Z INFO  client] Sending sample transaction 216
[2022-07-23T17:59:29.943Z INFO  client] Sending sample transaction 217
[2022-07-23T17:59:29.993Z INFO  client] Sending sample transaction 218
[2022-07-23T17:59:30.044Z INFO  client] Sending sample transaction 219
[2022-07-23T17:59:30.093Z INFO  client] Sending sample transaction 220
[2022-07-23T17:59:30.143Z INFO  client] Sending sample transaction 221
[2022-07-23T17:59:30.193Z INFO  client] Sending sample transaction 222
[2022-07-23T17:59:30.243Z INFO  client] Sending sample transaction 223
[2022-07-23T17:59:30.293Z INFO  client] Sending sample transaction 224
[2022-07-23T17:59:30.343Z INFO  client] Sending sample transaction 225
[2022-07-23T17:59:30.393Z INFO  client] Sending sample transaction 226
[2022-07-23T17:59:30.443Z INFO  client] Sending sample transaction 227
[2022-07-23T17:59:30.493Z INFO  client] Sending sample transaction 228
[2022-07-23T17:59:30.543Z INFO  client] Sending sample transaction 229
[2022-07-23T17:59:30.593Z INFO  client] Sending sample transaction 230
[2022-07-23T17:59:30.642Z INFO  client] Sending sample transaction 231
[2022-07-23T17:59:30.693Z INFO  client] Sending sample transaction 232
[2022-07-23T17:59:30.743Z INFO  client] Sending sample transaction 233
[2022-07-23T17:59:30.794Z INFO  client] Sending sample transaction 234
[2022-07-23T17:59:30.844Z INFO  client] Sending sample transaction 235
[2022-07-23T17:59:30.923Z INFO  client] Sending sample transaction 236
[2022-07-23T17:59:30.954Z INFO  client] Sending sample transaction 237
[2022-07-23T17:59:31.017Z INFO  client] Sending sample transaction 238
[2022-07-23T17:59:31.044Z INFO  client] Sending sample transaction 239
[2022-07-23T17:59:31.093Z INFO  client] Sending sample transaction 240
[2022-07-23T17:59:31.144Z INFO  client] Sending sample transaction 241
[2022-07-23T17:59:31.193Z INFO  client] Sending sample transaction 242
[2022-07-23T17:59:31.243Z INFO  client] Sending sample transaction 243
[2022-07-23T17:59:31.293Z INFO  client] Sending sample transaction 244
[2022-07-23T17:59:31.343Z INFO  client] Sending sample transaction 245
[2022-07-23T17:59:31.393Z INFO  client] Sending sample transaction 246
[2022-07-23T17:59:31.443Z INFO  client] Sending sample transaction 247
[2022-07-23T17:59:31.493Z INFO  client] Sending sample transaction 248
[2022-07-23T17:59:31.543Z INFO  client] Sending sample transaction 249
[2022-07-23T17:59:31.593Z INFO  client] Sending sample transaction 250
[2022-07-23T17:59:31.643Z INFO  client] Sending sample transaction 251
[2022-07-23T17:59:31.693Z INFO  client] Sending sample transaction 252
[2022-07-23T17:59:31.743Z INFO  client] Sending sample transaction 253
[2022-07-23T17:59:31.793Z INFO  client] Sending sample transaction 254
[2022-07-23T17:59:31.843Z INFO  client] Sending sample transaction 255
[2022-07-23T17:59:31.905Z INFO  client] Sending sample transaction 256
[2022-07-23T17:59:31.943Z INFO  client] Sending sample transaction 257
[2022-07-23T17:59:31.993Z INFO  client] Sending sample transaction 258
[2022-07-23T17:59:32.043Z INFO  client] Sending sample transaction 259
[2022-07-23T17:59:32.093Z INFO  client] Sending sample transaction 260
[2022-07-23T17:59:32.143Z INFO  client] Sending sample transaction 261
[2022-07-23T17:59:32.192Z INFO  client] Sending sample transaction 262
[2022-07-23T17:59:32.243Z INFO  client] Sending sample transaction 263
[2022-07-23T17:59:32.294Z INFO  client] Sending sample transaction 264
[2022-07-23T17:59:32.344Z INFO  client] Sending sample transaction 265
[2022-07-23T17:59:32.393Z INFO  client] Sending sample transaction 266
[2022-07-23T17:59:32.443Z INFO  client] Sending sample transaction 267
[2022-07-23T17:59:32.493Z INFO  client] Sending sample transaction 268
[2022-07-23T17:59:32.544Z INFO  client] Sending sample transaction 269
[2022-07-23T17:59:32.593Z INFO  client] Sending sample transaction 270
[2022-07-23T17:59:32.644Z INFO  client] Sending sample transaction 271
[2022-07-23T17:59:32.693Z INFO  client] Sending sample transaction 272
[2022-07-23T17:59:32.743Z INFO  client] Sending sample transaction 273
[2022-07-23T17:59:32.793Z INFO  client] Sending sample transaction 274
[2022-07-23T17:59:32.843Z INFO  client] Sending sample transaction 275
[2022-07-23T17:59:32.893Z INFO  client] Sending sample transaction 276
[2022-07-23T17:59:32.942Z INFO  client] Sending sample transaction 277
[2022-07-23T17:59:32.993Z INFO  client] Sending sample transaction 278
[2022-07-23T17:59:33.044Z INFO  client] Sending sample transaction 279
[2022-07-23T17:59:33.093Z INFO  client] Sending sample transaction 280
[2022-07-23T17:59:33.143Z INFO  client] Sending sample transaction 281
[2022-07-23T17:59:33.198Z INFO  client] Sending sample transaction 282
[2022-07-23T17:59:33.243Z INFO  client] Sending sample transaction 283
[2022-07-23T17:59:33.294Z INFO  client] Sending sample transaction 284
[2022-07-23T17:59:33.348Z INFO  client] Sending sample transaction 285
[2022-07-23T17:59:33.394Z INFO  client] Sending sample transaction 286
[2022-07-23T17:59:33.443Z INFO  client] Sending sample transaction 287
[2022-07-23T17:59:33.493Z INFO  client] Sending sample transaction 288
[2022-07-23T17:59:33.545Z INFO  client] Sending sample transaction 289
[2022-07-23T17:59:33.592Z INFO  client] Sending sample transaction 290
[2022-07-23T17:59:33.644Z INFO  client] Sending sample transaction 291
[2022-07-23T17:59:33.693Z INFO  client] Sending sample transaction 292
[2022-07-23T17:59:33.761Z INFO  client] Sending sample transaction 293
[2022-07-23T17:59:33.798Z INFO  client] Sending sample transaction 294
[2022-07-23T17:59:33.867Z INFO  client] Sending sample transaction 295
[2022-07-23T17:59:33.908Z INFO  client] Sending sample transaction 296
[2022-07-23T17:59:33.951Z INFO  client] Sending sample transaction 297
[2022-07-23T17:59:34.022Z INFO  client] Sending sample transaction 298
[2022-07-23T17:59:34.054Z INFO  client] Sending sample transaction 299
[2022-07-23T17:59:34.093Z INFO  client] Sending sample transaction 300
[2022-07-23T17:59:34.143Z INFO  client] Sending sample transaction 301
[2022-07-23T17:59:34.194Z INFO  client] Sending sample transaction 302
[2022-07-23T17:59:34.243Z INFO  client] Sending sample transaction 303
[2022-07-23T17:59:34.293Z INFO  client] Sending sample transaction 304
[2022-07-23T17:59:34.343Z INFO  client] Sending sample transaction 305
[2022-07-23T17:59:34.393Z INFO  client] Sending sample transaction 306
[2022-07-23T17:59:34.444Z INFO  client] Sending sample transaction 307
[2022-07-23T17:59:34.493Z INFO  client] Sending sample transaction 308
[2022-07-23T17:59:34.543Z INFO  client] Sending sample transaction 309
[2022-07-23T17:59:34.593Z INFO  client] Sending sample transaction 310
[2022-07-23T17:59:34.643Z INFO  client] Sending sample transaction 311
[2022-07-23T17:59:34.693Z INFO  client] Sending sample transaction 312
[2022-07-23T17:59:34.743Z INFO  client] Sending sample transaction 313
[2022-07-23T17:59:34.794Z INFO  client] Sending sample transaction 314
[2022-07-23T17:59:34.844Z INFO  client] Sending sample transaction 315
[2022-07-23T17:59:34.893Z INFO  client] Sending sample transaction 316
[2022-07-23T17:59:34.943Z INFO  client] Sending sample transaction 317
[2022-07-23T17:59:34.994Z INFO  client] Sending sample transaction 318
[2022-07-23T17:59:35.044Z INFO  client] Sending sample transaction 319
[2022-07-23T17:59:35.093Z INFO  client] Sending sample transaction 320
[2022-07-23T17:59:35.145Z INFO  client] Sending sample transaction 321
[2022-07-23T17:59:35.193Z INFO  client] Sending sample transaction 322
[2022-07-23T17:59:35.243Z INFO  client] Sending sample transaction 323
[2022-07-23T17:59:35.293Z INFO  client] Sending sample transaction 324
[2022-07-23T17:59:35.343Z INFO  client] Sending sample transaction 325
[2022-07-23T17:59:35.393Z INFO  client] Sending sample transaction 326
[2022-07-23T17:59:35.444Z INFO  client] Sending sample transaction 327
[2022-07-23T17:59:35.493Z INFO  client] Sending sample transaction 328
[2022-07-23T17:59:35.543Z INFO  client] Sending sample transaction 329
[2022-07-23T17:59:35.593Z INFO  client] Sending sample transaction 330
[2022-07-23T17:59:35.642Z INFO  client] Sending sample transaction 331
[2022-07-23T17:59:35.694Z INFO  client] Sending sample transaction 332
[2022-07-23T17:59:35.743Z INFO  client] Sending sample transaction 333
[2022-07-23T17:59:35.793Z INFO  client] Sending sample transaction 334
[2022-07-23T17:59:35.843Z INFO  client] Sending sample transaction 335
[2022-07-23T17:59:35.899Z INFO  client] Sending sample transaction 336
[2022-07-23T17:59:35.943Z INFO  client] Sending sample transaction 337
[2022-07-23T17:59:35.993Z INFO  client] Sending sample transaction 338
[2022-07-23T17:59:36.043Z INFO  client] Sending sample transaction 339
[2022-07-23T17:59:36.101Z INFO  client] Sending sample transaction 340
[2022-07-23T17:59:36.143Z INFO  client] Sending sample transaction 341
[2022-07-23T17:59:36.193Z INFO  client] Sending sample transaction 342
[2022-07-23T17:59:36.243Z INFO  client] Sending sample transaction 343
[2022-07-23T17:59:36.293Z INFO  client] Sending sample transaction 344
[2022-07-23T17:59:36.343Z INFO  client] Sending sample transaction 345
[2022-07-23T17:59:36.393Z INFO  client] Sending sample transaction 346
[2022-07-23T17:59:36.443Z INFO  client] Sending sample transaction 347
[2022-07-23T17:59:36.496Z INFO  client] Sending sample transaction 348
[2022-07-23T17:59:36.543Z INFO  client] Sending sample transaction 349
[2022-07-23T17:59:36.594Z INFO  client] Sending sample transaction 350
[2022-07-23T17:59:36.643Z INFO  client] Sending sample transaction 351
[2022-07-23T17:59:36.692Z INFO  client] Sending sample transaction 352
[2022-07-23T17:59:36.743Z INFO  client] Sending sample transaction 353
[2022-07-23T17:59:36.793Z INFO  client] Sending sample transaction 354
[2022-07-23T17:59:36.858Z INFO  client] Sending sample transaction 355
[2022-07-23T17:59:36.895Z INFO  client] Sending sample transaction 356
[2022-07-23T17:59:36.960Z INFO  client] Sending sample transaction 357
[2022-07-23T17:59:37.005Z INFO  client] Sending sample transaction 358
[2022-07-23T17:59:37.043Z INFO  client] Sending sample transaction 359
[2022-07-23T17:59:37.094Z INFO  client] Sending sample transaction 360
[2022-07-23T17:59:37.152Z INFO  client] Sending sample transaction 361
[2022-07-23T17:59:37.193Z INFO  client] Sending sample transaction 362
[2022-07-23T17:59:37.243Z INFO  client] Sending sample transaction 363
[2022-07-23T17:59:37.293Z INFO  client] Sending sample transaction 364
[2022-07-23T17:59:37.343Z INFO  client] Sending sample transaction 365
[2022-07-23T17:59:37.393Z INFO  client] Sending sample transaction 366
[2022-07-23T17:59:37.443Z INFO  client] Sending sample transaction 367
[2022-07-23T17:59:37.494Z INFO  client] Sending sample transaction 368
[2022-07-23T17:59:37.545Z INFO  client] Sending sample transaction 369
[2022-07-23T17:59:37.592Z INFO  client] Sending sample transaction 370
[2022-07-23T17:59:37.643Z INFO  client] Sending sample transaction 371
[2022-07-23T17:59:37.693Z INFO  client] Sending sample transaction 372
[2022-07-23T17:59:37.743Z INFO  client] Sending sample transaction 373
[2022-07-23T17:59:37.793Z INFO  client] Sending sample transaction 374
[2022-07-23T17:59:37.845Z INFO  client] Sending sample transaction 375
[2022-07-23T17:59:37.894Z INFO  client] Sending sample transaction 376
[2022-07-23T17:59:37.943Z INFO  client] Sending sample transaction 377
[2022-07-23T17:59:37.994Z INFO  client] Sending sample transaction 378
[2022-07-23T17:59:38.043Z INFO  client] Sending sample transaction 379
[2022-07-23T17:59:38.093Z INFO  client] Sending sample transaction 380
[2022-07-23T17:59:38.142Z INFO  client] Sending sample transaction 381
[2022-07-23T17:59:38.195Z INFO  client] Sending sample transaction 382
[2022-07-23T17:59:38.246Z INFO  client] Sending sample transaction 383
[2022-07-23T17:59:38.293Z INFO  client] Sending sample transaction 384
[2022-07-23T17:59:38.343Z INFO  client] Sending sample transaction 385
[2022-07-23T17:59:38.393Z INFO  client] Sending sample transaction 386
[2022-07-23T17:59:38.443Z INFO  client] Sending sample transaction 387
[2022-07-23T17:59:38.492Z INFO  client] Sending sample transaction 388
[2022-07-23T17:59:38.543Z INFO  client] Sending sample transaction 389
[2022-07-23T17:59:38.594Z INFO  client] Sending sample transaction 390
[2022-07-23T17:59:38.644Z INFO  client] Sending sample transaction 391
[2022-07-23T17:59:38.693Z INFO  client] Sending sample transaction 392
[2022-07-23T17:59:38.744Z INFO  client] Sending sample transaction 393
[2022-07-23T17:59:38.793Z INFO  client] Sending sample transaction 394
[2022-07-23T17:59:38.843Z INFO  client] Sending sample transaction 395
[2022-07-23T17:59:38.893Z INFO  client] Sending sample transaction 396
[2022-07-23T17:59:38.945Z INFO  client] Sending sample transaction 397
[2022-07-23T17:59:38.993Z INFO  client] Sending sample transaction 398
[2022-07-23T17:59:39.043Z INFO  client] Sending sample transaction 399
[2022-07-23T17:59:39.093Z INFO  client] Sending sample transaction 400
[2022-07-23T17:59:39.142Z INFO  client] Sending sample transaction 401
[2022-07-23T17:59:39.194Z INFO  client] Sending sample transaction 402
[2022-07-23T17:59:39.243Z INFO  client] Sending sample transaction 403
[2022-07-23T17:59:39.293Z INFO  client] Sending sample transaction 404
[2022-07-23T17:59:39.344Z INFO  client] Sending sample transaction 405
[2022-07-23T17:59:39.393Z INFO  client] Sending sample transaction 406
[2022-07-23T17:59:39.443Z INFO  client] Sending sample transaction 407
[2022-07-23T17:59:39.493Z INFO  client] Sending sample transaction 408
[2022-07-23T17:59:39.543Z INFO  client] Sending sample transaction 409
[2022-07-23T17:59:39.594Z INFO  client] Sending sample transaction 410
[2022-07-23T17:59:39.643Z INFO  client] Sending sample transaction 411
[2022-07-23T17:59:39.693Z INFO  client] Sending sample transaction 412
[2022-07-23T17:59:39.743Z INFO  client] Sending sample transaction 413
[2022-07-23T17:59:39.793Z INFO  client] Sending sample transaction 414
[2022-07-23T17:59:39.843Z INFO  client] Sending sample transaction 415
[2022-07-23T17:59:39.916Z INFO  client] Sending sample transaction 416
[2022-07-23T17:59:39.973Z INFO  client] Sending sample transaction 417
[2022-07-23T17:59:40.010Z INFO  client] Sending sample transaction 418
[2022-07-23T17:59:40.048Z INFO  client] Sending sample transaction 419
[2022-07-23T17:59:40.094Z INFO  client] Sending sample transaction 420
[2022-07-23T17:59:40.144Z INFO  client] Sending sample transaction 421
[2022-07-23T17:59:40.217Z INFO  client] Sending sample transaction 422
[2022-07-23T17:59:40.260Z INFO  client] Sending sample transaction 423
[2022-07-23T17:59:40.323Z INFO  client] Sending sample transaction 424
[2022-07-23T17:59:40.363Z INFO  client] Sending sample transaction 425
[2022-07-23T17:59:40.422Z INFO  client] Sending sample transaction 426
[2022-07-23T17:59:40.453Z INFO  client] Sending sample transaction 427
[2022-07-23T17:59:40.503Z INFO  client] Sending sample transaction 428
[2022-07-23T17:59:40.547Z INFO  client] Sending sample transaction 429
[2022-07-23T17:59:40.596Z INFO  client] Sending sample transaction 430
[2022-07-23T17:59:40.650Z INFO  client] Sending sample transaction 431
[2022-07-23T17:59:40.698Z INFO  client] Sending sample transaction 432
[2022-07-23T17:59:40.746Z INFO  client] Sending sample transaction 433
[2022-07-23T17:59:40.796Z INFO  client] Sending sample transaction 434
[2022-07-23T17:59:40.851Z INFO  client] Sending sample transaction 435
[2022-07-23T17:59:40.893Z INFO  client] Sending sample transaction 436
[2022-07-23T17:59:40.944Z INFO  client] Sending sample transaction 437
