[2022-07-24T09:37:24.004Z INFO  client] Node address: 127.0.0.1:9016
[2022-07-24T09:37:24.004Z INFO  client] Transactions size: 512 B
[2022-07-24T09:37:24.004Z INFO  client] Transactions rate: 112 tx/s
[2022-07-24T09:37:24.004Z INFO  client] Waiting for all nodes to be online...
[2022-07-24T09:37:24.004Z INFO  client] Waiting for all nodes to be synchronized...
[2022-07-24T09:37:26.020Z INFO  client] Start sending transactions
[2022-07-24T09:37:26.021Z INFO  client] Sending sample transaction 0
[2022-07-24T09:37:26.072Z INFO  client] Sending sample transaction 1
[2022-07-24T09:37:26.121Z INFO  client] Sending sample transaction 2
[2022-07-24T09:37:26.183Z INFO  client] Sending sample transaction 3
[2022-07-24T09:37:26.221Z INFO  client] Sending sample transaction 4
[2022-07-24T09:37:26.271Z INFO  client] Sending sample transaction 5
[2022-07-24T09:37:26.321Z INFO  client] Sending sample transaction 6
[2022-07-24T09:37:26.372Z INFO  client] Sending sample transaction 7
[2022-07-24T09:37:26.422Z INFO  client] Sending sample transaction 8
[2022-07-24T09:37:26.473Z INFO  client] Sending sample transaction 9
[2022-07-24T09:37:26.520Z INFO  client] Sending sample transaction 10
[2022-07-24T09:37:26.571Z INFO  client] Sending sample transaction 11
[2022-07-24T09:37:26.621Z INFO  client] Sending sample transaction 12
[2022-07-24T09:37:26.671Z INFO  client] Sending sample transaction 13
[2022-07-24T09:37:26.722Z INFO  client] Sending sample transaction 14
[2022-07-24T09:37:26.772Z INFO  client] Sending sample transaction 15
[2022-07-24T09:37:26.828Z INFO  client] Sending sample transaction 16
[2022-07-24T09:37:26.871Z INFO  client] Sending sample transaction 17
[2022-07-24T09:37:26.922Z INFO  client] Sending sample transaction 18
[2022-07-24T09:37:26.994Z INFO  client] Sending sample transaction 19
[2022-07-24T09:37:27.021Z INFO  client] Sending sample transaction 20
[2022-07-24T09:37:27.071Z INFO  client] Sending sample transaction 21
[2022-07-24T09:37:27.121Z INFO  client] Sending sample transaction 22
[2022-07-24T09:37:27.171Z INFO  client] Sending sample transaction 23
[2022-07-24T09:37:27.222Z INFO  client] Sending sample transaction 24
[2022-07-24T09:37:27.272Z INFO  client] Sending sample transaction 25
[2022-07-24T09:37:27.321Z INFO  client] Sending sample transaction 26
[2022-07-24T09:37:27.372Z INFO  client] Sending sample transaction 27
[2022-07-24T09:37:27.422Z INFO  client] Sending sample transaction 28
[2022-07-24T09:37:27.473Z INFO  client] Sending sample transaction 29
[2022-07-24T09:37:27.520Z INFO  client] Sending sample transaction 30
[2022-07-24T09:37:27.572Z INFO  client] Sending sample transaction 31
[2022-07-24T09:37:27.623Z INFO  client] Sending sample transaction 32
[2022-07-24T09:37:27.672Z INFO  client] Sending sample transaction 33
[2022-07-24T09:37:27.722Z INFO  client] Sending sample transaction 34
[2022-07-24T09:37:27.770Z INFO  client] Sending sample transaction 35
[2022-07-24T09:37:27.821Z INFO  client] Sending sample transaction 36
[2022-07-24T09:37:27.872Z INFO  client] Sending sample transaction 37
[2022-07-24T09:37:27.922Z INFO  client] Sending sample transaction 38
[2022-07-24T09:37:27.974Z INFO  client] Sending sample transaction 39
[2022-07-24T09:37:28.031Z INFO  client] Sending sample transaction 40
[2022-07-24T09:37:28.074Z INFO  client] Sending sample transaction 41
[2022-07-24T09:37:28.120Z INFO  client] Sending sample transaction 42
[2022-07-24T09:37:28.179Z INFO  client] Sending sample transaction 43
[2022-07-24T09:37:28.221Z INFO  client] Sending sample transaction 44
[2022-07-24T09:37:28.271Z INFO  client] Sending sample transaction 45
[2022-07-24T09:37:28.331Z INFO  client] Sending sample transaction 46
[2022-07-24T09:37:28.371Z INFO  client] Sending sample transaction 47
[2022-07-24T09:37:28.421Z INFO  client] Sending sample transaction 48
[2022-07-24T09:37:28.492Z INFO  client] Sending sample transaction 49
[2022-07-24T09:37:28.524Z INFO  client] Sending sample transaction 50
[2022-07-24T09:37:28.570Z INFO  client] Sending sample transaction 51
[2022-07-24T09:37:28.620Z INFO  client] Sending sample transaction 52
[2022-07-24T09:37:28.671Z INFO  client] Sending sample transaction 53
[2022-07-24T09:37:28.721Z INFO  client] Sending sample transaction 54
[2022-07-24T09:37:28.770Z INFO  client] Sending sample transaction 55
[2022-07-24T09:37:28.821Z INFO  client] Sending sample transaction 56
[2022-07-24T09:37:28.871Z INFO  client] Sending sample transaction 57
[2022-07-24T09:37:28.922Z INFO  client] Sending sample transaction 58
[2022-07-24T09:37:28.971Z INFO  client] Sending sample transaction 59
[2022-07-24T09:37:29.021Z INFO  client] Sending sample transaction 60
[2022-07-24T09:37:29.070Z INFO  client] Sending sample transaction 61
[2022-07-24T09:37:29.121Z INFO  client] Sending sample transaction 62
[2022-07-24T09:37:29.182Z INFO  client] Sending sample transaction 63
[2022-07-24T09:37:29.221Z INFO  client] Sending sample transaction 64
[2022-07-24T09:37:29.271Z INFO  client] Sending sample transaction 65
[2022-07-24T09:37:29.321Z INFO  client] Sending sample transaction 66
[2022-07-24T09:37:29.371Z INFO  client] Sending sample transaction 67
[2022-07-24T09:37:29.421Z INFO  client] Sending sample transaction 68
[2022-07-24T09:37:29.471Z INFO  client] Sending sample transaction 69
[2022-07-24T09:37:29.525Z INFO  client] Sending sample transaction 70
[2022-07-24T09:37:29.571Z INFO  client] Sending sample transaction 71
[2022-07-24T09:37:29.621Z INFO  client] Sending sample transaction 72
[2022-07-24T09:37:29.671Z INFO  client] Sending sample transaction 73
[2022-07-24T09:37:29.722Z INFO  client] Sending sample transaction 74
[2022-07-24T09:37:29.791Z INFO  client] Sending sample transaction 75
[2022-07-24T09:37:29.821Z INFO  client] Sending sample transaction 76
[2022-07-24T09:37:29.875Z INFO  client] Sending sample transaction 77
[2022-07-24T09:37:29.921Z INFO  client] Sending sample transaction 78
[2022-07-24T09:37:29.970Z INFO  client] Sending sample transaction 79
[2022-07-24T09:37:30.021Z INFO  client] Sending sample transaction 80
[2022-07-24T09:37:30.071Z INFO  client] Sending sample transaction 81
[2022-07-24T09:37:30.121Z INFO  client] Sending sample transaction 82
[2022-07-24T09:37:30.171Z INFO  client] Sending sample transaction 83
[2022-07-24T09:37:30.230Z INFO  client] Sending sample transaction 84
[2022-07-24T09:37:30.271Z INFO  client] Sending sample transaction 85
[2022-07-24T09:37:30.321Z INFO  client] Sending sample transaction 86
[2022-07-24T09:37:30.372Z INFO  client] Sending sample transaction 87
[2022-07-24T09:37:30.421Z INFO  client] Sending sample transaction 88
[2022-07-24T09:37:30.471Z INFO  client] Sending sample transaction 89
[2022-07-24T09:37:30.520Z INFO  client] Sending sample transaction 90
[2022-07-24T09:37:30.571Z INFO  client] Sending sample transaction 91
[2022-07-24T09:37:30.621Z INFO  client] Sending sample transaction 92
[2022-07-24T09:37:30.671Z INFO  client] Sending sample transaction 93
[2022-07-24T09:37:30.721Z INFO  client] Sending sample transaction 94
[2022-07-24T09:37:30.771Z INFO  client] Sending sample transaction 95
[2022-07-24T09:37:30.828Z INFO  client] Sending sample transaction 96
[2022-07-24T09:37:30.871Z INFO  client] Sending sample transaction 97
[2022-07-24T09:37:30.921Z INFO  client] Sending sample transaction 98
[2022-07-24T09:37:30.971Z INFO  client] Sending sample transaction 99
[2022-07-24T09:37:31.021Z INFO  client] Sending sample transaction 100
[2022-07-24T09:37:31.071Z INFO  client] Sending sample transaction 101
[2022-07-24T09:37:31.121Z INFO  client] Sending sample transaction 102
[2022-07-24T09:37:31.172Z INFO  client] Sending sample transaction 103
[2022-07-24T09:37:31.221Z INFO  client] Sending sample transaction 104
[2022-07-24T09:37:31.270Z INFO  client] Sending sample transaction 105
[2022-07-24T09:37:31.335Z INFO  client] Sending sample transaction 106
[2022-07-24T09:37:31.371Z INFO  client] Sending sample transaction 107
[2022-07-24T09:37:31.421Z INFO  client] Sending sample transaction 108
[2022-07-24T09:37:31.472Z INFO  client] Sending sample transaction 109
[2022-07-24T09:37:31.521Z INFO  client] Sending sample transaction 110
[2022-07-24T09:37:31.571Z INFO  client] Sending sample transaction 111
[2022-07-24T09:37:31.622Z INFO  client] Sending sample transaction 112
[2022-07-24T09:37:31.671Z INFO  client] Sending sample transaction 113
[2022-07-24T09:37:31.722Z INFO  client] Sending sample transaction 114
[2022-07-24T09:37:31.771Z INFO  client] Sending sample transaction 115
[2022-07-24T09:37:31.820Z INFO  client] Sending sample transaction 116
[2022-07-24T09:37:31.871Z INFO  client] Sending sample transaction 117
[2022-07-24T09:37:31.921Z INFO  client] Sending sample transaction 118
[2022-07-24T09:37:31.971Z INFO  client] Sending sample transaction 119
[2022-07-24T09:37:32.022Z INFO  client] Sending sample transaction 120
[2022-07-24T09:37:32.070Z INFO  client] Sending sample transaction 121
[2022-07-24T09:37:32.121Z INFO  client] Sending sample transaction 122
[2022-07-24T09:37:32.172Z INFO  client] Sending sample transaction 123
[2022-07-24T09:37:32.221Z INFO  client] Sending sample transaction 124
[2022-07-24T09:37:32.270Z INFO  client] Sending sample transaction 125
[2022-07-24T09:37:32.321Z INFO  client] Sending sample transaction 126
[2022-07-24T09:37:32.379Z INFO  client] Sending sample transaction 127
[2022-07-24T09:37:32.446Z INFO  client] Sending sample transaction 128
[2022-07-24T09:37:32.471Z INFO  client] Sending sample transaction 129
[2022-07-24T09:37:32.520Z INFO  client] Sending sample transaction 130
[2022-07-24T09:37:32.571Z INFO  client] Sending sample transaction 131
[2022-07-24T09:37:32.621Z INFO  client] Sending sample transaction 132
[2022-07-24T09:37:32.670Z INFO  client] Sending sample transaction 133
[2022-07-24T09:37:32.721Z INFO  client] Sending sample transaction 134
[2022-07-24T09:37:32.770Z INFO  client] Sending sample transaction 135
[2022-07-24T09:37:32.820Z INFO  client] Sending sample transaction 136
[2022-07-24T09:37:32.871Z INFO  client] Sending sample transaction 137
[2022-07-24T09:37:32.922Z INFO  client] Sending sample transaction 138
[2022-07-24T09:37:32.971Z INFO  client] Sending sample transaction 139
[2022-07-24T09:37:33.021Z INFO  client] Sending sample transaction 140
[2022-07-24T09:37:33.073Z INFO  client] Sending sample transaction 141
[2022-07-24T09:37:33.121Z INFO  client] Sending sample transaction 142
[2022-07-24T09:37:33.171Z INFO  client] Sending sample transaction 143
[2022-07-24T09:37:33.221Z INFO  client] Sending sample transaction 144
[2022-07-24T09:37:33.271Z INFO  client] Sending sample transaction 145
[2022-07-24T09:37:33.321Z INFO  client] Sending sample transaction 146
[2022-07-24T09:37:33.371Z INFO  client] Sending sample transaction 147
[2022-07-24T09:37:33.421Z INFO  client] Sending sample transaction 148
[2022-07-24T09:37:33.471Z INFO  client] Sending sample transaction 149
[2022-07-24T09:37:33.520Z INFO  client] Sending sample transaction 150
[2022-07-24T09:37:33.571Z INFO  client] Sending sample transaction 151
[2022-07-24T09:37:33.621Z INFO  client] Sending sample transaction 152
[2022-07-24T09:37:33.671Z INFO  client] Sending sample transaction 153
[2022-07-24T09:37:33.721Z INFO  client] Sending sample transaction 154
[2022-07-24T09:37:33.771Z INFO  client] Sending sample transaction 155
[2022-07-24T09:37:33.821Z INFO  client] Sending sample transaction 156
[2022-07-24T09:37:33.870Z INFO  client] Sending sample transaction 157
[2022-07-24T09:37:33.921Z INFO  client] Sending sample transaction 158
[2022-07-24T09:37:33.970Z INFO  client] Sending sample transaction 159
[2022-07-24T09:37:34.020Z INFO  client] Sending sample transaction 160
[2022-07-24T09:37:34.070Z INFO  client] Sending sample transaction 161
[2022-07-24T09:37:34.120Z INFO  client] Sending sample transaction 162
[2022-07-24T09:37:34.171Z INFO  client] Sending sample transaction 163
[2022-07-24T09:37:34.221Z INFO  client] Sending sample transaction 164
[2022-07-24T09:37:34.271Z INFO  client] Sending sample transaction 165
[2022-07-24T09:37:34.322Z INFO  client] Sending sample transaction 166
[2022-07-24T09:37:34.371Z INFO  client] Sending sample transaction 167
[2022-07-24T09:37:34.421Z INFO  client] Sending sample transaction 168
[2022-07-24T09:37:34.471Z INFO  client] Sending sample transaction 169
[2022-07-24T09:37:34.520Z INFO  client] Sending sample transaction 170
[2022-07-24T09:37:34.573Z INFO  client] Sending sample transaction 171
[2022-07-24T09:37:34.623Z INFO  client] Sending sample transaction 172
[2022-07-24T09:37:34.670Z INFO  client] Sending sample transaction 173
[2022-07-24T09:37:34.721Z INFO  client] Sending sample transaction 174
[2022-07-24T09:37:34.771Z INFO  client] Sending sample transaction 175
[2022-07-24T09:37:34.821Z INFO  client] Sending sample transaction 176
[2022-07-24T09:37:34.871Z INFO  client] Sending sample transaction 177
[2022-07-24T09:37:34.921Z INFO  client] Sending sample transaction 178
[2022-07-24T09:37:34.971Z INFO  client] Sending sample transaction 179
[2022-07-24T09:37:35.021Z INFO  client] Sending sample transaction 180
[2022-07-24T09:37:35.071Z INFO  client] Sending sample transaction 181
[2022-07-24T09:37:35.120Z INFO  client] Sending sample transaction 182
[2022-07-24T09:37:35.171Z INFO  client] Sending sample transaction 183
[2022-07-24T09:37:35.223Z INFO  client] Sending sample transaction 184
[2022-07-24T09:37:35.270Z INFO  client] Sending sample transaction 185
[2022-07-24T09:37:35.320Z INFO  client] Sending sample transaction 186
[2022-07-24T09:37:35.372Z INFO  client] Sending sample transaction 187
[2022-07-24T09:37:35.422Z INFO  client] Sending sample transaction 188
[2022-07-24T09:37:35.470Z INFO  client] Sending sample transaction 189
[2022-07-24T09:37:35.521Z INFO  client] Sending sample transaction 190
[2022-07-24T09:37:35.571Z INFO  client] Sending sample transaction 191
[2022-07-24T09:37:35.620Z INFO  client] Sending sample transaction 192
[2022-07-24T09:37:35.670Z INFO  client] Sending sample transaction 193
[2022-07-24T09:37:35.722Z INFO  client] Sending sample transaction 194
[2022-07-24T09:37:35.771Z INFO  client] Sending sample transaction 195
[2022-07-24T09:37:35.821Z INFO  client] Sending sample transaction 196
[2022-07-24T09:37:35.871Z INFO  client] Sending sample transaction 197
[2022-07-24T09:37:35.921Z INFO  client] Sending sample transaction 198
[2022-07-24T09:37:35.971Z INFO  client] Sending sample transaction 199
[2022-07-24T09:37:36.020Z INFO  client] Sending sample transaction 200
[2022-07-24T09:37:36.071Z INFO  client] Sending sample transaction 201
[2022-07-24T09:37:36.122Z INFO  client] Sending sample transaction 202
[2022-07-24T09:37:36.171Z INFO  client] Sending sample transaction 203
[2022-07-24T09:37:36.221Z INFO  client] Sending sample transaction 204
[2022-07-24T09:37:36.271Z INFO  client] Sending sample transaction 205
[2022-07-24T09:37:36.321Z INFO  client] Sending sample transaction 206
[2022-07-24T09:37:36.376Z INFO  client] Sending sample transaction 207
[2022-07-24T09:37:36.421Z INFO  client] Sending sample transaction 208
[2022-07-24T09:37:36.471Z INFO  client] Sending sample transaction 209
[2022-07-24T09:37:36.521Z INFO  client] Sending sample transaction 210
[2022-07-24T09:37:36.571Z INFO  client] Sending sample transaction 211
[2022-07-24T09:37:36.622Z INFO  client] Sending sample transaction 212
[2022-07-24T09:37:36.676Z INFO  client] Sending sample transaction 213
[2022-07-24T09:37:36.721Z INFO  client] Sending sample transaction 214
[2022-07-24T09:37:36.772Z INFO  client] Sending sample transaction 215
[2022-07-24T09:37:36.821Z INFO  client] Sending sample transaction 216
[2022-07-24T09:37:36.872Z INFO  client] Sending sample transaction 217
[2022-07-24T09:37:36.922Z INFO  client] Sending sample transaction 218
[2022-07-24T09:37:36.971Z INFO  client] Sending sample transaction 219
[2022-07-24T09:37:37.024Z INFO  client] Sending sample transaction 220
[2022-07-24T09:37:37.071Z INFO  client] Sending sample transaction 221
[2022-07-24T09:37:37.122Z INFO  client] Sending sample transaction 222
[2022-07-24T09:37:37.171Z INFO  client] Sending sample transaction 223
[2022-07-24T09:37:37.222Z INFO  client] Sending sample transaction 224
[2022-07-24T09:37:37.271Z INFO  client] Sending sample transaction 225
[2022-07-24T09:37:37.321Z INFO  client] Sending sample transaction 226
[2022-07-24T09:37:37.370Z INFO  client] Sending sample transaction 227
[2022-07-24T09:37:37.421Z INFO  client] Sending sample transaction 228
[2022-07-24T09:37:37.472Z INFO  client] Sending sample transaction 229
[2022-07-24T09:37:37.521Z INFO  client] Sending sample transaction 230
[2022-07-24T09:37:37.571Z INFO  client] Sending sample transaction 231
[2022-07-24T09:37:37.621Z INFO  client] Sending sample transaction 232
[2022-07-24T09:37:37.670Z INFO  client] Sending sample transaction 233
[2022-07-24T09:37:37.721Z INFO  client] Sending sample transaction 234
[2022-07-24T09:37:37.771Z INFO  client] Sending sample transaction 235
[2022-07-24T09:37:37.821Z INFO  client] Sending sample transaction 236
[2022-07-24T09:37:37.871Z INFO  client] Sending sample transaction 237
[2022-07-24T09:37:37.921Z INFO  client] Sending sample transaction 238
[2022-07-24T09:37:37.971Z INFO  client] Sending sample transaction 239
[2022-07-24T09:37:38.021Z INFO  client] Sending sample transaction 240
[2022-07-24T09:37:38.078Z INFO  client] Sending sample transaction 241
[2022-07-24T09:37:38.120Z INFO  client] Sending sample transaction 242
[2022-07-24T09:37:38.171Z INFO  client] Sending sample transaction 243
[2022-07-24T09:37:38.220Z INFO  client] Sending sample transaction 244
[2022-07-24T09:37:38.271Z INFO  client] Sending sample transaction 245
[2022-07-24T09:37:38.324Z INFO  client] Sending sample transaction 246
[2022-07-24T09:37:38.372Z INFO  client] Sending sample transaction 247
[2022-07-24T09:37:38.429Z INFO  client] Sending sample transaction 248
[2022-07-24T09:37:38.471Z INFO  client] Sending sample transaction 249
[2022-07-24T09:37:38.520Z INFO  client] Sending sample transaction 250
[2022-07-24T09:37:38.572Z INFO  client] Sending sample transaction 251
[2022-07-24T09:37:38.622Z INFO  client] Sending sample transaction 252
[2022-07-24T09:37:38.671Z INFO  client] Sending sample transaction 253
[2022-07-24T09:37:38.721Z INFO  client] Sending sample transaction 254
[2022-07-24T09:37:38.773Z INFO  client] Sending sample transaction 255
[2022-07-24T09:37:38.820Z INFO  client] Sending sample transaction 256
[2022-07-24T09:37:38.873Z INFO  client] Sending sample transaction 257
[2022-07-24T09:37:38.922Z INFO  client] Sending sample transaction 258
[2022-07-24T09:37:38.971Z INFO  client] Sending sample transaction 259
[2022-07-24T09:37:39.021Z INFO  client] Sending sample transaction 260
[2022-07-24T09:37:39.074Z INFO  client] Sending sample transaction 261
[2022-07-24T09:37:39.121Z INFO  client] Sending sample transaction 262
[2022-07-24T09:37:39.171Z INFO  client] Sending sample transaction 263
[2022-07-24T09:37:39.221Z INFO  client] Sending sample transaction 264
[2022-07-24T09:37:39.271Z INFO  client] Sending sample transaction 265
[2022-07-24T09:37:39.320Z INFO  client] Sending sample transaction 266
[2022-07-24T09:37:39.371Z INFO  client] Sending sample transaction 267
[2022-07-24T09:37:39.420Z INFO  client] Sending sample transaction 268
[2022-07-24T09:37:39.470Z INFO  client] Sending sample transaction 269
[2022-07-24T09:37:39.521Z INFO  client] Sending sample transaction 270
[2022-07-24T09:37:39.571Z INFO  client] Sending sample transaction 271
[2022-07-24T09:37:39.621Z INFO  client] Sending sample transaction 272
[2022-07-24T09:37:39.670Z INFO  client] Sending sample transaction 273
[2022-07-24T09:37:39.721Z INFO  client] Sending sample transaction 274
[2022-07-24T09:37:39.771Z INFO  client] Sending sample transaction 275
[2022-07-24T09:37:39.820Z INFO  client] Sending sample transaction 276
[2022-07-24T09:37:39.871Z INFO  client] Sending sample transaction 277
[2022-07-24T09:37:39.935Z INFO  client] Sending sample transaction 278
[2022-07-24T09:37:39.971Z INFO  client] Sending sample transaction 279
[2022-07-24T09:37:40.020Z INFO  client] Sending sample transaction 280
[2022-07-24T09:37:40.083Z INFO  client] Sending sample transaction 281
[2022-07-24T09:37:40.121Z INFO  client] Sending sample transaction 282
[2022-07-24T09:37:40.171Z INFO  client] Sending sample transaction 283
[2022-07-24T09:37:40.221Z INFO  client] Sending sample transaction 284
[2022-07-24T09:37:40.271Z INFO  client] Sending sample transaction 285
[2022-07-24T09:37:40.321Z INFO  client] Sending sample transaction 286
[2022-07-24T09:37:40.371Z INFO  client] Sending sample transaction 287
[2022-07-24T09:37:40.421Z INFO  client] Sending sample transaction 288
[2022-07-24T09:37:40.471Z INFO  client] Sending sample transaction 289
[2022-07-24T09:37:40.520Z INFO  client] Sending sample transaction 290
[2022-07-24T09:37:40.570Z INFO  client] Sending sample transaction 291
[2022-07-24T09:37:40.620Z INFO  client] Sending sample transaction 292
[2022-07-24T09:37:40.671Z INFO  client] Sending sample transaction 293
[2022-07-24T09:37:40.721Z INFO  client] Sending sample transaction 294
[2022-07-24T09:37:40.771Z INFO  client] Sending sample transaction 295
[2022-07-24T09:37:40.820Z INFO  client] Sending sample transaction 296
[2022-07-24T09:37:40.871Z INFO  client] Sending sample transaction 297
[2022-07-24T09:37:40.925Z INFO  client] Sending sample transaction 298
[2022-07-24T09:37:40.971Z INFO  client] Sending sample transaction 299
[2022-07-24T09:37:41.021Z INFO  client] Sending sample transaction 300
[2022-07-24T09:37:41.082Z INFO  client] Sending sample transaction 301
[2022-07-24T09:37:41.122Z INFO  client] Sending sample transaction 302
[2022-07-24T09:37:41.171Z INFO  client] Sending sample transaction 303
[2022-07-24T09:37:41.222Z INFO  client] Sending sample transaction 304
[2022-07-24T09:37:41.271Z INFO  client] Sending sample transaction 305
[2022-07-24T09:37:41.321Z INFO  client] Sending sample transaction 306
[2022-07-24T09:37:41.371Z INFO  client] Sending sample transaction 307
[2022-07-24T09:37:41.421Z INFO  client] Sending sample transaction 308
[2022-07-24T09:37:41.471Z INFO  client] Sending sample transaction 309
[2022-07-24T09:37:41.546Z INFO  client] Sending sample transaction 310
[2022-07-24T09:37:41.571Z INFO  client] Sending sample transaction 311
[2022-07-24T09:37:41.621Z INFO  client] Sending sample transaction 312
[2022-07-24T09:37:41.674Z INFO  client] Sending sample transaction 313
[2022-07-24T09:37:41.721Z INFO  client] Sending sample transaction 314
[2022-07-24T09:37:41.770Z INFO  client] Sending sample transaction 315
[2022-07-24T09:37:41.821Z INFO  client] Sending sample transaction 316
[2022-07-24T09:37:41.870Z INFO  client] Sending sample transaction 317
[2022-07-24T09:37:41.921Z INFO  client] Sending sample transaction 318
[2022-07-24T09:37:41.971Z INFO  client] Sending sample transaction 319
[2022-07-24T09:37:42.021Z INFO  client] Sending sample transaction 320
[2022-07-24T09:37:42.070Z INFO  client] Sending sample transaction 321
[2022-07-24T09:37:42.121Z INFO  client] Sending sample transaction 322
[2022-07-24T09:37:42.170Z INFO  client] Sending sample transaction 323
[2022-07-24T09:37:42.221Z INFO  client] Sending sample transaction 324
[2022-07-24T09:37:42.271Z INFO  client] Sending sample transaction 325
[2022-07-24T09:37:42.320Z INFO  client] Sending sample transaction 326
[2022-07-24T09:37:42.371Z INFO  client] Sending sample transaction 327
[2022-07-24T09:37:42.421Z INFO  client] Sending sample transaction 328
[2022-07-24T09:37:42.471Z INFO  client] Sending sample transaction 329
[2022-07-24T09:37:42.521Z INFO  client] Sending sample transaction 330
[2022-07-24T09:37:42.571Z INFO  client] Sending sample transaction 331
[2022-07-24T09:37:42.621Z INFO  client] Sending sample transaction 332
[2022-07-24T09:37:42.671Z INFO  client] Sending sample transaction 333
[2022-07-24T09:37:42.722Z INFO  client] Sending sample transaction 334
[2022-07-24T09:37:42.771Z INFO  client] Sending sample transaction 335
[2022-07-24T09:37:42.820Z INFO  client] Sending sample transaction 336
[2022-07-24T09:37:42.871Z INFO  client] Sending sample transaction 337
[2022-07-24T09:37:42.921Z INFO  client] Sending sample transaction 338
[2022-07-24T09:37:42.996Z INFO  client] Sending sample transaction 339
[2022-07-24T09:37:43.037Z INFO  client] Sending sample transaction 340
[2022-07-24T09:37:43.071Z INFO  client] Sending sample transaction 341
[2022-07-24T09:37:43.122Z INFO  client] Sending sample transaction 342
[2022-07-24T09:37:43.171Z INFO  client] Sending sample transaction 343
[2022-07-24T09:37:43.221Z INFO  client] Sending sample transaction 344
[2022-07-24T09:37:43.271Z INFO  client] Sending sample transaction 345
[2022-07-24T09:37:43.320Z INFO  client] Sending sample transaction 346
[2022-07-24T09:37:43.371Z INFO  client] Sending sample transaction 347
[2022-07-24T09:37:43.421Z INFO  client] Sending sample transaction 348
[2022-07-24T09:37:43.471Z INFO  client] Sending sample transaction 349
[2022-07-24T09:37:43.520Z INFO  client] Sending sample transaction 350
[2022-07-24T09:37:43.571Z INFO  client] Sending sample transaction 351
[2022-07-24T09:37:43.621Z INFO  client] Sending sample transaction 352
[2022-07-24T09:37:43.671Z INFO  client] Sending sample transaction 353
[2022-07-24T09:37:43.720Z INFO  client] Sending sample transaction 354
[2022-07-24T09:37:43.770Z INFO  client] Sending sample transaction 355
[2022-07-24T09:37:43.821Z INFO  client] Sending sample transaction 356
[2022-07-24T09:37:43.871Z INFO  client] Sending sample transaction 357
[2022-07-24T09:37:43.921Z INFO  client] Sending sample transaction 358
[2022-07-24T09:37:43.971Z INFO  client] Sending sample transaction 359
[2022-07-24T09:37:44.021Z INFO  client] Sending sample transaction 360
[2022-07-24T09:37:44.075Z INFO  client] Sending sample transaction 361
[2022-07-24T09:37:44.121Z INFO  client] Sending sample transaction 362
[2022-07-24T09:37:44.187Z INFO  client] Sending sample transaction 363
[2022-07-24T09:37:44.221Z INFO  client] Sending sample transaction 364
[2022-07-24T09:37:44.270Z INFO  client] Sending sample transaction 365
[2022-07-24T09:37:44.321Z INFO  client] Sending sample transaction 366
[2022-07-24T09:37:44.371Z INFO  client] Sending sample transaction 367
[2022-07-24T09:37:44.420Z INFO  client] Sending sample transaction 368
[2022-07-24T09:37:44.471Z INFO  client] Sending sample transaction 369
[2022-07-24T09:37:44.521Z INFO  client] Sending sample transaction 370
[2022-07-24T09:37:44.571Z INFO  client] Sending sample transaction 371
[2022-07-24T09:37:44.620Z INFO  client] Sending sample transaction 372
[2022-07-24T09:37:44.670Z INFO  client] Sending sample transaction 373
[2022-07-24T09:37:44.720Z INFO  client] Sending sample transaction 374
[2022-07-24T09:37:44.771Z INFO  client] Sending sample transaction 375
[2022-07-24T09:37:44.821Z INFO  client] Sending sample transaction 376
[2022-07-24T09:37:44.872Z INFO  client] Sending sample transaction 377
[2022-07-24T09:37:44.921Z INFO  client] Sending sample transaction 378
[2022-07-24T09:37:44.973Z INFO  client] Sending sample transaction 379
[2022-07-24T09:37:45.020Z INFO  client] Sending sample transaction 380
[2022-07-24T09:37:45.071Z INFO  client] Sending sample transaction 381
[2022-07-24T09:37:45.121Z INFO  client] Sending sample transaction 382
[2022-07-24T09:37:45.171Z INFO  client] Sending sample transaction 383
[2022-07-24T09:37:45.221Z INFO  client] Sending sample transaction 384
[2022-07-24T09:37:45.271Z INFO  client] Sending sample transaction 385
[2022-07-24T09:37:45.321Z INFO  client] Sending sample transaction 386
[2022-07-24T09:37:45.371Z INFO  client] Sending sample transaction 387
[2022-07-24T09:37:45.421Z INFO  client] Sending sample transaction 388
[2022-07-24T09:37:45.471Z INFO  client] Sending sample transaction 389
[2022-07-24T09:37:45.521Z INFO  client] Sending sample transaction 390
[2022-07-24T09:37:45.571Z INFO  client] Sending sample transaction 391
[2022-07-24T09:37:45.621Z INFO  client] Sending sample transaction 392
[2022-07-24T09:37:45.671Z INFO  client] Sending sample transaction 393
[2022-07-24T09:37:45.721Z INFO  client] Sending sample transaction 394
[2022-07-24T09:37:45.770Z INFO  client] Sending sample transaction 395
[2022-07-24T09:37:45.829Z INFO  client] Sending sample transaction 396
[2022-07-24T09:37:45.874Z INFO  client] Sending sample transaction 397
[2022-07-24T09:37:45.921Z INFO  client] Sending sample transaction 398
[2022-07-24T09:37:45.971Z INFO  client] Sending sample transaction 399
[2022-07-24T09:37:46.021Z INFO  client] Sending sample transaction 400
[2022-07-24T09:37:46.070Z INFO  client] Sending sample transaction 401
[2022-07-24T09:37:46.125Z INFO  client] Sending sample transaction 402
[2022-07-24T09:37:46.170Z INFO  client] Sending sample transaction 403
[2022-07-24T09:37:46.221Z INFO  client] Sending sample transaction 404
[2022-07-24T09:37:46.271Z INFO  client] Sending sample transaction 405
[2022-07-24T09:37:46.321Z INFO  client] Sending sample transaction 406
[2022-07-24T09:37:46.371Z INFO  client] Sending sample transaction 407
[2022-07-24T09:37:46.421Z INFO  client] Sending sample transaction 408
[2022-07-24T09:37:46.471Z INFO  client] Sending sample transaction 409
[2022-07-24T09:37:46.522Z INFO  client] Sending sample transaction 410
[2022-07-24T09:37:46.571Z INFO  client] Sending sample transaction 411
[2022-07-24T09:37:46.627Z INFO  client] Sending sample transaction 412
[2022-07-24T09:37:46.671Z INFO  client] Sending sample transaction 413
[2022-07-24T09:37:46.722Z INFO  client] Sending sample transaction 414
[2022-07-24T09:37:46.771Z INFO  client] Sending sample transaction 415
[2022-07-24T09:37:46.821Z INFO  client] Sending sample transaction 416
[2022-07-24T09:37:46.870Z INFO  client] Sending sample transaction 417
[2022-07-24T09:37:46.921Z INFO  client] Sending sample transaction 418
[2022-07-24T09:37:46.971Z INFO  client] Sending sample transaction 419
[2022-07-24T09:37:47.022Z INFO  client] Sending sample transaction 420
[2022-07-24T09:37:47.070Z INFO  client] Sending sample transaction 421
[2022-07-24T09:37:47.127Z INFO  client] Sending sample transaction 422
[2022-07-24T09:37:47.177Z INFO  client] Sending sample transaction 423
[2022-07-24T09:37:47.231Z INFO  client] Sending sample transaction 424
[2022-07-24T09:37:47.274Z INFO  client] Sending sample transaction 425
[2022-07-24T09:37:47.320Z INFO  client] Sending sample transaction 426
[2022-07-24T09:37:47.380Z INFO  client] Sending sample transaction 427
[2022-07-24T09:37:47.421Z INFO  client] Sending sample transaction 428
[2022-07-24T09:37:47.471Z INFO  client] Sending sample transaction 429
