[2022-07-23T17:53:45.411Z INFO  client] Node address: 127.0.0.1:9013
[2022-07-23T17:53:45.411Z INFO  client] Transactions size: 512 B
[2022-07-23T17:53:45.411Z INFO  client] Transactions rate: 112 tx/s
[2022-07-23T17:53:45.411Z INFO  client] Waiting for all nodes to be online...
[2022-07-23T17:53:45.411Z INFO  client] Waiting for all nodes to be synchronized...
[2022-07-23T17:53:47.471Z INFO  client] Start sending transactions
[2022-07-23T17:53:47.568Z INFO  client] Sending sample transaction 0
[2022-07-23T17:53:47.648Z INFO  client] Sending sample transaction 1
[2022-07-23T17:53:47.650Z INFO  client] Sending sample transaction 2
[2022-07-23T17:53:47.660Z INFO  client] Sending sample transaction 3
[2022-07-23T17:53:47.685Z INFO  client] Sending sample transaction 4
[2022-07-23T17:53:47.736Z INFO  client] Sending sample transaction 5
[2022-07-23T17:53:47.804Z INFO  client] Sending sample transaction 6
[2022-07-23T17:53:47.844Z INFO  client] Sending sample transaction 7
[2022-07-23T17:53:47.893Z INFO  client] Sending sample transaction 8
[2022-07-23T17:53:47.979Z INFO  client] Sending sample transaction 9
[2022-07-23T17:53:47.979Z INFO  client] Sending sample transaction 10
[2022-07-23T17:53:48.084Z INFO  client] Sending sample transaction 11
[2022-07-23T17:53:48.102Z INFO  client] Sending sample transaction 12
[2022-07-23T17:53:48.160Z INFO  client] Sending sample transaction 13
[2022-07-23T17:53:48.253Z INFO  client] Sending sample transaction 14
[2022-07-23T17:53:48.253Z WARN  client] Transaction rate too high for this client
[2022-07-23T17:53:48.253Z INFO  client] Sending sample transaction 15
[2022-07-23T17:53:48.383Z INFO  client] Sending sample transaction 16
[2022-07-23T17:53:48.473Z INFO  client] Sending sample transaction 17
[2022-07-23T17:53:48.474Z INFO  client] Sending sample transaction 18
[2022-07-23T17:53:48.475Z INFO  client] Sending sample transaction 19
[2022-07-23T17:53:48.542Z INFO  client] Sending sample transaction 20
[2022-07-23T17:53:48.587Z INFO  client] Sending sample transaction 21
[2022-07-23T17:53:48.602Z INFO  client] Sending sample transaction 22
[2022-07-23T17:53:48.630Z INFO  client] Sending sample transaction 23
[2022-07-23T17:53:48.696Z INFO  client] Sending sample transaction 24
[2022-07-23T17:53:48.757Z INFO  client] Sending sample transaction 25
[2022-07-23T17:53:48.795Z INFO  client] Sending sample transaction 26
[2022-07-23T17:53:48.862Z INFO  client] Sending sample transaction 27
[2022-07-23T17:53:48.903Z INFO  client] Sending sample transaction 28
[2022-07-23T17:53:48.934Z INFO  client] Sending sample transaction 29
[2022-07-23T17:53:48.991Z INFO  client] Sending sample transaction 30
[2022-07-23T17:53:49.065Z INFO  client] Sending sample transaction 31
[2022-07-23T17:53:49.104Z INFO  client] Sending sample transaction 32
[2022-07-23T17:53:49.165Z INFO  client] Sending sample transaction 33
[2022-07-23T17:53:49.218Z INFO  client] Sending sample transaction 34
[2022-07-23T17:53:49.244Z INFO  client] Sending sample transaction 35
[2022-07-23T17:53:49.275Z INFO  client] Sending sample transaction 36
[2022-07-23T17:53:49.329Z INFO  client] Sending sample transaction 37
[2022-07-23T17:53:49.374Z INFO  client] Sending sample transaction 38
[2022-07-23T17:53:49.551Z INFO  client] Sending sample transaction 39
[2022-07-23T17:53:49.551Z INFO  client] Sending sample transaction 40
[2022-07-23T17:53:49.552Z INFO  client] Sending sample transaction 41
[2022-07-23T17:53:49.640Z INFO  client] Sending sample transaction 42
[2022-07-23T17:53:49.663Z INFO  client] Sending sample transaction 43
[2022-07-23T17:53:49.702Z INFO  client] Sending sample transaction 44
[2022-07-23T17:53:49.736Z INFO  client] Sending sample transaction 45
[2022-07-23T17:53:49.776Z INFO  client] Sending sample transaction 46
[2022-07-23T17:53:49.824Z INFO  client] Sending sample transaction 47
[2022-07-23T17:53:49.908Z INFO  client] Sending sample transaction 48
[2022-07-23T17:53:49.924Z INFO  client] Sending sample transaction 49
[2022-07-23T17:53:49.973Z INFO  client] Sending sample transaction 50
[2022-07-23T17:53:50.023Z INFO  client] Sending sample transaction 51
[2022-07-23T17:53:50.074Z INFO  client] Sending sample transaction 52
[2022-07-23T17:53:50.123Z INFO  client] Sending sample transaction 53
[2022-07-23T17:53:50.173Z INFO  client] Sending sample transaction 54
[2022-07-23T17:53:50.227Z INFO  client] Sending sample transaction 55
[2022-07-23T17:53:50.283Z INFO  client] Sending sample transaction 56
[2022-07-23T17:53:50.332Z INFO  client] Sending sample transaction 57
[2022-07-23T17:53:50.373Z INFO  client] Sending sample transaction 58
[2022-07-23T17:53:50.426Z INFO  client] Sending sample transaction 59
[2022-07-23T17:53:50.473Z INFO  client] Sending sample transaction 60
[2022-07-23T17:53:50.523Z INFO  client] Sending sample transaction 61
[2022-07-23T17:53:50.588Z INFO  client] Sending sample transaction 62
[2022-07-23T17:53:50.629Z INFO  client] Sending sample transaction 63
[2022-07-23T17:53:50.884Z INFO  client] Sending sample transaction 64
[2022-07-23T17:53:50.885Z WARN  client] Transaction rate too high for this client
[2022-07-23T17:53:50.885Z INFO  client] Sending sample transaction 65
[2022-07-23T17:53:50.927Z INFO  client] Sending sample transaction 66
[2022-07-23T17:53:50.948Z INFO  client] Sending sample transaction 67
[2022-07-23T17:53:50.958Z INFO  client] Sending sample transaction 68
[2022-07-23T17:53:50.959Z INFO  client] Sending sample transaction 69
[2022-07-23T17:53:50.973Z INFO  client] Sending sample transaction 70
[2022-07-23T17:53:51.025Z INFO  client] Sending sample transaction 71
[2022-07-23T17:53:51.113Z INFO  client] Sending sample transaction 72
[2022-07-23T17:53:51.131Z INFO  client] Sending sample transaction 73
[2022-07-23T17:53:51.178Z INFO  client] Sending sample transaction 74
[2022-07-23T17:53:51.224Z INFO  client] Sending sample transaction 75
[2022-07-23T17:53:51.275Z INFO  client] Sending sample transaction 76
[2022-07-23T17:53:51.323Z INFO  client] Sending sample transaction 77
[2022-07-23T17:53:51.374Z INFO  client] Sending sample transaction 78
[2022-07-23T17:53:51.433Z INFO  client] Sending sample transaction 79
[2022-07-23T17:53:51.473Z INFO  client] Sending sample transaction 80
[2022-07-23T17:53:51.523Z INFO  client] Sending sample transaction 81
[2022-07-23T17:53:51.573Z INFO  client] Sending sample transaction 82
[2022-07-23T17:53:51.624Z INFO  client] Sending sample transaction 83
[2022-07-23T17:53:51.673Z INFO  client] Sending sample transaction 84
[2022-07-23T17:53:51.722Z INFO  client] Sending sample transaction 85
[2022-07-23T17:53:51.861Z INFO  client] Sending sample transaction 86
[2022-07-23T17:53:51.920Z WARN  client] Transaction rate too high for this client
[2022-07-23T17:53:51.920Z INFO  client] Sending sample transaction 87
[2022-07-23T17:53:51.920Z INFO  client] Sending sample transaction 88
[2022-07-23T17:53:52.006Z INFO  client] Sending sample transaction 89
[2022-07-23T17:53:52.008Z INFO  client] Sending sample transaction 90
[2022-07-23T17:53:52.045Z INFO  client] Sending sample transaction 91
[2022-07-23T17:53:52.073Z INFO  client] Sending sample transaction 92
[2022-07-23T17:53:52.123Z INFO  client] Sending sample transaction 93
[2022-07-23T17:53:52.173Z INFO  client] Sending sample transaction 94
[2022-07-23T17:53:52.224Z INFO  client] Sending sample transaction 95
[2022-07-23T17:53:52.287Z INFO  client] Sending sample transaction 96
[2022-07-23T17:53:52.348Z INFO  client] Sending sample transaction 97
[2022-07-23T17:53:52.373Z INFO  client] Sending sample transaction 98
[2022-07-23T17:53:52.423Z INFO  client] Sending sample transaction 99
[2022-07-23T17:53:52.488Z INFO  client] Sending sample transaction 100
[2022-07-23T17:53:52.523Z INFO  client] Sending sample transaction 101
[2022-07-23T17:53:52.574Z INFO  client] Sending sample transaction 102
[2022-07-23T17:53:52.625Z INFO  client] Sending sample transaction 103
[2022-07-23T17:53:52.674Z INFO  client] Sending sample transaction 104
[2022-07-23T17:53:52.723Z INFO  client] Sending sample transaction 105
[2022-07-23T17:53:52.774Z INFO  client] Sending sample transaction 106
[2022-07-23T17:53:52.823Z INFO  client] Sending sample transaction 107
[2022-07-23T17:53:52.873Z INFO  client] Sending sample transaction 108
[2022-07-23T17:53:52.923Z INFO  client] Sending sample transaction 109
[2022-07-23T17:53:52.973Z INFO  client] Sending sample transaction 110
[2022-07-23T17:53:53.023Z INFO  client] Sending sample transaction 111
[2022-07-23T17:53:53.073Z INFO  client] Sending sample transaction 112
[2022-07-23T17:53:53.123Z INFO  client] Sending sample transaction 113
[2022-07-23T17:53:53.173Z INFO  client] Sending sample transaction 114
[2022-07-23T17:53:53.223Z INFO  client] Sending sample transaction 115
[2022-07-23T17:53:53.339Z INFO  client] Sending sample transaction 116
[2022-07-23T17:53:53.361Z INFO  client] Sending sample transaction 117
[2022-07-23T17:53:53.411Z INFO  client] Sending sample transaction 118
[2022-07-23T17:53:53.456Z INFO  client] Sending sample transaction 119
[2022-07-23T17:53:53.485Z INFO  client] Sending sample transaction 120
[2022-07-23T17:53:53.523Z INFO  client] Sending sample transaction 121
[2022-07-23T17:53:53.574Z INFO  client] Sending sample transaction 122
[2022-07-23T17:53:53.626Z INFO  client] Sending sample transaction 123
[2022-07-23T17:53:53.673Z INFO  client] Sending sample transaction 124
[2022-07-23T17:53:53.735Z INFO  client] Sending sample transaction 125
[2022-07-23T17:53:53.788Z INFO  client] Sending sample transaction 126
[2022-07-23T17:53:53.824Z INFO  client] Sending sample transaction 127
[2022-07-23T17:53:53.874Z INFO  client] Sending sample transaction 128
[2022-07-23T17:53:53.923Z INFO  client] Sending sample transaction 129
[2022-07-23T17:53:53.974Z INFO  client] Sending sample transaction 130
[2022-07-23T17:53:54.023Z INFO  client] Sending sample transaction 131
[2022-07-23T17:53:54.073Z INFO  client] Sending sample transaction 132
[2022-07-23T17:53:54.123Z INFO  client] Sending sample transaction 133
[2022-07-23T17:53:54.174Z INFO  client] Sending sample transaction 134
[2022-07-23T17:53:54.223Z INFO  client] Sending sample transaction 135
[2022-07-23T17:53:54.273Z INFO  client] Sending sample transaction 136
[2022-07-23T17:53:54.322Z INFO  client] Sending sample transaction 137
[2022-07-23T17:53:54.373Z INFO  client] Sending sample transaction 138
[2022-07-23T17:53:54.423Z INFO  client] Sending sample transaction 139
[2022-07-23T17:53:54.482Z INFO  client] Sending sample transaction 140
[2022-07-23T17:53:54.533Z INFO  client] Sending sample transaction 141
[2022-07-23T17:53:54.599Z INFO  client] Sending sample transaction 142
[2022-07-23T17:53:54.659Z INFO  client] Sending sample transaction 143
[2022-07-23T17:53:54.678Z INFO  client] Sending sample transaction 144
[2022-07-23T17:53:54.748Z INFO  client] Sending sample transaction 145
[2022-07-23T17:53:54.801Z INFO  client] Sending sample transaction 146
[2022-07-23T17:53:54.832Z INFO  client] Sending sample transaction 147
[2022-07-23T17:53:54.876Z INFO  client] Sending sample transaction 148
[2022-07-23T17:53:54.922Z INFO  client] Sending sample transaction 149
[2022-07-23T17:53:54.973Z INFO  client] Sending sample transaction 150
[2022-07-23T17:53:55.026Z INFO  client] Sending sample transaction 151
[2022-07-23T17:53:55.073Z INFO  client] Sending sample transaction 152
[2022-07-23T17:53:55.123Z INFO  client] Sending sample transaction 153
[2022-07-23T17:53:55.173Z INFO  client] Sending sample transaction 154
[2022-07-23T17:53:55.223Z INFO  client] Sending sample transaction 155
[2022-07-23T17:53:55.273Z INFO  client] Sending sample transaction 156
[2022-07-23T17:53:55.323Z INFO  client] Sending sample transaction 157
[2022-07-23T17:53:55.373Z INFO  client] Sending sample transaction 158
[2022-07-23T17:53:55.423Z INFO  client] Sending sample transaction 159
[2022-07-23T17:53:55.472Z INFO  client] Sending sample transaction 160
[2022-07-23T17:53:55.523Z INFO  client] Sending sample transaction 161
[2022-07-23T17:53:55.573Z INFO  client] Sending sample transaction 162
[2022-07-23T17:53:55.622Z INFO  client] Sending sample transaction 163
[2022-07-23T17:53:55.672Z INFO  client] Sending sample transaction 164
[2022-07-23T17:53:55.723Z INFO  client] Sending sample transaction 165
[2022-07-23T17:53:55.786Z INFO  client] Sending sample transaction 166
[2022-07-23T17:53:55.887Z INFO  client] Sending sample transaction 167
[2022-07-23T17:53:55.967Z INFO  client] Sending sample transaction 168
[2022-07-23T17:53:55.967Z INFO  client] Sending sample transaction 169
[2022-07-23T17:53:55.973Z INFO  client] Sending sample transaction 170
[2022-07-23T17:53:56.023Z INFO  client] Sending sample transaction 171
[2022-07-23T17:53:56.094Z INFO  client] Sending sample transaction 172
[2022-07-23T17:53:56.127Z INFO  client] Sending sample transaction 173
[2022-07-23T17:53:56.173Z INFO  client] Sending sample transaction 174
[2022-07-23T17:53:56.223Z INFO  client] Sending sample transaction 175
[2022-07-23T17:53:56.273Z INFO  client] Sending sample transaction 176
[2022-07-23T17:53:56.323Z INFO  client] Sending sample transaction 177
[2022-07-23T17:53:56.372Z INFO  client] Sending sample transaction 178
[2022-07-23T17:53:56.423Z INFO  client] Sending sample transaction 179
[2022-07-23T17:53:56.473Z INFO  client] Sending sample transaction 180
[2022-07-23T17:53:56.523Z INFO  client] Sending sample transaction 181
[2022-07-23T17:53:56.573Z INFO  client] Sending sample transaction 182
[2022-07-23T17:53:56.623Z INFO  client] Sending sample transaction 183
[2022-07-23T17:53:56.674Z INFO  client] Sending sample transaction 184
[2022-07-23T17:53:56.722Z INFO  client] Sending sample transaction 185
[2022-07-23T17:53:56.773Z INFO  client] Sending sample transaction 186
[2022-07-23T17:53:56.845Z INFO  client] Sending sample transaction 187
[2022-07-23T17:53:56.878Z INFO  client] Sending sample transaction 188
[2022-07-23T17:53:56.935Z INFO  client] Sending sample transaction 189
[2022-07-23T17:53:56.992Z INFO  client] Sending sample transaction 190
[2022-07-23T17:53:57.044Z INFO  client] Sending sample transaction 191
[2022-07-23T17:53:57.077Z INFO  client] Sending sample transaction 192
[2022-07-23T17:53:57.123Z INFO  client] Sending sample transaction 193
[2022-07-23T17:53:57.173Z INFO  client] Sending sample transaction 194
[2022-07-23T17:53:57.223Z INFO  client] Sending sample transaction 195
[2022-07-23T17:53:57.273Z INFO  client] Sending sample transaction 196
[2022-07-23T17:53:57.323Z INFO  client] Sending sample transaction 197
[2022-07-23T17:53:57.373Z INFO  client] Sending sample transaction 198
[2022-07-23T17:53:57.423Z INFO  client] Sending sample transaction 199
[2022-07-23T17:53:57.474Z INFO  client] Sending sample transaction 200
[2022-07-23T17:53:57.523Z INFO  client] Sending sample transaction 201
[2022-07-23T17:53:57.573Z INFO  client] Sending sample transaction 202
[2022-07-23T17:53:57.623Z INFO  client] Sending sample transaction 203
[2022-07-23T17:53:57.673Z INFO  client] Sending sample transaction 204
[2022-07-23T17:53:57.723Z INFO  client] Sending sample transaction 205
[2022-07-23T17:53:57.773Z INFO  client] Sending sample transaction 206
[2022-07-23T17:53:57.823Z INFO  client] Sending sample transaction 207
[2022-07-23T17:53:57.872Z INFO  client] Sending sample transaction 208
[2022-07-23T17:53:57.923Z INFO  client] Sending sample transaction 209
[2022-07-23T17:53:57.973Z INFO  client] Sending sample transaction 210
[2022-07-23T17:53:58.023Z INFO  client] Sending sample transaction 211
[2022-07-23T17:53:58.073Z INFO  client] Sending sample transaction 212
[2022-07-23T17:53:58.122Z INFO  client] Sending sample transaction 213
[2022-07-23T17:53:58.173Z INFO  client] Sending sample transaction 214
[2022-07-23T17:53:58.230Z INFO  client] Sending sample transaction 215
[2022-07-23T17:53:58.295Z INFO  client] Sending sample transaction 216
[2022-07-23T17:53:58.334Z INFO  client] Sending sample transaction 217
[2022-07-23T17:53:58.373Z INFO  client] Sending sample transaction 218
[2022-07-23T17:53:58.423Z INFO  client] Sending sample transaction 219
[2022-07-23T17:53:58.472Z INFO  client] Sending sample transaction 220
[2022-07-23T17:53:58.523Z INFO  client] Sending sample transaction 221
[2022-07-23T17:53:58.573Z INFO  client] Sending sample transaction 222
[2022-07-23T17:53:58.623Z INFO  client] Sending sample transaction 223
[2022-07-23T17:53:58.673Z INFO  client] Sending sample transaction 224
[2022-07-23T17:53:58.722Z INFO  client] Sending sample transaction 225
[2022-07-23T17:53:58.773Z INFO  client] Sending sample transaction 226
[2022-07-23T17:53:58.823Z INFO  client] Sending sample transaction 227
[2022-07-23T17:53:58.872Z INFO  client] Sending sample transaction 228
[2022-07-23T17:53:58.923Z INFO  client] Sending sample transaction 229
[2022-07-23T17:53:58.972Z INFO  client] Sending sample transaction 230
[2022-07-23T17:53:59.023Z INFO  client] Sending sample transaction 231
[2022-07-23T17:53:59.073Z INFO  client] Sending sample transaction 232
[2022-07-23T17:53:59.124Z INFO  client] Sending sample transaction 233
[2022-07-23T17:53:59.176Z INFO  client] Sending sample transaction 234
[2022-07-23T17:53:59.222Z INFO  client] Sending sample transaction 235
[2022-07-23T17:53:59.272Z INFO  client] Sending sample transaction 236
[2022-07-23T17:53:59.323Z INFO  client] Sending sample transaction 237
[2022-07-23T17:53:59.374Z INFO  client] Sending sample transaction 238
[2022-07-23T17:53:59.493Z INFO  client] Sending sample transaction 239
[2022-07-23T17:53:59.523Z INFO  client] Sending sample transaction 240
[2022-07-23T17:53:59.525Z INFO  client] Sending sample transaction 241
[2022-07-23T17:53:59.573Z INFO  client] Sending sample transaction 242
[2022-07-23T17:53:59.623Z INFO  client] Sending sample transaction 243
[2022-07-23T17:53:59.673Z INFO  client] Sending sample transaction 244
[2022-07-23T17:53:59.722Z INFO  client] Sending sample transaction 245
[2022-07-23T17:53:59.774Z INFO  client] Sending sample transaction 246
[2022-07-23T17:53:59.823Z INFO  client] Sending sample transaction 247
[2022-07-23T17:53:59.873Z INFO  client] Sending sample transaction 248
[2022-07-23T17:53:59.922Z INFO  client] Sending sample transaction 249
[2022-07-23T17:53:59.972Z INFO  client] Sending sample transaction 250
[2022-07-23T17:54:00.023Z INFO  client] Sending sample transaction 251
[2022-07-23T17:54:00.073Z INFO  client] Sending sample transaction 252
[2022-07-23T17:54:00.122Z INFO  client] Sending sample transaction 253
[2022-07-23T17:54:00.173Z INFO  client] Sending sample transaction 254
[2022-07-23T17:54:00.223Z INFO  client] Sending sample transaction 255
[2022-07-23T17:54:00.273Z INFO  client] Sending sample transaction 256
[2022-07-23T17:54:00.323Z INFO  client] Sending sample transaction 257
[2022-07-23T17:54:00.374Z INFO  client] Sending sample transaction 258
[2022-07-23T17:54:00.424Z INFO  client] Sending sample transaction 259
[2022-07-23T17:54:00.472Z INFO  client] Sending sample transaction 260
[2022-07-23T17:54:00.522Z INFO  client] Sending sample transaction 261
[2022-07-23T17:54:00.572Z INFO  client] Sending sample transaction 262
[2022-07-23T17:54:00.623Z INFO  client] Sending sample transaction 263
[2022-07-23T17:54:00.673Z INFO  client] Sending sample transaction 264
[2022-07-23T17:54:00.723Z INFO  client] Sending sample transaction 265
[2022-07-23T17:54:00.773Z INFO  client] Sending sample transaction 266
[2022-07-23T17:54:00.823Z INFO  client] Sending sample transaction 267
[2022-07-23T17:54:00.873Z INFO  client] Sending sample transaction 268
[2022-07-23T17:54:00.923Z INFO  client] Sending sample transaction 269
[2022-07-23T17:54:00.972Z INFO  client] Sending sample transaction 270
[2022-07-23T17:54:01.023Z INFO  client] Sending sample transaction 271
[2022-07-23T17:54:01.073Z INFO  client] Sending sample transaction 272
[2022-07-23T17:54:01.122Z INFO  client] Sending sample transaction 273
[2022-07-23T17:54:01.173Z INFO  client] Sending sample transaction 274
[2022-07-23T17:54:01.223Z INFO  client] Sending sample transaction 275
[2022-07-23T17:54:01.309Z INFO  client] Sending sample transaction 276
[2022-07-23T17:54:01.355Z INFO  client] Sending sample transaction 277
[2022-07-23T17:54:01.384Z INFO  client] Sending sample transaction 278
[2022-07-23T17:54:01.431Z INFO  client] Sending sample transaction 279
[2022-07-23T17:54:01.472Z INFO  client] Sending sample transaction 280
[2022-07-23T17:54:01.523Z INFO  client] Sending sample transaction 281
[2022-07-23T17:54:01.575Z INFO  client] Sending sample transaction 282
[2022-07-23T17:54:01.623Z INFO  client] Sending sample transaction 283
[2022-07-23T17:54:01.673Z INFO  client] Sending sample transaction 284
[2022-07-23T17:54:01.722Z INFO  client] Sending sample transaction 285
[2022-07-23T17:54:01.773Z INFO  client] Sending sample transaction 286
[2022-07-23T17:54:01.823Z INFO  client] Sending sample transaction 287
[2022-07-23T17:54:01.873Z INFO  client] Sending sample transaction 288
[2022-07-23T17:54:01.922Z INFO  client] Sending sample transaction 289
[2022-07-23T17:54:01.972Z INFO  client] Sending sample transaction 290
[2022-07-23T17:54:02.023Z INFO  client] Sending sample transaction 291
[2022-07-23T17:54:02.073Z INFO  client] Sending sample transaction 292
[2022-07-23T17:54:02.123Z INFO  client] Sending sample transaction 293
[2022-07-23T17:54:02.174Z INFO  client] Sending sample transaction 294
[2022-07-23T17:54:02.223Z INFO  client] Sending sample transaction 295
[2022-07-23T17:54:02.320Z INFO  client] Sending sample transaction 296
[2022-07-23T17:54:02.323Z INFO  client] Sending sample transaction 297
[2022-07-23T17:54:02.381Z INFO  client] Sending sample transaction 298
[2022-07-23T17:54:02.447Z INFO  client] Sending sample transaction 299
[2022-07-23T17:54:02.473Z INFO  client] Sending sample transaction 300
[2022-07-23T17:54:02.522Z INFO  client] Sending sample transaction 301
[2022-07-23T17:54:02.572Z INFO  client] Sending sample transaction 302
[2022-07-23T17:54:02.623Z INFO  client] Sending sample transaction 303
[2022-07-23T17:54:02.674Z INFO  client] Sending sample transaction 304
[2022-07-23T17:54:02.722Z INFO  client] Sending sample transaction 305
[2022-07-23T17:54:02.773Z INFO  client] Sending sample transaction 306
[2022-07-23T17:54:02.824Z INFO  client] Sending sample transaction 307
[2022-07-23T17:54:02.873Z INFO  client] Sending sample transaction 308
[2022-07-23T17:54:02.923Z INFO  client] Sending sample transaction 309
[2022-07-23T17:54:02.972Z INFO  client] Sending sample transaction 310
[2022-07-23T17:54:03.022Z INFO  client] Sending sample transaction 311
[2022-07-23T17:54:03.073Z INFO  client] Sending sample transaction 312
[2022-07-23T17:54:03.122Z INFO  client] Sending sample transaction 313
[2022-07-23T17:54:03.173Z INFO  client] Sending sample transaction 314
[2022-07-23T17:54:03.222Z INFO  client] Sending sample transaction 315
[2022-07-23T17:54:03.273Z INFO  client] Sending sample transaction 316
[2022-07-23T17:54:03.342Z INFO  client] Sending sample transaction 317
[2022-07-23T17:54:03.410Z INFO  client] Sending sample transaction 318
[2022-07-23T17:54:03.465Z INFO  client] Sending sample transaction 319
[2022-07-23T17:54:03.485Z INFO  client] Sending sample transaction 320
[2022-07-23T17:54:03.524Z INFO  client] Sending sample transaction 321
[2022-07-23T17:54:03.573Z INFO  client] Sending sample transaction 322
[2022-07-23T17:54:03.624Z INFO  client] Sending sample transaction 323
[2022-07-23T17:54:03.674Z INFO  client] Sending sample transaction 324
[2022-07-23T17:54:03.723Z INFO  client] Sending sample transaction 325
[2022-07-23T17:54:03.773Z INFO  client] Sending sample transaction 326
[2022-07-23T17:54:03.823Z INFO  client] Sending sample transaction 327
[2022-07-23T17:54:03.873Z INFO  client] Sending sample transaction 328
[2022-07-23T17:54:03.922Z INFO  client] Sending sample transaction 329
[2022-07-23T17:54:03.972Z INFO  client] Sending sample transaction 330
[2022-07-23T17:54:04.023Z INFO  client] Sending sample transaction 331
[2022-07-23T17:54:04.074Z INFO  client] Sending sample transaction 332
[2022-07-23T17:54:04.123Z INFO  client] Sending sample transaction 333
[2022-07-23T17:54:04.173Z INFO  client] Sending sample transaction 334
[2022-07-23T17:54:04.223Z INFO  client] Sending sample transaction 335
[2022-07-23T17:54:04.274Z INFO  client] Sending sample transaction 336
[2022-07-23T17:54:04.322Z INFO  client] Sending sample transaction 337
[2022-07-23T17:54:04.373Z INFO  client] Sending sample transaction 338
[2022-07-23T17:54:04.422Z INFO  client] Sending sample transaction 339
[2022-07-23T17:54:04.473Z INFO  client] Sending sample transaction 340
[2022-07-23T17:54:04.522Z INFO  client] Sending sample transaction 341
[2022-07-23T17:54:04.572Z INFO  client] Sending sample transaction 342
[2022-07-23T17:54:04.623Z INFO  client] Sending sample transaction 343
[2022-07-23T17:54:04.673Z INFO  client] Sending sample transaction 344
[2022-07-23T17:54:04.754Z INFO  client] Sending sample transaction 345
[2022-07-23T17:54:04.778Z INFO  client] Sending sample transaction 346
[2022-07-23T17:54:04.860Z INFO  client] Sending sample transaction 347
[2022-07-23T17:54:04.894Z INFO  client] Sending sample transaction 348
[2022-07-23T17:54:04.923Z INFO  client] Sending sample transaction 349
[2022-07-23T17:54:04.972Z INFO  client] Sending sample transaction 350
[2022-07-23T17:54:05.024Z INFO  client] Sending sample transaction 351
[2022-07-23T17:54:05.086Z INFO  client] Sending sample transaction 352
[2022-07-23T17:54:05.123Z INFO  client] Sending sample transaction 353
[2022-07-23T17:54:05.173Z INFO  client] Sending sample transaction 354
[2022-07-23T17:54:05.222Z INFO  client] Sending sample transaction 355
[2022-07-23T17:54:05.273Z INFO  client] Sending sample transaction 356
[2022-07-23T17:54:05.323Z INFO  client] Sending sample transaction 357
[2022-07-23T17:54:05.372Z INFO  client] Sending sample transaction 358
[2022-07-23T17:54:05.423Z INFO  client] Sending sample transaction 359
[2022-07-23T17:54:05.474Z INFO  client] Sending sample transaction 360
[2022-07-23T17:54:05.523Z INFO  client] Sending sample transaction 361
[2022-07-23T17:54:05.577Z INFO  client] Sending sample transaction 362
[2022-07-23T17:54:05.626Z INFO  client] Sending sample transaction 363
[2022-07-23T17:54:05.673Z INFO  client] Sending sample transaction 364
[2022-07-23T17:54:05.723Z INFO  client] Sending sample transaction 365
[2022-07-23T17:54:05.772Z INFO  client] Sending sample transaction 366
[2022-07-23T17:54:05.823Z INFO  client] Sending sample transaction 367
[2022-07-23T17:54:05.873Z INFO  client] Sending sample transaction 368
[2022-07-23T17:54:05.933Z INFO  client] Sending sample transaction 369
[2022-07-23T17:54:05.997Z INFO  client] Sending sample transaction 370
[2022-07-23T17:54:06.039Z INFO  client] Sending sample transaction 371
[2022-07-23T17:54:06.100Z INFO  client] Sending sample transaction 372
[2022-07-23T17:54:06.123Z INFO  client] Sending sample transaction 373
[2022-07-23T17:54:06.173Z INFO  client] Sending sample transaction 374
[2022-07-23T17:54:06.223Z INFO  client] Sending sample transaction 375
[2022-07-23T17:54:06.273Z INFO  client] Sending sample transaction 376
[2022-07-23T17:54:06.322Z INFO  client] Sending sample transaction 377
[2022-07-23T17:54:06.372Z INFO  client] Sending sample transaction 378
[2022-07-23T17:54:06.423Z INFO  client] Sending sample transaction 379
[2022-07-23T17:54:06.473Z INFO  client] Sending sample transaction 380
[2022-07-23T17:54:06.523Z INFO  client] Sending sample transaction 381
[2022-07-23T17:54:06.573Z INFO  client] Sending sample transaction 382
[2022-07-23T17:54:06.623Z INFO  client] Sending sample transaction 383
[2022-07-23T17:54:06.672Z INFO  client] Sending sample transaction 384
[2022-07-23T17:54:06.723Z INFO  client] Sending sample transaction 385
[2022-07-23T17:54:06.773Z INFO  client] Sending sample transaction 386
[2022-07-23T17:54:06.823Z INFO  client] Sending sample transaction 387
[2022-07-23T17:54:06.873Z INFO  client] Sending sample transaction 388
[2022-07-23T17:54:06.923Z INFO  client] Sending sample transaction 389
[2022-07-23T17:54:06.973Z INFO  client] Sending sample transaction 390
[2022-07-23T17:54:07.023Z INFO  client] Sending sample transaction 391
[2022-07-23T17:54:07.073Z INFO  client] Sending sample transaction 392
[2022-07-23T17:54:07.123Z INFO  client] Sending sample transaction 393
[2022-07-23T17:54:07.172Z INFO  client] Sending sample transaction 394
[2022-07-23T17:54:07.223Z INFO  client] Sending sample transaction 395
[2022-07-23T17:54:07.273Z INFO  client] Sending sample transaction 396
[2022-07-23T17:54:07.324Z INFO  client] Sending sample transaction 397
[2022-07-23T17:54:07.373Z INFO  client] Sending sample transaction 398
[2022-07-23T17:54:07.425Z INFO  client] Sending sample transaction 399
[2022-07-23T17:54:07.472Z INFO  client] Sending sample transaction 400
[2022-07-23T17:54:07.523Z INFO  client] Sending sample transaction 401
[2022-07-23T17:54:07.573Z INFO  client] Sending sample transaction 402
[2022-07-23T17:54:07.623Z INFO  client] Sending sample transaction 403
[2022-07-23T17:54:07.679Z INFO  client] Sending sample transaction 404
[2022-07-23T17:54:07.723Z INFO  client] Sending sample transaction 405
[2022-07-23T17:54:07.773Z INFO  client] Sending sample transaction 406
[2022-07-23T17:54:07.823Z INFO  client] Sending sample transaction 407
[2022-07-23T17:54:07.873Z INFO  client] Sending sample transaction 408
[2022-07-23T17:54:07.922Z INFO  client] Sending sample transaction 409
[2022-07-23T17:54:07.973Z INFO  client] Sending sample transaction 410
[2022-07-23T17:54:08.023Z INFO  client] Sending sample transaction 411
[2022-07-23T17:54:08.073Z INFO  client] Sending sample transaction 412
[2022-07-23T17:54:08.125Z INFO  client] Sending sample transaction 413
[2022-07-23T17:54:08.173Z INFO  client] Sending sample transaction 414
[2022-07-23T17:54:08.223Z INFO  client] Sending sample transaction 415
[2022-07-23T17:54:08.273Z INFO  client] Sending sample transaction 416
[2022-07-23T17:54:08.323Z INFO  client] Sending sample transaction 417
[2022-07-23T17:54:08.373Z INFO  client] Sending sample transaction 418
[2022-07-23T17:54:08.423Z INFO  client] Sending sample transaction 419
[2022-07-23T17:54:08.472Z INFO  client] Sending sample transaction 420
[2022-07-23T17:54:08.523Z INFO  client] Sending sample transaction 421
[2022-07-23T17:54:08.572Z INFO  client] Sending sample transaction 422
[2022-07-23T17:54:08.623Z INFO  client] Sending sample transaction 423
[2022-07-23T17:54:08.673Z INFO  client] Sending sample transaction 424
[2022-07-23T17:54:08.723Z INFO  client] Sending sample transaction 425
[2022-07-23T17:54:08.851Z INFO  client] Sending sample transaction 426
[2022-07-23T17:54:08.864Z INFO  client] Sending sample transaction 427
[2022-07-23T17:54:08.874Z INFO  client] Sending sample transaction 428
[2022-07-23T17:54:08.923Z INFO  client] Sending sample transaction 429
[2022-07-23T17:54:08.973Z INFO  client] Sending sample transaction 430
[2022-07-23T17:54:09.022Z INFO  client] Sending sample transaction 431
[2022-07-23T17:54:09.074Z INFO  client] Sending sample transaction 432
[2022-07-23T17:54:09.123Z INFO  client] Sending sample transaction 433
[2022-07-23T17:54:09.173Z INFO  client] Sending sample transaction 434
[2022-07-23T17:54:09.222Z INFO  client] Sending sample transaction 435
[2022-07-23T17:54:09.273Z INFO  client] Sending sample transaction 436
[2022-07-23T17:54:09.322Z INFO  client] Sending sample transaction 437
[2022-07-23T17:54:09.373Z INFO  client] Sending sample transaction 438
[2022-07-23T17:54:09.423Z INFO  client] Sending sample transaction 439
[2022-07-23T17:54:09.472Z INFO  client] Sending sample transaction 440
[2022-07-23T17:54:09.523Z INFO  client] Sending sample transaction 441
[2022-07-23T17:54:09.574Z INFO  client] Sending sample transaction 442
[2022-07-23T17:54:09.623Z INFO  client] Sending sample transaction 443
[2022-07-23T17:54:09.672Z INFO  client] Sending sample transaction 444
[2022-07-23T17:54:09.723Z INFO  client] Sending sample transaction 445
[2022-07-23T17:54:09.781Z INFO  client] Sending sample transaction 446
[2022-07-23T17:54:09.859Z INFO  client] Sending sample transaction 447
[2022-07-23T17:54:09.883Z INFO  client] Sending sample transaction 448
[2022-07-23T17:54:09.985Z INFO  client] Sending sample transaction 449
[2022-07-23T17:54:09.985Z INFO  client] Sending sample transaction 450
[2022-07-23T17:54:10.060Z INFO  client] Sending sample transaction 451
[2022-07-23T17:54:10.105Z INFO  client] Sending sample transaction 452
[2022-07-23T17:54:10.143Z INFO  client] Sending sample transaction 453
[2022-07-23T17:54:10.175Z INFO  client] Sending sample transaction 454
[2022-07-23T17:54:10.222Z INFO  client] Sending sample transaction 455
[2022-07-23T17:54:10.293Z INFO  client] Sending sample transaction 456
[2022-07-23T17:54:10.323Z INFO  client] Sending sample transaction 457
[2022-07-23T17:54:10.373Z INFO  client] Sending sample transaction 458
[2022-07-23T17:54:10.423Z INFO  client] Sending sample transaction 459
[2022-07-23T17:54:10.472Z INFO  client] Sending sample transaction 460
[2022-07-23T17:54:10.522Z INFO  client] Sending sample transaction 461
[2022-07-23T17:54:10.573Z INFO  client] Sending sample transaction 462
[2022-07-23T17:54:10.623Z INFO  client] Sending sample transaction 463
