[2022-07-23T18:45:00.269Z INFO  client] Node address: 127.0.0.1:9013
[2022-07-23T18:45:00.269Z INFO  client] Transactions size: 512 B
[2022-07-23T18:45:00.269Z INFO  client] Transactions rate: 112 tx/s
[2022-07-23T18:45:00.269Z INFO  client] Waiting for all nodes to be online...
[2022-07-23T18:45:00.269Z INFO  client] Waiting for all nodes to be synchronized...
[2022-07-23T18:45:02.277Z INFO  client] Start sending transactions
[2022-07-23T18:45:02.279Z INFO  client] Sending sample transaction 0
[2022-07-23T18:45:02.328Z INFO  client] Sending sample transaction 1
[2022-07-23T18:45:02.379Z INFO  client] Sending sample transaction 2
[2022-07-23T18:45:02.428Z INFO  client] Sending sample transaction 3
[2022-07-23T18:45:02.479Z INFO  client] Sending sample transaction 4
[2022-07-23T18:45:02.531Z INFO  client] Sending sample transaction 5
[2022-07-23T18:45:02.578Z INFO  client] Sending sample transaction 6
[2022-07-23T18:45:02.631Z INFO  client] Sending sample transaction 7
[2022-07-23T18:45:02.681Z INFO  client] Sending sample transaction 8
[2022-07-23T18:45:02.730Z INFO  client] Sending sample transaction 9
[2022-07-23T18:45:02.780Z INFO  client] Sending sample transaction 10
[2022-07-23T18:45:02.829Z INFO  client] Sending sample transaction 11
[2022-07-23T18:45:02.879Z INFO  client] Sending sample transaction 12
[2022-07-23T18:45:02.928Z INFO  client] Sending sample transaction 13
[2022-07-23T18:45:02.980Z INFO  client] Sending sample transaction 14
[2022-07-23T18:45:03.056Z INFO  client] Sending sample transaction 15
[2022-07-23T18:45:03.078Z INFO  client] Sending sample transaction 16
[2022-07-23T18:45:03.129Z INFO  client] Sending sample transaction 17
[2022-07-23T18:45:03.178Z INFO  client] Sending sample transaction 18
[2022-07-23T18:45:03.228Z INFO  client] Sending sample transaction 19
[2022-07-23T18:45:03.278Z INFO  client] Sending sample transaction 20
[2022-07-23T18:45:03.328Z INFO  client] Sending sample transaction 21
[2022-07-23T18:45:03.378Z INFO  client] Sending sample transaction 22
[2022-07-23T18:45:03.428Z INFO  client] Sending sample transaction 23
[2022-07-23T18:45:03.479Z INFO  client] Sending sample transaction 24
[2022-07-23T18:45:03.528Z INFO  client] Sending sample transaction 25
[2022-07-23T18:45:03.586Z INFO  client] Sending sample transaction 26
[2022-07-23T18:45:03.628Z INFO  client] Sending sample transaction 27
[2022-07-23T18:45:03.679Z INFO  client] Sending sample transaction 28
[2022-07-23T18:45:03.729Z INFO  client] Sending sample transaction 29
[2022-07-23T18:45:03.778Z INFO  client] Sending sample transaction 30
[2022-07-23T18:45:03.828Z INFO  client] Sending sample transaction 31
[2022-07-23T18:45:03.879Z INFO  client] Sending sample transaction 32
[2022-07-23T18:45:03.929Z INFO  client] Sending sample transaction 33
[2022-07-23T18:45:03.979Z INFO  client] Sending sample transaction 34
[2022-07-23T18:45:04.028Z INFO  client] Sending sample transaction 35
[2022-07-23T18:45:04.087Z INFO  client] Sending sample transaction 36
[2022-07-23T18:45:04.131Z INFO  client] Sending sample transaction 37
[2022-07-23T18:45:04.179Z INFO  client] Sending sample transaction 38
[2022-07-23T18:45:04.228Z INFO  client] Sending sample transaction 39
[2022-07-23T18:45:04.278Z INFO  client] Sending sample transaction 40
[2022-07-23T18:45:04.328Z INFO  client] Sending sample transaction 41
[2022-07-23T18:45:04.378Z INFO  client] Sending sample transaction 42
[2022-07-23T18:45:04.429Z INFO  client] Sending sample transaction 43
[2022-07-23T18:45:04.480Z INFO  client] Sending sample transaction 44
[2022-07-23T18:45:04.530Z INFO  client] Sending sample transaction 45
[2022-07-23T18:45:04.579Z INFO  client] Sending sample transaction 46
[2022-07-23T18:45:04.628Z INFO  client] Sending sample transaction 47
[2022-07-23T18:45:04.679Z INFO  client] Sending sample transaction 48
[2022-07-23T18:45:04.729Z INFO  client] Sending sample transaction 49
[2022-07-23T18:45:04.779Z INFO  client] Sending sample transaction 50
[2022-07-23T18:45:04.829Z INFO  client] Sending sample transaction 51
[2022-07-23T18:45:04.878Z INFO  client] Sending sample transaction 52
[2022-07-23T18:45:04.929Z INFO  client] Sending sample transaction 53
[2022-07-23T18:45:04.979Z INFO  client] Sending sample transaction 54
[2022-07-23T18:45:05.028Z INFO  client] Sending sample transaction 55
[2022-07-23T18:45:05.084Z INFO  client] Sending sample transaction 56
[2022-07-23T18:45:05.128Z INFO  client] Sending sample transaction 57
[2022-07-23T18:45:05.179Z INFO  client] Sending sample transaction 58
[2022-07-23T18:45:05.228Z INFO  client] Sending sample transaction 59
[2022-07-23T18:45:05.278Z INFO  client] Sending sample transaction 60
[2022-07-23T18:45:05.328Z INFO  client] Sending sample transaction 61
[2022-07-23T18:45:05.379Z INFO  client] Sending sample transaction 62
[2022-07-23T18:45:05.428Z INFO  client] Sending sample transaction 63
[2022-07-23T18:45:05.479Z INFO  client] Sending sample transaction 64
[2022-07-23T18:45:05.528Z INFO  client] Sending sample transaction 65
[2022-07-23T18:45:05.578Z INFO  client] Sending sample transaction 66
[2022-07-23T18:45:05.629Z INFO  client] Sending sample transaction 67
[2022-07-23T18:45:05.679Z INFO  client] Sending sample transaction 68
[2022-07-23T18:45:05.730Z INFO  client] Sending sample transaction 69
[2022-07-23T18:45:05.780Z INFO  client] Sending sample transaction 70
[2022-07-23T18:45:05.829Z INFO  client] Sending sample transaction 71
[2022-07-23T18:45:05.878Z INFO  client] Sending sample transaction 72
[2022-07-23T18:45:05.929Z INFO  client] Sending sample transaction 73
[2022-07-23T18:45:05.978Z INFO  client] Sending sample transaction 74
[2022-07-23T18:45:06.028Z INFO  client] Sending sample transaction 75
[2022-07-23T18:45:06.078Z INFO  client] Sending sample transaction 76
[2022-07-23T18:45:06.128Z INFO  client] Sending sample transaction 77
[2022-07-23T18:45:06.183Z INFO  client] Sending sample transaction 78
[2022-07-23T18:45:06.229Z INFO  client] Sending sample transaction 79
[2022-07-23T18:45:06.283Z INFO  client] Sending sample transaction 80
[2022-07-23T18:45:06.332Z INFO  client] Sending sample transaction 81
[2022-07-23T18:45:06.378Z INFO  client] Sending sample transaction 82
[2022-07-23T18:45:06.428Z INFO  client] Sending sample transaction 83
[2022-07-23T18:45:06.478Z INFO  client] Sending sample transaction 84
[2022-07-23T18:45:06.529Z INFO  client] Sending sample transaction 85
[2022-07-23T18:45:06.579Z INFO  client] Sending sample transaction 86
[2022-07-23T18:45:06.629Z INFO  client] Sending sample transaction 87
[2022-07-23T18:45:06.679Z INFO  client] Sending sample transaction 88
[2022-07-23T18:45:06.729Z INFO  client] Sending sample transaction 89
[2022-07-23T18:45:06.780Z INFO  client] Sending sample transaction 90
[2022-07-23T18:45:06.828Z INFO  client] Sending sample transaction 91
[2022-07-23T18:45:06.879Z INFO  client] Sending sample transaction 92
[2022-07-23T18:45:06.929Z INFO  client] Sending sample transaction 93
[2022-07-23T18:45:06.978Z INFO  client] Sending sample transaction 94
[2022-07-23T18:45:07.028Z INFO  client] Sending sample transaction 95
[2022-07-23T18:45:07.079Z INFO  client] Sending sample transaction 96
[2022-07-23T18:45:07.128Z INFO  client] Sending sample transaction 97
[2022-07-23T18:45:07.179Z INFO  client] Sending sample transaction 98
[2022-07-23T18:45:07.238Z INFO  client] Sending sample transaction 99
[2022-07-23T18:45:07.278Z INFO  client] Sending sample transaction 100
[2022-07-23T18:45:07.328Z INFO  client] Sending sample transaction 101
[2022-07-23T18:45:07.380Z INFO  client] Sending sample transaction 102
[2022-07-23T18:45:07.429Z INFO  client] Sending sample transaction 103
[2022-07-23T18:45:07.479Z INFO  client] Sending sample transaction 104
[2022-07-23T18:45:07.528Z INFO  client] Sending sample transaction 105
[2022-07-23T18:45:07.581Z INFO  client] Sending sample transaction 106
[2022-07-23T18:45:07.629Z INFO  client] Sending sample transaction 107
[2022-07-23T18:45:07.678Z INFO  client] Sending sample transaction 108
[2022-07-23T18:45:07.729Z INFO  client] Sending sample transaction 109
[2022-07-23T18:45:07.778Z INFO  client] Sending sample transaction 110
[2022-07-23T18:45:07.829Z INFO  client] Sending sample transaction 111
[2022-07-23T18:45:07.879Z INFO  client] Sending sample transaction 112
[2022-07-23T18:45:07.930Z INFO  client] Sending sample transaction 113
[2022-07-23T18:45:07.979Z INFO  client] Sending sample transaction 114
[2022-07-23T18:45:08.029Z INFO  client] Sending sample transaction 115
[2022-07-23T18:45:08.078Z INFO  client] Sending sample transaction 116
[2022-07-23T18:45:08.129Z INFO  client] Sending sample transaction 117
[2022-07-23T18:45:08.179Z INFO  client] Sending sample transaction 118
[2022-07-23T18:45:08.229Z INFO  client] Sending sample transaction 119
[2022-07-23T18:45:08.279Z INFO  client] Sending sample transaction 120
[2022-07-23T18:45:08.328Z INFO  client] Sending sample transaction 121
[2022-07-23T18:45:08.379Z INFO  client] Sending sample transaction 122
[2022-07-23T18:45:08.428Z INFO  client] Sending sample transaction 123
[2022-07-23T18:45:08.486Z INFO  client] Sending sample transaction 124
[2022-07-23T18:45:08.529Z INFO  client] Sending sample transaction 125
[2022-07-23T18:45:08.579Z INFO  client] Sending sample transaction 126
[2022-07-23T18:45:08.632Z INFO  client] Sending sample transaction 127
[2022-07-23T18:45:08.679Z INFO  client] Sending sample transaction 128
[2022-07-23T18:45:08.729Z INFO  client] Sending sample transaction 129
[2022-07-23T18:45:08.778Z INFO  client] Sending sample transaction 130
[2022-07-23T18:45:08.829Z INFO  client] Sending sample transaction 131
[2022-07-23T18:45:08.879Z INFO  client] Sending sample transaction 132
[2022-07-23T18:45:08.928Z INFO  client] Sending sample transaction 133
[2022-07-23T18:45:08.980Z INFO  client] Sending sample transaction 134
[2022-07-23T18:45:09.028Z INFO  client] Sending sample transaction 135
[2022-07-23T18:45:09.078Z INFO  client] Sending sample transaction 136
[2022-07-23T18:45:09.131Z INFO  client] Sending sample transaction 137
[2022-07-23T18:45:09.178Z INFO  client] Sending sample transaction 138
[2022-07-23T18:45:09.228Z INFO  client] Sending sample transaction 139
[2022-07-23T18:45:09.278Z INFO  client] Sending sample transaction 140
[2022-07-23T18:45:09.328Z INFO  client] Sending sample transaction 141
[2022-07-23T18:45:09.379Z INFO  client] Sending sample transaction 142
[2022-07-23T18:45:09.428Z INFO  client] Sending sample transaction 143
[2022-07-23T18:45:09.484Z INFO  client] Sending sample transaction 144
[2022-07-23T18:45:09.529Z INFO  client] Sending sample transaction 145
[2022-07-23T18:45:09.578Z INFO  client] Sending sample transaction 146
[2022-07-23T18:45:09.628Z INFO  client] Sending sample transaction 147
[2022-07-23T18:45:09.679Z INFO  client] Sending sample transaction 148
[2022-07-23T18:45:09.729Z INFO  client] Sending sample transaction 149
[2022-07-23T18:45:09.778Z INFO  client] Sending sample transaction 150
[2022-07-23T18:45:09.828Z INFO  client] Sending sample transaction 151
[2022-07-23T18:45:09.879Z INFO  client] Sending sample transaction 152
[2022-07-23T18:45:09.928Z INFO  client] Sending sample transaction 153
[2022-07-23T18:45:09.978Z INFO  client] Sending sample transaction 154
[2022-07-23T18:45:10.028Z INFO  client] Sending sample transaction 155
[2022-07-23T18:45:10.078Z INFO  client] Sending sample transaction 156
[2022-07-23T18:45:10.128Z INFO  client] Sending sample transaction 157
[2022-07-23T18:45:10.179Z INFO  client] Sending sample transaction 158
[2022-07-23T18:45:10.228Z INFO  client] Sending sample transaction 159
[2022-07-23T18:45:10.279Z INFO  client] Sending sample transaction 160
[2022-07-23T18:45:10.329Z INFO  client] Sending sample transaction 161
[2022-07-23T18:45:10.378Z INFO  client] Sending sample transaction 162
[2022-07-23T18:45:10.428Z INFO  client] Sending sample transaction 163
[2022-07-23T18:45:10.478Z INFO  client] Sending sample transaction 164
[2022-07-23T18:45:10.529Z INFO  client] Sending sample transaction 165
[2022-07-23T18:45:10.578Z INFO  client] Sending sample transaction 166
[2022-07-23T18:45:10.629Z INFO  client] Sending sample transaction 167
[2022-07-23T18:45:10.678Z INFO  client] Sending sample transaction 168
[2022-07-23T18:45:10.729Z INFO  client] Sending sample transaction 169
[2022-07-23T18:45:10.778Z INFO  client] Sending sample transaction 170
[2022-07-23T18:45:10.829Z INFO  client] Sending sample transaction 171
[2022-07-23T18:45:10.879Z INFO  client] Sending sample transaction 172
[2022-07-23T18:45:10.929Z INFO  client] Sending sample transaction 173
[2022-07-23T18:45:10.979Z INFO  client] Sending sample transaction 174
[2022-07-23T18:45:11.028Z INFO  client] Sending sample transaction 175
[2022-07-23T18:45:11.078Z INFO  client] Sending sample transaction 176
[2022-07-23T18:45:11.128Z INFO  client] Sending sample transaction 177
[2022-07-23T18:45:11.178Z INFO  client] Sending sample transaction 178
[2022-07-23T18:45:11.230Z INFO  client] Sending sample transaction 179
[2022-07-23T18:45:11.277Z INFO  client] Sending sample transaction 180
[2022-07-23T18:45:11.328Z INFO  client] Sending sample transaction 181
[2022-07-23T18:45:11.385Z INFO  client] Sending sample transaction 182
[2022-07-23T18:45:11.428Z INFO  client] Sending sample transaction 183
[2022-07-23T18:45:11.479Z INFO  client] Sending sample transaction 184
[2022-07-23T18:45:11.528Z INFO  client] Sending sample transaction 185
[2022-07-23T18:45:11.579Z INFO  client] Sending sample transaction 186
[2022-07-23T18:45:11.629Z INFO  client] Sending sample transaction 187
[2022-07-23T18:45:11.683Z INFO  client] Sending sample transaction 188
[2022-07-23T18:45:11.728Z INFO  client] Sending sample transaction 189
[2022-07-23T18:45:11.778Z INFO  client] Sending sample transaction 190
[2022-07-23T18:45:11.828Z INFO  client] Sending sample transaction 191
[2022-07-23T18:45:11.878Z INFO  client] Sending sample transaction 192
[2022-07-23T18:45:11.929Z INFO  client] Sending sample transaction 193
[2022-07-23T18:45:11.979Z INFO  client] Sending sample transaction 194
[2022-07-23T18:45:12.028Z INFO  client] Sending sample transaction 195
[2022-07-23T18:45:12.079Z INFO  client] Sending sample transaction 196
[2022-07-23T18:45:12.128Z INFO  client] Sending sample transaction 197
[2022-07-23T18:45:12.179Z INFO  client] Sending sample transaction 198
[2022-07-23T18:45:12.228Z INFO  client] Sending sample transaction 199
[2022-07-23T18:45:12.278Z INFO  client] Sending sample transaction 200
[2022-07-23T18:45:12.328Z INFO  client] Sending sample transaction 201
[2022-07-23T18:45:12.378Z INFO  client] Sending sample transaction 202
[2022-07-23T18:45:12.428Z INFO  client] Sending sample transaction 203
[2022-07-23T18:45:12.478Z INFO  client] Sending sample transaction 204
[2022-07-23T18:45:12.528Z INFO  client] Sending sample transaction 205
[2022-07-23T18:45:12.578Z INFO  client] Sending sample transaction 206
[2022-07-23T18:45:12.628Z INFO  client] Sending sample transaction 207
[2022-07-23T18:45:12.678Z INFO  client] Sending sample transaction 208
[2022-07-23T18:45:12.729Z INFO  client] Sending sample transaction 209
[2022-07-23T18:45:12.778Z INFO  client] Sending sample transaction 210
[2022-07-23T18:45:12.830Z INFO  client] Sending sample transaction 211
[2022-07-23T18:45:12.879Z INFO  client] Sending sample transaction 212
[2022-07-23T18:45:12.928Z INFO  client] Sending sample transaction 213
[2022-07-23T18:45:12.978Z INFO  client] Sending sample transaction 214
[2022-07-23T18:45:13.029Z INFO  client] Sending sample transaction 215
[2022-07-23T18:45:13.078Z INFO  client] Sending sample transaction 216
[2022-07-23T18:45:13.129Z INFO  client] Sending sample transaction 217
[2022-07-23T18:45:13.179Z INFO  client] Sending sample transaction 218
[2022-07-23T18:45:13.229Z INFO  client] Sending sample transaction 219
[2022-07-23T18:45:13.278Z INFO  client] Sending sample transaction 220
[2022-07-23T18:45:13.329Z INFO  client] Sending sample transaction 221
[2022-07-23T18:45:13.379Z INFO  client] Sending sample transaction 222
[2022-07-23T18:45:13.428Z INFO  client] Sending sample transaction 223
[2022-07-23T18:45:13.479Z INFO  client] Sending sample transaction 224
[2022-07-23T18:45:13.528Z INFO  client] Sending sample transaction 225
[2022-07-23T18:45:13.579Z INFO  client] Sending sample transaction 226
[2022-07-23T18:45:13.628Z INFO  client] Sending sample transaction 227
[2022-07-23T18:45:13.678Z INFO  client] Sending sample transaction 228
[2022-07-23T18:45:13.728Z INFO  client] Sending sample transaction 229
[2022-07-23T18:45:13.778Z INFO  client] Sending sample transaction 230
[2022-07-23T18:45:13.829Z INFO  client] Sending sample transaction 231
[2022-07-23T18:45:13.880Z INFO  client] Sending sample transaction 232
[2022-07-23T18:45:13.928Z INFO  client] Sending sample transaction 233
[2022-07-23T18:45:13.978Z INFO  client] Sending sample transaction 234
[2022-07-23T18:45:14.029Z INFO  client] Sending sample transaction 235
[2022-07-23T18:45:14.078Z INFO  client] Sending sample transaction 236
[2022-07-23T18:45:14.129Z INFO  client] Sending sample transaction 237
[2022-07-23T18:45:14.179Z INFO  client] Sending sample transaction 238
[2022-07-23T18:45:14.229Z INFO  client] Sending sample transaction 239
[2022-07-23T18:45:14.278Z INFO  client] Sending sample transaction 240
[2022-07-23T18:45:14.329Z INFO  client] Sending sample transaction 241
[2022-07-23T18:45:14.378Z INFO  client] Sending sample transaction 242
[2022-07-23T18:45:14.428Z INFO  client] Sending sample transaction 243
[2022-07-23T18:45:14.479Z INFO  client] Sending sample transaction 244
[2022-07-23T18:45:14.528Z INFO  client] Sending sample transaction 245
[2022-07-23T18:45:14.579Z INFO  client] Sending sample transaction 246
[2022-07-23T18:45:14.629Z INFO  client] Sending sample transaction 247
[2022-07-23T18:45:14.678Z INFO  client] Sending sample transaction 248
[2022-07-23T18:45:14.728Z INFO  client] Sending sample transaction 249
[2022-07-23T18:45:14.779Z INFO  client] Sending sample transaction 250
[2022-07-23T18:45:14.828Z INFO  client] Sending sample transaction 251
[2022-07-23T18:45:14.878Z INFO  client] Sending sample transaction 252
[2022-07-23T18:45:14.929Z INFO  client] Sending sample transaction 253
[2022-07-23T18:45:14.978Z INFO  client] Sending sample transaction 254
[2022-07-23T18:45:15.028Z INFO  client] Sending sample transaction 255
[2022-07-23T18:45:15.079Z INFO  client] Sending sample transaction 256
[2022-07-23T18:45:15.129Z INFO  client] Sending sample transaction 257
[2022-07-23T18:45:15.178Z INFO  client] Sending sample transaction 258
[2022-07-23T18:45:15.229Z INFO  client] Sending sample transaction 259
[2022-07-23T18:45:15.278Z INFO  client] Sending sample transaction 260
[2022-07-23T18:45:15.329Z INFO  client] Sending sample transaction 261
[2022-07-23T18:45:15.379Z INFO  client] Sending sample transaction 262
[2022-07-23T18:45:15.429Z INFO  client] Sending sample transaction 263
[2022-07-23T18:45:15.478Z INFO  client] Sending sample transaction 264
[2022-07-23T18:45:15.528Z INFO  client] Sending sample transaction 265
[2022-07-23T18:45:15.578Z INFO  client] Sending sample transaction 266
[2022-07-23T18:45:15.629Z INFO  client] Sending sample transaction 267
[2022-07-23T18:45:15.678Z INFO  client] Sending sample transaction 268
[2022-07-23T18:45:15.729Z INFO  client] Sending sample transaction 269
[2022-07-23T18:45:15.778Z INFO  client] Sending sample transaction 270
[2022-07-23T18:45:15.828Z INFO  client] Sending sample transaction 271
[2022-07-23T18:45:15.878Z INFO  client] Sending sample transaction 272
[2022-07-23T18:45:15.929Z INFO  client] Sending sample transaction 273
[2022-07-23T18:45:15.978Z INFO  client] Sending sample transaction 274
[2022-07-23T18:45:16.029Z INFO  client] Sending sample transaction 275
[2022-07-23T18:45:16.078Z INFO  client] Sending sample transaction 276
[2022-07-23T18:45:16.128Z INFO  client] Sending sample transaction 277
[2022-07-23T18:45:16.179Z INFO  client] Sending sample transaction 278
[2022-07-23T18:45:16.228Z INFO  client] Sending sample transaction 279
[2022-07-23T18:45:16.278Z INFO  client] Sending sample transaction 280
[2022-07-23T18:45:16.328Z INFO  client] Sending sample transaction 281
[2022-07-23T18:45:16.379Z INFO  client] Sending sample transaction 282
[2022-07-23T18:45:16.434Z INFO  client] Sending sample transaction 283
[2022-07-23T18:45:16.478Z INFO  client] Sending sample transaction 284
[2022-07-23T18:45:16.536Z INFO  client] Sending sample transaction 285
[2022-07-23T18:45:16.579Z INFO  client] Sending sample transaction 286
[2022-07-23T18:45:16.628Z INFO  client] Sending sample transaction 287
[2022-07-23T18:45:16.679Z INFO  client] Sending sample transaction 288
[2022-07-23T18:45:16.729Z INFO  client] Sending sample transaction 289
[2022-07-23T18:45:16.779Z INFO  client] Sending sample transaction 290
[2022-07-23T18:45:16.829Z INFO  client] Sending sample transaction 291
[2022-07-23T18:45:16.878Z INFO  client] Sending sample transaction 292
[2022-07-23T18:45:16.928Z INFO  client] Sending sample transaction 293
[2022-07-23T18:45:16.979Z INFO  client] Sending sample transaction 294
[2022-07-23T18:45:17.028Z INFO  client] Sending sample transaction 295
[2022-07-23T18:45:17.080Z INFO  client] Sending sample transaction 296
[2022-07-23T18:45:17.128Z INFO  client] Sending sample transaction 297
[2022-07-23T18:45:17.178Z INFO  client] Sending sample transaction 298
[2022-07-23T18:45:17.228Z INFO  client] Sending sample transaction 299
[2022-07-23T18:45:17.278Z INFO  client] Sending sample transaction 300
[2022-07-23T18:45:17.329Z INFO  client] Sending sample transaction 301
[2022-07-23T18:45:17.379Z INFO  client] Sending sample transaction 302
[2022-07-23T18:45:17.430Z INFO  client] Sending sample transaction 303
[2022-07-23T18:45:17.478Z INFO  client] Sending sample transaction 304
[2022-07-23T18:45:17.528Z INFO  client] Sending sample transaction 305
[2022-07-23T18:45:17.579Z INFO  client] Sending sample transaction 306
[2022-07-23T18:45:17.628Z INFO  client] Sending sample transaction 307
[2022-07-23T18:45:17.678Z INFO  client] Sending sample transaction 308
[2022-07-23T18:45:17.729Z INFO  client] Sending sample transaction 309
[2022-07-23T18:45:17.778Z INFO  client] Sending sample transaction 310
[2022-07-23T18:45:17.828Z INFO  client] Sending sample transaction 311
[2022-07-23T18:45:17.878Z INFO  client] Sending sample transaction 312
[2022-07-23T18:45:17.929Z INFO  client] Sending sample transaction 313
[2022-07-23T18:45:17.979Z INFO  client] Sending sample transaction 314
[2022-07-23T18:45:18.028Z INFO  client] Sending sample transaction 315
[2022-07-23T18:45:18.078Z INFO  client] Sending sample transaction 316
[2022-07-23T18:45:18.128Z INFO  client] Sending sample transaction 317
[2022-07-23T18:45:18.178Z INFO  client] Sending sample transaction 318
[2022-07-23T18:45:18.228Z INFO  client] Sending sample transaction 319
[2022-07-23T18:45:18.278Z INFO  client] Sending sample transaction 320
[2022-07-23T18:45:18.329Z INFO  client] Sending sample transaction 321
[2022-07-23T18:45:18.379Z INFO  client] Sending sample transaction 322
[2022-07-23T18:45:18.429Z INFO  client] Sending sample transaction 323
[2022-07-23T18:45:18.479Z INFO  client] Sending sample transaction 324
[2022-07-23T18:45:18.528Z INFO  client] Sending sample transaction 325
[2022-07-23T18:45:18.578Z INFO  client] Sending sample transaction 326
[2022-07-23T18:45:18.636Z INFO  client] Sending sample transaction 327
[2022-07-23T18:45:18.678Z INFO  client] Sending sample transaction 328
[2022-07-23T18:45:18.729Z INFO  client] Sending sample transaction 329
[2022-07-23T18:45:18.779Z INFO  client] Sending sample transaction 330
[2022-07-23T18:45:18.828Z INFO  client] Sending sample transaction 331
[2022-07-23T18:45:18.878Z INFO  client] Sending sample transaction 332
[2022-07-23T18:45:18.928Z INFO  client] Sending sample transaction 333
[2022-07-23T18:45:18.978Z INFO  client] Sending sample transaction 334
[2022-07-23T18:45:19.031Z INFO  client] Sending sample transaction 335
[2022-07-23T18:45:19.078Z INFO  client] Sending sample transaction 336
[2022-07-23T18:45:19.129Z INFO  client] Sending sample transaction 337
[2022-07-23T18:45:19.179Z INFO  client] Sending sample transaction 338
[2022-07-23T18:45:19.229Z INFO  client] Sending sample transaction 339
[2022-07-23T18:45:19.279Z INFO  client] Sending sample transaction 340
[2022-07-23T18:45:19.329Z INFO  client] Sending sample transaction 341
[2022-07-23T18:45:19.379Z INFO  client] Sending sample transaction 342
[2022-07-23T18:45:19.428Z INFO  client] Sending sample transaction 343
[2022-07-23T18:45:19.479Z INFO  client] Sending sample transaction 344
[2022-07-23T18:45:19.528Z INFO  client] Sending sample transaction 345
[2022-07-23T18:45:19.578Z INFO  client] Sending sample transaction 346
[2022-07-23T18:45:19.628Z INFO  client] Sending sample transaction 347
[2022-07-23T18:45:19.686Z INFO  client] Sending sample transaction 348
[2022-07-23T18:45:19.728Z INFO  client] Sending sample transaction 349
[2022-07-23T18:45:19.779Z INFO  client] Sending sample transaction 350
[2022-07-23T18:45:19.829Z INFO  client] Sending sample transaction 351
[2022-07-23T18:45:19.879Z INFO  client] Sending sample transaction 352
[2022-07-23T18:45:19.928Z INFO  client] Sending sample transaction 353
[2022-07-23T18:45:19.980Z INFO  client] Sending sample transaction 354
[2022-07-23T18:45:20.031Z INFO  client] Sending sample transaction 355
[2022-07-23T18:45:20.079Z INFO  client] Sending sample transaction 356
[2022-07-23T18:45:20.128Z INFO  client] Sending sample transaction 357
[2022-07-23T18:45:20.179Z INFO  client] Sending sample transaction 358
[2022-07-23T18:45:20.228Z INFO  client] Sending sample transaction 359
[2022-07-23T18:45:20.278Z INFO  client] Sending sample transaction 360
[2022-07-23T18:45:20.333Z INFO  client] Sending sample transaction 361
[2022-07-23T18:45:20.378Z INFO  client] Sending sample transaction 362
[2022-07-23T18:45:20.428Z INFO  client] Sending sample transaction 363
[2022-07-23T18:45:20.478Z INFO  client] Sending sample transaction 364
[2022-07-23T18:45:20.528Z INFO  client] Sending sample transaction 365
[2022-07-23T18:45:20.578Z INFO  client] Sending sample transaction 366
[2022-07-23T18:45:20.628Z INFO  client] Sending sample transaction 367
[2022-07-23T18:45:20.680Z INFO  client] Sending sample transaction 368
[2022-07-23T18:45:20.734Z INFO  client] Sending sample transaction 369
[2022-07-23T18:45:20.778Z INFO  client] Sending sample transaction 370
[2022-07-23T18:45:20.828Z INFO  client] Sending sample transaction 371
[2022-07-23T18:45:20.878Z INFO  client] Sending sample transaction 372
[2022-07-23T18:45:20.928Z INFO  client] Sending sample transaction 373
[2022-07-23T18:45:20.979Z INFO  client] Sending sample transaction 374
[2022-07-23T18:45:21.028Z INFO  client] Sending sample transaction 375
[2022-07-23T18:45:21.078Z INFO  client] Sending sample transaction 376
[2022-07-23T18:45:21.129Z INFO  client] Sending sample transaction 377
[2022-07-23T18:45:21.178Z INFO  client] Sending sample transaction 378
[2022-07-23T18:45:21.228Z INFO  client] Sending sample transaction 379
[2022-07-23T18:45:21.278Z INFO  client] Sending sample transaction 380
[2022-07-23T18:45:21.328Z INFO  client] Sending sample transaction 381
[2022-07-23T18:45:21.379Z INFO  client] Sending sample transaction 382
[2022-07-23T18:45:21.428Z INFO  client] Sending sample transaction 383
[2022-07-23T18:45:21.478Z INFO  client] Sending sample transaction 384
[2022-07-23T18:45:21.528Z INFO  client] Sending sample transaction 385
[2022-07-23T18:45:21.578Z INFO  client] Sending sample transaction 386
[2022-07-23T18:45:21.628Z INFO  client] Sending sample transaction 387
[2022-07-23T18:45:21.678Z INFO  client] Sending sample transaction 388
[2022-07-23T18:45:21.728Z INFO  client] Sending sample transaction 389
[2022-07-23T18:45:21.778Z INFO  client] Sending sample transaction 390
[2022-07-23T18:45:21.828Z INFO  client] Sending sample transaction 391
[2022-07-23T18:45:21.878Z INFO  client] Sending sample transaction 392
[2022-07-23T18:45:21.929Z INFO  client] Sending sample transaction 393
[2022-07-23T18:45:21.978Z INFO  client] Sending sample transaction 394
[2022-07-23T18:45:22.028Z INFO  client] Sending sample transaction 395
[2022-07-23T18:45:22.078Z INFO  client] Sending sample transaction 396
[2022-07-23T18:45:22.128Z INFO  client] Sending sample transaction 397
[2022-07-23T18:45:22.179Z INFO  client] Sending sample transaction 398
[2022-07-23T18:45:22.228Z INFO  client] Sending sample transaction 399
[2022-07-23T18:45:22.278Z INFO  client] Sending sample transaction 400
[2022-07-23T18:45:22.328Z INFO  client] Sending sample transaction 401
[2022-07-23T18:45:22.378Z INFO  client] Sending sample transaction 402
[2022-07-23T18:45:22.428Z INFO  client] Sending sample transaction 403
[2022-07-23T18:45:22.479Z INFO  client] Sending sample transaction 404
[2022-07-23T18:45:22.528Z INFO  client] Sending sample transaction 405
[2022-07-23T18:45:22.578Z INFO  client] Sending sample transaction 406
[2022-07-23T18:45:22.629Z INFO  client] Sending sample transaction 407
[2022-07-23T18:45:22.679Z INFO  client] Sending sample transaction 408
[2022-07-23T18:45:22.729Z INFO  client] Sending sample transaction 409
[2022-07-23T18:45:22.778Z INFO  client] Sending sample transaction 410
[2022-07-23T18:45:22.828Z INFO  client] Sending sample transaction 411
[2022-07-23T18:45:22.878Z INFO  client] Sending sample transaction 412
[2022-07-23T18:45:22.930Z INFO  client] Sending sample transaction 413
[2022-07-23T18:45:22.978Z INFO  client] Sending sample transaction 414
[2022-07-23T18:45:23.029Z INFO  client] Sending sample transaction 415
[2022-07-23T18:45:23.079Z INFO  client] Sending sample transaction 416
[2022-07-23T18:45:23.129Z INFO  client] Sending sample transaction 417
[2022-07-23T18:45:23.178Z INFO  client] Sending sample transaction 418
[2022-07-23T18:45:23.228Z INFO  client] Sending sample transaction 419
[2022-07-23T18:45:23.279Z INFO  client] Sending sample transaction 420
[2022-07-23T18:45:23.332Z INFO  client] Sending sample transaction 421
[2022-07-23T18:45:23.379Z INFO  client] Sending sample transaction 422
[2022-07-23T18:45:23.434Z INFO  client] Sending sample transaction 423
[2022-07-23T18:45:23.482Z INFO  client] Sending sample transaction 424
