[2022-07-23T15:58:13.029Z INFO  client] Node address: 127.0.0.1:9015
[2022-07-23T15:58:13.029Z INFO  client] Transactions size: 512 B
[2022-07-23T15:58:13.029Z INFO  client] Transactions rate: 112 tx/s
[2022-07-23T15:58:13.029Z INFO  client] Waiting for all nodes to be online...
[2022-07-23T15:58:13.029Z INFO  client] Waiting for all nodes to be synchronized...
[2022-07-23T15:58:15.033Z INFO  client] Start sending transactions
[2022-07-23T15:58:15.034Z INFO  client] Sending sample transaction 0
[2022-07-23T15:58:15.085Z INFO  client] Sending sample transaction 1
[2022-07-23T15:58:15.142Z INFO  client] Sending sample transaction 2
[2022-07-23T15:58:15.185Z INFO  client] Sending sample transaction 3
[2022-07-23T15:58:15.238Z INFO  client] Sending sample transaction 4
[2022-07-23T15:58:15.284Z INFO  client] Sending sample transaction 5
[2022-07-23T15:58:15.336Z INFO  client] Sending sample transaction 6
[2022-07-23T15:58:15.424Z INFO  client] Sending sample transaction 7
[2022-07-23T15:58:15.448Z INFO  client] Sending sample transaction 8
[2022-07-23T15:58:15.486Z INFO  client] Sending sample transaction 9
[2022-07-23T15:58:15.534Z INFO  client] Sending sample transaction 10
[2022-07-23T15:58:15.584Z INFO  client] Sending sample transaction 11
[2022-07-23T15:58:15.635Z INFO  client] Sending sample transaction 12
[2022-07-23T15:58:15.684Z INFO  client] Sending sample transaction 13
[2022-07-23T15:58:15.774Z INFO  client] Sending sample transaction 14
[2022-07-23T15:58:15.807Z INFO  client] Sending sample transaction 15
[2022-07-23T15:58:15.834Z INFO  client] Sending sample transaction 16
[2022-07-23T15:58:15.885Z INFO  client] Sending sample transaction 17
[2022-07-23T15:58:15.935Z INFO  client] Sending sample transaction 18
[2022-07-23T15:58:16.002Z INFO  client] Sending sample transaction 19
[2022-07-23T15:58:16.034Z INFO  client] Sending sample transaction 20
[2022-07-23T15:58:16.086Z INFO  client] Sending sample transaction 21
[2022-07-23T15:58:16.147Z INFO  client] Sending sample transaction 22
[2022-07-23T15:58:16.220Z INFO  client] Sending sample transaction 23
[2022-07-23T15:58:16.235Z INFO  client] Sending sample transaction 24
[2022-07-23T15:58:16.283Z INFO  client] Sending sample transaction 25
[2022-07-23T15:58:16.338Z INFO  client] Sending sample transaction 26
[2022-07-23T15:58:16.385Z INFO  client] Sending sample transaction 27
[2022-07-23T15:58:16.435Z INFO  client] Sending sample transaction 28
[2022-07-23T15:58:16.485Z INFO  client] Sending sample transaction 29
[2022-07-23T15:58:16.535Z INFO  client] Sending sample transaction 30
[2022-07-23T15:58:16.595Z INFO  client] Sending sample transaction 31
[2022-07-23T15:58:16.635Z INFO  client] Sending sample transaction 32
[2022-07-23T15:58:16.686Z INFO  client] Sending sample transaction 33
[2022-07-23T15:58:16.738Z INFO  client] Sending sample transaction 34
[2022-07-23T15:58:16.784Z INFO  client] Sending sample transaction 35
[2022-07-23T15:58:16.835Z INFO  client] Sending sample transaction 36
[2022-07-23T15:58:16.884Z INFO  client] Sending sample transaction 37
[2022-07-23T15:58:16.934Z INFO  client] Sending sample transaction 38
[2022-07-23T15:58:17.026Z INFO  client] Sending sample transaction 39
[2022-07-23T15:58:17.051Z INFO  client] Sending sample transaction 40
[2022-07-23T15:58:17.109Z INFO  client] Sending sample transaction 41
[2022-07-23T15:58:17.136Z INFO  client] Sending sample transaction 42
[2022-07-23T15:58:17.184Z INFO  client] Sending sample transaction 43
[2022-07-23T15:58:17.235Z INFO  client] Sending sample transaction 44
[2022-07-23T15:58:17.284Z INFO  client] Sending sample transaction 45
[2022-07-23T15:58:17.334Z INFO  client] Sending sample transaction 46
[2022-07-23T15:58:17.385Z INFO  client] Sending sample transaction 47
[2022-07-23T15:58:17.445Z INFO  client] Sending sample transaction 48
[2022-07-23T15:58:17.507Z INFO  client] Sending sample transaction 49
[2022-07-23T15:58:17.545Z INFO  client] Sending sample transaction 50
[2022-07-23T15:58:17.585Z INFO  client] Sending sample transaction 51
[2022-07-23T15:58:17.635Z INFO  client] Sending sample transaction 52
[2022-07-23T15:58:17.684Z INFO  client] Sending sample transaction 53
[2022-07-23T15:58:17.735Z INFO  client] Sending sample transaction 54
[2022-07-23T15:58:17.784Z INFO  client] Sending sample transaction 55
[2022-07-23T15:58:17.834Z INFO  client] Sending sample transaction 56
[2022-07-23T15:58:17.884Z INFO  client] Sending sample transaction 57
[2022-07-23T15:58:17.935Z INFO  client] Sending sample transaction 58
[2022-07-23T15:58:17.984Z INFO  client] Sending sample transaction 59
[2022-07-23T15:58:18.034Z INFO  client] Sending sample transaction 60
[2022-07-23T15:58:18.085Z INFO  client] Sending sample transaction 61
[2022-07-23T15:58:18.135Z INFO  client] Sending sample transaction 62
[2022-07-23T15:58:18.235Z INFO  client] Sending sample transaction 63
[2022-07-23T15:58:18.239Z INFO  client] Sending sample transaction 64
[2022-07-23T15:58:18.285Z INFO  client] Sending sample transaction 65
[2022-07-23T15:58:18.334Z INFO  client] Sending sample transaction 66
[2022-07-23T15:58:18.384Z INFO  client] Sending sample transaction 67
[2022-07-23T15:58:18.434Z INFO  client] Sending sample transaction 68
[2022-07-23T15:58:18.484Z INFO  client] Sending sample transaction 69
[2022-07-23T15:58:18.535Z INFO  client] Sending sample transaction 70
[2022-07-23T15:58:18.584Z INFO  client] Sending sample transaction 71
[2022-07-23T15:58:18.635Z INFO  client] Sending sample transaction 72
[2022-07-23T15:58:18.685Z INFO  client] Sending sample transaction 73
[2022-07-23T15:58:18.735Z INFO  client] Sending sample transaction 74
[2022-07-23T15:58:18.785Z INFO  client] Sending sample transaction 75
[2022-07-23T15:58:18.834Z INFO  client] Sending sample transaction 76
[2022-07-23T15:58:18.885Z INFO  client] Sending sample transaction 77
[2022-07-23T15:58:18.934Z INFO  client] Sending sample transaction 78
[2022-07-23T15:58:18.984Z INFO  client] Sending sample transaction 79
[2022-07-23T15:58:19.034Z INFO  client] Sending sample transaction 80
[2022-07-23T15:58:19.084Z INFO  client] Sending sample transaction 81
[2022-07-23T15:58:19.135Z INFO  client] Sending sample transaction 82
[2022-07-23T15:58:19.184Z INFO  client] Sending sample transaction 83
[2022-07-23T15:58:19.236Z INFO  client] Sending sample transaction 84
[2022-07-23T15:58:19.291Z INFO  client] Sending sample transaction 85
[2022-07-23T15:58:19.334Z INFO  client] Sending sample transaction 86
[2022-07-23T15:58:19.385Z INFO  client] Sending sample transaction 87
[2022-07-23T15:58:19.434Z INFO  client] Sending sample transaction 88
[2022-07-23T15:58:19.484Z INFO  client] Sending sample transaction 89
[2022-07-23T15:58:19.534Z INFO  client] Sending sample transaction 90
[2022-07-23T15:58:19.584Z INFO  client] Sending sample transaction 91
[2022-07-23T15:58:19.634Z INFO  client] Sending sample transaction 92
[2022-07-23T15:58:19.725Z INFO  client] Sending sample transaction 93
[2022-07-23T15:58:19.739Z INFO  client] Sending sample transaction 94
[2022-07-23T15:58:19.788Z INFO  client] Sending sample transaction 95
[2022-07-23T15:58:19.836Z INFO  client] Sending sample transaction 96
[2022-07-23T15:58:19.884Z INFO  client] Sending sample transaction 97
[2022-07-23T15:58:19.934Z INFO  client] Sending sample transaction 98
[2022-07-23T15:58:19.984Z INFO  client] Sending sample transaction 99
[2022-07-23T15:58:20.034Z INFO  client] Sending sample transaction 100
[2022-07-23T15:58:20.084Z INFO  client] Sending sample transaction 101
[2022-07-23T15:58:20.134Z INFO  client] Sending sample transaction 102
[2022-07-23T15:58:20.185Z INFO  client] Sending sample transaction 103
[2022-07-23T15:58:20.234Z INFO  client] Sending sample transaction 104
[2022-07-23T15:58:20.284Z INFO  client] Sending sample transaction 105
[2022-07-23T15:58:20.334Z INFO  client] Sending sample transaction 106
[2022-07-23T15:58:20.384Z INFO  client] Sending sample transaction 107
[2022-07-23T15:58:20.436Z INFO  client] Sending sample transaction 108
[2022-07-23T15:58:20.484Z INFO  client] Sending sample transaction 109
[2022-07-23T15:58:20.534Z INFO  client] Sending sample transaction 110
[2022-07-23T15:58:20.584Z INFO  client] Sending sample transaction 111
[2022-07-23T15:58:20.634Z INFO  client] Sending sample transaction 112
[2022-07-23T15:58:20.685Z INFO  client] Sending sample transaction 113
[2022-07-23T15:58:20.734Z INFO  client] Sending sample transaction 114
[2022-07-23T15:58:20.784Z INFO  client] Sending sample transaction 115
[2022-07-23T15:58:20.836Z INFO  client] Sending sample transaction 116
[2022-07-23T15:58:20.886Z INFO  client] Sending sample transaction 117
[2022-07-23T15:58:20.934Z INFO  client] Sending sample transaction 118
[2022-07-23T15:58:20.984Z INFO  client] Sending sample transaction 119
[2022-07-23T15:58:21.034Z INFO  client] Sending sample transaction 120
[2022-07-23T15:58:21.085Z INFO  client] Sending sample transaction 121
[2022-07-23T15:58:21.136Z INFO  client] Sending sample transaction 122
[2022-07-23T15:58:21.184Z INFO  client] Sending sample transaction 123
[2022-07-23T15:58:21.235Z INFO  client] Sending sample transaction 124
[2022-07-23T15:58:21.285Z INFO  client] Sending sample transaction 125
[2022-07-23T15:58:21.356Z INFO  client] Sending sample transaction 126
[2022-07-23T15:58:21.396Z INFO  client] Sending sample transaction 127
[2022-07-23T15:58:21.434Z INFO  client] Sending sample transaction 128
[2022-07-23T15:58:21.484Z INFO  client] Sending sample transaction 129
[2022-07-23T15:58:21.534Z INFO  client] Sending sample transaction 130
[2022-07-23T15:58:21.584Z INFO  client] Sending sample transaction 131
[2022-07-23T15:58:21.656Z INFO  client] Sending sample transaction 132
[2022-07-23T15:58:21.695Z INFO  client] Sending sample transaction 133
[2022-07-23T15:58:21.735Z INFO  client] Sending sample transaction 134
[2022-07-23T15:58:21.784Z INFO  client] Sending sample transaction 135
[2022-07-23T15:58:21.834Z INFO  client] Sending sample transaction 136
[2022-07-23T15:58:21.884Z INFO  client] Sending sample transaction 137
[2022-07-23T15:58:21.934Z INFO  client] Sending sample transaction 138
[2022-07-23T15:58:21.984Z INFO  client] Sending sample transaction 139
[2022-07-23T15:58:22.043Z INFO  client] Sending sample transaction 140
[2022-07-23T15:58:22.084Z INFO  client] Sending sample transaction 141
[2022-07-23T15:58:22.135Z INFO  client] Sending sample transaction 142
[2022-07-23T15:58:22.185Z INFO  client] Sending sample transaction 143
[2022-07-23T15:58:22.235Z INFO  client] Sending sample transaction 144
[2022-07-23T15:58:22.284Z INFO  client] Sending sample transaction 145
[2022-07-23T15:58:22.334Z INFO  client] Sending sample transaction 146
[2022-07-23T15:58:22.384Z INFO  client] Sending sample transaction 147
[2022-07-23T15:58:22.434Z INFO  client] Sending sample transaction 148
[2022-07-23T15:58:22.484Z INFO  client] Sending sample transaction 149
[2022-07-23T15:58:22.534Z INFO  client] Sending sample transaction 150
[2022-07-23T15:58:22.585Z INFO  client] Sending sample transaction 151
[2022-07-23T15:58:22.652Z INFO  client] Sending sample transaction 152
[2022-07-23T15:58:22.685Z INFO  client] Sending sample transaction 153
[2022-07-23T15:58:22.734Z INFO  client] Sending sample transaction 154
[2022-07-23T15:58:22.785Z INFO  client] Sending sample transaction 155
[2022-07-23T15:58:22.835Z INFO  client] Sending sample transaction 156
[2022-07-23T15:58:22.885Z INFO  client] Sending sample transaction 157
[2022-07-23T15:58:22.934Z INFO  client] Sending sample transaction 158
[2022-07-23T15:58:22.985Z INFO  client] Sending sample transaction 159
[2022-07-23T15:58:23.034Z INFO  client] Sending sample transaction 160
[2022-07-23T15:58:23.084Z INFO  client] Sending sample transaction 161
[2022-07-23T15:58:23.134Z INFO  client] Sending sample transaction 162
[2022-07-23T15:58:23.184Z INFO  client] Sending sample transaction 163
[2022-07-23T15:58:23.235Z INFO  client] Sending sample transaction 164
[2022-07-23T15:58:23.324Z INFO  client] Sending sample transaction 165
[2022-07-23T15:58:23.344Z INFO  client] Sending sample transaction 166
[2022-07-23T15:58:23.390Z INFO  client] Sending sample transaction 167
[2022-07-23T15:58:23.435Z INFO  client] Sending sample transaction 168
[2022-07-23T15:58:23.496Z INFO  client] Sending sample transaction 169
[2022-07-23T15:58:23.535Z INFO  client] Sending sample transaction 170
[2022-07-23T15:58:23.584Z INFO  client] Sending sample transaction 171
[2022-07-23T15:58:23.635Z INFO  client] Sending sample transaction 172
[2022-07-23T15:58:23.684Z INFO  client] Sending sample transaction 173
[2022-07-23T15:58:23.736Z INFO  client] Sending sample transaction 174
[2022-07-23T15:58:23.787Z INFO  client] Sending sample transaction 175
[2022-07-23T15:58:23.838Z INFO  client] Sending sample transaction 176
[2022-07-23T15:58:23.884Z INFO  client] Sending sample transaction 177
[2022-07-23T15:58:23.935Z INFO  client] Sending sample transaction 178
[2022-07-23T15:58:23.991Z INFO  client] Sending sample transaction 179
[2022-07-23T15:58:24.034Z INFO  client] Sending sample transaction 180
[2022-07-23T15:58:24.084Z INFO  client] Sending sample transaction 181
[2022-07-23T15:58:24.134Z INFO  client] Sending sample transaction 182
[2022-07-23T15:58:24.184Z INFO  client] Sending sample transaction 183
[2022-07-23T15:58:24.234Z INFO  client] Sending sample transaction 184
[2022-07-23T15:58:24.284Z INFO  client] Sending sample transaction 185
[2022-07-23T15:58:24.334Z INFO  client] Sending sample transaction 186
[2022-07-23T15:58:24.384Z INFO  client] Sending sample transaction 187
[2022-07-23T15:58:24.434Z INFO  client] Sending sample transaction 188
[2022-07-23T15:58:24.485Z INFO  client] Sending sample transaction 189
[2022-07-23T15:58:24.534Z INFO  client] Sending sample transaction 190
[2022-07-23T15:58:24.584Z INFO  client] Sending sample transaction 191
[2022-07-23T15:58:24.635Z INFO  client] Sending sample transaction 192
[2022-07-23T15:58:24.684Z INFO  client] Sending sample transaction 193
[2022-07-23T15:58:24.734Z INFO  client] Sending sample transaction 194
[2022-07-23T15:58:24.784Z INFO  client] Sending sample transaction 195
[2022-07-23T15:58:24.835Z INFO  client] Sending sample transaction 196
[2022-07-23T15:58:24.885Z INFO  client] Sending sample transaction 197
[2022-07-23T15:58:24.935Z INFO  client] Sending sample transaction 198
[2022-07-23T15:58:24.985Z INFO  client] Sending sample transaction 199
[2022-07-23T15:58:25.035Z INFO  client] Sending sample transaction 200
[2022-07-23T15:58:25.084Z INFO  client] Sending sample transaction 201
[2022-07-23T15:58:25.135Z INFO  client] Sending sample transaction 202
[2022-07-23T15:58:25.185Z INFO  client] Sending sample transaction 203
[2022-07-23T15:58:25.235Z INFO  client] Sending sample transaction 204
[2022-07-23T15:58:25.285Z INFO  client] Sending sample transaction 205
[2022-07-23T15:58:25.334Z INFO  client] Sending sample transaction 206
[2022-07-23T15:58:25.384Z INFO  client] Sending sample transaction 207
[2022-07-23T15:58:25.434Z INFO  client] Sending sample transaction 208
[2022-07-23T15:58:25.484Z INFO  client] Sending sample transaction 209
[2022-07-23T15:58:25.534Z INFO  client] Sending sample transaction 210
[2022-07-23T15:58:25.592Z INFO  client] Sending sample transaction 211
[2022-07-23T15:58:25.634Z INFO  client] Sending sample transaction 212
[2022-07-23T15:58:25.684Z INFO  client] Sending sample transaction 213
[2022-07-23T15:58:25.735Z INFO  client] Sending sample transaction 214
[2022-07-23T15:58:25.785Z INFO  client] Sending sample transaction 215
[2022-07-23T15:58:25.843Z INFO  client] Sending sample transaction 216
[2022-07-23T15:58:25.885Z INFO  client] Sending sample transaction 217
[2022-07-23T15:58:25.934Z INFO  client] Sending sample transaction 218
[2022-07-23T15:58:25.985Z INFO  client] Sending sample transaction 219
[2022-07-23T15:58:26.034Z INFO  client] Sending sample transaction 220
[2022-07-23T15:58:26.084Z INFO  client] Sending sample transaction 221
[2022-07-23T15:58:26.134Z INFO  client] Sending sample transaction 222
[2022-07-23T15:58:26.184Z INFO  client] Sending sample transaction 223
[2022-07-23T15:58:26.234Z INFO  client] Sending sample transaction 224
[2022-07-23T15:58:26.285Z INFO  client] Sending sample transaction 225
[2022-07-23T15:58:26.334Z INFO  client] Sending sample transaction 226
[2022-07-23T15:58:26.384Z INFO  client] Sending sample transaction 227
[2022-07-23T15:58:26.434Z INFO  client] Sending sample transaction 228
[2022-07-23T15:58:26.484Z INFO  client] Sending sample transaction 229
[2022-07-23T15:58:26.534Z INFO  client] Sending sample transaction 230
[2022-07-23T15:58:26.584Z INFO  client] Sending sample transaction 231
[2022-07-23T15:58:26.635Z INFO  client] Sending sample transaction 232
[2022-07-23T15:58:26.684Z INFO  client] Sending sample transaction 233
[2022-07-23T15:58:26.753Z INFO  client] Sending sample transaction 234
[2022-07-23T15:58:26.798Z INFO  client] Sending sample transaction 235
[2022-07-23T15:58:26.834Z INFO  client] Sending sample transaction 236
[2022-07-23T15:58:26.889Z INFO  client] Sending sample transaction 237
[2022-07-23T15:58:26.935Z INFO  client] Sending sample transaction 238
[2022-07-23T15:58:26.984Z INFO  client] Sending sample transaction 239
[2022-07-23T15:58:27.034Z INFO  client] Sending sample transaction 240
[2022-07-23T15:58:27.084Z INFO  client] Sending sample transaction 241
[2022-07-23T15:58:27.135Z INFO  client] Sending sample transaction 242
[2022-07-23T15:58:27.184Z INFO  client] Sending sample transaction 243
[2022-07-23T15:58:27.288Z INFO  client] Sending sample transaction 244
[2022-07-23T15:58:27.301Z INFO  client] Sending sample transaction 245
[2022-07-23T15:58:27.334Z INFO  client] Sending sample transaction 246
[2022-07-23T15:58:27.384Z INFO  client] Sending sample transaction 247
[2022-07-23T15:58:27.437Z INFO  client] Sending sample transaction 248
[2022-07-23T15:58:27.485Z INFO  client] Sending sample transaction 249
[2022-07-23T15:58:27.534Z INFO  client] Sending sample transaction 250
[2022-07-23T15:58:27.584Z INFO  client] Sending sample transaction 251
[2022-07-23T15:58:27.637Z INFO  client] Sending sample transaction 252
[2022-07-23T15:58:27.686Z INFO  client] Sending sample transaction 253
[2022-07-23T15:58:27.734Z INFO  client] Sending sample transaction 254
[2022-07-23T15:58:27.784Z INFO  client] Sending sample transaction 255
[2022-07-23T15:58:27.834Z INFO  client] Sending sample transaction 256
[2022-07-23T15:58:27.885Z INFO  client] Sending sample transaction 257
[2022-07-23T15:58:27.967Z INFO  client] Sending sample transaction 258
[2022-07-23T15:58:27.984Z INFO  client] Sending sample transaction 259
[2022-07-23T15:58:28.034Z INFO  client] Sending sample transaction 260
[2022-07-23T15:58:28.084Z INFO  client] Sending sample transaction 261
[2022-07-23T15:58:28.135Z INFO  client] Sending sample transaction 262
[2022-07-23T15:58:28.184Z INFO  client] Sending sample transaction 263
[2022-07-23T15:58:28.235Z INFO  client] Sending sample transaction 264
[2022-07-23T15:58:28.285Z INFO  client] Sending sample transaction 265
[2022-07-23T15:58:28.334Z INFO  client] Sending sample transaction 266
[2022-07-23T15:58:28.384Z INFO  client] Sending sample transaction 267
[2022-07-23T15:58:28.434Z INFO  client] Sending sample transaction 268
[2022-07-23T15:58:28.484Z INFO  client] Sending sample transaction 269
[2022-07-23T15:58:28.535Z INFO  client] Sending sample transaction 270
[2022-07-23T15:58:28.584Z INFO  client] Sending sample transaction 271
[2022-07-23T15:58:28.634Z INFO  client] Sending sample transaction 272
[2022-07-23T15:58:28.684Z INFO  client] Sending sample transaction 273
[2022-07-23T15:58:28.734Z INFO  client] Sending sample transaction 274
[2022-07-23T15:58:28.798Z INFO  client] Sending sample transaction 275
[2022-07-23T15:58:28.835Z INFO  client] Sending sample transaction 276
[2022-07-23T15:58:28.884Z INFO  client] Sending sample transaction 277
[2022-07-23T15:58:28.934Z INFO  client] Sending sample transaction 278
[2022-07-23T15:58:28.985Z INFO  client] Sending sample transaction 279
[2022-07-23T15:58:29.035Z INFO  client] Sending sample transaction 280
[2022-07-23T15:58:29.085Z INFO  client] Sending sample transaction 281
[2022-07-23T15:58:29.137Z INFO  client] Sending sample transaction 282
[2022-07-23T15:58:29.185Z INFO  client] Sending sample transaction 283
[2022-07-23T15:58:29.235Z INFO  client] Sending sample transaction 284
[2022-07-23T15:58:29.286Z INFO  client] Sending sample transaction 285
[2022-07-23T15:58:29.335Z INFO  client] Sending sample transaction 286
[2022-07-23T15:58:29.384Z INFO  client] Sending sample transaction 287
[2022-07-23T15:58:29.435Z INFO  client] Sending sample transaction 288
[2022-07-23T15:58:29.484Z INFO  client] Sending sample transaction 289
[2022-07-23T15:58:29.534Z INFO  client] Sending sample transaction 290
[2022-07-23T15:58:29.584Z INFO  client] Sending sample transaction 291
[2022-07-23T15:58:29.634Z INFO  client] Sending sample transaction 292
[2022-07-23T15:58:29.684Z INFO  client] Sending sample transaction 293
[2022-07-23T15:58:29.737Z INFO  client] Sending sample transaction 294
[2022-07-23T15:58:29.784Z INFO  client] Sending sample transaction 295
[2022-07-23T15:58:29.835Z INFO  client] Sending sample transaction 296
[2022-07-23T15:58:29.884Z INFO  client] Sending sample transaction 297
[2022-07-23T15:58:29.934Z INFO  client] Sending sample transaction 298
[2022-07-23T15:58:29.984Z INFO  client] Sending sample transaction 299
[2022-07-23T15:58:30.035Z INFO  client] Sending sample transaction 300
[2022-07-23T15:58:30.084Z INFO  client] Sending sample transaction 301
[2022-07-23T15:58:30.134Z INFO  client] Sending sample transaction 302
[2022-07-23T15:58:30.184Z INFO  client] Sending sample transaction 303
[2022-07-23T15:58:30.234Z INFO  client] Sending sample transaction 304
[2022-07-23T15:58:30.284Z INFO  client] Sending sample transaction 305
[2022-07-23T15:58:30.334Z INFO  client] Sending sample transaction 306
[2022-07-23T15:58:30.384Z INFO  client] Sending sample transaction 307
[2022-07-23T15:58:30.434Z INFO  client] Sending sample transaction 308
[2022-07-23T15:58:30.485Z INFO  client] Sending sample transaction 309
[2022-07-23T15:58:30.535Z INFO  client] Sending sample transaction 310
[2022-07-23T15:58:30.585Z INFO  client] Sending sample transaction 311
[2022-07-23T15:58:30.634Z INFO  client] Sending sample transaction 312
[2022-07-23T15:58:30.684Z INFO  client] Sending sample transaction 313
[2022-07-23T15:58:30.768Z INFO  client] Sending sample transaction 314
[2022-07-23T15:58:30.815Z INFO  client] Sending sample transaction 315
[2022-07-23T15:58:30.838Z INFO  client] Sending sample transaction 316
[2022-07-23T15:58:30.884Z INFO  client] Sending sample transaction 317
[2022-07-23T15:58:30.934Z INFO  client] Sending sample transaction 318
[2022-07-23T15:58:30.984Z INFO  client] Sending sample transaction 319
[2022-07-23T15:58:31.034Z INFO  client] Sending sample transaction 320
[2022-07-23T15:58:31.084Z INFO  client] Sending sample transaction 321
[2022-07-23T15:58:31.134Z INFO  client] Sending sample transaction 322
[2022-07-23T15:58:31.184Z INFO  client] Sending sample transaction 323
[2022-07-23T15:58:31.246Z INFO  client] Sending sample transaction 324
[2022-07-23T15:58:31.285Z INFO  client] Sending sample transaction 325
[2022-07-23T15:58:31.335Z INFO  client] Sending sample transaction 326
[2022-07-23T15:58:31.384Z INFO  client] Sending sample transaction 327
[2022-07-23T15:58:31.434Z INFO  client] Sending sample transaction 328
[2022-07-23T15:58:31.483Z INFO  client] Sending sample transaction 329
[2022-07-23T15:58:31.534Z INFO  client] Sending sample transaction 330
[2022-07-23T15:58:31.584Z INFO  client] Sending sample transaction 331
[2022-07-23T15:58:31.634Z INFO  client] Sending sample transaction 332
[2022-07-23T15:58:31.684Z INFO  client] Sending sample transaction 333
[2022-07-23T15:58:31.735Z INFO  client] Sending sample transaction 334
[2022-07-23T15:58:31.785Z INFO  client] Sending sample transaction 335
[2022-07-23T15:58:31.842Z INFO  client] Sending sample transaction 336
[2022-07-23T15:58:31.884Z INFO  client] Sending sample transaction 337
[2022-07-23T15:58:31.934Z INFO  client] Sending sample transaction 338
[2022-07-23T15:58:31.985Z INFO  client] Sending sample transaction 339
[2022-07-23T15:58:32.034Z INFO  client] Sending sample transaction 340
[2022-07-23T15:58:32.084Z INFO  client] Sending sample transaction 341
[2022-07-23T15:58:32.134Z INFO  client] Sending sample transaction 342
[2022-07-23T15:58:32.184Z INFO  client] Sending sample transaction 343
[2022-07-23T15:58:32.235Z INFO  client] Sending sample transaction 344
[2022-07-23T15:58:32.284Z INFO  client] Sending sample transaction 345
[2022-07-23T15:58:32.334Z INFO  client] Sending sample transaction 346
[2022-07-23T15:58:32.384Z INFO  client] Sending sample transaction 347
[2022-07-23T15:58:32.435Z INFO  client] Sending sample transaction 348
[2022-07-23T15:58:32.484Z INFO  client] Sending sample transaction 349
[2022-07-23T15:58:32.534Z INFO  client] Sending sample transaction 350
[2022-07-23T15:58:32.584Z INFO  client] Sending sample transaction 351
[2022-07-23T15:58:32.635Z INFO  client] Sending sample transaction 352
[2022-07-23T15:58:32.684Z INFO  client] Sending sample transaction 353
[2022-07-23T15:58:32.734Z INFO  client] Sending sample transaction 354
[2022-07-23T15:58:32.784Z INFO  client] Sending sample transaction 355
[2022-07-23T15:58:32.835Z INFO  client] Sending sample transaction 356
[2022-07-23T15:58:32.885Z INFO  client] Sending sample transaction 357
[2022-07-23T15:58:32.975Z INFO  client] Sending sample transaction 358
[2022-07-23T15:58:32.990Z INFO  client] Sending sample transaction 359
[2022-07-23T15:58:33.034Z INFO  client] Sending sample transaction 360
[2022-07-23T15:58:33.084Z INFO  client] Sending sample transaction 361
[2022-07-23T15:58:33.134Z INFO  client] Sending sample transaction 362
[2022-07-23T15:58:33.187Z INFO  client] Sending sample transaction 363
[2022-07-23T15:58:33.235Z INFO  client] Sending sample transaction 364
[2022-07-23T15:58:33.284Z INFO  client] Sending sample transaction 365
[2022-07-23T15:58:33.334Z INFO  client] Sending sample transaction 366
[2022-07-23T15:58:33.384Z INFO  client] Sending sample transaction 367
[2022-07-23T15:58:33.435Z INFO  client] Sending sample transaction 368
[2022-07-23T15:58:33.484Z INFO  client] Sending sample transaction 369
[2022-07-23T15:58:33.552Z INFO  client] Sending sample transaction 370
[2022-07-23T15:58:33.586Z INFO  client] Sending sample transaction 371
[2022-07-23T15:58:33.634Z INFO  client] Sending sample transaction 372
[2022-07-23T15:58:33.684Z INFO  client] Sending sample transaction 373
[2022-07-23T15:58:33.735Z INFO  client] Sending sample transaction 374
[2022-07-23T15:58:33.784Z INFO  client] Sending sample transaction 375
[2022-07-23T15:58:33.834Z INFO  client] Sending sample transaction 376
[2022-07-23T15:58:33.884Z INFO  client] Sending sample transaction 377
[2022-07-23T15:58:33.935Z INFO  client] Sending sample transaction 378
[2022-07-23T15:58:33.985Z INFO  client] Sending sample transaction 379
[2022-07-23T15:58:34.035Z INFO  client] Sending sample transaction 380
[2022-07-23T15:58:34.085Z INFO  client] Sending sample transaction 381
[2022-07-23T15:58:34.134Z INFO  client] Sending sample transaction 382
[2022-07-23T15:58:34.185Z INFO  client] Sending sample transaction 383
[2022-07-23T15:58:34.234Z INFO  client] Sending sample transaction 384
[2022-07-23T15:58:34.284Z INFO  client] Sending sample transaction 385
[2022-07-23T15:58:34.335Z INFO  client] Sending sample transaction 386
[2022-07-23T15:58:34.384Z INFO  client] Sending sample transaction 387
[2022-07-23T15:58:34.435Z INFO  client] Sending sample transaction 388
[2022-07-23T15:58:34.484Z INFO  client] Sending sample transaction 389
[2022-07-23T15:58:34.535Z INFO  client] Sending sample transaction 390
[2022-07-23T15:58:34.584Z INFO  client] Sending sample transaction 391
[2022-07-23T15:58:34.635Z INFO  client] Sending sample transaction 392
[2022-07-23T15:58:34.685Z INFO  client] Sending sample transaction 393
[2022-07-23T15:58:34.734Z INFO  client] Sending sample transaction 394
[2022-07-23T15:58:34.784Z INFO  client] Sending sample transaction 395
[2022-07-23T15:58:34.835Z INFO  client] Sending sample transaction 396
[2022-07-23T15:58:34.884Z INFO  client] Sending sample transaction 397
[2022-07-23T15:58:34.935Z INFO  client] Sending sample transaction 398
[2022-07-23T15:58:34.984Z INFO  client] Sending sample transaction 399
[2022-07-23T15:58:35.034Z INFO  client] Sending sample transaction 400
[2022-07-23T15:58:35.084Z INFO  client] Sending sample transaction 401
[2022-07-23T15:58:35.135Z INFO  client] Sending sample transaction 402
[2022-07-23T15:58:35.201Z INFO  client] Sending sample transaction 403
[2022-07-23T15:58:35.234Z INFO  client] Sending sample transaction 404
[2022-07-23T15:58:35.285Z INFO  client] Sending sample transaction 405
[2022-07-23T15:58:35.334Z INFO  client] Sending sample transaction 406
[2022-07-23T15:58:35.384Z INFO  client] Sending sample transaction 407
[2022-07-23T15:58:35.435Z INFO  client] Sending sample transaction 408
[2022-07-23T15:58:35.484Z INFO  client] Sending sample transaction 409
[2022-07-23T15:58:35.534Z INFO  client] Sending sample transaction 410
[2022-07-23T15:58:35.585Z INFO  client] Sending sample transaction 411
[2022-07-23T15:58:35.635Z INFO  client] Sending sample transaction 412
[2022-07-23T15:58:35.710Z INFO  client] Sending sample transaction 413
[2022-07-23T15:58:35.739Z INFO  client] Sending sample transaction 414
[2022-07-23T15:58:35.784Z INFO  client] Sending sample transaction 415
[2022-07-23T15:58:35.835Z INFO  client] Sending sample transaction 416
[2022-07-23T15:58:35.884Z INFO  client] Sending sample transaction 417
[2022-07-23T15:58:35.934Z INFO  client] Sending sample transaction 418
[2022-07-23T15:58:35.985Z INFO  client] Sending sample transaction 419
[2022-07-23T15:58:36.050Z INFO  client] Sending sample transaction 420
[2022-07-23T15:58:36.092Z INFO  client] Sending sample transaction 421
[2022-07-23T15:58:36.134Z INFO  client] Sending sample transaction 422
[2022-07-23T15:58:36.213Z INFO  client] Sending sample transaction 423
[2022-07-23T15:58:36.258Z INFO  client] Sending sample transaction 424
[2022-07-23T15:58:36.284Z INFO  client] Sending sample transaction 425
[2022-07-23T15:58:36.335Z INFO  client] Sending sample transaction 426
[2022-07-23T15:58:36.385Z INFO  client] Sending sample transaction 427
[2022-07-23T15:58:36.434Z INFO  client] Sending sample transaction 428
[2022-07-23T15:58:36.487Z INFO  client] Sending sample transaction 429
[2022-07-23T15:58:36.534Z INFO  client] Sending sample transaction 430
[2022-07-23T15:58:36.585Z INFO  client] Sending sample transaction 431
[2022-07-23T15:58:36.635Z INFO  client] Sending sample transaction 432
[2022-07-23T15:58:36.718Z INFO  client] Sending sample transaction 433
[2022-07-23T15:58:36.749Z INFO  client] Sending sample transaction 434
