[2022-07-23T12:02:00.980Z INFO  client] Node address: 127.0.0.1:9016
[2022-07-23T12:02:00.980Z INFO  client] Transactions size: 512 B
[2022-07-23T12:02:00.980Z INFO  client] Transactions rate: 112 tx/s
[2022-07-23T12:02:00.980Z INFO  client] Waiting for all nodes to be online...
[2022-07-23T12:02:00.980Z INFO  client] Waiting for all nodes to be synchronized...
[2022-07-23T12:02:02.987Z INFO  client] Start sending transactions
[2022-07-23T12:02:02.989Z INFO  client] Sending sample transaction 0
[2022-07-23T12:02:03.040Z INFO  client] Sending sample transaction 1
[2022-07-23T12:02:03.103Z INFO  client] Sending sample transaction 2
[2022-07-23T12:02:03.145Z INFO  client] Sending sample transaction 3
[2022-07-23T12:02:03.194Z INFO  client] Sending sample transaction 4
[2022-07-23T12:02:03.242Z INFO  client] Sending sample transaction 5
[2022-07-23T12:02:03.290Z INFO  client] Sending sample transaction 6
[2022-07-23T12:02:03.340Z INFO  client] Sending sample transaction 7
[2022-07-23T12:02:03.390Z INFO  client] Sending sample transaction 8
[2022-07-23T12:02:03.440Z INFO  client] Sending sample transaction 9
[2022-07-23T12:02:03.489Z INFO  client] Sending sample transaction 10
[2022-07-23T12:02:03.539Z INFO  client] Sending sample transaction 11
[2022-07-23T12:02:03.589Z INFO  client] Sending sample transaction 12
[2022-07-23T12:02:03.640Z INFO  client] Sending sample transaction 13
[2022-07-23T12:02:03.689Z INFO  client] Sending sample transaction 14
[2022-07-23T12:02:03.740Z INFO  client] Sending sample transaction 15
[2022-07-23T12:02:03.789Z INFO  client] Sending sample transaction 16
[2022-07-23T12:02:03.839Z INFO  client] Sending sample transaction 17
[2022-07-23T12:02:03.890Z INFO  client] Sending sample transaction 18
[2022-07-23T12:02:03.940Z INFO  client] Sending sample transaction 19
[2022-07-23T12:02:03.989Z INFO  client] Sending sample transaction 20
[2022-07-23T12:02:04.038Z INFO  client] Sending sample transaction 21
[2022-07-23T12:02:04.088Z INFO  client] Sending sample transaction 22
[2022-07-23T12:02:04.139Z INFO  client] Sending sample transaction 23
[2022-07-23T12:02:04.191Z INFO  client] Sending sample transaction 24
[2022-07-23T12:02:04.260Z INFO  client] Sending sample transaction 25
[2022-07-23T12:02:04.290Z INFO  client] Sending sample transaction 26
[2022-07-23T12:02:04.339Z INFO  client] Sending sample transaction 27
[2022-07-23T12:02:04.389Z INFO  client] Sending sample transaction 28
[2022-07-23T12:02:04.440Z INFO  client] Sending sample transaction 29
[2022-07-23T12:02:04.489Z INFO  client] Sending sample transaction 30
[2022-07-23T12:02:04.539Z INFO  client] Sending sample transaction 31
[2022-07-23T12:02:04.590Z INFO  client] Sending sample transaction 32
[2022-07-23T12:02:04.641Z INFO  client] Sending sample transaction 33
[2022-07-23T12:02:04.690Z INFO  client] Sending sample transaction 34
[2022-07-23T12:02:04.739Z INFO  client] Sending sample transaction 35
[2022-07-23T12:02:04.789Z INFO  client] Sending sample transaction 36
[2022-07-23T12:02:04.839Z INFO  client] Sending sample transaction 37
[2022-07-23T12:02:04.890Z INFO  client] Sending sample transaction 38
[2022-07-23T12:02:04.939Z INFO  client] Sending sample transaction 39
[2022-07-23T12:02:04.991Z INFO  client] Sending sample transaction 40
[2022-07-23T12:02:05.039Z INFO  client] Sending sample transaction 41
[2022-07-23T12:02:05.089Z INFO  client] Sending sample transaction 42
[2022-07-23T12:02:05.140Z INFO  client] Sending sample transaction 43
[2022-07-23T12:02:05.189Z INFO  client] Sending sample transaction 44
[2022-07-23T12:02:05.239Z INFO  client] Sending sample transaction 45
[2022-07-23T12:02:05.288Z INFO  client] Sending sample transaction 46
[2022-07-23T12:02:05.339Z INFO  client] Sending sample transaction 47
[2022-07-23T12:02:05.390Z INFO  client] Sending sample transaction 48
[2022-07-23T12:02:05.439Z INFO  client] Sending sample transaction 49
[2022-07-23T12:02:05.488Z INFO  client] Sending sample transaction 50
[2022-07-23T12:02:05.539Z INFO  client] Sending sample transaction 51
[2022-07-23T12:02:05.589Z INFO  client] Sending sample transaction 52
[2022-07-23T12:02:05.639Z INFO  client] Sending sample transaction 53
[2022-07-23T12:02:05.689Z INFO  client] Sending sample transaction 54
[2022-07-23T12:02:05.739Z INFO  client] Sending sample transaction 55
[2022-07-23T12:02:05.788Z INFO  client] Sending sample transaction 56
[2022-07-23T12:02:05.840Z INFO  client] Sending sample transaction 57
[2022-07-23T12:02:05.889Z INFO  client] Sending sample transaction 58
[2022-07-23T12:02:05.939Z INFO  client] Sending sample transaction 59
[2022-07-23T12:02:05.990Z INFO  client] Sending sample transaction 60
[2022-07-23T12:02:06.039Z INFO  client] Sending sample transaction 61
[2022-07-23T12:02:06.089Z INFO  client] Sending sample transaction 62
[2022-07-23T12:02:06.139Z INFO  client] Sending sample transaction 63
[2022-07-23T12:02:06.227Z INFO  client] Sending sample transaction 64
[2022-07-23T12:02:06.239Z INFO  client] Sending sample transaction 65
[2022-07-23T12:02:06.291Z INFO  client] Sending sample transaction 66
[2022-07-23T12:02:06.345Z INFO  client] Sending sample transaction 67
[2022-07-23T12:02:06.389Z INFO  client] Sending sample transaction 68
[2022-07-23T12:02:06.441Z INFO  client] Sending sample transaction 69
[2022-07-23T12:02:06.488Z INFO  client] Sending sample transaction 70
[2022-07-23T12:02:06.542Z INFO  client] Sending sample transaction 71
[2022-07-23T12:02:06.589Z INFO  client] Sending sample transaction 72
[2022-07-23T12:02:06.639Z INFO  client] Sending sample transaction 73
[2022-07-23T12:02:06.688Z INFO  client] Sending sample transaction 74
[2022-07-23T12:02:06.739Z INFO  client] Sending sample transaction 75
[2022-07-23T12:02:06.789Z INFO  client] Sending sample transaction 76
[2022-07-23T12:02:06.840Z INFO  client] Sending sample transaction 77
[2022-07-23T12:02:06.889Z INFO  client] Sending sample transaction 78
[2022-07-23T12:02:06.939Z INFO  client] Sending sample transaction 79
[2022-07-23T12:02:06.989Z INFO  client] Sending sample transaction 80
[2022-07-23T12:02:07.039Z INFO  client] Sending sample transaction 81
[2022-07-23T12:02:07.089Z INFO  client] Sending sample transaction 82
[2022-07-23T12:02:07.139Z INFO  client] Sending sample transaction 83
[2022-07-23T12:02:07.190Z INFO  client] Sending sample transaction 84
[2022-07-23T12:02:07.239Z INFO  client] Sending sample transaction 85
[2022-07-23T12:02:07.290Z INFO  client] Sending sample transaction 86
[2022-07-23T12:02:07.339Z INFO  client] Sending sample transaction 87
[2022-07-23T12:02:07.390Z INFO  client] Sending sample transaction 88
[2022-07-23T12:02:07.439Z INFO  client] Sending sample transaction 89
[2022-07-23T12:02:07.489Z INFO  client] Sending sample transaction 90
[2022-07-23T12:02:07.539Z INFO  client] Sending sample transaction 91
[2022-07-23T12:02:07.590Z INFO  client] Sending sample transaction 92
[2022-07-23T12:02:07.639Z INFO  client] Sending sample transaction 93
[2022-07-23T12:02:07.689Z INFO  client] Sending sample transaction 94
[2022-07-23T12:02:07.740Z INFO  client] Sending sample transaction 95
[2022-07-23T12:02:07.789Z INFO  client] Sending sample transaction 96
[2022-07-23T12:02:07.839Z INFO  client] Sending sample transaction 97
[2022-07-23T12:02:07.889Z INFO  client] Sending sample transaction 98
[2022-07-23T12:02:07.939Z INFO  client] Sending sample transaction 99
[2022-07-23T12:02:07.989Z INFO  client] Sending sample transaction 100
[2022-07-23T12:02:08.039Z INFO  client] Sending sample transaction 101
[2022-07-23T12:02:08.089Z INFO  client] Sending sample transaction 102
[2022-07-23T12:02:08.139Z INFO  client] Sending sample transaction 103
[2022-07-23T12:02:08.189Z INFO  client] Sending sample transaction 104
[2022-07-23T12:02:08.239Z INFO  client] Sending sample transaction 105
[2022-07-23T12:02:08.289Z INFO  client] Sending sample transaction 106
[2022-07-23T12:02:08.339Z INFO  client] Sending sample transaction 107
[2022-07-23T12:02:08.406Z INFO  client] Sending sample transaction 108
[2022-07-23T12:02:08.442Z INFO  client] Sending sample transaction 109
[2022-07-23T12:02:08.488Z INFO  client] Sending sample transaction 110
[2022-07-23T12:02:08.539Z INFO  client] Sending sample transaction 111
[2022-07-23T12:02:08.589Z INFO  client] Sending sample transaction 112
[2022-07-23T12:02:08.639Z INFO  client] Sending sample transaction 113
[2022-07-23T12:02:08.689Z INFO  client] Sending sample transaction 114
[2022-07-23T12:02:08.739Z INFO  client] Sending sample transaction 115
[2022-07-23T12:02:08.789Z INFO  client] Sending sample transaction 116
[2022-07-23T12:02:08.839Z INFO  client] Sending sample transaction 117
[2022-07-23T12:02:08.889Z INFO  client] Sending sample transaction 118
[2022-07-23T12:02:08.939Z INFO  client] Sending sample transaction 119
[2022-07-23T12:02:08.989Z INFO  client] Sending sample transaction 120
[2022-07-23T12:02:09.038Z INFO  client] Sending sample transaction 121
[2022-07-23T12:02:09.090Z INFO  client] Sending sample transaction 122
[2022-07-23T12:02:09.139Z INFO  client] Sending sample transaction 123
[2022-07-23T12:02:09.189Z INFO  client] Sending sample transaction 124
[2022-07-23T12:02:09.238Z INFO  client] Sending sample transaction 125
[2022-07-23T12:02:09.288Z INFO  client] Sending sample transaction 126
[2022-07-23T12:02:09.339Z INFO  client] Sending sample transaction 127
[2022-07-23T12:02:09.389Z INFO  client] Sending sample transaction 128
[2022-07-23T12:02:09.440Z INFO  client] Sending sample transaction 129
[2022-07-23T12:02:09.506Z INFO  client] Sending sample transaction 130
[2022-07-23T12:02:09.539Z INFO  client] Sending sample transaction 131
[2022-07-23T12:02:09.589Z INFO  client] Sending sample transaction 132
[2022-07-23T12:02:09.640Z INFO  client] Sending sample transaction 133
[2022-07-23T12:02:09.689Z INFO  client] Sending sample transaction 134
[2022-07-23T12:02:09.739Z INFO  client] Sending sample transaction 135
[2022-07-23T12:02:09.789Z INFO  client] Sending sample transaction 136
[2022-07-23T12:02:09.840Z INFO  client] Sending sample transaction 137
[2022-07-23T12:02:09.890Z INFO  client] Sending sample transaction 138
[2022-07-23T12:02:09.940Z INFO  client] Sending sample transaction 139
[2022-07-23T12:02:09.989Z INFO  client] Sending sample transaction 140
[2022-07-23T12:02:10.039Z INFO  client] Sending sample transaction 141
[2022-07-23T12:02:10.090Z INFO  client] Sending sample transaction 142
[2022-07-23T12:02:10.139Z INFO  client] Sending sample transaction 143
[2022-07-23T12:02:10.189Z INFO  client] Sending sample transaction 144
[2022-07-23T12:02:10.239Z INFO  client] Sending sample transaction 145
[2022-07-23T12:02:10.289Z INFO  client] Sending sample transaction 146
[2022-07-23T12:02:10.339Z INFO  client] Sending sample transaction 147
[2022-07-23T12:02:10.390Z INFO  client] Sending sample transaction 148
[2022-07-23T12:02:10.440Z INFO  client] Sending sample transaction 149
[2022-07-23T12:02:10.489Z INFO  client] Sending sample transaction 150
[2022-07-23T12:02:10.539Z INFO  client] Sending sample transaction 151
[2022-07-23T12:02:10.589Z INFO  client] Sending sample transaction 152
[2022-07-23T12:02:10.639Z INFO  client] Sending sample transaction 153
[2022-07-23T12:02:10.689Z INFO  client] Sending sample transaction 154
[2022-07-23T12:02:10.739Z INFO  client] Sending sample transaction 155
[2022-07-23T12:02:10.788Z INFO  client] Sending sample transaction 156
[2022-07-23T12:02:10.839Z INFO  client] Sending sample transaction 157
[2022-07-23T12:02:10.889Z INFO  client] Sending sample transaction 158
[2022-07-23T12:02:10.939Z INFO  client] Sending sample transaction 159
[2022-07-23T12:02:10.988Z INFO  client] Sending sample transaction 160
[2022-07-23T12:02:11.039Z INFO  client] Sending sample transaction 161
[2022-07-23T12:02:11.090Z INFO  client] Sending sample transaction 162
[2022-07-23T12:02:11.140Z INFO  client] Sending sample transaction 163
[2022-07-23T12:02:11.188Z INFO  client] Sending sample transaction 164
[2022-07-23T12:02:11.240Z INFO  client] Sending sample transaction 165
[2022-07-23T12:02:11.288Z INFO  client] Sending sample transaction 166
[2022-07-23T12:02:11.339Z INFO  client] Sending sample transaction 167
[2022-07-23T12:02:11.390Z INFO  client] Sending sample transaction 168
[2022-07-23T12:02:11.439Z INFO  client] Sending sample transaction 169
[2022-07-23T12:02:11.489Z INFO  client] Sending sample transaction 170
[2022-07-23T12:02:11.539Z INFO  client] Sending sample transaction 171
[2022-07-23T12:02:11.591Z INFO  client] Sending sample transaction 172
[2022-07-23T12:02:11.638Z INFO  client] Sending sample transaction 173
[2022-07-23T12:02:11.689Z INFO  client] Sending sample transaction 174
[2022-07-23T12:02:11.740Z INFO  client] Sending sample transaction 175
[2022-07-23T12:02:11.790Z INFO  client] Sending sample transaction 176
[2022-07-23T12:02:11.840Z INFO  client] Sending sample transaction 177
[2022-07-23T12:02:11.889Z INFO  client] Sending sample transaction 178
[2022-07-23T12:02:11.939Z INFO  client] Sending sample transaction 179
[2022-07-23T12:02:11.988Z INFO  client] Sending sample transaction 180
[2022-07-23T12:02:12.039Z INFO  client] Sending sample transaction 181
[2022-07-23T12:02:12.090Z INFO  client] Sending sample transaction 182
[2022-07-23T12:02:12.141Z INFO  client] Sending sample transaction 183
[2022-07-23T12:02:12.189Z INFO  client] Sending sample transaction 184
[2022-07-23T12:02:12.239Z INFO  client] Sending sample transaction 185
[2022-07-23T12:02:12.289Z INFO  client] Sending sample transaction 186
[2022-07-23T12:02:12.339Z INFO  client] Sending sample transaction 187
[2022-07-23T12:02:12.390Z INFO  client] Sending sample transaction 188
[2022-07-23T12:02:12.439Z INFO  client] Sending sample transaction 189
[2022-07-23T12:02:12.488Z INFO  client] Sending sample transaction 190
[2022-07-23T12:02:12.539Z INFO  client] Sending sample transaction 191
[2022-07-23T12:02:12.589Z INFO  client] Sending sample transaction 192
[2022-07-23T12:02:12.640Z INFO  client] Sending sample transaction 193
[2022-07-23T12:02:12.689Z INFO  client] Sending sample transaction 194
[2022-07-23T12:02:12.739Z INFO  client] Sending sample transaction 195
[2022-07-23T12:02:12.789Z INFO  client] Sending sample transaction 196
[2022-07-23T12:02:12.839Z INFO  client] Sending sample transaction 197
[2022-07-23T12:02:12.890Z INFO  client] Sending sample transaction 198
[2022-07-23T12:02:12.939Z INFO  client] Sending sample transaction 199
[2022-07-23T12:02:12.988Z INFO  client] Sending sample transaction 200
[2022-07-23T12:02:13.038Z INFO  client] Sending sample transaction 201
[2022-07-23T12:02:13.089Z INFO  client] Sending sample transaction 202
[2022-07-23T12:02:13.138Z INFO  client] Sending sample transaction 203
[2022-07-23T12:02:13.190Z INFO  client] Sending sample transaction 204
[2022-07-23T12:02:13.239Z INFO  client] Sending sample transaction 205
[2022-07-23T12:02:13.290Z INFO  client] Sending sample transaction 206
[2022-07-23T12:02:13.339Z INFO  client] Sending sample transaction 207
[2022-07-23T12:02:13.389Z INFO  client] Sending sample transaction 208
[2022-07-23T12:02:13.440Z INFO  client] Sending sample transaction 209
[2022-07-23T12:02:13.489Z INFO  client] Sending sample transaction 210
[2022-07-23T12:02:13.540Z INFO  client] Sending sample transaction 211
[2022-07-23T12:02:13.589Z INFO  client] Sending sample transaction 212
[2022-07-23T12:02:13.639Z INFO  client] Sending sample transaction 213
[2022-07-23T12:02:13.689Z INFO  client] Sending sample transaction 214
[2022-07-23T12:02:13.738Z INFO  client] Sending sample transaction 215
[2022-07-23T12:02:13.789Z INFO  client] Sending sample transaction 216
[2022-07-23T12:02:13.838Z INFO  client] Sending sample transaction 217
[2022-07-23T12:02:13.889Z INFO  client] Sending sample transaction 218
[2022-07-23T12:02:13.940Z INFO  client] Sending sample transaction 219
[2022-07-23T12:02:13.989Z INFO  client] Sending sample transaction 220
[2022-07-23T12:02:14.038Z INFO  client] Sending sample transaction 221
[2022-07-23T12:02:14.089Z INFO  client] Sending sample transaction 222
[2022-07-23T12:02:14.139Z INFO  client] Sending sample transaction 223
[2022-07-23T12:02:14.189Z INFO  client] Sending sample transaction 224
[2022-07-23T12:02:14.239Z INFO  client] Sending sample transaction 225
[2022-07-23T12:02:14.288Z INFO  client] Sending sample transaction 226
[2022-07-23T12:02:14.339Z INFO  client] Sending sample transaction 227
[2022-07-23T12:02:14.389Z INFO  client] Sending sample transaction 228
[2022-07-23T12:02:14.439Z INFO  client] Sending sample transaction 229
[2022-07-23T12:02:14.489Z INFO  client] Sending sample transaction 230
[2022-07-23T12:02:14.540Z INFO  client] Sending sample transaction 231
[2022-07-23T12:02:14.588Z INFO  client] Sending sample transaction 232
[2022-07-23T12:02:14.639Z INFO  client] Sending sample transaction 233
[2022-07-23T12:02:14.689Z INFO  client] Sending sample transaction 234
[2022-07-23T12:02:14.740Z INFO  client] Sending sample transaction 235
[2022-07-23T12:02:14.789Z INFO  client] Sending sample transaction 236
[2022-07-23T12:02:14.839Z INFO  client] Sending sample transaction 237
[2022-07-23T12:02:14.890Z INFO  client] Sending sample transaction 238
[2022-07-23T12:02:14.940Z INFO  client] Sending sample transaction 239
[2022-07-23T12:02:14.989Z INFO  client] Sending sample transaction 240
[2022-07-23T12:02:15.039Z INFO  client] Sending sample transaction 241
[2022-07-23T12:02:15.089Z INFO  client] Sending sample transaction 242
[2022-07-23T12:02:15.139Z INFO  client] Sending sample transaction 243
[2022-07-23T12:02:15.190Z INFO  client] Sending sample transaction 244
[2022-07-23T12:02:15.240Z INFO  client] Sending sample transaction 245
[2022-07-23T12:02:15.289Z INFO  client] Sending sample transaction 246
[2022-07-23T12:02:15.339Z INFO  client] Sending sample transaction 247
[2022-07-23T12:02:15.389Z INFO  client] Sending sample transaction 248
[2022-07-23T12:02:15.439Z INFO  client] Sending sample transaction 249
[2022-07-23T12:02:15.489Z INFO  client] Sending sample transaction 250
[2022-07-23T12:02:15.539Z INFO  client] Sending sample transaction 251
[2022-07-23T12:02:15.589Z INFO  client] Sending sample transaction 252
[2022-07-23T12:02:15.639Z INFO  client] Sending sample transaction 253
[2022-07-23T12:02:15.689Z INFO  client] Sending sample transaction 254
[2022-07-23T12:02:15.739Z INFO  client] Sending sample transaction 255
[2022-07-23T12:02:15.795Z INFO  client] Sending sample transaction 256
[2022-07-23T12:02:15.839Z INFO  client] Sending sample transaction 257
[2022-07-23T12:02:15.889Z INFO  client] Sending sample transaction 258
[2022-07-23T12:02:15.939Z INFO  client] Sending sample transaction 259
[2022-07-23T12:02:15.989Z INFO  client] Sending sample transaction 260
[2022-07-23T12:02:16.039Z INFO  client] Sending sample transaction 261
[2022-07-23T12:02:16.089Z INFO  client] Sending sample transaction 262
[2022-07-23T12:02:16.139Z INFO  client] Sending sample transaction 263
[2022-07-23T12:02:16.189Z INFO  client] Sending sample transaction 264
[2022-07-23T12:02:16.239Z INFO  client] Sending sample transaction 265
[2022-07-23T12:02:16.289Z INFO  client] Sending sample transaction 266
[2022-07-23T12:02:16.339Z INFO  client] Sending sample transaction 267
[2022-07-23T12:02:16.389Z INFO  client] Sending sample transaction 268
[2022-07-23T12:02:16.439Z INFO  client] Sending sample transaction 269
[2022-07-23T12:02:16.488Z INFO  client] Sending sample transaction 270
[2022-07-23T12:02:16.539Z INFO  client] Sending sample transaction 271
[2022-07-23T12:02:16.589Z INFO  client] Sending sample transaction 272
[2022-07-23T12:02:16.638Z INFO  client] Sending sample transaction 273
[2022-07-23T12:02:16.692Z INFO  client] Sending sample transaction 274
[2022-07-23T12:02:16.739Z INFO  client] Sending sample transaction 275
[2022-07-23T12:02:16.788Z INFO  client] Sending sample transaction 276
[2022-07-23T12:02:16.840Z INFO  client] Sending sample transaction 277
[2022-07-23T12:02:16.889Z INFO  client] Sending sample transaction 278
[2022-07-23T12:02:16.939Z INFO  client] Sending sample transaction 279
[2022-07-23T12:02:16.989Z INFO  client] Sending sample transaction 280
[2022-07-23T12:02:17.040Z INFO  client] Sending sample transaction 281
[2022-07-23T12:02:17.092Z INFO  client] Sending sample transaction 282
[2022-07-23T12:02:17.139Z INFO  client] Sending sample transaction 283
[2022-07-23T12:02:17.189Z INFO  client] Sending sample transaction 284
[2022-07-23T12:02:17.240Z INFO  client] Sending sample transaction 285
[2022-07-23T12:02:17.289Z INFO  client] Sending sample transaction 286
[2022-07-23T12:02:17.339Z INFO  client] Sending sample transaction 287
[2022-07-23T12:02:17.390Z INFO  client] Sending sample transaction 288
[2022-07-23T12:02:17.439Z INFO  client] Sending sample transaction 289
[2022-07-23T12:02:17.489Z INFO  client] Sending sample transaction 290
[2022-07-23T12:02:17.539Z INFO  client] Sending sample transaction 291
[2022-07-23T12:02:17.589Z INFO  client] Sending sample transaction 292
[2022-07-23T12:02:17.639Z INFO  client] Sending sample transaction 293
[2022-07-23T12:02:17.689Z INFO  client] Sending sample transaction 294
[2022-07-23T12:02:17.739Z INFO  client] Sending sample transaction 295
[2022-07-23T12:02:17.789Z INFO  client] Sending sample transaction 296
[2022-07-23T12:02:17.840Z INFO  client] Sending sample transaction 297
[2022-07-23T12:02:17.896Z INFO  client] Sending sample transaction 298
[2022-07-23T12:02:17.939Z INFO  client] Sending sample transaction 299
[2022-07-23T12:02:17.989Z INFO  client] Sending sample transaction 300
[2022-07-23T12:02:18.038Z INFO  client] Sending sample transaction 301
[2022-07-23T12:02:18.088Z INFO  client] Sending sample transaction 302
[2022-07-23T12:02:18.139Z INFO  client] Sending sample transaction 303
[2022-07-23T12:02:18.190Z INFO  client] Sending sample transaction 304
[2022-07-23T12:02:18.239Z INFO  client] Sending sample transaction 305
[2022-07-23T12:02:18.289Z INFO  client] Sending sample transaction 306
[2022-07-23T12:02:18.338Z INFO  client] Sending sample transaction 307
[2022-07-23T12:02:18.388Z INFO  client] Sending sample transaction 308
[2022-07-23T12:02:18.439Z INFO  client] Sending sample transaction 309
[2022-07-23T12:02:18.489Z INFO  client] Sending sample transaction 310
[2022-07-23T12:02:18.539Z INFO  client] Sending sample transaction 311
[2022-07-23T12:02:18.589Z INFO  client] Sending sample transaction 312
[2022-07-23T12:02:18.638Z INFO  client] Sending sample transaction 313
[2022-07-23T12:02:18.689Z INFO  client] Sending sample transaction 314
[2022-07-23T12:02:18.739Z INFO  client] Sending sample transaction 315
[2022-07-23T12:02:18.789Z INFO  client] Sending sample transaction 316
[2022-07-23T12:02:18.840Z INFO  client] Sending sample transaction 317
[2022-07-23T12:02:18.889Z INFO  client] Sending sample transaction 318
[2022-07-23T12:02:18.941Z INFO  client] Sending sample transaction 319
[2022-07-23T12:02:18.989Z INFO  client] Sending sample transaction 320
[2022-07-23T12:02:19.039Z INFO  client] Sending sample transaction 321
[2022-07-23T12:02:19.090Z INFO  client] Sending sample transaction 322
[2022-07-23T12:02:19.140Z INFO  client] Sending sample transaction 323
[2022-07-23T12:02:19.188Z INFO  client] Sending sample transaction 324
[2022-07-23T12:02:19.238Z INFO  client] Sending sample transaction 325
[2022-07-23T12:02:19.289Z INFO  client] Sending sample transaction 326
[2022-07-23T12:02:19.339Z INFO  client] Sending sample transaction 327
[2022-07-23T12:02:19.389Z INFO  client] Sending sample transaction 328
[2022-07-23T12:02:19.439Z INFO  client] Sending sample transaction 329
[2022-07-23T12:02:19.489Z INFO  client] Sending sample transaction 330
[2022-07-23T12:02:19.539Z INFO  client] Sending sample transaction 331
[2022-07-23T12:02:19.588Z INFO  client] Sending sample transaction 332
[2022-07-23T12:02:19.640Z INFO  client] Sending sample transaction 333
[2022-07-23T12:02:19.691Z INFO  client] Sending sample transaction 334
[2022-07-23T12:02:19.739Z INFO  client] Sending sample transaction 335
[2022-07-23T12:02:19.789Z INFO  client] Sending sample transaction 336
[2022-07-23T12:02:19.839Z INFO  client] Sending sample transaction 337
[2022-07-23T12:02:19.890Z INFO  client] Sending sample transaction 338
[2022-07-23T12:02:19.939Z INFO  client] Sending sample transaction 339
[2022-07-23T12:02:19.989Z INFO  client] Sending sample transaction 340
[2022-07-23T12:02:20.039Z INFO  client] Sending sample transaction 341
[2022-07-23T12:02:20.090Z INFO  client] Sending sample transaction 342
[2022-07-23T12:02:20.140Z INFO  client] Sending sample transaction 343
[2022-07-23T12:02:20.192Z INFO  client] Sending sample transaction 344
[2022-07-23T12:02:20.239Z INFO  client] Sending sample transaction 345
[2022-07-23T12:02:20.289Z INFO  client] Sending sample transaction 346
[2022-07-23T12:02:20.339Z INFO  client] Sending sample transaction 347
[2022-07-23T12:02:20.388Z INFO  client] Sending sample transaction 348
[2022-07-23T12:02:20.439Z INFO  client] Sending sample transaction 349
[2022-07-23T12:02:20.490Z INFO  client] Sending sample transaction 350
[2022-07-23T12:02:20.539Z INFO  client] Sending sample transaction 351
[2022-07-23T12:02:20.590Z INFO  client] Sending sample transaction 352
[2022-07-23T12:02:20.639Z INFO  client] Sending sample transaction 353
[2022-07-23T12:02:20.689Z INFO  client] Sending sample transaction 354
[2022-07-23T12:02:20.738Z INFO  client] Sending sample transaction 355
[2022-07-23T12:02:20.788Z INFO  client] Sending sample transaction 356
[2022-07-23T12:02:20.839Z INFO  client] Sending sample transaction 357
[2022-07-23T12:02:20.889Z INFO  client] Sending sample transaction 358
[2022-07-23T12:02:20.939Z INFO  client] Sending sample transaction 359
[2022-07-23T12:02:20.995Z INFO  client] Sending sample transaction 360
[2022-07-23T12:02:21.039Z INFO  client] Sending sample transaction 361
[2022-07-23T12:02:21.089Z INFO  client] Sending sample transaction 362
[2022-07-23T12:02:21.140Z INFO  client] Sending sample transaction 363
[2022-07-23T12:02:21.189Z INFO  client] Sending sample transaction 364
[2022-07-23T12:02:21.239Z INFO  client] Sending sample transaction 365
[2022-07-23T12:02:21.289Z INFO  client] Sending sample transaction 366
[2022-07-23T12:02:21.339Z INFO  client] Sending sample transaction 367
[2022-07-23T12:02:21.389Z INFO  client] Sending sample transaction 368
[2022-07-23T12:02:21.439Z INFO  client] Sending sample transaction 369
[2022-07-23T12:02:21.488Z INFO  client] Sending sample transaction 370
[2022-07-23T12:02:21.538Z INFO  client] Sending sample transaction 371
[2022-07-23T12:02:21.588Z INFO  client] Sending sample transaction 372
[2022-07-23T12:02:21.639Z INFO  client] Sending sample transaction 373
[2022-07-23T12:02:21.690Z INFO  client] Sending sample transaction 374
[2022-07-23T12:02:21.739Z INFO  client] Sending sample transaction 375
[2022-07-23T12:02:21.789Z INFO  client] Sending sample transaction 376
[2022-07-23T12:02:21.839Z INFO  client] Sending sample transaction 377
[2022-07-23T12:02:21.889Z INFO  client] Sending sample transaction 378
[2022-07-23T12:02:21.939Z INFO  client] Sending sample transaction 379
[2022-07-23T12:02:21.989Z INFO  client] Sending sample transaction 380
[2022-07-23T12:02:22.045Z INFO  client] Sending sample transaction 381
[2022-07-23T12:02:22.088Z INFO  client] Sending sample transaction 382
[2022-07-23T12:02:22.139Z INFO  client] Sending sample transaction 383
[2022-07-23T12:02:22.190Z INFO  client] Sending sample transaction 384
[2022-07-23T12:02:22.240Z INFO  client] Sending sample transaction 385
[2022-07-23T12:02:22.289Z INFO  client] Sending sample transaction 386
[2022-07-23T12:02:22.339Z INFO  client] Sending sample transaction 387
[2022-07-23T12:02:22.389Z INFO  client] Sending sample transaction 388
[2022-07-23T12:02:22.440Z INFO  client] Sending sample transaction 389
[2022-07-23T12:02:22.489Z INFO  client] Sending sample transaction 390
[2022-07-23T12:02:22.539Z INFO  client] Sending sample transaction 391
[2022-07-23T12:02:22.589Z INFO  client] Sending sample transaction 392
[2022-07-23T12:02:22.639Z INFO  client] Sending sample transaction 393
[2022-07-23T12:02:22.690Z INFO  client] Sending sample transaction 394
[2022-07-23T12:02:22.739Z INFO  client] Sending sample transaction 395
[2022-07-23T12:02:22.789Z INFO  client] Sending sample transaction 396
[2022-07-23T12:02:22.839Z INFO  client] Sending sample transaction 397
[2022-07-23T12:02:22.889Z INFO  client] Sending sample transaction 398
[2022-07-23T12:02:22.940Z INFO  client] Sending sample transaction 399
[2022-07-23T12:02:22.989Z INFO  client] Sending sample transaction 400
[2022-07-23T12:02:23.039Z INFO  client] Sending sample transaction 401
[2022-07-23T12:02:23.091Z INFO  client] Sending sample transaction 402
[2022-07-23T12:02:23.139Z INFO  client] Sending sample transaction 403
[2022-07-23T12:02:23.190Z INFO  client] Sending sample transaction 404
[2022-07-23T12:02:23.239Z INFO  client] Sending sample transaction 405
[2022-07-23T12:02:23.289Z INFO  client] Sending sample transaction 406
[2022-07-23T12:02:23.339Z INFO  client] Sending sample transaction 407
[2022-07-23T12:02:23.389Z INFO  client] Sending sample transaction 408
[2022-07-23T12:02:23.439Z INFO  client] Sending sample transaction 409
[2022-07-23T12:02:23.489Z INFO  client] Sending sample transaction 410
[2022-07-23T12:02:23.539Z INFO  client] Sending sample transaction 411
[2022-07-23T12:02:23.588Z INFO  client] Sending sample transaction 412
[2022-07-23T12:02:23.639Z INFO  client] Sending sample transaction 413
[2022-07-23T12:02:23.689Z INFO  client] Sending sample transaction 414
[2022-07-23T12:02:23.740Z INFO  client] Sending sample transaction 415
[2022-07-23T12:02:23.790Z INFO  client] Sending sample transaction 416
[2022-07-23T12:02:23.840Z INFO  client] Sending sample transaction 417
[2022-07-23T12:02:23.889Z INFO  client] Sending sample transaction 418
[2022-07-23T12:02:23.939Z INFO  client] Sending sample transaction 419
[2022-07-23T12:02:23.989Z INFO  client] Sending sample transaction 420
[2022-07-23T12:02:24.039Z INFO  client] Sending sample transaction 421
[2022-07-23T12:02:24.092Z INFO  client] Sending sample transaction 422
[2022-07-23T12:02:24.139Z INFO  client] Sending sample transaction 423
[2022-07-23T12:02:24.189Z INFO  client] Sending sample transaction 424
[2022-07-23T12:02:24.239Z INFO  client] Sending sample transaction 425
[2022-07-23T12:02:24.288Z INFO  client] Sending sample transaction 426
[2022-07-23T12:02:24.339Z INFO  client] Sending sample transaction 427
[2022-07-23T12:02:24.388Z INFO  client] Sending sample transaction 428
[2022-07-23T12:02:24.439Z INFO  client] Sending sample transaction 429
[2022-07-23T12:02:24.489Z INFO  client] Sending sample transaction 430
[2022-07-23T12:02:24.539Z INFO  client] Sending sample transaction 431
[2022-07-23T12:02:24.589Z INFO  client] Sending sample transaction 432
[2022-07-23T12:02:24.641Z INFO  client] Sending sample transaction 433
