[2022-07-23T16:25:25.007Z INFO  client] Node address: 127.0.0.1:9010
[2022-07-23T16:25:25.007Z INFO  client] Transactions size: 512 B
[2022-07-23T16:25:25.007Z INFO  client] Transactions rate: 112 tx/s
[2022-07-23T16:25:25.007Z INFO  client] Waiting for all nodes to be online...
[2022-07-23T16:25:25.007Z INFO  client] Waiting for all nodes to be synchronized...
[2022-07-23T16:25:27.012Z INFO  client] Start sending transactions
[2022-07-23T16:25:27.013Z INFO  client] Sending sample transaction 0
[2022-07-23T16:25:27.063Z INFO  client] Sending sample transaction 1
[2022-07-23T16:25:27.114Z INFO  client] Sending sample transaction 2
[2022-07-23T16:25:27.167Z INFO  client] Sending sample transaction 3
[2022-07-23T16:25:27.215Z INFO  client] Sending sample transaction 4
[2022-07-23T16:25:27.266Z INFO  client] Sending sample transaction 5
[2022-07-23T16:25:27.315Z INFO  client] Sending sample transaction 6
[2022-07-23T16:25:27.363Z INFO  client] Sending sample transaction 7
[2022-07-23T16:25:27.415Z INFO  client] Sending sample transaction 8
[2022-07-23T16:25:27.469Z INFO  client] Sending sample transaction 9
[2022-07-23T16:25:27.513Z INFO  client] Sending sample transaction 10
[2022-07-23T16:25:27.564Z INFO  client] Sending sample transaction 11
[2022-07-23T16:25:27.614Z INFO  client] Sending sample transaction 12
[2022-07-23T16:25:27.665Z INFO  client] Sending sample transaction 13
[2022-07-23T16:25:27.716Z INFO  client] Sending sample transaction 14
[2022-07-23T16:25:27.763Z INFO  client] Sending sample transaction 15
[2022-07-23T16:25:27.814Z INFO  client] Sending sample transaction 16
[2022-07-23T16:25:27.864Z INFO  client] Sending sample transaction 17
[2022-07-23T16:25:27.915Z INFO  client] Sending sample transaction 18
[2022-07-23T16:25:27.965Z INFO  client] Sending sample transaction 19
[2022-07-23T16:25:28.013Z INFO  client] Sending sample transaction 20
[2022-07-23T16:25:28.068Z INFO  client] Sending sample transaction 21
[2022-07-23T16:25:28.119Z INFO  client] Sending sample transaction 22
[2022-07-23T16:25:28.172Z INFO  client] Sending sample transaction 23
[2022-07-23T16:25:28.215Z INFO  client] Sending sample transaction 24
[2022-07-23T16:25:28.264Z INFO  client] Sending sample transaction 25
[2022-07-23T16:25:28.314Z INFO  client] Sending sample transaction 26
[2022-07-23T16:25:28.364Z INFO  client] Sending sample transaction 27
[2022-07-23T16:25:28.414Z INFO  client] Sending sample transaction 28
[2022-07-23T16:25:28.466Z INFO  client] Sending sample transaction 29
[2022-07-23T16:25:28.514Z INFO  client] Sending sample transaction 30
[2022-07-23T16:25:28.567Z INFO  client] Sending sample transaction 31
[2022-07-23T16:25:28.613Z INFO  client] Sending sample transaction 32
[2022-07-23T16:25:28.663Z INFO  client] Sending sample transaction 33
[2022-07-23T16:25:28.715Z INFO  client] Sending sample transaction 34
[2022-07-23T16:25:28.763Z INFO  client] Sending sample transaction 35
[2022-07-23T16:25:28.814Z INFO  client] Sending sample transaction 36
[2022-07-23T16:25:28.864Z INFO  client] Sending sample transaction 37
[2022-07-23T16:25:28.915Z INFO  client] Sending sample transaction 38
[2022-07-23T16:25:28.964Z INFO  client] Sending sample transaction 39
[2022-07-23T16:25:29.013Z INFO  client] Sending sample transaction 40
[2022-07-23T16:25:29.064Z INFO  client] Sending sample transaction 41
[2022-07-23T16:25:29.113Z INFO  client] Sending sample transaction 42
[2022-07-23T16:25:29.164Z INFO  client] Sending sample transaction 43
[2022-07-23T16:25:29.236Z INFO  client] Sending sample transaction 44
[2022-07-23T16:25:29.264Z INFO  client] Sending sample transaction 45
[2022-07-23T16:25:29.314Z INFO  client] Sending sample transaction 46
[2022-07-23T16:25:29.364Z INFO  client] Sending sample transaction 47
[2022-07-23T16:25:29.413Z INFO  client] Sending sample transaction 48
[2022-07-23T16:25:29.463Z INFO  client] Sending sample transaction 49
[2022-07-23T16:25:29.514Z INFO  client] Sending sample transaction 50
[2022-07-23T16:25:29.564Z INFO  client] Sending sample transaction 51
[2022-07-23T16:25:29.613Z INFO  client] Sending sample transaction 52
[2022-07-23T16:25:29.663Z INFO  client] Sending sample transaction 53
[2022-07-23T16:25:29.714Z INFO  client] Sending sample transaction 54
[2022-07-23T16:25:29.763Z INFO  client] Sending sample transaction 55
[2022-07-23T16:25:29.813Z INFO  client] Sending sample transaction 56
[2022-07-23T16:25:29.864Z INFO  client] Sending sample transaction 57
[2022-07-23T16:25:29.914Z INFO  client] Sending sample transaction 58
[2022-07-23T16:25:29.964Z INFO  client] Sending sample transaction 59
[2022-07-23T16:25:30.013Z INFO  client] Sending sample transaction 60
[2022-07-23T16:25:30.064Z INFO  client] Sending sample transaction 61
[2022-07-23T16:25:30.114Z INFO  client] Sending sample transaction 62
[2022-07-23T16:25:30.163Z INFO  client] Sending sample transaction 63
[2022-07-23T16:25:30.214Z INFO  client] Sending sample transaction 64
[2022-07-23T16:25:30.282Z INFO  client] Sending sample transaction 65
[2022-07-23T16:25:30.313Z INFO  client] Sending sample transaction 66
[2022-07-23T16:25:30.364Z INFO  client] Sending sample transaction 67
[2022-07-23T16:25:30.414Z INFO  client] Sending sample transaction 68
[2022-07-23T16:25:30.464Z INFO  client] Sending sample transaction 69
[2022-07-23T16:25:30.514Z INFO  client] Sending sample transaction 70
[2022-07-23T16:25:30.563Z INFO  client] Sending sample transaction 71
[2022-07-23T16:25:30.614Z INFO  client] Sending sample transaction 72
[2022-07-23T16:25:30.663Z INFO  client] Sending sample transaction 73
[2022-07-23T16:25:30.713Z INFO  client] Sending sample transaction 74
[2022-07-23T16:25:30.763Z INFO  client] Sending sample transaction 75
[2022-07-23T16:25:30.813Z INFO  client] Sending sample transaction 76
[2022-07-23T16:25:30.863Z INFO  client] Sending sample transaction 77
[2022-07-23T16:25:30.913Z INFO  client] Sending sample transaction 78
[2022-07-23T16:25:30.963Z INFO  client] Sending sample transaction 79
[2022-07-23T16:25:31.013Z INFO  client] Sending sample transaction 80
[2022-07-23T16:25:31.064Z INFO  client] Sending sample transaction 81
[2022-07-23T16:25:31.113Z INFO  client] Sending sample transaction 82
[2022-07-23T16:25:31.164Z INFO  client] Sending sample transaction 83
[2022-07-23T16:25:31.214Z INFO  client] Sending sample transaction 84
[2022-07-23T16:25:31.264Z INFO  client] Sending sample transaction 85
[2022-07-23T16:25:31.313Z INFO  client] Sending sample transaction 86
[2022-07-23T16:25:31.363Z INFO  client] Sending sample transaction 87
[2022-07-23T16:25:31.413Z INFO  client] Sending sample transaction 88
[2022-07-23T16:25:31.464Z INFO  client] Sending sample transaction 89
[2022-07-23T16:25:31.515Z INFO  client] Sending sample transaction 90
[2022-07-23T16:25:31.563Z INFO  client] Sending sample transaction 91
[2022-07-23T16:25:31.614Z INFO  client] Sending sample transaction 92
[2022-07-23T16:25:31.664Z INFO  client] Sending sample transaction 93
[2022-07-23T16:25:31.713Z INFO  client] Sending sample transaction 94
[2022-07-23T16:25:31.763Z INFO  client] Sending sample transaction 95
[2022-07-23T16:25:31.813Z INFO  client] Sending sample transaction 96
[2022-07-23T16:25:31.864Z INFO  client] Sending sample transaction 97
[2022-07-23T16:25:31.914Z INFO  client] Sending sample transaction 98
[2022-07-23T16:25:31.963Z INFO  client] Sending sample transaction 99
[2022-07-23T16:25:32.013Z INFO  client] Sending sample transaction 100
[2022-07-23T16:25:32.064Z INFO  client] Sending sample transaction 101
[2022-07-23T16:25:32.114Z INFO  client] Sending sample transaction 102
[2022-07-23T16:25:32.164Z INFO  client] Sending sample transaction 103
[2022-07-23T16:25:32.213Z INFO  client] Sending sample transaction 104
[2022-07-23T16:25:32.263Z INFO  client] Sending sample transaction 105
[2022-07-23T16:25:32.313Z INFO  client] Sending sample transaction 106
[2022-07-23T16:25:32.367Z INFO  client] Sending sample transaction 107
[2022-07-23T16:25:32.414Z INFO  client] Sending sample transaction 108
[2022-07-23T16:25:32.464Z INFO  client] Sending sample transaction 109
[2022-07-23T16:25:32.513Z INFO  client] Sending sample transaction 110
[2022-07-23T16:25:32.563Z INFO  client] Sending sample transaction 111
[2022-07-23T16:25:32.614Z INFO  client] Sending sample transaction 112
[2022-07-23T16:25:32.664Z INFO  client] Sending sample transaction 113
[2022-07-23T16:25:32.714Z INFO  client] Sending sample transaction 114
[2022-07-23T16:25:32.764Z INFO  client] Sending sample transaction 115
[2022-07-23T16:25:32.813Z INFO  client] Sending sample transaction 116
[2022-07-23T16:25:32.864Z INFO  client] Sending sample transaction 117
[2022-07-23T16:25:32.914Z INFO  client] Sending sample transaction 118
[2022-07-23T16:25:32.964Z INFO  client] Sending sample transaction 119
[2022-07-23T16:25:33.014Z INFO  client] Sending sample transaction 120
[2022-07-23T16:25:33.064Z INFO  client] Sending sample transaction 121
[2022-07-23T16:25:33.115Z INFO  client] Sending sample transaction 122
[2022-07-23T16:25:33.163Z INFO  client] Sending sample transaction 123
[2022-07-23T16:25:33.214Z INFO  client] Sending sample transaction 124
[2022-07-23T16:25:33.263Z INFO  client] Sending sample transaction 125
[2022-07-23T16:25:33.314Z INFO  client] Sending sample transaction 126
[2022-07-23T16:25:33.364Z INFO  client] Sending sample transaction 127
[2022-07-23T16:25:33.414Z INFO  client] Sending sample transaction 128
[2022-07-23T16:25:33.464Z INFO  client] Sending sample transaction 129
[2022-07-23T16:25:33.514Z INFO  client] Sending sample transaction 130
[2022-07-23T16:25:33.563Z INFO  client] Sending sample transaction 131
[2022-07-23T16:25:33.613Z INFO  client] Sending sample transaction 132
[2022-07-23T16:25:33.663Z INFO  client] Sending sample transaction 133
[2022-07-23T16:25:33.714Z INFO  client] Sending sample transaction 134
[2022-07-23T16:25:33.763Z INFO  client] Sending sample transaction 135
[2022-07-23T16:25:33.813Z INFO  client] Sending sample transaction 136
[2022-07-23T16:25:33.864Z INFO  client] Sending sample transaction 137
[2022-07-23T16:25:33.913Z INFO  client] Sending sample transaction 138
[2022-07-23T16:25:33.963Z INFO  client] Sending sample transaction 139
[2022-07-23T16:25:34.013Z INFO  client] Sending sample transaction 140
[2022-07-23T16:25:34.064Z INFO  client] Sending sample transaction 141
[2022-07-23T16:25:34.114Z INFO  client] Sending sample transaction 142
[2022-07-23T16:25:34.163Z INFO  client] Sending sample transaction 143
[2022-07-23T16:25:34.214Z INFO  client] Sending sample transaction 144
[2022-07-23T16:25:34.264Z INFO  client] Sending sample transaction 145
[2022-07-23T16:25:34.314Z INFO  client] Sending sample transaction 146
[2022-07-23T16:25:34.363Z INFO  client] Sending sample transaction 147
[2022-07-23T16:25:34.414Z INFO  client] Sending sample transaction 148
[2022-07-23T16:25:34.491Z INFO  client] Sending sample transaction 149
[2022-07-23T16:25:34.517Z INFO  client] Sending sample transaction 150
[2022-07-23T16:25:34.564Z INFO  client] Sending sample transaction 151
[2022-07-23T16:25:34.613Z INFO  client] Sending sample transaction 152
[2022-07-23T16:25:34.663Z INFO  client] Sending sample transaction 153
[2022-07-23T16:25:34.714Z INFO  client] Sending sample transaction 154
[2022-07-23T16:25:34.764Z INFO  client] Sending sample transaction 155
[2022-07-23T16:25:34.813Z INFO  client] Sending sample transaction 156
[2022-07-23T16:25:34.864Z INFO  client] Sending sample transaction 157
[2022-07-23T16:25:34.914Z INFO  client] Sending sample transaction 158
[2022-07-23T16:25:34.965Z INFO  client] Sending sample transaction 159
[2022-07-23T16:25:35.013Z INFO  client] Sending sample transaction 160
[2022-07-23T16:25:35.063Z INFO  client] Sending sample transaction 161
[2022-07-23T16:25:35.115Z INFO  client] Sending sample transaction 162
[2022-07-23T16:25:35.164Z INFO  client] Sending sample transaction 163
[2022-07-23T16:25:35.213Z INFO  client] Sending sample transaction 164
[2022-07-23T16:25:35.263Z INFO  client] Sending sample transaction 165
[2022-07-23T16:25:35.313Z INFO  client] Sending sample transaction 166
[2022-07-23T16:25:35.363Z INFO  client] Sending sample transaction 167
[2022-07-23T16:25:35.414Z INFO  client] Sending sample transaction 168
[2022-07-23T16:25:35.464Z INFO  client] Sending sample transaction 169
[2022-07-23T16:25:35.513Z INFO  client] Sending sample transaction 170
[2022-07-23T16:25:35.563Z INFO  client] Sending sample transaction 171
[2022-07-23T16:25:35.613Z INFO  client] Sending sample transaction 172
[2022-07-23T16:25:35.663Z INFO  client] Sending sample transaction 173
[2022-07-23T16:25:35.714Z INFO  client] Sending sample transaction 174
[2022-07-23T16:25:35.763Z INFO  client] Sending sample transaction 175
[2022-07-23T16:25:35.814Z INFO  client] Sending sample transaction 176
[2022-07-23T16:25:35.865Z INFO  client] Sending sample transaction 177
[2022-07-23T16:25:35.914Z INFO  client] Sending sample transaction 178
[2022-07-23T16:25:35.964Z INFO  client] Sending sample transaction 179
[2022-07-23T16:25:36.013Z INFO  client] Sending sample transaction 180
[2022-07-23T16:25:36.064Z INFO  client] Sending sample transaction 181
[2022-07-23T16:25:36.113Z INFO  client] Sending sample transaction 182
[2022-07-23T16:25:36.164Z INFO  client] Sending sample transaction 183
[2022-07-23T16:25:36.214Z INFO  client] Sending sample transaction 184
[2022-07-23T16:25:36.263Z INFO  client] Sending sample transaction 185
[2022-07-23T16:25:36.314Z INFO  client] Sending sample transaction 186
[2022-07-23T16:25:36.364Z INFO  client] Sending sample transaction 187
[2022-07-23T16:25:36.413Z INFO  client] Sending sample transaction 188
[2022-07-23T16:25:36.463Z INFO  client] Sending sample transaction 189
[2022-07-23T16:25:36.513Z INFO  client] Sending sample transaction 190
[2022-07-23T16:25:36.571Z INFO  client] Sending sample transaction 191
[2022-07-23T16:25:36.614Z INFO  client] Sending sample transaction 192
[2022-07-23T16:25:36.663Z INFO  client] Sending sample transaction 193
[2022-07-23T16:25:36.714Z INFO  client] Sending sample transaction 194
[2022-07-23T16:25:36.763Z INFO  client] Sending sample transaction 195
[2022-07-23T16:25:36.813Z INFO  client] Sending sample transaction 196
[2022-07-23T16:25:36.864Z INFO  client] Sending sample transaction 197
[2022-07-23T16:25:36.914Z INFO  client] Sending sample transaction 198
[2022-07-23T16:25:36.964Z INFO  client] Sending sample transaction 199
[2022-07-23T16:25:37.014Z INFO  client] Sending sample transaction 200
[2022-07-23T16:25:37.063Z INFO  client] Sending sample transaction 201
[2022-07-23T16:25:37.114Z INFO  client] Sending sample transaction 202
[2022-07-23T16:25:37.164Z INFO  client] Sending sample transaction 203
[2022-07-23T16:25:37.214Z INFO  client] Sending sample transaction 204
[2022-07-23T16:25:37.263Z INFO  client] Sending sample transaction 205
[2022-07-23T16:25:37.314Z INFO  client] Sending sample transaction 206
[2022-07-23T16:25:37.363Z INFO  client] Sending sample transaction 207
[2022-07-23T16:25:37.413Z INFO  client] Sending sample transaction 208
[2022-07-23T16:25:37.464Z INFO  client] Sending sample transaction 209
[2022-07-23T16:25:37.513Z INFO  client] Sending sample transaction 210
[2022-07-23T16:25:37.563Z INFO  client] Sending sample transaction 211
[2022-07-23T16:25:37.613Z INFO  client] Sending sample transaction 212
[2022-07-23T16:25:37.663Z INFO  client] Sending sample transaction 213
[2022-07-23T16:25:37.715Z INFO  client] Sending sample transaction 214
[2022-07-23T16:25:37.763Z INFO  client] Sending sample transaction 215
[2022-07-23T16:25:37.813Z INFO  client] Sending sample transaction 216
[2022-07-23T16:25:37.863Z INFO  client] Sending sample transaction 217
[2022-07-23T16:25:37.914Z INFO  client] Sending sample transaction 218
[2022-07-23T16:25:37.964Z INFO  client] Sending sample transaction 219
[2022-07-23T16:25:38.013Z INFO  client] Sending sample transaction 220
[2022-07-23T16:25:38.063Z INFO  client] Sending sample transaction 221
[2022-07-23T16:25:38.113Z INFO  client] Sending sample transaction 222
[2022-07-23T16:25:38.164Z INFO  client] Sending sample transaction 223
[2022-07-23T16:25:38.214Z INFO  client] Sending sample transaction 224
[2022-07-23T16:25:38.263Z INFO  client] Sending sample transaction 225
[2022-07-23T16:25:38.313Z INFO  client] Sending sample transaction 226
[2022-07-23T16:25:38.364Z INFO  client] Sending sample transaction 227
[2022-07-23T16:25:38.413Z INFO  client] Sending sample transaction 228
[2022-07-23T16:25:38.464Z INFO  client] Sending sample transaction 229
[2022-07-23T16:25:38.513Z INFO  client] Sending sample transaction 230
[2022-07-23T16:25:38.565Z INFO  client] Sending sample transaction 231
[2022-07-23T16:25:38.613Z INFO  client] Sending sample transaction 232
[2022-07-23T16:25:38.669Z INFO  client] Sending sample transaction 233
[2022-07-23T16:25:38.713Z INFO  client] Sending sample transaction 234
[2022-07-23T16:25:38.763Z INFO  client] Sending sample transaction 235
[2022-07-23T16:25:38.813Z INFO  client] Sending sample transaction 236
[2022-07-23T16:25:38.864Z INFO  client] Sending sample transaction 237
[2022-07-23T16:25:38.914Z INFO  client] Sending sample transaction 238
[2022-07-23T16:25:38.963Z INFO  client] Sending sample transaction 239
[2022-07-23T16:25:39.014Z INFO  client] Sending sample transaction 240
[2022-07-23T16:25:39.064Z INFO  client] Sending sample transaction 241
[2022-07-23T16:25:39.115Z INFO  client] Sending sample transaction 242
[2022-07-23T16:25:39.164Z INFO  client] Sending sample transaction 243
[2022-07-23T16:25:39.214Z INFO  client] Sending sample transaction 244
[2022-07-23T16:25:39.263Z INFO  client] Sending sample transaction 245
[2022-07-23T16:25:39.314Z INFO  client] Sending sample transaction 246
[2022-07-23T16:25:39.363Z INFO  client] Sending sample transaction 247
[2022-07-23T16:25:39.414Z INFO  client] Sending sample transaction 248
[2022-07-23T16:25:39.463Z INFO  client] Sending sample transaction 249
[2022-07-23T16:25:39.513Z INFO  client] Sending sample transaction 250
[2022-07-23T16:25:39.564Z INFO  client] Sending sample transaction 251
[2022-07-23T16:25:39.613Z INFO  client] Sending sample transaction 252
[2022-07-23T16:25:39.663Z INFO  client] Sending sample transaction 253
[2022-07-23T16:25:39.713Z INFO  client] Sending sample transaction 254
[2022-07-23T16:25:39.763Z INFO  client] Sending sample transaction 255
[2022-07-23T16:25:39.813Z INFO  client] Sending sample transaction 256
[2022-07-23T16:25:39.864Z INFO  client] Sending sample transaction 257
[2022-07-23T16:25:39.913Z INFO  client] Sending sample transaction 258
[2022-07-23T16:25:39.964Z INFO  client] Sending sample transaction 259
[2022-07-23T16:25:40.013Z INFO  client] Sending sample transaction 260
[2022-07-23T16:25:40.063Z INFO  client] Sending sample transaction 261
[2022-07-23T16:25:40.113Z INFO  client] Sending sample transaction 262
[2022-07-23T16:25:40.164Z INFO  client] Sending sample transaction 263
[2022-07-23T16:25:40.214Z INFO  client] Sending sample transaction 264
[2022-07-23T16:25:40.263Z INFO  client] Sending sample transaction 265
[2022-07-23T16:25:40.314Z INFO  client] Sending sample transaction 266
[2022-07-23T16:25:40.364Z INFO  client] Sending sample transaction 267
[2022-07-23T16:25:40.413Z INFO  client] Sending sample transaction 268
[2022-07-23T16:25:40.464Z INFO  client] Sending sample transaction 269
[2022-07-23T16:25:40.513Z INFO  client] Sending sample transaction 270
[2022-07-23T16:25:40.563Z INFO  client] Sending sample transaction 271
[2022-07-23T16:25:40.614Z INFO  client] Sending sample transaction 272
[2022-07-23T16:25:40.664Z INFO  client] Sending sample transaction 273
[2022-07-23T16:25:40.714Z INFO  client] Sending sample transaction 274
[2022-07-23T16:25:40.768Z INFO  client] Sending sample transaction 275
[2022-07-23T16:25:40.814Z INFO  client] Sending sample transaction 276
[2022-07-23T16:25:40.864Z INFO  client] Sending sample transaction 277
[2022-07-23T16:25:40.914Z INFO  client] Sending sample transaction 278
[2022-07-23T16:25:40.965Z INFO  client] Sending sample transaction 279
[2022-07-23T16:25:41.014Z INFO  client] Sending sample transaction 280
[2022-07-23T16:25:41.064Z INFO  client] Sending sample transaction 281
[2022-07-23T16:25:41.114Z INFO  client] Sending sample transaction 282
[2022-07-23T16:25:41.164Z INFO  client] Sending sample transaction 283
[2022-07-23T16:25:41.214Z INFO  client] Sending sample transaction 284
[2022-07-23T16:25:41.264Z INFO  client] Sending sample transaction 285
[2022-07-23T16:25:41.313Z INFO  client] Sending sample transaction 286
[2022-07-23T16:25:41.364Z INFO  client] Sending sample transaction 287
[2022-07-23T16:25:41.413Z INFO  client] Sending sample transaction 288
[2022-07-23T16:25:41.463Z INFO  client] Sending sample transaction 289
[2022-07-23T16:25:41.513Z INFO  client] Sending sample transaction 290
[2022-07-23T16:25:41.564Z INFO  client] Sending sample transaction 291
[2022-07-23T16:25:41.614Z INFO  client] Sending sample transaction 292
[2022-07-23T16:25:41.663Z INFO  client] Sending sample transaction 293
[2022-07-23T16:25:41.714Z INFO  client] Sending sample transaction 294
[2022-07-23T16:25:41.765Z INFO  client] Sending sample transaction 295
[2022-07-23T16:25:41.814Z INFO  client] Sending sample transaction 296
[2022-07-23T16:25:41.864Z INFO  client] Sending sample transaction 297
[2022-07-23T16:25:41.914Z INFO  client] Sending sample transaction 298
[2022-07-23T16:25:41.963Z INFO  client] Sending sample transaction 299
[2022-07-23T16:25:42.013Z INFO  client] Sending sample transaction 300
[2022-07-23T16:25:42.064Z INFO  client] Sending sample transaction 301
[2022-07-23T16:25:42.114Z INFO  client] Sending sample transaction 302
[2022-07-23T16:25:42.164Z INFO  client] Sending sample transaction 303
[2022-07-23T16:25:42.215Z INFO  client] Sending sample transaction 304
[2022-07-23T16:25:42.264Z INFO  client] Sending sample transaction 305
[2022-07-23T16:25:42.314Z INFO  client] Sending sample transaction 306
[2022-07-23T16:25:42.364Z INFO  client] Sending sample transaction 307
[2022-07-23T16:25:42.414Z INFO  client] Sending sample transaction 308
[2022-07-23T16:25:42.464Z INFO  client] Sending sample transaction 309
[2022-07-23T16:25:42.514Z INFO  client] Sending sample transaction 310
[2022-07-23T16:25:42.563Z INFO  client] Sending sample transaction 311
[2022-07-23T16:25:42.613Z INFO  client] Sending sample transaction 312
[2022-07-23T16:25:42.664Z INFO  client] Sending sample transaction 313
[2022-07-23T16:25:42.714Z INFO  client] Sending sample transaction 314
[2022-07-23T16:25:42.763Z INFO  client] Sending sample transaction 315
[2022-07-23T16:25:42.813Z INFO  client] Sending sample transaction 316
[2022-07-23T16:25:42.865Z INFO  client] Sending sample transaction 317
[2022-07-23T16:25:42.913Z INFO  client] Sending sample transaction 318
[2022-07-23T16:25:42.964Z INFO  client] Sending sample transaction 319
[2022-07-23T16:25:43.014Z INFO  client] Sending sample transaction 320
[2022-07-23T16:25:43.064Z INFO  client] Sending sample transaction 321
[2022-07-23T16:25:43.113Z INFO  client] Sending sample transaction 322
[2022-07-23T16:25:43.164Z INFO  client] Sending sample transaction 323
[2022-07-23T16:25:43.213Z INFO  client] Sending sample transaction 324
[2022-07-23T16:25:43.263Z INFO  client] Sending sample transaction 325
[2022-07-23T16:25:43.314Z INFO  client] Sending sample transaction 326
[2022-07-23T16:25:43.364Z INFO  client] Sending sample transaction 327
[2022-07-23T16:25:43.414Z INFO  client] Sending sample transaction 328
[2022-07-23T16:25:43.464Z INFO  client] Sending sample transaction 329
[2022-07-23T16:25:43.513Z INFO  client] Sending sample transaction 330
[2022-07-23T16:25:43.564Z INFO  client] Sending sample transaction 331
[2022-07-23T16:25:43.614Z INFO  client] Sending sample transaction 332
[2022-07-23T16:25:43.664Z INFO  client] Sending sample transaction 333
[2022-07-23T16:25:43.714Z INFO  client] Sending sample transaction 334
[2022-07-23T16:25:43.763Z INFO  client] Sending sample transaction 335
[2022-07-23T16:25:43.814Z INFO  client] Sending sample transaction 336
[2022-07-23T16:25:43.865Z INFO  client] Sending sample transaction 337
[2022-07-23T16:25:43.919Z INFO  client] Sending sample transaction 338
[2022-07-23T16:25:43.964Z INFO  client] Sending sample transaction 339
[2022-07-23T16:25:44.014Z INFO  client] Sending sample transaction 340
[2022-07-23T16:25:44.063Z INFO  client] Sending sample transaction 341
[2022-07-23T16:25:44.114Z INFO  client] Sending sample transaction 342
[2022-07-23T16:25:44.164Z INFO  client] Sending sample transaction 343
[2022-07-23T16:25:44.214Z INFO  client] Sending sample transaction 344
[2022-07-23T16:25:44.264Z INFO  client] Sending sample transaction 345
[2022-07-23T16:25:44.314Z INFO  client] Sending sample transaction 346
[2022-07-23T16:25:44.363Z INFO  client] Sending sample transaction 347
[2022-07-23T16:25:44.413Z INFO  client] Sending sample transaction 348
[2022-07-23T16:25:44.464Z INFO  client] Sending sample transaction 349
[2022-07-23T16:25:44.513Z INFO  client] Sending sample transaction 350
[2022-07-23T16:25:44.563Z INFO  client] Sending sample transaction 351
[2022-07-23T16:25:44.614Z INFO  client] Sending sample transaction 352
[2022-07-23T16:25:44.663Z INFO  client] Sending sample transaction 353
[2022-07-23T16:25:44.713Z INFO  client] Sending sample transaction 354
[2022-07-23T16:25:44.763Z INFO  client] Sending sample transaction 355
[2022-07-23T16:25:44.814Z INFO  client] Sending sample transaction 356
[2022-07-23T16:25:44.864Z INFO  client] Sending sample transaction 357
[2022-07-23T16:25:44.914Z INFO  client] Sending sample transaction 358
[2022-07-23T16:25:44.967Z INFO  client] Sending sample transaction 359
[2022-07-23T16:25:45.014Z INFO  client] Sending sample transaction 360
[2022-07-23T16:25:45.063Z INFO  client] Sending sample transaction 361
[2022-07-23T16:25:45.114Z INFO  client] Sending sample transaction 362
[2022-07-23T16:25:45.163Z INFO  client] Sending sample transaction 363
[2022-07-23T16:25:45.214Z INFO  client] Sending sample transaction 364
[2022-07-23T16:25:45.263Z INFO  client] Sending sample transaction 365
[2022-07-23T16:25:45.314Z INFO  client] Sending sample transaction 366
[2022-07-23T16:25:45.363Z INFO  client] Sending sample transaction 367
[2022-07-23T16:25:45.414Z INFO  client] Sending sample transaction 368
[2022-07-23T16:25:45.463Z INFO  client] Sending sample transaction 369
[2022-07-23T16:25:45.513Z INFO  client] Sending sample transaction 370
[2022-07-23T16:25:45.563Z INFO  client] Sending sample transaction 371
[2022-07-23T16:25:45.614Z INFO  client] Sending sample transaction 372
[2022-07-23T16:25:45.664Z INFO  client] Sending sample transaction 373
[2022-07-23T16:25:45.715Z INFO  client] Sending sample transaction 374
[2022-07-23T16:25:45.763Z INFO  client] Sending sample transaction 375
[2022-07-23T16:25:45.813Z INFO  client] Sending sample transaction 376
[2022-07-23T16:25:45.864Z INFO  client] Sending sample transaction 377
[2022-07-23T16:25:45.914Z INFO  client] Sending sample transaction 378
[2022-07-23T16:25:45.964Z INFO  client] Sending sample transaction 379
[2022-07-23T16:25:46.015Z INFO  client] Sending sample transaction 380
[2022-07-23T16:25:46.063Z INFO  client] Sending sample transaction 381
[2022-07-23T16:25:46.114Z INFO  client] Sending sample transaction 382
[2022-07-23T16:25:46.164Z INFO  client] Sending sample transaction 383
[2022-07-23T16:25:46.214Z INFO  client] Sending sample transaction 384
[2022-07-23T16:25:46.263Z INFO  client] Sending sample transaction 385
[2022-07-23T16:25:46.313Z INFO  client] Sending sample transaction 386
[2022-07-23T16:25:46.364Z INFO  client] Sending sample transaction 387
[2022-07-23T16:25:46.414Z INFO  client] Sending sample transaction 388
[2022-07-23T16:25:46.464Z INFO  client] Sending sample transaction 389
[2022-07-23T16:25:46.513Z INFO  client] Sending sample transaction 390
[2022-07-23T16:25:46.563Z INFO  client] Sending sample transaction 391
[2022-07-23T16:25:46.614Z INFO  client] Sending sample transaction 392
[2022-07-23T16:25:46.663Z INFO  client] Sending sample transaction 393
[2022-07-23T16:25:46.714Z INFO  client] Sending sample transaction 394
[2022-07-23T16:25:46.763Z INFO  client] Sending sample transaction 395
[2022-07-23T16:25:46.814Z INFO  client] Sending sample transaction 396
[2022-07-23T16:25:46.863Z INFO  client] Sending sample transaction 397
[2022-07-23T16:25:46.914Z INFO  client] Sending sample transaction 398
[2022-07-23T16:25:46.964Z INFO  client] Sending sample transaction 399
[2022-07-23T16:25:47.013Z INFO  client] Sending sample transaction 400
[2022-07-23T16:25:47.064Z INFO  client] Sending sample transaction 401
[2022-07-23T16:25:47.114Z INFO  client] Sending sample transaction 402
[2022-07-23T16:25:47.164Z INFO  client] Sending sample transaction 403
[2022-07-23T16:25:47.214Z INFO  client] Sending sample transaction 404
[2022-07-23T16:25:47.263Z INFO  client] Sending sample transaction 405
[2022-07-23T16:25:47.313Z INFO  client] Sending sample transaction 406
[2022-07-23T16:25:47.366Z INFO  client] Sending sample transaction 407
[2022-07-23T16:25:47.413Z INFO  client] Sending sample transaction 408
[2022-07-23T16:25:47.464Z INFO  client] Sending sample transaction 409
[2022-07-23T16:25:47.513Z INFO  client] Sending sample transaction 410
[2022-07-23T16:25:47.563Z INFO  client] Sending sample transaction 411
[2022-07-23T16:25:47.614Z INFO  client] Sending sample transaction 412
[2022-07-23T16:25:47.664Z INFO  client] Sending sample transaction 413
[2022-07-23T16:25:47.713Z INFO  client] Sending sample transaction 414
[2022-07-23T16:25:47.763Z INFO  client] Sending sample transaction 415
[2022-07-23T16:25:47.814Z INFO  client] Sending sample transaction 416
[2022-07-23T16:25:47.864Z INFO  client] Sending sample transaction 417
[2022-07-23T16:25:47.913Z INFO  client] Sending sample transaction 418
[2022-07-23T16:25:47.964Z INFO  client] Sending sample transaction 419
[2022-07-23T16:25:48.013Z INFO  client] Sending sample transaction 420
[2022-07-23T16:25:48.063Z INFO  client] Sending sample transaction 421
[2022-07-23T16:25:48.114Z INFO  client] Sending sample transaction 422
[2022-07-23T16:25:48.164Z INFO  client] Sending sample transaction 423
[2022-07-23T16:25:48.213Z INFO  client] Sending sample transaction 424
[2022-07-23T16:25:48.264Z INFO  client] Sending sample transaction 425
[2022-07-23T16:25:48.313Z INFO  client] Sending sample transaction 426
[2022-07-23T16:25:48.365Z INFO  client] Sending sample transaction 427
[2022-07-23T16:25:48.413Z INFO  client] Sending sample transaction 428
[2022-07-23T16:25:48.463Z INFO  client] Sending sample transaction 429
[2022-07-23T16:25:48.514Z INFO  client] Sending sample transaction 430
[2022-07-23T16:25:48.565Z INFO  client] Sending sample transaction 431
[2022-07-23T16:25:48.614Z INFO  client] Sending sample transaction 432
[2022-07-23T16:25:48.664Z INFO  client] Sending sample transaction 433
[2022-07-23T16:25:48.718Z INFO  client] Sending sample transaction 434
[2022-07-23T16:25:48.764Z INFO  client] Sending sample transaction 435
