[2022-07-23T15:54:20.056Z INFO  client] Node address: 127.0.0.1:9013
[2022-07-23T15:54:20.056Z INFO  client] Transactions size: 512 B
[2022-07-23T15:54:20.056Z INFO  client] Transactions rate: 112 tx/s
[2022-07-23T15:54:20.056Z INFO  client] Waiting for all nodes to be online...
[2022-07-23T15:54:20.056Z INFO  client] Waiting for all nodes to be synchronized...
[2022-07-23T15:54:22.059Z INFO  client] Start sending transactions
[2022-07-23T15:54:22.061Z INFO  client] Sending sample transaction 0
[2022-07-23T15:54:22.111Z INFO  client] Sending sample transaction 1
[2022-07-23T15:54:22.160Z INFO  client] Sending sample transaction 2
[2022-07-23T15:54:22.211Z INFO  client] Sending sample transaction 3
[2022-07-23T15:54:22.260Z INFO  client] Sending sample transaction 4
[2022-07-23T15:54:22.312Z INFO  client] Sending sample transaction 5
[2022-07-23T15:54:22.360Z INFO  client] Sending sample transaction 6
[2022-07-23T15:54:22.411Z INFO  client] Sending sample transaction 7
[2022-07-23T15:54:22.461Z INFO  client] Sending sample transaction 8
[2022-07-23T15:54:22.513Z INFO  client] Sending sample transaction 9
[2022-07-23T15:54:22.563Z INFO  client] Sending sample transaction 10
[2022-07-23T15:54:22.610Z INFO  client] Sending sample transaction 11
[2022-07-23T15:54:22.660Z INFO  client] Sending sample transaction 12
[2022-07-23T15:54:22.757Z INFO  client] Sending sample transaction 13
[2022-07-23T15:54:22.764Z INFO  client] Sending sample transaction 14
[2022-07-23T15:54:22.812Z INFO  client] Sending sample transaction 15
[2022-07-23T15:54:22.860Z INFO  client] Sending sample transaction 16
[2022-07-23T15:54:22.911Z INFO  client] Sending sample transaction 17
[2022-07-23T15:54:22.960Z INFO  client] Sending sample transaction 18
[2022-07-23T15:54:23.010Z INFO  client] Sending sample transaction 19
[2022-07-23T15:54:23.060Z INFO  client] Sending sample transaction 20
[2022-07-23T15:54:23.111Z INFO  client] Sending sample transaction 21
[2022-07-23T15:54:23.161Z INFO  client] Sending sample transaction 22
[2022-07-23T15:54:23.213Z INFO  client] Sending sample transaction 23
[2022-07-23T15:54:23.261Z INFO  client] Sending sample transaction 24
[2022-07-23T15:54:23.312Z INFO  client] Sending sample transaction 25
[2022-07-23T15:54:23.361Z INFO  client] Sending sample transaction 26
[2022-07-23T15:54:23.411Z INFO  client] Sending sample transaction 27
[2022-07-23T15:54:23.462Z INFO  client] Sending sample transaction 28
[2022-07-23T15:54:23.511Z INFO  client] Sending sample transaction 29
[2022-07-23T15:54:23.561Z INFO  client] Sending sample transaction 30
[2022-07-23T15:54:23.610Z INFO  client] Sending sample transaction 31
[2022-07-23T15:54:23.661Z INFO  client] Sending sample transaction 32
[2022-07-23T15:54:23.711Z INFO  client] Sending sample transaction 33
[2022-07-23T15:54:23.761Z INFO  client] Sending sample transaction 34
[2022-07-23T15:54:23.812Z INFO  client] Sending sample transaction 35
[2022-07-23T15:54:23.862Z INFO  client] Sending sample transaction 36
[2022-07-23T15:54:23.911Z INFO  client] Sending sample transaction 37
[2022-07-23T15:54:23.987Z INFO  client] Sending sample transaction 38
[2022-07-23T15:54:24.017Z INFO  client] Sending sample transaction 39
[2022-07-23T15:54:24.063Z INFO  client] Sending sample transaction 40
[2022-07-23T15:54:24.111Z INFO  client] Sending sample transaction 41
[2022-07-23T15:54:24.160Z INFO  client] Sending sample transaction 42
[2022-07-23T15:54:24.211Z INFO  client] Sending sample transaction 43
[2022-07-23T15:54:24.260Z INFO  client] Sending sample transaction 44
[2022-07-23T15:54:24.310Z INFO  client] Sending sample transaction 45
[2022-07-23T15:54:24.362Z INFO  client] Sending sample transaction 46
[2022-07-23T15:54:24.413Z INFO  client] Sending sample transaction 47
[2022-07-23T15:54:24.460Z INFO  client] Sending sample transaction 48
[2022-07-23T15:54:24.511Z INFO  client] Sending sample transaction 49
[2022-07-23T15:54:24.561Z INFO  client] Sending sample transaction 50
[2022-07-23T15:54:24.610Z INFO  client] Sending sample transaction 51
[2022-07-23T15:54:24.661Z INFO  client] Sending sample transaction 52
[2022-07-23T15:54:24.711Z INFO  client] Sending sample transaction 53
[2022-07-23T15:54:24.760Z INFO  client] Sending sample transaction 54
[2022-07-23T15:54:24.810Z INFO  client] Sending sample transaction 55
[2022-07-23T15:54:24.861Z INFO  client] Sending sample transaction 56
[2022-07-23T15:54:24.910Z INFO  client] Sending sample transaction 57
[2022-07-23T15:54:24.961Z INFO  client] Sending sample transaction 58
[2022-07-23T15:54:25.018Z INFO  client] Sending sample transaction 59
[2022-07-23T15:54:25.076Z INFO  client] Sending sample transaction 60
[2022-07-23T15:54:25.111Z INFO  client] Sending sample transaction 61
[2022-07-23T15:54:25.161Z INFO  client] Sending sample transaction 62
[2022-07-23T15:54:25.211Z INFO  client] Sending sample transaction 63
[2022-07-23T15:54:25.261Z INFO  client] Sending sample transaction 64
[2022-07-23T15:54:25.310Z INFO  client] Sending sample transaction 65
[2022-07-23T15:54:25.360Z INFO  client] Sending sample transaction 66
[2022-07-23T15:54:25.410Z INFO  client] Sending sample transaction 67
[2022-07-23T15:54:25.460Z INFO  client] Sending sample transaction 68
[2022-07-23T15:54:25.512Z INFO  client] Sending sample transaction 69
[2022-07-23T15:54:25.560Z INFO  client] Sending sample transaction 70
[2022-07-23T15:54:25.611Z INFO  client] Sending sample transaction 71
[2022-07-23T15:54:25.661Z INFO  client] Sending sample transaction 72
[2022-07-23T15:54:25.710Z INFO  client] Sending sample transaction 73
[2022-07-23T15:54:25.761Z INFO  client] Sending sample transaction 74
[2022-07-23T15:54:25.810Z INFO  client] Sending sample transaction 75
[2022-07-23T15:54:25.860Z INFO  client] Sending sample transaction 76
[2022-07-23T15:54:25.911Z INFO  client] Sending sample transaction 77
[2022-07-23T15:54:25.961Z INFO  client] Sending sample transaction 78
[2022-07-23T15:54:26.011Z INFO  client] Sending sample transaction 79
[2022-07-23T15:54:26.060Z INFO  client] Sending sample transaction 80
[2022-07-23T15:54:26.113Z INFO  client] Sending sample transaction 81
[2022-07-23T15:54:26.160Z INFO  client] Sending sample transaction 82
[2022-07-23T15:54:26.211Z INFO  client] Sending sample transaction 83
[2022-07-23T15:54:26.261Z INFO  client] Sending sample transaction 84
[2022-07-23T15:54:26.343Z INFO  client] Sending sample transaction 85
[2022-07-23T15:54:26.370Z INFO  client] Sending sample transaction 86
[2022-07-23T15:54:26.411Z INFO  client] Sending sample transaction 87
[2022-07-23T15:54:26.461Z INFO  client] Sending sample transaction 88
[2022-07-23T15:54:26.511Z INFO  client] Sending sample transaction 89
[2022-07-23T15:54:26.560Z INFO  client] Sending sample transaction 90
[2022-07-23T15:54:26.610Z INFO  client] Sending sample transaction 91
[2022-07-23T15:54:26.661Z INFO  client] Sending sample transaction 92
[2022-07-23T15:54:26.710Z INFO  client] Sending sample transaction 93
[2022-07-23T15:54:26.761Z INFO  client] Sending sample transaction 94
[2022-07-23T15:54:26.810Z INFO  client] Sending sample transaction 95
[2022-07-23T15:54:26.860Z INFO  client] Sending sample transaction 96
[2022-07-23T15:54:26.911Z INFO  client] Sending sample transaction 97
[2022-07-23T15:54:26.960Z INFO  client] Sending sample transaction 98
[2022-07-23T15:54:27.011Z INFO  client] Sending sample transaction 99
[2022-07-23T15:54:27.060Z INFO  client] Sending sample transaction 100
[2022-07-23T15:54:27.110Z INFO  client] Sending sample transaction 101
[2022-07-23T15:54:27.161Z INFO  client] Sending sample transaction 102
[2022-07-23T15:54:27.210Z INFO  client] Sending sample transaction 103
[2022-07-23T15:54:27.261Z INFO  client] Sending sample transaction 104
[2022-07-23T15:54:27.323Z INFO  client] Sending sample transaction 105
[2022-07-23T15:54:27.361Z INFO  client] Sending sample transaction 106
[2022-07-23T15:54:27.410Z INFO  client] Sending sample transaction 107
[2022-07-23T15:54:27.461Z INFO  client] Sending sample transaction 108
[2022-07-23T15:54:27.511Z INFO  client] Sending sample transaction 109
[2022-07-23T15:54:27.560Z INFO  client] Sending sample transaction 110
[2022-07-23T15:54:27.610Z INFO  client] Sending sample transaction 111
[2022-07-23T15:54:27.660Z INFO  client] Sending sample transaction 112
[2022-07-23T15:54:27.711Z INFO  client] Sending sample transaction 113
[2022-07-23T15:54:27.761Z INFO  client] Sending sample transaction 114
[2022-07-23T15:54:27.810Z INFO  client] Sending sample transaction 115
[2022-07-23T15:54:27.860Z INFO  client] Sending sample transaction 116
[2022-07-23T15:54:27.910Z INFO  client] Sending sample transaction 117
[2022-07-23T15:54:27.960Z INFO  client] Sending sample transaction 118
[2022-07-23T15:54:28.011Z INFO  client] Sending sample transaction 119
[2022-07-23T15:54:28.060Z INFO  client] Sending sample transaction 120
[2022-07-23T15:54:28.111Z INFO  client] Sending sample transaction 121
[2022-07-23T15:54:28.163Z INFO  client] Sending sample transaction 122
[2022-07-23T15:54:28.214Z INFO  client] Sending sample transaction 123
[2022-07-23T15:54:28.261Z INFO  client] Sending sample transaction 124
[2022-07-23T15:54:28.310Z INFO  client] Sending sample transaction 125
[2022-07-23T15:54:28.360Z INFO  client] Sending sample transaction 126
[2022-07-23T15:54:28.410Z INFO  client] Sending sample transaction 127
[2022-07-23T15:54:28.461Z INFO  client] Sending sample transaction 128
[2022-07-23T15:54:28.510Z INFO  client] Sending sample transaction 129
[2022-07-23T15:54:28.560Z INFO  client] Sending sample transaction 130
[2022-07-23T15:54:28.611Z INFO  client] Sending sample transaction 131
[2022-07-23T15:54:28.664Z INFO  client] Sending sample transaction 132
[2022-07-23T15:54:28.711Z INFO  client] Sending sample transaction 133
[2022-07-23T15:54:28.761Z INFO  client] Sending sample transaction 134
[2022-07-23T15:54:28.811Z INFO  client] Sending sample transaction 135
[2022-07-23T15:54:28.865Z INFO  client] Sending sample transaction 136
[2022-07-23T15:54:28.911Z INFO  client] Sending sample transaction 137
[2022-07-23T15:54:28.974Z INFO  client] Sending sample transaction 138
[2022-07-23T15:54:29.010Z INFO  client] Sending sample transaction 139
[2022-07-23T15:54:29.060Z INFO  client] Sending sample transaction 140
[2022-07-23T15:54:29.110Z INFO  client] Sending sample transaction 141
[2022-07-23T15:54:29.160Z INFO  client] Sending sample transaction 142
[2022-07-23T15:54:29.211Z INFO  client] Sending sample transaction 143
[2022-07-23T15:54:29.261Z INFO  client] Sending sample transaction 144
[2022-07-23T15:54:29.311Z INFO  client] Sending sample transaction 145
[2022-07-23T15:54:29.361Z INFO  client] Sending sample transaction 146
[2022-07-23T15:54:29.411Z INFO  client] Sending sample transaction 147
[2022-07-23T15:54:29.464Z INFO  client] Sending sample transaction 148
[2022-07-23T15:54:29.513Z INFO  client] Sending sample transaction 149
[2022-07-23T15:54:29.561Z INFO  client] Sending sample transaction 150
[2022-07-23T15:54:29.610Z INFO  client] Sending sample transaction 151
[2022-07-23T15:54:29.661Z INFO  client] Sending sample transaction 152
[2022-07-23T15:54:29.711Z INFO  client] Sending sample transaction 153
[2022-07-23T15:54:29.762Z INFO  client] Sending sample transaction 154
[2022-07-23T15:54:29.813Z INFO  client] Sending sample transaction 155
[2022-07-23T15:54:29.861Z INFO  client] Sending sample transaction 156
[2022-07-23T15:54:29.911Z INFO  client] Sending sample transaction 157
[2022-07-23T15:54:29.961Z INFO  client] Sending sample transaction 158
[2022-07-23T15:54:30.011Z INFO  client] Sending sample transaction 159
[2022-07-23T15:54:30.060Z INFO  client] Sending sample transaction 160
[2022-07-23T15:54:30.110Z INFO  client] Sending sample transaction 161
[2022-07-23T15:54:30.161Z INFO  client] Sending sample transaction 162
[2022-07-23T15:54:30.210Z INFO  client] Sending sample transaction 163
[2022-07-23T15:54:30.267Z INFO  client] Sending sample transaction 164
[2022-07-23T15:54:30.311Z INFO  client] Sending sample transaction 165
[2022-07-23T15:54:30.360Z INFO  client] Sending sample transaction 166
[2022-07-23T15:54:30.411Z INFO  client] Sending sample transaction 167
[2022-07-23T15:54:30.461Z INFO  client] Sending sample transaction 168
[2022-07-23T15:54:30.511Z INFO  client] Sending sample transaction 169
[2022-07-23T15:54:30.561Z INFO  client] Sending sample transaction 170
[2022-07-23T15:54:30.611Z INFO  client] Sending sample transaction 171
[2022-07-23T15:54:30.662Z INFO  client] Sending sample transaction 172
[2022-07-23T15:54:30.711Z INFO  client] Sending sample transaction 173
[2022-07-23T15:54:30.761Z INFO  client] Sending sample transaction 174
[2022-07-23T15:54:30.810Z INFO  client] Sending sample transaction 175
[2022-07-23T15:54:30.860Z INFO  client] Sending sample transaction 176
[2022-07-23T15:54:30.911Z INFO  client] Sending sample transaction 177
[2022-07-23T15:54:30.961Z INFO  client] Sending sample transaction 178
[2022-07-23T15:54:31.010Z INFO  client] Sending sample transaction 179
[2022-07-23T15:54:31.061Z INFO  client] Sending sample transaction 180
[2022-07-23T15:54:31.110Z INFO  client] Sending sample transaction 181
[2022-07-23T15:54:31.163Z INFO  client] Sending sample transaction 182
[2022-07-23T15:54:31.211Z INFO  client] Sending sample transaction 183
[2022-07-23T15:54:31.260Z INFO  client] Sending sample transaction 184
[2022-07-23T15:54:31.310Z INFO  client] Sending sample transaction 185
[2022-07-23T15:54:31.360Z INFO  client] Sending sample transaction 186
[2022-07-23T15:54:31.426Z INFO  client] Sending sample transaction 187
[2022-07-23T15:54:31.462Z INFO  client] Sending sample transaction 188
[2022-07-23T15:54:31.512Z INFO  client] Sending sample transaction 189
[2022-07-23T15:54:31.562Z INFO  client] Sending sample transaction 190
[2022-07-23T15:54:31.610Z INFO  client] Sending sample transaction 191
[2022-07-23T15:54:31.661Z INFO  client] Sending sample transaction 192
[2022-07-23T15:54:31.710Z INFO  client] Sending sample transaction 193
[2022-07-23T15:54:31.761Z INFO  client] Sending sample transaction 194
[2022-07-23T15:54:31.811Z INFO  client] Sending sample transaction 195
[2022-07-23T15:54:31.865Z INFO  client] Sending sample transaction 196
[2022-07-23T15:54:31.911Z INFO  client] Sending sample transaction 197
[2022-07-23T15:54:31.961Z INFO  client] Sending sample transaction 198
[2022-07-23T15:54:32.010Z INFO  client] Sending sample transaction 199
[2022-07-23T15:54:32.060Z INFO  client] Sending sample transaction 200
[2022-07-23T15:54:32.110Z INFO  client] Sending sample transaction 201
[2022-07-23T15:54:32.161Z INFO  client] Sending sample transaction 202
[2022-07-23T15:54:32.211Z INFO  client] Sending sample transaction 203
[2022-07-23T15:54:32.261Z INFO  client] Sending sample transaction 204
[2022-07-23T15:54:32.311Z INFO  client] Sending sample transaction 205
[2022-07-23T15:54:32.364Z INFO  client] Sending sample transaction 206
[2022-07-23T15:54:32.411Z INFO  client] Sending sample transaction 207
[2022-07-23T15:54:32.461Z INFO  client] Sending sample transaction 208
[2022-07-23T15:54:32.511Z INFO  client] Sending sample transaction 209
[2022-07-23T15:54:32.560Z INFO  client] Sending sample transaction 210
[2022-07-23T15:54:32.611Z INFO  client] Sending sample transaction 211
[2022-07-23T15:54:32.661Z INFO  client] Sending sample transaction 212
[2022-07-23T15:54:32.711Z INFO  client] Sending sample transaction 213
[2022-07-23T15:54:32.761Z INFO  client] Sending sample transaction 214
[2022-07-23T15:54:32.811Z INFO  client] Sending sample transaction 215
[2022-07-23T15:54:32.860Z INFO  client] Sending sample transaction 216
[2022-07-23T15:54:32.911Z INFO  client] Sending sample transaction 217
[2022-07-23T15:54:32.961Z INFO  client] Sending sample transaction 218
[2022-07-23T15:54:33.010Z INFO  client] Sending sample transaction 219
[2022-07-23T15:54:33.060Z INFO  client] Sending sample transaction 220
[2022-07-23T15:54:33.114Z INFO  client] Sending sample transaction 221
[2022-07-23T15:54:33.161Z INFO  client] Sending sample transaction 222
[2022-07-23T15:54:33.210Z INFO  client] Sending sample transaction 223
[2022-07-23T15:54:33.262Z INFO  client] Sending sample transaction 224
[2022-07-23T15:54:33.311Z INFO  client] Sending sample transaction 225
[2022-07-23T15:54:33.360Z INFO  client] Sending sample transaction 226
[2022-07-23T15:54:33.410Z INFO  client] Sending sample transaction 227
[2022-07-23T15:54:33.461Z INFO  client] Sending sample transaction 228
[2022-07-23T15:54:33.510Z INFO  client] Sending sample transaction 229
[2022-07-23T15:54:33.560Z INFO  client] Sending sample transaction 230
[2022-07-23T15:54:33.611Z INFO  client] Sending sample transaction 231
[2022-07-23T15:54:33.660Z INFO  client] Sending sample transaction 232
[2022-07-23T15:54:33.710Z INFO  client] Sending sample transaction 233
[2022-07-23T15:54:33.761Z INFO  client] Sending sample transaction 234
[2022-07-23T15:54:33.811Z INFO  client] Sending sample transaction 235
[2022-07-23T15:54:33.861Z INFO  client] Sending sample transaction 236
[2022-07-23T15:54:33.910Z INFO  client] Sending sample transaction 237
[2022-07-23T15:54:33.961Z INFO  client] Sending sample transaction 238
[2022-07-23T15:54:34.027Z INFO  client] Sending sample transaction 239
[2022-07-23T15:54:34.069Z INFO  client] Sending sample transaction 240
[2022-07-23T15:54:34.110Z INFO  client] Sending sample transaction 241
[2022-07-23T15:54:34.160Z INFO  client] Sending sample transaction 242
[2022-07-23T15:54:34.210Z INFO  client] Sending sample transaction 243
[2022-07-23T15:54:34.261Z INFO  client] Sending sample transaction 244
[2022-07-23T15:54:34.310Z INFO  client] Sending sample transaction 245
[2022-07-23T15:54:34.360Z INFO  client] Sending sample transaction 246
[2022-07-23T15:54:34.410Z INFO  client] Sending sample transaction 247
[2022-07-23T15:54:34.473Z INFO  client] Sending sample transaction 248
[2022-07-23T15:54:34.510Z INFO  client] Sending sample transaction 249
[2022-07-23T15:54:34.561Z INFO  client] Sending sample transaction 250
[2022-07-23T15:54:34.610Z INFO  client] Sending sample transaction 251
[2022-07-23T15:54:34.661Z INFO  client] Sending sample transaction 252
[2022-07-23T15:54:34.711Z INFO  client] Sending sample transaction 253
[2022-07-23T15:54:34.760Z INFO  client] Sending sample transaction 254
[2022-07-23T15:54:34.811Z INFO  client] Sending sample transaction 255
[2022-07-23T15:54:34.862Z INFO  client] Sending sample transaction 256
[2022-07-23T15:54:34.911Z INFO  client] Sending sample transaction 257
[2022-07-23T15:54:34.961Z INFO  client] Sending sample transaction 258
[2022-07-23T15:54:35.012Z INFO  client] Sending sample transaction 259
[2022-07-23T15:54:35.061Z INFO  client] Sending sample transaction 260
[2022-07-23T15:54:35.111Z INFO  client] Sending sample transaction 261
[2022-07-23T15:54:35.160Z INFO  client] Sending sample transaction 262
[2022-07-23T15:54:35.211Z INFO  client] Sending sample transaction 263
[2022-07-23T15:54:35.264Z INFO  client] Sending sample transaction 264
[2022-07-23T15:54:35.311Z INFO  client] Sending sample transaction 265
[2022-07-23T15:54:35.361Z INFO  client] Sending sample transaction 266
[2022-07-23T15:54:35.411Z INFO  client] Sending sample transaction 267
[2022-07-23T15:54:35.461Z INFO  client] Sending sample transaction 268
[2022-07-23T15:54:35.511Z INFO  client] Sending sample transaction 269
[2022-07-23T15:54:35.561Z INFO  client] Sending sample transaction 270
[2022-07-23T15:54:35.611Z INFO  client] Sending sample transaction 271
[2022-07-23T15:54:35.662Z INFO  client] Sending sample transaction 272
[2022-07-23T15:54:35.743Z INFO  client] Sending sample transaction 273
[2022-07-23T15:54:35.784Z INFO  client] Sending sample transaction 274
[2022-07-23T15:54:35.811Z INFO  client] Sending sample transaction 275
[2022-07-23T15:54:35.861Z INFO  client] Sending sample transaction 276
[2022-07-23T15:54:35.911Z INFO  client] Sending sample transaction 277
[2022-07-23T15:54:35.963Z INFO  client] Sending sample transaction 278
[2022-07-23T15:54:36.010Z INFO  client] Sending sample transaction 279
[2022-07-23T15:54:36.060Z INFO  client] Sending sample transaction 280
[2022-07-23T15:54:36.112Z INFO  client] Sending sample transaction 281
[2022-07-23T15:54:36.161Z INFO  client] Sending sample transaction 282
[2022-07-23T15:54:36.210Z INFO  client] Sending sample transaction 283
[2022-07-23T15:54:36.261Z INFO  client] Sending sample transaction 284
[2022-07-23T15:54:36.311Z INFO  client] Sending sample transaction 285
[2022-07-23T15:54:36.361Z INFO  client] Sending sample transaction 286
[2022-07-23T15:54:36.412Z INFO  client] Sending sample transaction 287
[2022-07-23T15:54:36.460Z INFO  client] Sending sample transaction 288
[2022-07-23T15:54:36.521Z INFO  client] Sending sample transaction 289
[2022-07-23T15:54:36.560Z INFO  client] Sending sample transaction 290
[2022-07-23T15:54:36.611Z INFO  client] Sending sample transaction 291
[2022-07-23T15:54:36.662Z INFO  client] Sending sample transaction 292
[2022-07-23T15:54:36.714Z INFO  client] Sending sample transaction 293
[2022-07-23T15:54:36.760Z INFO  client] Sending sample transaction 294
[2022-07-23T15:54:36.811Z INFO  client] Sending sample transaction 295
[2022-07-23T15:54:36.861Z INFO  client] Sending sample transaction 296
[2022-07-23T15:54:36.913Z INFO  client] Sending sample transaction 297
[2022-07-23T15:54:36.961Z INFO  client] Sending sample transaction 298
[2022-07-23T15:54:37.011Z INFO  client] Sending sample transaction 299
[2022-07-23T15:54:37.061Z INFO  client] Sending sample transaction 300
[2022-07-23T15:54:37.111Z INFO  client] Sending sample transaction 301
[2022-07-23T15:54:37.161Z INFO  client] Sending sample transaction 302
[2022-07-23T15:54:37.211Z INFO  client] Sending sample transaction 303
[2022-07-23T15:54:37.261Z INFO  client] Sending sample transaction 304
[2022-07-23T15:54:37.312Z INFO  client] Sending sample transaction 305
[2022-07-23T15:54:37.360Z INFO  client] Sending sample transaction 306
[2022-07-23T15:54:37.411Z INFO  client] Sending sample transaction 307
[2022-07-23T15:54:37.460Z INFO  client] Sending sample transaction 308
[2022-07-23T15:54:37.514Z INFO  client] Sending sample transaction 309
[2022-07-23T15:54:37.566Z INFO  client] Sending sample transaction 310
[2022-07-23T15:54:37.610Z INFO  client] Sending sample transaction 311
[2022-07-23T15:54:37.661Z INFO  client] Sending sample transaction 312
[2022-07-23T15:54:37.710Z INFO  client] Sending sample transaction 313
[2022-07-23T15:54:37.763Z INFO  client] Sending sample transaction 314
[2022-07-23T15:54:37.810Z INFO  client] Sending sample transaction 315
[2022-07-23T15:54:37.860Z INFO  client] Sending sample transaction 316
[2022-07-23T15:54:37.911Z INFO  client] Sending sample transaction 317
[2022-07-23T15:54:37.970Z INFO  client] Sending sample transaction 318
[2022-07-23T15:54:38.014Z INFO  client] Sending sample transaction 319
[2022-07-23T15:54:38.060Z INFO  client] Sending sample transaction 320
[2022-07-23T15:54:38.110Z INFO  client] Sending sample transaction 321
[2022-07-23T15:54:38.161Z INFO  client] Sending sample transaction 322
[2022-07-23T15:54:38.211Z INFO  client] Sending sample transaction 323
[2022-07-23T15:54:38.260Z INFO  client] Sending sample transaction 324
[2022-07-23T15:54:38.313Z INFO  client] Sending sample transaction 325
[2022-07-23T15:54:38.361Z INFO  client] Sending sample transaction 326
[2022-07-23T15:54:38.412Z INFO  client] Sending sample transaction 327
[2022-07-23T15:54:38.461Z INFO  client] Sending sample transaction 328
[2022-07-23T15:54:38.513Z INFO  client] Sending sample transaction 329
[2022-07-23T15:54:38.561Z INFO  client] Sending sample transaction 330
[2022-07-23T15:54:38.610Z INFO  client] Sending sample transaction 331
[2022-07-23T15:54:38.668Z INFO  client] Sending sample transaction 332
[2022-07-23T15:54:38.711Z INFO  client] Sending sample transaction 333
[2022-07-23T15:54:38.761Z INFO  client] Sending sample transaction 334
[2022-07-23T15:54:38.810Z INFO  client] Sending sample transaction 335
[2022-07-23T15:54:38.862Z INFO  client] Sending sample transaction 336
[2022-07-23T15:54:38.911Z INFO  client] Sending sample transaction 337
[2022-07-23T15:54:38.961Z INFO  client] Sending sample transaction 338
[2022-07-23T15:54:39.011Z INFO  client] Sending sample transaction 339
[2022-07-23T15:54:39.060Z INFO  client] Sending sample transaction 340
[2022-07-23T15:54:39.110Z INFO  client] Sending sample transaction 341
[2022-07-23T15:54:39.161Z INFO  client] Sending sample transaction 342
[2022-07-23T15:54:39.211Z INFO  client] Sending sample transaction 343
[2022-07-23T15:54:39.267Z INFO  client] Sending sample transaction 344
[2022-07-23T15:54:39.311Z INFO  client] Sending sample transaction 345
[2022-07-23T15:54:39.361Z INFO  client] Sending sample transaction 346
[2022-07-23T15:54:39.411Z INFO  client] Sending sample transaction 347
[2022-07-23T15:54:39.460Z INFO  client] Sending sample transaction 348
[2022-07-23T15:54:39.512Z INFO  client] Sending sample transaction 349
[2022-07-23T15:54:39.560Z INFO  client] Sending sample transaction 350
[2022-07-23T15:54:39.610Z INFO  client] Sending sample transaction 351
[2022-07-23T15:54:39.660Z INFO  client] Sending sample transaction 352
[2022-07-23T15:54:39.710Z INFO  client] Sending sample transaction 353
[2022-07-23T15:54:39.761Z INFO  client] Sending sample transaction 354
[2022-07-23T15:54:39.828Z INFO  client] Sending sample transaction 355
[2022-07-23T15:54:39.861Z INFO  client] Sending sample transaction 356
[2022-07-23T15:54:39.910Z INFO  client] Sending sample transaction 357
[2022-07-23T15:54:39.960Z INFO  client] Sending sample transaction 358
[2022-07-23T15:54:40.010Z INFO  client] Sending sample transaction 359
[2022-07-23T15:54:40.061Z INFO  client] Sending sample transaction 360
[2022-07-23T15:54:40.111Z INFO  client] Sending sample transaction 361
[2022-07-23T15:54:40.160Z INFO  client] Sending sample transaction 362
[2022-07-23T15:54:40.211Z INFO  client] Sending sample transaction 363
[2022-07-23T15:54:40.260Z INFO  client] Sending sample transaction 364
[2022-07-23T15:54:40.311Z INFO  client] Sending sample transaction 365
[2022-07-23T15:54:40.361Z INFO  client] Sending sample transaction 366
[2022-07-23T15:54:40.411Z INFO  client] Sending sample transaction 367
[2022-07-23T15:54:40.461Z INFO  client] Sending sample transaction 368
[2022-07-23T15:54:40.511Z INFO  client] Sending sample transaction 369
[2022-07-23T15:54:40.560Z INFO  client] Sending sample transaction 370
[2022-07-23T15:54:40.610Z INFO  client] Sending sample transaction 371
[2022-07-23T15:54:40.678Z INFO  client] Sending sample transaction 372
[2022-07-23T15:54:40.712Z INFO  client] Sending sample transaction 373
[2022-07-23T15:54:40.764Z INFO  client] Sending sample transaction 374
[2022-07-23T15:54:40.810Z INFO  client] Sending sample transaction 375
[2022-07-23T15:54:40.862Z INFO  client] Sending sample transaction 376
[2022-07-23T15:54:40.910Z INFO  client] Sending sample transaction 377
[2022-07-23T15:54:40.960Z INFO  client] Sending sample transaction 378
[2022-07-23T15:54:41.010Z INFO  client] Sending sample transaction 379
[2022-07-23T15:54:41.060Z INFO  client] Sending sample transaction 380
[2022-07-23T15:54:41.111Z INFO  client] Sending sample transaction 381
[2022-07-23T15:54:41.160Z INFO  client] Sending sample transaction 382
[2022-07-23T15:54:41.211Z INFO  client] Sending sample transaction 383
[2022-07-23T15:54:41.261Z INFO  client] Sending sample transaction 384
[2022-07-23T15:54:41.333Z INFO  client] Sending sample transaction 385
[2022-07-23T15:54:41.361Z INFO  client] Sending sample transaction 386
[2022-07-23T15:54:41.411Z INFO  client] Sending sample transaction 387
[2022-07-23T15:54:41.461Z INFO  client] Sending sample transaction 388
[2022-07-23T15:54:41.511Z INFO  client] Sending sample transaction 389
[2022-07-23T15:54:41.560Z INFO  client] Sending sample transaction 390
[2022-07-23T15:54:41.611Z INFO  client] Sending sample transaction 391
[2022-07-23T15:54:41.660Z INFO  client] Sending sample transaction 392
[2022-07-23T15:54:41.711Z INFO  client] Sending sample transaction 393
[2022-07-23T15:54:41.762Z INFO  client] Sending sample transaction 394
[2022-07-23T15:54:41.811Z INFO  client] Sending sample transaction 395
[2022-07-23T15:54:41.861Z INFO  client] Sending sample transaction 396
[2022-07-23T15:54:41.911Z INFO  client] Sending sample transaction 397
[2022-07-23T15:54:41.986Z INFO  client] Sending sample transaction 398
[2022-07-23T15:54:42.011Z INFO  client] Sending sample transaction 399
[2022-07-23T15:54:42.061Z INFO  client] Sending sample transaction 400
[2022-07-23T15:54:42.111Z INFO  client] Sending sample transaction 401
[2022-07-23T15:54:42.162Z INFO  client] Sending sample transaction 402
[2022-07-23T15:54:42.210Z INFO  client] Sending sample transaction 403
[2022-07-23T15:54:42.261Z INFO  client] Sending sample transaction 404
[2022-07-23T15:54:42.311Z INFO  client] Sending sample transaction 405
[2022-07-23T15:54:42.360Z INFO  client] Sending sample transaction 406
[2022-07-23T15:54:42.410Z INFO  client] Sending sample transaction 407
[2022-07-23T15:54:42.460Z INFO  client] Sending sample transaction 408
[2022-07-23T15:54:42.512Z INFO  client] Sending sample transaction 409
[2022-07-23T15:54:42.561Z INFO  client] Sending sample transaction 410
[2022-07-23T15:54:42.611Z INFO  client] Sending sample transaction 411
[2022-07-23T15:54:42.661Z INFO  client] Sending sample transaction 412
[2022-07-23T15:54:42.710Z INFO  client] Sending sample transaction 413
[2022-07-23T15:54:42.760Z INFO  client] Sending sample transaction 414
[2022-07-23T15:54:42.850Z INFO  client] Sending sample transaction 415
[2022-07-23T15:54:42.873Z INFO  client] Sending sample transaction 416
[2022-07-23T15:54:42.913Z INFO  client] Sending sample transaction 417
[2022-07-23T15:54:42.962Z INFO  client] Sending sample transaction 418
[2022-07-23T15:54:43.011Z INFO  client] Sending sample transaction 419
[2022-07-23T15:54:43.060Z INFO  client] Sending sample transaction 420
[2022-07-23T15:54:43.111Z INFO  client] Sending sample transaction 421
[2022-07-23T15:54:43.161Z INFO  client] Sending sample transaction 422
[2022-07-23T15:54:43.210Z INFO  client] Sending sample transaction 423
[2022-07-23T15:54:43.260Z INFO  client] Sending sample transaction 424
[2022-07-23T15:54:43.343Z INFO  client] Sending sample transaction 425
[2022-07-23T15:54:43.361Z INFO  client] Sending sample transaction 426
