[2022-07-23T16:29:25.001Z INFO  client] Node address: 127.0.0.1:9011
[2022-07-23T16:29:25.001Z INFO  client] Transactions size: 512 B
[2022-07-23T16:29:25.001Z INFO  client] Transactions rate: 112 tx/s
[2022-07-23T16:29:25.001Z INFO  client] Waiting for all nodes to be online...
[2022-07-23T16:29:25.001Z INFO  client] Waiting for all nodes to be synchronized...
[2022-07-23T16:29:27.015Z INFO  client] Start sending transactions
[2022-07-23T16:29:27.016Z INFO  client] Sending sample transaction 0
[2022-07-23T16:29:27.067Z INFO  client] Sending sample transaction 1
[2022-07-23T16:29:27.117Z INFO  client] Sending sample transaction 2
[2022-07-23T16:29:27.168Z INFO  client] Sending sample transaction 3
[2022-07-23T16:29:27.219Z INFO  client] Sending sample transaction 4
[2022-07-23T16:29:27.269Z INFO  client] Sending sample transaction 5
[2022-07-23T16:29:27.317Z INFO  client] Sending sample transaction 6
[2022-07-23T16:29:27.367Z INFO  client] Sending sample transaction 7
[2022-07-23T16:29:27.422Z INFO  client] Sending sample transaction 8
[2022-07-23T16:29:27.469Z INFO  client] Sending sample transaction 9
[2022-07-23T16:29:27.518Z INFO  client] Sending sample transaction 10
[2022-07-23T16:29:27.567Z INFO  client] Sending sample transaction 11
[2022-07-23T16:29:27.617Z INFO  client] Sending sample transaction 12
[2022-07-23T16:29:27.668Z INFO  client] Sending sample transaction 13
[2022-07-23T16:29:27.719Z INFO  client] Sending sample transaction 14
[2022-07-23T16:29:27.767Z INFO  client] Sending sample transaction 15
[2022-07-23T16:29:27.818Z INFO  client] Sending sample transaction 16
[2022-07-23T16:29:27.869Z INFO  client] Sending sample transaction 17
[2022-07-23T16:29:27.917Z INFO  client] Sending sample transaction 18
[2022-07-23T16:29:27.967Z INFO  client] Sending sample transaction 19
[2022-07-23T16:29:28.024Z INFO  client] Sending sample transaction 20
[2022-07-23T16:29:28.092Z INFO  client] Sending sample transaction 21
[2022-07-23T16:29:28.117Z INFO  client] Sending sample transaction 22
[2022-07-23T16:29:28.173Z INFO  client] Sending sample transaction 23
[2022-07-23T16:29:28.218Z INFO  client] Sending sample transaction 24
[2022-07-23T16:29:28.266Z INFO  client] Sending sample transaction 25
[2022-07-23T16:29:28.321Z INFO  client] Sending sample transaction 26
[2022-07-23T16:29:28.368Z INFO  client] Sending sample transaction 27
[2022-07-23T16:29:28.418Z INFO  client] Sending sample transaction 28
[2022-07-23T16:29:28.467Z INFO  client] Sending sample transaction 29
[2022-07-23T16:29:28.516Z INFO  client] Sending sample transaction 30
[2022-07-23T16:29:28.567Z INFO  client] Sending sample transaction 31
[2022-07-23T16:29:28.617Z INFO  client] Sending sample transaction 32
[2022-07-23T16:29:28.670Z INFO  client] Sending sample transaction 33
[2022-07-23T16:29:28.719Z INFO  client] Sending sample transaction 34
[2022-07-23T16:29:28.769Z INFO  client] Sending sample transaction 35
[2022-07-23T16:29:28.816Z INFO  client] Sending sample transaction 36
[2022-07-23T16:29:28.868Z INFO  client] Sending sample transaction 37
[2022-07-23T16:29:28.918Z INFO  client] Sending sample transaction 38
[2022-07-23T16:29:28.968Z INFO  client] Sending sample transaction 39
[2022-07-23T16:29:29.017Z INFO  client] Sending sample transaction 40
[2022-07-23T16:29:29.067Z INFO  client] Sending sample transaction 41
[2022-07-23T16:29:29.117Z INFO  client] Sending sample transaction 42
[2022-07-23T16:29:29.167Z INFO  client] Sending sample transaction 43
[2022-07-23T16:29:29.219Z INFO  client] Sending sample transaction 44
[2022-07-23T16:29:29.266Z INFO  client] Sending sample transaction 45
[2022-07-23T16:29:29.317Z INFO  client] Sending sample transaction 46
[2022-07-23T16:29:29.367Z INFO  client] Sending sample transaction 47
[2022-07-23T16:29:29.417Z INFO  client] Sending sample transaction 48
[2022-07-23T16:29:29.467Z INFO  client] Sending sample transaction 49
[2022-07-23T16:29:29.519Z INFO  client] Sending sample transaction 50
[2022-07-23T16:29:29.568Z INFO  client] Sending sample transaction 51
[2022-07-23T16:29:29.632Z INFO  client] Sending sample transaction 52
[2022-07-23T16:29:29.667Z INFO  client] Sending sample transaction 53
[2022-07-23T16:29:29.718Z INFO  client] Sending sample transaction 54
[2022-07-23T16:29:29.771Z INFO  client] Sending sample transaction 55
[2022-07-23T16:29:29.818Z INFO  client] Sending sample transaction 56
[2022-07-23T16:29:29.867Z INFO  client] Sending sample transaction 57
[2022-07-23T16:29:29.917Z INFO  client] Sending sample transaction 58
[2022-07-23T16:29:29.973Z INFO  client] Sending sample transaction 59
[2022-07-23T16:29:30.017Z INFO  client] Sending sample transaction 60
[2022-07-23T16:29:30.067Z INFO  client] Sending sample transaction 61
[2022-07-23T16:29:30.120Z INFO  client] Sending sample transaction 62
[2022-07-23T16:29:30.168Z INFO  client] Sending sample transaction 63
[2022-07-23T16:29:30.217Z INFO  client] Sending sample transaction 64
[2022-07-23T16:29:30.271Z INFO  client] Sending sample transaction 65
[2022-07-23T16:29:30.320Z INFO  client] Sending sample transaction 66
[2022-07-23T16:29:30.367Z INFO  client] Sending sample transaction 67
[2022-07-23T16:29:30.418Z INFO  client] Sending sample transaction 68
[2022-07-23T16:29:30.467Z INFO  client] Sending sample transaction 69
[2022-07-23T16:29:30.517Z INFO  client] Sending sample transaction 70
[2022-07-23T16:29:30.566Z INFO  client] Sending sample transaction 71
[2022-07-23T16:29:30.618Z INFO  client] Sending sample transaction 72
[2022-07-23T16:29:30.667Z INFO  client] Sending sample transaction 73
[2022-07-23T16:29:30.717Z INFO  client] Sending sample transaction 74
[2022-07-23T16:29:30.768Z INFO  client] Sending sample transaction 75
[2022-07-23T16:29:30.818Z INFO  client] Sending sample transaction 76
[2022-07-23T16:29:30.867Z INFO  client] Sending sample transaction 77
[2022-07-23T16:29:30.917Z INFO  client] Sending sample transaction 78
[2022-07-23T16:29:30.967Z INFO  client] Sending sample transaction 79
[2022-07-23T16:29:31.016Z INFO  client] Sending sample transaction 80
[2022-07-23T16:29:31.067Z INFO  client] Sending sample transaction 81
[2022-07-23T16:29:31.118Z INFO  client] Sending sample transaction 82
[2022-07-23T16:29:31.167Z INFO  client] Sending sample transaction 83
[2022-07-23T16:29:31.217Z INFO  client] Sending sample transaction 84
[2022-07-23T16:29:31.267Z INFO  client] Sending sample transaction 85
[2022-07-23T16:29:31.317Z INFO  client] Sending sample transaction 86
[2022-07-23T16:29:31.366Z INFO  client] Sending sample transaction 87
[2022-07-23T16:29:31.416Z INFO  client] Sending sample transaction 88
[2022-07-23T16:29:31.466Z INFO  client] Sending sample transaction 89
[2022-07-23T16:29:31.517Z INFO  client] Sending sample transaction 90
[2022-07-23T16:29:31.568Z INFO  client] Sending sample transaction 91
[2022-07-23T16:29:31.617Z INFO  client] Sending sample transaction 92
[2022-07-23T16:29:31.667Z INFO  client] Sending sample transaction 93
[2022-07-23T16:29:31.717Z INFO  client] Sending sample transaction 94
[2022-07-23T16:29:31.767Z INFO  client] Sending sample transaction 95
[2022-07-23T16:29:31.816Z INFO  client] Sending sample transaction 96
[2022-07-23T16:29:31.867Z INFO  client] Sending sample transaction 97
[2022-07-23T16:29:31.917Z INFO  client] Sending sample transaction 98
[2022-07-23T16:29:31.967Z INFO  client] Sending sample transaction 99
[2022-07-23T16:29:32.017Z INFO  client] Sending sample transaction 100
[2022-07-23T16:29:32.066Z INFO  client] Sending sample transaction 101
[2022-07-23T16:29:32.117Z INFO  client] Sending sample transaction 102
[2022-07-23T16:29:32.167Z INFO  client] Sending sample transaction 103
[2022-07-23T16:29:32.218Z INFO  client] Sending sample transaction 104
[2022-07-23T16:29:32.266Z INFO  client] Sending sample transaction 105
[2022-07-23T16:29:32.316Z INFO  client] Sending sample transaction 106
[2022-07-23T16:29:32.379Z INFO  client] Sending sample transaction 107
[2022-07-23T16:29:32.430Z INFO  client] Sending sample transaction 108
[2022-07-23T16:29:32.467Z INFO  client] Sending sample transaction 109
[2022-07-23T16:29:32.516Z INFO  client] Sending sample transaction 110
[2022-07-23T16:29:32.567Z INFO  client] Sending sample transaction 111
[2022-07-23T16:29:32.617Z INFO  client] Sending sample transaction 112
[2022-07-23T16:29:32.667Z INFO  client] Sending sample transaction 113
[2022-07-23T16:29:32.716Z INFO  client] Sending sample transaction 114
[2022-07-23T16:29:32.768Z INFO  client] Sending sample transaction 115
[2022-07-23T16:29:32.817Z INFO  client] Sending sample transaction 116
[2022-07-23T16:29:32.867Z INFO  client] Sending sample transaction 117
[2022-07-23T16:29:32.917Z INFO  client] Sending sample transaction 118
[2022-07-23T16:29:32.967Z INFO  client] Sending sample transaction 119
[2022-07-23T16:29:33.017Z INFO  client] Sending sample transaction 120
[2022-07-23T16:29:33.067Z INFO  client] Sending sample transaction 121
[2022-07-23T16:29:33.116Z INFO  client] Sending sample transaction 122
[2022-07-23T16:29:33.168Z INFO  client] Sending sample transaction 123
[2022-07-23T16:29:33.218Z INFO  client] Sending sample transaction 124
[2022-07-23T16:29:33.267Z INFO  client] Sending sample transaction 125
[2022-07-23T16:29:33.317Z INFO  client] Sending sample transaction 126
[2022-07-23T16:29:33.366Z INFO  client] Sending sample transaction 127
[2022-07-23T16:29:33.417Z INFO  client] Sending sample transaction 128
[2022-07-23T16:29:33.476Z INFO  client] Sending sample transaction 129
[2022-07-23T16:29:33.516Z INFO  client] Sending sample transaction 130
[2022-07-23T16:29:33.567Z INFO  client] Sending sample transaction 131
[2022-07-23T16:29:33.616Z INFO  client] Sending sample transaction 132
[2022-07-23T16:29:33.668Z INFO  client] Sending sample transaction 133
[2022-07-23T16:29:33.717Z INFO  client] Sending sample transaction 134
[2022-07-23T16:29:33.766Z INFO  client] Sending sample transaction 135
[2022-07-23T16:29:33.818Z INFO  client] Sending sample transaction 136
[2022-07-23T16:29:33.867Z INFO  client] Sending sample transaction 137
[2022-07-23T16:29:33.917Z INFO  client] Sending sample transaction 138
[2022-07-23T16:29:33.967Z INFO  client] Sending sample transaction 139
[2022-07-23T16:29:34.016Z INFO  client] Sending sample transaction 140
[2022-07-23T16:29:34.067Z INFO  client] Sending sample transaction 141
[2022-07-23T16:29:34.117Z INFO  client] Sending sample transaction 142
[2022-07-23T16:29:34.166Z INFO  client] Sending sample transaction 143
[2022-07-23T16:29:34.217Z INFO  client] Sending sample transaction 144
[2022-07-23T16:29:34.267Z INFO  client] Sending sample transaction 145
[2022-07-23T16:29:34.317Z INFO  client] Sending sample transaction 146
[2022-07-23T16:29:34.367Z INFO  client] Sending sample transaction 147
[2022-07-23T16:29:34.417Z INFO  client] Sending sample transaction 148
[2022-07-23T16:29:34.467Z INFO  client] Sending sample transaction 149
[2022-07-23T16:29:34.521Z INFO  client] Sending sample transaction 150
[2022-07-23T16:29:34.567Z INFO  client] Sending sample transaction 151
[2022-07-23T16:29:34.617Z INFO  client] Sending sample transaction 152
[2022-07-23T16:29:34.667Z INFO  client] Sending sample transaction 153
[2022-07-23T16:29:34.717Z INFO  client] Sending sample transaction 154
[2022-07-23T16:29:34.767Z INFO  client] Sending sample transaction 155
[2022-07-23T16:29:34.817Z INFO  client] Sending sample transaction 156
[2022-07-23T16:29:34.867Z INFO  client] Sending sample transaction 157
[2022-07-23T16:29:34.918Z INFO  client] Sending sample transaction 158
[2022-07-23T16:29:34.967Z INFO  client] Sending sample transaction 159
[2022-07-23T16:29:35.017Z INFO  client] Sending sample transaction 160
[2022-07-23T16:29:35.066Z INFO  client] Sending sample transaction 161
[2022-07-23T16:29:35.117Z INFO  client] Sending sample transaction 162
[2022-07-23T16:29:35.167Z INFO  client] Sending sample transaction 163
[2022-07-23T16:29:35.217Z INFO  client] Sending sample transaction 164
[2022-07-23T16:29:35.267Z INFO  client] Sending sample transaction 165
[2022-07-23T16:29:35.317Z INFO  client] Sending sample transaction 166
[2022-07-23T16:29:35.367Z INFO  client] Sending sample transaction 167
[2022-07-23T16:29:35.417Z INFO  client] Sending sample transaction 168
[2022-07-23T16:29:35.468Z INFO  client] Sending sample transaction 169
[2022-07-23T16:29:35.516Z INFO  client] Sending sample transaction 170
[2022-07-23T16:29:35.568Z INFO  client] Sending sample transaction 171
[2022-07-23T16:29:35.617Z INFO  client] Sending sample transaction 172
[2022-07-23T16:29:35.666Z INFO  client] Sending sample transaction 173
[2022-07-23T16:29:35.718Z INFO  client] Sending sample transaction 174
[2022-07-23T16:29:35.767Z INFO  client] Sending sample transaction 175
[2022-07-23T16:29:35.817Z INFO  client] Sending sample transaction 176
[2022-07-23T16:29:35.866Z INFO  client] Sending sample transaction 177
[2022-07-23T16:29:35.918Z INFO  client] Sending sample transaction 178
[2022-07-23T16:29:35.967Z INFO  client] Sending sample transaction 179
[2022-07-23T16:29:36.017Z INFO  client] Sending sample transaction 180
[2022-07-23T16:29:36.066Z INFO  client] Sending sample transaction 181
[2022-07-23T16:29:36.117Z INFO  client] Sending sample transaction 182
[2022-07-23T16:29:36.166Z INFO  client] Sending sample transaction 183
[2022-07-23T16:29:36.217Z INFO  client] Sending sample transaction 184
[2022-07-23T16:29:36.266Z INFO  client] Sending sample transaction 185
[2022-07-23T16:29:36.317Z INFO  client] Sending sample transaction 186
[2022-07-23T16:29:36.366Z INFO  client] Sending sample transaction 187
[2022-07-23T16:29:36.417Z INFO  client] Sending sample transaction 188
[2022-07-23T16:29:36.467Z INFO  client] Sending sample transaction 189
[2022-07-23T16:29:36.517Z INFO  client] Sending sample transaction 190
[2022-07-23T16:29:36.567Z INFO  client] Sending sample transaction 191
[2022-07-23T16:29:36.620Z INFO  client] Sending sample transaction 192
[2022-07-23T16:29:36.667Z INFO  client] Sending sample transaction 193
[2022-07-23T16:29:36.718Z INFO  client] Sending sample transaction 194
[2022-07-23T16:29:36.766Z INFO  client] Sending sample transaction 195
[2022-07-23T16:29:36.817Z INFO  client] Sending sample transaction 196
[2022-07-23T16:29:36.867Z INFO  client] Sending sample transaction 197
[2022-07-23T16:29:36.917Z INFO  client] Sending sample transaction 198
[2022-07-23T16:29:36.968Z INFO  client] Sending sample transaction 199
[2022-07-23T16:29:37.017Z INFO  client] Sending sample transaction 200
[2022-07-23T16:29:37.067Z INFO  client] Sending sample transaction 201
[2022-07-23T16:29:37.116Z INFO  client] Sending sample transaction 202
[2022-07-23T16:29:37.167Z INFO  client] Sending sample transaction 203
[2022-07-23T16:29:37.216Z INFO  client] Sending sample transaction 204
[2022-07-23T16:29:37.266Z INFO  client] Sending sample transaction 205
[2022-07-23T16:29:37.316Z INFO  client] Sending sample transaction 206
[2022-07-23T16:29:37.367Z INFO  client] Sending sample transaction 207
[2022-07-23T16:29:37.417Z INFO  client] Sending sample transaction 208
[2022-07-23T16:29:37.466Z INFO  client] Sending sample transaction 209
[2022-07-23T16:29:37.517Z INFO  client] Sending sample transaction 210
[2022-07-23T16:29:37.567Z INFO  client] Sending sample transaction 211
[2022-07-23T16:29:37.617Z INFO  client] Sending sample transaction 212
[2022-07-23T16:29:37.668Z INFO  client] Sending sample transaction 213
[2022-07-23T16:29:37.717Z INFO  client] Sending sample transaction 214
[2022-07-23T16:29:37.767Z INFO  client] Sending sample transaction 215
[2022-07-23T16:29:37.817Z INFO  client] Sending sample transaction 216
[2022-07-23T16:29:37.867Z INFO  client] Sending sample transaction 217
[2022-07-23T16:29:37.917Z INFO  client] Sending sample transaction 218
[2022-07-23T16:29:37.967Z INFO  client] Sending sample transaction 219
[2022-07-23T16:29:38.017Z INFO  client] Sending sample transaction 220
[2022-07-23T16:29:38.067Z INFO  client] Sending sample transaction 221
[2022-07-23T16:29:38.117Z INFO  client] Sending sample transaction 222
[2022-07-23T16:29:38.168Z INFO  client] Sending sample transaction 223
[2022-07-23T16:29:38.217Z INFO  client] Sending sample transaction 224
[2022-07-23T16:29:38.267Z INFO  client] Sending sample transaction 225
[2022-07-23T16:29:38.317Z INFO  client] Sending sample transaction 226
[2022-07-23T16:29:38.366Z INFO  client] Sending sample transaction 227
[2022-07-23T16:29:38.417Z INFO  client] Sending sample transaction 228
[2022-07-23T16:29:38.467Z INFO  client] Sending sample transaction 229
[2022-07-23T16:29:38.517Z INFO  client] Sending sample transaction 230
[2022-07-23T16:29:38.566Z INFO  client] Sending sample transaction 231
[2022-07-23T16:29:38.617Z INFO  client] Sending sample transaction 232
[2022-07-23T16:29:38.667Z INFO  client] Sending sample transaction 233
[2022-07-23T16:29:38.725Z INFO  client] Sending sample transaction 234
[2022-07-23T16:29:38.767Z INFO  client] Sending sample transaction 235
[2022-07-23T16:29:38.817Z INFO  client] Sending sample transaction 236
[2022-07-23T16:29:38.866Z INFO  client] Sending sample transaction 237
[2022-07-23T16:29:38.917Z INFO  client] Sending sample transaction 238
[2022-07-23T16:29:38.966Z INFO  client] Sending sample transaction 239
[2022-07-23T16:29:39.016Z INFO  client] Sending sample transaction 240
[2022-07-23T16:29:39.068Z INFO  client] Sending sample transaction 241
[2022-07-23T16:29:39.117Z INFO  client] Sending sample transaction 242
[2022-07-23T16:29:39.168Z INFO  client] Sending sample transaction 243
[2022-07-23T16:29:39.218Z INFO  client] Sending sample transaction 244
[2022-07-23T16:29:39.267Z INFO  client] Sending sample transaction 245
[2022-07-23T16:29:39.317Z INFO  client] Sending sample transaction 246
[2022-07-23T16:29:39.367Z INFO  client] Sending sample transaction 247
[2022-07-23T16:29:39.418Z INFO  client] Sending sample transaction 248
[2022-07-23T16:29:39.468Z INFO  client] Sending sample transaction 249
[2022-07-23T16:29:39.517Z INFO  client] Sending sample transaction 250
[2022-07-23T16:29:39.567Z INFO  client] Sending sample transaction 251
[2022-07-23T16:29:39.617Z INFO  client] Sending sample transaction 252
[2022-07-23T16:29:39.667Z INFO  client] Sending sample transaction 253
[2022-07-23T16:29:39.717Z INFO  client] Sending sample transaction 254
[2022-07-23T16:29:39.767Z INFO  client] Sending sample transaction 255
[2022-07-23T16:29:39.817Z INFO  client] Sending sample transaction 256
[2022-07-23T16:29:39.867Z INFO  client] Sending sample transaction 257
[2022-07-23T16:29:39.917Z INFO  client] Sending sample transaction 258
[2022-07-23T16:29:39.967Z INFO  client] Sending sample transaction 259
[2022-07-23T16:29:40.016Z INFO  client] Sending sample transaction 260
[2022-07-23T16:29:40.067Z INFO  client] Sending sample transaction 261
[2022-07-23T16:29:40.117Z INFO  client] Sending sample transaction 262
[2022-07-23T16:29:40.167Z INFO  client] Sending sample transaction 263
[2022-07-23T16:29:40.217Z INFO  client] Sending sample transaction 264
[2022-07-23T16:29:40.267Z INFO  client] Sending sample transaction 265
[2022-07-23T16:29:40.316Z INFO  client] Sending sample transaction 266
[2022-07-23T16:29:40.367Z INFO  client] Sending sample transaction 267
[2022-07-23T16:29:40.418Z INFO  client] Sending sample transaction 268
[2022-07-23T16:29:40.467Z INFO  client] Sending sample transaction 269
[2022-07-23T16:29:40.517Z INFO  client] Sending sample transaction 270
[2022-07-23T16:29:40.566Z INFO  client] Sending sample transaction 271
[2022-07-23T16:29:40.617Z INFO  client] Sending sample transaction 272
[2022-07-23T16:29:40.667Z INFO  client] Sending sample transaction 273
[2022-07-23T16:29:40.717Z INFO  client] Sending sample transaction 274
[2022-07-23T16:29:40.774Z INFO  client] Sending sample transaction 275
[2022-07-23T16:29:40.818Z INFO  client] Sending sample transaction 276
[2022-07-23T16:29:40.868Z INFO  client] Sending sample transaction 277
[2022-07-23T16:29:40.917Z INFO  client] Sending sample transaction 278
[2022-07-23T16:29:40.967Z INFO  client] Sending sample transaction 279
[2022-07-23T16:29:41.017Z INFO  client] Sending sample transaction 280
[2022-07-23T16:29:41.068Z INFO  client] Sending sample transaction 281
[2022-07-23T16:29:41.117Z INFO  client] Sending sample transaction 282
[2022-07-23T16:29:41.167Z INFO  client] Sending sample transaction 283
[2022-07-23T16:29:41.217Z INFO  client] Sending sample transaction 284
[2022-07-23T16:29:41.267Z INFO  client] Sending sample transaction 285
[2022-07-23T16:29:41.317Z INFO  client] Sending sample transaction 286
[2022-07-23T16:29:41.367Z INFO  client] Sending sample transaction 287
[2022-07-23T16:29:41.417Z INFO  client] Sending sample transaction 288
[2022-07-23T16:29:41.467Z INFO  client] Sending sample transaction 289
[2022-07-23T16:29:41.516Z INFO  client] Sending sample transaction 290
[2022-07-23T16:29:41.567Z INFO  client] Sending sample transaction 291
[2022-07-23T16:29:41.617Z INFO  client] Sending sample transaction 292
[2022-07-23T16:29:41.667Z INFO  client] Sending sample transaction 293
[2022-07-23T16:29:41.718Z INFO  client] Sending sample transaction 294
[2022-07-23T16:29:41.767Z INFO  client] Sending sample transaction 295
[2022-07-23T16:29:41.817Z INFO  client] Sending sample transaction 296
[2022-07-23T16:29:41.868Z INFO  client] Sending sample transaction 297
[2022-07-23T16:29:41.918Z INFO  client] Sending sample transaction 298
[2022-07-23T16:29:41.967Z INFO  client] Sending sample transaction 299
[2022-07-23T16:29:42.016Z INFO  client] Sending sample transaction 300
[2022-07-23T16:29:42.067Z INFO  client] Sending sample transaction 301
[2022-07-23T16:29:42.117Z INFO  client] Sending sample transaction 302
[2022-07-23T16:29:42.167Z INFO  client] Sending sample transaction 303
[2022-07-23T16:29:42.217Z INFO  client] Sending sample transaction 304
[2022-07-23T16:29:42.267Z INFO  client] Sending sample transaction 305
[2022-07-23T16:29:42.318Z INFO  client] Sending sample transaction 306
[2022-07-23T16:29:42.367Z INFO  client] Sending sample transaction 307
[2022-07-23T16:29:42.416Z INFO  client] Sending sample transaction 308
[2022-07-23T16:29:42.467Z INFO  client] Sending sample transaction 309
[2022-07-23T16:29:42.517Z INFO  client] Sending sample transaction 310
[2022-07-23T16:29:42.567Z INFO  client] Sending sample transaction 311
[2022-07-23T16:29:42.617Z INFO  client] Sending sample transaction 312
[2022-07-23T16:29:42.667Z INFO  client] Sending sample transaction 313
[2022-07-23T16:29:42.717Z INFO  client] Sending sample transaction 314
[2022-07-23T16:29:42.766Z INFO  client] Sending sample transaction 315
[2022-07-23T16:29:42.817Z INFO  client] Sending sample transaction 316
[2022-07-23T16:29:42.870Z INFO  client] Sending sample transaction 317
[2022-07-23T16:29:42.917Z INFO  client] Sending sample transaction 318
[2022-07-23T16:29:42.967Z INFO  client] Sending sample transaction 319
[2022-07-23T16:29:43.017Z INFO  client] Sending sample transaction 320
[2022-07-23T16:29:43.067Z INFO  client] Sending sample transaction 321
[2022-07-23T16:29:43.117Z INFO  client] Sending sample transaction 322
[2022-07-23T16:29:43.167Z INFO  client] Sending sample transaction 323
[2022-07-23T16:29:43.218Z INFO  client] Sending sample transaction 324
[2022-07-23T16:29:43.267Z INFO  client] Sending sample transaction 325
[2022-07-23T16:29:43.316Z INFO  client] Sending sample transaction 326
[2022-07-23T16:29:43.367Z INFO  client] Sending sample transaction 327
[2022-07-23T16:29:43.416Z INFO  client] Sending sample transaction 328
[2022-07-23T16:29:43.468Z INFO  client] Sending sample transaction 329
[2022-07-23T16:29:43.516Z INFO  client] Sending sample transaction 330
[2022-07-23T16:29:43.567Z INFO  client] Sending sample transaction 331
[2022-07-23T16:29:43.617Z INFO  client] Sending sample transaction 332
[2022-07-23T16:29:43.667Z INFO  client] Sending sample transaction 333
[2022-07-23T16:29:43.717Z INFO  client] Sending sample transaction 334
[2022-07-23T16:29:43.767Z INFO  client] Sending sample transaction 335
[2022-07-23T16:29:43.818Z INFO  client] Sending sample transaction 336
[2022-07-23T16:29:43.867Z INFO  client] Sending sample transaction 337
[2022-07-23T16:29:43.917Z INFO  client] Sending sample transaction 338
[2022-07-23T16:29:43.967Z INFO  client] Sending sample transaction 339
[2022-07-23T16:29:44.017Z INFO  client] Sending sample transaction 340
[2022-07-23T16:29:44.067Z INFO  client] Sending sample transaction 341
[2022-07-23T16:29:44.116Z INFO  client] Sending sample transaction 342
[2022-07-23T16:29:44.168Z INFO  client] Sending sample transaction 343
[2022-07-23T16:29:44.217Z INFO  client] Sending sample transaction 344
[2022-07-23T16:29:44.267Z INFO  client] Sending sample transaction 345
[2022-07-23T16:29:44.316Z INFO  client] Sending sample transaction 346
[2022-07-23T16:29:44.367Z INFO  client] Sending sample transaction 347
[2022-07-23T16:29:44.417Z INFO  client] Sending sample transaction 348
[2022-07-23T16:29:44.468Z INFO  client] Sending sample transaction 349
[2022-07-23T16:29:44.516Z INFO  client] Sending sample transaction 350
[2022-07-23T16:29:44.566Z INFO  client] Sending sample transaction 351
[2022-07-23T16:29:44.617Z INFO  client] Sending sample transaction 352
[2022-07-23T16:29:44.666Z INFO  client] Sending sample transaction 353
[2022-07-23T16:29:44.717Z INFO  client] Sending sample transaction 354
[2022-07-23T16:29:44.767Z INFO  client] Sending sample transaction 355
[2022-07-23T16:29:44.817Z INFO  client] Sending sample transaction 356
[2022-07-23T16:29:44.867Z INFO  client] Sending sample transaction 357
[2022-07-23T16:29:44.917Z INFO  client] Sending sample transaction 358
[2022-07-23T16:29:44.967Z INFO  client] Sending sample transaction 359
[2022-07-23T16:29:45.036Z INFO  client] Sending sample transaction 360
[2022-07-23T16:29:45.067Z INFO  client] Sending sample transaction 361
[2022-07-23T16:29:45.117Z INFO  client] Sending sample transaction 362
[2022-07-23T16:29:45.166Z INFO  client] Sending sample transaction 363
[2022-07-23T16:29:45.218Z INFO  client] Sending sample transaction 364
[2022-07-23T16:29:45.266Z INFO  client] Sending sample transaction 365
[2022-07-23T16:29:45.316Z INFO  client] Sending sample transaction 366
[2022-07-23T16:29:45.367Z INFO  client] Sending sample transaction 367
[2022-07-23T16:29:45.416Z INFO  client] Sending sample transaction 368
[2022-07-23T16:29:45.467Z INFO  client] Sending sample transaction 369
[2022-07-23T16:29:45.517Z INFO  client] Sending sample transaction 370
[2022-07-23T16:29:45.567Z INFO  client] Sending sample transaction 371
[2022-07-23T16:29:45.617Z INFO  client] Sending sample transaction 372
[2022-07-23T16:29:45.667Z INFO  client] Sending sample transaction 373
[2022-07-23T16:29:45.716Z INFO  client] Sending sample transaction 374
[2022-07-23T16:29:45.767Z INFO  client] Sending sample transaction 375
[2022-07-23T16:29:45.817Z INFO  client] Sending sample transaction 376
[2022-07-23T16:29:45.867Z INFO  client] Sending sample transaction 377
[2022-07-23T16:29:45.916Z INFO  client] Sending sample transaction 378
[2022-07-23T16:29:45.967Z INFO  client] Sending sample transaction 379
[2022-07-23T16:29:46.016Z INFO  client] Sending sample transaction 380
[2022-07-23T16:29:46.073Z INFO  client] Sending sample transaction 381
[2022-07-23T16:29:46.117Z INFO  client] Sending sample transaction 382
[2022-07-23T16:29:46.167Z INFO  client] Sending sample transaction 383
[2022-07-23T16:29:46.217Z INFO  client] Sending sample transaction 384
[2022-07-23T16:29:46.267Z INFO  client] Sending sample transaction 385
[2022-07-23T16:29:46.317Z INFO  client] Sending sample transaction 386
[2022-07-23T16:29:46.367Z INFO  client] Sending sample transaction 387
[2022-07-23T16:29:46.417Z INFO  client] Sending sample transaction 388
[2022-07-23T16:29:46.466Z INFO  client] Sending sample transaction 389
[2022-07-23T16:29:46.517Z INFO  client] Sending sample transaction 390
[2022-07-23T16:29:46.568Z INFO  client] Sending sample transaction 391
[2022-07-23T16:29:46.616Z INFO  client] Sending sample transaction 392
[2022-07-23T16:29:46.667Z INFO  client] Sending sample transaction 393
[2022-07-23T16:29:46.718Z INFO  client] Sending sample transaction 394
[2022-07-23T16:29:46.767Z INFO  client] Sending sample transaction 395
[2022-07-23T16:29:46.816Z INFO  client] Sending sample transaction 396
[2022-07-23T16:29:46.867Z INFO  client] Sending sample transaction 397
[2022-07-23T16:29:46.918Z INFO  client] Sending sample transaction 398
[2022-07-23T16:29:46.967Z INFO  client] Sending sample transaction 399
[2022-07-23T16:29:47.016Z INFO  client] Sending sample transaction 400
[2022-07-23T16:29:47.067Z INFO  client] Sending sample transaction 401
[2022-07-23T16:29:47.117Z INFO  client] Sending sample transaction 402
[2022-07-23T16:29:47.168Z INFO  client] Sending sample transaction 403
[2022-07-23T16:29:47.217Z INFO  client] Sending sample transaction 404
[2022-07-23T16:29:47.267Z INFO  client] Sending sample transaction 405
[2022-07-23T16:29:47.317Z INFO  client] Sending sample transaction 406
[2022-07-23T16:29:47.367Z INFO  client] Sending sample transaction 407
[2022-07-23T16:29:47.416Z INFO  client] Sending sample transaction 408
[2022-07-23T16:29:47.469Z INFO  client] Sending sample transaction 409
[2022-07-23T16:29:47.517Z INFO  client] Sending sample transaction 410
[2022-07-23T16:29:47.566Z INFO  client] Sending sample transaction 411
[2022-07-23T16:29:47.617Z INFO  client] Sending sample transaction 412
[2022-07-23T16:29:47.667Z INFO  client] Sending sample transaction 413
[2022-07-23T16:29:47.717Z INFO  client] Sending sample transaction 414
[2022-07-23T16:29:47.767Z INFO  client] Sending sample transaction 415
[2022-07-23T16:29:47.816Z INFO  client] Sending sample transaction 416
[2022-07-23T16:29:47.867Z INFO  client] Sending sample transaction 417
[2022-07-23T16:29:47.917Z INFO  client] Sending sample transaction 418
[2022-07-23T16:29:47.967Z INFO  client] Sending sample transaction 419
[2022-07-23T16:29:48.017Z INFO  client] Sending sample transaction 420
[2022-07-23T16:29:48.066Z INFO  client] Sending sample transaction 421
[2022-07-23T16:29:48.117Z INFO  client] Sending sample transaction 422
[2022-07-23T16:29:48.172Z INFO  client] Sending sample transaction 423
[2022-07-23T16:29:48.218Z INFO  client] Sending sample transaction 424
[2022-07-23T16:29:48.268Z INFO  client] Sending sample transaction 425
[2022-07-23T16:29:48.317Z INFO  client] Sending sample transaction 426
[2022-07-23T16:29:48.373Z INFO  client] Sending sample transaction 427
[2022-07-23T16:29:48.417Z INFO  client] Sending sample transaction 428
[2022-07-23T16:29:48.475Z INFO  client] Sending sample transaction 429
[2022-07-23T16:29:48.524Z INFO  client] Sending sample transaction 430
[2022-07-23T16:29:48.567Z INFO  client] Sending sample transaction 431
[2022-07-23T16:29:48.620Z INFO  client] Sending sample transaction 432
[2022-07-23T16:29:48.668Z INFO  client] Sending sample transaction 433
[2022-07-23T16:29:48.718Z INFO  client] Sending sample transaction 434
[2022-07-23T16:29:48.772Z INFO  client] Sending sample transaction 435
