[2022-07-23T18:32:15.204Z INFO  client] Node address: 127.0.0.1:9018
[2022-07-23T18:32:15.204Z INFO  client] Transactions size: 512 B
[2022-07-23T18:32:15.204Z INFO  client] Transactions rate: 112 tx/s
[2022-07-23T18:32:15.205Z INFO  client] Waiting for all nodes to be online...
[2022-07-23T18:32:15.205Z INFO  client] Waiting for all nodes to be synchronized...
[2022-07-23T18:32:17.209Z INFO  client] Start sending transactions
[2022-07-23T18:32:17.211Z INFO  client] Sending sample transaction 0
[2022-07-23T18:32:17.272Z INFO  client] Sending sample transaction 1
[2022-07-23T18:32:17.327Z INFO  client] Sending sample transaction 2
[2022-07-23T18:32:17.362Z INFO  client] Sending sample transaction 3
[2022-07-23T18:32:17.412Z INFO  client] Sending sample transaction 4
[2022-07-23T18:32:17.461Z INFO  client] Sending sample transaction 5
[2022-07-23T18:32:17.512Z INFO  client] Sending sample transaction 6
[2022-07-23T18:32:17.561Z INFO  client] Sending sample transaction 7
[2022-07-23T18:32:17.613Z INFO  client] Sending sample transaction 8
[2022-07-23T18:32:17.662Z INFO  client] Sending sample transaction 9
[2022-07-23T18:32:17.711Z INFO  client] Sending sample transaction 10
[2022-07-23T18:32:17.761Z INFO  client] Sending sample transaction 11
[2022-07-23T18:32:17.812Z INFO  client] Sending sample transaction 12
[2022-07-23T18:32:17.876Z INFO  client] Sending sample transaction 13
[2022-07-23T18:32:17.947Z INFO  client] Sending sample transaction 14
[2022-07-23T18:32:17.968Z INFO  client] Sending sample transaction 15
[2022-07-23T18:32:18.015Z INFO  client] Sending sample transaction 16
[2022-07-23T18:32:18.061Z INFO  client] Sending sample transaction 17
[2022-07-23T18:32:18.112Z INFO  client] Sending sample transaction 18
[2022-07-23T18:32:18.161Z INFO  client] Sending sample transaction 19
[2022-07-23T18:32:18.211Z INFO  client] Sending sample transaction 20
[2022-07-23T18:32:18.262Z INFO  client] Sending sample transaction 21
[2022-07-23T18:32:18.372Z INFO  client] Sending sample transaction 22
[2022-07-23T18:32:18.416Z INFO  client] Sending sample transaction 23
[2022-07-23T18:32:18.489Z INFO  client] Sending sample transaction 24
[2022-07-23T18:32:18.489Z INFO  client] Sending sample transaction 25
[2022-07-23T18:32:18.616Z INFO  client] Sending sample transaction 26
[2022-07-23T18:32:18.617Z INFO  client] Sending sample transaction 27
[2022-07-23T18:32:18.618Z INFO  client] Sending sample transaction 28
[2022-07-23T18:32:18.702Z INFO  client] Sending sample transaction 29
[2022-07-23T18:32:18.720Z INFO  client] Sending sample transaction 30
[2022-07-23T18:32:18.788Z INFO  client] Sending sample transaction 31
[2022-07-23T18:32:18.831Z INFO  client] Sending sample transaction 32
[2022-07-23T18:32:18.902Z INFO  client] Sending sample transaction 33
[2022-07-23T18:32:18.914Z INFO  client] Sending sample transaction 34
[2022-07-23T18:32:18.962Z INFO  client] Sending sample transaction 35
[2022-07-23T18:32:19.018Z INFO  client] Sending sample transaction 36
[2022-07-23T18:32:19.061Z INFO  client] Sending sample transaction 37
[2022-07-23T18:32:19.112Z INFO  client] Sending sample transaction 38
[2022-07-23T18:32:19.163Z INFO  client] Sending sample transaction 39
[2022-07-23T18:32:19.211Z INFO  client] Sending sample transaction 40
[2022-07-23T18:32:19.261Z INFO  client] Sending sample transaction 41
[2022-07-23T18:32:19.312Z INFO  client] Sending sample transaction 42
[2022-07-23T18:32:19.361Z INFO  client] Sending sample transaction 43
[2022-07-23T18:32:19.411Z INFO  client] Sending sample transaction 44
[2022-07-23T18:32:19.460Z INFO  client] Sending sample transaction 45
[2022-07-23T18:32:19.511Z INFO  client] Sending sample transaction 46
[2022-07-23T18:32:19.561Z INFO  client] Sending sample transaction 47
[2022-07-23T18:32:19.612Z INFO  client] Sending sample transaction 48
[2022-07-23T18:32:19.661Z INFO  client] Sending sample transaction 49
[2022-07-23T18:32:19.733Z INFO  client] Sending sample transaction 50
[2022-07-23T18:32:19.796Z INFO  client] Sending sample transaction 51
[2022-07-23T18:32:19.849Z INFO  client] Sending sample transaction 52
[2022-07-23T18:32:19.876Z INFO  client] Sending sample transaction 53
[2022-07-23T18:32:19.920Z INFO  client] Sending sample transaction 54
[2022-07-23T18:32:19.960Z INFO  client] Sending sample transaction 55
[2022-07-23T18:32:20.010Z INFO  client] Sending sample transaction 56
[2022-07-23T18:32:20.077Z INFO  client] Sending sample transaction 57
[2022-07-23T18:32:20.111Z INFO  client] Sending sample transaction 58
[2022-07-23T18:32:20.161Z INFO  client] Sending sample transaction 59
[2022-07-23T18:32:20.211Z INFO  client] Sending sample transaction 60
[2022-07-23T18:32:20.261Z INFO  client] Sending sample transaction 61
[2022-07-23T18:32:20.311Z INFO  client] Sending sample transaction 62
[2022-07-23T18:32:20.361Z INFO  client] Sending sample transaction 63
[2022-07-23T18:32:20.412Z INFO  client] Sending sample transaction 64
[2022-07-23T18:32:20.460Z INFO  client] Sending sample transaction 65
[2022-07-23T18:32:20.511Z INFO  client] Sending sample transaction 66
[2022-07-23T18:32:20.562Z INFO  client] Sending sample transaction 67
[2022-07-23T18:32:20.611Z INFO  client] Sending sample transaction 68
[2022-07-23T18:32:20.662Z INFO  client] Sending sample transaction 69
[2022-07-23T18:32:20.712Z INFO  client] Sending sample transaction 70
[2022-07-23T18:32:20.761Z INFO  client] Sending sample transaction 71
[2022-07-23T18:32:20.811Z INFO  client] Sending sample transaction 72
[2022-07-23T18:32:20.863Z INFO  client] Sending sample transaction 73
[2022-07-23T18:32:20.940Z INFO  client] Sending sample transaction 74
[2022-07-23T18:32:20.994Z INFO  client] Sending sample transaction 75
[2022-07-23T18:32:21.038Z INFO  client] Sending sample transaction 76
[2022-07-23T18:32:21.061Z INFO  client] Sending sample transaction 77
[2022-07-23T18:32:21.111Z INFO  client] Sending sample transaction 78
[2022-07-23T18:32:21.178Z INFO  client] Sending sample transaction 79
[2022-07-23T18:32:21.214Z INFO  client] Sending sample transaction 80
[2022-07-23T18:32:21.262Z INFO  client] Sending sample transaction 81
[2022-07-23T18:32:21.311Z INFO  client] Sending sample transaction 82
[2022-07-23T18:32:21.361Z INFO  client] Sending sample transaction 83
[2022-07-23T18:32:21.412Z INFO  client] Sending sample transaction 84
[2022-07-23T18:32:21.461Z INFO  client] Sending sample transaction 85
[2022-07-23T18:32:21.511Z INFO  client] Sending sample transaction 86
[2022-07-23T18:32:21.561Z INFO  client] Sending sample transaction 87
[2022-07-23T18:32:21.611Z INFO  client] Sending sample transaction 88
[2022-07-23T18:32:21.661Z INFO  client] Sending sample transaction 89
[2022-07-23T18:32:21.710Z INFO  client] Sending sample transaction 90
[2022-07-23T18:32:21.761Z INFO  client] Sending sample transaction 91
[2022-07-23T18:32:21.814Z INFO  client] Sending sample transaction 92
[2022-07-23T18:32:21.882Z INFO  client] Sending sample transaction 93
[2022-07-23T18:32:21.926Z INFO  client] Sending sample transaction 94
[2022-07-23T18:32:21.977Z INFO  client] Sending sample transaction 95
[2022-07-23T18:32:22.020Z INFO  client] Sending sample transaction 96
[2022-07-23T18:32:22.062Z INFO  client] Sending sample transaction 97
[2022-07-23T18:32:22.111Z INFO  client] Sending sample transaction 98
[2022-07-23T18:32:22.162Z INFO  client] Sending sample transaction 99
[2022-07-23T18:32:22.211Z INFO  client] Sending sample transaction 100
[2022-07-23T18:32:22.275Z INFO  client] Sending sample transaction 101
[2022-07-23T18:32:22.312Z INFO  client] Sending sample transaction 102
[2022-07-23T18:32:22.361Z INFO  client] Sending sample transaction 103
[2022-07-23T18:32:22.414Z INFO  client] Sending sample transaction 104
[2022-07-23T18:32:22.462Z INFO  client] Sending sample transaction 105
[2022-07-23T18:32:22.512Z INFO  client] Sending sample transaction 106
[2022-07-23T18:32:22.561Z INFO  client] Sending sample transaction 107
[2022-07-23T18:32:22.612Z INFO  client] Sending sample transaction 108
[2022-07-23T18:32:22.662Z INFO  client] Sending sample transaction 109
[2022-07-23T18:32:22.710Z INFO  client] Sending sample transaction 110
[2022-07-23T18:32:22.761Z INFO  client] Sending sample transaction 111
[2022-07-23T18:32:22.811Z INFO  client] Sending sample transaction 112
[2022-07-23T18:32:22.861Z INFO  client] Sending sample transaction 113
[2022-07-23T18:32:22.911Z INFO  client] Sending sample transaction 114
[2022-07-23T18:32:22.968Z INFO  client] Sending sample transaction 115
[2022-07-23T18:32:23.039Z INFO  client] Sending sample transaction 116
[2022-07-23T18:32:23.100Z INFO  client] Sending sample transaction 117
[2022-07-23T18:32:23.111Z INFO  client] Sending sample transaction 118
[2022-07-23T18:32:23.161Z INFO  client] Sending sample transaction 119
[2022-07-23T18:32:23.211Z INFO  client] Sending sample transaction 120
[2022-07-23T18:32:23.261Z INFO  client] Sending sample transaction 121
[2022-07-23T18:32:23.311Z INFO  client] Sending sample transaction 122
[2022-07-23T18:32:23.362Z INFO  client] Sending sample transaction 123
[2022-07-23T18:32:23.411Z INFO  client] Sending sample transaction 124
[2022-07-23T18:32:23.464Z INFO  client] Sending sample transaction 125
[2022-07-23T18:32:23.511Z INFO  client] Sending sample transaction 126
[2022-07-23T18:32:23.561Z INFO  client] Sending sample transaction 127
[2022-07-23T18:32:23.612Z INFO  client] Sending sample transaction 128
[2022-07-23T18:32:23.661Z INFO  client] Sending sample transaction 129
[2022-07-23T18:32:23.711Z INFO  client] Sending sample transaction 130
[2022-07-23T18:32:23.761Z INFO  client] Sending sample transaction 131
[2022-07-23T18:32:23.812Z INFO  client] Sending sample transaction 132
[2022-07-23T18:32:23.861Z INFO  client] Sending sample transaction 133
[2022-07-23T18:32:23.911Z INFO  client] Sending sample transaction 134
[2022-07-23T18:32:23.962Z INFO  client] Sending sample transaction 135
[2022-07-23T18:32:24.011Z INFO  client] Sending sample transaction 136
[2022-07-23T18:32:24.072Z INFO  client] Sending sample transaction 137
[2022-07-23T18:32:24.156Z INFO  client] Sending sample transaction 138
[2022-07-23T18:32:24.235Z INFO  client] Sending sample transaction 139
[2022-07-23T18:32:24.235Z INFO  client] Sending sample transaction 140
[2022-07-23T18:32:24.261Z INFO  client] Sending sample transaction 141
[2022-07-23T18:32:24.311Z INFO  client] Sending sample transaction 142
[2022-07-23T18:32:24.379Z INFO  client] Sending sample transaction 143
[2022-07-23T18:32:24.412Z INFO  client] Sending sample transaction 144
[2022-07-23T18:32:24.469Z INFO  client] Sending sample transaction 145
[2022-07-23T18:32:24.514Z INFO  client] Sending sample transaction 146
[2022-07-23T18:32:24.594Z INFO  client] Sending sample transaction 147
[2022-07-23T18:32:24.611Z INFO  client] Sending sample transaction 148
[2022-07-23T18:32:24.662Z INFO  client] Sending sample transaction 149
[2022-07-23T18:32:24.711Z INFO  client] Sending sample transaction 150
[2022-07-23T18:32:24.761Z INFO  client] Sending sample transaction 151
[2022-07-23T18:32:24.811Z INFO  client] Sending sample transaction 152
[2022-07-23T18:32:24.861Z INFO  client] Sending sample transaction 153
[2022-07-23T18:32:24.911Z INFO  client] Sending sample transaction 154
[2022-07-23T18:32:24.961Z INFO  client] Sending sample transaction 155
[2022-07-23T18:32:25.011Z INFO  client] Sending sample transaction 156
[2022-07-23T18:32:25.060Z INFO  client] Sending sample transaction 157
[2022-07-23T18:32:25.113Z INFO  client] Sending sample transaction 158
[2022-07-23T18:32:25.161Z INFO  client] Sending sample transaction 159
[2022-07-23T18:32:25.210Z INFO  client] Sending sample transaction 160
[2022-07-23T18:32:25.262Z INFO  client] Sending sample transaction 161
[2022-07-23T18:32:25.310Z INFO  client] Sending sample transaction 162
[2022-07-23T18:32:25.363Z INFO  client] Sending sample transaction 163
[2022-07-23T18:32:25.411Z INFO  client] Sending sample transaction 164
[2022-07-23T18:32:25.461Z INFO  client] Sending sample transaction 165
[2022-07-23T18:32:25.511Z INFO  client] Sending sample transaction 166
[2022-07-23T18:32:25.561Z INFO  client] Sending sample transaction 167
[2022-07-23T18:32:25.611Z INFO  client] Sending sample transaction 168
[2022-07-23T18:32:25.661Z INFO  client] Sending sample transaction 169
[2022-07-23T18:32:25.746Z INFO  client] Sending sample transaction 170
[2022-07-23T18:32:25.775Z INFO  client] Sending sample transaction 171
[2022-07-23T18:32:25.841Z INFO  client] Sending sample transaction 172
[2022-07-23T18:32:25.874Z INFO  client] Sending sample transaction 173
[2022-07-23T18:32:25.912Z INFO  client] Sending sample transaction 174
[2022-07-23T18:32:25.961Z INFO  client] Sending sample transaction 175
[2022-07-23T18:32:26.012Z INFO  client] Sending sample transaction 176
[2022-07-23T18:32:26.061Z INFO  client] Sending sample transaction 177
[2022-07-23T18:32:26.111Z INFO  client] Sending sample transaction 178
[2022-07-23T18:32:26.161Z INFO  client] Sending sample transaction 179
[2022-07-23T18:32:26.210Z INFO  client] Sending sample transaction 180
[2022-07-23T18:32:26.261Z INFO  client] Sending sample transaction 181
[2022-07-23T18:32:26.311Z INFO  client] Sending sample transaction 182
[2022-07-23T18:32:26.362Z INFO  client] Sending sample transaction 183
[2022-07-23T18:32:26.411Z INFO  client] Sending sample transaction 184
[2022-07-23T18:32:26.462Z INFO  client] Sending sample transaction 185
[2022-07-23T18:32:26.512Z INFO  client] Sending sample transaction 186
[2022-07-23T18:32:26.561Z INFO  client] Sending sample transaction 187
[2022-07-23T18:32:26.614Z INFO  client] Sending sample transaction 188
[2022-07-23T18:32:26.662Z INFO  client] Sending sample transaction 189
[2022-07-23T18:32:26.711Z INFO  client] Sending sample transaction 190
[2022-07-23T18:32:26.761Z INFO  client] Sending sample transaction 191
[2022-07-23T18:32:26.811Z INFO  client] Sending sample transaction 192
[2022-07-23T18:32:26.861Z INFO  client] Sending sample transaction 193
[2022-07-23T18:32:26.912Z INFO  client] Sending sample transaction 194
[2022-07-23T18:32:26.961Z INFO  client] Sending sample transaction 195
[2022-07-23T18:32:27.010Z INFO  client] Sending sample transaction 196
[2022-07-23T18:32:27.062Z INFO  client] Sending sample transaction 197
[2022-07-23T18:32:27.111Z INFO  client] Sending sample transaction 198
[2022-07-23T18:32:27.161Z INFO  client] Sending sample transaction 199
[2022-07-23T18:32:27.211Z INFO  client] Sending sample transaction 200
[2022-07-23T18:32:27.261Z INFO  client] Sending sample transaction 201
[2022-07-23T18:32:27.312Z INFO  client] Sending sample transaction 202
[2022-07-23T18:32:27.362Z INFO  client] Sending sample transaction 203
[2022-07-23T18:32:27.411Z INFO  client] Sending sample transaction 204
[2022-07-23T18:32:27.501Z INFO  client] Sending sample transaction 205
[2022-07-23T18:32:27.547Z INFO  client] Sending sample transaction 206
[2022-07-23T18:32:27.592Z INFO  client] Sending sample transaction 207
[2022-07-23T18:32:27.637Z INFO  client] Sending sample transaction 208
[2022-07-23T18:32:27.674Z INFO  client] Sending sample transaction 209
[2022-07-23T18:32:27.713Z INFO  client] Sending sample transaction 210
[2022-07-23T18:32:27.767Z INFO  client] Sending sample transaction 211
[2022-07-23T18:32:27.815Z INFO  client] Sending sample transaction 212
[2022-07-23T18:32:27.861Z INFO  client] Sending sample transaction 213
[2022-07-23T18:32:27.911Z INFO  client] Sending sample transaction 214
[2022-07-23T18:32:27.961Z INFO  client] Sending sample transaction 215
[2022-07-23T18:32:28.010Z INFO  client] Sending sample transaction 216
[2022-07-23T18:32:28.061Z INFO  client] Sending sample transaction 217
[2022-07-23T18:32:28.111Z INFO  client] Sending sample transaction 218
[2022-07-23T18:32:28.161Z INFO  client] Sending sample transaction 219
[2022-07-23T18:32:28.210Z INFO  client] Sending sample transaction 220
[2022-07-23T18:32:28.262Z INFO  client] Sending sample transaction 221
[2022-07-23T18:32:28.311Z INFO  client] Sending sample transaction 222
[2022-07-23T18:32:28.361Z INFO  client] Sending sample transaction 223
[2022-07-23T18:32:28.411Z INFO  client] Sending sample transaction 224
[2022-07-23T18:32:28.461Z INFO  client] Sending sample transaction 225
[2022-07-23T18:32:28.511Z INFO  client] Sending sample transaction 226
[2022-07-23T18:32:28.561Z INFO  client] Sending sample transaction 227
[2022-07-23T18:32:28.614Z INFO  client] Sending sample transaction 228
[2022-07-23T18:32:28.688Z INFO  client] Sending sample transaction 229
[2022-07-23T18:32:28.754Z INFO  client] Sending sample transaction 230
[2022-07-23T18:32:28.792Z INFO  client] Sending sample transaction 231
[2022-07-23T18:32:28.839Z INFO  client] Sending sample transaction 232
[2022-07-23T18:32:28.861Z INFO  client] Sending sample transaction 233
[2022-07-23T18:32:28.919Z INFO  client] Sending sample transaction 234
[2022-07-23T18:32:28.969Z INFO  client] Sending sample transaction 235
[2022-07-23T18:32:29.012Z INFO  client] Sending sample transaction 236
[2022-07-23T18:32:29.062Z INFO  client] Sending sample transaction 237
[2022-07-23T18:32:29.111Z INFO  client] Sending sample transaction 238
[2022-07-23T18:32:29.161Z INFO  client] Sending sample transaction 239
[2022-07-23T18:32:29.211Z INFO  client] Sending sample transaction 240
[2022-07-23T18:32:29.261Z INFO  client] Sending sample transaction 241
[2022-07-23T18:32:29.310Z INFO  client] Sending sample transaction 242
[2022-07-23T18:32:29.361Z INFO  client] Sending sample transaction 243
[2022-07-23T18:32:29.411Z INFO  client] Sending sample transaction 244
[2022-07-23T18:32:29.461Z INFO  client] Sending sample transaction 245
[2022-07-23T18:32:29.510Z INFO  client] Sending sample transaction 246
[2022-07-23T18:32:29.561Z INFO  client] Sending sample transaction 247
[2022-07-23T18:32:29.611Z INFO  client] Sending sample transaction 248
[2022-07-23T18:32:29.662Z INFO  client] Sending sample transaction 249
[2022-07-23T18:32:29.711Z INFO  client] Sending sample transaction 250
[2022-07-23T18:32:29.761Z INFO  client] Sending sample transaction 251
[2022-07-23T18:32:29.811Z INFO  client] Sending sample transaction 252
[2022-07-23T18:32:29.886Z INFO  client] Sending sample transaction 253
[2022-07-23T18:32:29.911Z INFO  client] Sending sample transaction 254
[2022-07-23T18:32:29.981Z INFO  client] Sending sample transaction 255
[2022-07-23T18:32:30.037Z INFO  client] Sending sample transaction 256
[2022-07-23T18:32:30.072Z INFO  client] Sending sample transaction 257
[2022-07-23T18:32:30.111Z INFO  client] Sending sample transaction 258
[2022-07-23T18:32:30.161Z INFO  client] Sending sample transaction 259
[2022-07-23T18:32:30.211Z INFO  client] Sending sample transaction 260
[2022-07-23T18:32:30.261Z INFO  client] Sending sample transaction 261
[2022-07-23T18:32:30.311Z INFO  client] Sending sample transaction 262
[2022-07-23T18:32:30.361Z INFO  client] Sending sample transaction 263
[2022-07-23T18:32:30.411Z INFO  client] Sending sample transaction 264
[2022-07-23T18:32:30.461Z INFO  client] Sending sample transaction 265
[2022-07-23T18:32:30.511Z INFO  client] Sending sample transaction 266
[2022-07-23T18:32:30.561Z INFO  client] Sending sample transaction 267
[2022-07-23T18:32:30.611Z INFO  client] Sending sample transaction 268
[2022-07-23T18:32:30.660Z INFO  client] Sending sample transaction 269
[2022-07-23T18:32:30.711Z INFO  client] Sending sample transaction 270
[2022-07-23T18:32:30.761Z INFO  client] Sending sample transaction 271
[2022-07-23T18:32:30.811Z INFO  client] Sending sample transaction 272
[2022-07-23T18:32:30.861Z INFO  client] Sending sample transaction 273
[2022-07-23T18:32:30.912Z INFO  client] Sending sample transaction 274
[2022-07-23T18:32:30.960Z INFO  client] Sending sample transaction 275
[2022-07-23T18:32:31.010Z INFO  client] Sending sample transaction 276
[2022-07-23T18:32:31.061Z INFO  client] Sending sample transaction 277
[2022-07-23T18:32:31.111Z INFO  client] Sending sample transaction 278
[2022-07-23T18:32:31.162Z INFO  client] Sending sample transaction 279
[2022-07-23T18:32:31.211Z INFO  client] Sending sample transaction 280
[2022-07-23T18:32:31.261Z INFO  client] Sending sample transaction 281
[2022-07-23T18:32:31.311Z INFO  client] Sending sample transaction 282
[2022-07-23T18:32:31.361Z INFO  client] Sending sample transaction 283
[2022-07-23T18:32:31.411Z INFO  client] Sending sample transaction 284
[2022-07-23T18:32:31.461Z INFO  client] Sending sample transaction 285
[2022-07-23T18:32:31.511Z INFO  client] Sending sample transaction 286
[2022-07-23T18:32:31.561Z INFO  client] Sending sample transaction 287
[2022-07-23T18:32:31.611Z INFO  client] Sending sample transaction 288
[2022-07-23T18:32:31.661Z INFO  client] Sending sample transaction 289
[2022-07-23T18:32:31.711Z INFO  client] Sending sample transaction 290
[2022-07-23T18:32:31.761Z INFO  client] Sending sample transaction 291
[2022-07-23T18:32:31.811Z INFO  client] Sending sample transaction 292
[2022-07-23T18:32:31.861Z INFO  client] Sending sample transaction 293
[2022-07-23T18:32:31.911Z INFO  client] Sending sample transaction 294
[2022-07-23T18:32:31.961Z INFO  client] Sending sample transaction 295
[2022-07-23T18:32:32.011Z INFO  client] Sending sample transaction 296
[2022-07-23T18:32:32.061Z INFO  client] Sending sample transaction 297
[2022-07-23T18:32:32.111Z INFO  client] Sending sample transaction 298
[2022-07-23T18:32:32.162Z INFO  client] Sending sample transaction 299
[2022-07-23T18:32:32.211Z INFO  client] Sending sample transaction 300
[2022-07-23T18:32:32.262Z INFO  client] Sending sample transaction 301
[2022-07-23T18:32:32.311Z INFO  client] Sending sample transaction 302
[2022-07-23T18:32:32.361Z INFO  client] Sending sample transaction 303
[2022-07-23T18:32:32.411Z INFO  client] Sending sample transaction 304
[2022-07-23T18:32:32.461Z INFO  client] Sending sample transaction 305
[2022-07-23T18:32:32.511Z INFO  client] Sending sample transaction 306
[2022-07-23T18:32:32.561Z INFO  client] Sending sample transaction 307
[2022-07-23T18:32:32.610Z INFO  client] Sending sample transaction 308
[2022-07-23T18:32:32.660Z INFO  client] Sending sample transaction 309
[2022-07-23T18:32:32.711Z INFO  client] Sending sample transaction 310
[2022-07-23T18:32:32.761Z INFO  client] Sending sample transaction 311
[2022-07-23T18:32:32.810Z INFO  client] Sending sample transaction 312
[2022-07-23T18:32:32.865Z INFO  client] Sending sample transaction 313
[2022-07-23T18:32:32.912Z INFO  client] Sending sample transaction 314
[2022-07-23T18:32:32.961Z INFO  client] Sending sample transaction 315
[2022-07-23T18:32:33.011Z INFO  client] Sending sample transaction 316
[2022-07-23T18:32:33.088Z INFO  client] Sending sample transaction 317
[2022-07-23T18:32:33.197Z INFO  client] Sending sample transaction 318
[2022-07-23T18:32:33.198Z INFO  client] Sending sample transaction 319
[2022-07-23T18:32:33.245Z INFO  client] Sending sample transaction 320
[2022-07-23T18:32:33.314Z WARN  client] Transaction rate too high for this client
[2022-07-23T18:32:33.314Z INFO  client] Sending sample transaction 321
[2022-07-23T18:32:33.377Z INFO  client] Sending sample transaction 322
[2022-07-23T18:32:33.387Z INFO  client] Sending sample transaction 323
[2022-07-23T18:32:33.430Z INFO  client] Sending sample transaction 324
[2022-07-23T18:32:33.484Z INFO  client] Sending sample transaction 325
[2022-07-23T18:32:33.524Z INFO  client] Sending sample transaction 326
[2022-07-23T18:32:33.562Z INFO  client] Sending sample transaction 327
[2022-07-23T18:32:33.612Z INFO  client] Sending sample transaction 328
[2022-07-23T18:32:33.663Z INFO  client] Sending sample transaction 329
[2022-07-23T18:32:33.710Z INFO  client] Sending sample transaction 330
[2022-07-23T18:32:33.761Z INFO  client] Sending sample transaction 331
[2022-07-23T18:32:33.810Z INFO  client] Sending sample transaction 332
[2022-07-23T18:32:33.861Z INFO  client] Sending sample transaction 333
[2022-07-23T18:32:33.912Z INFO  client] Sending sample transaction 334
[2022-07-23T18:32:33.961Z INFO  client] Sending sample transaction 335
[2022-07-23T18:32:34.011Z INFO  client] Sending sample transaction 336
[2022-07-23T18:32:34.062Z INFO  client] Sending sample transaction 337
[2022-07-23T18:32:34.111Z INFO  client] Sending sample transaction 338
[2022-07-23T18:32:34.161Z INFO  client] Sending sample transaction 339
[2022-07-23T18:32:34.211Z INFO  client] Sending sample transaction 340
[2022-07-23T18:32:34.261Z INFO  client] Sending sample transaction 341
[2022-07-23T18:32:34.312Z INFO  client] Sending sample transaction 342
[2022-07-23T18:32:34.361Z INFO  client] Sending sample transaction 343
[2022-07-23T18:32:34.411Z INFO  client] Sending sample transaction 344
[2022-07-23T18:32:34.460Z INFO  client] Sending sample transaction 345
[2022-07-23T18:32:34.511Z INFO  client] Sending sample transaction 346
[2022-07-23T18:32:34.561Z INFO  client] Sending sample transaction 347
[2022-07-23T18:32:34.611Z INFO  client] Sending sample transaction 348
[2022-07-23T18:32:34.661Z INFO  client] Sending sample transaction 349
[2022-07-23T18:32:34.710Z INFO  client] Sending sample transaction 350
[2022-07-23T18:32:34.761Z INFO  client] Sending sample transaction 351
[2022-07-23T18:32:34.817Z INFO  client] Sending sample transaction 352
[2022-07-23T18:32:34.861Z INFO  client] Sending sample transaction 353
[2022-07-23T18:32:34.911Z INFO  client] Sending sample transaction 354
[2022-07-23T18:32:34.961Z INFO  client] Sending sample transaction 355
[2022-07-23T18:32:35.011Z INFO  client] Sending sample transaction 356
[2022-07-23T18:32:35.061Z INFO  client] Sending sample transaction 357
[2022-07-23T18:32:35.111Z INFO  client] Sending sample transaction 358
[2022-07-23T18:32:35.161Z INFO  client] Sending sample transaction 359
[2022-07-23T18:32:35.211Z INFO  client] Sending sample transaction 360
[2022-07-23T18:32:35.260Z INFO  client] Sending sample transaction 361
[2022-07-23T18:32:35.311Z INFO  client] Sending sample transaction 362
[2022-07-23T18:32:35.360Z INFO  client] Sending sample transaction 363
[2022-07-23T18:32:35.411Z INFO  client] Sending sample transaction 364
[2022-07-23T18:32:35.466Z INFO  client] Sending sample transaction 365
[2022-07-23T18:32:35.542Z INFO  client] Sending sample transaction 366
[2022-07-23T18:32:35.605Z INFO  client] Sending sample transaction 367
[2022-07-23T18:32:35.624Z INFO  client] Sending sample transaction 368
[2022-07-23T18:32:35.664Z INFO  client] Sending sample transaction 369
[2022-07-23T18:32:35.710Z INFO  client] Sending sample transaction 370
[2022-07-23T18:32:35.762Z INFO  client] Sending sample transaction 371
[2022-07-23T18:32:35.811Z INFO  client] Sending sample transaction 372
[2022-07-23T18:32:35.875Z INFO  client] Sending sample transaction 373
[2022-07-23T18:32:35.911Z INFO  client] Sending sample transaction 374
[2022-07-23T18:32:35.961Z INFO  client] Sending sample transaction 375
[2022-07-23T18:32:36.011Z INFO  client] Sending sample transaction 376
[2022-07-23T18:32:36.063Z INFO  client] Sending sample transaction 377
[2022-07-23T18:32:36.111Z INFO  client] Sending sample transaction 378
[2022-07-23T18:32:36.162Z INFO  client] Sending sample transaction 379
[2022-07-23T18:32:36.211Z INFO  client] Sending sample transaction 380
[2022-07-23T18:32:36.261Z INFO  client] Sending sample transaction 381
[2022-07-23T18:32:36.311Z INFO  client] Sending sample transaction 382
[2022-07-23T18:32:36.362Z INFO  client] Sending sample transaction 383
[2022-07-23T18:32:36.412Z INFO  client] Sending sample transaction 384
[2022-07-23T18:32:36.461Z INFO  client] Sending sample transaction 385
[2022-07-23T18:32:36.511Z INFO  client] Sending sample transaction 386
[2022-07-23T18:32:36.561Z INFO  client] Sending sample transaction 387
[2022-07-23T18:32:36.611Z INFO  client] Sending sample transaction 388
[2022-07-23T18:32:36.661Z INFO  client] Sending sample transaction 389
[2022-07-23T18:32:36.711Z INFO  client] Sending sample transaction 390
[2022-07-23T18:32:36.761Z INFO  client] Sending sample transaction 391
[2022-07-23T18:32:36.811Z INFO  client] Sending sample transaction 392
[2022-07-23T18:32:36.861Z INFO  client] Sending sample transaction 393
[2022-07-23T18:32:36.911Z INFO  client] Sending sample transaction 394
[2022-07-23T18:32:36.961Z INFO  client] Sending sample transaction 395
[2022-07-23T18:32:37.011Z INFO  client] Sending sample transaction 396
[2022-07-23T18:32:37.061Z INFO  client] Sending sample transaction 397
[2022-07-23T18:32:37.111Z INFO  client] Sending sample transaction 398
[2022-07-23T18:32:37.161Z INFO  client] Sending sample transaction 399
[2022-07-23T18:32:37.211Z INFO  client] Sending sample transaction 400
[2022-07-23T18:32:37.261Z INFO  client] Sending sample transaction 401
[2022-07-23T18:32:37.311Z INFO  client] Sending sample transaction 402
[2022-07-23T18:32:37.361Z INFO  client] Sending sample transaction 403
[2022-07-23T18:32:37.410Z INFO  client] Sending sample transaction 404
[2022-07-23T18:32:37.461Z INFO  client] Sending sample transaction 405
[2022-07-23T18:32:37.510Z INFO  client] Sending sample transaction 406
[2022-07-23T18:32:37.561Z INFO  client] Sending sample transaction 407
[2022-07-23T18:32:37.612Z INFO  client] Sending sample transaction 408
[2022-07-23T18:32:37.660Z INFO  client] Sending sample transaction 409
[2022-07-23T18:32:37.722Z INFO  client] Sending sample transaction 410
[2022-07-23T18:32:37.761Z INFO  client] Sending sample transaction 411
[2022-07-23T18:32:37.811Z INFO  client] Sending sample transaction 412
[2022-07-23T18:32:37.861Z INFO  client] Sending sample transaction 413
[2022-07-23T18:32:37.911Z INFO  client] Sending sample transaction 414
[2022-07-23T18:32:37.960Z INFO  client] Sending sample transaction 415
[2022-07-23T18:32:38.010Z INFO  client] Sending sample transaction 416
[2022-07-23T18:32:38.061Z INFO  client] Sending sample transaction 417
[2022-07-23T18:32:38.112Z INFO  client] Sending sample transaction 418
[2022-07-23T18:32:38.161Z INFO  client] Sending sample transaction 419
[2022-07-23T18:32:38.211Z INFO  client] Sending sample transaction 420
[2022-07-23T18:32:38.263Z INFO  client] Sending sample transaction 421
[2022-07-23T18:32:38.311Z INFO  client] Sending sample transaction 422
[2022-07-23T18:32:38.361Z INFO  client] Sending sample transaction 423
[2022-07-23T18:32:38.412Z INFO  client] Sending sample transaction 424
[2022-07-23T18:32:38.460Z INFO  client] Sending sample transaction 425
