[2022-07-23T15:58:42.081Z INFO  client] Node address: 127.0.0.1:9010
[2022-07-23T15:58:42.081Z INFO  client] Transactions size: 512 B
[2022-07-23T15:58:42.081Z INFO  client] Transactions rate: 112 tx/s
[2022-07-23T15:58:42.081Z INFO  client] Waiting for all nodes to be online...
[2022-07-23T15:58:42.081Z INFO  client] Waiting for all nodes to be synchronized...
[2022-07-23T15:58:44.085Z INFO  client] Start sending transactions
[2022-07-23T15:58:44.087Z INFO  client] Sending sample transaction 0
[2022-07-23T15:58:44.138Z INFO  client] Sending sample transaction 1
[2022-07-23T15:58:44.225Z INFO  client] Sending sample transaction 2
[2022-07-23T15:58:44.242Z INFO  client] Sending sample transaction 3
[2022-07-23T15:58:44.288Z INFO  client] Sending sample transaction 4
[2022-07-23T15:58:44.367Z INFO  client] Sending sample transaction 5
[2022-07-23T15:58:44.388Z INFO  client] Sending sample transaction 6
[2022-07-23T15:58:44.440Z INFO  client] Sending sample transaction 7
[2022-07-23T15:58:44.488Z INFO  client] Sending sample transaction 8
[2022-07-23T15:58:44.537Z INFO  client] Sending sample transaction 9
[2022-07-23T15:58:44.589Z INFO  client] Sending sample transaction 10
[2022-07-23T15:58:44.637Z INFO  client] Sending sample transaction 11
[2022-07-23T15:58:44.686Z INFO  client] Sending sample transaction 12
[2022-07-23T15:58:44.737Z INFO  client] Sending sample transaction 13
[2022-07-23T15:58:44.787Z INFO  client] Sending sample transaction 14
[2022-07-23T15:58:44.837Z INFO  client] Sending sample transaction 15
[2022-07-23T15:58:44.887Z INFO  client] Sending sample transaction 16
[2022-07-23T15:58:44.936Z INFO  client] Sending sample transaction 17
[2022-07-23T15:58:44.987Z INFO  client] Sending sample transaction 18
[2022-07-23T15:58:45.038Z INFO  client] Sending sample transaction 19
[2022-07-23T15:58:45.124Z INFO  client] Sending sample transaction 20
[2022-07-23T15:58:45.152Z INFO  client] Sending sample transaction 21
[2022-07-23T15:58:45.188Z INFO  client] Sending sample transaction 22
[2022-07-23T15:58:45.251Z INFO  client] Sending sample transaction 23
[2022-07-23T15:58:45.293Z INFO  client] Sending sample transaction 24
[2022-07-23T15:58:45.337Z INFO  client] Sending sample transaction 25
[2022-07-23T15:58:45.405Z INFO  client] Sending sample transaction 26
[2022-07-23T15:58:45.474Z INFO  client] Sending sample transaction 27
[2022-07-23T15:58:45.501Z INFO  client] Sending sample transaction 28
[2022-07-23T15:58:45.545Z INFO  client] Sending sample transaction 29
[2022-07-23T15:58:45.590Z INFO  client] Sending sample transaction 30
[2022-07-23T15:58:45.638Z INFO  client] Sending sample transaction 31
[2022-07-23T15:58:45.746Z INFO  client] Sending sample transaction 32
[2022-07-23T15:58:45.747Z INFO  client] Sending sample transaction 33
[2022-07-23T15:58:45.799Z INFO  client] Sending sample transaction 34
[2022-07-23T15:58:45.845Z INFO  client] Sending sample transaction 35
[2022-07-23T15:58:45.888Z INFO  client] Sending sample transaction 36
[2022-07-23T15:58:45.937Z INFO  client] Sending sample transaction 37
[2022-07-23T15:58:45.987Z INFO  client] Sending sample transaction 38
[2022-07-23T15:58:46.043Z INFO  client] Sending sample transaction 39
[2022-07-23T15:58:46.089Z INFO  client] Sending sample transaction 40
[2022-07-23T15:58:46.176Z INFO  client] Sending sample transaction 41
[2022-07-23T15:58:46.222Z INFO  client] Sending sample transaction 42
[2022-07-23T15:58:46.257Z INFO  client] Sending sample transaction 43
[2022-07-23T15:58:46.296Z INFO  client] Sending sample transaction 44
[2022-07-23T15:58:46.337Z INFO  client] Sending sample transaction 45
[2022-07-23T15:58:46.387Z INFO  client] Sending sample transaction 46
[2022-07-23T15:58:46.440Z INFO  client] Sending sample transaction 47
[2022-07-23T15:58:46.489Z INFO  client] Sending sample transaction 48
[2022-07-23T15:58:46.536Z INFO  client] Sending sample transaction 49
[2022-07-23T15:58:46.603Z INFO  client] Sending sample transaction 50
[2022-07-23T15:58:46.637Z INFO  client] Sending sample transaction 51
[2022-07-23T15:58:46.688Z INFO  client] Sending sample transaction 52
[2022-07-23T15:58:46.803Z INFO  client] Sending sample transaction 53
[2022-07-23T15:58:46.804Z INFO  client] Sending sample transaction 54
[2022-07-23T15:58:46.838Z INFO  client] Sending sample transaction 55
[2022-07-23T15:58:46.886Z INFO  client] Sending sample transaction 56
[2022-07-23T15:58:46.937Z INFO  client] Sending sample transaction 57
[2022-07-23T15:58:46.986Z INFO  client] Sending sample transaction 58
[2022-07-23T15:58:47.038Z INFO  client] Sending sample transaction 59
[2022-07-23T15:58:47.087Z INFO  client] Sending sample transaction 60
[2022-07-23T15:58:47.136Z INFO  client] Sending sample transaction 61
[2022-07-23T15:58:47.187Z INFO  client] Sending sample transaction 62
[2022-07-23T15:58:47.239Z INFO  client] Sending sample transaction 63
[2022-07-23T15:58:47.287Z INFO  client] Sending sample transaction 64
[2022-07-23T15:58:47.365Z INFO  client] Sending sample transaction 65
[2022-07-23T15:58:47.398Z INFO  client] Sending sample transaction 66
[2022-07-23T15:58:47.437Z INFO  client] Sending sample transaction 67
[2022-07-23T15:58:47.487Z INFO  client] Sending sample transaction 68
[2022-07-23T15:58:47.536Z INFO  client] Sending sample transaction 69
[2022-07-23T15:58:47.587Z INFO  client] Sending sample transaction 70
[2022-07-23T15:58:47.637Z INFO  client] Sending sample transaction 71
[2022-07-23T15:58:47.687Z INFO  client] Sending sample transaction 72
[2022-07-23T15:58:47.736Z INFO  client] Sending sample transaction 73
[2022-07-23T15:58:47.786Z INFO  client] Sending sample transaction 74
[2022-07-23T15:58:47.837Z INFO  client] Sending sample transaction 75
[2022-07-23T15:58:47.887Z INFO  client] Sending sample transaction 76
[2022-07-23T15:58:47.936Z INFO  client] Sending sample transaction 77
[2022-07-23T15:58:47.987Z INFO  client] Sending sample transaction 78
[2022-07-23T15:58:48.036Z INFO  client] Sending sample transaction 79
[2022-07-23T15:58:48.087Z INFO  client] Sending sample transaction 80
[2022-07-23T15:58:48.137Z INFO  client] Sending sample transaction 81
[2022-07-23T15:58:48.188Z INFO  client] Sending sample transaction 82
[2022-07-23T15:58:48.236Z INFO  client] Sending sample transaction 83
[2022-07-23T15:58:48.287Z INFO  client] Sending sample transaction 84
[2022-07-23T15:58:48.336Z INFO  client] Sending sample transaction 85
[2022-07-23T15:58:48.387Z INFO  client] Sending sample transaction 86
[2022-07-23T15:58:48.437Z INFO  client] Sending sample transaction 87
[2022-07-23T15:58:48.487Z INFO  client] Sending sample transaction 88
[2022-07-23T15:58:48.582Z INFO  client] Sending sample transaction 89
[2022-07-23T15:58:48.586Z INFO  client] Sending sample transaction 90
[2022-07-23T15:58:48.637Z INFO  client] Sending sample transaction 91
[2022-07-23T15:58:48.687Z INFO  client] Sending sample transaction 92
[2022-07-23T15:58:48.737Z INFO  client] Sending sample transaction 93
[2022-07-23T15:58:48.790Z INFO  client] Sending sample transaction 94
[2022-07-23T15:58:48.836Z INFO  client] Sending sample transaction 95
[2022-07-23T15:58:48.886Z INFO  client] Sending sample transaction 96
[2022-07-23T15:58:48.946Z INFO  client] Sending sample transaction 97
[2022-07-23T15:58:48.988Z INFO  client] Sending sample transaction 98
[2022-07-23T15:58:49.040Z INFO  client] Sending sample transaction 99
[2022-07-23T15:58:49.087Z INFO  client] Sending sample transaction 100
[2022-07-23T15:58:49.136Z INFO  client] Sending sample transaction 101
[2022-07-23T15:58:49.188Z INFO  client] Sending sample transaction 102
[2022-07-23T15:58:49.237Z INFO  client] Sending sample transaction 103
[2022-07-23T15:58:49.287Z INFO  client] Sending sample transaction 104
[2022-07-23T15:58:49.336Z INFO  client] Sending sample transaction 105
[2022-07-23T15:58:49.387Z INFO  client] Sending sample transaction 106
[2022-07-23T15:58:49.437Z INFO  client] Sending sample transaction 107
[2022-07-23T15:58:49.487Z INFO  client] Sending sample transaction 108
[2022-07-23T15:58:49.537Z INFO  client] Sending sample transaction 109
[2022-07-23T15:58:49.587Z INFO  client] Sending sample transaction 110
[2022-07-23T15:58:49.636Z INFO  client] Sending sample transaction 111
[2022-07-23T15:58:49.687Z INFO  client] Sending sample transaction 112
[2022-07-23T15:58:49.741Z INFO  client] Sending sample transaction 113
[2022-07-23T15:58:49.786Z INFO  client] Sending sample transaction 114
[2022-07-23T15:58:49.836Z INFO  client] Sending sample transaction 115
[2022-07-23T15:58:49.893Z INFO  client] Sending sample transaction 116
[2022-07-23T15:58:49.937Z INFO  client] Sending sample transaction 117
[2022-07-23T15:58:49.987Z INFO  client] Sending sample transaction 118
[2022-07-23T15:58:50.038Z INFO  client] Sending sample transaction 119
[2022-07-23T15:58:50.116Z INFO  client] Sending sample transaction 120
[2022-07-23T15:58:50.157Z INFO  client] Sending sample transaction 121
[2022-07-23T15:58:50.187Z INFO  client] Sending sample transaction 122
[2022-07-23T15:58:50.237Z INFO  client] Sending sample transaction 123
[2022-07-23T15:58:50.287Z INFO  client] Sending sample transaction 124
[2022-07-23T15:58:50.337Z INFO  client] Sending sample transaction 125
[2022-07-23T15:58:50.386Z INFO  client] Sending sample transaction 126
[2022-07-23T15:58:50.437Z INFO  client] Sending sample transaction 127
[2022-07-23T15:58:50.493Z INFO  client] Sending sample transaction 128
[2022-07-23T15:58:50.538Z INFO  client] Sending sample transaction 129
[2022-07-23T15:58:50.586Z INFO  client] Sending sample transaction 130
[2022-07-23T15:58:50.637Z INFO  client] Sending sample transaction 131
[2022-07-23T15:58:50.687Z INFO  client] Sending sample transaction 132
[2022-07-23T15:58:50.736Z INFO  client] Sending sample transaction 133
[2022-07-23T15:58:50.787Z INFO  client] Sending sample transaction 134
[2022-07-23T15:58:50.836Z INFO  client] Sending sample transaction 135
[2022-07-23T15:58:50.893Z INFO  client] Sending sample transaction 136
[2022-07-23T15:58:50.936Z INFO  client] Sending sample transaction 137
[2022-07-23T15:58:50.987Z INFO  client] Sending sample transaction 138
[2022-07-23T15:58:51.036Z INFO  client] Sending sample transaction 139
[2022-07-23T15:58:51.087Z INFO  client] Sending sample transaction 140
[2022-07-23T15:58:51.137Z INFO  client] Sending sample transaction 141
[2022-07-23T15:58:51.186Z INFO  client] Sending sample transaction 142
[2022-07-23T15:58:51.236Z INFO  client] Sending sample transaction 143
[2022-07-23T15:58:51.287Z INFO  client] Sending sample transaction 144
[2022-07-23T15:58:51.337Z INFO  client] Sending sample transaction 145
[2022-07-23T15:58:51.419Z INFO  client] Sending sample transaction 146
[2022-07-23T15:58:51.442Z INFO  client] Sending sample transaction 147
[2022-07-23T15:58:51.486Z INFO  client] Sending sample transaction 148
[2022-07-23T15:58:51.536Z INFO  client] Sending sample transaction 149
[2022-07-23T15:58:51.586Z INFO  client] Sending sample transaction 150
[2022-07-23T15:58:51.637Z INFO  client] Sending sample transaction 151
[2022-07-23T15:58:51.686Z INFO  client] Sending sample transaction 152
[2022-07-23T15:58:51.737Z INFO  client] Sending sample transaction 153
[2022-07-23T15:58:51.808Z INFO  client] Sending sample transaction 154
[2022-07-23T15:58:51.843Z INFO  client] Sending sample transaction 155
[2022-07-23T15:58:51.887Z INFO  client] Sending sample transaction 156
[2022-07-23T15:58:51.937Z INFO  client] Sending sample transaction 157
[2022-07-23T15:58:51.987Z INFO  client] Sending sample transaction 158
[2022-07-23T15:58:52.036Z INFO  client] Sending sample transaction 159
[2022-07-23T15:58:52.086Z INFO  client] Sending sample transaction 160
[2022-07-23T15:58:52.138Z INFO  client] Sending sample transaction 161
[2022-07-23T15:58:52.199Z INFO  client] Sending sample transaction 162
[2022-07-23T15:58:52.237Z INFO  client] Sending sample transaction 163
[2022-07-23T15:58:52.289Z INFO  client] Sending sample transaction 164
[2022-07-23T15:58:52.337Z INFO  client] Sending sample transaction 165
[2022-07-23T15:58:52.386Z INFO  client] Sending sample transaction 166
[2022-07-23T15:58:52.440Z INFO  client] Sending sample transaction 167
[2022-07-23T15:58:52.487Z INFO  client] Sending sample transaction 168
[2022-07-23T15:58:52.561Z INFO  client] Sending sample transaction 169
[2022-07-23T15:58:52.609Z INFO  client] Sending sample transaction 170
[2022-07-23T15:58:52.644Z INFO  client] Sending sample transaction 171
[2022-07-23T15:58:52.686Z INFO  client] Sending sample transaction 172
[2022-07-23T15:58:52.737Z INFO  client] Sending sample transaction 173
[2022-07-23T15:58:52.786Z INFO  client] Sending sample transaction 174
[2022-07-23T15:58:52.836Z INFO  client] Sending sample transaction 175
[2022-07-23T15:58:52.938Z INFO  client] Sending sample transaction 176
[2022-07-23T15:58:52.962Z INFO  client] Sending sample transaction 177
[2022-07-23T15:58:52.987Z INFO  client] Sending sample transaction 178
[2022-07-23T15:58:53.045Z INFO  client] Sending sample transaction 179
[2022-07-23T15:58:53.086Z INFO  client] Sending sample transaction 180
[2022-07-23T15:58:53.136Z INFO  client] Sending sample transaction 181
[2022-07-23T15:58:53.187Z INFO  client] Sending sample transaction 182
[2022-07-23T15:58:53.237Z INFO  client] Sending sample transaction 183
[2022-07-23T15:58:53.286Z INFO  client] Sending sample transaction 184
[2022-07-23T15:58:53.337Z INFO  client] Sending sample transaction 185
[2022-07-23T15:58:53.387Z INFO  client] Sending sample transaction 186
[2022-07-23T15:58:53.456Z INFO  client] Sending sample transaction 187
[2022-07-23T15:58:53.492Z INFO  client] Sending sample transaction 188
[2022-07-23T15:58:53.538Z INFO  client] Sending sample transaction 189
[2022-07-23T15:58:53.586Z INFO  client] Sending sample transaction 190
[2022-07-23T15:58:53.637Z INFO  client] Sending sample transaction 191
[2022-07-23T15:58:53.687Z INFO  client] Sending sample transaction 192
[2022-07-23T15:58:53.737Z INFO  client] Sending sample transaction 193
[2022-07-23T15:58:53.787Z INFO  client] Sending sample transaction 194
[2022-07-23T15:58:53.837Z INFO  client] Sending sample transaction 195
[2022-07-23T15:58:53.887Z INFO  client] Sending sample transaction 196
[2022-07-23T15:58:53.939Z INFO  client] Sending sample transaction 197
[2022-07-23T15:58:53.988Z INFO  client] Sending sample transaction 198
[2022-07-23T15:58:54.037Z INFO  client] Sending sample transaction 199
[2022-07-23T15:58:54.086Z INFO  client] Sending sample transaction 200
[2022-07-23T15:58:54.137Z INFO  client] Sending sample transaction 201
[2022-07-23T15:58:54.187Z INFO  client] Sending sample transaction 202
[2022-07-23T15:58:54.237Z INFO  client] Sending sample transaction 203
[2022-07-23T15:58:54.287Z INFO  client] Sending sample transaction 204
[2022-07-23T15:58:54.337Z INFO  client] Sending sample transaction 205
[2022-07-23T15:58:54.387Z INFO  client] Sending sample transaction 206
[2022-07-23T15:58:54.437Z INFO  client] Sending sample transaction 207
[2022-07-23T15:58:54.487Z INFO  client] Sending sample transaction 208
[2022-07-23T15:58:54.537Z INFO  client] Sending sample transaction 209
[2022-07-23T15:58:54.587Z INFO  client] Sending sample transaction 210
[2022-07-23T15:58:54.637Z INFO  client] Sending sample transaction 211
[2022-07-23T15:58:54.687Z INFO  client] Sending sample transaction 212
[2022-07-23T15:58:54.737Z INFO  client] Sending sample transaction 213
[2022-07-23T15:58:54.787Z INFO  client] Sending sample transaction 214
[2022-07-23T15:58:54.837Z INFO  client] Sending sample transaction 215
[2022-07-23T15:58:54.887Z INFO  client] Sending sample transaction 216
[2022-07-23T15:58:54.936Z INFO  client] Sending sample transaction 217
[2022-07-23T15:58:54.987Z INFO  client] Sending sample transaction 218
[2022-07-23T15:58:55.046Z INFO  client] Sending sample transaction 219
[2022-07-23T15:58:55.119Z INFO  client] Sending sample transaction 220
[2022-07-23T15:58:55.162Z INFO  client] Sending sample transaction 221
[2022-07-23T15:58:55.193Z INFO  client] Sending sample transaction 222
[2022-07-23T15:58:55.236Z INFO  client] Sending sample transaction 223
[2022-07-23T15:58:55.287Z INFO  client] Sending sample transaction 224
[2022-07-23T15:58:55.336Z INFO  client] Sending sample transaction 225
[2022-07-23T15:58:55.387Z INFO  client] Sending sample transaction 226
[2022-07-23T15:58:55.442Z INFO  client] Sending sample transaction 227
[2022-07-23T15:58:55.498Z INFO  client] Sending sample transaction 228
[2022-07-23T15:58:55.585Z INFO  client] Sending sample transaction 229
[2022-07-23T15:58:55.592Z INFO  client] Sending sample transaction 230
[2022-07-23T15:58:55.643Z INFO  client] Sending sample transaction 231
[2022-07-23T15:58:55.785Z INFO  client] Sending sample transaction 232
[2022-07-23T15:58:55.786Z INFO  client] Sending sample transaction 233
[2022-07-23T15:58:55.796Z INFO  client] Sending sample transaction 234
[2022-07-23T15:58:55.864Z INFO  client] Sending sample transaction 235
[2022-07-23T15:58:55.914Z INFO  client] Sending sample transaction 236
[2022-07-23T15:58:55.952Z INFO  client] Sending sample transaction 237
[2022-07-23T15:58:55.989Z INFO  client] Sending sample transaction 238
[2022-07-23T15:58:56.037Z INFO  client] Sending sample transaction 239
[2022-07-23T15:58:56.117Z INFO  client] Sending sample transaction 240
[2022-07-23T15:58:56.182Z INFO  client] Sending sample transaction 241
[2022-07-23T15:58:56.203Z INFO  client] Sending sample transaction 242
[2022-07-23T15:58:56.254Z INFO  client] Sending sample transaction 243
[2022-07-23T15:58:56.301Z INFO  client] Sending sample transaction 244
[2022-07-23T15:58:56.336Z INFO  client] Sending sample transaction 245
[2022-07-23T15:58:56.387Z INFO  client] Sending sample transaction 246
[2022-07-23T15:58:56.437Z INFO  client] Sending sample transaction 247
[2022-07-23T15:58:56.487Z INFO  client] Sending sample transaction 248
[2022-07-23T15:58:56.568Z INFO  client] Sending sample transaction 249
[2022-07-23T15:58:56.599Z INFO  client] Sending sample transaction 250
[2022-07-23T15:58:56.637Z INFO  client] Sending sample transaction 251
[2022-07-23T15:58:56.688Z INFO  client] Sending sample transaction 252
[2022-07-23T15:58:56.738Z INFO  client] Sending sample transaction 253
[2022-07-23T15:58:56.787Z INFO  client] Sending sample transaction 254
[2022-07-23T15:58:56.837Z INFO  client] Sending sample transaction 255
[2022-07-23T15:58:56.887Z INFO  client] Sending sample transaction 256
[2022-07-23T15:58:56.937Z INFO  client] Sending sample transaction 257
[2022-07-23T15:58:56.989Z INFO  client] Sending sample transaction 258
[2022-07-23T15:58:57.038Z INFO  client] Sending sample transaction 259
[2022-07-23T15:58:57.096Z INFO  client] Sending sample transaction 260
[2022-07-23T15:58:57.148Z INFO  client] Sending sample transaction 261
[2022-07-23T15:58:57.191Z INFO  client] Sending sample transaction 262
[2022-07-23T15:58:57.237Z INFO  client] Sending sample transaction 263
[2022-07-23T15:58:57.288Z INFO  client] Sending sample transaction 264
[2022-07-23T15:58:57.338Z INFO  client] Sending sample transaction 265
[2022-07-23T15:58:57.387Z INFO  client] Sending sample transaction 266
[2022-07-23T15:58:57.439Z INFO  client] Sending sample transaction 267
[2022-07-23T15:58:57.487Z INFO  client] Sending sample transaction 268
[2022-07-23T15:58:57.554Z INFO  client] Sending sample transaction 269
[2022-07-23T15:58:57.594Z INFO  client] Sending sample transaction 270
[2022-07-23T15:58:57.637Z INFO  client] Sending sample transaction 271
[2022-07-23T15:58:57.687Z INFO  client] Sending sample transaction 272
[2022-07-23T15:58:57.737Z INFO  client] Sending sample transaction 273
[2022-07-23T15:58:57.791Z INFO  client] Sending sample transaction 274
[2022-07-23T15:58:57.838Z INFO  client] Sending sample transaction 275
[2022-07-23T15:58:57.887Z INFO  client] Sending sample transaction 276
[2022-07-23T15:58:57.937Z INFO  client] Sending sample transaction 277
[2022-07-23T15:58:57.987Z INFO  client] Sending sample transaction 278
[2022-07-23T15:58:58.037Z INFO  client] Sending sample transaction 279
[2022-07-23T15:58:58.087Z INFO  client] Sending sample transaction 280
[2022-07-23T15:58:58.136Z INFO  client] Sending sample transaction 281
[2022-07-23T15:58:58.186Z INFO  client] Sending sample transaction 282
[2022-07-23T15:58:58.239Z INFO  client] Sending sample transaction 283
[2022-07-23T15:58:58.287Z INFO  client] Sending sample transaction 284
[2022-07-23T15:58:58.344Z INFO  client] Sending sample transaction 285
[2022-07-23T15:58:58.393Z INFO  client] Sending sample transaction 286
[2022-07-23T15:58:58.466Z INFO  client] Sending sample transaction 287
[2022-07-23T15:58:58.498Z INFO  client] Sending sample transaction 288
[2022-07-23T15:58:58.537Z INFO  client] Sending sample transaction 289
[2022-07-23T15:58:58.587Z INFO  client] Sending sample transaction 290
[2022-07-23T15:58:58.637Z INFO  client] Sending sample transaction 291
[2022-07-23T15:58:58.690Z INFO  client] Sending sample transaction 292
[2022-07-23T15:58:58.737Z INFO  client] Sending sample transaction 293
[2022-07-23T15:58:58.787Z INFO  client] Sending sample transaction 294
[2022-07-23T15:58:58.837Z INFO  client] Sending sample transaction 295
[2022-07-23T15:58:58.888Z INFO  client] Sending sample transaction 296
[2022-07-23T15:58:58.937Z INFO  client] Sending sample transaction 297
[2022-07-23T15:58:58.987Z INFO  client] Sending sample transaction 298
[2022-07-23T15:58:59.039Z INFO  client] Sending sample transaction 299
[2022-07-23T15:58:59.086Z INFO  client] Sending sample transaction 300
[2022-07-23T15:58:59.136Z INFO  client] Sending sample transaction 301
[2022-07-23T15:58:59.187Z INFO  client] Sending sample transaction 302
[2022-07-23T15:58:59.237Z INFO  client] Sending sample transaction 303
[2022-07-23T15:58:59.288Z INFO  client] Sending sample transaction 304
[2022-07-23T15:58:59.343Z INFO  client] Sending sample transaction 305
[2022-07-23T15:58:59.387Z INFO  client] Sending sample transaction 306
[2022-07-23T15:58:59.438Z INFO  client] Sending sample transaction 307
[2022-07-23T15:58:59.488Z INFO  client] Sending sample transaction 308
[2022-07-23T15:58:59.537Z INFO  client] Sending sample transaction 309
[2022-07-23T15:58:59.586Z INFO  client] Sending sample transaction 310
[2022-07-23T15:58:59.637Z INFO  client] Sending sample transaction 311
[2022-07-23T15:58:59.688Z INFO  client] Sending sample transaction 312
[2022-07-23T15:58:59.737Z INFO  client] Sending sample transaction 313
[2022-07-23T15:58:59.787Z INFO  client] Sending sample transaction 314
[2022-07-23T15:58:59.836Z INFO  client] Sending sample transaction 315
[2022-07-23T15:58:59.887Z INFO  client] Sending sample transaction 316
[2022-07-23T15:58:59.937Z INFO  client] Sending sample transaction 317
[2022-07-23T15:58:59.987Z INFO  client] Sending sample transaction 318
[2022-07-23T15:59:00.037Z INFO  client] Sending sample transaction 319
[2022-07-23T15:59:00.088Z INFO  client] Sending sample transaction 320
[2022-07-23T15:59:00.136Z INFO  client] Sending sample transaction 321
[2022-07-23T15:59:00.187Z INFO  client] Sending sample transaction 322
[2022-07-23T15:59:00.236Z INFO  client] Sending sample transaction 323
[2022-07-23T15:59:00.287Z INFO  client] Sending sample transaction 324
[2022-07-23T15:59:00.337Z INFO  client] Sending sample transaction 325
[2022-07-23T15:59:00.387Z INFO  client] Sending sample transaction 326
[2022-07-23T15:59:00.437Z INFO  client] Sending sample transaction 327
[2022-07-23T15:59:00.486Z INFO  client] Sending sample transaction 328
[2022-07-23T15:59:00.547Z INFO  client] Sending sample transaction 329
[2022-07-23T15:59:00.588Z INFO  client] Sending sample transaction 330
[2022-07-23T15:59:00.637Z INFO  client] Sending sample transaction 331
[2022-07-23T15:59:00.687Z INFO  client] Sending sample transaction 332
[2022-07-23T15:59:00.738Z INFO  client] Sending sample transaction 333
[2022-07-23T15:59:00.786Z INFO  client] Sending sample transaction 334
[2022-07-23T15:59:00.837Z INFO  client] Sending sample transaction 335
[2022-07-23T15:59:00.887Z INFO  client] Sending sample transaction 336
[2022-07-23T15:59:00.937Z INFO  client] Sending sample transaction 337
[2022-07-23T15:59:00.991Z INFO  client] Sending sample transaction 338
[2022-07-23T15:59:01.037Z INFO  client] Sending sample transaction 339
[2022-07-23T15:59:01.087Z INFO  client] Sending sample transaction 340
[2022-07-23T15:59:01.137Z INFO  client] Sending sample transaction 341
[2022-07-23T15:59:01.187Z INFO  client] Sending sample transaction 342
[2022-07-23T15:59:01.237Z INFO  client] Sending sample transaction 343
[2022-07-23T15:59:01.288Z INFO  client] Sending sample transaction 344
[2022-07-23T15:59:01.337Z INFO  client] Sending sample transaction 345
[2022-07-23T15:59:01.388Z INFO  client] Sending sample transaction 346
[2022-07-23T15:59:01.437Z INFO  client] Sending sample transaction 347
[2022-07-23T15:59:01.487Z INFO  client] Sending sample transaction 348
[2022-07-23T15:59:01.537Z INFO  client] Sending sample transaction 349
[2022-07-23T15:59:01.586Z INFO  client] Sending sample transaction 350
[2022-07-23T15:59:01.645Z INFO  client] Sending sample transaction 351
[2022-07-23T15:59:01.687Z INFO  client] Sending sample transaction 352
[2022-07-23T15:59:01.738Z INFO  client] Sending sample transaction 353
[2022-07-23T15:59:01.787Z INFO  client] Sending sample transaction 354
[2022-07-23T15:59:01.849Z INFO  client] Sending sample transaction 355
[2022-07-23T15:59:01.888Z INFO  client] Sending sample transaction 356
[2022-07-23T15:59:01.937Z INFO  client] Sending sample transaction 357
[2022-07-23T15:59:01.988Z INFO  client] Sending sample transaction 358
[2022-07-23T15:59:02.036Z INFO  client] Sending sample transaction 359
[2022-07-23T15:59:02.086Z INFO  client] Sending sample transaction 360
[2022-07-23T15:59:02.136Z INFO  client] Sending sample transaction 361
[2022-07-23T15:59:02.187Z INFO  client] Sending sample transaction 362
[2022-07-23T15:59:02.236Z INFO  client] Sending sample transaction 363
[2022-07-23T15:59:02.287Z INFO  client] Sending sample transaction 364
[2022-07-23T15:59:02.336Z INFO  client] Sending sample transaction 365
[2022-07-23T15:59:02.386Z INFO  client] Sending sample transaction 366
[2022-07-23T15:59:02.437Z INFO  client] Sending sample transaction 367
[2022-07-23T15:59:02.487Z INFO  client] Sending sample transaction 368
[2022-07-23T15:59:02.538Z INFO  client] Sending sample transaction 369
[2022-07-23T15:59:02.586Z INFO  client] Sending sample transaction 370
[2022-07-23T15:59:02.643Z INFO  client] Sending sample transaction 371
[2022-07-23T15:59:02.691Z INFO  client] Sending sample transaction 372
[2022-07-23T15:59:02.747Z INFO  client] Sending sample transaction 373
[2022-07-23T15:59:02.787Z INFO  client] Sending sample transaction 374
[2022-07-23T15:59:02.837Z INFO  client] Sending sample transaction 375
[2022-07-23T15:59:02.886Z INFO  client] Sending sample transaction 376
[2022-07-23T15:59:02.937Z INFO  client] Sending sample transaction 377
[2022-07-23T15:59:02.988Z INFO  client] Sending sample transaction 378
[2022-07-23T15:59:03.038Z INFO  client] Sending sample transaction 379
[2022-07-23T15:59:03.087Z INFO  client] Sending sample transaction 380
[2022-07-23T15:59:03.137Z INFO  client] Sending sample transaction 381
[2022-07-23T15:59:03.186Z INFO  client] Sending sample transaction 382
[2022-07-23T15:59:03.237Z INFO  client] Sending sample transaction 383
[2022-07-23T15:59:03.287Z INFO  client] Sending sample transaction 384
[2022-07-23T15:59:03.338Z INFO  client] Sending sample transaction 385
[2022-07-23T15:59:03.387Z INFO  client] Sending sample transaction 386
[2022-07-23T15:59:03.436Z INFO  client] Sending sample transaction 387
[2022-07-23T15:59:03.493Z INFO  client] Sending sample transaction 388
[2022-07-23T15:59:03.540Z INFO  client] Sending sample transaction 389
[2022-07-23T15:59:03.587Z INFO  client] Sending sample transaction 390
[2022-07-23T15:59:03.637Z INFO  client] Sending sample transaction 391
[2022-07-23T15:59:03.689Z INFO  client] Sending sample transaction 392
[2022-07-23T15:59:03.736Z INFO  client] Sending sample transaction 393
[2022-07-23T15:59:03.786Z INFO  client] Sending sample transaction 394
[2022-07-23T15:59:03.837Z INFO  client] Sending sample transaction 395
[2022-07-23T15:59:03.887Z INFO  client] Sending sample transaction 396
[2022-07-23T15:59:03.937Z INFO  client] Sending sample transaction 397
[2022-07-23T15:59:03.987Z INFO  client] Sending sample transaction 398
[2022-07-23T15:59:04.037Z INFO  client] Sending sample transaction 399
[2022-07-23T15:59:04.087Z INFO  client] Sending sample transaction 400
[2022-07-23T15:59:04.137Z INFO  client] Sending sample transaction 401
[2022-07-23T15:59:04.187Z INFO  client] Sending sample transaction 402
[2022-07-23T15:59:04.238Z INFO  client] Sending sample transaction 403
[2022-07-23T15:59:04.287Z INFO  client] Sending sample transaction 404
[2022-07-23T15:59:04.336Z INFO  client] Sending sample transaction 405
[2022-07-23T15:59:04.386Z INFO  client] Sending sample transaction 406
[2022-07-23T15:59:04.438Z INFO  client] Sending sample transaction 407
[2022-07-23T15:59:04.487Z INFO  client] Sending sample transaction 408
[2022-07-23T15:59:04.536Z INFO  client] Sending sample transaction 409
[2022-07-23T15:59:04.587Z INFO  client] Sending sample transaction 410
[2022-07-23T15:59:04.637Z INFO  client] Sending sample transaction 411
[2022-07-23T15:59:04.687Z INFO  client] Sending sample transaction 412
[2022-07-23T15:59:04.737Z INFO  client] Sending sample transaction 413
[2022-07-23T15:59:04.798Z INFO  client] Sending sample transaction 414
[2022-07-23T15:59:04.851Z INFO  client] Sending sample transaction 415
[2022-07-23T15:59:04.887Z INFO  client] Sending sample transaction 416
[2022-07-23T15:59:04.937Z INFO  client] Sending sample transaction 417
[2022-07-23T15:59:04.988Z INFO  client] Sending sample transaction 418
[2022-07-23T15:59:05.038Z INFO  client] Sending sample transaction 419
[2022-07-23T15:59:05.087Z INFO  client] Sending sample transaction 420
[2022-07-23T15:59:05.136Z INFO  client] Sending sample transaction 421
[2022-07-23T15:59:05.187Z INFO  client] Sending sample transaction 422
[2022-07-23T15:59:05.236Z INFO  client] Sending sample transaction 423
[2022-07-23T15:59:05.287Z INFO  client] Sending sample transaction 424
[2022-07-23T15:59:05.337Z INFO  client] Sending sample transaction 425
[2022-07-23T15:59:05.393Z INFO  client] Sending sample transaction 426
[2022-07-23T15:59:05.437Z INFO  client] Sending sample transaction 427
[2022-07-23T15:59:05.487Z INFO  client] Sending sample transaction 428
[2022-07-23T15:59:05.538Z INFO  client] Sending sample transaction 429
[2022-07-23T15:59:05.587Z INFO  client] Sending sample transaction 430
[2022-07-23T15:59:05.637Z INFO  client] Sending sample transaction 431
[2022-07-23T15:59:05.688Z INFO  client] Sending sample transaction 432
[2022-07-23T15:59:05.748Z INFO  client] Sending sample transaction 433
[2022-07-23T15:59:05.788Z INFO  client] Sending sample transaction 434
[2022-07-23T15:59:05.845Z INFO  client] Sending sample transaction 435
[2022-07-23T15:59:05.896Z INFO  client] Sending sample transaction 436
[2022-07-23T15:59:05.942Z INFO  client] Sending sample transaction 437
[2022-07-23T15:59:05.996Z INFO  client] Sending sample transaction 438
[2022-07-23T15:59:06.042Z INFO  client] Sending sample transaction 439
[2022-07-23T15:59:06.092Z INFO  client] Sending sample transaction 440
[2022-07-23T15:59:06.141Z INFO  client] Sending sample transaction 441
[2022-07-23T15:59:06.196Z INFO  client] Sending sample transaction 442
[2022-07-23T15:59:06.242Z INFO  client] Sending sample transaction 443
[2022-07-23T15:59:06.289Z INFO  client] Sending sample transaction 444
[2022-07-23T15:59:06.337Z INFO  client] Sending sample transaction 445
