[2022-07-23T17:24:47.252Z INFO  client] Node address: 127.0.0.1:9012
[2022-07-23T17:24:47.252Z INFO  client] Transactions size: 512 B
[2022-07-23T17:24:47.252Z INFO  client] Transactions rate: 112 tx/s
[2022-07-23T17:24:47.252Z INFO  client] Waiting for all nodes to be online...
[2022-07-23T17:24:47.252Z INFO  client] Waiting for all nodes to be synchronized...
[2022-07-23T17:24:49.293Z INFO  client] Start sending transactions
[2022-07-23T17:24:49.294Z INFO  client] Sending sample transaction 0
[2022-07-23T17:24:49.359Z INFO  client] Sending sample transaction 1
[2022-07-23T17:24:49.399Z INFO  client] Sending sample transaction 2
[2022-07-23T17:24:49.445Z INFO  client] Sending sample transaction 3
[2022-07-23T17:24:49.496Z INFO  client] Sending sample transaction 4
[2022-07-23T17:24:49.544Z INFO  client] Sending sample transaction 5
[2022-07-23T17:24:49.594Z INFO  client] Sending sample transaction 6
[2022-07-23T17:24:49.645Z INFO  client] Sending sample transaction 7
[2022-07-23T17:24:49.695Z INFO  client] Sending sample transaction 8
[2022-07-23T17:24:49.745Z INFO  client] Sending sample transaction 9
[2022-07-23T17:24:49.795Z INFO  client] Sending sample transaction 10
[2022-07-23T17:24:49.844Z INFO  client] Sending sample transaction 11
[2022-07-23T17:24:49.894Z INFO  client] Sending sample transaction 12
[2022-07-23T17:24:49.946Z INFO  client] Sending sample transaction 13
[2022-07-23T17:24:49.997Z INFO  client] Sending sample transaction 14
[2022-07-23T17:24:50.044Z INFO  client] Sending sample transaction 15
[2022-07-23T17:24:50.094Z INFO  client] Sending sample transaction 16
[2022-07-23T17:24:50.145Z INFO  client] Sending sample transaction 17
[2022-07-23T17:24:50.208Z INFO  client] Sending sample transaction 18
[2022-07-23T17:24:50.245Z INFO  client] Sending sample transaction 19
[2022-07-23T17:24:50.295Z INFO  client] Sending sample transaction 20
[2022-07-23T17:24:50.344Z INFO  client] Sending sample transaction 21
[2022-07-23T17:24:50.402Z INFO  client] Sending sample transaction 22
[2022-07-23T17:24:50.446Z INFO  client] Sending sample transaction 23
[2022-07-23T17:24:50.497Z INFO  client] Sending sample transaction 24
[2022-07-23T17:24:50.545Z INFO  client] Sending sample transaction 25
[2022-07-23T17:24:50.594Z INFO  client] Sending sample transaction 26
[2022-07-23T17:24:50.645Z INFO  client] Sending sample transaction 27
[2022-07-23T17:24:50.719Z INFO  client] Sending sample transaction 28
[2022-07-23T17:24:50.806Z INFO  client] Sending sample transaction 29
[2022-07-23T17:24:50.856Z INFO  client] Sending sample transaction 30
[2022-07-23T17:24:50.869Z INFO  client] Sending sample transaction 31
[2022-07-23T17:24:50.895Z INFO  client] Sending sample transaction 32
[2022-07-23T17:24:50.945Z INFO  client] Sending sample transaction 33
[2022-07-23T17:24:50.997Z INFO  client] Sending sample transaction 34
[2022-07-23T17:24:51.077Z INFO  client] Sending sample transaction 35
[2022-07-23T17:24:51.128Z INFO  client] Sending sample transaction 36
[2022-07-23T17:24:51.153Z INFO  client] Sending sample transaction 37
[2022-07-23T17:24:51.195Z INFO  client] Sending sample transaction 38
[2022-07-23T17:24:51.245Z INFO  client] Sending sample transaction 39
[2022-07-23T17:24:51.295Z INFO  client] Sending sample transaction 40
[2022-07-23T17:24:51.345Z INFO  client] Sending sample transaction 41
[2022-07-23T17:24:51.394Z INFO  client] Sending sample transaction 42
[2022-07-23T17:24:51.460Z INFO  client] Sending sample transaction 43
[2022-07-23T17:24:51.525Z INFO  client] Sending sample transaction 44
[2022-07-23T17:24:51.556Z INFO  client] Sending sample transaction 45
[2022-07-23T17:24:51.596Z INFO  client] Sending sample transaction 46
[2022-07-23T17:24:51.645Z INFO  client] Sending sample transaction 47
[2022-07-23T17:24:51.694Z INFO  client] Sending sample transaction 48
[2022-07-23T17:24:51.746Z INFO  client] Sending sample transaction 49
[2022-07-23T17:24:51.795Z INFO  client] Sending sample transaction 50
[2022-07-23T17:24:51.844Z INFO  client] Sending sample transaction 51
[2022-07-23T17:24:51.894Z INFO  client] Sending sample transaction 52
[2022-07-23T17:24:51.945Z INFO  client] Sending sample transaction 53
[2022-07-23T17:24:51.994Z INFO  client] Sending sample transaction 54
[2022-07-23T17:24:52.044Z INFO  client] Sending sample transaction 55
[2022-07-23T17:24:52.111Z INFO  client] Sending sample transaction 56
[2022-07-23T17:24:52.153Z INFO  client] Sending sample transaction 57
[2022-07-23T17:24:52.196Z INFO  client] Sending sample transaction 58
[2022-07-23T17:24:52.266Z INFO  client] Sending sample transaction 59
[2022-07-23T17:24:52.296Z INFO  client] Sending sample transaction 60
[2022-07-23T17:24:52.345Z INFO  client] Sending sample transaction 61
[2022-07-23T17:24:52.396Z INFO  client] Sending sample transaction 62
[2022-07-23T17:24:52.445Z INFO  client] Sending sample transaction 63
[2022-07-23T17:24:52.495Z INFO  client] Sending sample transaction 64
[2022-07-23T17:24:52.544Z INFO  client] Sending sample transaction 65
[2022-07-23T17:24:52.595Z INFO  client] Sending sample transaction 66
[2022-07-23T17:24:52.644Z INFO  client] Sending sample transaction 67
[2022-07-23T17:24:52.694Z INFO  client] Sending sample transaction 68
[2022-07-23T17:24:52.744Z INFO  client] Sending sample transaction 69
[2022-07-23T17:24:52.794Z INFO  client] Sending sample transaction 70
[2022-07-23T17:24:52.844Z INFO  client] Sending sample transaction 71
[2022-07-23T17:24:52.895Z INFO  client] Sending sample transaction 72
[2022-07-23T17:24:52.945Z INFO  client] Sending sample transaction 73
[2022-07-23T17:24:52.995Z INFO  client] Sending sample transaction 74
[2022-07-23T17:24:53.075Z INFO  client] Sending sample transaction 75
[2022-07-23T17:24:53.112Z INFO  client] Sending sample transaction 76
[2022-07-23T17:24:53.209Z INFO  client] Sending sample transaction 77
[2022-07-23T17:24:53.232Z INFO  client] Sending sample transaction 78
[2022-07-23T17:24:53.249Z INFO  client] Sending sample transaction 79
[2022-07-23T17:24:53.294Z INFO  client] Sending sample transaction 80
[2022-07-23T17:24:53.344Z INFO  client] Sending sample transaction 81
[2022-07-23T17:24:53.394Z INFO  client] Sending sample transaction 82
[2022-07-23T17:24:53.444Z INFO  client] Sending sample transaction 83
[2022-07-23T17:24:53.495Z INFO  client] Sending sample transaction 84
[2022-07-23T17:24:53.543Z INFO  client] Sending sample transaction 85
[2022-07-23T17:24:53.595Z INFO  client] Sending sample transaction 86
[2022-07-23T17:24:53.644Z INFO  client] Sending sample transaction 87
[2022-07-23T17:24:53.703Z INFO  client] Sending sample transaction 88
[2022-07-23T17:24:53.747Z INFO  client] Sending sample transaction 89
[2022-07-23T17:24:53.794Z INFO  client] Sending sample transaction 90
[2022-07-23T17:24:53.843Z INFO  client] Sending sample transaction 91
[2022-07-23T17:24:53.895Z INFO  client] Sending sample transaction 92
[2022-07-23T17:24:53.945Z INFO  client] Sending sample transaction 93
[2022-07-23T17:24:53.995Z INFO  client] Sending sample transaction 94
[2022-07-23T17:24:54.044Z INFO  client] Sending sample transaction 95
[2022-07-23T17:24:54.095Z INFO  client] Sending sample transaction 96
[2022-07-23T17:24:54.144Z INFO  client] Sending sample transaction 97
[2022-07-23T17:24:54.194Z INFO  client] Sending sample transaction 98
[2022-07-23T17:24:54.244Z INFO  client] Sending sample transaction 99
[2022-07-23T17:24:54.295Z INFO  client] Sending sample transaction 100
[2022-07-23T17:24:54.346Z INFO  client] Sending sample transaction 101
[2022-07-23T17:24:54.395Z INFO  client] Sending sample transaction 102
[2022-07-23T17:24:54.446Z INFO  client] Sending sample transaction 103
[2022-07-23T17:24:54.494Z INFO  client] Sending sample transaction 104
[2022-07-23T17:24:54.545Z INFO  client] Sending sample transaction 105
[2022-07-23T17:24:54.594Z INFO  client] Sending sample transaction 106
[2022-07-23T17:24:54.644Z INFO  client] Sending sample transaction 107
[2022-07-23T17:24:54.695Z INFO  client] Sending sample transaction 108
[2022-07-23T17:24:54.744Z INFO  client] Sending sample transaction 109
[2022-07-23T17:24:54.795Z INFO  client] Sending sample transaction 110
[2022-07-23T17:24:54.844Z INFO  client] Sending sample transaction 111
[2022-07-23T17:24:54.894Z INFO  client] Sending sample transaction 112
[2022-07-23T17:24:54.945Z INFO  client] Sending sample transaction 113
[2022-07-23T17:24:55.030Z INFO  client] Sending sample transaction 114
[2022-07-23T17:24:55.067Z INFO  client] Sending sample transaction 115
[2022-07-23T17:24:55.142Z INFO  client] Sending sample transaction 116
[2022-07-23T17:24:55.153Z INFO  client] Sending sample transaction 117
[2022-07-23T17:24:55.195Z INFO  client] Sending sample transaction 118
[2022-07-23T17:24:55.245Z INFO  client] Sending sample transaction 119
[2022-07-23T17:24:55.296Z INFO  client] Sending sample transaction 120
[2022-07-23T17:24:55.345Z INFO  client] Sending sample transaction 121
[2022-07-23T17:24:55.395Z INFO  client] Sending sample transaction 122
[2022-07-23T17:24:55.444Z INFO  client] Sending sample transaction 123
[2022-07-23T17:24:55.494Z INFO  client] Sending sample transaction 124
[2022-07-23T17:24:55.544Z INFO  client] Sending sample transaction 125
[2022-07-23T17:24:55.594Z INFO  client] Sending sample transaction 126
[2022-07-23T17:24:55.644Z INFO  client] Sending sample transaction 127
[2022-07-23T17:24:55.694Z INFO  client] Sending sample transaction 128
[2022-07-23T17:24:55.743Z INFO  client] Sending sample transaction 129
[2022-07-23T17:24:55.798Z INFO  client] Sending sample transaction 130
[2022-07-23T17:24:55.846Z INFO  client] Sending sample transaction 131
[2022-07-23T17:24:55.894Z INFO  client] Sending sample transaction 132
[2022-07-23T17:24:55.945Z INFO  client] Sending sample transaction 133
[2022-07-23T17:24:55.994Z INFO  client] Sending sample transaction 134
[2022-07-23T17:24:56.045Z INFO  client] Sending sample transaction 135
[2022-07-23T17:24:56.095Z INFO  client] Sending sample transaction 136
[2022-07-23T17:24:56.145Z INFO  client] Sending sample transaction 137
[2022-07-23T17:24:56.194Z INFO  client] Sending sample transaction 138
[2022-07-23T17:24:56.244Z INFO  client] Sending sample transaction 139
[2022-07-23T17:24:56.294Z INFO  client] Sending sample transaction 140
[2022-07-23T17:24:56.345Z INFO  client] Sending sample transaction 141
[2022-07-23T17:24:56.394Z INFO  client] Sending sample transaction 142
[2022-07-23T17:24:56.444Z INFO  client] Sending sample transaction 143
[2022-07-23T17:24:56.494Z INFO  client] Sending sample transaction 144
[2022-07-23T17:24:56.544Z INFO  client] Sending sample transaction 145
[2022-07-23T17:24:56.594Z INFO  client] Sending sample transaction 146
[2022-07-23T17:24:56.644Z INFO  client] Sending sample transaction 147
[2022-07-23T17:24:56.694Z INFO  client] Sending sample transaction 148
[2022-07-23T17:24:56.744Z INFO  client] Sending sample transaction 149
[2022-07-23T17:24:56.794Z INFO  client] Sending sample transaction 150
[2022-07-23T17:24:56.845Z INFO  client] Sending sample transaction 151
[2022-07-23T17:24:56.896Z INFO  client] Sending sample transaction 152
[2022-07-23T17:24:56.944Z INFO  client] Sending sample transaction 153
[2022-07-23T17:24:56.996Z INFO  client] Sending sample transaction 154
[2022-07-23T17:24:57.044Z INFO  client] Sending sample transaction 155
[2022-07-23T17:24:57.095Z INFO  client] Sending sample transaction 156
[2022-07-23T17:24:57.145Z INFO  client] Sending sample transaction 157
[2022-07-23T17:24:57.195Z INFO  client] Sending sample transaction 158
[2022-07-23T17:24:57.245Z INFO  client] Sending sample transaction 159
[2022-07-23T17:24:57.294Z INFO  client] Sending sample transaction 160
[2022-07-23T17:24:57.344Z INFO  client] Sending sample transaction 161
[2022-07-23T17:24:57.395Z INFO  client] Sending sample transaction 162
[2022-07-23T17:24:57.445Z INFO  client] Sending sample transaction 163
[2022-07-23T17:24:57.495Z INFO  client] Sending sample transaction 164
[2022-07-23T17:24:57.545Z INFO  client] Sending sample transaction 165
[2022-07-23T17:24:57.594Z INFO  client] Sending sample transaction 166
[2022-07-23T17:24:57.658Z INFO  client] Sending sample transaction 167
[2022-07-23T17:24:57.698Z INFO  client] Sending sample transaction 168
[2022-07-23T17:24:57.770Z INFO  client] Sending sample transaction 169
[2022-07-23T17:24:57.794Z INFO  client] Sending sample transaction 170
[2022-07-23T17:24:57.846Z INFO  client] Sending sample transaction 171
[2022-07-23T17:24:57.904Z INFO  client] Sending sample transaction 172
[2022-07-23T17:24:57.954Z INFO  client] Sending sample transaction 173
[2022-07-23T17:24:57.995Z INFO  client] Sending sample transaction 174
[2022-07-23T17:24:58.044Z INFO  client] Sending sample transaction 175
[2022-07-23T17:24:58.094Z INFO  client] Sending sample transaction 176
[2022-07-23T17:24:58.144Z INFO  client] Sending sample transaction 177
[2022-07-23T17:24:58.194Z INFO  client] Sending sample transaction 178
[2022-07-23T17:24:58.244Z INFO  client] Sending sample transaction 179
[2022-07-23T17:24:58.295Z INFO  client] Sending sample transaction 180
[2022-07-23T17:24:58.344Z INFO  client] Sending sample transaction 181
[2022-07-23T17:24:58.395Z INFO  client] Sending sample transaction 182
[2022-07-23T17:24:58.445Z INFO  client] Sending sample transaction 183
[2022-07-23T17:24:58.495Z INFO  client] Sending sample transaction 184
[2022-07-23T17:24:58.545Z INFO  client] Sending sample transaction 185
[2022-07-23T17:24:58.594Z INFO  client] Sending sample transaction 186
[2022-07-23T17:24:58.644Z INFO  client] Sending sample transaction 187
[2022-07-23T17:24:58.695Z INFO  client] Sending sample transaction 188
[2022-07-23T17:24:58.746Z INFO  client] Sending sample transaction 189
[2022-07-23T17:24:58.795Z INFO  client] Sending sample transaction 190
[2022-07-23T17:24:58.844Z INFO  client] Sending sample transaction 191
[2022-07-23T17:24:58.894Z INFO  client] Sending sample transaction 192
[2022-07-23T17:24:58.945Z INFO  client] Sending sample transaction 193
[2022-07-23T17:24:58.994Z INFO  client] Sending sample transaction 194
[2022-07-23T17:24:59.044Z INFO  client] Sending sample transaction 195
[2022-07-23T17:24:59.094Z INFO  client] Sending sample transaction 196
[2022-07-23T17:24:59.145Z INFO  client] Sending sample transaction 197
[2022-07-23T17:24:59.206Z INFO  client] Sending sample transaction 198
[2022-07-23T17:24:59.244Z INFO  client] Sending sample transaction 199
[2022-07-23T17:24:59.294Z INFO  client] Sending sample transaction 200
[2022-07-23T17:24:59.344Z INFO  client] Sending sample transaction 201
[2022-07-23T17:24:59.394Z INFO  client] Sending sample transaction 202
[2022-07-23T17:24:59.448Z INFO  client] Sending sample transaction 203
[2022-07-23T17:24:59.494Z INFO  client] Sending sample transaction 204
[2022-07-23T17:24:59.544Z INFO  client] Sending sample transaction 205
[2022-07-23T17:24:59.595Z INFO  client] Sending sample transaction 206
[2022-07-23T17:24:59.644Z INFO  client] Sending sample transaction 207
[2022-07-23T17:24:59.695Z INFO  client] Sending sample transaction 208
[2022-07-23T17:24:59.744Z INFO  client] Sending sample transaction 209
[2022-07-23T17:24:59.795Z INFO  client] Sending sample transaction 210
[2022-07-23T17:24:59.846Z INFO  client] Sending sample transaction 211
[2022-07-23T17:24:59.895Z INFO  client] Sending sample transaction 212
[2022-07-23T17:24:59.945Z INFO  client] Sending sample transaction 213
[2022-07-23T17:24:59.994Z INFO  client] Sending sample transaction 214
[2022-07-23T17:25:00.081Z INFO  client] Sending sample transaction 215
[2022-07-23T17:25:00.119Z INFO  client] Sending sample transaction 216
[2022-07-23T17:25:00.164Z INFO  client] Sending sample transaction 217
[2022-07-23T17:25:00.213Z INFO  client] Sending sample transaction 218
[2022-07-23T17:25:00.273Z INFO  client] Sending sample transaction 219
[2022-07-23T17:25:00.295Z INFO  client] Sending sample transaction 220
[2022-07-23T17:25:00.344Z INFO  client] Sending sample transaction 221
[2022-07-23T17:25:00.395Z INFO  client] Sending sample transaction 222
[2022-07-23T17:25:00.444Z INFO  client] Sending sample transaction 223
[2022-07-23T17:25:00.495Z INFO  client] Sending sample transaction 224
[2022-07-23T17:25:00.544Z INFO  client] Sending sample transaction 225
[2022-07-23T17:25:00.594Z INFO  client] Sending sample transaction 226
[2022-07-23T17:25:00.645Z INFO  client] Sending sample transaction 227
[2022-07-23T17:25:00.696Z INFO  client] Sending sample transaction 228
[2022-07-23T17:25:00.745Z INFO  client] Sending sample transaction 229
[2022-07-23T17:25:00.794Z INFO  client] Sending sample transaction 230
[2022-07-23T17:25:00.845Z INFO  client] Sending sample transaction 231
[2022-07-23T17:25:00.896Z INFO  client] Sending sample transaction 232
[2022-07-23T17:25:00.944Z INFO  client] Sending sample transaction 233
[2022-07-23T17:25:00.994Z INFO  client] Sending sample transaction 234
[2022-07-23T17:25:01.044Z INFO  client] Sending sample transaction 235
[2022-07-23T17:25:01.095Z INFO  client] Sending sample transaction 236
[2022-07-23T17:25:01.144Z INFO  client] Sending sample transaction 237
[2022-07-23T17:25:01.194Z INFO  client] Sending sample transaction 238
[2022-07-23T17:25:01.244Z INFO  client] Sending sample transaction 239
[2022-07-23T17:25:01.295Z INFO  client] Sending sample transaction 240
[2022-07-23T17:25:01.344Z INFO  client] Sending sample transaction 241
[2022-07-23T17:25:01.408Z INFO  client] Sending sample transaction 242
[2022-07-23T17:25:01.444Z INFO  client] Sending sample transaction 243
[2022-07-23T17:25:01.494Z INFO  client] Sending sample transaction 244
[2022-07-23T17:25:01.545Z INFO  client] Sending sample transaction 245
[2022-07-23T17:25:01.597Z INFO  client] Sending sample transaction 246
[2022-07-23T17:25:01.646Z INFO  client] Sending sample transaction 247
[2022-07-23T17:25:01.695Z INFO  client] Sending sample transaction 248
[2022-07-23T17:25:01.744Z INFO  client] Sending sample transaction 249
[2022-07-23T17:25:01.794Z INFO  client] Sending sample transaction 250
[2022-07-23T17:25:01.845Z INFO  client] Sending sample transaction 251
[2022-07-23T17:25:01.895Z INFO  client] Sending sample transaction 252
[2022-07-23T17:25:01.944Z INFO  client] Sending sample transaction 253
[2022-07-23T17:25:01.994Z INFO  client] Sending sample transaction 254
[2022-07-23T17:25:02.044Z INFO  client] Sending sample transaction 255
[2022-07-23T17:25:02.094Z INFO  client] Sending sample transaction 256
[2022-07-23T17:25:02.144Z INFO  client] Sending sample transaction 257
[2022-07-23T17:25:02.194Z INFO  client] Sending sample transaction 258
[2022-07-23T17:25:02.244Z INFO  client] Sending sample transaction 259
[2022-07-23T17:25:02.294Z INFO  client] Sending sample transaction 260
[2022-07-23T17:25:02.344Z INFO  client] Sending sample transaction 261
[2022-07-23T17:25:02.463Z INFO  client] Sending sample transaction 262
[2022-07-23T17:25:02.509Z INFO  client] Sending sample transaction 263
[2022-07-23T17:25:02.570Z INFO  client] Sending sample transaction 264
[2022-07-23T17:25:02.647Z INFO  client] Sending sample transaction 265
[2022-07-23T17:25:02.648Z INFO  client] Sending sample transaction 266
[2022-07-23T17:25:02.648Z INFO  client] Sending sample transaction 267
[2022-07-23T17:25:02.722Z INFO  client] Sending sample transaction 268
[2022-07-23T17:25:02.756Z INFO  client] Sending sample transaction 269
[2022-07-23T17:25:02.796Z INFO  client] Sending sample transaction 270
[2022-07-23T17:25:02.844Z INFO  client] Sending sample transaction 271
[2022-07-23T17:25:02.894Z INFO  client] Sending sample transaction 272
[2022-07-23T17:25:02.945Z INFO  client] Sending sample transaction 273
[2022-07-23T17:25:02.994Z INFO  client] Sending sample transaction 274
[2022-07-23T17:25:03.045Z INFO  client] Sending sample transaction 275
[2022-07-23T17:25:03.094Z INFO  client] Sending sample transaction 276
[2022-07-23T17:25:03.145Z INFO  client] Sending sample transaction 277
[2022-07-23T17:25:03.195Z INFO  client] Sending sample transaction 278
[2022-07-23T17:25:03.244Z INFO  client] Sending sample transaction 279
[2022-07-23T17:25:03.295Z INFO  client] Sending sample transaction 280
[2022-07-23T17:25:03.344Z INFO  client] Sending sample transaction 281
[2022-07-23T17:25:03.394Z INFO  client] Sending sample transaction 282
[2022-07-23T17:25:03.447Z INFO  client] Sending sample transaction 283
[2022-07-23T17:25:03.495Z INFO  client] Sending sample transaction 284
[2022-07-23T17:25:03.544Z INFO  client] Sending sample transaction 285
[2022-07-23T17:25:03.594Z INFO  client] Sending sample transaction 286
[2022-07-23T17:25:03.645Z INFO  client] Sending sample transaction 287
[2022-07-23T17:25:03.695Z INFO  client] Sending sample transaction 288
[2022-07-23T17:25:03.745Z INFO  client] Sending sample transaction 289
[2022-07-23T17:25:03.794Z INFO  client] Sending sample transaction 290
[2022-07-23T17:25:03.845Z INFO  client] Sending sample transaction 291
[2022-07-23T17:25:03.895Z INFO  client] Sending sample transaction 292
[2022-07-23T17:25:03.967Z INFO  client] Sending sample transaction 293
[2022-07-23T17:25:04.001Z INFO  client] Sending sample transaction 294
[2022-07-23T17:25:04.064Z INFO  client] Sending sample transaction 295
[2022-07-23T17:25:04.095Z INFO  client] Sending sample transaction 296
[2022-07-23T17:25:04.145Z INFO  client] Sending sample transaction 297
[2022-07-23T17:25:04.194Z INFO  client] Sending sample transaction 298
[2022-07-23T17:25:04.245Z INFO  client] Sending sample transaction 299
[2022-07-23T17:25:04.295Z INFO  client] Sending sample transaction 300
[2022-07-23T17:25:04.345Z INFO  client] Sending sample transaction 301
[2022-07-23T17:25:04.394Z INFO  client] Sending sample transaction 302
[2022-07-23T17:25:04.444Z INFO  client] Sending sample transaction 303
[2022-07-23T17:25:04.494Z INFO  client] Sending sample transaction 304
[2022-07-23T17:25:04.544Z INFO  client] Sending sample transaction 305
[2022-07-23T17:25:04.595Z INFO  client] Sending sample transaction 306
[2022-07-23T17:25:04.644Z INFO  client] Sending sample transaction 307
[2022-07-23T17:25:04.695Z INFO  client] Sending sample transaction 308
[2022-07-23T17:25:04.745Z INFO  client] Sending sample transaction 309
[2022-07-23T17:25:04.795Z INFO  client] Sending sample transaction 310
[2022-07-23T17:25:04.866Z INFO  client] Sending sample transaction 311
[2022-07-23T17:25:04.896Z INFO  client] Sending sample transaction 312
[2022-07-23T17:25:04.944Z INFO  client] Sending sample transaction 313
[2022-07-23T17:25:04.995Z INFO  client] Sending sample transaction 314
[2022-07-23T17:25:05.044Z INFO  client] Sending sample transaction 315
[2022-07-23T17:25:05.095Z INFO  client] Sending sample transaction 316
[2022-07-23T17:25:05.145Z INFO  client] Sending sample transaction 317
[2022-07-23T17:25:05.218Z INFO  client] Sending sample transaction 318
[2022-07-23T17:25:05.269Z INFO  client] Sending sample transaction 319
[2022-07-23T17:25:05.324Z INFO  client] Sending sample transaction 320
[2022-07-23T17:25:05.345Z INFO  client] Sending sample transaction 321
[2022-07-23T17:25:05.394Z INFO  client] Sending sample transaction 322
[2022-07-23T17:25:05.444Z INFO  client] Sending sample transaction 323
[2022-07-23T17:25:05.495Z INFO  client] Sending sample transaction 324
[2022-07-23T17:25:05.544Z INFO  client] Sending sample transaction 325
[2022-07-23T17:25:05.594Z INFO  client] Sending sample transaction 326
[2022-07-23T17:25:05.646Z INFO  client] Sending sample transaction 327
[2022-07-23T17:25:05.694Z INFO  client] Sending sample transaction 328
[2022-07-23T17:25:05.745Z INFO  client] Sending sample transaction 329
[2022-07-23T17:25:05.794Z INFO  client] Sending sample transaction 330
[2022-07-23T17:25:05.845Z INFO  client] Sending sample transaction 331
[2022-07-23T17:25:05.894Z INFO  client] Sending sample transaction 332
[2022-07-23T17:25:05.944Z INFO  client] Sending sample transaction 333
[2022-07-23T17:25:05.993Z INFO  client] Sending sample transaction 334
[2022-07-23T17:25:06.044Z INFO  client] Sending sample transaction 335
[2022-07-23T17:25:06.094Z INFO  client] Sending sample transaction 336
[2022-07-23T17:25:06.144Z INFO  client] Sending sample transaction 337
[2022-07-23T17:25:06.195Z INFO  client] Sending sample transaction 338
[2022-07-23T17:25:06.244Z INFO  client] Sending sample transaction 339
[2022-07-23T17:25:06.294Z INFO  client] Sending sample transaction 340
[2022-07-23T17:25:06.344Z INFO  client] Sending sample transaction 341
[2022-07-23T17:25:06.394Z INFO  client] Sending sample transaction 342
[2022-07-23T17:25:06.444Z INFO  client] Sending sample transaction 343
[2022-07-23T17:25:06.494Z INFO  client] Sending sample transaction 344
[2022-07-23T17:25:06.545Z INFO  client] Sending sample transaction 345
[2022-07-23T17:25:06.594Z INFO  client] Sending sample transaction 346
[2022-07-23T17:25:06.644Z INFO  client] Sending sample transaction 347
[2022-07-23T17:25:06.694Z INFO  client] Sending sample transaction 348
[2022-07-23T17:25:06.744Z INFO  client] Sending sample transaction 349
[2022-07-23T17:25:06.794Z INFO  client] Sending sample transaction 350
[2022-07-23T17:25:06.844Z INFO  client] Sending sample transaction 351
[2022-07-23T17:25:06.895Z INFO  client] Sending sample transaction 352
[2022-07-23T17:25:06.948Z INFO  client] Sending sample transaction 353
[2022-07-23T17:25:06.994Z INFO  client] Sending sample transaction 354
[2022-07-23T17:25:07.061Z INFO  client] Sending sample transaction 355
[2022-07-23T17:25:07.094Z INFO  client] Sending sample transaction 356
[2022-07-23T17:25:07.171Z INFO  client] Sending sample transaction 357
[2022-07-23T17:25:07.194Z INFO  client] Sending sample transaction 358
[2022-07-23T17:25:07.246Z INFO  client] Sending sample transaction 359
[2022-07-23T17:25:07.295Z INFO  client] Sending sample transaction 360
[2022-07-23T17:25:07.345Z INFO  client] Sending sample transaction 361
[2022-07-23T17:25:07.394Z INFO  client] Sending sample transaction 362
[2022-07-23T17:25:07.444Z INFO  client] Sending sample transaction 363
[2022-07-23T17:25:07.495Z INFO  client] Sending sample transaction 364
[2022-07-23T17:25:07.544Z INFO  client] Sending sample transaction 365
[2022-07-23T17:25:07.595Z INFO  client] Sending sample transaction 366
[2022-07-23T17:25:07.644Z INFO  client] Sending sample transaction 367
[2022-07-23T17:25:07.694Z INFO  client] Sending sample transaction 368
[2022-07-23T17:25:07.744Z INFO  client] Sending sample transaction 369
[2022-07-23T17:25:07.793Z INFO  client] Sending sample transaction 370
[2022-07-23T17:25:07.845Z INFO  client] Sending sample transaction 371
[2022-07-23T17:25:07.895Z INFO  client] Sending sample transaction 372
[2022-07-23T17:25:07.945Z INFO  client] Sending sample transaction 373
[2022-07-23T17:25:07.994Z INFO  client] Sending sample transaction 374
[2022-07-23T17:25:08.045Z INFO  client] Sending sample transaction 375
[2022-07-23T17:25:08.095Z INFO  client] Sending sample transaction 376
[2022-07-23T17:25:08.144Z INFO  client] Sending sample transaction 377
[2022-07-23T17:25:08.194Z INFO  client] Sending sample transaction 378
[2022-07-23T17:25:08.244Z INFO  client] Sending sample transaction 379
[2022-07-23T17:25:08.294Z INFO  client] Sending sample transaction 380
[2022-07-23T17:25:08.344Z INFO  client] Sending sample transaction 381
[2022-07-23T17:25:08.394Z INFO  client] Sending sample transaction 382
[2022-07-23T17:25:08.444Z INFO  client] Sending sample transaction 383
[2022-07-23T17:25:08.495Z INFO  client] Sending sample transaction 384
[2022-07-23T17:25:08.545Z INFO  client] Sending sample transaction 385
[2022-07-23T17:25:08.594Z INFO  client] Sending sample transaction 386
[2022-07-23T17:25:08.661Z INFO  client] Sending sample transaction 387
[2022-07-23T17:25:08.737Z INFO  client] Sending sample transaction 388
[2022-07-23T17:25:08.780Z INFO  client] Sending sample transaction 389
[2022-07-23T17:25:08.794Z INFO  client] Sending sample transaction 390
[2022-07-23T17:25:08.844Z INFO  client] Sending sample transaction 391
[2022-07-23T17:25:08.896Z INFO  client] Sending sample transaction 392
[2022-07-23T17:25:08.945Z INFO  client] Sending sample transaction 393
[2022-07-23T17:25:08.994Z INFO  client] Sending sample transaction 394
[2022-07-23T17:25:09.051Z INFO  client] Sending sample transaction 395
[2022-07-23T17:25:09.105Z INFO  client] Sending sample transaction 396
[2022-07-23T17:25:09.144Z INFO  client] Sending sample transaction 397
[2022-07-23T17:25:09.195Z INFO  client] Sending sample transaction 398
[2022-07-23T17:25:09.244Z INFO  client] Sending sample transaction 399
[2022-07-23T17:25:09.294Z INFO  client] Sending sample transaction 400
[2022-07-23T17:25:09.345Z INFO  client] Sending sample transaction 401
[2022-07-23T17:25:09.394Z INFO  client] Sending sample transaction 402
[2022-07-23T17:25:09.444Z INFO  client] Sending sample transaction 403
[2022-07-23T17:25:09.494Z INFO  client] Sending sample transaction 404
[2022-07-23T17:25:09.544Z INFO  client] Sending sample transaction 405
[2022-07-23T17:25:09.595Z INFO  client] Sending sample transaction 406
[2022-07-23T17:25:09.645Z INFO  client] Sending sample transaction 407
[2022-07-23T17:25:09.695Z INFO  client] Sending sample transaction 408
[2022-07-23T17:25:09.745Z INFO  client] Sending sample transaction 409
[2022-07-23T17:25:09.794Z INFO  client] Sending sample transaction 410
[2022-07-23T17:25:09.845Z INFO  client] Sending sample transaction 411
[2022-07-23T17:25:09.895Z INFO  client] Sending sample transaction 412
[2022-07-23T17:25:09.964Z INFO  client] Sending sample transaction 413
[2022-07-23T17:25:10.026Z INFO  client] Sending sample transaction 414
[2022-07-23T17:25:10.055Z INFO  client] Sending sample transaction 415
[2022-07-23T17:25:10.094Z INFO  client] Sending sample transaction 416
[2022-07-23T17:25:10.153Z INFO  client] Sending sample transaction 417
[2022-07-23T17:25:10.194Z INFO  client] Sending sample transaction 418
[2022-07-23T17:25:10.254Z INFO  client] Sending sample transaction 419
[2022-07-23T17:25:10.295Z INFO  client] Sending sample transaction 420
[2022-07-23T17:25:10.345Z INFO  client] Sending sample transaction 421
[2022-07-23T17:25:10.395Z INFO  client] Sending sample transaction 422
[2022-07-23T17:25:10.444Z INFO  client] Sending sample transaction 423
[2022-07-23T17:25:10.494Z INFO  client] Sending sample transaction 424
[2022-07-23T17:25:10.545Z INFO  client] Sending sample transaction 425
[2022-07-23T17:25:10.595Z INFO  client] Sending sample transaction 426
[2022-07-23T17:25:10.646Z INFO  client] Sending sample transaction 427
[2022-07-23T17:25:10.695Z INFO  client] Sending sample transaction 428
[2022-07-23T17:25:10.745Z INFO  client] Sending sample transaction 429
[2022-07-23T17:25:10.794Z INFO  client] Sending sample transaction 430
[2022-07-23T17:25:10.845Z INFO  client] Sending sample transaction 431
[2022-07-23T17:25:10.895Z INFO  client] Sending sample transaction 432
[2022-07-23T17:25:10.947Z INFO  client] Sending sample transaction 433
