[2022-07-23T18:28:36.375Z INFO  client] Node address: 127.0.0.1:9010
[2022-07-23T18:28:36.375Z INFO  client] Transactions size: 512 B
[2022-07-23T18:28:36.375Z INFO  client] Transactions rate: 112 tx/s
[2022-07-23T18:28:36.376Z INFO  client] Waiting for all nodes to be online...
[2022-07-23T18:28:36.376Z INFO  client] Waiting for all nodes to be synchronized...
[2022-07-23T18:28:38.550Z INFO  client] Start sending transactions
[2022-07-23T18:28:38.553Z INFO  client] Sending sample transaction 0
[2022-07-23T18:28:38.604Z INFO  client] Sending sample transaction 1
[2022-07-23T18:28:38.652Z INFO  client] Sending sample transaction 2
[2022-07-23T18:28:38.711Z INFO  client] Sending sample transaction 3
[2022-07-23T18:28:38.760Z INFO  client] Sending sample transaction 4
[2022-07-23T18:28:38.823Z INFO  client] Sending sample transaction 5
[2022-07-23T18:28:38.870Z INFO  client] Sending sample transaction 6
[2022-07-23T18:28:38.933Z INFO  client] Sending sample transaction 7
[2022-07-23T18:28:38.966Z INFO  client] Sending sample transaction 8
[2022-07-23T18:28:39.003Z INFO  client] Sending sample transaction 9
[2022-07-23T18:28:39.053Z INFO  client] Sending sample transaction 10
[2022-07-23T18:28:39.102Z INFO  client] Sending sample transaction 11
[2022-07-23T18:28:39.152Z INFO  client] Sending sample transaction 12
[2022-07-23T18:28:39.203Z INFO  client] Sending sample transaction 13
[2022-07-23T18:28:39.253Z INFO  client] Sending sample transaction 14
[2022-07-23T18:28:39.302Z INFO  client] Sending sample transaction 15
[2022-07-23T18:28:39.353Z INFO  client] Sending sample transaction 16
[2022-07-23T18:28:39.403Z INFO  client] Sending sample transaction 17
[2022-07-23T18:28:39.454Z INFO  client] Sending sample transaction 18
[2022-07-23T18:28:39.504Z INFO  client] Sending sample transaction 19
[2022-07-23T18:28:39.551Z INFO  client] Sending sample transaction 20
[2022-07-23T18:28:39.602Z INFO  client] Sending sample transaction 21
[2022-07-23T18:28:39.652Z INFO  client] Sending sample transaction 22
[2022-07-23T18:28:39.703Z INFO  client] Sending sample transaction 23
[2022-07-23T18:28:39.752Z INFO  client] Sending sample transaction 24
[2022-07-23T18:28:39.803Z INFO  client] Sending sample transaction 25
[2022-07-23T18:28:39.893Z INFO  client] Sending sample transaction 26
[2022-07-23T18:28:39.937Z INFO  client] Sending sample transaction 27
[2022-07-23T18:28:39.991Z INFO  client] Sending sample transaction 28
[2022-07-23T18:28:40.037Z INFO  client] Sending sample transaction 29
[2022-07-23T18:28:40.074Z INFO  client] Sending sample transaction 30
[2022-07-23T18:28:40.103Z INFO  client] Sending sample transaction 31
[2022-07-23T18:28:40.158Z INFO  client] Sending sample transaction 32
[2022-07-23T18:28:40.203Z INFO  client] Sending sample transaction 33
[2022-07-23T18:28:40.266Z INFO  client] Sending sample transaction 34
[2022-07-23T18:28:40.306Z INFO  client] Sending sample transaction 35
[2022-07-23T18:28:40.367Z INFO  client] Sending sample transaction 36
[2022-07-23T18:28:40.421Z INFO  client] Sending sample transaction 37
[2022-07-23T18:28:40.453Z INFO  client] Sending sample transaction 38
[2022-07-23T18:28:40.502Z INFO  client] Sending sample transaction 39
[2022-07-23T18:28:40.552Z INFO  client] Sending sample transaction 40
[2022-07-23T18:28:40.603Z INFO  client] Sending sample transaction 41
[2022-07-23T18:28:40.653Z INFO  client] Sending sample transaction 42
[2022-07-23T18:28:40.702Z INFO  client] Sending sample transaction 43
[2022-07-23T18:28:40.755Z INFO  client] Sending sample transaction 44
[2022-07-23T18:28:40.802Z INFO  client] Sending sample transaction 45
[2022-07-23T18:28:40.853Z INFO  client] Sending sample transaction 46
[2022-07-23T18:28:40.902Z INFO  client] Sending sample transaction 47
[2022-07-23T18:28:40.953Z INFO  client] Sending sample transaction 48
[2022-07-23T18:28:41.014Z INFO  client] Sending sample transaction 49
[2022-07-23T18:28:41.052Z INFO  client] Sending sample transaction 50
[2022-07-23T18:28:41.102Z INFO  client] Sending sample transaction 51
[2022-07-23T18:28:41.152Z INFO  client] Sending sample transaction 52
[2022-07-23T18:28:41.202Z INFO  client] Sending sample transaction 53
[2022-07-23T18:28:41.252Z INFO  client] Sending sample transaction 54
[2022-07-23T18:28:41.363Z INFO  client] Sending sample transaction 55
[2022-07-23T18:28:41.413Z INFO  client] Sending sample transaction 56
[2022-07-23T18:28:41.413Z INFO  client] Sending sample transaction 57
[2022-07-23T18:28:41.506Z INFO  client] Sending sample transaction 58
[2022-07-23T18:28:41.547Z INFO  client] Sending sample transaction 59
[2022-07-23T18:28:41.552Z INFO  client] Sending sample transaction 60
[2022-07-23T18:28:41.602Z INFO  client] Sending sample transaction 61
[2022-07-23T18:28:41.655Z INFO  client] Sending sample transaction 62
[2022-07-23T18:28:41.702Z INFO  client] Sending sample transaction 63
[2022-07-23T18:28:41.752Z INFO  client] Sending sample transaction 64
[2022-07-23T18:28:41.802Z INFO  client] Sending sample transaction 65
[2022-07-23T18:28:41.852Z INFO  client] Sending sample transaction 66
[2022-07-23T18:28:41.902Z INFO  client] Sending sample transaction 67
[2022-07-23T18:28:41.952Z INFO  client] Sending sample transaction 68
[2022-07-23T18:28:42.003Z INFO  client] Sending sample transaction 69
[2022-07-23T18:28:42.061Z INFO  client] Sending sample transaction 70
[2022-07-23T18:28:42.102Z INFO  client] Sending sample transaction 71
[2022-07-23T18:28:42.155Z INFO  client] Sending sample transaction 72
[2022-07-23T18:28:42.202Z INFO  client] Sending sample transaction 73
[2022-07-23T18:28:42.253Z INFO  client] Sending sample transaction 74
[2022-07-23T18:28:42.301Z INFO  client] Sending sample transaction 75
[2022-07-23T18:28:42.352Z INFO  client] Sending sample transaction 76
[2022-07-23T18:28:42.402Z INFO  client] Sending sample transaction 77
[2022-07-23T18:28:42.452Z INFO  client] Sending sample transaction 78
[2022-07-23T18:28:42.502Z INFO  client] Sending sample transaction 79
[2022-07-23T18:28:42.552Z INFO  client] Sending sample transaction 80
[2022-07-23T18:28:42.603Z INFO  client] Sending sample transaction 81
[2022-07-23T18:28:42.652Z INFO  client] Sending sample transaction 82
[2022-07-23T18:28:42.725Z INFO  client] Sending sample transaction 83
[2022-07-23T18:28:42.815Z INFO  client] Sending sample transaction 84
[2022-07-23T18:28:42.818Z INFO  client] Sending sample transaction 85
[2022-07-23T18:28:42.872Z INFO  client] Sending sample transaction 86
[2022-07-23T18:28:42.923Z INFO  client] Sending sample transaction 87
[2022-07-23T18:28:42.952Z INFO  client] Sending sample transaction 88
[2022-07-23T18:28:43.002Z INFO  client] Sending sample transaction 89
[2022-07-23T18:28:43.052Z INFO  client] Sending sample transaction 90
[2022-07-23T18:28:43.103Z INFO  client] Sending sample transaction 91
[2022-07-23T18:28:43.152Z INFO  client] Sending sample transaction 92
[2022-07-23T18:28:43.202Z INFO  client] Sending sample transaction 93
[2022-07-23T18:28:43.252Z INFO  client] Sending sample transaction 94
[2022-07-23T18:28:43.302Z INFO  client] Sending sample transaction 95
[2022-07-23T18:28:43.352Z INFO  client] Sending sample transaction 96
[2022-07-23T18:28:43.402Z INFO  client] Sending sample transaction 97
[2022-07-23T18:28:43.452Z INFO  client] Sending sample transaction 98
[2022-07-23T18:28:43.502Z INFO  client] Sending sample transaction 99
[2022-07-23T18:28:43.552Z INFO  client] Sending sample transaction 100
[2022-07-23T18:28:43.601Z INFO  client] Sending sample transaction 101
[2022-07-23T18:28:43.652Z INFO  client] Sending sample transaction 102
[2022-07-23T18:28:43.722Z INFO  client] Sending sample transaction 103
[2022-07-23T18:28:43.818Z INFO  client] Sending sample transaction 104
[2022-07-23T18:28:43.820Z INFO  client] Sending sample transaction 105
[2022-07-23T18:28:43.852Z INFO  client] Sending sample transaction 106
[2022-07-23T18:28:43.902Z INFO  client] Sending sample transaction 107
[2022-07-23T18:28:43.953Z INFO  client] Sending sample transaction 108
[2022-07-23T18:28:44.002Z INFO  client] Sending sample transaction 109
[2022-07-23T18:28:44.052Z INFO  client] Sending sample transaction 110
[2022-07-23T18:28:44.102Z INFO  client] Sending sample transaction 111
[2022-07-23T18:28:44.152Z INFO  client] Sending sample transaction 112
[2022-07-23T18:28:44.212Z INFO  client] Sending sample transaction 113
[2022-07-23T18:28:44.252Z INFO  client] Sending sample transaction 114
[2022-07-23T18:28:44.308Z INFO  client] Sending sample transaction 115
[2022-07-23T18:28:44.352Z INFO  client] Sending sample transaction 116
[2022-07-23T18:28:44.402Z INFO  client] Sending sample transaction 117
[2022-07-23T18:28:44.452Z INFO  client] Sending sample transaction 118
[2022-07-23T18:28:44.502Z INFO  client] Sending sample transaction 119
[2022-07-23T18:28:44.552Z INFO  client] Sending sample transaction 120
[2022-07-23T18:28:44.602Z INFO  client] Sending sample transaction 121
[2022-07-23T18:28:44.652Z INFO  client] Sending sample transaction 122
[2022-07-23T18:28:44.702Z INFO  client] Sending sample transaction 123
[2022-07-23T18:28:44.798Z INFO  client] Sending sample transaction 124
[2022-07-23T18:28:44.807Z INFO  client] Sending sample transaction 125
[2022-07-23T18:28:44.905Z INFO  client] Sending sample transaction 126
[2022-07-23T18:28:44.910Z INFO  client] Sending sample transaction 127
[2022-07-23T18:28:44.952Z INFO  client] Sending sample transaction 128
[2022-07-23T18:28:45.002Z INFO  client] Sending sample transaction 129
[2022-07-23T18:28:45.052Z INFO  client] Sending sample transaction 130
[2022-07-23T18:28:45.102Z INFO  client] Sending sample transaction 131
[2022-07-23T18:28:45.154Z INFO  client] Sending sample transaction 132
[2022-07-23T18:28:45.202Z INFO  client] Sending sample transaction 133
[2022-07-23T18:28:45.252Z INFO  client] Sending sample transaction 134
[2022-07-23T18:28:45.302Z INFO  client] Sending sample transaction 135
[2022-07-23T18:28:45.352Z INFO  client] Sending sample transaction 136
[2022-07-23T18:28:45.402Z INFO  client] Sending sample transaction 137
[2022-07-23T18:28:45.452Z INFO  client] Sending sample transaction 138
[2022-07-23T18:28:45.502Z INFO  client] Sending sample transaction 139
[2022-07-23T18:28:45.552Z INFO  client] Sending sample transaction 140
[2022-07-23T18:28:45.602Z INFO  client] Sending sample transaction 141
[2022-07-23T18:28:45.652Z INFO  client] Sending sample transaction 142
[2022-07-23T18:28:45.749Z INFO  client] Sending sample transaction 143
[2022-07-23T18:28:45.756Z INFO  client] Sending sample transaction 144
[2022-07-23T18:28:45.819Z INFO  client] Sending sample transaction 145
[2022-07-23T18:28:45.866Z INFO  client] Sending sample transaction 146
[2022-07-23T18:28:45.902Z INFO  client] Sending sample transaction 147
[2022-07-23T18:28:45.952Z INFO  client] Sending sample transaction 148
[2022-07-23T18:28:46.002Z INFO  client] Sending sample transaction 149
[2022-07-23T18:28:46.052Z INFO  client] Sending sample transaction 150
[2022-07-23T18:28:46.102Z INFO  client] Sending sample transaction 151
[2022-07-23T18:28:46.156Z INFO  client] Sending sample transaction 152
[2022-07-23T18:28:46.204Z INFO  client] Sending sample transaction 153
[2022-07-23T18:28:46.252Z INFO  client] Sending sample transaction 154
[2022-07-23T18:28:46.302Z INFO  client] Sending sample transaction 155
[2022-07-23T18:28:46.360Z INFO  client] Sending sample transaction 156
[2022-07-23T18:28:46.406Z INFO  client] Sending sample transaction 157
[2022-07-23T18:28:46.452Z INFO  client] Sending sample transaction 158
[2022-07-23T18:28:46.502Z INFO  client] Sending sample transaction 159
[2022-07-23T18:28:46.552Z INFO  client] Sending sample transaction 160
[2022-07-23T18:28:46.602Z INFO  client] Sending sample transaction 161
[2022-07-23T18:28:46.652Z INFO  client] Sending sample transaction 162
[2022-07-23T18:28:46.702Z INFO  client] Sending sample transaction 163
[2022-07-23T18:28:46.753Z INFO  client] Sending sample transaction 164
[2022-07-23T18:28:46.801Z INFO  client] Sending sample transaction 165
[2022-07-23T18:28:46.868Z INFO  client] Sending sample transaction 166
[2022-07-23T18:28:46.904Z INFO  client] Sending sample transaction 167
[2022-07-23T18:28:46.996Z INFO  client] Sending sample transaction 168
[2022-07-23T18:28:47.012Z INFO  client] Sending sample transaction 169
[2022-07-23T18:28:47.052Z INFO  client] Sending sample transaction 170
[2022-07-23T18:28:47.102Z INFO  client] Sending sample transaction 171
[2022-07-23T18:28:47.152Z INFO  client] Sending sample transaction 172
[2022-07-23T18:28:47.201Z INFO  client] Sending sample transaction 173
[2022-07-23T18:28:47.252Z INFO  client] Sending sample transaction 174
[2022-07-23T18:28:47.302Z INFO  client] Sending sample transaction 175
[2022-07-23T18:28:47.351Z INFO  client] Sending sample transaction 176
[2022-07-23T18:28:47.402Z INFO  client] Sending sample transaction 177
[2022-07-23T18:28:47.452Z INFO  client] Sending sample transaction 178
[2022-07-23T18:28:47.502Z INFO  client] Sending sample transaction 179
[2022-07-23T18:28:47.552Z INFO  client] Sending sample transaction 180
[2022-07-23T18:28:47.602Z INFO  client] Sending sample transaction 181
[2022-07-23T18:28:47.652Z INFO  client] Sending sample transaction 182
[2022-07-23T18:28:47.702Z INFO  client] Sending sample transaction 183
[2022-07-23T18:28:47.752Z INFO  client] Sending sample transaction 184
[2022-07-23T18:28:47.830Z INFO  client] Sending sample transaction 185
[2022-07-23T18:28:47.883Z INFO  client] Sending sample transaction 186
[2022-07-23T18:28:47.902Z INFO  client] Sending sample transaction 187
[2022-07-23T18:28:47.952Z INFO  client] Sending sample transaction 188
[2022-07-23T18:28:48.003Z INFO  client] Sending sample transaction 189
[2022-07-23T18:28:48.052Z INFO  client] Sending sample transaction 190
[2022-07-23T18:28:48.102Z INFO  client] Sending sample transaction 191
[2022-07-23T18:28:48.152Z INFO  client] Sending sample transaction 192
[2022-07-23T18:28:48.202Z INFO  client] Sending sample transaction 193
[2022-07-23T18:28:48.252Z INFO  client] Sending sample transaction 194
[2022-07-23T18:28:48.302Z INFO  client] Sending sample transaction 195
[2022-07-23T18:28:48.352Z INFO  client] Sending sample transaction 196
[2022-07-23T18:28:48.402Z INFO  client] Sending sample transaction 197
[2022-07-23T18:28:48.452Z INFO  client] Sending sample transaction 198
[2022-07-23T18:28:48.503Z INFO  client] Sending sample transaction 199
[2022-07-23T18:28:48.553Z INFO  client] Sending sample transaction 200
[2022-07-23T18:28:48.602Z INFO  client] Sending sample transaction 201
[2022-07-23T18:28:48.651Z INFO  client] Sending sample transaction 202
[2022-07-23T18:28:48.702Z INFO  client] Sending sample transaction 203
[2022-07-23T18:28:48.752Z INFO  client] Sending sample transaction 204
[2022-07-23T18:28:48.802Z INFO  client] Sending sample transaction 205
[2022-07-23T18:28:48.851Z INFO  client] Sending sample transaction 206
[2022-07-23T18:28:48.902Z INFO  client] Sending sample transaction 207
[2022-07-23T18:28:48.952Z INFO  client] Sending sample transaction 208
[2022-07-23T18:28:49.002Z INFO  client] Sending sample transaction 209
[2022-07-23T18:28:49.051Z INFO  client] Sending sample transaction 210
[2022-07-23T18:28:49.105Z INFO  client] Sending sample transaction 211
[2022-07-23T18:28:49.152Z INFO  client] Sending sample transaction 212
[2022-07-23T18:28:49.202Z INFO  client] Sending sample transaction 213
[2022-07-23T18:28:49.252Z INFO  client] Sending sample transaction 214
[2022-07-23T18:28:49.302Z INFO  client] Sending sample transaction 215
[2022-07-23T18:28:49.352Z INFO  client] Sending sample transaction 216
[2022-07-23T18:28:49.433Z INFO  client] Sending sample transaction 217
[2022-07-23T18:28:49.477Z INFO  client] Sending sample transaction 218
[2022-07-23T18:28:49.525Z INFO  client] Sending sample transaction 219
[2022-07-23T18:28:49.618Z INFO  client] Sending sample transaction 220
[2022-07-23T18:28:49.631Z INFO  client] Sending sample transaction 221
[2022-07-23T18:28:49.652Z INFO  client] Sending sample transaction 222
[2022-07-23T18:28:49.707Z INFO  client] Sending sample transaction 223
[2022-07-23T18:28:49.751Z INFO  client] Sending sample transaction 224
[2022-07-23T18:28:49.801Z INFO  client] Sending sample transaction 225
[2022-07-23T18:28:49.852Z INFO  client] Sending sample transaction 226
[2022-07-23T18:28:49.902Z INFO  client] Sending sample transaction 227
[2022-07-23T18:28:49.952Z INFO  client] Sending sample transaction 228
[2022-07-23T18:28:50.002Z INFO  client] Sending sample transaction 229
[2022-07-23T18:28:50.053Z INFO  client] Sending sample transaction 230
[2022-07-23T18:28:50.102Z INFO  client] Sending sample transaction 231
[2022-07-23T18:28:50.153Z INFO  client] Sending sample transaction 232
[2022-07-23T18:28:50.201Z INFO  client] Sending sample transaction 233
[2022-07-23T18:28:50.253Z INFO  client] Sending sample transaction 234
[2022-07-23T18:28:50.302Z INFO  client] Sending sample transaction 235
[2022-07-23T18:28:50.352Z INFO  client] Sending sample transaction 236
[2022-07-23T18:28:50.403Z INFO  client] Sending sample transaction 237
[2022-07-23T18:28:50.498Z INFO  client] Sending sample transaction 238
[2022-07-23T18:28:50.526Z INFO  client] Sending sample transaction 239
[2022-07-23T18:28:50.639Z INFO  client] Sending sample transaction 240
[2022-07-23T18:28:50.679Z INFO  client] Sending sample transaction 241
[2022-07-23T18:28:50.680Z INFO  client] Sending sample transaction 242
[2022-07-23T18:28:50.716Z INFO  client] Sending sample transaction 243
[2022-07-23T18:28:50.765Z INFO  client] Sending sample transaction 244
[2022-07-23T18:28:50.802Z INFO  client] Sending sample transaction 245
[2022-07-23T18:28:50.860Z INFO  client] Sending sample transaction 246
[2022-07-23T18:28:50.902Z INFO  client] Sending sample transaction 247
[2022-07-23T18:28:50.952Z INFO  client] Sending sample transaction 248
[2022-07-23T18:28:51.005Z INFO  client] Sending sample transaction 249
[2022-07-23T18:28:51.052Z INFO  client] Sending sample transaction 250
[2022-07-23T18:28:51.102Z INFO  client] Sending sample transaction 251
[2022-07-23T18:28:51.152Z INFO  client] Sending sample transaction 252
[2022-07-23T18:28:51.202Z INFO  client] Sending sample transaction 253
[2022-07-23T18:28:51.252Z INFO  client] Sending sample transaction 254
[2022-07-23T18:28:51.302Z INFO  client] Sending sample transaction 255
[2022-07-23T18:28:51.351Z INFO  client] Sending sample transaction 256
[2022-07-23T18:28:51.402Z INFO  client] Sending sample transaction 257
[2022-07-23T18:28:51.452Z INFO  client] Sending sample transaction 258
[2022-07-23T18:28:51.502Z INFO  client] Sending sample transaction 259
[2022-07-23T18:28:51.552Z INFO  client] Sending sample transaction 260
[2022-07-23T18:28:51.602Z INFO  client] Sending sample transaction 261
[2022-07-23T18:28:51.652Z INFO  client] Sending sample transaction 262
[2022-07-23T18:28:51.702Z INFO  client] Sending sample transaction 263
[2022-07-23T18:28:51.774Z INFO  client] Sending sample transaction 264
[2022-07-23T18:28:51.833Z INFO  client] Sending sample transaction 265
[2022-07-23T18:28:51.853Z INFO  client] Sending sample transaction 266
[2022-07-23T18:28:51.929Z INFO  client] Sending sample transaction 267
[2022-07-23T18:28:51.956Z INFO  client] Sending sample transaction 268
[2022-07-23T18:28:52.003Z INFO  client] Sending sample transaction 269
[2022-07-23T18:28:52.052Z INFO  client] Sending sample transaction 270
[2022-07-23T18:28:52.102Z INFO  client] Sending sample transaction 271
[2022-07-23T18:28:52.152Z INFO  client] Sending sample transaction 272
[2022-07-23T18:28:52.202Z INFO  client] Sending sample transaction 273
[2022-07-23T18:28:52.252Z INFO  client] Sending sample transaction 274
[2022-07-23T18:28:52.302Z INFO  client] Sending sample transaction 275
[2022-07-23T18:28:52.352Z INFO  client] Sending sample transaction 276
[2022-07-23T18:28:52.402Z INFO  client] Sending sample transaction 277
[2022-07-23T18:28:52.451Z INFO  client] Sending sample transaction 278
[2022-07-23T18:28:52.502Z INFO  client] Sending sample transaction 279
[2022-07-23T18:28:52.552Z INFO  client] Sending sample transaction 280
[2022-07-23T18:28:52.601Z INFO  client] Sending sample transaction 281
[2022-07-23T18:28:52.653Z INFO  client] Sending sample transaction 282
[2022-07-23T18:28:52.702Z INFO  client] Sending sample transaction 283
[2022-07-23T18:28:52.752Z INFO  client] Sending sample transaction 284
[2022-07-23T18:28:52.801Z INFO  client] Sending sample transaction 285
[2022-07-23T18:28:52.852Z INFO  client] Sending sample transaction 286
[2022-07-23T18:28:52.906Z INFO  client] Sending sample transaction 287
[2022-07-23T18:28:52.962Z INFO  client] Sending sample transaction 288
[2022-07-23T18:28:53.002Z INFO  client] Sending sample transaction 289
[2022-07-23T18:28:53.052Z INFO  client] Sending sample transaction 290
[2022-07-23T18:28:53.102Z INFO  client] Sending sample transaction 291
[2022-07-23T18:28:53.161Z INFO  client] Sending sample transaction 292
[2022-07-23T18:28:53.202Z INFO  client] Sending sample transaction 293
[2022-07-23T18:28:53.252Z INFO  client] Sending sample transaction 294
[2022-07-23T18:28:53.302Z INFO  client] Sending sample transaction 295
[2022-07-23T18:28:53.352Z INFO  client] Sending sample transaction 296
[2022-07-23T18:28:53.403Z INFO  client] Sending sample transaction 297
[2022-07-23T18:28:53.452Z INFO  client] Sending sample transaction 298
[2022-07-23T18:28:53.502Z INFO  client] Sending sample transaction 299
[2022-07-23T18:28:53.552Z INFO  client] Sending sample transaction 300
[2022-07-23T18:28:53.603Z INFO  client] Sending sample transaction 301
[2022-07-23T18:28:53.652Z INFO  client] Sending sample transaction 302
[2022-07-23T18:28:53.702Z INFO  client] Sending sample transaction 303
[2022-07-23T18:28:53.752Z INFO  client] Sending sample transaction 304
[2022-07-23T18:28:53.801Z INFO  client] Sending sample transaction 305
[2022-07-23T18:28:53.852Z INFO  client] Sending sample transaction 306
[2022-07-23T18:28:53.902Z INFO  client] Sending sample transaction 307
[2022-07-23T18:28:53.952Z INFO  client] Sending sample transaction 308
[2022-07-23T18:28:54.002Z INFO  client] Sending sample transaction 309
[2022-07-23T18:28:54.052Z INFO  client] Sending sample transaction 310
[2022-07-23T18:28:54.105Z INFO  client] Sending sample transaction 311
[2022-07-23T18:28:54.170Z INFO  client] Sending sample transaction 312
[2022-07-23T18:28:54.270Z INFO  client] Sending sample transaction 313
[2022-07-23T18:28:54.273Z INFO  client] Sending sample transaction 314
[2022-07-23T18:28:54.302Z INFO  client] Sending sample transaction 315
[2022-07-23T18:28:54.352Z INFO  client] Sending sample transaction 316
[2022-07-23T18:28:54.402Z INFO  client] Sending sample transaction 317
[2022-07-23T18:28:54.452Z INFO  client] Sending sample transaction 318
[2022-07-23T18:28:54.502Z INFO  client] Sending sample transaction 319
[2022-07-23T18:28:54.552Z INFO  client] Sending sample transaction 320
[2022-07-23T18:28:54.602Z INFO  client] Sending sample transaction 321
[2022-07-23T18:28:54.652Z INFO  client] Sending sample transaction 322
[2022-07-23T18:28:54.702Z INFO  client] Sending sample transaction 323
[2022-07-23T18:28:54.752Z INFO  client] Sending sample transaction 324
[2022-07-23T18:28:54.802Z INFO  client] Sending sample transaction 325
[2022-07-23T18:28:54.852Z INFO  client] Sending sample transaction 326
[2022-07-23T18:28:54.902Z INFO  client] Sending sample transaction 327
[2022-07-23T18:28:54.952Z INFO  client] Sending sample transaction 328
[2022-07-23T18:28:55.002Z INFO  client] Sending sample transaction 329
[2022-07-23T18:28:55.052Z INFO  client] Sending sample transaction 330
[2022-07-23T18:28:55.101Z INFO  client] Sending sample transaction 331
[2022-07-23T18:28:55.152Z INFO  client] Sending sample transaction 332
[2022-07-23T18:28:55.202Z INFO  client] Sending sample transaction 333
[2022-07-23T18:28:55.253Z INFO  client] Sending sample transaction 334
[2022-07-23T18:28:55.308Z INFO  client] Sending sample transaction 335
[2022-07-23T18:28:55.355Z INFO  client] Sending sample transaction 336
[2022-07-23T18:28:55.402Z INFO  client] Sending sample transaction 337
[2022-07-23T18:28:55.452Z INFO  client] Sending sample transaction 338
[2022-07-23T18:28:55.503Z INFO  client] Sending sample transaction 339
[2022-07-23T18:28:55.552Z INFO  client] Sending sample transaction 340
[2022-07-23T18:28:55.602Z INFO  client] Sending sample transaction 341
[2022-07-23T18:28:55.652Z INFO  client] Sending sample transaction 342
[2022-07-23T18:28:55.702Z INFO  client] Sending sample transaction 343
[2022-07-23T18:28:55.751Z INFO  client] Sending sample transaction 344
[2022-07-23T18:28:55.802Z INFO  client] Sending sample transaction 345
[2022-07-23T18:28:55.852Z INFO  client] Sending sample transaction 346
[2022-07-23T18:28:55.902Z INFO  client] Sending sample transaction 347
[2022-07-23T18:28:55.952Z INFO  client] Sending sample transaction 348
[2022-07-23T18:28:56.003Z INFO  client] Sending sample transaction 349
[2022-07-23T18:28:56.052Z INFO  client] Sending sample transaction 350
[2022-07-23T18:28:56.124Z INFO  client] Sending sample transaction 351
[2022-07-23T18:28:56.169Z INFO  client] Sending sample transaction 352
[2022-07-23T18:28:56.215Z INFO  client] Sending sample transaction 353
[2022-07-23T18:28:56.277Z INFO  client] Sending sample transaction 354
[2022-07-23T18:28:56.302Z INFO  client] Sending sample transaction 355
[2022-07-23T18:28:56.371Z INFO  client] Sending sample transaction 356
[2022-07-23T18:28:56.403Z INFO  client] Sending sample transaction 357
[2022-07-23T18:28:56.451Z INFO  client] Sending sample transaction 358
[2022-07-23T18:28:56.502Z INFO  client] Sending sample transaction 359
[2022-07-23T18:28:56.552Z INFO  client] Sending sample transaction 360
[2022-07-23T18:28:56.602Z INFO  client] Sending sample transaction 361
[2022-07-23T18:28:56.652Z INFO  client] Sending sample transaction 362
[2022-07-23T18:28:56.702Z INFO  client] Sending sample transaction 363
[2022-07-23T18:28:56.752Z INFO  client] Sending sample transaction 364
[2022-07-23T18:28:56.802Z INFO  client] Sending sample transaction 365
[2022-07-23T18:28:56.852Z INFO  client] Sending sample transaction 366
[2022-07-23T18:28:56.902Z INFO  client] Sending sample transaction 367
[2022-07-23T18:28:56.952Z INFO  client] Sending sample transaction 368
[2022-07-23T18:28:57.003Z INFO  client] Sending sample transaction 369
[2022-07-23T18:28:57.052Z INFO  client] Sending sample transaction 370
[2022-07-23T18:28:57.103Z INFO  client] Sending sample transaction 371
[2022-07-23T18:28:57.151Z INFO  client] Sending sample transaction 372
[2022-07-23T18:28:57.202Z INFO  client] Sending sample transaction 373
[2022-07-23T18:28:57.252Z INFO  client] Sending sample transaction 374
[2022-07-23T18:28:57.332Z INFO  client] Sending sample transaction 375
[2022-07-23T18:28:57.383Z INFO  client] Sending sample transaction 376
[2022-07-23T18:28:57.429Z INFO  client] Sending sample transaction 377
[2022-07-23T18:28:57.484Z INFO  client] Sending sample transaction 378
[2022-07-23T18:28:57.506Z INFO  client] Sending sample transaction 379
[2022-07-23T18:28:57.552Z INFO  client] Sending sample transaction 380
[2022-07-23T18:28:57.602Z INFO  client] Sending sample transaction 381
[2022-07-23T18:28:57.653Z INFO  client] Sending sample transaction 382
[2022-07-23T18:28:57.703Z INFO  client] Sending sample transaction 383
[2022-07-23T18:28:57.753Z INFO  client] Sending sample transaction 384
[2022-07-23T18:28:57.802Z INFO  client] Sending sample transaction 385
[2022-07-23T18:28:57.851Z INFO  client] Sending sample transaction 386
[2022-07-23T18:28:57.901Z INFO  client] Sending sample transaction 387
[2022-07-23T18:28:57.952Z INFO  client] Sending sample transaction 388
[2022-07-23T18:28:58.002Z INFO  client] Sending sample transaction 389
[2022-07-23T18:28:58.052Z INFO  client] Sending sample transaction 390
[2022-07-23T18:28:58.101Z INFO  client] Sending sample transaction 391
[2022-07-23T18:28:58.151Z INFO  client] Sending sample transaction 392
[2022-07-23T18:28:58.202Z INFO  client] Sending sample transaction 393
[2022-07-23T18:28:58.252Z INFO  client] Sending sample transaction 394
[2022-07-23T18:28:58.302Z INFO  client] Sending sample transaction 395
[2022-07-23T18:28:58.351Z INFO  client] Sending sample transaction 396
[2022-07-23T18:28:58.402Z INFO  client] Sending sample transaction 397
[2022-07-23T18:28:58.453Z INFO  client] Sending sample transaction 398
[2022-07-23T18:28:58.502Z INFO  client] Sending sample transaction 399
[2022-07-23T18:28:58.576Z INFO  client] Sending sample transaction 400
[2022-07-23T18:28:58.673Z INFO  client] Sending sample transaction 401
[2022-07-23T18:28:58.691Z INFO  client] Sending sample transaction 402
[2022-07-23T18:28:58.727Z INFO  client] Sending sample transaction 403
[2022-07-23T18:28:58.753Z INFO  client] Sending sample transaction 404
[2022-07-23T18:28:58.802Z INFO  client] Sending sample transaction 405
[2022-07-23T18:28:58.852Z INFO  client] Sending sample transaction 406
[2022-07-23T18:28:58.902Z INFO  client] Sending sample transaction 407
[2022-07-23T18:28:58.952Z INFO  client] Sending sample transaction 408
[2022-07-23T18:28:59.002Z INFO  client] Sending sample transaction 409
[2022-07-23T18:28:59.051Z INFO  client] Sending sample transaction 410
[2022-07-23T18:28:59.102Z INFO  client] Sending sample transaction 411
[2022-07-23T18:28:59.153Z INFO  client] Sending sample transaction 412
[2022-07-23T18:28:59.202Z INFO  client] Sending sample transaction 413
[2022-07-23T18:28:59.252Z INFO  client] Sending sample transaction 414
[2022-07-23T18:28:59.302Z INFO  client] Sending sample transaction 415
[2022-07-23T18:28:59.351Z INFO  client] Sending sample transaction 416
[2022-07-23T18:28:59.402Z INFO  client] Sending sample transaction 417
[2022-07-23T18:28:59.452Z INFO  client] Sending sample transaction 418
[2022-07-23T18:28:59.502Z INFO  client] Sending sample transaction 419
[2022-07-23T18:28:59.552Z INFO  client] Sending sample transaction 420
[2022-07-23T18:28:59.602Z INFO  client] Sending sample transaction 421
[2022-07-23T18:28:59.653Z INFO  client] Sending sample transaction 422
[2022-07-23T18:28:59.713Z INFO  client] Sending sample transaction 423
[2022-07-23T18:28:59.752Z INFO  client] Sending sample transaction 424
[2022-07-23T18:28:59.856Z INFO  client] Sending sample transaction 425
[2022-07-23T18:28:59.867Z INFO  client] Sending sample transaction 426
[2022-07-23T18:28:59.935Z INFO  client] Sending sample transaction 427
[2022-07-23T18:28:59.982Z INFO  client] Sending sample transaction 428
[2022-07-23T18:29:00.017Z INFO  client] Sending sample transaction 429
[2022-07-23T18:29:00.060Z INFO  client] Sending sample transaction 430
[2022-07-23T18:29:00.102Z INFO  client] Sending sample transaction 431
[2022-07-23T18:29:00.152Z INFO  client] Sending sample transaction 432
[2022-07-23T18:29:00.240Z INFO  client] Sending sample transaction 433
[2022-07-23T18:29:00.272Z INFO  client] Sending sample transaction 434
[2022-07-23T18:29:00.302Z INFO  client] Sending sample transaction 435
[2022-07-23T18:29:00.381Z INFO  client] Sending sample transaction 436
[2022-07-23T18:29:00.402Z INFO  client] Sending sample transaction 437
[2022-07-23T18:29:00.454Z INFO  client] Sending sample transaction 438
[2022-07-23T18:29:00.504Z INFO  client] Sending sample transaction 439
[2022-07-23T18:29:00.563Z INFO  client] Sending sample transaction 440
[2022-07-23T18:29:00.611Z INFO  client] Sending sample transaction 441
[2022-07-23T18:29:00.654Z INFO  client] Sending sample transaction 442
[2022-07-23T18:29:00.704Z INFO  client] Sending sample transaction 443
[2022-07-23T18:29:00.767Z INFO  client] Sending sample transaction 444
[2022-07-23T18:29:00.802Z INFO  client] Sending sample transaction 445
[2022-07-23T18:29:00.874Z INFO  client] Sending sample transaction 446
