[2022-07-10T15:30:31.548Z INFO  client] Node address: 127.0.0.1:9014
[2022-07-10T15:30:31.548Z INFO  client] Transactions size: 512 B
[2022-07-10T15:30:31.548Z INFO  client] Transactions rate: 112 tx/s
[2022-07-10T15:30:31.548Z INFO  client] Waiting for all nodes to be online...
[2022-07-10T15:30:31.548Z INFO  client] Waiting for all nodes to be synchronized...
[2022-07-10T15:30:33.552Z INFO  client] Start sending transactions
[2022-07-10T15:30:33.552Z INFO  client] Sending sample transaction 0
[2022-07-10T15:30:33.603Z INFO  client] Sending sample transaction 1
[2022-07-10T15:30:33.654Z INFO  client] Sending sample transaction 2
[2022-07-10T15:30:33.703Z INFO  client] Sending sample transaction 3
[2022-07-10T15:30:33.754Z INFO  client] Sending sample transaction 4
[2022-07-10T15:30:33.803Z INFO  client] Sending sample transaction 5
[2022-07-10T15:30:33.854Z INFO  client] Sending sample transaction 6
[2022-07-10T15:30:33.903Z INFO  client] Sending sample transaction 7
[2022-07-10T15:30:33.953Z INFO  client] Sending sample transaction 8
[2022-07-10T15:30:34.003Z INFO  client] Sending sample transaction 9
[2022-07-10T15:30:34.053Z INFO  client] Sending sample transaction 10
[2022-07-10T15:30:34.105Z INFO  client] Sending sample transaction 11
[2022-07-10T15:30:34.153Z INFO  client] Sending sample transaction 12
[2022-07-10T15:30:34.204Z INFO  client] Sending sample transaction 13
[2022-07-10T15:30:34.255Z INFO  client] Sending sample transaction 14
[2022-07-10T15:30:34.303Z INFO  client] Sending sample transaction 15
[2022-07-10T15:30:34.353Z INFO  client] Sending sample transaction 16
[2022-07-10T15:30:34.403Z INFO  client] Sending sample transaction 17
[2022-07-10T15:30:34.457Z INFO  client] Sending sample transaction 18
[2022-07-10T15:30:34.508Z INFO  client] Sending sample transaction 19
[2022-07-10T15:30:34.558Z INFO  client] Sending sample transaction 20
[2022-07-10T15:30:34.633Z INFO  client] Sending sample transaction 21
[2022-07-10T15:30:34.666Z INFO  client] Sending sample transaction 22
[2022-07-10T15:30:34.712Z INFO  client] Sending sample transaction 23
[2022-07-10T15:30:34.756Z INFO  client] Sending sample transaction 24
[2022-07-10T15:30:34.804Z INFO  client] Sending sample transaction 25
[2022-07-10T15:30:34.853Z INFO  client] Sending sample transaction 26
[2022-07-10T15:30:34.903Z INFO  client] Sending sample transaction 27
[2022-07-10T15:30:34.953Z INFO  client] Sending sample transaction 28
[2022-07-10T15:30:35.003Z INFO  client] Sending sample transaction 29
[2022-07-10T15:30:35.053Z INFO  client] Sending sample transaction 30
[2022-07-10T15:30:35.103Z INFO  client] Sending sample transaction 31
[2022-07-10T15:30:35.153Z INFO  client] Sending sample transaction 32
[2022-07-10T15:30:35.204Z INFO  client] Sending sample transaction 33
[2022-07-10T15:30:35.254Z INFO  client] Sending sample transaction 34
[2022-07-10T15:30:35.303Z INFO  client] Sending sample transaction 35
[2022-07-10T15:30:35.353Z INFO  client] Sending sample transaction 36
[2022-07-10T15:30:35.403Z INFO  client] Sending sample transaction 37
[2022-07-10T15:30:35.453Z INFO  client] Sending sample transaction 38
[2022-07-10T15:30:35.505Z INFO  client] Sending sample transaction 39
[2022-07-10T15:30:35.553Z INFO  client] Sending sample transaction 40
[2022-07-10T15:30:35.603Z INFO  client] Sending sample transaction 41
[2022-07-10T15:30:35.652Z INFO  client] Sending sample transaction 42
[2022-07-10T15:30:35.703Z INFO  client] Sending sample transaction 43
[2022-07-10T15:30:35.753Z INFO  client] Sending sample transaction 44
[2022-07-10T15:30:35.805Z INFO  client] Sending sample transaction 45
[2022-07-10T15:30:35.853Z INFO  client] Sending sample transaction 46
[2022-07-10T15:30:35.903Z INFO  client] Sending sample transaction 47
[2022-07-10T15:30:35.953Z INFO  client] Sending sample transaction 48
[2022-07-10T15:30:36.003Z INFO  client] Sending sample transaction 49
[2022-07-10T15:30:36.053Z INFO  client] Sending sample transaction 50
[2022-07-10T15:30:36.103Z INFO  client] Sending sample transaction 51
[2022-07-10T15:30:36.154Z INFO  client] Sending sample transaction 52
[2022-07-10T15:30:36.203Z INFO  client] Sending sample transaction 53
[2022-07-10T15:30:36.253Z INFO  client] Sending sample transaction 54
[2022-07-10T15:30:36.303Z INFO  client] Sending sample transaction 55
[2022-07-10T15:30:36.353Z INFO  client] Sending sample transaction 56
[2022-07-10T15:30:36.403Z INFO  client] Sending sample transaction 57
[2022-07-10T15:30:36.452Z INFO  client] Sending sample transaction 58
[2022-07-10T15:30:36.503Z INFO  client] Sending sample transaction 59
[2022-07-10T15:30:36.554Z INFO  client] Sending sample transaction 60
[2022-07-10T15:30:36.603Z INFO  client] Sending sample transaction 61
[2022-07-10T15:30:36.653Z INFO  client] Sending sample transaction 62
[2022-07-10T15:30:36.703Z INFO  client] Sending sample transaction 63
[2022-07-10T15:30:36.752Z INFO  client] Sending sample transaction 64
[2022-07-10T15:30:36.829Z INFO  client] Sending sample transaction 65
[2022-07-10T15:30:36.855Z INFO  client] Sending sample transaction 66
[2022-07-10T15:30:36.903Z INFO  client] Sending sample transaction 67
[2022-07-10T15:30:36.953Z INFO  client] Sending sample transaction 68
[2022-07-10T15:30:37.004Z INFO  client] Sending sample transaction 69
[2022-07-10T15:30:37.053Z INFO  client] Sending sample transaction 70
[2022-07-10T15:30:37.103Z INFO  client] Sending sample transaction 71
[2022-07-10T15:30:37.154Z INFO  client] Sending sample transaction 72
[2022-07-10T15:30:37.204Z INFO  client] Sending sample transaction 73
[2022-07-10T15:30:37.253Z INFO  client] Sending sample transaction 74
[2022-07-10T15:30:37.303Z INFO  client] Sending sample transaction 75
[2022-07-10T15:30:37.353Z INFO  client] Sending sample transaction 76
[2022-07-10T15:30:37.403Z INFO  client] Sending sample transaction 77
[2022-07-10T15:30:37.454Z INFO  client] Sending sample transaction 78
[2022-07-10T15:30:37.502Z INFO  client] Sending sample transaction 79
[2022-07-10T15:30:37.552Z INFO  client] Sending sample transaction 80
[2022-07-10T15:30:37.604Z INFO  client] Sending sample transaction 81
[2022-07-10T15:30:37.653Z INFO  client] Sending sample transaction 82
[2022-07-10T15:30:37.703Z INFO  client] Sending sample transaction 83
[2022-07-10T15:30:37.752Z INFO  client] Sending sample transaction 84
[2022-07-10T15:30:37.803Z INFO  client] Sending sample transaction 85
[2022-07-10T15:30:37.854Z INFO  client] Sending sample transaction 86
[2022-07-10T15:30:37.903Z INFO  client] Sending sample transaction 87
[2022-07-10T15:30:37.954Z INFO  client] Sending sample transaction 88
[2022-07-10T15:30:38.003Z INFO  client] Sending sample transaction 89
[2022-07-10T15:30:38.052Z INFO  client] Sending sample transaction 90
[2022-07-10T15:30:38.103Z INFO  client] Sending sample transaction 91
[2022-07-10T15:30:38.153Z INFO  client] Sending sample transaction 92
[2022-07-10T15:30:38.203Z INFO  client] Sending sample transaction 93
[2022-07-10T15:30:38.254Z INFO  client] Sending sample transaction 94
[2022-07-10T15:30:38.304Z INFO  client] Sending sample transaction 95
[2022-07-10T15:30:38.353Z INFO  client] Sending sample transaction 96
[2022-07-10T15:30:38.403Z INFO  client] Sending sample transaction 97
[2022-07-10T15:30:38.453Z INFO  client] Sending sample transaction 98
[2022-07-10T15:30:38.505Z INFO  client] Sending sample transaction 99
[2022-07-10T15:30:38.554Z INFO  client] Sending sample transaction 100
[2022-07-10T15:30:38.604Z INFO  client] Sending sample transaction 101
[2022-07-10T15:30:38.653Z INFO  client] Sending sample transaction 102
[2022-07-10T15:30:38.703Z INFO  client] Sending sample transaction 103
[2022-07-10T15:30:38.755Z INFO  client] Sending sample transaction 104
[2022-07-10T15:30:38.803Z INFO  client] Sending sample transaction 105
[2022-07-10T15:30:38.853Z INFO  client] Sending sample transaction 106
[2022-07-10T15:30:38.903Z INFO  client] Sending sample transaction 107
[2022-07-10T15:30:38.953Z INFO  client] Sending sample transaction 108
[2022-07-10T15:30:39.002Z INFO  client] Sending sample transaction 109
[2022-07-10T15:30:39.053Z INFO  client] Sending sample transaction 110
[2022-07-10T15:30:39.103Z INFO  client] Sending sample transaction 111
[2022-07-10T15:30:39.153Z INFO  client] Sending sample transaction 112
[2022-07-10T15:30:39.203Z INFO  client] Sending sample transaction 113
[2022-07-10T15:30:39.253Z INFO  client] Sending sample transaction 114
[2022-07-10T15:30:39.303Z INFO  client] Sending sample transaction 115
[2022-07-10T15:30:39.353Z INFO  client] Sending sample transaction 116
[2022-07-10T15:30:39.403Z INFO  client] Sending sample transaction 117
[2022-07-10T15:30:39.452Z INFO  client] Sending sample transaction 118
[2022-07-10T15:30:39.505Z INFO  client] Sending sample transaction 119
[2022-07-10T15:30:39.553Z INFO  client] Sending sample transaction 120
[2022-07-10T15:30:39.603Z INFO  client] Sending sample transaction 121
[2022-07-10T15:30:39.654Z INFO  client] Sending sample transaction 122
[2022-07-10T15:30:39.704Z INFO  client] Sending sample transaction 123
[2022-07-10T15:30:39.753Z INFO  client] Sending sample transaction 124
[2022-07-10T15:30:39.803Z INFO  client] Sending sample transaction 125
[2022-07-10T15:30:39.853Z INFO  client] Sending sample transaction 126
[2022-07-10T15:30:39.903Z INFO  client] Sending sample transaction 127
[2022-07-10T15:30:39.956Z INFO  client] Sending sample transaction 128
[2022-07-10T15:30:40.002Z INFO  client] Sending sample transaction 129
[2022-07-10T15:30:40.053Z INFO  client] Sending sample transaction 130
[2022-07-10T15:30:40.104Z INFO  client] Sending sample transaction 131
[2022-07-10T15:30:40.153Z INFO  client] Sending sample transaction 132
[2022-07-10T15:30:40.202Z INFO  client] Sending sample transaction 133
[2022-07-10T15:30:40.254Z INFO  client] Sending sample transaction 134
[2022-07-10T15:30:40.303Z INFO  client] Sending sample transaction 135
[2022-07-10T15:30:40.354Z INFO  client] Sending sample transaction 136
[2022-07-10T15:30:40.403Z INFO  client] Sending sample transaction 137
[2022-07-10T15:30:40.453Z INFO  client] Sending sample transaction 138
[2022-07-10T15:30:40.503Z INFO  client] Sending sample transaction 139
[2022-07-10T15:30:40.553Z INFO  client] Sending sample transaction 140
[2022-07-10T15:30:40.604Z INFO  client] Sending sample transaction 141
[2022-07-10T15:30:40.653Z INFO  client] Sending sample transaction 142
[2022-07-10T15:30:40.704Z INFO  client] Sending sample transaction 143
[2022-07-10T15:30:40.753Z INFO  client] Sending sample transaction 144
[2022-07-10T15:30:40.803Z INFO  client] Sending sample transaction 145
[2022-07-10T15:30:40.854Z INFO  client] Sending sample transaction 146
[2022-07-10T15:30:40.903Z INFO  client] Sending sample transaction 147
[2022-07-10T15:30:40.954Z INFO  client] Sending sample transaction 148
[2022-07-10T15:30:41.003Z INFO  client] Sending sample transaction 149
[2022-07-10T15:30:41.053Z INFO  client] Sending sample transaction 150
[2022-07-10T15:30:41.103Z INFO  client] Sending sample transaction 151
[2022-07-10T15:30:41.154Z INFO  client] Sending sample transaction 152
[2022-07-10T15:30:41.204Z INFO  client] Sending sample transaction 153
[2022-07-10T15:30:41.254Z INFO  client] Sending sample transaction 154
[2022-07-10T15:30:41.303Z INFO  client] Sending sample transaction 155
[2022-07-10T15:30:41.353Z INFO  client] Sending sample transaction 156
[2022-07-10T15:30:41.403Z INFO  client] Sending sample transaction 157
[2022-07-10T15:30:41.454Z INFO  client] Sending sample transaction 158
[2022-07-10T15:30:41.502Z INFO  client] Sending sample transaction 159
[2022-07-10T15:30:41.553Z INFO  client] Sending sample transaction 160
[2022-07-10T15:30:41.603Z INFO  client] Sending sample transaction 161
[2022-07-10T15:30:41.653Z INFO  client] Sending sample transaction 162
[2022-07-10T15:30:41.704Z INFO  client] Sending sample transaction 163
[2022-07-10T15:30:41.753Z INFO  client] Sending sample transaction 164
[2022-07-10T15:30:41.803Z INFO  client] Sending sample transaction 165
[2022-07-10T15:30:41.854Z INFO  client] Sending sample transaction 166
[2022-07-10T15:30:41.903Z INFO  client] Sending sample transaction 167
[2022-07-10T15:30:41.953Z INFO  client] Sending sample transaction 168
[2022-07-10T15:30:42.003Z INFO  client] Sending sample transaction 169
[2022-07-10T15:30:42.053Z INFO  client] Sending sample transaction 170
[2022-07-10T15:30:42.111Z INFO  client] Sending sample transaction 171
[2022-07-10T15:30:42.152Z INFO  client] Sending sample transaction 172
[2022-07-10T15:30:42.203Z INFO  client] Sending sample transaction 173
[2022-07-10T15:30:42.254Z INFO  client] Sending sample transaction 174
[2022-07-10T15:30:42.304Z INFO  client] Sending sample transaction 175
[2022-07-10T15:30:42.353Z INFO  client] Sending sample transaction 176
[2022-07-10T15:30:42.403Z INFO  client] Sending sample transaction 177
[2022-07-10T15:30:42.453Z INFO  client] Sending sample transaction 178
[2022-07-10T15:30:42.504Z INFO  client] Sending sample transaction 179
[2022-07-10T15:30:42.553Z INFO  client] Sending sample transaction 180
[2022-07-10T15:30:42.603Z INFO  client] Sending sample transaction 181
[2022-07-10T15:30:42.654Z INFO  client] Sending sample transaction 182
[2022-07-10T15:30:42.703Z INFO  client] Sending sample transaction 183
[2022-07-10T15:30:42.754Z INFO  client] Sending sample transaction 184
[2022-07-10T15:30:42.803Z INFO  client] Sending sample transaction 185
[2022-07-10T15:30:42.853Z INFO  client] Sending sample transaction 186
[2022-07-10T15:30:42.903Z INFO  client] Sending sample transaction 187
[2022-07-10T15:30:42.954Z INFO  client] Sending sample transaction 188
[2022-07-10T15:30:43.004Z INFO  client] Sending sample transaction 189
[2022-07-10T15:30:43.054Z INFO  client] Sending sample transaction 190
[2022-07-10T15:30:43.109Z INFO  client] Sending sample transaction 191
[2022-07-10T15:30:43.152Z INFO  client] Sending sample transaction 192
[2022-07-10T15:30:43.204Z INFO  client] Sending sample transaction 193
[2022-07-10T15:30:43.254Z INFO  client] Sending sample transaction 194
[2022-07-10T15:30:43.304Z INFO  client] Sending sample transaction 195
[2022-07-10T15:30:43.353Z INFO  client] Sending sample transaction 196
[2022-07-10T15:30:43.404Z INFO  client] Sending sample transaction 197
[2022-07-10T15:30:43.453Z INFO  client] Sending sample transaction 198
[2022-07-10T15:30:43.503Z INFO  client] Sending sample transaction 199
[2022-07-10T15:30:43.552Z INFO  client] Sending sample transaction 200
[2022-07-10T15:30:43.604Z INFO  client] Sending sample transaction 201
[2022-07-10T15:30:43.653Z INFO  client] Sending sample transaction 202
[2022-07-10T15:30:43.704Z INFO  client] Sending sample transaction 203
[2022-07-10T15:30:43.754Z INFO  client] Sending sample transaction 204
[2022-07-10T15:30:43.803Z INFO  client] Sending sample transaction 205
[2022-07-10T15:30:43.854Z INFO  client] Sending sample transaction 206
[2022-07-10T15:30:43.903Z INFO  client] Sending sample transaction 207
[2022-07-10T15:30:43.953Z INFO  client] Sending sample transaction 208
[2022-07-10T15:30:44.004Z INFO  client] Sending sample transaction 209
[2022-07-10T15:30:44.054Z INFO  client] Sending sample transaction 210
[2022-07-10T15:30:44.103Z INFO  client] Sending sample transaction 211
[2022-07-10T15:30:44.153Z INFO  client] Sending sample transaction 212
[2022-07-10T15:30:44.203Z INFO  client] Sending sample transaction 213
[2022-07-10T15:30:44.253Z INFO  client] Sending sample transaction 214
[2022-07-10T15:30:44.303Z INFO  client] Sending sample transaction 215
[2022-07-10T15:30:44.353Z INFO  client] Sending sample transaction 216
[2022-07-10T15:30:44.403Z INFO  client] Sending sample transaction 217
[2022-07-10T15:30:44.453Z INFO  client] Sending sample transaction 218
[2022-07-10T15:30:44.503Z INFO  client] Sending sample transaction 219
[2022-07-10T15:30:44.553Z INFO  client] Sending sample transaction 220
[2022-07-10T15:30:44.603Z INFO  client] Sending sample transaction 221
[2022-07-10T15:30:44.653Z INFO  client] Sending sample transaction 222
[2022-07-10T15:30:44.703Z INFO  client] Sending sample transaction 223
[2022-07-10T15:30:44.753Z INFO  client] Sending sample transaction 224
[2022-07-10T15:30:44.804Z INFO  client] Sending sample transaction 225
[2022-07-10T15:30:44.853Z INFO  client] Sending sample transaction 226
[2022-07-10T15:30:44.903Z INFO  client] Sending sample transaction 227
[2022-07-10T15:30:44.953Z INFO  client] Sending sample transaction 228
[2022-07-10T15:30:45.003Z INFO  client] Sending sample transaction 229
[2022-07-10T15:30:45.053Z INFO  client] Sending sample transaction 230
[2022-07-10T15:30:45.102Z INFO  client] Sending sample transaction 231
[2022-07-10T15:30:45.153Z INFO  client] Sending sample transaction 232
[2022-07-10T15:30:45.202Z INFO  client] Sending sample transaction 233
[2022-07-10T15:30:45.259Z INFO  client] Sending sample transaction 234
[2022-07-10T15:30:45.303Z INFO  client] Sending sample transaction 235
[2022-07-10T15:30:45.354Z INFO  client] Sending sample transaction 236
[2022-07-10T15:30:45.403Z INFO  client] Sending sample transaction 237
[2022-07-10T15:30:45.453Z INFO  client] Sending sample transaction 238
[2022-07-10T15:30:45.504Z INFO  client] Sending sample transaction 239
[2022-07-10T15:30:45.552Z INFO  client] Sending sample transaction 240
[2022-07-10T15:30:45.603Z INFO  client] Sending sample transaction 241
[2022-07-10T15:30:45.653Z INFO  client] Sending sample transaction 242
[2022-07-10T15:30:45.704Z INFO  client] Sending sample transaction 243
[2022-07-10T15:30:45.752Z INFO  client] Sending sample transaction 244
[2022-07-10T15:30:45.803Z INFO  client] Sending sample transaction 245
[2022-07-10T15:30:45.853Z INFO  client] Sending sample transaction 246
[2022-07-10T15:30:45.903Z INFO  client] Sending sample transaction 247
[2022-07-10T15:30:45.953Z INFO  client] Sending sample transaction 248
[2022-07-10T15:30:46.004Z INFO  client] Sending sample transaction 249
[2022-07-10T15:30:46.053Z INFO  client] Sending sample transaction 250
[2022-07-10T15:30:46.103Z INFO  client] Sending sample transaction 251
[2022-07-10T15:30:46.153Z INFO  client] Sending sample transaction 252
[2022-07-10T15:30:46.203Z INFO  client] Sending sample transaction 253
[2022-07-10T15:30:46.253Z INFO  client] Sending sample transaction 254
[2022-07-10T15:30:46.303Z INFO  client] Sending sample transaction 255
[2022-07-10T15:30:46.353Z INFO  client] Sending sample transaction 256
[2022-07-10T15:30:46.403Z INFO  client] Sending sample transaction 257
[2022-07-10T15:30:46.453Z INFO  client] Sending sample transaction 258
[2022-07-10T15:30:46.503Z INFO  client] Sending sample transaction 259
[2022-07-10T15:30:46.552Z INFO  client] Sending sample transaction 260
[2022-07-10T15:30:46.603Z INFO  client] Sending sample transaction 261
[2022-07-10T15:30:46.653Z INFO  client] Sending sample transaction 262
[2022-07-10T15:30:46.703Z INFO  client] Sending sample transaction 263
[2022-07-10T15:30:46.753Z INFO  client] Sending sample transaction 264
[2022-07-10T15:30:46.802Z INFO  client] Sending sample transaction 265
[2022-07-10T15:30:46.853Z INFO  client] Sending sample transaction 266
[2022-07-10T15:30:46.904Z INFO  client] Sending sample transaction 267
[2022-07-10T15:30:46.953Z INFO  client] Sending sample transaction 268
[2022-07-10T15:30:47.003Z INFO  client] Sending sample transaction 269
[2022-07-10T15:30:47.053Z INFO  client] Sending sample transaction 270
[2022-07-10T15:30:47.103Z INFO  client] Sending sample transaction 271
[2022-07-10T15:30:47.154Z INFO  client] Sending sample transaction 272
[2022-07-10T15:30:47.203Z INFO  client] Sending sample transaction 273
[2022-07-10T15:30:47.253Z INFO  client] Sending sample transaction 274
[2022-07-10T15:30:47.306Z INFO  client] Sending sample transaction 275
[2022-07-10T15:30:47.352Z INFO  client] Sending sample transaction 276
[2022-07-10T15:30:47.403Z INFO  client] Sending sample transaction 277
[2022-07-10T15:30:47.458Z INFO  client] Sending sample transaction 278
[2022-07-10T15:30:47.506Z INFO  client] Sending sample transaction 279
[2022-07-10T15:30:47.553Z INFO  client] Sending sample transaction 280
[2022-07-10T15:30:47.604Z INFO  client] Sending sample transaction 281
[2022-07-10T15:30:47.654Z INFO  client] Sending sample transaction 282
[2022-07-10T15:30:47.703Z INFO  client] Sending sample transaction 283
[2022-07-10T15:30:47.753Z INFO  client] Sending sample transaction 284
[2022-07-10T15:30:47.802Z INFO  client] Sending sample transaction 285
[2022-07-10T15:30:47.853Z INFO  client] Sending sample transaction 286
[2022-07-10T15:30:47.903Z INFO  client] Sending sample transaction 287
[2022-07-10T15:30:47.954Z INFO  client] Sending sample transaction 288
[2022-07-10T15:30:48.004Z INFO  client] Sending sample transaction 289
[2022-07-10T15:30:48.052Z INFO  client] Sending sample transaction 290
[2022-07-10T15:30:48.103Z INFO  client] Sending sample transaction 291
[2022-07-10T15:30:48.153Z INFO  client] Sending sample transaction 292
[2022-07-10T15:30:48.203Z INFO  client] Sending sample transaction 293
[2022-07-10T15:30:48.254Z INFO  client] Sending sample transaction 294
[2022-07-10T15:30:48.303Z INFO  client] Sending sample transaction 295
[2022-07-10T15:30:48.353Z INFO  client] Sending sample transaction 296
[2022-07-10T15:30:48.404Z INFO  client] Sending sample transaction 297
[2022-07-10T15:30:48.453Z INFO  client] Sending sample transaction 298
[2022-07-10T15:30:48.503Z INFO  client] Sending sample transaction 299
[2022-07-10T15:30:48.553Z INFO  client] Sending sample transaction 300
[2022-07-10T15:30:48.603Z INFO  client] Sending sample transaction 301
[2022-07-10T15:30:48.653Z INFO  client] Sending sample transaction 302
[2022-07-10T15:30:48.705Z INFO  client] Sending sample transaction 303
[2022-07-10T15:30:48.755Z INFO  client] Sending sample transaction 304
[2022-07-10T15:30:48.803Z INFO  client] Sending sample transaction 305
[2022-07-10T15:30:48.853Z INFO  client] Sending sample transaction 306
[2022-07-10T15:30:48.903Z INFO  client] Sending sample transaction 307
[2022-07-10T15:30:48.954Z INFO  client] Sending sample transaction 308
[2022-07-10T15:30:49.003Z INFO  client] Sending sample transaction 309
[2022-07-10T15:30:49.052Z INFO  client] Sending sample transaction 310
[2022-07-10T15:30:49.105Z INFO  client] Sending sample transaction 311
[2022-07-10T15:30:49.154Z INFO  client] Sending sample transaction 312
[2022-07-10T15:30:49.204Z INFO  client] Sending sample transaction 313
[2022-07-10T15:30:49.253Z INFO  client] Sending sample transaction 314
[2022-07-10T15:30:49.304Z INFO  client] Sending sample transaction 315
[2022-07-10T15:30:49.353Z INFO  client] Sending sample transaction 316
[2022-07-10T15:30:49.405Z INFO  client] Sending sample transaction 317
[2022-07-10T15:30:49.454Z INFO  client] Sending sample transaction 318
[2022-07-10T15:30:49.503Z INFO  client] Sending sample transaction 319
[2022-07-10T15:30:49.553Z INFO  client] Sending sample transaction 320
[2022-07-10T15:30:49.603Z INFO  client] Sending sample transaction 321
[2022-07-10T15:30:49.653Z INFO  client] Sending sample transaction 322
[2022-07-10T15:30:49.704Z INFO  client] Sending sample transaction 323
[2022-07-10T15:30:49.778Z INFO  client] Sending sample transaction 324
[2022-07-10T15:30:49.803Z INFO  client] Sending sample transaction 325
[2022-07-10T15:30:49.853Z INFO  client] Sending sample transaction 326
[2022-07-10T15:30:49.903Z INFO  client] Sending sample transaction 327
[2022-07-10T15:30:49.953Z INFO  client] Sending sample transaction 328
[2022-07-10T15:30:50.003Z INFO  client] Sending sample transaction 329
[2022-07-10T15:30:50.053Z INFO  client] Sending sample transaction 330
[2022-07-10T15:30:50.102Z INFO  client] Sending sample transaction 331
[2022-07-10T15:30:50.153Z INFO  client] Sending sample transaction 332
[2022-07-10T15:30:50.203Z INFO  client] Sending sample transaction 333
[2022-07-10T15:30:50.253Z INFO  client] Sending sample transaction 334
[2022-07-10T15:30:50.302Z INFO  client] Sending sample transaction 335
[2022-07-10T15:30:50.353Z INFO  client] Sending sample transaction 336
[2022-07-10T15:30:50.404Z INFO  client] Sending sample transaction 337
[2022-07-10T15:30:50.454Z INFO  client] Sending sample transaction 338
[2022-07-10T15:30:50.504Z INFO  client] Sending sample transaction 339
[2022-07-10T15:30:50.552Z INFO  client] Sending sample transaction 340
[2022-07-10T15:30:50.603Z INFO  client] Sending sample transaction 341
[2022-07-10T15:30:50.653Z INFO  client] Sending sample transaction 342
[2022-07-10T15:30:50.704Z INFO  client] Sending sample transaction 343
[2022-07-10T15:30:50.754Z INFO  client] Sending sample transaction 344
[2022-07-10T15:30:50.806Z INFO  client] Sending sample transaction 345
[2022-07-10T15:30:50.857Z INFO  client] Sending sample transaction 346
[2022-07-10T15:30:50.903Z INFO  client] Sending sample transaction 347
[2022-07-10T15:30:50.953Z INFO  client] Sending sample transaction 348
[2022-07-10T15:30:51.003Z INFO  client] Sending sample transaction 349
[2022-07-10T15:30:51.053Z INFO  client] Sending sample transaction 350
[2022-07-10T15:30:51.103Z INFO  client] Sending sample transaction 351
[2022-07-10T15:30:51.154Z INFO  client] Sending sample transaction 352
[2022-07-10T15:30:51.203Z INFO  client] Sending sample transaction 353
[2022-07-10T15:30:51.253Z INFO  client] Sending sample transaction 354
[2022-07-10T15:30:51.303Z INFO  client] Sending sample transaction 355
[2022-07-10T15:30:51.356Z INFO  client] Sending sample transaction 356
[2022-07-10T15:30:51.404Z INFO  client] Sending sample transaction 357
[2022-07-10T15:30:51.455Z INFO  client] Sending sample transaction 358
[2022-07-10T15:30:51.503Z INFO  client] Sending sample transaction 359
[2022-07-10T15:30:51.553Z INFO  client] Sending sample transaction 360
[2022-07-10T15:30:51.603Z INFO  client] Sending sample transaction 361
[2022-07-10T15:30:51.653Z INFO  client] Sending sample transaction 362
[2022-07-10T15:30:51.703Z INFO  client] Sending sample transaction 363
[2022-07-10T15:30:51.755Z INFO  client] Sending sample transaction 364
[2022-07-10T15:30:51.803Z INFO  client] Sending sample transaction 365
[2022-07-10T15:30:51.865Z INFO  client] Sending sample transaction 366
[2022-07-10T15:30:51.903Z INFO  client] Sending sample transaction 367
[2022-07-10T15:30:51.952Z INFO  client] Sending sample transaction 368
[2022-07-10T15:30:52.003Z INFO  client] Sending sample transaction 369
[2022-07-10T15:30:52.053Z INFO  client] Sending sample transaction 370
[2022-07-10T15:30:52.103Z INFO  client] Sending sample transaction 371
[2022-07-10T15:30:52.153Z INFO  client] Sending sample transaction 372
[2022-07-10T15:30:52.203Z INFO  client] Sending sample transaction 373
[2022-07-10T15:30:52.253Z INFO  client] Sending sample transaction 374
[2022-07-10T15:30:52.303Z INFO  client] Sending sample transaction 375
[2022-07-10T15:30:52.353Z INFO  client] Sending sample transaction 376
[2022-07-10T15:30:52.403Z INFO  client] Sending sample transaction 377
[2022-07-10T15:30:52.453Z INFO  client] Sending sample transaction 378
[2022-07-10T15:30:52.503Z INFO  client] Sending sample transaction 379
[2022-07-10T15:30:52.554Z INFO  client] Sending sample transaction 380
[2022-07-10T15:30:52.603Z INFO  client] Sending sample transaction 381
[2022-07-10T15:30:52.653Z INFO  client] Sending sample transaction 382
[2022-07-10T15:30:52.704Z INFO  client] Sending sample transaction 383
[2022-07-10T15:30:52.753Z INFO  client] Sending sample transaction 384
[2022-07-10T15:30:52.803Z INFO  client] Sending sample transaction 385
[2022-07-10T15:30:52.854Z INFO  client] Sending sample transaction 386
[2022-07-10T15:30:52.903Z INFO  client] Sending sample transaction 387
[2022-07-10T15:30:52.953Z INFO  client] Sending sample transaction 388
[2022-07-10T15:30:53.003Z INFO  client] Sending sample transaction 389
[2022-07-10T15:30:53.053Z INFO  client] Sending sample transaction 390
[2022-07-10T15:30:53.103Z INFO  client] Sending sample transaction 391
[2022-07-10T15:30:53.153Z INFO  client] Sending sample transaction 392
[2022-07-10T15:30:53.204Z INFO  client] Sending sample transaction 393
[2022-07-10T15:30:53.253Z INFO  client] Sending sample transaction 394
[2022-07-10T15:30:53.303Z INFO  client] Sending sample transaction 395
[2022-07-10T15:30:53.353Z INFO  client] Sending sample transaction 396
[2022-07-10T15:30:53.403Z INFO  client] Sending sample transaction 397
[2022-07-10T15:30:53.452Z INFO  client] Sending sample transaction 398
[2022-07-10T15:30:53.503Z INFO  client] Sending sample transaction 399
[2022-07-10T15:30:53.553Z INFO  client] Sending sample transaction 400
[2022-07-10T15:30:53.602Z INFO  client] Sending sample transaction 401
[2022-07-10T15:30:53.653Z INFO  client] Sending sample transaction 402
[2022-07-10T15:30:53.703Z INFO  client] Sending sample transaction 403
[2022-07-10T15:30:53.753Z INFO  client] Sending sample transaction 404
[2022-07-10T15:30:53.803Z INFO  client] Sending sample transaction 405
[2022-07-10T15:30:53.853Z INFO  client] Sending sample transaction 406
[2022-07-10T15:30:53.903Z INFO  client] Sending sample transaction 407
[2022-07-10T15:30:53.953Z INFO  client] Sending sample transaction 408
[2022-07-10T15:30:54.003Z INFO  client] Sending sample transaction 409
[2022-07-10T15:30:54.053Z INFO  client] Sending sample transaction 410
[2022-07-10T15:30:54.103Z INFO  client] Sending sample transaction 411
[2022-07-10T15:30:54.153Z INFO  client] Sending sample transaction 412
[2022-07-10T15:30:54.203Z INFO  client] Sending sample transaction 413
[2022-07-10T15:30:54.254Z INFO  client] Sending sample transaction 414
[2022-07-10T15:30:54.303Z INFO  client] Sending sample transaction 415
[2022-07-10T15:30:54.353Z INFO  client] Sending sample transaction 416
[2022-07-10T15:30:54.403Z INFO  client] Sending sample transaction 417
[2022-07-10T15:30:54.454Z INFO  client] Sending sample transaction 418
[2022-07-10T15:30:54.503Z INFO  client] Sending sample transaction 419
[2022-07-10T15:30:54.552Z INFO  client] Sending sample transaction 420
[2022-07-10T15:30:54.603Z INFO  client] Sending sample transaction 421
[2022-07-10T15:30:54.653Z INFO  client] Sending sample transaction 422
[2022-07-10T15:30:54.702Z INFO  client] Sending sample transaction 423
[2022-07-10T15:30:54.753Z INFO  client] Sending sample transaction 424
[2022-07-10T15:30:54.803Z INFO  client] Sending sample transaction 425
[2022-07-10T15:30:54.853Z INFO  client] Sending sample transaction 426
[2022-07-10T15:30:54.903Z INFO  client] Sending sample transaction 427
[2022-07-10T15:30:54.953Z INFO  client] Sending sample transaction 428
[2022-07-10T15:30:55.002Z INFO  client] Sending sample transaction 429
