[2022-07-23T17:03:40.279Z INFO  client] Node address: 127.0.0.1:9013
[2022-07-23T17:03:40.279Z INFO  client] Transactions size: 512 B
[2022-07-23T17:03:40.280Z INFO  client] Transactions rate: 112 tx/s
[2022-07-23T17:03:40.280Z INFO  client] Waiting for all nodes to be online...
[2022-07-23T17:03:40.280Z INFO  client] Waiting for all nodes to be synchronized...
[2022-07-23T17:03:42.553Z INFO  client] Start sending transactions
[2022-07-23T17:03:42.647Z INFO  client] Sending sample transaction 0
[2022-07-23T17:03:42.683Z INFO  client] Sending sample transaction 1
[2022-07-23T17:03:42.707Z INFO  client] Sending sample transaction 2
[2022-07-23T17:03:42.765Z INFO  client] Sending sample transaction 3
[2022-07-23T17:03:42.798Z INFO  client] Sending sample transaction 4
[2022-07-23T17:03:42.818Z INFO  client] Sending sample transaction 5
[2022-07-23T17:03:42.869Z INFO  client] Sending sample transaction 6
[2022-07-23T17:03:42.915Z INFO  client] Sending sample transaction 7
[2022-07-23T17:03:42.959Z INFO  client] Sending sample transaction 8
[2022-07-23T17:03:43.011Z INFO  client] Sending sample transaction 9
[2022-07-23T17:03:43.056Z INFO  client] Sending sample transaction 10
[2022-07-23T17:03:43.109Z INFO  client] Sending sample transaction 11
[2022-07-23T17:03:43.156Z INFO  client] Sending sample transaction 12
[2022-07-23T17:03:43.206Z INFO  client] Sending sample transaction 13
[2022-07-23T17:03:43.256Z INFO  client] Sending sample transaction 14
[2022-07-23T17:03:43.309Z INFO  client] Sending sample transaction 15
[2022-07-23T17:03:43.355Z INFO  client] Sending sample transaction 16
[2022-07-23T17:03:43.406Z INFO  client] Sending sample transaction 17
[2022-07-23T17:03:43.456Z INFO  client] Sending sample transaction 18
[2022-07-23T17:03:43.508Z INFO  client] Sending sample transaction 19
[2022-07-23T17:03:43.556Z INFO  client] Sending sample transaction 20
[2022-07-23T17:03:43.606Z INFO  client] Sending sample transaction 21
[2022-07-23T17:03:43.655Z INFO  client] Sending sample transaction 22
[2022-07-23T17:03:43.706Z INFO  client] Sending sample transaction 23
[2022-07-23T17:03:43.759Z INFO  client] Sending sample transaction 24
[2022-07-23T17:03:43.806Z INFO  client] Sending sample transaction 25
[2022-07-23T17:03:43.863Z INFO  client] Sending sample transaction 26
[2022-07-23T17:03:43.906Z INFO  client] Sending sample transaction 27
[2022-07-23T17:03:43.956Z INFO  client] Sending sample transaction 28
[2022-07-23T17:03:44.007Z INFO  client] Sending sample transaction 29
[2022-07-23T17:03:44.056Z INFO  client] Sending sample transaction 30
[2022-07-23T17:03:44.169Z INFO  client] Sending sample transaction 31
[2022-07-23T17:03:44.199Z INFO  client] Sending sample transaction 32
[2022-07-23T17:03:44.261Z INFO  client] Sending sample transaction 33
[2022-07-23T17:03:44.289Z INFO  client] Sending sample transaction 34
[2022-07-23T17:03:44.326Z INFO  client] Sending sample transaction 35
[2022-07-23T17:03:44.361Z INFO  client] Sending sample transaction 36
[2022-07-23T17:03:44.412Z INFO  client] Sending sample transaction 37
[2022-07-23T17:03:44.460Z INFO  client] Sending sample transaction 38
[2022-07-23T17:03:44.509Z INFO  client] Sending sample transaction 39
[2022-07-23T17:03:44.557Z INFO  client] Sending sample transaction 40
[2022-07-23T17:03:44.606Z INFO  client] Sending sample transaction 41
[2022-07-23T17:03:44.673Z INFO  client] Sending sample transaction 42
[2022-07-23T17:03:44.706Z INFO  client] Sending sample transaction 43
[2022-07-23T17:03:44.755Z INFO  client] Sending sample transaction 44
[2022-07-23T17:03:44.805Z INFO  client] Sending sample transaction 45
[2022-07-23T17:03:44.862Z INFO  client] Sending sample transaction 46
[2022-07-23T17:03:44.934Z INFO  client] Sending sample transaction 47
[2022-07-23T17:03:44.960Z INFO  client] Sending sample transaction 48
[2022-07-23T17:03:45.015Z INFO  client] Sending sample transaction 49
[2022-07-23T17:03:45.057Z INFO  client] Sending sample transaction 50
[2022-07-23T17:03:45.105Z INFO  client] Sending sample transaction 51
[2022-07-23T17:03:45.155Z INFO  client] Sending sample transaction 52
[2022-07-23T17:03:45.205Z INFO  client] Sending sample transaction 53
[2022-07-23T17:03:45.256Z INFO  client] Sending sample transaction 54
[2022-07-23T17:03:45.305Z INFO  client] Sending sample transaction 55
[2022-07-23T17:03:45.355Z INFO  client] Sending sample transaction 56
[2022-07-23T17:03:45.406Z INFO  client] Sending sample transaction 57
[2022-07-23T17:03:45.456Z INFO  client] Sending sample transaction 58
[2022-07-23T17:03:45.506Z INFO  client] Sending sample transaction 59
[2022-07-23T17:03:45.556Z INFO  client] Sending sample transaction 60
[2022-07-23T17:03:45.605Z INFO  client] Sending sample transaction 61
[2022-07-23T17:03:45.655Z INFO  client] Sending sample transaction 62
[2022-07-23T17:03:45.728Z INFO  client] Sending sample transaction 63
[2022-07-23T17:03:45.764Z INFO  client] Sending sample transaction 64
[2022-07-23T17:03:45.805Z INFO  client] Sending sample transaction 65
[2022-07-23T17:03:45.854Z INFO  client] Sending sample transaction 66
[2022-07-23T17:03:45.908Z INFO  client] Sending sample transaction 67
[2022-07-23T17:03:45.956Z INFO  client] Sending sample transaction 68
[2022-07-23T17:03:46.012Z INFO  client] Sending sample transaction 69
[2022-07-23T17:03:46.055Z INFO  client] Sending sample transaction 70
[2022-07-23T17:03:46.106Z INFO  client] Sending sample transaction 71
[2022-07-23T17:03:46.155Z INFO  client] Sending sample transaction 72
[2022-07-23T17:03:46.206Z INFO  client] Sending sample transaction 73
[2022-07-23T17:03:46.255Z INFO  client] Sending sample transaction 74
[2022-07-23T17:03:46.305Z INFO  client] Sending sample transaction 75
[2022-07-23T17:03:46.355Z INFO  client] Sending sample transaction 76
[2022-07-23T17:03:46.405Z INFO  client] Sending sample transaction 77
[2022-07-23T17:03:46.456Z INFO  client] Sending sample transaction 78
[2022-07-23T17:03:46.506Z INFO  client] Sending sample transaction 79
[2022-07-23T17:03:46.555Z INFO  client] Sending sample transaction 80
[2022-07-23T17:03:46.605Z INFO  client] Sending sample transaction 81
[2022-07-23T17:03:46.655Z INFO  client] Sending sample transaction 82
[2022-07-23T17:03:46.724Z INFO  client] Sending sample transaction 83
[2022-07-23T17:03:46.760Z INFO  client] Sending sample transaction 84
[2022-07-23T17:03:46.806Z INFO  client] Sending sample transaction 85
[2022-07-23T17:03:46.855Z INFO  client] Sending sample transaction 86
[2022-07-23T17:03:46.905Z INFO  client] Sending sample transaction 87
[2022-07-23T17:03:46.956Z INFO  client] Sending sample transaction 88
[2022-07-23T17:03:47.007Z INFO  client] Sending sample transaction 89
[2022-07-23T17:03:47.062Z INFO  client] Sending sample transaction 90
[2022-07-23T17:03:47.109Z INFO  client] Sending sample transaction 91
[2022-07-23T17:03:47.156Z INFO  client] Sending sample transaction 92
[2022-07-23T17:03:47.206Z INFO  client] Sending sample transaction 93
[2022-07-23T17:03:47.256Z INFO  client] Sending sample transaction 94
[2022-07-23T17:03:47.305Z INFO  client] Sending sample transaction 95
[2022-07-23T17:03:47.355Z INFO  client] Sending sample transaction 96
[2022-07-23T17:03:47.405Z INFO  client] Sending sample transaction 97
[2022-07-23T17:03:47.455Z INFO  client] Sending sample transaction 98
[2022-07-23T17:03:47.506Z INFO  client] Sending sample transaction 99
[2022-07-23T17:03:47.555Z INFO  client] Sending sample transaction 100
[2022-07-23T17:03:47.605Z INFO  client] Sending sample transaction 101
[2022-07-23T17:03:47.656Z INFO  client] Sending sample transaction 102
[2022-07-23T17:03:47.706Z INFO  client] Sending sample transaction 103
[2022-07-23T17:03:47.756Z INFO  client] Sending sample transaction 104
[2022-07-23T17:03:47.805Z INFO  client] Sending sample transaction 105
[2022-07-23T17:03:47.857Z INFO  client] Sending sample transaction 106
[2022-07-23T17:03:47.905Z INFO  client] Sending sample transaction 107
[2022-07-23T17:03:47.956Z INFO  client] Sending sample transaction 108
[2022-07-23T17:03:48.006Z INFO  client] Sending sample transaction 109
[2022-07-23T17:03:48.076Z INFO  client] Sending sample transaction 110
[2022-07-23T17:03:48.124Z INFO  client] Sending sample transaction 111
[2022-07-23T17:03:48.174Z INFO  client] Sending sample transaction 112
[2022-07-23T17:03:48.205Z INFO  client] Sending sample transaction 113
[2022-07-23T17:03:48.255Z INFO  client] Sending sample transaction 114
[2022-07-23T17:03:48.305Z INFO  client] Sending sample transaction 115
[2022-07-23T17:03:48.356Z INFO  client] Sending sample transaction 116
[2022-07-23T17:03:48.405Z INFO  client] Sending sample transaction 117
[2022-07-23T17:03:48.455Z INFO  client] Sending sample transaction 118
[2022-07-23T17:03:48.506Z INFO  client] Sending sample transaction 119
[2022-07-23T17:03:48.555Z INFO  client] Sending sample transaction 120
[2022-07-23T17:03:48.605Z INFO  client] Sending sample transaction 121
[2022-07-23T17:03:48.655Z INFO  client] Sending sample transaction 122
[2022-07-23T17:03:48.705Z INFO  client] Sending sample transaction 123
[2022-07-23T17:03:48.755Z INFO  client] Sending sample transaction 124
[2022-07-23T17:03:48.806Z INFO  client] Sending sample transaction 125
[2022-07-23T17:03:48.855Z INFO  client] Sending sample transaction 126
[2022-07-23T17:03:48.906Z INFO  client] Sending sample transaction 127
[2022-07-23T17:03:48.956Z INFO  client] Sending sample transaction 128
[2022-07-23T17:03:49.006Z INFO  client] Sending sample transaction 129
[2022-07-23T17:03:49.055Z INFO  client] Sending sample transaction 130
[2022-07-23T17:03:49.106Z INFO  client] Sending sample transaction 131
[2022-07-23T17:03:49.156Z INFO  client] Sending sample transaction 132
[2022-07-23T17:03:49.220Z INFO  client] Sending sample transaction 133
[2022-07-23T17:03:49.258Z INFO  client] Sending sample transaction 134
[2022-07-23T17:03:49.305Z INFO  client] Sending sample transaction 135
[2022-07-23T17:03:49.355Z INFO  client] Sending sample transaction 136
[2022-07-23T17:03:49.405Z INFO  client] Sending sample transaction 137
[2022-07-23T17:03:49.456Z INFO  client] Sending sample transaction 138
[2022-07-23T17:03:49.505Z INFO  client] Sending sample transaction 139
[2022-07-23T17:03:49.555Z INFO  client] Sending sample transaction 140
[2022-07-23T17:03:49.605Z INFO  client] Sending sample transaction 141
[2022-07-23T17:03:49.688Z INFO  client] Sending sample transaction 142
[2022-07-23T17:03:49.733Z INFO  client] Sending sample transaction 143
[2022-07-23T17:03:49.764Z INFO  client] Sending sample transaction 144
[2022-07-23T17:03:49.806Z INFO  client] Sending sample transaction 145
[2022-07-23T17:03:49.855Z INFO  client] Sending sample transaction 146
[2022-07-23T17:03:49.907Z INFO  client] Sending sample transaction 147
[2022-07-23T17:03:49.956Z INFO  client] Sending sample transaction 148
[2022-07-23T17:03:50.005Z INFO  client] Sending sample transaction 149
[2022-07-23T17:03:50.055Z INFO  client] Sending sample transaction 150
[2022-07-23T17:03:50.105Z INFO  client] Sending sample transaction 151
[2022-07-23T17:03:50.155Z INFO  client] Sending sample transaction 152
[2022-07-23T17:03:50.205Z INFO  client] Sending sample transaction 153
[2022-07-23T17:03:50.255Z INFO  client] Sending sample transaction 154
[2022-07-23T17:03:50.305Z INFO  client] Sending sample transaction 155
[2022-07-23T17:03:50.355Z INFO  client] Sending sample transaction 156
[2022-07-23T17:03:50.404Z INFO  client] Sending sample transaction 157
[2022-07-23T17:03:50.455Z INFO  client] Sending sample transaction 158
[2022-07-23T17:03:50.506Z INFO  client] Sending sample transaction 159
[2022-07-23T17:03:50.555Z INFO  client] Sending sample transaction 160
[2022-07-23T17:03:50.605Z INFO  client] Sending sample transaction 161
[2022-07-23T17:03:50.655Z INFO  client] Sending sample transaction 162
[2022-07-23T17:03:50.705Z INFO  client] Sending sample transaction 163
[2022-07-23T17:03:50.787Z INFO  client] Sending sample transaction 164
[2022-07-23T17:03:50.834Z INFO  client] Sending sample transaction 165
[2022-07-23T17:03:50.860Z INFO  client] Sending sample transaction 166
[2022-07-23T17:03:50.905Z INFO  client] Sending sample transaction 167
[2022-07-23T17:03:50.956Z INFO  client] Sending sample transaction 168
[2022-07-23T17:03:51.009Z INFO  client] Sending sample transaction 169
[2022-07-23T17:03:51.055Z INFO  client] Sending sample transaction 170
[2022-07-23T17:03:51.106Z INFO  client] Sending sample transaction 171
[2022-07-23T17:03:51.156Z INFO  client] Sending sample transaction 172
[2022-07-23T17:03:51.206Z INFO  client] Sending sample transaction 173
[2022-07-23T17:03:51.255Z INFO  client] Sending sample transaction 174
[2022-07-23T17:03:51.311Z INFO  client] Sending sample transaction 175
[2022-07-23T17:03:51.356Z INFO  client] Sending sample transaction 176
[2022-07-23T17:03:51.405Z INFO  client] Sending sample transaction 177
[2022-07-23T17:03:51.455Z INFO  client] Sending sample transaction 178
[2022-07-23T17:03:51.505Z INFO  client] Sending sample transaction 179
[2022-07-23T17:03:51.556Z INFO  client] Sending sample transaction 180
[2022-07-23T17:03:51.605Z INFO  client] Sending sample transaction 181
[2022-07-23T17:03:51.656Z INFO  client] Sending sample transaction 182
[2022-07-23T17:03:51.705Z INFO  client] Sending sample transaction 183
[2022-07-23T17:03:51.757Z INFO  client] Sending sample transaction 184
[2022-07-23T17:03:51.805Z INFO  client] Sending sample transaction 185
[2022-07-23T17:03:51.855Z INFO  client] Sending sample transaction 186
[2022-07-23T17:03:51.906Z INFO  client] Sending sample transaction 187
[2022-07-23T17:03:51.956Z INFO  client] Sending sample transaction 188
[2022-07-23T17:03:52.009Z INFO  client] Sending sample transaction 189
[2022-07-23T17:03:52.055Z INFO  client] Sending sample transaction 190
[2022-07-23T17:03:52.106Z INFO  client] Sending sample transaction 191
[2022-07-23T17:03:52.156Z INFO  client] Sending sample transaction 192
[2022-07-23T17:03:52.205Z INFO  client] Sending sample transaction 193
[2022-07-23T17:03:52.255Z INFO  client] Sending sample transaction 194
[2022-07-23T17:03:52.305Z INFO  client] Sending sample transaction 195
[2022-07-23T17:03:52.356Z INFO  client] Sending sample transaction 196
[2022-07-23T17:03:52.405Z INFO  client] Sending sample transaction 197
[2022-07-23T17:03:52.455Z INFO  client] Sending sample transaction 198
[2022-07-23T17:03:52.505Z INFO  client] Sending sample transaction 199
[2022-07-23T17:03:52.554Z INFO  client] Sending sample transaction 200
[2022-07-23T17:03:52.606Z INFO  client] Sending sample transaction 201
[2022-07-23T17:03:52.656Z INFO  client] Sending sample transaction 202
[2022-07-23T17:03:52.706Z INFO  client] Sending sample transaction 203
[2022-07-23T17:03:52.755Z INFO  client] Sending sample transaction 204
[2022-07-23T17:03:52.805Z INFO  client] Sending sample transaction 205
[2022-07-23T17:03:52.856Z INFO  client] Sending sample transaction 206
[2022-07-23T17:03:52.905Z INFO  client] Sending sample transaction 207
[2022-07-23T17:03:52.955Z INFO  client] Sending sample transaction 208
[2022-07-23T17:03:53.029Z INFO  client] Sending sample transaction 209
[2022-07-23T17:03:53.071Z INFO  client] Sending sample transaction 210
[2022-07-23T17:03:53.105Z INFO  client] Sending sample transaction 211
[2022-07-23T17:03:53.156Z INFO  client] Sending sample transaction 212
[2022-07-23T17:03:53.206Z INFO  client] Sending sample transaction 213
[2022-07-23T17:03:53.255Z INFO  client] Sending sample transaction 214
[2022-07-23T17:03:53.307Z INFO  client] Sending sample transaction 215
[2022-07-23T17:03:53.355Z INFO  client] Sending sample transaction 216
[2022-07-23T17:03:53.409Z INFO  client] Sending sample transaction 217
[2022-07-23T17:03:53.455Z INFO  client] Sending sample transaction 218
[2022-07-23T17:03:53.505Z INFO  client] Sending sample transaction 219
[2022-07-23T17:03:53.555Z INFO  client] Sending sample transaction 220
[2022-07-23T17:03:53.606Z INFO  client] Sending sample transaction 221
[2022-07-23T17:03:53.656Z INFO  client] Sending sample transaction 222
[2022-07-23T17:03:53.706Z INFO  client] Sending sample transaction 223
[2022-07-23T17:03:53.755Z INFO  client] Sending sample transaction 224
[2022-07-23T17:03:53.806Z INFO  client] Sending sample transaction 225
[2022-07-23T17:03:53.856Z INFO  client] Sending sample transaction 226
[2022-07-23T17:03:53.906Z INFO  client] Sending sample transaction 227
[2022-07-23T17:03:53.955Z INFO  client] Sending sample transaction 228
[2022-07-23T17:03:54.006Z INFO  client] Sending sample transaction 229
[2022-07-23T17:03:54.055Z INFO  client] Sending sample transaction 230
[2022-07-23T17:03:54.105Z INFO  client] Sending sample transaction 231
[2022-07-23T17:03:54.159Z INFO  client] Sending sample transaction 232
[2022-07-23T17:03:54.205Z INFO  client] Sending sample transaction 233
[2022-07-23T17:03:54.256Z INFO  client] Sending sample transaction 234
[2022-07-23T17:03:54.305Z INFO  client] Sending sample transaction 235
[2022-07-23T17:03:54.356Z INFO  client] Sending sample transaction 236
[2022-07-23T17:03:54.406Z INFO  client] Sending sample transaction 237
[2022-07-23T17:03:54.456Z INFO  client] Sending sample transaction 238
[2022-07-23T17:03:54.505Z INFO  client] Sending sample transaction 239
[2022-07-23T17:03:54.556Z INFO  client] Sending sample transaction 240
[2022-07-23T17:03:54.605Z INFO  client] Sending sample transaction 241
[2022-07-23T17:03:54.655Z INFO  client] Sending sample transaction 242
[2022-07-23T17:03:54.707Z INFO  client] Sending sample transaction 243
[2022-07-23T17:03:54.755Z INFO  client] Sending sample transaction 244
[2022-07-23T17:03:54.805Z INFO  client] Sending sample transaction 245
[2022-07-23T17:03:54.855Z INFO  client] Sending sample transaction 246
[2022-07-23T17:03:54.905Z INFO  client] Sending sample transaction 247
[2022-07-23T17:03:54.956Z INFO  client] Sending sample transaction 248
[2022-07-23T17:03:55.004Z INFO  client] Sending sample transaction 249
[2022-07-23T17:03:55.055Z INFO  client] Sending sample transaction 250
[2022-07-23T17:03:55.106Z INFO  client] Sending sample transaction 251
[2022-07-23T17:03:55.156Z INFO  client] Sending sample transaction 252
[2022-07-23T17:03:55.205Z INFO  client] Sending sample transaction 253
[2022-07-23T17:03:55.257Z INFO  client] Sending sample transaction 254
[2022-07-23T17:03:55.305Z INFO  client] Sending sample transaction 255
[2022-07-23T17:03:55.356Z INFO  client] Sending sample transaction 256
[2022-07-23T17:03:55.405Z INFO  client] Sending sample transaction 257
[2022-07-23T17:03:55.456Z INFO  client] Sending sample transaction 258
[2022-07-23T17:03:55.517Z INFO  client] Sending sample transaction 259
[2022-07-23T17:03:55.558Z INFO  client] Sending sample transaction 260
[2022-07-23T17:03:55.606Z INFO  client] Sending sample transaction 261
[2022-07-23T17:03:55.656Z INFO  client] Sending sample transaction 262
[2022-07-23T17:03:55.707Z INFO  client] Sending sample transaction 263
[2022-07-23T17:03:55.756Z INFO  client] Sending sample transaction 264
[2022-07-23T17:03:55.806Z INFO  client] Sending sample transaction 265
[2022-07-23T17:03:55.856Z INFO  client] Sending sample transaction 266
[2022-07-23T17:03:55.905Z INFO  client] Sending sample transaction 267
[2022-07-23T17:03:55.955Z INFO  client] Sending sample transaction 268
[2022-07-23T17:03:56.005Z INFO  client] Sending sample transaction 269
[2022-07-23T17:03:56.055Z INFO  client] Sending sample transaction 270
[2022-07-23T17:03:56.105Z INFO  client] Sending sample transaction 271
[2022-07-23T17:03:56.157Z INFO  client] Sending sample transaction 272
[2022-07-23T17:03:56.206Z INFO  client] Sending sample transaction 273
[2022-07-23T17:03:56.255Z INFO  client] Sending sample transaction 274
[2022-07-23T17:03:56.305Z INFO  client] Sending sample transaction 275
[2022-07-23T17:03:56.356Z INFO  client] Sending sample transaction 276
[2022-07-23T17:03:56.405Z INFO  client] Sending sample transaction 277
[2022-07-23T17:03:56.456Z INFO  client] Sending sample transaction 278
[2022-07-23T17:03:56.505Z INFO  client] Sending sample transaction 279
[2022-07-23T17:03:56.561Z INFO  client] Sending sample transaction 280
[2022-07-23T17:03:56.605Z INFO  client] Sending sample transaction 281
[2022-07-23T17:03:56.668Z INFO  client] Sending sample transaction 282
[2022-07-23T17:03:56.728Z INFO  client] Sending sample transaction 283
[2022-07-23T17:03:56.794Z INFO  client] Sending sample transaction 284
[2022-07-23T17:03:56.808Z INFO  client] Sending sample transaction 285
[2022-07-23T17:03:56.857Z INFO  client] Sending sample transaction 286
[2022-07-23T17:03:56.906Z INFO  client] Sending sample transaction 287
[2022-07-23T17:03:56.956Z INFO  client] Sending sample transaction 288
[2022-07-23T17:03:57.005Z INFO  client] Sending sample transaction 289
[2022-07-23T17:03:57.055Z INFO  client] Sending sample transaction 290
[2022-07-23T17:03:57.105Z INFO  client] Sending sample transaction 291
[2022-07-23T17:03:57.155Z INFO  client] Sending sample transaction 292
[2022-07-23T17:03:57.206Z INFO  client] Sending sample transaction 293
[2022-07-23T17:03:57.255Z INFO  client] Sending sample transaction 294
[2022-07-23T17:03:57.306Z INFO  client] Sending sample transaction 295
[2022-07-23T17:03:57.355Z INFO  client] Sending sample transaction 296
[2022-07-23T17:03:57.405Z INFO  client] Sending sample transaction 297
[2022-07-23T17:03:57.455Z INFO  client] Sending sample transaction 298
[2022-07-23T17:03:57.505Z INFO  client] Sending sample transaction 299
[2022-07-23T17:03:57.555Z INFO  client] Sending sample transaction 300
[2022-07-23T17:03:57.610Z INFO  client] Sending sample transaction 301
[2022-07-23T17:03:57.656Z INFO  client] Sending sample transaction 302
[2022-07-23T17:03:57.705Z INFO  client] Sending sample transaction 303
[2022-07-23T17:03:57.755Z INFO  client] Sending sample transaction 304
[2022-07-23T17:03:57.805Z INFO  client] Sending sample transaction 305
[2022-07-23T17:03:57.855Z INFO  client] Sending sample transaction 306
[2022-07-23T17:03:57.906Z INFO  client] Sending sample transaction 307
[2022-07-23T17:03:57.955Z INFO  client] Sending sample transaction 308
[2022-07-23T17:03:58.005Z INFO  client] Sending sample transaction 309
[2022-07-23T17:03:58.055Z INFO  client] Sending sample transaction 310
[2022-07-23T17:03:58.105Z INFO  client] Sending sample transaction 311
[2022-07-23T17:03:58.156Z INFO  client] Sending sample transaction 312
[2022-07-23T17:03:58.205Z INFO  client] Sending sample transaction 313
[2022-07-23T17:03:58.255Z INFO  client] Sending sample transaction 314
[2022-07-23T17:03:58.305Z INFO  client] Sending sample transaction 315
[2022-07-23T17:03:58.355Z INFO  client] Sending sample transaction 316
[2022-07-23T17:03:58.405Z INFO  client] Sending sample transaction 317
[2022-07-23T17:03:58.455Z INFO  client] Sending sample transaction 318
[2022-07-23T17:03:58.506Z INFO  client] Sending sample transaction 319
[2022-07-23T17:03:58.555Z INFO  client] Sending sample transaction 320
[2022-07-23T17:03:58.605Z INFO  client] Sending sample transaction 321
[2022-07-23T17:03:58.656Z INFO  client] Sending sample transaction 322
[2022-07-23T17:03:58.707Z INFO  client] Sending sample transaction 323
[2022-07-23T17:03:58.755Z INFO  client] Sending sample transaction 324
[2022-07-23T17:03:58.806Z INFO  client] Sending sample transaction 325
[2022-07-23T17:03:58.856Z INFO  client] Sending sample transaction 326
[2022-07-23T17:03:58.906Z INFO  client] Sending sample transaction 327
[2022-07-23T17:03:58.955Z INFO  client] Sending sample transaction 328
[2022-07-23T17:03:59.030Z INFO  client] Sending sample transaction 329
[2022-07-23T17:03:59.068Z INFO  client] Sending sample transaction 330
[2022-07-23T17:03:59.105Z INFO  client] Sending sample transaction 331
[2022-07-23T17:03:59.156Z INFO  client] Sending sample transaction 332
[2022-07-23T17:03:59.205Z INFO  client] Sending sample transaction 333
[2022-07-23T17:03:59.256Z INFO  client] Sending sample transaction 334
[2022-07-23T17:03:59.309Z INFO  client] Sending sample transaction 335
[2022-07-23T17:03:59.355Z INFO  client] Sending sample transaction 336
[2022-07-23T17:03:59.405Z INFO  client] Sending sample transaction 337
[2022-07-23T17:03:59.455Z INFO  client] Sending sample transaction 338
[2022-07-23T17:03:59.505Z INFO  client] Sending sample transaction 339
[2022-07-23T17:03:59.555Z INFO  client] Sending sample transaction 340
[2022-07-23T17:03:59.605Z INFO  client] Sending sample transaction 341
[2022-07-23T17:03:59.656Z INFO  client] Sending sample transaction 342
[2022-07-23T17:03:59.717Z INFO  client] Sending sample transaction 343
[2022-07-23T17:03:59.765Z INFO  client] Sending sample transaction 344
[2022-07-23T17:03:59.805Z INFO  client] Sending sample transaction 345
[2022-07-23T17:03:59.855Z INFO  client] Sending sample transaction 346
[2022-07-23T17:03:59.906Z INFO  client] Sending sample transaction 347
[2022-07-23T17:03:59.955Z INFO  client] Sending sample transaction 348
[2022-07-23T17:04:00.006Z INFO  client] Sending sample transaction 349
[2022-07-23T17:04:00.056Z INFO  client] Sending sample transaction 350
[2022-07-23T17:04:00.126Z INFO  client] Sending sample transaction 351
[2022-07-23T17:04:00.169Z INFO  client] Sending sample transaction 352
[2022-07-23T17:04:00.225Z INFO  client] Sending sample transaction 353
[2022-07-23T17:04:00.255Z INFO  client] Sending sample transaction 354
[2022-07-23T17:04:00.305Z INFO  client] Sending sample transaction 355
[2022-07-23T17:04:00.356Z INFO  client] Sending sample transaction 356
[2022-07-23T17:04:00.405Z INFO  client] Sending sample transaction 357
[2022-07-23T17:04:00.455Z INFO  client] Sending sample transaction 358
[2022-07-23T17:04:00.505Z INFO  client] Sending sample transaction 359
[2022-07-23T17:04:00.555Z INFO  client] Sending sample transaction 360
[2022-07-23T17:04:00.605Z INFO  client] Sending sample transaction 361
[2022-07-23T17:04:00.655Z INFO  client] Sending sample transaction 362
[2022-07-23T17:04:00.706Z INFO  client] Sending sample transaction 363
[2022-07-23T17:04:00.755Z INFO  client] Sending sample transaction 364
[2022-07-23T17:04:00.805Z INFO  client] Sending sample transaction 365
[2022-07-23T17:04:00.855Z INFO  client] Sending sample transaction 366
[2022-07-23T17:04:00.905Z INFO  client] Sending sample transaction 367
[2022-07-23T17:04:00.956Z INFO  client] Sending sample transaction 368
[2022-07-23T17:04:01.007Z INFO  client] Sending sample transaction 369
[2022-07-23T17:04:01.055Z INFO  client] Sending sample transaction 370
[2022-07-23T17:04:01.105Z INFO  client] Sending sample transaction 371
[2022-07-23T17:04:01.156Z INFO  client] Sending sample transaction 372
[2022-07-23T17:04:01.206Z INFO  client] Sending sample transaction 373
[2022-07-23T17:04:01.255Z INFO  client] Sending sample transaction 374
[2022-07-23T17:04:01.305Z INFO  client] Sending sample transaction 375
[2022-07-23T17:04:01.356Z INFO  client] Sending sample transaction 376
[2022-07-23T17:04:01.406Z INFO  client] Sending sample transaction 377
[2022-07-23T17:04:01.455Z INFO  client] Sending sample transaction 378
[2022-07-23T17:04:01.505Z INFO  client] Sending sample transaction 379
[2022-07-23T17:04:01.556Z INFO  client] Sending sample transaction 380
[2022-07-23T17:04:01.606Z INFO  client] Sending sample transaction 381
[2022-07-23T17:04:01.656Z INFO  client] Sending sample transaction 382
[2022-07-23T17:04:01.706Z INFO  client] Sending sample transaction 383
[2022-07-23T17:04:01.755Z INFO  client] Sending sample transaction 384
[2022-07-23T17:04:01.812Z INFO  client] Sending sample transaction 385
[2022-07-23T17:04:01.875Z INFO  client] Sending sample transaction 386
[2022-07-23T17:04:01.911Z INFO  client] Sending sample transaction 387
[2022-07-23T17:04:01.956Z INFO  client] Sending sample transaction 388
[2022-07-23T17:04:02.006Z INFO  client] Sending sample transaction 389
[2022-07-23T17:04:02.055Z INFO  client] Sending sample transaction 390
[2022-07-23T17:04:02.139Z INFO  client] Sending sample transaction 391
[2022-07-23T17:04:02.180Z INFO  client] Sending sample transaction 392
[2022-07-23T17:04:02.258Z INFO  client] Sending sample transaction 393
[2022-07-23T17:04:02.266Z INFO  client] Sending sample transaction 394
[2022-07-23T17:04:02.305Z INFO  client] Sending sample transaction 395
[2022-07-23T17:04:02.364Z INFO  client] Sending sample transaction 396
[2022-07-23T17:04:02.407Z INFO  client] Sending sample transaction 397
[2022-07-23T17:04:02.456Z INFO  client] Sending sample transaction 398
[2022-07-23T17:04:02.506Z INFO  client] Sending sample transaction 399
[2022-07-23T17:04:02.555Z INFO  client] Sending sample transaction 400
[2022-07-23T17:04:02.605Z INFO  client] Sending sample transaction 401
[2022-07-23T17:04:02.655Z INFO  client] Sending sample transaction 402
[2022-07-23T17:04:02.706Z INFO  client] Sending sample transaction 403
[2022-07-23T17:04:02.756Z INFO  client] Sending sample transaction 404
[2022-07-23T17:04:02.805Z INFO  client] Sending sample transaction 405
[2022-07-23T17:04:02.855Z INFO  client] Sending sample transaction 406
[2022-07-23T17:04:02.907Z INFO  client] Sending sample transaction 407
[2022-07-23T17:04:02.955Z INFO  client] Sending sample transaction 408
[2022-07-23T17:04:03.005Z INFO  client] Sending sample transaction 409
[2022-07-23T17:04:03.055Z INFO  client] Sending sample transaction 410
[2022-07-23T17:04:03.106Z INFO  client] Sending sample transaction 411
[2022-07-23T17:04:03.155Z INFO  client] Sending sample transaction 412
[2022-07-23T17:04:03.205Z INFO  client] Sending sample transaction 413
[2022-07-23T17:04:03.256Z INFO  client] Sending sample transaction 414
[2022-07-23T17:04:03.306Z INFO  client] Sending sample transaction 415
[2022-07-23T17:04:03.355Z INFO  client] Sending sample transaction 416
[2022-07-23T17:04:03.405Z INFO  client] Sending sample transaction 417
[2022-07-23T17:04:03.462Z INFO  client] Sending sample transaction 418
[2022-07-23T17:04:03.540Z INFO  client] Sending sample transaction 419
[2022-07-23T17:04:03.574Z INFO  client] Sending sample transaction 420
[2022-07-23T17:04:03.605Z INFO  client] Sending sample transaction 421
[2022-07-23T17:04:03.660Z INFO  client] Sending sample transaction 422
[2022-07-23T17:04:03.719Z INFO  client] Sending sample transaction 423
[2022-07-23T17:04:03.818Z INFO  client] Sending sample transaction 424
[2022-07-23T17:04:03.819Z INFO  client] Sending sample transaction 425
[2022-07-23T17:04:03.859Z INFO  client] Sending sample transaction 426
[2022-07-23T17:04:03.913Z INFO  client] Sending sample transaction 427
[2022-07-23T17:04:03.977Z INFO  client] Sending sample transaction 428
[2022-07-23T17:04:04.037Z INFO  client] Sending sample transaction 429
[2022-07-23T17:04:04.102Z INFO  client] Sending sample transaction 430
[2022-07-23T17:04:04.141Z INFO  client] Sending sample transaction 431
[2022-07-23T17:04:04.195Z INFO  client] Sending sample transaction 432
[2022-07-23T17:04:04.378Z INFO  client] Sending sample transaction 433
[2022-07-23T17:04:04.378Z WARN  client] Transaction rate too high for this client
[2022-07-23T17:04:04.378Z INFO  client] Sending sample transaction 434
[2022-07-23T17:04:04.378Z INFO  client] Sending sample transaction 435
[2022-07-23T17:04:04.436Z INFO  client] Sending sample transaction 436
[2022-07-23T17:04:04.503Z WARN  client] Transaction rate too high for this client
[2022-07-23T17:04:04.503Z INFO  client] Sending sample transaction 437
[2022-07-23T17:04:04.550Z INFO  client] Sending sample transaction 438
[2022-07-23T17:04:04.550Z INFO  client] Sending sample transaction 439
[2022-07-23T17:04:04.575Z INFO  client] Sending sample transaction 440
[2022-07-23T17:04:04.609Z INFO  client] Sending sample transaction 441
[2022-07-23T17:04:04.663Z INFO  client] Sending sample transaction 442
[2022-07-23T17:04:04.709Z INFO  client] Sending sample transaction 443
[2022-07-23T17:04:04.756Z INFO  client] Sending sample transaction 444
[2022-07-23T17:04:04.818Z INFO  client] Sending sample transaction 445
[2022-07-23T17:04:04.856Z INFO  client] Sending sample transaction 446
[2022-07-23T17:04:04.908Z INFO  client] Sending sample transaction 447
[2022-07-23T17:04:04.960Z INFO  client] Sending sample transaction 448
[2022-07-23T17:04:05.008Z INFO  client] Sending sample transaction 449
