[2022-07-23T17:03:40.485Z INFO  client] Node address: 127.0.0.1:9016
[2022-07-23T17:03:40.485Z INFO  client] Transactions size: 512 B
[2022-07-23T17:03:40.485Z INFO  client] Transactions rate: 112 tx/s
[2022-07-23T17:03:40.485Z INFO  client] Waiting for all nodes to be online...
[2022-07-23T17:03:40.485Z INFO  client] Waiting for all nodes to be synchronized...
[2022-07-23T17:03:42.665Z INFO  client] Start sending transactions
[2022-07-23T17:03:42.704Z INFO  client] Sending sample transaction 0
[2022-07-23T17:03:42.724Z INFO  client] Sending sample transaction 1
[2022-07-23T17:03:42.805Z INFO  client] Sending sample transaction 2
[2022-07-23T17:03:42.846Z INFO  client] Sending sample transaction 3
[2022-07-23T17:03:42.886Z INFO  client] Sending sample transaction 4
[2022-07-23T17:03:42.923Z INFO  client] Sending sample transaction 5
[2022-07-23T17:03:42.967Z INFO  client] Sending sample transaction 6
[2022-07-23T17:03:43.022Z INFO  client] Sending sample transaction 7
[2022-07-23T17:03:43.069Z INFO  client] Sending sample transaction 8
[2022-07-23T17:03:43.119Z INFO  client] Sending sample transaction 9
[2022-07-23T17:03:43.167Z INFO  client] Sending sample transaction 10
[2022-07-23T17:03:43.217Z INFO  client] Sending sample transaction 11
[2022-07-23T17:03:43.268Z INFO  client] Sending sample transaction 12
[2022-07-23T17:03:43.318Z INFO  client] Sending sample transaction 13
[2022-07-23T17:03:43.369Z INFO  client] Sending sample transaction 14
[2022-07-23T17:03:43.417Z INFO  client] Sending sample transaction 15
[2022-07-23T17:03:43.467Z INFO  client] Sending sample transaction 16
[2022-07-23T17:03:43.527Z INFO  client] Sending sample transaction 17
[2022-07-23T17:03:43.571Z INFO  client] Sending sample transaction 18
[2022-07-23T17:03:43.618Z INFO  client] Sending sample transaction 19
[2022-07-23T17:03:43.667Z INFO  client] Sending sample transaction 20
[2022-07-23T17:03:43.718Z INFO  client] Sending sample transaction 21
[2022-07-23T17:03:43.767Z INFO  client] Sending sample transaction 22
[2022-07-23T17:03:43.818Z INFO  client] Sending sample transaction 23
[2022-07-23T17:03:43.869Z INFO  client] Sending sample transaction 24
[2022-07-23T17:03:43.917Z INFO  client] Sending sample transaction 25
[2022-07-23T17:03:43.974Z INFO  client] Sending sample transaction 26
[2022-07-23T17:03:44.018Z INFO  client] Sending sample transaction 27
[2022-07-23T17:03:44.068Z INFO  client] Sending sample transaction 28
[2022-07-23T17:03:44.173Z INFO  client] Sending sample transaction 29
[2022-07-23T17:03:44.173Z INFO  client] Sending sample transaction 30
[2022-07-23T17:03:44.254Z INFO  client] Sending sample transaction 31
[2022-07-23T17:03:44.299Z INFO  client] Sending sample transaction 32
[2022-07-23T17:03:44.356Z INFO  client] Sending sample transaction 33
[2022-07-23T17:03:44.380Z INFO  client] Sending sample transaction 34
[2022-07-23T17:03:44.428Z INFO  client] Sending sample transaction 35
[2022-07-23T17:03:44.474Z INFO  client] Sending sample transaction 36
[2022-07-23T17:03:44.521Z INFO  client] Sending sample transaction 37
[2022-07-23T17:03:44.570Z INFO  client] Sending sample transaction 38
[2022-07-23T17:03:44.622Z INFO  client] Sending sample transaction 39
[2022-07-23T17:03:44.672Z INFO  client] Sending sample transaction 40
[2022-07-23T17:03:44.718Z INFO  client] Sending sample transaction 41
[2022-07-23T17:03:44.769Z INFO  client] Sending sample transaction 42
[2022-07-23T17:03:44.832Z INFO  client] Sending sample transaction 43
[2022-07-23T17:03:44.867Z INFO  client] Sending sample transaction 44
[2022-07-23T17:03:44.934Z INFO  client] Sending sample transaction 45
[2022-07-23T17:03:44.977Z INFO  client] Sending sample transaction 46
[2022-07-23T17:03:45.019Z INFO  client] Sending sample transaction 47
[2022-07-23T17:03:45.067Z INFO  client] Sending sample transaction 48
[2022-07-23T17:03:45.117Z INFO  client] Sending sample transaction 49
[2022-07-23T17:03:45.168Z INFO  client] Sending sample transaction 50
[2022-07-23T17:03:45.217Z INFO  client] Sending sample transaction 51
[2022-07-23T17:03:45.267Z INFO  client] Sending sample transaction 52
[2022-07-23T17:03:45.317Z INFO  client] Sending sample transaction 53
[2022-07-23T17:03:45.367Z INFO  client] Sending sample transaction 54
[2022-07-23T17:03:45.417Z INFO  client] Sending sample transaction 55
[2022-07-23T17:03:45.468Z INFO  client] Sending sample transaction 56
[2022-07-23T17:03:45.518Z INFO  client] Sending sample transaction 57
[2022-07-23T17:03:45.567Z INFO  client] Sending sample transaction 58
[2022-07-23T17:03:45.617Z INFO  client] Sending sample transaction 59
[2022-07-23T17:03:45.692Z INFO  client] Sending sample transaction 60
[2022-07-23T17:03:45.727Z INFO  client] Sending sample transaction 61
[2022-07-23T17:03:45.803Z INFO  client] Sending sample transaction 62
[2022-07-23T17:03:45.817Z INFO  client] Sending sample transaction 63
[2022-07-23T17:03:45.868Z INFO  client] Sending sample transaction 64
[2022-07-23T17:03:45.916Z INFO  client] Sending sample transaction 65
[2022-07-23T17:03:45.967Z INFO  client] Sending sample transaction 66
[2022-07-23T17:03:46.018Z INFO  client] Sending sample transaction 67
[2022-07-23T17:03:46.067Z INFO  client] Sending sample transaction 68
[2022-07-23T17:03:46.117Z INFO  client] Sending sample transaction 69
[2022-07-23T17:03:46.167Z INFO  client] Sending sample transaction 70
[2022-07-23T17:03:46.218Z INFO  client] Sending sample transaction 71
[2022-07-23T17:03:46.267Z INFO  client] Sending sample transaction 72
[2022-07-23T17:03:46.317Z INFO  client] Sending sample transaction 73
[2022-07-23T17:03:46.367Z INFO  client] Sending sample transaction 74
[2022-07-23T17:03:46.417Z INFO  client] Sending sample transaction 75
[2022-07-23T17:03:46.466Z INFO  client] Sending sample transaction 76
[2022-07-23T17:03:46.517Z INFO  client] Sending sample transaction 77
[2022-07-23T17:03:46.567Z INFO  client] Sending sample transaction 78
[2022-07-23T17:03:46.618Z INFO  client] Sending sample transaction 79
[2022-07-23T17:03:46.686Z INFO  client] Sending sample transaction 80
[2022-07-23T17:03:46.736Z INFO  client] Sending sample transaction 81
[2022-07-23T17:03:46.780Z INFO  client] Sending sample transaction 82
[2022-07-23T17:03:46.820Z INFO  client] Sending sample transaction 83
[2022-07-23T17:03:46.868Z INFO  client] Sending sample transaction 84
[2022-07-23T17:03:46.917Z INFO  client] Sending sample transaction 85
[2022-07-23T17:03:46.967Z INFO  client] Sending sample transaction 86
[2022-07-23T17:03:47.047Z INFO  client] Sending sample transaction 87
[2022-07-23T17:03:47.070Z INFO  client] Sending sample transaction 88
[2022-07-23T17:03:47.118Z INFO  client] Sending sample transaction 89
[2022-07-23T17:03:47.166Z INFO  client] Sending sample transaction 90
[2022-07-23T17:03:47.217Z INFO  client] Sending sample transaction 91
[2022-07-23T17:03:47.267Z INFO  client] Sending sample transaction 92
[2022-07-23T17:03:47.317Z INFO  client] Sending sample transaction 93
[2022-07-23T17:03:47.367Z INFO  client] Sending sample transaction 94
[2022-07-23T17:03:47.416Z INFO  client] Sending sample transaction 95
[2022-07-23T17:03:47.467Z INFO  client] Sending sample transaction 96
[2022-07-23T17:03:47.517Z INFO  client] Sending sample transaction 97
[2022-07-23T17:03:47.568Z INFO  client] Sending sample transaction 98
[2022-07-23T17:03:47.617Z INFO  client] Sending sample transaction 99
[2022-07-23T17:03:47.667Z INFO  client] Sending sample transaction 100
[2022-07-23T17:03:47.717Z INFO  client] Sending sample transaction 101
[2022-07-23T17:03:47.767Z INFO  client] Sending sample transaction 102
[2022-07-23T17:03:47.817Z INFO  client] Sending sample transaction 103
[2022-07-23T17:03:47.869Z INFO  client] Sending sample transaction 104
[2022-07-23T17:03:47.917Z INFO  client] Sending sample transaction 105
[2022-07-23T17:03:47.967Z INFO  client] Sending sample transaction 106
[2022-07-23T17:03:48.017Z INFO  client] Sending sample transaction 107
[2022-07-23T17:03:48.077Z INFO  client] Sending sample transaction 108
[2022-07-23T17:03:48.148Z INFO  client] Sending sample transaction 109
[2022-07-23T17:03:48.175Z INFO  client] Sending sample transaction 110
[2022-07-23T17:03:48.218Z INFO  client] Sending sample transaction 111
[2022-07-23T17:03:48.266Z INFO  client] Sending sample transaction 112
[2022-07-23T17:03:48.317Z INFO  client] Sending sample transaction 113
[2022-07-23T17:03:48.367Z INFO  client] Sending sample transaction 114
[2022-07-23T17:03:48.416Z INFO  client] Sending sample transaction 115
[2022-07-23T17:03:48.467Z INFO  client] Sending sample transaction 116
[2022-07-23T17:03:48.517Z INFO  client] Sending sample transaction 117
[2022-07-23T17:03:48.567Z INFO  client] Sending sample transaction 118
[2022-07-23T17:03:48.618Z INFO  client] Sending sample transaction 119
[2022-07-23T17:03:48.667Z INFO  client] Sending sample transaction 120
[2022-07-23T17:03:48.717Z INFO  client] Sending sample transaction 121
[2022-07-23T17:03:48.767Z INFO  client] Sending sample transaction 122
[2022-07-23T17:03:48.818Z INFO  client] Sending sample transaction 123
[2022-07-23T17:03:48.867Z INFO  client] Sending sample transaction 124
[2022-07-23T17:03:48.917Z INFO  client] Sending sample transaction 125
[2022-07-23T17:03:48.967Z INFO  client] Sending sample transaction 126
[2022-07-23T17:03:49.017Z INFO  client] Sending sample transaction 127
[2022-07-23T17:03:49.067Z INFO  client] Sending sample transaction 128
[2022-07-23T17:03:49.117Z INFO  client] Sending sample transaction 129
[2022-07-23T17:03:49.167Z INFO  client] Sending sample transaction 130
[2022-07-23T17:03:49.227Z INFO  client] Sending sample transaction 131
[2022-07-23T17:03:49.268Z INFO  client] Sending sample transaction 132
[2022-07-23T17:03:49.318Z INFO  client] Sending sample transaction 133
[2022-07-23T17:03:49.368Z INFO  client] Sending sample transaction 134
[2022-07-23T17:03:49.418Z INFO  client] Sending sample transaction 135
[2022-07-23T17:03:49.468Z INFO  client] Sending sample transaction 136
[2022-07-23T17:03:49.517Z INFO  client] Sending sample transaction 137
[2022-07-23T17:03:49.567Z INFO  client] Sending sample transaction 138
[2022-07-23T17:03:49.647Z INFO  client] Sending sample transaction 139
[2022-07-23T17:03:49.695Z INFO  client] Sending sample transaction 140
[2022-07-23T17:03:49.734Z INFO  client] Sending sample transaction 141
[2022-07-23T17:03:49.767Z INFO  client] Sending sample transaction 142
[2022-07-23T17:03:49.817Z INFO  client] Sending sample transaction 143
[2022-07-23T17:03:49.874Z INFO  client] Sending sample transaction 144
[2022-07-23T17:03:49.917Z INFO  client] Sending sample transaction 145
[2022-07-23T17:03:49.967Z INFO  client] Sending sample transaction 146
[2022-07-23T17:03:50.017Z INFO  client] Sending sample transaction 147
[2022-07-23T17:03:50.071Z INFO  client] Sending sample transaction 148
[2022-07-23T17:03:50.118Z INFO  client] Sending sample transaction 149
[2022-07-23T17:03:50.167Z INFO  client] Sending sample transaction 150
[2022-07-23T17:03:50.217Z INFO  client] Sending sample transaction 151
[2022-07-23T17:03:50.266Z INFO  client] Sending sample transaction 152
[2022-07-23T17:03:50.317Z INFO  client] Sending sample transaction 153
[2022-07-23T17:03:50.369Z INFO  client] Sending sample transaction 154
[2022-07-23T17:03:50.417Z INFO  client] Sending sample transaction 155
[2022-07-23T17:03:50.467Z INFO  client] Sending sample transaction 156
[2022-07-23T17:03:50.518Z INFO  client] Sending sample transaction 157
[2022-07-23T17:03:50.567Z INFO  client] Sending sample transaction 158
[2022-07-23T17:03:50.617Z INFO  client] Sending sample transaction 159
[2022-07-23T17:03:50.667Z INFO  client] Sending sample transaction 160
[2022-07-23T17:03:50.716Z INFO  client] Sending sample transaction 161
[2022-07-23T17:03:50.793Z INFO  client] Sending sample transaction 162
[2022-07-23T17:03:50.835Z INFO  client] Sending sample transaction 163
[2022-07-23T17:03:50.868Z INFO  client] Sending sample transaction 164
[2022-07-23T17:03:50.917Z INFO  client] Sending sample transaction 165
[2022-07-23T17:03:50.967Z INFO  client] Sending sample transaction 166
[2022-07-23T17:03:51.017Z INFO  client] Sending sample transaction 167
[2022-07-23T17:03:51.067Z INFO  client] Sending sample transaction 168
[2022-07-23T17:03:51.117Z INFO  client] Sending sample transaction 169
[2022-07-23T17:03:51.167Z INFO  client] Sending sample transaction 170
[2022-07-23T17:03:51.216Z INFO  client] Sending sample transaction 171
[2022-07-23T17:03:51.267Z INFO  client] Sending sample transaction 172
[2022-07-23T17:03:51.320Z INFO  client] Sending sample transaction 173
[2022-07-23T17:03:51.367Z INFO  client] Sending sample transaction 174
[2022-07-23T17:03:51.417Z INFO  client] Sending sample transaction 175
[2022-07-23T17:03:51.468Z INFO  client] Sending sample transaction 176
[2022-07-23T17:03:51.517Z INFO  client] Sending sample transaction 177
[2022-07-23T17:03:51.567Z INFO  client] Sending sample transaction 178
[2022-07-23T17:03:51.617Z INFO  client] Sending sample transaction 179
[2022-07-23T17:03:51.667Z INFO  client] Sending sample transaction 180
[2022-07-23T17:03:51.718Z INFO  client] Sending sample transaction 181
[2022-07-23T17:03:51.767Z INFO  client] Sending sample transaction 182
[2022-07-23T17:03:51.817Z INFO  client] Sending sample transaction 183
[2022-07-23T17:03:51.867Z INFO  client] Sending sample transaction 184
[2022-07-23T17:03:51.917Z INFO  client] Sending sample transaction 185
[2022-07-23T17:03:51.966Z INFO  client] Sending sample transaction 186
[2022-07-23T17:03:52.016Z INFO  client] Sending sample transaction 187
[2022-07-23T17:03:52.067Z INFO  client] Sending sample transaction 188
[2022-07-23T17:03:52.117Z INFO  client] Sending sample transaction 189
[2022-07-23T17:03:52.166Z INFO  client] Sending sample transaction 190
[2022-07-23T17:03:52.217Z INFO  client] Sending sample transaction 191
[2022-07-23T17:03:52.267Z INFO  client] Sending sample transaction 192
[2022-07-23T17:03:52.318Z INFO  client] Sending sample transaction 193
[2022-07-23T17:03:52.367Z INFO  client] Sending sample transaction 194
[2022-07-23T17:03:52.417Z INFO  client] Sending sample transaction 195
[2022-07-23T17:03:52.467Z INFO  client] Sending sample transaction 196
[2022-07-23T17:03:52.517Z INFO  client] Sending sample transaction 197
[2022-07-23T17:03:52.567Z INFO  client] Sending sample transaction 198
[2022-07-23T17:03:52.617Z INFO  client] Sending sample transaction 199
[2022-07-23T17:03:52.666Z INFO  client] Sending sample transaction 200
[2022-07-23T17:03:52.717Z INFO  client] Sending sample transaction 201
[2022-07-23T17:03:52.767Z INFO  client] Sending sample transaction 202
[2022-07-23T17:03:52.817Z INFO  client] Sending sample transaction 203
[2022-07-23T17:03:52.866Z INFO  client] Sending sample transaction 204
[2022-07-23T17:03:52.917Z INFO  client] Sending sample transaction 205
[2022-07-23T17:03:52.991Z INFO  client] Sending sample transaction 206
[2022-07-23T17:03:53.028Z INFO  client] Sending sample transaction 207
[2022-07-23T17:03:53.075Z INFO  client] Sending sample transaction 208
[2022-07-23T17:03:53.117Z INFO  client] Sending sample transaction 209
[2022-07-23T17:03:53.166Z INFO  client] Sending sample transaction 210
[2022-07-23T17:03:53.217Z INFO  client] Sending sample transaction 211
[2022-07-23T17:03:53.268Z INFO  client] Sending sample transaction 212
[2022-07-23T17:03:53.319Z INFO  client] Sending sample transaction 213
[2022-07-23T17:03:53.367Z INFO  client] Sending sample transaction 214
[2022-07-23T17:03:53.423Z INFO  client] Sending sample transaction 215
[2022-07-23T17:03:53.468Z INFO  client] Sending sample transaction 216
[2022-07-23T17:03:53.517Z INFO  client] Sending sample transaction 217
[2022-07-23T17:03:53.567Z INFO  client] Sending sample transaction 218
[2022-07-23T17:03:53.617Z INFO  client] Sending sample transaction 219
[2022-07-23T17:03:53.667Z INFO  client] Sending sample transaction 220
[2022-07-23T17:03:53.716Z INFO  client] Sending sample transaction 221
[2022-07-23T17:03:53.767Z INFO  client] Sending sample transaction 222
[2022-07-23T17:03:53.818Z INFO  client] Sending sample transaction 223
[2022-07-23T17:03:53.867Z INFO  client] Sending sample transaction 224
[2022-07-23T17:03:53.918Z INFO  client] Sending sample transaction 225
[2022-07-23T17:03:53.967Z INFO  client] Sending sample transaction 226
[2022-07-23T17:03:54.016Z INFO  client] Sending sample transaction 227
[2022-07-23T17:03:54.066Z INFO  client] Sending sample transaction 228
[2022-07-23T17:03:54.118Z INFO  client] Sending sample transaction 229
[2022-07-23T17:03:54.167Z INFO  client] Sending sample transaction 230
[2022-07-23T17:03:54.217Z INFO  client] Sending sample transaction 231
[2022-07-23T17:03:54.268Z INFO  client] Sending sample transaction 232
[2022-07-23T17:03:54.317Z INFO  client] Sending sample transaction 233
[2022-07-23T17:03:54.367Z INFO  client] Sending sample transaction 234
[2022-07-23T17:03:54.416Z INFO  client] Sending sample transaction 235
[2022-07-23T17:03:54.473Z INFO  client] Sending sample transaction 236
[2022-07-23T17:03:54.517Z INFO  client] Sending sample transaction 237
[2022-07-23T17:03:54.567Z INFO  client] Sending sample transaction 238
[2022-07-23T17:03:54.618Z INFO  client] Sending sample transaction 239
[2022-07-23T17:03:54.667Z INFO  client] Sending sample transaction 240
[2022-07-23T17:03:54.717Z INFO  client] Sending sample transaction 241
[2022-07-23T17:03:54.768Z INFO  client] Sending sample transaction 242
[2022-07-23T17:03:54.817Z INFO  client] Sending sample transaction 243
[2022-07-23T17:03:54.868Z INFO  client] Sending sample transaction 244
[2022-07-23T17:03:54.917Z INFO  client] Sending sample transaction 245
[2022-07-23T17:03:54.967Z INFO  client] Sending sample transaction 246
[2022-07-23T17:03:55.017Z INFO  client] Sending sample transaction 247
[2022-07-23T17:03:55.068Z INFO  client] Sending sample transaction 248
[2022-07-23T17:03:55.117Z INFO  client] Sending sample transaction 249
[2022-07-23T17:03:55.167Z INFO  client] Sending sample transaction 250
[2022-07-23T17:03:55.217Z INFO  client] Sending sample transaction 251
[2022-07-23T17:03:55.268Z INFO  client] Sending sample transaction 252
[2022-07-23T17:03:55.318Z INFO  client] Sending sample transaction 253
[2022-07-23T17:03:55.367Z INFO  client] Sending sample transaction 254
[2022-07-23T17:03:55.417Z INFO  client] Sending sample transaction 255
[2022-07-23T17:03:55.467Z INFO  client] Sending sample transaction 256
[2022-07-23T17:03:55.518Z INFO  client] Sending sample transaction 257
[2022-07-23T17:03:55.567Z INFO  client] Sending sample transaction 258
[2022-07-23T17:03:55.617Z INFO  client] Sending sample transaction 259
[2022-07-23T17:03:55.667Z INFO  client] Sending sample transaction 260
[2022-07-23T17:03:55.717Z INFO  client] Sending sample transaction 261
[2022-07-23T17:03:55.766Z INFO  client] Sending sample transaction 262
[2022-07-23T17:03:55.817Z INFO  client] Sending sample transaction 263
[2022-07-23T17:03:55.867Z INFO  client] Sending sample transaction 264
[2022-07-23T17:03:55.916Z INFO  client] Sending sample transaction 265
[2022-07-23T17:03:55.967Z INFO  client] Sending sample transaction 266
[2022-07-23T17:03:56.016Z INFO  client] Sending sample transaction 267
[2022-07-23T17:03:56.067Z INFO  client] Sending sample transaction 268
[2022-07-23T17:03:56.117Z INFO  client] Sending sample transaction 269
[2022-07-23T17:03:56.167Z INFO  client] Sending sample transaction 270
[2022-07-23T17:03:56.217Z INFO  client] Sending sample transaction 271
[2022-07-23T17:03:56.268Z INFO  client] Sending sample transaction 272
[2022-07-23T17:03:56.317Z INFO  client] Sending sample transaction 273
[2022-07-23T17:03:56.367Z INFO  client] Sending sample transaction 274
[2022-07-23T17:03:56.416Z INFO  client] Sending sample transaction 275
[2022-07-23T17:03:56.468Z INFO  client] Sending sample transaction 276
[2022-07-23T17:03:56.517Z INFO  client] Sending sample transaction 277
[2022-07-23T17:03:56.567Z INFO  client] Sending sample transaction 278
[2022-07-23T17:03:56.617Z INFO  client] Sending sample transaction 279
[2022-07-23T17:03:56.707Z INFO  client] Sending sample transaction 280
[2022-07-23T17:03:56.728Z INFO  client] Sending sample transaction 281
[2022-07-23T17:03:56.795Z INFO  client] Sending sample transaction 282
[2022-07-23T17:03:56.818Z INFO  client] Sending sample transaction 283
[2022-07-23T17:03:56.876Z INFO  client] Sending sample transaction 284
[2022-07-23T17:03:56.916Z INFO  client] Sending sample transaction 285
[2022-07-23T17:03:56.967Z INFO  client] Sending sample transaction 286
[2022-07-23T17:03:57.017Z INFO  client] Sending sample transaction 287
[2022-07-23T17:03:57.067Z INFO  client] Sending sample transaction 288
[2022-07-23T17:03:57.117Z INFO  client] Sending sample transaction 289
[2022-07-23T17:03:57.167Z INFO  client] Sending sample transaction 290
[2022-07-23T17:03:57.216Z INFO  client] Sending sample transaction 291
[2022-07-23T17:03:57.267Z INFO  client] Sending sample transaction 292
[2022-07-23T17:03:57.317Z INFO  client] Sending sample transaction 293
[2022-07-23T17:03:57.367Z INFO  client] Sending sample transaction 294
[2022-07-23T17:03:57.418Z INFO  client] Sending sample transaction 295
[2022-07-23T17:03:57.467Z INFO  client] Sending sample transaction 296
[2022-07-23T17:03:57.518Z INFO  client] Sending sample transaction 297
[2022-07-23T17:03:57.586Z INFO  client] Sending sample transaction 298
[2022-07-23T17:03:57.620Z INFO  client] Sending sample transaction 299
[2022-07-23T17:03:57.667Z INFO  client] Sending sample transaction 300
[2022-07-23T17:03:57.717Z INFO  client] Sending sample transaction 301
[2022-07-23T17:03:57.767Z INFO  client] Sending sample transaction 302
[2022-07-23T17:03:57.818Z INFO  client] Sending sample transaction 303
[2022-07-23T17:03:57.867Z INFO  client] Sending sample transaction 304
[2022-07-23T17:03:57.917Z INFO  client] Sending sample transaction 305
[2022-07-23T17:03:57.967Z INFO  client] Sending sample transaction 306
[2022-07-23T17:03:58.017Z INFO  client] Sending sample transaction 307
[2022-07-23T17:03:58.067Z INFO  client] Sending sample transaction 308
[2022-07-23T17:03:58.120Z INFO  client] Sending sample transaction 309
[2022-07-23T17:03:58.168Z INFO  client] Sending sample transaction 310
[2022-07-23T17:03:58.217Z INFO  client] Sending sample transaction 311
[2022-07-23T17:03:58.267Z INFO  client] Sending sample transaction 312
[2022-07-23T17:03:58.317Z INFO  client] Sending sample transaction 313
[2022-07-23T17:03:58.367Z INFO  client] Sending sample transaction 314
[2022-07-23T17:03:58.416Z INFO  client] Sending sample transaction 315
[2022-07-23T17:03:58.467Z INFO  client] Sending sample transaction 316
[2022-07-23T17:03:58.518Z INFO  client] Sending sample transaction 317
[2022-07-23T17:03:58.568Z INFO  client] Sending sample transaction 318
[2022-07-23T17:03:58.618Z INFO  client] Sending sample transaction 319
[2022-07-23T17:03:58.667Z INFO  client] Sending sample transaction 320
[2022-07-23T17:03:58.717Z INFO  client] Sending sample transaction 321
[2022-07-23T17:03:58.767Z INFO  client] Sending sample transaction 322
[2022-07-23T17:03:58.817Z INFO  client] Sending sample transaction 323
[2022-07-23T17:03:58.866Z INFO  client] Sending sample transaction 324
[2022-07-23T17:03:58.917Z INFO  client] Sending sample transaction 325
[2022-07-23T17:03:59.005Z INFO  client] Sending sample transaction 326
[2022-07-23T17:03:59.031Z INFO  client] Sending sample transaction 327
[2022-07-23T17:03:59.071Z INFO  client] Sending sample transaction 328
[2022-07-23T17:03:59.117Z INFO  client] Sending sample transaction 329
[2022-07-23T17:03:59.167Z INFO  client] Sending sample transaction 330
[2022-07-23T17:03:59.217Z INFO  client] Sending sample transaction 331
[2022-07-23T17:03:59.268Z INFO  client] Sending sample transaction 332
[2022-07-23T17:03:59.317Z INFO  client] Sending sample transaction 333
[2022-07-23T17:03:59.368Z INFO  client] Sending sample transaction 334
[2022-07-23T17:03:59.417Z INFO  client] Sending sample transaction 335
[2022-07-23T17:03:59.468Z INFO  client] Sending sample transaction 336
[2022-07-23T17:03:59.518Z INFO  client] Sending sample transaction 337
[2022-07-23T17:03:59.567Z INFO  client] Sending sample transaction 338
[2022-07-23T17:03:59.617Z INFO  client] Sending sample transaction 339
[2022-07-23T17:03:59.678Z INFO  client] Sending sample transaction 340
[2022-07-23T17:03:59.734Z INFO  client] Sending sample transaction 341
[2022-07-23T17:03:59.771Z INFO  client] Sending sample transaction 342
[2022-07-23T17:03:59.817Z INFO  client] Sending sample transaction 343
[2022-07-23T17:03:59.867Z INFO  client] Sending sample transaction 344
[2022-07-23T17:03:59.917Z INFO  client] Sending sample transaction 345
[2022-07-23T17:03:59.967Z INFO  client] Sending sample transaction 346
[2022-07-23T17:04:00.017Z INFO  client] Sending sample transaction 347
[2022-07-23T17:04:00.067Z INFO  client] Sending sample transaction 348
[2022-07-23T17:04:00.129Z INFO  client] Sending sample transaction 349
[2022-07-23T17:04:00.198Z INFO  client] Sending sample transaction 350
[2022-07-23T17:04:00.226Z INFO  client] Sending sample transaction 351
[2022-07-23T17:04:00.267Z INFO  client] Sending sample transaction 352
[2022-07-23T17:04:00.317Z INFO  client] Sending sample transaction 353
[2022-07-23T17:04:00.367Z INFO  client] Sending sample transaction 354
[2022-07-23T17:04:00.416Z INFO  client] Sending sample transaction 355
[2022-07-23T17:04:00.467Z INFO  client] Sending sample transaction 356
[2022-07-23T17:04:00.517Z INFO  client] Sending sample transaction 357
[2022-07-23T17:04:00.567Z INFO  client] Sending sample transaction 358
[2022-07-23T17:04:00.617Z INFO  client] Sending sample transaction 359
[2022-07-23T17:04:00.667Z INFO  client] Sending sample transaction 360
[2022-07-23T17:04:00.717Z INFO  client] Sending sample transaction 361
[2022-07-23T17:04:00.768Z INFO  client] Sending sample transaction 362
[2022-07-23T17:04:00.816Z INFO  client] Sending sample transaction 363
[2022-07-23T17:04:00.866Z INFO  client] Sending sample transaction 364
[2022-07-23T17:04:00.917Z INFO  client] Sending sample transaction 365
[2022-07-23T17:04:00.967Z INFO  client] Sending sample transaction 366
[2022-07-23T17:04:01.017Z INFO  client] Sending sample transaction 367
[2022-07-23T17:04:01.067Z INFO  client] Sending sample transaction 368
[2022-07-23T17:04:01.117Z INFO  client] Sending sample transaction 369
[2022-07-23T17:04:01.167Z INFO  client] Sending sample transaction 370
[2022-07-23T17:04:01.217Z INFO  client] Sending sample transaction 371
[2022-07-23T17:04:01.267Z INFO  client] Sending sample transaction 372
[2022-07-23T17:04:01.317Z INFO  client] Sending sample transaction 373
[2022-07-23T17:04:01.368Z INFO  client] Sending sample transaction 374
[2022-07-23T17:04:01.417Z INFO  client] Sending sample transaction 375
[2022-07-23T17:04:01.467Z INFO  client] Sending sample transaction 376
[2022-07-23T17:04:01.517Z INFO  client] Sending sample transaction 377
[2022-07-23T17:04:01.568Z INFO  client] Sending sample transaction 378
[2022-07-23T17:04:01.618Z INFO  client] Sending sample transaction 379
[2022-07-23T17:04:01.667Z INFO  client] Sending sample transaction 380
[2022-07-23T17:04:01.717Z INFO  client] Sending sample transaction 381
[2022-07-23T17:04:01.767Z INFO  client] Sending sample transaction 382
[2022-07-23T17:04:01.826Z INFO  client] Sending sample transaction 383
[2022-07-23T17:04:01.876Z INFO  client] Sending sample transaction 384
[2022-07-23T17:04:01.918Z INFO  client] Sending sample transaction 385
[2022-07-23T17:04:01.966Z INFO  client] Sending sample transaction 386
[2022-07-23T17:04:02.017Z INFO  client] Sending sample transaction 387
[2022-07-23T17:04:02.066Z INFO  client] Sending sample transaction 388
[2022-07-23T17:04:02.138Z INFO  client] Sending sample transaction 389
[2022-07-23T17:04:02.180Z INFO  client] Sending sample transaction 390
[2022-07-23T17:04:02.260Z INFO  client] Sending sample transaction 391
[2022-07-23T17:04:02.268Z INFO  client] Sending sample transaction 392
[2022-07-23T17:04:02.317Z INFO  client] Sending sample transaction 393
[2022-07-23T17:04:02.367Z INFO  client] Sending sample transaction 394
[2022-07-23T17:04:02.417Z INFO  client] Sending sample transaction 395
[2022-07-23T17:04:02.467Z INFO  client] Sending sample transaction 396
[2022-07-23T17:04:02.516Z INFO  client] Sending sample transaction 397
[2022-07-23T17:04:02.567Z INFO  client] Sending sample transaction 398
[2022-07-23T17:04:02.617Z INFO  client] Sending sample transaction 399
[2022-07-23T17:04:02.667Z INFO  client] Sending sample transaction 400
[2022-07-23T17:04:02.717Z INFO  client] Sending sample transaction 401
[2022-07-23T17:04:02.767Z INFO  client] Sending sample transaction 402
[2022-07-23T17:04:02.817Z INFO  client] Sending sample transaction 403
[2022-07-23T17:04:02.869Z INFO  client] Sending sample transaction 404
[2022-07-23T17:04:02.937Z INFO  client] Sending sample transaction 405
[2022-07-23T17:04:02.968Z INFO  client] Sending sample transaction 406
[2022-07-23T17:04:03.016Z INFO  client] Sending sample transaction 407
[2022-07-23T17:04:03.067Z INFO  client] Sending sample transaction 408
[2022-07-23T17:04:03.117Z INFO  client] Sending sample transaction 409
[2022-07-23T17:04:03.168Z INFO  client] Sending sample transaction 410
[2022-07-23T17:04:03.219Z INFO  client] Sending sample transaction 411
[2022-07-23T17:04:03.267Z INFO  client] Sending sample transaction 412
[2022-07-23T17:04:03.317Z INFO  client] Sending sample transaction 413
[2022-07-23T17:04:03.367Z INFO  client] Sending sample transaction 414
[2022-07-23T17:04:03.417Z INFO  client] Sending sample transaction 415
[2022-07-23T17:04:03.486Z INFO  client] Sending sample transaction 416
[2022-07-23T17:04:03.541Z INFO  client] Sending sample transaction 417
[2022-07-23T17:04:03.575Z INFO  client] Sending sample transaction 418
[2022-07-23T17:04:03.618Z INFO  client] Sending sample transaction 419
[2022-07-23T17:04:03.667Z INFO  client] Sending sample transaction 420
[2022-07-23T17:04:03.742Z INFO  client] Sending sample transaction 421
[2022-07-23T17:04:03.817Z INFO  client] Sending sample transaction 422
[2022-07-23T17:04:03.817Z INFO  client] Sending sample transaction 423
[2022-07-23T17:04:03.874Z INFO  client] Sending sample transaction 424
[2022-07-23T17:04:03.917Z INFO  client] Sending sample transaction 425
[2022-07-23T17:04:03.976Z INFO  client] Sending sample transaction 426
[2022-07-23T17:04:04.052Z INFO  client] Sending sample transaction 427
[2022-07-23T17:04:04.117Z INFO  client] Sending sample transaction 428
[2022-07-23T17:04:04.118Z INFO  client] Sending sample transaction 429
[2022-07-23T17:04:04.201Z INFO  client] Sending sample transaction 430
[2022-07-23T17:04:04.326Z INFO  client] Sending sample transaction 431
[2022-07-23T17:04:04.404Z INFO  client] Sending sample transaction 432
[2022-07-23T17:04:04.404Z INFO  client] Sending sample transaction 433
[2022-07-23T17:04:04.487Z INFO  client] Sending sample transaction 434
[2022-07-23T17:04:04.497Z INFO  client] Sending sample transaction 435
[2022-07-23T17:04:04.512Z INFO  client] Sending sample transaction 436
[2022-07-23T17:04:04.550Z INFO  client] Sending sample transaction 437
[2022-07-23T17:04:04.579Z INFO  client] Sending sample transaction 438
[2022-07-23T17:04:04.627Z INFO  client] Sending sample transaction 439
[2022-07-23T17:04:04.672Z INFO  client] Sending sample transaction 440
[2022-07-23T17:04:04.720Z INFO  client] Sending sample transaction 441
[2022-07-23T17:04:04.775Z INFO  client] Sending sample transaction 442
[2022-07-23T17:04:04.820Z INFO  client] Sending sample transaction 443
[2022-07-23T17:04:04.867Z INFO  client] Sending sample transaction 444
[2022-07-23T17:04:04.917Z INFO  client] Sending sample transaction 445
[2022-07-23T17:04:04.967Z INFO  client] Sending sample transaction 446
[2022-07-23T17:04:05.017Z INFO  client] Sending sample transaction 447
