[2022-07-23T10:59:25.092Z INFO  client] Node address: 127.0.0.1:9017
[2022-07-23T10:59:25.093Z INFO  client] Transactions size: 512 B
[2022-07-23T10:59:25.093Z INFO  client] Transactions rate: 112 tx/s
[2022-07-23T10:59:25.093Z INFO  client] Waiting for all nodes to be online...
[2022-07-23T10:59:25.093Z INFO  client] Waiting for all nodes to be synchronized...
[2022-07-23T10:59:27.099Z INFO  client] Start sending transactions
[2022-07-23T10:59:27.099Z INFO  client] Sending sample transaction 0
[2022-07-23T10:59:27.151Z INFO  client] Sending sample transaction 1
[2022-07-23T10:59:27.201Z INFO  client] Sending sample transaction 2
[2022-07-23T10:59:27.250Z INFO  client] Sending sample transaction 3
[2022-07-23T10:59:27.301Z INFO  client] Sending sample transaction 4
[2022-07-23T10:59:27.350Z INFO  client] Sending sample transaction 5
[2022-07-23T10:59:27.400Z INFO  client] Sending sample transaction 6
[2022-07-23T10:59:27.457Z INFO  client] Sending sample transaction 7
[2022-07-23T10:59:27.500Z INFO  client] Sending sample transaction 8
[2022-07-23T10:59:27.551Z INFO  client] Sending sample transaction 9
[2022-07-23T10:59:27.600Z INFO  client] Sending sample transaction 10
[2022-07-23T10:59:27.659Z INFO  client] Sending sample transaction 11
[2022-07-23T10:59:27.709Z INFO  client] Sending sample transaction 12
[2022-07-23T10:59:27.796Z INFO  client] Sending sample transaction 13
[2022-07-23T10:59:27.805Z INFO  client] Sending sample transaction 14
[2022-07-23T10:59:27.894Z INFO  client] Sending sample transaction 15
[2022-07-23T10:59:27.946Z INFO  client] Sending sample transaction 16
[2022-07-23T10:59:27.975Z INFO  client] Sending sample transaction 17
[2022-07-23T10:59:28.012Z INFO  client] Sending sample transaction 18
[2022-07-23T10:59:28.075Z INFO  client] Sending sample transaction 19
[2022-07-23T10:59:28.107Z INFO  client] Sending sample transaction 20
[2022-07-23T10:59:28.159Z INFO  client] Sending sample transaction 21
[2022-07-23T10:59:28.201Z INFO  client] Sending sample transaction 22
[2022-07-23T10:59:28.250Z INFO  client] Sending sample transaction 23
[2022-07-23T10:59:28.300Z INFO  client] Sending sample transaction 24
[2022-07-23T10:59:28.350Z INFO  client] Sending sample transaction 25
[2022-07-23T10:59:28.400Z INFO  client] Sending sample transaction 26
[2022-07-23T10:59:28.593Z INFO  client] Sending sample transaction 27
[2022-07-23T10:59:28.595Z WARN  client] Transaction rate too high for this client
[2022-07-23T10:59:28.637Z INFO  client] Sending sample transaction 28
[2022-07-23T10:59:28.639Z INFO  client] Sending sample transaction 29
[2022-07-23T10:59:28.639Z INFO  client] Sending sample transaction 30
[2022-07-23T10:59:28.702Z INFO  client] Sending sample transaction 31
[2022-07-23T10:59:28.729Z INFO  client] Sending sample transaction 32
[2022-07-23T10:59:28.760Z INFO  client] Sending sample transaction 33
[2022-07-23T10:59:28.807Z INFO  client] Sending sample transaction 34
[2022-07-23T10:59:28.856Z INFO  client] Sending sample transaction 35
[2022-07-23T10:59:28.926Z INFO  client] Sending sample transaction 36
[2022-07-23T10:59:28.987Z INFO  client] Sending sample transaction 37
[2022-07-23T10:59:29.011Z INFO  client] Sending sample transaction 38
[2022-07-23T10:59:29.050Z INFO  client] Sending sample transaction 39
[2022-07-23T10:59:29.100Z INFO  client] Sending sample transaction 40
[2022-07-23T10:59:29.150Z INFO  client] Sending sample transaction 41
[2022-07-23T10:59:29.200Z INFO  client] Sending sample transaction 42
[2022-07-23T10:59:29.250Z INFO  client] Sending sample transaction 43
[2022-07-23T10:59:29.300Z INFO  client] Sending sample transaction 44
[2022-07-23T10:59:29.350Z INFO  client] Sending sample transaction 45
[2022-07-23T10:59:29.400Z INFO  client] Sending sample transaction 46
[2022-07-23T10:59:29.450Z INFO  client] Sending sample transaction 47
[2022-07-23T10:59:29.500Z INFO  client] Sending sample transaction 48
[2022-07-23T10:59:29.551Z INFO  client] Sending sample transaction 49
[2022-07-23T10:59:29.599Z INFO  client] Sending sample transaction 50
[2022-07-23T10:59:29.650Z INFO  client] Sending sample transaction 51
[2022-07-23T10:59:29.701Z INFO  client] Sending sample transaction 52
[2022-07-23T10:59:29.750Z INFO  client] Sending sample transaction 53
[2022-07-23T10:59:29.800Z INFO  client] Sending sample transaction 54
[2022-07-23T10:59:29.849Z INFO  client] Sending sample transaction 55
[2022-07-23T10:59:29.900Z INFO  client] Sending sample transaction 56
[2022-07-23T10:59:29.950Z INFO  client] Sending sample transaction 57
[2022-07-23T10:59:30.001Z INFO  client] Sending sample transaction 58
[2022-07-23T10:59:30.050Z INFO  client] Sending sample transaction 59
[2022-07-23T10:59:30.136Z INFO  client] Sending sample transaction 60
[2022-07-23T10:59:30.188Z INFO  client] Sending sample transaction 61
[2022-07-23T10:59:30.207Z INFO  client] Sending sample transaction 62
[2022-07-23T10:59:30.251Z INFO  client] Sending sample transaction 63
[2022-07-23T10:59:30.300Z INFO  client] Sending sample transaction 64
[2022-07-23T10:59:30.350Z INFO  client] Sending sample transaction 65
[2022-07-23T10:59:30.400Z INFO  client] Sending sample transaction 66
[2022-07-23T10:59:30.450Z INFO  client] Sending sample transaction 67
[2022-07-23T10:59:30.502Z INFO  client] Sending sample transaction 68
[2022-07-23T10:59:30.551Z INFO  client] Sending sample transaction 69
[2022-07-23T10:59:30.601Z INFO  client] Sending sample transaction 70
[2022-07-23T10:59:30.650Z INFO  client] Sending sample transaction 71
[2022-07-23T10:59:30.702Z INFO  client] Sending sample transaction 72
[2022-07-23T10:59:30.750Z INFO  client] Sending sample transaction 73
[2022-07-23T10:59:30.801Z INFO  client] Sending sample transaction 74
[2022-07-23T10:59:30.850Z INFO  client] Sending sample transaction 75
[2022-07-23T10:59:30.900Z INFO  client] Sending sample transaction 76
[2022-07-23T10:59:30.958Z INFO  client] Sending sample transaction 77
[2022-07-23T10:59:31.028Z INFO  client] Sending sample transaction 78
[2022-07-23T10:59:31.052Z INFO  client] Sending sample transaction 79
[2022-07-23T10:59:31.113Z INFO  client] Sending sample transaction 80
[2022-07-23T10:59:31.158Z INFO  client] Sending sample transaction 81
[2022-07-23T10:59:31.200Z INFO  client] Sending sample transaction 82
[2022-07-23T10:59:31.250Z INFO  client] Sending sample transaction 83
[2022-07-23T10:59:31.300Z INFO  client] Sending sample transaction 84
[2022-07-23T10:59:31.350Z INFO  client] Sending sample transaction 85
[2022-07-23T10:59:31.402Z INFO  client] Sending sample transaction 86
[2022-07-23T10:59:31.450Z INFO  client] Sending sample transaction 87
[2022-07-23T10:59:31.501Z INFO  client] Sending sample transaction 88
[2022-07-23T10:59:31.551Z INFO  client] Sending sample transaction 89
[2022-07-23T10:59:31.599Z INFO  client] Sending sample transaction 90
[2022-07-23T10:59:31.650Z INFO  client] Sending sample transaction 91
[2022-07-23T10:59:31.701Z INFO  client] Sending sample transaction 92
[2022-07-23T10:59:31.750Z INFO  client] Sending sample transaction 93
[2022-07-23T10:59:31.800Z INFO  client] Sending sample transaction 94
[2022-07-23T10:59:31.850Z INFO  client] Sending sample transaction 95
[2022-07-23T10:59:31.901Z INFO  client] Sending sample transaction 96
[2022-07-23T10:59:31.950Z INFO  client] Sending sample transaction 97
[2022-07-23T10:59:32.002Z INFO  client] Sending sample transaction 98
[2022-07-23T10:59:32.050Z INFO  client] Sending sample transaction 99
[2022-07-23T10:59:32.101Z INFO  client] Sending sample transaction 100
[2022-07-23T10:59:32.150Z INFO  client] Sending sample transaction 101
[2022-07-23T10:59:32.222Z INFO  client] Sending sample transaction 102
[2022-07-23T10:59:32.251Z INFO  client] Sending sample transaction 103
[2022-07-23T10:59:32.301Z INFO  client] Sending sample transaction 104
[2022-07-23T10:59:32.349Z INFO  client] Sending sample transaction 105
[2022-07-23T10:59:32.400Z INFO  client] Sending sample transaction 106
[2022-07-23T10:59:32.450Z INFO  client] Sending sample transaction 107
[2022-07-23T10:59:32.501Z INFO  client] Sending sample transaction 108
[2022-07-23T10:59:32.551Z INFO  client] Sending sample transaction 109
[2022-07-23T10:59:32.601Z INFO  client] Sending sample transaction 110
[2022-07-23T10:59:32.650Z INFO  client] Sending sample transaction 111
[2022-07-23T10:59:32.700Z INFO  client] Sending sample transaction 112
[2022-07-23T10:59:32.750Z INFO  client] Sending sample transaction 113
[2022-07-23T10:59:32.800Z INFO  client] Sending sample transaction 114
[2022-07-23T10:59:32.849Z INFO  client] Sending sample transaction 115
[2022-07-23T10:59:32.900Z INFO  client] Sending sample transaction 116
[2022-07-23T10:59:32.951Z INFO  client] Sending sample transaction 117
[2022-07-23T10:59:33.000Z INFO  client] Sending sample transaction 118
[2022-07-23T10:59:33.050Z INFO  client] Sending sample transaction 119
[2022-07-23T10:59:33.099Z INFO  client] Sending sample transaction 120
[2022-07-23T10:59:33.152Z INFO  client] Sending sample transaction 121
[2022-07-23T10:59:33.200Z INFO  client] Sending sample transaction 122
[2022-07-23T10:59:33.259Z INFO  client] Sending sample transaction 123
[2022-07-23T10:59:33.300Z INFO  client] Sending sample transaction 124
[2022-07-23T10:59:33.350Z INFO  client] Sending sample transaction 125
[2022-07-23T10:59:33.400Z INFO  client] Sending sample transaction 126
[2022-07-23T10:59:33.449Z INFO  client] Sending sample transaction 127
[2022-07-23T10:59:33.500Z INFO  client] Sending sample transaction 128
[2022-07-23T10:59:33.550Z INFO  client] Sending sample transaction 129
[2022-07-23T10:59:33.599Z INFO  client] Sending sample transaction 130
[2022-07-23T10:59:33.649Z INFO  client] Sending sample transaction 131
[2022-07-23T10:59:33.700Z INFO  client] Sending sample transaction 132
[2022-07-23T10:59:33.750Z INFO  client] Sending sample transaction 133
[2022-07-23T10:59:33.800Z INFO  client] Sending sample transaction 134
[2022-07-23T10:59:33.851Z INFO  client] Sending sample transaction 135
[2022-07-23T10:59:33.900Z INFO  client] Sending sample transaction 136
[2022-07-23T10:59:33.951Z INFO  client] Sending sample transaction 137
[2022-07-23T10:59:34.000Z INFO  client] Sending sample transaction 138
[2022-07-23T10:59:34.051Z INFO  client] Sending sample transaction 139
[2022-07-23T10:59:34.101Z INFO  client] Sending sample transaction 140
[2022-07-23T10:59:34.149Z INFO  client] Sending sample transaction 141
[2022-07-23T10:59:34.200Z INFO  client] Sending sample transaction 142
[2022-07-23T10:59:34.250Z INFO  client] Sending sample transaction 143
[2022-07-23T10:59:34.307Z INFO  client] Sending sample transaction 144
[2022-07-23T10:59:34.349Z INFO  client] Sending sample transaction 145
[2022-07-23T10:59:34.400Z INFO  client] Sending sample transaction 146
[2022-07-23T10:59:34.451Z INFO  client] Sending sample transaction 147
[2022-07-23T10:59:34.500Z INFO  client] Sending sample transaction 148
[2022-07-23T10:59:34.549Z INFO  client] Sending sample transaction 149
[2022-07-23T10:59:34.600Z INFO  client] Sending sample transaction 150
[2022-07-23T10:59:34.650Z INFO  client] Sending sample transaction 151
[2022-07-23T10:59:34.700Z INFO  client] Sending sample transaction 152
[2022-07-23T10:59:34.750Z INFO  client] Sending sample transaction 153
[2022-07-23T10:59:34.801Z INFO  client] Sending sample transaction 154
[2022-07-23T10:59:34.849Z INFO  client] Sending sample transaction 155
[2022-07-23T10:59:34.901Z INFO  client] Sending sample transaction 156
[2022-07-23T10:59:34.950Z INFO  client] Sending sample transaction 157
[2022-07-23T10:59:35.000Z INFO  client] Sending sample transaction 158
[2022-07-23T10:59:35.050Z INFO  client] Sending sample transaction 159
[2022-07-23T10:59:35.099Z INFO  client] Sending sample transaction 160
[2022-07-23T10:59:35.150Z INFO  client] Sending sample transaction 161
[2022-07-23T10:59:35.200Z INFO  client] Sending sample transaction 162
[2022-07-23T10:59:35.250Z INFO  client] Sending sample transaction 163
[2022-07-23T10:59:35.300Z INFO  client] Sending sample transaction 164
[2022-07-23T10:59:35.354Z INFO  client] Sending sample transaction 165
[2022-07-23T10:59:35.403Z INFO  client] Sending sample transaction 166
[2022-07-23T10:59:35.450Z INFO  client] Sending sample transaction 167
[2022-07-23T10:59:35.500Z INFO  client] Sending sample transaction 168
[2022-07-23T10:59:35.552Z INFO  client] Sending sample transaction 169
[2022-07-23T10:59:35.600Z INFO  client] Sending sample transaction 170
[2022-07-23T10:59:35.650Z INFO  client] Sending sample transaction 171
[2022-07-23T10:59:35.700Z INFO  client] Sending sample transaction 172
[2022-07-23T10:59:35.751Z INFO  client] Sending sample transaction 173
[2022-07-23T10:59:35.801Z INFO  client] Sending sample transaction 174
[2022-07-23T10:59:35.850Z INFO  client] Sending sample transaction 175
[2022-07-23T10:59:35.899Z INFO  client] Sending sample transaction 176
[2022-07-23T10:59:35.950Z INFO  client] Sending sample transaction 177
[2022-07-23T10:59:36.000Z INFO  client] Sending sample transaction 178
[2022-07-23T10:59:36.050Z INFO  client] Sending sample transaction 179
[2022-07-23T10:59:36.100Z INFO  client] Sending sample transaction 180
[2022-07-23T10:59:36.150Z INFO  client] Sending sample transaction 181
[2022-07-23T10:59:36.199Z INFO  client] Sending sample transaction 182
[2022-07-23T10:59:36.250Z INFO  client] Sending sample transaction 183
[2022-07-23T10:59:36.301Z INFO  client] Sending sample transaction 184
[2022-07-23T10:59:36.350Z INFO  client] Sending sample transaction 185
[2022-07-23T10:59:36.400Z INFO  client] Sending sample transaction 186
[2022-07-23T10:59:36.450Z INFO  client] Sending sample transaction 187
[2022-07-23T10:59:36.500Z INFO  client] Sending sample transaction 188
[2022-07-23T10:59:36.550Z INFO  client] Sending sample transaction 189
[2022-07-23T10:59:36.600Z INFO  client] Sending sample transaction 190
[2022-07-23T10:59:36.650Z INFO  client] Sending sample transaction 191
[2022-07-23T10:59:36.700Z INFO  client] Sending sample transaction 192
[2022-07-23T10:59:36.750Z INFO  client] Sending sample transaction 193
[2022-07-23T10:59:36.800Z INFO  client] Sending sample transaction 194
[2022-07-23T10:59:36.850Z INFO  client] Sending sample transaction 195
[2022-07-23T10:59:36.899Z INFO  client] Sending sample transaction 196
[2022-07-23T10:59:36.951Z INFO  client] Sending sample transaction 197
[2022-07-23T10:59:37.000Z INFO  client] Sending sample transaction 198
[2022-07-23T10:59:37.050Z INFO  client] Sending sample transaction 199
[2022-07-23T10:59:37.099Z INFO  client] Sending sample transaction 200
[2022-07-23T10:59:37.150Z INFO  client] Sending sample transaction 201
[2022-07-23T10:59:37.199Z INFO  client] Sending sample transaction 202
[2022-07-23T10:59:37.250Z INFO  client] Sending sample transaction 203
[2022-07-23T10:59:37.301Z INFO  client] Sending sample transaction 204
[2022-07-23T10:59:37.349Z INFO  client] Sending sample transaction 205
[2022-07-23T10:59:37.404Z INFO  client] Sending sample transaction 206
[2022-07-23T10:59:37.459Z INFO  client] Sending sample transaction 207
[2022-07-23T10:59:37.500Z INFO  client] Sending sample transaction 208
[2022-07-23T10:59:37.551Z INFO  client] Sending sample transaction 209
[2022-07-23T10:59:37.600Z INFO  client] Sending sample transaction 210
[2022-07-23T10:59:37.650Z INFO  client] Sending sample transaction 211
[2022-07-23T10:59:37.700Z INFO  client] Sending sample transaction 212
[2022-07-23T10:59:37.750Z INFO  client] Sending sample transaction 213
[2022-07-23T10:59:37.800Z INFO  client] Sending sample transaction 214
[2022-07-23T10:59:37.849Z INFO  client] Sending sample transaction 215
[2022-07-23T10:59:37.900Z INFO  client] Sending sample transaction 216
[2022-07-23T10:59:37.950Z INFO  client] Sending sample transaction 217
[2022-07-23T10:59:38.002Z INFO  client] Sending sample transaction 218
[2022-07-23T10:59:38.050Z INFO  client] Sending sample transaction 219
[2022-07-23T10:59:38.100Z INFO  client] Sending sample transaction 220
[2022-07-23T10:59:38.150Z INFO  client] Sending sample transaction 221
[2022-07-23T10:59:38.199Z INFO  client] Sending sample transaction 222
[2022-07-23T10:59:38.250Z INFO  client] Sending sample transaction 223
[2022-07-23T10:59:38.301Z INFO  client] Sending sample transaction 224
[2022-07-23T10:59:38.350Z INFO  client] Sending sample transaction 225
[2022-07-23T10:59:38.400Z INFO  client] Sending sample transaction 226
[2022-07-23T10:59:38.450Z INFO  client] Sending sample transaction 227
[2022-07-23T10:59:38.520Z INFO  client] Sending sample transaction 228
[2022-07-23T10:59:38.550Z INFO  client] Sending sample transaction 229
[2022-07-23T10:59:38.600Z INFO  client] Sending sample transaction 230
[2022-07-23T10:59:38.650Z INFO  client] Sending sample transaction 231
[2022-07-23T10:59:38.700Z INFO  client] Sending sample transaction 232
[2022-07-23T10:59:38.750Z INFO  client] Sending sample transaction 233
[2022-07-23T10:59:38.800Z INFO  client] Sending sample transaction 234
[2022-07-23T10:59:38.849Z INFO  client] Sending sample transaction 235
[2022-07-23T10:59:38.900Z INFO  client] Sending sample transaction 236
[2022-07-23T10:59:38.950Z INFO  client] Sending sample transaction 237
[2022-07-23T10:59:39.000Z INFO  client] Sending sample transaction 238
[2022-07-23T10:59:39.049Z INFO  client] Sending sample transaction 239
[2022-07-23T10:59:39.100Z INFO  client] Sending sample transaction 240
[2022-07-23T10:59:39.150Z INFO  client] Sending sample transaction 241
[2022-07-23T10:59:39.199Z INFO  client] Sending sample transaction 242
[2022-07-23T10:59:39.250Z INFO  client] Sending sample transaction 243
[2022-07-23T10:59:39.300Z INFO  client] Sending sample transaction 244
[2022-07-23T10:59:39.349Z INFO  client] Sending sample transaction 245
[2022-07-23T10:59:39.400Z INFO  client] Sending sample transaction 246
[2022-07-23T10:59:39.450Z INFO  client] Sending sample transaction 247
[2022-07-23T10:59:39.501Z INFO  client] Sending sample transaction 248
[2022-07-23T10:59:39.549Z INFO  client] Sending sample transaction 249
[2022-07-23T10:59:39.600Z INFO  client] Sending sample transaction 250
[2022-07-23T10:59:39.650Z INFO  client] Sending sample transaction 251
[2022-07-23T10:59:39.700Z INFO  client] Sending sample transaction 252
[2022-07-23T10:59:39.750Z INFO  client] Sending sample transaction 253
[2022-07-23T10:59:39.800Z INFO  client] Sending sample transaction 254
[2022-07-23T10:59:39.850Z INFO  client] Sending sample transaction 255
[2022-07-23T10:59:39.900Z INFO  client] Sending sample transaction 256
[2022-07-23T10:59:39.950Z INFO  client] Sending sample transaction 257
[2022-07-23T10:59:40.000Z INFO  client] Sending sample transaction 258
[2022-07-23T10:59:40.050Z INFO  client] Sending sample transaction 259
[2022-07-23T10:59:40.099Z INFO  client] Sending sample transaction 260
[2022-07-23T10:59:40.151Z INFO  client] Sending sample transaction 261
[2022-07-23T10:59:40.200Z INFO  client] Sending sample transaction 262
[2022-07-23T10:59:40.250Z INFO  client] Sending sample transaction 263
[2022-07-23T10:59:40.301Z INFO  client] Sending sample transaction 264
[2022-07-23T10:59:40.350Z INFO  client] Sending sample transaction 265
[2022-07-23T10:59:40.400Z INFO  client] Sending sample transaction 266
[2022-07-23T10:59:40.450Z INFO  client] Sending sample transaction 267
[2022-07-23T10:59:40.500Z INFO  client] Sending sample transaction 268
[2022-07-23T10:59:40.609Z INFO  client] Sending sample transaction 269
[2022-07-23T10:59:40.635Z INFO  client] Sending sample transaction 270
[2022-07-23T10:59:40.708Z INFO  client] Sending sample transaction 271
[2022-07-23T10:59:40.795Z INFO  client] Sending sample transaction 272
[2022-07-23T10:59:40.795Z INFO  client] Sending sample transaction 273
[2022-07-23T10:59:40.819Z INFO  client] Sending sample transaction 274
[2022-07-23T10:59:40.860Z INFO  client] Sending sample transaction 275
[2022-07-23T10:59:40.904Z INFO  client] Sending sample transaction 276
[2022-07-23T10:59:40.952Z INFO  client] Sending sample transaction 277
[2022-07-23T10:59:41.008Z INFO  client] Sending sample transaction 278
[2022-07-23T10:59:41.059Z INFO  client] Sending sample transaction 279
[2022-07-23T10:59:41.100Z INFO  client] Sending sample transaction 280
[2022-07-23T10:59:41.150Z INFO  client] Sending sample transaction 281
[2022-07-23T10:59:41.200Z INFO  client] Sending sample transaction 282
[2022-07-23T10:59:41.250Z INFO  client] Sending sample transaction 283
[2022-07-23T10:59:41.301Z INFO  client] Sending sample transaction 284
[2022-07-23T10:59:41.350Z INFO  client] Sending sample transaction 285
[2022-07-23T10:59:41.400Z INFO  client] Sending sample transaction 286
[2022-07-23T10:59:41.451Z INFO  client] Sending sample transaction 287
[2022-07-23T10:59:41.501Z INFO  client] Sending sample transaction 288
[2022-07-23T10:59:41.552Z INFO  client] Sending sample transaction 289
[2022-07-23T10:59:41.641Z INFO  client] Sending sample transaction 290
[2022-07-23T10:59:41.704Z INFO  client] Sending sample transaction 291
[2022-07-23T10:59:41.725Z INFO  client] Sending sample transaction 292
[2022-07-23T10:59:41.750Z INFO  client] Sending sample transaction 293
[2022-07-23T10:59:41.803Z INFO  client] Sending sample transaction 294
[2022-07-23T10:59:41.850Z INFO  client] Sending sample transaction 295
[2022-07-23T10:59:41.901Z INFO  client] Sending sample transaction 296
[2022-07-23T10:59:41.968Z INFO  client] Sending sample transaction 297
[2022-07-23T10:59:42.072Z INFO  client] Sending sample transaction 298
[2022-07-23T10:59:42.097Z INFO  client] Sending sample transaction 299
[2022-07-23T10:59:42.101Z INFO  client] Sending sample transaction 300
[2022-07-23T10:59:42.150Z INFO  client] Sending sample transaction 301
[2022-07-23T10:59:42.208Z INFO  client] Sending sample transaction 302
[2022-07-23T10:59:42.250Z INFO  client] Sending sample transaction 303
[2022-07-23T10:59:42.301Z INFO  client] Sending sample transaction 304
[2022-07-23T10:59:42.350Z INFO  client] Sending sample transaction 305
[2022-07-23T10:59:42.399Z INFO  client] Sending sample transaction 306
[2022-07-23T10:59:42.537Z INFO  client] Sending sample transaction 307
[2022-07-23T10:59:42.538Z INFO  client] Sending sample transaction 308
[2022-07-23T10:59:42.574Z INFO  client] Sending sample transaction 309
[2022-07-23T10:59:42.602Z INFO  client] Sending sample transaction 310
[2022-07-23T10:59:42.653Z INFO  client] Sending sample transaction 311
[2022-07-23T10:59:42.700Z INFO  client] Sending sample transaction 312
[2022-07-23T10:59:42.750Z INFO  client] Sending sample transaction 313
[2022-07-23T10:59:42.800Z INFO  client] Sending sample transaction 314
[2022-07-23T10:59:42.850Z INFO  client] Sending sample transaction 315
[2022-07-23T10:59:42.900Z INFO  client] Sending sample transaction 316
[2022-07-23T10:59:42.949Z INFO  client] Sending sample transaction 317
[2022-07-23T10:59:43.001Z INFO  client] Sending sample transaction 318
[2022-07-23T10:59:43.099Z INFO  client] Sending sample transaction 319
[2022-07-23T10:59:43.122Z INFO  client] Sending sample transaction 320
[2022-07-23T10:59:43.155Z INFO  client] Sending sample transaction 321
[2022-07-23T10:59:43.200Z INFO  client] Sending sample transaction 322
[2022-07-23T10:59:43.250Z INFO  client] Sending sample transaction 323
[2022-07-23T10:59:43.301Z INFO  client] Sending sample transaction 324
[2022-07-23T10:59:43.350Z INFO  client] Sending sample transaction 325
[2022-07-23T10:59:43.400Z INFO  client] Sending sample transaction 326
[2022-07-23T10:59:43.449Z INFO  client] Sending sample transaction 327
[2022-07-23T10:59:43.501Z INFO  client] Sending sample transaction 328
[2022-07-23T10:59:43.550Z INFO  client] Sending sample transaction 329
[2022-07-23T10:59:43.600Z INFO  client] Sending sample transaction 330
[2022-07-23T10:59:43.657Z INFO  client] Sending sample transaction 331
[2022-07-23T10:59:43.712Z INFO  client] Sending sample transaction 332
[2022-07-23T10:59:43.756Z INFO  client] Sending sample transaction 333
[2022-07-23T10:59:43.802Z INFO  client] Sending sample transaction 334
[2022-07-23T10:59:43.850Z INFO  client] Sending sample transaction 335
[2022-07-23T10:59:43.916Z INFO  client] Sending sample transaction 336
[2022-07-23T10:59:43.951Z INFO  client] Sending sample transaction 337
[2022-07-23T10:59:44.000Z INFO  client] Sending sample transaction 338
[2022-07-23T10:59:44.050Z INFO  client] Sending sample transaction 339
[2022-07-23T10:59:44.100Z INFO  client] Sending sample transaction 340
[2022-07-23T10:59:44.150Z INFO  client] Sending sample transaction 341
[2022-07-23T10:59:44.201Z INFO  client] Sending sample transaction 342
[2022-07-23T10:59:44.250Z INFO  client] Sending sample transaction 343
[2022-07-23T10:59:44.301Z INFO  client] Sending sample transaction 344
[2022-07-23T10:59:44.350Z INFO  client] Sending sample transaction 345
[2022-07-23T10:59:44.400Z INFO  client] Sending sample transaction 346
[2022-07-23T10:59:44.450Z INFO  client] Sending sample transaction 347
[2022-07-23T10:59:44.500Z INFO  client] Sending sample transaction 348
[2022-07-23T10:59:44.552Z INFO  client] Sending sample transaction 349
[2022-07-23T10:59:44.600Z INFO  client] Sending sample transaction 350
[2022-07-23T10:59:44.651Z INFO  client] Sending sample transaction 351
[2022-07-23T10:59:44.700Z INFO  client] Sending sample transaction 352
[2022-07-23T10:59:44.750Z INFO  client] Sending sample transaction 353
[2022-07-23T10:59:44.800Z INFO  client] Sending sample transaction 354
[2022-07-23T10:59:44.851Z INFO  client] Sending sample transaction 355
[2022-07-23T10:59:44.900Z INFO  client] Sending sample transaction 356
[2022-07-23T10:59:44.950Z INFO  client] Sending sample transaction 357
[2022-07-23T10:59:45.000Z INFO  client] Sending sample transaction 358
[2022-07-23T10:59:45.050Z INFO  client] Sending sample transaction 359
[2022-07-23T10:59:45.099Z INFO  client] Sending sample transaction 360
[2022-07-23T10:59:45.150Z INFO  client] Sending sample transaction 361
[2022-07-23T10:59:45.202Z INFO  client] Sending sample transaction 362
[2022-07-23T10:59:45.251Z INFO  client] Sending sample transaction 363
[2022-07-23T10:59:45.299Z INFO  client] Sending sample transaction 364
[2022-07-23T10:59:45.351Z INFO  client] Sending sample transaction 365
[2022-07-23T10:59:45.400Z INFO  client] Sending sample transaction 366
[2022-07-23T10:59:45.450Z INFO  client] Sending sample transaction 367
[2022-07-23T10:59:45.500Z INFO  client] Sending sample transaction 368
[2022-07-23T10:59:45.549Z INFO  client] Sending sample transaction 369
[2022-07-23T10:59:45.600Z INFO  client] Sending sample transaction 370
[2022-07-23T10:59:45.650Z INFO  client] Sending sample transaction 371
[2022-07-23T10:59:45.700Z INFO  client] Sending sample transaction 372
[2022-07-23T10:59:45.750Z INFO  client] Sending sample transaction 373
[2022-07-23T10:59:45.800Z INFO  client] Sending sample transaction 374
[2022-07-23T10:59:45.850Z INFO  client] Sending sample transaction 375
[2022-07-23T10:59:45.900Z INFO  client] Sending sample transaction 376
[2022-07-23T10:59:45.950Z INFO  client] Sending sample transaction 377
[2022-07-23T10:59:46.000Z INFO  client] Sending sample transaction 378
[2022-07-23T10:59:46.050Z INFO  client] Sending sample transaction 379
[2022-07-23T10:59:46.099Z INFO  client] Sending sample transaction 380
[2022-07-23T10:59:46.151Z INFO  client] Sending sample transaction 381
[2022-07-23T10:59:46.201Z INFO  client] Sending sample transaction 382
[2022-07-23T10:59:46.250Z INFO  client] Sending sample transaction 383
[2022-07-23T10:59:46.300Z INFO  client] Sending sample transaction 384
[2022-07-23T10:59:46.350Z INFO  client] Sending sample transaction 385
[2022-07-23T10:59:46.400Z INFO  client] Sending sample transaction 386
[2022-07-23T10:59:46.450Z INFO  client] Sending sample transaction 387
[2022-07-23T10:59:46.500Z INFO  client] Sending sample transaction 388
[2022-07-23T10:59:46.550Z INFO  client] Sending sample transaction 389
[2022-07-23T10:59:46.599Z INFO  client] Sending sample transaction 390
[2022-07-23T10:59:46.650Z INFO  client] Sending sample transaction 391
[2022-07-23T10:59:46.701Z INFO  client] Sending sample transaction 392
[2022-07-23T10:59:46.750Z INFO  client] Sending sample transaction 393
[2022-07-23T10:59:46.800Z INFO  client] Sending sample transaction 394
[2022-07-23T10:59:46.850Z INFO  client] Sending sample transaction 395
[2022-07-23T10:59:46.900Z INFO  client] Sending sample transaction 396
[2022-07-23T10:59:46.949Z INFO  client] Sending sample transaction 397
[2022-07-23T10:59:47.000Z INFO  client] Sending sample transaction 398
[2022-07-23T10:59:47.051Z INFO  client] Sending sample transaction 399
[2022-07-23T10:59:47.100Z INFO  client] Sending sample transaction 400
[2022-07-23T10:59:47.150Z INFO  client] Sending sample transaction 401
[2022-07-23T10:59:47.200Z INFO  client] Sending sample transaction 402
[2022-07-23T10:59:47.251Z INFO  client] Sending sample transaction 403
[2022-07-23T10:59:47.306Z INFO  client] Sending sample transaction 404
[2022-07-23T10:59:47.349Z INFO  client] Sending sample transaction 405
[2022-07-23T10:59:47.400Z INFO  client] Sending sample transaction 406
[2022-07-23T10:59:47.450Z INFO  client] Sending sample transaction 407
[2022-07-23T10:59:47.499Z INFO  client] Sending sample transaction 408
[2022-07-23T10:59:47.551Z INFO  client] Sending sample transaction 409
[2022-07-23T10:59:47.600Z INFO  client] Sending sample transaction 410
[2022-07-23T10:59:47.650Z INFO  client] Sending sample transaction 411
[2022-07-23T10:59:47.700Z INFO  client] Sending sample transaction 412
[2022-07-23T10:59:47.750Z INFO  client] Sending sample transaction 413
[2022-07-23T10:59:47.800Z INFO  client] Sending sample transaction 414
[2022-07-23T10:59:47.850Z INFO  client] Sending sample transaction 415
[2022-07-23T10:59:47.901Z INFO  client] Sending sample transaction 416
[2022-07-23T10:59:47.950Z INFO  client] Sending sample transaction 417
[2022-07-23T10:59:48.000Z INFO  client] Sending sample transaction 418
[2022-07-23T10:59:48.050Z INFO  client] Sending sample transaction 419
[2022-07-23T10:59:48.100Z INFO  client] Sending sample transaction 420
[2022-07-23T10:59:48.149Z INFO  client] Sending sample transaction 421
[2022-07-23T10:59:48.200Z INFO  client] Sending sample transaction 422
[2022-07-23T10:59:48.249Z INFO  client] Sending sample transaction 423
[2022-07-23T10:59:48.300Z INFO  client] Sending sample transaction 424
[2022-07-23T10:59:48.350Z INFO  client] Sending sample transaction 425
[2022-07-23T10:59:48.402Z INFO  client] Sending sample transaction 426
[2022-07-23T10:59:48.450Z INFO  client] Sending sample transaction 427
[2022-07-23T10:59:48.500Z INFO  client] Sending sample transaction 428
[2022-07-23T10:59:48.550Z INFO  client] Sending sample transaction 429
[2022-07-23T10:59:48.600Z INFO  client] Sending sample transaction 430
[2022-07-23T10:59:48.650Z INFO  client] Sending sample transaction 431
[2022-07-23T10:59:48.701Z INFO  client] Sending sample transaction 432
[2022-07-23T10:59:48.750Z INFO  client] Sending sample transaction 433
[2022-07-23T10:59:48.801Z INFO  client] Sending sample transaction 434
[2022-07-23T10:59:48.850Z INFO  client] Sending sample transaction 435
[2022-07-23T10:59:48.900Z INFO  client] Sending sample transaction 436
