[2022-07-23T16:00:44.830Z INFO  client] Node address: 127.0.0.1:9010
[2022-07-23T16:00:44.830Z INFO  client] Transactions size: 512 B
[2022-07-23T16:00:44.830Z INFO  client] Transactions rate: 112 tx/s
[2022-07-23T16:00:44.830Z INFO  client] Waiting for all nodes to be online...
[2022-07-23T16:00:44.830Z INFO  client] Waiting for all nodes to be synchronized...
[2022-07-23T16:00:46.837Z INFO  client] Start sending transactions
[2022-07-23T16:00:46.839Z INFO  client] Sending sample transaction 0
[2022-07-23T16:00:46.891Z INFO  client] Sending sample transaction 1
[2022-07-23T16:00:46.975Z INFO  client] Sending sample transaction 2
[2022-07-23T16:00:47.007Z INFO  client] Sending sample transaction 3
[2022-07-23T16:00:47.078Z INFO  client] Sending sample transaction 4
[2022-07-23T16:00:47.123Z INFO  client] Sending sample transaction 5
[2022-07-23T16:00:47.144Z INFO  client] Sending sample transaction 6
[2022-07-23T16:00:47.191Z INFO  client] Sending sample transaction 7
[2022-07-23T16:00:47.242Z INFO  client] Sending sample transaction 8
[2022-07-23T16:00:47.289Z INFO  client] Sending sample transaction 9
[2022-07-23T16:00:47.338Z INFO  client] Sending sample transaction 10
[2022-07-23T16:00:47.390Z INFO  client] Sending sample transaction 11
[2022-07-23T16:00:47.440Z INFO  client] Sending sample transaction 12
[2022-07-23T16:00:47.491Z INFO  client] Sending sample transaction 13
[2022-07-23T16:00:47.541Z INFO  client] Sending sample transaction 14
[2022-07-23T16:00:47.589Z INFO  client] Sending sample transaction 15
[2022-07-23T16:00:47.639Z INFO  client] Sending sample transaction 16
[2022-07-23T16:00:47.690Z INFO  client] Sending sample transaction 17
[2022-07-23T16:00:47.740Z INFO  client] Sending sample transaction 18
[2022-07-23T16:00:47.790Z INFO  client] Sending sample transaction 19
[2022-07-23T16:00:47.842Z INFO  client] Sending sample transaction 20
[2022-07-23T16:00:47.891Z INFO  client] Sending sample transaction 21
[2022-07-23T16:00:47.939Z INFO  client] Sending sample transaction 22
[2022-07-23T16:00:47.991Z INFO  client] Sending sample transaction 23
[2022-07-23T16:00:48.040Z INFO  client] Sending sample transaction 24
[2022-07-23T16:00:48.088Z INFO  client] Sending sample transaction 25
[2022-07-23T16:00:48.140Z INFO  client] Sending sample transaction 26
[2022-07-23T16:00:48.190Z INFO  client] Sending sample transaction 27
[2022-07-23T16:00:48.239Z INFO  client] Sending sample transaction 28
[2022-07-23T16:00:48.290Z INFO  client] Sending sample transaction 29
[2022-07-23T16:00:48.339Z INFO  client] Sending sample transaction 30
[2022-07-23T16:00:48.389Z INFO  client] Sending sample transaction 31
[2022-07-23T16:00:48.440Z INFO  client] Sending sample transaction 32
[2022-07-23T16:00:48.490Z INFO  client] Sending sample transaction 33
[2022-07-23T16:00:48.540Z INFO  client] Sending sample transaction 34
[2022-07-23T16:00:48.589Z INFO  client] Sending sample transaction 35
[2022-07-23T16:00:48.639Z INFO  client] Sending sample transaction 36
[2022-07-23T16:00:48.691Z INFO  client] Sending sample transaction 37
[2022-07-23T16:00:48.740Z INFO  client] Sending sample transaction 38
[2022-07-23T16:00:48.790Z INFO  client] Sending sample transaction 39
[2022-07-23T16:00:48.838Z INFO  client] Sending sample transaction 40
[2022-07-23T16:00:48.889Z INFO  client] Sending sample transaction 41
[2022-07-23T16:00:48.940Z INFO  client] Sending sample transaction 42
[2022-07-23T16:00:48.995Z INFO  client] Sending sample transaction 43
[2022-07-23T16:00:49.040Z INFO  client] Sending sample transaction 44
[2022-07-23T16:00:49.088Z INFO  client] Sending sample transaction 45
[2022-07-23T16:00:49.139Z INFO  client] Sending sample transaction 46
[2022-07-23T16:00:49.198Z INFO  client] Sending sample transaction 47
[2022-07-23T16:00:49.242Z INFO  client] Sending sample transaction 48
[2022-07-23T16:00:49.291Z INFO  client] Sending sample transaction 49
[2022-07-23T16:00:49.342Z INFO  client] Sending sample transaction 50
[2022-07-23T16:00:49.390Z INFO  client] Sending sample transaction 51
[2022-07-23T16:00:49.441Z INFO  client] Sending sample transaction 52
[2022-07-23T16:00:49.490Z INFO  client] Sending sample transaction 53
[2022-07-23T16:00:49.539Z INFO  client] Sending sample transaction 54
[2022-07-23T16:00:49.589Z INFO  client] Sending sample transaction 55
[2022-07-23T16:00:49.648Z INFO  client] Sending sample transaction 56
[2022-07-23T16:00:49.692Z INFO  client] Sending sample transaction 57
[2022-07-23T16:00:49.745Z INFO  client] Sending sample transaction 58
[2022-07-23T16:00:49.790Z INFO  client] Sending sample transaction 59
[2022-07-23T16:00:49.838Z INFO  client] Sending sample transaction 60
[2022-07-23T16:00:49.894Z INFO  client] Sending sample transaction 61
[2022-07-23T16:00:49.939Z INFO  client] Sending sample transaction 62
[2022-07-23T16:00:50.014Z INFO  client] Sending sample transaction 63
[2022-07-23T16:00:50.060Z INFO  client] Sending sample transaction 64
[2022-07-23T16:00:50.113Z INFO  client] Sending sample transaction 65
[2022-07-23T16:00:50.155Z INFO  client] Sending sample transaction 66
[2022-07-23T16:00:50.210Z INFO  client] Sending sample transaction 67
[2022-07-23T16:00:50.265Z INFO  client] Sending sample transaction 68
[2022-07-23T16:00:50.308Z INFO  client] Sending sample transaction 69
[2022-07-23T16:00:50.356Z INFO  client] Sending sample transaction 70
[2022-07-23T16:00:50.405Z INFO  client] Sending sample transaction 71
[2022-07-23T16:00:50.440Z INFO  client] Sending sample transaction 72
[2022-07-23T16:00:50.490Z INFO  client] Sending sample transaction 73
[2022-07-23T16:00:50.540Z INFO  client] Sending sample transaction 74
[2022-07-23T16:00:50.589Z INFO  client] Sending sample transaction 75
[2022-07-23T16:00:50.641Z INFO  client] Sending sample transaction 76
[2022-07-23T16:00:50.690Z INFO  client] Sending sample transaction 77
[2022-07-23T16:00:50.739Z INFO  client] Sending sample transaction 78
[2022-07-23T16:00:50.789Z INFO  client] Sending sample transaction 79
[2022-07-23T16:00:50.840Z INFO  client] Sending sample transaction 80
[2022-07-23T16:00:50.889Z INFO  client] Sending sample transaction 81
[2022-07-23T16:00:50.939Z INFO  client] Sending sample transaction 82
[2022-07-23T16:00:50.990Z INFO  client] Sending sample transaction 83
[2022-07-23T16:00:51.045Z INFO  client] Sending sample transaction 84
[2022-07-23T16:00:51.092Z INFO  client] Sending sample transaction 85
[2022-07-23T16:00:51.142Z INFO  client] Sending sample transaction 86
[2022-07-23T16:00:51.189Z INFO  client] Sending sample transaction 87
[2022-07-23T16:00:51.244Z INFO  client] Sending sample transaction 88
[2022-07-23T16:00:51.289Z INFO  client] Sending sample transaction 89
[2022-07-23T16:00:51.339Z INFO  client] Sending sample transaction 90
[2022-07-23T16:00:51.393Z INFO  client] Sending sample transaction 91
[2022-07-23T16:00:51.439Z INFO  client] Sending sample transaction 92
[2022-07-23T16:00:51.498Z INFO  client] Sending sample transaction 93
[2022-07-23T16:00:51.540Z INFO  client] Sending sample transaction 94
[2022-07-23T16:00:51.592Z INFO  client] Sending sample transaction 95
[2022-07-23T16:00:51.640Z INFO  client] Sending sample transaction 96
[2022-07-23T16:00:51.690Z INFO  client] Sending sample transaction 97
[2022-07-23T16:00:51.741Z INFO  client] Sending sample transaction 98
[2022-07-23T16:00:51.790Z INFO  client] Sending sample transaction 99
[2022-07-23T16:00:51.845Z INFO  client] Sending sample transaction 100
[2022-07-23T16:00:51.889Z INFO  client] Sending sample transaction 101
[2022-07-23T16:00:51.939Z INFO  client] Sending sample transaction 102
[2022-07-23T16:00:51.989Z INFO  client] Sending sample transaction 103
[2022-07-23T16:00:52.040Z INFO  client] Sending sample transaction 104
[2022-07-23T16:00:52.094Z INFO  client] Sending sample transaction 105
[2022-07-23T16:00:52.151Z INFO  client] Sending sample transaction 106
[2022-07-23T16:00:52.190Z INFO  client] Sending sample transaction 107
[2022-07-23T16:00:52.240Z INFO  client] Sending sample transaction 108
[2022-07-23T16:00:52.301Z INFO  client] Sending sample transaction 109
[2022-07-23T16:00:52.339Z INFO  client] Sending sample transaction 110
[2022-07-23T16:00:52.389Z INFO  client] Sending sample transaction 111
[2022-07-23T16:00:52.453Z INFO  client] Sending sample transaction 112
[2022-07-23T16:00:52.551Z INFO  client] Sending sample transaction 113
[2022-07-23T16:00:52.578Z WARN  client] Transaction rate too high for this client
[2022-07-23T16:00:52.578Z INFO  client] Sending sample transaction 114
[2022-07-23T16:00:52.608Z INFO  client] Sending sample transaction 115
[2022-07-23T16:00:52.659Z INFO  client] Sending sample transaction 116
[2022-07-23T16:00:52.690Z INFO  client] Sending sample transaction 117
[2022-07-23T16:00:52.740Z INFO  client] Sending sample transaction 118
[2022-07-23T16:00:52.803Z INFO  client] Sending sample transaction 119
[2022-07-23T16:00:52.852Z INFO  client] Sending sample transaction 120
[2022-07-23T16:00:52.899Z INFO  client] Sending sample transaction 121
[2022-07-23T16:00:52.939Z INFO  client] Sending sample transaction 122
[2022-07-23T16:00:52.989Z INFO  client] Sending sample transaction 123
[2022-07-23T16:00:53.042Z INFO  client] Sending sample transaction 124
[2022-07-23T16:00:53.121Z INFO  client] Sending sample transaction 125
[2022-07-23T16:00:53.154Z INFO  client] Sending sample transaction 126
[2022-07-23T16:00:53.266Z INFO  client] Sending sample transaction 127
[2022-07-23T16:00:53.289Z INFO  client] Sending sample transaction 128
[2022-07-23T16:00:53.301Z INFO  client] Sending sample transaction 129
[2022-07-23T16:00:53.356Z INFO  client] Sending sample transaction 130
[2022-07-23T16:00:53.394Z INFO  client] Sending sample transaction 131
[2022-07-23T16:00:53.439Z INFO  client] Sending sample transaction 132
[2022-07-23T16:00:53.491Z INFO  client] Sending sample transaction 133
[2022-07-23T16:00:53.539Z INFO  client] Sending sample transaction 134
[2022-07-23T16:00:53.589Z INFO  client] Sending sample transaction 135
[2022-07-23T16:00:53.640Z INFO  client] Sending sample transaction 136
[2022-07-23T16:00:53.689Z INFO  client] Sending sample transaction 137
[2022-07-23T16:00:53.739Z INFO  client] Sending sample transaction 138
[2022-07-23T16:00:53.790Z INFO  client] Sending sample transaction 139
[2022-07-23T16:00:53.838Z INFO  client] Sending sample transaction 140
[2022-07-23T16:00:53.889Z INFO  client] Sending sample transaction 141
[2022-07-23T16:00:53.938Z INFO  client] Sending sample transaction 142
[2022-07-23T16:00:53.989Z INFO  client] Sending sample transaction 143
[2022-07-23T16:00:54.039Z INFO  client] Sending sample transaction 144
[2022-07-23T16:00:54.089Z INFO  client] Sending sample transaction 145
[2022-07-23T16:00:54.139Z INFO  client] Sending sample transaction 146
[2022-07-23T16:00:54.189Z INFO  client] Sending sample transaction 147
[2022-07-23T16:00:54.240Z INFO  client] Sending sample transaction 148
[2022-07-23T16:00:54.289Z INFO  client] Sending sample transaction 149
[2022-07-23T16:00:54.339Z INFO  client] Sending sample transaction 150
[2022-07-23T16:00:54.388Z INFO  client] Sending sample transaction 151
[2022-07-23T16:00:54.449Z INFO  client] Sending sample transaction 152
[2022-07-23T16:00:54.492Z INFO  client] Sending sample transaction 153
[2022-07-23T16:00:54.539Z INFO  client] Sending sample transaction 154
[2022-07-23T16:00:54.589Z INFO  client] Sending sample transaction 155
[2022-07-23T16:00:54.640Z INFO  client] Sending sample transaction 156
[2022-07-23T16:00:54.691Z INFO  client] Sending sample transaction 157
[2022-07-23T16:00:54.761Z INFO  client] Sending sample transaction 158
[2022-07-23T16:00:54.796Z INFO  client] Sending sample transaction 159
[2022-07-23T16:00:54.839Z INFO  client] Sending sample transaction 160
[2022-07-23T16:00:54.890Z INFO  client] Sending sample transaction 161
[2022-07-23T16:00:54.940Z INFO  client] Sending sample transaction 162
[2022-07-23T16:00:54.989Z INFO  client] Sending sample transaction 163
[2022-07-23T16:00:55.039Z INFO  client] Sending sample transaction 164
[2022-07-23T16:00:55.090Z INFO  client] Sending sample transaction 165
[2022-07-23T16:00:55.144Z INFO  client] Sending sample transaction 166
[2022-07-23T16:00:55.189Z INFO  client] Sending sample transaction 167
[2022-07-23T16:00:55.244Z INFO  client] Sending sample transaction 168
[2022-07-23T16:00:55.290Z INFO  client] Sending sample transaction 169
[2022-07-23T16:00:55.338Z INFO  client] Sending sample transaction 170
[2022-07-23T16:00:55.404Z INFO  client] Sending sample transaction 171
[2022-07-23T16:00:55.441Z INFO  client] Sending sample transaction 172
[2022-07-23T16:00:55.492Z INFO  client] Sending sample transaction 173
[2022-07-23T16:00:55.541Z INFO  client] Sending sample transaction 174
[2022-07-23T16:00:55.589Z INFO  client] Sending sample transaction 175
[2022-07-23T16:00:55.638Z INFO  client] Sending sample transaction 176
[2022-07-23T16:00:55.696Z INFO  client] Sending sample transaction 177
[2022-07-23T16:00:55.752Z INFO  client] Sending sample transaction 178
[2022-07-23T16:00:55.797Z INFO  client] Sending sample transaction 179
[2022-07-23T16:00:55.857Z INFO  client] Sending sample transaction 180
[2022-07-23T16:00:55.901Z INFO  client] Sending sample transaction 181
[2022-07-23T16:00:55.945Z INFO  client] Sending sample transaction 182
[2022-07-23T16:00:55.999Z INFO  client] Sending sample transaction 183
[2022-07-23T16:00:56.040Z INFO  client] Sending sample transaction 184
[2022-07-23T16:00:56.089Z INFO  client] Sending sample transaction 185
[2022-07-23T16:00:56.138Z INFO  client] Sending sample transaction 186
[2022-07-23T16:00:56.189Z INFO  client] Sending sample transaction 187
[2022-07-23T16:00:56.245Z INFO  client] Sending sample transaction 188
[2022-07-23T16:00:56.290Z INFO  client] Sending sample transaction 189
[2022-07-23T16:00:56.338Z INFO  client] Sending sample transaction 190
[2022-07-23T16:00:56.389Z INFO  client] Sending sample transaction 191
[2022-07-23T16:00:56.440Z INFO  client] Sending sample transaction 192
[2022-07-23T16:00:56.491Z INFO  client] Sending sample transaction 193
[2022-07-23T16:00:56.539Z INFO  client] Sending sample transaction 194
[2022-07-23T16:00:56.591Z INFO  client] Sending sample transaction 195
[2022-07-23T16:00:56.648Z INFO  client] Sending sample transaction 196
[2022-07-23T16:00:56.690Z INFO  client] Sending sample transaction 197
[2022-07-23T16:00:56.755Z INFO  client] Sending sample transaction 198
[2022-07-23T16:00:56.789Z INFO  client] Sending sample transaction 199
[2022-07-23T16:00:56.839Z INFO  client] Sending sample transaction 200
[2022-07-23T16:00:56.896Z INFO  client] Sending sample transaction 201
[2022-07-23T16:00:56.952Z INFO  client] Sending sample transaction 202
[2022-07-23T16:00:57.006Z INFO  client] Sending sample transaction 203
[2022-07-23T16:00:57.046Z INFO  client] Sending sample transaction 204
[2022-07-23T16:00:57.093Z INFO  client] Sending sample transaction 205
[2022-07-23T16:00:57.142Z INFO  client] Sending sample transaction 206
[2022-07-23T16:00:57.190Z INFO  client] Sending sample transaction 207
[2022-07-23T16:00:57.248Z INFO  client] Sending sample transaction 208
[2022-07-23T16:00:57.290Z INFO  client] Sending sample transaction 209
[2022-07-23T16:00:57.339Z INFO  client] Sending sample transaction 210
[2022-07-23T16:00:57.389Z INFO  client] Sending sample transaction 211
[2022-07-23T16:00:57.439Z INFO  client] Sending sample transaction 212
[2022-07-23T16:00:57.490Z INFO  client] Sending sample transaction 213
[2022-07-23T16:00:57.538Z INFO  client] Sending sample transaction 214
[2022-07-23T16:00:57.589Z INFO  client] Sending sample transaction 215
[2022-07-23T16:00:57.639Z INFO  client] Sending sample transaction 216
[2022-07-23T16:00:57.689Z INFO  client] Sending sample transaction 217
[2022-07-23T16:00:57.739Z INFO  client] Sending sample transaction 218
[2022-07-23T16:00:57.790Z INFO  client] Sending sample transaction 219
[2022-07-23T16:00:57.839Z INFO  client] Sending sample transaction 220
[2022-07-23T16:00:57.889Z INFO  client] Sending sample transaction 221
[2022-07-23T16:00:57.939Z INFO  client] Sending sample transaction 222
[2022-07-23T16:00:57.993Z INFO  client] Sending sample transaction 223
[2022-07-23T16:00:58.041Z INFO  client] Sending sample transaction 224
[2022-07-23T16:00:58.123Z INFO  client] Sending sample transaction 225
[2022-07-23T16:00:58.149Z INFO  client] Sending sample transaction 226
[2022-07-23T16:00:58.189Z INFO  client] Sending sample transaction 227
[2022-07-23T16:00:58.239Z INFO  client] Sending sample transaction 228
[2022-07-23T16:00:58.290Z INFO  client] Sending sample transaction 229
[2022-07-23T16:00:58.339Z INFO  client] Sending sample transaction 230
[2022-07-23T16:00:58.389Z INFO  client] Sending sample transaction 231
[2022-07-23T16:00:58.440Z INFO  client] Sending sample transaction 232
[2022-07-23T16:00:58.489Z INFO  client] Sending sample transaction 233
[2022-07-23T16:00:58.539Z INFO  client] Sending sample transaction 234
[2022-07-23T16:00:58.588Z INFO  client] Sending sample transaction 235
[2022-07-23T16:00:58.640Z INFO  client] Sending sample transaction 236
[2022-07-23T16:00:58.690Z INFO  client] Sending sample transaction 237
[2022-07-23T16:00:58.739Z INFO  client] Sending sample transaction 238
[2022-07-23T16:00:58.790Z INFO  client] Sending sample transaction 239
[2022-07-23T16:00:58.839Z INFO  client] Sending sample transaction 240
[2022-07-23T16:00:58.889Z INFO  client] Sending sample transaction 241
[2022-07-23T16:00:58.939Z INFO  client] Sending sample transaction 242
[2022-07-23T16:00:58.990Z INFO  client] Sending sample transaction 243
[2022-07-23T16:00:59.040Z INFO  client] Sending sample transaction 244
[2022-07-23T16:00:59.088Z INFO  client] Sending sample transaction 245
[2022-07-23T16:00:59.158Z INFO  client] Sending sample transaction 246
[2022-07-23T16:00:59.195Z INFO  client] Sending sample transaction 247
[2022-07-23T16:00:59.240Z INFO  client] Sending sample transaction 248
[2022-07-23T16:00:59.289Z INFO  client] Sending sample transaction 249
[2022-07-23T16:00:59.339Z INFO  client] Sending sample transaction 250
[2022-07-23T16:00:59.389Z INFO  client] Sending sample transaction 251
[2022-07-23T16:00:59.439Z INFO  client] Sending sample transaction 252
[2022-07-23T16:00:59.490Z INFO  client] Sending sample transaction 253
[2022-07-23T16:00:59.539Z INFO  client] Sending sample transaction 254
[2022-07-23T16:00:59.590Z INFO  client] Sending sample transaction 255
[2022-07-23T16:00:59.640Z INFO  client] Sending sample transaction 256
[2022-07-23T16:00:59.689Z INFO  client] Sending sample transaction 257
[2022-07-23T16:00:59.740Z INFO  client] Sending sample transaction 258
[2022-07-23T16:00:59.801Z INFO  client] Sending sample transaction 259
[2022-07-23T16:00:59.839Z INFO  client] Sending sample transaction 260
[2022-07-23T16:00:59.889Z INFO  client] Sending sample transaction 261
[2022-07-23T16:00:59.939Z INFO  client] Sending sample transaction 262
[2022-07-23T16:00:59.989Z INFO  client] Sending sample transaction 263
[2022-07-23T16:01:00.049Z INFO  client] Sending sample transaction 264
[2022-07-23T16:01:00.102Z INFO  client] Sending sample transaction 265
[2022-07-23T16:01:00.142Z INFO  client] Sending sample transaction 266
[2022-07-23T16:01:00.189Z INFO  client] Sending sample transaction 267
[2022-07-23T16:01:00.239Z INFO  client] Sending sample transaction 268
[2022-07-23T16:01:00.305Z INFO  client] Sending sample transaction 269
[2022-07-23T16:01:00.338Z INFO  client] Sending sample transaction 270
[2022-07-23T16:01:00.389Z INFO  client] Sending sample transaction 271
[2022-07-23T16:01:00.440Z INFO  client] Sending sample transaction 272
[2022-07-23T16:01:00.490Z INFO  client] Sending sample transaction 273
[2022-07-23T16:01:00.565Z INFO  client] Sending sample transaction 274
[2022-07-23T16:01:00.599Z INFO  client] Sending sample transaction 275
[2022-07-23T16:01:00.646Z INFO  client] Sending sample transaction 276
[2022-07-23T16:01:00.695Z INFO  client] Sending sample transaction 277
[2022-07-23T16:01:00.740Z INFO  client] Sending sample transaction 278
[2022-07-23T16:01:00.791Z INFO  client] Sending sample transaction 279
[2022-07-23T16:01:00.866Z INFO  client] Sending sample transaction 280
[2022-07-23T16:01:00.896Z INFO  client] Sending sample transaction 281
[2022-07-23T16:01:00.942Z INFO  client] Sending sample transaction 282
[2022-07-23T16:01:00.989Z INFO  client] Sending sample transaction 283
[2022-07-23T16:01:01.039Z INFO  client] Sending sample transaction 284
[2022-07-23T16:01:01.090Z INFO  client] Sending sample transaction 285
[2022-07-23T16:01:01.140Z INFO  client] Sending sample transaction 286
[2022-07-23T16:01:01.190Z INFO  client] Sending sample transaction 287
[2022-07-23T16:01:01.240Z INFO  client] Sending sample transaction 288
[2022-07-23T16:01:01.289Z INFO  client] Sending sample transaction 289
[2022-07-23T16:01:01.356Z INFO  client] Sending sample transaction 290
[2022-07-23T16:01:01.394Z INFO  client] Sending sample transaction 291
[2022-07-23T16:01:01.439Z INFO  client] Sending sample transaction 292
[2022-07-23T16:01:01.489Z INFO  client] Sending sample transaction 293
[2022-07-23T16:01:01.540Z INFO  client] Sending sample transaction 294
[2022-07-23T16:01:01.589Z INFO  client] Sending sample transaction 295
[2022-07-23T16:01:01.639Z INFO  client] Sending sample transaction 296
[2022-07-23T16:01:01.689Z INFO  client] Sending sample transaction 297
[2022-07-23T16:01:01.739Z INFO  client] Sending sample transaction 298
[2022-07-23T16:01:01.790Z INFO  client] Sending sample transaction 299
[2022-07-23T16:01:01.840Z INFO  client] Sending sample transaction 300
[2022-07-23T16:01:01.889Z INFO  client] Sending sample transaction 301
[2022-07-23T16:01:01.939Z INFO  client] Sending sample transaction 302
[2022-07-23T16:01:01.990Z INFO  client] Sending sample transaction 303
[2022-07-23T16:01:02.039Z INFO  client] Sending sample transaction 304
[2022-07-23T16:01:02.090Z INFO  client] Sending sample transaction 305
[2022-07-23T16:01:02.139Z INFO  client] Sending sample transaction 306
[2022-07-23T16:01:02.189Z INFO  client] Sending sample transaction 307
[2022-07-23T16:01:02.240Z INFO  client] Sending sample transaction 308
[2022-07-23T16:01:02.289Z INFO  client] Sending sample transaction 309
[2022-07-23T16:01:02.341Z INFO  client] Sending sample transaction 310
[2022-07-23T16:01:02.389Z INFO  client] Sending sample transaction 311
[2022-07-23T16:01:02.447Z INFO  client] Sending sample transaction 312
[2022-07-23T16:01:02.490Z INFO  client] Sending sample transaction 313
[2022-07-23T16:01:02.540Z INFO  client] Sending sample transaction 314
[2022-07-23T16:01:02.589Z INFO  client] Sending sample transaction 315
[2022-07-23T16:01:02.639Z INFO  client] Sending sample transaction 316
[2022-07-23T16:01:02.689Z INFO  client] Sending sample transaction 317
[2022-07-23T16:01:02.739Z INFO  client] Sending sample transaction 318
[2022-07-23T16:01:02.789Z INFO  client] Sending sample transaction 319
[2022-07-23T16:01:02.839Z INFO  client] Sending sample transaction 320
[2022-07-23T16:01:02.890Z INFO  client] Sending sample transaction 321
[2022-07-23T16:01:02.939Z INFO  client] Sending sample transaction 322
[2022-07-23T16:01:02.989Z INFO  client] Sending sample transaction 323
[2022-07-23T16:01:03.041Z INFO  client] Sending sample transaction 324
[2022-07-23T16:01:03.090Z INFO  client] Sending sample transaction 325
[2022-07-23T16:01:03.140Z INFO  client] Sending sample transaction 326
[2022-07-23T16:01:03.190Z INFO  client] Sending sample transaction 327
[2022-07-23T16:01:03.241Z INFO  client] Sending sample transaction 328
[2022-07-23T16:01:03.289Z INFO  client] Sending sample transaction 329
[2022-07-23T16:01:03.338Z INFO  client] Sending sample transaction 330
[2022-07-23T16:01:03.390Z INFO  client] Sending sample transaction 331
[2022-07-23T16:01:03.440Z INFO  client] Sending sample transaction 332
[2022-07-23T16:01:03.497Z INFO  client] Sending sample transaction 333
[2022-07-23T16:01:03.546Z INFO  client] Sending sample transaction 334
[2022-07-23T16:01:03.594Z INFO  client] Sending sample transaction 335
[2022-07-23T16:01:03.640Z INFO  client] Sending sample transaction 336
[2022-07-23T16:01:03.690Z INFO  client] Sending sample transaction 337
[2022-07-23T16:01:03.740Z INFO  client] Sending sample transaction 338
[2022-07-23T16:01:03.792Z INFO  client] Sending sample transaction 339
[2022-07-23T16:01:03.838Z INFO  client] Sending sample transaction 340
[2022-07-23T16:01:03.889Z INFO  client] Sending sample transaction 341
[2022-07-23T16:01:03.940Z INFO  client] Sending sample transaction 342
[2022-07-23T16:01:03.998Z INFO  client] Sending sample transaction 343
[2022-07-23T16:01:04.042Z INFO  client] Sending sample transaction 344
[2022-07-23T16:01:04.088Z INFO  client] Sending sample transaction 345
[2022-07-23T16:01:04.141Z INFO  client] Sending sample transaction 346
[2022-07-23T16:01:04.189Z INFO  client] Sending sample transaction 347
[2022-07-23T16:01:04.240Z INFO  client] Sending sample transaction 348
[2022-07-23T16:01:04.289Z INFO  client] Sending sample transaction 349
[2022-07-23T16:01:04.339Z INFO  client] Sending sample transaction 350
[2022-07-23T16:01:04.389Z INFO  client] Sending sample transaction 351
[2022-07-23T16:01:04.439Z INFO  client] Sending sample transaction 352
[2022-07-23T16:01:04.489Z INFO  client] Sending sample transaction 353
[2022-07-23T16:01:04.538Z INFO  client] Sending sample transaction 354
[2022-07-23T16:01:04.597Z INFO  client] Sending sample transaction 355
[2022-07-23T16:01:04.639Z INFO  client] Sending sample transaction 356
[2022-07-23T16:01:04.689Z INFO  client] Sending sample transaction 357
[2022-07-23T16:01:04.740Z INFO  client] Sending sample transaction 358
[2022-07-23T16:01:04.794Z INFO  client] Sending sample transaction 359
[2022-07-23T16:01:04.840Z INFO  client] Sending sample transaction 360
[2022-07-23T16:01:04.889Z INFO  client] Sending sample transaction 361
[2022-07-23T16:01:04.939Z INFO  client] Sending sample transaction 362
[2022-07-23T16:01:04.990Z INFO  client] Sending sample transaction 363
[2022-07-23T16:01:05.039Z INFO  client] Sending sample transaction 364
[2022-07-23T16:01:05.091Z INFO  client] Sending sample transaction 365
[2022-07-23T16:01:05.140Z INFO  client] Sending sample transaction 366
[2022-07-23T16:01:05.189Z INFO  client] Sending sample transaction 367
[2022-07-23T16:01:05.239Z INFO  client] Sending sample transaction 368
[2022-07-23T16:01:05.306Z INFO  client] Sending sample transaction 369
[2022-07-23T16:01:05.352Z INFO  client] Sending sample transaction 370
[2022-07-23T16:01:05.396Z INFO  client] Sending sample transaction 371
[2022-07-23T16:01:05.441Z INFO  client] Sending sample transaction 372
[2022-07-23T16:01:05.489Z INFO  client] Sending sample transaction 373
[2022-07-23T16:01:05.541Z INFO  client] Sending sample transaction 374
[2022-07-23T16:01:05.589Z INFO  client] Sending sample transaction 375
[2022-07-23T16:01:05.646Z INFO  client] Sending sample transaction 376
[2022-07-23T16:01:05.707Z INFO  client] Sending sample transaction 377
[2022-07-23T16:01:05.747Z INFO  client] Sending sample transaction 378
[2022-07-23T16:01:05.790Z INFO  client] Sending sample transaction 379
[2022-07-23T16:01:05.839Z INFO  client] Sending sample transaction 380
[2022-07-23T16:01:05.888Z INFO  client] Sending sample transaction 381
[2022-07-23T16:01:05.939Z INFO  client] Sending sample transaction 382
[2022-07-23T16:01:05.989Z INFO  client] Sending sample transaction 383
[2022-07-23T16:01:06.039Z INFO  client] Sending sample transaction 384
[2022-07-23T16:01:06.092Z INFO  client] Sending sample transaction 385
[2022-07-23T16:01:06.142Z INFO  client] Sending sample transaction 386
[2022-07-23T16:01:06.190Z INFO  client] Sending sample transaction 387
[2022-07-23T16:01:06.239Z INFO  client] Sending sample transaction 388
[2022-07-23T16:01:06.289Z INFO  client] Sending sample transaction 389
[2022-07-23T16:01:06.340Z INFO  client] Sending sample transaction 390
[2022-07-23T16:01:06.389Z INFO  client] Sending sample transaction 391
[2022-07-23T16:01:06.440Z INFO  client] Sending sample transaction 392
[2022-07-23T16:01:06.489Z INFO  client] Sending sample transaction 393
[2022-07-23T16:01:06.539Z INFO  client] Sending sample transaction 394
[2022-07-23T16:01:06.589Z INFO  client] Sending sample transaction 395
[2022-07-23T16:01:06.641Z INFO  client] Sending sample transaction 396
[2022-07-23T16:01:06.689Z INFO  client] Sending sample transaction 397
[2022-07-23T16:01:06.739Z INFO  client] Sending sample transaction 398
[2022-07-23T16:01:06.795Z INFO  client] Sending sample transaction 399
[2022-07-23T16:01:06.840Z INFO  client] Sending sample transaction 400
[2022-07-23T16:01:06.899Z INFO  client] Sending sample transaction 401
[2022-07-23T16:01:06.940Z INFO  client] Sending sample transaction 402
[2022-07-23T16:01:06.993Z INFO  client] Sending sample transaction 403
[2022-07-23T16:01:07.066Z INFO  client] Sending sample transaction 404
[2022-07-23T16:01:07.102Z INFO  client] Sending sample transaction 405
[2022-07-23T16:01:07.142Z INFO  client] Sending sample transaction 406
[2022-07-23T16:01:07.191Z INFO  client] Sending sample transaction 407
[2022-07-23T16:01:07.239Z INFO  client] Sending sample transaction 408
[2022-07-23T16:01:07.290Z INFO  client] Sending sample transaction 409
[2022-07-23T16:01:07.338Z INFO  client] Sending sample transaction 410
[2022-07-23T16:01:07.390Z INFO  client] Sending sample transaction 411
[2022-07-23T16:01:07.439Z INFO  client] Sending sample transaction 412
[2022-07-23T16:01:07.490Z INFO  client] Sending sample transaction 413
[2022-07-23T16:01:07.540Z INFO  client] Sending sample transaction 414
[2022-07-23T16:01:07.589Z INFO  client] Sending sample transaction 415
[2022-07-23T16:01:07.641Z INFO  client] Sending sample transaction 416
[2022-07-23T16:01:07.691Z INFO  client] Sending sample transaction 417
[2022-07-23T16:01:07.738Z INFO  client] Sending sample transaction 418
[2022-07-23T16:01:07.791Z INFO  client] Sending sample transaction 419
[2022-07-23T16:01:07.853Z INFO  client] Sending sample transaction 420
[2022-07-23T16:01:07.891Z INFO  client] Sending sample transaction 421
[2022-07-23T16:01:07.941Z INFO  client] Sending sample transaction 422
[2022-07-23T16:01:07.989Z INFO  client] Sending sample transaction 423
[2022-07-23T16:01:08.040Z INFO  client] Sending sample transaction 424
[2022-07-23T16:01:08.090Z INFO  client] Sending sample transaction 425
[2022-07-23T16:01:08.139Z INFO  client] Sending sample transaction 426
[2022-07-23T16:01:08.189Z INFO  client] Sending sample transaction 427
[2022-07-23T16:01:08.240Z INFO  client] Sending sample transaction 428
[2022-07-23T16:01:08.289Z INFO  client] Sending sample transaction 429
[2022-07-23T16:01:08.339Z INFO  client] Sending sample transaction 430
[2022-07-23T16:01:08.391Z INFO  client] Sending sample transaction 431
[2022-07-23T16:01:08.440Z INFO  client] Sending sample transaction 432
[2022-07-23T16:01:08.490Z INFO  client] Sending sample transaction 433
[2022-07-23T16:01:08.540Z INFO  client] Sending sample transaction 434
[2022-07-23T16:01:08.589Z INFO  client] Sending sample transaction 435
[2022-07-23T16:01:08.639Z INFO  client] Sending sample transaction 436
[2022-07-23T16:01:08.731Z INFO  client] Sending sample transaction 437
[2022-07-23T16:01:08.740Z INFO  client] Sending sample transaction 438
[2022-07-23T16:01:08.789Z INFO  client] Sending sample transaction 439
[2022-07-23T16:01:08.842Z INFO  client] Sending sample transaction 440
[2022-07-23T16:01:08.889Z INFO  client] Sending sample transaction 441
[2022-07-23T16:01:08.940Z INFO  client] Sending sample transaction 442
[2022-07-23T16:01:08.988Z INFO  client] Sending sample transaction 443
[2022-07-23T16:01:09.040Z INFO  client] Sending sample transaction 444
[2022-07-23T16:01:09.097Z INFO  client] Sending sample transaction 445
[2022-07-23T16:01:09.141Z INFO  client] Sending sample transaction 446
[2022-07-23T16:01:09.190Z INFO  client] Sending sample transaction 447
[2022-07-23T16:01:09.246Z INFO  client] Sending sample transaction 448
[2022-07-23T16:01:09.300Z INFO  client] Sending sample transaction 449
[2022-07-23T16:01:09.342Z INFO  client] Sending sample transaction 450
[2022-07-23T16:01:09.393Z INFO  client] Sending sample transaction 451
[2022-07-23T16:01:09.441Z INFO  client] Sending sample transaction 452
[2022-07-23T16:01:09.489Z INFO  client] Sending sample transaction 453
[2022-07-23T16:01:09.539Z INFO  client] Sending sample transaction 454
[2022-07-23T16:01:09.589Z INFO  client] Sending sample transaction 455
[2022-07-23T16:01:09.639Z INFO  client] Sending sample transaction 456
[2022-07-23T16:01:09.697Z INFO  client] Sending sample transaction 457
[2022-07-23T16:01:09.742Z INFO  client] Sending sample transaction 458
[2022-07-23T16:01:09.789Z INFO  client] Sending sample transaction 459
[2022-07-23T16:01:09.845Z INFO  client] Sending sample transaction 460
[2022-07-23T16:01:09.893Z INFO  client] Sending sample transaction 461
[2022-07-23T16:01:09.955Z INFO  client] Sending sample transaction 462
[2022-07-23T16:01:09.990Z INFO  client] Sending sample transaction 463
[2022-07-23T16:01:10.067Z INFO  client] Sending sample transaction 464
[2022-07-23T16:01:10.111Z INFO  client] Sending sample transaction 465
[2022-07-23T16:01:10.141Z INFO  client] Sending sample transaction 466
[2022-07-23T16:01:10.190Z INFO  client] Sending sample transaction 467
[2022-07-23T16:01:10.241Z INFO  client] Sending sample transaction 468
[2022-07-23T16:01:10.293Z INFO  client] Sending sample transaction 469
[2022-07-23T16:01:10.342Z INFO  client] Sending sample transaction 470
