[2022-07-23T18:56:02.202Z INFO  client] Node address: 127.0.0.1:9014
[2022-07-23T18:56:02.202Z INFO  client] Transactions size: 512 B
[2022-07-23T18:56:02.202Z INFO  client] Transactions rate: 112 tx/s
[2022-07-23T18:56:02.202Z INFO  client] Waiting for all nodes to be online...
[2022-07-23T18:56:02.203Z INFO  client] Waiting for all nodes to be synchronized...
[2022-07-23T18:56:04.205Z INFO  client] Start sending transactions
[2022-07-23T18:56:04.207Z INFO  client] Sending sample transaction 0
[2022-07-23T18:56:04.257Z INFO  client] Sending sample transaction 1
[2022-07-23T18:56:04.316Z INFO  client] Sending sample transaction 2
[2022-07-23T18:56:04.373Z INFO  client] Sending sample transaction 3
[2022-07-23T18:56:04.418Z INFO  client] Sending sample transaction 4
[2022-07-23T18:56:04.470Z INFO  client] Sending sample transaction 5
[2022-07-23T18:56:04.514Z INFO  client] Sending sample transaction 6
[2022-07-23T18:56:04.558Z INFO  client] Sending sample transaction 7
[2022-07-23T18:56:04.608Z INFO  client] Sending sample transaction 8
[2022-07-23T18:56:04.658Z INFO  client] Sending sample transaction 9
[2022-07-23T18:56:04.707Z INFO  client] Sending sample transaction 10
[2022-07-23T18:56:04.757Z INFO  client] Sending sample transaction 11
[2022-07-23T18:56:04.807Z INFO  client] Sending sample transaction 12
[2022-07-23T18:56:04.863Z INFO  client] Sending sample transaction 13
[2022-07-23T18:56:04.911Z INFO  client] Sending sample transaction 14
[2022-07-23T18:56:04.962Z INFO  client] Sending sample transaction 15
[2022-07-23T18:56:05.007Z INFO  client] Sending sample transaction 16
[2022-07-23T18:56:05.056Z INFO  client] Sending sample transaction 17
[2022-07-23T18:56:05.149Z INFO  client] Sending sample transaction 18
[2022-07-23T18:56:05.161Z INFO  client] Sending sample transaction 19
[2022-07-23T18:56:05.207Z INFO  client] Sending sample transaction 20
[2022-07-23T18:56:05.257Z INFO  client] Sending sample transaction 21
[2022-07-23T18:56:05.307Z INFO  client] Sending sample transaction 22
[2022-07-23T18:56:05.358Z INFO  client] Sending sample transaction 23
[2022-07-23T18:56:05.408Z INFO  client] Sending sample transaction 24
[2022-07-23T18:56:05.457Z INFO  client] Sending sample transaction 25
[2022-07-23T18:56:05.507Z INFO  client] Sending sample transaction 26
[2022-07-23T18:56:05.557Z INFO  client] Sending sample transaction 27
[2022-07-23T18:56:05.609Z INFO  client] Sending sample transaction 28
[2022-07-23T18:56:05.660Z INFO  client] Sending sample transaction 29
[2022-07-23T18:56:05.707Z INFO  client] Sending sample transaction 30
[2022-07-23T18:56:05.757Z INFO  client] Sending sample transaction 31
[2022-07-23T18:56:05.807Z INFO  client] Sending sample transaction 32
[2022-07-23T18:56:05.857Z INFO  client] Sending sample transaction 33
[2022-07-23T18:56:05.907Z INFO  client] Sending sample transaction 34
[2022-07-23T18:56:05.956Z INFO  client] Sending sample transaction 35
[2022-07-23T18:56:06.007Z INFO  client] Sending sample transaction 36
[2022-07-23T18:56:06.057Z INFO  client] Sending sample transaction 37
[2022-07-23T18:56:06.107Z INFO  client] Sending sample transaction 38
[2022-07-23T18:56:06.161Z INFO  client] Sending sample transaction 39
[2022-07-23T18:56:06.206Z INFO  client] Sending sample transaction 40
[2022-07-23T18:56:06.257Z INFO  client] Sending sample transaction 41
[2022-07-23T18:56:06.307Z INFO  client] Sending sample transaction 42
[2022-07-23T18:56:06.357Z INFO  client] Sending sample transaction 43
[2022-07-23T18:56:06.407Z INFO  client] Sending sample transaction 44
[2022-07-23T18:56:06.457Z INFO  client] Sending sample transaction 45
[2022-07-23T18:56:06.516Z INFO  client] Sending sample transaction 46
[2022-07-23T18:56:06.557Z INFO  client] Sending sample transaction 47
[2022-07-23T18:56:06.608Z INFO  client] Sending sample transaction 48
[2022-07-23T18:56:06.658Z INFO  client] Sending sample transaction 49
[2022-07-23T18:56:06.708Z INFO  client] Sending sample transaction 50
[2022-07-23T18:56:06.757Z INFO  client] Sending sample transaction 51
[2022-07-23T18:56:06.807Z INFO  client] Sending sample transaction 52
[2022-07-23T18:56:06.857Z INFO  client] Sending sample transaction 53
[2022-07-23T18:56:06.907Z INFO  client] Sending sample transaction 54
[2022-07-23T18:56:06.957Z INFO  client] Sending sample transaction 55
[2022-07-23T18:56:07.007Z INFO  client] Sending sample transaction 56
[2022-07-23T18:56:07.057Z INFO  client] Sending sample transaction 57
[2022-07-23T18:56:07.107Z INFO  client] Sending sample transaction 58
[2022-07-23T18:56:07.158Z INFO  client] Sending sample transaction 59
[2022-07-23T18:56:07.207Z INFO  client] Sending sample transaction 60
[2022-07-23T18:56:07.257Z INFO  client] Sending sample transaction 61
[2022-07-23T18:56:07.306Z INFO  client] Sending sample transaction 62
[2022-07-23T18:56:07.357Z INFO  client] Sending sample transaction 63
[2022-07-23T18:56:07.409Z INFO  client] Sending sample transaction 64
[2022-07-23T18:56:07.457Z INFO  client] Sending sample transaction 65
[2022-07-23T18:56:07.507Z INFO  client] Sending sample transaction 66
[2022-07-23T18:56:07.557Z INFO  client] Sending sample transaction 67
[2022-07-23T18:56:07.608Z INFO  client] Sending sample transaction 68
[2022-07-23T18:56:07.659Z INFO  client] Sending sample transaction 69
[2022-07-23T18:56:07.708Z INFO  client] Sending sample transaction 70
[2022-07-23T18:56:07.757Z INFO  client] Sending sample transaction 71
[2022-07-23T18:56:07.807Z INFO  client] Sending sample transaction 72
[2022-07-23T18:56:07.857Z INFO  client] Sending sample transaction 73
[2022-07-23T18:56:07.908Z INFO  client] Sending sample transaction 74
[2022-07-23T18:56:07.957Z INFO  client] Sending sample transaction 75
[2022-07-23T18:56:08.007Z INFO  client] Sending sample transaction 76
[2022-07-23T18:56:08.057Z INFO  client] Sending sample transaction 77
[2022-07-23T18:56:08.107Z INFO  client] Sending sample transaction 78
[2022-07-23T18:56:08.157Z INFO  client] Sending sample transaction 79
[2022-07-23T18:56:08.206Z INFO  client] Sending sample transaction 80
[2022-07-23T18:56:08.258Z INFO  client] Sending sample transaction 81
[2022-07-23T18:56:08.307Z INFO  client] Sending sample transaction 82
[2022-07-23T18:56:08.360Z INFO  client] Sending sample transaction 83
[2022-07-23T18:56:08.406Z INFO  client] Sending sample transaction 84
[2022-07-23T18:56:08.457Z INFO  client] Sending sample transaction 85
[2022-07-23T18:56:08.506Z INFO  client] Sending sample transaction 86
[2022-07-23T18:56:08.557Z INFO  client] Sending sample transaction 87
[2022-07-23T18:56:08.607Z INFO  client] Sending sample transaction 88
[2022-07-23T18:56:08.657Z INFO  client] Sending sample transaction 89
[2022-07-23T18:56:08.706Z INFO  client] Sending sample transaction 90
[2022-07-23T18:56:08.757Z INFO  client] Sending sample transaction 91
[2022-07-23T18:56:08.807Z INFO  client] Sending sample transaction 92
[2022-07-23T18:56:08.856Z INFO  client] Sending sample transaction 93
[2022-07-23T18:56:08.908Z INFO  client] Sending sample transaction 94
[2022-07-23T18:56:08.958Z INFO  client] Sending sample transaction 95
[2022-07-23T18:56:09.007Z INFO  client] Sending sample transaction 96
[2022-07-23T18:56:09.059Z INFO  client] Sending sample transaction 97
[2022-07-23T18:56:09.108Z INFO  client] Sending sample transaction 98
[2022-07-23T18:56:09.158Z INFO  client] Sending sample transaction 99
[2022-07-23T18:56:09.206Z INFO  client] Sending sample transaction 100
[2022-07-23T18:56:09.257Z INFO  client] Sending sample transaction 101
[2022-07-23T18:56:09.328Z INFO  client] Sending sample transaction 102
[2022-07-23T18:56:09.357Z INFO  client] Sending sample transaction 103
[2022-07-23T18:56:09.408Z INFO  client] Sending sample transaction 104
[2022-07-23T18:56:09.458Z INFO  client] Sending sample transaction 105
[2022-07-23T18:56:09.507Z INFO  client] Sending sample transaction 106
[2022-07-23T18:56:09.557Z INFO  client] Sending sample transaction 107
[2022-07-23T18:56:09.606Z INFO  client] Sending sample transaction 108
[2022-07-23T18:56:09.658Z INFO  client] Sending sample transaction 109
[2022-07-23T18:56:09.707Z INFO  client] Sending sample transaction 110
[2022-07-23T18:56:09.757Z INFO  client] Sending sample transaction 111
[2022-07-23T18:56:09.807Z INFO  client] Sending sample transaction 112
[2022-07-23T18:56:09.857Z INFO  client] Sending sample transaction 113
[2022-07-23T18:56:09.907Z INFO  client] Sending sample transaction 114
[2022-07-23T18:56:09.958Z INFO  client] Sending sample transaction 115
[2022-07-23T18:56:10.008Z INFO  client] Sending sample transaction 116
[2022-07-23T18:56:10.057Z INFO  client] Sending sample transaction 117
[2022-07-23T18:56:10.107Z INFO  client] Sending sample transaction 118
[2022-07-23T18:56:10.157Z INFO  client] Sending sample transaction 119
[2022-07-23T18:56:10.206Z INFO  client] Sending sample transaction 120
[2022-07-23T18:56:10.257Z INFO  client] Sending sample transaction 121
[2022-07-23T18:56:10.307Z INFO  client] Sending sample transaction 122
[2022-07-23T18:56:10.360Z INFO  client] Sending sample transaction 123
[2022-07-23T18:56:10.407Z INFO  client] Sending sample transaction 124
[2022-07-23T18:56:10.457Z INFO  client] Sending sample transaction 125
[2022-07-23T18:56:10.507Z INFO  client] Sending sample transaction 126
[2022-07-23T18:56:10.557Z INFO  client] Sending sample transaction 127
[2022-07-23T18:56:10.607Z INFO  client] Sending sample transaction 128
[2022-07-23T18:56:10.659Z INFO  client] Sending sample transaction 129
[2022-07-23T18:56:10.707Z INFO  client] Sending sample transaction 130
[2022-07-23T18:56:10.757Z INFO  client] Sending sample transaction 131
[2022-07-23T18:56:10.808Z INFO  client] Sending sample transaction 132
[2022-07-23T18:56:10.857Z INFO  client] Sending sample transaction 133
[2022-07-23T18:56:10.907Z INFO  client] Sending sample transaction 134
[2022-07-23T18:56:10.957Z INFO  client] Sending sample transaction 135
[2022-07-23T18:56:11.007Z INFO  client] Sending sample transaction 136
[2022-07-23T18:56:11.057Z INFO  client] Sending sample transaction 137
[2022-07-23T18:56:11.107Z INFO  client] Sending sample transaction 138
[2022-07-23T18:56:11.157Z INFO  client] Sending sample transaction 139
[2022-07-23T18:56:11.207Z INFO  client] Sending sample transaction 140
[2022-07-23T18:56:11.257Z INFO  client] Sending sample transaction 141
[2022-07-23T18:56:11.307Z INFO  client] Sending sample transaction 142
[2022-07-23T18:56:11.357Z INFO  client] Sending sample transaction 143
[2022-07-23T18:56:11.408Z INFO  client] Sending sample transaction 144
[2022-07-23T18:56:11.457Z INFO  client] Sending sample transaction 145
[2022-07-23T18:56:11.506Z INFO  client] Sending sample transaction 146
[2022-07-23T18:56:11.556Z INFO  client] Sending sample transaction 147
[2022-07-23T18:56:11.608Z INFO  client] Sending sample transaction 148
[2022-07-23T18:56:11.658Z INFO  client] Sending sample transaction 149
[2022-07-23T18:56:11.707Z INFO  client] Sending sample transaction 150
[2022-07-23T18:56:11.757Z INFO  client] Sending sample transaction 151
[2022-07-23T18:56:11.807Z INFO  client] Sending sample transaction 152
[2022-07-23T18:56:11.857Z INFO  client] Sending sample transaction 153
[2022-07-23T18:56:11.906Z INFO  client] Sending sample transaction 154
[2022-07-23T18:56:11.956Z INFO  client] Sending sample transaction 155
[2022-07-23T18:56:12.007Z INFO  client] Sending sample transaction 156
[2022-07-23T18:56:12.057Z INFO  client] Sending sample transaction 157
[2022-07-23T18:56:12.107Z INFO  client] Sending sample transaction 158
[2022-07-23T18:56:12.156Z INFO  client] Sending sample transaction 159
[2022-07-23T18:56:12.208Z INFO  client] Sending sample transaction 160
[2022-07-23T18:56:12.257Z INFO  client] Sending sample transaction 161
[2022-07-23T18:56:12.307Z INFO  client] Sending sample transaction 162
[2022-07-23T18:56:12.357Z INFO  client] Sending sample transaction 163
[2022-07-23T18:56:12.409Z INFO  client] Sending sample transaction 164
[2022-07-23T18:56:12.457Z INFO  client] Sending sample transaction 165
[2022-07-23T18:56:12.507Z INFO  client] Sending sample transaction 166
[2022-07-23T18:56:12.557Z INFO  client] Sending sample transaction 167
[2022-07-23T18:56:12.606Z INFO  client] Sending sample transaction 168
[2022-07-23T18:56:12.658Z INFO  client] Sending sample transaction 169
[2022-07-23T18:56:12.706Z INFO  client] Sending sample transaction 170
[2022-07-23T18:56:12.758Z INFO  client] Sending sample transaction 171
[2022-07-23T18:56:12.807Z INFO  client] Sending sample transaction 172
[2022-07-23T18:56:12.857Z INFO  client] Sending sample transaction 173
[2022-07-23T18:56:12.907Z INFO  client] Sending sample transaction 174
[2022-07-23T18:56:12.957Z INFO  client] Sending sample transaction 175
[2022-07-23T18:56:13.007Z INFO  client] Sending sample transaction 176
[2022-07-23T18:56:13.057Z INFO  client] Sending sample transaction 177
[2022-07-23T18:56:13.108Z INFO  client] Sending sample transaction 178
[2022-07-23T18:56:13.157Z INFO  client] Sending sample transaction 179
[2022-07-23T18:56:13.207Z INFO  client] Sending sample transaction 180
[2022-07-23T18:56:13.257Z INFO  client] Sending sample transaction 181
[2022-07-23T18:56:13.307Z INFO  client] Sending sample transaction 182
[2022-07-23T18:56:13.357Z INFO  client] Sending sample transaction 183
[2022-07-23T18:56:13.407Z INFO  client] Sending sample transaction 184
[2022-07-23T18:56:13.457Z INFO  client] Sending sample transaction 185
[2022-07-23T18:56:13.516Z INFO  client] Sending sample transaction 186
[2022-07-23T18:56:13.557Z INFO  client] Sending sample transaction 187
[2022-07-23T18:56:13.606Z INFO  client] Sending sample transaction 188
[2022-07-23T18:56:13.657Z INFO  client] Sending sample transaction 189
[2022-07-23T18:56:13.707Z INFO  client] Sending sample transaction 190
[2022-07-23T18:56:13.756Z INFO  client] Sending sample transaction 191
[2022-07-23T18:56:13.807Z INFO  client] Sending sample transaction 192
[2022-07-23T18:56:13.857Z INFO  client] Sending sample transaction 193
[2022-07-23T18:56:13.907Z INFO  client] Sending sample transaction 194
[2022-07-23T18:56:13.957Z INFO  client] Sending sample transaction 195
[2022-07-23T18:56:14.007Z INFO  client] Sending sample transaction 196
[2022-07-23T18:56:14.056Z INFO  client] Sending sample transaction 197
[2022-07-23T18:56:14.107Z INFO  client] Sending sample transaction 198
[2022-07-23T18:56:14.156Z INFO  client] Sending sample transaction 199
[2022-07-23T18:56:14.207Z INFO  client] Sending sample transaction 200
[2022-07-23T18:56:14.257Z INFO  client] Sending sample transaction 201
[2022-07-23T18:56:14.307Z INFO  client] Sending sample transaction 202
[2022-07-23T18:56:14.356Z INFO  client] Sending sample transaction 203
[2022-07-23T18:56:14.407Z INFO  client] Sending sample transaction 204
[2022-07-23T18:56:14.457Z INFO  client] Sending sample transaction 205
[2022-07-23T18:56:14.506Z INFO  client] Sending sample transaction 206
[2022-07-23T18:56:14.563Z INFO  client] Sending sample transaction 207
[2022-07-23T18:56:14.607Z INFO  client] Sending sample transaction 208
[2022-07-23T18:56:14.657Z INFO  client] Sending sample transaction 209
[2022-07-23T18:56:14.707Z INFO  client] Sending sample transaction 210
[2022-07-23T18:56:14.756Z INFO  client] Sending sample transaction 211
[2022-07-23T18:56:14.806Z INFO  client] Sending sample transaction 212
[2022-07-23T18:56:14.858Z INFO  client] Sending sample transaction 213
[2022-07-23T18:56:14.907Z INFO  client] Sending sample transaction 214
[2022-07-23T18:56:14.957Z INFO  client] Sending sample transaction 215
[2022-07-23T18:56:15.007Z INFO  client] Sending sample transaction 216
[2022-07-23T18:56:15.057Z INFO  client] Sending sample transaction 217
[2022-07-23T18:56:15.108Z INFO  client] Sending sample transaction 218
[2022-07-23T18:56:15.157Z INFO  client] Sending sample transaction 219
[2022-07-23T18:56:15.207Z INFO  client] Sending sample transaction 220
[2022-07-23T18:56:15.258Z INFO  client] Sending sample transaction 221
[2022-07-23T18:56:15.308Z INFO  client] Sending sample transaction 222
[2022-07-23T18:56:15.357Z INFO  client] Sending sample transaction 223
[2022-07-23T18:56:15.409Z INFO  client] Sending sample transaction 224
[2022-07-23T18:56:15.457Z INFO  client] Sending sample transaction 225
[2022-07-23T18:56:15.507Z INFO  client] Sending sample transaction 226
[2022-07-23T18:56:15.557Z INFO  client] Sending sample transaction 227
[2022-07-23T18:56:15.631Z INFO  client] Sending sample transaction 228
[2022-07-23T18:56:15.656Z INFO  client] Sending sample transaction 229
[2022-07-23T18:56:15.707Z INFO  client] Sending sample transaction 230
[2022-07-23T18:56:15.757Z INFO  client] Sending sample transaction 231
[2022-07-23T18:56:15.808Z INFO  client] Sending sample transaction 232
[2022-07-23T18:56:15.858Z INFO  client] Sending sample transaction 233
[2022-07-23T18:56:15.907Z INFO  client] Sending sample transaction 234
[2022-07-23T18:56:15.957Z INFO  client] Sending sample transaction 235
[2022-07-23T18:56:16.007Z INFO  client] Sending sample transaction 236
[2022-07-23T18:56:16.057Z INFO  client] Sending sample transaction 237
[2022-07-23T18:56:16.108Z INFO  client] Sending sample transaction 238
[2022-07-23T18:56:16.157Z INFO  client] Sending sample transaction 239
[2022-07-23T18:56:16.207Z INFO  client] Sending sample transaction 240
[2022-07-23T18:56:16.257Z INFO  client] Sending sample transaction 241
[2022-07-23T18:56:16.307Z INFO  client] Sending sample transaction 242
[2022-07-23T18:56:16.357Z INFO  client] Sending sample transaction 243
[2022-07-23T18:56:16.408Z INFO  client] Sending sample transaction 244
[2022-07-23T18:56:16.457Z INFO  client] Sending sample transaction 245
[2022-07-23T18:56:16.508Z INFO  client] Sending sample transaction 246
[2022-07-23T18:56:16.557Z INFO  client] Sending sample transaction 247
[2022-07-23T18:56:16.607Z INFO  client] Sending sample transaction 248
[2022-07-23T18:56:16.665Z INFO  client] Sending sample transaction 249
[2022-07-23T18:56:16.707Z INFO  client] Sending sample transaction 250
[2022-07-23T18:56:16.757Z INFO  client] Sending sample transaction 251
[2022-07-23T18:56:16.807Z INFO  client] Sending sample transaction 252
[2022-07-23T18:56:16.857Z INFO  client] Sending sample transaction 253
[2022-07-23T18:56:16.907Z INFO  client] Sending sample transaction 254
[2022-07-23T18:56:16.956Z INFO  client] Sending sample transaction 255
[2022-07-23T18:56:17.007Z INFO  client] Sending sample transaction 256
[2022-07-23T18:56:17.057Z INFO  client] Sending sample transaction 257
[2022-07-23T18:56:17.107Z INFO  client] Sending sample transaction 258
[2022-07-23T18:56:17.157Z INFO  client] Sending sample transaction 259
[2022-07-23T18:56:17.208Z INFO  client] Sending sample transaction 260
[2022-07-23T18:56:17.257Z INFO  client] Sending sample transaction 261
[2022-07-23T18:56:17.310Z INFO  client] Sending sample transaction 262
[2022-07-23T18:56:17.357Z INFO  client] Sending sample transaction 263
[2022-07-23T18:56:17.409Z INFO  client] Sending sample transaction 264
[2022-07-23T18:56:17.456Z INFO  client] Sending sample transaction 265
[2022-07-23T18:56:17.508Z INFO  client] Sending sample transaction 266
[2022-07-23T18:56:17.557Z INFO  client] Sending sample transaction 267
[2022-07-23T18:56:17.608Z INFO  client] Sending sample transaction 268
[2022-07-23T18:56:17.659Z INFO  client] Sending sample transaction 269
[2022-07-23T18:56:17.724Z INFO  client] Sending sample transaction 270
[2022-07-23T18:56:17.756Z INFO  client] Sending sample transaction 271
[2022-07-23T18:56:17.806Z INFO  client] Sending sample transaction 272
[2022-07-23T18:56:17.858Z INFO  client] Sending sample transaction 273
[2022-07-23T18:56:17.907Z INFO  client] Sending sample transaction 274
[2022-07-23T18:56:17.956Z INFO  client] Sending sample transaction 275
[2022-07-23T18:56:18.007Z INFO  client] Sending sample transaction 276
[2022-07-23T18:56:18.057Z INFO  client] Sending sample transaction 277
[2022-07-23T18:56:18.107Z INFO  client] Sending sample transaction 278
[2022-07-23T18:56:18.158Z INFO  client] Sending sample transaction 279
[2022-07-23T18:56:18.208Z INFO  client] Sending sample transaction 280
[2022-07-23T18:56:18.258Z INFO  client] Sending sample transaction 281
[2022-07-23T18:56:18.307Z INFO  client] Sending sample transaction 282
[2022-07-23T18:56:18.356Z INFO  client] Sending sample transaction 283
[2022-07-23T18:56:18.408Z INFO  client] Sending sample transaction 284
[2022-07-23T18:56:18.457Z INFO  client] Sending sample transaction 285
[2022-07-23T18:56:18.507Z INFO  client] Sending sample transaction 286
[2022-07-23T18:56:18.557Z INFO  client] Sending sample transaction 287
[2022-07-23T18:56:18.607Z INFO  client] Sending sample transaction 288
[2022-07-23T18:56:18.657Z INFO  client] Sending sample transaction 289
[2022-07-23T18:56:18.707Z INFO  client] Sending sample transaction 290
[2022-07-23T18:56:18.768Z INFO  client] Sending sample transaction 291
[2022-07-23T18:56:18.807Z INFO  client] Sending sample transaction 292
[2022-07-23T18:56:18.857Z INFO  client] Sending sample transaction 293
[2022-07-23T18:56:18.906Z INFO  client] Sending sample transaction 294
[2022-07-23T18:56:18.957Z INFO  client] Sending sample transaction 295
[2022-07-23T18:56:19.007Z INFO  client] Sending sample transaction 296
[2022-07-23T18:56:19.056Z INFO  client] Sending sample transaction 297
[2022-07-23T18:56:19.107Z INFO  client] Sending sample transaction 298
[2022-07-23T18:56:19.156Z INFO  client] Sending sample transaction 299
[2022-07-23T18:56:19.207Z INFO  client] Sending sample transaction 300
[2022-07-23T18:56:19.257Z INFO  client] Sending sample transaction 301
[2022-07-23T18:56:19.308Z INFO  client] Sending sample transaction 302
[2022-07-23T18:56:19.358Z INFO  client] Sending sample transaction 303
[2022-07-23T18:56:19.407Z INFO  client] Sending sample transaction 304
[2022-07-23T18:56:19.457Z INFO  client] Sending sample transaction 305
[2022-07-23T18:56:19.507Z INFO  client] Sending sample transaction 306
[2022-07-23T18:56:19.557Z INFO  client] Sending sample transaction 307
[2022-07-23T18:56:19.607Z INFO  client] Sending sample transaction 308
[2022-07-23T18:56:19.656Z INFO  client] Sending sample transaction 309
[2022-07-23T18:56:19.707Z INFO  client] Sending sample transaction 310
[2022-07-23T18:56:19.757Z INFO  client] Sending sample transaction 311
[2022-07-23T18:56:19.809Z INFO  client] Sending sample transaction 312
[2022-07-23T18:56:19.860Z INFO  client] Sending sample transaction 313
[2022-07-23T18:56:19.907Z INFO  client] Sending sample transaction 314
[2022-07-23T18:56:19.957Z INFO  client] Sending sample transaction 315
[2022-07-23T18:56:20.007Z INFO  client] Sending sample transaction 316
[2022-07-23T18:56:20.057Z INFO  client] Sending sample transaction 317
[2022-07-23T18:56:20.107Z INFO  client] Sending sample transaction 318
[2022-07-23T18:56:20.158Z INFO  client] Sending sample transaction 319
[2022-07-23T18:56:20.206Z INFO  client] Sending sample transaction 320
[2022-07-23T18:56:20.257Z INFO  client] Sending sample transaction 321
[2022-07-23T18:56:20.308Z INFO  client] Sending sample transaction 322
[2022-07-23T18:56:20.358Z INFO  client] Sending sample transaction 323
[2022-07-23T18:56:20.407Z INFO  client] Sending sample transaction 324
[2022-07-23T18:56:20.457Z INFO  client] Sending sample transaction 325
[2022-07-23T18:56:20.507Z INFO  client] Sending sample transaction 326
[2022-07-23T18:56:20.557Z INFO  client] Sending sample transaction 327
[2022-07-23T18:56:20.607Z INFO  client] Sending sample transaction 328
[2022-07-23T18:56:20.657Z INFO  client] Sending sample transaction 329
[2022-07-23T18:56:20.706Z INFO  client] Sending sample transaction 330
[2022-07-23T18:56:20.757Z INFO  client] Sending sample transaction 331
[2022-07-23T18:56:20.806Z INFO  client] Sending sample transaction 332
[2022-07-23T18:56:20.859Z INFO  client] Sending sample transaction 333
[2022-07-23T18:56:20.907Z INFO  client] Sending sample transaction 334
[2022-07-23T18:56:20.957Z INFO  client] Sending sample transaction 335
[2022-07-23T18:56:21.007Z INFO  client] Sending sample transaction 336
[2022-07-23T18:56:21.057Z INFO  client] Sending sample transaction 337
[2022-07-23T18:56:21.108Z INFO  client] Sending sample transaction 338
[2022-07-23T18:56:21.157Z INFO  client] Sending sample transaction 339
[2022-07-23T18:56:21.206Z INFO  client] Sending sample transaction 340
[2022-07-23T18:56:21.257Z INFO  client] Sending sample transaction 341
[2022-07-23T18:56:21.307Z INFO  client] Sending sample transaction 342
[2022-07-23T18:56:21.357Z INFO  client] Sending sample transaction 343
[2022-07-23T18:56:21.407Z INFO  client] Sending sample transaction 344
[2022-07-23T18:56:21.457Z INFO  client] Sending sample transaction 345
[2022-07-23T18:56:21.507Z INFO  client] Sending sample transaction 346
[2022-07-23T18:56:21.557Z INFO  client] Sending sample transaction 347
[2022-07-23T18:56:21.607Z INFO  client] Sending sample transaction 348
[2022-07-23T18:56:21.658Z INFO  client] Sending sample transaction 349
[2022-07-23T18:56:21.707Z INFO  client] Sending sample transaction 350
[2022-07-23T18:56:21.757Z INFO  client] Sending sample transaction 351
[2022-07-23T18:56:21.807Z INFO  client] Sending sample transaction 352
[2022-07-23T18:56:21.857Z INFO  client] Sending sample transaction 353
[2022-07-23T18:56:21.907Z INFO  client] Sending sample transaction 354
[2022-07-23T18:56:21.958Z INFO  client] Sending sample transaction 355
[2022-07-23T18:56:22.007Z INFO  client] Sending sample transaction 356
[2022-07-23T18:56:22.056Z INFO  client] Sending sample transaction 357
[2022-07-23T18:56:22.106Z INFO  client] Sending sample transaction 358
[2022-07-23T18:56:22.157Z INFO  client] Sending sample transaction 359
[2022-07-23T18:56:22.207Z INFO  client] Sending sample transaction 360
[2022-07-23T18:56:22.257Z INFO  client] Sending sample transaction 361
[2022-07-23T18:56:22.307Z INFO  client] Sending sample transaction 362
[2022-07-23T18:56:22.356Z INFO  client] Sending sample transaction 363
[2022-07-23T18:56:22.408Z INFO  client] Sending sample transaction 364
[2022-07-23T18:56:22.457Z INFO  client] Sending sample transaction 365
[2022-07-23T18:56:22.507Z INFO  client] Sending sample transaction 366
[2022-07-23T18:56:22.557Z INFO  client] Sending sample transaction 367
[2022-07-23T18:56:22.607Z INFO  client] Sending sample transaction 368
[2022-07-23T18:56:22.658Z INFO  client] Sending sample transaction 369
[2022-07-23T18:56:22.707Z INFO  client] Sending sample transaction 370
[2022-07-23T18:56:22.757Z INFO  client] Sending sample transaction 371
[2022-07-23T18:56:22.806Z INFO  client] Sending sample transaction 372
[2022-07-23T18:56:22.857Z INFO  client] Sending sample transaction 373
[2022-07-23T18:56:22.907Z INFO  client] Sending sample transaction 374
[2022-07-23T18:56:22.988Z INFO  client] Sending sample transaction 375
[2022-07-23T18:56:23.009Z INFO  client] Sending sample transaction 376
[2022-07-23T18:56:23.057Z INFO  client] Sending sample transaction 377
[2022-07-23T18:56:23.107Z INFO  client] Sending sample transaction 378
[2022-07-23T18:56:23.158Z INFO  client] Sending sample transaction 379
[2022-07-23T18:56:23.207Z INFO  client] Sending sample transaction 380
[2022-07-23T18:56:23.257Z INFO  client] Sending sample transaction 381
[2022-07-23T18:56:23.307Z INFO  client] Sending sample transaction 382
[2022-07-23T18:56:23.357Z INFO  client] Sending sample transaction 383
[2022-07-23T18:56:23.407Z INFO  client] Sending sample transaction 384
[2022-07-23T18:56:23.457Z INFO  client] Sending sample transaction 385
[2022-07-23T18:56:23.507Z INFO  client] Sending sample transaction 386
[2022-07-23T18:56:23.557Z INFO  client] Sending sample transaction 387
[2022-07-23T18:56:23.607Z INFO  client] Sending sample transaction 388
[2022-07-23T18:56:23.658Z INFO  client] Sending sample transaction 389
[2022-07-23T18:56:23.706Z INFO  client] Sending sample transaction 390
[2022-07-23T18:56:23.756Z INFO  client] Sending sample transaction 391
[2022-07-23T18:56:23.808Z INFO  client] Sending sample transaction 392
[2022-07-23T18:56:23.857Z INFO  client] Sending sample transaction 393
[2022-07-23T18:56:23.907Z INFO  client] Sending sample transaction 394
[2022-07-23T18:56:23.957Z INFO  client] Sending sample transaction 395
[2022-07-23T18:56:24.007Z INFO  client] Sending sample transaction 396
[2022-07-23T18:56:24.057Z INFO  client] Sending sample transaction 397
[2022-07-23T18:56:24.107Z INFO  client] Sending sample transaction 398
[2022-07-23T18:56:24.157Z INFO  client] Sending sample transaction 399
[2022-07-23T18:56:24.207Z INFO  client] Sending sample transaction 400
[2022-07-23T18:56:24.257Z INFO  client] Sending sample transaction 401
[2022-07-23T18:56:24.306Z INFO  client] Sending sample transaction 402
[2022-07-23T18:56:24.357Z INFO  client] Sending sample transaction 403
[2022-07-23T18:56:24.406Z INFO  client] Sending sample transaction 404
[2022-07-23T18:56:24.457Z INFO  client] Sending sample transaction 405
[2022-07-23T18:56:24.507Z INFO  client] Sending sample transaction 406
[2022-07-23T18:56:24.557Z INFO  client] Sending sample transaction 407
[2022-07-23T18:56:24.607Z INFO  client] Sending sample transaction 408
[2022-07-23T18:56:24.658Z INFO  client] Sending sample transaction 409
[2022-07-23T18:56:24.707Z INFO  client] Sending sample transaction 410
[2022-07-23T18:56:24.757Z INFO  client] Sending sample transaction 411
[2022-07-23T18:56:24.807Z INFO  client] Sending sample transaction 412
[2022-07-23T18:56:24.857Z INFO  client] Sending sample transaction 413
[2022-07-23T18:56:24.907Z INFO  client] Sending sample transaction 414
[2022-07-23T18:56:24.957Z INFO  client] Sending sample transaction 415
[2022-07-23T18:56:25.007Z INFO  client] Sending sample transaction 416
[2022-07-23T18:56:25.059Z INFO  client] Sending sample transaction 417
[2022-07-23T18:56:25.107Z INFO  client] Sending sample transaction 418
[2022-07-23T18:56:25.156Z INFO  client] Sending sample transaction 419
[2022-07-23T18:56:25.207Z INFO  client] Sending sample transaction 420
[2022-07-23T18:56:25.257Z INFO  client] Sending sample transaction 421
[2022-07-23T18:56:25.307Z INFO  client] Sending sample transaction 422
[2022-07-23T18:56:25.358Z INFO  client] Sending sample transaction 423
[2022-07-23T18:56:25.407Z INFO  client] Sending sample transaction 424
[2022-07-23T18:56:25.457Z INFO  client] Sending sample transaction 425
