[2022-07-24T09:17:29.457Z INFO  client] Node address: 127.0.0.1:9016
[2022-07-24T09:17:29.457Z INFO  client] Transactions size: 512 B
[2022-07-24T09:17:29.457Z INFO  client] Transactions rate: 112 tx/s
[2022-07-24T09:17:29.457Z INFO  client] Waiting for all nodes to be online...
[2022-07-24T09:17:29.457Z INFO  client] Waiting for all nodes to be synchronized...
[2022-07-24T09:17:31.472Z INFO  client] Start sending transactions
[2022-07-24T09:17:31.474Z INFO  client] Sending sample transaction 0
[2022-07-24T09:17:31.525Z INFO  client] Sending sample transaction 1
[2022-07-24T09:17:31.574Z INFO  client] Sending sample transaction 2
[2022-07-24T09:17:31.632Z INFO  client] Sending sample transaction 3
[2022-07-24T09:17:31.677Z INFO  client] Sending sample transaction 4
[2022-07-24T09:17:31.724Z INFO  client] Sending sample transaction 5
[2022-07-24T09:17:31.775Z INFO  client] Sending sample transaction 6
[2022-07-24T09:17:31.825Z INFO  client] Sending sample transaction 7
[2022-07-24T09:17:31.875Z INFO  client] Sending sample transaction 8
[2022-07-24T09:17:31.929Z INFO  client] Sending sample transaction 9
[2022-07-24T09:17:31.974Z INFO  client] Sending sample transaction 10
[2022-07-24T09:17:32.024Z INFO  client] Sending sample transaction 11
[2022-07-24T09:17:32.074Z INFO  client] Sending sample transaction 12
[2022-07-24T09:17:32.127Z INFO  client] Sending sample transaction 13
[2022-07-24T09:17:32.181Z INFO  client] Sending sample transaction 14
[2022-07-24T09:17:32.228Z INFO  client] Sending sample transaction 15
[2022-07-24T09:17:32.274Z INFO  client] Sending sample transaction 16
[2022-07-24T09:17:32.343Z INFO  client] Sending sample transaction 17
[2022-07-24T09:17:32.457Z INFO  client] Sending sample transaction 18
[2022-07-24T09:17:32.475Z INFO  client] Sending sample transaction 19
[2022-07-24T09:17:32.488Z INFO  client] Sending sample transaction 20
[2022-07-24T09:17:32.595Z INFO  client] Sending sample transaction 21
[2022-07-24T09:17:32.597Z INFO  client] Sending sample transaction 22
[2022-07-24T09:17:32.633Z INFO  client] Sending sample transaction 23
[2022-07-24T09:17:32.725Z INFO  client] Sending sample transaction 24
[2022-07-24T09:17:32.725Z INFO  client] Sending sample transaction 25
[2022-07-24T09:17:32.791Z INFO  client] Sending sample transaction 26
[2022-07-24T09:17:32.837Z INFO  client] Sending sample transaction 27
[2022-07-24T09:17:32.897Z INFO  client] Sending sample transaction 28
[2022-07-24T09:17:32.935Z INFO  client] Sending sample transaction 29
[2022-07-24T09:17:32.976Z INFO  client] Sending sample transaction 30
[2022-07-24T09:17:33.024Z INFO  client] Sending sample transaction 31
[2022-07-24T09:17:33.078Z INFO  client] Sending sample transaction 32
[2022-07-24T09:17:33.125Z INFO  client] Sending sample transaction 33
[2022-07-24T09:17:33.175Z INFO  client] Sending sample transaction 34
[2022-07-24T09:17:33.224Z INFO  client] Sending sample transaction 35
[2022-07-24T09:17:33.273Z INFO  client] Sending sample transaction 36
[2022-07-24T09:17:33.324Z INFO  client] Sending sample transaction 37
[2022-07-24T09:17:33.374Z INFO  client] Sending sample transaction 38
[2022-07-24T09:17:33.427Z INFO  client] Sending sample transaction 39
[2022-07-24T09:17:33.476Z INFO  client] Sending sample transaction 40
[2022-07-24T09:17:33.537Z INFO  client] Sending sample transaction 41
[2022-07-24T09:17:33.582Z INFO  client] Sending sample transaction 42
[2022-07-24T09:17:33.629Z INFO  client] Sending sample transaction 43
[2022-07-24T09:17:33.680Z INFO  client] Sending sample transaction 44
[2022-07-24T09:17:33.724Z INFO  client] Sending sample transaction 45
[2022-07-24T09:17:33.774Z INFO  client] Sending sample transaction 46
[2022-07-24T09:17:33.824Z INFO  client] Sending sample transaction 47
[2022-07-24T09:17:33.874Z INFO  client] Sending sample transaction 48
[2022-07-24T09:17:33.942Z INFO  client] Sending sample transaction 49
[2022-07-24T09:17:33.975Z INFO  client] Sending sample transaction 50
[2022-07-24T09:17:34.026Z INFO  client] Sending sample transaction 51
[2022-07-24T09:17:34.074Z INFO  client] Sending sample transaction 52
[2022-07-24T09:17:34.124Z INFO  client] Sending sample transaction 53
[2022-07-24T09:17:34.174Z INFO  client] Sending sample transaction 54
[2022-07-24T09:17:34.252Z INFO  client] Sending sample transaction 55
[2022-07-24T09:17:34.286Z INFO  client] Sending sample transaction 56
[2022-07-24T09:17:34.325Z INFO  client] Sending sample transaction 57
[2022-07-24T09:17:34.375Z INFO  client] Sending sample transaction 58
[2022-07-24T09:17:34.426Z INFO  client] Sending sample transaction 59
[2022-07-24T09:17:34.473Z INFO  client] Sending sample transaction 60
[2022-07-24T09:17:34.525Z INFO  client] Sending sample transaction 61
[2022-07-24T09:17:34.574Z INFO  client] Sending sample transaction 62
[2022-07-24T09:17:34.623Z INFO  client] Sending sample transaction 63
[2022-07-24T09:17:34.674Z INFO  client] Sending sample transaction 64
[2022-07-24T09:17:34.724Z INFO  client] Sending sample transaction 65
[2022-07-24T09:17:34.774Z INFO  client] Sending sample transaction 66
[2022-07-24T09:17:34.824Z INFO  client] Sending sample transaction 67
[2022-07-24T09:17:34.874Z INFO  client] Sending sample transaction 68
[2022-07-24T09:17:34.924Z INFO  client] Sending sample transaction 69
[2022-07-24T09:17:34.974Z INFO  client] Sending sample transaction 70
[2022-07-24T09:17:35.026Z INFO  client] Sending sample transaction 71
[2022-07-24T09:17:35.074Z INFO  client] Sending sample transaction 72
[2022-07-24T09:17:35.124Z INFO  client] Sending sample transaction 73
[2022-07-24T09:17:35.174Z INFO  client] Sending sample transaction 74
[2022-07-24T09:17:35.224Z INFO  client] Sending sample transaction 75
[2022-07-24T09:17:35.274Z INFO  client] Sending sample transaction 76
[2022-07-24T09:17:35.324Z INFO  client] Sending sample transaction 77
[2022-07-24T09:17:35.375Z INFO  client] Sending sample transaction 78
[2022-07-24T09:17:35.424Z INFO  client] Sending sample transaction 79
[2022-07-24T09:17:35.474Z INFO  client] Sending sample transaction 80
[2022-07-24T09:17:35.524Z INFO  client] Sending sample transaction 81
[2022-07-24T09:17:35.574Z INFO  client] Sending sample transaction 82
[2022-07-24T09:17:35.623Z INFO  client] Sending sample transaction 83
[2022-07-24T09:17:35.673Z INFO  client] Sending sample transaction 84
[2022-07-24T09:17:35.724Z INFO  client] Sending sample transaction 85
[2022-07-24T09:17:35.777Z INFO  client] Sending sample transaction 86
[2022-07-24T09:17:35.824Z INFO  client] Sending sample transaction 87
[2022-07-24T09:17:35.874Z INFO  client] Sending sample transaction 88
[2022-07-24T09:17:35.924Z INFO  client] Sending sample transaction 89
[2022-07-24T09:17:35.973Z INFO  client] Sending sample transaction 90
[2022-07-24T09:17:36.024Z INFO  client] Sending sample transaction 91
[2022-07-24T09:17:36.073Z INFO  client] Sending sample transaction 92
[2022-07-24T09:17:36.123Z INFO  client] Sending sample transaction 93
[2022-07-24T09:17:36.174Z INFO  client] Sending sample transaction 94
[2022-07-24T09:17:36.223Z INFO  client] Sending sample transaction 95
[2022-07-24T09:17:36.274Z INFO  client] Sending sample transaction 96
[2022-07-24T09:17:36.324Z INFO  client] Sending sample transaction 97
[2022-07-24T09:17:36.374Z INFO  client] Sending sample transaction 98
[2022-07-24T09:17:36.425Z INFO  client] Sending sample transaction 99
[2022-07-24T09:17:36.479Z INFO  client] Sending sample transaction 100
[2022-07-24T09:17:36.524Z INFO  client] Sending sample transaction 101
[2022-07-24T09:17:36.573Z INFO  client] Sending sample transaction 102
[2022-07-24T09:17:36.629Z INFO  client] Sending sample transaction 103
[2022-07-24T09:17:36.674Z INFO  client] Sending sample transaction 104
[2022-07-24T09:17:36.723Z INFO  client] Sending sample transaction 105
[2022-07-24T09:17:36.773Z INFO  client] Sending sample transaction 106
[2022-07-24T09:17:36.824Z INFO  client] Sending sample transaction 107
[2022-07-24T09:17:36.874Z INFO  client] Sending sample transaction 108
[2022-07-24T09:17:36.924Z INFO  client] Sending sample transaction 109
[2022-07-24T09:17:36.977Z INFO  client] Sending sample transaction 110
[2022-07-24T09:17:37.024Z INFO  client] Sending sample transaction 111
[2022-07-24T09:17:37.073Z INFO  client] Sending sample transaction 112
[2022-07-24T09:17:37.123Z INFO  client] Sending sample transaction 113
[2022-07-24T09:17:37.174Z INFO  client] Sending sample transaction 114
[2022-07-24T09:17:37.223Z INFO  client] Sending sample transaction 115
[2022-07-24T09:17:37.274Z INFO  client] Sending sample transaction 116
[2022-07-24T09:17:37.323Z INFO  client] Sending sample transaction 117
[2022-07-24T09:17:37.373Z INFO  client] Sending sample transaction 118
[2022-07-24T09:17:37.424Z INFO  client] Sending sample transaction 119
[2022-07-24T09:17:37.473Z INFO  client] Sending sample transaction 120
[2022-07-24T09:17:37.524Z INFO  client] Sending sample transaction 121
[2022-07-24T09:17:37.573Z INFO  client] Sending sample transaction 122
[2022-07-24T09:17:37.624Z INFO  client] Sending sample transaction 123
[2022-07-24T09:17:37.674Z INFO  client] Sending sample transaction 124
[2022-07-24T09:17:37.723Z INFO  client] Sending sample transaction 125
[2022-07-24T09:17:37.774Z INFO  client] Sending sample transaction 126
[2022-07-24T09:17:37.829Z INFO  client] Sending sample transaction 127
[2022-07-24T09:17:37.873Z INFO  client] Sending sample transaction 128
[2022-07-24T09:17:37.923Z INFO  client] Sending sample transaction 129
[2022-07-24T09:17:37.973Z INFO  client] Sending sample transaction 130
[2022-07-24T09:17:38.024Z INFO  client] Sending sample transaction 131
[2022-07-24T09:17:38.073Z INFO  client] Sending sample transaction 132
[2022-07-24T09:17:38.124Z INFO  client] Sending sample transaction 133
[2022-07-24T09:17:38.175Z INFO  client] Sending sample transaction 134
[2022-07-24T09:17:38.224Z INFO  client] Sending sample transaction 135
[2022-07-24T09:17:38.274Z INFO  client] Sending sample transaction 136
[2022-07-24T09:17:38.324Z INFO  client] Sending sample transaction 137
[2022-07-24T09:17:38.374Z INFO  client] Sending sample transaction 138
[2022-07-24T09:17:38.423Z INFO  client] Sending sample transaction 139
[2022-07-24T09:17:38.473Z INFO  client] Sending sample transaction 140
[2022-07-24T09:17:38.527Z INFO  client] Sending sample transaction 141
[2022-07-24T09:17:38.580Z INFO  client] Sending sample transaction 142
[2022-07-24T09:17:38.624Z INFO  client] Sending sample transaction 143
[2022-07-24T09:17:38.674Z INFO  client] Sending sample transaction 144
[2022-07-24T09:17:38.732Z INFO  client] Sending sample transaction 145
[2022-07-24T09:17:38.774Z INFO  client] Sending sample transaction 146
[2022-07-24T09:17:38.852Z INFO  client] Sending sample transaction 147
[2022-07-24T09:17:38.876Z INFO  client] Sending sample transaction 148
[2022-07-24T09:17:38.923Z INFO  client] Sending sample transaction 149
[2022-07-24T09:17:38.974Z INFO  client] Sending sample transaction 150
[2022-07-24T09:17:39.023Z INFO  client] Sending sample transaction 151
[2022-07-24T09:17:39.074Z INFO  client] Sending sample transaction 152
[2022-07-24T09:17:39.123Z INFO  client] Sending sample transaction 153
[2022-07-24T09:17:39.174Z INFO  client] Sending sample transaction 154
[2022-07-24T09:17:39.223Z INFO  client] Sending sample transaction 155
[2022-07-24T09:17:39.273Z INFO  client] Sending sample transaction 156
[2022-07-24T09:17:39.324Z INFO  client] Sending sample transaction 157
[2022-07-24T09:17:39.373Z INFO  client] Sending sample transaction 158
[2022-07-24T09:17:39.424Z INFO  client] Sending sample transaction 159
[2022-07-24T09:17:39.473Z INFO  client] Sending sample transaction 160
[2022-07-24T09:17:39.532Z INFO  client] Sending sample transaction 161
[2022-07-24T09:17:39.573Z INFO  client] Sending sample transaction 162
[2022-07-24T09:17:39.624Z INFO  client] Sending sample transaction 163
[2022-07-24T09:17:39.674Z INFO  client] Sending sample transaction 164
[2022-07-24T09:17:39.723Z INFO  client] Sending sample transaction 165
[2022-07-24T09:17:39.774Z INFO  client] Sending sample transaction 166
[2022-07-24T09:17:39.825Z INFO  client] Sending sample transaction 167
[2022-07-24T09:17:39.876Z INFO  client] Sending sample transaction 168
[2022-07-24T09:17:39.928Z INFO  client] Sending sample transaction 169
[2022-07-24T09:17:39.977Z INFO  client] Sending sample transaction 170
[2022-07-24T09:17:40.023Z INFO  client] Sending sample transaction 171
[2022-07-24T09:17:40.074Z INFO  client] Sending sample transaction 172
[2022-07-24T09:17:40.124Z INFO  client] Sending sample transaction 173
[2022-07-24T09:17:40.186Z INFO  client] Sending sample transaction 174
[2022-07-24T09:17:40.224Z INFO  client] Sending sample transaction 175
[2022-07-24T09:17:40.275Z INFO  client] Sending sample transaction 176
[2022-07-24T09:17:40.324Z INFO  client] Sending sample transaction 177
[2022-07-24T09:17:40.374Z INFO  client] Sending sample transaction 178
[2022-07-24T09:17:40.423Z INFO  client] Sending sample transaction 179
[2022-07-24T09:17:40.474Z INFO  client] Sending sample transaction 180
[2022-07-24T09:17:40.524Z INFO  client] Sending sample transaction 181
[2022-07-24T09:17:40.579Z INFO  client] Sending sample transaction 182
[2022-07-24T09:17:40.625Z INFO  client] Sending sample transaction 183
[2022-07-24T09:17:40.674Z INFO  client] Sending sample transaction 184
[2022-07-24T09:17:40.723Z INFO  client] Sending sample transaction 185
[2022-07-24T09:17:40.774Z INFO  client] Sending sample transaction 186
[2022-07-24T09:17:40.824Z INFO  client] Sending sample transaction 187
[2022-07-24T09:17:40.874Z INFO  client] Sending sample transaction 188
[2022-07-24T09:17:40.924Z INFO  client] Sending sample transaction 189
[2022-07-24T09:17:40.973Z INFO  client] Sending sample transaction 190
[2022-07-24T09:17:41.024Z INFO  client] Sending sample transaction 191
[2022-07-24T09:17:41.074Z INFO  client] Sending sample transaction 192
[2022-07-24T09:17:41.124Z INFO  client] Sending sample transaction 193
[2022-07-24T09:17:41.174Z INFO  client] Sending sample transaction 194
[2022-07-24T09:17:41.224Z INFO  client] Sending sample transaction 195
[2022-07-24T09:17:41.273Z INFO  client] Sending sample transaction 196
[2022-07-24T09:17:41.324Z INFO  client] Sending sample transaction 197
[2022-07-24T09:17:41.377Z INFO  client] Sending sample transaction 198
[2022-07-24T09:17:41.424Z INFO  client] Sending sample transaction 199
[2022-07-24T09:17:41.476Z INFO  client] Sending sample transaction 200
[2022-07-24T09:17:41.523Z INFO  client] Sending sample transaction 201
[2022-07-24T09:17:41.574Z INFO  client] Sending sample transaction 202
[2022-07-24T09:17:41.624Z INFO  client] Sending sample transaction 203
[2022-07-24T09:17:41.674Z INFO  client] Sending sample transaction 204
[2022-07-24T09:17:41.724Z INFO  client] Sending sample transaction 205
[2022-07-24T09:17:41.774Z INFO  client] Sending sample transaction 206
[2022-07-24T09:17:41.826Z INFO  client] Sending sample transaction 207
[2022-07-24T09:17:41.873Z INFO  client] Sending sample transaction 208
[2022-07-24T09:17:41.924Z INFO  client] Sending sample transaction 209
[2022-07-24T09:17:41.974Z INFO  client] Sending sample transaction 210
[2022-07-24T09:17:42.026Z INFO  client] Sending sample transaction 211
[2022-07-24T09:17:42.079Z INFO  client] Sending sample transaction 212
[2022-07-24T09:17:42.124Z INFO  client] Sending sample transaction 213
[2022-07-24T09:17:42.175Z INFO  client] Sending sample transaction 214
[2022-07-24T09:17:42.227Z INFO  client] Sending sample transaction 215
[2022-07-24T09:17:42.283Z INFO  client] Sending sample transaction 216
[2022-07-24T09:17:42.324Z INFO  client] Sending sample transaction 217
[2022-07-24T09:17:42.374Z INFO  client] Sending sample transaction 218
[2022-07-24T09:17:42.424Z INFO  client] Sending sample transaction 219
[2022-07-24T09:17:42.473Z INFO  client] Sending sample transaction 220
[2022-07-24T09:17:42.524Z INFO  client] Sending sample transaction 221
[2022-07-24T09:17:42.574Z INFO  client] Sending sample transaction 222
[2022-07-24T09:17:42.624Z INFO  client] Sending sample transaction 223
[2022-07-24T09:17:42.673Z INFO  client] Sending sample transaction 224
[2022-07-24T09:17:42.723Z INFO  client] Sending sample transaction 225
[2022-07-24T09:17:42.773Z INFO  client] Sending sample transaction 226
[2022-07-24T09:17:42.824Z INFO  client] Sending sample transaction 227
[2022-07-24T09:17:42.880Z INFO  client] Sending sample transaction 228
[2022-07-24T09:17:42.923Z INFO  client] Sending sample transaction 229
[2022-07-24T09:17:42.973Z INFO  client] Sending sample transaction 230
[2022-07-24T09:17:43.024Z INFO  client] Sending sample transaction 231
[2022-07-24T09:17:43.073Z INFO  client] Sending sample transaction 232
[2022-07-24T09:17:43.125Z INFO  client] Sending sample transaction 233
[2022-07-24T09:17:43.173Z INFO  client] Sending sample transaction 234
[2022-07-24T09:17:43.226Z INFO  client] Sending sample transaction 235
[2022-07-24T09:17:43.274Z INFO  client] Sending sample transaction 236
[2022-07-24T09:17:43.323Z INFO  client] Sending sample transaction 237
[2022-07-24T09:17:43.374Z INFO  client] Sending sample transaction 238
[2022-07-24T09:17:43.424Z INFO  client] Sending sample transaction 239
[2022-07-24T09:17:43.473Z INFO  client] Sending sample transaction 240
[2022-07-24T09:17:43.524Z INFO  client] Sending sample transaction 241
[2022-07-24T09:17:43.576Z INFO  client] Sending sample transaction 242
[2022-07-24T09:17:43.623Z INFO  client] Sending sample transaction 243
[2022-07-24T09:17:43.674Z INFO  client] Sending sample transaction 244
[2022-07-24T09:17:43.723Z INFO  client] Sending sample transaction 245
[2022-07-24T09:17:43.778Z INFO  client] Sending sample transaction 246
[2022-07-24T09:17:43.824Z INFO  client] Sending sample transaction 247
[2022-07-24T09:17:43.874Z INFO  client] Sending sample transaction 248
[2022-07-24T09:17:43.923Z INFO  client] Sending sample transaction 249
[2022-07-24T09:17:43.973Z INFO  client] Sending sample transaction 250
[2022-07-24T09:17:44.024Z INFO  client] Sending sample transaction 251
[2022-07-24T09:17:44.074Z INFO  client] Sending sample transaction 252
[2022-07-24T09:17:44.158Z INFO  client] Sending sample transaction 253
[2022-07-24T09:17:44.183Z INFO  client] Sending sample transaction 254
[2022-07-24T09:17:44.224Z INFO  client] Sending sample transaction 255
[2022-07-24T09:17:44.275Z INFO  client] Sending sample transaction 256
[2022-07-24T09:17:44.324Z INFO  client] Sending sample transaction 257
[2022-07-24T09:17:44.373Z INFO  client] Sending sample transaction 258
[2022-07-24T09:17:44.424Z INFO  client] Sending sample transaction 259
[2022-07-24T09:17:44.474Z INFO  client] Sending sample transaction 260
[2022-07-24T09:17:44.529Z INFO  client] Sending sample transaction 261
[2022-07-24T09:17:44.574Z INFO  client] Sending sample transaction 262
[2022-07-24T09:17:44.632Z INFO  client] Sending sample transaction 263
[2022-07-24T09:17:44.674Z INFO  client] Sending sample transaction 264
[2022-07-24T09:17:44.723Z INFO  client] Sending sample transaction 265
[2022-07-24T09:17:44.773Z INFO  client] Sending sample transaction 266
[2022-07-24T09:17:44.825Z INFO  client] Sending sample transaction 267
[2022-07-24T09:17:44.874Z INFO  client] Sending sample transaction 268
[2022-07-24T09:17:44.923Z INFO  client] Sending sample transaction 269
[2022-07-24T09:17:44.973Z INFO  client] Sending sample transaction 270
[2022-07-24T09:17:45.023Z INFO  client] Sending sample transaction 271
[2022-07-24T09:17:45.074Z INFO  client] Sending sample transaction 272
[2022-07-24T09:17:45.124Z INFO  client] Sending sample transaction 273
[2022-07-24T09:17:45.174Z INFO  client] Sending sample transaction 274
[2022-07-24T09:17:45.224Z INFO  client] Sending sample transaction 275
[2022-07-24T09:17:45.274Z INFO  client] Sending sample transaction 276
[2022-07-24T09:17:45.323Z INFO  client] Sending sample transaction 277
[2022-07-24T09:17:45.390Z INFO  client] Sending sample transaction 278
[2022-07-24T09:17:45.423Z INFO  client] Sending sample transaction 279
[2022-07-24T09:17:45.473Z INFO  client] Sending sample transaction 280
[2022-07-24T09:17:45.523Z INFO  client] Sending sample transaction 281
[2022-07-24T09:17:45.573Z INFO  client] Sending sample transaction 282
[2022-07-24T09:17:45.624Z INFO  client] Sending sample transaction 283
[2022-07-24T09:17:45.674Z INFO  client] Sending sample transaction 284
[2022-07-24T09:17:45.724Z INFO  client] Sending sample transaction 285
[2022-07-24T09:17:45.774Z INFO  client] Sending sample transaction 286
[2022-07-24T09:17:45.823Z INFO  client] Sending sample transaction 287
[2022-07-24T09:17:45.874Z INFO  client] Sending sample transaction 288
[2022-07-24T09:17:45.924Z INFO  client] Sending sample transaction 289
[2022-07-24T09:17:45.973Z INFO  client] Sending sample transaction 290
[2022-07-24T09:17:46.023Z INFO  client] Sending sample transaction 291
[2022-07-24T09:17:46.074Z INFO  client] Sending sample transaction 292
[2022-07-24T09:17:46.124Z INFO  client] Sending sample transaction 293
[2022-07-24T09:17:46.174Z INFO  client] Sending sample transaction 294
[2022-07-24T09:17:46.223Z INFO  client] Sending sample transaction 295
[2022-07-24T09:17:46.282Z INFO  client] Sending sample transaction 296
[2022-07-24T09:17:46.324Z INFO  client] Sending sample transaction 297
[2022-07-24T09:17:46.374Z INFO  client] Sending sample transaction 298
[2022-07-24T09:17:46.424Z INFO  client] Sending sample transaction 299
[2022-07-24T09:17:46.474Z INFO  client] Sending sample transaction 300
[2022-07-24T09:17:46.524Z INFO  client] Sending sample transaction 301
[2022-07-24T09:17:46.573Z INFO  client] Sending sample transaction 302
[2022-07-24T09:17:46.625Z INFO  client] Sending sample transaction 303
[2022-07-24T09:17:46.673Z INFO  client] Sending sample transaction 304
[2022-07-24T09:17:46.723Z INFO  client] Sending sample transaction 305
[2022-07-24T09:17:46.773Z INFO  client] Sending sample transaction 306
[2022-07-24T09:17:46.824Z INFO  client] Sending sample transaction 307
[2022-07-24T09:17:46.874Z INFO  client] Sending sample transaction 308
[2022-07-24T09:17:46.924Z INFO  client] Sending sample transaction 309
[2022-07-24T09:17:46.974Z INFO  client] Sending sample transaction 310
[2022-07-24T09:17:47.023Z INFO  client] Sending sample transaction 311
[2022-07-24T09:17:47.074Z INFO  client] Sending sample transaction 312
[2022-07-24T09:17:47.123Z INFO  client] Sending sample transaction 313
[2022-07-24T09:17:47.174Z INFO  client] Sending sample transaction 314
[2022-07-24T09:17:47.223Z INFO  client] Sending sample transaction 315
[2022-07-24T09:17:47.274Z INFO  client] Sending sample transaction 316
[2022-07-24T09:17:47.325Z INFO  client] Sending sample transaction 317
[2022-07-24T09:17:47.374Z INFO  client] Sending sample transaction 318
[2022-07-24T09:17:47.424Z INFO  client] Sending sample transaction 319
[2022-07-24T09:17:47.473Z INFO  client] Sending sample transaction 320
[2022-07-24T09:17:47.523Z INFO  client] Sending sample transaction 321
[2022-07-24T09:17:47.574Z INFO  client] Sending sample transaction 322
[2022-07-24T09:17:47.626Z INFO  client] Sending sample transaction 323
[2022-07-24T09:17:47.677Z INFO  client] Sending sample transaction 324
[2022-07-24T09:17:47.723Z INFO  client] Sending sample transaction 325
[2022-07-24T09:17:47.773Z INFO  client] Sending sample transaction 326
[2022-07-24T09:17:47.824Z INFO  client] Sending sample transaction 327
[2022-07-24T09:17:47.874Z INFO  client] Sending sample transaction 328
[2022-07-24T09:17:47.924Z INFO  client] Sending sample transaction 329
[2022-07-24T09:17:47.974Z INFO  client] Sending sample transaction 330
[2022-07-24T09:17:48.024Z INFO  client] Sending sample transaction 331
[2022-07-24T09:17:48.074Z INFO  client] Sending sample transaction 332
[2022-07-24T09:17:48.124Z INFO  client] Sending sample transaction 333
[2022-07-24T09:17:48.180Z INFO  client] Sending sample transaction 334
[2022-07-24T09:17:48.225Z INFO  client] Sending sample transaction 335
[2022-07-24T09:17:48.273Z INFO  client] Sending sample transaction 336
[2022-07-24T09:17:48.343Z INFO  client] Sending sample transaction 337
[2022-07-24T09:17:48.375Z INFO  client] Sending sample transaction 338
[2022-07-24T09:17:48.424Z INFO  client] Sending sample transaction 339
[2022-07-24T09:17:48.474Z INFO  client] Sending sample transaction 340
[2022-07-24T09:17:48.524Z INFO  client] Sending sample transaction 341
[2022-07-24T09:17:48.575Z INFO  client] Sending sample transaction 342
[2022-07-24T09:17:48.628Z INFO  client] Sending sample transaction 343
[2022-07-24T09:17:48.674Z INFO  client] Sending sample transaction 344
[2022-07-24T09:17:48.724Z INFO  client] Sending sample transaction 345
[2022-07-24T09:17:48.774Z INFO  client] Sending sample transaction 346
[2022-07-24T09:17:48.823Z INFO  client] Sending sample transaction 347
[2022-07-24T09:17:48.875Z INFO  client] Sending sample transaction 348
[2022-07-24T09:17:48.929Z INFO  client] Sending sample transaction 349
[2022-07-24T09:17:48.974Z INFO  client] Sending sample transaction 350
[2022-07-24T09:17:49.024Z INFO  client] Sending sample transaction 351
[2022-07-24T09:17:49.079Z INFO  client] Sending sample transaction 352
[2022-07-24T09:17:49.124Z INFO  client] Sending sample transaction 353
[2022-07-24T09:17:49.173Z INFO  client] Sending sample transaction 354
[2022-07-24T09:17:49.224Z INFO  client] Sending sample transaction 355
[2022-07-24T09:17:49.273Z INFO  client] Sending sample transaction 356
[2022-07-24T09:17:49.325Z INFO  client] Sending sample transaction 357
[2022-07-24T09:17:49.374Z INFO  client] Sending sample transaction 358
[2022-07-24T09:17:49.427Z INFO  client] Sending sample transaction 359
[2022-07-24T09:17:49.474Z INFO  client] Sending sample transaction 360
[2022-07-24T09:17:49.524Z INFO  client] Sending sample transaction 361
[2022-07-24T09:17:49.574Z INFO  client] Sending sample transaction 362
[2022-07-24T09:17:49.624Z INFO  client] Sending sample transaction 363
[2022-07-24T09:17:49.674Z INFO  client] Sending sample transaction 364
[2022-07-24T09:17:49.726Z INFO  client] Sending sample transaction 365
[2022-07-24T09:17:49.774Z INFO  client] Sending sample transaction 366
[2022-07-24T09:17:49.824Z INFO  client] Sending sample transaction 367
[2022-07-24T09:17:49.874Z INFO  client] Sending sample transaction 368
[2022-07-24T09:17:49.924Z INFO  client] Sending sample transaction 369
[2022-07-24T09:17:49.974Z INFO  client] Sending sample transaction 370
[2022-07-24T09:17:50.023Z INFO  client] Sending sample transaction 371
[2022-07-24T09:17:50.074Z INFO  client] Sending sample transaction 372
[2022-07-24T09:17:50.128Z INFO  client] Sending sample transaction 373
[2022-07-24T09:17:50.177Z INFO  client] Sending sample transaction 374
[2022-07-24T09:17:50.223Z INFO  client] Sending sample transaction 375
[2022-07-24T09:17:50.274Z INFO  client] Sending sample transaction 376
[2022-07-24T09:17:50.324Z INFO  client] Sending sample transaction 377
[2022-07-24T09:17:50.373Z INFO  client] Sending sample transaction 378
[2022-07-24T09:17:50.430Z INFO  client] Sending sample transaction 379
[2022-07-24T09:17:50.475Z INFO  client] Sending sample transaction 380
[2022-07-24T09:17:50.524Z INFO  client] Sending sample transaction 381
[2022-07-24T09:17:50.573Z INFO  client] Sending sample transaction 382
[2022-07-24T09:17:50.624Z INFO  client] Sending sample transaction 383
[2022-07-24T09:17:50.674Z INFO  client] Sending sample transaction 384
[2022-07-24T09:17:50.724Z INFO  client] Sending sample transaction 385
[2022-07-24T09:17:50.774Z INFO  client] Sending sample transaction 386
[2022-07-24T09:17:50.824Z INFO  client] Sending sample transaction 387
[2022-07-24T09:17:50.874Z INFO  client] Sending sample transaction 388
[2022-07-24T09:17:50.924Z INFO  client] Sending sample transaction 389
[2022-07-24T09:17:50.974Z INFO  client] Sending sample transaction 390
[2022-07-24T09:17:51.024Z INFO  client] Sending sample transaction 391
[2022-07-24T09:17:51.074Z INFO  client] Sending sample transaction 392
[2022-07-24T09:17:51.124Z INFO  client] Sending sample transaction 393
[2022-07-24T09:17:51.174Z INFO  client] Sending sample transaction 394
[2022-07-24T09:17:51.224Z INFO  client] Sending sample transaction 395
[2022-07-24T09:17:51.273Z INFO  client] Sending sample transaction 396
[2022-07-24T09:17:51.323Z INFO  client] Sending sample transaction 397
[2022-07-24T09:17:51.375Z INFO  client] Sending sample transaction 398
[2022-07-24T09:17:51.424Z INFO  client] Sending sample transaction 399
[2022-07-24T09:17:51.473Z INFO  client] Sending sample transaction 400
[2022-07-24T09:17:51.524Z INFO  client] Sending sample transaction 401
[2022-07-24T09:17:51.574Z INFO  client] Sending sample transaction 402
[2022-07-24T09:17:51.623Z INFO  client] Sending sample transaction 403
[2022-07-24T09:17:51.674Z INFO  client] Sending sample transaction 404
[2022-07-24T09:17:51.723Z INFO  client] Sending sample transaction 405
[2022-07-24T09:17:51.774Z INFO  client] Sending sample transaction 406
[2022-07-24T09:17:51.824Z INFO  client] Sending sample transaction 407
[2022-07-24T09:17:51.875Z INFO  client] Sending sample transaction 408
[2022-07-24T09:17:51.924Z INFO  client] Sending sample transaction 409
[2022-07-24T09:17:51.974Z INFO  client] Sending sample transaction 410
[2022-07-24T09:17:52.024Z INFO  client] Sending sample transaction 411
[2022-07-24T09:17:52.073Z INFO  client] Sending sample transaction 412
[2022-07-24T09:17:52.124Z INFO  client] Sending sample transaction 413
[2022-07-24T09:17:52.174Z INFO  client] Sending sample transaction 414
[2022-07-24T09:17:52.224Z INFO  client] Sending sample transaction 415
[2022-07-24T09:17:52.273Z INFO  client] Sending sample transaction 416
[2022-07-24T09:17:52.330Z INFO  client] Sending sample transaction 417
[2022-07-24T09:17:52.374Z INFO  client] Sending sample transaction 418
[2022-07-24T09:17:52.424Z INFO  client] Sending sample transaction 419
[2022-07-24T09:17:52.473Z INFO  client] Sending sample transaction 420
[2022-07-24T09:17:52.542Z INFO  client] Sending sample transaction 421
[2022-07-24T09:17:52.574Z INFO  client] Sending sample transaction 422
[2022-07-24T09:17:52.624Z INFO  client] Sending sample transaction 423
[2022-07-24T09:17:52.676Z INFO  client] Sending sample transaction 424
[2022-07-24T09:17:52.724Z INFO  client] Sending sample transaction 425
[2022-07-24T09:17:52.777Z INFO  client] Sending sample transaction 426
[2022-07-24T09:17:52.824Z INFO  client] Sending sample transaction 427
[2022-07-24T09:17:52.874Z INFO  client] Sending sample transaction 428
[2022-07-24T09:17:52.923Z INFO  client] Sending sample transaction 429
[2022-07-24T09:17:52.975Z INFO  client] Sending sample transaction 430
[2022-07-24T09:17:53.024Z INFO  client] Sending sample transaction 431
