[2022-07-23T18:29:07.299Z INFO  client] Node address: 127.0.0.1:9014
[2022-07-23T18:29:07.300Z INFO  client] Transactions size: 512 B
[2022-07-23T18:29:07.300Z INFO  client] Transactions rate: 112 tx/s
[2022-07-23T18:29:07.300Z INFO  client] Waiting for all nodes to be online...
[2022-07-23T18:29:07.300Z INFO  client] Waiting for all nodes to be synchronized...
[2022-07-23T18:29:09.368Z INFO  client] Start sending transactions
[2022-07-23T18:29:09.443Z INFO  client] Sending sample transaction 0
[2022-07-23T18:29:09.650Z WARN  client] Transaction rate too high for this client
[2022-07-23T18:29:09.651Z INFO  client] Sending sample transaction 1
[2022-07-23T18:29:09.652Z INFO  client] Sending sample transaction 2
[2022-07-23T18:29:09.775Z INFO  client] Sending sample transaction 3
[2022-07-23T18:29:09.776Z WARN  client] Transaction rate too high for this client
[2022-07-23T18:29:09.777Z INFO  client] Sending sample transaction 4
[2022-07-23T18:29:09.797Z INFO  client] Sending sample transaction 5
[2022-07-23T18:29:09.807Z INFO  client] Sending sample transaction 6
[2022-07-23T18:29:09.808Z INFO  client] Sending sample transaction 7
[2022-07-23T18:29:09.808Z INFO  client] Sending sample transaction 8
[2022-07-23T18:29:09.858Z INFO  client] Sending sample transaction 9
[2022-07-23T18:29:09.883Z INFO  client] Sending sample transaction 10
[2022-07-23T18:29:09.936Z INFO  client] Sending sample transaction 11
[2022-07-23T18:29:09.977Z INFO  client] Sending sample transaction 12
[2022-07-23T18:29:10.031Z INFO  client] Sending sample transaction 13
[2022-07-23T18:29:10.072Z INFO  client] Sending sample transaction 14
[2022-07-23T18:29:10.125Z INFO  client] Sending sample transaction 15
[2022-07-23T18:29:10.172Z INFO  client] Sending sample transaction 16
[2022-07-23T18:29:10.222Z INFO  client] Sending sample transaction 17
[2022-07-23T18:29:10.281Z INFO  client] Sending sample transaction 18
[2022-07-23T18:29:10.326Z INFO  client] Sending sample transaction 19
[2022-07-23T18:29:10.372Z INFO  client] Sending sample transaction 20
[2022-07-23T18:29:10.420Z INFO  client] Sending sample transaction 21
[2022-07-23T18:29:10.471Z INFO  client] Sending sample transaction 22
[2022-07-23T18:29:10.523Z INFO  client] Sending sample transaction 23
[2022-07-23T18:29:10.584Z INFO  client] Sending sample transaction 24
[2022-07-23T18:29:10.631Z INFO  client] Sending sample transaction 25
[2022-07-23T18:29:10.699Z INFO  client] Sending sample transaction 26
[2022-07-23T18:29:10.740Z INFO  client] Sending sample transaction 27
[2022-07-23T18:29:10.771Z INFO  client] Sending sample transaction 28
[2022-07-23T18:29:10.875Z INFO  client] Sending sample transaction 29
[2022-07-23T18:29:10.903Z INFO  client] Sending sample transaction 30
[2022-07-23T18:29:10.949Z INFO  client] Sending sample transaction 31
[2022-07-23T18:29:10.997Z INFO  client] Sending sample transaction 32
[2022-07-23T18:29:11.076Z INFO  client] Sending sample transaction 33
[2022-07-23T18:29:11.118Z INFO  client] Sending sample transaction 34
[2022-07-23T18:29:11.135Z INFO  client] Sending sample transaction 35
[2022-07-23T18:29:11.184Z INFO  client] Sending sample transaction 36
[2022-07-23T18:29:11.225Z INFO  client] Sending sample transaction 37
[2022-07-23T18:29:11.273Z INFO  client] Sending sample transaction 38
[2022-07-23T18:29:11.325Z INFO  client] Sending sample transaction 39
[2022-07-23T18:29:11.397Z INFO  client] Sending sample transaction 40
[2022-07-23T18:29:11.425Z INFO  client] Sending sample transaction 41
[2022-07-23T18:29:11.470Z INFO  client] Sending sample transaction 42
[2022-07-23T18:29:11.523Z INFO  client] Sending sample transaction 43
[2022-07-23T18:29:11.571Z INFO  client] Sending sample transaction 44
[2022-07-23T18:29:11.620Z INFO  client] Sending sample transaction 45
[2022-07-23T18:29:11.670Z INFO  client] Sending sample transaction 46
[2022-07-23T18:29:11.720Z INFO  client] Sending sample transaction 47
[2022-07-23T18:29:11.772Z INFO  client] Sending sample transaction 48
[2022-07-23T18:29:11.822Z INFO  client] Sending sample transaction 49
[2022-07-23T18:29:11.871Z INFO  client] Sending sample transaction 50
[2022-07-23T18:29:11.920Z INFO  client] Sending sample transaction 51
[2022-07-23T18:29:11.970Z INFO  client] Sending sample transaction 52
[2022-07-23T18:29:12.020Z INFO  client] Sending sample transaction 53
[2022-07-23T18:29:12.070Z INFO  client] Sending sample transaction 54
[2022-07-23T18:29:12.120Z INFO  client] Sending sample transaction 55
[2022-07-23T18:29:12.171Z INFO  client] Sending sample transaction 56
[2022-07-23T18:29:12.221Z INFO  client] Sending sample transaction 57
[2022-07-23T18:29:12.270Z INFO  client] Sending sample transaction 58
[2022-07-23T18:29:12.320Z INFO  client] Sending sample transaction 59
[2022-07-23T18:29:12.369Z INFO  client] Sending sample transaction 60
[2022-07-23T18:29:12.422Z INFO  client] Sending sample transaction 61
[2022-07-23T18:29:12.469Z INFO  client] Sending sample transaction 62
[2022-07-23T18:29:12.521Z INFO  client] Sending sample transaction 63
[2022-07-23T18:29:12.569Z INFO  client] Sending sample transaction 64
[2022-07-23T18:29:12.651Z INFO  client] Sending sample transaction 65
[2022-07-23T18:29:12.672Z INFO  client] Sending sample transaction 66
[2022-07-23T18:29:12.770Z INFO  client] Sending sample transaction 67
[2022-07-23T18:29:12.788Z INFO  client] Sending sample transaction 68
[2022-07-23T18:29:12.850Z INFO  client] Sending sample transaction 69
[2022-07-23T18:29:12.898Z INFO  client] Sending sample transaction 70
[2022-07-23T18:29:12.926Z INFO  client] Sending sample transaction 71
[2022-07-23T18:29:12.973Z INFO  client] Sending sample transaction 72
[2022-07-23T18:29:13.024Z INFO  client] Sending sample transaction 73
[2022-07-23T18:29:13.071Z INFO  client] Sending sample transaction 74
[2022-07-23T18:29:13.120Z INFO  client] Sending sample transaction 75
[2022-07-23T18:29:13.170Z INFO  client] Sending sample transaction 76
[2022-07-23T18:29:13.220Z INFO  client] Sending sample transaction 77
[2022-07-23T18:29:13.270Z INFO  client] Sending sample transaction 78
[2022-07-23T18:29:13.321Z INFO  client] Sending sample transaction 79
[2022-07-23T18:29:13.369Z INFO  client] Sending sample transaction 80
[2022-07-23T18:29:13.420Z INFO  client] Sending sample transaction 81
[2022-07-23T18:29:13.470Z INFO  client] Sending sample transaction 82
[2022-07-23T18:29:13.521Z INFO  client] Sending sample transaction 83
[2022-07-23T18:29:13.570Z INFO  client] Sending sample transaction 84
[2022-07-23T18:29:13.620Z INFO  client] Sending sample transaction 85
[2022-07-23T18:29:13.698Z INFO  client] Sending sample transaction 86
[2022-07-23T18:29:13.736Z INFO  client] Sending sample transaction 87
[2022-07-23T18:29:13.780Z INFO  client] Sending sample transaction 88
[2022-07-23T18:29:13.844Z INFO  client] Sending sample transaction 89
[2022-07-23T18:29:13.870Z INFO  client] Sending sample transaction 90
[2022-07-23T18:29:13.920Z INFO  client] Sending sample transaction 91
[2022-07-23T18:29:13.970Z INFO  client] Sending sample transaction 92
[2022-07-23T18:29:14.020Z INFO  client] Sending sample transaction 93
[2022-07-23T18:29:14.071Z INFO  client] Sending sample transaction 94
[2022-07-23T18:29:14.120Z INFO  client] Sending sample transaction 95
[2022-07-23T18:29:14.170Z INFO  client] Sending sample transaction 96
[2022-07-23T18:29:14.219Z INFO  client] Sending sample transaction 97
[2022-07-23T18:29:14.270Z INFO  client] Sending sample transaction 98
[2022-07-23T18:29:14.320Z INFO  client] Sending sample transaction 99
[2022-07-23T18:29:14.370Z INFO  client] Sending sample transaction 100
[2022-07-23T18:29:14.420Z INFO  client] Sending sample transaction 101
[2022-07-23T18:29:14.471Z INFO  client] Sending sample transaction 102
[2022-07-23T18:29:14.520Z INFO  client] Sending sample transaction 103
[2022-07-23T18:29:14.570Z INFO  client] Sending sample transaction 104
[2022-07-23T18:29:14.620Z INFO  client] Sending sample transaction 105
[2022-07-23T18:29:14.670Z INFO  client] Sending sample transaction 106
[2022-07-23T18:29:14.720Z INFO  client] Sending sample transaction 107
[2022-07-23T18:29:14.770Z INFO  client] Sending sample transaction 108
[2022-07-23T18:29:14.819Z INFO  client] Sending sample transaction 109
[2022-07-23T18:29:14.870Z INFO  client] Sending sample transaction 110
[2022-07-23T18:29:14.930Z INFO  client] Sending sample transaction 111
[2022-07-23T18:29:14.979Z INFO  client] Sending sample transaction 112
[2022-07-23T18:29:15.058Z INFO  client] Sending sample transaction 113
[2022-07-23T18:29:15.073Z INFO  client] Sending sample transaction 114
[2022-07-23T18:29:15.127Z INFO  client] Sending sample transaction 115
[2022-07-23T18:29:15.178Z INFO  client] Sending sample transaction 116
[2022-07-23T18:29:15.222Z INFO  client] Sending sample transaction 117
[2022-07-23T18:29:15.270Z INFO  client] Sending sample transaction 118
[2022-07-23T18:29:15.321Z INFO  client] Sending sample transaction 119
[2022-07-23T18:29:15.371Z INFO  client] Sending sample transaction 120
[2022-07-23T18:29:15.420Z INFO  client] Sending sample transaction 121
[2022-07-23T18:29:15.470Z INFO  client] Sending sample transaction 122
[2022-07-23T18:29:15.520Z INFO  client] Sending sample transaction 123
[2022-07-23T18:29:15.570Z INFO  client] Sending sample transaction 124
[2022-07-23T18:29:15.619Z INFO  client] Sending sample transaction 125
[2022-07-23T18:29:15.670Z INFO  client] Sending sample transaction 126
[2022-07-23T18:29:15.719Z INFO  client] Sending sample transaction 127
[2022-07-23T18:29:15.770Z INFO  client] Sending sample transaction 128
[2022-07-23T18:29:15.820Z INFO  client] Sending sample transaction 129
[2022-07-23T18:29:15.891Z INFO  client] Sending sample transaction 130
[2022-07-23T18:29:15.947Z INFO  client] Sending sample transaction 131
[2022-07-23T18:29:15.998Z INFO  client] Sending sample transaction 132
[2022-07-23T18:29:16.043Z INFO  client] Sending sample transaction 133
[2022-07-23T18:29:16.070Z INFO  client] Sending sample transaction 134
[2022-07-23T18:29:16.119Z INFO  client] Sending sample transaction 135
[2022-07-23T18:29:16.172Z INFO  client] Sending sample transaction 136
[2022-07-23T18:29:16.221Z INFO  client] Sending sample transaction 137
[2022-07-23T18:29:16.270Z INFO  client] Sending sample transaction 138
[2022-07-23T18:29:16.321Z INFO  client] Sending sample transaction 139
[2022-07-23T18:29:16.370Z INFO  client] Sending sample transaction 140
[2022-07-23T18:29:16.420Z INFO  client] Sending sample transaction 141
[2022-07-23T18:29:16.471Z INFO  client] Sending sample transaction 142
[2022-07-23T18:29:16.521Z INFO  client] Sending sample transaction 143
[2022-07-23T18:29:16.570Z INFO  client] Sending sample transaction 144
[2022-07-23T18:29:16.620Z INFO  client] Sending sample transaction 145
[2022-07-23T18:29:16.670Z INFO  client] Sending sample transaction 146
[2022-07-23T18:29:16.720Z INFO  client] Sending sample transaction 147
[2022-07-23T18:29:16.770Z INFO  client] Sending sample transaction 148
[2022-07-23T18:29:16.820Z INFO  client] Sending sample transaction 149
[2022-07-23T18:29:16.870Z INFO  client] Sending sample transaction 150
[2022-07-23T18:29:16.920Z INFO  client] Sending sample transaction 151
[2022-07-23T18:29:16.992Z INFO  client] Sending sample transaction 152
[2022-07-23T18:29:17.059Z INFO  client] Sending sample transaction 153
[2022-07-23T18:29:17.099Z INFO  client] Sending sample transaction 154
[2022-07-23T18:29:17.119Z INFO  client] Sending sample transaction 155
[2022-07-23T18:29:17.170Z INFO  client] Sending sample transaction 156
[2022-07-23T18:29:17.230Z INFO  client] Sending sample transaction 157
[2022-07-23T18:29:17.270Z INFO  client] Sending sample transaction 158
[2022-07-23T18:29:17.320Z INFO  client] Sending sample transaction 159
[2022-07-23T18:29:17.370Z INFO  client] Sending sample transaction 160
[2022-07-23T18:29:17.420Z INFO  client] Sending sample transaction 161
[2022-07-23T18:29:17.470Z INFO  client] Sending sample transaction 162
[2022-07-23T18:29:17.520Z INFO  client] Sending sample transaction 163
[2022-07-23T18:29:17.570Z INFO  client] Sending sample transaction 164
[2022-07-23T18:29:17.620Z INFO  client] Sending sample transaction 165
[2022-07-23T18:29:17.671Z INFO  client] Sending sample transaction 166
[2022-07-23T18:29:17.721Z INFO  client] Sending sample transaction 167
[2022-07-23T18:29:17.771Z INFO  client] Sending sample transaction 168
[2022-07-23T18:29:17.820Z INFO  client] Sending sample transaction 169
[2022-07-23T18:29:17.871Z INFO  client] Sending sample transaction 170
[2022-07-23T18:29:17.920Z INFO  client] Sending sample transaction 171
[2022-07-23T18:29:17.970Z INFO  client] Sending sample transaction 172
[2022-07-23T18:29:18.020Z INFO  client] Sending sample transaction 173
[2022-07-23T18:29:18.070Z INFO  client] Sending sample transaction 174
[2022-07-23T18:29:18.119Z INFO  client] Sending sample transaction 175
[2022-07-23T18:29:18.170Z INFO  client] Sending sample transaction 176
[2022-07-23T18:29:18.219Z INFO  client] Sending sample transaction 177
[2022-07-23T18:29:18.271Z INFO  client] Sending sample transaction 178
[2022-07-23T18:29:18.320Z INFO  client] Sending sample transaction 179
[2022-07-23T18:29:18.371Z INFO  client] Sending sample transaction 180
[2022-07-23T18:29:18.420Z INFO  client] Sending sample transaction 181
[2022-07-23T18:29:18.470Z INFO  client] Sending sample transaction 182
[2022-07-23T18:29:18.521Z INFO  client] Sending sample transaction 183
[2022-07-23T18:29:18.570Z INFO  client] Sending sample transaction 184
[2022-07-23T18:29:18.620Z INFO  client] Sending sample transaction 185
[2022-07-23T18:29:18.670Z INFO  client] Sending sample transaction 186
[2022-07-23T18:29:18.720Z INFO  client] Sending sample transaction 187
[2022-07-23T18:29:18.770Z INFO  client] Sending sample transaction 188
[2022-07-23T18:29:18.820Z INFO  client] Sending sample transaction 189
[2022-07-23T18:29:18.871Z INFO  client] Sending sample transaction 190
[2022-07-23T18:29:18.920Z INFO  client] Sending sample transaction 191
[2022-07-23T18:29:18.970Z INFO  client] Sending sample transaction 192
[2022-07-23T18:29:19.021Z INFO  client] Sending sample transaction 193
[2022-07-23T18:29:19.070Z INFO  client] Sending sample transaction 194
[2022-07-23T18:29:19.120Z INFO  client] Sending sample transaction 195
[2022-07-23T18:29:19.170Z INFO  client] Sending sample transaction 196
[2022-07-23T18:29:19.224Z INFO  client] Sending sample transaction 197
[2022-07-23T18:29:19.326Z INFO  client] Sending sample transaction 198
[2022-07-23T18:29:19.391Z INFO  client] Sending sample transaction 199
[2022-07-23T18:29:19.392Z INFO  client] Sending sample transaction 200
[2022-07-23T18:29:19.457Z INFO  client] Sending sample transaction 201
[2022-07-23T18:29:19.474Z INFO  client] Sending sample transaction 202
[2022-07-23T18:29:19.520Z INFO  client] Sending sample transaction 203
[2022-07-23T18:29:19.572Z INFO  client] Sending sample transaction 204
[2022-07-23T18:29:19.620Z INFO  client] Sending sample transaction 205
[2022-07-23T18:29:19.670Z INFO  client] Sending sample transaction 206
[2022-07-23T18:29:19.719Z INFO  client] Sending sample transaction 207
[2022-07-23T18:29:19.770Z INFO  client] Sending sample transaction 208
[2022-07-23T18:29:19.821Z INFO  client] Sending sample transaction 209
[2022-07-23T18:29:19.870Z INFO  client] Sending sample transaction 210
[2022-07-23T18:29:19.922Z INFO  client] Sending sample transaction 211
[2022-07-23T18:29:19.970Z INFO  client] Sending sample transaction 212
[2022-07-23T18:29:20.020Z INFO  client] Sending sample transaction 213
[2022-07-23T18:29:20.070Z INFO  client] Sending sample transaction 214
[2022-07-23T18:29:20.120Z INFO  client] Sending sample transaction 215
[2022-07-23T18:29:20.170Z INFO  client] Sending sample transaction 216
[2022-07-23T18:29:20.220Z INFO  client] Sending sample transaction 217
[2022-07-23T18:29:20.270Z INFO  client] Sending sample transaction 218
[2022-07-23T18:29:20.320Z INFO  client] Sending sample transaction 219
[2022-07-23T18:29:20.370Z INFO  client] Sending sample transaction 220
[2022-07-23T18:29:20.420Z INFO  client] Sending sample transaction 221
[2022-07-23T18:29:20.470Z INFO  client] Sending sample transaction 222
[2022-07-23T18:29:20.521Z INFO  client] Sending sample transaction 223
[2022-07-23T18:29:20.570Z INFO  client] Sending sample transaction 224
[2022-07-23T18:29:20.620Z INFO  client] Sending sample transaction 225
[2022-07-23T18:29:20.732Z INFO  client] Sending sample transaction 226
[2022-07-23T18:29:20.733Z INFO  client] Sending sample transaction 227
[2022-07-23T18:29:20.781Z INFO  client] Sending sample transaction 228
[2022-07-23T18:29:20.845Z INFO  client] Sending sample transaction 229
[2022-07-23T18:29:20.870Z INFO  client] Sending sample transaction 230
[2022-07-23T18:29:20.921Z INFO  client] Sending sample transaction 231
[2022-07-23T18:29:20.971Z INFO  client] Sending sample transaction 232
[2022-07-23T18:29:21.020Z INFO  client] Sending sample transaction 233
[2022-07-23T18:29:21.069Z INFO  client] Sending sample transaction 234
[2022-07-23T18:29:21.119Z INFO  client] Sending sample transaction 235
[2022-07-23T18:29:21.170Z INFO  client] Sending sample transaction 236
[2022-07-23T18:29:21.220Z INFO  client] Sending sample transaction 237
[2022-07-23T18:29:21.269Z INFO  client] Sending sample transaction 238
[2022-07-23T18:29:21.320Z INFO  client] Sending sample transaction 239
[2022-07-23T18:29:21.370Z INFO  client] Sending sample transaction 240
[2022-07-23T18:29:21.420Z INFO  client] Sending sample transaction 241
[2022-07-23T18:29:21.471Z INFO  client] Sending sample transaction 242
[2022-07-23T18:29:21.526Z INFO  client] Sending sample transaction 243
[2022-07-23T18:29:21.571Z INFO  client] Sending sample transaction 244
[2022-07-23T18:29:21.619Z INFO  client] Sending sample transaction 245
[2022-07-23T18:29:21.671Z INFO  client] Sending sample transaction 246
[2022-07-23T18:29:21.764Z INFO  client] Sending sample transaction 247
[2022-07-23T18:29:21.804Z INFO  client] Sending sample transaction 248
[2022-07-23T18:29:21.859Z INFO  client] Sending sample transaction 249
[2022-07-23T18:29:21.870Z INFO  client] Sending sample transaction 250
[2022-07-23T18:29:21.920Z INFO  client] Sending sample transaction 251
[2022-07-23T18:29:21.973Z INFO  client] Sending sample transaction 252
[2022-07-23T18:29:22.022Z INFO  client] Sending sample transaction 253
[2022-07-23T18:29:22.072Z INFO  client] Sending sample transaction 254
[2022-07-23T18:29:22.120Z INFO  client] Sending sample transaction 255
[2022-07-23T18:29:22.172Z INFO  client] Sending sample transaction 256
[2022-07-23T18:29:22.220Z INFO  client] Sending sample transaction 257
[2022-07-23T18:29:22.270Z INFO  client] Sending sample transaction 258
[2022-07-23T18:29:22.319Z INFO  client] Sending sample transaction 259
[2022-07-23T18:29:22.369Z INFO  client] Sending sample transaction 260
[2022-07-23T18:29:22.419Z INFO  client] Sending sample transaction 261
[2022-07-23T18:29:22.471Z INFO  client] Sending sample transaction 262
[2022-07-23T18:29:22.520Z INFO  client] Sending sample transaction 263
[2022-07-23T18:29:22.570Z INFO  client] Sending sample transaction 264
[2022-07-23T18:29:22.619Z INFO  client] Sending sample transaction 265
[2022-07-23T18:29:22.669Z INFO  client] Sending sample transaction 266
[2022-07-23T18:29:22.720Z INFO  client] Sending sample transaction 267
[2022-07-23T18:29:22.770Z INFO  client] Sending sample transaction 268
[2022-07-23T18:29:22.820Z INFO  client] Sending sample transaction 269
[2022-07-23T18:29:22.870Z INFO  client] Sending sample transaction 270
[2022-07-23T18:29:22.920Z INFO  client] Sending sample transaction 271
[2022-07-23T18:29:22.970Z INFO  client] Sending sample transaction 272
[2022-07-23T18:29:23.020Z INFO  client] Sending sample transaction 273
[2022-07-23T18:29:23.069Z INFO  client] Sending sample transaction 274
[2022-07-23T18:29:23.120Z INFO  client] Sending sample transaction 275
[2022-07-23T18:29:23.178Z INFO  client] Sending sample transaction 276
[2022-07-23T18:29:23.257Z INFO  client] Sending sample transaction 277
[2022-07-23T18:29:23.300Z INFO  client] Sending sample transaction 278
[2022-07-23T18:29:23.321Z INFO  client] Sending sample transaction 279
[2022-07-23T18:29:23.370Z INFO  client] Sending sample transaction 280
[2022-07-23T18:29:23.421Z INFO  client] Sending sample transaction 281
[2022-07-23T18:29:23.470Z INFO  client] Sending sample transaction 282
[2022-07-23T18:29:23.521Z INFO  client] Sending sample transaction 283
[2022-07-23T18:29:23.570Z INFO  client] Sending sample transaction 284
[2022-07-23T18:29:23.622Z INFO  client] Sending sample transaction 285
[2022-07-23T18:29:23.671Z INFO  client] Sending sample transaction 286
[2022-07-23T18:29:23.721Z INFO  client] Sending sample transaction 287
[2022-07-23T18:29:23.770Z INFO  client] Sending sample transaction 288
[2022-07-23T18:29:23.820Z INFO  client] Sending sample transaction 289
[2022-07-23T18:29:23.870Z INFO  client] Sending sample transaction 290
[2022-07-23T18:29:23.919Z INFO  client] Sending sample transaction 291
[2022-07-23T18:29:23.971Z INFO  client] Sending sample transaction 292
[2022-07-23T18:29:24.019Z INFO  client] Sending sample transaction 293
[2022-07-23T18:29:24.069Z INFO  client] Sending sample transaction 294
[2022-07-23T18:29:24.120Z INFO  client] Sending sample transaction 295
[2022-07-23T18:29:24.170Z INFO  client] Sending sample transaction 296
[2022-07-23T18:29:24.220Z INFO  client] Sending sample transaction 297
[2022-07-23T18:29:24.270Z INFO  client] Sending sample transaction 298
[2022-07-23T18:29:24.320Z INFO  client] Sending sample transaction 299
[2022-07-23T18:29:24.370Z INFO  client] Sending sample transaction 300
[2022-07-23T18:29:24.420Z INFO  client] Sending sample transaction 301
[2022-07-23T18:29:24.470Z INFO  client] Sending sample transaction 302
[2022-07-23T18:29:24.520Z INFO  client] Sending sample transaction 303
[2022-07-23T18:29:24.570Z INFO  client] Sending sample transaction 304
[2022-07-23T18:29:24.620Z INFO  client] Sending sample transaction 305
[2022-07-23T18:29:24.670Z INFO  client] Sending sample transaction 306
[2022-07-23T18:29:24.720Z INFO  client] Sending sample transaction 307
[2022-07-23T18:29:24.770Z INFO  client] Sending sample transaction 308
[2022-07-23T18:29:24.820Z INFO  client] Sending sample transaction 309
[2022-07-23T18:29:24.901Z INFO  client] Sending sample transaction 310
[2022-07-23T18:29:24.939Z INFO  client] Sending sample transaction 311
[2022-07-23T18:29:24.978Z INFO  client] Sending sample transaction 312
[2022-07-23T18:29:25.020Z INFO  client] Sending sample transaction 313
[2022-07-23T18:29:25.071Z INFO  client] Sending sample transaction 314
[2022-07-23T18:29:25.120Z INFO  client] Sending sample transaction 315
[2022-07-23T18:29:25.170Z INFO  client] Sending sample transaction 316
[2022-07-23T18:29:25.219Z INFO  client] Sending sample transaction 317
[2022-07-23T18:29:25.271Z INFO  client] Sending sample transaction 318
[2022-07-23T18:29:25.320Z INFO  client] Sending sample transaction 319
[2022-07-23T18:29:25.371Z INFO  client] Sending sample transaction 320
[2022-07-23T18:29:25.420Z INFO  client] Sending sample transaction 321
[2022-07-23T18:29:25.470Z INFO  client] Sending sample transaction 322
[2022-07-23T18:29:25.520Z INFO  client] Sending sample transaction 323
[2022-07-23T18:29:25.570Z INFO  client] Sending sample transaction 324
[2022-07-23T18:29:25.620Z INFO  client] Sending sample transaction 325
[2022-07-23T18:29:25.670Z INFO  client] Sending sample transaction 326
[2022-07-23T18:29:25.730Z INFO  client] Sending sample transaction 327
[2022-07-23T18:29:25.772Z INFO  client] Sending sample transaction 328
[2022-07-23T18:29:25.821Z INFO  client] Sending sample transaction 329
[2022-07-23T18:29:25.870Z INFO  client] Sending sample transaction 330
[2022-07-23T18:29:25.922Z INFO  client] Sending sample transaction 331
[2022-07-23T18:29:25.971Z INFO  client] Sending sample transaction 332
[2022-07-23T18:29:26.020Z INFO  client] Sending sample transaction 333
[2022-07-23T18:29:26.070Z INFO  client] Sending sample transaction 334
[2022-07-23T18:29:26.120Z INFO  client] Sending sample transaction 335
[2022-07-23T18:29:26.169Z INFO  client] Sending sample transaction 336
[2022-07-23T18:29:26.220Z INFO  client] Sending sample transaction 337
[2022-07-23T18:29:26.271Z INFO  client] Sending sample transaction 338
[2022-07-23T18:29:26.320Z INFO  client] Sending sample transaction 339
[2022-07-23T18:29:26.371Z INFO  client] Sending sample transaction 340
[2022-07-23T18:29:26.420Z INFO  client] Sending sample transaction 341
[2022-07-23T18:29:26.470Z INFO  client] Sending sample transaction 342
[2022-07-23T18:29:26.523Z INFO  client] Sending sample transaction 343
[2022-07-23T18:29:26.589Z INFO  client] Sending sample transaction 344
[2022-07-23T18:29:26.640Z INFO  client] Sending sample transaction 345
[2022-07-23T18:29:26.677Z INFO  client] Sending sample transaction 346
[2022-07-23T18:29:26.720Z INFO  client] Sending sample transaction 347
[2022-07-23T18:29:26.770Z INFO  client] Sending sample transaction 348
[2022-07-23T18:29:26.820Z INFO  client] Sending sample transaction 349
[2022-07-23T18:29:26.870Z INFO  client] Sending sample transaction 350
[2022-07-23T18:29:26.920Z INFO  client] Sending sample transaction 351
[2022-07-23T18:29:26.970Z INFO  client] Sending sample transaction 352
[2022-07-23T18:29:27.020Z INFO  client] Sending sample transaction 353
[2022-07-23T18:29:27.070Z INFO  client] Sending sample transaction 354
[2022-07-23T18:29:27.120Z INFO  client] Sending sample transaction 355
[2022-07-23T18:29:27.171Z INFO  client] Sending sample transaction 356
[2022-07-23T18:29:27.220Z INFO  client] Sending sample transaction 357
[2022-07-23T18:29:27.270Z INFO  client] Sending sample transaction 358
[2022-07-23T18:29:27.320Z INFO  client] Sending sample transaction 359
[2022-07-23T18:29:27.370Z INFO  client] Sending sample transaction 360
[2022-07-23T18:29:27.420Z INFO  client] Sending sample transaction 361
[2022-07-23T18:29:27.517Z INFO  client] Sending sample transaction 362
[2022-07-23T18:29:27.545Z INFO  client] Sending sample transaction 363
[2022-07-23T18:29:27.588Z INFO  client] Sending sample transaction 364
[2022-07-23T18:29:27.630Z INFO  client] Sending sample transaction 365
[2022-07-23T18:29:27.669Z INFO  client] Sending sample transaction 366
[2022-07-23T18:29:27.720Z INFO  client] Sending sample transaction 367
[2022-07-23T18:29:27.771Z INFO  client] Sending sample transaction 368
[2022-07-23T18:29:27.857Z INFO  client] Sending sample transaction 369
[2022-07-23T18:29:27.904Z INFO  client] Sending sample transaction 370
[2022-07-23T18:29:27.930Z INFO  client] Sending sample transaction 371
[2022-07-23T18:29:27.971Z INFO  client] Sending sample transaction 372
[2022-07-23T18:29:28.020Z INFO  client] Sending sample transaction 373
[2022-07-23T18:29:28.070Z INFO  client] Sending sample transaction 374
[2022-07-23T18:29:28.119Z INFO  client] Sending sample transaction 375
[2022-07-23T18:29:28.170Z INFO  client] Sending sample transaction 376
[2022-07-23T18:29:28.221Z INFO  client] Sending sample transaction 377
[2022-07-23T18:29:28.270Z INFO  client] Sending sample transaction 378
[2022-07-23T18:29:28.321Z INFO  client] Sending sample transaction 379
[2022-07-23T18:29:28.370Z INFO  client] Sending sample transaction 380
[2022-07-23T18:29:28.420Z INFO  client] Sending sample transaction 381
[2022-07-23T18:29:28.486Z INFO  client] Sending sample transaction 382
[2022-07-23T18:29:28.528Z INFO  client] Sending sample transaction 383
[2022-07-23T18:29:28.576Z INFO  client] Sending sample transaction 384
[2022-07-23T18:29:28.651Z INFO  client] Sending sample transaction 385
[2022-07-23T18:29:28.670Z INFO  client] Sending sample transaction 386
[2022-07-23T18:29:28.720Z INFO  client] Sending sample transaction 387
[2022-07-23T18:29:28.772Z INFO  client] Sending sample transaction 388
[2022-07-23T18:29:28.820Z INFO  client] Sending sample transaction 389
[2022-07-23T18:29:28.870Z INFO  client] Sending sample transaction 390
[2022-07-23T18:29:28.920Z INFO  client] Sending sample transaction 391
[2022-07-23T18:29:28.981Z INFO  client] Sending sample transaction 392
[2022-07-23T18:29:29.020Z INFO  client] Sending sample transaction 393
[2022-07-23T18:29:29.070Z INFO  client] Sending sample transaction 394
[2022-07-23T18:29:29.120Z INFO  client] Sending sample transaction 395
[2022-07-23T18:29:29.170Z INFO  client] Sending sample transaction 396
[2022-07-23T18:29:29.220Z INFO  client] Sending sample transaction 397
[2022-07-23T18:29:29.270Z INFO  client] Sending sample transaction 398
[2022-07-23T18:29:29.320Z INFO  client] Sending sample transaction 399
[2022-07-23T18:29:29.370Z INFO  client] Sending sample transaction 400
[2022-07-23T18:29:29.420Z INFO  client] Sending sample transaction 401
[2022-07-23T18:29:29.470Z INFO  client] Sending sample transaction 402
[2022-07-23T18:29:29.520Z INFO  client] Sending sample transaction 403
[2022-07-23T18:29:29.570Z INFO  client] Sending sample transaction 404
[2022-07-23T18:29:29.619Z INFO  client] Sending sample transaction 405
[2022-07-23T18:29:29.670Z INFO  client] Sending sample transaction 406
[2022-07-23T18:29:29.720Z INFO  client] Sending sample transaction 407
[2022-07-23T18:29:29.771Z INFO  client] Sending sample transaction 408
[2022-07-23T18:29:29.821Z INFO  client] Sending sample transaction 409
[2022-07-23T18:29:29.885Z INFO  client] Sending sample transaction 410
[2022-07-23T18:29:29.938Z INFO  client] Sending sample transaction 411
[2022-07-23T18:29:30.013Z INFO  client] Sending sample transaction 412
[2022-07-23T18:29:30.037Z INFO  client] Sending sample transaction 413
[2022-07-23T18:29:30.076Z INFO  client] Sending sample transaction 414
[2022-07-23T18:29:30.119Z INFO  client] Sending sample transaction 415
[2022-07-23T18:29:30.170Z INFO  client] Sending sample transaction 416
[2022-07-23T18:29:30.221Z INFO  client] Sending sample transaction 417
[2022-07-23T18:29:30.270Z INFO  client] Sending sample transaction 418
[2022-07-23T18:29:30.321Z INFO  client] Sending sample transaction 419
[2022-07-23T18:29:30.370Z INFO  client] Sending sample transaction 420
[2022-07-23T18:29:30.421Z INFO  client] Sending sample transaction 421
[2022-07-23T18:29:30.475Z INFO  client] Sending sample transaction 422
[2022-07-23T18:29:30.520Z INFO  client] Sending sample transaction 423
[2022-07-23T18:29:30.570Z INFO  client] Sending sample transaction 424
[2022-07-23T18:29:30.620Z INFO  client] Sending sample transaction 425
[2022-07-23T18:29:30.670Z INFO  client] Sending sample transaction 426
[2022-07-23T18:29:30.723Z INFO  client] Sending sample transaction 427
[2022-07-23T18:29:30.774Z INFO  client] Sending sample transaction 428
[2022-07-23T18:29:30.821Z INFO  client] Sending sample transaction 429
[2022-07-23T18:29:30.871Z INFO  client] Sending sample transaction 430
[2022-07-23T18:29:30.927Z INFO  client] Sending sample transaction 431
[2022-07-23T18:29:30.969Z INFO  client] Sending sample transaction 432
[2022-07-23T18:29:31.020Z INFO  client] Sending sample transaction 433
[2022-07-23T18:29:31.078Z INFO  client] Sending sample transaction 434
