[2022-07-23T17:01:40.238Z INFO  client] Node address: 127.0.0.1:9014
[2022-07-23T17:01:40.238Z INFO  client] Transactions size: 512 B
[2022-07-23T17:01:40.238Z INFO  client] Transactions rate: 112 tx/s
[2022-07-23T17:01:40.238Z INFO  client] Waiting for all nodes to be online...
[2022-07-23T17:01:40.238Z INFO  client] Waiting for all nodes to be synchronized...
[2022-07-23T17:01:42.247Z INFO  client] Start sending transactions
[2022-07-23T17:01:42.250Z INFO  client] Sending sample transaction 0
[2022-07-23T17:01:42.301Z INFO  client] Sending sample transaction 1
[2022-07-23T17:01:42.350Z INFO  client] Sending sample transaction 2
[2022-07-23T17:01:42.402Z INFO  client] Sending sample transaction 3
[2022-07-23T17:01:42.449Z INFO  client] Sending sample transaction 4
[2022-07-23T17:01:42.563Z INFO  client] Sending sample transaction 5
[2022-07-23T17:01:42.642Z INFO  client] Sending sample transaction 6
[2022-07-23T17:01:42.687Z INFO  client] Sending sample transaction 7
[2022-07-23T17:01:42.731Z INFO  client] Sending sample transaction 8
[2022-07-23T17:01:42.732Z INFO  client] Sending sample transaction 9
[2022-07-23T17:01:42.772Z INFO  client] Sending sample transaction 10
[2022-07-23T17:01:42.813Z INFO  client] Sending sample transaction 11
[2022-07-23T17:01:42.866Z INFO  client] Sending sample transaction 12
[2022-07-23T17:01:42.903Z INFO  client] Sending sample transaction 13
[2022-07-23T17:01:42.961Z INFO  client] Sending sample transaction 14
[2022-07-23T17:01:43.003Z INFO  client] Sending sample transaction 15
[2022-07-23T17:01:43.053Z INFO  client] Sending sample transaction 16
[2022-07-23T17:01:43.147Z INFO  client] Sending sample transaction 17
[2022-07-23T17:01:43.168Z INFO  client] Sending sample transaction 18
[2022-07-23T17:01:43.241Z INFO  client] Sending sample transaction 19
[2022-07-23T17:01:43.268Z INFO  client] Sending sample transaction 20
[2022-07-23T17:01:43.309Z INFO  client] Sending sample transaction 21
[2022-07-23T17:01:43.364Z INFO  client] Sending sample transaction 22
[2022-07-23T17:01:43.450Z INFO  client] Sending sample transaction 23
[2022-07-23T17:01:43.480Z INFO  client] Sending sample transaction 24
[2022-07-23T17:01:43.543Z INFO  client] Sending sample transaction 25
[2022-07-23T17:01:43.579Z INFO  client] Sending sample transaction 26
[2022-07-23T17:01:43.632Z INFO  client] Sending sample transaction 27
[2022-07-23T17:01:43.706Z INFO  client] Sending sample transaction 28
[2022-07-23T17:01:43.832Z WARN  client] Transaction rate too high for this client
[2022-07-23T17:01:43.874Z INFO  client] Sending sample transaction 29
[2022-07-23T17:01:43.875Z INFO  client] Sending sample transaction 30
[2022-07-23T17:01:43.971Z INFO  client] Sending sample transaction 31
[2022-07-23T17:01:43.972Z INFO  client] Sending sample transaction 32
[2022-07-23T17:01:43.973Z INFO  client] Sending sample transaction 33
[2022-07-23T17:01:43.998Z INFO  client] Sending sample transaction 34
[2022-07-23T17:01:44.028Z INFO  client] Sending sample transaction 35
[2022-07-23T17:01:44.068Z INFO  client] Sending sample transaction 36
[2022-07-23T17:01:44.116Z INFO  client] Sending sample transaction 37
[2022-07-23T17:01:44.159Z INFO  client] Sending sample transaction 38
[2022-07-23T17:01:44.227Z INFO  client] Sending sample transaction 39
[2022-07-23T17:01:44.284Z INFO  client] Sending sample transaction 40
[2022-07-23T17:01:44.311Z INFO  client] Sending sample transaction 41
[2022-07-23T17:01:44.359Z INFO  client] Sending sample transaction 42
[2022-07-23T17:01:44.399Z INFO  client] Sending sample transaction 43
[2022-07-23T17:01:44.450Z INFO  client] Sending sample transaction 44
[2022-07-23T17:01:44.504Z INFO  client] Sending sample transaction 45
[2022-07-23T17:01:44.607Z INFO  client] Sending sample transaction 46
[2022-07-23T17:01:44.629Z INFO  client] Sending sample transaction 47
[2022-07-23T17:01:44.661Z INFO  client] Sending sample transaction 48
[2022-07-23T17:01:44.742Z INFO  client] Sending sample transaction 49
[2022-07-23T17:01:44.763Z INFO  client] Sending sample transaction 50
[2022-07-23T17:01:44.806Z INFO  client] Sending sample transaction 51
[2022-07-23T17:01:44.868Z INFO  client] Sending sample transaction 52
[2022-07-23T17:01:44.900Z INFO  client] Sending sample transaction 53
[2022-07-23T17:01:44.961Z INFO  client] Sending sample transaction 54
[2022-07-23T17:01:45.014Z INFO  client] Sending sample transaction 55
[2022-07-23T17:01:45.054Z INFO  client] Sending sample transaction 56
[2022-07-23T17:01:45.126Z INFO  client] Sending sample transaction 57
[2022-07-23T17:01:45.158Z INFO  client] Sending sample transaction 58
[2022-07-23T17:01:45.221Z INFO  client] Sending sample transaction 59
[2022-07-23T17:01:45.253Z INFO  client] Sending sample transaction 60
[2022-07-23T17:01:45.299Z INFO  client] Sending sample transaction 61
[2022-07-23T17:01:45.350Z INFO  client] Sending sample transaction 62
[2022-07-23T17:01:45.401Z INFO  client] Sending sample transaction 63
[2022-07-23T17:01:45.449Z INFO  client] Sending sample transaction 64
[2022-07-23T17:01:45.499Z INFO  client] Sending sample transaction 65
[2022-07-23T17:01:45.553Z INFO  client] Sending sample transaction 66
[2022-07-23T17:01:45.601Z INFO  client] Sending sample transaction 67
[2022-07-23T17:01:45.662Z INFO  client] Sending sample transaction 68
[2022-07-23T17:01:45.702Z INFO  client] Sending sample transaction 69
[2022-07-23T17:01:45.749Z INFO  client] Sending sample transaction 70
[2022-07-23T17:01:45.800Z INFO  client] Sending sample transaction 71
[2022-07-23T17:01:45.865Z INFO  client] Sending sample transaction 72
[2022-07-23T17:01:45.933Z INFO  client] Sending sample transaction 73
[2022-07-23T17:01:45.960Z INFO  client] Sending sample transaction 74
[2022-07-23T17:01:45.999Z INFO  client] Sending sample transaction 75
[2022-07-23T17:01:46.203Z INFO  client] Sending sample transaction 76
[2022-07-23T17:01:46.293Z WARN  client] Transaction rate too high for this client
[2022-07-23T17:01:46.293Z INFO  client] Sending sample transaction 77
[2022-07-23T17:01:46.321Z INFO  client] Sending sample transaction 78
[2022-07-23T17:01:46.328Z INFO  client] Sending sample transaction 79
[2022-07-23T17:01:46.328Z INFO  client] Sending sample transaction 80
[2022-07-23T17:01:46.328Z INFO  client] Sending sample transaction 81
[2022-07-23T17:01:46.417Z INFO  client] Sending sample transaction 82
[2022-07-23T17:01:46.477Z INFO  client] Sending sample transaction 83
[2022-07-23T17:01:46.477Z INFO  client] Sending sample transaction 84
[2022-07-23T17:01:46.514Z INFO  client] Sending sample transaction 85
[2022-07-23T17:01:46.551Z INFO  client] Sending sample transaction 86
[2022-07-23T17:01:46.618Z INFO  client] Sending sample transaction 87
[2022-07-23T17:01:46.672Z INFO  client] Sending sample transaction 88
[2022-07-23T17:01:46.699Z INFO  client] Sending sample transaction 89
[2022-07-23T17:01:46.749Z INFO  client] Sending sample transaction 90
[2022-07-23T17:01:46.803Z INFO  client] Sending sample transaction 91
[2022-07-23T17:01:46.850Z INFO  client] Sending sample transaction 92
[2022-07-23T17:01:46.919Z INFO  client] Sending sample transaction 93
[2022-07-23T17:01:46.950Z INFO  client] Sending sample transaction 94
[2022-07-23T17:01:46.999Z INFO  client] Sending sample transaction 95
[2022-07-23T17:01:47.049Z INFO  client] Sending sample transaction 96
[2022-07-23T17:01:47.101Z INFO  client] Sending sample transaction 97
[2022-07-23T17:01:47.150Z INFO  client] Sending sample transaction 98
[2022-07-23T17:01:47.200Z INFO  client] Sending sample transaction 99
[2022-07-23T17:01:47.257Z INFO  client] Sending sample transaction 100
[2022-07-23T17:01:47.300Z INFO  client] Sending sample transaction 101
[2022-07-23T17:01:47.365Z INFO  client] Sending sample transaction 102
[2022-07-23T17:01:47.423Z INFO  client] Sending sample transaction 103
[2022-07-23T17:01:47.463Z INFO  client] Sending sample transaction 104
[2022-07-23T17:01:47.499Z INFO  client] Sending sample transaction 105
[2022-07-23T17:01:47.549Z INFO  client] Sending sample transaction 106
[2022-07-23T17:01:47.599Z INFO  client] Sending sample transaction 107
[2022-07-23T17:01:47.650Z INFO  client] Sending sample transaction 108
[2022-07-23T17:01:47.699Z INFO  client] Sending sample transaction 109
[2022-07-23T17:01:47.749Z INFO  client] Sending sample transaction 110
[2022-07-23T17:01:47.800Z INFO  client] Sending sample transaction 111
[2022-07-23T17:01:47.849Z INFO  client] Sending sample transaction 112
[2022-07-23T17:01:47.899Z INFO  client] Sending sample transaction 113
[2022-07-23T17:01:47.984Z INFO  client] Sending sample transaction 114
[2022-07-23T17:01:48.029Z INFO  client] Sending sample transaction 115
[2022-07-23T17:01:48.062Z INFO  client] Sending sample transaction 116
[2022-07-23T17:01:48.099Z INFO  client] Sending sample transaction 117
[2022-07-23T17:01:48.150Z INFO  client] Sending sample transaction 118
[2022-07-23T17:01:48.199Z INFO  client] Sending sample transaction 119
[2022-07-23T17:01:48.250Z INFO  client] Sending sample transaction 120
[2022-07-23T17:01:48.300Z INFO  client] Sending sample transaction 121
[2022-07-23T17:01:48.349Z INFO  client] Sending sample transaction 122
[2022-07-23T17:01:48.399Z INFO  client] Sending sample transaction 123
[2022-07-23T17:01:48.449Z INFO  client] Sending sample transaction 124
[2022-07-23T17:01:48.499Z INFO  client] Sending sample transaction 125
[2022-07-23T17:01:48.550Z INFO  client] Sending sample transaction 126
[2022-07-23T17:01:48.600Z INFO  client] Sending sample transaction 127
[2022-07-23T17:01:48.649Z INFO  client] Sending sample transaction 128
[2022-07-23T17:01:48.699Z INFO  client] Sending sample transaction 129
[2022-07-23T17:01:48.749Z INFO  client] Sending sample transaction 130
[2022-07-23T17:01:48.799Z INFO  client] Sending sample transaction 131
[2022-07-23T17:01:48.850Z INFO  client] Sending sample transaction 132
[2022-07-23T17:01:48.900Z INFO  client] Sending sample transaction 133
[2022-07-23T17:01:48.950Z INFO  client] Sending sample transaction 134
[2022-07-23T17:01:48.999Z INFO  client] Sending sample transaction 135
[2022-07-23T17:01:49.053Z INFO  client] Sending sample transaction 136
[2022-07-23T17:01:49.133Z INFO  client] Sending sample transaction 137
[2022-07-23T17:01:49.167Z INFO  client] Sending sample transaction 138
[2022-07-23T17:01:49.199Z INFO  client] Sending sample transaction 139
[2022-07-23T17:01:49.249Z INFO  client] Sending sample transaction 140
[2022-07-23T17:01:49.300Z INFO  client] Sending sample transaction 141
[2022-07-23T17:01:49.350Z INFO  client] Sending sample transaction 142
[2022-07-23T17:01:49.399Z INFO  client] Sending sample transaction 143
[2022-07-23T17:01:49.449Z INFO  client] Sending sample transaction 144
[2022-07-23T17:01:49.500Z INFO  client] Sending sample transaction 145
[2022-07-23T17:01:49.549Z INFO  client] Sending sample transaction 146
[2022-07-23T17:01:49.600Z INFO  client] Sending sample transaction 147
[2022-07-23T17:01:49.650Z INFO  client] Sending sample transaction 148
[2022-07-23T17:01:49.700Z INFO  client] Sending sample transaction 149
[2022-07-23T17:01:49.751Z INFO  client] Sending sample transaction 150
[2022-07-23T17:01:49.801Z INFO  client] Sending sample transaction 151
[2022-07-23T17:01:49.850Z INFO  client] Sending sample transaction 152
[2022-07-23T17:01:49.900Z INFO  client] Sending sample transaction 153
[2022-07-23T17:01:49.950Z INFO  client] Sending sample transaction 154
[2022-07-23T17:01:49.999Z INFO  client] Sending sample transaction 155
[2022-07-23T17:01:50.050Z INFO  client] Sending sample transaction 156
[2022-07-23T17:01:50.099Z INFO  client] Sending sample transaction 157
[2022-07-23T17:01:50.150Z INFO  client] Sending sample transaction 158
[2022-07-23T17:01:50.199Z INFO  client] Sending sample transaction 159
[2022-07-23T17:01:50.249Z INFO  client] Sending sample transaction 160
[2022-07-23T17:01:50.300Z INFO  client] Sending sample transaction 161
[2022-07-23T17:01:50.350Z INFO  client] Sending sample transaction 162
[2022-07-23T17:01:50.399Z INFO  client] Sending sample transaction 163
[2022-07-23T17:01:50.450Z INFO  client] Sending sample transaction 164
[2022-07-23T17:01:50.499Z INFO  client] Sending sample transaction 165
[2022-07-23T17:01:50.549Z INFO  client] Sending sample transaction 166
[2022-07-23T17:01:50.599Z INFO  client] Sending sample transaction 167
[2022-07-23T17:01:50.650Z INFO  client] Sending sample transaction 168
[2022-07-23T17:01:50.699Z INFO  client] Sending sample transaction 169
[2022-07-23T17:01:50.749Z INFO  client] Sending sample transaction 170
[2022-07-23T17:01:50.805Z INFO  client] Sending sample transaction 171
[2022-07-23T17:01:50.870Z INFO  client] Sending sample transaction 172
[2022-07-23T17:01:50.907Z INFO  client] Sending sample transaction 173
[2022-07-23T17:01:50.950Z INFO  client] Sending sample transaction 174
[2022-07-23T17:01:51.002Z INFO  client] Sending sample transaction 175
[2022-07-23T17:01:51.050Z INFO  client] Sending sample transaction 176
[2022-07-23T17:01:51.100Z INFO  client] Sending sample transaction 177
[2022-07-23T17:01:51.150Z INFO  client] Sending sample transaction 178
[2022-07-23T17:01:51.200Z INFO  client] Sending sample transaction 179
[2022-07-23T17:01:51.249Z INFO  client] Sending sample transaction 180
[2022-07-23T17:01:51.299Z INFO  client] Sending sample transaction 181
[2022-07-23T17:01:51.349Z INFO  client] Sending sample transaction 182
[2022-07-23T17:01:51.399Z INFO  client] Sending sample transaction 183
[2022-07-23T17:01:51.449Z INFO  client] Sending sample transaction 184
[2022-07-23T17:01:51.499Z INFO  client] Sending sample transaction 185
[2022-07-23T17:01:51.549Z INFO  client] Sending sample transaction 186
[2022-07-23T17:01:51.602Z INFO  client] Sending sample transaction 187
[2022-07-23T17:01:51.650Z INFO  client] Sending sample transaction 188
[2022-07-23T17:01:51.700Z INFO  client] Sending sample transaction 189
[2022-07-23T17:01:51.749Z INFO  client] Sending sample transaction 190
[2022-07-23T17:01:51.800Z INFO  client] Sending sample transaction 191
[2022-07-23T17:01:51.876Z INFO  client] Sending sample transaction 192
[2022-07-23T17:01:51.916Z INFO  client] Sending sample transaction 193
[2022-07-23T17:01:51.969Z INFO  client] Sending sample transaction 194
[2022-07-23T17:01:52.000Z INFO  client] Sending sample transaction 195
[2022-07-23T17:01:52.058Z INFO  client] Sending sample transaction 196
[2022-07-23T17:01:52.100Z INFO  client] Sending sample transaction 197
[2022-07-23T17:01:52.151Z INFO  client] Sending sample transaction 198
[2022-07-23T17:01:52.200Z INFO  client] Sending sample transaction 199
[2022-07-23T17:01:52.249Z INFO  client] Sending sample transaction 200
[2022-07-23T17:01:52.299Z INFO  client] Sending sample transaction 201
[2022-07-23T17:01:52.350Z INFO  client] Sending sample transaction 202
[2022-07-23T17:01:52.400Z INFO  client] Sending sample transaction 203
[2022-07-23T17:01:52.449Z INFO  client] Sending sample transaction 204
[2022-07-23T17:01:52.499Z INFO  client] Sending sample transaction 205
[2022-07-23T17:01:52.549Z INFO  client] Sending sample transaction 206
[2022-07-23T17:01:52.599Z INFO  client] Sending sample transaction 207
[2022-07-23T17:01:52.650Z INFO  client] Sending sample transaction 208
[2022-07-23T17:01:52.700Z INFO  client] Sending sample transaction 209
[2022-07-23T17:01:52.749Z INFO  client] Sending sample transaction 210
[2022-07-23T17:01:52.799Z INFO  client] Sending sample transaction 211
[2022-07-23T17:01:52.849Z INFO  client] Sending sample transaction 212
[2022-07-23T17:01:52.948Z INFO  client] Sending sample transaction 213
[2022-07-23T17:01:52.984Z INFO  client] Sending sample transaction 214
[2022-07-23T17:01:53.009Z INFO  client] Sending sample transaction 215
[2022-07-23T17:01:53.049Z INFO  client] Sending sample transaction 216
[2022-07-23T17:01:53.105Z INFO  client] Sending sample transaction 217
[2022-07-23T17:01:53.158Z INFO  client] Sending sample transaction 218
[2022-07-23T17:01:53.202Z INFO  client] Sending sample transaction 219
[2022-07-23T17:01:53.250Z INFO  client] Sending sample transaction 220
[2022-07-23T17:01:53.299Z INFO  client] Sending sample transaction 221
[2022-07-23T17:01:53.352Z INFO  client] Sending sample transaction 222
[2022-07-23T17:01:53.401Z INFO  client] Sending sample transaction 223
[2022-07-23T17:01:53.456Z INFO  client] Sending sample transaction 224
[2022-07-23T17:01:53.506Z INFO  client] Sending sample transaction 225
[2022-07-23T17:01:53.572Z INFO  client] Sending sample transaction 226
[2022-07-23T17:01:53.601Z INFO  client] Sending sample transaction 227
[2022-07-23T17:01:53.649Z INFO  client] Sending sample transaction 228
[2022-07-23T17:01:53.716Z INFO  client] Sending sample transaction 229
[2022-07-23T17:01:53.751Z INFO  client] Sending sample transaction 230
[2022-07-23T17:01:53.813Z INFO  client] Sending sample transaction 231
[2022-07-23T17:01:53.849Z INFO  client] Sending sample transaction 232
[2022-07-23T17:01:53.899Z INFO  client] Sending sample transaction 233
[2022-07-23T17:01:53.949Z INFO  client] Sending sample transaction 234
[2022-07-23T17:01:53.999Z INFO  client] Sending sample transaction 235
[2022-07-23T17:01:54.049Z INFO  client] Sending sample transaction 236
[2022-07-23T17:01:54.099Z INFO  client] Sending sample transaction 237
[2022-07-23T17:01:54.150Z INFO  client] Sending sample transaction 238
[2022-07-23T17:01:54.199Z INFO  client] Sending sample transaction 239
[2022-07-23T17:01:54.249Z INFO  client] Sending sample transaction 240
[2022-07-23T17:01:54.337Z INFO  client] Sending sample transaction 241
[2022-07-23T17:01:54.401Z INFO  client] Sending sample transaction 242
[2022-07-23T17:01:54.402Z INFO  client] Sending sample transaction 243
[2022-07-23T17:01:54.452Z INFO  client] Sending sample transaction 244
[2022-07-23T17:01:54.499Z INFO  client] Sending sample transaction 245
[2022-07-23T17:01:54.549Z INFO  client] Sending sample transaction 246
[2022-07-23T17:01:54.599Z INFO  client] Sending sample transaction 247
[2022-07-23T17:01:54.650Z INFO  client] Sending sample transaction 248
[2022-07-23T17:01:54.700Z INFO  client] Sending sample transaction 249
[2022-07-23T17:01:54.750Z INFO  client] Sending sample transaction 250
[2022-07-23T17:01:54.799Z INFO  client] Sending sample transaction 251
[2022-07-23T17:01:54.852Z INFO  client] Sending sample transaction 252
[2022-07-23T17:01:54.900Z INFO  client] Sending sample transaction 253
[2022-07-23T17:01:54.949Z INFO  client] Sending sample transaction 254
[2022-07-23T17:01:54.998Z INFO  client] Sending sample transaction 255
[2022-07-23T17:01:55.050Z INFO  client] Sending sample transaction 256
[2022-07-23T17:01:55.099Z INFO  client] Sending sample transaction 257
[2022-07-23T17:01:55.149Z INFO  client] Sending sample transaction 258
[2022-07-23T17:01:55.200Z INFO  client] Sending sample transaction 259
[2022-07-23T17:01:55.249Z INFO  client] Sending sample transaction 260
[2022-07-23T17:01:55.299Z INFO  client] Sending sample transaction 261
[2022-07-23T17:01:55.349Z INFO  client] Sending sample transaction 262
[2022-07-23T17:01:55.399Z INFO  client] Sending sample transaction 263
[2022-07-23T17:01:55.449Z INFO  client] Sending sample transaction 264
[2022-07-23T17:01:55.499Z INFO  client] Sending sample transaction 265
[2022-07-23T17:01:55.549Z INFO  client] Sending sample transaction 266
[2022-07-23T17:01:55.599Z INFO  client] Sending sample transaction 267
[2022-07-23T17:01:55.650Z INFO  client] Sending sample transaction 268
[2022-07-23T17:01:55.700Z INFO  client] Sending sample transaction 269
[2022-07-23T17:01:55.749Z INFO  client] Sending sample transaction 270
[2022-07-23T17:01:55.799Z INFO  client] Sending sample transaction 271
[2022-07-23T17:01:55.852Z INFO  client] Sending sample transaction 272
[2022-07-23T17:01:55.900Z INFO  client] Sending sample transaction 273
[2022-07-23T17:01:55.949Z INFO  client] Sending sample transaction 274
[2022-07-23T17:01:55.999Z INFO  client] Sending sample transaction 275
[2022-07-23T17:01:56.050Z INFO  client] Sending sample transaction 276
[2022-07-23T17:01:56.101Z INFO  client] Sending sample transaction 277
[2022-07-23T17:01:56.149Z INFO  client] Sending sample transaction 278
[2022-07-23T17:01:56.199Z INFO  client] Sending sample transaction 279
[2022-07-23T17:01:56.250Z INFO  client] Sending sample transaction 280
[2022-07-23T17:01:56.300Z INFO  client] Sending sample transaction 281
[2022-07-23T17:01:56.349Z INFO  client] Sending sample transaction 282
[2022-07-23T17:01:56.399Z INFO  client] Sending sample transaction 283
[2022-07-23T17:01:56.449Z INFO  client] Sending sample transaction 284
[2022-07-23T17:01:56.499Z INFO  client] Sending sample transaction 285
[2022-07-23T17:01:56.549Z INFO  client] Sending sample transaction 286
[2022-07-23T17:01:56.599Z INFO  client] Sending sample transaction 287
[2022-07-23T17:01:56.670Z INFO  client] Sending sample transaction 288
[2022-07-23T17:01:56.709Z INFO  client] Sending sample transaction 289
[2022-07-23T17:01:56.766Z INFO  client] Sending sample transaction 290
[2022-07-23T17:01:56.800Z INFO  client] Sending sample transaction 291
[2022-07-23T17:01:56.852Z INFO  client] Sending sample transaction 292
[2022-07-23T17:01:56.899Z INFO  client] Sending sample transaction 293
[2022-07-23T17:01:56.950Z INFO  client] Sending sample transaction 294
[2022-07-23T17:01:56.999Z INFO  client] Sending sample transaction 295
[2022-07-23T17:01:57.049Z INFO  client] Sending sample transaction 296
[2022-07-23T17:01:57.100Z INFO  client] Sending sample transaction 297
[2022-07-23T17:01:57.149Z INFO  client] Sending sample transaction 298
[2022-07-23T17:01:57.199Z INFO  client] Sending sample transaction 299
[2022-07-23T17:01:57.249Z INFO  client] Sending sample transaction 300
[2022-07-23T17:01:57.299Z INFO  client] Sending sample transaction 301
[2022-07-23T17:01:57.350Z INFO  client] Sending sample transaction 302
[2022-07-23T17:01:57.400Z INFO  client] Sending sample transaction 303
[2022-07-23T17:01:57.450Z INFO  client] Sending sample transaction 304
[2022-07-23T17:01:57.499Z INFO  client] Sending sample transaction 305
[2022-07-23T17:01:57.550Z INFO  client] Sending sample transaction 306
[2022-07-23T17:01:57.600Z INFO  client] Sending sample transaction 307
[2022-07-23T17:01:57.650Z INFO  client] Sending sample transaction 308
[2022-07-23T17:01:57.699Z INFO  client] Sending sample transaction 309
[2022-07-23T17:01:57.749Z INFO  client] Sending sample transaction 310
[2022-07-23T17:01:57.799Z INFO  client] Sending sample transaction 311
[2022-07-23T17:01:57.849Z INFO  client] Sending sample transaction 312
[2022-07-23T17:01:57.899Z INFO  client] Sending sample transaction 313
[2022-07-23T17:01:57.964Z INFO  client] Sending sample transaction 314
[2022-07-23T17:01:57.999Z INFO  client] Sending sample transaction 315
[2022-07-23T17:01:58.049Z INFO  client] Sending sample transaction 316
[2022-07-23T17:01:58.100Z INFO  client] Sending sample transaction 317
[2022-07-23T17:01:58.149Z INFO  client] Sending sample transaction 318
[2022-07-23T17:01:58.199Z INFO  client] Sending sample transaction 319
[2022-07-23T17:01:58.249Z INFO  client] Sending sample transaction 320
[2022-07-23T17:01:58.299Z INFO  client] Sending sample transaction 321
[2022-07-23T17:01:58.349Z INFO  client] Sending sample transaction 322
[2022-07-23T17:01:58.400Z INFO  client] Sending sample transaction 323
[2022-07-23T17:01:58.449Z INFO  client] Sending sample transaction 324
[2022-07-23T17:01:58.501Z INFO  client] Sending sample transaction 325
[2022-07-23T17:01:58.550Z INFO  client] Sending sample transaction 326
[2022-07-23T17:01:58.599Z INFO  client] Sending sample transaction 327
[2022-07-23T17:01:58.649Z INFO  client] Sending sample transaction 328
[2022-07-23T17:01:58.700Z INFO  client] Sending sample transaction 329
[2022-07-23T17:01:58.749Z INFO  client] Sending sample transaction 330
[2022-07-23T17:01:58.799Z INFO  client] Sending sample transaction 331
[2022-07-23T17:01:58.849Z INFO  client] Sending sample transaction 332
[2022-07-23T17:01:58.899Z INFO  client] Sending sample transaction 333
[2022-07-23T17:01:58.949Z INFO  client] Sending sample transaction 334
[2022-07-23T17:01:59.001Z INFO  client] Sending sample transaction 335
[2022-07-23T17:01:59.050Z INFO  client] Sending sample transaction 336
[2022-07-23T17:01:59.099Z INFO  client] Sending sample transaction 337
[2022-07-23T17:01:59.149Z INFO  client] Sending sample transaction 338
[2022-07-23T17:01:59.199Z INFO  client] Sending sample transaction 339
[2022-07-23T17:01:59.249Z INFO  client] Sending sample transaction 340
[2022-07-23T17:01:59.299Z INFO  client] Sending sample transaction 341
[2022-07-23T17:01:59.348Z INFO  client] Sending sample transaction 342
[2022-07-23T17:01:59.399Z INFO  client] Sending sample transaction 343
[2022-07-23T17:01:59.454Z INFO  client] Sending sample transaction 344
[2022-07-23T17:01:59.499Z INFO  client] Sending sample transaction 345
[2022-07-23T17:01:59.549Z INFO  client] Sending sample transaction 346
[2022-07-23T17:01:59.599Z INFO  client] Sending sample transaction 347
[2022-07-23T17:01:59.649Z INFO  client] Sending sample transaction 348
[2022-07-23T17:01:59.699Z INFO  client] Sending sample transaction 349
[2022-07-23T17:01:59.749Z INFO  client] Sending sample transaction 350
[2022-07-23T17:01:59.799Z INFO  client] Sending sample transaction 351
[2022-07-23T17:01:59.849Z INFO  client] Sending sample transaction 352
[2022-07-23T17:01:59.899Z INFO  client] Sending sample transaction 353
[2022-07-23T17:01:59.950Z INFO  client] Sending sample transaction 354
[2022-07-23T17:02:00.006Z INFO  client] Sending sample transaction 355
[2022-07-23T17:02:00.057Z INFO  client] Sending sample transaction 356
[2022-07-23T17:02:00.100Z INFO  client] Sending sample transaction 357
[2022-07-23T17:02:00.150Z INFO  client] Sending sample transaction 358
[2022-07-23T17:02:00.199Z INFO  client] Sending sample transaction 359
[2022-07-23T17:02:00.249Z INFO  client] Sending sample transaction 360
[2022-07-23T17:02:00.320Z INFO  client] Sending sample transaction 361
[2022-07-23T17:02:00.376Z INFO  client] Sending sample transaction 362
[2022-07-23T17:02:00.400Z INFO  client] Sending sample transaction 363
[2022-07-23T17:02:00.451Z INFO  client] Sending sample transaction 364
[2022-07-23T17:02:00.500Z INFO  client] Sending sample transaction 365
[2022-07-23T17:02:00.549Z INFO  client] Sending sample transaction 366
[2022-07-23T17:02:00.599Z INFO  client] Sending sample transaction 367
[2022-07-23T17:02:00.650Z INFO  client] Sending sample transaction 368
[2022-07-23T17:02:00.701Z INFO  client] Sending sample transaction 369
[2022-07-23T17:02:00.749Z INFO  client] Sending sample transaction 370
[2022-07-23T17:02:00.800Z INFO  client] Sending sample transaction 371
[2022-07-23T17:02:00.850Z INFO  client] Sending sample transaction 372
[2022-07-23T17:02:00.899Z INFO  client] Sending sample transaction 373
[2022-07-23T17:02:00.949Z INFO  client] Sending sample transaction 374
[2022-07-23T17:02:00.999Z INFO  client] Sending sample transaction 375
[2022-07-23T17:02:01.049Z INFO  client] Sending sample transaction 376
[2022-07-23T17:02:01.109Z INFO  client] Sending sample transaction 377
[2022-07-23T17:02:01.149Z INFO  client] Sending sample transaction 378
[2022-07-23T17:02:01.199Z INFO  client] Sending sample transaction 379
[2022-07-23T17:02:01.249Z INFO  client] Sending sample transaction 380
[2022-07-23T17:02:01.299Z INFO  client] Sending sample transaction 381
[2022-07-23T17:02:01.356Z INFO  client] Sending sample transaction 382
[2022-07-23T17:02:01.425Z INFO  client] Sending sample transaction 383
[2022-07-23T17:02:01.449Z INFO  client] Sending sample transaction 384
[2022-07-23T17:02:01.499Z INFO  client] Sending sample transaction 385
[2022-07-23T17:02:01.550Z INFO  client] Sending sample transaction 386
[2022-07-23T17:02:01.600Z INFO  client] Sending sample transaction 387
[2022-07-23T17:02:01.650Z INFO  client] Sending sample transaction 388
[2022-07-23T17:02:01.699Z INFO  client] Sending sample transaction 389
[2022-07-23T17:02:01.749Z INFO  client] Sending sample transaction 390
[2022-07-23T17:02:01.798Z INFO  client] Sending sample transaction 391
[2022-07-23T17:02:01.849Z INFO  client] Sending sample transaction 392
[2022-07-23T17:02:01.899Z INFO  client] Sending sample transaction 393
[2022-07-23T17:02:01.950Z INFO  client] Sending sample transaction 394
[2022-07-23T17:02:01.999Z INFO  client] Sending sample transaction 395
[2022-07-23T17:02:02.049Z INFO  client] Sending sample transaction 396
[2022-07-23T17:02:02.099Z INFO  client] Sending sample transaction 397
[2022-07-23T17:02:02.155Z INFO  client] Sending sample transaction 398
[2022-07-23T17:02:02.200Z INFO  client] Sending sample transaction 399
[2022-07-23T17:02:02.250Z INFO  client] Sending sample transaction 400
[2022-07-23T17:02:02.299Z INFO  client] Sending sample transaction 401
[2022-07-23T17:02:02.349Z INFO  client] Sending sample transaction 402
[2022-07-23T17:02:02.399Z INFO  client] Sending sample transaction 403
[2022-07-23T17:02:02.449Z INFO  client] Sending sample transaction 404
[2022-07-23T17:02:02.500Z INFO  client] Sending sample transaction 405
[2022-07-23T17:02:02.552Z INFO  client] Sending sample transaction 406
[2022-07-23T17:02:02.599Z INFO  client] Sending sample transaction 407
[2022-07-23T17:02:02.649Z INFO  client] Sending sample transaction 408
[2022-07-23T17:02:02.700Z INFO  client] Sending sample transaction 409
[2022-07-23T17:02:02.749Z INFO  client] Sending sample transaction 410
[2022-07-23T17:02:02.799Z INFO  client] Sending sample transaction 411
[2022-07-23T17:02:02.849Z INFO  client] Sending sample transaction 412
[2022-07-23T17:02:02.899Z INFO  client] Sending sample transaction 413
[2022-07-23T17:02:02.950Z INFO  client] Sending sample transaction 414
[2022-07-23T17:02:03.000Z INFO  client] Sending sample transaction 415
[2022-07-23T17:02:03.050Z INFO  client] Sending sample transaction 416
[2022-07-23T17:02:03.156Z INFO  client] Sending sample transaction 417
[2022-07-23T17:02:03.167Z INFO  client] Sending sample transaction 418
[2022-07-23T17:02:03.235Z INFO  client] Sending sample transaction 419
[2022-07-23T17:02:03.252Z INFO  client] Sending sample transaction 420
[2022-07-23T17:02:03.301Z INFO  client] Sending sample transaction 421
[2022-07-23T17:02:03.349Z INFO  client] Sending sample transaction 422
[2022-07-23T17:02:03.400Z INFO  client] Sending sample transaction 423
[2022-07-23T17:02:03.448Z INFO  client] Sending sample transaction 424
[2022-07-23T17:02:03.499Z INFO  client] Sending sample transaction 425
[2022-07-23T17:02:03.549Z INFO  client] Sending sample transaction 426
[2022-07-23T17:02:03.599Z INFO  client] Sending sample transaction 427
[2022-07-23T17:02:03.649Z INFO  client] Sending sample transaction 428
[2022-07-23T17:02:03.699Z INFO  client] Sending sample transaction 429
[2022-07-23T17:02:03.749Z INFO  client] Sending sample transaction 430
[2022-07-23T17:02:03.800Z INFO  client] Sending sample transaction 431
[2022-07-23T17:02:03.849Z INFO  client] Sending sample transaction 432
[2022-07-23T17:02:03.899Z INFO  client] Sending sample transaction 433
[2022-07-23T17:02:03.949Z INFO  client] Sending sample transaction 434
[2022-07-23T17:02:03.999Z INFO  client] Sending sample transaction 435
[2022-07-23T17:02:04.049Z INFO  client] Sending sample transaction 436
[2022-07-23T17:02:04.100Z INFO  client] Sending sample transaction 437
[2022-07-23T17:02:04.150Z INFO  client] Sending sample transaction 438
[2022-07-23T17:02:04.200Z INFO  client] Sending sample transaction 439
[2022-07-23T17:02:04.254Z INFO  client] Sending sample transaction 440
[2022-07-23T17:02:04.322Z INFO  client] Sending sample transaction 441
[2022-07-23T17:02:04.374Z INFO  client] Sending sample transaction 442
[2022-07-23T17:02:04.405Z INFO  client] Sending sample transaction 443
[2022-07-23T17:02:04.452Z INFO  client] Sending sample transaction 444
[2022-07-23T17:02:04.499Z INFO  client] Sending sample transaction 445
[2022-07-23T17:02:04.552Z INFO  client] Sending sample transaction 446
[2022-07-23T17:02:04.601Z INFO  client] Sending sample transaction 447
[2022-07-23T17:02:04.653Z INFO  client] Sending sample transaction 448
[2022-07-23T17:02:04.700Z INFO  client] Sending sample transaction 449
[2022-07-23T17:02:04.755Z INFO  client] Sending sample transaction 450
[2022-07-23T17:02:04.800Z INFO  client] Sending sample transaction 451
