[2022-07-17T11:51:46.170Z INFO  client] Node address: 127.0.0.1:9014
[2022-07-17T11:51:46.170Z INFO  client] Transactions size: 512 B
[2022-07-17T11:51:46.170Z INFO  client] Transactions rate: 112 tx/s
[2022-07-17T11:51:46.170Z INFO  client] Waiting for all nodes to be online...
[2022-07-17T11:51:46.170Z INFO  client] Waiting for all nodes to be synchronized...
[2022-07-17T11:51:48.174Z INFO  client] Start sending transactions
[2022-07-17T11:51:48.175Z INFO  client] Sending sample transaction 0
[2022-07-17T11:51:48.225Z INFO  client] Sending sample transaction 1
[2022-07-17T11:51:48.276Z INFO  client] Sending sample transaction 2
[2022-07-17T11:51:48.326Z INFO  client] Sending sample transaction 3
[2022-07-17T11:51:48.375Z INFO  client] Sending sample transaction 4
[2022-07-17T11:51:48.426Z INFO  client] Sending sample transaction 5
[2022-07-17T11:51:48.475Z INFO  client] Sending sample transaction 6
[2022-07-17T11:51:48.526Z INFO  client] Sending sample transaction 7
[2022-07-17T11:51:48.575Z INFO  client] Sending sample transaction 8
[2022-07-17T11:51:48.626Z INFO  client] Sending sample transaction 9
[2022-07-17T11:51:48.678Z INFO  client] Sending sample transaction 10
[2022-07-17T11:51:48.727Z INFO  client] Sending sample transaction 11
[2022-07-17T11:51:48.791Z INFO  client] Sending sample transaction 12
[2022-07-17T11:51:48.826Z INFO  client] Sending sample transaction 13
[2022-07-17T11:51:48.876Z INFO  client] Sending sample transaction 14
[2022-07-17T11:51:48.925Z INFO  client] Sending sample transaction 15
[2022-07-17T11:51:48.976Z INFO  client] Sending sample transaction 16
[2022-07-17T11:51:49.026Z INFO  client] Sending sample transaction 17
[2022-07-17T11:51:49.075Z INFO  client] Sending sample transaction 18
[2022-07-17T11:51:49.133Z INFO  client] Sending sample transaction 19
[2022-07-17T11:51:49.175Z INFO  client] Sending sample transaction 20
[2022-07-17T11:51:49.225Z INFO  client] Sending sample transaction 21
[2022-07-17T11:51:49.275Z INFO  client] Sending sample transaction 22
[2022-07-17T11:51:49.325Z INFO  client] Sending sample transaction 23
[2022-07-17T11:51:49.378Z INFO  client] Sending sample transaction 24
[2022-07-17T11:51:49.425Z INFO  client] Sending sample transaction 25
[2022-07-17T11:51:49.476Z INFO  client] Sending sample transaction 26
[2022-07-17T11:51:49.528Z INFO  client] Sending sample transaction 27
[2022-07-17T11:51:49.577Z INFO  client] Sending sample transaction 28
[2022-07-17T11:51:49.626Z INFO  client] Sending sample transaction 29
[2022-07-17T11:51:49.684Z INFO  client] Sending sample transaction 30
[2022-07-17T11:51:49.727Z INFO  client] Sending sample transaction 31
[2022-07-17T11:51:49.777Z INFO  client] Sending sample transaction 32
[2022-07-17T11:51:49.828Z INFO  client] Sending sample transaction 33
[2022-07-17T11:51:49.876Z INFO  client] Sending sample transaction 34
[2022-07-17T11:51:49.930Z INFO  client] Sending sample transaction 35
[2022-07-17T11:51:49.975Z INFO  client] Sending sample transaction 36
[2022-07-17T11:51:50.026Z INFO  client] Sending sample transaction 37
[2022-07-17T11:51:50.077Z INFO  client] Sending sample transaction 38
[2022-07-17T11:51:50.126Z INFO  client] Sending sample transaction 39
[2022-07-17T11:51:50.201Z INFO  client] Sending sample transaction 40
[2022-07-17T11:51:50.225Z INFO  client] Sending sample transaction 41
[2022-07-17T11:51:50.275Z INFO  client] Sending sample transaction 42
[2022-07-17T11:51:50.325Z INFO  client] Sending sample transaction 43
[2022-07-17T11:51:50.375Z INFO  client] Sending sample transaction 44
[2022-07-17T11:51:50.426Z INFO  client] Sending sample transaction 45
[2022-07-17T11:51:50.475Z INFO  client] Sending sample transaction 46
[2022-07-17T11:51:50.526Z INFO  client] Sending sample transaction 47
[2022-07-17T11:51:50.575Z INFO  client] Sending sample transaction 48
[2022-07-17T11:51:50.625Z INFO  client] Sending sample transaction 49
[2022-07-17T11:51:50.675Z INFO  client] Sending sample transaction 50
[2022-07-17T11:51:50.725Z INFO  client] Sending sample transaction 51
[2022-07-17T11:51:50.776Z INFO  client] Sending sample transaction 52
[2022-07-17T11:51:50.825Z INFO  client] Sending sample transaction 53
[2022-07-17T11:51:50.876Z INFO  client] Sending sample transaction 54
[2022-07-17T11:51:50.924Z INFO  client] Sending sample transaction 55
[2022-07-17T11:51:50.975Z INFO  client] Sending sample transaction 56
[2022-07-17T11:51:51.025Z INFO  client] Sending sample transaction 57
[2022-07-17T11:51:51.075Z INFO  client] Sending sample transaction 58
[2022-07-17T11:51:51.125Z INFO  client] Sending sample transaction 59
[2022-07-17T11:51:51.176Z INFO  client] Sending sample transaction 60
[2022-07-17T11:51:51.229Z INFO  client] Sending sample transaction 61
[2022-07-17T11:51:51.275Z INFO  client] Sending sample transaction 62
[2022-07-17T11:51:51.326Z INFO  client] Sending sample transaction 63
[2022-07-17T11:51:51.376Z INFO  client] Sending sample transaction 64
[2022-07-17T11:51:51.429Z INFO  client] Sending sample transaction 65
[2022-07-17T11:51:51.475Z INFO  client] Sending sample transaction 66
[2022-07-17T11:51:51.525Z INFO  client] Sending sample transaction 67
[2022-07-17T11:51:51.575Z INFO  client] Sending sample transaction 68
[2022-07-17T11:51:51.625Z INFO  client] Sending sample transaction 69
[2022-07-17T11:51:51.674Z INFO  client] Sending sample transaction 70
[2022-07-17T11:51:51.725Z INFO  client] Sending sample transaction 71
[2022-07-17T11:51:51.775Z INFO  client] Sending sample transaction 72
[2022-07-17T11:51:51.826Z INFO  client] Sending sample transaction 73
[2022-07-17T11:51:51.874Z INFO  client] Sending sample transaction 74
[2022-07-17T11:51:51.925Z INFO  client] Sending sample transaction 75
[2022-07-17T11:51:51.976Z INFO  client] Sending sample transaction 76
[2022-07-17T11:51:52.026Z INFO  client] Sending sample transaction 77
[2022-07-17T11:51:52.075Z INFO  client] Sending sample transaction 78
[2022-07-17T11:51:52.125Z INFO  client] Sending sample transaction 79
[2022-07-17T11:51:52.175Z INFO  client] Sending sample transaction 80
[2022-07-17T11:51:52.226Z INFO  client] Sending sample transaction 81
[2022-07-17T11:51:52.304Z INFO  client] Sending sample transaction 82
[2022-07-17T11:51:52.326Z INFO  client] Sending sample transaction 83
[2022-07-17T11:51:52.375Z INFO  client] Sending sample transaction 84
[2022-07-17T11:51:52.425Z INFO  client] Sending sample transaction 85
[2022-07-17T11:51:52.475Z INFO  client] Sending sample transaction 86
[2022-07-17T11:51:52.526Z INFO  client] Sending sample transaction 87
[2022-07-17T11:51:52.575Z INFO  client] Sending sample transaction 88
[2022-07-17T11:51:52.626Z INFO  client] Sending sample transaction 89
[2022-07-17T11:51:52.675Z INFO  client] Sending sample transaction 90
[2022-07-17T11:51:52.726Z INFO  client] Sending sample transaction 91
[2022-07-17T11:51:52.776Z INFO  client] Sending sample transaction 92
[2022-07-17T11:51:52.825Z INFO  client] Sending sample transaction 93
[2022-07-17T11:51:52.876Z INFO  client] Sending sample transaction 94
[2022-07-17T11:51:52.925Z INFO  client] Sending sample transaction 95
[2022-07-17T11:51:52.976Z INFO  client] Sending sample transaction 96
[2022-07-17T11:51:53.025Z INFO  client] Sending sample transaction 97
[2022-07-17T11:51:53.075Z INFO  client] Sending sample transaction 98
[2022-07-17T11:51:53.125Z INFO  client] Sending sample transaction 99
[2022-07-17T11:51:53.177Z INFO  client] Sending sample transaction 100
[2022-07-17T11:51:53.226Z INFO  client] Sending sample transaction 101
[2022-07-17T11:51:53.277Z INFO  client] Sending sample transaction 102
[2022-07-17T11:51:53.326Z INFO  client] Sending sample transaction 103
[2022-07-17T11:51:53.376Z INFO  client] Sending sample transaction 104
[2022-07-17T11:51:53.426Z INFO  client] Sending sample transaction 105
[2022-07-17T11:51:53.475Z INFO  client] Sending sample transaction 106
[2022-07-17T11:51:53.525Z INFO  client] Sending sample transaction 107
[2022-07-17T11:51:53.576Z INFO  client] Sending sample transaction 108
[2022-07-17T11:51:53.627Z INFO  client] Sending sample transaction 109
[2022-07-17T11:51:53.675Z INFO  client] Sending sample transaction 110
[2022-07-17T11:51:53.725Z INFO  client] Sending sample transaction 111
[2022-07-17T11:51:53.778Z INFO  client] Sending sample transaction 112
[2022-07-17T11:51:53.826Z INFO  client] Sending sample transaction 113
[2022-07-17T11:51:53.875Z INFO  client] Sending sample transaction 114
[2022-07-17T11:51:53.926Z INFO  client] Sending sample transaction 115
[2022-07-17T11:51:53.977Z INFO  client] Sending sample transaction 116
[2022-07-17T11:51:54.025Z INFO  client] Sending sample transaction 117
[2022-07-17T11:51:54.076Z INFO  client] Sending sample transaction 118
[2022-07-17T11:51:54.126Z INFO  client] Sending sample transaction 119
[2022-07-17T11:51:54.176Z INFO  client] Sending sample transaction 120
[2022-07-17T11:51:54.226Z INFO  client] Sending sample transaction 121
[2022-07-17T11:51:54.275Z INFO  client] Sending sample transaction 122
[2022-07-17T11:51:54.331Z INFO  client] Sending sample transaction 123
[2022-07-17T11:51:54.403Z INFO  client] Sending sample transaction 124
[2022-07-17T11:51:54.425Z INFO  client] Sending sample transaction 125
[2022-07-17T11:51:54.475Z INFO  client] Sending sample transaction 126
[2022-07-17T11:51:54.526Z INFO  client] Sending sample transaction 127
[2022-07-17T11:51:54.576Z INFO  client] Sending sample transaction 128
[2022-07-17T11:51:54.631Z INFO  client] Sending sample transaction 129
[2022-07-17T11:51:54.675Z INFO  client] Sending sample transaction 130
[2022-07-17T11:51:54.726Z INFO  client] Sending sample transaction 131
[2022-07-17T11:51:54.775Z INFO  client] Sending sample transaction 132
[2022-07-17T11:51:54.825Z INFO  client] Sending sample transaction 133
[2022-07-17T11:51:54.875Z INFO  client] Sending sample transaction 134
[2022-07-17T11:51:54.925Z INFO  client] Sending sample transaction 135
[2022-07-17T11:51:54.975Z INFO  client] Sending sample transaction 136
[2022-07-17T11:51:55.026Z INFO  client] Sending sample transaction 137
[2022-07-17T11:51:55.077Z INFO  client] Sending sample transaction 138
[2022-07-17T11:51:55.125Z INFO  client] Sending sample transaction 139
[2022-07-17T11:51:55.176Z INFO  client] Sending sample transaction 140
[2022-07-17T11:51:55.225Z INFO  client] Sending sample transaction 141
[2022-07-17T11:51:55.275Z INFO  client] Sending sample transaction 142
[2022-07-17T11:51:55.326Z INFO  client] Sending sample transaction 143
[2022-07-17T11:51:55.376Z INFO  client] Sending sample transaction 144
[2022-07-17T11:51:55.428Z INFO  client] Sending sample transaction 145
[2022-07-17T11:51:55.476Z INFO  client] Sending sample transaction 146
[2022-07-17T11:51:55.526Z INFO  client] Sending sample transaction 147
[2022-07-17T11:51:55.577Z INFO  client] Sending sample transaction 148
[2022-07-17T11:51:55.627Z INFO  client] Sending sample transaction 149
[2022-07-17T11:51:55.675Z INFO  client] Sending sample transaction 150
[2022-07-17T11:51:55.728Z INFO  client] Sending sample transaction 151
[2022-07-17T11:51:55.775Z INFO  client] Sending sample transaction 152
[2022-07-17T11:51:55.825Z INFO  client] Sending sample transaction 153
[2022-07-17T11:51:55.884Z INFO  client] Sending sample transaction 154
[2022-07-17T11:51:55.925Z INFO  client] Sending sample transaction 155
[2022-07-17T11:51:55.975Z INFO  client] Sending sample transaction 156
[2022-07-17T11:51:56.026Z INFO  client] Sending sample transaction 157
[2022-07-17T11:51:56.075Z INFO  client] Sending sample transaction 158
[2022-07-17T11:51:56.125Z INFO  client] Sending sample transaction 159
[2022-07-17T11:51:56.175Z INFO  client] Sending sample transaction 160
[2022-07-17T11:51:56.226Z INFO  client] Sending sample transaction 161
[2022-07-17T11:51:56.275Z INFO  client] Sending sample transaction 162
[2022-07-17T11:51:56.330Z INFO  client] Sending sample transaction 163
[2022-07-17T11:51:56.376Z INFO  client] Sending sample transaction 164
[2022-07-17T11:51:56.425Z INFO  client] Sending sample transaction 165
[2022-07-17T11:51:56.475Z INFO  client] Sending sample transaction 166
[2022-07-17T11:51:56.525Z INFO  client] Sending sample transaction 167
[2022-07-17T11:51:56.575Z INFO  client] Sending sample transaction 168
[2022-07-17T11:51:56.627Z INFO  client] Sending sample transaction 169
[2022-07-17T11:51:56.676Z INFO  client] Sending sample transaction 170
[2022-07-17T11:51:56.725Z INFO  client] Sending sample transaction 171
[2022-07-17T11:51:56.775Z INFO  client] Sending sample transaction 172
[2022-07-17T11:51:56.826Z INFO  client] Sending sample transaction 173
[2022-07-17T11:51:56.876Z INFO  client] Sending sample transaction 174
[2022-07-17T11:51:56.925Z INFO  client] Sending sample transaction 175
[2022-07-17T11:51:56.976Z INFO  client] Sending sample transaction 176
[2022-07-17T11:51:57.027Z INFO  client] Sending sample transaction 177
[2022-07-17T11:51:57.076Z INFO  client] Sending sample transaction 178
[2022-07-17T11:51:57.126Z INFO  client] Sending sample transaction 179
[2022-07-17T11:51:57.175Z INFO  client] Sending sample transaction 180
[2022-07-17T11:51:57.225Z INFO  client] Sending sample transaction 181
[2022-07-17T11:51:57.275Z INFO  client] Sending sample transaction 182
[2022-07-17T11:51:57.325Z INFO  client] Sending sample transaction 183
[2022-07-17T11:51:57.375Z INFO  client] Sending sample transaction 184
[2022-07-17T11:51:57.425Z INFO  client] Sending sample transaction 185
[2022-07-17T11:51:57.477Z INFO  client] Sending sample transaction 186
[2022-07-17T11:51:57.538Z INFO  client] Sending sample transaction 187
[2022-07-17T11:51:57.575Z INFO  client] Sending sample transaction 188
[2022-07-17T11:51:57.625Z INFO  client] Sending sample transaction 189
[2022-07-17T11:51:57.675Z INFO  client] Sending sample transaction 190
[2022-07-17T11:51:57.726Z INFO  client] Sending sample transaction 191
[2022-07-17T11:51:57.775Z INFO  client] Sending sample transaction 192
[2022-07-17T11:51:57.826Z INFO  client] Sending sample transaction 193
[2022-07-17T11:51:57.875Z INFO  client] Sending sample transaction 194
[2022-07-17T11:51:57.927Z INFO  client] Sending sample transaction 195
[2022-07-17T11:51:57.976Z INFO  client] Sending sample transaction 196
[2022-07-17T11:51:58.025Z INFO  client] Sending sample transaction 197
[2022-07-17T11:51:58.075Z INFO  client] Sending sample transaction 198
[2022-07-17T11:51:58.126Z INFO  client] Sending sample transaction 199
[2022-07-17T11:51:58.175Z INFO  client] Sending sample transaction 200
[2022-07-17T11:51:58.231Z INFO  client] Sending sample transaction 201
[2022-07-17T11:51:58.276Z INFO  client] Sending sample transaction 202
[2022-07-17T11:51:58.325Z INFO  client] Sending sample transaction 203
[2022-07-17T11:51:58.376Z INFO  client] Sending sample transaction 204
[2022-07-17T11:51:58.425Z INFO  client] Sending sample transaction 205
[2022-07-17T11:51:58.475Z INFO  client] Sending sample transaction 206
[2022-07-17T11:51:58.529Z INFO  client] Sending sample transaction 207
[2022-07-17T11:51:58.576Z INFO  client] Sending sample transaction 208
[2022-07-17T11:51:58.626Z INFO  client] Sending sample transaction 209
[2022-07-17T11:51:58.676Z INFO  client] Sending sample transaction 210
[2022-07-17T11:51:58.725Z INFO  client] Sending sample transaction 211
[2022-07-17T11:51:58.775Z INFO  client] Sending sample transaction 212
[2022-07-17T11:51:58.825Z INFO  client] Sending sample transaction 213
[2022-07-17T11:51:58.875Z INFO  client] Sending sample transaction 214
[2022-07-17T11:51:58.925Z INFO  client] Sending sample transaction 215
[2022-07-17T11:51:58.975Z INFO  client] Sending sample transaction 216
[2022-07-17T11:51:59.025Z INFO  client] Sending sample transaction 217
[2022-07-17T11:51:59.076Z INFO  client] Sending sample transaction 218
[2022-07-17T11:51:59.125Z INFO  client] Sending sample transaction 219
[2022-07-17T11:51:59.175Z INFO  client] Sending sample transaction 220
[2022-07-17T11:51:59.226Z INFO  client] Sending sample transaction 221
[2022-07-17T11:51:59.276Z INFO  client] Sending sample transaction 222
[2022-07-17T11:51:59.326Z INFO  client] Sending sample transaction 223
[2022-07-17T11:51:59.376Z INFO  client] Sending sample transaction 224
[2022-07-17T11:51:59.426Z INFO  client] Sending sample transaction 225
[2022-07-17T11:51:59.475Z INFO  client] Sending sample transaction 226
[2022-07-17T11:51:59.525Z INFO  client] Sending sample transaction 227
[2022-07-17T11:51:59.576Z INFO  client] Sending sample transaction 228
[2022-07-17T11:51:59.626Z INFO  client] Sending sample transaction 229
[2022-07-17T11:51:59.674Z INFO  client] Sending sample transaction 230
[2022-07-17T11:51:59.725Z INFO  client] Sending sample transaction 231
[2022-07-17T11:51:59.776Z INFO  client] Sending sample transaction 232
[2022-07-17T11:51:59.825Z INFO  client] Sending sample transaction 233
[2022-07-17T11:51:59.875Z INFO  client] Sending sample transaction 234
[2022-07-17T11:51:59.925Z INFO  client] Sending sample transaction 235
[2022-07-17T11:51:59.975Z INFO  client] Sending sample transaction 236
[2022-07-17T11:52:00.026Z INFO  client] Sending sample transaction 237
[2022-07-17T11:52:00.075Z INFO  client] Sending sample transaction 238
[2022-07-17T11:52:00.125Z INFO  client] Sending sample transaction 239
[2022-07-17T11:52:00.175Z INFO  client] Sending sample transaction 240
[2022-07-17T11:52:00.225Z INFO  client] Sending sample transaction 241
[2022-07-17T11:52:00.276Z INFO  client] Sending sample transaction 242
[2022-07-17T11:52:00.326Z INFO  client] Sending sample transaction 243
[2022-07-17T11:52:00.376Z INFO  client] Sending sample transaction 244
[2022-07-17T11:52:00.425Z INFO  client] Sending sample transaction 245
[2022-07-17T11:52:00.475Z INFO  client] Sending sample transaction 246
[2022-07-17T11:52:00.525Z INFO  client] Sending sample transaction 247
[2022-07-17T11:52:00.575Z INFO  client] Sending sample transaction 248
[2022-07-17T11:52:00.630Z INFO  client] Sending sample transaction 249
[2022-07-17T11:52:00.675Z INFO  client] Sending sample transaction 250
[2022-07-17T11:52:00.725Z INFO  client] Sending sample transaction 251
[2022-07-17T11:52:00.776Z INFO  client] Sending sample transaction 252
[2022-07-17T11:52:00.825Z INFO  client] Sending sample transaction 253
[2022-07-17T11:52:00.875Z INFO  client] Sending sample transaction 254
[2022-07-17T11:52:00.925Z INFO  client] Sending sample transaction 255
[2022-07-17T11:52:00.978Z INFO  client] Sending sample transaction 256
[2022-07-17T11:52:01.025Z INFO  client] Sending sample transaction 257
[2022-07-17T11:52:01.076Z INFO  client] Sending sample transaction 258
[2022-07-17T11:52:01.125Z INFO  client] Sending sample transaction 259
[2022-07-17T11:52:01.175Z INFO  client] Sending sample transaction 260
[2022-07-17T11:52:01.225Z INFO  client] Sending sample transaction 261
[2022-07-17T11:52:01.275Z INFO  client] Sending sample transaction 262
[2022-07-17T11:52:01.328Z INFO  client] Sending sample transaction 263
[2022-07-17T11:52:01.379Z INFO  client] Sending sample transaction 264
[2022-07-17T11:52:01.426Z INFO  client] Sending sample transaction 265
[2022-07-17T11:52:01.476Z INFO  client] Sending sample transaction 266
[2022-07-17T11:52:01.525Z INFO  client] Sending sample transaction 267
[2022-07-17T11:52:01.576Z INFO  client] Sending sample transaction 268
[2022-07-17T11:52:01.627Z INFO  client] Sending sample transaction 269
[2022-07-17T11:52:01.702Z INFO  client] Sending sample transaction 270
[2022-07-17T11:52:01.725Z INFO  client] Sending sample transaction 271
[2022-07-17T11:52:01.775Z INFO  client] Sending sample transaction 272
[2022-07-17T11:52:01.826Z INFO  client] Sending sample transaction 273
[2022-07-17T11:52:01.875Z INFO  client] Sending sample transaction 274
[2022-07-17T11:52:01.926Z INFO  client] Sending sample transaction 275
[2022-07-17T11:52:01.981Z INFO  client] Sending sample transaction 276
[2022-07-17T11:52:02.025Z INFO  client] Sending sample transaction 277
[2022-07-17T11:52:02.075Z INFO  client] Sending sample transaction 278
[2022-07-17T11:52:02.125Z INFO  client] Sending sample transaction 279
[2022-07-17T11:52:02.175Z INFO  client] Sending sample transaction 280
[2022-07-17T11:52:02.225Z INFO  client] Sending sample transaction 281
[2022-07-17T11:52:02.275Z INFO  client] Sending sample transaction 282
[2022-07-17T11:52:02.325Z INFO  client] Sending sample transaction 283
[2022-07-17T11:52:02.376Z INFO  client] Sending sample transaction 284
[2022-07-17T11:52:02.425Z INFO  client] Sending sample transaction 285
[2022-07-17T11:52:02.475Z INFO  client] Sending sample transaction 286
[2022-07-17T11:52:02.525Z INFO  client] Sending sample transaction 287
[2022-07-17T11:52:02.575Z INFO  client] Sending sample transaction 288
[2022-07-17T11:52:02.625Z INFO  client] Sending sample transaction 289
[2022-07-17T11:52:02.675Z INFO  client] Sending sample transaction 290
[2022-07-17T11:52:02.727Z INFO  client] Sending sample transaction 291
[2022-07-17T11:52:02.774Z INFO  client] Sending sample transaction 292
[2022-07-17T11:52:02.825Z INFO  client] Sending sample transaction 293
[2022-07-17T11:52:02.875Z INFO  client] Sending sample transaction 294
[2022-07-17T11:52:02.926Z INFO  client] Sending sample transaction 295
[2022-07-17T11:52:02.976Z INFO  client] Sending sample transaction 296
[2022-07-17T11:52:03.025Z INFO  client] Sending sample transaction 297
[2022-07-17T11:52:03.075Z INFO  client] Sending sample transaction 298
[2022-07-17T11:52:03.131Z INFO  client] Sending sample transaction 299
[2022-07-17T11:52:03.175Z INFO  client] Sending sample transaction 300
[2022-07-17T11:52:03.226Z INFO  client] Sending sample transaction 301
[2022-07-17T11:52:03.275Z INFO  client] Sending sample transaction 302
[2022-07-17T11:52:03.325Z INFO  client] Sending sample transaction 303
[2022-07-17T11:52:03.377Z INFO  client] Sending sample transaction 304
[2022-07-17T11:52:03.426Z INFO  client] Sending sample transaction 305
[2022-07-17T11:52:03.476Z INFO  client] Sending sample transaction 306
[2022-07-17T11:52:03.525Z INFO  client] Sending sample transaction 307
[2022-07-17T11:52:03.575Z INFO  client] Sending sample transaction 308
[2022-07-17T11:52:03.624Z INFO  client] Sending sample transaction 309
[2022-07-17T11:52:03.676Z INFO  client] Sending sample transaction 310
[2022-07-17T11:52:03.725Z INFO  client] Sending sample transaction 311
[2022-07-17T11:52:03.775Z INFO  client] Sending sample transaction 312
[2022-07-17T11:52:03.825Z INFO  client] Sending sample transaction 313
[2022-07-17T11:52:03.876Z INFO  client] Sending sample transaction 314
[2022-07-17T11:52:03.925Z INFO  client] Sending sample transaction 315
[2022-07-17T11:52:03.983Z INFO  client] Sending sample transaction 316
[2022-07-17T11:52:04.026Z INFO  client] Sending sample transaction 317
[2022-07-17T11:52:04.075Z INFO  client] Sending sample transaction 318
[2022-07-17T11:52:04.125Z INFO  client] Sending sample transaction 319
[2022-07-17T11:52:04.176Z INFO  client] Sending sample transaction 320
[2022-07-17T11:52:04.225Z INFO  client] Sending sample transaction 321
[2022-07-17T11:52:04.275Z INFO  client] Sending sample transaction 322
[2022-07-17T11:52:04.328Z INFO  client] Sending sample transaction 323
[2022-07-17T11:52:04.376Z INFO  client] Sending sample transaction 324
[2022-07-17T11:52:04.426Z INFO  client] Sending sample transaction 325
[2022-07-17T11:52:04.477Z INFO  client] Sending sample transaction 326
[2022-07-17T11:52:04.525Z INFO  client] Sending sample transaction 327
[2022-07-17T11:52:04.577Z INFO  client] Sending sample transaction 328
[2022-07-17T11:52:04.628Z INFO  client] Sending sample transaction 329
[2022-07-17T11:52:04.675Z INFO  client] Sending sample transaction 330
[2022-07-17T11:52:04.725Z INFO  client] Sending sample transaction 331
[2022-07-17T11:52:04.804Z INFO  client] Sending sample transaction 332
[2022-07-17T11:52:04.827Z INFO  client] Sending sample transaction 333
[2022-07-17T11:52:04.876Z INFO  client] Sending sample transaction 334
[2022-07-17T11:52:04.926Z INFO  client] Sending sample transaction 335
[2022-07-17T11:52:04.976Z INFO  client] Sending sample transaction 336
[2022-07-17T11:52:05.029Z INFO  client] Sending sample transaction 337
[2022-07-17T11:52:05.075Z INFO  client] Sending sample transaction 338
[2022-07-17T11:52:05.125Z INFO  client] Sending sample transaction 339
[2022-07-17T11:52:05.175Z INFO  client] Sending sample transaction 340
[2022-07-17T11:52:05.225Z INFO  client] Sending sample transaction 341
[2022-07-17T11:52:05.278Z INFO  client] Sending sample transaction 342
[2022-07-17T11:52:05.326Z INFO  client] Sending sample transaction 343
[2022-07-17T11:52:05.375Z INFO  client] Sending sample transaction 344
[2022-07-17T11:52:05.426Z INFO  client] Sending sample transaction 345
[2022-07-17T11:52:05.476Z INFO  client] Sending sample transaction 346
[2022-07-17T11:52:05.526Z INFO  client] Sending sample transaction 347
[2022-07-17T11:52:05.578Z INFO  client] Sending sample transaction 348
[2022-07-17T11:52:05.626Z INFO  client] Sending sample transaction 349
[2022-07-17T11:52:05.675Z INFO  client] Sending sample transaction 350
[2022-07-17T11:52:05.725Z INFO  client] Sending sample transaction 351
[2022-07-17T11:52:05.777Z INFO  client] Sending sample transaction 352
[2022-07-17T11:52:05.827Z INFO  client] Sending sample transaction 353
[2022-07-17T11:52:05.877Z INFO  client] Sending sample transaction 354
[2022-07-17T11:52:05.925Z INFO  client] Sending sample transaction 355
[2022-07-17T11:52:05.975Z INFO  client] Sending sample transaction 356
[2022-07-17T11:52:06.026Z INFO  client] Sending sample transaction 357
[2022-07-17T11:52:06.075Z INFO  client] Sending sample transaction 358
[2022-07-17T11:52:06.126Z INFO  client] Sending sample transaction 359
[2022-07-17T11:52:06.176Z INFO  client] Sending sample transaction 360
[2022-07-17T11:52:06.225Z INFO  client] Sending sample transaction 361
[2022-07-17T11:52:06.275Z INFO  client] Sending sample transaction 362
[2022-07-17T11:52:06.328Z INFO  client] Sending sample transaction 363
[2022-07-17T11:52:06.375Z INFO  client] Sending sample transaction 364
[2022-07-17T11:52:06.425Z INFO  client] Sending sample transaction 365
[2022-07-17T11:52:06.477Z INFO  client] Sending sample transaction 366
[2022-07-17T11:52:06.526Z INFO  client] Sending sample transaction 367
[2022-07-17T11:52:06.576Z INFO  client] Sending sample transaction 368
[2022-07-17T11:52:06.626Z INFO  client] Sending sample transaction 369
[2022-07-17T11:52:06.676Z INFO  client] Sending sample transaction 370
[2022-07-17T11:52:06.726Z INFO  client] Sending sample transaction 371
[2022-07-17T11:52:06.778Z INFO  client] Sending sample transaction 372
[2022-07-17T11:52:06.826Z INFO  client] Sending sample transaction 373
[2022-07-17T11:52:06.913Z INFO  client] Sending sample transaction 374
[2022-07-17T11:52:06.933Z INFO  client] Sending sample transaction 375
[2022-07-17T11:52:06.975Z INFO  client] Sending sample transaction 376
[2022-07-17T11:52:07.026Z INFO  client] Sending sample transaction 377
[2022-07-17T11:52:07.075Z INFO  client] Sending sample transaction 378
[2022-07-17T11:52:07.127Z INFO  client] Sending sample transaction 379
[2022-07-17T11:52:07.175Z INFO  client] Sending sample transaction 380
[2022-07-17T11:52:07.225Z INFO  client] Sending sample transaction 381
[2022-07-17T11:52:07.276Z INFO  client] Sending sample transaction 382
[2022-07-17T11:52:07.326Z INFO  client] Sending sample transaction 383
[2022-07-17T11:52:07.378Z INFO  client] Sending sample transaction 384
[2022-07-17T11:52:07.425Z INFO  client] Sending sample transaction 385
[2022-07-17T11:52:07.475Z INFO  client] Sending sample transaction 386
[2022-07-17T11:52:07.526Z INFO  client] Sending sample transaction 387
[2022-07-17T11:52:07.575Z INFO  client] Sending sample transaction 388
[2022-07-17T11:52:07.625Z INFO  client] Sending sample transaction 389
[2022-07-17T11:52:07.674Z INFO  client] Sending sample transaction 390
[2022-07-17T11:52:07.725Z INFO  client] Sending sample transaction 391
[2022-07-17T11:52:07.775Z INFO  client] Sending sample transaction 392
[2022-07-17T11:52:07.826Z INFO  client] Sending sample transaction 393
[2022-07-17T11:52:07.875Z INFO  client] Sending sample transaction 394
[2022-07-17T11:52:07.926Z INFO  client] Sending sample transaction 395
[2022-07-17T11:52:07.983Z INFO  client] Sending sample transaction 396
[2022-07-17T11:52:08.025Z INFO  client] Sending sample transaction 397
[2022-07-17T11:52:08.075Z INFO  client] Sending sample transaction 398
[2022-07-17T11:52:08.126Z INFO  client] Sending sample transaction 399
[2022-07-17T11:52:08.175Z INFO  client] Sending sample transaction 400
[2022-07-17T11:52:08.225Z INFO  client] Sending sample transaction 401
[2022-07-17T11:52:08.275Z INFO  client] Sending sample transaction 402
[2022-07-17T11:52:08.326Z INFO  client] Sending sample transaction 403
[2022-07-17T11:52:08.376Z INFO  client] Sending sample transaction 404
[2022-07-17T11:52:08.426Z INFO  client] Sending sample transaction 405
[2022-07-17T11:52:08.476Z INFO  client] Sending sample transaction 406
[2022-07-17T11:52:08.526Z INFO  client] Sending sample transaction 407
[2022-07-17T11:52:08.576Z INFO  client] Sending sample transaction 408
[2022-07-17T11:52:08.625Z INFO  client] Sending sample transaction 409
[2022-07-17T11:52:08.676Z INFO  client] Sending sample transaction 410
[2022-07-17T11:52:08.726Z INFO  client] Sending sample transaction 411
[2022-07-17T11:52:08.776Z INFO  client] Sending sample transaction 412
[2022-07-17T11:52:08.825Z INFO  client] Sending sample transaction 413
[2022-07-17T11:52:08.876Z INFO  client] Sending sample transaction 414
[2022-07-17T11:52:08.925Z INFO  client] Sending sample transaction 415
[2022-07-17T11:52:08.975Z INFO  client] Sending sample transaction 416
[2022-07-17T11:52:09.026Z INFO  client] Sending sample transaction 417
[2022-07-17T11:52:09.076Z INFO  client] Sending sample transaction 418
[2022-07-17T11:52:09.126Z INFO  client] Sending sample transaction 419
[2022-07-17T11:52:09.177Z INFO  client] Sending sample transaction 420
[2022-07-17T11:52:09.225Z INFO  client] Sending sample transaction 421
[2022-07-17T11:52:09.276Z INFO  client] Sending sample transaction 422
[2022-07-17T11:52:09.326Z INFO  client] Sending sample transaction 423
[2022-07-17T11:52:09.375Z INFO  client] Sending sample transaction 424
