[2022-07-24T10:38:25.537Z INFO  client] Node address: 127.0.0.1:9015
[2022-07-24T10:38:25.537Z INFO  client] Transactions size: 512 B
[2022-07-24T10:38:25.537Z INFO  client] Transactions rate: 112 tx/s
[2022-07-24T10:38:25.538Z INFO  client] Waiting for all nodes to be online...
[2022-07-24T10:38:25.538Z INFO  client] Waiting for all nodes to be synchronized...
[2022-07-24T10:38:27.598Z INFO  client] Start sending transactions
[2022-07-24T10:38:27.609Z INFO  client] Sending sample transaction 0
[2022-07-24T10:38:27.654Z INFO  client] Sending sample transaction 1
[2022-07-24T10:38:27.700Z INFO  client] Sending sample transaction 2
[2022-07-24T10:38:27.752Z INFO  client] Sending sample transaction 3
[2022-07-24T10:38:27.895Z INFO  client] Sending sample transaction 4
[2022-07-24T10:38:27.895Z INFO  client] Sending sample transaction 5
[2022-07-24T10:38:27.902Z INFO  client] Sending sample transaction 6
[2022-07-24T10:38:27.954Z INFO  client] Sending sample transaction 7
[2022-07-24T10:38:28.006Z INFO  client] Sending sample transaction 8
[2022-07-24T10:38:28.052Z INFO  client] Sending sample transaction 9
[2022-07-24T10:38:28.129Z INFO  client] Sending sample transaction 10
[2022-07-24T10:38:28.167Z INFO  client] Sending sample transaction 11
[2022-07-24T10:38:28.199Z INFO  client] Sending sample transaction 12
[2022-07-24T10:38:28.253Z INFO  client] Sending sample transaction 13
[2022-07-24T10:38:28.300Z INFO  client] Sending sample transaction 14
[2022-07-24T10:38:28.349Z INFO  client] Sending sample transaction 15
[2022-07-24T10:38:28.398Z INFO  client] Sending sample transaction 16
[2022-07-24T10:38:28.450Z INFO  client] Sending sample transaction 17
[2022-07-24T10:38:28.501Z INFO  client] Sending sample transaction 18
[2022-07-24T10:38:28.550Z INFO  client] Sending sample transaction 19
[2022-07-24T10:38:28.599Z INFO  client] Sending sample transaction 20
[2022-07-24T10:38:28.649Z INFO  client] Sending sample transaction 21
[2022-07-24T10:38:28.699Z INFO  client] Sending sample transaction 22
[2022-07-24T10:38:28.749Z INFO  client] Sending sample transaction 23
[2022-07-24T10:38:28.800Z INFO  client] Sending sample transaction 24
[2022-07-24T10:38:28.849Z INFO  client] Sending sample transaction 25
[2022-07-24T10:38:28.901Z INFO  client] Sending sample transaction 26
[2022-07-24T10:38:28.949Z INFO  client] Sending sample transaction 27
[2022-07-24T10:38:28.999Z INFO  client] Sending sample transaction 28
[2022-07-24T10:38:29.050Z INFO  client] Sending sample transaction 29
[2022-07-24T10:38:29.099Z INFO  client] Sending sample transaction 30
[2022-07-24T10:38:29.151Z INFO  client] Sending sample transaction 31
[2022-07-24T10:38:29.199Z INFO  client] Sending sample transaction 32
[2022-07-24T10:38:29.250Z INFO  client] Sending sample transaction 33
[2022-07-24T10:38:29.301Z INFO  client] Sending sample transaction 34
[2022-07-24T10:38:29.350Z INFO  client] Sending sample transaction 35
[2022-07-24T10:38:29.399Z INFO  client] Sending sample transaction 36
[2022-07-24T10:38:29.454Z INFO  client] Sending sample transaction 37
[2022-07-24T10:38:29.554Z INFO  client] Sending sample transaction 38
[2022-07-24T10:38:29.573Z INFO  client] Sending sample transaction 39
[2022-07-24T10:38:29.607Z INFO  client] Sending sample transaction 40
[2022-07-24T10:38:29.667Z INFO  client] Sending sample transaction 41
[2022-07-24T10:38:29.714Z INFO  client] Sending sample transaction 42
[2022-07-24T10:38:29.767Z INFO  client] Sending sample transaction 43
[2022-07-24T10:38:29.808Z INFO  client] Sending sample transaction 44
[2022-07-24T10:38:29.855Z INFO  client] Sending sample transaction 45
[2022-07-24T10:38:29.899Z INFO  client] Sending sample transaction 46
[2022-07-24T10:38:29.949Z INFO  client] Sending sample transaction 47
[2022-07-24T10:38:29.999Z INFO  client] Sending sample transaction 48
[2022-07-24T10:38:30.049Z INFO  client] Sending sample transaction 49
[2022-07-24T10:38:30.099Z INFO  client] Sending sample transaction 50
[2022-07-24T10:38:30.149Z INFO  client] Sending sample transaction 51
[2022-07-24T10:38:30.198Z INFO  client] Sending sample transaction 52
[2022-07-24T10:38:30.250Z INFO  client] Sending sample transaction 53
[2022-07-24T10:38:30.299Z INFO  client] Sending sample transaction 54
[2022-07-24T10:38:30.348Z INFO  client] Sending sample transaction 55
[2022-07-24T10:38:30.399Z INFO  client] Sending sample transaction 56
[2022-07-24T10:38:30.449Z INFO  client] Sending sample transaction 57
[2022-07-24T10:38:30.499Z INFO  client] Sending sample transaction 58
[2022-07-24T10:38:30.550Z INFO  client] Sending sample transaction 59
[2022-07-24T10:38:30.599Z INFO  client] Sending sample transaction 60
[2022-07-24T10:38:30.649Z INFO  client] Sending sample transaction 61
[2022-07-24T10:38:30.699Z INFO  client] Sending sample transaction 62
[2022-07-24T10:38:30.749Z INFO  client] Sending sample transaction 63
[2022-07-24T10:38:30.799Z INFO  client] Sending sample transaction 64
[2022-07-24T10:38:30.851Z INFO  client] Sending sample transaction 65
[2022-07-24T10:38:30.899Z INFO  client] Sending sample transaction 66
[2022-07-24T10:38:30.949Z INFO  client] Sending sample transaction 67
[2022-07-24T10:38:31.026Z INFO  client] Sending sample transaction 68
[2022-07-24T10:38:31.055Z INFO  client] Sending sample transaction 69
[2022-07-24T10:38:31.099Z INFO  client] Sending sample transaction 70
[2022-07-24T10:38:31.149Z INFO  client] Sending sample transaction 71
[2022-07-24T10:38:31.199Z INFO  client] Sending sample transaction 72
[2022-07-24T10:38:31.249Z INFO  client] Sending sample transaction 73
[2022-07-24T10:38:31.299Z INFO  client] Sending sample transaction 74
[2022-07-24T10:38:31.349Z INFO  client] Sending sample transaction 75
[2022-07-24T10:38:31.399Z INFO  client] Sending sample transaction 76
[2022-07-24T10:38:31.449Z INFO  client] Sending sample transaction 77
[2022-07-24T10:38:31.498Z INFO  client] Sending sample transaction 78
[2022-07-24T10:38:31.549Z INFO  client] Sending sample transaction 79
[2022-07-24T10:38:31.598Z INFO  client] Sending sample transaction 80
[2022-07-24T10:38:31.649Z INFO  client] Sending sample transaction 81
[2022-07-24T10:38:31.699Z INFO  client] Sending sample transaction 82
[2022-07-24T10:38:31.749Z INFO  client] Sending sample transaction 83
[2022-07-24T10:38:31.799Z INFO  client] Sending sample transaction 84
[2022-07-24T10:38:31.853Z INFO  client] Sending sample transaction 85
[2022-07-24T10:38:31.903Z INFO  client] Sending sample transaction 86
[2022-07-24T10:38:31.949Z INFO  client] Sending sample transaction 87
[2022-07-24T10:38:31.999Z INFO  client] Sending sample transaction 88
[2022-07-24T10:38:32.050Z INFO  client] Sending sample transaction 89
[2022-07-24T10:38:32.099Z INFO  client] Sending sample transaction 90
[2022-07-24T10:38:32.149Z INFO  client] Sending sample transaction 91
[2022-07-24T10:38:32.198Z INFO  client] Sending sample transaction 92
[2022-07-24T10:38:32.249Z INFO  client] Sending sample transaction 93
[2022-07-24T10:38:32.299Z INFO  client] Sending sample transaction 94
[2022-07-24T10:38:32.349Z INFO  client] Sending sample transaction 95
[2022-07-24T10:38:32.398Z INFO  client] Sending sample transaction 96
[2022-07-24T10:38:32.449Z INFO  client] Sending sample transaction 97
[2022-07-24T10:38:32.499Z INFO  client] Sending sample transaction 98
[2022-07-24T10:38:32.549Z INFO  client] Sending sample transaction 99
[2022-07-24T10:38:32.599Z INFO  client] Sending sample transaction 100
[2022-07-24T10:38:32.649Z INFO  client] Sending sample transaction 101
[2022-07-24T10:38:32.699Z INFO  client] Sending sample transaction 102
[2022-07-24T10:38:32.750Z INFO  client] Sending sample transaction 103
[2022-07-24T10:38:32.799Z INFO  client] Sending sample transaction 104
[2022-07-24T10:38:32.849Z INFO  client] Sending sample transaction 105
[2022-07-24T10:38:32.899Z INFO  client] Sending sample transaction 106
[2022-07-24T10:38:32.952Z INFO  client] Sending sample transaction 107
[2022-07-24T10:38:32.998Z INFO  client] Sending sample transaction 108
[2022-07-24T10:38:33.049Z INFO  client] Sending sample transaction 109
[2022-07-24T10:38:33.099Z INFO  client] Sending sample transaction 110
[2022-07-24T10:38:33.149Z INFO  client] Sending sample transaction 111
[2022-07-24T10:38:33.199Z INFO  client] Sending sample transaction 112
[2022-07-24T10:38:33.249Z INFO  client] Sending sample transaction 113
[2022-07-24T10:38:33.299Z INFO  client] Sending sample transaction 114
[2022-07-24T10:38:33.349Z INFO  client] Sending sample transaction 115
[2022-07-24T10:38:33.403Z INFO  client] Sending sample transaction 116
[2022-07-24T10:38:33.448Z INFO  client] Sending sample transaction 117
[2022-07-24T10:38:33.500Z INFO  client] Sending sample transaction 118
[2022-07-24T10:38:33.548Z INFO  client] Sending sample transaction 119
[2022-07-24T10:38:33.599Z INFO  client] Sending sample transaction 120
[2022-07-24T10:38:33.649Z INFO  client] Sending sample transaction 121
[2022-07-24T10:38:33.700Z INFO  client] Sending sample transaction 122
[2022-07-24T10:38:33.749Z INFO  client] Sending sample transaction 123
[2022-07-24T10:38:33.799Z INFO  client] Sending sample transaction 124
[2022-07-24T10:38:33.849Z INFO  client] Sending sample transaction 125
[2022-07-24T10:38:33.898Z INFO  client] Sending sample transaction 126
[2022-07-24T10:38:33.956Z INFO  client] Sending sample transaction 127
[2022-07-24T10:38:33.999Z INFO  client] Sending sample transaction 128
[2022-07-24T10:38:34.051Z INFO  client] Sending sample transaction 129
[2022-07-24T10:38:34.104Z INFO  client] Sending sample transaction 130
[2022-07-24T10:38:34.149Z INFO  client] Sending sample transaction 131
[2022-07-24T10:38:34.199Z INFO  client] Sending sample transaction 132
[2022-07-24T10:38:34.249Z INFO  client] Sending sample transaction 133
[2022-07-24T10:38:34.300Z INFO  client] Sending sample transaction 134
[2022-07-24T10:38:34.349Z INFO  client] Sending sample transaction 135
[2022-07-24T10:38:34.400Z INFO  client] Sending sample transaction 136
[2022-07-24T10:38:34.449Z INFO  client] Sending sample transaction 137
[2022-07-24T10:38:34.501Z INFO  client] Sending sample transaction 138
[2022-07-24T10:38:34.548Z INFO  client] Sending sample transaction 139
[2022-07-24T10:38:34.599Z INFO  client] Sending sample transaction 140
[2022-07-24T10:38:34.649Z INFO  client] Sending sample transaction 141
[2022-07-24T10:38:34.699Z INFO  client] Sending sample transaction 142
[2022-07-24T10:38:34.750Z INFO  client] Sending sample transaction 143
[2022-07-24T10:38:34.799Z INFO  client] Sending sample transaction 144
[2022-07-24T10:38:34.849Z INFO  client] Sending sample transaction 145
[2022-07-24T10:38:34.899Z INFO  client] Sending sample transaction 146
[2022-07-24T10:38:34.949Z INFO  client] Sending sample transaction 147
[2022-07-24T10:38:35.002Z INFO  client] Sending sample transaction 148
[2022-07-24T10:38:35.048Z INFO  client] Sending sample transaction 149
[2022-07-24T10:38:35.099Z INFO  client] Sending sample transaction 150
[2022-07-24T10:38:35.149Z INFO  client] Sending sample transaction 151
[2022-07-24T10:38:35.199Z INFO  client] Sending sample transaction 152
[2022-07-24T10:38:35.248Z INFO  client] Sending sample transaction 153
[2022-07-24T10:38:35.299Z INFO  client] Sending sample transaction 154
[2022-07-24T10:38:35.349Z INFO  client] Sending sample transaction 155
[2022-07-24T10:38:35.399Z INFO  client] Sending sample transaction 156
[2022-07-24T10:38:35.448Z INFO  client] Sending sample transaction 157
[2022-07-24T10:38:35.530Z INFO  client] Sending sample transaction 158
[2022-07-24T10:38:35.587Z INFO  client] Sending sample transaction 159
[2022-07-24T10:38:35.600Z INFO  client] Sending sample transaction 160
[2022-07-24T10:38:35.649Z INFO  client] Sending sample transaction 161
[2022-07-24T10:38:35.699Z INFO  client] Sending sample transaction 162
[2022-07-24T10:38:35.749Z INFO  client] Sending sample transaction 163
[2022-07-24T10:38:35.800Z INFO  client] Sending sample transaction 164
[2022-07-24T10:38:35.849Z INFO  client] Sending sample transaction 165
[2022-07-24T10:38:35.898Z INFO  client] Sending sample transaction 166
[2022-07-24T10:38:35.950Z INFO  client] Sending sample transaction 167
[2022-07-24T10:38:36.003Z INFO  client] Sending sample transaction 168
[2022-07-24T10:38:36.059Z INFO  client] Sending sample transaction 169
[2022-07-24T10:38:36.099Z INFO  client] Sending sample transaction 170
[2022-07-24T10:38:36.148Z INFO  client] Sending sample transaction 171
[2022-07-24T10:38:36.199Z INFO  client] Sending sample transaction 172
[2022-07-24T10:38:36.248Z INFO  client] Sending sample transaction 173
[2022-07-24T10:38:36.298Z INFO  client] Sending sample transaction 174
[2022-07-24T10:38:36.348Z INFO  client] Sending sample transaction 175
[2022-07-24T10:38:36.399Z INFO  client] Sending sample transaction 176
[2022-07-24T10:38:36.449Z INFO  client] Sending sample transaction 177
[2022-07-24T10:38:36.498Z INFO  client] Sending sample transaction 178
[2022-07-24T10:38:36.549Z INFO  client] Sending sample transaction 179
[2022-07-24T10:38:36.599Z INFO  client] Sending sample transaction 180
[2022-07-24T10:38:36.649Z INFO  client] Sending sample transaction 181
[2022-07-24T10:38:36.698Z INFO  client] Sending sample transaction 182
[2022-07-24T10:38:36.748Z INFO  client] Sending sample transaction 183
[2022-07-24T10:38:36.798Z INFO  client] Sending sample transaction 184
[2022-07-24T10:38:36.851Z INFO  client] Sending sample transaction 185
[2022-07-24T10:38:36.898Z INFO  client] Sending sample transaction 186
[2022-07-24T10:38:36.949Z INFO  client] Sending sample transaction 187
[2022-07-24T10:38:36.999Z INFO  client] Sending sample transaction 188
[2022-07-24T10:38:37.049Z INFO  client] Sending sample transaction 189
[2022-07-24T10:38:37.098Z INFO  client] Sending sample transaction 190
[2022-07-24T10:38:37.149Z INFO  client] Sending sample transaction 191
[2022-07-24T10:38:37.199Z INFO  client] Sending sample transaction 192
[2022-07-24T10:38:37.248Z INFO  client] Sending sample transaction 193
[2022-07-24T10:38:37.299Z INFO  client] Sending sample transaction 194
[2022-07-24T10:38:37.348Z INFO  client] Sending sample transaction 195
[2022-07-24T10:38:37.398Z INFO  client] Sending sample transaction 196
[2022-07-24T10:38:37.449Z INFO  client] Sending sample transaction 197
[2022-07-24T10:38:37.499Z INFO  client] Sending sample transaction 198
[2022-07-24T10:38:37.552Z INFO  client] Sending sample transaction 199
[2022-07-24T10:38:37.599Z INFO  client] Sending sample transaction 200
[2022-07-24T10:38:37.649Z INFO  client] Sending sample transaction 201
[2022-07-24T10:38:37.699Z INFO  client] Sending sample transaction 202
[2022-07-24T10:38:37.749Z INFO  client] Sending sample transaction 203
[2022-07-24T10:38:37.799Z INFO  client] Sending sample transaction 204
[2022-07-24T10:38:37.849Z INFO  client] Sending sample transaction 205
[2022-07-24T10:38:37.899Z INFO  client] Sending sample transaction 206
[2022-07-24T10:38:37.949Z INFO  client] Sending sample transaction 207
[2022-07-24T10:38:37.999Z INFO  client] Sending sample transaction 208
[2022-07-24T10:38:38.049Z INFO  client] Sending sample transaction 209
[2022-07-24T10:38:38.099Z INFO  client] Sending sample transaction 210
[2022-07-24T10:38:38.149Z INFO  client] Sending sample transaction 211
[2022-07-24T10:38:38.199Z INFO  client] Sending sample transaction 212
[2022-07-24T10:38:38.249Z INFO  client] Sending sample transaction 213
[2022-07-24T10:38:38.299Z INFO  client] Sending sample transaction 214
[2022-07-24T10:38:38.349Z INFO  client] Sending sample transaction 215
[2022-07-24T10:38:38.399Z INFO  client] Sending sample transaction 216
[2022-07-24T10:38:38.449Z INFO  client] Sending sample transaction 217
[2022-07-24T10:38:38.499Z INFO  client] Sending sample transaction 218
[2022-07-24T10:38:38.549Z INFO  client] Sending sample transaction 219
[2022-07-24T10:38:38.599Z INFO  client] Sending sample transaction 220
[2022-07-24T10:38:38.649Z INFO  client] Sending sample transaction 221
[2022-07-24T10:38:38.699Z INFO  client] Sending sample transaction 222
[2022-07-24T10:38:38.749Z INFO  client] Sending sample transaction 223
[2022-07-24T10:38:38.843Z INFO  client] Sending sample transaction 224
[2022-07-24T10:38:38.876Z INFO  client] Sending sample transaction 225
[2022-07-24T10:38:38.906Z INFO  client] Sending sample transaction 226
[2022-07-24T10:38:38.949Z INFO  client] Sending sample transaction 227
[2022-07-24T10:38:39.000Z INFO  client] Sending sample transaction 228
[2022-07-24T10:38:39.050Z INFO  client] Sending sample transaction 229
[2022-07-24T10:38:39.099Z INFO  client] Sending sample transaction 230
[2022-07-24T10:38:39.151Z INFO  client] Sending sample transaction 231
[2022-07-24T10:38:39.199Z INFO  client] Sending sample transaction 232
[2022-07-24T10:38:39.249Z INFO  client] Sending sample transaction 233
[2022-07-24T10:38:39.299Z INFO  client] Sending sample transaction 234
[2022-07-24T10:38:39.349Z INFO  client] Sending sample transaction 235
[2022-07-24T10:38:39.399Z INFO  client] Sending sample transaction 236
[2022-07-24T10:38:39.450Z INFO  client] Sending sample transaction 237
[2022-07-24T10:38:39.499Z INFO  client] Sending sample transaction 238
[2022-07-24T10:38:39.549Z INFO  client] Sending sample transaction 239
[2022-07-24T10:38:39.599Z INFO  client] Sending sample transaction 240
[2022-07-24T10:38:39.649Z INFO  client] Sending sample transaction 241
[2022-07-24T10:38:39.699Z INFO  client] Sending sample transaction 242
[2022-07-24T10:38:39.749Z INFO  client] Sending sample transaction 243
[2022-07-24T10:38:39.799Z INFO  client] Sending sample transaction 244
[2022-07-24T10:38:39.848Z INFO  client] Sending sample transaction 245
[2022-07-24T10:38:39.899Z INFO  client] Sending sample transaction 246
[2022-07-24T10:38:39.949Z INFO  client] Sending sample transaction 247
[2022-07-24T10:38:39.999Z INFO  client] Sending sample transaction 248
[2022-07-24T10:38:40.053Z INFO  client] Sending sample transaction 249
[2022-07-24T10:38:40.099Z INFO  client] Sending sample transaction 250
[2022-07-24T10:38:40.154Z INFO  client] Sending sample transaction 251
[2022-07-24T10:38:40.198Z INFO  client] Sending sample transaction 252
[2022-07-24T10:38:40.249Z INFO  client] Sending sample transaction 253
[2022-07-24T10:38:40.299Z INFO  client] Sending sample transaction 254
[2022-07-24T10:38:40.349Z INFO  client] Sending sample transaction 255
[2022-07-24T10:38:40.399Z INFO  client] Sending sample transaction 256
[2022-07-24T10:38:40.448Z INFO  client] Sending sample transaction 257
[2022-07-24T10:38:40.499Z INFO  client] Sending sample transaction 258
[2022-07-24T10:38:40.549Z INFO  client] Sending sample transaction 259
[2022-07-24T10:38:40.598Z INFO  client] Sending sample transaction 260
[2022-07-24T10:38:40.649Z INFO  client] Sending sample transaction 261
[2022-07-24T10:38:40.699Z INFO  client] Sending sample transaction 262
[2022-07-24T10:38:40.750Z INFO  client] Sending sample transaction 263
[2022-07-24T10:38:40.799Z INFO  client] Sending sample transaction 264
[2022-07-24T10:38:40.848Z INFO  client] Sending sample transaction 265
[2022-07-24T10:38:40.898Z INFO  client] Sending sample transaction 266
[2022-07-24T10:38:40.949Z INFO  client] Sending sample transaction 267
[2022-07-24T10:38:40.999Z INFO  client] Sending sample transaction 268
[2022-07-24T10:38:41.049Z INFO  client] Sending sample transaction 269
[2022-07-24T10:38:41.099Z INFO  client] Sending sample transaction 270
[2022-07-24T10:38:41.148Z INFO  client] Sending sample transaction 271
[2022-07-24T10:38:41.207Z INFO  client] Sending sample transaction 272
[2022-07-24T10:38:41.271Z INFO  client] Sending sample transaction 273
[2022-07-24T10:38:41.300Z INFO  client] Sending sample transaction 274
[2022-07-24T10:38:41.349Z INFO  client] Sending sample transaction 275
[2022-07-24T10:38:41.399Z INFO  client] Sending sample transaction 276
[2022-07-24T10:38:41.449Z INFO  client] Sending sample transaction 277
[2022-07-24T10:38:41.499Z INFO  client] Sending sample transaction 278
[2022-07-24T10:38:41.549Z INFO  client] Sending sample transaction 279
[2022-07-24T10:38:41.599Z INFO  client] Sending sample transaction 280
[2022-07-24T10:38:41.649Z INFO  client] Sending sample transaction 281
[2022-07-24T10:38:41.699Z INFO  client] Sending sample transaction 282
[2022-07-24T10:38:41.748Z INFO  client] Sending sample transaction 283
[2022-07-24T10:38:41.799Z INFO  client] Sending sample transaction 284
[2022-07-24T10:38:41.848Z INFO  client] Sending sample transaction 285
[2022-07-24T10:38:41.899Z INFO  client] Sending sample transaction 286
[2022-07-24T10:38:41.950Z INFO  client] Sending sample transaction 287
[2022-07-24T10:38:41.999Z INFO  client] Sending sample transaction 288
[2022-07-24T10:38:42.049Z INFO  client] Sending sample transaction 289
[2022-07-24T10:38:42.099Z INFO  client] Sending sample transaction 290
[2022-07-24T10:38:42.149Z INFO  client] Sending sample transaction 291
[2022-07-24T10:38:42.199Z INFO  client] Sending sample transaction 292
[2022-07-24T10:38:42.250Z INFO  client] Sending sample transaction 293
[2022-07-24T10:38:42.299Z INFO  client] Sending sample transaction 294
[2022-07-24T10:38:42.348Z INFO  client] Sending sample transaction 295
[2022-07-24T10:38:42.399Z INFO  client] Sending sample transaction 296
[2022-07-24T10:38:42.449Z INFO  client] Sending sample transaction 297
[2022-07-24T10:38:42.499Z INFO  client] Sending sample transaction 298
[2022-07-24T10:38:42.549Z INFO  client] Sending sample transaction 299
[2022-07-24T10:38:42.598Z INFO  client] Sending sample transaction 300
[2022-07-24T10:38:42.650Z INFO  client] Sending sample transaction 301
[2022-07-24T10:38:42.699Z INFO  client] Sending sample transaction 302
[2022-07-24T10:38:42.749Z INFO  client] Sending sample transaction 303
[2022-07-24T10:38:42.799Z INFO  client] Sending sample transaction 304
[2022-07-24T10:38:42.851Z INFO  client] Sending sample transaction 305
[2022-07-24T10:38:42.899Z INFO  client] Sending sample transaction 306
[2022-07-24T10:38:42.949Z INFO  client] Sending sample transaction 307
[2022-07-24T10:38:43.000Z INFO  client] Sending sample transaction 308
[2022-07-24T10:38:43.048Z INFO  client] Sending sample transaction 309
[2022-07-24T10:38:43.099Z INFO  client] Sending sample transaction 310
[2022-07-24T10:38:43.149Z INFO  client] Sending sample transaction 311
[2022-07-24T10:38:43.199Z INFO  client] Sending sample transaction 312
[2022-07-24T10:38:43.253Z INFO  client] Sending sample transaction 313
[2022-07-24T10:38:43.303Z INFO  client] Sending sample transaction 314
[2022-07-24T10:38:43.348Z INFO  client] Sending sample transaction 315
[2022-07-24T10:38:43.400Z INFO  client] Sending sample transaction 316
[2022-07-24T10:38:43.449Z INFO  client] Sending sample transaction 317
[2022-07-24T10:38:43.498Z INFO  client] Sending sample transaction 318
[2022-07-24T10:38:43.549Z INFO  client] Sending sample transaction 319
[2022-07-24T10:38:43.598Z INFO  client] Sending sample transaction 320
[2022-07-24T10:38:43.648Z INFO  client] Sending sample transaction 321
[2022-07-24T10:38:43.699Z INFO  client] Sending sample transaction 322
[2022-07-24T10:38:43.749Z INFO  client] Sending sample transaction 323
[2022-07-24T10:38:43.830Z INFO  client] Sending sample transaction 324
[2022-07-24T10:38:43.864Z INFO  client] Sending sample transaction 325
[2022-07-24T10:38:43.898Z INFO  client] Sending sample transaction 326
[2022-07-24T10:38:43.949Z INFO  client] Sending sample transaction 327
[2022-07-24T10:38:43.999Z INFO  client] Sending sample transaction 328
[2022-07-24T10:38:44.050Z INFO  client] Sending sample transaction 329
[2022-07-24T10:38:44.099Z INFO  client] Sending sample transaction 330
[2022-07-24T10:38:44.149Z INFO  client] Sending sample transaction 331
[2022-07-24T10:38:44.199Z INFO  client] Sending sample transaction 332
[2022-07-24T10:38:44.250Z INFO  client] Sending sample transaction 333
[2022-07-24T10:38:44.300Z INFO  client] Sending sample transaction 334
[2022-07-24T10:38:44.358Z INFO  client] Sending sample transaction 335
[2022-07-24T10:38:44.399Z INFO  client] Sending sample transaction 336
[2022-07-24T10:38:44.449Z INFO  client] Sending sample transaction 337
[2022-07-24T10:38:44.499Z INFO  client] Sending sample transaction 338
[2022-07-24T10:38:44.549Z INFO  client] Sending sample transaction 339
[2022-07-24T10:38:44.599Z INFO  client] Sending sample transaction 340
[2022-07-24T10:38:44.649Z INFO  client] Sending sample transaction 341
[2022-07-24T10:38:44.699Z INFO  client] Sending sample transaction 342
[2022-07-24T10:38:44.749Z INFO  client] Sending sample transaction 343
[2022-07-24T10:38:44.799Z INFO  client] Sending sample transaction 344
[2022-07-24T10:38:44.849Z INFO  client] Sending sample transaction 345
[2022-07-24T10:38:44.899Z INFO  client] Sending sample transaction 346
[2022-07-24T10:38:44.951Z INFO  client] Sending sample transaction 347
[2022-07-24T10:38:44.999Z INFO  client] Sending sample transaction 348
[2022-07-24T10:38:45.049Z INFO  client] Sending sample transaction 349
[2022-07-24T10:38:45.099Z INFO  client] Sending sample transaction 350
[2022-07-24T10:38:45.149Z INFO  client] Sending sample transaction 351
[2022-07-24T10:38:45.199Z INFO  client] Sending sample transaction 352
[2022-07-24T10:38:45.249Z INFO  client] Sending sample transaction 353
[2022-07-24T10:38:45.299Z INFO  client] Sending sample transaction 354
[2022-07-24T10:38:45.349Z INFO  client] Sending sample transaction 355
[2022-07-24T10:38:45.403Z INFO  client] Sending sample transaction 356
[2022-07-24T10:38:45.449Z INFO  client] Sending sample transaction 357
[2022-07-24T10:38:45.498Z INFO  client] Sending sample transaction 358
[2022-07-24T10:38:45.549Z INFO  client] Sending sample transaction 359
[2022-07-24T10:38:45.599Z INFO  client] Sending sample transaction 360
[2022-07-24T10:38:45.649Z INFO  client] Sending sample transaction 361
[2022-07-24T10:38:45.699Z INFO  client] Sending sample transaction 362
[2022-07-24T10:38:45.749Z INFO  client] Sending sample transaction 363
[2022-07-24T10:38:45.798Z INFO  client] Sending sample transaction 364
[2022-07-24T10:38:45.849Z INFO  client] Sending sample transaction 365
[2022-07-24T10:38:45.899Z INFO  client] Sending sample transaction 366
[2022-07-24T10:38:45.949Z INFO  client] Sending sample transaction 367
[2022-07-24T10:38:46.008Z INFO  client] Sending sample transaction 368
[2022-07-24T10:38:46.072Z INFO  client] Sending sample transaction 369
[2022-07-24T10:38:46.102Z INFO  client] Sending sample transaction 370
[2022-07-24T10:38:46.151Z INFO  client] Sending sample transaction 371
[2022-07-24T10:38:46.199Z INFO  client] Sending sample transaction 372
[2022-07-24T10:38:46.248Z INFO  client] Sending sample transaction 373
[2022-07-24T10:38:46.300Z INFO  client] Sending sample transaction 374
[2022-07-24T10:38:46.348Z INFO  client] Sending sample transaction 375
[2022-07-24T10:38:46.398Z INFO  client] Sending sample transaction 376
[2022-07-24T10:38:46.452Z INFO  client] Sending sample transaction 377
[2022-07-24T10:38:46.499Z INFO  client] Sending sample transaction 378
[2022-07-24T10:38:46.549Z INFO  client] Sending sample transaction 379
[2022-07-24T10:38:46.598Z INFO  client] Sending sample transaction 380
[2022-07-24T10:38:46.649Z INFO  client] Sending sample transaction 381
[2022-07-24T10:38:46.699Z INFO  client] Sending sample transaction 382
[2022-07-24T10:38:46.749Z INFO  client] Sending sample transaction 383
[2022-07-24T10:38:46.799Z INFO  client] Sending sample transaction 384
[2022-07-24T10:38:46.849Z INFO  client] Sending sample transaction 385
[2022-07-24T10:38:46.899Z INFO  client] Sending sample transaction 386
[2022-07-24T10:38:46.949Z INFO  client] Sending sample transaction 387
[2022-07-24T10:38:47.001Z INFO  client] Sending sample transaction 388
[2022-07-24T10:38:47.050Z INFO  client] Sending sample transaction 389
[2022-07-24T10:38:47.099Z INFO  client] Sending sample transaction 390
[2022-07-24T10:38:47.149Z INFO  client] Sending sample transaction 391
[2022-07-24T10:38:47.199Z INFO  client] Sending sample transaction 392
[2022-07-24T10:38:47.249Z INFO  client] Sending sample transaction 393
[2022-07-24T10:38:47.299Z INFO  client] Sending sample transaction 394
[2022-07-24T10:38:47.349Z INFO  client] Sending sample transaction 395
[2022-07-24T10:38:47.399Z INFO  client] Sending sample transaction 396
[2022-07-24T10:38:47.453Z INFO  client] Sending sample transaction 397
[2022-07-24T10:38:47.502Z INFO  client] Sending sample transaction 398
[2022-07-24T10:38:47.549Z INFO  client] Sending sample transaction 399
[2022-07-24T10:38:47.598Z INFO  client] Sending sample transaction 400
[2022-07-24T10:38:47.649Z INFO  client] Sending sample transaction 401
[2022-07-24T10:38:47.699Z INFO  client] Sending sample transaction 402
[2022-07-24T10:38:47.749Z INFO  client] Sending sample transaction 403
[2022-07-24T10:38:47.798Z INFO  client] Sending sample transaction 404
[2022-07-24T10:38:47.849Z INFO  client] Sending sample transaction 405
[2022-07-24T10:38:47.900Z INFO  client] Sending sample transaction 406
[2022-07-24T10:38:47.949Z INFO  client] Sending sample transaction 407
[2022-07-24T10:38:47.998Z INFO  client] Sending sample transaction 408
[2022-07-24T10:38:48.050Z INFO  client] Sending sample transaction 409
[2022-07-24T10:38:48.099Z INFO  client] Sending sample transaction 410
[2022-07-24T10:38:48.149Z INFO  client] Sending sample transaction 411
[2022-07-24T10:38:48.199Z INFO  client] Sending sample transaction 412
[2022-07-24T10:38:48.249Z INFO  client] Sending sample transaction 413
[2022-07-24T10:38:48.299Z INFO  client] Sending sample transaction 414
[2022-07-24T10:38:48.372Z INFO  client] Sending sample transaction 415
[2022-07-24T10:38:48.438Z INFO  client] Sending sample transaction 416
[2022-07-24T10:38:48.449Z INFO  client] Sending sample transaction 417
[2022-07-24T10:38:48.504Z INFO  client] Sending sample transaction 418
[2022-07-24T10:38:48.550Z INFO  client] Sending sample transaction 419
[2022-07-24T10:38:48.599Z INFO  client] Sending sample transaction 420
[2022-07-24T10:38:48.649Z INFO  client] Sending sample transaction 421
[2022-07-24T10:38:48.699Z INFO  client] Sending sample transaction 422
[2022-07-24T10:38:48.752Z INFO  client] Sending sample transaction 423
[2022-07-24T10:38:48.800Z INFO  client] Sending sample transaction 424
[2022-07-24T10:38:48.852Z INFO  client] Sending sample transaction 425
[2022-07-24T10:38:48.902Z INFO  client] Sending sample transaction 426
[2022-07-24T10:38:48.951Z INFO  client] Sending sample transaction 427
[2022-07-24T10:38:48.999Z INFO  client] Sending sample transaction 428
[2022-07-24T10:38:49.051Z INFO  client] Sending sample transaction 429
[2022-07-24T10:38:49.099Z INFO  client] Sending sample transaction 430
[2022-07-24T10:38:49.148Z INFO  client] Sending sample transaction 431
[2022-07-24T10:38:49.203Z INFO  client] Sending sample transaction 432
[2022-07-24T10:38:49.253Z INFO  client] Sending sample transaction 433
[2022-07-24T10:38:49.311Z INFO  client] Sending sample transaction 434
