[2022-07-23T16:56:25.848Z INFO  client] Node address: 127.0.0.1:9012
[2022-07-23T16:56:25.848Z INFO  client] Transactions size: 512 B
[2022-07-23T16:56:25.848Z INFO  client] Transactions rate: 112 tx/s
[2022-07-23T16:56:25.848Z INFO  client] Waiting for all nodes to be online...
[2022-07-23T16:56:25.848Z INFO  client] Waiting for all nodes to be synchronized...
[2022-07-23T16:56:28.103Z INFO  client] Start sending transactions
[2022-07-23T16:56:28.115Z INFO  client] Sending sample transaction 0
[2022-07-23T16:56:28.166Z INFO  client] Sending sample transaction 1
[2022-07-23T16:56:28.206Z INFO  client] Sending sample transaction 2
[2022-07-23T16:56:28.256Z INFO  client] Sending sample transaction 3
[2022-07-23T16:56:28.308Z INFO  client] Sending sample transaction 4
[2022-07-23T16:56:28.364Z INFO  client] Sending sample transaction 5
[2022-07-23T16:56:28.434Z INFO  client] Sending sample transaction 6
[2022-07-23T16:56:28.466Z INFO  client] Sending sample transaction 7
[2022-07-23T16:56:28.511Z INFO  client] Sending sample transaction 8
[2022-07-23T16:56:28.558Z INFO  client] Sending sample transaction 9
[2022-07-23T16:56:28.604Z INFO  client] Sending sample transaction 10
[2022-07-23T16:56:28.660Z INFO  client] Sending sample transaction 11
[2022-07-23T16:56:28.712Z INFO  client] Sending sample transaction 12
[2022-07-23T16:56:28.755Z INFO  client] Sending sample transaction 13
[2022-07-23T16:56:28.805Z INFO  client] Sending sample transaction 14
[2022-07-23T16:56:28.854Z INFO  client] Sending sample transaction 15
[2022-07-23T16:56:28.905Z INFO  client] Sending sample transaction 16
[2022-07-23T16:56:28.956Z INFO  client] Sending sample transaction 17
[2022-07-23T16:56:29.005Z INFO  client] Sending sample transaction 18
[2022-07-23T16:56:29.056Z INFO  client] Sending sample transaction 19
[2022-07-23T16:56:29.104Z INFO  client] Sending sample transaction 20
[2022-07-23T16:56:29.155Z INFO  client] Sending sample transaction 21
[2022-07-23T16:56:29.204Z INFO  client] Sending sample transaction 22
[2022-07-23T16:56:29.255Z INFO  client] Sending sample transaction 23
[2022-07-23T16:56:29.305Z INFO  client] Sending sample transaction 24
[2022-07-23T16:56:29.354Z INFO  client] Sending sample transaction 25
[2022-07-23T16:56:29.405Z INFO  client] Sending sample transaction 26
[2022-07-23T16:56:29.459Z INFO  client] Sending sample transaction 27
[2022-07-23T16:56:29.506Z INFO  client] Sending sample transaction 28
[2022-07-23T16:56:29.569Z INFO  client] Sending sample transaction 29
[2022-07-23T16:56:29.604Z INFO  client] Sending sample transaction 30
[2022-07-23T16:56:29.693Z INFO  client] Sending sample transaction 31
[2022-07-23T16:56:29.818Z INFO  client] Sending sample transaction 32
[2022-07-23T16:56:29.819Z INFO  client] Sending sample transaction 33
[2022-07-23T16:56:29.820Z INFO  client] Sending sample transaction 34
[2022-07-23T16:56:29.882Z INFO  client] Sending sample transaction 35
[2022-07-23T16:56:29.911Z INFO  client] Sending sample transaction 36
[2022-07-23T16:56:29.992Z INFO  client] Sending sample transaction 37
[2022-07-23T16:56:30.037Z INFO  client] Sending sample transaction 38
[2022-07-23T16:56:30.098Z INFO  client] Sending sample transaction 39
[2022-07-23T16:56:30.113Z INFO  client] Sending sample transaction 40
[2022-07-23T16:56:30.156Z INFO  client] Sending sample transaction 41
[2022-07-23T16:56:30.204Z INFO  client] Sending sample transaction 42
[2022-07-23T16:56:30.255Z INFO  client] Sending sample transaction 43
[2022-07-23T16:56:30.305Z INFO  client] Sending sample transaction 44
[2022-07-23T16:56:30.354Z INFO  client] Sending sample transaction 45
[2022-07-23T16:56:30.404Z INFO  client] Sending sample transaction 46
[2022-07-23T16:56:30.456Z INFO  client] Sending sample transaction 47
[2022-07-23T16:56:30.505Z INFO  client] Sending sample transaction 48
[2022-07-23T16:56:30.556Z INFO  client] Sending sample transaction 49
[2022-07-23T16:56:30.604Z INFO  client] Sending sample transaction 50
[2022-07-23T16:56:30.654Z INFO  client] Sending sample transaction 51
[2022-07-23T16:56:30.704Z INFO  client] Sending sample transaction 52
[2022-07-23T16:56:30.755Z INFO  client] Sending sample transaction 53
[2022-07-23T16:56:30.806Z INFO  client] Sending sample transaction 54
[2022-07-23T16:56:30.854Z INFO  client] Sending sample transaction 55
[2022-07-23T16:56:30.905Z INFO  client] Sending sample transaction 56
[2022-07-23T16:56:30.956Z INFO  client] Sending sample transaction 57
[2022-07-23T16:56:31.005Z INFO  client] Sending sample transaction 58
[2022-07-23T16:56:31.055Z INFO  client] Sending sample transaction 59
[2022-07-23T16:56:31.164Z INFO  client] Sending sample transaction 60
[2022-07-23T16:56:31.222Z INFO  client] Sending sample transaction 61
[2022-07-23T16:56:31.252Z INFO  client] Sending sample transaction 62
[2022-07-23T16:56:31.273Z INFO  client] Sending sample transaction 63
[2022-07-23T16:56:31.306Z INFO  client] Sending sample transaction 64
[2022-07-23T16:56:31.362Z INFO  client] Sending sample transaction 65
[2022-07-23T16:56:31.405Z INFO  client] Sending sample transaction 66
[2022-07-23T16:56:31.456Z INFO  client] Sending sample transaction 67
[2022-07-23T16:56:31.505Z INFO  client] Sending sample transaction 68
[2022-07-23T16:56:31.555Z INFO  client] Sending sample transaction 69
[2022-07-23T16:56:31.604Z INFO  client] Sending sample transaction 70
[2022-07-23T16:56:31.654Z INFO  client] Sending sample transaction 71
[2022-07-23T16:56:31.704Z INFO  client] Sending sample transaction 72
[2022-07-23T16:56:31.756Z INFO  client] Sending sample transaction 73
[2022-07-23T16:56:31.804Z INFO  client] Sending sample transaction 74
[2022-07-23T16:56:31.854Z INFO  client] Sending sample transaction 75
[2022-07-23T16:56:31.905Z INFO  client] Sending sample transaction 76
[2022-07-23T16:56:31.955Z INFO  client] Sending sample transaction 77
[2022-07-23T16:56:32.005Z INFO  client] Sending sample transaction 78
[2022-07-23T16:56:32.054Z INFO  client] Sending sample transaction 79
[2022-07-23T16:56:32.104Z INFO  client] Sending sample transaction 80
[2022-07-23T16:56:32.155Z INFO  client] Sending sample transaction 81
[2022-07-23T16:56:32.205Z INFO  client] Sending sample transaction 82
[2022-07-23T16:56:32.265Z INFO  client] Sending sample transaction 83
[2022-07-23T16:56:32.304Z INFO  client] Sending sample transaction 84
[2022-07-23T16:56:32.355Z INFO  client] Sending sample transaction 85
[2022-07-23T16:56:32.439Z INFO  client] Sending sample transaction 86
[2022-07-23T16:56:32.460Z INFO  client] Sending sample transaction 87
[2022-07-23T16:56:32.505Z INFO  client] Sending sample transaction 88
[2022-07-23T16:56:32.555Z INFO  client] Sending sample transaction 89
[2022-07-23T16:56:32.604Z INFO  client] Sending sample transaction 90
[2022-07-23T16:56:32.654Z INFO  client] Sending sample transaction 91
[2022-07-23T16:56:32.705Z INFO  client] Sending sample transaction 92
[2022-07-23T16:56:32.755Z INFO  client] Sending sample transaction 93
[2022-07-23T16:56:32.804Z INFO  client] Sending sample transaction 94
[2022-07-23T16:56:32.854Z INFO  client] Sending sample transaction 95
[2022-07-23T16:56:32.904Z INFO  client] Sending sample transaction 96
[2022-07-23T16:56:32.954Z INFO  client] Sending sample transaction 97
[2022-07-23T16:56:33.004Z INFO  client] Sending sample transaction 98
[2022-07-23T16:56:33.054Z INFO  client] Sending sample transaction 99
[2022-07-23T16:56:33.104Z INFO  client] Sending sample transaction 100
[2022-07-23T16:56:33.155Z INFO  client] Sending sample transaction 101
[2022-07-23T16:56:33.206Z INFO  client] Sending sample transaction 102
[2022-07-23T16:56:33.254Z INFO  client] Sending sample transaction 103
[2022-07-23T16:56:33.310Z INFO  client] Sending sample transaction 104
[2022-07-23T16:56:33.355Z INFO  client] Sending sample transaction 105
[2022-07-23T16:56:33.404Z INFO  client] Sending sample transaction 106
[2022-07-23T16:56:33.458Z INFO  client] Sending sample transaction 107
[2022-07-23T16:56:33.504Z INFO  client] Sending sample transaction 108
[2022-07-23T16:56:33.554Z INFO  client] Sending sample transaction 109
[2022-07-23T16:56:33.604Z INFO  client] Sending sample transaction 110
[2022-07-23T16:56:33.655Z INFO  client] Sending sample transaction 111
[2022-07-23T16:56:33.704Z INFO  client] Sending sample transaction 112
[2022-07-23T16:56:33.755Z INFO  client] Sending sample transaction 113
[2022-07-23T16:56:33.804Z INFO  client] Sending sample transaction 114
[2022-07-23T16:56:33.854Z INFO  client] Sending sample transaction 115
[2022-07-23T16:56:33.904Z INFO  client] Sending sample transaction 116
[2022-07-23T16:56:33.955Z INFO  client] Sending sample transaction 117
[2022-07-23T16:56:34.004Z INFO  client] Sending sample transaction 118
[2022-07-23T16:56:34.054Z INFO  client] Sending sample transaction 119
[2022-07-23T16:56:34.105Z INFO  client] Sending sample transaction 120
[2022-07-23T16:56:34.159Z INFO  client] Sending sample transaction 121
[2022-07-23T16:56:34.205Z INFO  client] Sending sample transaction 122
[2022-07-23T16:56:34.254Z INFO  client] Sending sample transaction 123
[2022-07-23T16:56:34.305Z INFO  client] Sending sample transaction 124
[2022-07-23T16:56:34.354Z INFO  client] Sending sample transaction 125
[2022-07-23T16:56:34.404Z INFO  client] Sending sample transaction 126
[2022-07-23T16:56:34.454Z INFO  client] Sending sample transaction 127
[2022-07-23T16:56:34.505Z INFO  client] Sending sample transaction 128
[2022-07-23T16:56:34.555Z INFO  client] Sending sample transaction 129
[2022-07-23T16:56:34.604Z INFO  client] Sending sample transaction 130
[2022-07-23T16:56:34.654Z INFO  client] Sending sample transaction 131
[2022-07-23T16:56:34.704Z INFO  client] Sending sample transaction 132
[2022-07-23T16:56:34.755Z INFO  client] Sending sample transaction 133
[2022-07-23T16:56:34.804Z INFO  client] Sending sample transaction 134
[2022-07-23T16:56:34.854Z INFO  client] Sending sample transaction 135
[2022-07-23T16:56:34.904Z INFO  client] Sending sample transaction 136
[2022-07-23T16:56:34.954Z INFO  client] Sending sample transaction 137
[2022-07-23T16:56:35.004Z INFO  client] Sending sample transaction 138
[2022-07-23T16:56:35.054Z INFO  client] Sending sample transaction 139
[2022-07-23T16:56:35.105Z INFO  client] Sending sample transaction 140
[2022-07-23T16:56:35.155Z INFO  client] Sending sample transaction 141
[2022-07-23T16:56:35.205Z INFO  client] Sending sample transaction 142
[2022-07-23T16:56:35.254Z INFO  client] Sending sample transaction 143
[2022-07-23T16:56:35.305Z INFO  client] Sending sample transaction 144
[2022-07-23T16:56:35.353Z INFO  client] Sending sample transaction 145
[2022-07-23T16:56:35.405Z INFO  client] Sending sample transaction 146
[2022-07-23T16:56:35.455Z INFO  client] Sending sample transaction 147
[2022-07-23T16:56:35.505Z INFO  client] Sending sample transaction 148
[2022-07-23T16:56:35.555Z INFO  client] Sending sample transaction 149
[2022-07-23T16:56:35.605Z INFO  client] Sending sample transaction 150
[2022-07-23T16:56:35.654Z INFO  client] Sending sample transaction 151
[2022-07-23T16:56:35.704Z INFO  client] Sending sample transaction 152
[2022-07-23T16:56:35.754Z INFO  client] Sending sample transaction 153
[2022-07-23T16:56:35.804Z INFO  client] Sending sample transaction 154
[2022-07-23T16:56:35.854Z INFO  client] Sending sample transaction 155
[2022-07-23T16:56:35.904Z INFO  client] Sending sample transaction 156
[2022-07-23T16:56:35.955Z INFO  client] Sending sample transaction 157
[2022-07-23T16:56:36.004Z INFO  client] Sending sample transaction 158
[2022-07-23T16:56:36.055Z INFO  client] Sending sample transaction 159
[2022-07-23T16:56:36.104Z INFO  client] Sending sample transaction 160
[2022-07-23T16:56:36.155Z INFO  client] Sending sample transaction 161
[2022-07-23T16:56:36.214Z INFO  client] Sending sample transaction 162
[2022-07-23T16:56:36.262Z INFO  client] Sending sample transaction 163
[2022-07-23T16:56:36.311Z INFO  client] Sending sample transaction 164
[2022-07-23T16:56:36.355Z INFO  client] Sending sample transaction 165
[2022-07-23T16:56:36.414Z INFO  client] Sending sample transaction 166
[2022-07-23T16:56:36.463Z INFO  client] Sending sample transaction 167
[2022-07-23T16:56:36.504Z INFO  client] Sending sample transaction 168
[2022-07-23T16:56:36.555Z INFO  client] Sending sample transaction 169
[2022-07-23T16:56:36.605Z INFO  client] Sending sample transaction 170
[2022-07-23T16:56:36.655Z INFO  client] Sending sample transaction 171
[2022-07-23T16:56:36.704Z INFO  client] Sending sample transaction 172
[2022-07-23T16:56:36.755Z INFO  client] Sending sample transaction 173
[2022-07-23T16:56:36.804Z INFO  client] Sending sample transaction 174
[2022-07-23T16:56:36.855Z INFO  client] Sending sample transaction 175
[2022-07-23T16:56:36.904Z INFO  client] Sending sample transaction 176
[2022-07-23T16:56:36.954Z INFO  client] Sending sample transaction 177
[2022-07-23T16:56:37.005Z INFO  client] Sending sample transaction 178
[2022-07-23T16:56:37.055Z INFO  client] Sending sample transaction 179
[2022-07-23T16:56:37.104Z INFO  client] Sending sample transaction 180
[2022-07-23T16:56:37.154Z INFO  client] Sending sample transaction 181
[2022-07-23T16:56:37.204Z INFO  client] Sending sample transaction 182
[2022-07-23T16:56:37.254Z INFO  client] Sending sample transaction 183
[2022-07-23T16:56:37.305Z INFO  client] Sending sample transaction 184
[2022-07-23T16:56:37.354Z INFO  client] Sending sample transaction 185
[2022-07-23T16:56:37.404Z INFO  client] Sending sample transaction 186
[2022-07-23T16:56:37.454Z INFO  client] Sending sample transaction 187
[2022-07-23T16:56:37.504Z INFO  client] Sending sample transaction 188
[2022-07-23T16:56:37.555Z INFO  client] Sending sample transaction 189
[2022-07-23T16:56:37.604Z INFO  client] Sending sample transaction 190
[2022-07-23T16:56:37.654Z INFO  client] Sending sample transaction 191
[2022-07-23T16:56:37.704Z INFO  client] Sending sample transaction 192
[2022-07-23T16:56:37.754Z INFO  client] Sending sample transaction 193
[2022-07-23T16:56:37.805Z INFO  client] Sending sample transaction 194
[2022-07-23T16:56:37.855Z INFO  client] Sending sample transaction 195
[2022-07-23T16:56:37.904Z INFO  client] Sending sample transaction 196
[2022-07-23T16:56:37.955Z INFO  client] Sending sample transaction 197
[2022-07-23T16:56:38.004Z INFO  client] Sending sample transaction 198
[2022-07-23T16:56:38.064Z INFO  client] Sending sample transaction 199
[2022-07-23T16:56:38.142Z INFO  client] Sending sample transaction 200
[2022-07-23T16:56:38.156Z INFO  client] Sending sample transaction 201
[2022-07-23T16:56:38.204Z INFO  client] Sending sample transaction 202
[2022-07-23T16:56:38.254Z INFO  client] Sending sample transaction 203
[2022-07-23T16:56:38.304Z INFO  client] Sending sample transaction 204
[2022-07-23T16:56:38.354Z INFO  client] Sending sample transaction 205
[2022-07-23T16:56:38.403Z INFO  client] Sending sample transaction 206
[2022-07-23T16:56:38.454Z INFO  client] Sending sample transaction 207
[2022-07-23T16:56:38.510Z INFO  client] Sending sample transaction 208
[2022-07-23T16:56:38.561Z INFO  client] Sending sample transaction 209
[2022-07-23T16:56:38.604Z INFO  client] Sending sample transaction 210
[2022-07-23T16:56:38.655Z INFO  client] Sending sample transaction 211
[2022-07-23T16:56:38.704Z INFO  client] Sending sample transaction 212
[2022-07-23T16:56:38.754Z INFO  client] Sending sample transaction 213
[2022-07-23T16:56:38.804Z INFO  client] Sending sample transaction 214
[2022-07-23T16:56:38.855Z INFO  client] Sending sample transaction 215
[2022-07-23T16:56:38.904Z INFO  client] Sending sample transaction 216
[2022-07-23T16:56:38.954Z INFO  client] Sending sample transaction 217
[2022-07-23T16:56:39.004Z INFO  client] Sending sample transaction 218
[2022-07-23T16:56:39.054Z INFO  client] Sending sample transaction 219
[2022-07-23T16:56:39.104Z INFO  client] Sending sample transaction 220
[2022-07-23T16:56:39.154Z INFO  client] Sending sample transaction 221
[2022-07-23T16:56:39.204Z INFO  client] Sending sample transaction 222
[2022-07-23T16:56:39.254Z INFO  client] Sending sample transaction 223
[2022-07-23T16:56:39.304Z INFO  client] Sending sample transaction 224
[2022-07-23T16:56:39.355Z INFO  client] Sending sample transaction 225
[2022-07-23T16:56:39.405Z INFO  client] Sending sample transaction 226
[2022-07-23T16:56:39.455Z INFO  client] Sending sample transaction 227
[2022-07-23T16:56:39.504Z INFO  client] Sending sample transaction 228
[2022-07-23T16:56:39.555Z INFO  client] Sending sample transaction 229
[2022-07-23T16:56:39.604Z INFO  client] Sending sample transaction 230
[2022-07-23T16:56:39.654Z INFO  client] Sending sample transaction 231
[2022-07-23T16:56:39.704Z INFO  client] Sending sample transaction 232
[2022-07-23T16:56:39.784Z INFO  client] Sending sample transaction 233
[2022-07-23T16:56:39.832Z INFO  client] Sending sample transaction 234
[2022-07-23T16:56:39.869Z INFO  client] Sending sample transaction 235
[2022-07-23T16:56:39.904Z INFO  client] Sending sample transaction 236
[2022-07-23T16:56:39.954Z INFO  client] Sending sample transaction 237
[2022-07-23T16:56:40.004Z INFO  client] Sending sample transaction 238
[2022-07-23T16:56:40.055Z INFO  client] Sending sample transaction 239
[2022-07-23T16:56:40.105Z INFO  client] Sending sample transaction 240
[2022-07-23T16:56:40.154Z INFO  client] Sending sample transaction 241
[2022-07-23T16:56:40.205Z INFO  client] Sending sample transaction 242
[2022-07-23T16:56:40.254Z INFO  client] Sending sample transaction 243
[2022-07-23T16:56:40.305Z INFO  client] Sending sample transaction 244
[2022-07-23T16:56:40.354Z INFO  client] Sending sample transaction 245
[2022-07-23T16:56:40.404Z INFO  client] Sending sample transaction 246
[2022-07-23T16:56:40.455Z INFO  client] Sending sample transaction 247
[2022-07-23T16:56:40.504Z INFO  client] Sending sample transaction 248
[2022-07-23T16:56:40.554Z INFO  client] Sending sample transaction 249
[2022-07-23T16:56:40.605Z INFO  client] Sending sample transaction 250
[2022-07-23T16:56:40.655Z INFO  client] Sending sample transaction 251
[2022-07-23T16:56:40.704Z INFO  client] Sending sample transaction 252
[2022-07-23T16:56:40.754Z INFO  client] Sending sample transaction 253
[2022-07-23T16:56:40.804Z INFO  client] Sending sample transaction 254
[2022-07-23T16:56:40.854Z INFO  client] Sending sample transaction 255
[2022-07-23T16:56:40.904Z INFO  client] Sending sample transaction 256
[2022-07-23T16:56:40.955Z INFO  client] Sending sample transaction 257
[2022-07-23T16:56:41.004Z INFO  client] Sending sample transaction 258
[2022-07-23T16:56:41.055Z INFO  client] Sending sample transaction 259
[2022-07-23T16:56:41.104Z INFO  client] Sending sample transaction 260
[2022-07-23T16:56:41.154Z INFO  client] Sending sample transaction 261
[2022-07-23T16:56:41.205Z INFO  client] Sending sample transaction 262
[2022-07-23T16:56:41.254Z INFO  client] Sending sample transaction 263
[2022-07-23T16:56:41.305Z INFO  client] Sending sample transaction 264
[2022-07-23T16:56:41.355Z INFO  client] Sending sample transaction 265
[2022-07-23T16:56:41.408Z INFO  client] Sending sample transaction 266
[2022-07-23T16:56:41.455Z INFO  client] Sending sample transaction 267
[2022-07-23T16:56:41.505Z INFO  client] Sending sample transaction 268
[2022-07-23T16:56:41.554Z INFO  client] Sending sample transaction 269
[2022-07-23T16:56:41.605Z INFO  client] Sending sample transaction 270
[2022-07-23T16:56:41.712Z INFO  client] Sending sample transaction 271
[2022-07-23T16:56:41.754Z INFO  client] Sending sample transaction 272
[2022-07-23T16:56:41.797Z INFO  client] Sending sample transaction 273
[2022-07-23T16:56:41.805Z INFO  client] Sending sample transaction 274
[2022-07-23T16:56:41.854Z INFO  client] Sending sample transaction 275
[2022-07-23T16:56:41.905Z INFO  client] Sending sample transaction 276
[2022-07-23T16:56:41.955Z INFO  client] Sending sample transaction 277
[2022-07-23T16:56:42.005Z INFO  client] Sending sample transaction 278
[2022-07-23T16:56:42.055Z INFO  client] Sending sample transaction 279
[2022-07-23T16:56:42.106Z INFO  client] Sending sample transaction 280
[2022-07-23T16:56:42.154Z INFO  client] Sending sample transaction 281
[2022-07-23T16:56:42.205Z INFO  client] Sending sample transaction 282
[2022-07-23T16:56:42.255Z INFO  client] Sending sample transaction 283
[2022-07-23T16:56:42.305Z INFO  client] Sending sample transaction 284
[2022-07-23T16:56:42.354Z INFO  client] Sending sample transaction 285
[2022-07-23T16:56:42.405Z INFO  client] Sending sample transaction 286
[2022-07-23T16:56:42.454Z INFO  client] Sending sample transaction 287
[2022-07-23T16:56:42.505Z INFO  client] Sending sample transaction 288
[2022-07-23T16:56:42.555Z INFO  client] Sending sample transaction 289
[2022-07-23T16:56:42.604Z INFO  client] Sending sample transaction 290
[2022-07-23T16:56:42.654Z INFO  client] Sending sample transaction 291
[2022-07-23T16:56:42.705Z INFO  client] Sending sample transaction 292
[2022-07-23T16:56:42.757Z INFO  client] Sending sample transaction 293
[2022-07-23T16:56:42.804Z INFO  client] Sending sample transaction 294
[2022-07-23T16:56:42.854Z INFO  client] Sending sample transaction 295
[2022-07-23T16:56:42.904Z INFO  client] Sending sample transaction 296
[2022-07-23T16:56:42.955Z INFO  client] Sending sample transaction 297
[2022-07-23T16:56:43.005Z INFO  client] Sending sample transaction 298
[2022-07-23T16:56:43.054Z INFO  client] Sending sample transaction 299
[2022-07-23T16:56:43.103Z INFO  client] Sending sample transaction 300
[2022-07-23T16:56:43.155Z INFO  client] Sending sample transaction 301
[2022-07-23T16:56:43.204Z INFO  client] Sending sample transaction 302
[2022-07-23T16:56:43.255Z INFO  client] Sending sample transaction 303
[2022-07-23T16:56:43.304Z INFO  client] Sending sample transaction 304
[2022-07-23T16:56:43.354Z INFO  client] Sending sample transaction 305
[2022-07-23T16:56:43.404Z INFO  client] Sending sample transaction 306
[2022-07-23T16:56:43.455Z INFO  client] Sending sample transaction 307
[2022-07-23T16:56:43.509Z INFO  client] Sending sample transaction 308
[2022-07-23T16:56:43.560Z INFO  client] Sending sample transaction 309
[2022-07-23T16:56:43.605Z INFO  client] Sending sample transaction 310
[2022-07-23T16:56:43.654Z INFO  client] Sending sample transaction 311
[2022-07-23T16:56:43.704Z INFO  client] Sending sample transaction 312
[2022-07-23T16:56:43.756Z INFO  client] Sending sample transaction 313
[2022-07-23T16:56:43.808Z INFO  client] Sending sample transaction 314
[2022-07-23T16:56:43.854Z INFO  client] Sending sample transaction 315
[2022-07-23T16:56:43.904Z INFO  client] Sending sample transaction 316
[2022-07-23T16:56:43.954Z INFO  client] Sending sample transaction 317
[2022-07-23T16:56:44.006Z INFO  client] Sending sample transaction 318
[2022-07-23T16:56:44.055Z INFO  client] Sending sample transaction 319
[2022-07-23T16:56:44.104Z INFO  client] Sending sample transaction 320
[2022-07-23T16:56:44.154Z INFO  client] Sending sample transaction 321
[2022-07-23T16:56:44.204Z INFO  client] Sending sample transaction 322
[2022-07-23T16:56:44.255Z INFO  client] Sending sample transaction 323
[2022-07-23T16:56:44.304Z INFO  client] Sending sample transaction 324
[2022-07-23T16:56:44.354Z INFO  client] Sending sample transaction 325
[2022-07-23T16:56:44.404Z INFO  client] Sending sample transaction 326
[2022-07-23T16:56:44.454Z INFO  client] Sending sample transaction 327
[2022-07-23T16:56:44.505Z INFO  client] Sending sample transaction 328
[2022-07-23T16:56:44.554Z INFO  client] Sending sample transaction 329
[2022-07-23T16:56:44.605Z INFO  client] Sending sample transaction 330
[2022-07-23T16:56:44.654Z INFO  client] Sending sample transaction 331
[2022-07-23T16:56:44.704Z INFO  client] Sending sample transaction 332
[2022-07-23T16:56:44.754Z INFO  client] Sending sample transaction 333
[2022-07-23T16:56:44.806Z INFO  client] Sending sample transaction 334
[2022-07-23T16:56:44.855Z INFO  client] Sending sample transaction 335
[2022-07-23T16:56:44.904Z INFO  client] Sending sample transaction 336
[2022-07-23T16:56:44.954Z INFO  client] Sending sample transaction 337
[2022-07-23T16:56:45.006Z INFO  client] Sending sample transaction 338
[2022-07-23T16:56:45.055Z INFO  client] Sending sample transaction 339
[2022-07-23T16:56:45.104Z INFO  client] Sending sample transaction 340
[2022-07-23T16:56:45.154Z INFO  client] Sending sample transaction 341
[2022-07-23T16:56:45.205Z INFO  client] Sending sample transaction 342
[2022-07-23T16:56:45.255Z INFO  client] Sending sample transaction 343
[2022-07-23T16:56:45.304Z INFO  client] Sending sample transaction 344
[2022-07-23T16:56:45.354Z INFO  client] Sending sample transaction 345
[2022-07-23T16:56:45.404Z INFO  client] Sending sample transaction 346
[2022-07-23T16:56:45.453Z INFO  client] Sending sample transaction 347
[2022-07-23T16:56:45.504Z INFO  client] Sending sample transaction 348
[2022-07-23T16:56:45.555Z INFO  client] Sending sample transaction 349
[2022-07-23T16:56:45.604Z INFO  client] Sending sample transaction 350
[2022-07-23T16:56:45.654Z INFO  client] Sending sample transaction 351
[2022-07-23T16:56:45.705Z INFO  client] Sending sample transaction 352
[2022-07-23T16:56:45.754Z INFO  client] Sending sample transaction 353
[2022-07-23T16:56:45.804Z INFO  client] Sending sample transaction 354
[2022-07-23T16:56:45.854Z INFO  client] Sending sample transaction 355
[2022-07-23T16:56:45.904Z INFO  client] Sending sample transaction 356
[2022-07-23T16:56:45.955Z INFO  client] Sending sample transaction 357
[2022-07-23T16:56:46.007Z INFO  client] Sending sample transaction 358
[2022-07-23T16:56:46.054Z INFO  client] Sending sample transaction 359
[2022-07-23T16:56:46.104Z INFO  client] Sending sample transaction 360
[2022-07-23T16:56:46.155Z INFO  client] Sending sample transaction 361
[2022-07-23T16:56:46.206Z INFO  client] Sending sample transaction 362
[2022-07-23T16:56:46.254Z INFO  client] Sending sample transaction 363
[2022-07-23T16:56:46.304Z INFO  client] Sending sample transaction 364
[2022-07-23T16:56:46.354Z INFO  client] Sending sample transaction 365
[2022-07-23T16:56:46.404Z INFO  client] Sending sample transaction 366
[2022-07-23T16:56:46.455Z INFO  client] Sending sample transaction 367
[2022-07-23T16:56:46.504Z INFO  client] Sending sample transaction 368
[2022-07-23T16:56:46.555Z INFO  client] Sending sample transaction 369
[2022-07-23T16:56:46.606Z INFO  client] Sending sample transaction 370
[2022-07-23T16:56:46.655Z INFO  client] Sending sample transaction 371
[2022-07-23T16:56:46.721Z INFO  client] Sending sample transaction 372
[2022-07-23T16:56:46.757Z INFO  client] Sending sample transaction 373
[2022-07-23T16:56:46.804Z INFO  client] Sending sample transaction 374
[2022-07-23T16:56:46.854Z INFO  client] Sending sample transaction 375
[2022-07-23T16:56:46.911Z INFO  client] Sending sample transaction 376
[2022-07-23T16:56:46.984Z INFO  client] Sending sample transaction 377
[2022-07-23T16:56:47.026Z INFO  client] Sending sample transaction 378
[2022-07-23T16:56:47.055Z INFO  client] Sending sample transaction 379
[2022-07-23T16:56:47.106Z INFO  client] Sending sample transaction 380
[2022-07-23T16:56:47.155Z INFO  client] Sending sample transaction 381
[2022-07-23T16:56:47.204Z INFO  client] Sending sample transaction 382
[2022-07-23T16:56:47.254Z INFO  client] Sending sample transaction 383
[2022-07-23T16:56:47.305Z INFO  client] Sending sample transaction 384
[2022-07-23T16:56:47.354Z INFO  client] Sending sample transaction 385
[2022-07-23T16:56:47.405Z INFO  client] Sending sample transaction 386
[2022-07-23T16:56:47.455Z INFO  client] Sending sample transaction 387
[2022-07-23T16:56:47.507Z INFO  client] Sending sample transaction 388
[2022-07-23T16:56:47.555Z INFO  client] Sending sample transaction 389
[2022-07-23T16:56:47.605Z INFO  client] Sending sample transaction 390
[2022-07-23T16:56:47.687Z INFO  client] Sending sample transaction 391
[2022-07-23T16:56:47.721Z INFO  client] Sending sample transaction 392
[2022-07-23T16:56:47.799Z INFO  client] Sending sample transaction 393
[2022-07-23T16:56:47.805Z INFO  client] Sending sample transaction 394
[2022-07-23T16:56:47.858Z INFO  client] Sending sample transaction 395
[2022-07-23T16:56:47.905Z INFO  client] Sending sample transaction 396
[2022-07-23T16:56:47.956Z INFO  client] Sending sample transaction 397
[2022-07-23T16:56:48.006Z INFO  client] Sending sample transaction 398
[2022-07-23T16:56:48.054Z INFO  client] Sending sample transaction 399
[2022-07-23T16:56:48.104Z INFO  client] Sending sample transaction 400
[2022-07-23T16:56:48.154Z INFO  client] Sending sample transaction 401
[2022-07-23T16:56:48.205Z INFO  client] Sending sample transaction 402
[2022-07-23T16:56:48.255Z INFO  client] Sending sample transaction 403
[2022-07-23T16:56:48.305Z INFO  client] Sending sample transaction 404
[2022-07-23T16:56:48.355Z INFO  client] Sending sample transaction 405
[2022-07-23T16:56:48.404Z INFO  client] Sending sample transaction 406
[2022-07-23T16:56:48.455Z INFO  client] Sending sample transaction 407
[2022-07-23T16:56:48.505Z INFO  client] Sending sample transaction 408
[2022-07-23T16:56:48.554Z INFO  client] Sending sample transaction 409
[2022-07-23T16:56:48.605Z INFO  client] Sending sample transaction 410
[2022-07-23T16:56:48.654Z INFO  client] Sending sample transaction 411
[2022-07-23T16:56:48.704Z INFO  client] Sending sample transaction 412
[2022-07-23T16:56:48.754Z INFO  client] Sending sample transaction 413
[2022-07-23T16:56:48.804Z INFO  client] Sending sample transaction 414
[2022-07-23T16:56:48.855Z INFO  client] Sending sample transaction 415
[2022-07-23T16:56:48.904Z INFO  client] Sending sample transaction 416
[2022-07-23T16:56:48.955Z INFO  client] Sending sample transaction 417
[2022-07-23T16:56:49.004Z INFO  client] Sending sample transaction 418
[2022-07-23T16:56:49.054Z INFO  client] Sending sample transaction 419
[2022-07-23T16:56:49.127Z INFO  client] Sending sample transaction 420
[2022-07-23T16:56:49.165Z INFO  client] Sending sample transaction 421
[2022-07-23T16:56:49.206Z INFO  client] Sending sample transaction 422
[2022-07-23T16:56:49.254Z INFO  client] Sending sample transaction 423
[2022-07-23T16:56:49.304Z INFO  client] Sending sample transaction 424
[2022-07-23T16:56:49.355Z INFO  client] Sending sample transaction 425
[2022-07-23T16:56:49.405Z INFO  client] Sending sample transaction 426
[2022-07-23T16:56:49.492Z INFO  client] Sending sample transaction 427
[2022-07-23T16:56:49.511Z INFO  client] Sending sample transaction 428
[2022-07-23T16:56:49.573Z INFO  client] Sending sample transaction 429
[2022-07-23T16:56:49.605Z INFO  client] Sending sample transaction 430
[2022-07-23T16:56:49.654Z INFO  client] Sending sample transaction 431
[2022-07-23T16:56:49.719Z INFO  client] Sending sample transaction 432
[2022-07-23T16:56:49.771Z INFO  client] Sending sample transaction 433
[2022-07-23T16:56:49.806Z INFO  client] Sending sample transaction 434
[2022-07-23T16:56:49.855Z INFO  client] Sending sample transaction 435
[2022-07-23T16:56:49.914Z INFO  client] Sending sample transaction 436
[2022-07-23T16:56:49.955Z INFO  client] Sending sample transaction 437
[2022-07-23T16:56:50.004Z INFO  client] Sending sample transaction 438
[2022-07-23T16:56:50.057Z INFO  client] Sending sample transaction 439
[2022-07-23T16:56:50.104Z INFO  client] Sending sample transaction 440
[2022-07-23T16:56:50.155Z INFO  client] Sending sample transaction 441
[2022-07-23T16:56:50.205Z INFO  client] Sending sample transaction 442
[2022-07-23T16:56:50.265Z INFO  client] Sending sample transaction 443
[2022-07-23T16:56:50.304Z INFO  client] Sending sample transaction 444
