[2022-07-23T18:50:38.627Z INFO  client] Node address: 127.0.0.1:9012
[2022-07-23T18:50:38.627Z INFO  client] Transactions size: 512 B
[2022-07-23T18:50:38.627Z INFO  client] Transactions rate: 112 tx/s
[2022-07-23T18:50:38.627Z INFO  client] Waiting for all nodes to be online...
[2022-07-23T18:50:38.627Z INFO  client] Waiting for all nodes to be synchronized...
[2022-07-23T18:50:40.629Z INFO  client] Start sending transactions
[2022-07-23T18:50:40.631Z INFO  client] Sending sample transaction 0
[2022-07-23T18:50:40.681Z INFO  client] Sending sample transaction 1
[2022-07-23T18:50:40.731Z INFO  client] Sending sample transaction 2
[2022-07-23T18:50:40.782Z INFO  client] Sending sample transaction 3
[2022-07-23T18:50:40.834Z INFO  client] Sending sample transaction 4
[2022-07-23T18:50:40.891Z INFO  client] Sending sample transaction 5
[2022-07-23T18:50:40.930Z INFO  client] Sending sample transaction 6
[2022-07-23T18:50:40.980Z INFO  client] Sending sample transaction 7
[2022-07-23T18:50:41.031Z INFO  client] Sending sample transaction 8
[2022-07-23T18:50:41.080Z INFO  client] Sending sample transaction 9
[2022-07-23T18:50:41.133Z INFO  client] Sending sample transaction 10
[2022-07-23T18:50:41.182Z INFO  client] Sending sample transaction 11
[2022-07-23T18:50:41.231Z INFO  client] Sending sample transaction 12
[2022-07-23T18:50:41.281Z INFO  client] Sending sample transaction 13
[2022-07-23T18:50:41.332Z INFO  client] Sending sample transaction 14
[2022-07-23T18:50:41.380Z INFO  client] Sending sample transaction 15
[2022-07-23T18:50:41.431Z INFO  client] Sending sample transaction 16
[2022-07-23T18:50:41.480Z INFO  client] Sending sample transaction 17
[2022-07-23T18:50:41.530Z INFO  client] Sending sample transaction 18
[2022-07-23T18:50:41.584Z INFO  client] Sending sample transaction 19
[2022-07-23T18:50:41.631Z INFO  client] Sending sample transaction 20
[2022-07-23T18:50:41.683Z INFO  client] Sending sample transaction 21
[2022-07-23T18:50:41.732Z INFO  client] Sending sample transaction 22
[2022-07-23T18:50:41.781Z INFO  client] Sending sample transaction 23
[2022-07-23T18:50:41.831Z INFO  client] Sending sample transaction 24
[2022-07-23T18:50:41.882Z INFO  client] Sending sample transaction 25
[2022-07-23T18:50:41.935Z INFO  client] Sending sample transaction 26
[2022-07-23T18:50:41.983Z INFO  client] Sending sample transaction 27
[2022-07-23T18:50:42.031Z INFO  client] Sending sample transaction 28
[2022-07-23T18:50:42.081Z INFO  client] Sending sample transaction 29
[2022-07-23T18:50:42.145Z INFO  client] Sending sample transaction 30
[2022-07-23T18:50:42.217Z INFO  client] Sending sample transaction 31
[2022-07-23T18:50:42.252Z INFO  client] Sending sample transaction 32
[2022-07-23T18:50:42.283Z INFO  client] Sending sample transaction 33
[2022-07-23T18:50:42.337Z INFO  client] Sending sample transaction 34
[2022-07-23T18:50:42.381Z INFO  client] Sending sample transaction 35
[2022-07-23T18:50:42.431Z INFO  client] Sending sample transaction 36
[2022-07-23T18:50:42.482Z INFO  client] Sending sample transaction 37
[2022-07-23T18:50:42.532Z INFO  client] Sending sample transaction 38
[2022-07-23T18:50:42.581Z INFO  client] Sending sample transaction 39
[2022-07-23T18:50:42.631Z INFO  client] Sending sample transaction 40
[2022-07-23T18:50:42.680Z INFO  client] Sending sample transaction 41
[2022-07-23T18:50:42.731Z INFO  client] Sending sample transaction 42
[2022-07-23T18:50:42.780Z INFO  client] Sending sample transaction 43
[2022-07-23T18:50:42.831Z INFO  client] Sending sample transaction 44
[2022-07-23T18:50:42.880Z INFO  client] Sending sample transaction 45
[2022-07-23T18:50:42.931Z INFO  client] Sending sample transaction 46
[2022-07-23T18:50:42.982Z INFO  client] Sending sample transaction 47
[2022-07-23T18:50:43.037Z INFO  client] Sending sample transaction 48
[2022-07-23T18:50:43.083Z INFO  client] Sending sample transaction 49
[2022-07-23T18:50:43.131Z INFO  client] Sending sample transaction 50
[2022-07-23T18:50:43.181Z INFO  client] Sending sample transaction 51
[2022-07-23T18:50:43.230Z INFO  client] Sending sample transaction 52
[2022-07-23T18:50:43.281Z INFO  client] Sending sample transaction 53
[2022-07-23T18:50:43.331Z INFO  client] Sending sample transaction 54
[2022-07-23T18:50:43.381Z INFO  client] Sending sample transaction 55
[2022-07-23T18:50:43.430Z INFO  client] Sending sample transaction 56
[2022-07-23T18:50:43.481Z INFO  client] Sending sample transaction 57
[2022-07-23T18:50:43.531Z INFO  client] Sending sample transaction 58
[2022-07-23T18:50:43.580Z INFO  client] Sending sample transaction 59
[2022-07-23T18:50:43.630Z INFO  client] Sending sample transaction 60
[2022-07-23T18:50:43.680Z INFO  client] Sending sample transaction 61
[2022-07-23T18:50:43.730Z INFO  client] Sending sample transaction 62
[2022-07-23T18:50:43.781Z INFO  client] Sending sample transaction 63
[2022-07-23T18:50:43.831Z INFO  client] Sending sample transaction 64
[2022-07-23T18:50:43.880Z INFO  client] Sending sample transaction 65
[2022-07-23T18:50:43.931Z INFO  client] Sending sample transaction 66
[2022-07-23T18:50:43.981Z INFO  client] Sending sample transaction 67
[2022-07-23T18:50:44.030Z INFO  client] Sending sample transaction 68
[2022-07-23T18:50:44.081Z INFO  client] Sending sample transaction 69
[2022-07-23T18:50:44.130Z INFO  client] Sending sample transaction 70
[2022-07-23T18:50:44.181Z INFO  client] Sending sample transaction 71
[2022-07-23T18:50:44.231Z INFO  client] Sending sample transaction 72
[2022-07-23T18:50:44.281Z INFO  client] Sending sample transaction 73
[2022-07-23T18:50:44.331Z INFO  client] Sending sample transaction 74
[2022-07-23T18:50:44.382Z INFO  client] Sending sample transaction 75
[2022-07-23T18:50:44.431Z INFO  client] Sending sample transaction 76
[2022-07-23T18:50:44.491Z INFO  client] Sending sample transaction 77
[2022-07-23T18:50:44.531Z INFO  client] Sending sample transaction 78
[2022-07-23T18:50:44.581Z INFO  client] Sending sample transaction 79
[2022-07-23T18:50:44.631Z INFO  client] Sending sample transaction 80
[2022-07-23T18:50:44.681Z INFO  client] Sending sample transaction 81
[2022-07-23T18:50:44.731Z INFO  client] Sending sample transaction 82
[2022-07-23T18:50:44.780Z INFO  client] Sending sample transaction 83
[2022-07-23T18:50:44.831Z INFO  client] Sending sample transaction 84
[2022-07-23T18:50:44.881Z INFO  client] Sending sample transaction 85
[2022-07-23T18:50:44.931Z INFO  client] Sending sample transaction 86
[2022-07-23T18:50:44.982Z INFO  client] Sending sample transaction 87
[2022-07-23T18:50:45.031Z INFO  client] Sending sample transaction 88
[2022-07-23T18:50:45.101Z INFO  client] Sending sample transaction 89
[2022-07-23T18:50:45.131Z INFO  client] Sending sample transaction 90
[2022-07-23T18:50:45.180Z INFO  client] Sending sample transaction 91
[2022-07-23T18:50:45.232Z INFO  client] Sending sample transaction 92
[2022-07-23T18:50:45.282Z INFO  client] Sending sample transaction 93
[2022-07-23T18:50:45.336Z INFO  client] Sending sample transaction 94
[2022-07-23T18:50:45.380Z INFO  client] Sending sample transaction 95
[2022-07-23T18:50:45.431Z INFO  client] Sending sample transaction 96
[2022-07-23T18:50:45.480Z INFO  client] Sending sample transaction 97
[2022-07-23T18:50:45.531Z INFO  client] Sending sample transaction 98
[2022-07-23T18:50:45.580Z INFO  client] Sending sample transaction 99
[2022-07-23T18:50:45.631Z INFO  client] Sending sample transaction 100
[2022-07-23T18:50:45.681Z INFO  client] Sending sample transaction 101
[2022-07-23T18:50:45.731Z INFO  client] Sending sample transaction 102
[2022-07-23T18:50:45.781Z INFO  client] Sending sample transaction 103
[2022-07-23T18:50:45.831Z INFO  client] Sending sample transaction 104
[2022-07-23T18:50:45.900Z INFO  client] Sending sample transaction 105
[2022-07-23T18:50:45.930Z INFO  client] Sending sample transaction 106
[2022-07-23T18:50:45.981Z INFO  client] Sending sample transaction 107
[2022-07-23T18:50:46.030Z INFO  client] Sending sample transaction 108
[2022-07-23T18:50:46.080Z INFO  client] Sending sample transaction 109
[2022-07-23T18:50:46.132Z INFO  client] Sending sample transaction 110
[2022-07-23T18:50:46.199Z INFO  client] Sending sample transaction 111
[2022-07-23T18:50:46.231Z INFO  client] Sending sample transaction 112
[2022-07-23T18:50:46.282Z INFO  client] Sending sample transaction 113
[2022-07-23T18:50:46.331Z INFO  client] Sending sample transaction 114
[2022-07-23T18:50:46.380Z INFO  client] Sending sample transaction 115
[2022-07-23T18:50:46.431Z INFO  client] Sending sample transaction 116
[2022-07-23T18:50:46.482Z INFO  client] Sending sample transaction 117
[2022-07-23T18:50:46.538Z INFO  client] Sending sample transaction 118
[2022-07-23T18:50:46.583Z INFO  client] Sending sample transaction 119
[2022-07-23T18:50:46.631Z INFO  client] Sending sample transaction 120
[2022-07-23T18:50:46.681Z INFO  client] Sending sample transaction 121
[2022-07-23T18:50:46.731Z INFO  client] Sending sample transaction 122
[2022-07-23T18:50:46.780Z INFO  client] Sending sample transaction 123
[2022-07-23T18:50:46.831Z INFO  client] Sending sample transaction 124
[2022-07-23T18:50:46.880Z INFO  client] Sending sample transaction 125
[2022-07-23T18:50:46.930Z INFO  client] Sending sample transaction 126
[2022-07-23T18:50:46.982Z INFO  client] Sending sample transaction 127
[2022-07-23T18:50:47.030Z INFO  client] Sending sample transaction 128
[2022-07-23T18:50:47.083Z INFO  client] Sending sample transaction 129
[2022-07-23T18:50:47.131Z INFO  client] Sending sample transaction 130
[2022-07-23T18:50:47.180Z INFO  client] Sending sample transaction 131
[2022-07-23T18:50:47.237Z INFO  client] Sending sample transaction 132
[2022-07-23T18:50:47.281Z INFO  client] Sending sample transaction 133
[2022-07-23T18:50:47.330Z INFO  client] Sending sample transaction 134
[2022-07-23T18:50:47.381Z INFO  client] Sending sample transaction 135
[2022-07-23T18:50:47.431Z INFO  client] Sending sample transaction 136
[2022-07-23T18:50:47.481Z INFO  client] Sending sample transaction 137
[2022-07-23T18:50:47.531Z INFO  client] Sending sample transaction 138
[2022-07-23T18:50:47.581Z INFO  client] Sending sample transaction 139
[2022-07-23T18:50:47.631Z INFO  client] Sending sample transaction 140
[2022-07-23T18:50:47.681Z INFO  client] Sending sample transaction 141
[2022-07-23T18:50:47.731Z INFO  client] Sending sample transaction 142
[2022-07-23T18:50:47.781Z INFO  client] Sending sample transaction 143
[2022-07-23T18:50:47.831Z INFO  client] Sending sample transaction 144
[2022-07-23T18:50:47.880Z INFO  client] Sending sample transaction 145
[2022-07-23T18:50:47.930Z INFO  client] Sending sample transaction 146
[2022-07-23T18:50:47.981Z INFO  client] Sending sample transaction 147
[2022-07-23T18:50:48.031Z INFO  client] Sending sample transaction 148
[2022-07-23T18:50:48.081Z INFO  client] Sending sample transaction 149
[2022-07-23T18:50:48.131Z INFO  client] Sending sample transaction 150
[2022-07-23T18:50:48.180Z INFO  client] Sending sample transaction 151
[2022-07-23T18:50:48.230Z INFO  client] Sending sample transaction 152
[2022-07-23T18:50:48.284Z INFO  client] Sending sample transaction 153
[2022-07-23T18:50:48.331Z INFO  client] Sending sample transaction 154
[2022-07-23T18:50:48.381Z INFO  client] Sending sample transaction 155
[2022-07-23T18:50:48.430Z INFO  client] Sending sample transaction 156
[2022-07-23T18:50:48.480Z INFO  client] Sending sample transaction 157
[2022-07-23T18:50:48.532Z INFO  client] Sending sample transaction 158
[2022-07-23T18:50:48.581Z INFO  client] Sending sample transaction 159
[2022-07-23T18:50:48.630Z INFO  client] Sending sample transaction 160
[2022-07-23T18:50:48.680Z INFO  client] Sending sample transaction 161
[2022-07-23T18:50:48.731Z INFO  client] Sending sample transaction 162
[2022-07-23T18:50:48.781Z INFO  client] Sending sample transaction 163
[2022-07-23T18:50:48.831Z INFO  client] Sending sample transaction 164
[2022-07-23T18:50:48.880Z INFO  client] Sending sample transaction 165
[2022-07-23T18:50:48.930Z INFO  client] Sending sample transaction 166
[2022-07-23T18:50:48.980Z INFO  client] Sending sample transaction 167
[2022-07-23T18:50:49.030Z INFO  client] Sending sample transaction 168
[2022-07-23T18:50:49.083Z INFO  client] Sending sample transaction 169
[2022-07-23T18:50:49.131Z INFO  client] Sending sample transaction 170
[2022-07-23T18:50:49.180Z INFO  client] Sending sample transaction 171
[2022-07-23T18:50:49.231Z INFO  client] Sending sample transaction 172
[2022-07-23T18:50:49.309Z INFO  client] Sending sample transaction 173
[2022-07-23T18:50:49.331Z INFO  client] Sending sample transaction 174
[2022-07-23T18:50:49.381Z INFO  client] Sending sample transaction 175
[2022-07-23T18:50:49.430Z INFO  client] Sending sample transaction 176
[2022-07-23T18:50:49.481Z INFO  client] Sending sample transaction 177
[2022-07-23T18:50:49.532Z INFO  client] Sending sample transaction 178
[2022-07-23T18:50:49.580Z INFO  client] Sending sample transaction 179
[2022-07-23T18:50:49.630Z INFO  client] Sending sample transaction 180
[2022-07-23T18:50:49.680Z INFO  client] Sending sample transaction 181
[2022-07-23T18:50:49.732Z INFO  client] Sending sample transaction 182
[2022-07-23T18:50:49.781Z INFO  client] Sending sample transaction 183
[2022-07-23T18:50:49.831Z INFO  client] Sending sample transaction 184
[2022-07-23T18:50:49.880Z INFO  client] Sending sample transaction 185
[2022-07-23T18:50:49.930Z INFO  client] Sending sample transaction 186
[2022-07-23T18:50:49.981Z INFO  client] Sending sample transaction 187
[2022-07-23T18:50:50.031Z INFO  client] Sending sample transaction 188
[2022-07-23T18:50:50.081Z INFO  client] Sending sample transaction 189
[2022-07-23T18:50:50.130Z INFO  client] Sending sample transaction 190
[2022-07-23T18:50:50.181Z INFO  client] Sending sample transaction 191
[2022-07-23T18:50:50.230Z INFO  client] Sending sample transaction 192
[2022-07-23T18:50:50.281Z INFO  client] Sending sample transaction 193
[2022-07-23T18:50:50.334Z INFO  client] Sending sample transaction 194
[2022-07-23T18:50:50.386Z INFO  client] Sending sample transaction 195
[2022-07-23T18:50:50.430Z INFO  client] Sending sample transaction 196
[2022-07-23T18:50:50.480Z INFO  client] Sending sample transaction 197
[2022-07-23T18:50:50.531Z INFO  client] Sending sample transaction 198
[2022-07-23T18:50:50.581Z INFO  client] Sending sample transaction 199
[2022-07-23T18:50:50.630Z INFO  client] Sending sample transaction 200
[2022-07-23T18:50:50.681Z INFO  client] Sending sample transaction 201
[2022-07-23T18:50:50.731Z INFO  client] Sending sample transaction 202
[2022-07-23T18:50:50.781Z INFO  client] Sending sample transaction 203
[2022-07-23T18:50:50.830Z INFO  client] Sending sample transaction 204
[2022-07-23T18:50:50.881Z INFO  client] Sending sample transaction 205
[2022-07-23T18:50:50.931Z INFO  client] Sending sample transaction 206
[2022-07-23T18:50:50.982Z INFO  client] Sending sample transaction 207
[2022-07-23T18:50:51.031Z INFO  client] Sending sample transaction 208
[2022-07-23T18:50:51.081Z INFO  client] Sending sample transaction 209
[2022-07-23T18:50:51.130Z INFO  client] Sending sample transaction 210
[2022-07-23T18:50:51.181Z INFO  client] Sending sample transaction 211
[2022-07-23T18:50:51.230Z INFO  client] Sending sample transaction 212
[2022-07-23T18:50:51.281Z INFO  client] Sending sample transaction 213
[2022-07-23T18:50:51.331Z INFO  client] Sending sample transaction 214
[2022-07-23T18:50:51.380Z INFO  client] Sending sample transaction 215
[2022-07-23T18:50:51.435Z INFO  client] Sending sample transaction 216
[2022-07-23T18:50:51.480Z INFO  client] Sending sample transaction 217
[2022-07-23T18:50:51.531Z INFO  client] Sending sample transaction 218
[2022-07-23T18:50:51.581Z INFO  client] Sending sample transaction 219
[2022-07-23T18:50:51.630Z INFO  client] Sending sample transaction 220
[2022-07-23T18:50:51.681Z INFO  client] Sending sample transaction 221
[2022-07-23T18:50:51.730Z INFO  client] Sending sample transaction 222
[2022-07-23T18:50:51.781Z INFO  client] Sending sample transaction 223
[2022-07-23T18:50:51.831Z INFO  client] Sending sample transaction 224
[2022-07-23T18:50:51.880Z INFO  client] Sending sample transaction 225
[2022-07-23T18:50:51.932Z INFO  client] Sending sample transaction 226
[2022-07-23T18:50:51.981Z INFO  client] Sending sample transaction 227
[2022-07-23T18:50:52.031Z INFO  client] Sending sample transaction 228
[2022-07-23T18:50:52.080Z INFO  client] Sending sample transaction 229
[2022-07-23T18:50:52.130Z INFO  client] Sending sample transaction 230
[2022-07-23T18:50:52.181Z INFO  client] Sending sample transaction 231
[2022-07-23T18:50:52.231Z INFO  client] Sending sample transaction 232
[2022-07-23T18:50:52.280Z INFO  client] Sending sample transaction 233
[2022-07-23T18:50:52.330Z INFO  client] Sending sample transaction 234
[2022-07-23T18:50:52.381Z INFO  client] Sending sample transaction 235
[2022-07-23T18:50:52.431Z INFO  client] Sending sample transaction 236
[2022-07-23T18:50:52.490Z INFO  client] Sending sample transaction 237
[2022-07-23T18:50:52.530Z INFO  client] Sending sample transaction 238
[2022-07-23T18:50:52.581Z INFO  client] Sending sample transaction 239
[2022-07-23T18:50:52.632Z INFO  client] Sending sample transaction 240
[2022-07-23T18:50:52.681Z INFO  client] Sending sample transaction 241
[2022-07-23T18:50:52.730Z INFO  client] Sending sample transaction 242
[2022-07-23T18:50:52.781Z INFO  client] Sending sample transaction 243
[2022-07-23T18:50:52.830Z INFO  client] Sending sample transaction 244
[2022-07-23T18:50:52.880Z INFO  client] Sending sample transaction 245
[2022-07-23T18:50:52.931Z INFO  client] Sending sample transaction 246
[2022-07-23T18:50:52.982Z INFO  client] Sending sample transaction 247
[2022-07-23T18:50:53.032Z INFO  client] Sending sample transaction 248
[2022-07-23T18:50:53.082Z INFO  client] Sending sample transaction 249
[2022-07-23T18:50:53.133Z INFO  client] Sending sample transaction 250
[2022-07-23T18:50:53.181Z INFO  client] Sending sample transaction 251
[2022-07-23T18:50:53.232Z INFO  client] Sending sample transaction 252
[2022-07-23T18:50:53.281Z INFO  client] Sending sample transaction 253
[2022-07-23T18:50:53.330Z INFO  client] Sending sample transaction 254
[2022-07-23T18:50:53.380Z INFO  client] Sending sample transaction 255
[2022-07-23T18:50:53.430Z INFO  client] Sending sample transaction 256
[2022-07-23T18:50:53.480Z INFO  client] Sending sample transaction 257
[2022-07-23T18:50:53.542Z INFO  client] Sending sample transaction 258
[2022-07-23T18:50:53.580Z INFO  client] Sending sample transaction 259
[2022-07-23T18:50:53.630Z INFO  client] Sending sample transaction 260
[2022-07-23T18:50:53.680Z INFO  client] Sending sample transaction 261
[2022-07-23T18:50:53.731Z INFO  client] Sending sample transaction 262
[2022-07-23T18:50:53.781Z INFO  client] Sending sample transaction 263
[2022-07-23T18:50:53.831Z INFO  client] Sending sample transaction 264
[2022-07-23T18:50:53.881Z INFO  client] Sending sample transaction 265
[2022-07-23T18:50:53.931Z INFO  client] Sending sample transaction 266
[2022-07-23T18:50:53.980Z INFO  client] Sending sample transaction 267
[2022-07-23T18:50:54.031Z INFO  client] Sending sample transaction 268
[2022-07-23T18:50:54.081Z INFO  client] Sending sample transaction 269
[2022-07-23T18:50:54.131Z INFO  client] Sending sample transaction 270
[2022-07-23T18:50:54.181Z INFO  client] Sending sample transaction 271
[2022-07-23T18:50:54.230Z INFO  client] Sending sample transaction 272
[2022-07-23T18:50:54.280Z INFO  client] Sending sample transaction 273
[2022-07-23T18:50:54.330Z INFO  client] Sending sample transaction 274
[2022-07-23T18:50:54.380Z INFO  client] Sending sample transaction 275
[2022-07-23T18:50:54.431Z INFO  client] Sending sample transaction 276
[2022-07-23T18:50:54.481Z INFO  client] Sending sample transaction 277
[2022-07-23T18:50:54.531Z INFO  client] Sending sample transaction 278
[2022-07-23T18:50:54.580Z INFO  client] Sending sample transaction 279
[2022-07-23T18:50:54.630Z INFO  client] Sending sample transaction 280
[2022-07-23T18:50:54.680Z INFO  client] Sending sample transaction 281
[2022-07-23T18:50:54.730Z INFO  client] Sending sample transaction 282
[2022-07-23T18:50:54.781Z INFO  client] Sending sample transaction 283
[2022-07-23T18:50:54.831Z INFO  client] Sending sample transaction 284
[2022-07-23T18:50:54.880Z INFO  client] Sending sample transaction 285
[2022-07-23T18:50:54.932Z INFO  client] Sending sample transaction 286
[2022-07-23T18:50:54.983Z INFO  client] Sending sample transaction 287
[2022-07-23T18:50:55.031Z INFO  client] Sending sample transaction 288
[2022-07-23T18:50:55.081Z INFO  client] Sending sample transaction 289
[2022-07-23T18:50:55.131Z INFO  client] Sending sample transaction 290
[2022-07-23T18:50:55.180Z INFO  client] Sending sample transaction 291
[2022-07-23T18:50:55.231Z INFO  client] Sending sample transaction 292
[2022-07-23T18:50:55.286Z INFO  client] Sending sample transaction 293
[2022-07-23T18:50:55.333Z INFO  client] Sending sample transaction 294
[2022-07-23T18:50:55.380Z INFO  client] Sending sample transaction 295
[2022-07-23T18:50:55.430Z INFO  client] Sending sample transaction 296
[2022-07-23T18:50:55.480Z INFO  client] Sending sample transaction 297
[2022-07-23T18:50:55.530Z INFO  client] Sending sample transaction 298
[2022-07-23T18:50:55.586Z INFO  client] Sending sample transaction 299
[2022-07-23T18:50:55.632Z INFO  client] Sending sample transaction 300
[2022-07-23T18:50:55.680Z INFO  client] Sending sample transaction 301
[2022-07-23T18:50:55.730Z INFO  client] Sending sample transaction 302
[2022-07-23T18:50:55.781Z INFO  client] Sending sample transaction 303
[2022-07-23T18:50:55.831Z INFO  client] Sending sample transaction 304
[2022-07-23T18:50:55.881Z INFO  client] Sending sample transaction 305
[2022-07-23T18:50:55.931Z INFO  client] Sending sample transaction 306
[2022-07-23T18:50:55.982Z INFO  client] Sending sample transaction 307
[2022-07-23T18:50:56.032Z INFO  client] Sending sample transaction 308
[2022-07-23T18:50:56.082Z INFO  client] Sending sample transaction 309
[2022-07-23T18:50:56.134Z INFO  client] Sending sample transaction 310
[2022-07-23T18:50:56.181Z INFO  client] Sending sample transaction 311
[2022-07-23T18:50:56.230Z INFO  client] Sending sample transaction 312
[2022-07-23T18:50:56.281Z INFO  client] Sending sample transaction 313
[2022-07-23T18:50:56.332Z INFO  client] Sending sample transaction 314
[2022-07-23T18:50:56.380Z INFO  client] Sending sample transaction 315
[2022-07-23T18:50:56.431Z INFO  client] Sending sample transaction 316
[2022-07-23T18:50:56.481Z INFO  client] Sending sample transaction 317
[2022-07-23T18:50:56.531Z INFO  client] Sending sample transaction 318
[2022-07-23T18:50:56.581Z INFO  client] Sending sample transaction 319
[2022-07-23T18:50:56.630Z INFO  client] Sending sample transaction 320
[2022-07-23T18:50:56.681Z INFO  client] Sending sample transaction 321
[2022-07-23T18:50:56.731Z INFO  client] Sending sample transaction 322
[2022-07-23T18:50:56.783Z INFO  client] Sending sample transaction 323
[2022-07-23T18:50:56.831Z INFO  client] Sending sample transaction 324
[2022-07-23T18:50:56.881Z INFO  client] Sending sample transaction 325
[2022-07-23T18:50:56.930Z INFO  client] Sending sample transaction 326
[2022-07-23T18:50:56.980Z INFO  client] Sending sample transaction 327
[2022-07-23T18:50:57.030Z INFO  client] Sending sample transaction 328
[2022-07-23T18:50:57.081Z INFO  client] Sending sample transaction 329
[2022-07-23T18:50:57.130Z INFO  client] Sending sample transaction 330
[2022-07-23T18:50:57.181Z INFO  client] Sending sample transaction 331
[2022-07-23T18:50:57.231Z INFO  client] Sending sample transaction 332
[2022-07-23T18:50:57.281Z INFO  client] Sending sample transaction 333
[2022-07-23T18:50:57.331Z INFO  client] Sending sample transaction 334
[2022-07-23T18:50:57.381Z INFO  client] Sending sample transaction 335
[2022-07-23T18:50:57.431Z INFO  client] Sending sample transaction 336
[2022-07-23T18:50:57.481Z INFO  client] Sending sample transaction 337
[2022-07-23T18:50:57.530Z INFO  client] Sending sample transaction 338
[2022-07-23T18:50:57.580Z INFO  client] Sending sample transaction 339
[2022-07-23T18:50:57.632Z INFO  client] Sending sample transaction 340
[2022-07-23T18:50:57.681Z INFO  client] Sending sample transaction 341
[2022-07-23T18:50:57.730Z INFO  client] Sending sample transaction 342
[2022-07-23T18:50:57.780Z INFO  client] Sending sample transaction 343
[2022-07-23T18:50:57.831Z INFO  client] Sending sample transaction 344
[2022-07-23T18:50:57.881Z INFO  client] Sending sample transaction 345
[2022-07-23T18:50:57.931Z INFO  client] Sending sample transaction 346
[2022-07-23T18:50:57.980Z INFO  client] Sending sample transaction 347
[2022-07-23T18:50:58.030Z INFO  client] Sending sample transaction 348
[2022-07-23T18:50:58.080Z INFO  client] Sending sample transaction 349
[2022-07-23T18:50:58.131Z INFO  client] Sending sample transaction 350
[2022-07-23T18:50:58.181Z INFO  client] Sending sample transaction 351
[2022-07-23T18:50:58.231Z INFO  client] Sending sample transaction 352
[2022-07-23T18:50:58.280Z INFO  client] Sending sample transaction 353
[2022-07-23T18:50:58.331Z INFO  client] Sending sample transaction 354
[2022-07-23T18:50:58.380Z INFO  client] Sending sample transaction 355
[2022-07-23T18:50:58.432Z INFO  client] Sending sample transaction 356
[2022-07-23T18:50:58.480Z INFO  client] Sending sample transaction 357
[2022-07-23T18:50:58.531Z INFO  client] Sending sample transaction 358
[2022-07-23T18:50:58.581Z INFO  client] Sending sample transaction 359
[2022-07-23T18:50:58.630Z INFO  client] Sending sample transaction 360
[2022-07-23T18:50:58.680Z INFO  client] Sending sample transaction 361
[2022-07-23T18:50:58.731Z INFO  client] Sending sample transaction 362
[2022-07-23T18:50:58.780Z INFO  client] Sending sample transaction 363
[2022-07-23T18:50:58.831Z INFO  client] Sending sample transaction 364
[2022-07-23T18:50:58.881Z INFO  client] Sending sample transaction 365
[2022-07-23T18:50:58.931Z INFO  client] Sending sample transaction 366
[2022-07-23T18:50:58.981Z INFO  client] Sending sample transaction 367
[2022-07-23T18:50:59.031Z INFO  client] Sending sample transaction 368
[2022-07-23T18:50:59.082Z INFO  client] Sending sample transaction 369
[2022-07-23T18:50:59.130Z INFO  client] Sending sample transaction 370
[2022-07-23T18:50:59.180Z INFO  client] Sending sample transaction 371
[2022-07-23T18:50:59.231Z INFO  client] Sending sample transaction 372
[2022-07-23T18:50:59.280Z INFO  client] Sending sample transaction 373
[2022-07-23T18:50:59.331Z INFO  client] Sending sample transaction 374
[2022-07-23T18:50:59.381Z INFO  client] Sending sample transaction 375
[2022-07-23T18:50:59.431Z INFO  client] Sending sample transaction 376
[2022-07-23T18:50:59.481Z INFO  client] Sending sample transaction 377
[2022-07-23T18:50:59.531Z INFO  client] Sending sample transaction 378
[2022-07-23T18:50:59.584Z INFO  client] Sending sample transaction 379
[2022-07-23T18:50:59.630Z INFO  client] Sending sample transaction 380
[2022-07-23T18:50:59.680Z INFO  client] Sending sample transaction 381
[2022-07-23T18:50:59.730Z INFO  client] Sending sample transaction 382
[2022-07-23T18:50:59.782Z INFO  client] Sending sample transaction 383
[2022-07-23T18:50:59.831Z INFO  client] Sending sample transaction 384
[2022-07-23T18:50:59.881Z INFO  client] Sending sample transaction 385
[2022-07-23T18:50:59.930Z INFO  client] Sending sample transaction 386
[2022-07-23T18:50:59.981Z INFO  client] Sending sample transaction 387
[2022-07-23T18:51:00.031Z INFO  client] Sending sample transaction 388
[2022-07-23T18:51:00.080Z INFO  client] Sending sample transaction 389
[2022-07-23T18:51:00.130Z INFO  client] Sending sample transaction 390
[2022-07-23T18:51:00.181Z INFO  client] Sending sample transaction 391
[2022-07-23T18:51:00.231Z INFO  client] Sending sample transaction 392
[2022-07-23T18:51:00.282Z INFO  client] Sending sample transaction 393
[2022-07-23T18:51:00.331Z INFO  client] Sending sample transaction 394
[2022-07-23T18:51:00.381Z INFO  client] Sending sample transaction 395
[2022-07-23T18:51:00.431Z INFO  client] Sending sample transaction 396
[2022-07-23T18:51:00.480Z INFO  client] Sending sample transaction 397
[2022-07-23T18:51:00.530Z INFO  client] Sending sample transaction 398
[2022-07-23T18:51:00.581Z INFO  client] Sending sample transaction 399
[2022-07-23T18:51:00.630Z INFO  client] Sending sample transaction 400
[2022-07-23T18:51:00.680Z INFO  client] Sending sample transaction 401
[2022-07-23T18:51:00.731Z INFO  client] Sending sample transaction 402
[2022-07-23T18:51:00.781Z INFO  client] Sending sample transaction 403
[2022-07-23T18:51:00.831Z INFO  client] Sending sample transaction 404
[2022-07-23T18:51:00.881Z INFO  client] Sending sample transaction 405
[2022-07-23T18:51:00.931Z INFO  client] Sending sample transaction 406
[2022-07-23T18:51:00.981Z INFO  client] Sending sample transaction 407
[2022-07-23T18:51:01.031Z INFO  client] Sending sample transaction 408
[2022-07-23T18:51:01.081Z INFO  client] Sending sample transaction 409
[2022-07-23T18:51:01.130Z INFO  client] Sending sample transaction 410
[2022-07-23T18:51:01.183Z INFO  client] Sending sample transaction 411
[2022-07-23T18:51:01.232Z INFO  client] Sending sample transaction 412
[2022-07-23T18:51:01.281Z INFO  client] Sending sample transaction 413
[2022-07-23T18:51:01.331Z INFO  client] Sending sample transaction 414
[2022-07-23T18:51:01.381Z INFO  client] Sending sample transaction 415
[2022-07-23T18:51:01.432Z INFO  client] Sending sample transaction 416
[2022-07-23T18:51:01.481Z INFO  client] Sending sample transaction 417
[2022-07-23T18:51:01.530Z INFO  client] Sending sample transaction 418
[2022-07-23T18:51:01.582Z INFO  client] Sending sample transaction 419
[2022-07-23T18:51:01.631Z INFO  client] Sending sample transaction 420
[2022-07-23T18:51:01.680Z INFO  client] Sending sample transaction 421
[2022-07-23T18:51:01.731Z INFO  client] Sending sample transaction 422
[2022-07-23T18:51:01.781Z INFO  client] Sending sample transaction 423
[2022-07-23T18:51:01.831Z INFO  client] Sending sample transaction 424
[2022-07-23T18:51:01.880Z INFO  client] Sending sample transaction 425
[2022-07-23T18:51:01.930Z INFO  client] Sending sample transaction 426
[2022-07-23T18:51:01.980Z INFO  client] Sending sample transaction 427
[2022-07-23T18:51:02.030Z INFO  client] Sending sample transaction 428
[2022-07-23T18:51:02.080Z INFO  client] Sending sample transaction 429
[2022-07-23T18:51:02.132Z INFO  client] Sending sample transaction 430
[2022-07-23T18:51:02.180Z INFO  client] Sending sample transaction 431
[2022-07-23T18:51:02.231Z INFO  client] Sending sample transaction 432
