[2022-07-23T16:12:20.040Z INFO  client] Node address: 127.0.0.1:9016
[2022-07-23T16:12:20.040Z INFO  client] Transactions size: 512 B
[2022-07-23T16:12:20.040Z INFO  client] Transactions rate: 112 tx/s
[2022-07-23T16:12:20.040Z INFO  client] Waiting for all nodes to be online...
[2022-07-23T16:12:20.040Z INFO  client] Waiting for all nodes to be synchronized...
[2022-07-23T16:12:22.128Z INFO  client] Start sending transactions
[2022-07-23T16:12:22.145Z INFO  client] Sending sample transaction 0
[2022-07-23T16:12:22.211Z INFO  client] Sending sample transaction 1
[2022-07-23T16:12:22.241Z INFO  client] Sending sample transaction 2
[2022-07-23T16:12:22.300Z INFO  client] Sending sample transaction 3
[2022-07-23T16:12:22.343Z INFO  client] Sending sample transaction 4
[2022-07-23T16:12:22.382Z INFO  client] Sending sample transaction 5
[2022-07-23T16:12:22.435Z INFO  client] Sending sample transaction 6
[2022-07-23T16:12:22.480Z INFO  client] Sending sample transaction 7
[2022-07-23T16:12:22.531Z INFO  client] Sending sample transaction 8
[2022-07-23T16:12:22.582Z INFO  client] Sending sample transaction 9
[2022-07-23T16:12:22.634Z INFO  client] Sending sample transaction 10
[2022-07-23T16:12:22.680Z INFO  client] Sending sample transaction 11
[2022-07-23T16:12:22.730Z INFO  client] Sending sample transaction 12
[2022-07-23T16:12:22.780Z INFO  client] Sending sample transaction 13
[2022-07-23T16:12:22.831Z INFO  client] Sending sample transaction 14
[2022-07-23T16:12:22.880Z INFO  client] Sending sample transaction 15
[2022-07-23T16:12:22.930Z INFO  client] Sending sample transaction 16
[2022-07-23T16:12:22.981Z INFO  client] Sending sample transaction 17
[2022-07-23T16:12:23.034Z INFO  client] Sending sample transaction 18
[2022-07-23T16:12:23.081Z INFO  client] Sending sample transaction 19
[2022-07-23T16:12:23.130Z INFO  client] Sending sample transaction 20
[2022-07-23T16:12:23.180Z INFO  client] Sending sample transaction 21
[2022-07-23T16:12:23.230Z INFO  client] Sending sample transaction 22
[2022-07-23T16:12:23.287Z INFO  client] Sending sample transaction 23
[2022-07-23T16:12:23.332Z INFO  client] Sending sample transaction 24
[2022-07-23T16:12:23.379Z INFO  client] Sending sample transaction 25
[2022-07-23T16:12:23.430Z INFO  client] Sending sample transaction 26
[2022-07-23T16:12:23.481Z INFO  client] Sending sample transaction 27
[2022-07-23T16:12:23.530Z INFO  client] Sending sample transaction 28
[2022-07-23T16:12:23.581Z INFO  client] Sending sample transaction 29
[2022-07-23T16:12:23.630Z INFO  client] Sending sample transaction 30
[2022-07-23T16:12:23.680Z INFO  client] Sending sample transaction 31
[2022-07-23T16:12:23.730Z INFO  client] Sending sample transaction 32
[2022-07-23T16:12:23.780Z INFO  client] Sending sample transaction 33
[2022-07-23T16:12:23.831Z INFO  client] Sending sample transaction 34
[2022-07-23T16:12:23.879Z INFO  client] Sending sample transaction 35
[2022-07-23T16:12:23.930Z INFO  client] Sending sample transaction 36
[2022-07-23T16:12:23.980Z INFO  client] Sending sample transaction 37
[2022-07-23T16:12:24.030Z INFO  client] Sending sample transaction 38
[2022-07-23T16:12:24.080Z INFO  client] Sending sample transaction 39
[2022-07-23T16:12:24.130Z INFO  client] Sending sample transaction 40
[2022-07-23T16:12:24.179Z INFO  client] Sending sample transaction 41
[2022-07-23T16:12:24.230Z INFO  client] Sending sample transaction 42
[2022-07-23T16:12:24.281Z INFO  client] Sending sample transaction 43
[2022-07-23T16:12:24.333Z INFO  client] Sending sample transaction 44
[2022-07-23T16:12:24.394Z INFO  client] Sending sample transaction 45
[2022-07-23T16:12:24.444Z INFO  client] Sending sample transaction 46
[2022-07-23T16:12:24.480Z INFO  client] Sending sample transaction 47
[2022-07-23T16:12:24.530Z INFO  client] Sending sample transaction 48
[2022-07-23T16:12:24.580Z INFO  client] Sending sample transaction 49
[2022-07-23T16:12:24.630Z INFO  client] Sending sample transaction 50
[2022-07-23T16:12:24.680Z INFO  client] Sending sample transaction 51
[2022-07-23T16:12:24.730Z INFO  client] Sending sample transaction 52
[2022-07-23T16:12:24.779Z INFO  client] Sending sample transaction 53
[2022-07-23T16:12:24.830Z INFO  client] Sending sample transaction 54
[2022-07-23T16:12:24.879Z INFO  client] Sending sample transaction 55
[2022-07-23T16:12:24.929Z INFO  client] Sending sample transaction 56
[2022-07-23T16:12:24.979Z INFO  client] Sending sample transaction 57
[2022-07-23T16:12:25.030Z INFO  client] Sending sample transaction 58
[2022-07-23T16:12:25.079Z INFO  client] Sending sample transaction 59
[2022-07-23T16:12:25.129Z INFO  client] Sending sample transaction 60
[2022-07-23T16:12:25.180Z INFO  client] Sending sample transaction 61
[2022-07-23T16:12:25.230Z INFO  client] Sending sample transaction 62
[2022-07-23T16:12:25.280Z INFO  client] Sending sample transaction 63
[2022-07-23T16:12:25.331Z INFO  client] Sending sample transaction 64
[2022-07-23T16:12:25.379Z INFO  client] Sending sample transaction 65
[2022-07-23T16:12:25.429Z INFO  client] Sending sample transaction 66
[2022-07-23T16:12:25.480Z INFO  client] Sending sample transaction 67
[2022-07-23T16:12:25.530Z INFO  client] Sending sample transaction 68
[2022-07-23T16:12:25.580Z INFO  client] Sending sample transaction 69
[2022-07-23T16:12:25.629Z INFO  client] Sending sample transaction 70
[2022-07-23T16:12:25.680Z INFO  client] Sending sample transaction 71
[2022-07-23T16:12:25.730Z INFO  client] Sending sample transaction 72
[2022-07-23T16:12:25.780Z INFO  client] Sending sample transaction 73
[2022-07-23T16:12:25.830Z INFO  client] Sending sample transaction 74
[2022-07-23T16:12:25.879Z INFO  client] Sending sample transaction 75
[2022-07-23T16:12:25.930Z INFO  client] Sending sample transaction 76
[2022-07-23T16:12:25.979Z INFO  client] Sending sample transaction 77
[2022-07-23T16:12:26.030Z INFO  client] Sending sample transaction 78
[2022-07-23T16:12:26.080Z INFO  client] Sending sample transaction 79
[2022-07-23T16:12:26.129Z INFO  client] Sending sample transaction 80
[2022-07-23T16:12:26.180Z INFO  client] Sending sample transaction 81
[2022-07-23T16:12:26.230Z INFO  client] Sending sample transaction 82
[2022-07-23T16:12:26.281Z INFO  client] Sending sample transaction 83
[2022-07-23T16:12:26.330Z INFO  client] Sending sample transaction 84
[2022-07-23T16:12:26.379Z INFO  client] Sending sample transaction 85
[2022-07-23T16:12:26.431Z INFO  client] Sending sample transaction 86
[2022-07-23T16:12:26.487Z INFO  client] Sending sample transaction 87
[2022-07-23T16:12:26.542Z INFO  client] Sending sample transaction 88
[2022-07-23T16:12:26.581Z INFO  client] Sending sample transaction 89
[2022-07-23T16:12:26.629Z INFO  client] Sending sample transaction 90
[2022-07-23T16:12:26.680Z INFO  client] Sending sample transaction 91
[2022-07-23T16:12:26.730Z INFO  client] Sending sample transaction 92
[2022-07-23T16:12:26.780Z INFO  client] Sending sample transaction 93
[2022-07-23T16:12:26.830Z INFO  client] Sending sample transaction 94
[2022-07-23T16:12:26.880Z INFO  client] Sending sample transaction 95
[2022-07-23T16:12:26.930Z INFO  client] Sending sample transaction 96
[2022-07-23T16:12:26.980Z INFO  client] Sending sample transaction 97
[2022-07-23T16:12:27.030Z INFO  client] Sending sample transaction 98
[2022-07-23T16:12:27.079Z INFO  client] Sending sample transaction 99
[2022-07-23T16:12:27.129Z INFO  client] Sending sample transaction 100
[2022-07-23T16:12:27.180Z INFO  client] Sending sample transaction 101
[2022-07-23T16:12:27.230Z INFO  client] Sending sample transaction 102
[2022-07-23T16:12:27.280Z INFO  client] Sending sample transaction 103
[2022-07-23T16:12:27.329Z INFO  client] Sending sample transaction 104
[2022-07-23T16:12:27.380Z INFO  client] Sending sample transaction 105
[2022-07-23T16:12:27.429Z INFO  client] Sending sample transaction 106
[2022-07-23T16:12:27.480Z INFO  client] Sending sample transaction 107
[2022-07-23T16:12:27.530Z INFO  client] Sending sample transaction 108
[2022-07-23T16:12:27.590Z INFO  client] Sending sample transaction 109
[2022-07-23T16:12:27.630Z INFO  client] Sending sample transaction 110
[2022-07-23T16:12:27.679Z INFO  client] Sending sample transaction 111
[2022-07-23T16:12:27.729Z INFO  client] Sending sample transaction 112
[2022-07-23T16:12:27.780Z INFO  client] Sending sample transaction 113
[2022-07-23T16:12:27.829Z INFO  client] Sending sample transaction 114
[2022-07-23T16:12:27.880Z INFO  client] Sending sample transaction 115
[2022-07-23T16:12:27.930Z INFO  client] Sending sample transaction 116
[2022-07-23T16:12:27.979Z INFO  client] Sending sample transaction 117
[2022-07-23T16:12:28.029Z INFO  client] Sending sample transaction 118
[2022-07-23T16:12:28.080Z INFO  client] Sending sample transaction 119
[2022-07-23T16:12:28.129Z INFO  client] Sending sample transaction 120
[2022-07-23T16:12:28.179Z INFO  client] Sending sample transaction 121
[2022-07-23T16:12:28.231Z INFO  client] Sending sample transaction 122
[2022-07-23T16:12:28.280Z INFO  client] Sending sample transaction 123
[2022-07-23T16:12:28.330Z INFO  client] Sending sample transaction 124
[2022-07-23T16:12:28.380Z INFO  client] Sending sample transaction 125
[2022-07-23T16:12:28.429Z INFO  client] Sending sample transaction 126
[2022-07-23T16:12:28.480Z INFO  client] Sending sample transaction 127
[2022-07-23T16:12:28.530Z INFO  client] Sending sample transaction 128
[2022-07-23T16:12:28.580Z INFO  client] Sending sample transaction 129
[2022-07-23T16:12:28.632Z INFO  client] Sending sample transaction 130
[2022-07-23T16:12:28.680Z INFO  client] Sending sample transaction 131
[2022-07-23T16:12:28.730Z INFO  client] Sending sample transaction 132
[2022-07-23T16:12:28.780Z INFO  client] Sending sample transaction 133
[2022-07-23T16:12:28.830Z INFO  client] Sending sample transaction 134
[2022-07-23T16:12:28.880Z INFO  client] Sending sample transaction 135
[2022-07-23T16:12:28.930Z INFO  client] Sending sample transaction 136
[2022-07-23T16:12:28.980Z INFO  client] Sending sample transaction 137
[2022-07-23T16:12:29.029Z INFO  client] Sending sample transaction 138
[2022-07-23T16:12:29.080Z INFO  client] Sending sample transaction 139
[2022-07-23T16:12:29.130Z INFO  client] Sending sample transaction 140
[2022-07-23T16:12:29.179Z INFO  client] Sending sample transaction 141
[2022-07-23T16:12:29.230Z INFO  client] Sending sample transaction 142
[2022-07-23T16:12:29.279Z INFO  client] Sending sample transaction 143
[2022-07-23T16:12:29.330Z INFO  client] Sending sample transaction 144
[2022-07-23T16:12:29.379Z INFO  client] Sending sample transaction 145
[2022-07-23T16:12:29.430Z INFO  client] Sending sample transaction 146
[2022-07-23T16:12:29.479Z INFO  client] Sending sample transaction 147
[2022-07-23T16:12:29.530Z INFO  client] Sending sample transaction 148
[2022-07-23T16:12:29.580Z INFO  client] Sending sample transaction 149
[2022-07-23T16:12:29.630Z INFO  client] Sending sample transaction 150
[2022-07-23T16:12:29.680Z INFO  client] Sending sample transaction 151
[2022-07-23T16:12:29.729Z INFO  client] Sending sample transaction 152
[2022-07-23T16:12:29.779Z INFO  client] Sending sample transaction 153
[2022-07-23T16:12:29.830Z INFO  client] Sending sample transaction 154
[2022-07-23T16:12:29.879Z INFO  client] Sending sample transaction 155
[2022-07-23T16:12:29.929Z INFO  client] Sending sample transaction 156
[2022-07-23T16:12:29.980Z INFO  client] Sending sample transaction 157
[2022-07-23T16:12:30.030Z INFO  client] Sending sample transaction 158
[2022-07-23T16:12:30.080Z INFO  client] Sending sample transaction 159
[2022-07-23T16:12:30.130Z INFO  client] Sending sample transaction 160
[2022-07-23T16:12:30.181Z INFO  client] Sending sample transaction 161
[2022-07-23T16:12:30.229Z INFO  client] Sending sample transaction 162
[2022-07-23T16:12:30.280Z INFO  client] Sending sample transaction 163
[2022-07-23T16:12:30.330Z INFO  client] Sending sample transaction 164
[2022-07-23T16:12:30.380Z INFO  client] Sending sample transaction 165
[2022-07-23T16:12:30.429Z INFO  client] Sending sample transaction 166
[2022-07-23T16:12:30.479Z INFO  client] Sending sample transaction 167
[2022-07-23T16:12:30.530Z INFO  client] Sending sample transaction 168
[2022-07-23T16:12:30.579Z INFO  client] Sending sample transaction 169
[2022-07-23T16:12:30.629Z INFO  client] Sending sample transaction 170
[2022-07-23T16:12:30.680Z INFO  client] Sending sample transaction 171
[2022-07-23T16:12:30.743Z INFO  client] Sending sample transaction 172
[2022-07-23T16:12:30.779Z INFO  client] Sending sample transaction 173
[2022-07-23T16:12:30.830Z INFO  client] Sending sample transaction 174
[2022-07-23T16:12:30.879Z INFO  client] Sending sample transaction 175
[2022-07-23T16:12:30.930Z INFO  client] Sending sample transaction 176
[2022-07-23T16:12:30.979Z INFO  client] Sending sample transaction 177
[2022-07-23T16:12:31.030Z INFO  client] Sending sample transaction 178
[2022-07-23T16:12:31.079Z INFO  client] Sending sample transaction 179
[2022-07-23T16:12:31.129Z INFO  client] Sending sample transaction 180
[2022-07-23T16:12:31.179Z INFO  client] Sending sample transaction 181
[2022-07-23T16:12:31.230Z INFO  client] Sending sample transaction 182
[2022-07-23T16:12:31.280Z INFO  client] Sending sample transaction 183
[2022-07-23T16:12:31.329Z INFO  client] Sending sample transaction 184
[2022-07-23T16:12:31.380Z INFO  client] Sending sample transaction 185
[2022-07-23T16:12:31.430Z INFO  client] Sending sample transaction 186
[2022-07-23T16:12:31.480Z INFO  client] Sending sample transaction 187
[2022-07-23T16:12:31.530Z INFO  client] Sending sample transaction 188
[2022-07-23T16:12:31.580Z INFO  client] Sending sample transaction 189
[2022-07-23T16:12:31.629Z INFO  client] Sending sample transaction 190
[2022-07-23T16:12:31.680Z INFO  client] Sending sample transaction 191
[2022-07-23T16:12:31.730Z INFO  client] Sending sample transaction 192
[2022-07-23T16:12:31.780Z INFO  client] Sending sample transaction 193
[2022-07-23T16:12:31.830Z INFO  client] Sending sample transaction 194
[2022-07-23T16:12:31.880Z INFO  client] Sending sample transaction 195
[2022-07-23T16:12:31.930Z INFO  client] Sending sample transaction 196
[2022-07-23T16:12:31.980Z INFO  client] Sending sample transaction 197
[2022-07-23T16:12:32.030Z INFO  client] Sending sample transaction 198
[2022-07-23T16:12:32.080Z INFO  client] Sending sample transaction 199
[2022-07-23T16:12:32.129Z INFO  client] Sending sample transaction 200
[2022-07-23T16:12:32.179Z INFO  client] Sending sample transaction 201
[2022-07-23T16:12:32.229Z INFO  client] Sending sample transaction 202
[2022-07-23T16:12:32.279Z INFO  client] Sending sample transaction 203
[2022-07-23T16:12:32.330Z INFO  client] Sending sample transaction 204
[2022-07-23T16:12:32.380Z INFO  client] Sending sample transaction 205
[2022-07-23T16:12:32.430Z INFO  client] Sending sample transaction 206
[2022-07-23T16:12:32.480Z INFO  client] Sending sample transaction 207
[2022-07-23T16:12:32.529Z INFO  client] Sending sample transaction 208
[2022-07-23T16:12:32.580Z INFO  client] Sending sample transaction 209
[2022-07-23T16:12:32.629Z INFO  client] Sending sample transaction 210
[2022-07-23T16:12:32.680Z INFO  client] Sending sample transaction 211
[2022-07-23T16:12:32.731Z INFO  client] Sending sample transaction 212
[2022-07-23T16:12:32.780Z INFO  client] Sending sample transaction 213
[2022-07-23T16:12:32.834Z INFO  client] Sending sample transaction 214
[2022-07-23T16:12:32.880Z INFO  client] Sending sample transaction 215
[2022-07-23T16:12:32.930Z INFO  client] Sending sample transaction 216
[2022-07-23T16:12:32.980Z INFO  client] Sending sample transaction 217
[2022-07-23T16:12:33.029Z INFO  client] Sending sample transaction 218
[2022-07-23T16:12:33.080Z INFO  client] Sending sample transaction 219
[2022-07-23T16:12:33.129Z INFO  client] Sending sample transaction 220
[2022-07-23T16:12:33.179Z INFO  client] Sending sample transaction 221
[2022-07-23T16:12:33.229Z INFO  client] Sending sample transaction 222
[2022-07-23T16:12:33.280Z INFO  client] Sending sample transaction 223
[2022-07-23T16:12:33.330Z INFO  client] Sending sample transaction 224
[2022-07-23T16:12:33.379Z INFO  client] Sending sample transaction 225
[2022-07-23T16:12:33.429Z INFO  client] Sending sample transaction 226
[2022-07-23T16:12:33.480Z INFO  client] Sending sample transaction 227
[2022-07-23T16:12:33.530Z INFO  client] Sending sample transaction 228
[2022-07-23T16:12:33.580Z INFO  client] Sending sample transaction 229
[2022-07-23T16:12:33.630Z INFO  client] Sending sample transaction 230
[2022-07-23T16:12:33.679Z INFO  client] Sending sample transaction 231
[2022-07-23T16:12:33.730Z INFO  client] Sending sample transaction 232
[2022-07-23T16:12:33.779Z INFO  client] Sending sample transaction 233
[2022-07-23T16:12:33.829Z INFO  client] Sending sample transaction 234
[2022-07-23T16:12:33.880Z INFO  client] Sending sample transaction 235
[2022-07-23T16:12:33.930Z INFO  client] Sending sample transaction 236
[2022-07-23T16:12:33.980Z INFO  client] Sending sample transaction 237
[2022-07-23T16:12:34.030Z INFO  client] Sending sample transaction 238
[2022-07-23T16:12:34.079Z INFO  client] Sending sample transaction 239
[2022-07-23T16:12:34.129Z INFO  client] Sending sample transaction 240
[2022-07-23T16:12:34.179Z INFO  client] Sending sample transaction 241
[2022-07-23T16:12:34.230Z INFO  client] Sending sample transaction 242
[2022-07-23T16:12:34.280Z INFO  client] Sending sample transaction 243
[2022-07-23T16:12:34.330Z INFO  client] Sending sample transaction 244
[2022-07-23T16:12:34.380Z INFO  client] Sending sample transaction 245
[2022-07-23T16:12:34.429Z INFO  client] Sending sample transaction 246
[2022-07-23T16:12:34.480Z INFO  client] Sending sample transaction 247
[2022-07-23T16:12:34.530Z INFO  client] Sending sample transaction 248
[2022-07-23T16:12:34.580Z INFO  client] Sending sample transaction 249
[2022-07-23T16:12:34.629Z INFO  client] Sending sample transaction 250
[2022-07-23T16:12:34.679Z INFO  client] Sending sample transaction 251
[2022-07-23T16:12:34.730Z INFO  client] Sending sample transaction 252
[2022-07-23T16:12:34.780Z INFO  client] Sending sample transaction 253
[2022-07-23T16:12:34.830Z INFO  client] Sending sample transaction 254
[2022-07-23T16:12:34.879Z INFO  client] Sending sample transaction 255
[2022-07-23T16:12:34.933Z INFO  client] Sending sample transaction 256
[2022-07-23T16:12:34.981Z INFO  client] Sending sample transaction 257
[2022-07-23T16:12:35.029Z INFO  client] Sending sample transaction 258
[2022-07-23T16:12:35.080Z INFO  client] Sending sample transaction 259
[2022-07-23T16:12:35.130Z INFO  client] Sending sample transaction 260
[2022-07-23T16:12:35.180Z INFO  client] Sending sample transaction 261
[2022-07-23T16:12:35.229Z INFO  client] Sending sample transaction 262
[2022-07-23T16:12:35.279Z INFO  client] Sending sample transaction 263
[2022-07-23T16:12:35.330Z INFO  client] Sending sample transaction 264
[2022-07-23T16:12:35.379Z INFO  client] Sending sample transaction 265
[2022-07-23T16:12:35.432Z INFO  client] Sending sample transaction 266
[2022-07-23T16:12:35.481Z INFO  client] Sending sample transaction 267
[2022-07-23T16:12:35.530Z INFO  client] Sending sample transaction 268
[2022-07-23T16:12:35.579Z INFO  client] Sending sample transaction 269
[2022-07-23T16:12:35.630Z INFO  client] Sending sample transaction 270
[2022-07-23T16:12:35.680Z INFO  client] Sending sample transaction 271
[2022-07-23T16:12:35.730Z INFO  client] Sending sample transaction 272
[2022-07-23T16:12:35.781Z INFO  client] Sending sample transaction 273
[2022-07-23T16:12:35.831Z INFO  client] Sending sample transaction 274
[2022-07-23T16:12:35.880Z INFO  client] Sending sample transaction 275
[2022-07-23T16:12:35.930Z INFO  client] Sending sample transaction 276
[2022-07-23T16:12:35.980Z INFO  client] Sending sample transaction 277
[2022-07-23T16:12:36.030Z INFO  client] Sending sample transaction 278
[2022-07-23T16:12:36.079Z INFO  client] Sending sample transaction 279
[2022-07-23T16:12:36.129Z INFO  client] Sending sample transaction 280
[2022-07-23T16:12:36.180Z INFO  client] Sending sample transaction 281
[2022-07-23T16:12:36.230Z INFO  client] Sending sample transaction 282
[2022-07-23T16:12:36.279Z INFO  client] Sending sample transaction 283
[2022-07-23T16:12:36.329Z INFO  client] Sending sample transaction 284
[2022-07-23T16:12:36.380Z INFO  client] Sending sample transaction 285
[2022-07-23T16:12:36.430Z INFO  client] Sending sample transaction 286
[2022-07-23T16:12:36.480Z INFO  client] Sending sample transaction 287
[2022-07-23T16:12:36.529Z INFO  client] Sending sample transaction 288
[2022-07-23T16:12:36.580Z INFO  client] Sending sample transaction 289
[2022-07-23T16:12:36.629Z INFO  client] Sending sample transaction 290
[2022-07-23T16:12:36.680Z INFO  client] Sending sample transaction 291
[2022-07-23T16:12:36.730Z INFO  client] Sending sample transaction 292
[2022-07-23T16:12:36.780Z INFO  client] Sending sample transaction 293
[2022-07-23T16:12:36.830Z INFO  client] Sending sample transaction 294
[2022-07-23T16:12:36.879Z INFO  client] Sending sample transaction 295
[2022-07-23T16:12:36.929Z INFO  client] Sending sample transaction 296
[2022-07-23T16:12:36.979Z INFO  client] Sending sample transaction 297
[2022-07-23T16:12:37.037Z INFO  client] Sending sample transaction 298
[2022-07-23T16:12:37.080Z INFO  client] Sending sample transaction 299
[2022-07-23T16:12:37.130Z INFO  client] Sending sample transaction 300
[2022-07-23T16:12:37.179Z INFO  client] Sending sample transaction 301
[2022-07-23T16:12:37.229Z INFO  client] Sending sample transaction 302
[2022-07-23T16:12:37.279Z INFO  client] Sending sample transaction 303
[2022-07-23T16:12:37.331Z INFO  client] Sending sample transaction 304
[2022-07-23T16:12:37.379Z INFO  client] Sending sample transaction 305
[2022-07-23T16:12:37.429Z INFO  client] Sending sample transaction 306
[2022-07-23T16:12:37.480Z INFO  client] Sending sample transaction 307
[2022-07-23T16:12:37.530Z INFO  client] Sending sample transaction 308
[2022-07-23T16:12:37.581Z INFO  client] Sending sample transaction 309
[2022-07-23T16:12:37.630Z INFO  client] Sending sample transaction 310
[2022-07-23T16:12:37.680Z INFO  client] Sending sample transaction 311
[2022-07-23T16:12:37.730Z INFO  client] Sending sample transaction 312
[2022-07-23T16:12:37.781Z INFO  client] Sending sample transaction 313
[2022-07-23T16:12:37.830Z INFO  client] Sending sample transaction 314
[2022-07-23T16:12:37.880Z INFO  client] Sending sample transaction 315
[2022-07-23T16:12:37.930Z INFO  client] Sending sample transaction 316
[2022-07-23T16:12:37.980Z INFO  client] Sending sample transaction 317
[2022-07-23T16:12:38.030Z INFO  client] Sending sample transaction 318
[2022-07-23T16:12:38.080Z INFO  client] Sending sample transaction 319
[2022-07-23T16:12:38.129Z INFO  client] Sending sample transaction 320
[2022-07-23T16:12:38.180Z INFO  client] Sending sample transaction 321
[2022-07-23T16:12:38.230Z INFO  client] Sending sample transaction 322
[2022-07-23T16:12:38.281Z INFO  client] Sending sample transaction 323
[2022-07-23T16:12:38.330Z INFO  client] Sending sample transaction 324
[2022-07-23T16:12:38.379Z INFO  client] Sending sample transaction 325
[2022-07-23T16:12:38.430Z INFO  client] Sending sample transaction 326
[2022-07-23T16:12:38.480Z INFO  client] Sending sample transaction 327
[2022-07-23T16:12:38.529Z INFO  client] Sending sample transaction 328
[2022-07-23T16:12:38.580Z INFO  client] Sending sample transaction 329
[2022-07-23T16:12:38.630Z INFO  client] Sending sample transaction 330
[2022-07-23T16:12:38.679Z INFO  client] Sending sample transaction 331
[2022-07-23T16:12:38.730Z INFO  client] Sending sample transaction 332
[2022-07-23T16:12:38.779Z INFO  client] Sending sample transaction 333
[2022-07-23T16:12:38.833Z INFO  client] Sending sample transaction 334
[2022-07-23T16:12:38.880Z INFO  client] Sending sample transaction 335
[2022-07-23T16:12:38.929Z INFO  client] Sending sample transaction 336
[2022-07-23T16:12:38.979Z INFO  client] Sending sample transaction 337
[2022-07-23T16:12:39.029Z INFO  client] Sending sample transaction 338
[2022-07-23T16:12:39.080Z INFO  client] Sending sample transaction 339
[2022-07-23T16:12:39.138Z INFO  client] Sending sample transaction 340
[2022-07-23T16:12:39.180Z INFO  client] Sending sample transaction 341
[2022-07-23T16:12:39.231Z INFO  client] Sending sample transaction 342
[2022-07-23T16:12:39.280Z INFO  client] Sending sample transaction 343
[2022-07-23T16:12:39.329Z INFO  client] Sending sample transaction 344
[2022-07-23T16:12:39.380Z INFO  client] Sending sample transaction 345
[2022-07-23T16:12:39.429Z INFO  client] Sending sample transaction 346
[2022-07-23T16:12:39.481Z INFO  client] Sending sample transaction 347
[2022-07-23T16:12:39.529Z INFO  client] Sending sample transaction 348
[2022-07-23T16:12:39.580Z INFO  client] Sending sample transaction 349
[2022-07-23T16:12:39.630Z INFO  client] Sending sample transaction 350
[2022-07-23T16:12:39.680Z INFO  client] Sending sample transaction 351
[2022-07-23T16:12:39.730Z INFO  client] Sending sample transaction 352
[2022-07-23T16:12:39.781Z INFO  client] Sending sample transaction 353
[2022-07-23T16:12:39.830Z INFO  client] Sending sample transaction 354
[2022-07-23T16:12:39.880Z INFO  client] Sending sample transaction 355
[2022-07-23T16:12:39.929Z INFO  client] Sending sample transaction 356
[2022-07-23T16:12:39.979Z INFO  client] Sending sample transaction 357
[2022-07-23T16:12:40.030Z INFO  client] Sending sample transaction 358
[2022-07-23T16:12:40.080Z INFO  client] Sending sample transaction 359
[2022-07-23T16:12:40.129Z INFO  client] Sending sample transaction 360
[2022-07-23T16:12:40.180Z INFO  client] Sending sample transaction 361
[2022-07-23T16:12:40.229Z INFO  client] Sending sample transaction 362
[2022-07-23T16:12:40.280Z INFO  client] Sending sample transaction 363
[2022-07-23T16:12:40.329Z INFO  client] Sending sample transaction 364
[2022-07-23T16:12:40.379Z INFO  client] Sending sample transaction 365
[2022-07-23T16:12:40.430Z INFO  client] Sending sample transaction 366
[2022-07-23T16:12:40.479Z INFO  client] Sending sample transaction 367
[2022-07-23T16:12:40.530Z INFO  client] Sending sample transaction 368
[2022-07-23T16:12:40.580Z INFO  client] Sending sample transaction 369
[2022-07-23T16:12:40.630Z INFO  client] Sending sample transaction 370
[2022-07-23T16:12:40.680Z INFO  client] Sending sample transaction 371
[2022-07-23T16:12:40.729Z INFO  client] Sending sample transaction 372
[2022-07-23T16:12:40.781Z INFO  client] Sending sample transaction 373
[2022-07-23T16:12:40.833Z INFO  client] Sending sample transaction 374
[2022-07-23T16:12:40.880Z INFO  client] Sending sample transaction 375
[2022-07-23T16:12:40.930Z INFO  client] Sending sample transaction 376
[2022-07-23T16:12:40.980Z INFO  client] Sending sample transaction 377
[2022-07-23T16:12:41.029Z INFO  client] Sending sample transaction 378
[2022-07-23T16:12:41.080Z INFO  client] Sending sample transaction 379
[2022-07-23T16:12:41.130Z INFO  client] Sending sample transaction 380
[2022-07-23T16:12:41.181Z INFO  client] Sending sample transaction 381
[2022-07-23T16:12:41.234Z INFO  client] Sending sample transaction 382
[2022-07-23T16:12:41.280Z INFO  client] Sending sample transaction 383
[2022-07-23T16:12:41.331Z INFO  client] Sending sample transaction 384
[2022-07-23T16:12:41.379Z INFO  client] Sending sample transaction 385
[2022-07-23T16:12:41.430Z INFO  client] Sending sample transaction 386
[2022-07-23T16:12:41.479Z INFO  client] Sending sample transaction 387
[2022-07-23T16:12:41.530Z INFO  client] Sending sample transaction 388
[2022-07-23T16:12:41.580Z INFO  client] Sending sample transaction 389
[2022-07-23T16:12:41.630Z INFO  client] Sending sample transaction 390
[2022-07-23T16:12:41.680Z INFO  client] Sending sample transaction 391
[2022-07-23T16:12:41.730Z INFO  client] Sending sample transaction 392
[2022-07-23T16:12:41.779Z INFO  client] Sending sample transaction 393
[2022-07-23T16:12:41.830Z INFO  client] Sending sample transaction 394
[2022-07-23T16:12:41.879Z INFO  client] Sending sample transaction 395
[2022-07-23T16:12:41.930Z INFO  client] Sending sample transaction 396
[2022-07-23T16:12:41.980Z INFO  client] Sending sample transaction 397
[2022-07-23T16:12:42.030Z INFO  client] Sending sample transaction 398
[2022-07-23T16:12:42.080Z INFO  client] Sending sample transaction 399
[2022-07-23T16:12:42.130Z INFO  client] Sending sample transaction 400
[2022-07-23T16:12:42.179Z INFO  client] Sending sample transaction 401
[2022-07-23T16:12:42.230Z INFO  client] Sending sample transaction 402
[2022-07-23T16:12:42.286Z INFO  client] Sending sample transaction 403
[2022-07-23T16:12:42.331Z INFO  client] Sending sample transaction 404
[2022-07-23T16:12:42.379Z INFO  client] Sending sample transaction 405
[2022-07-23T16:12:42.430Z INFO  client] Sending sample transaction 406
[2022-07-23T16:12:42.479Z INFO  client] Sending sample transaction 407
[2022-07-23T16:12:42.530Z INFO  client] Sending sample transaction 408
[2022-07-23T16:12:42.580Z INFO  client] Sending sample transaction 409
[2022-07-23T16:12:42.629Z INFO  client] Sending sample transaction 410
[2022-07-23T16:12:42.680Z INFO  client] Sending sample transaction 411
[2022-07-23T16:12:42.730Z INFO  client] Sending sample transaction 412
[2022-07-23T16:12:42.780Z INFO  client] Sending sample transaction 413
[2022-07-23T16:12:42.830Z INFO  client] Sending sample transaction 414
[2022-07-23T16:12:42.879Z INFO  client] Sending sample transaction 415
[2022-07-23T16:12:42.929Z INFO  client] Sending sample transaction 416
[2022-07-23T16:12:42.980Z INFO  client] Sending sample transaction 417
[2022-07-23T16:12:43.029Z INFO  client] Sending sample transaction 418
[2022-07-23T16:12:43.080Z INFO  client] Sending sample transaction 419
[2022-07-23T16:12:43.130Z INFO  client] Sending sample transaction 420
[2022-07-23T16:12:43.180Z INFO  client] Sending sample transaction 421
[2022-07-23T16:12:43.230Z INFO  client] Sending sample transaction 422
[2022-07-23T16:12:43.280Z INFO  client] Sending sample transaction 423
[2022-07-23T16:12:43.356Z INFO  client] Sending sample transaction 424
[2022-07-23T16:12:43.382Z INFO  client] Sending sample transaction 425
[2022-07-23T16:12:43.434Z INFO  client] Sending sample transaction 426
[2022-07-23T16:12:43.481Z INFO  client] Sending sample transaction 427
[2022-07-23T16:12:43.532Z INFO  client] Sending sample transaction 428
[2022-07-23T16:12:43.581Z INFO  client] Sending sample transaction 429
[2022-07-23T16:12:43.629Z INFO  client] Sending sample transaction 430
[2022-07-23T16:12:43.685Z INFO  client] Sending sample transaction 431
[2022-07-23T16:12:43.729Z INFO  client] Sending sample transaction 432
[2022-07-23T16:12:43.780Z INFO  client] Sending sample transaction 433
[2022-07-23T16:12:43.835Z INFO  client] Sending sample transaction 434
[2022-07-23T16:12:43.884Z INFO  client] Sending sample transaction 435
[2022-07-23T16:12:43.930Z INFO  client] Sending sample transaction 436
[2022-07-23T16:12:43.983Z INFO  client] Sending sample transaction 437
