[2022-07-23T18:13:51.314Z INFO  client] Node address: 127.0.0.1:9011
[2022-07-23T18:13:51.314Z INFO  client] Transactions size: 512 B
[2022-07-23T18:13:51.314Z INFO  client] Transactions rate: 112 tx/s
[2022-07-23T18:13:51.314Z INFO  client] Waiting for all nodes to be online...
[2022-07-23T18:13:51.314Z INFO  client] Waiting for all nodes to be synchronized...
[2022-07-23T18:13:53.480Z INFO  client] Start sending transactions
[2022-07-23T18:13:53.616Z INFO  client] Sending sample transaction 0
[2022-07-23T18:13:53.619Z INFO  client] Sending sample transaction 1
[2022-07-23T18:13:53.647Z INFO  client] Sending sample transaction 2
[2022-07-23T18:13:53.648Z INFO  client] Sending sample transaction 3
[2022-07-23T18:13:53.716Z INFO  client] Sending sample transaction 4
[2022-07-23T18:13:53.737Z INFO  client] Sending sample transaction 5
[2022-07-23T18:13:53.789Z INFO  client] Sending sample transaction 6
[2022-07-23T18:13:53.847Z INFO  client] Sending sample transaction 7
[2022-07-23T18:13:53.902Z INFO  client] Sending sample transaction 8
[2022-07-23T18:13:54.035Z INFO  client] Sending sample transaction 9
[2022-07-23T18:13:54.036Z INFO  client] Sending sample transaction 10
[2022-07-23T18:13:54.048Z INFO  client] Sending sample transaction 11
[2022-07-23T18:13:54.083Z INFO  client] Sending sample transaction 12
[2022-07-23T18:13:54.133Z INFO  client] Sending sample transaction 13
[2022-07-23T18:13:54.192Z INFO  client] Sending sample transaction 14
[2022-07-23T18:13:54.233Z INFO  client] Sending sample transaction 15
[2022-07-23T18:13:54.284Z INFO  client] Sending sample transaction 16
[2022-07-23T18:13:54.333Z INFO  client] Sending sample transaction 17
[2022-07-23T18:13:54.383Z INFO  client] Sending sample transaction 18
[2022-07-23T18:13:54.432Z INFO  client] Sending sample transaction 19
[2022-07-23T18:13:54.482Z INFO  client] Sending sample transaction 20
[2022-07-23T18:13:54.532Z INFO  client] Sending sample transaction 21
[2022-07-23T18:13:54.581Z INFO  client] Sending sample transaction 22
[2022-07-23T18:13:54.632Z INFO  client] Sending sample transaction 23
[2022-07-23T18:13:54.682Z INFO  client] Sending sample transaction 24
[2022-07-23T18:13:54.733Z INFO  client] Sending sample transaction 25
[2022-07-23T18:13:54.782Z INFO  client] Sending sample transaction 26
[2022-07-23T18:13:54.831Z INFO  client] Sending sample transaction 27
[2022-07-23T18:13:54.883Z INFO  client] Sending sample transaction 28
[2022-07-23T18:13:54.933Z INFO  client] Sending sample transaction 29
[2022-07-23T18:13:55.006Z INFO  client] Sending sample transaction 30
[2022-07-23T18:13:55.056Z INFO  client] Sending sample transaction 31
[2022-07-23T18:13:55.094Z INFO  client] Sending sample transaction 32
[2022-07-23T18:13:55.252Z INFO  client] Sending sample transaction 33
[2022-07-23T18:13:55.252Z WARN  client] Transaction rate too high for this client
[2022-07-23T18:13:55.253Z INFO  client] Sending sample transaction 34
[2022-07-23T18:13:55.253Z INFO  client] Sending sample transaction 35
[2022-07-23T18:13:55.330Z INFO  client] Sending sample transaction 36
[2022-07-23T18:13:55.346Z INFO  client] Sending sample transaction 37
[2022-07-23T18:13:55.458Z INFO  client] Sending sample transaction 38
[2022-07-23T18:13:55.505Z INFO  client] Sending sample transaction 39
[2022-07-23T18:13:55.505Z INFO  client] Sending sample transaction 40
[2022-07-23T18:13:55.551Z INFO  client] Sending sample transaction 41
[2022-07-23T18:13:55.584Z INFO  client] Sending sample transaction 42
[2022-07-23T18:13:55.632Z INFO  client] Sending sample transaction 43
[2022-07-23T18:13:55.683Z INFO  client] Sending sample transaction 44
[2022-07-23T18:13:55.732Z INFO  client] Sending sample transaction 45
[2022-07-23T18:13:55.781Z INFO  client] Sending sample transaction 46
[2022-07-23T18:13:55.832Z INFO  client] Sending sample transaction 47
[2022-07-23T18:13:55.882Z INFO  client] Sending sample transaction 48
[2022-07-23T18:13:55.932Z INFO  client] Sending sample transaction 49
[2022-07-23T18:13:55.982Z INFO  client] Sending sample transaction 50
[2022-07-23T18:13:56.032Z INFO  client] Sending sample transaction 51
[2022-07-23T18:13:56.083Z INFO  client] Sending sample transaction 52
[2022-07-23T18:13:56.131Z INFO  client] Sending sample transaction 53
[2022-07-23T18:13:56.182Z INFO  client] Sending sample transaction 54
[2022-07-23T18:13:56.231Z INFO  client] Sending sample transaction 55
[2022-07-23T18:13:56.282Z INFO  client] Sending sample transaction 56
[2022-07-23T18:13:56.332Z INFO  client] Sending sample transaction 57
[2022-07-23T18:13:56.382Z INFO  client] Sending sample transaction 58
[2022-07-23T18:13:56.431Z INFO  client] Sending sample transaction 59
[2022-07-23T18:13:56.486Z INFO  client] Sending sample transaction 60
[2022-07-23T18:13:56.560Z INFO  client] Sending sample transaction 61
[2022-07-23T18:13:56.656Z INFO  client] Sending sample transaction 62
[2022-07-23T18:13:56.741Z INFO  client] Sending sample transaction 63
[2022-07-23T18:13:56.751Z INFO  client] Sending sample transaction 64
[2022-07-23T18:13:56.752Z INFO  client] Sending sample transaction 65
[2022-07-23T18:13:56.783Z INFO  client] Sending sample transaction 66
[2022-07-23T18:13:56.832Z INFO  client] Sending sample transaction 67
[2022-07-23T18:13:56.882Z INFO  client] Sending sample transaction 68
[2022-07-23T18:13:56.931Z INFO  client] Sending sample transaction 69
[2022-07-23T18:13:56.981Z INFO  client] Sending sample transaction 70
[2022-07-23T18:13:57.031Z INFO  client] Sending sample transaction 71
[2022-07-23T18:13:57.081Z INFO  client] Sending sample transaction 72
[2022-07-23T18:13:57.131Z INFO  client] Sending sample transaction 73
[2022-07-23T18:13:57.181Z INFO  client] Sending sample transaction 74
[2022-07-23T18:13:57.231Z INFO  client] Sending sample transaction 75
[2022-07-23T18:13:57.281Z INFO  client] Sending sample transaction 76
[2022-07-23T18:13:57.332Z INFO  client] Sending sample transaction 77
[2022-07-23T18:13:57.381Z INFO  client] Sending sample transaction 78
[2022-07-23T18:13:57.432Z INFO  client] Sending sample transaction 79
[2022-07-23T18:13:57.481Z INFO  client] Sending sample transaction 80
[2022-07-23T18:13:57.531Z INFO  client] Sending sample transaction 81
[2022-07-23T18:13:57.582Z INFO  client] Sending sample transaction 82
[2022-07-23T18:13:57.640Z INFO  client] Sending sample transaction 83
[2022-07-23T18:13:57.683Z INFO  client] Sending sample transaction 84
[2022-07-23T18:13:57.731Z INFO  client] Sending sample transaction 85
[2022-07-23T18:13:57.781Z INFO  client] Sending sample transaction 86
[2022-07-23T18:13:57.832Z INFO  client] Sending sample transaction 87
[2022-07-23T18:13:57.882Z INFO  client] Sending sample transaction 88
[2022-07-23T18:13:57.932Z INFO  client] Sending sample transaction 89
[2022-07-23T18:13:57.981Z INFO  client] Sending sample transaction 90
[2022-07-23T18:13:58.032Z INFO  client] Sending sample transaction 91
[2022-07-23T18:13:58.082Z INFO  client] Sending sample transaction 92
[2022-07-23T18:13:58.133Z INFO  client] Sending sample transaction 93
[2022-07-23T18:13:58.182Z INFO  client] Sending sample transaction 94
[2022-07-23T18:13:58.231Z INFO  client] Sending sample transaction 95
[2022-07-23T18:13:58.281Z INFO  client] Sending sample transaction 96
[2022-07-23T18:13:58.332Z INFO  client] Sending sample transaction 97
[2022-07-23T18:13:58.382Z INFO  client] Sending sample transaction 98
[2022-07-23T18:13:58.432Z INFO  client] Sending sample transaction 99
[2022-07-23T18:13:58.481Z INFO  client] Sending sample transaction 100
[2022-07-23T18:13:58.531Z INFO  client] Sending sample transaction 101
[2022-07-23T18:13:58.582Z INFO  client] Sending sample transaction 102
[2022-07-23T18:13:58.633Z INFO  client] Sending sample transaction 103
[2022-07-23T18:13:58.682Z INFO  client] Sending sample transaction 104
[2022-07-23T18:13:58.731Z INFO  client] Sending sample transaction 105
[2022-07-23T18:13:58.782Z INFO  client] Sending sample transaction 106
[2022-07-23T18:13:58.831Z INFO  client] Sending sample transaction 107
[2022-07-23T18:13:58.882Z INFO  client] Sending sample transaction 108
[2022-07-23T18:13:58.931Z INFO  client] Sending sample transaction 109
[2022-07-23T18:13:58.984Z INFO  client] Sending sample transaction 110
[2022-07-23T18:13:59.065Z INFO  client] Sending sample transaction 111
[2022-07-23T18:13:59.116Z INFO  client] Sending sample transaction 112
[2022-07-23T18:13:59.146Z INFO  client] Sending sample transaction 113
[2022-07-23T18:13:59.182Z INFO  client] Sending sample transaction 114
[2022-07-23T18:13:59.232Z INFO  client] Sending sample transaction 115
[2022-07-23T18:13:59.281Z INFO  client] Sending sample transaction 116
[2022-07-23T18:13:59.332Z INFO  client] Sending sample transaction 117
[2022-07-23T18:13:59.381Z INFO  client] Sending sample transaction 118
[2022-07-23T18:13:59.432Z INFO  client] Sending sample transaction 119
[2022-07-23T18:13:59.481Z INFO  client] Sending sample transaction 120
[2022-07-23T18:13:59.531Z INFO  client] Sending sample transaction 121
[2022-07-23T18:13:59.581Z INFO  client] Sending sample transaction 122
[2022-07-23T18:13:59.632Z INFO  client] Sending sample transaction 123
[2022-07-23T18:13:59.682Z INFO  client] Sending sample transaction 124
[2022-07-23T18:13:59.733Z INFO  client] Sending sample transaction 125
[2022-07-23T18:13:59.782Z INFO  client] Sending sample transaction 126
[2022-07-23T18:13:59.832Z INFO  client] Sending sample transaction 127
[2022-07-23T18:13:59.881Z INFO  client] Sending sample transaction 128
[2022-07-23T18:13:59.975Z INFO  client] Sending sample transaction 129
[2022-07-23T18:13:59.999Z INFO  client] Sending sample transaction 130
[2022-07-23T18:14:00.049Z INFO  client] Sending sample transaction 131
[2022-07-23T18:14:00.152Z INFO  client] Sending sample transaction 132
[2022-07-23T18:14:00.152Z INFO  client] Sending sample transaction 133
[2022-07-23T18:14:00.181Z INFO  client] Sending sample transaction 134
[2022-07-23T18:14:00.248Z INFO  client] Sending sample transaction 135
[2022-07-23T18:14:00.282Z INFO  client] Sending sample transaction 136
[2022-07-23T18:14:00.332Z INFO  client] Sending sample transaction 137
[2022-07-23T18:14:00.382Z INFO  client] Sending sample transaction 138
[2022-07-23T18:14:00.432Z INFO  client] Sending sample transaction 139
[2022-07-23T18:14:00.481Z INFO  client] Sending sample transaction 140
[2022-07-23T18:14:00.532Z INFO  client] Sending sample transaction 141
[2022-07-23T18:14:00.581Z INFO  client] Sending sample transaction 142
[2022-07-23T18:14:00.632Z INFO  client] Sending sample transaction 143
[2022-07-23T18:14:00.682Z INFO  client] Sending sample transaction 144
[2022-07-23T18:14:00.732Z INFO  client] Sending sample transaction 145
[2022-07-23T18:14:00.782Z INFO  client] Sending sample transaction 146
[2022-07-23T18:14:00.832Z INFO  client] Sending sample transaction 147
[2022-07-23T18:14:00.882Z INFO  client] Sending sample transaction 148
[2022-07-23T18:14:00.932Z INFO  client] Sending sample transaction 149
[2022-07-23T18:14:00.981Z INFO  client] Sending sample transaction 150
[2022-07-23T18:14:01.032Z INFO  client] Sending sample transaction 151
[2022-07-23T18:14:01.081Z INFO  client] Sending sample transaction 152
[2022-07-23T18:14:01.142Z INFO  client] Sending sample transaction 153
[2022-07-23T18:14:01.231Z INFO  client] Sending sample transaction 154
[2022-07-23T18:14:01.271Z INFO  client] Sending sample transaction 155
[2022-07-23T18:14:01.298Z INFO  client] Sending sample transaction 156
[2022-07-23T18:14:01.335Z INFO  client] Sending sample transaction 157
[2022-07-23T18:14:01.382Z INFO  client] Sending sample transaction 158
[2022-07-23T18:14:01.431Z INFO  client] Sending sample transaction 159
[2022-07-23T18:14:01.481Z INFO  client] Sending sample transaction 160
[2022-07-23T18:14:01.532Z INFO  client] Sending sample transaction 161
[2022-07-23T18:14:01.582Z INFO  client] Sending sample transaction 162
[2022-07-23T18:14:01.631Z INFO  client] Sending sample transaction 163
[2022-07-23T18:14:01.682Z INFO  client] Sending sample transaction 164
[2022-07-23T18:14:01.731Z INFO  client] Sending sample transaction 165
[2022-07-23T18:14:01.781Z INFO  client] Sending sample transaction 166
[2022-07-23T18:14:01.841Z INFO  client] Sending sample transaction 167
[2022-07-23T18:14:01.887Z INFO  client] Sending sample transaction 168
[2022-07-23T18:14:01.931Z INFO  client] Sending sample transaction 169
[2022-07-23T18:14:01.981Z INFO  client] Sending sample transaction 170
[2022-07-23T18:14:02.031Z INFO  client] Sending sample transaction 171
[2022-07-23T18:14:02.082Z INFO  client] Sending sample transaction 172
[2022-07-23T18:14:02.131Z INFO  client] Sending sample transaction 173
[2022-07-23T18:14:02.182Z INFO  client] Sending sample transaction 174
[2022-07-23T18:14:02.232Z INFO  client] Sending sample transaction 175
[2022-07-23T18:14:02.281Z INFO  client] Sending sample transaction 176
[2022-07-23T18:14:02.331Z INFO  client] Sending sample transaction 177
[2022-07-23T18:14:02.381Z INFO  client] Sending sample transaction 178
[2022-07-23T18:14:02.432Z INFO  client] Sending sample transaction 179
[2022-07-23T18:14:02.482Z INFO  client] Sending sample transaction 180
[2022-07-23T18:14:02.532Z INFO  client] Sending sample transaction 181
[2022-07-23T18:14:02.581Z INFO  client] Sending sample transaction 182
[2022-07-23T18:14:02.632Z INFO  client] Sending sample transaction 183
[2022-07-23T18:14:02.685Z INFO  client] Sending sample transaction 184
[2022-07-23T18:14:02.731Z INFO  client] Sending sample transaction 185
[2022-07-23T18:14:02.783Z INFO  client] Sending sample transaction 186
[2022-07-23T18:14:02.831Z INFO  client] Sending sample transaction 187
[2022-07-23T18:14:02.882Z INFO  client] Sending sample transaction 188
[2022-07-23T18:14:02.931Z INFO  client] Sending sample transaction 189
[2022-07-23T18:14:02.981Z INFO  client] Sending sample transaction 190
[2022-07-23T18:14:03.032Z INFO  client] Sending sample transaction 191
[2022-07-23T18:14:03.122Z INFO  client] Sending sample transaction 192
[2022-07-23T18:14:03.145Z INFO  client] Sending sample transaction 193
[2022-07-23T18:14:03.209Z INFO  client] Sending sample transaction 194
[2022-07-23T18:14:03.232Z INFO  client] Sending sample transaction 195
[2022-07-23T18:14:03.281Z INFO  client] Sending sample transaction 196
[2022-07-23T18:14:03.333Z INFO  client] Sending sample transaction 197
[2022-07-23T18:14:03.381Z INFO  client] Sending sample transaction 198
[2022-07-23T18:14:03.431Z INFO  client] Sending sample transaction 199
[2022-07-23T18:14:03.481Z INFO  client] Sending sample transaction 200
[2022-07-23T18:14:03.531Z INFO  client] Sending sample transaction 201
[2022-07-23T18:14:03.581Z INFO  client] Sending sample transaction 202
[2022-07-23T18:14:03.632Z INFO  client] Sending sample transaction 203
[2022-07-23T18:14:03.682Z INFO  client] Sending sample transaction 204
[2022-07-23T18:14:03.732Z INFO  client] Sending sample transaction 205
[2022-07-23T18:14:03.781Z INFO  client] Sending sample transaction 206
[2022-07-23T18:14:03.832Z INFO  client] Sending sample transaction 207
[2022-07-23T18:14:03.881Z INFO  client] Sending sample transaction 208
[2022-07-23T18:14:03.931Z INFO  client] Sending sample transaction 209
[2022-07-23T18:14:03.982Z INFO  client] Sending sample transaction 210
[2022-07-23T18:14:04.032Z INFO  client] Sending sample transaction 211
[2022-07-23T18:14:04.082Z INFO  client] Sending sample transaction 212
[2022-07-23T18:14:04.131Z INFO  client] Sending sample transaction 213
[2022-07-23T18:14:04.182Z INFO  client] Sending sample transaction 214
[2022-07-23T18:14:04.232Z INFO  client] Sending sample transaction 215
[2022-07-23T18:14:04.281Z INFO  client] Sending sample transaction 216
[2022-07-23T18:14:04.331Z INFO  client] Sending sample transaction 217
[2022-07-23T18:14:04.414Z INFO  client] Sending sample transaction 218
[2022-07-23T18:14:04.453Z INFO  client] Sending sample transaction 219
[2022-07-23T18:14:04.482Z INFO  client] Sending sample transaction 220
[2022-07-23T18:14:04.533Z INFO  client] Sending sample transaction 221
[2022-07-23T18:14:04.581Z INFO  client] Sending sample transaction 222
[2022-07-23T18:14:04.633Z INFO  client] Sending sample transaction 223
[2022-07-23T18:14:04.683Z INFO  client] Sending sample transaction 224
[2022-07-23T18:14:04.731Z INFO  client] Sending sample transaction 225
[2022-07-23T18:14:04.781Z INFO  client] Sending sample transaction 226
[2022-07-23T18:14:04.831Z INFO  client] Sending sample transaction 227
[2022-07-23T18:14:04.882Z INFO  client] Sending sample transaction 228
[2022-07-23T18:14:04.931Z INFO  client] Sending sample transaction 229
[2022-07-23T18:14:04.981Z INFO  client] Sending sample transaction 230
[2022-07-23T18:14:05.032Z INFO  client] Sending sample transaction 231
[2022-07-23T18:14:05.082Z INFO  client] Sending sample transaction 232
[2022-07-23T18:14:05.131Z INFO  client] Sending sample transaction 233
[2022-07-23T18:14:05.182Z INFO  client] Sending sample transaction 234
[2022-07-23T18:14:05.231Z INFO  client] Sending sample transaction 235
[2022-07-23T18:14:05.282Z INFO  client] Sending sample transaction 236
[2022-07-23T18:14:05.331Z INFO  client] Sending sample transaction 237
[2022-07-23T18:14:05.382Z INFO  client] Sending sample transaction 238
[2022-07-23T18:14:05.448Z INFO  client] Sending sample transaction 239
[2022-07-23T18:14:05.492Z INFO  client] Sending sample transaction 240
[2022-07-23T18:14:05.551Z INFO  client] Sending sample transaction 241
[2022-07-23T18:14:05.583Z INFO  client] Sending sample transaction 242
[2022-07-23T18:14:05.632Z INFO  client] Sending sample transaction 243
[2022-07-23T18:14:05.681Z INFO  client] Sending sample transaction 244
[2022-07-23T18:14:05.734Z INFO  client] Sending sample transaction 245
[2022-07-23T18:14:05.782Z INFO  client] Sending sample transaction 246
[2022-07-23T18:14:05.831Z INFO  client] Sending sample transaction 247
[2022-07-23T18:14:05.881Z INFO  client] Sending sample transaction 248
[2022-07-23T18:14:05.932Z INFO  client] Sending sample transaction 249
[2022-07-23T18:14:05.981Z INFO  client] Sending sample transaction 250
[2022-07-23T18:14:06.044Z INFO  client] Sending sample transaction 251
[2022-07-23T18:14:06.081Z INFO  client] Sending sample transaction 252
[2022-07-23T18:14:06.131Z INFO  client] Sending sample transaction 253
[2022-07-23T18:14:06.181Z INFO  client] Sending sample transaction 254
[2022-07-23T18:14:06.232Z INFO  client] Sending sample transaction 255
[2022-07-23T18:14:06.281Z INFO  client] Sending sample transaction 256
[2022-07-23T18:14:06.331Z INFO  client] Sending sample transaction 257
[2022-07-23T18:14:06.382Z INFO  client] Sending sample transaction 258
[2022-07-23T18:14:06.435Z INFO  client] Sending sample transaction 259
[2022-07-23T18:14:06.481Z INFO  client] Sending sample transaction 260
[2022-07-23T18:14:06.532Z INFO  client] Sending sample transaction 261
[2022-07-23T18:14:06.582Z INFO  client] Sending sample transaction 262
[2022-07-23T18:14:06.632Z INFO  client] Sending sample transaction 263
[2022-07-23T18:14:06.682Z INFO  client] Sending sample transaction 264
[2022-07-23T18:14:06.731Z INFO  client] Sending sample transaction 265
[2022-07-23T18:14:06.815Z INFO  client] Sending sample transaction 266
[2022-07-23T18:14:06.832Z INFO  client] Sending sample transaction 267
[2022-07-23T18:14:06.896Z INFO  client] Sending sample transaction 268
[2022-07-23T18:14:06.950Z INFO  client] Sending sample transaction 269
[2022-07-23T18:14:06.982Z INFO  client] Sending sample transaction 270
[2022-07-23T18:14:07.031Z INFO  client] Sending sample transaction 271
[2022-07-23T18:14:07.100Z INFO  client] Sending sample transaction 272
[2022-07-23T18:14:07.132Z INFO  client] Sending sample transaction 273
[2022-07-23T18:14:07.182Z INFO  client] Sending sample transaction 274
[2022-07-23T18:14:07.231Z INFO  client] Sending sample transaction 275
[2022-07-23T18:14:07.282Z INFO  client] Sending sample transaction 276
[2022-07-23T18:14:07.331Z INFO  client] Sending sample transaction 277
[2022-07-23T18:14:07.382Z INFO  client] Sending sample transaction 278
[2022-07-23T18:14:07.431Z INFO  client] Sending sample transaction 279
[2022-07-23T18:14:07.481Z INFO  client] Sending sample transaction 280
[2022-07-23T18:14:07.531Z INFO  client] Sending sample transaction 281
[2022-07-23T18:14:07.582Z INFO  client] Sending sample transaction 282
[2022-07-23T18:14:07.631Z INFO  client] Sending sample transaction 283
[2022-07-23T18:14:07.681Z INFO  client] Sending sample transaction 284
[2022-07-23T18:14:07.731Z INFO  client] Sending sample transaction 285
[2022-07-23T18:14:07.782Z INFO  client] Sending sample transaction 286
[2022-07-23T18:14:07.831Z INFO  client] Sending sample transaction 287
[2022-07-23T18:14:07.882Z INFO  client] Sending sample transaction 288
[2022-07-23T18:14:07.931Z INFO  client] Sending sample transaction 289
[2022-07-23T18:14:07.981Z INFO  client] Sending sample transaction 290
[2022-07-23T18:14:08.031Z INFO  client] Sending sample transaction 291
[2022-07-23T18:14:08.082Z INFO  client] Sending sample transaction 292
[2022-07-23T18:14:08.133Z INFO  client] Sending sample transaction 293
[2022-07-23T18:14:08.185Z INFO  client] Sending sample transaction 294
[2022-07-23T18:14:08.232Z INFO  client] Sending sample transaction 295
[2022-07-23T18:14:08.281Z INFO  client] Sending sample transaction 296
[2022-07-23T18:14:08.332Z INFO  client] Sending sample transaction 297
[2022-07-23T18:14:08.381Z INFO  client] Sending sample transaction 298
[2022-07-23T18:14:08.431Z INFO  client] Sending sample transaction 299
[2022-07-23T18:14:08.481Z INFO  client] Sending sample transaction 300
[2022-07-23T18:14:08.531Z INFO  client] Sending sample transaction 301
[2022-07-23T18:14:08.582Z INFO  client] Sending sample transaction 302
[2022-07-23T18:14:08.631Z INFO  client] Sending sample transaction 303
[2022-07-23T18:14:08.681Z INFO  client] Sending sample transaction 304
[2022-07-23T18:14:08.731Z INFO  client] Sending sample transaction 305
[2022-07-23T18:14:08.781Z INFO  client] Sending sample transaction 306
[2022-07-23T18:14:08.846Z INFO  client] Sending sample transaction 307
[2022-07-23T18:14:08.886Z INFO  client] Sending sample transaction 308
[2022-07-23T18:14:08.947Z INFO  client] Sending sample transaction 309
[2022-07-23T18:14:08.991Z INFO  client] Sending sample transaction 310
[2022-07-23T18:14:09.031Z INFO  client] Sending sample transaction 311
[2022-07-23T18:14:09.081Z INFO  client] Sending sample transaction 312
[2022-07-23T18:14:09.133Z INFO  client] Sending sample transaction 313
[2022-07-23T18:14:09.181Z INFO  client] Sending sample transaction 314
[2022-07-23T18:14:09.231Z INFO  client] Sending sample transaction 315
[2022-07-23T18:14:09.281Z INFO  client] Sending sample transaction 316
[2022-07-23T18:14:09.332Z INFO  client] Sending sample transaction 317
[2022-07-23T18:14:09.382Z INFO  client] Sending sample transaction 318
[2022-07-23T18:14:09.432Z INFO  client] Sending sample transaction 319
[2022-07-23T18:14:09.481Z INFO  client] Sending sample transaction 320
[2022-07-23T18:14:09.532Z INFO  client] Sending sample transaction 321
[2022-07-23T18:14:09.581Z INFO  client] Sending sample transaction 322
[2022-07-23T18:14:09.632Z INFO  client] Sending sample transaction 323
[2022-07-23T18:14:09.681Z INFO  client] Sending sample transaction 324
[2022-07-23T18:14:09.731Z INFO  client] Sending sample transaction 325
[2022-07-23T18:14:09.781Z INFO  client] Sending sample transaction 326
[2022-07-23T18:14:09.850Z INFO  client] Sending sample transaction 327
[2022-07-23T18:14:09.889Z INFO  client] Sending sample transaction 328
[2022-07-23T18:14:09.970Z INFO  client] Sending sample transaction 329
[2022-07-23T18:14:09.981Z INFO  client] Sending sample transaction 330
[2022-07-23T18:14:10.031Z INFO  client] Sending sample transaction 331
[2022-07-23T18:14:10.081Z INFO  client] Sending sample transaction 332
[2022-07-23T18:14:10.132Z INFO  client] Sending sample transaction 333
[2022-07-23T18:14:10.182Z INFO  client] Sending sample transaction 334
[2022-07-23T18:14:10.233Z INFO  client] Sending sample transaction 335
[2022-07-23T18:14:10.283Z INFO  client] Sending sample transaction 336
[2022-07-23T18:14:10.332Z INFO  client] Sending sample transaction 337
[2022-07-23T18:14:10.382Z INFO  client] Sending sample transaction 338
[2022-07-23T18:14:10.431Z INFO  client] Sending sample transaction 339
[2022-07-23T18:14:10.482Z INFO  client] Sending sample transaction 340
[2022-07-23T18:14:10.532Z INFO  client] Sending sample transaction 341
[2022-07-23T18:14:10.583Z INFO  client] Sending sample transaction 342
[2022-07-23T18:14:10.631Z INFO  client] Sending sample transaction 343
[2022-07-23T18:14:10.681Z INFO  client] Sending sample transaction 344
[2022-07-23T18:14:10.732Z INFO  client] Sending sample transaction 345
[2022-07-23T18:14:10.781Z INFO  client] Sending sample transaction 346
[2022-07-23T18:14:10.844Z INFO  client] Sending sample transaction 347
[2022-07-23T18:14:10.910Z INFO  client] Sending sample transaction 348
[2022-07-23T18:14:10.952Z INFO  client] Sending sample transaction 349
[2022-07-23T18:14:10.982Z INFO  client] Sending sample transaction 350
[2022-07-23T18:14:11.032Z INFO  client] Sending sample transaction 351
[2022-07-23T18:14:11.081Z INFO  client] Sending sample transaction 352
[2022-07-23T18:14:11.132Z INFO  client] Sending sample transaction 353
[2022-07-23T18:14:11.183Z INFO  client] Sending sample transaction 354
[2022-07-23T18:14:11.231Z INFO  client] Sending sample transaction 355
[2022-07-23T18:14:11.281Z INFO  client] Sending sample transaction 356
[2022-07-23T18:14:11.332Z INFO  client] Sending sample transaction 357
[2022-07-23T18:14:11.382Z INFO  client] Sending sample transaction 358
[2022-07-23T18:14:11.431Z INFO  client] Sending sample transaction 359
[2022-07-23T18:14:11.481Z INFO  client] Sending sample transaction 360
[2022-07-23T18:14:11.531Z INFO  client] Sending sample transaction 361
[2022-07-23T18:14:11.582Z INFO  client] Sending sample transaction 362
[2022-07-23T18:14:11.632Z INFO  client] Sending sample transaction 363
[2022-07-23T18:14:11.682Z INFO  client] Sending sample transaction 364
[2022-07-23T18:14:11.732Z INFO  client] Sending sample transaction 365
[2022-07-23T18:14:11.782Z INFO  client] Sending sample transaction 366
[2022-07-23T18:14:11.831Z INFO  client] Sending sample transaction 367
[2022-07-23T18:14:11.882Z INFO  client] Sending sample transaction 368
[2022-07-23T18:14:11.932Z INFO  client] Sending sample transaction 369
[2022-07-23T18:14:11.982Z INFO  client] Sending sample transaction 370
[2022-07-23T18:14:12.032Z INFO  client] Sending sample transaction 371
[2022-07-23T18:14:12.081Z INFO  client] Sending sample transaction 372
[2022-07-23T18:14:12.132Z INFO  client] Sending sample transaction 373
[2022-07-23T18:14:12.182Z INFO  client] Sending sample transaction 374
[2022-07-23T18:14:12.231Z INFO  client] Sending sample transaction 375
[2022-07-23T18:14:12.282Z INFO  client] Sending sample transaction 376
[2022-07-23T18:14:12.337Z INFO  client] Sending sample transaction 377
[2022-07-23T18:14:12.382Z INFO  client] Sending sample transaction 378
[2022-07-23T18:14:12.431Z INFO  client] Sending sample transaction 379
[2022-07-23T18:14:12.482Z INFO  client] Sending sample transaction 380
[2022-07-23T18:14:12.531Z INFO  client] Sending sample transaction 381
[2022-07-23T18:14:12.582Z INFO  client] Sending sample transaction 382
[2022-07-23T18:14:12.632Z INFO  client] Sending sample transaction 383
[2022-07-23T18:14:12.681Z INFO  client] Sending sample transaction 384
[2022-07-23T18:14:12.731Z INFO  client] Sending sample transaction 385
[2022-07-23T18:14:12.796Z INFO  client] Sending sample transaction 386
[2022-07-23T18:14:12.844Z INFO  client] Sending sample transaction 387
[2022-07-23T18:14:12.907Z INFO  client] Sending sample transaction 388
[2022-07-23T18:14:12.932Z INFO  client] Sending sample transaction 389
[2022-07-23T18:14:12.982Z INFO  client] Sending sample transaction 390
[2022-07-23T18:14:13.032Z INFO  client] Sending sample transaction 391
[2022-07-23T18:14:13.082Z INFO  client] Sending sample transaction 392
[2022-07-23T18:14:13.131Z INFO  client] Sending sample transaction 393
[2022-07-23T18:14:13.182Z INFO  client] Sending sample transaction 394
[2022-07-23T18:14:13.231Z INFO  client] Sending sample transaction 395
[2022-07-23T18:14:13.282Z INFO  client] Sending sample transaction 396
[2022-07-23T18:14:13.331Z INFO  client] Sending sample transaction 397
[2022-07-23T18:14:13.388Z INFO  client] Sending sample transaction 398
[2022-07-23T18:14:13.432Z INFO  client] Sending sample transaction 399
[2022-07-23T18:14:13.481Z INFO  client] Sending sample transaction 400
[2022-07-23T18:14:13.531Z INFO  client] Sending sample transaction 401
[2022-07-23T18:14:13.582Z INFO  client] Sending sample transaction 402
[2022-07-23T18:14:13.631Z INFO  client] Sending sample transaction 403
[2022-07-23T18:14:13.681Z INFO  client] Sending sample transaction 404
[2022-07-23T18:14:13.732Z INFO  client] Sending sample transaction 405
[2022-07-23T18:14:13.781Z INFO  client] Sending sample transaction 406
[2022-07-23T18:14:13.832Z INFO  client] Sending sample transaction 407
[2022-07-23T18:14:13.881Z INFO  client] Sending sample transaction 408
[2022-07-23T18:14:13.931Z INFO  client] Sending sample transaction 409
[2022-07-23T18:14:13.982Z INFO  client] Sending sample transaction 410
[2022-07-23T18:14:14.031Z INFO  client] Sending sample transaction 411
[2022-07-23T18:14:14.082Z INFO  client] Sending sample transaction 412
[2022-07-23T18:14:14.131Z INFO  client] Sending sample transaction 413
[2022-07-23T18:14:14.183Z INFO  client] Sending sample transaction 414
[2022-07-23T18:14:14.232Z INFO  client] Sending sample transaction 415
[2022-07-23T18:14:14.282Z INFO  client] Sending sample transaction 416
[2022-07-23T18:14:14.331Z INFO  client] Sending sample transaction 417
[2022-07-23T18:14:14.382Z INFO  client] Sending sample transaction 418
[2022-07-23T18:14:14.440Z INFO  client] Sending sample transaction 419
[2022-07-23T18:14:14.525Z INFO  client] Sending sample transaction 420
[2022-07-23T18:14:14.613Z INFO  client] Sending sample transaction 421
[2022-07-23T18:14:14.654Z INFO  client] Sending sample transaction 422
[2022-07-23T18:14:14.655Z INFO  client] Sending sample transaction 423
[2022-07-23T18:14:14.682Z INFO  client] Sending sample transaction 424
[2022-07-23T18:14:14.731Z INFO  client] Sending sample transaction 425
[2022-07-23T18:14:14.781Z INFO  client] Sending sample transaction 426
[2022-07-23T18:14:14.834Z INFO  client] Sending sample transaction 427
[2022-07-23T18:14:14.882Z INFO  client] Sending sample transaction 428
[2022-07-23T18:14:14.933Z INFO  client] Sending sample transaction 429
[2022-07-23T18:14:14.982Z INFO  client] Sending sample transaction 430
[2022-07-23T18:14:15.034Z INFO  client] Sending sample transaction 431
[2022-07-23T18:14:15.095Z INFO  client] Sending sample transaction 432
[2022-07-23T18:14:15.132Z INFO  client] Sending sample transaction 433
[2022-07-23T18:14:15.182Z INFO  client] Sending sample transaction 434
[2022-07-23T18:14:15.232Z INFO  client] Sending sample transaction 435
[2022-07-23T18:14:15.282Z INFO  client] Sending sample transaction 436
[2022-07-23T18:14:15.334Z INFO  client] Sending sample transaction 437
[2022-07-23T18:14:15.385Z INFO  client] Sending sample transaction 438
[2022-07-23T18:14:15.434Z INFO  client] Sending sample transaction 439
