[2022-07-23T11:03:39.655Z INFO  client] Node address: 127.0.0.1:9015
[2022-07-23T11:03:39.655Z INFO  client] Transactions size: 512 B
[2022-07-23T11:03:39.655Z INFO  client] Transactions rate: 112 tx/s
[2022-07-23T11:03:39.656Z INFO  client] Waiting for all nodes to be online...
[2022-07-23T11:03:39.656Z INFO  client] Waiting for all nodes to be synchronized...
[2022-07-23T11:03:41.659Z INFO  client] Start sending transactions
[2022-07-23T11:03:41.661Z INFO  client] Sending sample transaction 0
[2022-07-23T11:03:41.712Z INFO  client] Sending sample transaction 1
[2022-07-23T11:03:41.762Z INFO  client] Sending sample transaction 2
[2022-07-23T11:03:41.812Z INFO  client] Sending sample transaction 3
[2022-07-23T11:03:41.862Z INFO  client] Sending sample transaction 4
[2022-07-23T11:03:41.911Z INFO  client] Sending sample transaction 5
[2022-07-23T11:03:41.962Z INFO  client] Sending sample transaction 6
[2022-07-23T11:03:42.016Z INFO  client] Sending sample transaction 7
[2022-07-23T11:03:42.062Z INFO  client] Sending sample transaction 8
[2022-07-23T11:03:42.113Z INFO  client] Sending sample transaction 9
[2022-07-23T11:03:42.165Z INFO  client] Sending sample transaction 10
[2022-07-23T11:03:42.211Z INFO  client] Sending sample transaction 11
[2022-07-23T11:03:42.262Z INFO  client] Sending sample transaction 12
[2022-07-23T11:03:42.320Z INFO  client] Sending sample transaction 13
[2022-07-23T11:03:42.473Z INFO  client] Sending sample transaction 14
[2022-07-23T11:03:42.499Z WARN  client] Transaction rate too high for this client
[2022-07-23T11:03:42.499Z INFO  client] Sending sample transaction 15
[2022-07-23T11:03:42.567Z INFO  client] Sending sample transaction 16
[2022-07-23T11:03:42.644Z WARN  client] Transaction rate too high for this client
[2022-07-23T11:03:42.672Z INFO  client] Sending sample transaction 17
[2022-07-23T11:03:42.705Z INFO  client] Sending sample transaction 18
[2022-07-23T11:03:42.707Z INFO  client] Sending sample transaction 19
[2022-07-23T11:03:42.707Z INFO  client] Sending sample transaction 20
[2022-07-23T11:03:42.732Z INFO  client] Sending sample transaction 21
[2022-07-23T11:03:42.765Z INFO  client] Sending sample transaction 22
[2022-07-23T11:03:42.816Z INFO  client] Sending sample transaction 23
[2022-07-23T11:03:42.861Z INFO  client] Sending sample transaction 24
[2022-07-23T11:03:42.911Z INFO  client] Sending sample transaction 25
[2022-07-23T11:03:42.961Z INFO  client] Sending sample transaction 26
[2022-07-23T11:03:43.012Z INFO  client] Sending sample transaction 27
[2022-07-23T11:03:43.065Z INFO  client] Sending sample transaction 28
[2022-07-23T11:03:43.111Z INFO  client] Sending sample transaction 29
[2022-07-23T11:03:43.161Z INFO  client] Sending sample transaction 30
[2022-07-23T11:03:43.211Z INFO  client] Sending sample transaction 31
[2022-07-23T11:03:43.263Z INFO  client] Sending sample transaction 32
[2022-07-23T11:03:43.312Z INFO  client] Sending sample transaction 33
[2022-07-23T11:03:43.361Z INFO  client] Sending sample transaction 34
[2022-07-23T11:03:43.411Z INFO  client] Sending sample transaction 35
[2022-07-23T11:03:43.461Z INFO  client] Sending sample transaction 36
[2022-07-23T11:03:43.511Z INFO  client] Sending sample transaction 37
[2022-07-23T11:03:43.562Z INFO  client] Sending sample transaction 38
[2022-07-23T11:03:43.610Z INFO  client] Sending sample transaction 39
[2022-07-23T11:03:43.661Z INFO  client] Sending sample transaction 40
[2022-07-23T11:03:43.711Z INFO  client] Sending sample transaction 41
[2022-07-23T11:03:43.762Z INFO  client] Sending sample transaction 42
[2022-07-23T11:03:43.812Z INFO  client] Sending sample transaction 43
[2022-07-23T11:03:43.861Z INFO  client] Sending sample transaction 44
[2022-07-23T11:03:43.910Z INFO  client] Sending sample transaction 45
[2022-07-23T11:03:43.961Z INFO  client] Sending sample transaction 46
[2022-07-23T11:03:44.011Z INFO  client] Sending sample transaction 47
[2022-07-23T11:03:44.061Z INFO  client] Sending sample transaction 48
[2022-07-23T11:03:44.111Z INFO  client] Sending sample transaction 49
[2022-07-23T11:03:44.160Z INFO  client] Sending sample transaction 50
[2022-07-23T11:03:44.212Z INFO  client] Sending sample transaction 51
[2022-07-23T11:03:44.261Z INFO  client] Sending sample transaction 52
[2022-07-23T11:03:44.311Z INFO  client] Sending sample transaction 53
[2022-07-23T11:03:44.361Z INFO  client] Sending sample transaction 54
[2022-07-23T11:03:44.412Z INFO  client] Sending sample transaction 55
[2022-07-23T11:03:44.463Z INFO  client] Sending sample transaction 56
[2022-07-23T11:03:44.512Z INFO  client] Sending sample transaction 57
[2022-07-23T11:03:44.562Z INFO  client] Sending sample transaction 58
[2022-07-23T11:03:44.611Z INFO  client] Sending sample transaction 59
[2022-07-23T11:03:44.662Z INFO  client] Sending sample transaction 60
[2022-07-23T11:03:44.711Z INFO  client] Sending sample transaction 61
[2022-07-23T11:03:44.762Z INFO  client] Sending sample transaction 62
[2022-07-23T11:03:44.818Z INFO  client] Sending sample transaction 63
[2022-07-23T11:03:44.861Z INFO  client] Sending sample transaction 64
[2022-07-23T11:03:44.911Z INFO  client] Sending sample transaction 65
[2022-07-23T11:03:44.961Z INFO  client] Sending sample transaction 66
[2022-07-23T11:03:45.011Z INFO  client] Sending sample transaction 67
[2022-07-23T11:03:45.062Z INFO  client] Sending sample transaction 68
[2022-07-23T11:03:45.113Z INFO  client] Sending sample transaction 69
[2022-07-23T11:03:45.162Z INFO  client] Sending sample transaction 70
[2022-07-23T11:03:45.212Z INFO  client] Sending sample transaction 71
[2022-07-23T11:03:45.262Z INFO  client] Sending sample transaction 72
[2022-07-23T11:03:45.311Z INFO  client] Sending sample transaction 73
[2022-07-23T11:03:45.361Z INFO  client] Sending sample transaction 74
[2022-07-23T11:03:45.411Z INFO  client] Sending sample transaction 75
[2022-07-23T11:03:45.463Z INFO  client] Sending sample transaction 76
[2022-07-23T11:03:45.512Z INFO  client] Sending sample transaction 77
[2022-07-23T11:03:45.562Z INFO  client] Sending sample transaction 78
[2022-07-23T11:03:45.611Z INFO  client] Sending sample transaction 79
[2022-07-23T11:03:45.660Z INFO  client] Sending sample transaction 80
[2022-07-23T11:03:45.711Z INFO  client] Sending sample transaction 81
[2022-07-23T11:03:45.762Z INFO  client] Sending sample transaction 82
[2022-07-23T11:03:45.812Z INFO  client] Sending sample transaction 83
[2022-07-23T11:03:45.861Z INFO  client] Sending sample transaction 84
[2022-07-23T11:03:45.912Z INFO  client] Sending sample transaction 85
[2022-07-23T11:03:45.962Z INFO  client] Sending sample transaction 86
[2022-07-23T11:03:46.011Z INFO  client] Sending sample transaction 87
[2022-07-23T11:03:46.061Z INFO  client] Sending sample transaction 88
[2022-07-23T11:03:46.116Z INFO  client] Sending sample transaction 89
[2022-07-23T11:03:46.161Z INFO  client] Sending sample transaction 90
[2022-07-23T11:03:46.211Z INFO  client] Sending sample transaction 91
[2022-07-23T11:03:46.261Z INFO  client] Sending sample transaction 92
[2022-07-23T11:03:46.311Z INFO  client] Sending sample transaction 93
[2022-07-23T11:03:46.361Z INFO  client] Sending sample transaction 94
[2022-07-23T11:03:46.412Z INFO  client] Sending sample transaction 95
[2022-07-23T11:03:46.461Z INFO  client] Sending sample transaction 96
[2022-07-23T11:03:46.511Z INFO  client] Sending sample transaction 97
[2022-07-23T11:03:46.561Z INFO  client] Sending sample transaction 98
[2022-07-23T11:03:46.610Z INFO  client] Sending sample transaction 99
[2022-07-23T11:03:46.661Z INFO  client] Sending sample transaction 100
[2022-07-23T11:03:46.711Z INFO  client] Sending sample transaction 101
[2022-07-23T11:03:46.761Z INFO  client] Sending sample transaction 102
[2022-07-23T11:03:46.811Z INFO  client] Sending sample transaction 103
[2022-07-23T11:03:46.861Z INFO  client] Sending sample transaction 104
[2022-07-23T11:03:46.913Z INFO  client] Sending sample transaction 105
[2022-07-23T11:03:46.961Z INFO  client] Sending sample transaction 106
[2022-07-23T11:03:47.011Z INFO  client] Sending sample transaction 107
[2022-07-23T11:03:47.061Z INFO  client] Sending sample transaction 108
[2022-07-23T11:03:47.112Z INFO  client] Sending sample transaction 109
[2022-07-23T11:03:47.161Z INFO  client] Sending sample transaction 110
[2022-07-23T11:03:47.212Z INFO  client] Sending sample transaction 111
[2022-07-23T11:03:47.263Z INFO  client] Sending sample transaction 112
[2022-07-23T11:03:47.311Z INFO  client] Sending sample transaction 113
[2022-07-23T11:03:47.362Z INFO  client] Sending sample transaction 114
[2022-07-23T11:03:47.411Z INFO  client] Sending sample transaction 115
[2022-07-23T11:03:47.461Z INFO  client] Sending sample transaction 116
[2022-07-23T11:03:47.512Z INFO  client] Sending sample transaction 117
[2022-07-23T11:03:47.561Z INFO  client] Sending sample transaction 118
[2022-07-23T11:03:47.611Z INFO  client] Sending sample transaction 119
[2022-07-23T11:03:47.661Z INFO  client] Sending sample transaction 120
[2022-07-23T11:03:47.711Z INFO  client] Sending sample transaction 121
[2022-07-23T11:03:47.762Z INFO  client] Sending sample transaction 122
[2022-07-23T11:03:47.812Z INFO  client] Sending sample transaction 123
[2022-07-23T11:03:47.862Z INFO  client] Sending sample transaction 124
[2022-07-23T11:03:47.911Z INFO  client] Sending sample transaction 125
[2022-07-23T11:03:47.962Z INFO  client] Sending sample transaction 126
[2022-07-23T11:03:48.013Z INFO  client] Sending sample transaction 127
[2022-07-23T11:03:48.063Z INFO  client] Sending sample transaction 128
[2022-07-23T11:03:48.112Z INFO  client] Sending sample transaction 129
[2022-07-23T11:03:48.161Z INFO  client] Sending sample transaction 130
[2022-07-23T11:03:48.212Z INFO  client] Sending sample transaction 131
[2022-07-23T11:03:48.262Z INFO  client] Sending sample transaction 132
[2022-07-23T11:03:48.311Z INFO  client] Sending sample transaction 133
[2022-07-23T11:03:48.361Z INFO  client] Sending sample transaction 134
[2022-07-23T11:03:48.411Z INFO  client] Sending sample transaction 135
[2022-07-23T11:03:48.462Z INFO  client] Sending sample transaction 136
[2022-07-23T11:03:48.511Z INFO  client] Sending sample transaction 137
[2022-07-23T11:03:48.561Z INFO  client] Sending sample transaction 138
[2022-07-23T11:03:48.611Z INFO  client] Sending sample transaction 139
[2022-07-23T11:03:48.660Z INFO  client] Sending sample transaction 140
[2022-07-23T11:03:48.712Z INFO  client] Sending sample transaction 141
[2022-07-23T11:03:48.762Z INFO  client] Sending sample transaction 142
[2022-07-23T11:03:48.811Z INFO  client] Sending sample transaction 143
[2022-07-23T11:03:48.864Z INFO  client] Sending sample transaction 144
[2022-07-23T11:03:48.911Z INFO  client] Sending sample transaction 145
[2022-07-23T11:03:48.962Z INFO  client] Sending sample transaction 146
[2022-07-23T11:03:49.011Z INFO  client] Sending sample transaction 147
[2022-07-23T11:03:49.061Z INFO  client] Sending sample transaction 148
[2022-07-23T11:03:49.112Z INFO  client] Sending sample transaction 149
[2022-07-23T11:03:49.161Z INFO  client] Sending sample transaction 150
[2022-07-23T11:03:49.211Z INFO  client] Sending sample transaction 151
[2022-07-23T11:03:49.261Z INFO  client] Sending sample transaction 152
[2022-07-23T11:03:49.311Z INFO  client] Sending sample transaction 153
[2022-07-23T11:03:49.362Z INFO  client] Sending sample transaction 154
[2022-07-23T11:03:49.412Z INFO  client] Sending sample transaction 155
[2022-07-23T11:03:49.461Z INFO  client] Sending sample transaction 156
[2022-07-23T11:03:49.511Z INFO  client] Sending sample transaction 157
[2022-07-23T11:03:49.562Z INFO  client] Sending sample transaction 158
[2022-07-23T11:03:49.611Z INFO  client] Sending sample transaction 159
[2022-07-23T11:03:49.661Z INFO  client] Sending sample transaction 160
[2022-07-23T11:03:49.711Z INFO  client] Sending sample transaction 161
[2022-07-23T11:03:49.761Z INFO  client] Sending sample transaction 162
[2022-07-23T11:03:49.811Z INFO  client] Sending sample transaction 163
[2022-07-23T11:03:49.861Z INFO  client] Sending sample transaction 164
[2022-07-23T11:03:49.911Z INFO  client] Sending sample transaction 165
[2022-07-23T11:03:49.966Z INFO  client] Sending sample transaction 166
[2022-07-23T11:03:50.011Z INFO  client] Sending sample transaction 167
[2022-07-23T11:03:50.062Z INFO  client] Sending sample transaction 168
[2022-07-23T11:03:50.111Z INFO  client] Sending sample transaction 169
[2022-07-23T11:03:50.161Z INFO  client] Sending sample transaction 170
[2022-07-23T11:03:50.211Z INFO  client] Sending sample transaction 171
[2022-07-23T11:03:50.261Z INFO  client] Sending sample transaction 172
[2022-07-23T11:03:50.311Z INFO  client] Sending sample transaction 173
[2022-07-23T11:03:50.361Z INFO  client] Sending sample transaction 174
[2022-07-23T11:03:50.412Z INFO  client] Sending sample transaction 175
[2022-07-23T11:03:50.461Z INFO  client] Sending sample transaction 176
[2022-07-23T11:03:50.512Z INFO  client] Sending sample transaction 177
[2022-07-23T11:03:50.562Z INFO  client] Sending sample transaction 178
[2022-07-23T11:03:50.612Z INFO  client] Sending sample transaction 179
[2022-07-23T11:03:50.661Z INFO  client] Sending sample transaction 180
[2022-07-23T11:03:50.711Z INFO  client] Sending sample transaction 181
[2022-07-23T11:03:50.762Z INFO  client] Sending sample transaction 182
[2022-07-23T11:03:50.812Z INFO  client] Sending sample transaction 183
[2022-07-23T11:03:50.862Z INFO  client] Sending sample transaction 184
[2022-07-23T11:03:50.911Z INFO  client] Sending sample transaction 185
[2022-07-23T11:03:50.961Z INFO  client] Sending sample transaction 186
[2022-07-23T11:03:51.020Z INFO  client] Sending sample transaction 187
[2022-07-23T11:03:51.062Z INFO  client] Sending sample transaction 188
[2022-07-23T11:03:51.111Z INFO  client] Sending sample transaction 189
[2022-07-23T11:03:51.161Z INFO  client] Sending sample transaction 190
[2022-07-23T11:03:51.211Z INFO  client] Sending sample transaction 191
[2022-07-23T11:03:51.262Z INFO  client] Sending sample transaction 192
[2022-07-23T11:03:51.313Z INFO  client] Sending sample transaction 193
[2022-07-23T11:03:51.361Z INFO  client] Sending sample transaction 194
[2022-07-23T11:03:51.412Z INFO  client] Sending sample transaction 195
[2022-07-23T11:03:51.462Z INFO  client] Sending sample transaction 196
[2022-07-23T11:03:51.512Z INFO  client] Sending sample transaction 197
[2022-07-23T11:03:51.562Z INFO  client] Sending sample transaction 198
[2022-07-23T11:03:51.612Z INFO  client] Sending sample transaction 199
[2022-07-23T11:03:51.660Z INFO  client] Sending sample transaction 200
[2022-07-23T11:03:51.711Z INFO  client] Sending sample transaction 201
[2022-07-23T11:03:51.761Z INFO  client] Sending sample transaction 202
[2022-07-23T11:03:51.812Z INFO  client] Sending sample transaction 203
[2022-07-23T11:03:51.862Z INFO  client] Sending sample transaction 204
[2022-07-23T11:03:51.911Z INFO  client] Sending sample transaction 205
[2022-07-23T11:03:51.961Z INFO  client] Sending sample transaction 206
[2022-07-23T11:03:52.012Z INFO  client] Sending sample transaction 207
[2022-07-23T11:03:52.061Z INFO  client] Sending sample transaction 208
[2022-07-23T11:03:52.112Z INFO  client] Sending sample transaction 209
[2022-07-23T11:03:52.161Z INFO  client] Sending sample transaction 210
[2022-07-23T11:03:52.211Z INFO  client] Sending sample transaction 211
[2022-07-23T11:03:52.261Z INFO  client] Sending sample transaction 212
[2022-07-23T11:03:52.310Z INFO  client] Sending sample transaction 213
[2022-07-23T11:03:52.362Z INFO  client] Sending sample transaction 214
[2022-07-23T11:03:52.412Z INFO  client] Sending sample transaction 215
[2022-07-23T11:03:52.461Z INFO  client] Sending sample transaction 216
[2022-07-23T11:03:52.511Z INFO  client] Sending sample transaction 217
[2022-07-23T11:03:52.561Z INFO  client] Sending sample transaction 218
[2022-07-23T11:03:52.611Z INFO  client] Sending sample transaction 219
[2022-07-23T11:03:52.660Z INFO  client] Sending sample transaction 220
[2022-07-23T11:03:52.711Z INFO  client] Sending sample transaction 221
[2022-07-23T11:03:52.762Z INFO  client] Sending sample transaction 222
[2022-07-23T11:03:52.811Z INFO  client] Sending sample transaction 223
[2022-07-23T11:03:52.861Z INFO  client] Sending sample transaction 224
[2022-07-23T11:03:52.912Z INFO  client] Sending sample transaction 225
[2022-07-23T11:03:52.961Z INFO  client] Sending sample transaction 226
[2022-07-23T11:03:53.011Z INFO  client] Sending sample transaction 227
[2022-07-23T11:03:53.061Z INFO  client] Sending sample transaction 228
[2022-07-23T11:03:53.112Z INFO  client] Sending sample transaction 229
[2022-07-23T11:03:53.161Z INFO  client] Sending sample transaction 230
[2022-07-23T11:03:53.211Z INFO  client] Sending sample transaction 231
[2022-07-23T11:03:53.262Z INFO  client] Sending sample transaction 232
[2022-07-23T11:03:53.312Z INFO  client] Sending sample transaction 233
[2022-07-23T11:03:53.361Z INFO  client] Sending sample transaction 234
[2022-07-23T11:03:53.411Z INFO  client] Sending sample transaction 235
[2022-07-23T11:03:53.462Z INFO  client] Sending sample transaction 236
[2022-07-23T11:03:53.511Z INFO  client] Sending sample transaction 237
[2022-07-23T11:03:53.562Z INFO  client] Sending sample transaction 238
[2022-07-23T11:03:53.611Z INFO  client] Sending sample transaction 239
[2022-07-23T11:03:53.660Z INFO  client] Sending sample transaction 240
[2022-07-23T11:03:53.711Z INFO  client] Sending sample transaction 241
[2022-07-23T11:03:53.761Z INFO  client] Sending sample transaction 242
[2022-07-23T11:03:53.811Z INFO  client] Sending sample transaction 243
[2022-07-23T11:03:53.864Z INFO  client] Sending sample transaction 244
[2022-07-23T11:03:53.911Z INFO  client] Sending sample transaction 245
[2022-07-23T11:03:53.961Z INFO  client] Sending sample transaction 246
[2022-07-23T11:03:54.011Z INFO  client] Sending sample transaction 247
[2022-07-23T11:03:54.072Z INFO  client] Sending sample transaction 248
[2022-07-23T11:03:54.119Z INFO  client] Sending sample transaction 249
[2022-07-23T11:03:54.161Z INFO  client] Sending sample transaction 250
[2022-07-23T11:03:54.211Z INFO  client] Sending sample transaction 251
[2022-07-23T11:03:54.261Z INFO  client] Sending sample transaction 252
[2022-07-23T11:03:54.312Z INFO  client] Sending sample transaction 253
[2022-07-23T11:03:54.362Z INFO  client] Sending sample transaction 254
[2022-07-23T11:03:54.411Z INFO  client] Sending sample transaction 255
[2022-07-23T11:03:54.461Z INFO  client] Sending sample transaction 256
[2022-07-23T11:03:54.512Z INFO  client] Sending sample transaction 257
[2022-07-23T11:03:54.561Z INFO  client] Sending sample transaction 258
[2022-07-23T11:03:54.611Z INFO  client] Sending sample transaction 259
[2022-07-23T11:03:54.662Z INFO  client] Sending sample transaction 260
[2022-07-23T11:03:54.712Z INFO  client] Sending sample transaction 261
[2022-07-23T11:03:54.761Z INFO  client] Sending sample transaction 262
[2022-07-23T11:03:54.812Z INFO  client] Sending sample transaction 263
[2022-07-23T11:03:54.862Z INFO  client] Sending sample transaction 264
[2022-07-23T11:03:54.910Z INFO  client] Sending sample transaction 265
[2022-07-23T11:03:54.962Z INFO  client] Sending sample transaction 266
[2022-07-23T11:03:55.012Z INFO  client] Sending sample transaction 267
[2022-07-23T11:03:55.064Z INFO  client] Sending sample transaction 268
[2022-07-23T11:03:55.111Z INFO  client] Sending sample transaction 269
[2022-07-23T11:03:55.165Z INFO  client] Sending sample transaction 270
[2022-07-23T11:03:55.211Z INFO  client] Sending sample transaction 271
[2022-07-23T11:03:55.262Z INFO  client] Sending sample transaction 272
[2022-07-23T11:03:55.311Z INFO  client] Sending sample transaction 273
[2022-07-23T11:03:55.362Z INFO  client] Sending sample transaction 274
[2022-07-23T11:03:55.411Z INFO  client] Sending sample transaction 275
[2022-07-23T11:03:55.461Z INFO  client] Sending sample transaction 276
[2022-07-23T11:03:55.511Z INFO  client] Sending sample transaction 277
[2022-07-23T11:03:55.562Z INFO  client] Sending sample transaction 278
[2022-07-23T11:03:55.611Z INFO  client] Sending sample transaction 279
[2022-07-23T11:03:55.662Z INFO  client] Sending sample transaction 280
[2022-07-23T11:03:55.711Z INFO  client] Sending sample transaction 281
[2022-07-23T11:03:55.761Z INFO  client] Sending sample transaction 282
[2022-07-23T11:03:55.811Z INFO  client] Sending sample transaction 283
[2022-07-23T11:03:55.861Z INFO  client] Sending sample transaction 284
[2022-07-23T11:03:55.912Z INFO  client] Sending sample transaction 285
[2022-07-23T11:03:55.962Z INFO  client] Sending sample transaction 286
[2022-07-23T11:03:56.012Z INFO  client] Sending sample transaction 287
[2022-07-23T11:03:56.065Z INFO  client] Sending sample transaction 288
[2022-07-23T11:03:56.111Z INFO  client] Sending sample transaction 289
[2022-07-23T11:03:56.162Z INFO  client] Sending sample transaction 290
[2022-07-23T11:03:56.211Z INFO  client] Sending sample transaction 291
[2022-07-23T11:03:56.262Z INFO  client] Sending sample transaction 292
[2022-07-23T11:03:56.311Z INFO  client] Sending sample transaction 293
[2022-07-23T11:03:56.361Z INFO  client] Sending sample transaction 294
[2022-07-23T11:03:56.411Z INFO  client] Sending sample transaction 295
[2022-07-23T11:03:56.461Z INFO  client] Sending sample transaction 296
[2022-07-23T11:03:56.512Z INFO  client] Sending sample transaction 297
[2022-07-23T11:03:56.561Z INFO  client] Sending sample transaction 298
[2022-07-23T11:03:56.612Z INFO  client] Sending sample transaction 299
[2022-07-23T11:03:56.662Z INFO  client] Sending sample transaction 300
[2022-07-23T11:03:56.712Z INFO  client] Sending sample transaction 301
[2022-07-23T11:03:56.760Z INFO  client] Sending sample transaction 302
[2022-07-23T11:03:56.812Z INFO  client] Sending sample transaction 303
[2022-07-23T11:03:56.861Z INFO  client] Sending sample transaction 304
[2022-07-23T11:03:56.911Z INFO  client] Sending sample transaction 305
[2022-07-23T11:03:56.962Z INFO  client] Sending sample transaction 306
[2022-07-23T11:03:57.012Z INFO  client] Sending sample transaction 307
[2022-07-23T11:03:57.061Z INFO  client] Sending sample transaction 308
[2022-07-23T11:03:57.111Z INFO  client] Sending sample transaction 309
[2022-07-23T11:03:57.161Z INFO  client] Sending sample transaction 310
[2022-07-23T11:03:57.211Z INFO  client] Sending sample transaction 311
[2022-07-23T11:03:57.261Z INFO  client] Sending sample transaction 312
[2022-07-23T11:03:57.312Z INFO  client] Sending sample transaction 313
[2022-07-23T11:03:57.362Z INFO  client] Sending sample transaction 314
[2022-07-23T11:03:57.412Z INFO  client] Sending sample transaction 315
[2022-07-23T11:03:57.461Z INFO  client] Sending sample transaction 316
[2022-07-23T11:03:57.511Z INFO  client] Sending sample transaction 317
[2022-07-23T11:03:57.562Z INFO  client] Sending sample transaction 318
[2022-07-23T11:03:57.611Z INFO  client] Sending sample transaction 319
[2022-07-23T11:03:57.661Z INFO  client] Sending sample transaction 320
[2022-07-23T11:03:57.711Z INFO  client] Sending sample transaction 321
[2022-07-23T11:03:57.762Z INFO  client] Sending sample transaction 322
[2022-07-23T11:03:57.813Z INFO  client] Sending sample transaction 323
[2022-07-23T11:03:57.861Z INFO  client] Sending sample transaction 324
[2022-07-23T11:03:57.911Z INFO  client] Sending sample transaction 325
[2022-07-23T11:03:57.962Z INFO  client] Sending sample transaction 326
[2022-07-23T11:03:58.012Z INFO  client] Sending sample transaction 327
[2022-07-23T11:03:58.062Z INFO  client] Sending sample transaction 328
[2022-07-23T11:03:58.111Z INFO  client] Sending sample transaction 329
[2022-07-23T11:03:58.161Z INFO  client] Sending sample transaction 330
[2022-07-23T11:03:58.211Z INFO  client] Sending sample transaction 331
[2022-07-23T11:03:58.273Z INFO  client] Sending sample transaction 332
[2022-07-23T11:03:58.316Z INFO  client] Sending sample transaction 333
[2022-07-23T11:03:58.361Z INFO  client] Sending sample transaction 334
[2022-07-23T11:03:58.411Z INFO  client] Sending sample transaction 335
[2022-07-23T11:03:58.461Z INFO  client] Sending sample transaction 336
[2022-07-23T11:03:58.511Z INFO  client] Sending sample transaction 337
[2022-07-23T11:03:58.561Z INFO  client] Sending sample transaction 338
[2022-07-23T11:03:58.611Z INFO  client] Sending sample transaction 339
[2022-07-23T11:03:58.661Z INFO  client] Sending sample transaction 340
[2022-07-23T11:03:58.711Z INFO  client] Sending sample transaction 341
[2022-07-23T11:03:58.761Z INFO  client] Sending sample transaction 342
[2022-07-23T11:03:58.811Z INFO  client] Sending sample transaction 343
[2022-07-23T11:03:58.862Z INFO  client] Sending sample transaction 344
[2022-07-23T11:03:58.911Z INFO  client] Sending sample transaction 345
[2022-07-23T11:03:58.961Z INFO  client] Sending sample transaction 346
[2022-07-23T11:03:59.011Z INFO  client] Sending sample transaction 347
[2022-07-23T11:03:59.062Z INFO  client] Sending sample transaction 348
[2022-07-23T11:03:59.111Z INFO  client] Sending sample transaction 349
[2022-07-23T11:03:59.161Z INFO  client] Sending sample transaction 350
[2022-07-23T11:03:59.212Z INFO  client] Sending sample transaction 351
[2022-07-23T11:03:59.262Z INFO  client] Sending sample transaction 352
[2022-07-23T11:03:59.313Z INFO  client] Sending sample transaction 353
[2022-07-23T11:03:59.371Z INFO  client] Sending sample transaction 354
[2022-07-23T11:03:59.412Z INFO  client] Sending sample transaction 355
[2022-07-23T11:03:59.461Z INFO  client] Sending sample transaction 356
[2022-07-23T11:03:59.511Z INFO  client] Sending sample transaction 357
[2022-07-23T11:03:59.562Z INFO  client] Sending sample transaction 358
[2022-07-23T11:03:59.611Z INFO  client] Sending sample transaction 359
[2022-07-23T11:03:59.661Z INFO  client] Sending sample transaction 360
[2022-07-23T11:03:59.711Z INFO  client] Sending sample transaction 361
[2022-07-23T11:03:59.761Z INFO  client] Sending sample transaction 362
[2022-07-23T11:03:59.811Z INFO  client] Sending sample transaction 363
[2022-07-23T11:03:59.861Z INFO  client] Sending sample transaction 364
[2022-07-23T11:03:59.911Z INFO  client] Sending sample transaction 365
[2022-07-23T11:03:59.961Z INFO  client] Sending sample transaction 366
[2022-07-23T11:04:00.011Z INFO  client] Sending sample transaction 367
[2022-07-23T11:04:00.061Z INFO  client] Sending sample transaction 368
[2022-07-23T11:04:00.111Z INFO  client] Sending sample transaction 369
[2022-07-23T11:04:00.161Z INFO  client] Sending sample transaction 370
[2022-07-23T11:04:00.211Z INFO  client] Sending sample transaction 371
[2022-07-23T11:04:00.262Z INFO  client] Sending sample transaction 372
[2022-07-23T11:04:00.311Z INFO  client] Sending sample transaction 373
[2022-07-23T11:04:00.364Z INFO  client] Sending sample transaction 374
[2022-07-23T11:04:00.413Z INFO  client] Sending sample transaction 375
[2022-07-23T11:04:00.461Z INFO  client] Sending sample transaction 376
[2022-07-23T11:04:00.511Z INFO  client] Sending sample transaction 377
[2022-07-23T11:04:00.561Z INFO  client] Sending sample transaction 378
[2022-07-23T11:04:00.611Z INFO  client] Sending sample transaction 379
[2022-07-23T11:04:00.661Z INFO  client] Sending sample transaction 380
[2022-07-23T11:04:00.711Z INFO  client] Sending sample transaction 381
[2022-07-23T11:04:00.762Z INFO  client] Sending sample transaction 382
[2022-07-23T11:04:00.811Z INFO  client] Sending sample transaction 383
[2022-07-23T11:04:00.861Z INFO  client] Sending sample transaction 384
[2022-07-23T11:04:00.911Z INFO  client] Sending sample transaction 385
[2022-07-23T11:04:00.961Z INFO  client] Sending sample transaction 386
[2022-07-23T11:04:01.012Z INFO  client] Sending sample transaction 387
[2022-07-23T11:04:01.062Z INFO  client] Sending sample transaction 388
[2022-07-23T11:04:01.112Z INFO  client] Sending sample transaction 389
[2022-07-23T11:04:01.162Z INFO  client] Sending sample transaction 390
[2022-07-23T11:04:01.211Z INFO  client] Sending sample transaction 391
[2022-07-23T11:04:01.261Z INFO  client] Sending sample transaction 392
[2022-07-23T11:04:01.311Z INFO  client] Sending sample transaction 393
[2022-07-23T11:04:01.362Z INFO  client] Sending sample transaction 394
[2022-07-23T11:04:01.411Z INFO  client] Sending sample transaction 395
[2022-07-23T11:04:01.492Z INFO  client] Sending sample transaction 396
[2022-07-23T11:04:01.512Z INFO  client] Sending sample transaction 397
[2022-07-23T11:04:01.561Z INFO  client] Sending sample transaction 398
[2022-07-23T11:04:01.611Z INFO  client] Sending sample transaction 399
[2022-07-23T11:04:01.662Z INFO  client] Sending sample transaction 400
[2022-07-23T11:04:01.712Z INFO  client] Sending sample transaction 401
[2022-07-23T11:04:01.761Z INFO  client] Sending sample transaction 402
[2022-07-23T11:04:01.810Z INFO  client] Sending sample transaction 403
[2022-07-23T11:04:01.861Z INFO  client] Sending sample transaction 404
[2022-07-23T11:04:01.911Z INFO  client] Sending sample transaction 405
[2022-07-23T11:04:01.961Z INFO  client] Sending sample transaction 406
[2022-07-23T11:04:02.011Z INFO  client] Sending sample transaction 407
[2022-07-23T11:04:02.062Z INFO  client] Sending sample transaction 408
[2022-07-23T11:04:02.112Z INFO  client] Sending sample transaction 409
[2022-07-23T11:04:02.162Z INFO  client] Sending sample transaction 410
[2022-07-23T11:04:02.212Z INFO  client] Sending sample transaction 411
[2022-07-23T11:04:02.262Z INFO  client] Sending sample transaction 412
[2022-07-23T11:04:02.311Z INFO  client] Sending sample transaction 413
[2022-07-23T11:04:02.362Z INFO  client] Sending sample transaction 414
[2022-07-23T11:04:02.411Z INFO  client] Sending sample transaction 415
[2022-07-23T11:04:02.461Z INFO  client] Sending sample transaction 416
[2022-07-23T11:04:02.515Z INFO  client] Sending sample transaction 417
[2022-07-23T11:04:02.561Z INFO  client] Sending sample transaction 418
[2022-07-23T11:04:02.611Z INFO  client] Sending sample transaction 419
[2022-07-23T11:04:02.661Z INFO  client] Sending sample transaction 420
[2022-07-23T11:04:02.714Z INFO  client] Sending sample transaction 421
[2022-07-23T11:04:02.764Z INFO  client] Sending sample transaction 422
[2022-07-23T11:04:02.813Z INFO  client] Sending sample transaction 423
[2022-07-23T11:04:02.861Z INFO  client] Sending sample transaction 424
[2022-07-23T11:04:02.911Z INFO  client] Sending sample transaction 425
