[2022-07-23T16:15:18.334Z INFO  client] Node address: 127.0.0.1:9011
[2022-07-23T16:15:18.334Z INFO  client] Transactions size: 512 B
[2022-07-23T16:15:18.334Z INFO  client] Transactions rate: 112 tx/s
[2022-07-23T16:15:18.334Z INFO  client] Waiting for all nodes to be online...
[2022-07-23T16:15:18.334Z INFO  client] Waiting for all nodes to be synchronized...
[2022-07-23T16:15:20.339Z INFO  client] Start sending transactions
[2022-07-23T16:15:20.340Z INFO  client] Sending sample transaction 0
[2022-07-23T16:15:20.391Z INFO  client] Sending sample transaction 1
[2022-07-23T16:15:20.442Z INFO  client] Sending sample transaction 2
[2022-07-23T16:15:20.495Z INFO  client] Sending sample transaction 3
[2022-07-23T16:15:20.548Z INFO  client] Sending sample transaction 4
[2022-07-23T16:15:20.596Z INFO  client] Sending sample transaction 5
[2022-07-23T16:15:20.641Z INFO  client] Sending sample transaction 6
[2022-07-23T16:15:20.691Z INFO  client] Sending sample transaction 7
[2022-07-23T16:15:20.741Z INFO  client] Sending sample transaction 8
[2022-07-23T16:15:20.791Z INFO  client] Sending sample transaction 9
[2022-07-23T16:15:20.841Z INFO  client] Sending sample transaction 10
[2022-07-23T16:15:20.891Z INFO  client] Sending sample transaction 11
[2022-07-23T16:15:20.941Z INFO  client] Sending sample transaction 12
[2022-07-23T16:15:20.992Z INFO  client] Sending sample transaction 13
[2022-07-23T16:15:21.041Z INFO  client] Sending sample transaction 14
[2022-07-23T16:15:21.091Z INFO  client] Sending sample transaction 15
[2022-07-23T16:15:21.141Z INFO  client] Sending sample transaction 16
[2022-07-23T16:15:21.192Z INFO  client] Sending sample transaction 17
[2022-07-23T16:15:21.242Z INFO  client] Sending sample transaction 18
[2022-07-23T16:15:21.291Z INFO  client] Sending sample transaction 19
[2022-07-23T16:15:21.340Z INFO  client] Sending sample transaction 20
[2022-07-23T16:15:21.391Z INFO  client] Sending sample transaction 21
[2022-07-23T16:15:21.442Z INFO  client] Sending sample transaction 22
[2022-07-23T16:15:21.492Z INFO  client] Sending sample transaction 23
[2022-07-23T16:15:21.541Z INFO  client] Sending sample transaction 24
[2022-07-23T16:15:21.590Z INFO  client] Sending sample transaction 25
[2022-07-23T16:15:21.641Z INFO  client] Sending sample transaction 26
[2022-07-23T16:15:21.695Z INFO  client] Sending sample transaction 27
[2022-07-23T16:15:21.744Z INFO  client] Sending sample transaction 28
[2022-07-23T16:15:21.792Z INFO  client] Sending sample transaction 29
[2022-07-23T16:15:21.840Z INFO  client] Sending sample transaction 30
[2022-07-23T16:15:21.891Z INFO  client] Sending sample transaction 31
[2022-07-23T16:15:21.941Z INFO  client] Sending sample transaction 32
[2022-07-23T16:15:21.991Z INFO  client] Sending sample transaction 33
[2022-07-23T16:15:22.042Z INFO  client] Sending sample transaction 34
[2022-07-23T16:15:22.090Z INFO  client] Sending sample transaction 35
[2022-07-23T16:15:22.141Z INFO  client] Sending sample transaction 36
[2022-07-23T16:15:22.192Z INFO  client] Sending sample transaction 37
[2022-07-23T16:15:22.266Z INFO  client] Sending sample transaction 38
[2022-07-23T16:15:22.298Z INFO  client] Sending sample transaction 39
[2022-07-23T16:15:22.365Z INFO  client] Sending sample transaction 40
[2022-07-23T16:15:22.396Z INFO  client] Sending sample transaction 41
[2022-07-23T16:15:22.500Z INFO  client] Sending sample transaction 42
[2022-07-23T16:15:22.500Z INFO  client] Sending sample transaction 43
[2022-07-23T16:15:22.550Z INFO  client] Sending sample transaction 44
[2022-07-23T16:15:22.624Z INFO  client] Sending sample transaction 45
[2022-07-23T16:15:22.657Z INFO  client] Sending sample transaction 46
[2022-07-23T16:15:22.698Z INFO  client] Sending sample transaction 47
[2022-07-23T16:15:22.761Z INFO  client] Sending sample transaction 48
[2022-07-23T16:15:22.794Z INFO  client] Sending sample transaction 49
[2022-07-23T16:15:22.841Z INFO  client] Sending sample transaction 50
[2022-07-23T16:15:22.892Z INFO  client] Sending sample transaction 51
[2022-07-23T16:15:22.940Z INFO  client] Sending sample transaction 52
[2022-07-23T16:15:22.990Z INFO  client] Sending sample transaction 53
[2022-07-23T16:15:23.043Z INFO  client] Sending sample transaction 54
[2022-07-23T16:15:23.090Z INFO  client] Sending sample transaction 55
[2022-07-23T16:15:23.141Z INFO  client] Sending sample transaction 56
[2022-07-23T16:15:23.200Z INFO  client] Sending sample transaction 57
[2022-07-23T16:15:23.243Z INFO  client] Sending sample transaction 58
[2022-07-23T16:15:23.291Z INFO  client] Sending sample transaction 59
[2022-07-23T16:15:23.341Z INFO  client] Sending sample transaction 60
[2022-07-23T16:15:23.391Z INFO  client] Sending sample transaction 61
[2022-07-23T16:15:23.440Z INFO  client] Sending sample transaction 62
[2022-07-23T16:15:23.491Z INFO  client] Sending sample transaction 63
[2022-07-23T16:15:23.541Z INFO  client] Sending sample transaction 64
[2022-07-23T16:15:23.590Z INFO  client] Sending sample transaction 65
[2022-07-23T16:15:23.641Z INFO  client] Sending sample transaction 66
[2022-07-23T16:15:23.691Z INFO  client] Sending sample transaction 67
[2022-07-23T16:15:23.741Z INFO  client] Sending sample transaction 68
[2022-07-23T16:15:23.798Z INFO  client] Sending sample transaction 69
[2022-07-23T16:15:23.840Z INFO  client] Sending sample transaction 70
[2022-07-23T16:15:23.891Z INFO  client] Sending sample transaction 71
[2022-07-23T16:15:23.942Z INFO  client] Sending sample transaction 72
[2022-07-23T16:15:23.991Z INFO  client] Sending sample transaction 73
[2022-07-23T16:15:24.041Z INFO  client] Sending sample transaction 74
[2022-07-23T16:15:24.091Z INFO  client] Sending sample transaction 75
[2022-07-23T16:15:24.141Z INFO  client] Sending sample transaction 76
[2022-07-23T16:15:24.190Z INFO  client] Sending sample transaction 77
[2022-07-23T16:15:24.241Z INFO  client] Sending sample transaction 78
[2022-07-23T16:15:24.291Z INFO  client] Sending sample transaction 79
[2022-07-23T16:15:24.340Z INFO  client] Sending sample transaction 80
[2022-07-23T16:15:24.391Z INFO  client] Sending sample transaction 81
[2022-07-23T16:15:24.441Z INFO  client] Sending sample transaction 82
[2022-07-23T16:15:24.492Z INFO  client] Sending sample transaction 83
[2022-07-23T16:15:24.541Z INFO  client] Sending sample transaction 84
[2022-07-23T16:15:24.591Z INFO  client] Sending sample transaction 85
[2022-07-23T16:15:24.640Z INFO  client] Sending sample transaction 86
[2022-07-23T16:15:24.691Z INFO  client] Sending sample transaction 87
[2022-07-23T16:15:24.741Z INFO  client] Sending sample transaction 88
[2022-07-23T16:15:24.791Z INFO  client] Sending sample transaction 89
[2022-07-23T16:15:24.849Z INFO  client] Sending sample transaction 90
[2022-07-23T16:15:24.892Z INFO  client] Sending sample transaction 91
[2022-07-23T16:15:24.941Z INFO  client] Sending sample transaction 92
[2022-07-23T16:15:24.991Z INFO  client] Sending sample transaction 93
[2022-07-23T16:15:25.042Z INFO  client] Sending sample transaction 94
[2022-07-23T16:15:25.090Z INFO  client] Sending sample transaction 95
[2022-07-23T16:15:25.141Z INFO  client] Sending sample transaction 96
[2022-07-23T16:15:25.190Z INFO  client] Sending sample transaction 97
[2022-07-23T16:15:25.241Z INFO  client] Sending sample transaction 98
[2022-07-23T16:15:25.291Z INFO  client] Sending sample transaction 99
[2022-07-23T16:15:25.342Z INFO  client] Sending sample transaction 100
[2022-07-23T16:15:25.391Z INFO  client] Sending sample transaction 101
[2022-07-23T16:15:25.441Z INFO  client] Sending sample transaction 102
[2022-07-23T16:15:25.491Z INFO  client] Sending sample transaction 103
[2022-07-23T16:15:25.541Z INFO  client] Sending sample transaction 104
[2022-07-23T16:15:25.590Z INFO  client] Sending sample transaction 105
[2022-07-23T16:15:25.640Z INFO  client] Sending sample transaction 106
[2022-07-23T16:15:25.690Z INFO  client] Sending sample transaction 107
[2022-07-23T16:15:25.741Z INFO  client] Sending sample transaction 108
[2022-07-23T16:15:25.791Z INFO  client] Sending sample transaction 109
[2022-07-23T16:15:25.840Z INFO  client] Sending sample transaction 110
[2022-07-23T16:15:25.891Z INFO  client] Sending sample transaction 111
[2022-07-23T16:15:25.941Z INFO  client] Sending sample transaction 112
[2022-07-23T16:15:25.991Z INFO  client] Sending sample transaction 113
[2022-07-23T16:15:26.042Z INFO  client] Sending sample transaction 114
[2022-07-23T16:15:26.091Z INFO  client] Sending sample transaction 115
[2022-07-23T16:15:26.140Z INFO  client] Sending sample transaction 116
[2022-07-23T16:15:26.191Z INFO  client] Sending sample transaction 117
[2022-07-23T16:15:26.241Z INFO  client] Sending sample transaction 118
[2022-07-23T16:15:26.290Z INFO  client] Sending sample transaction 119
[2022-07-23T16:15:26.341Z INFO  client] Sending sample transaction 120
[2022-07-23T16:15:26.391Z INFO  client] Sending sample transaction 121
[2022-07-23T16:15:26.441Z INFO  client] Sending sample transaction 122
[2022-07-23T16:15:26.492Z INFO  client] Sending sample transaction 123
[2022-07-23T16:15:26.541Z INFO  client] Sending sample transaction 124
[2022-07-23T16:15:26.591Z INFO  client] Sending sample transaction 125
[2022-07-23T16:15:26.641Z INFO  client] Sending sample transaction 126
[2022-07-23T16:15:26.691Z INFO  client] Sending sample transaction 127
[2022-07-23T16:15:26.741Z INFO  client] Sending sample transaction 128
[2022-07-23T16:15:26.791Z INFO  client] Sending sample transaction 129
[2022-07-23T16:15:26.840Z INFO  client] Sending sample transaction 130
[2022-07-23T16:15:26.891Z INFO  client] Sending sample transaction 131
[2022-07-23T16:15:26.947Z INFO  client] Sending sample transaction 132
[2022-07-23T16:15:26.993Z INFO  client] Sending sample transaction 133
[2022-07-23T16:15:27.041Z INFO  client] Sending sample transaction 134
[2022-07-23T16:15:27.090Z INFO  client] Sending sample transaction 135
[2022-07-23T16:15:27.141Z INFO  client] Sending sample transaction 136
[2022-07-23T16:15:27.190Z INFO  client] Sending sample transaction 137
[2022-07-23T16:15:27.241Z INFO  client] Sending sample transaction 138
[2022-07-23T16:15:27.292Z INFO  client] Sending sample transaction 139
[2022-07-23T16:15:27.340Z INFO  client] Sending sample transaction 140
[2022-07-23T16:15:27.391Z INFO  client] Sending sample transaction 141
[2022-07-23T16:15:27.441Z INFO  client] Sending sample transaction 142
[2022-07-23T16:15:27.490Z INFO  client] Sending sample transaction 143
[2022-07-23T16:15:27.541Z INFO  client] Sending sample transaction 144
[2022-07-23T16:15:27.590Z INFO  client] Sending sample transaction 145
[2022-07-23T16:15:27.640Z INFO  client] Sending sample transaction 146
[2022-07-23T16:15:27.691Z INFO  client] Sending sample transaction 147
[2022-07-23T16:15:27.742Z INFO  client] Sending sample transaction 148
[2022-07-23T16:15:27.791Z INFO  client] Sending sample transaction 149
[2022-07-23T16:15:27.841Z INFO  client] Sending sample transaction 150
[2022-07-23T16:15:27.890Z INFO  client] Sending sample transaction 151
[2022-07-23T16:15:27.940Z INFO  client] Sending sample transaction 152
[2022-07-23T16:15:27.991Z INFO  client] Sending sample transaction 153
[2022-07-23T16:15:28.040Z INFO  client] Sending sample transaction 154
[2022-07-23T16:15:28.091Z INFO  client] Sending sample transaction 155
[2022-07-23T16:15:28.141Z INFO  client] Sending sample transaction 156
[2022-07-23T16:15:28.190Z INFO  client] Sending sample transaction 157
[2022-07-23T16:15:28.241Z INFO  client] Sending sample transaction 158
[2022-07-23T16:15:28.291Z INFO  client] Sending sample transaction 159
[2022-07-23T16:15:28.342Z INFO  client] Sending sample transaction 160
[2022-07-23T16:15:28.392Z INFO  client] Sending sample transaction 161
[2022-07-23T16:15:28.441Z INFO  client] Sending sample transaction 162
[2022-07-23T16:15:28.491Z INFO  client] Sending sample transaction 163
[2022-07-23T16:15:28.541Z INFO  client] Sending sample transaction 164
[2022-07-23T16:15:28.594Z INFO  client] Sending sample transaction 165
[2022-07-23T16:15:28.643Z INFO  client] Sending sample transaction 166
[2022-07-23T16:15:28.693Z INFO  client] Sending sample transaction 167
[2022-07-23T16:15:28.741Z INFO  client] Sending sample transaction 168
[2022-07-23T16:15:28.795Z INFO  client] Sending sample transaction 169
[2022-07-23T16:15:28.841Z INFO  client] Sending sample transaction 170
[2022-07-23T16:15:28.891Z INFO  client] Sending sample transaction 171
[2022-07-23T16:15:28.941Z INFO  client] Sending sample transaction 172
[2022-07-23T16:15:28.991Z INFO  client] Sending sample transaction 173
[2022-07-23T16:15:29.049Z INFO  client] Sending sample transaction 174
[2022-07-23T16:15:29.093Z INFO  client] Sending sample transaction 175
[2022-07-23T16:15:29.142Z INFO  client] Sending sample transaction 176
[2022-07-23T16:15:29.191Z INFO  client] Sending sample transaction 177
[2022-07-23T16:15:29.240Z INFO  client] Sending sample transaction 178
[2022-07-23T16:15:29.301Z INFO  client] Sending sample transaction 179
[2022-07-23T16:15:29.340Z INFO  client] Sending sample transaction 180
[2022-07-23T16:15:29.391Z INFO  client] Sending sample transaction 181
[2022-07-23T16:15:29.441Z INFO  client] Sending sample transaction 182
[2022-07-23T16:15:29.491Z INFO  client] Sending sample transaction 183
[2022-07-23T16:15:29.542Z INFO  client] Sending sample transaction 184
[2022-07-23T16:15:29.591Z INFO  client] Sending sample transaction 185
[2022-07-23T16:15:29.640Z INFO  client] Sending sample transaction 186
[2022-07-23T16:15:29.691Z INFO  client] Sending sample transaction 187
[2022-07-23T16:15:29.741Z INFO  client] Sending sample transaction 188
[2022-07-23T16:15:29.792Z INFO  client] Sending sample transaction 189
[2022-07-23T16:15:29.841Z INFO  client] Sending sample transaction 190
[2022-07-23T16:15:29.890Z INFO  client] Sending sample transaction 191
[2022-07-23T16:15:29.941Z INFO  client] Sending sample transaction 192
[2022-07-23T16:15:29.990Z INFO  client] Sending sample transaction 193
[2022-07-23T16:15:30.041Z INFO  client] Sending sample transaction 194
[2022-07-23T16:15:30.092Z INFO  client] Sending sample transaction 195
[2022-07-23T16:15:30.140Z INFO  client] Sending sample transaction 196
[2022-07-23T16:15:30.191Z INFO  client] Sending sample transaction 197
[2022-07-23T16:15:30.242Z INFO  client] Sending sample transaction 198
[2022-07-23T16:15:30.291Z INFO  client] Sending sample transaction 199
[2022-07-23T16:15:30.340Z INFO  client] Sending sample transaction 200
[2022-07-23T16:15:30.391Z INFO  client] Sending sample transaction 201
[2022-07-23T16:15:30.440Z INFO  client] Sending sample transaction 202
[2022-07-23T16:15:30.491Z INFO  client] Sending sample transaction 203
[2022-07-23T16:15:30.541Z INFO  client] Sending sample transaction 204
[2022-07-23T16:15:30.592Z INFO  client] Sending sample transaction 205
[2022-07-23T16:15:30.641Z INFO  client] Sending sample transaction 206
[2022-07-23T16:15:30.691Z INFO  client] Sending sample transaction 207
[2022-07-23T16:15:30.741Z INFO  client] Sending sample transaction 208
[2022-07-23T16:15:30.791Z INFO  client] Sending sample transaction 209
[2022-07-23T16:15:30.840Z INFO  client] Sending sample transaction 210
[2022-07-23T16:15:30.890Z INFO  client] Sending sample transaction 211
[2022-07-23T16:15:30.941Z INFO  client] Sending sample transaction 212
[2022-07-23T16:15:30.992Z INFO  client] Sending sample transaction 213
[2022-07-23T16:15:31.041Z INFO  client] Sending sample transaction 214
[2022-07-23T16:15:31.091Z INFO  client] Sending sample transaction 215
[2022-07-23T16:15:31.141Z INFO  client] Sending sample transaction 216
[2022-07-23T16:15:31.193Z INFO  client] Sending sample transaction 217
[2022-07-23T16:15:31.241Z INFO  client] Sending sample transaction 218
[2022-07-23T16:15:31.292Z INFO  client] Sending sample transaction 219
[2022-07-23T16:15:31.340Z INFO  client] Sending sample transaction 220
[2022-07-23T16:15:31.390Z INFO  client] Sending sample transaction 221
[2022-07-23T16:15:31.441Z INFO  client] Sending sample transaction 222
[2022-07-23T16:15:31.491Z INFO  client] Sending sample transaction 223
[2022-07-23T16:15:31.541Z INFO  client] Sending sample transaction 224
[2022-07-23T16:15:31.593Z INFO  client] Sending sample transaction 225
[2022-07-23T16:15:31.640Z INFO  client] Sending sample transaction 226
[2022-07-23T16:15:31.691Z INFO  client] Sending sample transaction 227
[2022-07-23T16:15:31.741Z INFO  client] Sending sample transaction 228
[2022-07-23T16:15:31.791Z INFO  client] Sending sample transaction 229
[2022-07-23T16:15:31.840Z INFO  client] Sending sample transaction 230
[2022-07-23T16:15:31.891Z INFO  client] Sending sample transaction 231
[2022-07-23T16:15:31.941Z INFO  client] Sending sample transaction 232
[2022-07-23T16:15:31.990Z INFO  client] Sending sample transaction 233
[2022-07-23T16:15:32.040Z INFO  client] Sending sample transaction 234
[2022-07-23T16:15:32.091Z INFO  client] Sending sample transaction 235
[2022-07-23T16:15:32.142Z INFO  client] Sending sample transaction 236
[2022-07-23T16:15:32.192Z INFO  client] Sending sample transaction 237
[2022-07-23T16:15:32.240Z INFO  client] Sending sample transaction 238
[2022-07-23T16:15:32.291Z INFO  client] Sending sample transaction 239
[2022-07-23T16:15:32.340Z INFO  client] Sending sample transaction 240
[2022-07-23T16:15:32.391Z INFO  client] Sending sample transaction 241
[2022-07-23T16:15:32.442Z INFO  client] Sending sample transaction 242
[2022-07-23T16:15:32.491Z INFO  client] Sending sample transaction 243
[2022-07-23T16:15:32.540Z INFO  client] Sending sample transaction 244
[2022-07-23T16:15:32.591Z INFO  client] Sending sample transaction 245
[2022-07-23T16:15:32.641Z INFO  client] Sending sample transaction 246
[2022-07-23T16:15:32.691Z INFO  client] Sending sample transaction 247
[2022-07-23T16:15:32.740Z INFO  client] Sending sample transaction 248
[2022-07-23T16:15:32.791Z INFO  client] Sending sample transaction 249
[2022-07-23T16:15:32.840Z INFO  client] Sending sample transaction 250
[2022-07-23T16:15:32.891Z INFO  client] Sending sample transaction 251
[2022-07-23T16:15:32.940Z INFO  client] Sending sample transaction 252
[2022-07-23T16:15:32.990Z INFO  client] Sending sample transaction 253
[2022-07-23T16:15:33.041Z INFO  client] Sending sample transaction 254
[2022-07-23T16:15:33.090Z INFO  client] Sending sample transaction 255
[2022-07-23T16:15:33.141Z INFO  client] Sending sample transaction 256
[2022-07-23T16:15:33.191Z INFO  client] Sending sample transaction 257
[2022-07-23T16:15:33.241Z INFO  client] Sending sample transaction 258
[2022-07-23T16:15:33.292Z INFO  client] Sending sample transaction 259
[2022-07-23T16:15:33.343Z INFO  client] Sending sample transaction 260
[2022-07-23T16:15:33.391Z INFO  client] Sending sample transaction 261
[2022-07-23T16:15:33.442Z INFO  client] Sending sample transaction 262
[2022-07-23T16:15:33.491Z INFO  client] Sending sample transaction 263
[2022-07-23T16:15:33.540Z INFO  client] Sending sample transaction 264
[2022-07-23T16:15:33.591Z INFO  client] Sending sample transaction 265
[2022-07-23T16:15:33.641Z INFO  client] Sending sample transaction 266
[2022-07-23T16:15:33.691Z INFO  client] Sending sample transaction 267
[2022-07-23T16:15:33.741Z INFO  client] Sending sample transaction 268
[2022-07-23T16:15:33.791Z INFO  client] Sending sample transaction 269
[2022-07-23T16:15:33.840Z INFO  client] Sending sample transaction 270
[2022-07-23T16:15:33.891Z INFO  client] Sending sample transaction 271
[2022-07-23T16:15:33.940Z INFO  client] Sending sample transaction 272
[2022-07-23T16:15:33.990Z INFO  client] Sending sample transaction 273
[2022-07-23T16:15:34.040Z INFO  client] Sending sample transaction 274
[2022-07-23T16:15:34.091Z INFO  client] Sending sample transaction 275
[2022-07-23T16:15:34.140Z INFO  client] Sending sample transaction 276
[2022-07-23T16:15:34.191Z INFO  client] Sending sample transaction 277
[2022-07-23T16:15:34.241Z INFO  client] Sending sample transaction 278
[2022-07-23T16:15:34.292Z INFO  client] Sending sample transaction 279
[2022-07-23T16:15:34.341Z INFO  client] Sending sample transaction 280
[2022-07-23T16:15:34.390Z INFO  client] Sending sample transaction 281
[2022-07-23T16:15:34.441Z INFO  client] Sending sample transaction 282
[2022-07-23T16:15:34.490Z INFO  client] Sending sample transaction 283
[2022-07-23T16:15:34.542Z INFO  client] Sending sample transaction 284
[2022-07-23T16:15:34.591Z INFO  client] Sending sample transaction 285
[2022-07-23T16:15:34.641Z INFO  client] Sending sample transaction 286
[2022-07-23T16:15:34.692Z INFO  client] Sending sample transaction 287
[2022-07-23T16:15:34.741Z INFO  client] Sending sample transaction 288
[2022-07-23T16:15:34.791Z INFO  client] Sending sample transaction 289
[2022-07-23T16:15:34.841Z INFO  client] Sending sample transaction 290
[2022-07-23T16:15:34.891Z INFO  client] Sending sample transaction 291
[2022-07-23T16:15:34.941Z INFO  client] Sending sample transaction 292
[2022-07-23T16:15:34.991Z INFO  client] Sending sample transaction 293
[2022-07-23T16:15:35.040Z INFO  client] Sending sample transaction 294
[2022-07-23T16:15:35.091Z INFO  client] Sending sample transaction 295
[2022-07-23T16:15:35.140Z INFO  client] Sending sample transaction 296
[2022-07-23T16:15:35.191Z INFO  client] Sending sample transaction 297
[2022-07-23T16:15:35.241Z INFO  client] Sending sample transaction 298
[2022-07-23T16:15:35.290Z INFO  client] Sending sample transaction 299
[2022-07-23T16:15:35.341Z INFO  client] Sending sample transaction 300
[2022-07-23T16:15:35.391Z INFO  client] Sending sample transaction 301
[2022-07-23T16:15:35.441Z INFO  client] Sending sample transaction 302
[2022-07-23T16:15:35.491Z INFO  client] Sending sample transaction 303
[2022-07-23T16:15:35.541Z INFO  client] Sending sample transaction 304
[2022-07-23T16:15:35.591Z INFO  client] Sending sample transaction 305
[2022-07-23T16:15:35.641Z INFO  client] Sending sample transaction 306
[2022-07-23T16:15:35.690Z INFO  client] Sending sample transaction 307
[2022-07-23T16:15:35.741Z INFO  client] Sending sample transaction 308
[2022-07-23T16:15:35.791Z INFO  client] Sending sample transaction 309
[2022-07-23T16:15:35.841Z INFO  client] Sending sample transaction 310
[2022-07-23T16:15:35.891Z INFO  client] Sending sample transaction 311
[2022-07-23T16:15:35.941Z INFO  client] Sending sample transaction 312
[2022-07-23T16:15:35.990Z INFO  client] Sending sample transaction 313
[2022-07-23T16:15:36.040Z INFO  client] Sending sample transaction 314
[2022-07-23T16:15:36.090Z INFO  client] Sending sample transaction 315
[2022-07-23T16:15:36.141Z INFO  client] Sending sample transaction 316
[2022-07-23T16:15:36.190Z INFO  client] Sending sample transaction 317
[2022-07-23T16:15:36.240Z INFO  client] Sending sample transaction 318
[2022-07-23T16:15:36.290Z INFO  client] Sending sample transaction 319
[2022-07-23T16:15:36.341Z INFO  client] Sending sample transaction 320
[2022-07-23T16:15:36.391Z INFO  client] Sending sample transaction 321
[2022-07-23T16:15:36.441Z INFO  client] Sending sample transaction 322
[2022-07-23T16:15:36.491Z INFO  client] Sending sample transaction 323
[2022-07-23T16:15:36.541Z INFO  client] Sending sample transaction 324
[2022-07-23T16:15:36.591Z INFO  client] Sending sample transaction 325
[2022-07-23T16:15:36.641Z INFO  client] Sending sample transaction 326
[2022-07-23T16:15:36.691Z INFO  client] Sending sample transaction 327
[2022-07-23T16:15:36.740Z INFO  client] Sending sample transaction 328
[2022-07-23T16:15:36.792Z INFO  client] Sending sample transaction 329
[2022-07-23T16:15:36.841Z INFO  client] Sending sample transaction 330
[2022-07-23T16:15:36.891Z INFO  client] Sending sample transaction 331
[2022-07-23T16:15:36.941Z INFO  client] Sending sample transaction 332
[2022-07-23T16:15:36.991Z INFO  client] Sending sample transaction 333
[2022-07-23T16:15:37.041Z INFO  client] Sending sample transaction 334
[2022-07-23T16:15:37.090Z INFO  client] Sending sample transaction 335
[2022-07-23T16:15:37.141Z INFO  client] Sending sample transaction 336
[2022-07-23T16:15:37.191Z INFO  client] Sending sample transaction 337
[2022-07-23T16:15:37.242Z INFO  client] Sending sample transaction 338
[2022-07-23T16:15:37.291Z INFO  client] Sending sample transaction 339
[2022-07-23T16:15:37.340Z INFO  client] Sending sample transaction 340
[2022-07-23T16:15:37.391Z INFO  client] Sending sample transaction 341
[2022-07-23T16:15:37.441Z INFO  client] Sending sample transaction 342
[2022-07-23T16:15:37.494Z INFO  client] Sending sample transaction 343
[2022-07-23T16:15:37.543Z INFO  client] Sending sample transaction 344
[2022-07-23T16:15:37.590Z INFO  client] Sending sample transaction 345
[2022-07-23T16:15:37.640Z INFO  client] Sending sample transaction 346
[2022-07-23T16:15:37.691Z INFO  client] Sending sample transaction 347
[2022-07-23T16:15:37.741Z INFO  client] Sending sample transaction 348
[2022-07-23T16:15:37.790Z INFO  client] Sending sample transaction 349
[2022-07-23T16:15:37.841Z INFO  client] Sending sample transaction 350
[2022-07-23T16:15:37.891Z INFO  client] Sending sample transaction 351
[2022-07-23T16:15:37.941Z INFO  client] Sending sample transaction 352
[2022-07-23T16:15:37.991Z INFO  client] Sending sample transaction 353
[2022-07-23T16:15:38.041Z INFO  client] Sending sample transaction 354
[2022-07-23T16:15:38.091Z INFO  client] Sending sample transaction 355
[2022-07-23T16:15:38.141Z INFO  client] Sending sample transaction 356
[2022-07-23T16:15:38.191Z INFO  client] Sending sample transaction 357
[2022-07-23T16:15:38.241Z INFO  client] Sending sample transaction 358
[2022-07-23T16:15:38.291Z INFO  client] Sending sample transaction 359
[2022-07-23T16:15:38.341Z INFO  client] Sending sample transaction 360
[2022-07-23T16:15:38.391Z INFO  client] Sending sample transaction 361
[2022-07-23T16:15:38.441Z INFO  client] Sending sample transaction 362
[2022-07-23T16:15:38.491Z INFO  client] Sending sample transaction 363
[2022-07-23T16:15:38.541Z INFO  client] Sending sample transaction 364
[2022-07-23T16:15:38.590Z INFO  client] Sending sample transaction 365
[2022-07-23T16:15:38.640Z INFO  client] Sending sample transaction 366
[2022-07-23T16:15:38.691Z INFO  client] Sending sample transaction 367
[2022-07-23T16:15:38.740Z INFO  client] Sending sample transaction 368
[2022-07-23T16:15:38.791Z INFO  client] Sending sample transaction 369
[2022-07-23T16:15:38.841Z INFO  client] Sending sample transaction 370
[2022-07-23T16:15:38.890Z INFO  client] Sending sample transaction 371
[2022-07-23T16:15:38.941Z INFO  client] Sending sample transaction 372
[2022-07-23T16:15:38.991Z INFO  client] Sending sample transaction 373
[2022-07-23T16:15:39.041Z INFO  client] Sending sample transaction 374
[2022-07-23T16:15:39.091Z INFO  client] Sending sample transaction 375
[2022-07-23T16:15:39.140Z INFO  client] Sending sample transaction 376
[2022-07-23T16:15:39.191Z INFO  client] Sending sample transaction 377
[2022-07-23T16:15:39.241Z INFO  client] Sending sample transaction 378
[2022-07-23T16:15:39.291Z INFO  client] Sending sample transaction 379
[2022-07-23T16:15:39.340Z INFO  client] Sending sample transaction 380
[2022-07-23T16:15:39.390Z INFO  client] Sending sample transaction 381
[2022-07-23T16:15:39.441Z INFO  client] Sending sample transaction 382
[2022-07-23T16:15:39.490Z INFO  client] Sending sample transaction 383
[2022-07-23T16:15:39.541Z INFO  client] Sending sample transaction 384
[2022-07-23T16:15:39.597Z INFO  client] Sending sample transaction 385
[2022-07-23T16:15:39.641Z INFO  client] Sending sample transaction 386
[2022-07-23T16:15:39.691Z INFO  client] Sending sample transaction 387
[2022-07-23T16:15:39.741Z INFO  client] Sending sample transaction 388
[2022-07-23T16:15:39.791Z INFO  client] Sending sample transaction 389
[2022-07-23T16:15:39.841Z INFO  client] Sending sample transaction 390
[2022-07-23T16:15:39.894Z INFO  client] Sending sample transaction 391
[2022-07-23T16:15:39.941Z INFO  client] Sending sample transaction 392
[2022-07-23T16:15:39.990Z INFO  client] Sending sample transaction 393
[2022-07-23T16:15:40.041Z INFO  client] Sending sample transaction 394
[2022-07-23T16:15:40.090Z INFO  client] Sending sample transaction 395
[2022-07-23T16:15:40.140Z INFO  client] Sending sample transaction 396
[2022-07-23T16:15:40.190Z INFO  client] Sending sample transaction 397
[2022-07-23T16:15:40.241Z INFO  client] Sending sample transaction 398
[2022-07-23T16:15:40.291Z INFO  client] Sending sample transaction 399
[2022-07-23T16:15:40.341Z INFO  client] Sending sample transaction 400
[2022-07-23T16:15:40.391Z INFO  client] Sending sample transaction 401
[2022-07-23T16:15:40.441Z INFO  client] Sending sample transaction 402
[2022-07-23T16:15:40.491Z INFO  client] Sending sample transaction 403
[2022-07-23T16:15:40.542Z INFO  client] Sending sample transaction 404
[2022-07-23T16:15:40.591Z INFO  client] Sending sample transaction 405
[2022-07-23T16:15:40.641Z INFO  client] Sending sample transaction 406
[2022-07-23T16:15:40.690Z INFO  client] Sending sample transaction 407
[2022-07-23T16:15:40.740Z INFO  client] Sending sample transaction 408
[2022-07-23T16:15:40.791Z INFO  client] Sending sample transaction 409
[2022-07-23T16:15:40.841Z INFO  client] Sending sample transaction 410
[2022-07-23T16:15:40.891Z INFO  client] Sending sample transaction 411
[2022-07-23T16:15:40.941Z INFO  client] Sending sample transaction 412
[2022-07-23T16:15:40.991Z INFO  client] Sending sample transaction 413
[2022-07-23T16:15:41.041Z INFO  client] Sending sample transaction 414
[2022-07-23T16:15:41.090Z INFO  client] Sending sample transaction 415
[2022-07-23T16:15:41.141Z INFO  client] Sending sample transaction 416
[2022-07-23T16:15:41.193Z INFO  client] Sending sample transaction 417
[2022-07-23T16:15:41.241Z INFO  client] Sending sample transaction 418
[2022-07-23T16:15:41.290Z INFO  client] Sending sample transaction 419
[2022-07-23T16:15:41.341Z INFO  client] Sending sample transaction 420
[2022-07-23T16:15:41.391Z INFO  client] Sending sample transaction 421
[2022-07-23T16:15:41.441Z INFO  client] Sending sample transaction 422
[2022-07-23T16:15:41.491Z INFO  client] Sending sample transaction 423
[2022-07-23T16:15:41.542Z INFO  client] Sending sample transaction 424
[2022-07-23T16:15:41.591Z INFO  client] Sending sample transaction 425
[2022-07-23T16:15:41.641Z INFO  client] Sending sample transaction 426
[2022-07-23T16:15:41.704Z INFO  client] Sending sample transaction 427
[2022-07-23T16:15:41.766Z INFO  client] Sending sample transaction 428
[2022-07-23T16:15:41.800Z INFO  client] Sending sample transaction 429
[2022-07-23T16:15:41.841Z INFO  client] Sending sample transaction 430
[2022-07-23T16:15:41.892Z INFO  client] Sending sample transaction 431
[2022-07-23T16:15:41.942Z INFO  client] Sending sample transaction 432
[2022-07-23T16:15:41.994Z INFO  client] Sending sample transaction 433
[2022-07-23T16:15:42.041Z INFO  client] Sending sample transaction 434
[2022-07-23T16:15:42.090Z INFO  client] Sending sample transaction 435
[2022-07-23T16:15:42.142Z INFO  client] Sending sample transaction 436
[2022-07-23T16:15:42.191Z INFO  client] Sending sample transaction 437
[2022-07-23T16:15:42.241Z INFO  client] Sending sample transaction 438
