[2022-07-23T18:52:57.180Z INFO  client] Node address: 127.0.0.1:9017
[2022-07-23T18:52:57.180Z INFO  client] Transactions size: 512 B
[2022-07-23T18:52:57.180Z INFO  client] Transactions rate: 112 tx/s
[2022-07-23T18:52:57.180Z INFO  client] Waiting for all nodes to be online...
[2022-07-23T18:52:57.180Z INFO  client] Waiting for all nodes to be synchronized...
[2022-07-23T18:52:59.184Z INFO  client] Start sending transactions
[2022-07-23T18:52:59.186Z INFO  client] Sending sample transaction 0
[2022-07-23T18:52:59.236Z INFO  client] Sending sample transaction 1
[2022-07-23T18:52:59.286Z INFO  client] Sending sample transaction 2
[2022-07-23T18:52:59.335Z INFO  client] Sending sample transaction 3
[2022-07-23T18:52:59.387Z INFO  client] Sending sample transaction 4
[2022-07-23T18:52:59.435Z INFO  client] Sending sample transaction 5
[2022-07-23T18:52:59.514Z INFO  client] Sending sample transaction 6
[2022-07-23T18:52:59.545Z INFO  client] Sending sample transaction 7
[2022-07-23T18:52:59.592Z INFO  client] Sending sample transaction 8
[2022-07-23T18:52:59.636Z INFO  client] Sending sample transaction 9
[2022-07-23T18:52:59.685Z INFO  client] Sending sample transaction 10
[2022-07-23T18:52:59.736Z INFO  client] Sending sample transaction 11
[2022-07-23T18:52:59.786Z INFO  client] Sending sample transaction 12
[2022-07-23T18:52:59.836Z INFO  client] Sending sample transaction 13
[2022-07-23T18:52:59.886Z INFO  client] Sending sample transaction 14
[2022-07-23T18:52:59.938Z INFO  client] Sending sample transaction 15
[2022-07-23T18:52:59.986Z INFO  client] Sending sample transaction 16
[2022-07-23T18:53:00.036Z INFO  client] Sending sample transaction 17
[2022-07-23T18:53:00.085Z INFO  client] Sending sample transaction 18
[2022-07-23T18:53:00.135Z INFO  client] Sending sample transaction 19
[2022-07-23T18:53:00.185Z INFO  client] Sending sample transaction 20
[2022-07-23T18:53:00.236Z INFO  client] Sending sample transaction 21
[2022-07-23T18:53:00.285Z INFO  client] Sending sample transaction 22
[2022-07-23T18:53:00.336Z INFO  client] Sending sample transaction 23
[2022-07-23T18:53:00.386Z INFO  client] Sending sample transaction 24
[2022-07-23T18:53:00.436Z INFO  client] Sending sample transaction 25
[2022-07-23T18:53:00.485Z INFO  client] Sending sample transaction 26
[2022-07-23T18:53:00.537Z INFO  client] Sending sample transaction 27
[2022-07-23T18:53:00.586Z INFO  client] Sending sample transaction 28
[2022-07-23T18:53:00.642Z INFO  client] Sending sample transaction 29
[2022-07-23T18:53:00.685Z INFO  client] Sending sample transaction 30
[2022-07-23T18:53:00.738Z INFO  client] Sending sample transaction 31
[2022-07-23T18:53:00.785Z INFO  client] Sending sample transaction 32
[2022-07-23T18:53:00.835Z INFO  client] Sending sample transaction 33
[2022-07-23T18:53:00.889Z INFO  client] Sending sample transaction 34
[2022-07-23T18:53:00.935Z INFO  client] Sending sample transaction 35
[2022-07-23T18:53:00.986Z INFO  client] Sending sample transaction 36
[2022-07-23T18:53:01.037Z INFO  client] Sending sample transaction 37
[2022-07-23T18:53:01.097Z INFO  client] Sending sample transaction 38
[2022-07-23T18:53:01.136Z INFO  client] Sending sample transaction 39
[2022-07-23T18:53:01.184Z INFO  client] Sending sample transaction 40
[2022-07-23T18:53:01.235Z INFO  client] Sending sample transaction 41
[2022-07-23T18:53:01.286Z INFO  client] Sending sample transaction 42
[2022-07-23T18:53:01.336Z INFO  client] Sending sample transaction 43
[2022-07-23T18:53:01.386Z INFO  client] Sending sample transaction 44
[2022-07-23T18:53:01.436Z INFO  client] Sending sample transaction 45
[2022-07-23T18:53:01.486Z INFO  client] Sending sample transaction 46
[2022-07-23T18:53:01.535Z INFO  client] Sending sample transaction 47
[2022-07-23T18:53:01.588Z INFO  client] Sending sample transaction 48
[2022-07-23T18:53:01.638Z INFO  client] Sending sample transaction 49
[2022-07-23T18:53:01.685Z INFO  client] Sending sample transaction 50
[2022-07-23T18:53:01.735Z INFO  client] Sending sample transaction 51
[2022-07-23T18:53:01.785Z INFO  client] Sending sample transaction 52
[2022-07-23T18:53:01.836Z INFO  client] Sending sample transaction 53
[2022-07-23T18:53:01.886Z INFO  client] Sending sample transaction 54
[2022-07-23T18:53:01.936Z INFO  client] Sending sample transaction 55
[2022-07-23T18:53:01.987Z INFO  client] Sending sample transaction 56
[2022-07-23T18:53:02.037Z INFO  client] Sending sample transaction 57
[2022-07-23T18:53:02.085Z INFO  client] Sending sample transaction 58
[2022-07-23T18:53:02.135Z INFO  client] Sending sample transaction 59
[2022-07-23T18:53:02.185Z INFO  client] Sending sample transaction 60
[2022-07-23T18:53:02.236Z INFO  client] Sending sample transaction 61
[2022-07-23T18:53:02.285Z INFO  client] Sending sample transaction 62
[2022-07-23T18:53:02.335Z INFO  client] Sending sample transaction 63
[2022-07-23T18:53:02.385Z INFO  client] Sending sample transaction 64
[2022-07-23T18:53:02.436Z INFO  client] Sending sample transaction 65
[2022-07-23T18:53:02.485Z INFO  client] Sending sample transaction 66
[2022-07-23T18:53:02.535Z INFO  client] Sending sample transaction 67
[2022-07-23T18:53:02.585Z INFO  client] Sending sample transaction 68
[2022-07-23T18:53:02.636Z INFO  client] Sending sample transaction 69
[2022-07-23T18:53:02.685Z INFO  client] Sending sample transaction 70
[2022-07-23T18:53:02.735Z INFO  client] Sending sample transaction 71
[2022-07-23T18:53:02.785Z INFO  client] Sending sample transaction 72
[2022-07-23T18:53:02.842Z INFO  client] Sending sample transaction 73
[2022-07-23T18:53:02.885Z INFO  client] Sending sample transaction 74
[2022-07-23T18:53:02.936Z INFO  client] Sending sample transaction 75
[2022-07-23T18:53:02.986Z INFO  client] Sending sample transaction 76
[2022-07-23T18:53:03.037Z INFO  client] Sending sample transaction 77
[2022-07-23T18:53:03.085Z INFO  client] Sending sample transaction 78
[2022-07-23T18:53:03.136Z INFO  client] Sending sample transaction 79
[2022-07-23T18:53:03.185Z INFO  client] Sending sample transaction 80
[2022-07-23T18:53:03.236Z INFO  client] Sending sample transaction 81
[2022-07-23T18:53:03.286Z INFO  client] Sending sample transaction 82
[2022-07-23T18:53:03.336Z INFO  client] Sending sample transaction 83
[2022-07-23T18:53:03.385Z INFO  client] Sending sample transaction 84
[2022-07-23T18:53:03.436Z INFO  client] Sending sample transaction 85
[2022-07-23T18:53:03.485Z INFO  client] Sending sample transaction 86
[2022-07-23T18:53:03.535Z INFO  client] Sending sample transaction 87
[2022-07-23T18:53:03.586Z INFO  client] Sending sample transaction 88
[2022-07-23T18:53:03.638Z INFO  client] Sending sample transaction 89
[2022-07-23T18:53:03.686Z INFO  client] Sending sample transaction 90
[2022-07-23T18:53:03.736Z INFO  client] Sending sample transaction 91
[2022-07-23T18:53:03.786Z INFO  client] Sending sample transaction 92
[2022-07-23T18:53:03.836Z INFO  client] Sending sample transaction 93
[2022-07-23T18:53:03.896Z INFO  client] Sending sample transaction 94
[2022-07-23T18:53:03.936Z INFO  client] Sending sample transaction 95
[2022-07-23T18:53:03.985Z INFO  client] Sending sample transaction 96
[2022-07-23T18:53:04.035Z INFO  client] Sending sample transaction 97
[2022-07-23T18:53:04.086Z INFO  client] Sending sample transaction 98
[2022-07-23T18:53:04.135Z INFO  client] Sending sample transaction 99
[2022-07-23T18:53:04.186Z INFO  client] Sending sample transaction 100
[2022-07-23T18:53:04.236Z INFO  client] Sending sample transaction 101
[2022-07-23T18:53:04.285Z INFO  client] Sending sample transaction 102
[2022-07-23T18:53:04.336Z INFO  client] Sending sample transaction 103
[2022-07-23T18:53:04.387Z INFO  client] Sending sample transaction 104
[2022-07-23T18:53:04.437Z INFO  client] Sending sample transaction 105
[2022-07-23T18:53:04.485Z INFO  client] Sending sample transaction 106
[2022-07-23T18:53:04.536Z INFO  client] Sending sample transaction 107
[2022-07-23T18:53:04.585Z INFO  client] Sending sample transaction 108
[2022-07-23T18:53:04.636Z INFO  client] Sending sample transaction 109
[2022-07-23T18:53:04.685Z INFO  client] Sending sample transaction 110
[2022-07-23T18:53:04.738Z INFO  client] Sending sample transaction 111
[2022-07-23T18:53:04.786Z INFO  client] Sending sample transaction 112
[2022-07-23T18:53:04.836Z INFO  client] Sending sample transaction 113
[2022-07-23T18:53:04.885Z INFO  client] Sending sample transaction 114
[2022-07-23T18:53:04.935Z INFO  client] Sending sample transaction 115
[2022-07-23T18:53:04.985Z INFO  client] Sending sample transaction 116
[2022-07-23T18:53:05.035Z INFO  client] Sending sample transaction 117
[2022-07-23T18:53:05.086Z INFO  client] Sending sample transaction 118
[2022-07-23T18:53:05.141Z INFO  client] Sending sample transaction 119
[2022-07-23T18:53:05.186Z INFO  client] Sending sample transaction 120
[2022-07-23T18:53:05.236Z INFO  client] Sending sample transaction 121
[2022-07-23T18:53:05.285Z INFO  client] Sending sample transaction 122
[2022-07-23T18:53:05.336Z INFO  client] Sending sample transaction 123
[2022-07-23T18:53:05.387Z INFO  client] Sending sample transaction 124
[2022-07-23T18:53:05.436Z INFO  client] Sending sample transaction 125
[2022-07-23T18:53:05.486Z INFO  client] Sending sample transaction 126
[2022-07-23T18:53:05.535Z INFO  client] Sending sample transaction 127
[2022-07-23T18:53:05.586Z INFO  client] Sending sample transaction 128
[2022-07-23T18:53:05.637Z INFO  client] Sending sample transaction 129
[2022-07-23T18:53:05.685Z INFO  client] Sending sample transaction 130
[2022-07-23T18:53:05.735Z INFO  client] Sending sample transaction 131
[2022-07-23T18:53:05.786Z INFO  client] Sending sample transaction 132
[2022-07-23T18:53:05.835Z INFO  client] Sending sample transaction 133
[2022-07-23T18:53:05.886Z INFO  client] Sending sample transaction 134
[2022-07-23T18:53:05.935Z INFO  client] Sending sample transaction 135
[2022-07-23T18:53:05.990Z INFO  client] Sending sample transaction 136
[2022-07-23T18:53:06.036Z INFO  client] Sending sample transaction 137
[2022-07-23T18:53:06.086Z INFO  client] Sending sample transaction 138
[2022-07-23T18:53:06.137Z INFO  client] Sending sample transaction 139
[2022-07-23T18:53:06.186Z INFO  client] Sending sample transaction 140
[2022-07-23T18:53:06.235Z INFO  client] Sending sample transaction 141
[2022-07-23T18:53:06.285Z INFO  client] Sending sample transaction 142
[2022-07-23T18:53:06.336Z INFO  client] Sending sample transaction 143
[2022-07-23T18:53:06.386Z INFO  client] Sending sample transaction 144
[2022-07-23T18:53:06.436Z INFO  client] Sending sample transaction 145
[2022-07-23T18:53:06.485Z INFO  client] Sending sample transaction 146
[2022-07-23T18:53:06.536Z INFO  client] Sending sample transaction 147
[2022-07-23T18:53:06.586Z INFO  client] Sending sample transaction 148
[2022-07-23T18:53:06.636Z INFO  client] Sending sample transaction 149
[2022-07-23T18:53:06.686Z INFO  client] Sending sample transaction 150
[2022-07-23T18:53:06.736Z INFO  client] Sending sample transaction 151
[2022-07-23T18:53:06.786Z INFO  client] Sending sample transaction 152
[2022-07-23T18:53:06.837Z INFO  client] Sending sample transaction 153
[2022-07-23T18:53:06.887Z INFO  client] Sending sample transaction 154
[2022-07-23T18:53:06.935Z INFO  client] Sending sample transaction 155
[2022-07-23T18:53:06.989Z INFO  client] Sending sample transaction 156
[2022-07-23T18:53:07.039Z INFO  client] Sending sample transaction 157
[2022-07-23T18:53:07.086Z INFO  client] Sending sample transaction 158
[2022-07-23T18:53:07.136Z INFO  client] Sending sample transaction 159
[2022-07-23T18:53:07.186Z INFO  client] Sending sample transaction 160
[2022-07-23T18:53:07.235Z INFO  client] Sending sample transaction 161
[2022-07-23T18:53:07.286Z INFO  client] Sending sample transaction 162
[2022-07-23T18:53:07.337Z INFO  client] Sending sample transaction 163
[2022-07-23T18:53:07.388Z INFO  client] Sending sample transaction 164
[2022-07-23T18:53:07.438Z INFO  client] Sending sample transaction 165
[2022-07-23T18:53:07.486Z INFO  client] Sending sample transaction 166
[2022-07-23T18:53:07.536Z INFO  client] Sending sample transaction 167
[2022-07-23T18:53:07.586Z INFO  client] Sending sample transaction 168
[2022-07-23T18:53:07.635Z INFO  client] Sending sample transaction 169
[2022-07-23T18:53:07.686Z INFO  client] Sending sample transaction 170
[2022-07-23T18:53:07.740Z INFO  client] Sending sample transaction 171
[2022-07-23T18:53:07.788Z INFO  client] Sending sample transaction 172
[2022-07-23T18:53:07.837Z INFO  client] Sending sample transaction 173
[2022-07-23T18:53:07.891Z INFO  client] Sending sample transaction 174
[2022-07-23T18:53:07.935Z INFO  client] Sending sample transaction 175
[2022-07-23T18:53:07.986Z INFO  client] Sending sample transaction 176
[2022-07-23T18:53:08.035Z INFO  client] Sending sample transaction 177
[2022-07-23T18:53:08.086Z INFO  client] Sending sample transaction 178
[2022-07-23T18:53:08.136Z INFO  client] Sending sample transaction 179
[2022-07-23T18:53:08.187Z INFO  client] Sending sample transaction 180
[2022-07-23T18:53:08.239Z INFO  client] Sending sample transaction 181
[2022-07-23T18:53:08.285Z INFO  client] Sending sample transaction 182
[2022-07-23T18:53:08.336Z INFO  client] Sending sample transaction 183
[2022-07-23T18:53:08.385Z INFO  client] Sending sample transaction 184
[2022-07-23T18:53:08.435Z INFO  client] Sending sample transaction 185
[2022-07-23T18:53:08.491Z INFO  client] Sending sample transaction 186
[2022-07-23T18:53:08.537Z INFO  client] Sending sample transaction 187
[2022-07-23T18:53:08.586Z INFO  client] Sending sample transaction 188
[2022-07-23T18:53:08.636Z INFO  client] Sending sample transaction 189
[2022-07-23T18:53:08.685Z INFO  client] Sending sample transaction 190
[2022-07-23T18:53:08.735Z INFO  client] Sending sample transaction 191
[2022-07-23T18:53:08.787Z INFO  client] Sending sample transaction 192
[2022-07-23T18:53:08.835Z INFO  client] Sending sample transaction 193
[2022-07-23T18:53:08.886Z INFO  client] Sending sample transaction 194
[2022-07-23T18:53:08.936Z INFO  client] Sending sample transaction 195
[2022-07-23T18:53:08.985Z INFO  client] Sending sample transaction 196
[2022-07-23T18:53:09.035Z INFO  client] Sending sample transaction 197
[2022-07-23T18:53:09.091Z INFO  client] Sending sample transaction 198
[2022-07-23T18:53:09.136Z INFO  client] Sending sample transaction 199
[2022-07-23T18:53:09.185Z INFO  client] Sending sample transaction 200
[2022-07-23T18:53:09.235Z INFO  client] Sending sample transaction 201
[2022-07-23T18:53:09.285Z INFO  client] Sending sample transaction 202
[2022-07-23T18:53:09.335Z INFO  client] Sending sample transaction 203
[2022-07-23T18:53:09.385Z INFO  client] Sending sample transaction 204
[2022-07-23T18:53:09.435Z INFO  client] Sending sample transaction 205
[2022-07-23T18:53:09.485Z INFO  client] Sending sample transaction 206
[2022-07-23T18:53:09.535Z INFO  client] Sending sample transaction 207
[2022-07-23T18:53:09.587Z INFO  client] Sending sample transaction 208
[2022-07-23T18:53:09.638Z INFO  client] Sending sample transaction 209
[2022-07-23T18:53:09.685Z INFO  client] Sending sample transaction 210
[2022-07-23T18:53:09.735Z INFO  client] Sending sample transaction 211
[2022-07-23T18:53:09.786Z INFO  client] Sending sample transaction 212
[2022-07-23T18:53:09.836Z INFO  client] Sending sample transaction 213
[2022-07-23T18:53:09.885Z INFO  client] Sending sample transaction 214
[2022-07-23T18:53:09.935Z INFO  client] Sending sample transaction 215
[2022-07-23T18:53:09.986Z INFO  client] Sending sample transaction 216
[2022-07-23T18:53:10.036Z INFO  client] Sending sample transaction 217
[2022-07-23T18:53:10.085Z INFO  client] Sending sample transaction 218
[2022-07-23T18:53:10.136Z INFO  client] Sending sample transaction 219
[2022-07-23T18:53:10.185Z INFO  client] Sending sample transaction 220
[2022-07-23T18:53:10.235Z INFO  client] Sending sample transaction 221
[2022-07-23T18:53:10.286Z INFO  client] Sending sample transaction 222
[2022-07-23T18:53:10.338Z INFO  client] Sending sample transaction 223
[2022-07-23T18:53:10.386Z INFO  client] Sending sample transaction 224
[2022-07-23T18:53:10.437Z INFO  client] Sending sample transaction 225
[2022-07-23T18:53:10.485Z INFO  client] Sending sample transaction 226
[2022-07-23T18:53:10.535Z INFO  client] Sending sample transaction 227
[2022-07-23T18:53:10.586Z INFO  client] Sending sample transaction 228
[2022-07-23T18:53:10.635Z INFO  client] Sending sample transaction 229
[2022-07-23T18:53:10.685Z INFO  client] Sending sample transaction 230
[2022-07-23T18:53:10.736Z INFO  client] Sending sample transaction 231
[2022-07-23T18:53:10.786Z INFO  client] Sending sample transaction 232
[2022-07-23T18:53:10.835Z INFO  client] Sending sample transaction 233
[2022-07-23T18:53:10.886Z INFO  client] Sending sample transaction 234
[2022-07-23T18:53:10.935Z INFO  client] Sending sample transaction 235
[2022-07-23T18:53:10.985Z INFO  client] Sending sample transaction 236
[2022-07-23T18:53:11.036Z INFO  client] Sending sample transaction 237
[2022-07-23T18:53:11.086Z INFO  client] Sending sample transaction 238
[2022-07-23T18:53:11.135Z INFO  client] Sending sample transaction 239
[2022-07-23T18:53:11.190Z INFO  client] Sending sample transaction 240
[2022-07-23T18:53:11.236Z INFO  client] Sending sample transaction 241
[2022-07-23T18:53:11.285Z INFO  client] Sending sample transaction 242
[2022-07-23T18:53:11.336Z INFO  client] Sending sample transaction 243
[2022-07-23T18:53:11.386Z INFO  client] Sending sample transaction 244
[2022-07-23T18:53:11.435Z INFO  client] Sending sample transaction 245
[2022-07-23T18:53:11.485Z INFO  client] Sending sample transaction 246
[2022-07-23T18:53:11.537Z INFO  client] Sending sample transaction 247
[2022-07-23T18:53:11.586Z INFO  client] Sending sample transaction 248
[2022-07-23T18:53:11.636Z INFO  client] Sending sample transaction 249
[2022-07-23T18:53:11.686Z INFO  client] Sending sample transaction 250
[2022-07-23T18:53:11.736Z INFO  client] Sending sample transaction 251
[2022-07-23T18:53:11.790Z INFO  client] Sending sample transaction 252
[2022-07-23T18:53:11.835Z INFO  client] Sending sample transaction 253
[2022-07-23T18:53:11.885Z INFO  client] Sending sample transaction 254
[2022-07-23T18:53:11.936Z INFO  client] Sending sample transaction 255
[2022-07-23T18:53:11.985Z INFO  client] Sending sample transaction 256
[2022-07-23T18:53:12.035Z INFO  client] Sending sample transaction 257
[2022-07-23T18:53:12.085Z INFO  client] Sending sample transaction 258
[2022-07-23T18:53:12.135Z INFO  client] Sending sample transaction 259
[2022-07-23T18:53:12.186Z INFO  client] Sending sample transaction 260
[2022-07-23T18:53:12.235Z INFO  client] Sending sample transaction 261
[2022-07-23T18:53:12.286Z INFO  client] Sending sample transaction 262
[2022-07-23T18:53:12.335Z INFO  client] Sending sample transaction 263
[2022-07-23T18:53:12.386Z INFO  client] Sending sample transaction 264
[2022-07-23T18:53:12.437Z INFO  client] Sending sample transaction 265
[2022-07-23T18:53:12.486Z INFO  client] Sending sample transaction 266
[2022-07-23T18:53:12.537Z INFO  client] Sending sample transaction 267
[2022-07-23T18:53:12.586Z INFO  client] Sending sample transaction 268
[2022-07-23T18:53:12.637Z INFO  client] Sending sample transaction 269
[2022-07-23T18:53:12.686Z INFO  client] Sending sample transaction 270
[2022-07-23T18:53:12.736Z INFO  client] Sending sample transaction 271
[2022-07-23T18:53:12.785Z INFO  client] Sending sample transaction 272
[2022-07-23T18:53:12.845Z INFO  client] Sending sample transaction 273
[2022-07-23T18:53:12.889Z INFO  client] Sending sample transaction 274
[2022-07-23T18:53:12.935Z INFO  client] Sending sample transaction 275
[2022-07-23T18:53:12.991Z INFO  client] Sending sample transaction 276
[2022-07-23T18:53:13.035Z INFO  client] Sending sample transaction 277
[2022-07-23T18:53:13.086Z INFO  client] Sending sample transaction 278
[2022-07-23T18:53:13.135Z INFO  client] Sending sample transaction 279
[2022-07-23T18:53:13.185Z INFO  client] Sending sample transaction 280
[2022-07-23T18:53:13.236Z INFO  client] Sending sample transaction 281
[2022-07-23T18:53:13.285Z INFO  client] Sending sample transaction 282
[2022-07-23T18:53:13.341Z INFO  client] Sending sample transaction 283
[2022-07-23T18:53:13.386Z INFO  client] Sending sample transaction 284
[2022-07-23T18:53:13.435Z INFO  client] Sending sample transaction 285
[2022-07-23T18:53:13.485Z INFO  client] Sending sample transaction 286
[2022-07-23T18:53:13.536Z INFO  client] Sending sample transaction 287
[2022-07-23T18:53:13.586Z INFO  client] Sending sample transaction 288
[2022-07-23T18:53:13.635Z INFO  client] Sending sample transaction 289
[2022-07-23T18:53:13.689Z INFO  client] Sending sample transaction 290
[2022-07-23T18:53:13.736Z INFO  client] Sending sample transaction 291
[2022-07-23T18:53:13.787Z INFO  client] Sending sample transaction 292
[2022-07-23T18:53:13.835Z INFO  client] Sending sample transaction 293
[2022-07-23T18:53:13.886Z INFO  client] Sending sample transaction 294
[2022-07-23T18:53:13.936Z INFO  client] Sending sample transaction 295
[2022-07-23T18:53:13.985Z INFO  client] Sending sample transaction 296
[2022-07-23T18:53:14.036Z INFO  client] Sending sample transaction 297
[2022-07-23T18:53:14.086Z INFO  client] Sending sample transaction 298
[2022-07-23T18:53:14.138Z INFO  client] Sending sample transaction 299
[2022-07-23T18:53:14.186Z INFO  client] Sending sample transaction 300
[2022-07-23T18:53:14.236Z INFO  client] Sending sample transaction 301
[2022-07-23T18:53:14.296Z INFO  client] Sending sample transaction 302
[2022-07-23T18:53:14.335Z INFO  client] Sending sample transaction 303
[2022-07-23T18:53:14.386Z INFO  client] Sending sample transaction 304
[2022-07-23T18:53:14.435Z INFO  client] Sending sample transaction 305
[2022-07-23T18:53:14.486Z INFO  client] Sending sample transaction 306
[2022-07-23T18:53:14.535Z INFO  client] Sending sample transaction 307
[2022-07-23T18:53:14.586Z INFO  client] Sending sample transaction 308
[2022-07-23T18:53:14.635Z INFO  client] Sending sample transaction 309
[2022-07-23T18:53:14.686Z INFO  client] Sending sample transaction 310
[2022-07-23T18:53:14.736Z INFO  client] Sending sample transaction 311
[2022-07-23T18:53:14.785Z INFO  client] Sending sample transaction 312
[2022-07-23T18:53:14.836Z INFO  client] Sending sample transaction 313
[2022-07-23T18:53:14.886Z INFO  client] Sending sample transaction 314
[2022-07-23T18:53:14.935Z INFO  client] Sending sample transaction 315
[2022-07-23T18:53:14.989Z INFO  client] Sending sample transaction 316
[2022-07-23T18:53:15.036Z INFO  client] Sending sample transaction 317
[2022-07-23T18:53:15.087Z INFO  client] Sending sample transaction 318
[2022-07-23T18:53:15.136Z INFO  client] Sending sample transaction 319
[2022-07-23T18:53:15.185Z INFO  client] Sending sample transaction 320
[2022-07-23T18:53:15.235Z INFO  client] Sending sample transaction 321
[2022-07-23T18:53:15.286Z INFO  client] Sending sample transaction 322
[2022-07-23T18:53:15.335Z INFO  client] Sending sample transaction 323
[2022-07-23T18:53:15.385Z INFO  client] Sending sample transaction 324
[2022-07-23T18:53:15.435Z INFO  client] Sending sample transaction 325
[2022-07-23T18:53:15.485Z INFO  client] Sending sample transaction 326
[2022-07-23T18:53:15.536Z INFO  client] Sending sample transaction 327
[2022-07-23T18:53:15.585Z INFO  client] Sending sample transaction 328
[2022-07-23T18:53:15.635Z INFO  client] Sending sample transaction 329
[2022-07-23T18:53:15.685Z INFO  client] Sending sample transaction 330
[2022-07-23T18:53:15.736Z INFO  client] Sending sample transaction 331
[2022-07-23T18:53:15.785Z INFO  client] Sending sample transaction 332
[2022-07-23T18:53:15.835Z INFO  client] Sending sample transaction 333
[2022-07-23T18:53:15.886Z INFO  client] Sending sample transaction 334
[2022-07-23T18:53:15.936Z INFO  client] Sending sample transaction 335
[2022-07-23T18:53:15.985Z INFO  client] Sending sample transaction 336
[2022-07-23T18:53:16.035Z INFO  client] Sending sample transaction 337
[2022-07-23T18:53:16.085Z INFO  client] Sending sample transaction 338
[2022-07-23T18:53:16.135Z INFO  client] Sending sample transaction 339
[2022-07-23T18:53:16.186Z INFO  client] Sending sample transaction 340
[2022-07-23T18:53:16.235Z INFO  client] Sending sample transaction 341
[2022-07-23T18:53:16.286Z INFO  client] Sending sample transaction 342
[2022-07-23T18:53:16.336Z INFO  client] Sending sample transaction 343
[2022-07-23T18:53:16.385Z INFO  client] Sending sample transaction 344
[2022-07-23T18:53:16.435Z INFO  client] Sending sample transaction 345
[2022-07-23T18:53:16.489Z INFO  client] Sending sample transaction 346
[2022-07-23T18:53:16.535Z INFO  client] Sending sample transaction 347
[2022-07-23T18:53:16.586Z INFO  client] Sending sample transaction 348
[2022-07-23T18:53:16.636Z INFO  client] Sending sample transaction 349
[2022-07-23T18:53:16.685Z INFO  client] Sending sample transaction 350
[2022-07-23T18:53:16.735Z INFO  client] Sending sample transaction 351
[2022-07-23T18:53:16.787Z INFO  client] Sending sample transaction 352
[2022-07-23T18:53:16.836Z INFO  client] Sending sample transaction 353
[2022-07-23T18:53:16.886Z INFO  client] Sending sample transaction 354
[2022-07-23T18:53:16.935Z INFO  client] Sending sample transaction 355
[2022-07-23T18:53:16.985Z INFO  client] Sending sample transaction 356
[2022-07-23T18:53:17.039Z INFO  client] Sending sample transaction 357
[2022-07-23T18:53:17.088Z INFO  client] Sending sample transaction 358
[2022-07-23T18:53:17.135Z INFO  client] Sending sample transaction 359
[2022-07-23T18:53:17.186Z INFO  client] Sending sample transaction 360
[2022-07-23T18:53:17.235Z INFO  client] Sending sample transaction 361
[2022-07-23T18:53:17.285Z INFO  client] Sending sample transaction 362
[2022-07-23T18:53:17.335Z INFO  client] Sending sample transaction 363
[2022-07-23T18:53:17.392Z INFO  client] Sending sample transaction 364
[2022-07-23T18:53:17.436Z INFO  client] Sending sample transaction 365
[2022-07-23T18:53:17.485Z INFO  client] Sending sample transaction 366
[2022-07-23T18:53:17.535Z INFO  client] Sending sample transaction 367
[2022-07-23T18:53:17.588Z INFO  client] Sending sample transaction 368
[2022-07-23T18:53:17.637Z INFO  client] Sending sample transaction 369
[2022-07-23T18:53:17.685Z INFO  client] Sending sample transaction 370
[2022-07-23T18:53:17.737Z INFO  client] Sending sample transaction 371
[2022-07-23T18:53:17.786Z INFO  client] Sending sample transaction 372
[2022-07-23T18:53:17.837Z INFO  client] Sending sample transaction 373
[2022-07-23T18:53:17.885Z INFO  client] Sending sample transaction 374
[2022-07-23T18:53:17.935Z INFO  client] Sending sample transaction 375
[2022-07-23T18:53:17.988Z INFO  client] Sending sample transaction 376
[2022-07-23T18:53:18.035Z INFO  client] Sending sample transaction 377
[2022-07-23T18:53:18.086Z INFO  client] Sending sample transaction 378
[2022-07-23T18:53:18.136Z INFO  client] Sending sample transaction 379
[2022-07-23T18:53:18.185Z INFO  client] Sending sample transaction 380
[2022-07-23T18:53:18.235Z INFO  client] Sending sample transaction 381
[2022-07-23T18:53:18.285Z INFO  client] Sending sample transaction 382
[2022-07-23T18:53:18.335Z INFO  client] Sending sample transaction 383
[2022-07-23T18:53:18.388Z INFO  client] Sending sample transaction 384
[2022-07-23T18:53:18.455Z INFO  client] Sending sample transaction 385
[2022-07-23T18:53:18.485Z INFO  client] Sending sample transaction 386
[2022-07-23T18:53:18.536Z INFO  client] Sending sample transaction 387
[2022-07-23T18:53:18.585Z INFO  client] Sending sample transaction 388
[2022-07-23T18:53:18.637Z INFO  client] Sending sample transaction 389
[2022-07-23T18:53:18.685Z INFO  client] Sending sample transaction 390
[2022-07-23T18:53:18.737Z INFO  client] Sending sample transaction 391
[2022-07-23T18:53:18.785Z INFO  client] Sending sample transaction 392
[2022-07-23T18:53:18.840Z INFO  client] Sending sample transaction 393
[2022-07-23T18:53:18.888Z INFO  client] Sending sample transaction 394
[2022-07-23T18:53:18.935Z INFO  client] Sending sample transaction 395
[2022-07-23T18:53:18.987Z INFO  client] Sending sample transaction 396
[2022-07-23T18:53:19.035Z INFO  client] Sending sample transaction 397
[2022-07-23T18:53:19.085Z INFO  client] Sending sample transaction 398
[2022-07-23T18:53:19.135Z INFO  client] Sending sample transaction 399
[2022-07-23T18:53:19.185Z INFO  client] Sending sample transaction 400
[2022-07-23T18:53:19.235Z INFO  client] Sending sample transaction 401
[2022-07-23T18:53:19.285Z INFO  client] Sending sample transaction 402
[2022-07-23T18:53:19.336Z INFO  client] Sending sample transaction 403
[2022-07-23T18:53:19.388Z INFO  client] Sending sample transaction 404
[2022-07-23T18:53:19.436Z INFO  client] Sending sample transaction 405
[2022-07-23T18:53:19.485Z INFO  client] Sending sample transaction 406
[2022-07-23T18:53:19.536Z INFO  client] Sending sample transaction 407
[2022-07-23T18:53:19.588Z INFO  client] Sending sample transaction 408
[2022-07-23T18:53:19.635Z INFO  client] Sending sample transaction 409
[2022-07-23T18:53:19.686Z INFO  client] Sending sample transaction 410
[2022-07-23T18:53:19.735Z INFO  client] Sending sample transaction 411
[2022-07-23T18:53:19.785Z INFO  client] Sending sample transaction 412
[2022-07-23T18:53:19.836Z INFO  client] Sending sample transaction 413
[2022-07-23T18:53:19.885Z INFO  client] Sending sample transaction 414
[2022-07-23T18:53:19.936Z INFO  client] Sending sample transaction 415
[2022-07-23T18:53:19.985Z INFO  client] Sending sample transaction 416
[2022-07-23T18:53:20.035Z INFO  client] Sending sample transaction 417
[2022-07-23T18:53:20.086Z INFO  client] Sending sample transaction 418
