[2022-07-24T10:59:21.603Z INFO  client] Node address: 127.0.0.1:9016
[2022-07-24T10:59:21.603Z INFO  client] Transactions size: 512 B
[2022-07-24T10:59:21.603Z INFO  client] Transactions rate: 112 tx/s
[2022-07-24T10:59:21.603Z INFO  client] Waiting for all nodes to be online...
[2022-07-24T10:59:21.603Z INFO  client] Waiting for all nodes to be synchronized...
[2022-07-24T10:59:23.608Z INFO  client] Start sending transactions
[2022-07-24T10:59:23.608Z INFO  client] Sending sample transaction 0
[2022-07-24T10:59:23.659Z INFO  client] Sending sample transaction 1
[2022-07-24T10:59:23.710Z INFO  client] Sending sample transaction 2
[2022-07-24T10:59:23.759Z INFO  client] Sending sample transaction 3
[2022-07-24T10:59:23.810Z INFO  client] Sending sample transaction 4
[2022-07-24T10:59:23.859Z INFO  client] Sending sample transaction 5
[2022-07-24T10:59:23.910Z INFO  client] Sending sample transaction 6
[2022-07-24T10:59:23.959Z INFO  client] Sending sample transaction 7
[2022-07-24T10:59:24.009Z INFO  client] Sending sample transaction 8
[2022-07-24T10:59:24.108Z INFO  client] Sending sample transaction 9
[2022-07-24T10:59:24.110Z INFO  client] Sending sample transaction 10
[2022-07-24T10:59:24.187Z INFO  client] Sending sample transaction 11
[2022-07-24T10:59:24.226Z INFO  client] Sending sample transaction 12
[2022-07-24T10:59:24.262Z INFO  client] Sending sample transaction 13
[2022-07-24T10:59:24.310Z INFO  client] Sending sample transaction 14
[2022-07-24T10:59:24.362Z INFO  client] Sending sample transaction 15
[2022-07-24T10:59:24.413Z INFO  client] Sending sample transaction 16
[2022-07-24T10:59:24.459Z INFO  client] Sending sample transaction 17
[2022-07-24T10:59:24.510Z INFO  client] Sending sample transaction 18
[2022-07-24T10:59:24.566Z INFO  client] Sending sample transaction 19
[2022-07-24T10:59:24.633Z INFO  client] Sending sample transaction 20
[2022-07-24T10:59:24.672Z INFO  client] Sending sample transaction 21
[2022-07-24T10:59:24.713Z INFO  client] Sending sample transaction 22
[2022-07-24T10:59:24.759Z INFO  client] Sending sample transaction 23
[2022-07-24T10:59:24.816Z INFO  client] Sending sample transaction 24
[2022-07-24T10:59:24.858Z INFO  client] Sending sample transaction 25
[2022-07-24T10:59:24.910Z INFO  client] Sending sample transaction 26
[2022-07-24T10:59:24.961Z INFO  client] Sending sample transaction 27
[2022-07-24T10:59:25.010Z INFO  client] Sending sample transaction 28
[2022-07-24T10:59:25.061Z INFO  client] Sending sample transaction 29
[2022-07-24T10:59:25.109Z INFO  client] Sending sample transaction 30
[2022-07-24T10:59:25.160Z INFO  client] Sending sample transaction 31
[2022-07-24T10:59:25.213Z INFO  client] Sending sample transaction 32
[2022-07-24T10:59:25.263Z INFO  client] Sending sample transaction 33
[2022-07-24T10:59:25.311Z INFO  client] Sending sample transaction 34
[2022-07-24T10:59:25.359Z INFO  client] Sending sample transaction 35
[2022-07-24T10:59:25.409Z INFO  client] Sending sample transaction 36
[2022-07-24T10:59:25.459Z INFO  client] Sending sample transaction 37
[2022-07-24T10:59:25.511Z INFO  client] Sending sample transaction 38
[2022-07-24T10:59:25.560Z INFO  client] Sending sample transaction 39
[2022-07-24T10:59:25.673Z INFO  client] Sending sample transaction 40
[2022-07-24T10:59:25.773Z INFO  client] Sending sample transaction 41
[2022-07-24T10:59:25.773Z INFO  client] Sending sample transaction 42
[2022-07-24T10:59:25.781Z INFO  client] Sending sample transaction 43
[2022-07-24T10:59:25.824Z INFO  client] Sending sample transaction 44
[2022-07-24T10:59:25.862Z INFO  client] Sending sample transaction 45
[2022-07-24T10:59:25.909Z INFO  client] Sending sample transaction 46
[2022-07-24T10:59:25.960Z INFO  client] Sending sample transaction 47
[2022-07-24T10:59:26.009Z INFO  client] Sending sample transaction 48
[2022-07-24T10:59:26.059Z INFO  client] Sending sample transaction 49
[2022-07-24T10:59:26.109Z INFO  client] Sending sample transaction 50
[2022-07-24T10:59:26.159Z INFO  client] Sending sample transaction 51
[2022-07-24T10:59:26.217Z INFO  client] Sending sample transaction 52
[2022-07-24T10:59:26.259Z INFO  client] Sending sample transaction 53
[2022-07-24T10:59:26.308Z INFO  client] Sending sample transaction 54
[2022-07-24T10:59:26.359Z INFO  client] Sending sample transaction 55
[2022-07-24T10:59:26.409Z INFO  client] Sending sample transaction 56
[2022-07-24T10:59:26.459Z INFO  client] Sending sample transaction 57
[2022-07-24T10:59:26.510Z INFO  client] Sending sample transaction 58
[2022-07-24T10:59:26.560Z INFO  client] Sending sample transaction 59
[2022-07-24T10:59:26.609Z INFO  client] Sending sample transaction 60
[2022-07-24T10:59:26.659Z INFO  client] Sending sample transaction 61
[2022-07-24T10:59:26.710Z INFO  client] Sending sample transaction 62
[2022-07-24T10:59:26.764Z INFO  client] Sending sample transaction 63
[2022-07-24T10:59:26.837Z INFO  client] Sending sample transaction 64
[2022-07-24T10:59:26.916Z INFO  client] Sending sample transaction 65
[2022-07-24T10:59:26.981Z INFO  client] Sending sample transaction 66
[2022-07-24T10:59:27.012Z INFO  client] Sending sample transaction 67
[2022-07-24T10:59:27.119Z INFO  client] Sending sample transaction 68
[2022-07-24T10:59:27.120Z INFO  client] Sending sample transaction 69
[2022-07-24T10:59:27.143Z INFO  client] Sending sample transaction 70
[2022-07-24T10:59:27.175Z INFO  client] Sending sample transaction 71
[2022-07-24T10:59:27.209Z INFO  client] Sending sample transaction 72
[2022-07-24T10:59:27.259Z INFO  client] Sending sample transaction 73
[2022-07-24T10:59:27.310Z INFO  client] Sending sample transaction 74
[2022-07-24T10:59:27.358Z INFO  client] Sending sample transaction 75
[2022-07-24T10:59:27.408Z INFO  client] Sending sample transaction 76
[2022-07-24T10:59:27.459Z INFO  client] Sending sample transaction 77
[2022-07-24T10:59:27.509Z INFO  client] Sending sample transaction 78
[2022-07-24T10:59:27.559Z INFO  client] Sending sample transaction 79
[2022-07-24T10:59:27.608Z INFO  client] Sending sample transaction 80
[2022-07-24T10:59:27.659Z INFO  client] Sending sample transaction 81
[2022-07-24T10:59:27.709Z INFO  client] Sending sample transaction 82
[2022-07-24T10:59:27.759Z INFO  client] Sending sample transaction 83
[2022-07-24T10:59:27.809Z INFO  client] Sending sample transaction 84
[2022-07-24T10:59:27.859Z INFO  client] Sending sample transaction 85
[2022-07-24T10:59:27.909Z INFO  client] Sending sample transaction 86
[2022-07-24T10:59:27.959Z INFO  client] Sending sample transaction 87
[2022-07-24T10:59:28.009Z INFO  client] Sending sample transaction 88
[2022-07-24T10:59:28.059Z INFO  client] Sending sample transaction 89
[2022-07-24T10:59:28.109Z INFO  client] Sending sample transaction 90
[2022-07-24T10:59:28.159Z INFO  client] Sending sample transaction 91
[2022-07-24T10:59:28.210Z INFO  client] Sending sample transaction 92
[2022-07-24T10:59:28.260Z INFO  client] Sending sample transaction 93
[2022-07-24T10:59:28.309Z INFO  client] Sending sample transaction 94
[2022-07-24T10:59:28.359Z INFO  client] Sending sample transaction 95
[2022-07-24T10:59:28.409Z INFO  client] Sending sample transaction 96
[2022-07-24T10:59:28.459Z INFO  client] Sending sample transaction 97
[2022-07-24T10:59:28.509Z INFO  client] Sending sample transaction 98
[2022-07-24T10:59:28.559Z INFO  client] Sending sample transaction 99
[2022-07-24T10:59:28.608Z INFO  client] Sending sample transaction 100
[2022-07-24T10:59:28.659Z INFO  client] Sending sample transaction 101
[2022-07-24T10:59:28.710Z INFO  client] Sending sample transaction 102
[2022-07-24T10:59:28.760Z INFO  client] Sending sample transaction 103
[2022-07-24T10:59:28.809Z INFO  client] Sending sample transaction 104
[2022-07-24T10:59:28.859Z INFO  client] Sending sample transaction 105
[2022-07-24T10:59:28.909Z INFO  client] Sending sample transaction 106
[2022-07-24T10:59:28.958Z INFO  client] Sending sample transaction 107
[2022-07-24T10:59:29.009Z INFO  client] Sending sample transaction 108
[2022-07-24T10:59:29.061Z INFO  client] Sending sample transaction 109
[2022-07-24T10:59:29.109Z INFO  client] Sending sample transaction 110
[2022-07-24T10:59:29.207Z INFO  client] Sending sample transaction 111
[2022-07-24T10:59:29.240Z INFO  client] Sending sample transaction 112
[2022-07-24T10:59:29.272Z INFO  client] Sending sample transaction 113
[2022-07-24T10:59:29.327Z INFO  client] Sending sample transaction 114
[2022-07-24T10:59:29.360Z INFO  client] Sending sample transaction 115
[2022-07-24T10:59:29.409Z INFO  client] Sending sample transaction 116
[2022-07-24T10:59:29.459Z INFO  client] Sending sample transaction 117
[2022-07-24T10:59:29.509Z INFO  client] Sending sample transaction 118
[2022-07-24T10:59:29.560Z INFO  client] Sending sample transaction 119
[2022-07-24T10:59:29.608Z INFO  client] Sending sample transaction 120
[2022-07-24T10:59:29.659Z INFO  client] Sending sample transaction 121
[2022-07-24T10:59:29.709Z INFO  client] Sending sample transaction 122
[2022-07-24T10:59:29.758Z INFO  client] Sending sample transaction 123
[2022-07-24T10:59:29.811Z INFO  client] Sending sample transaction 124
[2022-07-24T10:59:29.859Z INFO  client] Sending sample transaction 125
[2022-07-24T10:59:29.909Z INFO  client] Sending sample transaction 126
[2022-07-24T10:59:29.959Z INFO  client] Sending sample transaction 127
[2022-07-24T10:59:30.010Z INFO  client] Sending sample transaction 128
[2022-07-24T10:59:30.059Z INFO  client] Sending sample transaction 129
[2022-07-24T10:59:30.109Z INFO  client] Sending sample transaction 130
[2022-07-24T10:59:30.160Z INFO  client] Sending sample transaction 131
[2022-07-24T10:59:30.210Z INFO  client] Sending sample transaction 132
[2022-07-24T10:59:30.260Z INFO  client] Sending sample transaction 133
[2022-07-24T10:59:30.311Z INFO  client] Sending sample transaction 134
[2022-07-24T10:59:30.359Z INFO  client] Sending sample transaction 135
[2022-07-24T10:59:30.409Z INFO  client] Sending sample transaction 136
[2022-07-24T10:59:30.459Z INFO  client] Sending sample transaction 137
[2022-07-24T10:59:30.508Z INFO  client] Sending sample transaction 138
[2022-07-24T10:59:30.559Z INFO  client] Sending sample transaction 139
[2022-07-24T10:59:30.608Z INFO  client] Sending sample transaction 140
[2022-07-24T10:59:30.660Z INFO  client] Sending sample transaction 141
[2022-07-24T10:59:30.710Z INFO  client] Sending sample transaction 142
[2022-07-24T10:59:30.759Z INFO  client] Sending sample transaction 143
[2022-07-24T10:59:30.809Z INFO  client] Sending sample transaction 144
[2022-07-24T10:59:30.859Z INFO  client] Sending sample transaction 145
[2022-07-24T10:59:30.908Z INFO  client] Sending sample transaction 146
[2022-07-24T10:59:30.959Z INFO  client] Sending sample transaction 147
[2022-07-24T10:59:31.009Z INFO  client] Sending sample transaction 148
[2022-07-24T10:59:31.059Z INFO  client] Sending sample transaction 149
[2022-07-24T10:59:31.108Z INFO  client] Sending sample transaction 150
[2022-07-24T10:59:31.159Z INFO  client] Sending sample transaction 151
[2022-07-24T10:59:31.209Z INFO  client] Sending sample transaction 152
[2022-07-24T10:59:31.260Z INFO  client] Sending sample transaction 153
[2022-07-24T10:59:31.309Z INFO  client] Sending sample transaction 154
[2022-07-24T10:59:31.359Z INFO  client] Sending sample transaction 155
[2022-07-24T10:59:31.417Z INFO  client] Sending sample transaction 156
[2022-07-24T10:59:31.466Z INFO  client] Sending sample transaction 157
[2022-07-24T10:59:31.509Z INFO  client] Sending sample transaction 158
[2022-07-24T10:59:31.560Z INFO  client] Sending sample transaction 159
[2022-07-24T10:59:31.609Z INFO  client] Sending sample transaction 160
[2022-07-24T10:59:31.659Z INFO  client] Sending sample transaction 161
[2022-07-24T10:59:31.709Z INFO  client] Sending sample transaction 162
[2022-07-24T10:59:31.759Z INFO  client] Sending sample transaction 163
[2022-07-24T10:59:31.809Z INFO  client] Sending sample transaction 164
[2022-07-24T10:59:31.859Z INFO  client] Sending sample transaction 165
[2022-07-24T10:59:31.909Z INFO  client] Sending sample transaction 166
[2022-07-24T10:59:31.959Z INFO  client] Sending sample transaction 167
[2022-07-24T10:59:32.009Z INFO  client] Sending sample transaction 168
[2022-07-24T10:59:32.059Z INFO  client] Sending sample transaction 169
[2022-07-24T10:59:32.109Z INFO  client] Sending sample transaction 170
[2022-07-24T10:59:32.158Z INFO  client] Sending sample transaction 171
[2022-07-24T10:59:32.239Z INFO  client] Sending sample transaction 172
[2022-07-24T10:59:32.276Z INFO  client] Sending sample transaction 173
[2022-07-24T10:59:32.310Z INFO  client] Sending sample transaction 174
[2022-07-24T10:59:32.359Z INFO  client] Sending sample transaction 175
[2022-07-24T10:59:32.410Z INFO  client] Sending sample transaction 176
[2022-07-24T10:59:32.459Z INFO  client] Sending sample transaction 177
[2022-07-24T10:59:32.509Z INFO  client] Sending sample transaction 178
[2022-07-24T10:59:32.558Z INFO  client] Sending sample transaction 179
[2022-07-24T10:59:32.609Z INFO  client] Sending sample transaction 180
[2022-07-24T10:59:32.659Z INFO  client] Sending sample transaction 181
[2022-07-24T10:59:32.709Z INFO  client] Sending sample transaction 182
[2022-07-24T10:59:32.759Z INFO  client] Sending sample transaction 183
[2022-07-24T10:59:32.810Z INFO  client] Sending sample transaction 184
[2022-07-24T10:59:32.859Z INFO  client] Sending sample transaction 185
[2022-07-24T10:59:32.909Z INFO  client] Sending sample transaction 186
[2022-07-24T10:59:32.959Z INFO  client] Sending sample transaction 187
[2022-07-24T10:59:33.009Z INFO  client] Sending sample transaction 188
[2022-07-24T10:59:33.059Z INFO  client] Sending sample transaction 189
[2022-07-24T10:59:33.108Z INFO  client] Sending sample transaction 190
[2022-07-24T10:59:33.159Z INFO  client] Sending sample transaction 191
[2022-07-24T10:59:33.209Z INFO  client] Sending sample transaction 192
[2022-07-24T10:59:33.259Z INFO  client] Sending sample transaction 193
[2022-07-24T10:59:33.309Z INFO  client] Sending sample transaction 194
[2022-07-24T10:59:33.358Z INFO  client] Sending sample transaction 195
[2022-07-24T10:59:33.408Z INFO  client] Sending sample transaction 196
[2022-07-24T10:59:33.459Z INFO  client] Sending sample transaction 197
[2022-07-24T10:59:33.512Z INFO  client] Sending sample transaction 198
[2022-07-24T10:59:33.567Z INFO  client] Sending sample transaction 199
[2022-07-24T10:59:33.609Z INFO  client] Sending sample transaction 200
[2022-07-24T10:59:33.659Z INFO  client] Sending sample transaction 201
[2022-07-24T10:59:33.710Z INFO  client] Sending sample transaction 202
[2022-07-24T10:59:33.759Z INFO  client] Sending sample transaction 203
[2022-07-24T10:59:33.810Z INFO  client] Sending sample transaction 204
[2022-07-24T10:59:33.859Z INFO  client] Sending sample transaction 205
[2022-07-24T10:59:33.909Z INFO  client] Sending sample transaction 206
[2022-07-24T10:59:33.960Z INFO  client] Sending sample transaction 207
[2022-07-24T10:59:34.009Z INFO  client] Sending sample transaction 208
[2022-07-24T10:59:34.059Z INFO  client] Sending sample transaction 209
[2022-07-24T10:59:34.109Z INFO  client] Sending sample transaction 210
[2022-07-24T10:59:34.158Z INFO  client] Sending sample transaction 211
[2022-07-24T10:59:34.209Z INFO  client] Sending sample transaction 212
[2022-07-24T10:59:34.263Z INFO  client] Sending sample transaction 213
[2022-07-24T10:59:34.309Z INFO  client] Sending sample transaction 214
[2022-07-24T10:59:34.359Z INFO  client] Sending sample transaction 215
[2022-07-24T10:59:34.409Z INFO  client] Sending sample transaction 216
[2022-07-24T10:59:34.459Z INFO  client] Sending sample transaction 217
[2022-07-24T10:59:34.510Z INFO  client] Sending sample transaction 218
[2022-07-24T10:59:34.559Z INFO  client] Sending sample transaction 219
[2022-07-24T10:59:34.608Z INFO  client] Sending sample transaction 220
[2022-07-24T10:59:34.659Z INFO  client] Sending sample transaction 221
[2022-07-24T10:59:34.710Z INFO  client] Sending sample transaction 222
[2022-07-24T10:59:34.759Z INFO  client] Sending sample transaction 223
[2022-07-24T10:59:34.809Z INFO  client] Sending sample transaction 224
[2022-07-24T10:59:34.858Z INFO  client] Sending sample transaction 225
[2022-07-24T10:59:34.909Z INFO  client] Sending sample transaction 226
[2022-07-24T10:59:34.959Z INFO  client] Sending sample transaction 227
[2022-07-24T10:59:35.008Z INFO  client] Sending sample transaction 228
[2022-07-24T10:59:35.060Z INFO  client] Sending sample transaction 229
[2022-07-24T10:59:35.108Z INFO  client] Sending sample transaction 230
[2022-07-24T10:59:35.159Z INFO  client] Sending sample transaction 231
[2022-07-24T10:59:35.209Z INFO  client] Sending sample transaction 232
[2022-07-24T10:59:35.261Z INFO  client] Sending sample transaction 233
[2022-07-24T10:59:35.309Z INFO  client] Sending sample transaction 234
[2022-07-24T10:59:35.359Z INFO  client] Sending sample transaction 235
[2022-07-24T10:59:35.409Z INFO  client] Sending sample transaction 236
[2022-07-24T10:59:35.460Z INFO  client] Sending sample transaction 237
[2022-07-24T10:59:35.509Z INFO  client] Sending sample transaction 238
[2022-07-24T10:59:35.559Z INFO  client] Sending sample transaction 239
[2022-07-24T10:59:35.617Z INFO  client] Sending sample transaction 240
[2022-07-24T10:59:35.659Z INFO  client] Sending sample transaction 241
[2022-07-24T10:59:35.709Z INFO  client] Sending sample transaction 242
[2022-07-24T10:59:35.759Z INFO  client] Sending sample transaction 243
[2022-07-24T10:59:35.809Z INFO  client] Sending sample transaction 244
[2022-07-24T10:59:35.860Z INFO  client] Sending sample transaction 245
[2022-07-24T10:59:35.909Z INFO  client] Sending sample transaction 246
[2022-07-24T10:59:35.959Z INFO  client] Sending sample transaction 247
[2022-07-24T10:59:36.009Z INFO  client] Sending sample transaction 248
[2022-07-24T10:59:36.060Z INFO  client] Sending sample transaction 249
[2022-07-24T10:59:36.109Z INFO  client] Sending sample transaction 250
[2022-07-24T10:59:36.158Z INFO  client] Sending sample transaction 251
[2022-07-24T10:59:36.209Z INFO  client] Sending sample transaction 252
[2022-07-24T10:59:36.259Z INFO  client] Sending sample transaction 253
[2022-07-24T10:59:36.309Z INFO  client] Sending sample transaction 254
[2022-07-24T10:59:36.388Z INFO  client] Sending sample transaction 255
[2022-07-24T10:59:36.411Z INFO  client] Sending sample transaction 256
[2022-07-24T10:59:36.459Z INFO  client] Sending sample transaction 257
[2022-07-24T10:59:36.509Z INFO  client] Sending sample transaction 258
[2022-07-24T10:59:36.559Z INFO  client] Sending sample transaction 259
[2022-07-24T10:59:36.609Z INFO  client] Sending sample transaction 260
[2022-07-24T10:59:36.659Z INFO  client] Sending sample transaction 261
[2022-07-24T10:59:36.709Z INFO  client] Sending sample transaction 262
[2022-07-24T10:59:36.759Z INFO  client] Sending sample transaction 263
[2022-07-24T10:59:36.809Z INFO  client] Sending sample transaction 264
[2022-07-24T10:59:36.859Z INFO  client] Sending sample transaction 265
[2022-07-24T10:59:36.909Z INFO  client] Sending sample transaction 266
[2022-07-24T10:59:36.959Z INFO  client] Sending sample transaction 267
[2022-07-24T10:59:37.010Z INFO  client] Sending sample transaction 268
[2022-07-24T10:59:37.061Z INFO  client] Sending sample transaction 269
[2022-07-24T10:59:37.109Z INFO  client] Sending sample transaction 270
[2022-07-24T10:59:37.159Z INFO  client] Sending sample transaction 271
[2022-07-24T10:59:37.209Z INFO  client] Sending sample transaction 272
[2022-07-24T10:59:37.259Z INFO  client] Sending sample transaction 273
[2022-07-24T10:59:37.309Z INFO  client] Sending sample transaction 274
[2022-07-24T10:59:37.359Z INFO  client] Sending sample transaction 275
[2022-07-24T10:59:37.409Z INFO  client] Sending sample transaction 276
[2022-07-24T10:59:37.460Z INFO  client] Sending sample transaction 277
[2022-07-24T10:59:37.509Z INFO  client] Sending sample transaction 278
[2022-07-24T10:59:37.560Z INFO  client] Sending sample transaction 279
[2022-07-24T10:59:37.610Z INFO  client] Sending sample transaction 280
[2022-07-24T10:59:37.659Z INFO  client] Sending sample transaction 281
[2022-07-24T10:59:37.709Z INFO  client] Sending sample transaction 282
[2022-07-24T10:59:37.758Z INFO  client] Sending sample transaction 283
[2022-07-24T10:59:37.810Z INFO  client] Sending sample transaction 284
[2022-07-24T10:59:37.859Z INFO  client] Sending sample transaction 285
[2022-07-24T10:59:37.910Z INFO  client] Sending sample transaction 286
[2022-07-24T10:59:37.959Z INFO  client] Sending sample transaction 287
[2022-07-24T10:59:38.009Z INFO  client] Sending sample transaction 288
[2022-07-24T10:59:38.061Z INFO  client] Sending sample transaction 289
[2022-07-24T10:59:38.110Z INFO  client] Sending sample transaction 290
[2022-07-24T10:59:38.158Z INFO  client] Sending sample transaction 291
[2022-07-24T10:59:38.209Z INFO  client] Sending sample transaction 292
[2022-07-24T10:59:38.258Z INFO  client] Sending sample transaction 293
[2022-07-24T10:59:38.309Z INFO  client] Sending sample transaction 294
[2022-07-24T10:59:38.358Z INFO  client] Sending sample transaction 295
[2022-07-24T10:59:38.409Z INFO  client] Sending sample transaction 296
[2022-07-24T10:59:38.459Z INFO  client] Sending sample transaction 297
[2022-07-24T10:59:38.508Z INFO  client] Sending sample transaction 298
[2022-07-24T10:59:38.559Z INFO  client] Sending sample transaction 299
[2022-07-24T10:59:38.609Z INFO  client] Sending sample transaction 300
[2022-07-24T10:59:38.659Z INFO  client] Sending sample transaction 301
[2022-07-24T10:59:38.709Z INFO  client] Sending sample transaction 302
[2022-07-24T10:59:38.759Z INFO  client] Sending sample transaction 303
[2022-07-24T10:59:38.809Z INFO  client] Sending sample transaction 304
[2022-07-24T10:59:38.859Z INFO  client] Sending sample transaction 305
[2022-07-24T10:59:38.909Z INFO  client] Sending sample transaction 306
[2022-07-24T10:59:38.959Z INFO  client] Sending sample transaction 307
[2022-07-24T10:59:39.009Z INFO  client] Sending sample transaction 308
[2022-07-24T10:59:39.059Z INFO  client] Sending sample transaction 309
[2022-07-24T10:59:39.109Z INFO  client] Sending sample transaction 310
[2022-07-24T10:59:39.160Z INFO  client] Sending sample transaction 311
[2022-07-24T10:59:39.210Z INFO  client] Sending sample transaction 312
[2022-07-24T10:59:39.260Z INFO  client] Sending sample transaction 313
[2022-07-24T10:59:39.309Z INFO  client] Sending sample transaction 314
[2022-07-24T10:59:39.359Z INFO  client] Sending sample transaction 315
[2022-07-24T10:59:39.410Z INFO  client] Sending sample transaction 316
[2022-07-24T10:59:39.459Z INFO  client] Sending sample transaction 317
[2022-07-24T10:59:39.509Z INFO  client] Sending sample transaction 318
[2022-07-24T10:59:39.559Z INFO  client] Sending sample transaction 319
[2022-07-24T10:59:39.609Z INFO  client] Sending sample transaction 320
[2022-07-24T10:59:39.665Z INFO  client] Sending sample transaction 321
[2022-07-24T10:59:39.709Z INFO  client] Sending sample transaction 322
[2022-07-24T10:59:39.759Z INFO  client] Sending sample transaction 323
[2022-07-24T10:59:39.811Z INFO  client] Sending sample transaction 324
[2022-07-24T10:59:39.859Z INFO  client] Sending sample transaction 325
[2022-07-24T10:59:39.909Z INFO  client] Sending sample transaction 326
[2022-07-24T10:59:39.959Z INFO  client] Sending sample transaction 327
[2022-07-24T10:59:40.009Z INFO  client] Sending sample transaction 328
[2022-07-24T10:59:40.060Z INFO  client] Sending sample transaction 329
[2022-07-24T10:59:40.109Z INFO  client] Sending sample transaction 330
[2022-07-24T10:59:40.159Z INFO  client] Sending sample transaction 331
[2022-07-24T10:59:40.208Z INFO  client] Sending sample transaction 332
[2022-07-24T10:59:40.259Z INFO  client] Sending sample transaction 333
[2022-07-24T10:59:40.309Z INFO  client] Sending sample transaction 334
[2022-07-24T10:59:40.359Z INFO  client] Sending sample transaction 335
[2022-07-24T10:59:40.440Z INFO  client] Sending sample transaction 336
[2022-07-24T10:59:40.496Z INFO  client] Sending sample transaction 337
[2022-07-24T10:59:40.511Z INFO  client] Sending sample transaction 338
[2022-07-24T10:59:40.560Z INFO  client] Sending sample transaction 339
[2022-07-24T10:59:40.609Z INFO  client] Sending sample transaction 340
[2022-07-24T10:59:40.659Z INFO  client] Sending sample transaction 341
[2022-07-24T10:59:40.709Z INFO  client] Sending sample transaction 342
[2022-07-24T10:59:40.759Z INFO  client] Sending sample transaction 343
[2022-07-24T10:59:40.809Z INFO  client] Sending sample transaction 344
[2022-07-24T10:59:40.859Z INFO  client] Sending sample transaction 345
[2022-07-24T10:59:40.909Z INFO  client] Sending sample transaction 346
[2022-07-24T10:59:40.959Z INFO  client] Sending sample transaction 347
[2022-07-24T10:59:41.009Z INFO  client] Sending sample transaction 348
[2022-07-24T10:59:41.060Z INFO  client] Sending sample transaction 349
[2022-07-24T10:59:41.108Z INFO  client] Sending sample transaction 350
[2022-07-24T10:59:41.159Z INFO  client] Sending sample transaction 351
[2022-07-24T10:59:41.209Z INFO  client] Sending sample transaction 352
[2022-07-24T10:59:41.259Z INFO  client] Sending sample transaction 353
[2022-07-24T10:59:41.308Z INFO  client] Sending sample transaction 354
[2022-07-24T10:59:41.358Z INFO  client] Sending sample transaction 355
[2022-07-24T10:59:41.408Z INFO  client] Sending sample transaction 356
[2022-07-24T10:59:41.459Z INFO  client] Sending sample transaction 357
[2022-07-24T10:59:41.509Z INFO  client] Sending sample transaction 358
[2022-07-24T10:59:41.559Z INFO  client] Sending sample transaction 359
[2022-07-24T10:59:41.609Z INFO  client] Sending sample transaction 360
[2022-07-24T10:59:41.659Z INFO  client] Sending sample transaction 361
[2022-07-24T10:59:41.709Z INFO  client] Sending sample transaction 362
[2022-07-24T10:59:41.759Z INFO  client] Sending sample transaction 363
[2022-07-24T10:59:41.808Z INFO  client] Sending sample transaction 364
[2022-07-24T10:59:41.860Z INFO  client] Sending sample transaction 365
[2022-07-24T10:59:41.910Z INFO  client] Sending sample transaction 366
[2022-07-24T10:59:41.959Z INFO  client] Sending sample transaction 367
[2022-07-24T10:59:42.010Z INFO  client] Sending sample transaction 368
[2022-07-24T10:59:42.061Z INFO  client] Sending sample transaction 369
[2022-07-24T10:59:42.109Z INFO  client] Sending sample transaction 370
[2022-07-24T10:59:42.159Z INFO  client] Sending sample transaction 371
[2022-07-24T10:59:42.209Z INFO  client] Sending sample transaction 372
[2022-07-24T10:59:42.259Z INFO  client] Sending sample transaction 373
[2022-07-24T10:59:42.310Z INFO  client] Sending sample transaction 374
[2022-07-24T10:59:42.359Z INFO  client] Sending sample transaction 375
[2022-07-24T10:59:42.409Z INFO  client] Sending sample transaction 376
[2022-07-24T10:59:42.459Z INFO  client] Sending sample transaction 377
[2022-07-24T10:59:42.509Z INFO  client] Sending sample transaction 378
[2022-07-24T10:59:42.559Z INFO  client] Sending sample transaction 379
[2022-07-24T10:59:42.609Z INFO  client] Sending sample transaction 380
[2022-07-24T10:59:42.659Z INFO  client] Sending sample transaction 381
[2022-07-24T10:59:42.708Z INFO  client] Sending sample transaction 382
[2022-07-24T10:59:42.766Z INFO  client] Sending sample transaction 383
[2022-07-24T10:59:42.846Z INFO  client] Sending sample transaction 384
[2022-07-24T10:59:42.859Z INFO  client] Sending sample transaction 385
[2022-07-24T10:59:42.910Z INFO  client] Sending sample transaction 386
[2022-07-24T10:59:42.959Z INFO  client] Sending sample transaction 387
[2022-07-24T10:59:43.010Z INFO  client] Sending sample transaction 388
[2022-07-24T10:59:43.060Z INFO  client] Sending sample transaction 389
[2022-07-24T10:59:43.110Z INFO  client] Sending sample transaction 390
[2022-07-24T10:59:43.159Z INFO  client] Sending sample transaction 391
[2022-07-24T10:59:43.210Z INFO  client] Sending sample transaction 392
[2022-07-24T10:59:43.260Z INFO  client] Sending sample transaction 393
[2022-07-24T10:59:43.311Z INFO  client] Sending sample transaction 394
[2022-07-24T10:59:43.359Z INFO  client] Sending sample transaction 395
[2022-07-24T10:59:43.409Z INFO  client] Sending sample transaction 396
[2022-07-24T10:59:43.459Z INFO  client] Sending sample transaction 397
[2022-07-24T10:59:43.509Z INFO  client] Sending sample transaction 398
[2022-07-24T10:59:43.559Z INFO  client] Sending sample transaction 399
[2022-07-24T10:59:43.609Z INFO  client] Sending sample transaction 400
[2022-07-24T10:59:43.659Z INFO  client] Sending sample transaction 401
[2022-07-24T10:59:43.709Z INFO  client] Sending sample transaction 402
[2022-07-24T10:59:43.758Z INFO  client] Sending sample transaction 403
[2022-07-24T10:59:43.809Z INFO  client] Sending sample transaction 404
[2022-07-24T10:59:43.859Z INFO  client] Sending sample transaction 405
[2022-07-24T10:59:43.909Z INFO  client] Sending sample transaction 406
[2022-07-24T10:59:43.965Z INFO  client] Sending sample transaction 407
[2022-07-24T10:59:44.009Z INFO  client] Sending sample transaction 408
[2022-07-24T10:59:44.059Z INFO  client] Sending sample transaction 409
[2022-07-24T10:59:44.108Z INFO  client] Sending sample transaction 410
[2022-07-24T10:59:44.159Z INFO  client] Sending sample transaction 411
[2022-07-24T10:59:44.209Z INFO  client] Sending sample transaction 412
[2022-07-24T10:59:44.259Z INFO  client] Sending sample transaction 413
[2022-07-24T10:59:44.311Z INFO  client] Sending sample transaction 414
[2022-07-24T10:59:44.359Z INFO  client] Sending sample transaction 415
[2022-07-24T10:59:44.409Z INFO  client] Sending sample transaction 416
[2022-07-24T10:59:44.459Z INFO  client] Sending sample transaction 417
[2022-07-24T10:59:44.513Z INFO  client] Sending sample transaction 418
[2022-07-24T10:59:44.560Z INFO  client] Sending sample transaction 419
[2022-07-24T10:59:44.609Z INFO  client] Sending sample transaction 420
[2022-07-24T10:59:44.659Z INFO  client] Sending sample transaction 421
[2022-07-24T10:59:44.714Z INFO  client] Sending sample transaction 422
[2022-07-24T10:59:44.760Z INFO  client] Sending sample transaction 423
[2022-07-24T10:59:44.810Z INFO  client] Sending sample transaction 424
[2022-07-24T10:59:44.860Z INFO  client] Sending sample transaction 425
[2022-07-24T10:59:44.908Z INFO  client] Sending sample transaction 426
