[2022-07-24T10:36:56.617Z INFO  client] Node address: 127.0.0.1:9018
[2022-07-24T10:36:56.617Z INFO  client] Transactions size: 512 B
[2022-07-24T10:36:56.617Z INFO  client] Transactions rate: 112 tx/s
[2022-07-24T10:36:56.617Z INFO  client] Waiting for all nodes to be online...
[2022-07-24T10:36:56.617Z INFO  client] Waiting for all nodes to be synchronized...
[2022-07-24T10:36:58.623Z INFO  client] Start sending transactions
[2022-07-24T10:36:58.623Z INFO  client] Sending sample transaction 0
[2022-07-24T10:36:58.688Z INFO  client] Sending sample transaction 1
[2022-07-24T10:36:58.737Z INFO  client] Sending sample transaction 2
[2022-07-24T10:36:58.780Z INFO  client] Sending sample transaction 3
[2022-07-24T10:36:58.827Z INFO  client] Sending sample transaction 4
[2022-07-24T10:36:58.874Z INFO  client] Sending sample transaction 5
[2022-07-24T10:36:58.925Z INFO  client] Sending sample transaction 6
[2022-07-24T10:36:58.980Z INFO  client] Sending sample transaction 7
[2022-07-24T10:36:59.025Z INFO  client] Sending sample transaction 8
[2022-07-24T10:36:59.075Z INFO  client] Sending sample transaction 9
[2022-07-24T10:36:59.124Z INFO  client] Sending sample transaction 10
[2022-07-24T10:36:59.173Z INFO  client] Sending sample transaction 11
[2022-07-24T10:36:59.226Z INFO  client] Sending sample transaction 12
[2022-07-24T10:36:59.275Z INFO  client] Sending sample transaction 13
[2022-07-24T10:36:59.325Z INFO  client] Sending sample transaction 14
[2022-07-24T10:36:59.375Z INFO  client] Sending sample transaction 15
[2022-07-24T10:36:59.424Z INFO  client] Sending sample transaction 16
[2022-07-24T10:36:59.475Z INFO  client] Sending sample transaction 17
[2022-07-24T10:36:59.526Z INFO  client] Sending sample transaction 18
[2022-07-24T10:36:59.575Z INFO  client] Sending sample transaction 19
[2022-07-24T10:36:59.623Z INFO  client] Sending sample transaction 20
[2022-07-24T10:36:59.674Z INFO  client] Sending sample transaction 21
[2022-07-24T10:36:59.725Z INFO  client] Sending sample transaction 22
[2022-07-24T10:36:59.775Z INFO  client] Sending sample transaction 23
[2022-07-24T10:36:59.850Z INFO  client] Sending sample transaction 24
[2022-07-24T10:36:59.881Z INFO  client] Sending sample transaction 25
[2022-07-24T10:36:59.926Z INFO  client] Sending sample transaction 26
[2022-07-24T10:36:59.974Z INFO  client] Sending sample transaction 27
[2022-07-24T10:37:00.025Z INFO  client] Sending sample transaction 28
[2022-07-24T10:37:00.074Z INFO  client] Sending sample transaction 29
[2022-07-24T10:37:00.123Z INFO  client] Sending sample transaction 30
[2022-07-24T10:37:00.174Z INFO  client] Sending sample transaction 31
[2022-07-24T10:37:00.225Z INFO  client] Sending sample transaction 32
[2022-07-24T10:37:00.275Z INFO  client] Sending sample transaction 33
[2022-07-24T10:37:00.325Z INFO  client] Sending sample transaction 34
[2022-07-24T10:37:00.374Z INFO  client] Sending sample transaction 35
[2022-07-24T10:37:00.424Z INFO  client] Sending sample transaction 36
[2022-07-24T10:37:00.503Z INFO  client] Sending sample transaction 37
[2022-07-24T10:37:00.582Z INFO  client] Sending sample transaction 38
[2022-07-24T10:37:00.582Z INFO  client] Sending sample transaction 39
[2022-07-24T10:37:00.638Z INFO  client] Sending sample transaction 40
[2022-07-24T10:37:00.755Z INFO  client] Sending sample transaction 41
[2022-07-24T10:37:00.768Z INFO  client] Sending sample transaction 42
[2022-07-24T10:37:00.796Z INFO  client] Sending sample transaction 43
[2022-07-24T10:37:00.825Z INFO  client] Sending sample transaction 44
[2022-07-24T10:37:00.874Z INFO  client] Sending sample transaction 45
[2022-07-24T10:37:00.924Z INFO  client] Sending sample transaction 46
[2022-07-24T10:37:00.974Z INFO  client] Sending sample transaction 47
[2022-07-24T10:37:01.024Z INFO  client] Sending sample transaction 48
[2022-07-24T10:37:01.074Z INFO  client] Sending sample transaction 49
[2022-07-24T10:37:01.123Z INFO  client] Sending sample transaction 50
[2022-07-24T10:37:01.173Z INFO  client] Sending sample transaction 51
[2022-07-24T10:37:01.224Z INFO  client] Sending sample transaction 52
[2022-07-24T10:37:01.277Z INFO  client] Sending sample transaction 53
[2022-07-24T10:37:01.324Z INFO  client] Sending sample transaction 54
[2022-07-24T10:37:01.374Z INFO  client] Sending sample transaction 55
[2022-07-24T10:37:01.424Z INFO  client] Sending sample transaction 56
[2022-07-24T10:37:01.475Z INFO  client] Sending sample transaction 57
[2022-07-24T10:37:01.524Z INFO  client] Sending sample transaction 58
[2022-07-24T10:37:01.574Z INFO  client] Sending sample transaction 59
[2022-07-24T10:37:01.623Z INFO  client] Sending sample transaction 60
[2022-07-24T10:37:01.674Z INFO  client] Sending sample transaction 61
[2022-07-24T10:37:01.724Z INFO  client] Sending sample transaction 62
[2022-07-24T10:37:01.775Z INFO  client] Sending sample transaction 63
[2022-07-24T10:37:01.824Z INFO  client] Sending sample transaction 64
[2022-07-24T10:37:01.874Z INFO  client] Sending sample transaction 65
[2022-07-24T10:37:01.924Z INFO  client] Sending sample transaction 66
[2022-07-24T10:37:02.000Z INFO  client] Sending sample transaction 67
[2022-07-24T10:37:02.024Z INFO  client] Sending sample transaction 68
[2022-07-24T10:37:02.074Z INFO  client] Sending sample transaction 69
[2022-07-24T10:37:02.124Z INFO  client] Sending sample transaction 70
[2022-07-24T10:37:02.174Z INFO  client] Sending sample transaction 71
[2022-07-24T10:37:02.224Z INFO  client] Sending sample transaction 72
[2022-07-24T10:37:02.274Z INFO  client] Sending sample transaction 73
[2022-07-24T10:37:02.324Z INFO  client] Sending sample transaction 74
[2022-07-24T10:37:02.374Z INFO  client] Sending sample transaction 75
[2022-07-24T10:37:02.424Z INFO  client] Sending sample transaction 76
[2022-07-24T10:37:02.474Z INFO  client] Sending sample transaction 77
[2022-07-24T10:37:02.524Z INFO  client] Sending sample transaction 78
[2022-07-24T10:37:02.574Z INFO  client] Sending sample transaction 79
[2022-07-24T10:37:02.623Z INFO  client] Sending sample transaction 80
[2022-07-24T10:37:02.674Z INFO  client] Sending sample transaction 81
[2022-07-24T10:37:02.724Z INFO  client] Sending sample transaction 82
[2022-07-24T10:37:02.774Z INFO  client] Sending sample transaction 83
[2022-07-24T10:37:02.824Z INFO  client] Sending sample transaction 84
[2022-07-24T10:37:02.877Z INFO  client] Sending sample transaction 85
[2022-07-24T10:37:02.924Z INFO  client] Sending sample transaction 86
[2022-07-24T10:37:02.974Z INFO  client] Sending sample transaction 87
[2022-07-24T10:37:03.024Z INFO  client] Sending sample transaction 88
[2022-07-24T10:37:03.074Z INFO  client] Sending sample transaction 89
[2022-07-24T10:37:03.124Z INFO  client] Sending sample transaction 90
[2022-07-24T10:37:03.174Z INFO  client] Sending sample transaction 91
[2022-07-24T10:37:03.224Z INFO  client] Sending sample transaction 92
[2022-07-24T10:37:03.275Z INFO  client] Sending sample transaction 93
[2022-07-24T10:37:03.324Z INFO  client] Sending sample transaction 94
[2022-07-24T10:37:03.374Z INFO  client] Sending sample transaction 95
[2022-07-24T10:37:03.424Z INFO  client] Sending sample transaction 96
[2022-07-24T10:37:03.474Z INFO  client] Sending sample transaction 97
[2022-07-24T10:37:03.523Z INFO  client] Sending sample transaction 98
[2022-07-24T10:37:03.574Z INFO  client] Sending sample transaction 99
[2022-07-24T10:37:03.624Z INFO  client] Sending sample transaction 100
[2022-07-24T10:37:03.674Z INFO  client] Sending sample transaction 101
[2022-07-24T10:37:03.723Z INFO  client] Sending sample transaction 102
[2022-07-24T10:37:03.775Z INFO  client] Sending sample transaction 103
[2022-07-24T10:37:03.824Z INFO  client] Sending sample transaction 104
[2022-07-24T10:37:03.874Z INFO  client] Sending sample transaction 105
[2022-07-24T10:37:03.927Z INFO  client] Sending sample transaction 106
[2022-07-24T10:37:03.974Z INFO  client] Sending sample transaction 107
[2022-07-24T10:37:04.024Z INFO  client] Sending sample transaction 108
[2022-07-24T10:37:04.074Z INFO  client] Sending sample transaction 109
[2022-07-24T10:37:04.124Z INFO  client] Sending sample transaction 110
[2022-07-24T10:37:04.174Z INFO  client] Sending sample transaction 111
[2022-07-24T10:37:04.224Z INFO  client] Sending sample transaction 112
[2022-07-24T10:37:04.274Z INFO  client] Sending sample transaction 113
[2022-07-24T10:37:04.365Z INFO  client] Sending sample transaction 114
[2022-07-24T10:37:04.379Z INFO  client] Sending sample transaction 115
[2022-07-24T10:37:04.426Z INFO  client] Sending sample transaction 116
[2022-07-24T10:37:04.474Z INFO  client] Sending sample transaction 117
[2022-07-24T10:37:04.524Z INFO  client] Sending sample transaction 118
[2022-07-24T10:37:04.574Z INFO  client] Sending sample transaction 119
[2022-07-24T10:37:04.624Z INFO  client] Sending sample transaction 120
[2022-07-24T10:37:04.674Z INFO  client] Sending sample transaction 121
[2022-07-24T10:37:04.724Z INFO  client] Sending sample transaction 122
[2022-07-24T10:37:04.774Z INFO  client] Sending sample transaction 123
[2022-07-24T10:37:04.824Z INFO  client] Sending sample transaction 124
[2022-07-24T10:37:04.873Z INFO  client] Sending sample transaction 125
[2022-07-24T10:37:04.923Z INFO  client] Sending sample transaction 126
[2022-07-24T10:37:04.982Z INFO  client] Sending sample transaction 127
[2022-07-24T10:37:05.025Z INFO  client] Sending sample transaction 128
[2022-07-24T10:37:05.074Z INFO  client] Sending sample transaction 129
[2022-07-24T10:37:05.123Z INFO  client] Sending sample transaction 130
[2022-07-24T10:37:05.174Z INFO  client] Sending sample transaction 131
[2022-07-24T10:37:05.224Z INFO  client] Sending sample transaction 132
[2022-07-24T10:37:05.275Z INFO  client] Sending sample transaction 133
[2022-07-24T10:37:05.324Z INFO  client] Sending sample transaction 134
[2022-07-24T10:37:05.374Z INFO  client] Sending sample transaction 135
[2022-07-24T10:37:05.424Z INFO  client] Sending sample transaction 136
[2022-07-24T10:37:05.475Z INFO  client] Sending sample transaction 137
[2022-07-24T10:37:05.523Z INFO  client] Sending sample transaction 138
[2022-07-24T10:37:05.574Z INFO  client] Sending sample transaction 139
[2022-07-24T10:37:05.624Z INFO  client] Sending sample transaction 140
[2022-07-24T10:37:05.674Z INFO  client] Sending sample transaction 141
[2022-07-24T10:37:05.724Z INFO  client] Sending sample transaction 142
[2022-07-24T10:37:05.773Z INFO  client] Sending sample transaction 143
[2022-07-24T10:37:05.824Z INFO  client] Sending sample transaction 144
[2022-07-24T10:37:05.875Z INFO  client] Sending sample transaction 145
[2022-07-24T10:37:05.924Z INFO  client] Sending sample transaction 146
[2022-07-24T10:37:05.974Z INFO  client] Sending sample transaction 147
[2022-07-24T10:37:06.023Z INFO  client] Sending sample transaction 148
[2022-07-24T10:37:06.075Z INFO  client] Sending sample transaction 149
[2022-07-24T10:37:06.123Z INFO  client] Sending sample transaction 150
[2022-07-24T10:37:06.173Z INFO  client] Sending sample transaction 151
[2022-07-24T10:37:06.223Z INFO  client] Sending sample transaction 152
[2022-07-24T10:37:06.274Z INFO  client] Sending sample transaction 153
[2022-07-24T10:37:06.323Z INFO  client] Sending sample transaction 154
[2022-07-24T10:37:06.374Z INFO  client] Sending sample transaction 155
[2022-07-24T10:37:06.468Z INFO  client] Sending sample transaction 156
[2022-07-24T10:37:06.509Z INFO  client] Sending sample transaction 157
[2022-07-24T10:37:06.524Z INFO  client] Sending sample transaction 158
[2022-07-24T10:37:06.574Z INFO  client] Sending sample transaction 159
[2022-07-24T10:37:06.624Z INFO  client] Sending sample transaction 160
[2022-07-24T10:37:06.674Z INFO  client] Sending sample transaction 161
[2022-07-24T10:37:06.723Z INFO  client] Sending sample transaction 162
[2022-07-24T10:37:06.774Z INFO  client] Sending sample transaction 163
[2022-07-24T10:37:06.824Z INFO  client] Sending sample transaction 164
[2022-07-24T10:37:06.874Z INFO  client] Sending sample transaction 165
[2022-07-24T10:37:06.925Z INFO  client] Sending sample transaction 166
[2022-07-24T10:37:06.974Z INFO  client] Sending sample transaction 167
[2022-07-24T10:37:07.039Z INFO  client] Sending sample transaction 168
[2022-07-24T10:37:07.073Z INFO  client] Sending sample transaction 169
[2022-07-24T10:37:07.124Z INFO  client] Sending sample transaction 170
[2022-07-24T10:37:07.173Z INFO  client] Sending sample transaction 171
[2022-07-24T10:37:07.225Z INFO  client] Sending sample transaction 172
[2022-07-24T10:37:07.275Z INFO  client] Sending sample transaction 173
[2022-07-24T10:37:07.323Z INFO  client] Sending sample transaction 174
[2022-07-24T10:37:07.374Z INFO  client] Sending sample transaction 175
[2022-07-24T10:37:07.424Z INFO  client] Sending sample transaction 176
[2022-07-24T10:37:07.473Z INFO  client] Sending sample transaction 177
[2022-07-24T10:37:07.528Z INFO  client] Sending sample transaction 178
[2022-07-24T10:37:07.573Z INFO  client] Sending sample transaction 179
[2022-07-24T10:37:07.624Z INFO  client] Sending sample transaction 180
[2022-07-24T10:37:07.674Z INFO  client] Sending sample transaction 181
[2022-07-24T10:37:07.725Z INFO  client] Sending sample transaction 182
[2022-07-24T10:37:07.774Z INFO  client] Sending sample transaction 183
[2022-07-24T10:37:07.825Z INFO  client] Sending sample transaction 184
[2022-07-24T10:37:07.873Z INFO  client] Sending sample transaction 185
[2022-07-24T10:37:07.924Z INFO  client] Sending sample transaction 186
[2022-07-24T10:37:07.975Z INFO  client] Sending sample transaction 187
[2022-07-24T10:37:08.024Z INFO  client] Sending sample transaction 188
[2022-07-24T10:37:08.074Z INFO  client] Sending sample transaction 189
[2022-07-24T10:37:08.124Z INFO  client] Sending sample transaction 190
[2022-07-24T10:37:08.174Z INFO  client] Sending sample transaction 191
[2022-07-24T10:37:08.224Z INFO  client] Sending sample transaction 192
[2022-07-24T10:37:08.274Z INFO  client] Sending sample transaction 193
[2022-07-24T10:37:08.324Z INFO  client] Sending sample transaction 194
[2022-07-24T10:37:08.374Z INFO  client] Sending sample transaction 195
[2022-07-24T10:37:08.425Z INFO  client] Sending sample transaction 196
[2022-07-24T10:37:08.473Z INFO  client] Sending sample transaction 197
[2022-07-24T10:37:08.524Z INFO  client] Sending sample transaction 198
[2022-07-24T10:37:08.575Z INFO  client] Sending sample transaction 199
[2022-07-24T10:37:08.624Z INFO  client] Sending sample transaction 200
[2022-07-24T10:37:08.673Z INFO  client] Sending sample transaction 201
[2022-07-24T10:37:08.727Z INFO  client] Sending sample transaction 202
[2022-07-24T10:37:08.774Z INFO  client] Sending sample transaction 203
[2022-07-24T10:37:08.824Z INFO  client] Sending sample transaction 204
[2022-07-24T10:37:08.874Z INFO  client] Sending sample transaction 205
[2022-07-24T10:37:08.924Z INFO  client] Sending sample transaction 206
[2022-07-24T10:37:08.987Z INFO  client] Sending sample transaction 207
[2022-07-24T10:37:09.025Z INFO  client] Sending sample transaction 208
[2022-07-24T10:37:09.083Z INFO  client] Sending sample transaction 209
[2022-07-24T10:37:09.134Z INFO  client] Sending sample transaction 210
[2022-07-24T10:37:09.175Z INFO  client] Sending sample transaction 211
[2022-07-24T10:37:09.224Z INFO  client] Sending sample transaction 212
[2022-07-24T10:37:09.274Z INFO  client] Sending sample transaction 213
[2022-07-24T10:37:09.324Z INFO  client] Sending sample transaction 214
[2022-07-24T10:37:09.374Z INFO  client] Sending sample transaction 215
[2022-07-24T10:37:09.424Z INFO  client] Sending sample transaction 216
[2022-07-24T10:37:09.474Z INFO  client] Sending sample transaction 217
[2022-07-24T10:37:09.524Z INFO  client] Sending sample transaction 218
[2022-07-24T10:37:09.574Z INFO  client] Sending sample transaction 219
[2022-07-24T10:37:09.623Z INFO  client] Sending sample transaction 220
[2022-07-24T10:37:09.673Z INFO  client] Sending sample transaction 221
[2022-07-24T10:37:09.723Z INFO  client] Sending sample transaction 222
[2022-07-24T10:37:09.774Z INFO  client] Sending sample transaction 223
[2022-07-24T10:37:09.823Z INFO  client] Sending sample transaction 224
[2022-07-24T10:37:09.874Z INFO  client] Sending sample transaction 225
[2022-07-24T10:37:09.925Z INFO  client] Sending sample transaction 226
[2022-07-24T10:37:09.974Z INFO  client] Sending sample transaction 227
[2022-07-24T10:37:10.025Z INFO  client] Sending sample transaction 228
[2022-07-24T10:37:10.074Z INFO  client] Sending sample transaction 229
[2022-07-24T10:37:10.145Z INFO  client] Sending sample transaction 230
[2022-07-24T10:37:10.174Z INFO  client] Sending sample transaction 231
[2022-07-24T10:37:10.224Z INFO  client] Sending sample transaction 232
[2022-07-24T10:37:10.276Z INFO  client] Sending sample transaction 233
[2022-07-24T10:37:10.325Z INFO  client] Sending sample transaction 234
[2022-07-24T10:37:10.374Z INFO  client] Sending sample transaction 235
[2022-07-24T10:37:10.424Z INFO  client] Sending sample transaction 236
[2022-07-24T10:37:10.475Z INFO  client] Sending sample transaction 237
[2022-07-24T10:37:10.523Z INFO  client] Sending sample transaction 238
[2022-07-24T10:37:10.575Z INFO  client] Sending sample transaction 239
[2022-07-24T10:37:10.623Z INFO  client] Sending sample transaction 240
[2022-07-24T10:37:10.675Z INFO  client] Sending sample transaction 241
[2022-07-24T10:37:10.724Z INFO  client] Sending sample transaction 242
[2022-07-24T10:37:10.774Z INFO  client] Sending sample transaction 243
[2022-07-24T10:37:10.824Z INFO  client] Sending sample transaction 244
[2022-07-24T10:37:10.874Z INFO  client] Sending sample transaction 245
[2022-07-24T10:37:10.927Z INFO  client] Sending sample transaction 246
[2022-07-24T10:37:10.973Z INFO  client] Sending sample transaction 247
[2022-07-24T10:37:11.024Z INFO  client] Sending sample transaction 248
[2022-07-24T10:37:11.073Z INFO  client] Sending sample transaction 249
[2022-07-24T10:37:11.123Z INFO  client] Sending sample transaction 250
[2022-07-24T10:37:11.174Z INFO  client] Sending sample transaction 251
[2022-07-24T10:37:11.224Z INFO  client] Sending sample transaction 252
[2022-07-24T10:37:11.275Z INFO  client] Sending sample transaction 253
[2022-07-24T10:37:11.324Z INFO  client] Sending sample transaction 254
[2022-07-24T10:37:11.373Z INFO  client] Sending sample transaction 255
[2022-07-24T10:37:11.424Z INFO  client] Sending sample transaction 256
[2022-07-24T10:37:11.474Z INFO  client] Sending sample transaction 257
[2022-07-24T10:37:11.524Z INFO  client] Sending sample transaction 258
[2022-07-24T10:37:11.587Z INFO  client] Sending sample transaction 259
[2022-07-24T10:37:11.623Z INFO  client] Sending sample transaction 260
[2022-07-24T10:37:11.673Z INFO  client] Sending sample transaction 261
[2022-07-24T10:37:11.723Z INFO  client] Sending sample transaction 262
[2022-07-24T10:37:11.809Z INFO  client] Sending sample transaction 263
[2022-07-24T10:37:11.827Z INFO  client] Sending sample transaction 264
[2022-07-24T10:37:11.874Z INFO  client] Sending sample transaction 265
[2022-07-24T10:37:11.924Z INFO  client] Sending sample transaction 266
[2022-07-24T10:37:11.974Z INFO  client] Sending sample transaction 267
[2022-07-24T10:37:12.024Z INFO  client] Sending sample transaction 268
[2022-07-24T10:37:12.075Z INFO  client] Sending sample transaction 269
[2022-07-24T10:37:12.124Z INFO  client] Sending sample transaction 270
[2022-07-24T10:37:12.173Z INFO  client] Sending sample transaction 271
[2022-07-24T10:37:12.224Z INFO  client] Sending sample transaction 272
[2022-07-24T10:37:12.274Z INFO  client] Sending sample transaction 273
[2022-07-24T10:37:12.324Z INFO  client] Sending sample transaction 274
[2022-07-24T10:37:12.375Z INFO  client] Sending sample transaction 275
[2022-07-24T10:37:12.424Z INFO  client] Sending sample transaction 276
[2022-07-24T10:37:12.474Z INFO  client] Sending sample transaction 277
[2022-07-24T10:37:12.524Z INFO  client] Sending sample transaction 278
[2022-07-24T10:37:12.574Z INFO  client] Sending sample transaction 279
[2022-07-24T10:37:12.623Z INFO  client] Sending sample transaction 280
[2022-07-24T10:37:12.674Z INFO  client] Sending sample transaction 281
[2022-07-24T10:37:12.724Z INFO  client] Sending sample transaction 282
[2022-07-24T10:37:12.774Z INFO  client] Sending sample transaction 283
[2022-07-24T10:37:12.824Z INFO  client] Sending sample transaction 284
[2022-07-24T10:37:12.874Z INFO  client] Sending sample transaction 285
[2022-07-24T10:37:12.924Z INFO  client] Sending sample transaction 286
[2022-07-24T10:37:12.974Z INFO  client] Sending sample transaction 287
[2022-07-24T10:37:13.023Z INFO  client] Sending sample transaction 288
[2022-07-24T10:37:13.075Z INFO  client] Sending sample transaction 289
[2022-07-24T10:37:13.125Z INFO  client] Sending sample transaction 290
[2022-07-24T10:37:13.174Z INFO  client] Sending sample transaction 291
[2022-07-24T10:37:13.229Z INFO  client] Sending sample transaction 292
[2022-07-24T10:37:13.275Z INFO  client] Sending sample transaction 293
[2022-07-24T10:37:13.326Z INFO  client] Sending sample transaction 294
[2022-07-24T10:37:13.374Z INFO  client] Sending sample transaction 295
[2022-07-24T10:37:13.424Z INFO  client] Sending sample transaction 296
[2022-07-24T10:37:13.474Z INFO  client] Sending sample transaction 297
[2022-07-24T10:37:13.524Z INFO  client] Sending sample transaction 298
[2022-07-24T10:37:13.573Z INFO  client] Sending sample transaction 299
[2022-07-24T10:37:13.623Z INFO  client] Sending sample transaction 300
[2022-07-24T10:37:13.674Z INFO  client] Sending sample transaction 301
[2022-07-24T10:37:13.724Z INFO  client] Sending sample transaction 302
[2022-07-24T10:37:13.774Z INFO  client] Sending sample transaction 303
[2022-07-24T10:37:13.837Z INFO  client] Sending sample transaction 304
[2022-07-24T10:37:13.913Z INFO  client] Sending sample transaction 305
[2022-07-24T10:37:13.924Z INFO  client] Sending sample transaction 306
[2022-07-24T10:37:13.974Z INFO  client] Sending sample transaction 307
[2022-07-24T10:37:14.024Z INFO  client] Sending sample transaction 308
[2022-07-24T10:37:14.074Z INFO  client] Sending sample transaction 309
[2022-07-24T10:37:14.124Z INFO  client] Sending sample transaction 310
[2022-07-24T10:37:14.175Z INFO  client] Sending sample transaction 311
[2022-07-24T10:37:14.225Z INFO  client] Sending sample transaction 312
[2022-07-24T10:37:14.275Z INFO  client] Sending sample transaction 313
[2022-07-24T10:37:14.330Z INFO  client] Sending sample transaction 314
[2022-07-24T10:37:14.373Z INFO  client] Sending sample transaction 315
[2022-07-24T10:37:14.424Z INFO  client] Sending sample transaction 316
[2022-07-24T10:37:14.473Z INFO  client] Sending sample transaction 317
[2022-07-24T10:37:14.524Z INFO  client] Sending sample transaction 318
[2022-07-24T10:37:14.574Z INFO  client] Sending sample transaction 319
[2022-07-24T10:37:14.623Z INFO  client] Sending sample transaction 320
[2022-07-24T10:37:14.674Z INFO  client] Sending sample transaction 321
[2022-07-24T10:37:14.724Z INFO  client] Sending sample transaction 322
[2022-07-24T10:37:14.774Z INFO  client] Sending sample transaction 323
[2022-07-24T10:37:14.824Z INFO  client] Sending sample transaction 324
[2022-07-24T10:37:14.873Z INFO  client] Sending sample transaction 325
[2022-07-24T10:37:14.924Z INFO  client] Sending sample transaction 326
[2022-07-24T10:37:14.974Z INFO  client] Sending sample transaction 327
[2022-07-24T10:37:15.024Z INFO  client] Sending sample transaction 328
[2022-07-24T10:37:15.074Z INFO  client] Sending sample transaction 329
[2022-07-24T10:37:15.123Z INFO  client] Sending sample transaction 330
[2022-07-24T10:37:15.174Z INFO  client] Sending sample transaction 331
[2022-07-24T10:37:15.224Z INFO  client] Sending sample transaction 332
[2022-07-24T10:37:15.274Z INFO  client] Sending sample transaction 333
[2022-07-24T10:37:15.324Z INFO  client] Sending sample transaction 334
[2022-07-24T10:37:15.392Z INFO  client] Sending sample transaction 335
[2022-07-24T10:37:15.425Z INFO  client] Sending sample transaction 336
[2022-07-24T10:37:15.474Z INFO  client] Sending sample transaction 337
[2022-07-24T10:37:15.524Z INFO  client] Sending sample transaction 338
[2022-07-24T10:37:15.574Z INFO  client] Sending sample transaction 339
[2022-07-24T10:37:15.624Z INFO  client] Sending sample transaction 340
[2022-07-24T10:37:15.674Z INFO  client] Sending sample transaction 341
[2022-07-24T10:37:15.725Z INFO  client] Sending sample transaction 342
[2022-07-24T10:37:15.774Z INFO  client] Sending sample transaction 343
[2022-07-24T10:37:15.824Z INFO  client] Sending sample transaction 344
[2022-07-24T10:37:15.874Z INFO  client] Sending sample transaction 345
[2022-07-24T10:37:15.924Z INFO  client] Sending sample transaction 346
[2022-07-24T10:37:15.974Z INFO  client] Sending sample transaction 347
[2022-07-24T10:37:16.026Z INFO  client] Sending sample transaction 348
[2022-07-24T10:37:16.073Z INFO  client] Sending sample transaction 349
[2022-07-24T10:37:16.124Z INFO  client] Sending sample transaction 350
[2022-07-24T10:37:16.173Z INFO  client] Sending sample transaction 351
[2022-07-24T10:37:16.223Z INFO  client] Sending sample transaction 352
[2022-07-24T10:37:16.274Z INFO  client] Sending sample transaction 353
[2022-07-24T10:37:16.394Z INFO  client] Sending sample transaction 354
[2022-07-24T10:37:16.402Z INFO  client] Sending sample transaction 355
[2022-07-24T10:37:16.424Z INFO  client] Sending sample transaction 356
[2022-07-24T10:37:16.474Z INFO  client] Sending sample transaction 357
[2022-07-24T10:37:16.524Z INFO  client] Sending sample transaction 358
[2022-07-24T10:37:16.575Z INFO  client] Sending sample transaction 359
[2022-07-24T10:37:16.624Z INFO  client] Sending sample transaction 360
[2022-07-24T10:37:16.674Z INFO  client] Sending sample transaction 361
[2022-07-24T10:37:16.724Z INFO  client] Sending sample transaction 362
[2022-07-24T10:37:16.774Z INFO  client] Sending sample transaction 363
[2022-07-24T10:37:16.824Z INFO  client] Sending sample transaction 364
[2022-07-24T10:37:16.874Z INFO  client] Sending sample transaction 365
[2022-07-24T10:37:16.923Z INFO  client] Sending sample transaction 366
[2022-07-24T10:37:16.974Z INFO  client] Sending sample transaction 367
[2022-07-24T10:37:17.023Z INFO  client] Sending sample transaction 368
[2022-07-24T10:37:17.074Z INFO  client] Sending sample transaction 369
[2022-07-24T10:37:17.124Z INFO  client] Sending sample transaction 370
[2022-07-24T10:37:17.175Z INFO  client] Sending sample transaction 371
[2022-07-24T10:37:17.224Z INFO  client] Sending sample transaction 372
[2022-07-24T10:37:17.274Z INFO  client] Sending sample transaction 373
[2022-07-24T10:37:17.324Z INFO  client] Sending sample transaction 374
[2022-07-24T10:37:17.374Z INFO  client] Sending sample transaction 375
[2022-07-24T10:37:17.423Z INFO  client] Sending sample transaction 376
[2022-07-24T10:37:17.474Z INFO  client] Sending sample transaction 377
[2022-07-24T10:37:17.524Z INFO  client] Sending sample transaction 378
[2022-07-24T10:37:17.574Z INFO  client] Sending sample transaction 379
[2022-07-24T10:37:17.623Z INFO  client] Sending sample transaction 380
[2022-07-24T10:37:17.674Z INFO  client] Sending sample transaction 381
[2022-07-24T10:37:17.724Z INFO  client] Sending sample transaction 382
[2022-07-24T10:37:17.774Z INFO  client] Sending sample transaction 383
[2022-07-24T10:37:17.824Z INFO  client] Sending sample transaction 384
[2022-07-24T10:37:17.874Z INFO  client] Sending sample transaction 385
[2022-07-24T10:37:17.924Z INFO  client] Sending sample transaction 386
[2022-07-24T10:37:17.973Z INFO  client] Sending sample transaction 387
[2022-07-24T10:37:18.023Z INFO  client] Sending sample transaction 388
[2022-07-24T10:37:18.073Z INFO  client] Sending sample transaction 389
[2022-07-24T10:37:18.124Z INFO  client] Sending sample transaction 390
[2022-07-24T10:37:18.174Z INFO  client] Sending sample transaction 391
[2022-07-24T10:37:18.224Z INFO  client] Sending sample transaction 392
[2022-07-24T10:37:18.273Z INFO  client] Sending sample transaction 393
[2022-07-24T10:37:18.324Z INFO  client] Sending sample transaction 394
[2022-07-24T10:37:18.374Z INFO  client] Sending sample transaction 395
[2022-07-24T10:37:18.424Z INFO  client] Sending sample transaction 396
[2022-07-24T10:37:18.474Z INFO  client] Sending sample transaction 397
[2022-07-24T10:37:18.525Z INFO  client] Sending sample transaction 398
[2022-07-24T10:37:18.574Z INFO  client] Sending sample transaction 399
[2022-07-24T10:37:18.624Z INFO  client] Sending sample transaction 400
[2022-07-24T10:37:18.674Z INFO  client] Sending sample transaction 401
[2022-07-24T10:37:18.724Z INFO  client] Sending sample transaction 402
[2022-07-24T10:37:18.775Z INFO  client] Sending sample transaction 403
[2022-07-24T10:37:18.824Z INFO  client] Sending sample transaction 404
[2022-07-24T10:37:18.874Z INFO  client] Sending sample transaction 405
[2022-07-24T10:37:18.923Z INFO  client] Sending sample transaction 406
[2022-07-24T10:37:18.975Z INFO  client] Sending sample transaction 407
[2022-07-24T10:37:19.032Z INFO  client] Sending sample transaction 408
[2022-07-24T10:37:19.081Z INFO  client] Sending sample transaction 409
[2022-07-24T10:37:19.124Z INFO  client] Sending sample transaction 410
[2022-07-24T10:37:19.174Z INFO  client] Sending sample transaction 411
[2022-07-24T10:37:19.224Z INFO  client] Sending sample transaction 412
[2022-07-24T10:37:19.274Z INFO  client] Sending sample transaction 413
[2022-07-24T10:37:19.325Z INFO  client] Sending sample transaction 414
[2022-07-24T10:37:19.373Z INFO  client] Sending sample transaction 415
[2022-07-24T10:37:19.424Z INFO  client] Sending sample transaction 416
[2022-07-24T10:37:19.474Z INFO  client] Sending sample transaction 417
[2022-07-24T10:37:19.523Z INFO  client] Sending sample transaction 418
[2022-07-24T10:37:19.579Z INFO  client] Sending sample transaction 419
[2022-07-24T10:37:19.626Z INFO  client] Sending sample transaction 420
[2022-07-24T10:37:19.680Z INFO  client] Sending sample transaction 421
[2022-07-24T10:37:19.731Z INFO  client] Sending sample transaction 422
[2022-07-24T10:37:19.853Z INFO  client] Sending sample transaction 423
[2022-07-24T10:37:19.853Z INFO  client] Sending sample transaction 424
[2022-07-24T10:37:19.890Z INFO  client] Sending sample transaction 425
[2022-07-24T10:37:19.923Z INFO  client] Sending sample transaction 426
[2022-07-24T10:37:20.005Z INFO  client] Sending sample transaction 427
[2022-07-24T10:37:20.029Z INFO  client] Sending sample transaction 428
[2022-07-24T10:37:20.074Z INFO  client] Sending sample transaction 429
[2022-07-24T10:37:20.125Z INFO  client] Sending sample transaction 430
[2022-07-24T10:37:20.174Z INFO  client] Sending sample transaction 431
[2022-07-24T10:37:20.225Z INFO  client] Sending sample transaction 432
[2022-07-24T10:37:20.278Z INFO  client] Sending sample transaction 433
[2022-07-24T10:37:20.327Z INFO  client] Sending sample transaction 434
