[2022-07-23T10:59:55.630Z INFO  client] Node address: 127.0.0.1:9010
[2022-07-23T10:59:55.630Z INFO  client] Transactions size: 512 B
[2022-07-23T10:59:55.630Z INFO  client] Transactions rate: 112 tx/s
[2022-07-23T10:59:55.630Z INFO  client] Waiting for all nodes to be online...
[2022-07-23T10:59:55.630Z INFO  client] Waiting for all nodes to be synchronized...
[2022-07-23T10:59:57.635Z INFO  client] Start sending transactions
[2022-07-23T10:59:57.637Z INFO  client] Sending sample transaction 0
[2022-07-23T10:59:57.703Z INFO  client] Sending sample transaction 1
[2022-07-23T10:59:57.756Z INFO  client] Sending sample transaction 2
[2022-07-23T10:59:58.021Z INFO  client] Sending sample transaction 3
[2022-07-23T10:59:58.036Z INFO  client] Sending sample transaction 4
[2022-07-23T10:59:58.037Z INFO  client] Sending sample transaction 5
[2022-07-23T10:59:58.052Z INFO  client] Sending sample transaction 6
[2022-07-23T10:59:58.073Z INFO  client] Sending sample transaction 7
[2022-07-23T10:59:58.131Z INFO  client] Sending sample transaction 8
[2022-07-23T10:59:58.132Z WARN  client] Transaction rate too high for this client
[2022-07-23T10:59:58.134Z INFO  client] Sending sample transaction 9
[2022-07-23T10:59:58.158Z INFO  client] Sending sample transaction 10
[2022-07-23T10:59:58.188Z INFO  client] Sending sample transaction 11
[2022-07-23T10:59:58.237Z INFO  client] Sending sample transaction 12
[2022-07-23T10:59:58.288Z INFO  client] Sending sample transaction 13
[2022-07-23T10:59:58.339Z INFO  client] Sending sample transaction 14
[2022-07-23T10:59:58.387Z INFO  client] Sending sample transaction 15
[2022-07-23T10:59:58.438Z INFO  client] Sending sample transaction 16
[2022-07-23T10:59:58.487Z INFO  client] Sending sample transaction 17
[2022-07-23T10:59:58.538Z INFO  client] Sending sample transaction 18
[2022-07-23T10:59:58.594Z INFO  client] Sending sample transaction 19
[2022-07-23T10:59:58.638Z INFO  client] Sending sample transaction 20
[2022-07-23T10:59:58.689Z INFO  client] Sending sample transaction 21
[2022-07-23T10:59:58.738Z INFO  client] Sending sample transaction 22
[2022-07-23T10:59:58.789Z INFO  client] Sending sample transaction 23
[2022-07-23T10:59:58.839Z INFO  client] Sending sample transaction 24
[2022-07-23T10:59:58.887Z INFO  client] Sending sample transaction 25
[2022-07-23T10:59:58.937Z INFO  client] Sending sample transaction 26
[2022-07-23T10:59:58.989Z INFO  client] Sending sample transaction 27
[2022-07-23T10:59:59.038Z INFO  client] Sending sample transaction 28
[2022-07-23T10:59:59.088Z INFO  client] Sending sample transaction 29
[2022-07-23T10:59:59.150Z INFO  client] Sending sample transaction 30
[2022-07-23T10:59:59.199Z INFO  client] Sending sample transaction 31
[2022-07-23T10:59:59.238Z INFO  client] Sending sample transaction 32
[2022-07-23T10:59:59.288Z INFO  client] Sending sample transaction 33
[2022-07-23T10:59:59.339Z INFO  client] Sending sample transaction 34
[2022-07-23T10:59:59.387Z INFO  client] Sending sample transaction 35
[2022-07-23T10:59:59.438Z INFO  client] Sending sample transaction 36
[2022-07-23T10:59:59.492Z INFO  client] Sending sample transaction 37
[2022-07-23T10:59:59.544Z INFO  client] Sending sample transaction 38
[2022-07-23T10:59:59.590Z INFO  client] Sending sample transaction 39
[2022-07-23T10:59:59.640Z INFO  client] Sending sample transaction 40
[2022-07-23T10:59:59.687Z INFO  client] Sending sample transaction 41
[2022-07-23T10:59:59.738Z INFO  client] Sending sample transaction 42
[2022-07-23T10:59:59.788Z INFO  client] Sending sample transaction 43
[2022-07-23T10:59:59.837Z INFO  client] Sending sample transaction 44
[2022-07-23T10:59:59.888Z INFO  client] Sending sample transaction 45
[2022-07-23T10:59:59.937Z INFO  client] Sending sample transaction 46
[2022-07-23T10:59:59.988Z INFO  client] Sending sample transaction 47
[2022-07-23T11:00:00.038Z INFO  client] Sending sample transaction 48
[2022-07-23T11:00:00.088Z INFO  client] Sending sample transaction 49
[2022-07-23T11:00:00.172Z INFO  client] Sending sample transaction 50
[2022-07-23T11:00:00.192Z INFO  client] Sending sample transaction 51
[2022-07-23T11:00:00.238Z INFO  client] Sending sample transaction 52
[2022-07-23T11:00:00.297Z INFO  client] Sending sample transaction 53
[2022-07-23T11:00:00.339Z INFO  client] Sending sample transaction 54
[2022-07-23T11:00:00.395Z INFO  client] Sending sample transaction 55
[2022-07-23T11:00:00.454Z INFO  client] Sending sample transaction 56
[2022-07-23T11:00:00.495Z INFO  client] Sending sample transaction 57
[2022-07-23T11:00:00.569Z INFO  client] Sending sample transaction 58
[2022-07-23T11:00:00.613Z INFO  client] Sending sample transaction 59
[2022-07-23T11:00:00.654Z INFO  client] Sending sample transaction 60
[2022-07-23T11:00:00.774Z INFO  client] Sending sample transaction 61
[2022-07-23T11:00:00.775Z INFO  client] Sending sample transaction 62
[2022-07-23T11:00:00.839Z INFO  client] Sending sample transaction 63
[2022-07-23T11:00:00.872Z INFO  client] Sending sample transaction 64
[2022-07-23T11:00:00.985Z INFO  client] Sending sample transaction 65
[2022-07-23T11:00:01.031Z INFO  client] Sending sample transaction 66
[2022-07-23T11:00:01.032Z INFO  client] Sending sample transaction 67
[2022-07-23T11:00:01.055Z INFO  client] Sending sample transaction 68
[2022-07-23T11:00:01.091Z INFO  client] Sending sample transaction 69
[2022-07-23T11:00:01.137Z INFO  client] Sending sample transaction 70
[2022-07-23T11:00:01.201Z INFO  client] Sending sample transaction 71
[2022-07-23T11:00:01.288Z INFO  client] Sending sample transaction 72
[2022-07-23T11:00:01.288Z INFO  client] Sending sample transaction 73
[2022-07-23T11:00:01.429Z INFO  client] Sending sample transaction 74
[2022-07-23T11:00:01.429Z INFO  client] Sending sample transaction 75
[2022-07-23T11:00:01.467Z INFO  client] Sending sample transaction 76
[2022-07-23T11:00:01.539Z INFO  client] Sending sample transaction 77
[2022-07-23T11:00:01.563Z INFO  client] Sending sample transaction 78
[2022-07-23T11:00:01.593Z INFO  client] Sending sample transaction 79
[2022-07-23T11:00:01.647Z INFO  client] Sending sample transaction 80
[2022-07-23T11:00:01.699Z INFO  client] Sending sample transaction 81
[2022-07-23T11:00:01.739Z INFO  client] Sending sample transaction 82
[2022-07-23T11:00:01.788Z INFO  client] Sending sample transaction 83
[2022-07-23T11:00:01.838Z INFO  client] Sending sample transaction 84
[2022-07-23T11:00:01.893Z INFO  client] Sending sample transaction 85
[2022-07-23T11:00:01.946Z INFO  client] Sending sample transaction 86
[2022-07-23T11:00:01.990Z INFO  client] Sending sample transaction 87
[2022-07-23T11:00:02.040Z INFO  client] Sending sample transaction 88
[2022-07-23T11:00:02.090Z INFO  client] Sending sample transaction 89
[2022-07-23T11:00:02.142Z INFO  client] Sending sample transaction 90
[2022-07-23T11:00:02.207Z INFO  client] Sending sample transaction 91
[2022-07-23T11:00:02.245Z INFO  client] Sending sample transaction 92
[2022-07-23T11:00:02.309Z INFO  client] Sending sample transaction 93
[2022-07-23T11:00:02.389Z INFO  client] Sending sample transaction 94
[2022-07-23T11:00:02.406Z INFO  client] Sending sample transaction 95
[2022-07-23T11:00:02.446Z INFO  client] Sending sample transaction 96
[2022-07-23T11:00:02.506Z INFO  client] Sending sample transaction 97
[2022-07-23T11:00:02.551Z INFO  client] Sending sample transaction 98
[2022-07-23T11:00:02.601Z INFO  client] Sending sample transaction 99
[2022-07-23T11:00:02.639Z INFO  client] Sending sample transaction 100
[2022-07-23T11:00:02.688Z INFO  client] Sending sample transaction 101
[2022-07-23T11:00:02.748Z INFO  client] Sending sample transaction 102
[2022-07-23T11:00:02.821Z INFO  client] Sending sample transaction 103
[2022-07-23T11:00:02.881Z INFO  client] Sending sample transaction 104
[2022-07-23T11:00:02.893Z INFO  client] Sending sample transaction 105
[2022-07-23T11:00:02.939Z INFO  client] Sending sample transaction 106
[2022-07-23T11:00:02.988Z INFO  client] Sending sample transaction 107
[2022-07-23T11:00:03.048Z INFO  client] Sending sample transaction 108
[2022-07-23T11:00:03.124Z INFO  client] Sending sample transaction 109
[2022-07-23T11:00:03.182Z INFO  client] Sending sample transaction 110
[2022-07-23T11:00:03.236Z WARN  client] Transaction rate too high for this client
[2022-07-23T11:00:03.236Z INFO  client] Sending sample transaction 111
[2022-07-23T11:00:03.259Z INFO  client] Sending sample transaction 112
[2022-07-23T11:00:03.295Z INFO  client] Sending sample transaction 113
[2022-07-23T11:00:03.339Z INFO  client] Sending sample transaction 114
[2022-07-23T11:00:03.396Z INFO  client] Sending sample transaction 115
[2022-07-23T11:00:03.438Z INFO  client] Sending sample transaction 116
[2022-07-23T11:00:03.495Z INFO  client] Sending sample transaction 117
[2022-07-23T11:00:03.555Z INFO  client] Sending sample transaction 118
[2022-07-23T11:00:03.622Z INFO  client] Sending sample transaction 119
[2022-07-23T11:00:03.753Z INFO  client] Sending sample transaction 120
[2022-07-23T11:00:03.851Z INFO  client] Sending sample transaction 121
[2022-07-23T11:00:03.877Z WARN  client] Transaction rate too high for this client
[2022-07-23T11:00:03.877Z INFO  client] Sending sample transaction 122
[2022-07-23T11:00:03.877Z INFO  client] Sending sample transaction 123
[2022-07-23T11:00:03.878Z INFO  client] Sending sample transaction 124
[2022-07-23T11:00:03.985Z INFO  client] Sending sample transaction 125
[2022-07-23T11:00:04.079Z WARN  client] Transaction rate too high for this client
[2022-07-23T11:00:04.116Z INFO  client] Sending sample transaction 126
[2022-07-23T11:00:04.131Z WARN  client] Transaction rate too high for this client
[2022-07-23T11:00:04.131Z INFO  client] Sending sample transaction 127
[2022-07-23T11:00:04.149Z INFO  client] Sending sample transaction 128
[2022-07-23T11:00:04.149Z INFO  client] Sending sample transaction 129
[2022-07-23T11:00:04.206Z INFO  client] Sending sample transaction 130
[2022-07-23T11:00:04.221Z INFO  client] Sending sample transaction 131
[2022-07-23T11:00:04.354Z INFO  client] Sending sample transaction 132
[2022-07-23T11:00:04.366Z WARN  client] Transaction rate too high for this client
[2022-07-23T11:00:04.367Z INFO  client] Sending sample transaction 133
[2022-07-23T11:00:04.425Z INFO  client] Sending sample transaction 134
[2022-07-23T11:00:04.426Z INFO  client] Sending sample transaction 135
[2022-07-23T11:00:04.480Z INFO  client] Sending sample transaction 136
[2022-07-23T11:00:04.553Z WARN  client] Transaction rate too high for this client
[2022-07-23T11:00:04.554Z INFO  client] Sending sample transaction 137
[2022-07-23T11:00:04.619Z INFO  client] Sending sample transaction 138
[2022-07-23T11:00:04.619Z INFO  client] Sending sample transaction 139
[2022-07-23T11:00:04.650Z INFO  client] Sending sample transaction 140
[2022-07-23T11:00:04.687Z INFO  client] Sending sample transaction 141
[2022-07-23T11:00:04.784Z INFO  client] Sending sample transaction 142
[2022-07-23T11:00:04.798Z INFO  client] Sending sample transaction 143
[2022-07-23T11:00:04.846Z INFO  client] Sending sample transaction 144
[2022-07-23T11:00:04.889Z INFO  client] Sending sample transaction 145
[2022-07-23T11:00:04.940Z INFO  client] Sending sample transaction 146
[2022-07-23T11:00:04.989Z INFO  client] Sending sample transaction 147
[2022-07-23T11:00:05.038Z INFO  client] Sending sample transaction 148
[2022-07-23T11:00:05.087Z INFO  client] Sending sample transaction 149
[2022-07-23T11:00:05.137Z INFO  client] Sending sample transaction 150
[2022-07-23T11:00:05.187Z INFO  client] Sending sample transaction 151
[2022-07-23T11:00:05.244Z INFO  client] Sending sample transaction 152
[2022-07-23T11:00:05.345Z INFO  client] Sending sample transaction 153
[2022-07-23T11:00:05.351Z INFO  client] Sending sample transaction 154
[2022-07-23T11:00:05.402Z INFO  client] Sending sample transaction 155
[2022-07-23T11:00:05.439Z INFO  client] Sending sample transaction 156
[2022-07-23T11:00:05.488Z INFO  client] Sending sample transaction 157
[2022-07-23T11:00:05.539Z INFO  client] Sending sample transaction 158
[2022-07-23T11:00:05.588Z INFO  client] Sending sample transaction 159
[2022-07-23T11:00:05.641Z INFO  client] Sending sample transaction 160
[2022-07-23T11:00:05.688Z INFO  client] Sending sample transaction 161
[2022-07-23T11:00:05.738Z INFO  client] Sending sample transaction 162
[2022-07-23T11:00:05.788Z INFO  client] Sending sample transaction 163
[2022-07-23T11:00:05.838Z INFO  client] Sending sample transaction 164
[2022-07-23T11:00:05.888Z INFO  client] Sending sample transaction 165
[2022-07-23T11:00:05.939Z INFO  client] Sending sample transaction 166
[2022-07-23T11:00:05.988Z INFO  client] Sending sample transaction 167
[2022-07-23T11:00:06.038Z INFO  client] Sending sample transaction 168
[2022-07-23T11:00:06.088Z INFO  client] Sending sample transaction 169
[2022-07-23T11:00:06.138Z INFO  client] Sending sample transaction 170
[2022-07-23T11:00:06.187Z INFO  client] Sending sample transaction 171
[2022-07-23T11:00:06.238Z INFO  client] Sending sample transaction 172
[2022-07-23T11:00:06.289Z INFO  client] Sending sample transaction 173
[2022-07-23T11:00:06.337Z INFO  client] Sending sample transaction 174
[2022-07-23T11:00:06.388Z INFO  client] Sending sample transaction 175
[2022-07-23T11:00:06.438Z INFO  client] Sending sample transaction 176
[2022-07-23T11:00:06.487Z INFO  client] Sending sample transaction 177
[2022-07-23T11:00:06.537Z INFO  client] Sending sample transaction 178
[2022-07-23T11:00:06.588Z INFO  client] Sending sample transaction 179
[2022-07-23T11:00:06.659Z INFO  client] Sending sample transaction 180
[2022-07-23T11:00:06.693Z INFO  client] Sending sample transaction 181
[2022-07-23T11:00:06.738Z INFO  client] Sending sample transaction 182
[2022-07-23T11:00:06.788Z INFO  client] Sending sample transaction 183
[2022-07-23T11:00:06.838Z INFO  client] Sending sample transaction 184
[2022-07-23T11:00:06.887Z INFO  client] Sending sample transaction 185
[2022-07-23T11:00:06.939Z INFO  client] Sending sample transaction 186
[2022-07-23T11:00:06.988Z INFO  client] Sending sample transaction 187
[2022-07-23T11:00:07.037Z INFO  client] Sending sample transaction 188
[2022-07-23T11:00:07.089Z INFO  client] Sending sample transaction 189
[2022-07-23T11:00:07.138Z INFO  client] Sending sample transaction 190
[2022-07-23T11:00:07.187Z INFO  client] Sending sample transaction 191
[2022-07-23T11:00:07.237Z INFO  client] Sending sample transaction 192
[2022-07-23T11:00:07.287Z INFO  client] Sending sample transaction 193
[2022-07-23T11:00:07.338Z INFO  client] Sending sample transaction 194
[2022-07-23T11:00:07.387Z INFO  client] Sending sample transaction 195
[2022-07-23T11:00:07.438Z INFO  client] Sending sample transaction 196
[2022-07-23T11:00:07.488Z INFO  client] Sending sample transaction 197
[2022-07-23T11:00:07.537Z INFO  client] Sending sample transaction 198
[2022-07-23T11:00:07.588Z INFO  client] Sending sample transaction 199
[2022-07-23T11:00:07.638Z INFO  client] Sending sample transaction 200
[2022-07-23T11:00:07.688Z INFO  client] Sending sample transaction 201
[2022-07-23T11:00:07.737Z INFO  client] Sending sample transaction 202
[2022-07-23T11:00:07.787Z INFO  client] Sending sample transaction 203
[2022-07-23T11:00:07.839Z INFO  client] Sending sample transaction 204
[2022-07-23T11:00:07.888Z INFO  client] Sending sample transaction 205
[2022-07-23T11:00:07.938Z INFO  client] Sending sample transaction 206
[2022-07-23T11:00:07.989Z INFO  client] Sending sample transaction 207
[2022-07-23T11:00:08.039Z INFO  client] Sending sample transaction 208
[2022-07-23T11:00:08.088Z INFO  client] Sending sample transaction 209
[2022-07-23T11:00:08.137Z INFO  client] Sending sample transaction 210
[2022-07-23T11:00:08.187Z INFO  client] Sending sample transaction 211
[2022-07-23T11:00:08.237Z INFO  client] Sending sample transaction 212
[2022-07-23T11:00:08.287Z INFO  client] Sending sample transaction 213
[2022-07-23T11:00:08.337Z INFO  client] Sending sample transaction 214
[2022-07-23T11:00:08.387Z INFO  client] Sending sample transaction 215
[2022-07-23T11:00:08.438Z INFO  client] Sending sample transaction 216
[2022-07-23T11:00:08.488Z INFO  client] Sending sample transaction 217
[2022-07-23T11:00:08.538Z INFO  client] Sending sample transaction 218
[2022-07-23T11:00:08.587Z INFO  client] Sending sample transaction 219
[2022-07-23T11:00:08.638Z INFO  client] Sending sample transaction 220
[2022-07-23T11:00:08.688Z INFO  client] Sending sample transaction 221
[2022-07-23T11:00:08.769Z INFO  client] Sending sample transaction 222
[2022-07-23T11:00:08.788Z INFO  client] Sending sample transaction 223
[2022-07-23T11:00:08.837Z INFO  client] Sending sample transaction 224
[2022-07-23T11:00:08.888Z INFO  client] Sending sample transaction 225
[2022-07-23T11:00:08.938Z INFO  client] Sending sample transaction 226
[2022-07-23T11:00:08.987Z INFO  client] Sending sample transaction 227
[2022-07-23T11:00:09.037Z INFO  client] Sending sample transaction 228
[2022-07-23T11:00:09.087Z INFO  client] Sending sample transaction 229
[2022-07-23T11:00:09.137Z INFO  client] Sending sample transaction 230
[2022-07-23T11:00:09.187Z INFO  client] Sending sample transaction 231
[2022-07-23T11:00:09.238Z INFO  client] Sending sample transaction 232
[2022-07-23T11:00:09.288Z INFO  client] Sending sample transaction 233
[2022-07-23T11:00:09.338Z INFO  client] Sending sample transaction 234
[2022-07-23T11:00:09.387Z INFO  client] Sending sample transaction 235
[2022-07-23T11:00:09.438Z INFO  client] Sending sample transaction 236
[2022-07-23T11:00:09.488Z INFO  client] Sending sample transaction 237
[2022-07-23T11:00:09.537Z INFO  client] Sending sample transaction 238
[2022-07-23T11:00:09.588Z INFO  client] Sending sample transaction 239
[2022-07-23T11:00:09.637Z INFO  client] Sending sample transaction 240
[2022-07-23T11:00:09.687Z INFO  client] Sending sample transaction 241
[2022-07-23T11:00:09.738Z INFO  client] Sending sample transaction 242
[2022-07-23T11:00:09.788Z INFO  client] Sending sample transaction 243
[2022-07-23T11:00:09.837Z INFO  client] Sending sample transaction 244
[2022-07-23T11:00:09.887Z INFO  client] Sending sample transaction 245
[2022-07-23T11:00:09.938Z INFO  client] Sending sample transaction 246
[2022-07-23T11:00:09.987Z INFO  client] Sending sample transaction 247
[2022-07-23T11:00:10.038Z INFO  client] Sending sample transaction 248
[2022-07-23T11:00:10.089Z INFO  client] Sending sample transaction 249
[2022-07-23T11:00:10.137Z INFO  client] Sending sample transaction 250
[2022-07-23T11:00:10.187Z INFO  client] Sending sample transaction 251
[2022-07-23T11:00:10.238Z INFO  client] Sending sample transaction 252
[2022-07-23T11:00:10.287Z INFO  client] Sending sample transaction 253
[2022-07-23T11:00:10.338Z INFO  client] Sending sample transaction 254
[2022-07-23T11:00:10.388Z INFO  client] Sending sample transaction 255
[2022-07-23T11:00:10.437Z INFO  client] Sending sample transaction 256
[2022-07-23T11:00:10.489Z INFO  client] Sending sample transaction 257
[2022-07-23T11:00:10.538Z INFO  client] Sending sample transaction 258
[2022-07-23T11:00:10.588Z INFO  client] Sending sample transaction 259
[2022-07-23T11:00:10.637Z INFO  client] Sending sample transaction 260
[2022-07-23T11:00:10.687Z INFO  client] Sending sample transaction 261
[2022-07-23T11:00:10.737Z INFO  client] Sending sample transaction 262
[2022-07-23T11:00:10.788Z INFO  client] Sending sample transaction 263
[2022-07-23T11:00:10.846Z INFO  client] Sending sample transaction 264
[2022-07-23T11:00:10.896Z INFO  client] Sending sample transaction 265
[2022-07-23T11:00:10.937Z INFO  client] Sending sample transaction 266
[2022-07-23T11:00:10.987Z INFO  client] Sending sample transaction 267
[2022-07-23T11:00:11.037Z INFO  client] Sending sample transaction 268
[2022-07-23T11:00:11.087Z INFO  client] Sending sample transaction 269
[2022-07-23T11:00:11.138Z INFO  client] Sending sample transaction 270
[2022-07-23T11:00:11.188Z INFO  client] Sending sample transaction 271
[2022-07-23T11:00:11.237Z INFO  client] Sending sample transaction 272
[2022-07-23T11:00:11.288Z INFO  client] Sending sample transaction 273
[2022-07-23T11:00:11.338Z INFO  client] Sending sample transaction 274
[2022-07-23T11:00:11.387Z INFO  client] Sending sample transaction 275
[2022-07-23T11:00:11.438Z INFO  client] Sending sample transaction 276
[2022-07-23T11:00:11.487Z INFO  client] Sending sample transaction 277
[2022-07-23T11:00:11.538Z INFO  client] Sending sample transaction 278
[2022-07-23T11:00:11.587Z INFO  client] Sending sample transaction 279
[2022-07-23T11:00:11.638Z INFO  client] Sending sample transaction 280
[2022-07-23T11:00:11.688Z INFO  client] Sending sample transaction 281
[2022-07-23T11:00:11.738Z INFO  client] Sending sample transaction 282
[2022-07-23T11:00:11.788Z INFO  client] Sending sample transaction 283
[2022-07-23T11:00:11.838Z INFO  client] Sending sample transaction 284
[2022-07-23T11:00:11.887Z INFO  client] Sending sample transaction 285
[2022-07-23T11:00:11.937Z INFO  client] Sending sample transaction 286
[2022-07-23T11:00:11.988Z INFO  client] Sending sample transaction 287
[2022-07-23T11:00:12.038Z INFO  client] Sending sample transaction 288
[2022-07-23T11:00:12.087Z INFO  client] Sending sample transaction 289
[2022-07-23T11:00:12.137Z INFO  client] Sending sample transaction 290
[2022-07-23T11:00:12.188Z INFO  client] Sending sample transaction 291
[2022-07-23T11:00:12.238Z INFO  client] Sending sample transaction 292
[2022-07-23T11:00:12.287Z INFO  client] Sending sample transaction 293
[2022-07-23T11:00:12.338Z INFO  client] Sending sample transaction 294
[2022-07-23T11:00:12.387Z INFO  client] Sending sample transaction 295
[2022-07-23T11:00:12.438Z INFO  client] Sending sample transaction 296
[2022-07-23T11:00:12.488Z INFO  client] Sending sample transaction 297
[2022-07-23T11:00:12.538Z INFO  client] Sending sample transaction 298
[2022-07-23T11:00:12.588Z INFO  client] Sending sample transaction 299
[2022-07-23T11:00:12.637Z INFO  client] Sending sample transaction 300
[2022-07-23T11:00:12.687Z INFO  client] Sending sample transaction 301
[2022-07-23T11:00:12.738Z INFO  client] Sending sample transaction 302
[2022-07-23T11:00:12.787Z INFO  client] Sending sample transaction 303
[2022-07-23T11:00:12.838Z INFO  client] Sending sample transaction 304
[2022-07-23T11:00:12.888Z INFO  client] Sending sample transaction 305
[2022-07-23T11:00:12.970Z INFO  client] Sending sample transaction 306
[2022-07-23T11:00:12.992Z INFO  client] Sending sample transaction 307
[2022-07-23T11:00:13.038Z INFO  client] Sending sample transaction 308
[2022-07-23T11:00:13.087Z INFO  client] Sending sample transaction 309
[2022-07-23T11:00:13.137Z INFO  client] Sending sample transaction 310
[2022-07-23T11:00:13.187Z INFO  client] Sending sample transaction 311
[2022-07-23T11:00:13.238Z INFO  client] Sending sample transaction 312
[2022-07-23T11:00:13.288Z INFO  client] Sending sample transaction 313
[2022-07-23T11:00:13.337Z INFO  client] Sending sample transaction 314
[2022-07-23T11:00:13.388Z INFO  client] Sending sample transaction 315
[2022-07-23T11:00:13.438Z INFO  client] Sending sample transaction 316
[2022-07-23T11:00:13.487Z INFO  client] Sending sample transaction 317
[2022-07-23T11:00:13.538Z INFO  client] Sending sample transaction 318
[2022-07-23T11:00:13.588Z INFO  client] Sending sample transaction 319
[2022-07-23T11:00:13.637Z INFO  client] Sending sample transaction 320
[2022-07-23T11:00:13.688Z INFO  client] Sending sample transaction 321
[2022-07-23T11:00:13.737Z INFO  client] Sending sample transaction 322
[2022-07-23T11:00:13.788Z INFO  client] Sending sample transaction 323
[2022-07-23T11:00:13.838Z INFO  client] Sending sample transaction 324
[2022-07-23T11:00:13.888Z INFO  client] Sending sample transaction 325
[2022-07-23T11:00:13.938Z INFO  client] Sending sample transaction 326
[2022-07-23T11:00:13.988Z INFO  client] Sending sample transaction 327
[2022-07-23T11:00:14.038Z INFO  client] Sending sample transaction 328
[2022-07-23T11:00:14.087Z INFO  client] Sending sample transaction 329
[2022-07-23T11:00:14.137Z INFO  client] Sending sample transaction 330
[2022-07-23T11:00:14.188Z INFO  client] Sending sample transaction 331
[2022-07-23T11:00:14.238Z INFO  client] Sending sample transaction 332
[2022-07-23T11:00:14.288Z INFO  client] Sending sample transaction 333
[2022-07-23T11:00:14.338Z INFO  client] Sending sample transaction 334
[2022-07-23T11:00:14.388Z INFO  client] Sending sample transaction 335
[2022-07-23T11:00:14.438Z INFO  client] Sending sample transaction 336
[2022-07-23T11:00:14.488Z INFO  client] Sending sample transaction 337
[2022-07-23T11:00:14.538Z INFO  client] Sending sample transaction 338
[2022-07-23T11:00:14.587Z INFO  client] Sending sample transaction 339
[2022-07-23T11:00:14.638Z INFO  client] Sending sample transaction 340
[2022-07-23T11:00:14.687Z INFO  client] Sending sample transaction 341
[2022-07-23T11:00:14.738Z INFO  client] Sending sample transaction 342
[2022-07-23T11:00:14.787Z INFO  client] Sending sample transaction 343
[2022-07-23T11:00:14.837Z INFO  client] Sending sample transaction 344
[2022-07-23T11:00:14.888Z INFO  client] Sending sample transaction 345
[2022-07-23T11:00:14.937Z INFO  client] Sending sample transaction 346
[2022-07-23T11:00:14.987Z INFO  client] Sending sample transaction 347
[2022-07-23T11:00:15.046Z INFO  client] Sending sample transaction 348
[2022-07-23T11:00:15.097Z INFO  client] Sending sample transaction 349
[2022-07-23T11:00:15.137Z INFO  client] Sending sample transaction 350
[2022-07-23T11:00:15.188Z INFO  client] Sending sample transaction 351
[2022-07-23T11:00:15.237Z INFO  client] Sending sample transaction 352
[2022-07-23T11:00:15.288Z INFO  client] Sending sample transaction 353
[2022-07-23T11:00:15.337Z INFO  client] Sending sample transaction 354
[2022-07-23T11:00:15.387Z INFO  client] Sending sample transaction 355
[2022-07-23T11:00:15.437Z INFO  client] Sending sample transaction 356
[2022-07-23T11:00:15.488Z INFO  client] Sending sample transaction 357
[2022-07-23T11:00:15.538Z INFO  client] Sending sample transaction 358
[2022-07-23T11:00:15.587Z INFO  client] Sending sample transaction 359
[2022-07-23T11:00:15.638Z INFO  client] Sending sample transaction 360
[2022-07-23T11:00:15.687Z INFO  client] Sending sample transaction 361
[2022-07-23T11:00:15.737Z INFO  client] Sending sample transaction 362
[2022-07-23T11:00:15.788Z INFO  client] Sending sample transaction 363
[2022-07-23T11:00:15.838Z INFO  client] Sending sample transaction 364
[2022-07-23T11:00:15.888Z INFO  client] Sending sample transaction 365
[2022-07-23T11:00:15.938Z INFO  client] Sending sample transaction 366
[2022-07-23T11:00:15.988Z INFO  client] Sending sample transaction 367
[2022-07-23T11:00:16.038Z INFO  client] Sending sample transaction 368
[2022-07-23T11:00:16.089Z INFO  client] Sending sample transaction 369
[2022-07-23T11:00:16.147Z INFO  client] Sending sample transaction 370
[2022-07-23T11:00:16.188Z INFO  client] Sending sample transaction 371
[2022-07-23T11:00:16.237Z INFO  client] Sending sample transaction 372
[2022-07-23T11:00:16.288Z INFO  client] Sending sample transaction 373
[2022-07-23T11:00:16.338Z INFO  client] Sending sample transaction 374
[2022-07-23T11:00:16.387Z INFO  client] Sending sample transaction 375
[2022-07-23T11:00:16.438Z INFO  client] Sending sample transaction 376
[2022-07-23T11:00:16.490Z INFO  client] Sending sample transaction 377
[2022-07-23T11:00:16.538Z INFO  client] Sending sample transaction 378
[2022-07-23T11:00:16.588Z INFO  client] Sending sample transaction 379
[2022-07-23T11:00:16.637Z INFO  client] Sending sample transaction 380
[2022-07-23T11:00:16.688Z INFO  client] Sending sample transaction 381
[2022-07-23T11:00:16.737Z INFO  client] Sending sample transaction 382
[2022-07-23T11:00:16.787Z INFO  client] Sending sample transaction 383
[2022-07-23T11:00:16.838Z INFO  client] Sending sample transaction 384
[2022-07-23T11:00:16.888Z INFO  client] Sending sample transaction 385
[2022-07-23T11:00:16.937Z INFO  client] Sending sample transaction 386
[2022-07-23T11:00:16.987Z INFO  client] Sending sample transaction 387
[2022-07-23T11:00:17.038Z INFO  client] Sending sample transaction 388
[2022-07-23T11:00:17.087Z INFO  client] Sending sample transaction 389
[2022-07-23T11:00:17.138Z INFO  client] Sending sample transaction 390
[2022-07-23T11:00:17.203Z INFO  client] Sending sample transaction 391
[2022-07-23T11:00:17.238Z INFO  client] Sending sample transaction 392
[2022-07-23T11:00:17.288Z INFO  client] Sending sample transaction 393
[2022-07-23T11:00:17.337Z INFO  client] Sending sample transaction 394
[2022-07-23T11:00:17.387Z INFO  client] Sending sample transaction 395
[2022-07-23T11:00:17.438Z INFO  client] Sending sample transaction 396
[2022-07-23T11:00:17.488Z INFO  client] Sending sample transaction 397
[2022-07-23T11:00:17.538Z INFO  client] Sending sample transaction 398
[2022-07-23T11:00:17.587Z INFO  client] Sending sample transaction 399
[2022-07-23T11:00:17.638Z INFO  client] Sending sample transaction 400
[2022-07-23T11:00:17.687Z INFO  client] Sending sample transaction 401
[2022-07-23T11:00:17.737Z INFO  client] Sending sample transaction 402
[2022-07-23T11:00:17.788Z INFO  client] Sending sample transaction 403
[2022-07-23T11:00:17.839Z INFO  client] Sending sample transaction 404
[2022-07-23T11:00:17.888Z INFO  client] Sending sample transaction 405
[2022-07-23T11:00:17.938Z INFO  client] Sending sample transaction 406
[2022-07-23T11:00:17.988Z INFO  client] Sending sample transaction 407
[2022-07-23T11:00:18.040Z INFO  client] Sending sample transaction 408
[2022-07-23T11:00:18.088Z INFO  client] Sending sample transaction 409
[2022-07-23T11:00:18.137Z INFO  client] Sending sample transaction 410
[2022-07-23T11:00:18.188Z INFO  client] Sending sample transaction 411
[2022-07-23T11:00:18.239Z INFO  client] Sending sample transaction 412
[2022-07-23T11:00:18.288Z INFO  client] Sending sample transaction 413
[2022-07-23T11:00:18.338Z INFO  client] Sending sample transaction 414
[2022-07-23T11:00:18.387Z INFO  client] Sending sample transaction 415
[2022-07-23T11:00:18.437Z INFO  client] Sending sample transaction 416
[2022-07-23T11:00:18.489Z INFO  client] Sending sample transaction 417
[2022-07-23T11:00:18.537Z INFO  client] Sending sample transaction 418
[2022-07-23T11:00:18.589Z INFO  client] Sending sample transaction 419
[2022-07-23T11:00:18.637Z INFO  client] Sending sample transaction 420
[2022-07-23T11:00:18.687Z INFO  client] Sending sample transaction 421
[2022-07-23T11:00:18.737Z INFO  client] Sending sample transaction 422
[2022-07-23T11:00:18.789Z INFO  client] Sending sample transaction 423
[2022-07-23T11:00:18.838Z INFO  client] Sending sample transaction 424
[2022-07-23T11:00:18.887Z INFO  client] Sending sample transaction 425
[2022-07-23T11:00:18.938Z INFO  client] Sending sample transaction 426
[2022-07-23T11:00:18.987Z INFO  client] Sending sample transaction 427
[2022-07-23T11:00:19.038Z INFO  client] Sending sample transaction 428
[2022-07-23T11:00:19.088Z INFO  client] Sending sample transaction 429
[2022-07-23T11:00:19.137Z INFO  client] Sending sample transaction 430
[2022-07-23T11:00:19.188Z INFO  client] Sending sample transaction 431
[2022-07-23T11:00:19.240Z INFO  client] Sending sample transaction 432
[2022-07-23T11:00:19.301Z INFO  client] Sending sample transaction 433
[2022-07-23T11:00:19.340Z INFO  client] Sending sample transaction 434
[2022-07-23T11:00:19.387Z INFO  client] Sending sample transaction 435
[2022-07-23T11:00:19.438Z INFO  client] Sending sample transaction 436
[2022-07-23T11:00:19.488Z INFO  client] Sending sample transaction 437
[2022-07-23T11:00:19.538Z INFO  client] Sending sample transaction 438
[2022-07-23T11:00:19.588Z INFO  client] Sending sample transaction 439
[2022-07-23T11:00:19.638Z INFO  client] Sending sample transaction 440
[2022-07-23T11:00:19.687Z INFO  client] Sending sample transaction 441
[2022-07-23T11:00:19.737Z INFO  client] Sending sample transaction 442
[2022-07-23T11:00:19.788Z INFO  client] Sending sample transaction 443
[2022-07-23T11:00:19.837Z INFO  client] Sending sample transaction 444
[2022-07-23T11:00:19.888Z INFO  client] Sending sample transaction 445
[2022-07-23T11:00:19.938Z INFO  client] Sending sample transaction 446
[2022-07-23T11:00:19.987Z INFO  client] Sending sample transaction 447
[2022-07-23T11:00:20.038Z INFO  client] Sending sample transaction 448
[2022-07-23T11:00:20.088Z INFO  client] Sending sample transaction 449
[2022-07-23T11:00:20.138Z INFO  client] Sending sample transaction 450
[2022-07-23T11:00:20.188Z INFO  client] Sending sample transaction 451
[2022-07-23T11:00:20.237Z INFO  client] Sending sample transaction 452
[2022-07-23T11:00:20.289Z INFO  client] Sending sample transaction 453
[2022-07-23T11:00:20.338Z INFO  client] Sending sample transaction 454
[2022-07-23T11:00:20.387Z INFO  client] Sending sample transaction 455
[2022-07-23T11:00:20.438Z INFO  client] Sending sample transaction 456
[2022-07-23T11:00:20.487Z INFO  client] Sending sample transaction 457
[2022-07-23T11:00:20.538Z INFO  client] Sending sample transaction 458
[2022-07-23T11:00:20.588Z INFO  client] Sending sample transaction 459
