[2022-07-23T17:52:14.039Z INFO  client] Node address: 127.0.0.1:9016
[2022-07-23T17:52:14.039Z INFO  client] Transactions size: 512 B
[2022-07-23T17:52:14.040Z INFO  client] Transactions rate: 112 tx/s
[2022-07-23T17:52:14.040Z INFO  client] Waiting for all nodes to be online...
[2022-07-23T17:52:14.040Z INFO  client] Waiting for all nodes to be synchronized...
[2022-07-23T17:52:16.044Z INFO  client] Start sending transactions
[2022-07-23T17:52:16.046Z INFO  client] Sending sample transaction 0
[2022-07-23T17:52:16.096Z INFO  client] Sending sample transaction 1
[2022-07-23T17:52:16.146Z INFO  client] Sending sample transaction 2
[2022-07-23T17:52:16.197Z INFO  client] Sending sample transaction 3
[2022-07-23T17:52:16.296Z INFO  client] Sending sample transaction 4
[2022-07-23T17:52:16.296Z INFO  client] Sending sample transaction 5
[2022-07-23T17:52:16.379Z INFO  client] Sending sample transaction 6
[2022-07-23T17:52:16.415Z INFO  client] Sending sample transaction 7
[2022-07-23T17:52:16.460Z INFO  client] Sending sample transaction 8
[2022-07-23T17:52:16.497Z INFO  client] Sending sample transaction 9
[2022-07-23T17:52:16.549Z INFO  client] Sending sample transaction 10
[2022-07-23T17:52:16.615Z INFO  client] Sending sample transaction 11
[2022-07-23T17:52:16.674Z INFO  client] Sending sample transaction 12
[2022-07-23T17:52:16.715Z INFO  client] Sending sample transaction 13
[2022-07-23T17:52:16.754Z INFO  client] Sending sample transaction 14
[2022-07-23T17:52:16.795Z INFO  client] Sending sample transaction 15
[2022-07-23T17:52:16.848Z INFO  client] Sending sample transaction 16
[2022-07-23T17:52:16.896Z INFO  client] Sending sample transaction 17
[2022-07-23T17:52:16.946Z INFO  client] Sending sample transaction 18
[2022-07-23T17:52:16.996Z INFO  client] Sending sample transaction 19
[2022-07-23T17:52:17.045Z INFO  client] Sending sample transaction 20
[2022-07-23T17:52:17.096Z INFO  client] Sending sample transaction 21
[2022-07-23T17:52:17.146Z INFO  client] Sending sample transaction 22
[2022-07-23T17:52:17.196Z INFO  client] Sending sample transaction 23
[2022-07-23T17:52:17.247Z INFO  client] Sending sample transaction 24
[2022-07-23T17:52:17.296Z INFO  client] Sending sample transaction 25
[2022-07-23T17:52:17.347Z INFO  client] Sending sample transaction 26
[2022-07-23T17:52:17.397Z INFO  client] Sending sample transaction 27
[2022-07-23T17:52:17.446Z INFO  client] Sending sample transaction 28
[2022-07-23T17:52:17.497Z INFO  client] Sending sample transaction 29
[2022-07-23T17:52:17.576Z INFO  client] Sending sample transaction 30
[2022-07-23T17:52:17.624Z INFO  client] Sending sample transaction 31
[2022-07-23T17:52:17.709Z INFO  client] Sending sample transaction 32
[2022-07-23T17:52:17.774Z INFO  client] Sending sample transaction 33
[2022-07-23T17:52:17.800Z WARN  client] Transaction rate too high for this client
[2022-07-23T17:52:17.801Z INFO  client] Sending sample transaction 34
[2022-07-23T17:52:17.914Z INFO  client] Sending sample transaction 35
[2022-07-23T17:52:18.160Z INFO  client] Sending sample transaction 36
[2022-07-23T17:52:18.239Z WARN  client] Transaction rate too high for this client
[2022-07-23T17:52:18.240Z INFO  client] Sending sample transaction 37
[2022-07-23T17:52:18.241Z INFO  client] Sending sample transaction 38
[2022-07-23T17:52:18.254Z INFO  client] Sending sample transaction 39
[2022-07-23T17:52:18.254Z INFO  client] Sending sample transaction 40
[2022-07-23T17:52:18.255Z INFO  client] Sending sample transaction 41
[2022-07-23T17:52:18.255Z INFO  client] Sending sample transaction 42
[2022-07-23T17:52:18.255Z INFO  client] Sending sample transaction 43
[2022-07-23T17:52:18.308Z INFO  client] Sending sample transaction 44
[2022-07-23T17:52:18.308Z WARN  client] Transaction rate too high for this client
[2022-07-23T17:52:18.308Z INFO  client] Sending sample transaction 45
[2022-07-23T17:52:18.381Z INFO  client] Sending sample transaction 46
[2022-07-23T17:52:18.409Z INFO  client] Sending sample transaction 47
[2022-07-23T17:52:18.449Z INFO  client] Sending sample transaction 48
[2022-07-23T17:52:18.497Z INFO  client] Sending sample transaction 49
[2022-07-23T17:52:18.554Z INFO  client] Sending sample transaction 50
[2022-07-23T17:52:18.596Z INFO  client] Sending sample transaction 51
[2022-07-23T17:52:18.646Z INFO  client] Sending sample transaction 52
[2022-07-23T17:52:18.718Z INFO  client] Sending sample transaction 53
[2022-07-23T17:52:18.804Z INFO  client] Sending sample transaction 54
[2022-07-23T17:52:18.805Z INFO  client] Sending sample transaction 55
[2022-07-23T17:52:18.878Z INFO  client] Sending sample transaction 56
[2022-07-23T17:52:18.896Z INFO  client] Sending sample transaction 57
[2022-07-23T17:52:18.947Z INFO  client] Sending sample transaction 58
[2022-07-23T17:52:18.996Z INFO  client] Sending sample transaction 59
[2022-07-23T17:52:19.045Z INFO  client] Sending sample transaction 60
[2022-07-23T17:52:19.095Z INFO  client] Sending sample transaction 61
[2022-07-23T17:52:19.146Z INFO  client] Sending sample transaction 62
[2022-07-23T17:52:19.195Z INFO  client] Sending sample transaction 63
[2022-07-23T17:52:19.246Z INFO  client] Sending sample transaction 64
[2022-07-23T17:52:19.295Z INFO  client] Sending sample transaction 65
[2022-07-23T17:52:19.346Z INFO  client] Sending sample transaction 66
[2022-07-23T17:52:19.428Z INFO  client] Sending sample transaction 67
[2022-07-23T17:52:19.464Z INFO  client] Sending sample transaction 68
[2022-07-23T17:52:19.516Z INFO  client] Sending sample transaction 69
[2022-07-23T17:52:19.559Z INFO  client] Sending sample transaction 70
[2022-07-23T17:52:19.596Z INFO  client] Sending sample transaction 71
[2022-07-23T17:52:19.646Z INFO  client] Sending sample transaction 72
[2022-07-23T17:52:19.704Z INFO  client] Sending sample transaction 73
[2022-07-23T17:52:19.745Z INFO  client] Sending sample transaction 74
[2022-07-23T17:52:19.795Z INFO  client] Sending sample transaction 75
[2022-07-23T17:52:19.845Z INFO  client] Sending sample transaction 76
[2022-07-23T17:52:19.896Z INFO  client] Sending sample transaction 77
[2022-07-23T17:52:19.945Z INFO  client] Sending sample transaction 78
[2022-07-23T17:52:20.003Z INFO  client] Sending sample transaction 79
[2022-07-23T17:52:20.045Z INFO  client] Sending sample transaction 80
[2022-07-23T17:52:20.095Z INFO  client] Sending sample transaction 81
[2022-07-23T17:52:20.146Z INFO  client] Sending sample transaction 82
[2022-07-23T17:52:20.195Z INFO  client] Sending sample transaction 83
[2022-07-23T17:52:20.246Z INFO  client] Sending sample transaction 84
[2022-07-23T17:52:20.295Z INFO  client] Sending sample transaction 85
[2022-07-23T17:52:20.347Z INFO  client] Sending sample transaction 86
[2022-07-23T17:52:20.396Z INFO  client] Sending sample transaction 87
[2022-07-23T17:52:20.445Z INFO  client] Sending sample transaction 88
[2022-07-23T17:52:20.496Z INFO  client] Sending sample transaction 89
[2022-07-23T17:52:20.545Z INFO  client] Sending sample transaction 90
[2022-07-23T17:52:20.624Z INFO  client] Sending sample transaction 91
[2022-07-23T17:52:20.646Z INFO  client] Sending sample transaction 92
[2022-07-23T17:52:20.716Z INFO  client] Sending sample transaction 93
[2022-07-23T17:52:20.790Z INFO  client] Sending sample transaction 94
[2022-07-23T17:52:20.828Z INFO  client] Sending sample transaction 95
[2022-07-23T17:52:20.846Z INFO  client] Sending sample transaction 96
[2022-07-23T17:52:20.896Z INFO  client] Sending sample transaction 97
[2022-07-23T17:52:20.952Z INFO  client] Sending sample transaction 98
[2022-07-23T17:52:20.995Z INFO  client] Sending sample transaction 99
[2022-07-23T17:52:21.048Z INFO  client] Sending sample transaction 100
[2022-07-23T17:52:21.099Z INFO  client] Sending sample transaction 101
[2022-07-23T17:52:21.149Z INFO  client] Sending sample transaction 102
[2022-07-23T17:52:21.196Z INFO  client] Sending sample transaction 103
[2022-07-23T17:52:21.246Z INFO  client] Sending sample transaction 104
[2022-07-23T17:52:21.296Z INFO  client] Sending sample transaction 105
[2022-07-23T17:52:21.353Z INFO  client] Sending sample transaction 106
[2022-07-23T17:52:21.396Z INFO  client] Sending sample transaction 107
[2022-07-23T17:52:21.446Z INFO  client] Sending sample transaction 108
[2022-07-23T17:52:21.496Z INFO  client] Sending sample transaction 109
[2022-07-23T17:52:21.546Z INFO  client] Sending sample transaction 110
[2022-07-23T17:52:21.595Z INFO  client] Sending sample transaction 111
[2022-07-23T17:52:21.646Z INFO  client] Sending sample transaction 112
[2022-07-23T17:52:21.695Z INFO  client] Sending sample transaction 113
[2022-07-23T17:52:21.747Z INFO  client] Sending sample transaction 114
[2022-07-23T17:52:21.795Z INFO  client] Sending sample transaction 115
[2022-07-23T17:52:21.847Z INFO  client] Sending sample transaction 116
[2022-07-23T17:52:21.895Z INFO  client] Sending sample transaction 117
[2022-07-23T17:52:21.990Z INFO  client] Sending sample transaction 118
[2022-07-23T17:52:22.034Z INFO  client] Sending sample transaction 119
[2022-07-23T17:52:22.059Z INFO  client] Sending sample transaction 120
[2022-07-23T17:52:22.103Z INFO  client] Sending sample transaction 121
[2022-07-23T17:52:22.146Z INFO  client] Sending sample transaction 122
[2022-07-23T17:52:22.196Z INFO  client] Sending sample transaction 123
[2022-07-23T17:52:22.246Z INFO  client] Sending sample transaction 124
[2022-07-23T17:52:22.296Z INFO  client] Sending sample transaction 125
[2022-07-23T17:52:22.346Z INFO  client] Sending sample transaction 126
[2022-07-23T17:52:22.396Z INFO  client] Sending sample transaction 127
[2022-07-23T17:52:22.446Z INFO  client] Sending sample transaction 128
[2022-07-23T17:52:22.495Z INFO  client] Sending sample transaction 129
[2022-07-23T17:52:22.546Z INFO  client] Sending sample transaction 130
[2022-07-23T17:52:22.595Z INFO  client] Sending sample transaction 131
[2022-07-23T17:52:22.646Z INFO  client] Sending sample transaction 132
[2022-07-23T17:52:22.695Z INFO  client] Sending sample transaction 133
[2022-07-23T17:52:22.746Z INFO  client] Sending sample transaction 134
[2022-07-23T17:52:22.795Z INFO  client] Sending sample transaction 135
[2022-07-23T17:52:22.846Z INFO  client] Sending sample transaction 136
[2022-07-23T17:52:22.896Z INFO  client] Sending sample transaction 137
[2022-07-23T17:52:22.961Z INFO  client] Sending sample transaction 138
[2022-07-23T17:52:23.022Z INFO  client] Sending sample transaction 139
[2022-07-23T17:52:23.048Z INFO  client] Sending sample transaction 140
[2022-07-23T17:52:23.096Z INFO  client] Sending sample transaction 141
[2022-07-23T17:52:23.146Z INFO  client] Sending sample transaction 142
[2022-07-23T17:52:23.202Z INFO  client] Sending sample transaction 143
[2022-07-23T17:52:23.255Z INFO  client] Sending sample transaction 144
[2022-07-23T17:52:23.295Z INFO  client] Sending sample transaction 145
[2022-07-23T17:52:23.346Z INFO  client] Sending sample transaction 146
[2022-07-23T17:52:23.395Z INFO  client] Sending sample transaction 147
[2022-07-23T17:52:23.446Z INFO  client] Sending sample transaction 148
[2022-07-23T17:52:23.496Z INFO  client] Sending sample transaction 149
[2022-07-23T17:52:23.546Z INFO  client] Sending sample transaction 150
[2022-07-23T17:52:23.596Z INFO  client] Sending sample transaction 151
[2022-07-23T17:52:23.646Z INFO  client] Sending sample transaction 152
[2022-07-23T17:52:23.696Z INFO  client] Sending sample transaction 153
[2022-07-23T17:52:23.746Z INFO  client] Sending sample transaction 154
[2022-07-23T17:52:23.795Z INFO  client] Sending sample transaction 155
[2022-07-23T17:52:23.845Z INFO  client] Sending sample transaction 156
[2022-07-23T17:52:23.896Z INFO  client] Sending sample transaction 157
[2022-07-23T17:52:23.945Z INFO  client] Sending sample transaction 158
[2022-07-23T17:52:23.996Z INFO  client] Sending sample transaction 159
[2022-07-23T17:52:24.046Z INFO  client] Sending sample transaction 160
[2022-07-23T17:52:24.095Z INFO  client] Sending sample transaction 161
[2022-07-23T17:52:24.146Z INFO  client] Sending sample transaction 162
[2022-07-23T17:52:24.195Z INFO  client] Sending sample transaction 163
[2022-07-23T17:52:24.245Z INFO  client] Sending sample transaction 164
[2022-07-23T17:52:24.295Z INFO  client] Sending sample transaction 165
[2022-07-23T17:52:24.345Z INFO  client] Sending sample transaction 166
[2022-07-23T17:52:24.396Z INFO  client] Sending sample transaction 167
[2022-07-23T17:52:24.446Z INFO  client] Sending sample transaction 168
[2022-07-23T17:52:24.496Z INFO  client] Sending sample transaction 169
[2022-07-23T17:52:24.546Z INFO  client] Sending sample transaction 170
[2022-07-23T17:52:24.607Z INFO  client] Sending sample transaction 171
[2022-07-23T17:52:24.659Z INFO  client] Sending sample transaction 172
[2022-07-23T17:52:24.737Z INFO  client] Sending sample transaction 173
[2022-07-23T17:52:24.745Z INFO  client] Sending sample transaction 174
[2022-07-23T17:52:24.796Z INFO  client] Sending sample transaction 175
[2022-07-23T17:52:24.847Z INFO  client] Sending sample transaction 176
[2022-07-23T17:52:24.897Z INFO  client] Sending sample transaction 177
[2022-07-23T17:52:24.946Z INFO  client] Sending sample transaction 178
[2022-07-23T17:52:24.996Z INFO  client] Sending sample transaction 179
[2022-07-23T17:52:25.046Z INFO  client] Sending sample transaction 180
[2022-07-23T17:52:25.096Z INFO  client] Sending sample transaction 181
[2022-07-23T17:52:25.146Z INFO  client] Sending sample transaction 182
[2022-07-23T17:52:25.196Z INFO  client] Sending sample transaction 183
[2022-07-23T17:52:25.246Z INFO  client] Sending sample transaction 184
[2022-07-23T17:52:25.295Z INFO  client] Sending sample transaction 185
[2022-07-23T17:52:25.352Z INFO  client] Sending sample transaction 186
[2022-07-23T17:52:25.410Z INFO  client] Sending sample transaction 187
[2022-07-23T17:52:25.446Z INFO  client] Sending sample transaction 188
[2022-07-23T17:52:25.495Z INFO  client] Sending sample transaction 189
[2022-07-23T17:52:25.545Z INFO  client] Sending sample transaction 190
[2022-07-23T17:52:25.595Z INFO  client] Sending sample transaction 191
[2022-07-23T17:52:25.646Z INFO  client] Sending sample transaction 192
[2022-07-23T17:52:25.696Z INFO  client] Sending sample transaction 193
[2022-07-23T17:52:25.745Z INFO  client] Sending sample transaction 194
[2022-07-23T17:52:25.795Z INFO  client] Sending sample transaction 195
[2022-07-23T17:52:25.846Z INFO  client] Sending sample transaction 196
[2022-07-23T17:52:25.895Z INFO  client] Sending sample transaction 197
[2022-07-23T17:52:25.946Z INFO  client] Sending sample transaction 198
[2022-07-23T17:52:25.998Z INFO  client] Sending sample transaction 199
[2022-07-23T17:52:26.046Z INFO  client] Sending sample transaction 200
[2022-07-23T17:52:26.096Z INFO  client] Sending sample transaction 201
[2022-07-23T17:52:26.146Z INFO  client] Sending sample transaction 202
[2022-07-23T17:52:26.195Z INFO  client] Sending sample transaction 203
[2022-07-23T17:52:26.246Z INFO  client] Sending sample transaction 204
[2022-07-23T17:52:26.295Z INFO  client] Sending sample transaction 205
[2022-07-23T17:52:26.345Z INFO  client] Sending sample transaction 206
[2022-07-23T17:52:26.396Z INFO  client] Sending sample transaction 207
[2022-07-23T17:52:26.446Z INFO  client] Sending sample transaction 208
[2022-07-23T17:52:26.531Z INFO  client] Sending sample transaction 209
[2022-07-23T17:52:26.590Z INFO  client] Sending sample transaction 210
[2022-07-23T17:52:26.622Z INFO  client] Sending sample transaction 211
[2022-07-23T17:52:26.645Z INFO  client] Sending sample transaction 212
[2022-07-23T17:52:26.696Z INFO  client] Sending sample transaction 213
[2022-07-23T17:52:26.747Z INFO  client] Sending sample transaction 214
[2022-07-23T17:52:26.795Z INFO  client] Sending sample transaction 215
[2022-07-23T17:52:26.845Z INFO  client] Sending sample transaction 216
[2022-07-23T17:52:26.896Z INFO  client] Sending sample transaction 217
[2022-07-23T17:52:26.946Z INFO  client] Sending sample transaction 218
[2022-07-23T17:52:26.996Z INFO  client] Sending sample transaction 219
[2022-07-23T17:52:27.046Z INFO  client] Sending sample transaction 220
[2022-07-23T17:52:27.096Z INFO  client] Sending sample transaction 221
[2022-07-23T17:52:27.145Z INFO  client] Sending sample transaction 222
[2022-07-23T17:52:27.195Z INFO  client] Sending sample transaction 223
[2022-07-23T17:52:27.245Z INFO  client] Sending sample transaction 224
[2022-07-23T17:52:27.295Z INFO  client] Sending sample transaction 225
[2022-07-23T17:52:27.346Z INFO  client] Sending sample transaction 226
[2022-07-23T17:52:27.396Z INFO  client] Sending sample transaction 227
[2022-07-23T17:52:27.446Z INFO  client] Sending sample transaction 228
[2022-07-23T17:52:27.571Z INFO  client] Sending sample transaction 229
[2022-07-23T17:52:27.644Z INFO  client] Sending sample transaction 230
[2022-07-23T17:52:27.644Z INFO  client] Sending sample transaction 231
[2022-07-23T17:52:27.714Z INFO  client] Sending sample transaction 232
[2022-07-23T17:52:27.715Z INFO  client] Sending sample transaction 233
[2022-07-23T17:52:27.746Z INFO  client] Sending sample transaction 234
[2022-07-23T17:52:27.795Z INFO  client] Sending sample transaction 235
[2022-07-23T17:52:27.849Z INFO  client] Sending sample transaction 236
[2022-07-23T17:52:27.896Z INFO  client] Sending sample transaction 237
[2022-07-23T17:52:27.946Z INFO  client] Sending sample transaction 238
[2022-07-23T17:52:27.995Z INFO  client] Sending sample transaction 239
[2022-07-23T17:52:28.047Z INFO  client] Sending sample transaction 240
[2022-07-23T17:52:28.095Z INFO  client] Sending sample transaction 241
[2022-07-23T17:52:28.146Z INFO  client] Sending sample transaction 242
[2022-07-23T17:52:28.196Z INFO  client] Sending sample transaction 243
[2022-07-23T17:52:28.245Z INFO  client] Sending sample transaction 244
[2022-07-23T17:52:28.296Z INFO  client] Sending sample transaction 245
[2022-07-23T17:52:28.346Z INFO  client] Sending sample transaction 246
[2022-07-23T17:52:28.396Z INFO  client] Sending sample transaction 247
[2022-07-23T17:52:28.446Z INFO  client] Sending sample transaction 248
[2022-07-23T17:52:28.495Z INFO  client] Sending sample transaction 249
[2022-07-23T17:52:28.545Z INFO  client] Sending sample transaction 250
[2022-07-23T17:52:28.595Z INFO  client] Sending sample transaction 251
[2022-07-23T17:52:28.646Z INFO  client] Sending sample transaction 252
[2022-07-23T17:52:28.715Z INFO  client] Sending sample transaction 253
[2022-07-23T17:52:28.793Z INFO  client] Sending sample transaction 254
[2022-07-23T17:52:28.817Z INFO  client] Sending sample transaction 255
[2022-07-23T17:52:28.873Z INFO  client] Sending sample transaction 256
[2022-07-23T17:52:28.896Z INFO  client] Sending sample transaction 257
[2022-07-23T17:52:28.946Z INFO  client] Sending sample transaction 258
[2022-07-23T17:52:28.996Z INFO  client] Sending sample transaction 259
[2022-07-23T17:52:29.046Z INFO  client] Sending sample transaction 260
[2022-07-23T17:52:29.096Z INFO  client] Sending sample transaction 261
[2022-07-23T17:52:29.145Z INFO  client] Sending sample transaction 262
[2022-07-23T17:52:29.196Z INFO  client] Sending sample transaction 263
[2022-07-23T17:52:29.246Z INFO  client] Sending sample transaction 264
[2022-07-23T17:52:29.296Z INFO  client] Sending sample transaction 265
[2022-07-23T17:52:29.346Z INFO  client] Sending sample transaction 266
[2022-07-23T17:52:29.396Z INFO  client] Sending sample transaction 267
[2022-07-23T17:52:29.446Z INFO  client] Sending sample transaction 268
[2022-07-23T17:52:29.495Z INFO  client] Sending sample transaction 269
[2022-07-23T17:52:29.546Z INFO  client] Sending sample transaction 270
[2022-07-23T17:52:29.595Z INFO  client] Sending sample transaction 271
[2022-07-23T17:52:29.645Z INFO  client] Sending sample transaction 272
[2022-07-23T17:52:29.719Z INFO  client] Sending sample transaction 273
[2022-07-23T17:52:29.831Z INFO  client] Sending sample transaction 274
[2022-07-23T17:52:29.832Z INFO  client] Sending sample transaction 275
[2022-07-23T17:52:29.860Z INFO  client] Sending sample transaction 276
[2022-07-23T17:52:29.898Z INFO  client] Sending sample transaction 277
[2022-07-23T17:52:29.950Z INFO  client] Sending sample transaction 278
[2022-07-23T17:52:29.996Z INFO  client] Sending sample transaction 279
[2022-07-23T17:52:30.045Z INFO  client] Sending sample transaction 280
[2022-07-23T17:52:30.096Z INFO  client] Sending sample transaction 281
[2022-07-23T17:52:30.145Z INFO  client] Sending sample transaction 282
[2022-07-23T17:52:30.196Z INFO  client] Sending sample transaction 283
[2022-07-23T17:52:30.246Z INFO  client] Sending sample transaction 284
[2022-07-23T17:52:30.295Z INFO  client] Sending sample transaction 285
[2022-07-23T17:52:30.345Z INFO  client] Sending sample transaction 286
[2022-07-23T17:52:30.396Z INFO  client] Sending sample transaction 287
[2022-07-23T17:52:30.446Z INFO  client] Sending sample transaction 288
[2022-07-23T17:52:30.495Z INFO  client] Sending sample transaction 289
[2022-07-23T17:52:30.546Z INFO  client] Sending sample transaction 290
[2022-07-23T17:52:30.595Z INFO  client] Sending sample transaction 291
[2022-07-23T17:52:30.646Z INFO  client] Sending sample transaction 292
[2022-07-23T17:52:30.696Z INFO  client] Sending sample transaction 293
[2022-07-23T17:52:30.746Z INFO  client] Sending sample transaction 294
[2022-07-23T17:52:30.795Z INFO  client] Sending sample transaction 295
[2022-07-23T17:52:30.846Z INFO  client] Sending sample transaction 296
[2022-07-23T17:52:30.896Z INFO  client] Sending sample transaction 297
[2022-07-23T17:52:30.946Z INFO  client] Sending sample transaction 298
[2022-07-23T17:52:30.996Z INFO  client] Sending sample transaction 299
[2022-07-23T17:52:31.045Z INFO  client] Sending sample transaction 300
[2022-07-23T17:52:31.096Z INFO  client] Sending sample transaction 301
[2022-07-23T17:52:31.146Z INFO  client] Sending sample transaction 302
[2022-07-23T17:52:31.195Z INFO  client] Sending sample transaction 303
[2022-07-23T17:52:31.246Z INFO  client] Sending sample transaction 304
[2022-07-23T17:52:31.296Z INFO  client] Sending sample transaction 305
[2022-07-23T17:52:31.346Z INFO  client] Sending sample transaction 306
[2022-07-23T17:52:31.395Z INFO  client] Sending sample transaction 307
[2022-07-23T17:52:31.446Z INFO  client] Sending sample transaction 308
[2022-07-23T17:52:31.496Z INFO  client] Sending sample transaction 309
[2022-07-23T17:52:31.546Z INFO  client] Sending sample transaction 310
[2022-07-23T17:52:31.595Z INFO  client] Sending sample transaction 311
[2022-07-23T17:52:31.645Z INFO  client] Sending sample transaction 312
[2022-07-23T17:52:31.728Z INFO  client] Sending sample transaction 313
[2022-07-23T17:52:31.819Z INFO  client] Sending sample transaction 314
[2022-07-23T17:52:31.819Z INFO  client] Sending sample transaction 315
[2022-07-23T17:52:31.845Z INFO  client] Sending sample transaction 316
[2022-07-23T17:52:31.896Z INFO  client] Sending sample transaction 317
[2022-07-23T17:52:31.947Z INFO  client] Sending sample transaction 318
[2022-07-23T17:52:32.009Z INFO  client] Sending sample transaction 319
[2022-07-23T17:52:32.068Z INFO  client] Sending sample transaction 320
[2022-07-23T17:52:32.095Z INFO  client] Sending sample transaction 321
[2022-07-23T17:52:32.146Z INFO  client] Sending sample transaction 322
[2022-07-23T17:52:32.196Z INFO  client] Sending sample transaction 323
[2022-07-23T17:52:32.246Z INFO  client] Sending sample transaction 324
[2022-07-23T17:52:32.297Z INFO  client] Sending sample transaction 325
[2022-07-23T17:52:32.345Z INFO  client] Sending sample transaction 326
[2022-07-23T17:52:32.396Z INFO  client] Sending sample transaction 327
[2022-07-23T17:52:32.446Z INFO  client] Sending sample transaction 328
[2022-07-23T17:52:32.496Z INFO  client] Sending sample transaction 329
[2022-07-23T17:52:32.546Z INFO  client] Sending sample transaction 330
[2022-07-23T17:52:32.596Z INFO  client] Sending sample transaction 331
[2022-07-23T17:52:32.645Z INFO  client] Sending sample transaction 332
[2022-07-23T17:52:32.696Z INFO  client] Sending sample transaction 333
[2022-07-23T17:52:32.746Z INFO  client] Sending sample transaction 334
[2022-07-23T17:52:32.796Z INFO  client] Sending sample transaction 335
[2022-07-23T17:52:32.845Z INFO  client] Sending sample transaction 336
[2022-07-23T17:52:32.896Z INFO  client] Sending sample transaction 337
[2022-07-23T17:52:32.946Z INFO  client] Sending sample transaction 338
[2022-07-23T17:52:32.996Z INFO  client] Sending sample transaction 339
[2022-07-23T17:52:33.046Z INFO  client] Sending sample transaction 340
[2022-07-23T17:52:33.096Z INFO  client] Sending sample transaction 341
[2022-07-23T17:52:33.146Z INFO  client] Sending sample transaction 342
[2022-07-23T17:52:33.196Z INFO  client] Sending sample transaction 343
[2022-07-23T17:52:33.247Z INFO  client] Sending sample transaction 344
[2022-07-23T17:52:33.296Z INFO  client] Sending sample transaction 345
[2022-07-23T17:52:33.345Z INFO  client] Sending sample transaction 346
[2022-07-23T17:52:33.396Z INFO  client] Sending sample transaction 347
[2022-07-23T17:52:33.445Z INFO  client] Sending sample transaction 348
[2022-07-23T17:52:33.495Z INFO  client] Sending sample transaction 349
[2022-07-23T17:52:33.545Z INFO  client] Sending sample transaction 350
[2022-07-23T17:52:33.595Z INFO  client] Sending sample transaction 351
[2022-07-23T17:52:33.646Z INFO  client] Sending sample transaction 352
[2022-07-23T17:52:33.695Z INFO  client] Sending sample transaction 353
[2022-07-23T17:52:33.745Z INFO  client] Sending sample transaction 354
[2022-07-23T17:52:33.841Z INFO  client] Sending sample transaction 355
[2022-07-23T17:52:33.846Z INFO  client] Sending sample transaction 356
[2022-07-23T17:52:33.928Z INFO  client] Sending sample transaction 357
[2022-07-23T17:52:33.964Z INFO  client] Sending sample transaction 358
[2022-07-23T17:52:33.997Z INFO  client] Sending sample transaction 359
[2022-07-23T17:52:34.055Z INFO  client] Sending sample transaction 360
[2022-07-23T17:52:34.096Z INFO  client] Sending sample transaction 361
[2022-07-23T17:52:34.147Z INFO  client] Sending sample transaction 362
[2022-07-23T17:52:34.198Z INFO  client] Sending sample transaction 363
[2022-07-23T17:52:34.246Z INFO  client] Sending sample transaction 364
[2022-07-23T17:52:34.295Z INFO  client] Sending sample transaction 365
[2022-07-23T17:52:34.345Z INFO  client] Sending sample transaction 366
[2022-07-23T17:52:34.396Z INFO  client] Sending sample transaction 367
[2022-07-23T17:52:34.446Z INFO  client] Sending sample transaction 368
[2022-07-23T17:52:34.495Z INFO  client] Sending sample transaction 369
[2022-07-23T17:52:34.545Z INFO  client] Sending sample transaction 370
[2022-07-23T17:52:34.596Z INFO  client] Sending sample transaction 371
[2022-07-23T17:52:34.646Z INFO  client] Sending sample transaction 372
[2022-07-23T17:52:34.696Z INFO  client] Sending sample transaction 373
[2022-07-23T17:52:34.746Z INFO  client] Sending sample transaction 374
[2022-07-23T17:52:34.796Z INFO  client] Sending sample transaction 375
[2022-07-23T17:52:34.845Z INFO  client] Sending sample transaction 376
[2022-07-23T17:52:34.896Z INFO  client] Sending sample transaction 377
[2022-07-23T17:52:34.950Z INFO  client] Sending sample transaction 378
[2022-07-23T17:52:35.009Z INFO  client] Sending sample transaction 379
[2022-07-23T17:52:35.051Z INFO  client] Sending sample transaction 380
[2022-07-23T17:52:35.095Z INFO  client] Sending sample transaction 381
[2022-07-23T17:52:35.146Z INFO  client] Sending sample transaction 382
[2022-07-23T17:52:35.195Z INFO  client] Sending sample transaction 383
[2022-07-23T17:52:35.246Z INFO  client] Sending sample transaction 384
[2022-07-23T17:52:35.298Z INFO  client] Sending sample transaction 385
[2022-07-23T17:52:35.346Z INFO  client] Sending sample transaction 386
[2022-07-23T17:52:35.396Z INFO  client] Sending sample transaction 387
[2022-07-23T17:52:35.445Z INFO  client] Sending sample transaction 388
[2022-07-23T17:52:35.497Z INFO  client] Sending sample transaction 389
[2022-07-23T17:52:35.545Z INFO  client] Sending sample transaction 390
[2022-07-23T17:52:35.596Z INFO  client] Sending sample transaction 391
[2022-07-23T17:52:35.646Z INFO  client] Sending sample transaction 392
[2022-07-23T17:52:35.696Z INFO  client] Sending sample transaction 393
[2022-07-23T17:52:35.746Z INFO  client] Sending sample transaction 394
[2022-07-23T17:52:35.795Z INFO  client] Sending sample transaction 395
[2022-07-23T17:52:35.845Z INFO  client] Sending sample transaction 396
[2022-07-23T17:52:35.895Z INFO  client] Sending sample transaction 397
[2022-07-23T17:52:35.945Z INFO  client] Sending sample transaction 398
[2022-07-23T17:52:35.996Z INFO  client] Sending sample transaction 399
[2022-07-23T17:52:36.045Z INFO  client] Sending sample transaction 400
[2022-07-23T17:52:36.096Z INFO  client] Sending sample transaction 401
[2022-07-23T17:52:36.146Z INFO  client] Sending sample transaction 402
[2022-07-23T17:52:36.196Z INFO  client] Sending sample transaction 403
[2022-07-23T17:52:36.247Z INFO  client] Sending sample transaction 404
[2022-07-23T17:52:36.311Z INFO  client] Sending sample transaction 405
[2022-07-23T17:52:36.383Z INFO  client] Sending sample transaction 406
[2022-07-23T17:52:36.425Z INFO  client] Sending sample transaction 407
[2022-07-23T17:52:36.464Z INFO  client] Sending sample transaction 408
[2022-07-23T17:52:36.511Z INFO  client] Sending sample transaction 409
[2022-07-23T17:52:36.546Z INFO  client] Sending sample transaction 410
[2022-07-23T17:52:36.596Z INFO  client] Sending sample transaction 411
[2022-07-23T17:52:36.646Z INFO  client] Sending sample transaction 412
[2022-07-23T17:52:36.698Z INFO  client] Sending sample transaction 413
[2022-07-23T17:52:36.746Z INFO  client] Sending sample transaction 414
[2022-07-23T17:52:36.795Z INFO  client] Sending sample transaction 415
[2022-07-23T17:52:36.846Z INFO  client] Sending sample transaction 416
[2022-07-23T17:52:36.895Z INFO  client] Sending sample transaction 417
[2022-07-23T17:52:36.946Z INFO  client] Sending sample transaction 418
[2022-07-23T17:52:36.996Z INFO  client] Sending sample transaction 419
[2022-07-23T17:52:37.045Z INFO  client] Sending sample transaction 420
[2022-07-23T17:52:37.096Z INFO  client] Sending sample transaction 421
[2022-07-23T17:52:37.146Z INFO  client] Sending sample transaction 422
[2022-07-23T17:52:37.196Z INFO  client] Sending sample transaction 423
[2022-07-23T17:52:37.246Z INFO  client] Sending sample transaction 424
[2022-07-23T17:52:37.296Z INFO  client] Sending sample transaction 425
[2022-07-23T17:52:37.345Z INFO  client] Sending sample transaction 426
[2022-07-23T17:52:37.395Z INFO  client] Sending sample transaction 427
[2022-07-23T17:52:37.475Z INFO  client] Sending sample transaction 428
[2022-07-23T17:52:37.563Z INFO  client] Sending sample transaction 429
[2022-07-23T17:52:37.573Z INFO  client] Sending sample transaction 430
[2022-07-23T17:52:37.595Z INFO  client] Sending sample transaction 431
[2022-07-23T17:52:37.646Z INFO  client] Sending sample transaction 432
[2022-07-23T17:52:37.696Z INFO  client] Sending sample transaction 433
[2022-07-23T17:52:37.747Z INFO  client] Sending sample transaction 434
[2022-07-23T17:52:37.800Z INFO  client] Sending sample transaction 435
[2022-07-23T17:52:37.848Z INFO  client] Sending sample transaction 436
[2022-07-23T17:52:37.895Z INFO  client] Sending sample transaction 437
[2022-07-23T17:52:37.945Z INFO  client] Sending sample transaction 438
[2022-07-23T17:52:37.996Z INFO  client] Sending sample transaction 439
[2022-07-23T17:52:38.046Z INFO  client] Sending sample transaction 440
[2022-07-23T17:52:38.096Z INFO  client] Sending sample transaction 441
[2022-07-23T17:52:38.146Z INFO  client] Sending sample transaction 442
[2022-07-23T17:52:38.196Z INFO  client] Sending sample transaction 443
[2022-07-23T17:52:38.249Z INFO  client] Sending sample transaction 444
[2022-07-23T17:52:38.295Z INFO  client] Sending sample transaction 445
[2022-07-23T17:52:38.375Z INFO  client] Sending sample transaction 446
[2022-07-23T17:52:38.401Z INFO  client] Sending sample transaction 447
[2022-07-23T17:52:38.451Z INFO  client] Sending sample transaction 448
[2022-07-23T17:52:38.500Z INFO  client] Sending sample transaction 449
[2022-07-23T17:52:38.546Z INFO  client] Sending sample transaction 450
[2022-07-23T17:52:38.595Z INFO  client] Sending sample transaction 451
