[2022-07-23T11:51:45.398Z INFO  client] Node address: 127.0.0.1:9015
[2022-07-23T11:51:45.399Z INFO  client] Transactions size: 512 B
[2022-07-23T11:51:45.399Z INFO  client] Transactions rate: 112 tx/s
[2022-07-23T11:51:45.399Z INFO  client] Waiting for all nodes to be online...
[2022-07-23T11:51:45.399Z INFO  client] Waiting for all nodes to be synchronized...
[2022-07-23T11:51:47.403Z INFO  client] Start sending transactions
[2022-07-23T11:51:47.404Z INFO  client] Sending sample transaction 0
[2022-07-23T11:51:47.455Z INFO  client] Sending sample transaction 1
[2022-07-23T11:51:47.505Z INFO  client] Sending sample transaction 2
[2022-07-23T11:51:47.556Z INFO  client] Sending sample transaction 3
[2022-07-23T11:51:47.605Z INFO  client] Sending sample transaction 4
[2022-07-23T11:51:47.654Z INFO  client] Sending sample transaction 5
[2022-07-23T11:51:47.705Z INFO  client] Sending sample transaction 6
[2022-07-23T11:51:47.754Z INFO  client] Sending sample transaction 7
[2022-07-23T11:51:47.807Z INFO  client] Sending sample transaction 8
[2022-07-23T11:51:47.856Z INFO  client] Sending sample transaction 9
[2022-07-23T11:51:47.904Z INFO  client] Sending sample transaction 10
[2022-07-23T11:51:47.955Z INFO  client] Sending sample transaction 11
[2022-07-23T11:51:48.015Z INFO  client] Sending sample transaction 12
[2022-07-23T11:51:48.064Z INFO  client] Sending sample transaction 13
[2022-07-23T11:51:48.106Z INFO  client] Sending sample transaction 14
[2022-07-23T11:51:48.165Z INFO  client] Sending sample transaction 15
[2022-07-23T11:51:48.205Z INFO  client] Sending sample transaction 16
[2022-07-23T11:51:48.254Z INFO  client] Sending sample transaction 17
[2022-07-23T11:51:48.306Z INFO  client] Sending sample transaction 18
[2022-07-23T11:51:48.356Z INFO  client] Sending sample transaction 19
[2022-07-23T11:51:48.405Z INFO  client] Sending sample transaction 20
[2022-07-23T11:51:48.457Z INFO  client] Sending sample transaction 21
[2022-07-23T11:51:48.506Z INFO  client] Sending sample transaction 22
[2022-07-23T11:51:48.556Z INFO  client] Sending sample transaction 23
[2022-07-23T11:51:48.606Z INFO  client] Sending sample transaction 24
[2022-07-23T11:51:48.655Z INFO  client] Sending sample transaction 25
[2022-07-23T11:51:48.705Z INFO  client] Sending sample transaction 26
[2022-07-23T11:51:48.755Z INFO  client] Sending sample transaction 27
[2022-07-23T11:51:48.805Z INFO  client] Sending sample transaction 28
[2022-07-23T11:51:48.855Z INFO  client] Sending sample transaction 29
[2022-07-23T11:51:48.904Z INFO  client] Sending sample transaction 30
[2022-07-23T11:51:48.955Z INFO  client] Sending sample transaction 31
[2022-07-23T11:51:49.005Z INFO  client] Sending sample transaction 32
[2022-07-23T11:51:49.056Z INFO  client] Sending sample transaction 33
[2022-07-23T11:51:49.107Z INFO  client] Sending sample transaction 34
[2022-07-23T11:51:49.155Z INFO  client] Sending sample transaction 35
[2022-07-23T11:51:49.209Z INFO  client] Sending sample transaction 36
[2022-07-23T11:51:49.255Z INFO  client] Sending sample transaction 37
[2022-07-23T11:51:49.305Z INFO  client] Sending sample transaction 38
[2022-07-23T11:51:49.355Z INFO  client] Sending sample transaction 39
[2022-07-23T11:51:49.404Z INFO  client] Sending sample transaction 40
[2022-07-23T11:51:49.456Z INFO  client] Sending sample transaction 41
[2022-07-23T11:51:49.505Z INFO  client] Sending sample transaction 42
[2022-07-23T11:51:49.554Z INFO  client] Sending sample transaction 43
[2022-07-23T11:51:49.604Z INFO  client] Sending sample transaction 44
[2022-07-23T11:51:49.655Z INFO  client] Sending sample transaction 45
[2022-07-23T11:51:49.705Z INFO  client] Sending sample transaction 46
[2022-07-23T11:51:49.755Z INFO  client] Sending sample transaction 47
[2022-07-23T11:51:49.805Z INFO  client] Sending sample transaction 48
[2022-07-23T11:51:49.864Z INFO  client] Sending sample transaction 49
[2022-07-23T11:51:49.905Z INFO  client] Sending sample transaction 50
[2022-07-23T11:51:49.955Z INFO  client] Sending sample transaction 51
[2022-07-23T11:51:50.005Z INFO  client] Sending sample transaction 52
[2022-07-23T11:51:50.055Z INFO  client] Sending sample transaction 53
[2022-07-23T11:51:50.105Z INFO  client] Sending sample transaction 54
[2022-07-23T11:51:50.155Z INFO  client] Sending sample transaction 55
[2022-07-23T11:51:50.204Z INFO  client] Sending sample transaction 56
[2022-07-23T11:51:50.256Z INFO  client] Sending sample transaction 57
[2022-07-23T11:51:50.306Z INFO  client] Sending sample transaction 58
[2022-07-23T11:51:50.355Z INFO  client] Sending sample transaction 59
[2022-07-23T11:51:50.405Z INFO  client] Sending sample transaction 60
[2022-07-23T11:51:50.455Z INFO  client] Sending sample transaction 61
[2022-07-23T11:51:50.505Z INFO  client] Sending sample transaction 62
[2022-07-23T11:51:50.555Z INFO  client] Sending sample transaction 63
[2022-07-23T11:51:50.605Z INFO  client] Sending sample transaction 64
[2022-07-23T11:51:50.654Z INFO  client] Sending sample transaction 65
[2022-07-23T11:51:50.705Z INFO  client] Sending sample transaction 66
[2022-07-23T11:51:50.755Z INFO  client] Sending sample transaction 67
[2022-07-23T11:51:50.804Z INFO  client] Sending sample transaction 68
[2022-07-23T11:51:50.855Z INFO  client] Sending sample transaction 69
[2022-07-23T11:51:50.905Z INFO  client] Sending sample transaction 70
[2022-07-23T11:51:50.955Z INFO  client] Sending sample transaction 71
[2022-07-23T11:51:51.005Z INFO  client] Sending sample transaction 72
[2022-07-23T11:51:51.055Z INFO  client] Sending sample transaction 73
[2022-07-23T11:51:51.105Z INFO  client] Sending sample transaction 74
[2022-07-23T11:51:51.155Z INFO  client] Sending sample transaction 75
[2022-07-23T11:51:51.205Z INFO  client] Sending sample transaction 76
[2022-07-23T11:51:51.255Z INFO  client] Sending sample transaction 77
[2022-07-23T11:51:51.304Z INFO  client] Sending sample transaction 78
[2022-07-23T11:51:51.355Z INFO  client] Sending sample transaction 79
[2022-07-23T11:51:51.404Z INFO  client] Sending sample transaction 80
[2022-07-23T11:51:51.455Z INFO  client] Sending sample transaction 81
[2022-07-23T11:51:51.505Z INFO  client] Sending sample transaction 82
[2022-07-23T11:51:51.556Z INFO  client] Sending sample transaction 83
[2022-07-23T11:51:51.606Z INFO  client] Sending sample transaction 84
[2022-07-23T11:51:51.656Z INFO  client] Sending sample transaction 85
[2022-07-23T11:51:51.704Z INFO  client] Sending sample transaction 86
[2022-07-23T11:51:51.755Z INFO  client] Sending sample transaction 87
[2022-07-23T11:51:51.807Z INFO  client] Sending sample transaction 88
[2022-07-23T11:51:51.856Z INFO  client] Sending sample transaction 89
[2022-07-23T11:51:51.905Z INFO  client] Sending sample transaction 90
[2022-07-23T11:51:51.955Z INFO  client] Sending sample transaction 91
[2022-07-23T11:51:52.005Z INFO  client] Sending sample transaction 92
[2022-07-23T11:51:52.055Z INFO  client] Sending sample transaction 93
[2022-07-23T11:51:52.106Z INFO  client] Sending sample transaction 94
[2022-07-23T11:51:52.154Z INFO  client] Sending sample transaction 95
[2022-07-23T11:51:52.206Z INFO  client] Sending sample transaction 96
[2022-07-23T11:51:52.255Z INFO  client] Sending sample transaction 97
[2022-07-23T11:51:52.305Z INFO  client] Sending sample transaction 98
[2022-07-23T11:51:52.355Z INFO  client] Sending sample transaction 99
[2022-07-23T11:51:52.404Z INFO  client] Sending sample transaction 100
[2022-07-23T11:51:52.455Z INFO  client] Sending sample transaction 101
[2022-07-23T11:51:52.504Z INFO  client] Sending sample transaction 102
[2022-07-23T11:51:52.556Z INFO  client] Sending sample transaction 103
[2022-07-23T11:51:52.604Z INFO  client] Sending sample transaction 104
[2022-07-23T11:51:52.655Z INFO  client] Sending sample transaction 105
[2022-07-23T11:51:52.705Z INFO  client] Sending sample transaction 106
[2022-07-23T11:51:52.754Z INFO  client] Sending sample transaction 107
[2022-07-23T11:51:52.805Z INFO  client] Sending sample transaction 108
[2022-07-23T11:51:52.854Z INFO  client] Sending sample transaction 109
[2022-07-23T11:51:52.905Z INFO  client] Sending sample transaction 110
[2022-07-23T11:51:52.955Z INFO  client] Sending sample transaction 111
[2022-07-23T11:51:53.005Z INFO  client] Sending sample transaction 112
[2022-07-23T11:51:53.055Z INFO  client] Sending sample transaction 113
[2022-07-23T11:51:53.104Z INFO  client] Sending sample transaction 114
[2022-07-23T11:51:53.155Z INFO  client] Sending sample transaction 115
[2022-07-23T11:51:53.204Z INFO  client] Sending sample transaction 116
[2022-07-23T11:51:53.255Z INFO  client] Sending sample transaction 117
[2022-07-23T11:51:53.305Z INFO  client] Sending sample transaction 118
[2022-07-23T11:51:53.361Z INFO  client] Sending sample transaction 119
[2022-07-23T11:51:53.409Z INFO  client] Sending sample transaction 120
[2022-07-23T11:51:53.455Z INFO  client] Sending sample transaction 121
[2022-07-23T11:51:53.505Z INFO  client] Sending sample transaction 122
[2022-07-23T11:51:53.554Z INFO  client] Sending sample transaction 123
[2022-07-23T11:51:53.605Z INFO  client] Sending sample transaction 124
[2022-07-23T11:51:53.654Z INFO  client] Sending sample transaction 125
[2022-07-23T11:51:53.705Z INFO  client] Sending sample transaction 126
[2022-07-23T11:51:53.755Z INFO  client] Sending sample transaction 127
[2022-07-23T11:51:53.805Z INFO  client] Sending sample transaction 128
[2022-07-23T11:51:53.855Z INFO  client] Sending sample transaction 129
[2022-07-23T11:51:53.904Z INFO  client] Sending sample transaction 130
[2022-07-23T11:51:53.955Z INFO  client] Sending sample transaction 131
[2022-07-23T11:51:54.005Z INFO  client] Sending sample transaction 132
[2022-07-23T11:51:54.055Z INFO  client] Sending sample transaction 133
[2022-07-23T11:51:54.104Z INFO  client] Sending sample transaction 134
[2022-07-23T11:51:54.154Z INFO  client] Sending sample transaction 135
[2022-07-23T11:51:54.206Z INFO  client] Sending sample transaction 136
[2022-07-23T11:51:54.254Z INFO  client] Sending sample transaction 137
[2022-07-23T11:51:54.305Z INFO  client] Sending sample transaction 138
[2022-07-23T11:51:54.355Z INFO  client] Sending sample transaction 139
[2022-07-23T11:51:54.404Z INFO  client] Sending sample transaction 140
[2022-07-23T11:51:54.455Z INFO  client] Sending sample transaction 141
[2022-07-23T11:51:54.505Z INFO  client] Sending sample transaction 142
[2022-07-23T11:51:54.555Z INFO  client] Sending sample transaction 143
[2022-07-23T11:51:54.607Z INFO  client] Sending sample transaction 144
[2022-07-23T11:51:54.654Z INFO  client] Sending sample transaction 145
[2022-07-23T11:51:54.706Z INFO  client] Sending sample transaction 146
[2022-07-23T11:51:54.755Z INFO  client] Sending sample transaction 147
[2022-07-23T11:51:54.805Z INFO  client] Sending sample transaction 148
[2022-07-23T11:51:54.854Z INFO  client] Sending sample transaction 149
[2022-07-23T11:51:54.905Z INFO  client] Sending sample transaction 150
[2022-07-23T11:51:54.957Z INFO  client] Sending sample transaction 151
[2022-07-23T11:51:55.004Z INFO  client] Sending sample transaction 152
[2022-07-23T11:51:55.054Z INFO  client] Sending sample transaction 153
[2022-07-23T11:51:55.104Z INFO  client] Sending sample transaction 154
[2022-07-23T11:51:55.155Z INFO  client] Sending sample transaction 155
[2022-07-23T11:51:55.205Z INFO  client] Sending sample transaction 156
[2022-07-23T11:51:55.255Z INFO  client] Sending sample transaction 157
[2022-07-23T11:51:55.304Z INFO  client] Sending sample transaction 158
[2022-07-23T11:51:55.355Z INFO  client] Sending sample transaction 159
[2022-07-23T11:51:55.404Z INFO  client] Sending sample transaction 160
[2022-07-23T11:51:55.457Z INFO  client] Sending sample transaction 161
[2022-07-23T11:51:55.505Z INFO  client] Sending sample transaction 162
[2022-07-23T11:51:55.556Z INFO  client] Sending sample transaction 163
[2022-07-23T11:51:55.604Z INFO  client] Sending sample transaction 164
[2022-07-23T11:51:55.654Z INFO  client] Sending sample transaction 165
[2022-07-23T11:51:55.705Z INFO  client] Sending sample transaction 166
[2022-07-23T11:51:55.757Z INFO  client] Sending sample transaction 167
[2022-07-23T11:51:55.805Z INFO  client] Sending sample transaction 168
[2022-07-23T11:51:55.857Z INFO  client] Sending sample transaction 169
[2022-07-23T11:51:55.905Z INFO  client] Sending sample transaction 170
[2022-07-23T11:51:55.954Z INFO  client] Sending sample transaction 171
[2022-07-23T11:51:56.005Z INFO  client] Sending sample transaction 172
[2022-07-23T11:51:56.055Z INFO  client] Sending sample transaction 173
[2022-07-23T11:51:56.105Z INFO  client] Sending sample transaction 174
[2022-07-23T11:51:56.154Z INFO  client] Sending sample transaction 175
[2022-07-23T11:51:56.205Z INFO  client] Sending sample transaction 176
[2022-07-23T11:51:56.255Z INFO  client] Sending sample transaction 177
[2022-07-23T11:51:56.305Z INFO  client] Sending sample transaction 178
[2022-07-23T11:51:56.355Z INFO  client] Sending sample transaction 179
[2022-07-23T11:51:56.404Z INFO  client] Sending sample transaction 180
[2022-07-23T11:51:56.454Z INFO  client] Sending sample transaction 181
[2022-07-23T11:51:56.510Z INFO  client] Sending sample transaction 182
[2022-07-23T11:51:56.555Z INFO  client] Sending sample transaction 183
[2022-07-23T11:51:56.605Z INFO  client] Sending sample transaction 184
[2022-07-23T11:51:56.654Z INFO  client] Sending sample transaction 185
[2022-07-23T11:51:56.705Z INFO  client] Sending sample transaction 186
[2022-07-23T11:51:56.755Z INFO  client] Sending sample transaction 187
[2022-07-23T11:51:56.805Z INFO  client] Sending sample transaction 188
[2022-07-23T11:51:56.854Z INFO  client] Sending sample transaction 189
[2022-07-23T11:51:56.904Z INFO  client] Sending sample transaction 190
[2022-07-23T11:51:56.954Z INFO  client] Sending sample transaction 191
[2022-07-23T11:51:57.004Z INFO  client] Sending sample transaction 192
[2022-07-23T11:51:57.054Z INFO  client] Sending sample transaction 193
[2022-07-23T11:51:57.105Z INFO  client] Sending sample transaction 194
[2022-07-23T11:51:57.154Z INFO  client] Sending sample transaction 195
[2022-07-23T11:51:57.204Z INFO  client] Sending sample transaction 196
[2022-07-23T11:51:57.255Z INFO  client] Sending sample transaction 197
[2022-07-23T11:51:57.305Z INFO  client] Sending sample transaction 198
[2022-07-23T11:51:57.355Z INFO  client] Sending sample transaction 199
[2022-07-23T11:51:57.405Z INFO  client] Sending sample transaction 200
[2022-07-23T11:51:57.455Z INFO  client] Sending sample transaction 201
[2022-07-23T11:51:57.504Z INFO  client] Sending sample transaction 202
[2022-07-23T11:51:57.556Z INFO  client] Sending sample transaction 203
[2022-07-23T11:51:57.605Z INFO  client] Sending sample transaction 204
[2022-07-23T11:51:57.654Z INFO  client] Sending sample transaction 205
[2022-07-23T11:51:57.705Z INFO  client] Sending sample transaction 206
[2022-07-23T11:51:57.755Z INFO  client] Sending sample transaction 207
[2022-07-23T11:51:57.805Z INFO  client] Sending sample transaction 208
[2022-07-23T11:51:57.854Z INFO  client] Sending sample transaction 209
[2022-07-23T11:51:57.905Z INFO  client] Sending sample transaction 210
[2022-07-23T11:51:57.955Z INFO  client] Sending sample transaction 211
[2022-07-23T11:51:58.004Z INFO  client] Sending sample transaction 212
[2022-07-23T11:51:58.056Z INFO  client] Sending sample transaction 213
[2022-07-23T11:51:58.105Z INFO  client] Sending sample transaction 214
[2022-07-23T11:51:58.154Z INFO  client] Sending sample transaction 215
[2022-07-23T11:51:58.204Z INFO  client] Sending sample transaction 216
[2022-07-23T11:51:58.257Z INFO  client] Sending sample transaction 217
[2022-07-23T11:51:58.305Z INFO  client] Sending sample transaction 218
[2022-07-23T11:51:58.355Z INFO  client] Sending sample transaction 219
[2022-07-23T11:51:58.404Z INFO  client] Sending sample transaction 220
[2022-07-23T11:51:58.456Z INFO  client] Sending sample transaction 221
[2022-07-23T11:51:58.504Z INFO  client] Sending sample transaction 222
[2022-07-23T11:51:58.555Z INFO  client] Sending sample transaction 223
[2022-07-23T11:51:58.604Z INFO  client] Sending sample transaction 224
[2022-07-23T11:51:58.655Z INFO  client] Sending sample transaction 225
[2022-07-23T11:51:58.705Z INFO  client] Sending sample transaction 226
[2022-07-23T11:51:58.755Z INFO  client] Sending sample transaction 227
[2022-07-23T11:51:58.805Z INFO  client] Sending sample transaction 228
[2022-07-23T11:51:58.854Z INFO  client] Sending sample transaction 229
[2022-07-23T11:51:58.904Z INFO  client] Sending sample transaction 230
[2022-07-23T11:51:58.955Z INFO  client] Sending sample transaction 231
[2022-07-23T11:51:59.006Z INFO  client] Sending sample transaction 232
[2022-07-23T11:51:59.056Z INFO  client] Sending sample transaction 233
[2022-07-23T11:51:59.105Z INFO  client] Sending sample transaction 234
[2022-07-23T11:51:59.170Z INFO  client] Sending sample transaction 235
[2022-07-23T11:51:59.205Z INFO  client] Sending sample transaction 236
[2022-07-23T11:51:59.255Z INFO  client] Sending sample transaction 237
[2022-07-23T11:51:59.305Z INFO  client] Sending sample transaction 238
[2022-07-23T11:51:59.355Z INFO  client] Sending sample transaction 239
[2022-07-23T11:51:59.405Z INFO  client] Sending sample transaction 240
[2022-07-23T11:51:59.454Z INFO  client] Sending sample transaction 241
[2022-07-23T11:51:59.504Z INFO  client] Sending sample transaction 242
[2022-07-23T11:51:59.556Z INFO  client] Sending sample transaction 243
[2022-07-23T11:51:59.610Z INFO  client] Sending sample transaction 244
[2022-07-23T11:51:59.655Z INFO  client] Sending sample transaction 245
[2022-07-23T11:51:59.705Z INFO  client] Sending sample transaction 246
[2022-07-23T11:51:59.761Z INFO  client] Sending sample transaction 247
[2022-07-23T11:51:59.805Z INFO  client] Sending sample transaction 248
[2022-07-23T11:51:59.856Z INFO  client] Sending sample transaction 249
[2022-07-23T11:51:59.904Z INFO  client] Sending sample transaction 250
[2022-07-23T11:51:59.955Z INFO  client] Sending sample transaction 251
[2022-07-23T11:52:00.005Z INFO  client] Sending sample transaction 252
[2022-07-23T11:52:00.055Z INFO  client] Sending sample transaction 253
[2022-07-23T11:52:00.105Z INFO  client] Sending sample transaction 254
[2022-07-23T11:52:00.156Z INFO  client] Sending sample transaction 255
[2022-07-23T11:52:00.205Z INFO  client] Sending sample transaction 256
[2022-07-23T11:52:00.257Z INFO  client] Sending sample transaction 257
[2022-07-23T11:52:00.305Z INFO  client] Sending sample transaction 258
[2022-07-23T11:52:00.355Z INFO  client] Sending sample transaction 259
[2022-07-23T11:52:00.404Z INFO  client] Sending sample transaction 260
[2022-07-23T11:52:00.455Z INFO  client] Sending sample transaction 261
[2022-07-23T11:52:00.506Z INFO  client] Sending sample transaction 262
[2022-07-23T11:52:00.555Z INFO  client] Sending sample transaction 263
[2022-07-23T11:52:00.606Z INFO  client] Sending sample transaction 264
[2022-07-23T11:52:00.661Z INFO  client] Sending sample transaction 265
[2022-07-23T11:52:00.705Z INFO  client] Sending sample transaction 266
[2022-07-23T11:52:00.754Z INFO  client] Sending sample transaction 267
[2022-07-23T11:52:00.805Z INFO  client] Sending sample transaction 268
[2022-07-23T11:52:00.854Z INFO  client] Sending sample transaction 269
[2022-07-23T11:52:00.904Z INFO  client] Sending sample transaction 270
[2022-07-23T11:52:00.955Z INFO  client] Sending sample transaction 271
[2022-07-23T11:52:01.005Z INFO  client] Sending sample transaction 272
[2022-07-23T11:52:01.054Z INFO  client] Sending sample transaction 273
[2022-07-23T11:52:01.105Z INFO  client] Sending sample transaction 274
[2022-07-23T11:52:01.155Z INFO  client] Sending sample transaction 275
[2022-07-23T11:52:01.205Z INFO  client] Sending sample transaction 276
[2022-07-23T11:52:01.254Z INFO  client] Sending sample transaction 277
[2022-07-23T11:52:01.305Z INFO  client] Sending sample transaction 278
[2022-07-23T11:52:01.354Z INFO  client] Sending sample transaction 279
[2022-07-23T11:52:01.404Z INFO  client] Sending sample transaction 280
[2022-07-23T11:52:01.455Z INFO  client] Sending sample transaction 281
[2022-07-23T11:52:01.505Z INFO  client] Sending sample transaction 282
[2022-07-23T11:52:01.555Z INFO  client] Sending sample transaction 283
[2022-07-23T11:52:01.606Z INFO  client] Sending sample transaction 284
[2022-07-23T11:52:01.660Z INFO  client] Sending sample transaction 285
[2022-07-23T11:52:01.704Z INFO  client] Sending sample transaction 286
[2022-07-23T11:52:01.755Z INFO  client] Sending sample transaction 287
[2022-07-23T11:52:01.805Z INFO  client] Sending sample transaction 288
[2022-07-23T11:52:01.856Z INFO  client] Sending sample transaction 289
[2022-07-23T11:52:01.905Z INFO  client] Sending sample transaction 290
[2022-07-23T11:52:01.956Z INFO  client] Sending sample transaction 291
[2022-07-23T11:52:02.004Z INFO  client] Sending sample transaction 292
[2022-07-23T11:52:02.058Z INFO  client] Sending sample transaction 293
[2022-07-23T11:52:02.105Z INFO  client] Sending sample transaction 294
[2022-07-23T11:52:02.155Z INFO  client] Sending sample transaction 295
[2022-07-23T11:52:02.205Z INFO  client] Sending sample transaction 296
[2022-07-23T11:52:02.254Z INFO  client] Sending sample transaction 297
[2022-07-23T11:52:02.305Z INFO  client] Sending sample transaction 298
[2022-07-23T11:52:02.355Z INFO  client] Sending sample transaction 299
[2022-07-23T11:52:02.405Z INFO  client] Sending sample transaction 300
[2022-07-23T11:52:02.455Z INFO  client] Sending sample transaction 301
[2022-07-23T11:52:02.504Z INFO  client] Sending sample transaction 302
[2022-07-23T11:52:02.554Z INFO  client] Sending sample transaction 303
[2022-07-23T11:52:02.605Z INFO  client] Sending sample transaction 304
[2022-07-23T11:52:02.655Z INFO  client] Sending sample transaction 305
[2022-07-23T11:52:02.705Z INFO  client] Sending sample transaction 306
[2022-07-23T11:52:02.755Z INFO  client] Sending sample transaction 307
[2022-07-23T11:52:02.805Z INFO  client] Sending sample transaction 308
[2022-07-23T11:52:02.854Z INFO  client] Sending sample transaction 309
[2022-07-23T11:52:02.904Z INFO  client] Sending sample transaction 310
[2022-07-23T11:52:02.955Z INFO  client] Sending sample transaction 311
[2022-07-23T11:52:03.006Z INFO  client] Sending sample transaction 312
[2022-07-23T11:52:03.056Z INFO  client] Sending sample transaction 313
[2022-07-23T11:52:03.106Z INFO  client] Sending sample transaction 314
[2022-07-23T11:52:03.155Z INFO  client] Sending sample transaction 315
[2022-07-23T11:52:03.205Z INFO  client] Sending sample transaction 316
[2022-07-23T11:52:03.255Z INFO  client] Sending sample transaction 317
[2022-07-23T11:52:03.305Z INFO  client] Sending sample transaction 318
[2022-07-23T11:52:03.355Z INFO  client] Sending sample transaction 319
[2022-07-23T11:52:03.404Z INFO  client] Sending sample transaction 320
[2022-07-23T11:52:03.455Z INFO  client] Sending sample transaction 321
[2022-07-23T11:52:03.505Z INFO  client] Sending sample transaction 322
[2022-07-23T11:52:03.556Z INFO  client] Sending sample transaction 323
[2022-07-23T11:52:03.604Z INFO  client] Sending sample transaction 324
[2022-07-23T11:52:03.654Z INFO  client] Sending sample transaction 325
[2022-07-23T11:52:03.704Z INFO  client] Sending sample transaction 326
[2022-07-23T11:52:03.758Z INFO  client] Sending sample transaction 327
[2022-07-23T11:52:03.805Z INFO  client] Sending sample transaction 328
[2022-07-23T11:52:03.855Z INFO  client] Sending sample transaction 329
[2022-07-23T11:52:03.905Z INFO  client] Sending sample transaction 330
[2022-07-23T11:52:03.954Z INFO  client] Sending sample transaction 331
[2022-07-23T11:52:04.005Z INFO  client] Sending sample transaction 332
[2022-07-23T11:52:04.061Z INFO  client] Sending sample transaction 333
[2022-07-23T11:52:04.107Z INFO  client] Sending sample transaction 334
[2022-07-23T11:52:04.154Z INFO  client] Sending sample transaction 335
[2022-07-23T11:52:04.205Z INFO  client] Sending sample transaction 336
[2022-07-23T11:52:04.254Z INFO  client] Sending sample transaction 337
[2022-07-23T11:52:04.305Z INFO  client] Sending sample transaction 338
[2022-07-23T11:52:04.356Z INFO  client] Sending sample transaction 339
[2022-07-23T11:52:04.405Z INFO  client] Sending sample transaction 340
[2022-07-23T11:52:04.456Z INFO  client] Sending sample transaction 341
[2022-07-23T11:52:04.505Z INFO  client] Sending sample transaction 342
[2022-07-23T11:52:04.555Z INFO  client] Sending sample transaction 343
[2022-07-23T11:52:04.605Z INFO  client] Sending sample transaction 344
[2022-07-23T11:52:04.654Z INFO  client] Sending sample transaction 345
[2022-07-23T11:52:04.705Z INFO  client] Sending sample transaction 346
[2022-07-23T11:52:04.754Z INFO  client] Sending sample transaction 347
[2022-07-23T11:52:04.804Z INFO  client] Sending sample transaction 348
[2022-07-23T11:52:04.855Z INFO  client] Sending sample transaction 349
[2022-07-23T11:52:04.904Z INFO  client] Sending sample transaction 350
[2022-07-23T11:52:04.955Z INFO  client] Sending sample transaction 351
[2022-07-23T11:52:05.005Z INFO  client] Sending sample transaction 352
[2022-07-23T11:52:05.055Z INFO  client] Sending sample transaction 353
[2022-07-23T11:52:05.106Z INFO  client] Sending sample transaction 354
[2022-07-23T11:52:05.154Z INFO  client] Sending sample transaction 355
[2022-07-23T11:52:05.205Z INFO  client] Sending sample transaction 356
[2022-07-23T11:52:05.255Z INFO  client] Sending sample transaction 357
[2022-07-23T11:52:05.305Z INFO  client] Sending sample transaction 358
[2022-07-23T11:52:05.356Z INFO  client] Sending sample transaction 359
[2022-07-23T11:52:05.405Z INFO  client] Sending sample transaction 360
[2022-07-23T11:52:05.454Z INFO  client] Sending sample transaction 361
[2022-07-23T11:52:05.505Z INFO  client] Sending sample transaction 362
[2022-07-23T11:52:05.554Z INFO  client] Sending sample transaction 363
[2022-07-23T11:52:05.606Z INFO  client] Sending sample transaction 364
[2022-07-23T11:52:05.655Z INFO  client] Sending sample transaction 365
[2022-07-23T11:52:05.704Z INFO  client] Sending sample transaction 366
[2022-07-23T11:52:05.755Z INFO  client] Sending sample transaction 367
[2022-07-23T11:52:05.813Z INFO  client] Sending sample transaction 368
[2022-07-23T11:52:05.855Z INFO  client] Sending sample transaction 369
[2022-07-23T11:52:05.905Z INFO  client] Sending sample transaction 370
[2022-07-23T11:52:05.955Z INFO  client] Sending sample transaction 371
[2022-07-23T11:52:06.007Z INFO  client] Sending sample transaction 372
[2022-07-23T11:52:06.056Z INFO  client] Sending sample transaction 373
[2022-07-23T11:52:06.106Z INFO  client] Sending sample transaction 374
[2022-07-23T11:52:06.155Z INFO  client] Sending sample transaction 375
[2022-07-23T11:52:06.206Z INFO  client] Sending sample transaction 376
[2022-07-23T11:52:06.255Z INFO  client] Sending sample transaction 377
[2022-07-23T11:52:06.306Z INFO  client] Sending sample transaction 378
[2022-07-23T11:52:06.356Z INFO  client] Sending sample transaction 379
[2022-07-23T11:52:06.404Z INFO  client] Sending sample transaction 380
[2022-07-23T11:52:06.455Z INFO  client] Sending sample transaction 381
[2022-07-23T11:52:06.505Z INFO  client] Sending sample transaction 382
[2022-07-23T11:52:06.555Z INFO  client] Sending sample transaction 383
[2022-07-23T11:52:06.605Z INFO  client] Sending sample transaction 384
[2022-07-23T11:52:06.655Z INFO  client] Sending sample transaction 385
[2022-07-23T11:52:06.704Z INFO  client] Sending sample transaction 386
[2022-07-23T11:52:06.756Z INFO  client] Sending sample transaction 387
[2022-07-23T11:52:06.805Z INFO  client] Sending sample transaction 388
[2022-07-23T11:52:06.872Z INFO  client] Sending sample transaction 389
[2022-07-23T11:52:06.905Z INFO  client] Sending sample transaction 390
[2022-07-23T11:52:06.954Z INFO  client] Sending sample transaction 391
[2022-07-23T11:52:07.004Z INFO  client] Sending sample transaction 392
[2022-07-23T11:52:07.054Z INFO  client] Sending sample transaction 393
[2022-07-23T11:52:07.105Z INFO  client] Sending sample transaction 394
[2022-07-23T11:52:07.154Z INFO  client] Sending sample transaction 395
[2022-07-23T11:52:07.205Z INFO  client] Sending sample transaction 396
[2022-07-23T11:52:07.255Z INFO  client] Sending sample transaction 397
[2022-07-23T11:52:07.307Z INFO  client] Sending sample transaction 398
[2022-07-23T11:52:07.355Z INFO  client] Sending sample transaction 399
[2022-07-23T11:52:07.405Z INFO  client] Sending sample transaction 400
[2022-07-23T11:52:07.454Z INFO  client] Sending sample transaction 401
[2022-07-23T11:52:07.505Z INFO  client] Sending sample transaction 402
[2022-07-23T11:52:07.556Z INFO  client] Sending sample transaction 403
[2022-07-23T11:52:07.605Z INFO  client] Sending sample transaction 404
[2022-07-23T11:52:07.654Z INFO  client] Sending sample transaction 405
[2022-07-23T11:52:07.705Z INFO  client] Sending sample transaction 406
[2022-07-23T11:52:07.756Z INFO  client] Sending sample transaction 407
[2022-07-23T11:52:07.805Z INFO  client] Sending sample transaction 408
[2022-07-23T11:52:07.855Z INFO  client] Sending sample transaction 409
[2022-07-23T11:52:07.907Z INFO  client] Sending sample transaction 410
[2022-07-23T11:52:07.955Z INFO  client] Sending sample transaction 411
[2022-07-23T11:52:08.004Z INFO  client] Sending sample transaction 412
[2022-07-23T11:52:08.055Z INFO  client] Sending sample transaction 413
[2022-07-23T11:52:08.104Z INFO  client] Sending sample transaction 414
[2022-07-23T11:52:08.154Z INFO  client] Sending sample transaction 415
[2022-07-23T11:52:08.204Z INFO  client] Sending sample transaction 416
[2022-07-23T11:52:08.254Z INFO  client] Sending sample transaction 417
[2022-07-23T11:52:08.305Z INFO  client] Sending sample transaction 418
[2022-07-23T11:52:08.355Z INFO  client] Sending sample transaction 419
[2022-07-23T11:52:08.404Z INFO  client] Sending sample transaction 420
[2022-07-23T11:52:08.455Z INFO  client] Sending sample transaction 421
[2022-07-23T11:52:08.505Z INFO  client] Sending sample transaction 422
