[2022-07-24T09:58:21.247Z INFO  client] Node address: 127.0.0.1:9010
[2022-07-24T09:58:21.247Z INFO  client] Transactions size: 512 B
[2022-07-24T09:58:21.247Z INFO  client] Transactions rate: 112 tx/s
[2022-07-24T09:58:21.247Z INFO  client] Waiting for all nodes to be online...
[2022-07-24T09:58:21.247Z INFO  client] Waiting for all nodes to be synchronized...
[2022-07-24T09:58:23.269Z INFO  client] Start sending transactions
[2022-07-24T09:58:23.297Z INFO  client] Sending sample transaction 0
[2022-07-24T09:58:23.326Z INFO  client] Sending sample transaction 1
[2022-07-24T09:58:23.379Z INFO  client] Sending sample transaction 2
[2022-07-24T09:58:23.424Z INFO  client] Sending sample transaction 3
[2022-07-24T09:58:23.489Z INFO  client] Sending sample transaction 4
[2022-07-24T09:58:23.556Z INFO  client] Sending sample transaction 5
[2022-07-24T09:58:23.681Z WARN  client] Transaction rate too high for this client
[2022-07-24T09:58:23.681Z INFO  client] Sending sample transaction 6
[2022-07-24T09:58:23.718Z INFO  client] Sending sample transaction 7
[2022-07-24T09:58:23.719Z INFO  client] Sending sample transaction 8
[2022-07-24T09:58:23.739Z INFO  client] Sending sample transaction 9
[2022-07-24T09:58:23.823Z INFO  client] Sending sample transaction 10
[2022-07-24T09:58:23.863Z INFO  client] Sending sample transaction 11
[2022-07-24T09:58:23.917Z INFO  client] Sending sample transaction 12
[2022-07-24T09:58:23.925Z INFO  client] Sending sample transaction 13
[2022-07-24T09:58:23.979Z INFO  client] Sending sample transaction 14
[2022-07-24T09:58:24.034Z INFO  client] Sending sample transaction 15
[2022-07-24T09:58:24.085Z INFO  client] Sending sample transaction 16
[2022-07-24T09:58:24.126Z INFO  client] Sending sample transaction 17
[2022-07-24T09:58:24.178Z INFO  client] Sending sample transaction 18
[2022-07-24T09:58:24.237Z INFO  client] Sending sample transaction 19
[2022-07-24T09:58:24.280Z INFO  client] Sending sample transaction 20
[2022-07-24T09:58:24.327Z INFO  client] Sending sample transaction 21
[2022-07-24T09:58:24.373Z INFO  client] Sending sample transaction 22
[2022-07-24T09:58:24.439Z INFO  client] Sending sample transaction 23
[2022-07-24T09:58:24.517Z INFO  client] Sending sample transaction 24
[2022-07-24T09:58:24.552Z INFO  client] Sending sample transaction 25
[2022-07-24T09:58:24.583Z INFO  client] Sending sample transaction 26
[2022-07-24T09:58:24.678Z INFO  client] Sending sample transaction 27
[2022-07-24T09:58:24.930Z INFO  client] Sending sample transaction 28
[2022-07-24T09:58:24.930Z WARN  client] Transaction rate too high for this client
[2022-07-24T09:58:24.931Z INFO  client] Sending sample transaction 29
[2022-07-24T09:58:24.932Z INFO  client] Sending sample transaction 30
[2022-07-24T09:58:24.989Z INFO  client] Sending sample transaction 31
[2022-07-24T09:58:25.016Z INFO  client] Sending sample transaction 32
[2022-07-24T09:58:25.017Z INFO  client] Sending sample transaction 33
[2022-07-24T09:58:25.050Z INFO  client] Sending sample transaction 34
[2022-07-24T09:58:25.051Z INFO  client] Sending sample transaction 35
[2022-07-24T09:58:25.114Z INFO  client] Sending sample transaction 36
[2022-07-24T09:58:25.141Z INFO  client] Sending sample transaction 37
[2022-07-24T09:58:25.192Z INFO  client] Sending sample transaction 38
[2022-07-24T09:58:25.223Z INFO  client] Sending sample transaction 39
[2022-07-24T09:58:25.273Z INFO  client] Sending sample transaction 40
[2022-07-24T09:58:25.335Z INFO  client] Sending sample transaction 41
[2022-07-24T09:58:25.372Z INFO  client] Sending sample transaction 42
[2022-07-24T09:58:25.422Z INFO  client] Sending sample transaction 43
[2022-07-24T09:58:25.471Z INFO  client] Sending sample transaction 44
[2022-07-24T09:58:25.521Z INFO  client] Sending sample transaction 45
[2022-07-24T09:58:25.571Z INFO  client] Sending sample transaction 46
[2022-07-24T09:58:25.622Z INFO  client] Sending sample transaction 47
[2022-07-24T09:58:25.671Z INFO  client] Sending sample transaction 48
[2022-07-24T09:58:25.722Z INFO  client] Sending sample transaction 49
[2022-07-24T09:58:25.771Z INFO  client] Sending sample transaction 50
[2022-07-24T09:58:25.821Z INFO  client] Sending sample transaction 51
[2022-07-24T09:58:25.871Z INFO  client] Sending sample transaction 52
[2022-07-24T09:58:25.926Z INFO  client] Sending sample transaction 53
[2022-07-24T09:58:25.971Z INFO  client] Sending sample transaction 54
[2022-07-24T09:58:26.020Z INFO  client] Sending sample transaction 55
[2022-07-24T09:58:26.073Z INFO  client] Sending sample transaction 56
[2022-07-24T09:58:26.127Z INFO  client] Sending sample transaction 57
[2022-07-24T09:58:26.171Z INFO  client] Sending sample transaction 58
[2022-07-24T09:58:26.221Z INFO  client] Sending sample transaction 59
[2022-07-24T09:58:26.271Z INFO  client] Sending sample transaction 60
[2022-07-24T09:58:26.321Z INFO  client] Sending sample transaction 61
[2022-07-24T09:58:26.371Z INFO  client] Sending sample transaction 62
[2022-07-24T09:58:26.421Z INFO  client] Sending sample transaction 63
[2022-07-24T09:58:26.471Z INFO  client] Sending sample transaction 64
[2022-07-24T09:58:26.521Z INFO  client] Sending sample transaction 65
[2022-07-24T09:58:26.570Z INFO  client] Sending sample transaction 66
[2022-07-24T09:58:26.621Z INFO  client] Sending sample transaction 67
[2022-07-24T09:58:26.671Z INFO  client] Sending sample transaction 68
[2022-07-24T09:58:26.721Z INFO  client] Sending sample transaction 69
[2022-07-24T09:58:26.771Z INFO  client] Sending sample transaction 70
[2022-07-24T09:58:26.821Z INFO  client] Sending sample transaction 71
[2022-07-24T09:58:26.871Z INFO  client] Sending sample transaction 72
[2022-07-24T09:58:26.921Z INFO  client] Sending sample transaction 73
[2022-07-24T09:58:26.981Z INFO  client] Sending sample transaction 74
[2022-07-24T09:58:27.026Z INFO  client] Sending sample transaction 75
[2022-07-24T09:58:27.071Z INFO  client] Sending sample transaction 76
[2022-07-24T09:58:27.121Z INFO  client] Sending sample transaction 77
[2022-07-24T09:58:27.186Z INFO  client] Sending sample transaction 78
[2022-07-24T09:58:27.235Z INFO  client] Sending sample transaction 79
[2022-07-24T09:58:27.293Z INFO  client] Sending sample transaction 80
[2022-07-24T09:58:27.330Z INFO  client] Sending sample transaction 81
[2022-07-24T09:58:27.372Z INFO  client] Sending sample transaction 82
[2022-07-24T09:58:27.432Z INFO  client] Sending sample transaction 83
[2022-07-24T09:58:27.563Z INFO  client] Sending sample transaction 84
[2022-07-24T09:58:27.563Z INFO  client] Sending sample transaction 85
[2022-07-24T09:58:27.620Z INFO  client] Sending sample transaction 86
[2022-07-24T09:58:27.643Z INFO  client] Sending sample transaction 87
[2022-07-24T09:58:27.677Z INFO  client] Sending sample transaction 88
[2022-07-24T09:58:27.726Z INFO  client] Sending sample transaction 89
[2022-07-24T09:58:27.783Z INFO  client] Sending sample transaction 90
[2022-07-24T09:58:27.821Z INFO  client] Sending sample transaction 91
[2022-07-24T09:58:27.873Z INFO  client] Sending sample transaction 92
[2022-07-24T09:58:27.924Z INFO  client] Sending sample transaction 93
[2022-07-24T09:58:27.975Z INFO  client] Sending sample transaction 94
[2022-07-24T09:58:28.023Z INFO  client] Sending sample transaction 95
[2022-07-24T09:58:28.071Z INFO  client] Sending sample transaction 96
[2022-07-24T09:58:28.121Z INFO  client] Sending sample transaction 97
[2022-07-24T09:58:28.171Z INFO  client] Sending sample transaction 98
[2022-07-24T09:58:28.221Z INFO  client] Sending sample transaction 99
[2022-07-24T09:58:28.272Z INFO  client] Sending sample transaction 100
[2022-07-24T09:58:28.322Z INFO  client] Sending sample transaction 101
[2022-07-24T09:58:28.371Z INFO  client] Sending sample transaction 102
[2022-07-24T09:58:28.421Z INFO  client] Sending sample transaction 103
[2022-07-24T09:58:28.471Z INFO  client] Sending sample transaction 104
[2022-07-24T09:58:28.521Z INFO  client] Sending sample transaction 105
[2022-07-24T09:58:28.571Z INFO  client] Sending sample transaction 106
[2022-07-24T09:58:28.628Z INFO  client] Sending sample transaction 107
[2022-07-24T09:58:28.671Z INFO  client] Sending sample transaction 108
[2022-07-24T09:58:28.721Z INFO  client] Sending sample transaction 109
[2022-07-24T09:58:28.771Z INFO  client] Sending sample transaction 110
[2022-07-24T09:58:28.821Z INFO  client] Sending sample transaction 111
[2022-07-24T09:58:28.871Z INFO  client] Sending sample transaction 112
[2022-07-24T09:58:28.922Z INFO  client] Sending sample transaction 113
[2022-07-24T09:58:28.971Z INFO  client] Sending sample transaction 114
[2022-07-24T09:58:29.021Z INFO  client] Sending sample transaction 115
[2022-07-24T09:58:29.091Z INFO  client] Sending sample transaction 116
[2022-07-24T09:58:29.127Z INFO  client] Sending sample transaction 117
[2022-07-24T09:58:29.176Z INFO  client] Sending sample transaction 118
[2022-07-24T09:58:29.220Z INFO  client] Sending sample transaction 119
[2022-07-24T09:58:29.272Z INFO  client] Sending sample transaction 120
[2022-07-24T09:58:29.321Z INFO  client] Sending sample transaction 121
[2022-07-24T09:58:29.371Z INFO  client] Sending sample transaction 122
[2022-07-24T09:58:29.442Z INFO  client] Sending sample transaction 123
[2022-07-24T09:58:29.472Z INFO  client] Sending sample transaction 124
[2022-07-24T09:58:29.521Z INFO  client] Sending sample transaction 125
[2022-07-24T09:58:29.571Z INFO  client] Sending sample transaction 126
[2022-07-24T09:58:29.621Z INFO  client] Sending sample transaction 127
[2022-07-24T09:58:29.672Z INFO  client] Sending sample transaction 128
[2022-07-24T09:58:29.722Z INFO  client] Sending sample transaction 129
[2022-07-24T09:58:29.771Z INFO  client] Sending sample transaction 130
[2022-07-24T09:58:29.821Z INFO  client] Sending sample transaction 131
[2022-07-24T09:58:29.871Z INFO  client] Sending sample transaction 132
[2022-07-24T09:58:29.921Z INFO  client] Sending sample transaction 133
[2022-07-24T09:58:29.972Z INFO  client] Sending sample transaction 134
[2022-07-24T09:58:30.021Z INFO  client] Sending sample transaction 135
[2022-07-24T09:58:30.072Z INFO  client] Sending sample transaction 136
[2022-07-24T09:58:30.121Z INFO  client] Sending sample transaction 137
[2022-07-24T09:58:30.171Z INFO  client] Sending sample transaction 138
[2022-07-24T09:58:30.221Z INFO  client] Sending sample transaction 139
[2022-07-24T09:58:30.270Z INFO  client] Sending sample transaction 140
[2022-07-24T09:58:30.321Z INFO  client] Sending sample transaction 141
[2022-07-24T09:58:30.371Z INFO  client] Sending sample transaction 142
[2022-07-24T09:58:30.426Z INFO  client] Sending sample transaction 143
[2022-07-24T09:58:30.472Z INFO  client] Sending sample transaction 144
[2022-07-24T09:58:30.521Z INFO  client] Sending sample transaction 145
[2022-07-24T09:58:30.572Z INFO  client] Sending sample transaction 146
[2022-07-24T09:58:30.621Z INFO  client] Sending sample transaction 147
[2022-07-24T09:58:30.671Z INFO  client] Sending sample transaction 148
[2022-07-24T09:58:30.721Z INFO  client] Sending sample transaction 149
[2022-07-24T09:58:30.771Z INFO  client] Sending sample transaction 150
[2022-07-24T09:58:30.822Z INFO  client] Sending sample transaction 151
[2022-07-24T09:58:30.872Z INFO  client] Sending sample transaction 152
[2022-07-24T09:58:30.922Z INFO  client] Sending sample transaction 153
[2022-07-24T09:58:30.971Z INFO  client] Sending sample transaction 154
[2022-07-24T09:58:31.021Z INFO  client] Sending sample transaction 155
[2022-07-24T09:58:31.071Z INFO  client] Sending sample transaction 156
[2022-07-24T09:58:31.121Z INFO  client] Sending sample transaction 157
[2022-07-24T09:58:31.171Z INFO  client] Sending sample transaction 158
[2022-07-24T09:58:31.221Z INFO  client] Sending sample transaction 159
[2022-07-24T09:58:31.271Z INFO  client] Sending sample transaction 160
[2022-07-24T09:58:31.322Z INFO  client] Sending sample transaction 161
[2022-07-24T09:58:31.371Z INFO  client] Sending sample transaction 162
[2022-07-24T09:58:31.422Z INFO  client] Sending sample transaction 163
[2022-07-24T09:58:31.472Z INFO  client] Sending sample transaction 164
[2022-07-24T09:58:31.542Z INFO  client] Sending sample transaction 165
[2022-07-24T09:58:31.571Z INFO  client] Sending sample transaction 166
[2022-07-24T09:58:31.626Z INFO  client] Sending sample transaction 167
[2022-07-24T09:58:31.672Z INFO  client] Sending sample transaction 168
[2022-07-24T09:58:31.721Z INFO  client] Sending sample transaction 169
[2022-07-24T09:58:31.771Z INFO  client] Sending sample transaction 170
[2022-07-24T09:58:31.820Z INFO  client] Sending sample transaction 171
[2022-07-24T09:58:31.871Z INFO  client] Sending sample transaction 172
[2022-07-24T09:58:31.922Z INFO  client] Sending sample transaction 173
[2022-07-24T09:58:31.971Z INFO  client] Sending sample transaction 174
[2022-07-24T09:58:32.021Z INFO  client] Sending sample transaction 175
[2022-07-24T09:58:32.071Z INFO  client] Sending sample transaction 176
[2022-07-24T09:58:32.120Z INFO  client] Sending sample transaction 177
[2022-07-24T09:58:32.171Z INFO  client] Sending sample transaction 178
[2022-07-24T09:58:32.236Z INFO  client] Sending sample transaction 179
[2022-07-24T09:58:32.279Z INFO  client] Sending sample transaction 180
[2022-07-24T09:58:32.321Z INFO  client] Sending sample transaction 181
[2022-07-24T09:58:32.371Z INFO  client] Sending sample transaction 182
[2022-07-24T09:58:32.421Z INFO  client] Sending sample transaction 183
[2022-07-24T09:58:32.472Z INFO  client] Sending sample transaction 184
[2022-07-24T09:58:32.522Z INFO  client] Sending sample transaction 185
[2022-07-24T09:58:32.571Z INFO  client] Sending sample transaction 186
[2022-07-24T09:58:32.622Z INFO  client] Sending sample transaction 187
[2022-07-24T09:58:32.671Z INFO  client] Sending sample transaction 188
[2022-07-24T09:58:32.722Z INFO  client] Sending sample transaction 189
[2022-07-24T09:58:32.773Z INFO  client] Sending sample transaction 190
[2022-07-24T09:58:32.821Z INFO  client] Sending sample transaction 191
[2022-07-24T09:58:32.871Z INFO  client] Sending sample transaction 192
[2022-07-24T09:58:32.922Z INFO  client] Sending sample transaction 193
[2022-07-24T09:58:32.972Z INFO  client] Sending sample transaction 194
[2022-07-24T09:58:33.021Z INFO  client] Sending sample transaction 195
[2022-07-24T09:58:33.071Z INFO  client] Sending sample transaction 196
[2022-07-24T09:58:33.121Z INFO  client] Sending sample transaction 197
[2022-07-24T09:58:33.171Z INFO  client] Sending sample transaction 198
[2022-07-24T09:58:33.222Z INFO  client] Sending sample transaction 199
[2022-07-24T09:58:33.270Z INFO  client] Sending sample transaction 200
[2022-07-24T09:58:33.322Z INFO  client] Sending sample transaction 201
[2022-07-24T09:58:33.371Z INFO  client] Sending sample transaction 202
[2022-07-24T09:58:33.421Z INFO  client] Sending sample transaction 203
[2022-07-24T09:58:33.473Z INFO  client] Sending sample transaction 204
[2022-07-24T09:58:33.523Z INFO  client] Sending sample transaction 205
[2022-07-24T09:58:33.571Z INFO  client] Sending sample transaction 206
[2022-07-24T09:58:33.621Z INFO  client] Sending sample transaction 207
[2022-07-24T09:58:33.672Z INFO  client] Sending sample transaction 208
[2022-07-24T09:58:33.722Z INFO  client] Sending sample transaction 209
[2022-07-24T09:58:33.770Z INFO  client] Sending sample transaction 210
[2022-07-24T09:58:33.822Z INFO  client] Sending sample transaction 211
[2022-07-24T09:58:33.872Z INFO  client] Sending sample transaction 212
[2022-07-24T09:58:33.922Z INFO  client] Sending sample transaction 213
[2022-07-24T09:58:33.974Z INFO  client] Sending sample transaction 214
[2022-07-24T09:58:34.029Z INFO  client] Sending sample transaction 215
[2022-07-24T09:58:34.071Z INFO  client] Sending sample transaction 216
[2022-07-24T09:58:34.121Z INFO  client] Sending sample transaction 217
[2022-07-24T09:58:34.208Z INFO  client] Sending sample transaction 218
[2022-07-24T09:58:34.222Z INFO  client] Sending sample transaction 219
[2022-07-24T09:58:34.271Z INFO  client] Sending sample transaction 220
[2022-07-24T09:58:34.330Z INFO  client] Sending sample transaction 221
[2022-07-24T09:58:34.381Z INFO  client] Sending sample transaction 222
[2022-07-24T09:58:34.421Z INFO  client] Sending sample transaction 223
[2022-07-24T09:58:34.472Z INFO  client] Sending sample transaction 224
[2022-07-24T09:58:34.521Z INFO  client] Sending sample transaction 225
[2022-07-24T09:58:34.571Z INFO  client] Sending sample transaction 226
[2022-07-24T09:58:34.621Z INFO  client] Sending sample transaction 227
[2022-07-24T09:58:34.672Z INFO  client] Sending sample transaction 228
[2022-07-24T09:58:34.722Z INFO  client] Sending sample transaction 229
[2022-07-24T09:58:34.771Z INFO  client] Sending sample transaction 230
[2022-07-24T09:58:34.821Z INFO  client] Sending sample transaction 231
[2022-07-24T09:58:34.871Z INFO  client] Sending sample transaction 232
[2022-07-24T09:58:34.921Z INFO  client] Sending sample transaction 233
[2022-07-24T09:58:34.971Z INFO  client] Sending sample transaction 234
[2022-07-24T09:58:35.021Z INFO  client] Sending sample transaction 235
[2022-07-24T09:58:35.071Z INFO  client] Sending sample transaction 236
[2022-07-24T09:58:35.121Z INFO  client] Sending sample transaction 237
[2022-07-24T09:58:35.171Z INFO  client] Sending sample transaction 238
[2022-07-24T09:58:35.241Z INFO  client] Sending sample transaction 239
[2022-07-24T09:58:35.271Z INFO  client] Sending sample transaction 240
[2022-07-24T09:58:35.321Z INFO  client] Sending sample transaction 241
[2022-07-24T09:58:35.371Z INFO  client] Sending sample transaction 242
[2022-07-24T09:58:35.423Z INFO  client] Sending sample transaction 243
[2022-07-24T09:58:35.472Z INFO  client] Sending sample transaction 244
[2022-07-24T09:58:35.521Z INFO  client] Sending sample transaction 245
[2022-07-24T09:58:35.571Z INFO  client] Sending sample transaction 246
[2022-07-24T09:58:35.622Z INFO  client] Sending sample transaction 247
[2022-07-24T09:58:35.672Z INFO  client] Sending sample transaction 248
[2022-07-24T09:58:35.721Z INFO  client] Sending sample transaction 249
[2022-07-24T09:58:35.771Z INFO  client] Sending sample transaction 250
[2022-07-24T09:58:35.821Z INFO  client] Sending sample transaction 251
[2022-07-24T09:58:35.872Z INFO  client] Sending sample transaction 252
[2022-07-24T09:58:35.922Z INFO  client] Sending sample transaction 253
[2022-07-24T09:58:35.972Z INFO  client] Sending sample transaction 254
[2022-07-24T09:58:36.024Z INFO  client] Sending sample transaction 255
[2022-07-24T09:58:36.072Z INFO  client] Sending sample transaction 256
[2022-07-24T09:58:36.122Z INFO  client] Sending sample transaction 257
[2022-07-24T09:58:36.174Z INFO  client] Sending sample transaction 258
[2022-07-24T09:58:36.221Z INFO  client] Sending sample transaction 259
[2022-07-24T09:58:36.272Z INFO  client] Sending sample transaction 260
[2022-07-24T09:58:36.321Z INFO  client] Sending sample transaction 261
[2022-07-24T09:58:36.371Z INFO  client] Sending sample transaction 262
[2022-07-24T09:58:36.422Z INFO  client] Sending sample transaction 263
[2022-07-24T09:58:36.477Z INFO  client] Sending sample transaction 264
[2022-07-24T09:58:36.521Z INFO  client] Sending sample transaction 265
[2022-07-24T09:58:36.570Z INFO  client] Sending sample transaction 266
[2022-07-24T09:58:36.621Z INFO  client] Sending sample transaction 267
[2022-07-24T09:58:36.672Z INFO  client] Sending sample transaction 268
[2022-07-24T09:58:36.722Z INFO  client] Sending sample transaction 269
[2022-07-24T09:58:36.771Z INFO  client] Sending sample transaction 270
[2022-07-24T09:58:36.836Z INFO  client] Sending sample transaction 271
[2022-07-24T09:58:36.877Z INFO  client] Sending sample transaction 272
[2022-07-24T09:58:36.921Z INFO  client] Sending sample transaction 273
[2022-07-24T09:58:36.971Z INFO  client] Sending sample transaction 274
[2022-07-24T09:58:37.022Z INFO  client] Sending sample transaction 275
[2022-07-24T09:58:37.073Z INFO  client] Sending sample transaction 276
[2022-07-24T09:58:37.120Z INFO  client] Sending sample transaction 277
[2022-07-24T09:58:37.171Z INFO  client] Sending sample transaction 278
[2022-07-24T09:58:37.222Z INFO  client] Sending sample transaction 279
[2022-07-24T09:58:37.271Z INFO  client] Sending sample transaction 280
[2022-07-24T09:58:37.321Z INFO  client] Sending sample transaction 281
[2022-07-24T09:58:37.372Z INFO  client] Sending sample transaction 282
[2022-07-24T09:58:37.421Z INFO  client] Sending sample transaction 283
[2022-07-24T09:58:37.472Z INFO  client] Sending sample transaction 284
[2022-07-24T09:58:37.531Z INFO  client] Sending sample transaction 285
[2022-07-24T09:58:37.570Z INFO  client] Sending sample transaction 286
[2022-07-24T09:58:37.621Z INFO  client] Sending sample transaction 287
[2022-07-24T09:58:37.671Z INFO  client] Sending sample transaction 288
[2022-07-24T09:58:37.721Z INFO  client] Sending sample transaction 289
[2022-07-24T09:58:37.771Z INFO  client] Sending sample transaction 290
[2022-07-24T09:58:37.822Z INFO  client] Sending sample transaction 291
[2022-07-24T09:58:37.871Z INFO  client] Sending sample transaction 292
[2022-07-24T09:58:37.922Z INFO  client] Sending sample transaction 293
[2022-07-24T09:58:37.972Z INFO  client] Sending sample transaction 294
[2022-07-24T09:58:38.024Z INFO  client] Sending sample transaction 295
[2022-07-24T09:58:38.076Z INFO  client] Sending sample transaction 296
[2022-07-24T09:58:38.121Z INFO  client] Sending sample transaction 297
[2022-07-24T09:58:38.171Z INFO  client] Sending sample transaction 298
[2022-07-24T09:58:38.221Z INFO  client] Sending sample transaction 299
[2022-07-24T09:58:38.271Z INFO  client] Sending sample transaction 300
[2022-07-24T09:58:38.321Z INFO  client] Sending sample transaction 301
[2022-07-24T09:58:38.372Z INFO  client] Sending sample transaction 302
[2022-07-24T09:58:38.421Z INFO  client] Sending sample transaction 303
[2022-07-24T09:58:38.471Z INFO  client] Sending sample transaction 304
[2022-07-24T09:58:38.522Z INFO  client] Sending sample transaction 305
[2022-07-24T09:58:38.578Z INFO  client] Sending sample transaction 306
[2022-07-24T09:58:38.621Z INFO  client] Sending sample transaction 307
[2022-07-24T09:58:38.672Z INFO  client] Sending sample transaction 308
[2022-07-24T09:58:38.721Z INFO  client] Sending sample transaction 309
[2022-07-24T09:58:38.771Z INFO  client] Sending sample transaction 310
[2022-07-24T09:58:38.821Z INFO  client] Sending sample transaction 311
[2022-07-24T09:58:38.870Z INFO  client] Sending sample transaction 312
[2022-07-24T09:58:38.921Z INFO  client] Sending sample transaction 313
[2022-07-24T09:58:38.971Z INFO  client] Sending sample transaction 314
[2022-07-24T09:58:39.021Z INFO  client] Sending sample transaction 315
[2022-07-24T09:58:39.072Z INFO  client] Sending sample transaction 316
[2022-07-24T09:58:39.122Z INFO  client] Sending sample transaction 317
[2022-07-24T09:58:39.172Z INFO  client] Sending sample transaction 318
[2022-07-24T09:58:39.221Z INFO  client] Sending sample transaction 319
[2022-07-24T09:58:39.273Z INFO  client] Sending sample transaction 320
[2022-07-24T09:58:39.321Z INFO  client] Sending sample transaction 321
[2022-07-24T09:58:39.371Z INFO  client] Sending sample transaction 322
[2022-07-24T09:58:39.422Z INFO  client] Sending sample transaction 323
[2022-07-24T09:58:39.472Z INFO  client] Sending sample transaction 324
[2022-07-24T09:58:39.521Z INFO  client] Sending sample transaction 325
[2022-07-24T09:58:39.571Z INFO  client] Sending sample transaction 326
[2022-07-24T09:58:39.621Z INFO  client] Sending sample transaction 327
[2022-07-24T09:58:39.672Z INFO  client] Sending sample transaction 328
[2022-07-24T09:58:39.722Z INFO  client] Sending sample transaction 329
[2022-07-24T09:58:39.771Z INFO  client] Sending sample transaction 330
[2022-07-24T09:58:39.821Z INFO  client] Sending sample transaction 331
[2022-07-24T09:58:39.871Z INFO  client] Sending sample transaction 332
[2022-07-24T09:58:39.921Z INFO  client] Sending sample transaction 333
[2022-07-24T09:58:39.971Z INFO  client] Sending sample transaction 334
[2022-07-24T09:58:40.021Z INFO  client] Sending sample transaction 335
[2022-07-24T09:58:40.071Z INFO  client] Sending sample transaction 336
[2022-07-24T09:58:40.121Z INFO  client] Sending sample transaction 337
[2022-07-24T09:58:40.197Z INFO  client] Sending sample transaction 338
[2022-07-24T09:58:40.228Z INFO  client] Sending sample transaction 339
[2022-07-24T09:58:40.271Z INFO  client] Sending sample transaction 340
[2022-07-24T09:58:40.322Z INFO  client] Sending sample transaction 341
[2022-07-24T09:58:40.371Z INFO  client] Sending sample transaction 342
[2022-07-24T09:58:40.422Z INFO  client] Sending sample transaction 343
[2022-07-24T09:58:40.472Z INFO  client] Sending sample transaction 344
[2022-07-24T09:58:40.521Z INFO  client] Sending sample transaction 345
[2022-07-24T09:58:40.571Z INFO  client] Sending sample transaction 346
[2022-07-24T09:58:40.622Z INFO  client] Sending sample transaction 347
[2022-07-24T09:58:40.688Z INFO  client] Sending sample transaction 348
[2022-07-24T09:58:40.724Z INFO  client] Sending sample transaction 349
[2022-07-24T09:58:40.771Z INFO  client] Sending sample transaction 350
[2022-07-24T09:58:40.821Z INFO  client] Sending sample transaction 351
[2022-07-24T09:58:40.871Z INFO  client] Sending sample transaction 352
[2022-07-24T09:58:40.921Z INFO  client] Sending sample transaction 353
[2022-07-24T09:58:40.971Z INFO  client] Sending sample transaction 354
[2022-07-24T09:58:41.021Z INFO  client] Sending sample transaction 355
[2022-07-24T09:58:41.071Z INFO  client] Sending sample transaction 356
[2022-07-24T09:58:41.121Z INFO  client] Sending sample transaction 357
[2022-07-24T09:58:41.172Z INFO  client] Sending sample transaction 358
[2022-07-24T09:58:41.221Z INFO  client] Sending sample transaction 359
[2022-07-24T09:58:41.271Z INFO  client] Sending sample transaction 360
[2022-07-24T09:58:41.321Z INFO  client] Sending sample transaction 361
[2022-07-24T09:58:41.371Z INFO  client] Sending sample transaction 362
[2022-07-24T09:58:41.421Z INFO  client] Sending sample transaction 363
[2022-07-24T09:58:41.471Z INFO  client] Sending sample transaction 364
[2022-07-24T09:58:41.521Z INFO  client] Sending sample transaction 365
[2022-07-24T09:58:41.572Z INFO  client] Sending sample transaction 366
[2022-07-24T09:58:41.621Z INFO  client] Sending sample transaction 367
[2022-07-24T09:58:41.671Z INFO  client] Sending sample transaction 368
[2022-07-24T09:58:41.721Z INFO  client] Sending sample transaction 369
[2022-07-24T09:58:41.772Z INFO  client] Sending sample transaction 370
[2022-07-24T09:58:41.821Z INFO  client] Sending sample transaction 371
[2022-07-24T09:58:41.871Z INFO  client] Sending sample transaction 372
[2022-07-24T09:58:41.921Z INFO  client] Sending sample transaction 373
[2022-07-24T09:58:41.971Z INFO  client] Sending sample transaction 374
[2022-07-24T09:58:42.020Z INFO  client] Sending sample transaction 375
[2022-07-24T09:58:42.094Z INFO  client] Sending sample transaction 376
[2022-07-24T09:58:42.121Z INFO  client] Sending sample transaction 377
[2022-07-24T09:58:42.171Z INFO  client] Sending sample transaction 378
[2022-07-24T09:58:42.221Z INFO  client] Sending sample transaction 379
[2022-07-24T09:58:42.271Z INFO  client] Sending sample transaction 380
[2022-07-24T09:58:42.321Z INFO  client] Sending sample transaction 381
[2022-07-24T09:58:42.371Z INFO  client] Sending sample transaction 382
[2022-07-24T09:58:42.422Z INFO  client] Sending sample transaction 383
[2022-07-24T09:58:42.472Z INFO  client] Sending sample transaction 384
[2022-07-24T09:58:42.521Z INFO  client] Sending sample transaction 385
[2022-07-24T09:58:42.571Z INFO  client] Sending sample transaction 386
[2022-07-24T09:58:42.621Z INFO  client] Sending sample transaction 387
[2022-07-24T09:58:42.671Z INFO  client] Sending sample transaction 388
[2022-07-24T09:58:42.722Z INFO  client] Sending sample transaction 389
[2022-07-24T09:58:42.773Z INFO  client] Sending sample transaction 390
[2022-07-24T09:58:42.825Z INFO  client] Sending sample transaction 391
[2022-07-24T09:58:42.871Z INFO  client] Sending sample transaction 392
[2022-07-24T09:58:42.921Z INFO  client] Sending sample transaction 393
[2022-07-24T09:58:42.971Z INFO  client] Sending sample transaction 394
[2022-07-24T09:58:43.021Z INFO  client] Sending sample transaction 395
[2022-07-24T09:58:43.071Z INFO  client] Sending sample transaction 396
[2022-07-24T09:58:43.121Z INFO  client] Sending sample transaction 397
[2022-07-24T09:58:43.171Z INFO  client] Sending sample transaction 398
[2022-07-24T09:58:43.221Z INFO  client] Sending sample transaction 399
[2022-07-24T09:58:43.272Z INFO  client] Sending sample transaction 400
[2022-07-24T09:58:43.322Z INFO  client] Sending sample transaction 401
[2022-07-24T09:58:43.371Z INFO  client] Sending sample transaction 402
[2022-07-24T09:58:43.422Z INFO  client] Sending sample transaction 403
[2022-07-24T09:58:43.472Z INFO  client] Sending sample transaction 404
[2022-07-24T09:58:43.521Z INFO  client] Sending sample transaction 405
[2022-07-24T09:58:43.571Z INFO  client] Sending sample transaction 406
[2022-07-24T09:58:43.621Z INFO  client] Sending sample transaction 407
[2022-07-24T09:58:43.674Z INFO  client] Sending sample transaction 408
[2022-07-24T09:58:43.721Z INFO  client] Sending sample transaction 409
[2022-07-24T09:58:43.771Z INFO  client] Sending sample transaction 410
[2022-07-24T09:58:43.821Z INFO  client] Sending sample transaction 411
[2022-07-24T09:58:43.871Z INFO  client] Sending sample transaction 412
[2022-07-24T09:58:43.922Z INFO  client] Sending sample transaction 413
[2022-07-24T09:58:43.972Z INFO  client] Sending sample transaction 414
[2022-07-24T09:58:44.021Z INFO  client] Sending sample transaction 415
[2022-07-24T09:58:44.071Z INFO  client] Sending sample transaction 416
[2022-07-24T09:58:44.120Z INFO  client] Sending sample transaction 417
[2022-07-24T09:58:44.172Z INFO  client] Sending sample transaction 418
[2022-07-24T09:58:44.222Z INFO  client] Sending sample transaction 419
[2022-07-24T09:58:44.271Z INFO  client] Sending sample transaction 420
[2022-07-24T09:58:44.321Z INFO  client] Sending sample transaction 421
[2022-07-24T09:58:44.371Z INFO  client] Sending sample transaction 422
[2022-07-24T09:58:44.422Z INFO  client] Sending sample transaction 423
[2022-07-24T09:58:44.471Z INFO  client] Sending sample transaction 424
[2022-07-24T09:58:44.521Z INFO  client] Sending sample transaction 425
[2022-07-24T09:58:44.571Z INFO  client] Sending sample transaction 426
[2022-07-24T09:58:44.624Z INFO  client] Sending sample transaction 427
[2022-07-24T09:58:44.671Z INFO  client] Sending sample transaction 428
[2022-07-24T09:58:44.721Z INFO  client] Sending sample transaction 429
[2022-07-24T09:58:44.771Z INFO  client] Sending sample transaction 430
[2022-07-24T09:58:44.821Z INFO  client] Sending sample transaction 431
[2022-07-24T09:58:44.879Z INFO  client] Sending sample transaction 432
[2022-07-24T09:58:44.921Z INFO  client] Sending sample transaction 433
[2022-07-24T09:58:44.972Z INFO  client] Sending sample transaction 434
[2022-07-24T09:58:45.022Z INFO  client] Sending sample transaction 435
[2022-07-24T09:58:45.071Z INFO  client] Sending sample transaction 436
[2022-07-24T09:58:45.121Z INFO  client] Sending sample transaction 437
[2022-07-24T09:58:45.172Z INFO  client] Sending sample transaction 438
[2022-07-24T09:58:45.221Z INFO  client] Sending sample transaction 439
[2022-07-24T09:58:45.271Z INFO  client] Sending sample transaction 440
[2022-07-24T09:58:45.322Z INFO  client] Sending sample transaction 441
[2022-07-24T09:58:45.371Z INFO  client] Sending sample transaction 442
[2022-07-24T09:58:45.421Z INFO  client] Sending sample transaction 443
[2022-07-24T09:58:45.485Z INFO  client] Sending sample transaction 444
[2022-07-24T09:58:45.521Z INFO  client] Sending sample transaction 445
[2022-07-24T09:58:45.571Z INFO  client] Sending sample transaction 446
[2022-07-24T09:58:45.624Z INFO  client] Sending sample transaction 447
[2022-07-24T09:58:45.671Z INFO  client] Sending sample transaction 448
[2022-07-24T09:58:45.721Z INFO  client] Sending sample transaction 449
[2022-07-24T09:58:45.771Z INFO  client] Sending sample transaction 450
[2022-07-24T09:58:45.821Z INFO  client] Sending sample transaction 451
[2022-07-24T09:58:45.872Z INFO  client] Sending sample transaction 452
[2022-07-24T09:58:45.943Z INFO  client] Sending sample transaction 453
[2022-07-24T09:58:45.972Z INFO  client] Sending sample transaction 454
[2022-07-24T09:58:46.021Z INFO  client] Sending sample transaction 455
[2022-07-24T09:58:46.071Z INFO  client] Sending sample transaction 456
[2022-07-24T09:58:46.121Z INFO  client] Sending sample transaction 457
[2022-07-24T09:58:46.172Z INFO  client] Sending sample transaction 458
[2022-07-24T09:58:46.222Z INFO  client] Sending sample transaction 459
[2022-07-24T09:58:46.271Z INFO  client] Sending sample transaction 460
[2022-07-24T09:58:46.321Z INFO  client] Sending sample transaction 461
[2022-07-24T09:58:46.371Z INFO  client] Sending sample transaction 462
