[2022-07-24T10:58:22.605Z INFO  client] Node address: 127.0.0.1:9010
[2022-07-24T10:58:22.605Z INFO  client] Transactions size: 512 B
[2022-07-24T10:58:22.605Z INFO  client] Transactions rate: 112 tx/s
[2022-07-24T10:58:22.605Z INFO  client] Waiting for all nodes to be online...
[2022-07-24T10:58:22.605Z INFO  client] Waiting for all nodes to be synchronized...
[2022-07-24T10:58:24.627Z INFO  client] Start sending transactions
[2022-07-24T10:58:24.629Z INFO  client] Sending sample transaction 0
[2022-07-24T10:58:24.680Z INFO  client] Sending sample transaction 1
[2022-07-24T10:58:24.748Z INFO  client] Sending sample transaction 2
[2022-07-24T10:58:24.808Z INFO  client] Sending sample transaction 3
[2022-07-24T10:58:24.954Z INFO  client] Sending sample transaction 4
[2022-07-24T10:58:25.012Z INFO  client] Sending sample transaction 5
[2022-07-24T10:58:25.026Z INFO  client] Sending sample transaction 6
[2022-07-24T10:58:25.050Z INFO  client] Sending sample transaction 7
[2022-07-24T10:58:25.058Z INFO  client] Sending sample transaction 8
[2022-07-24T10:58:25.101Z INFO  client] Sending sample transaction 9
[2022-07-24T10:58:25.148Z INFO  client] Sending sample transaction 10
[2022-07-24T10:58:25.214Z INFO  client] Sending sample transaction 11
[2022-07-24T10:58:25.232Z INFO  client] Sending sample transaction 12
[2022-07-24T10:58:25.283Z INFO  client] Sending sample transaction 13
[2022-07-24T10:58:25.333Z INFO  client] Sending sample transaction 14
[2022-07-24T10:58:25.454Z INFO  client] Sending sample transaction 15
[2022-07-24T10:58:25.474Z INFO  client] Sending sample transaction 16
[2022-07-24T10:58:25.532Z INFO  client] Sending sample transaction 17
[2022-07-24T10:58:25.537Z INFO  client] Sending sample transaction 18
[2022-07-24T10:58:25.605Z INFO  client] Sending sample transaction 19
[2022-07-24T10:58:25.629Z INFO  client] Sending sample transaction 20
[2022-07-24T10:58:25.680Z INFO  client] Sending sample transaction 21
[2022-07-24T10:58:25.743Z INFO  client] Sending sample transaction 22
[2022-07-24T10:58:25.794Z INFO  client] Sending sample transaction 23
[2022-07-24T10:58:25.831Z INFO  client] Sending sample transaction 24
[2022-07-24T10:58:25.881Z INFO  client] Sending sample transaction 25
[2022-07-24T10:58:25.929Z INFO  client] Sending sample transaction 26
[2022-07-24T10:58:25.979Z INFO  client] Sending sample transaction 27
[2022-07-24T10:58:26.029Z INFO  client] Sending sample transaction 28
[2022-07-24T10:58:26.080Z INFO  client] Sending sample transaction 29
[2022-07-24T10:58:26.129Z INFO  client] Sending sample transaction 30
[2022-07-24T10:58:26.198Z INFO  client] Sending sample transaction 31
[2022-07-24T10:58:26.230Z INFO  client] Sending sample transaction 32
[2022-07-24T10:58:26.280Z INFO  client] Sending sample transaction 33
[2022-07-24T10:58:26.330Z INFO  client] Sending sample transaction 34
[2022-07-24T10:58:26.382Z INFO  client] Sending sample transaction 35
[2022-07-24T10:58:26.429Z INFO  client] Sending sample transaction 36
[2022-07-24T10:58:26.479Z INFO  client] Sending sample transaction 37
[2022-07-24T10:58:26.532Z INFO  client] Sending sample transaction 38
[2022-07-24T10:58:26.579Z INFO  client] Sending sample transaction 39
[2022-07-24T10:58:26.629Z INFO  client] Sending sample transaction 40
[2022-07-24T10:58:26.678Z INFO  client] Sending sample transaction 41
[2022-07-24T10:58:26.729Z INFO  client] Sending sample transaction 42
[2022-07-24T10:58:26.780Z INFO  client] Sending sample transaction 43
[2022-07-24T10:58:26.828Z INFO  client] Sending sample transaction 44
[2022-07-24T10:58:26.878Z INFO  client] Sending sample transaction 45
[2022-07-24T10:58:26.929Z INFO  client] Sending sample transaction 46
[2022-07-24T10:58:26.980Z INFO  client] Sending sample transaction 47
[2022-07-24T10:58:27.059Z INFO  client] Sending sample transaction 48
[2022-07-24T10:58:27.113Z INFO  client] Sending sample transaction 49
[2022-07-24T10:58:27.140Z INFO  client] Sending sample transaction 50
[2022-07-24T10:58:27.178Z INFO  client] Sending sample transaction 51
[2022-07-24T10:58:27.261Z INFO  client] Sending sample transaction 52
[2022-07-24T10:58:27.308Z INFO  client] Sending sample transaction 53
[2022-07-24T10:58:27.351Z INFO  client] Sending sample transaction 54
[2022-07-24T10:58:27.384Z INFO  client] Sending sample transaction 55
[2022-07-24T10:58:27.431Z INFO  client] Sending sample transaction 56
[2022-07-24T10:58:27.479Z INFO  client] Sending sample transaction 57
[2022-07-24T10:58:27.529Z INFO  client] Sending sample transaction 58
[2022-07-24T10:58:27.579Z INFO  client] Sending sample transaction 59
[2022-07-24T10:58:27.629Z INFO  client] Sending sample transaction 60
[2022-07-24T10:58:27.679Z INFO  client] Sending sample transaction 61
[2022-07-24T10:58:27.729Z INFO  client] Sending sample transaction 62
[2022-07-24T10:58:27.780Z INFO  client] Sending sample transaction 63
[2022-07-24T10:58:27.829Z INFO  client] Sending sample transaction 64
[2022-07-24T10:58:27.879Z INFO  client] Sending sample transaction 65
[2022-07-24T10:58:27.930Z INFO  client] Sending sample transaction 66
[2022-07-24T10:58:27.979Z INFO  client] Sending sample transaction 67
[2022-07-24T10:58:28.029Z INFO  client] Sending sample transaction 68
[2022-07-24T10:58:28.079Z INFO  client] Sending sample transaction 69
[2022-07-24T10:58:28.130Z INFO  client] Sending sample transaction 70
[2022-07-24T10:58:28.180Z INFO  client] Sending sample transaction 71
[2022-07-24T10:58:28.229Z INFO  client] Sending sample transaction 72
[2022-07-24T10:58:28.278Z INFO  client] Sending sample transaction 73
[2022-07-24T10:58:28.329Z INFO  client] Sending sample transaction 74
[2022-07-24T10:58:28.379Z INFO  client] Sending sample transaction 75
[2022-07-24T10:58:28.429Z INFO  client] Sending sample transaction 76
[2022-07-24T10:58:28.479Z INFO  client] Sending sample transaction 77
[2022-07-24T10:58:28.532Z INFO  client] Sending sample transaction 78
[2022-07-24T10:58:28.643Z INFO  client] Sending sample transaction 79
[2022-07-24T10:58:28.688Z INFO  client] Sending sample transaction 80
[2022-07-24T10:58:28.698Z INFO  client] Sending sample transaction 81
[2022-07-24T10:58:28.729Z INFO  client] Sending sample transaction 82
[2022-07-24T10:58:28.779Z INFO  client] Sending sample transaction 83
[2022-07-24T10:58:28.829Z INFO  client] Sending sample transaction 84
[2022-07-24T10:58:28.880Z INFO  client] Sending sample transaction 85
[2022-07-24T10:58:28.929Z INFO  client] Sending sample transaction 86
[2022-07-24T10:58:28.979Z INFO  client] Sending sample transaction 87
[2022-07-24T10:58:29.029Z INFO  client] Sending sample transaction 88
[2022-07-24T10:58:29.078Z INFO  client] Sending sample transaction 89
[2022-07-24T10:58:29.129Z INFO  client] Sending sample transaction 90
[2022-07-24T10:58:29.179Z INFO  client] Sending sample transaction 91
[2022-07-24T10:58:29.229Z INFO  client] Sending sample transaction 92
[2022-07-24T10:58:29.279Z INFO  client] Sending sample transaction 93
[2022-07-24T10:58:29.330Z INFO  client] Sending sample transaction 94
[2022-07-24T10:58:29.379Z INFO  client] Sending sample transaction 95
[2022-07-24T10:58:29.429Z INFO  client] Sending sample transaction 96
[2022-07-24T10:58:29.479Z INFO  client] Sending sample transaction 97
[2022-07-24T10:58:29.530Z INFO  client] Sending sample transaction 98
[2022-07-24T10:58:29.579Z INFO  client] Sending sample transaction 99
[2022-07-24T10:58:29.629Z INFO  client] Sending sample transaction 100
[2022-07-24T10:58:29.680Z INFO  client] Sending sample transaction 101
[2022-07-24T10:58:29.729Z INFO  client] Sending sample transaction 102
[2022-07-24T10:58:29.779Z INFO  client] Sending sample transaction 103
[2022-07-24T10:58:29.829Z INFO  client] Sending sample transaction 104
[2022-07-24T10:58:29.879Z INFO  client] Sending sample transaction 105
[2022-07-24T10:58:29.928Z INFO  client] Sending sample transaction 106
[2022-07-24T10:58:29.978Z INFO  client] Sending sample transaction 107
[2022-07-24T10:58:30.029Z INFO  client] Sending sample transaction 108
[2022-07-24T10:58:30.080Z INFO  client] Sending sample transaction 109
[2022-07-24T10:58:30.128Z INFO  client] Sending sample transaction 110
[2022-07-24T10:58:30.178Z INFO  client] Sending sample transaction 111
[2022-07-24T10:58:30.229Z INFO  client] Sending sample transaction 112
[2022-07-24T10:58:30.279Z INFO  client] Sending sample transaction 113
[2022-07-24T10:58:30.328Z INFO  client] Sending sample transaction 114
[2022-07-24T10:58:30.379Z INFO  client] Sending sample transaction 115
[2022-07-24T10:58:30.429Z INFO  client] Sending sample transaction 116
[2022-07-24T10:58:30.480Z INFO  client] Sending sample transaction 117
[2022-07-24T10:58:30.530Z INFO  client] Sending sample transaction 118
[2022-07-24T10:58:30.579Z INFO  client] Sending sample transaction 119
[2022-07-24T10:58:30.629Z INFO  client] Sending sample transaction 120
[2022-07-24T10:58:30.678Z INFO  client] Sending sample transaction 121
[2022-07-24T10:58:30.729Z INFO  client] Sending sample transaction 122
[2022-07-24T10:58:30.779Z INFO  client] Sending sample transaction 123
[2022-07-24T10:58:30.853Z INFO  client] Sending sample transaction 124
[2022-07-24T10:58:30.906Z INFO  client] Sending sample transaction 125
[2022-07-24T10:58:30.931Z INFO  client] Sending sample transaction 126
[2022-07-24T10:58:30.980Z INFO  client] Sending sample transaction 127
[2022-07-24T10:58:31.028Z INFO  client] Sending sample transaction 128
[2022-07-24T10:58:31.079Z INFO  client] Sending sample transaction 129
[2022-07-24T10:58:31.129Z INFO  client] Sending sample transaction 130
[2022-07-24T10:58:31.179Z INFO  client] Sending sample transaction 131
[2022-07-24T10:58:31.228Z INFO  client] Sending sample transaction 132
[2022-07-24T10:58:31.279Z INFO  client] Sending sample transaction 133
[2022-07-24T10:58:31.329Z INFO  client] Sending sample transaction 134
[2022-07-24T10:58:31.379Z INFO  client] Sending sample transaction 135
[2022-07-24T10:58:31.429Z INFO  client] Sending sample transaction 136
[2022-07-24T10:58:31.479Z INFO  client] Sending sample transaction 137
[2022-07-24T10:58:31.529Z INFO  client] Sending sample transaction 138
[2022-07-24T10:58:31.582Z INFO  client] Sending sample transaction 139
[2022-07-24T10:58:31.628Z INFO  client] Sending sample transaction 140
[2022-07-24T10:58:31.679Z INFO  client] Sending sample transaction 141
[2022-07-24T10:58:31.730Z INFO  client] Sending sample transaction 142
[2022-07-24T10:58:31.780Z INFO  client] Sending sample transaction 143
[2022-07-24T10:58:31.831Z INFO  client] Sending sample transaction 144
[2022-07-24T10:58:31.882Z INFO  client] Sending sample transaction 145
[2022-07-24T10:58:31.929Z INFO  client] Sending sample transaction 146
[2022-07-24T10:58:31.978Z INFO  client] Sending sample transaction 147
[2022-07-24T10:58:32.028Z INFO  client] Sending sample transaction 148
[2022-07-24T10:58:32.079Z INFO  client] Sending sample transaction 149
[2022-07-24T10:58:32.129Z INFO  client] Sending sample transaction 150
[2022-07-24T10:58:32.178Z INFO  client] Sending sample transaction 151
[2022-07-24T10:58:32.228Z INFO  client] Sending sample transaction 152
[2022-07-24T10:58:32.279Z INFO  client] Sending sample transaction 153
[2022-07-24T10:58:32.329Z INFO  client] Sending sample transaction 154
[2022-07-24T10:58:32.379Z INFO  client] Sending sample transaction 155
[2022-07-24T10:58:32.429Z INFO  client] Sending sample transaction 156
[2022-07-24T10:58:32.479Z INFO  client] Sending sample transaction 157
[2022-07-24T10:58:32.529Z INFO  client] Sending sample transaction 158
[2022-07-24T10:58:32.578Z INFO  client] Sending sample transaction 159
[2022-07-24T10:58:32.629Z INFO  client] Sending sample transaction 160
[2022-07-24T10:58:32.679Z INFO  client] Sending sample transaction 161
[2022-07-24T10:58:32.730Z INFO  client] Sending sample transaction 162
[2022-07-24T10:58:32.780Z INFO  client] Sending sample transaction 163
[2022-07-24T10:58:32.829Z INFO  client] Sending sample transaction 164
[2022-07-24T10:58:32.878Z INFO  client] Sending sample transaction 165
[2022-07-24T10:58:32.929Z INFO  client] Sending sample transaction 166
[2022-07-24T10:58:32.978Z INFO  client] Sending sample transaction 167
[2022-07-24T10:58:33.029Z INFO  client] Sending sample transaction 168
[2022-07-24T10:58:33.080Z INFO  client] Sending sample transaction 169
[2022-07-24T10:58:33.129Z INFO  client] Sending sample transaction 170
[2022-07-24T10:58:33.180Z INFO  client] Sending sample transaction 171
[2022-07-24T10:58:33.229Z INFO  client] Sending sample transaction 172
[2022-07-24T10:58:33.279Z INFO  client] Sending sample transaction 173
[2022-07-24T10:58:33.329Z INFO  client] Sending sample transaction 174
[2022-07-24T10:58:33.382Z INFO  client] Sending sample transaction 175
[2022-07-24T10:58:33.438Z INFO  client] Sending sample transaction 176
[2022-07-24T10:58:33.479Z INFO  client] Sending sample transaction 177
[2022-07-24T10:58:33.529Z INFO  client] Sending sample transaction 178
[2022-07-24T10:58:33.579Z INFO  client] Sending sample transaction 179
[2022-07-24T10:58:33.628Z INFO  client] Sending sample transaction 180
[2022-07-24T10:58:33.685Z INFO  client] Sending sample transaction 181
[2022-07-24T10:58:33.729Z INFO  client] Sending sample transaction 182
[2022-07-24T10:58:33.781Z INFO  client] Sending sample transaction 183
[2022-07-24T10:58:33.829Z INFO  client] Sending sample transaction 184
[2022-07-24T10:58:33.880Z INFO  client] Sending sample transaction 185
[2022-07-24T10:58:33.930Z INFO  client] Sending sample transaction 186
[2022-07-24T10:58:33.979Z INFO  client] Sending sample transaction 187
[2022-07-24T10:58:34.030Z INFO  client] Sending sample transaction 188
[2022-07-24T10:58:34.079Z INFO  client] Sending sample transaction 189
[2022-07-24T10:58:34.128Z INFO  client] Sending sample transaction 190
[2022-07-24T10:58:34.179Z INFO  client] Sending sample transaction 191
[2022-07-24T10:58:34.229Z INFO  client] Sending sample transaction 192
[2022-07-24T10:58:34.279Z INFO  client] Sending sample transaction 193
[2022-07-24T10:58:34.329Z INFO  client] Sending sample transaction 194
[2022-07-24T10:58:34.379Z INFO  client] Sending sample transaction 195
[2022-07-24T10:58:34.428Z INFO  client] Sending sample transaction 196
[2022-07-24T10:58:34.479Z INFO  client] Sending sample transaction 197
[2022-07-24T10:58:34.529Z INFO  client] Sending sample transaction 198
[2022-07-24T10:58:34.579Z INFO  client] Sending sample transaction 199
[2022-07-24T10:58:34.628Z INFO  client] Sending sample transaction 200
[2022-07-24T10:58:34.679Z INFO  client] Sending sample transaction 201
[2022-07-24T10:58:34.769Z INFO  client] Sending sample transaction 202
[2022-07-24T10:58:34.796Z INFO  client] Sending sample transaction 203
[2022-07-24T10:58:34.829Z INFO  client] Sending sample transaction 204
[2022-07-24T10:58:34.878Z INFO  client] Sending sample transaction 205
[2022-07-24T10:58:34.929Z INFO  client] Sending sample transaction 206
[2022-07-24T10:58:34.981Z INFO  client] Sending sample transaction 207
[2022-07-24T10:58:35.030Z INFO  client] Sending sample transaction 208
[2022-07-24T10:58:35.079Z INFO  client] Sending sample transaction 209
[2022-07-24T10:58:35.128Z INFO  client] Sending sample transaction 210
[2022-07-24T10:58:35.180Z INFO  client] Sending sample transaction 211
[2022-07-24T10:58:35.229Z INFO  client] Sending sample transaction 212
[2022-07-24T10:58:35.279Z INFO  client] Sending sample transaction 213
[2022-07-24T10:58:35.329Z INFO  client] Sending sample transaction 214
[2022-07-24T10:58:35.380Z INFO  client] Sending sample transaction 215
[2022-07-24T10:58:35.429Z INFO  client] Sending sample transaction 216
[2022-07-24T10:58:35.479Z INFO  client] Sending sample transaction 217
[2022-07-24T10:58:35.528Z INFO  client] Sending sample transaction 218
[2022-07-24T10:58:35.579Z INFO  client] Sending sample transaction 219
[2022-07-24T10:58:35.629Z INFO  client] Sending sample transaction 220
[2022-07-24T10:58:35.679Z INFO  client] Sending sample transaction 221
[2022-07-24T10:58:35.730Z INFO  client] Sending sample transaction 222
[2022-07-24T10:58:35.785Z INFO  client] Sending sample transaction 223
[2022-07-24T10:58:35.829Z INFO  client] Sending sample transaction 224
[2022-07-24T10:58:35.879Z INFO  client] Sending sample transaction 225
[2022-07-24T10:58:35.929Z INFO  client] Sending sample transaction 226
[2022-07-24T10:58:35.980Z INFO  client] Sending sample transaction 227
[2022-07-24T10:58:36.029Z INFO  client] Sending sample transaction 228
[2022-07-24T10:58:36.079Z INFO  client] Sending sample transaction 229
[2022-07-24T10:58:36.129Z INFO  client] Sending sample transaction 230
[2022-07-24T10:58:36.179Z INFO  client] Sending sample transaction 231
[2022-07-24T10:58:36.229Z INFO  client] Sending sample transaction 232
[2022-07-24T10:58:36.279Z INFO  client] Sending sample transaction 233
[2022-07-24T10:58:36.330Z INFO  client] Sending sample transaction 234
[2022-07-24T10:58:36.379Z INFO  client] Sending sample transaction 235
[2022-07-24T10:58:36.429Z INFO  client] Sending sample transaction 236
[2022-07-24T10:58:36.479Z INFO  client] Sending sample transaction 237
[2022-07-24T10:58:36.529Z INFO  client] Sending sample transaction 238
[2022-07-24T10:58:36.580Z INFO  client] Sending sample transaction 239
[2022-07-24T10:58:36.629Z INFO  client] Sending sample transaction 240
[2022-07-24T10:58:36.679Z INFO  client] Sending sample transaction 241
[2022-07-24T10:58:36.729Z INFO  client] Sending sample transaction 242
[2022-07-24T10:58:36.779Z INFO  client] Sending sample transaction 243
[2022-07-24T10:58:36.829Z INFO  client] Sending sample transaction 244
[2022-07-24T10:58:36.879Z INFO  client] Sending sample transaction 245
[2022-07-24T10:58:36.929Z INFO  client] Sending sample transaction 246
[2022-07-24T10:58:36.979Z INFO  client] Sending sample transaction 247
[2022-07-24T10:58:37.029Z INFO  client] Sending sample transaction 248
[2022-07-24T10:58:37.080Z INFO  client] Sending sample transaction 249
[2022-07-24T10:58:37.128Z INFO  client] Sending sample transaction 250
[2022-07-24T10:58:37.179Z INFO  client] Sending sample transaction 251
[2022-07-24T10:58:37.229Z INFO  client] Sending sample transaction 252
[2022-07-24T10:58:37.279Z INFO  client] Sending sample transaction 253
[2022-07-24T10:58:37.330Z INFO  client] Sending sample transaction 254
[2022-07-24T10:58:37.381Z INFO  client] Sending sample transaction 255
[2022-07-24T10:58:37.429Z INFO  client] Sending sample transaction 256
[2022-07-24T10:58:37.478Z INFO  client] Sending sample transaction 257
[2022-07-24T10:58:37.529Z INFO  client] Sending sample transaction 258
[2022-07-24T10:58:37.579Z INFO  client] Sending sample transaction 259
[2022-07-24T10:58:37.629Z INFO  client] Sending sample transaction 260
[2022-07-24T10:58:37.679Z INFO  client] Sending sample transaction 261
[2022-07-24T10:58:37.729Z INFO  client] Sending sample transaction 262
[2022-07-24T10:58:37.779Z INFO  client] Sending sample transaction 263
[2022-07-24T10:58:37.828Z INFO  client] Sending sample transaction 264
[2022-07-24T10:58:37.892Z INFO  client] Sending sample transaction 265
[2022-07-24T10:58:37.928Z INFO  client] Sending sample transaction 266
[2022-07-24T10:58:37.979Z INFO  client] Sending sample transaction 267
[2022-07-24T10:58:38.028Z INFO  client] Sending sample transaction 268
[2022-07-24T10:58:38.078Z INFO  client] Sending sample transaction 269
[2022-07-24T10:58:38.129Z INFO  client] Sending sample transaction 270
[2022-07-24T10:58:38.178Z INFO  client] Sending sample transaction 271
[2022-07-24T10:58:38.228Z INFO  client] Sending sample transaction 272
[2022-07-24T10:58:38.292Z INFO  client] Sending sample transaction 273
[2022-07-24T10:58:38.336Z INFO  client] Sending sample transaction 274
[2022-07-24T10:58:38.379Z INFO  client] Sending sample transaction 275
[2022-07-24T10:58:38.428Z INFO  client] Sending sample transaction 276
[2022-07-24T10:58:38.479Z INFO  client] Sending sample transaction 277
[2022-07-24T10:58:38.529Z INFO  client] Sending sample transaction 278
[2022-07-24T10:58:38.579Z INFO  client] Sending sample transaction 279
[2022-07-24T10:58:38.628Z INFO  client] Sending sample transaction 280
[2022-07-24T10:58:38.679Z INFO  client] Sending sample transaction 281
[2022-07-24T10:58:38.728Z INFO  client] Sending sample transaction 282
[2022-07-24T10:58:38.779Z INFO  client] Sending sample transaction 283
[2022-07-24T10:58:38.829Z INFO  client] Sending sample transaction 284
[2022-07-24T10:58:38.879Z INFO  client] Sending sample transaction 285
[2022-07-24T10:58:38.935Z INFO  client] Sending sample transaction 286
[2022-07-24T10:58:38.979Z INFO  client] Sending sample transaction 287
[2022-07-24T10:58:39.029Z INFO  client] Sending sample transaction 288
[2022-07-24T10:58:39.079Z INFO  client] Sending sample transaction 289
[2022-07-24T10:58:39.129Z INFO  client] Sending sample transaction 290
[2022-07-24T10:58:39.179Z INFO  client] Sending sample transaction 291
[2022-07-24T10:58:39.229Z INFO  client] Sending sample transaction 292
[2022-07-24T10:58:39.279Z INFO  client] Sending sample transaction 293
[2022-07-24T10:58:39.329Z INFO  client] Sending sample transaction 294
[2022-07-24T10:58:39.378Z INFO  client] Sending sample transaction 295
[2022-07-24T10:58:39.429Z INFO  client] Sending sample transaction 296
[2022-07-24T10:58:39.479Z INFO  client] Sending sample transaction 297
[2022-07-24T10:58:39.529Z INFO  client] Sending sample transaction 298
[2022-07-24T10:58:39.582Z INFO  client] Sending sample transaction 299
[2022-07-24T10:58:39.628Z INFO  client] Sending sample transaction 300
[2022-07-24T10:58:39.679Z INFO  client] Sending sample transaction 301
[2022-07-24T10:58:39.729Z INFO  client] Sending sample transaction 302
[2022-07-24T10:58:39.779Z INFO  client] Sending sample transaction 303
[2022-07-24T10:58:39.829Z INFO  client] Sending sample transaction 304
[2022-07-24T10:58:39.879Z INFO  client] Sending sample transaction 305
[2022-07-24T10:58:39.929Z INFO  client] Sending sample transaction 306
[2022-07-24T10:58:39.986Z INFO  client] Sending sample transaction 307
[2022-07-24T10:58:40.029Z INFO  client] Sending sample transaction 308
[2022-07-24T10:58:40.079Z INFO  client] Sending sample transaction 309
[2022-07-24T10:58:40.128Z INFO  client] Sending sample transaction 310
[2022-07-24T10:58:40.207Z INFO  client] Sending sample transaction 311
[2022-07-24T10:58:40.229Z INFO  client] Sending sample transaction 312
[2022-07-24T10:58:40.280Z INFO  client] Sending sample transaction 313
[2022-07-24T10:58:40.329Z INFO  client] Sending sample transaction 314
[2022-07-24T10:58:40.379Z INFO  client] Sending sample transaction 315
[2022-07-24T10:58:40.429Z INFO  client] Sending sample transaction 316
[2022-07-24T10:58:40.480Z INFO  client] Sending sample transaction 317
[2022-07-24T10:58:40.528Z INFO  client] Sending sample transaction 318
[2022-07-24T10:58:40.579Z INFO  client] Sending sample transaction 319
[2022-07-24T10:58:40.629Z INFO  client] Sending sample transaction 320
[2022-07-24T10:58:40.679Z INFO  client] Sending sample transaction 321
[2022-07-24T10:58:40.730Z INFO  client] Sending sample transaction 322
[2022-07-24T10:58:40.779Z INFO  client] Sending sample transaction 323
[2022-07-24T10:58:40.829Z INFO  client] Sending sample transaction 324
[2022-07-24T10:58:40.879Z INFO  client] Sending sample transaction 325
[2022-07-24T10:58:40.930Z INFO  client] Sending sample transaction 326
[2022-07-24T10:58:40.979Z INFO  client] Sending sample transaction 327
[2022-07-24T10:58:41.029Z INFO  client] Sending sample transaction 328
[2022-07-24T10:58:41.079Z INFO  client] Sending sample transaction 329
[2022-07-24T10:58:41.129Z INFO  client] Sending sample transaction 330
[2022-07-24T10:58:41.178Z INFO  client] Sending sample transaction 331
[2022-07-24T10:58:41.229Z INFO  client] Sending sample transaction 332
[2022-07-24T10:58:41.279Z INFO  client] Sending sample transaction 333
[2022-07-24T10:58:41.329Z INFO  client] Sending sample transaction 334
[2022-07-24T10:58:41.379Z INFO  client] Sending sample transaction 335
[2022-07-24T10:58:41.429Z INFO  client] Sending sample transaction 336
[2022-07-24T10:58:41.479Z INFO  client] Sending sample transaction 337
[2022-07-24T10:58:41.529Z INFO  client] Sending sample transaction 338
[2022-07-24T10:58:41.579Z INFO  client] Sending sample transaction 339
[2022-07-24T10:58:41.628Z INFO  client] Sending sample transaction 340
[2022-07-24T10:58:41.679Z INFO  client] Sending sample transaction 341
[2022-07-24T10:58:41.729Z INFO  client] Sending sample transaction 342
[2022-07-24T10:58:41.779Z INFO  client] Sending sample transaction 343
[2022-07-24T10:58:41.829Z INFO  client] Sending sample transaction 344
[2022-07-24T10:58:41.879Z INFO  client] Sending sample transaction 345
[2022-07-24T10:58:41.929Z INFO  client] Sending sample transaction 346
[2022-07-24T10:58:41.978Z INFO  client] Sending sample transaction 347
[2022-07-24T10:58:42.039Z INFO  client] Sending sample transaction 348
[2022-07-24T10:58:42.085Z INFO  client] Sending sample transaction 349
[2022-07-24T10:58:42.129Z INFO  client] Sending sample transaction 350
[2022-07-24T10:58:42.179Z INFO  client] Sending sample transaction 351
[2022-07-24T10:58:42.229Z INFO  client] Sending sample transaction 352
[2022-07-24T10:58:42.279Z INFO  client] Sending sample transaction 353
[2022-07-24T10:58:42.329Z INFO  client] Sending sample transaction 354
[2022-07-24T10:58:42.379Z INFO  client] Sending sample transaction 355
[2022-07-24T10:58:42.503Z INFO  client] Sending sample transaction 356
[2022-07-24T10:58:42.519Z INFO  client] Sending sample transaction 357
[2022-07-24T10:58:42.560Z INFO  client] Sending sample transaction 358
[2022-07-24T10:58:42.582Z INFO  client] Sending sample transaction 359
[2022-07-24T10:58:42.633Z INFO  client] Sending sample transaction 360
[2022-07-24T10:58:42.679Z INFO  client] Sending sample transaction 361
[2022-07-24T10:58:42.729Z INFO  client] Sending sample transaction 362
[2022-07-24T10:58:42.779Z INFO  client] Sending sample transaction 363
[2022-07-24T10:58:42.829Z INFO  client] Sending sample transaction 364
[2022-07-24T10:58:42.879Z INFO  client] Sending sample transaction 365
[2022-07-24T10:58:42.929Z INFO  client] Sending sample transaction 366
[2022-07-24T10:58:42.979Z INFO  client] Sending sample transaction 367
[2022-07-24T10:58:43.029Z INFO  client] Sending sample transaction 368
[2022-07-24T10:58:43.079Z INFO  client] Sending sample transaction 369
[2022-07-24T10:58:43.128Z INFO  client] Sending sample transaction 370
[2022-07-24T10:58:43.179Z INFO  client] Sending sample transaction 371
[2022-07-24T10:58:43.229Z INFO  client] Sending sample transaction 372
[2022-07-24T10:58:43.279Z INFO  client] Sending sample transaction 373
[2022-07-24T10:58:43.329Z INFO  client] Sending sample transaction 374
[2022-07-24T10:58:43.379Z INFO  client] Sending sample transaction 375
[2022-07-24T10:58:43.429Z INFO  client] Sending sample transaction 376
[2022-07-24T10:58:43.479Z INFO  client] Sending sample transaction 377
[2022-07-24T10:58:43.529Z INFO  client] Sending sample transaction 378
[2022-07-24T10:58:43.578Z INFO  client] Sending sample transaction 379
[2022-07-24T10:58:43.629Z INFO  client] Sending sample transaction 380
[2022-07-24T10:58:43.679Z INFO  client] Sending sample transaction 381
[2022-07-24T10:58:43.729Z INFO  client] Sending sample transaction 382
[2022-07-24T10:58:43.779Z INFO  client] Sending sample transaction 383
[2022-07-24T10:58:43.829Z INFO  client] Sending sample transaction 384
[2022-07-24T10:58:43.879Z INFO  client] Sending sample transaction 385
[2022-07-24T10:58:43.928Z INFO  client] Sending sample transaction 386
[2022-07-24T10:58:43.980Z INFO  client] Sending sample transaction 387
[2022-07-24T10:58:44.029Z INFO  client] Sending sample transaction 388
[2022-07-24T10:58:44.079Z INFO  client] Sending sample transaction 389
[2022-07-24T10:58:44.130Z INFO  client] Sending sample transaction 390
[2022-07-24T10:58:44.179Z INFO  client] Sending sample transaction 391
[2022-07-24T10:58:44.229Z INFO  client] Sending sample transaction 392
[2022-07-24T10:58:44.279Z INFO  client] Sending sample transaction 393
[2022-07-24T10:58:44.329Z INFO  client] Sending sample transaction 394
[2022-07-24T10:58:44.379Z INFO  client] Sending sample transaction 395
[2022-07-24T10:58:44.429Z INFO  client] Sending sample transaction 396
[2022-07-24T10:58:44.479Z INFO  client] Sending sample transaction 397
[2022-07-24T10:58:44.529Z INFO  client] Sending sample transaction 398
[2022-07-24T10:58:44.579Z INFO  client] Sending sample transaction 399
[2022-07-24T10:58:44.629Z INFO  client] Sending sample transaction 400
[2022-07-24T10:58:44.680Z INFO  client] Sending sample transaction 401
[2022-07-24T10:58:44.728Z INFO  client] Sending sample transaction 402
[2022-07-24T10:58:44.779Z INFO  client] Sending sample transaction 403
[2022-07-24T10:58:44.829Z INFO  client] Sending sample transaction 404
[2022-07-24T10:58:44.879Z INFO  client] Sending sample transaction 405
[2022-07-24T10:58:44.928Z INFO  client] Sending sample transaction 406
[2022-07-24T10:58:44.979Z INFO  client] Sending sample transaction 407
[2022-07-24T10:58:45.030Z INFO  client] Sending sample transaction 408
[2022-07-24T10:58:45.079Z INFO  client] Sending sample transaction 409
[2022-07-24T10:58:45.129Z INFO  client] Sending sample transaction 410
[2022-07-24T10:58:45.185Z INFO  client] Sending sample transaction 411
[2022-07-24T10:58:45.229Z INFO  client] Sending sample transaction 412
[2022-07-24T10:58:45.279Z INFO  client] Sending sample transaction 413
[2022-07-24T10:58:45.330Z INFO  client] Sending sample transaction 414
[2022-07-24T10:58:45.379Z INFO  client] Sending sample transaction 415
[2022-07-24T10:58:45.429Z INFO  client] Sending sample transaction 416
[2022-07-24T10:58:45.480Z INFO  client] Sending sample transaction 417
[2022-07-24T10:58:45.529Z INFO  client] Sending sample transaction 418
[2022-07-24T10:58:45.579Z INFO  client] Sending sample transaction 419
[2022-07-24T10:58:45.629Z INFO  client] Sending sample transaction 420
[2022-07-24T10:58:45.679Z INFO  client] Sending sample transaction 421
[2022-07-24T10:58:45.745Z INFO  client] Sending sample transaction 422
[2022-07-24T10:58:45.786Z INFO  client] Sending sample transaction 423
[2022-07-24T10:58:45.829Z INFO  client] Sending sample transaction 424
[2022-07-24T10:58:45.880Z INFO  client] Sending sample transaction 425
[2022-07-24T10:58:45.929Z INFO  client] Sending sample transaction 426
[2022-07-24T10:58:45.979Z INFO  client] Sending sample transaction 427
[2022-07-24T10:58:46.030Z INFO  client] Sending sample transaction 428
[2022-07-24T10:58:46.079Z INFO  client] Sending sample transaction 429
[2022-07-24T10:58:46.129Z INFO  client] Sending sample transaction 430
[2022-07-24T10:58:46.178Z INFO  client] Sending sample transaction 431
[2022-07-24T10:58:46.260Z INFO  client] Sending sample transaction 432
[2022-07-24T10:58:46.290Z INFO  client] Sending sample transaction 433
[2022-07-24T10:58:46.329Z INFO  client] Sending sample transaction 434
[2022-07-24T10:58:46.379Z INFO  client] Sending sample transaction 435
[2022-07-24T10:58:46.434Z INFO  client] Sending sample transaction 436
[2022-07-24T10:58:46.479Z INFO  client] Sending sample transaction 437
[2022-07-24T10:58:46.529Z INFO  client] Sending sample transaction 438
[2022-07-24T10:58:46.583Z INFO  client] Sending sample transaction 439
[2022-07-24T10:58:46.634Z INFO  client] Sending sample transaction 440
[2022-07-24T10:58:46.680Z INFO  client] Sending sample transaction 441
[2022-07-24T10:58:46.733Z INFO  client] Sending sample transaction 442
[2022-07-24T10:58:46.785Z INFO  client] Sending sample transaction 443
[2022-07-24T10:58:46.829Z INFO  client] Sending sample transaction 444
[2022-07-24T10:58:46.879Z INFO  client] Sending sample transaction 445
