[2022-07-24T10:11:23.338Z INFO  client] Node address: 127.0.0.1:9017
[2022-07-24T10:11:23.338Z INFO  client] Transactions size: 512 B
[2022-07-24T10:11:23.338Z INFO  client] Transactions rate: 112 tx/s
[2022-07-24T10:11:23.338Z INFO  client] Waiting for all nodes to be online...
[2022-07-24T10:11:23.338Z INFO  client] Waiting for all nodes to be synchronized...
[2022-07-24T10:11:25.341Z INFO  client] Start sending transactions
[2022-07-24T10:11:25.343Z INFO  client] Sending sample transaction 0
[2022-07-24T10:11:25.393Z INFO  client] Sending sample transaction 1
[2022-07-24T10:11:25.444Z INFO  client] Sending sample transaction 2
[2022-07-24T10:11:25.493Z INFO  client] Sending sample transaction 3
[2022-07-24T10:11:25.545Z INFO  client] Sending sample transaction 4
[2022-07-24T10:11:25.593Z INFO  client] Sending sample transaction 5
[2022-07-24T10:11:25.642Z INFO  client] Sending sample transaction 6
[2022-07-24T10:11:25.705Z INFO  client] Sending sample transaction 7
[2022-07-24T10:11:25.769Z INFO  client] Sending sample transaction 8
[2022-07-24T10:11:25.794Z INFO  client] Sending sample transaction 9
[2022-07-24T10:11:25.842Z INFO  client] Sending sample transaction 10
[2022-07-24T10:11:25.901Z INFO  client] Sending sample transaction 11
[2022-07-24T10:11:25.943Z INFO  client] Sending sample transaction 12
[2022-07-24T10:11:25.994Z INFO  client] Sending sample transaction 13
[2022-07-24T10:11:26.045Z INFO  client] Sending sample transaction 14
[2022-07-24T10:11:26.093Z INFO  client] Sending sample transaction 15
[2022-07-24T10:11:26.142Z INFO  client] Sending sample transaction 16
[2022-07-24T10:11:26.193Z INFO  client] Sending sample transaction 17
[2022-07-24T10:11:26.244Z INFO  client] Sending sample transaction 18
[2022-07-24T10:11:26.293Z INFO  client] Sending sample transaction 19
[2022-07-24T10:11:26.343Z INFO  client] Sending sample transaction 20
[2022-07-24T10:11:26.393Z INFO  client] Sending sample transaction 21
[2022-07-24T10:11:26.443Z INFO  client] Sending sample transaction 22
[2022-07-24T10:11:26.493Z INFO  client] Sending sample transaction 23
[2022-07-24T10:11:26.544Z INFO  client] Sending sample transaction 24
[2022-07-24T10:11:26.594Z INFO  client] Sending sample transaction 25
[2022-07-24T10:11:26.643Z INFO  client] Sending sample transaction 26
[2022-07-24T10:11:26.695Z INFO  client] Sending sample transaction 27
[2022-07-24T10:11:26.743Z INFO  client] Sending sample transaction 28
[2022-07-24T10:11:26.836Z INFO  client] Sending sample transaction 29
[2022-07-24T10:11:26.858Z INFO  client] Sending sample transaction 30
[2022-07-24T10:11:26.894Z INFO  client] Sending sample transaction 31
[2022-07-24T10:11:26.945Z INFO  client] Sending sample transaction 32
[2022-07-24T10:11:26.994Z INFO  client] Sending sample transaction 33
[2022-07-24T10:11:27.043Z INFO  client] Sending sample transaction 34
[2022-07-24T10:11:27.093Z INFO  client] Sending sample transaction 35
[2022-07-24T10:11:27.143Z INFO  client] Sending sample transaction 36
[2022-07-24T10:11:27.193Z INFO  client] Sending sample transaction 37
[2022-07-24T10:11:27.243Z INFO  client] Sending sample transaction 38
[2022-07-24T10:11:27.292Z INFO  client] Sending sample transaction 39
[2022-07-24T10:11:27.343Z INFO  client] Sending sample transaction 40
[2022-07-24T10:11:27.393Z INFO  client] Sending sample transaction 41
[2022-07-24T10:11:27.443Z INFO  client] Sending sample transaction 42
[2022-07-24T10:11:27.493Z INFO  client] Sending sample transaction 43
[2022-07-24T10:11:27.544Z INFO  client] Sending sample transaction 44
[2022-07-24T10:11:27.594Z INFO  client] Sending sample transaction 45
[2022-07-24T10:11:27.642Z INFO  client] Sending sample transaction 46
[2022-07-24T10:11:27.693Z INFO  client] Sending sample transaction 47
[2022-07-24T10:11:27.743Z INFO  client] Sending sample transaction 48
[2022-07-24T10:11:27.792Z INFO  client] Sending sample transaction 49
[2022-07-24T10:11:27.843Z INFO  client] Sending sample transaction 50
[2022-07-24T10:11:27.893Z INFO  client] Sending sample transaction 51
[2022-07-24T10:11:27.944Z INFO  client] Sending sample transaction 52
[2022-07-24T10:11:27.993Z INFO  client] Sending sample transaction 53
[2022-07-24T10:11:28.043Z INFO  client] Sending sample transaction 54
[2022-07-24T10:11:28.093Z INFO  client] Sending sample transaction 55
[2022-07-24T10:11:28.142Z INFO  client] Sending sample transaction 56
[2022-07-24T10:11:28.193Z INFO  client] Sending sample transaction 57
[2022-07-24T10:11:28.243Z INFO  client] Sending sample transaction 58
[2022-07-24T10:11:28.293Z INFO  client] Sending sample transaction 59
[2022-07-24T10:11:28.342Z INFO  client] Sending sample transaction 60
[2022-07-24T10:11:28.393Z INFO  client] Sending sample transaction 61
[2022-07-24T10:11:28.442Z INFO  client] Sending sample transaction 62
[2022-07-24T10:11:28.492Z INFO  client] Sending sample transaction 63
[2022-07-24T10:11:28.543Z INFO  client] Sending sample transaction 64
[2022-07-24T10:11:28.593Z INFO  client] Sending sample transaction 65
[2022-07-24T10:11:28.643Z INFO  client] Sending sample transaction 66
[2022-07-24T10:11:28.693Z INFO  client] Sending sample transaction 67
[2022-07-24T10:11:28.743Z INFO  client] Sending sample transaction 68
[2022-07-24T10:11:28.792Z INFO  client] Sending sample transaction 69
[2022-07-24T10:11:28.843Z INFO  client] Sending sample transaction 70
[2022-07-24T10:11:28.893Z INFO  client] Sending sample transaction 71
[2022-07-24T10:11:28.943Z INFO  client] Sending sample transaction 72
[2022-07-24T10:11:28.992Z INFO  client] Sending sample transaction 73
[2022-07-24T10:11:29.044Z INFO  client] Sending sample transaction 74
[2022-07-24T10:11:29.093Z INFO  client] Sending sample transaction 75
[2022-07-24T10:11:29.143Z INFO  client] Sending sample transaction 76
[2022-07-24T10:11:29.194Z INFO  client] Sending sample transaction 77
[2022-07-24T10:11:29.245Z INFO  client] Sending sample transaction 78
[2022-07-24T10:11:29.325Z INFO  client] Sending sample transaction 79
[2022-07-24T10:11:29.361Z INFO  client] Sending sample transaction 80
[2022-07-24T10:11:29.394Z INFO  client] Sending sample transaction 81
[2022-07-24T10:11:29.445Z INFO  client] Sending sample transaction 82
[2022-07-24T10:11:29.492Z INFO  client] Sending sample transaction 83
[2022-07-24T10:11:29.543Z INFO  client] Sending sample transaction 84
[2022-07-24T10:11:29.592Z INFO  client] Sending sample transaction 85
[2022-07-24T10:11:29.643Z INFO  client] Sending sample transaction 86
[2022-07-24T10:11:29.692Z INFO  client] Sending sample transaction 87
[2022-07-24T10:11:29.743Z INFO  client] Sending sample transaction 88
[2022-07-24T10:11:29.792Z INFO  client] Sending sample transaction 89
[2022-07-24T10:11:29.842Z INFO  client] Sending sample transaction 90
[2022-07-24T10:11:29.893Z INFO  client] Sending sample transaction 91
[2022-07-24T10:11:29.942Z INFO  client] Sending sample transaction 92
[2022-07-24T10:11:29.993Z INFO  client] Sending sample transaction 93
[2022-07-24T10:11:30.043Z INFO  client] Sending sample transaction 94
[2022-07-24T10:11:30.093Z INFO  client] Sending sample transaction 95
[2022-07-24T10:11:30.143Z INFO  client] Sending sample transaction 96
[2022-07-24T10:11:30.193Z INFO  client] Sending sample transaction 97
[2022-07-24T10:11:30.242Z INFO  client] Sending sample transaction 98
[2022-07-24T10:11:30.293Z INFO  client] Sending sample transaction 99
[2022-07-24T10:11:30.343Z INFO  client] Sending sample transaction 100
[2022-07-24T10:11:30.417Z INFO  client] Sending sample transaction 101
[2022-07-24T10:11:30.442Z INFO  client] Sending sample transaction 102
[2022-07-24T10:11:30.494Z INFO  client] Sending sample transaction 103
[2022-07-24T10:11:30.543Z INFO  client] Sending sample transaction 104
[2022-07-24T10:11:30.593Z INFO  client] Sending sample transaction 105
[2022-07-24T10:11:30.643Z INFO  client] Sending sample transaction 106
[2022-07-24T10:11:30.693Z INFO  client] Sending sample transaction 107
[2022-07-24T10:11:30.744Z INFO  client] Sending sample transaction 108
[2022-07-24T10:11:30.793Z INFO  client] Sending sample transaction 109
[2022-07-24T10:11:30.842Z INFO  client] Sending sample transaction 110
[2022-07-24T10:11:30.893Z INFO  client] Sending sample transaction 111
[2022-07-24T10:11:30.943Z INFO  client] Sending sample transaction 112
[2022-07-24T10:11:30.992Z INFO  client] Sending sample transaction 113
[2022-07-24T10:11:31.043Z INFO  client] Sending sample transaction 114
[2022-07-24T10:11:31.093Z INFO  client] Sending sample transaction 115
[2022-07-24T10:11:31.143Z INFO  client] Sending sample transaction 116
[2022-07-24T10:11:31.193Z INFO  client] Sending sample transaction 117
[2022-07-24T10:11:31.243Z INFO  client] Sending sample transaction 118
[2022-07-24T10:11:31.294Z INFO  client] Sending sample transaction 119
[2022-07-24T10:11:31.343Z INFO  client] Sending sample transaction 120
[2022-07-24T10:11:31.393Z INFO  client] Sending sample transaction 121
[2022-07-24T10:11:31.446Z INFO  client] Sending sample transaction 122
[2022-07-24T10:11:31.492Z INFO  client] Sending sample transaction 123
[2022-07-24T10:11:31.542Z INFO  client] Sending sample transaction 124
[2022-07-24T10:11:31.593Z INFO  client] Sending sample transaction 125
[2022-07-24T10:11:31.643Z INFO  client] Sending sample transaction 126
[2022-07-24T10:11:31.694Z INFO  client] Sending sample transaction 127
[2022-07-24T10:11:31.744Z INFO  client] Sending sample transaction 128
[2022-07-24T10:11:31.794Z INFO  client] Sending sample transaction 129
[2022-07-24T10:11:31.843Z INFO  client] Sending sample transaction 130
[2022-07-24T10:11:31.893Z INFO  client] Sending sample transaction 131
[2022-07-24T10:11:31.944Z INFO  client] Sending sample transaction 132
[2022-07-24T10:11:31.992Z INFO  client] Sending sample transaction 133
[2022-07-24T10:11:32.042Z INFO  client] Sending sample transaction 134
[2022-07-24T10:11:32.095Z INFO  client] Sending sample transaction 135
[2022-07-24T10:11:32.142Z INFO  client] Sending sample transaction 136
[2022-07-24T10:11:32.193Z INFO  client] Sending sample transaction 137
[2022-07-24T10:11:32.242Z INFO  client] Sending sample transaction 138
[2022-07-24T10:11:32.293Z INFO  client] Sending sample transaction 139
[2022-07-24T10:11:32.343Z INFO  client] Sending sample transaction 140
[2022-07-24T10:11:32.393Z INFO  client] Sending sample transaction 141
[2022-07-24T10:11:32.445Z INFO  client] Sending sample transaction 142
[2022-07-24T10:11:32.498Z INFO  client] Sending sample transaction 143
[2022-07-24T10:11:32.543Z INFO  client] Sending sample transaction 144
[2022-07-24T10:11:32.593Z INFO  client] Sending sample transaction 145
[2022-07-24T10:11:32.643Z INFO  client] Sending sample transaction 146
[2022-07-24T10:11:32.693Z INFO  client] Sending sample transaction 147
[2022-07-24T10:11:32.742Z INFO  client] Sending sample transaction 148
[2022-07-24T10:11:32.793Z INFO  client] Sending sample transaction 149
[2022-07-24T10:11:32.843Z INFO  client] Sending sample transaction 150
[2022-07-24T10:11:32.901Z INFO  client] Sending sample transaction 151
[2022-07-24T10:11:33.021Z INFO  client] Sending sample transaction 152
[2022-07-24T10:11:33.036Z INFO  client] Sending sample transaction 153
[2022-07-24T10:11:33.043Z INFO  client] Sending sample transaction 154
[2022-07-24T10:11:33.093Z INFO  client] Sending sample transaction 155
[2022-07-24T10:11:33.142Z INFO  client] Sending sample transaction 156
[2022-07-24T10:11:33.192Z INFO  client] Sending sample transaction 157
[2022-07-24T10:11:33.243Z INFO  client] Sending sample transaction 158
[2022-07-24T10:11:33.293Z INFO  client] Sending sample transaction 159
[2022-07-24T10:11:33.342Z INFO  client] Sending sample transaction 160
[2022-07-24T10:11:33.392Z INFO  client] Sending sample transaction 161
[2022-07-24T10:11:33.442Z INFO  client] Sending sample transaction 162
[2022-07-24T10:11:33.493Z INFO  client] Sending sample transaction 163
[2022-07-24T10:11:33.542Z INFO  client] Sending sample transaction 164
[2022-07-24T10:11:33.593Z INFO  client] Sending sample transaction 165
[2022-07-24T10:11:33.642Z INFO  client] Sending sample transaction 166
[2022-07-24T10:11:33.693Z INFO  client] Sending sample transaction 167
[2022-07-24T10:11:33.742Z INFO  client] Sending sample transaction 168
[2022-07-24T10:11:33.793Z INFO  client] Sending sample transaction 169
[2022-07-24T10:11:33.842Z INFO  client] Sending sample transaction 170
[2022-07-24T10:11:33.893Z INFO  client] Sending sample transaction 171
[2022-07-24T10:11:33.943Z INFO  client] Sending sample transaction 172
[2022-07-24T10:11:33.992Z INFO  client] Sending sample transaction 173
[2022-07-24T10:11:34.044Z INFO  client] Sending sample transaction 174
[2022-07-24T10:11:34.093Z INFO  client] Sending sample transaction 175
[2022-07-24T10:11:34.142Z INFO  client] Sending sample transaction 176
[2022-07-24T10:11:34.193Z INFO  client] Sending sample transaction 177
[2022-07-24T10:11:34.243Z INFO  client] Sending sample transaction 178
[2022-07-24T10:11:34.293Z INFO  client] Sending sample transaction 179
[2022-07-24T10:11:34.342Z INFO  client] Sending sample transaction 180
[2022-07-24T10:11:34.392Z INFO  client] Sending sample transaction 181
[2022-07-24T10:11:34.442Z INFO  client] Sending sample transaction 182
[2022-07-24T10:11:34.492Z INFO  client] Sending sample transaction 183
[2022-07-24T10:11:34.543Z INFO  client] Sending sample transaction 184
[2022-07-24T10:11:34.592Z INFO  client] Sending sample transaction 185
[2022-07-24T10:11:34.643Z INFO  client] Sending sample transaction 186
[2022-07-24T10:11:34.693Z INFO  client] Sending sample transaction 187
[2022-07-24T10:11:34.743Z INFO  client] Sending sample transaction 188
[2022-07-24T10:11:34.792Z INFO  client] Sending sample transaction 189
[2022-07-24T10:11:34.842Z INFO  client] Sending sample transaction 190
[2022-07-24T10:11:34.892Z INFO  client] Sending sample transaction 191
[2022-07-24T10:11:34.943Z INFO  client] Sending sample transaction 192
[2022-07-24T10:11:35.002Z INFO  client] Sending sample transaction 193
[2022-07-24T10:11:35.044Z INFO  client] Sending sample transaction 194
[2022-07-24T10:11:35.093Z INFO  client] Sending sample transaction 195
[2022-07-24T10:11:35.143Z INFO  client] Sending sample transaction 196
[2022-07-24T10:11:35.193Z INFO  client] Sending sample transaction 197
[2022-07-24T10:11:35.244Z INFO  client] Sending sample transaction 198
[2022-07-24T10:11:35.293Z INFO  client] Sending sample transaction 199
[2022-07-24T10:11:35.342Z INFO  client] Sending sample transaction 200
[2022-07-24T10:11:35.404Z INFO  client] Sending sample transaction 201
[2022-07-24T10:11:35.443Z INFO  client] Sending sample transaction 202
[2022-07-24T10:11:35.494Z INFO  client] Sending sample transaction 203
[2022-07-24T10:11:35.544Z INFO  client] Sending sample transaction 204
[2022-07-24T10:11:35.595Z INFO  client] Sending sample transaction 205
[2022-07-24T10:11:35.644Z INFO  client] Sending sample transaction 206
[2022-07-24T10:11:35.693Z INFO  client] Sending sample transaction 207
[2022-07-24T10:11:35.744Z INFO  client] Sending sample transaction 208
[2022-07-24T10:11:35.794Z INFO  client] Sending sample transaction 209
[2022-07-24T10:11:35.843Z INFO  client] Sending sample transaction 210
[2022-07-24T10:11:35.892Z INFO  client] Sending sample transaction 211
[2022-07-24T10:11:35.943Z INFO  client] Sending sample transaction 212
[2022-07-24T10:11:35.993Z INFO  client] Sending sample transaction 213
[2022-07-24T10:11:36.043Z INFO  client] Sending sample transaction 214
[2022-07-24T10:11:36.093Z INFO  client] Sending sample transaction 215
[2022-07-24T10:11:36.143Z INFO  client] Sending sample transaction 216
[2022-07-24T10:11:36.193Z INFO  client] Sending sample transaction 217
[2022-07-24T10:11:36.243Z INFO  client] Sending sample transaction 218
[2022-07-24T10:11:36.294Z INFO  client] Sending sample transaction 219
[2022-07-24T10:11:36.343Z INFO  client] Sending sample transaction 220
[2022-07-24T10:11:36.393Z INFO  client] Sending sample transaction 221
[2022-07-24T10:11:36.443Z INFO  client] Sending sample transaction 222
[2022-07-24T10:11:36.493Z INFO  client] Sending sample transaction 223
[2022-07-24T10:11:36.543Z INFO  client] Sending sample transaction 224
[2022-07-24T10:11:36.594Z INFO  client] Sending sample transaction 225
[2022-07-24T10:11:36.642Z INFO  client] Sending sample transaction 226
[2022-07-24T10:11:36.692Z INFO  client] Sending sample transaction 227
[2022-07-24T10:11:36.743Z INFO  client] Sending sample transaction 228
[2022-07-24T10:11:36.792Z INFO  client] Sending sample transaction 229
[2022-07-24T10:11:36.842Z INFO  client] Sending sample transaction 230
[2022-07-24T10:11:36.893Z INFO  client] Sending sample transaction 231
[2022-07-24T10:11:36.943Z INFO  client] Sending sample transaction 232
[2022-07-24T10:11:36.994Z INFO  client] Sending sample transaction 233
[2022-07-24T10:11:37.043Z INFO  client] Sending sample transaction 234
[2022-07-24T10:11:37.092Z INFO  client] Sending sample transaction 235
[2022-07-24T10:11:37.143Z INFO  client] Sending sample transaction 236
[2022-07-24T10:11:37.193Z INFO  client] Sending sample transaction 237
[2022-07-24T10:11:37.243Z INFO  client] Sending sample transaction 238
[2022-07-24T10:11:37.293Z INFO  client] Sending sample transaction 239
[2022-07-24T10:11:37.343Z INFO  client] Sending sample transaction 240
[2022-07-24T10:11:37.392Z INFO  client] Sending sample transaction 241
[2022-07-24T10:11:37.443Z INFO  client] Sending sample transaction 242
[2022-07-24T10:11:37.493Z INFO  client] Sending sample transaction 243
[2022-07-24T10:11:37.543Z INFO  client] Sending sample transaction 244
[2022-07-24T10:11:37.593Z INFO  client] Sending sample transaction 245
[2022-07-24T10:11:37.648Z INFO  client] Sending sample transaction 246
[2022-07-24T10:11:37.693Z INFO  client] Sending sample transaction 247
[2022-07-24T10:11:37.743Z INFO  client] Sending sample transaction 248
[2022-07-24T10:11:37.792Z INFO  client] Sending sample transaction 249
[2022-07-24T10:11:37.843Z INFO  client] Sending sample transaction 250
[2022-07-24T10:11:37.931Z INFO  client] Sending sample transaction 251
[2022-07-24T10:11:37.943Z INFO  client] Sending sample transaction 252
[2022-07-24T10:11:37.993Z INFO  client] Sending sample transaction 253
[2022-07-24T10:11:38.043Z INFO  client] Sending sample transaction 254
[2022-07-24T10:11:38.093Z INFO  client] Sending sample transaction 255
[2022-07-24T10:11:38.143Z INFO  client] Sending sample transaction 256
[2022-07-24T10:11:38.193Z INFO  client] Sending sample transaction 257
[2022-07-24T10:11:38.243Z INFO  client] Sending sample transaction 258
[2022-07-24T10:11:38.293Z INFO  client] Sending sample transaction 259
[2022-07-24T10:11:38.342Z INFO  client] Sending sample transaction 260
[2022-07-24T10:11:38.393Z INFO  client] Sending sample transaction 261
[2022-07-24T10:11:38.443Z INFO  client] Sending sample transaction 262
[2022-07-24T10:11:38.493Z INFO  client] Sending sample transaction 263
[2022-07-24T10:11:38.542Z INFO  client] Sending sample transaction 264
[2022-07-24T10:11:38.592Z INFO  client] Sending sample transaction 265
[2022-07-24T10:11:38.643Z INFO  client] Sending sample transaction 266
[2022-07-24T10:11:38.693Z INFO  client] Sending sample transaction 267
[2022-07-24T10:11:38.743Z INFO  client] Sending sample transaction 268
[2022-07-24T10:11:38.792Z INFO  client] Sending sample transaction 269
[2022-07-24T10:11:38.843Z INFO  client] Sending sample transaction 270
[2022-07-24T10:11:38.894Z INFO  client] Sending sample transaction 271
[2022-07-24T10:11:38.943Z INFO  client] Sending sample transaction 272
[2022-07-24T10:11:38.994Z INFO  client] Sending sample transaction 273
[2022-07-24T10:11:39.044Z INFO  client] Sending sample transaction 274
[2022-07-24T10:11:39.092Z INFO  client] Sending sample transaction 275
[2022-07-24T10:11:39.142Z INFO  client] Sending sample transaction 276
[2022-07-24T10:11:39.193Z INFO  client] Sending sample transaction 277
[2022-07-24T10:11:39.243Z INFO  client] Sending sample transaction 278
[2022-07-24T10:11:39.294Z INFO  client] Sending sample transaction 279
[2022-07-24T10:11:39.343Z INFO  client] Sending sample transaction 280
[2022-07-24T10:11:39.393Z INFO  client] Sending sample transaction 281
[2022-07-24T10:11:39.443Z INFO  client] Sending sample transaction 282
[2022-07-24T10:11:39.493Z INFO  client] Sending sample transaction 283
[2022-07-24T10:11:39.542Z INFO  client] Sending sample transaction 284
[2022-07-24T10:11:39.594Z INFO  client] Sending sample transaction 285
[2022-07-24T10:11:39.643Z INFO  client] Sending sample transaction 286
[2022-07-24T10:11:39.693Z INFO  client] Sending sample transaction 287
[2022-07-24T10:11:39.745Z INFO  client] Sending sample transaction 288
[2022-07-24T10:11:39.793Z INFO  client] Sending sample transaction 289
[2022-07-24T10:11:39.842Z INFO  client] Sending sample transaction 290
[2022-07-24T10:11:39.893Z INFO  client] Sending sample transaction 291
[2022-07-24T10:11:39.943Z INFO  client] Sending sample transaction 292
[2022-07-24T10:11:39.993Z INFO  client] Sending sample transaction 293
[2022-07-24T10:11:40.043Z INFO  client] Sending sample transaction 294
[2022-07-24T10:11:40.094Z INFO  client] Sending sample transaction 295
[2022-07-24T10:11:40.143Z INFO  client] Sending sample transaction 296
[2022-07-24T10:11:40.192Z INFO  client] Sending sample transaction 297
[2022-07-24T10:11:40.243Z INFO  client] Sending sample transaction 298
[2022-07-24T10:11:40.292Z INFO  client] Sending sample transaction 299
[2022-07-24T10:11:40.342Z INFO  client] Sending sample transaction 300
[2022-07-24T10:11:40.393Z INFO  client] Sending sample transaction 301
[2022-07-24T10:11:40.442Z INFO  client] Sending sample transaction 302
[2022-07-24T10:11:40.492Z INFO  client] Sending sample transaction 303
[2022-07-24T10:11:40.543Z INFO  client] Sending sample transaction 304
[2022-07-24T10:11:40.592Z INFO  client] Sending sample transaction 305
[2022-07-24T10:11:40.643Z INFO  client] Sending sample transaction 306
[2022-07-24T10:11:40.693Z INFO  client] Sending sample transaction 307
[2022-07-24T10:11:40.743Z INFO  client] Sending sample transaction 308
[2022-07-24T10:11:40.793Z INFO  client] Sending sample transaction 309
[2022-07-24T10:11:40.843Z INFO  client] Sending sample transaction 310
[2022-07-24T10:11:40.893Z INFO  client] Sending sample transaction 311
[2022-07-24T10:11:40.943Z INFO  client] Sending sample transaction 312
[2022-07-24T10:11:40.993Z INFO  client] Sending sample transaction 313
[2022-07-24T10:11:41.043Z INFO  client] Sending sample transaction 314
[2022-07-24T10:11:41.093Z INFO  client] Sending sample transaction 315
[2022-07-24T10:11:41.143Z INFO  client] Sending sample transaction 316
[2022-07-24T10:11:41.192Z INFO  client] Sending sample transaction 317
[2022-07-24T10:11:41.242Z INFO  client] Sending sample transaction 318
[2022-07-24T10:11:41.293Z INFO  client] Sending sample transaction 319
[2022-07-24T10:11:41.342Z INFO  client] Sending sample transaction 320
[2022-07-24T10:11:41.392Z INFO  client] Sending sample transaction 321
[2022-07-24T10:11:41.443Z INFO  client] Sending sample transaction 322
[2022-07-24T10:11:41.493Z INFO  client] Sending sample transaction 323
[2022-07-24T10:11:41.542Z INFO  client] Sending sample transaction 324
[2022-07-24T10:11:41.592Z INFO  client] Sending sample transaction 325
[2022-07-24T10:11:41.643Z INFO  client] Sending sample transaction 326
[2022-07-24T10:11:41.692Z INFO  client] Sending sample transaction 327
[2022-07-24T10:11:41.743Z INFO  client] Sending sample transaction 328
[2022-07-24T10:11:41.800Z INFO  client] Sending sample transaction 329
[2022-07-24T10:11:41.845Z INFO  client] Sending sample transaction 330
[2022-07-24T10:11:41.893Z INFO  client] Sending sample transaction 331
[2022-07-24T10:11:41.943Z INFO  client] Sending sample transaction 332
[2022-07-24T10:11:41.993Z INFO  client] Sending sample transaction 333
[2022-07-24T10:11:42.043Z INFO  client] Sending sample transaction 334
[2022-07-24T10:11:42.094Z INFO  client] Sending sample transaction 335
[2022-07-24T10:11:42.143Z INFO  client] Sending sample transaction 336
[2022-07-24T10:11:42.193Z INFO  client] Sending sample transaction 337
[2022-07-24T10:11:42.243Z INFO  client] Sending sample transaction 338
[2022-07-24T10:11:42.292Z INFO  client] Sending sample transaction 339
[2022-07-24T10:11:42.343Z INFO  client] Sending sample transaction 340
[2022-07-24T10:11:42.407Z INFO  client] Sending sample transaction 341
[2022-07-24T10:11:42.447Z INFO  client] Sending sample transaction 342
[2022-07-24T10:11:42.492Z INFO  client] Sending sample transaction 343
[2022-07-24T10:11:42.543Z INFO  client] Sending sample transaction 344
[2022-07-24T10:11:42.594Z INFO  client] Sending sample transaction 345
[2022-07-24T10:11:42.643Z INFO  client] Sending sample transaction 346
[2022-07-24T10:11:42.693Z INFO  client] Sending sample transaction 347
[2022-07-24T10:11:42.743Z INFO  client] Sending sample transaction 348
[2022-07-24T10:11:42.793Z INFO  client] Sending sample transaction 349
[2022-07-24T10:11:42.843Z INFO  client] Sending sample transaction 350
[2022-07-24T10:11:42.893Z INFO  client] Sending sample transaction 351
[2022-07-24T10:11:42.943Z INFO  client] Sending sample transaction 352
[2022-07-24T10:11:42.992Z INFO  client] Sending sample transaction 353
[2022-07-24T10:11:43.044Z INFO  client] Sending sample transaction 354
[2022-07-24T10:11:43.092Z INFO  client] Sending sample transaction 355
[2022-07-24T10:11:43.143Z INFO  client] Sending sample transaction 356
[2022-07-24T10:11:43.193Z INFO  client] Sending sample transaction 357
[2022-07-24T10:11:43.243Z INFO  client] Sending sample transaction 358
[2022-07-24T10:11:43.293Z INFO  client] Sending sample transaction 359
[2022-07-24T10:11:43.342Z INFO  client] Sending sample transaction 360
[2022-07-24T10:11:43.393Z INFO  client] Sending sample transaction 361
[2022-07-24T10:11:43.443Z INFO  client] Sending sample transaction 362
[2022-07-24T10:11:43.492Z INFO  client] Sending sample transaction 363
[2022-07-24T10:11:43.543Z INFO  client] Sending sample transaction 364
[2022-07-24T10:11:43.593Z INFO  client] Sending sample transaction 365
[2022-07-24T10:11:43.643Z INFO  client] Sending sample transaction 366
[2022-07-24T10:11:43.693Z INFO  client] Sending sample transaction 367
[2022-07-24T10:11:43.745Z INFO  client] Sending sample transaction 368
[2022-07-24T10:11:43.793Z INFO  client] Sending sample transaction 369
[2022-07-24T10:11:43.842Z INFO  client] Sending sample transaction 370
[2022-07-24T10:11:43.895Z INFO  client] Sending sample transaction 371
[2022-07-24T10:11:43.943Z INFO  client] Sending sample transaction 372
[2022-07-24T10:11:43.993Z INFO  client] Sending sample transaction 373
[2022-07-24T10:11:44.043Z INFO  client] Sending sample transaction 374
[2022-07-24T10:11:44.092Z INFO  client] Sending sample transaction 375
[2022-07-24T10:11:44.142Z INFO  client] Sending sample transaction 376
[2022-07-24T10:11:44.205Z INFO  client] Sending sample transaction 377
[2022-07-24T10:11:44.269Z INFO  client] Sending sample transaction 378
[2022-07-24T10:11:44.293Z INFO  client] Sending sample transaction 379
[2022-07-24T10:11:44.343Z INFO  client] Sending sample transaction 380
[2022-07-24T10:11:44.393Z INFO  client] Sending sample transaction 381
[2022-07-24T10:11:44.442Z INFO  client] Sending sample transaction 382
[2022-07-24T10:11:44.494Z INFO  client] Sending sample transaction 383
[2022-07-24T10:11:44.546Z INFO  client] Sending sample transaction 384
[2022-07-24T10:11:44.592Z INFO  client] Sending sample transaction 385
[2022-07-24T10:11:44.643Z INFO  client] Sending sample transaction 386
[2022-07-24T10:11:44.693Z INFO  client] Sending sample transaction 387
[2022-07-24T10:11:44.743Z INFO  client] Sending sample transaction 388
[2022-07-24T10:11:44.793Z INFO  client] Sending sample transaction 389
[2022-07-24T10:11:44.842Z INFO  client] Sending sample transaction 390
[2022-07-24T10:11:44.893Z INFO  client] Sending sample transaction 391
[2022-07-24T10:11:44.943Z INFO  client] Sending sample transaction 392
[2022-07-24T10:11:44.994Z INFO  client] Sending sample transaction 393
[2022-07-24T10:11:45.044Z INFO  client] Sending sample transaction 394
[2022-07-24T10:11:45.093Z INFO  client] Sending sample transaction 395
[2022-07-24T10:11:45.143Z INFO  client] Sending sample transaction 396
[2022-07-24T10:11:45.195Z INFO  client] Sending sample transaction 397
[2022-07-24T10:11:45.245Z INFO  client] Sending sample transaction 398
[2022-07-24T10:11:45.293Z INFO  client] Sending sample transaction 399
[2022-07-24T10:11:45.342Z INFO  client] Sending sample transaction 400
[2022-07-24T10:11:45.392Z INFO  client] Sending sample transaction 401
[2022-07-24T10:11:45.443Z INFO  client] Sending sample transaction 402
[2022-07-24T10:11:45.493Z INFO  client] Sending sample transaction 403
[2022-07-24T10:11:45.543Z INFO  client] Sending sample transaction 404
[2022-07-24T10:11:45.593Z INFO  client] Sending sample transaction 405
[2022-07-24T10:11:45.643Z INFO  client] Sending sample transaction 406
[2022-07-24T10:11:45.693Z INFO  client] Sending sample transaction 407
[2022-07-24T10:11:45.743Z INFO  client] Sending sample transaction 408
[2022-07-24T10:11:45.793Z INFO  client] Sending sample transaction 409
[2022-07-24T10:11:45.843Z INFO  client] Sending sample transaction 410
[2022-07-24T10:11:45.893Z INFO  client] Sending sample transaction 411
[2022-07-24T10:11:45.943Z INFO  client] Sending sample transaction 412
[2022-07-24T10:11:46.001Z INFO  client] Sending sample transaction 413
[2022-07-24T10:11:46.048Z INFO  client] Sending sample transaction 414
[2022-07-24T10:11:46.093Z INFO  client] Sending sample transaction 415
[2022-07-24T10:11:46.143Z INFO  client] Sending sample transaction 416
[2022-07-24T10:11:46.194Z INFO  client] Sending sample transaction 417
[2022-07-24T10:11:46.243Z INFO  client] Sending sample transaction 418
[2022-07-24T10:11:46.294Z INFO  client] Sending sample transaction 419
[2022-07-24T10:11:46.344Z INFO  client] Sending sample transaction 420
[2022-07-24T10:11:46.401Z INFO  client] Sending sample transaction 421
[2022-07-24T10:11:46.443Z INFO  client] Sending sample transaction 422
[2022-07-24T10:11:46.494Z INFO  client] Sending sample transaction 423
[2022-07-24T10:11:46.544Z INFO  client] Sending sample transaction 424
[2022-07-24T10:11:46.593Z INFO  client] Sending sample transaction 425
