[2022-07-23T16:20:29.720Z INFO  client] Node address: 127.0.0.1:9017
[2022-07-23T16:20:29.720Z INFO  client] Transactions size: 512 B
[2022-07-23T16:20:29.720Z INFO  client] Transactions rate: 112 tx/s
[2022-07-23T16:20:29.720Z INFO  client] Waiting for all nodes to be online...
[2022-07-23T16:20:29.720Z INFO  client] Waiting for all nodes to be synchronized...
[2022-07-23T16:20:31.729Z INFO  client] Start sending transactions
[2022-07-23T16:20:31.730Z INFO  client] Sending sample transaction 0
[2022-07-23T16:20:31.780Z INFO  client] Sending sample transaction 1
[2022-07-23T16:20:31.831Z INFO  client] Sending sample transaction 2
[2022-07-23T16:20:31.882Z INFO  client] Sending sample transaction 3
[2022-07-23T16:20:31.931Z INFO  client] Sending sample transaction 4
[2022-07-23T16:20:31.981Z INFO  client] Sending sample transaction 5
[2022-07-23T16:20:32.031Z INFO  client] Sending sample transaction 6
[2022-07-23T16:20:32.083Z INFO  client] Sending sample transaction 7
[2022-07-23T16:20:32.132Z INFO  client] Sending sample transaction 8
[2022-07-23T16:20:32.181Z INFO  client] Sending sample transaction 9
[2022-07-23T16:20:32.230Z INFO  client] Sending sample transaction 10
[2022-07-23T16:20:32.281Z INFO  client] Sending sample transaction 11
[2022-07-23T16:20:32.331Z INFO  client] Sending sample transaction 12
[2022-07-23T16:20:32.381Z INFO  client] Sending sample transaction 13
[2022-07-23T16:20:32.433Z INFO  client] Sending sample transaction 14
[2022-07-23T16:20:32.481Z INFO  client] Sending sample transaction 15
[2022-07-23T16:20:32.531Z INFO  client] Sending sample transaction 16
[2022-07-23T16:20:32.581Z INFO  client] Sending sample transaction 17
[2022-07-23T16:20:32.633Z INFO  client] Sending sample transaction 18
[2022-07-23T16:20:32.682Z INFO  client] Sending sample transaction 19
[2022-07-23T16:20:32.730Z INFO  client] Sending sample transaction 20
[2022-07-23T16:20:32.781Z INFO  client] Sending sample transaction 21
[2022-07-23T16:20:32.832Z INFO  client] Sending sample transaction 22
[2022-07-23T16:20:32.882Z INFO  client] Sending sample transaction 23
[2022-07-23T16:20:32.932Z INFO  client] Sending sample transaction 24
[2022-07-23T16:20:32.980Z INFO  client] Sending sample transaction 25
[2022-07-23T16:20:33.032Z INFO  client] Sending sample transaction 26
[2022-07-23T16:20:33.082Z INFO  client] Sending sample transaction 27
[2022-07-23T16:20:33.131Z INFO  client] Sending sample transaction 28
[2022-07-23T16:20:33.182Z INFO  client] Sending sample transaction 29
[2022-07-23T16:20:33.231Z INFO  client] Sending sample transaction 30
[2022-07-23T16:20:33.281Z INFO  client] Sending sample transaction 31
[2022-07-23T16:20:33.331Z INFO  client] Sending sample transaction 32
[2022-07-23T16:20:33.381Z INFO  client] Sending sample transaction 33
[2022-07-23T16:20:33.432Z INFO  client] Sending sample transaction 34
[2022-07-23T16:20:33.480Z INFO  client] Sending sample transaction 35
[2022-07-23T16:20:33.531Z INFO  client] Sending sample transaction 36
[2022-07-23T16:20:33.590Z INFO  client] Sending sample transaction 37
[2022-07-23T16:20:33.632Z INFO  client] Sending sample transaction 38
[2022-07-23T16:20:33.700Z INFO  client] Sending sample transaction 39
[2022-07-23T16:20:33.731Z INFO  client] Sending sample transaction 40
[2022-07-23T16:20:33.792Z INFO  client] Sending sample transaction 41
[2022-07-23T16:20:33.832Z INFO  client] Sending sample transaction 42
[2022-07-23T16:20:33.881Z INFO  client] Sending sample transaction 43
[2022-07-23T16:20:33.931Z INFO  client] Sending sample transaction 44
[2022-07-23T16:20:33.981Z INFO  client] Sending sample transaction 45
[2022-07-23T16:20:34.031Z INFO  client] Sending sample transaction 46
[2022-07-23T16:20:34.081Z INFO  client] Sending sample transaction 47
[2022-07-23T16:20:34.131Z INFO  client] Sending sample transaction 48
[2022-07-23T16:20:34.181Z INFO  client] Sending sample transaction 49
[2022-07-23T16:20:34.230Z INFO  client] Sending sample transaction 50
[2022-07-23T16:20:34.281Z INFO  client] Sending sample transaction 51
[2022-07-23T16:20:34.332Z INFO  client] Sending sample transaction 52
[2022-07-23T16:20:34.380Z INFO  client] Sending sample transaction 53
[2022-07-23T16:20:34.432Z INFO  client] Sending sample transaction 54
[2022-07-23T16:20:34.481Z INFO  client] Sending sample transaction 55
[2022-07-23T16:20:34.531Z INFO  client] Sending sample transaction 56
[2022-07-23T16:20:34.581Z INFO  client] Sending sample transaction 57
[2022-07-23T16:20:34.631Z INFO  client] Sending sample transaction 58
[2022-07-23T16:20:34.682Z INFO  client] Sending sample transaction 59
[2022-07-23T16:20:34.731Z INFO  client] Sending sample transaction 60
[2022-07-23T16:20:34.781Z INFO  client] Sending sample transaction 61
[2022-07-23T16:20:34.830Z INFO  client] Sending sample transaction 62
[2022-07-23T16:20:34.880Z INFO  client] Sending sample transaction 63
[2022-07-23T16:20:34.931Z INFO  client] Sending sample transaction 64
[2022-07-23T16:20:34.981Z INFO  client] Sending sample transaction 65
[2022-07-23T16:20:35.030Z INFO  client] Sending sample transaction 66
[2022-07-23T16:20:35.081Z INFO  client] Sending sample transaction 67
[2022-07-23T16:20:35.131Z INFO  client] Sending sample transaction 68
[2022-07-23T16:20:35.181Z INFO  client] Sending sample transaction 69
[2022-07-23T16:20:35.230Z INFO  client] Sending sample transaction 70
[2022-07-23T16:20:35.281Z INFO  client] Sending sample transaction 71
[2022-07-23T16:20:35.331Z INFO  client] Sending sample transaction 72
[2022-07-23T16:20:35.381Z INFO  client] Sending sample transaction 73
[2022-07-23T16:20:35.431Z INFO  client] Sending sample transaction 74
[2022-07-23T16:20:35.480Z INFO  client] Sending sample transaction 75
[2022-07-23T16:20:35.531Z INFO  client] Sending sample transaction 76
[2022-07-23T16:20:35.580Z INFO  client] Sending sample transaction 77
[2022-07-23T16:20:35.633Z INFO  client] Sending sample transaction 78
[2022-07-23T16:20:35.681Z INFO  client] Sending sample transaction 79
[2022-07-23T16:20:35.731Z INFO  client] Sending sample transaction 80
[2022-07-23T16:20:35.780Z INFO  client] Sending sample transaction 81
[2022-07-23T16:20:35.831Z INFO  client] Sending sample transaction 82
[2022-07-23T16:20:35.883Z INFO  client] Sending sample transaction 83
[2022-07-23T16:20:35.938Z INFO  client] Sending sample transaction 84
[2022-07-23T16:20:35.980Z INFO  client] Sending sample transaction 85
[2022-07-23T16:20:36.031Z INFO  client] Sending sample transaction 86
[2022-07-23T16:20:36.082Z INFO  client] Sending sample transaction 87
[2022-07-23T16:20:36.131Z INFO  client] Sending sample transaction 88
[2022-07-23T16:20:36.181Z INFO  client] Sending sample transaction 89
[2022-07-23T16:20:36.231Z INFO  client] Sending sample transaction 90
[2022-07-23T16:20:36.282Z INFO  client] Sending sample transaction 91
[2022-07-23T16:20:36.331Z INFO  client] Sending sample transaction 92
[2022-07-23T16:20:36.381Z INFO  client] Sending sample transaction 93
[2022-07-23T16:20:36.431Z INFO  client] Sending sample transaction 94
[2022-07-23T16:20:36.480Z INFO  client] Sending sample transaction 95
[2022-07-23T16:20:36.531Z INFO  client] Sending sample transaction 96
[2022-07-23T16:20:36.581Z INFO  client] Sending sample transaction 97
[2022-07-23T16:20:36.632Z INFO  client] Sending sample transaction 98
[2022-07-23T16:20:36.682Z INFO  client] Sending sample transaction 99
[2022-07-23T16:20:36.731Z INFO  client] Sending sample transaction 100
[2022-07-23T16:20:36.780Z INFO  client] Sending sample transaction 101
[2022-07-23T16:20:36.832Z INFO  client] Sending sample transaction 102
[2022-07-23T16:20:36.881Z INFO  client] Sending sample transaction 103
[2022-07-23T16:20:36.931Z INFO  client] Sending sample transaction 104
[2022-07-23T16:20:36.981Z INFO  client] Sending sample transaction 105
[2022-07-23T16:20:37.030Z INFO  client] Sending sample transaction 106
[2022-07-23T16:20:37.081Z INFO  client] Sending sample transaction 107
[2022-07-23T16:20:37.130Z INFO  client] Sending sample transaction 108
[2022-07-23T16:20:37.181Z INFO  client] Sending sample transaction 109
[2022-07-23T16:20:37.231Z INFO  client] Sending sample transaction 110
[2022-07-23T16:20:37.281Z INFO  client] Sending sample transaction 111
[2022-07-23T16:20:37.332Z INFO  client] Sending sample transaction 112
[2022-07-23T16:20:37.381Z INFO  client] Sending sample transaction 113
[2022-07-23T16:20:37.431Z INFO  client] Sending sample transaction 114
[2022-07-23T16:20:37.481Z INFO  client] Sending sample transaction 115
[2022-07-23T16:20:37.532Z INFO  client] Sending sample transaction 116
[2022-07-23T16:20:37.581Z INFO  client] Sending sample transaction 117
[2022-07-23T16:20:37.631Z INFO  client] Sending sample transaction 118
[2022-07-23T16:20:37.681Z INFO  client] Sending sample transaction 119
[2022-07-23T16:20:37.731Z INFO  client] Sending sample transaction 120
[2022-07-23T16:20:37.780Z INFO  client] Sending sample transaction 121
[2022-07-23T16:20:37.830Z INFO  client] Sending sample transaction 122
[2022-07-23T16:20:37.881Z INFO  client] Sending sample transaction 123
[2022-07-23T16:20:37.931Z INFO  client] Sending sample transaction 124
[2022-07-23T16:20:37.986Z INFO  client] Sending sample transaction 125
[2022-07-23T16:20:38.035Z INFO  client] Sending sample transaction 126
[2022-07-23T16:20:38.086Z INFO  client] Sending sample transaction 127
[2022-07-23T16:20:38.130Z INFO  client] Sending sample transaction 128
[2022-07-23T16:20:38.181Z INFO  client] Sending sample transaction 129
[2022-07-23T16:20:38.231Z INFO  client] Sending sample transaction 130
[2022-07-23T16:20:38.281Z INFO  client] Sending sample transaction 131
[2022-07-23T16:20:38.331Z INFO  client] Sending sample transaction 132
[2022-07-23T16:20:38.381Z INFO  client] Sending sample transaction 133
[2022-07-23T16:20:38.431Z INFO  client] Sending sample transaction 134
[2022-07-23T16:20:38.481Z INFO  client] Sending sample transaction 135
[2022-07-23T16:20:38.531Z INFO  client] Sending sample transaction 136
[2022-07-23T16:20:38.581Z INFO  client] Sending sample transaction 137
[2022-07-23T16:20:38.630Z INFO  client] Sending sample transaction 138
[2022-07-23T16:20:38.681Z INFO  client] Sending sample transaction 139
[2022-07-23T16:20:38.731Z INFO  client] Sending sample transaction 140
[2022-07-23T16:20:38.783Z INFO  client] Sending sample transaction 141
[2022-07-23T16:20:38.831Z INFO  client] Sending sample transaction 142
[2022-07-23T16:20:38.881Z INFO  client] Sending sample transaction 143
[2022-07-23T16:20:38.932Z INFO  client] Sending sample transaction 144
[2022-07-23T16:20:38.980Z INFO  client] Sending sample transaction 145
[2022-07-23T16:20:39.031Z INFO  client] Sending sample transaction 146
[2022-07-23T16:20:39.081Z INFO  client] Sending sample transaction 147
[2022-07-23T16:20:39.131Z INFO  client] Sending sample transaction 148
[2022-07-23T16:20:39.181Z INFO  client] Sending sample transaction 149
[2022-07-23T16:20:39.231Z INFO  client] Sending sample transaction 150
[2022-07-23T16:20:39.281Z INFO  client] Sending sample transaction 151
[2022-07-23T16:20:39.331Z INFO  client] Sending sample transaction 152
[2022-07-23T16:20:39.382Z INFO  client] Sending sample transaction 153
[2022-07-23T16:20:39.431Z INFO  client] Sending sample transaction 154
[2022-07-23T16:20:39.481Z INFO  client] Sending sample transaction 155
[2022-07-23T16:20:39.531Z INFO  client] Sending sample transaction 156
[2022-07-23T16:20:39.581Z INFO  client] Sending sample transaction 157
[2022-07-23T16:20:39.631Z INFO  client] Sending sample transaction 158
[2022-07-23T16:20:39.682Z INFO  client] Sending sample transaction 159
[2022-07-23T16:20:39.730Z INFO  client] Sending sample transaction 160
[2022-07-23T16:20:39.781Z INFO  client] Sending sample transaction 161
[2022-07-23T16:20:39.831Z INFO  client] Sending sample transaction 162
[2022-07-23T16:20:39.881Z INFO  client] Sending sample transaction 163
[2022-07-23T16:20:39.931Z INFO  client] Sending sample transaction 164
[2022-07-23T16:20:39.980Z INFO  client] Sending sample transaction 165
[2022-07-23T16:20:40.031Z INFO  client] Sending sample transaction 166
[2022-07-23T16:20:40.082Z INFO  client] Sending sample transaction 167
[2022-07-23T16:20:40.138Z INFO  client] Sending sample transaction 168
[2022-07-23T16:20:40.182Z INFO  client] Sending sample transaction 169
[2022-07-23T16:20:40.234Z INFO  client] Sending sample transaction 170
[2022-07-23T16:20:40.281Z INFO  client] Sending sample transaction 171
[2022-07-23T16:20:40.331Z INFO  client] Sending sample transaction 172
[2022-07-23T16:20:40.382Z INFO  client] Sending sample transaction 173
[2022-07-23T16:20:40.431Z INFO  client] Sending sample transaction 174
[2022-07-23T16:20:40.480Z INFO  client] Sending sample transaction 175
[2022-07-23T16:20:40.531Z INFO  client] Sending sample transaction 176
[2022-07-23T16:20:40.581Z INFO  client] Sending sample transaction 177
[2022-07-23T16:20:40.630Z INFO  client] Sending sample transaction 178
[2022-07-23T16:20:40.681Z INFO  client] Sending sample transaction 179
[2022-07-23T16:20:40.731Z INFO  client] Sending sample transaction 180
[2022-07-23T16:20:40.781Z INFO  client] Sending sample transaction 181
[2022-07-23T16:20:40.830Z INFO  client] Sending sample transaction 182
[2022-07-23T16:20:40.881Z INFO  client] Sending sample transaction 183
[2022-07-23T16:20:40.931Z INFO  client] Sending sample transaction 184
[2022-07-23T16:20:40.980Z INFO  client] Sending sample transaction 185
[2022-07-23T16:20:41.031Z INFO  client] Sending sample transaction 186
[2022-07-23T16:20:41.080Z INFO  client] Sending sample transaction 187
[2022-07-23T16:20:41.132Z INFO  client] Sending sample transaction 188
[2022-07-23T16:20:41.181Z INFO  client] Sending sample transaction 189
[2022-07-23T16:20:41.231Z INFO  client] Sending sample transaction 190
[2022-07-23T16:20:41.281Z INFO  client] Sending sample transaction 191
[2022-07-23T16:20:41.331Z INFO  client] Sending sample transaction 192
[2022-07-23T16:20:41.381Z INFO  client] Sending sample transaction 193
[2022-07-23T16:20:41.431Z INFO  client] Sending sample transaction 194
[2022-07-23T16:20:41.480Z INFO  client] Sending sample transaction 195
[2022-07-23T16:20:41.532Z INFO  client] Sending sample transaction 196
[2022-07-23T16:20:41.581Z INFO  client] Sending sample transaction 197
[2022-07-23T16:20:41.631Z INFO  client] Sending sample transaction 198
[2022-07-23T16:20:41.683Z INFO  client] Sending sample transaction 199
[2022-07-23T16:20:41.730Z INFO  client] Sending sample transaction 200
[2022-07-23T16:20:41.781Z INFO  client] Sending sample transaction 201
[2022-07-23T16:20:41.831Z INFO  client] Sending sample transaction 202
[2022-07-23T16:20:41.880Z INFO  client] Sending sample transaction 203
[2022-07-23T16:20:41.931Z INFO  client] Sending sample transaction 204
[2022-07-23T16:20:41.980Z INFO  client] Sending sample transaction 205
[2022-07-23T16:20:42.030Z INFO  client] Sending sample transaction 206
[2022-07-23T16:20:42.081Z INFO  client] Sending sample transaction 207
[2022-07-23T16:20:42.131Z INFO  client] Sending sample transaction 208
[2022-07-23T16:20:42.182Z INFO  client] Sending sample transaction 209
[2022-07-23T16:20:42.230Z INFO  client] Sending sample transaction 210
[2022-07-23T16:20:42.288Z INFO  client] Sending sample transaction 211
[2022-07-23T16:20:42.331Z INFO  client] Sending sample transaction 212
[2022-07-23T16:20:42.395Z INFO  client] Sending sample transaction 213
[2022-07-23T16:20:42.438Z INFO  client] Sending sample transaction 214
[2022-07-23T16:20:42.483Z INFO  client] Sending sample transaction 215
[2022-07-23T16:20:42.531Z INFO  client] Sending sample transaction 216
[2022-07-23T16:20:42.581Z INFO  client] Sending sample transaction 217
[2022-07-23T16:20:42.631Z INFO  client] Sending sample transaction 218
[2022-07-23T16:20:42.681Z INFO  client] Sending sample transaction 219
[2022-07-23T16:20:42.731Z INFO  client] Sending sample transaction 220
[2022-07-23T16:20:42.781Z INFO  client] Sending sample transaction 221
[2022-07-23T16:20:42.830Z INFO  client] Sending sample transaction 222
[2022-07-23T16:20:42.881Z INFO  client] Sending sample transaction 223
[2022-07-23T16:20:42.931Z INFO  client] Sending sample transaction 224
[2022-07-23T16:20:42.981Z INFO  client] Sending sample transaction 225
[2022-07-23T16:20:43.030Z INFO  client] Sending sample transaction 226
[2022-07-23T16:20:43.082Z INFO  client] Sending sample transaction 227
[2022-07-23T16:20:43.131Z INFO  client] Sending sample transaction 228
[2022-07-23T16:20:43.182Z INFO  client] Sending sample transaction 229
[2022-07-23T16:20:43.232Z INFO  client] Sending sample transaction 230
[2022-07-23T16:20:43.281Z INFO  client] Sending sample transaction 231
[2022-07-23T16:20:43.331Z INFO  client] Sending sample transaction 232
[2022-07-23T16:20:43.384Z INFO  client] Sending sample transaction 233
[2022-07-23T16:20:43.436Z INFO  client] Sending sample transaction 234
[2022-07-23T16:20:43.481Z INFO  client] Sending sample transaction 235
[2022-07-23T16:20:43.531Z INFO  client] Sending sample transaction 236
[2022-07-23T16:20:43.581Z INFO  client] Sending sample transaction 237
[2022-07-23T16:20:43.631Z INFO  client] Sending sample transaction 238
[2022-07-23T16:20:43.681Z INFO  client] Sending sample transaction 239
[2022-07-23T16:20:43.731Z INFO  client] Sending sample transaction 240
[2022-07-23T16:20:43.781Z INFO  client] Sending sample transaction 241
[2022-07-23T16:20:43.831Z INFO  client] Sending sample transaction 242
[2022-07-23T16:20:43.881Z INFO  client] Sending sample transaction 243
[2022-07-23T16:20:43.931Z INFO  client] Sending sample transaction 244
[2022-07-23T16:20:43.981Z INFO  client] Sending sample transaction 245
[2022-07-23T16:20:44.031Z INFO  client] Sending sample transaction 246
[2022-07-23T16:20:44.081Z INFO  client] Sending sample transaction 247
[2022-07-23T16:20:44.131Z INFO  client] Sending sample transaction 248
[2022-07-23T16:20:44.181Z INFO  client] Sending sample transaction 249
[2022-07-23T16:20:44.231Z INFO  client] Sending sample transaction 250
[2022-07-23T16:20:44.280Z INFO  client] Sending sample transaction 251
[2022-07-23T16:20:44.330Z INFO  client] Sending sample transaction 252
[2022-07-23T16:20:44.381Z INFO  client] Sending sample transaction 253
[2022-07-23T16:20:44.431Z INFO  client] Sending sample transaction 254
[2022-07-23T16:20:44.485Z INFO  client] Sending sample transaction 255
[2022-07-23T16:20:44.531Z INFO  client] Sending sample transaction 256
[2022-07-23T16:20:44.583Z INFO  client] Sending sample transaction 257
[2022-07-23T16:20:44.632Z INFO  client] Sending sample transaction 258
[2022-07-23T16:20:44.681Z INFO  client] Sending sample transaction 259
[2022-07-23T16:20:44.730Z INFO  client] Sending sample transaction 260
[2022-07-23T16:20:44.781Z INFO  client] Sending sample transaction 261
[2022-07-23T16:20:44.830Z INFO  client] Sending sample transaction 262
[2022-07-23T16:20:44.881Z INFO  client] Sending sample transaction 263
[2022-07-23T16:20:44.931Z INFO  client] Sending sample transaction 264
[2022-07-23T16:20:44.981Z INFO  client] Sending sample transaction 265
[2022-07-23T16:20:45.031Z INFO  client] Sending sample transaction 266
[2022-07-23T16:20:45.081Z INFO  client] Sending sample transaction 267
[2022-07-23T16:20:45.131Z INFO  client] Sending sample transaction 268
[2022-07-23T16:20:45.181Z INFO  client] Sending sample transaction 269
[2022-07-23T16:20:45.230Z INFO  client] Sending sample transaction 270
[2022-07-23T16:20:45.281Z INFO  client] Sending sample transaction 271
[2022-07-23T16:20:45.331Z INFO  client] Sending sample transaction 272
[2022-07-23T16:20:45.381Z INFO  client] Sending sample transaction 273
[2022-07-23T16:20:45.431Z INFO  client] Sending sample transaction 274
[2022-07-23T16:20:45.481Z INFO  client] Sending sample transaction 275
[2022-07-23T16:20:45.531Z INFO  client] Sending sample transaction 276
[2022-07-23T16:20:45.586Z INFO  client] Sending sample transaction 277
[2022-07-23T16:20:45.631Z INFO  client] Sending sample transaction 278
[2022-07-23T16:20:45.681Z INFO  client] Sending sample transaction 279
[2022-07-23T16:20:45.732Z INFO  client] Sending sample transaction 280
[2022-07-23T16:20:45.781Z INFO  client] Sending sample transaction 281
[2022-07-23T16:20:45.831Z INFO  client] Sending sample transaction 282
[2022-07-23T16:20:45.881Z INFO  client] Sending sample transaction 283
[2022-07-23T16:20:45.930Z INFO  client] Sending sample transaction 284
[2022-07-23T16:20:45.980Z INFO  client] Sending sample transaction 285
[2022-07-23T16:20:46.031Z INFO  client] Sending sample transaction 286
[2022-07-23T16:20:46.082Z INFO  client] Sending sample transaction 287
[2022-07-23T16:20:46.132Z INFO  client] Sending sample transaction 288
[2022-07-23T16:20:46.181Z INFO  client] Sending sample transaction 289
[2022-07-23T16:20:46.230Z INFO  client] Sending sample transaction 290
[2022-07-23T16:20:46.280Z INFO  client] Sending sample transaction 291
[2022-07-23T16:20:46.330Z INFO  client] Sending sample transaction 292
[2022-07-23T16:20:46.381Z INFO  client] Sending sample transaction 293
[2022-07-23T16:20:46.431Z INFO  client] Sending sample transaction 294
[2022-07-23T16:20:46.480Z INFO  client] Sending sample transaction 295
[2022-07-23T16:20:46.531Z INFO  client] Sending sample transaction 296
[2022-07-23T16:20:46.580Z INFO  client] Sending sample transaction 297
[2022-07-23T16:20:46.644Z INFO  client] Sending sample transaction 298
[2022-07-23T16:20:46.680Z INFO  client] Sending sample transaction 299
[2022-07-23T16:20:46.730Z INFO  client] Sending sample transaction 300
[2022-07-23T16:20:46.780Z INFO  client] Sending sample transaction 301
[2022-07-23T16:20:46.830Z INFO  client] Sending sample transaction 302
[2022-07-23T16:20:46.881Z INFO  client] Sending sample transaction 303
[2022-07-23T16:20:46.930Z INFO  client] Sending sample transaction 304
[2022-07-23T16:20:46.981Z INFO  client] Sending sample transaction 305
[2022-07-23T16:20:47.031Z INFO  client] Sending sample transaction 306
[2022-07-23T16:20:47.081Z INFO  client] Sending sample transaction 307
[2022-07-23T16:20:47.131Z INFO  client] Sending sample transaction 308
[2022-07-23T16:20:47.180Z INFO  client] Sending sample transaction 309
[2022-07-23T16:20:47.230Z INFO  client] Sending sample transaction 310
[2022-07-23T16:20:47.281Z INFO  client] Sending sample transaction 311
[2022-07-23T16:20:47.331Z INFO  client] Sending sample transaction 312
[2022-07-23T16:20:47.381Z INFO  client] Sending sample transaction 313
[2022-07-23T16:20:47.431Z INFO  client] Sending sample transaction 314
[2022-07-23T16:20:47.481Z INFO  client] Sending sample transaction 315
[2022-07-23T16:20:47.531Z INFO  client] Sending sample transaction 316
[2022-07-23T16:20:47.581Z INFO  client] Sending sample transaction 317
[2022-07-23T16:20:47.631Z INFO  client] Sending sample transaction 318
[2022-07-23T16:20:47.688Z INFO  client] Sending sample transaction 319
[2022-07-23T16:20:47.730Z INFO  client] Sending sample transaction 320
[2022-07-23T16:20:47.780Z INFO  client] Sending sample transaction 321
[2022-07-23T16:20:47.831Z INFO  client] Sending sample transaction 322
[2022-07-23T16:20:47.882Z INFO  client] Sending sample transaction 323
[2022-07-23T16:20:47.931Z INFO  client] Sending sample transaction 324
[2022-07-23T16:20:47.980Z INFO  client] Sending sample transaction 325
[2022-07-23T16:20:48.031Z INFO  client] Sending sample transaction 326
[2022-07-23T16:20:48.081Z INFO  client] Sending sample transaction 327
[2022-07-23T16:20:48.132Z INFO  client] Sending sample transaction 328
[2022-07-23T16:20:48.182Z INFO  client] Sending sample transaction 329
[2022-07-23T16:20:48.230Z INFO  client] Sending sample transaction 330
[2022-07-23T16:20:48.280Z INFO  client] Sending sample transaction 331
[2022-07-23T16:20:48.331Z INFO  client] Sending sample transaction 332
[2022-07-23T16:20:48.381Z INFO  client] Sending sample transaction 333
[2022-07-23T16:20:48.432Z INFO  client] Sending sample transaction 334
[2022-07-23T16:20:48.480Z INFO  client] Sending sample transaction 335
[2022-07-23T16:20:48.531Z INFO  client] Sending sample transaction 336
[2022-07-23T16:20:48.581Z INFO  client] Sending sample transaction 337
[2022-07-23T16:20:48.631Z INFO  client] Sending sample transaction 338
[2022-07-23T16:20:48.681Z INFO  client] Sending sample transaction 339
[2022-07-23T16:20:48.747Z INFO  client] Sending sample transaction 340
[2022-07-23T16:20:48.781Z INFO  client] Sending sample transaction 341
[2022-07-23T16:20:48.830Z INFO  client] Sending sample transaction 342
[2022-07-23T16:20:48.881Z INFO  client] Sending sample transaction 343
[2022-07-23T16:20:48.931Z INFO  client] Sending sample transaction 344
[2022-07-23T16:20:48.981Z INFO  client] Sending sample transaction 345
[2022-07-23T16:20:49.031Z INFO  client] Sending sample transaction 346
[2022-07-23T16:20:49.081Z INFO  client] Sending sample transaction 347
[2022-07-23T16:20:49.131Z INFO  client] Sending sample transaction 348
[2022-07-23T16:20:49.181Z INFO  client] Sending sample transaction 349
[2022-07-23T16:20:49.230Z INFO  client] Sending sample transaction 350
[2022-07-23T16:20:49.281Z INFO  client] Sending sample transaction 351
[2022-07-23T16:20:49.330Z INFO  client] Sending sample transaction 352
[2022-07-23T16:20:49.382Z INFO  client] Sending sample transaction 353
[2022-07-23T16:20:49.430Z INFO  client] Sending sample transaction 354
[2022-07-23T16:20:49.480Z INFO  client] Sending sample transaction 355
[2022-07-23T16:20:49.531Z INFO  client] Sending sample transaction 356
[2022-07-23T16:20:49.581Z INFO  client] Sending sample transaction 357
[2022-07-23T16:20:49.632Z INFO  client] Sending sample transaction 358
[2022-07-23T16:20:49.682Z INFO  client] Sending sample transaction 359
[2022-07-23T16:20:49.730Z INFO  client] Sending sample transaction 360
[2022-07-23T16:20:49.781Z INFO  client] Sending sample transaction 361
[2022-07-23T16:20:49.831Z INFO  client] Sending sample transaction 362
[2022-07-23T16:20:49.881Z INFO  client] Sending sample transaction 363
[2022-07-23T16:20:49.932Z INFO  client] Sending sample transaction 364
[2022-07-23T16:20:49.980Z INFO  client] Sending sample transaction 365
[2022-07-23T16:20:50.031Z INFO  client] Sending sample transaction 366
[2022-07-23T16:20:50.081Z INFO  client] Sending sample transaction 367
[2022-07-23T16:20:50.131Z INFO  client] Sending sample transaction 368
[2022-07-23T16:20:50.182Z INFO  client] Sending sample transaction 369
[2022-07-23T16:20:50.230Z INFO  client] Sending sample transaction 370
[2022-07-23T16:20:50.280Z INFO  client] Sending sample transaction 371
[2022-07-23T16:20:50.331Z INFO  client] Sending sample transaction 372
[2022-07-23T16:20:50.380Z INFO  client] Sending sample transaction 373
[2022-07-23T16:20:50.431Z INFO  client] Sending sample transaction 374
[2022-07-23T16:20:50.481Z INFO  client] Sending sample transaction 375
[2022-07-23T16:20:50.531Z INFO  client] Sending sample transaction 376
[2022-07-23T16:20:50.582Z INFO  client] Sending sample transaction 377
[2022-07-23T16:20:50.631Z INFO  client] Sending sample transaction 378
[2022-07-23T16:20:50.681Z INFO  client] Sending sample transaction 379
[2022-07-23T16:20:50.731Z INFO  client] Sending sample transaction 380
[2022-07-23T16:20:50.781Z INFO  client] Sending sample transaction 381
[2022-07-23T16:20:50.833Z INFO  client] Sending sample transaction 382
[2022-07-23T16:20:50.883Z INFO  client] Sending sample transaction 383
[2022-07-23T16:20:50.932Z INFO  client] Sending sample transaction 384
[2022-07-23T16:20:50.981Z INFO  client] Sending sample transaction 385
[2022-07-23T16:20:51.033Z INFO  client] Sending sample transaction 386
[2022-07-23T16:20:51.082Z INFO  client] Sending sample transaction 387
[2022-07-23T16:20:51.130Z INFO  client] Sending sample transaction 388
[2022-07-23T16:20:51.181Z INFO  client] Sending sample transaction 389
[2022-07-23T16:20:51.230Z INFO  client] Sending sample transaction 390
[2022-07-23T16:20:51.281Z INFO  client] Sending sample transaction 391
[2022-07-23T16:20:51.331Z INFO  client] Sending sample transaction 392
[2022-07-23T16:20:51.381Z INFO  client] Sending sample transaction 393
[2022-07-23T16:20:51.431Z INFO  client] Sending sample transaction 394
[2022-07-23T16:20:51.482Z INFO  client] Sending sample transaction 395
[2022-07-23T16:20:51.532Z INFO  client] Sending sample transaction 396
[2022-07-23T16:20:51.581Z INFO  client] Sending sample transaction 397
[2022-07-23T16:20:51.631Z INFO  client] Sending sample transaction 398
[2022-07-23T16:20:51.682Z INFO  client] Sending sample transaction 399
[2022-07-23T16:20:51.731Z INFO  client] Sending sample transaction 400
[2022-07-23T16:20:51.781Z INFO  client] Sending sample transaction 401
[2022-07-23T16:20:51.831Z INFO  client] Sending sample transaction 402
[2022-07-23T16:20:51.881Z INFO  client] Sending sample transaction 403
[2022-07-23T16:20:51.930Z INFO  client] Sending sample transaction 404
[2022-07-23T16:20:51.982Z INFO  client] Sending sample transaction 405
[2022-07-23T16:20:52.031Z INFO  client] Sending sample transaction 406
[2022-07-23T16:20:52.081Z INFO  client] Sending sample transaction 407
[2022-07-23T16:20:52.131Z INFO  client] Sending sample transaction 408
[2022-07-23T16:20:52.181Z INFO  client] Sending sample transaction 409
[2022-07-23T16:20:52.230Z INFO  client] Sending sample transaction 410
[2022-07-23T16:20:52.281Z INFO  client] Sending sample transaction 411
[2022-07-23T16:20:52.331Z INFO  client] Sending sample transaction 412
[2022-07-23T16:20:52.382Z INFO  client] Sending sample transaction 413
[2022-07-23T16:20:52.431Z INFO  client] Sending sample transaction 414
[2022-07-23T16:20:52.481Z INFO  client] Sending sample transaction 415
[2022-07-23T16:20:52.532Z INFO  client] Sending sample transaction 416
[2022-07-23T16:20:52.581Z INFO  client] Sending sample transaction 417
[2022-07-23T16:20:52.631Z INFO  client] Sending sample transaction 418
[2022-07-23T16:20:52.680Z INFO  client] Sending sample transaction 419
[2022-07-23T16:20:52.734Z INFO  client] Sending sample transaction 420
[2022-07-23T16:20:52.782Z INFO  client] Sending sample transaction 421
[2022-07-23T16:20:52.832Z INFO  client] Sending sample transaction 422
[2022-07-23T16:20:52.882Z INFO  client] Sending sample transaction 423
[2022-07-23T16:20:52.950Z INFO  client] Sending sample transaction 424
[2022-07-23T16:20:52.996Z INFO  client] Sending sample transaction 425
[2022-07-23T16:20:53.036Z INFO  client] Sending sample transaction 426
[2022-07-23T16:20:53.081Z INFO  client] Sending sample transaction 427
[2022-07-23T16:20:53.131Z INFO  client] Sending sample transaction 428
[2022-07-23T16:20:53.181Z INFO  client] Sending sample transaction 429
