[2022-07-24T09:54:48.073Z INFO  client] Node address: 127.0.0.1:9017
[2022-07-24T09:54:48.073Z INFO  client] Transactions size: 512 B
[2022-07-24T09:54:48.073Z INFO  client] Transactions rate: 112 tx/s
[2022-07-24T09:54:48.073Z INFO  client] Waiting for all nodes to be online...
[2022-07-24T09:54:48.073Z INFO  client] Waiting for all nodes to be synchronized...
[2022-07-24T09:54:50.086Z INFO  client] Start sending transactions
[2022-07-24T09:54:50.091Z INFO  client] Sending sample transaction 0
[2022-07-24T09:54:50.145Z INFO  client] Sending sample transaction 1
[2022-07-24T09:54:50.205Z INFO  client] Sending sample transaction 2
[2022-07-24T09:54:50.278Z INFO  client] Sending sample transaction 3
[2022-07-24T09:54:50.300Z INFO  client] Sending sample transaction 4
[2022-07-24T09:54:50.363Z WARN  client] Transaction rate too high for this client
[2022-07-24T09:54:50.363Z INFO  client] Sending sample transaction 5
[2022-07-24T09:54:50.403Z INFO  client] Sending sample transaction 6
[2022-07-24T09:54:50.544Z INFO  client] Sending sample transaction 7
[2022-07-24T09:54:50.546Z INFO  client] Sending sample transaction 8
[2022-07-24T09:54:50.631Z INFO  client] Sending sample transaction 9
[2022-07-24T09:54:50.648Z INFO  client] Sending sample transaction 10
[2022-07-24T09:54:50.650Z INFO  client] Sending sample transaction 11
[2022-07-24T09:54:50.709Z INFO  client] Sending sample transaction 12
[2022-07-24T09:54:50.738Z INFO  client] Sending sample transaction 13
[2022-07-24T09:54:50.814Z INFO  client] Sending sample transaction 14
[2022-07-24T09:54:50.850Z INFO  client] Sending sample transaction 15
[2022-07-24T09:54:50.899Z INFO  client] Sending sample transaction 16
[2022-07-24T09:54:50.939Z INFO  client] Sending sample transaction 17
[2022-07-24T09:54:50.990Z INFO  client] Sending sample transaction 18
[2022-07-24T09:54:51.039Z INFO  client] Sending sample transaction 19
[2022-07-24T09:54:51.088Z INFO  client] Sending sample transaction 20
[2022-07-24T09:54:51.137Z INFO  client] Sending sample transaction 21
[2022-07-24T09:54:51.189Z INFO  client] Sending sample transaction 22
[2022-07-24T09:54:51.238Z INFO  client] Sending sample transaction 23
[2022-07-24T09:54:51.289Z INFO  client] Sending sample transaction 24
[2022-07-24T09:54:51.337Z INFO  client] Sending sample transaction 25
[2022-07-24T09:54:51.392Z INFO  client] Sending sample transaction 26
[2022-07-24T09:54:51.438Z INFO  client] Sending sample transaction 27
[2022-07-24T09:54:51.489Z INFO  client] Sending sample transaction 28
[2022-07-24T09:54:51.540Z INFO  client] Sending sample transaction 29
[2022-07-24T09:54:51.617Z INFO  client] Sending sample transaction 30
[2022-07-24T09:54:51.682Z INFO  client] Sending sample transaction 31
[2022-07-24T09:54:51.730Z INFO  client] Sending sample transaction 32
[2022-07-24T09:54:51.784Z INFO  client] Sending sample transaction 33
[2022-07-24T09:54:51.816Z INFO  client] Sending sample transaction 34
[2022-07-24T09:54:51.866Z INFO  client] Sending sample transaction 35
[2022-07-24T09:54:51.908Z INFO  client] Sending sample transaction 36
[2022-07-24T09:54:51.947Z INFO  client] Sending sample transaction 37
[2022-07-24T09:54:51.990Z INFO  client] Sending sample transaction 38
[2022-07-24T09:54:52.038Z INFO  client] Sending sample transaction 39
[2022-07-24T09:54:52.087Z INFO  client] Sending sample transaction 40
[2022-07-24T09:54:52.137Z INFO  client] Sending sample transaction 41
[2022-07-24T09:54:52.188Z INFO  client] Sending sample transaction 42
[2022-07-24T09:54:52.238Z INFO  client] Sending sample transaction 43
[2022-07-24T09:54:52.289Z INFO  client] Sending sample transaction 44
[2022-07-24T09:54:52.337Z INFO  client] Sending sample transaction 45
[2022-07-24T09:54:52.389Z INFO  client] Sending sample transaction 46
[2022-07-24T09:54:52.438Z INFO  client] Sending sample transaction 47
[2022-07-24T09:54:52.506Z INFO  client] Sending sample transaction 48
[2022-07-24T09:54:52.540Z INFO  client] Sending sample transaction 49
[2022-07-24T09:54:52.587Z INFO  client] Sending sample transaction 50
[2022-07-24T09:54:52.638Z INFO  client] Sending sample transaction 51
[2022-07-24T09:54:52.700Z INFO  client] Sending sample transaction 52
[2022-07-24T09:54:52.738Z INFO  client] Sending sample transaction 53
[2022-07-24T09:54:52.788Z INFO  client] Sending sample transaction 54
[2022-07-24T09:54:52.837Z INFO  client] Sending sample transaction 55
[2022-07-24T09:54:52.894Z INFO  client] Sending sample transaction 56
[2022-07-24T09:54:52.937Z INFO  client] Sending sample transaction 57
[2022-07-24T09:54:52.988Z INFO  client] Sending sample transaction 58
[2022-07-24T09:54:53.037Z INFO  client] Sending sample transaction 59
[2022-07-24T09:54:53.090Z INFO  client] Sending sample transaction 60
[2022-07-24T09:54:53.138Z INFO  client] Sending sample transaction 61
[2022-07-24T09:54:53.188Z INFO  client] Sending sample transaction 62
[2022-07-24T09:54:53.238Z INFO  client] Sending sample transaction 63
[2022-07-24T09:54:53.288Z INFO  client] Sending sample transaction 64
[2022-07-24T09:54:53.337Z INFO  client] Sending sample transaction 65
[2022-07-24T09:54:53.388Z INFO  client] Sending sample transaction 66
[2022-07-24T09:54:53.438Z INFO  client] Sending sample transaction 67
[2022-07-24T09:54:53.488Z INFO  client] Sending sample transaction 68
[2022-07-24T09:54:53.538Z INFO  client] Sending sample transaction 69
[2022-07-24T09:54:53.590Z INFO  client] Sending sample transaction 70
[2022-07-24T09:54:53.637Z INFO  client] Sending sample transaction 71
[2022-07-24T09:54:53.689Z INFO  client] Sending sample transaction 72
[2022-07-24T09:54:53.741Z INFO  client] Sending sample transaction 73
[2022-07-24T09:54:53.788Z INFO  client] Sending sample transaction 74
[2022-07-24T09:54:53.837Z INFO  client] Sending sample transaction 75
[2022-07-24T09:54:53.892Z INFO  client] Sending sample transaction 76
[2022-07-24T09:54:53.945Z INFO  client] Sending sample transaction 77
[2022-07-24T09:54:54.031Z INFO  client] Sending sample transaction 78
[2022-07-24T09:54:54.092Z INFO  client] Sending sample transaction 79
[2022-07-24T09:54:54.092Z INFO  client] Sending sample transaction 80
[2022-07-24T09:54:54.143Z INFO  client] Sending sample transaction 81
[2022-07-24T09:54:54.188Z INFO  client] Sending sample transaction 82
[2022-07-24T09:54:54.238Z INFO  client] Sending sample transaction 83
[2022-07-24T09:54:54.288Z INFO  client] Sending sample transaction 84
[2022-07-24T09:54:54.337Z INFO  client] Sending sample transaction 85
[2022-07-24T09:54:54.388Z INFO  client] Sending sample transaction 86
[2022-07-24T09:54:54.439Z INFO  client] Sending sample transaction 87
[2022-07-24T09:54:54.487Z INFO  client] Sending sample transaction 88
[2022-07-24T09:54:54.538Z INFO  client] Sending sample transaction 89
[2022-07-24T09:54:54.588Z INFO  client] Sending sample transaction 90
[2022-07-24T09:54:54.638Z INFO  client] Sending sample transaction 91
[2022-07-24T09:54:54.688Z INFO  client] Sending sample transaction 92
[2022-07-24T09:54:54.737Z INFO  client] Sending sample transaction 93
[2022-07-24T09:54:54.787Z INFO  client] Sending sample transaction 94
[2022-07-24T09:54:54.837Z INFO  client] Sending sample transaction 95
[2022-07-24T09:54:54.887Z INFO  client] Sending sample transaction 96
[2022-07-24T09:54:54.937Z INFO  client] Sending sample transaction 97
[2022-07-24T09:54:54.988Z INFO  client] Sending sample transaction 98
[2022-07-24T09:54:55.038Z INFO  client] Sending sample transaction 99
[2022-07-24T09:54:55.088Z INFO  client] Sending sample transaction 100
[2022-07-24T09:54:55.137Z INFO  client] Sending sample transaction 101
[2022-07-24T09:54:55.188Z INFO  client] Sending sample transaction 102
[2022-07-24T09:54:55.238Z INFO  client] Sending sample transaction 103
[2022-07-24T09:54:55.288Z INFO  client] Sending sample transaction 104
[2022-07-24T09:54:55.338Z INFO  client] Sending sample transaction 105
[2022-07-24T09:54:55.388Z INFO  client] Sending sample transaction 106
[2022-07-24T09:54:55.438Z INFO  client] Sending sample transaction 107
[2022-07-24T09:54:55.492Z INFO  client] Sending sample transaction 108
[2022-07-24T09:54:55.538Z INFO  client] Sending sample transaction 109
[2022-07-24T09:54:55.588Z INFO  client] Sending sample transaction 110
[2022-07-24T09:54:55.637Z INFO  client] Sending sample transaction 111
[2022-07-24T09:54:55.687Z INFO  client] Sending sample transaction 112
[2022-07-24T09:54:55.738Z INFO  client] Sending sample transaction 113
[2022-07-24T09:54:55.787Z INFO  client] Sending sample transaction 114
[2022-07-24T09:54:55.838Z INFO  client] Sending sample transaction 115
[2022-07-24T09:54:55.887Z INFO  client] Sending sample transaction 116
[2022-07-24T09:54:55.937Z INFO  client] Sending sample transaction 117
[2022-07-24T09:54:55.988Z INFO  client] Sending sample transaction 118
[2022-07-24T09:54:56.038Z INFO  client] Sending sample transaction 119
[2022-07-24T09:54:56.088Z INFO  client] Sending sample transaction 120
[2022-07-24T09:54:56.138Z INFO  client] Sending sample transaction 121
[2022-07-24T09:54:56.195Z INFO  client] Sending sample transaction 122
[2022-07-24T09:54:56.240Z INFO  client] Sending sample transaction 123
[2022-07-24T09:54:56.288Z INFO  client] Sending sample transaction 124
[2022-07-24T09:54:56.338Z INFO  client] Sending sample transaction 125
[2022-07-24T09:54:56.387Z INFO  client] Sending sample transaction 126
[2022-07-24T09:54:56.438Z INFO  client] Sending sample transaction 127
[2022-07-24T09:54:56.487Z INFO  client] Sending sample transaction 128
[2022-07-24T09:54:56.538Z INFO  client] Sending sample transaction 129
[2022-07-24T09:54:56.587Z INFO  client] Sending sample transaction 130
[2022-07-24T09:54:56.638Z INFO  client] Sending sample transaction 131
[2022-07-24T09:54:56.688Z INFO  client] Sending sample transaction 132
[2022-07-24T09:54:56.738Z INFO  client] Sending sample transaction 133
[2022-07-24T09:54:56.788Z INFO  client] Sending sample transaction 134
[2022-07-24T09:54:56.837Z INFO  client] Sending sample transaction 135
[2022-07-24T09:54:56.887Z INFO  client] Sending sample transaction 136
[2022-07-24T09:54:56.938Z INFO  client] Sending sample transaction 137
[2022-07-24T09:54:56.988Z INFO  client] Sending sample transaction 138
[2022-07-24T09:54:57.038Z INFO  client] Sending sample transaction 139
[2022-07-24T09:54:57.087Z INFO  client] Sending sample transaction 140
[2022-07-24T09:54:57.138Z INFO  client] Sending sample transaction 141
[2022-07-24T09:54:57.187Z INFO  client] Sending sample transaction 142
[2022-07-24T09:54:57.241Z INFO  client] Sending sample transaction 143
[2022-07-24T09:54:57.288Z INFO  client] Sending sample transaction 144
[2022-07-24T09:54:57.337Z INFO  client] Sending sample transaction 145
[2022-07-24T09:54:57.387Z INFO  client] Sending sample transaction 146
[2022-07-24T09:54:57.438Z INFO  client] Sending sample transaction 147
[2022-07-24T09:54:57.488Z INFO  client] Sending sample transaction 148
[2022-07-24T09:54:57.537Z INFO  client] Sending sample transaction 149
[2022-07-24T09:54:57.588Z INFO  client] Sending sample transaction 150
[2022-07-24T09:54:57.638Z INFO  client] Sending sample transaction 151
[2022-07-24T09:54:57.688Z INFO  client] Sending sample transaction 152
[2022-07-24T09:54:57.737Z INFO  client] Sending sample transaction 153
[2022-07-24T09:54:57.788Z INFO  client] Sending sample transaction 154
[2022-07-24T09:54:57.838Z INFO  client] Sending sample transaction 155
[2022-07-24T09:54:57.887Z INFO  client] Sending sample transaction 156
[2022-07-24T09:54:57.937Z INFO  client] Sending sample transaction 157
[2022-07-24T09:54:57.988Z INFO  client] Sending sample transaction 158
[2022-07-24T09:54:58.038Z INFO  client] Sending sample transaction 159
[2022-07-24T09:54:58.088Z INFO  client] Sending sample transaction 160
[2022-07-24T09:54:58.138Z INFO  client] Sending sample transaction 161
[2022-07-24T09:54:58.188Z INFO  client] Sending sample transaction 162
[2022-07-24T09:54:58.238Z INFO  client] Sending sample transaction 163
[2022-07-24T09:54:58.294Z INFO  client] Sending sample transaction 164
[2022-07-24T09:54:58.337Z INFO  client] Sending sample transaction 165
[2022-07-24T09:54:58.388Z INFO  client] Sending sample transaction 166
[2022-07-24T09:54:58.438Z INFO  client] Sending sample transaction 167
[2022-07-24T09:54:58.488Z INFO  client] Sending sample transaction 168
[2022-07-24T09:54:58.579Z INFO  client] Sending sample transaction 169
[2022-07-24T09:54:58.587Z INFO  client] Sending sample transaction 170
[2022-07-24T09:54:58.638Z INFO  client] Sending sample transaction 171
[2022-07-24T09:54:58.688Z INFO  client] Sending sample transaction 172
[2022-07-24T09:54:58.739Z INFO  client] Sending sample transaction 173
[2022-07-24T09:54:58.788Z INFO  client] Sending sample transaction 174
[2022-07-24T09:54:58.838Z INFO  client] Sending sample transaction 175
[2022-07-24T09:54:58.888Z INFO  client] Sending sample transaction 176
[2022-07-24T09:54:58.938Z INFO  client] Sending sample transaction 177
[2022-07-24T09:54:58.988Z INFO  client] Sending sample transaction 178
[2022-07-24T09:54:59.038Z INFO  client] Sending sample transaction 179
[2022-07-24T09:54:59.087Z INFO  client] Sending sample transaction 180
[2022-07-24T09:54:59.138Z INFO  client] Sending sample transaction 181
[2022-07-24T09:54:59.187Z INFO  client] Sending sample transaction 182
[2022-07-24T09:54:59.238Z INFO  client] Sending sample transaction 183
[2022-07-24T09:54:59.289Z INFO  client] Sending sample transaction 184
[2022-07-24T09:54:59.338Z INFO  client] Sending sample transaction 185
[2022-07-24T09:54:59.388Z INFO  client] Sending sample transaction 186
[2022-07-24T09:54:59.438Z INFO  client] Sending sample transaction 187
[2022-07-24T09:54:59.487Z INFO  client] Sending sample transaction 188
[2022-07-24T09:54:59.539Z INFO  client] Sending sample transaction 189
[2022-07-24T09:54:59.587Z INFO  client] Sending sample transaction 190
[2022-07-24T09:54:59.637Z INFO  client] Sending sample transaction 191
[2022-07-24T09:54:59.688Z INFO  client] Sending sample transaction 192
[2022-07-24T09:54:59.737Z INFO  client] Sending sample transaction 193
[2022-07-24T09:54:59.787Z INFO  client] Sending sample transaction 194
[2022-07-24T09:54:59.838Z INFO  client] Sending sample transaction 195
[2022-07-24T09:54:59.887Z INFO  client] Sending sample transaction 196
[2022-07-24T09:54:59.939Z INFO  client] Sending sample transaction 197
[2022-07-24T09:54:59.988Z INFO  client] Sending sample transaction 198
[2022-07-24T09:55:00.038Z INFO  client] Sending sample transaction 199
[2022-07-24T09:55:00.087Z INFO  client] Sending sample transaction 200
[2022-07-24T09:55:00.138Z INFO  client] Sending sample transaction 201
[2022-07-24T09:55:00.188Z INFO  client] Sending sample transaction 202
[2022-07-24T09:55:00.238Z INFO  client] Sending sample transaction 203
[2022-07-24T09:55:00.288Z INFO  client] Sending sample transaction 204
[2022-07-24T09:55:00.344Z INFO  client] Sending sample transaction 205
[2022-07-24T09:55:00.393Z INFO  client] Sending sample transaction 206
[2022-07-24T09:55:00.437Z INFO  client] Sending sample transaction 207
[2022-07-24T09:55:00.488Z INFO  client] Sending sample transaction 208
[2022-07-24T09:55:00.538Z INFO  client] Sending sample transaction 209
[2022-07-24T09:55:00.588Z INFO  client] Sending sample transaction 210
[2022-07-24T09:55:00.637Z INFO  client] Sending sample transaction 211
[2022-07-24T09:55:00.688Z INFO  client] Sending sample transaction 212
[2022-07-24T09:55:00.737Z INFO  client] Sending sample transaction 213
[2022-07-24T09:55:00.788Z INFO  client] Sending sample transaction 214
[2022-07-24T09:55:00.840Z INFO  client] Sending sample transaction 215
[2022-07-24T09:55:00.888Z INFO  client] Sending sample transaction 216
[2022-07-24T09:55:00.937Z INFO  client] Sending sample transaction 217
[2022-07-24T09:55:00.988Z INFO  client] Sending sample transaction 218
[2022-07-24T09:55:01.038Z INFO  client] Sending sample transaction 219
[2022-07-24T09:55:01.088Z INFO  client] Sending sample transaction 220
[2022-07-24T09:55:01.137Z INFO  client] Sending sample transaction 221
[2022-07-24T09:55:01.188Z INFO  client] Sending sample transaction 222
[2022-07-24T09:55:01.238Z INFO  client] Sending sample transaction 223
[2022-07-24T09:55:01.287Z INFO  client] Sending sample transaction 224
[2022-07-24T09:55:01.338Z INFO  client] Sending sample transaction 225
[2022-07-24T09:55:01.388Z INFO  client] Sending sample transaction 226
[2022-07-24T09:55:01.437Z INFO  client] Sending sample transaction 227
[2022-07-24T09:55:01.488Z INFO  client] Sending sample transaction 228
[2022-07-24T09:55:01.538Z INFO  client] Sending sample transaction 229
[2022-07-24T09:55:01.587Z INFO  client] Sending sample transaction 230
[2022-07-24T09:55:01.638Z INFO  client] Sending sample transaction 231
[2022-07-24T09:55:01.688Z INFO  client] Sending sample transaction 232
[2022-07-24T09:55:01.738Z INFO  client] Sending sample transaction 233
[2022-07-24T09:55:01.788Z INFO  client] Sending sample transaction 234
[2022-07-24T09:55:01.837Z INFO  client] Sending sample transaction 235
[2022-07-24T09:55:01.887Z INFO  client] Sending sample transaction 236
[2022-07-24T09:55:01.938Z INFO  client] Sending sample transaction 237
[2022-07-24T09:55:01.987Z INFO  client] Sending sample transaction 238
[2022-07-24T09:55:02.038Z INFO  client] Sending sample transaction 239
[2022-07-24T09:55:02.087Z INFO  client] Sending sample transaction 240
[2022-07-24T09:55:02.138Z INFO  client] Sending sample transaction 241
[2022-07-24T09:55:02.188Z INFO  client] Sending sample transaction 242
[2022-07-24T09:55:02.238Z INFO  client] Sending sample transaction 243
[2022-07-24T09:55:02.289Z INFO  client] Sending sample transaction 244
[2022-07-24T09:55:02.339Z INFO  client] Sending sample transaction 245
[2022-07-24T09:55:02.388Z INFO  client] Sending sample transaction 246
[2022-07-24T09:55:02.462Z INFO  client] Sending sample transaction 247
[2022-07-24T09:55:02.496Z INFO  client] Sending sample transaction 248
[2022-07-24T09:55:02.538Z INFO  client] Sending sample transaction 249
[2022-07-24T09:55:02.588Z INFO  client] Sending sample transaction 250
[2022-07-24T09:55:02.638Z INFO  client] Sending sample transaction 251
[2022-07-24T09:55:02.688Z INFO  client] Sending sample transaction 252
[2022-07-24T09:55:02.738Z INFO  client] Sending sample transaction 253
[2022-07-24T09:55:02.789Z INFO  client] Sending sample transaction 254
[2022-07-24T09:55:02.837Z INFO  client] Sending sample transaction 255
[2022-07-24T09:55:02.887Z INFO  client] Sending sample transaction 256
[2022-07-24T09:55:02.937Z INFO  client] Sending sample transaction 257
[2022-07-24T09:55:02.987Z INFO  client] Sending sample transaction 258
[2022-07-24T09:55:03.038Z INFO  client] Sending sample transaction 259
[2022-07-24T09:55:03.088Z INFO  client] Sending sample transaction 260
[2022-07-24T09:55:03.138Z INFO  client] Sending sample transaction 261
[2022-07-24T09:55:03.187Z INFO  client] Sending sample transaction 262
[2022-07-24T09:55:03.239Z INFO  client] Sending sample transaction 263
[2022-07-24T09:55:03.288Z INFO  client] Sending sample transaction 264
[2022-07-24T09:55:03.338Z INFO  client] Sending sample transaction 265
[2022-07-24T09:55:03.388Z INFO  client] Sending sample transaction 266
[2022-07-24T09:55:03.438Z INFO  client] Sending sample transaction 267
[2022-07-24T09:55:03.487Z INFO  client] Sending sample transaction 268
[2022-07-24T09:55:03.569Z INFO  client] Sending sample transaction 269
[2022-07-24T09:55:03.588Z INFO  client] Sending sample transaction 270
[2022-07-24T09:55:03.637Z INFO  client] Sending sample transaction 271
[2022-07-24T09:55:03.688Z INFO  client] Sending sample transaction 272
[2022-07-24T09:55:03.775Z INFO  client] Sending sample transaction 273
[2022-07-24T09:55:03.790Z INFO  client] Sending sample transaction 274
[2022-07-24T09:55:03.838Z INFO  client] Sending sample transaction 275
[2022-07-24T09:55:03.887Z INFO  client] Sending sample transaction 276
[2022-07-24T09:55:03.937Z INFO  client] Sending sample transaction 277
[2022-07-24T09:55:03.988Z INFO  client] Sending sample transaction 278
[2022-07-24T09:55:04.038Z INFO  client] Sending sample transaction 279
[2022-07-24T09:55:04.088Z INFO  client] Sending sample transaction 280
[2022-07-24T09:55:04.137Z INFO  client] Sending sample transaction 281
[2022-07-24T09:55:04.187Z INFO  client] Sending sample transaction 282
[2022-07-24T09:55:04.238Z INFO  client] Sending sample transaction 283
[2022-07-24T09:55:04.287Z INFO  client] Sending sample transaction 284
[2022-07-24T09:55:04.338Z INFO  client] Sending sample transaction 285
[2022-07-24T09:55:04.387Z INFO  client] Sending sample transaction 286
[2022-07-24T09:55:04.438Z INFO  client] Sending sample transaction 287
[2022-07-24T09:55:04.488Z INFO  client] Sending sample transaction 288
[2022-07-24T09:55:04.538Z INFO  client] Sending sample transaction 289
[2022-07-24T09:55:04.595Z INFO  client] Sending sample transaction 290
[2022-07-24T09:55:04.638Z INFO  client] Sending sample transaction 291
[2022-07-24T09:55:04.688Z INFO  client] Sending sample transaction 292
[2022-07-24T09:55:04.738Z INFO  client] Sending sample transaction 293
[2022-07-24T09:55:04.788Z INFO  client] Sending sample transaction 294
[2022-07-24T09:55:04.837Z INFO  client] Sending sample transaction 295
[2022-07-24T09:55:04.887Z INFO  client] Sending sample transaction 296
[2022-07-24T09:55:04.938Z INFO  client] Sending sample transaction 297
[2022-07-24T09:55:04.988Z INFO  client] Sending sample transaction 298
[2022-07-24T09:55:05.038Z INFO  client] Sending sample transaction 299
[2022-07-24T09:55:05.088Z INFO  client] Sending sample transaction 300
[2022-07-24T09:55:05.137Z INFO  client] Sending sample transaction 301
[2022-07-24T09:55:05.188Z INFO  client] Sending sample transaction 302
[2022-07-24T09:55:05.238Z INFO  client] Sending sample transaction 303
[2022-07-24T09:55:05.288Z INFO  client] Sending sample transaction 304
[2022-07-24T09:55:05.337Z INFO  client] Sending sample transaction 305
[2022-07-24T09:55:05.388Z INFO  client] Sending sample transaction 306
[2022-07-24T09:55:05.438Z INFO  client] Sending sample transaction 307
[2022-07-24T09:55:05.488Z INFO  client] Sending sample transaction 308
[2022-07-24T09:55:05.538Z INFO  client] Sending sample transaction 309
[2022-07-24T09:55:05.587Z INFO  client] Sending sample transaction 310
[2022-07-24T09:55:05.645Z INFO  client] Sending sample transaction 311
[2022-07-24T09:55:05.688Z INFO  client] Sending sample transaction 312
[2022-07-24T09:55:05.737Z INFO  client] Sending sample transaction 313
[2022-07-24T09:55:05.787Z INFO  client] Sending sample transaction 314
[2022-07-24T09:55:05.837Z INFO  client] Sending sample transaction 315
[2022-07-24T09:55:05.888Z INFO  client] Sending sample transaction 316
[2022-07-24T09:55:05.937Z INFO  client] Sending sample transaction 317
[2022-07-24T09:55:05.989Z INFO  client] Sending sample transaction 318
[2022-07-24T09:55:06.037Z INFO  client] Sending sample transaction 319
[2022-07-24T09:55:06.087Z INFO  client] Sending sample transaction 320
[2022-07-24T09:55:06.139Z INFO  client] Sending sample transaction 321
[2022-07-24T09:55:06.187Z INFO  client] Sending sample transaction 322
[2022-07-24T09:55:06.238Z INFO  client] Sending sample transaction 323
[2022-07-24T09:55:06.288Z INFO  client] Sending sample transaction 324
[2022-07-24T09:55:06.337Z INFO  client] Sending sample transaction 325
[2022-07-24T09:55:06.388Z INFO  client] Sending sample transaction 326
[2022-07-24T09:55:06.438Z INFO  client] Sending sample transaction 327
[2022-07-24T09:55:06.488Z INFO  client] Sending sample transaction 328
[2022-07-24T09:55:06.537Z INFO  client] Sending sample transaction 329
[2022-07-24T09:55:06.588Z INFO  client] Sending sample transaction 330
[2022-07-24T09:55:06.638Z INFO  client] Sending sample transaction 331
[2022-07-24T09:55:06.689Z INFO  client] Sending sample transaction 332
[2022-07-24T09:55:06.752Z INFO  client] Sending sample transaction 333
[2022-07-24T09:55:06.788Z INFO  client] Sending sample transaction 334
[2022-07-24T09:55:06.837Z INFO  client] Sending sample transaction 335
[2022-07-24T09:55:06.888Z INFO  client] Sending sample transaction 336
[2022-07-24T09:55:06.938Z INFO  client] Sending sample transaction 337
[2022-07-24T09:55:06.988Z INFO  client] Sending sample transaction 338
[2022-07-24T09:55:07.038Z INFO  client] Sending sample transaction 339
[2022-07-24T09:55:07.087Z INFO  client] Sending sample transaction 340
[2022-07-24T09:55:07.138Z INFO  client] Sending sample transaction 341
[2022-07-24T09:55:07.189Z INFO  client] Sending sample transaction 342
[2022-07-24T09:55:07.238Z INFO  client] Sending sample transaction 343
[2022-07-24T09:55:07.288Z INFO  client] Sending sample transaction 344
[2022-07-24T09:55:07.338Z INFO  client] Sending sample transaction 345
[2022-07-24T09:55:07.388Z INFO  client] Sending sample transaction 346
[2022-07-24T09:55:07.438Z INFO  client] Sending sample transaction 347
[2022-07-24T09:55:07.488Z INFO  client] Sending sample transaction 348
[2022-07-24T09:55:07.538Z INFO  client] Sending sample transaction 349
[2022-07-24T09:55:07.588Z INFO  client] Sending sample transaction 350
[2022-07-24T09:55:07.637Z INFO  client] Sending sample transaction 351
[2022-07-24T09:55:07.688Z INFO  client] Sending sample transaction 352
[2022-07-24T09:55:07.737Z INFO  client] Sending sample transaction 353
[2022-07-24T09:55:07.787Z INFO  client] Sending sample transaction 354
[2022-07-24T09:55:07.838Z INFO  client] Sending sample transaction 355
[2022-07-24T09:55:07.887Z INFO  client] Sending sample transaction 356
[2022-07-24T09:55:07.938Z INFO  client] Sending sample transaction 357
[2022-07-24T09:55:07.987Z INFO  client] Sending sample transaction 358
[2022-07-24T09:55:08.038Z INFO  client] Sending sample transaction 359
[2022-07-24T09:55:08.087Z INFO  client] Sending sample transaction 360
[2022-07-24T09:55:08.137Z INFO  client] Sending sample transaction 361
[2022-07-24T09:55:08.188Z INFO  client] Sending sample transaction 362
[2022-07-24T09:55:08.238Z INFO  client] Sending sample transaction 363
[2022-07-24T09:55:08.288Z INFO  client] Sending sample transaction 364
[2022-07-24T09:55:08.338Z INFO  client] Sending sample transaction 365
[2022-07-24T09:55:08.388Z INFO  client] Sending sample transaction 366
[2022-07-24T09:55:08.438Z INFO  client] Sending sample transaction 367
[2022-07-24T09:55:08.488Z INFO  client] Sending sample transaction 368
[2022-07-24T09:55:08.538Z INFO  client] Sending sample transaction 369
[2022-07-24T09:55:08.587Z INFO  client] Sending sample transaction 370
[2022-07-24T09:55:08.638Z INFO  client] Sending sample transaction 371
[2022-07-24T09:55:08.688Z INFO  client] Sending sample transaction 372
[2022-07-24T09:55:08.738Z INFO  client] Sending sample transaction 373
[2022-07-24T09:55:08.799Z INFO  client] Sending sample transaction 374
[2022-07-24T09:55:08.844Z INFO  client] Sending sample transaction 375
[2022-07-24T09:55:08.887Z INFO  client] Sending sample transaction 376
[2022-07-24T09:55:08.938Z INFO  client] Sending sample transaction 377
[2022-07-24T09:55:08.988Z INFO  client] Sending sample transaction 378
[2022-07-24T09:55:09.037Z INFO  client] Sending sample transaction 379
[2022-07-24T09:55:09.087Z INFO  client] Sending sample transaction 380
[2022-07-24T09:55:09.138Z INFO  client] Sending sample transaction 381
[2022-07-24T09:55:09.187Z INFO  client] Sending sample transaction 382
[2022-07-24T09:55:09.238Z INFO  client] Sending sample transaction 383
[2022-07-24T09:55:09.288Z INFO  client] Sending sample transaction 384
[2022-07-24T09:55:09.337Z INFO  client] Sending sample transaction 385
[2022-07-24T09:55:09.388Z INFO  client] Sending sample transaction 386
[2022-07-24T09:55:09.438Z INFO  client] Sending sample transaction 387
[2022-07-24T09:55:09.487Z INFO  client] Sending sample transaction 388
[2022-07-24T09:55:09.537Z INFO  client] Sending sample transaction 389
[2022-07-24T09:55:09.587Z INFO  client] Sending sample transaction 390
[2022-07-24T09:55:09.638Z INFO  client] Sending sample transaction 391
[2022-07-24T09:55:09.730Z INFO  client] Sending sample transaction 392
[2022-07-24T09:55:09.765Z INFO  client] Sending sample transaction 393
[2022-07-24T09:55:09.788Z INFO  client] Sending sample transaction 394
[2022-07-24T09:55:09.837Z INFO  client] Sending sample transaction 395
[2022-07-24T09:55:09.888Z INFO  client] Sending sample transaction 396
[2022-07-24T09:55:09.937Z INFO  client] Sending sample transaction 397
[2022-07-24T09:55:09.987Z INFO  client] Sending sample transaction 398
[2022-07-24T09:55:10.037Z INFO  client] Sending sample transaction 399
[2022-07-24T09:55:10.087Z INFO  client] Sending sample transaction 400
[2022-07-24T09:55:10.138Z INFO  client] Sending sample transaction 401
[2022-07-24T09:55:10.188Z INFO  client] Sending sample transaction 402
[2022-07-24T09:55:10.237Z INFO  client] Sending sample transaction 403
[2022-07-24T09:55:10.287Z INFO  client] Sending sample transaction 404
[2022-07-24T09:55:10.338Z INFO  client] Sending sample transaction 405
[2022-07-24T09:55:10.387Z INFO  client] Sending sample transaction 406
[2022-07-24T09:55:10.438Z INFO  client] Sending sample transaction 407
[2022-07-24T09:55:10.488Z INFO  client] Sending sample transaction 408
[2022-07-24T09:55:10.538Z INFO  client] Sending sample transaction 409
[2022-07-24T09:55:10.587Z INFO  client] Sending sample transaction 410
[2022-07-24T09:55:10.637Z INFO  client] Sending sample transaction 411
[2022-07-24T09:55:10.687Z INFO  client] Sending sample transaction 412
[2022-07-24T09:55:10.738Z INFO  client] Sending sample transaction 413
[2022-07-24T09:55:10.788Z INFO  client] Sending sample transaction 414
[2022-07-24T09:55:10.838Z INFO  client] Sending sample transaction 415
[2022-07-24T09:55:10.923Z INFO  client] Sending sample transaction 416
[2022-07-24T09:55:10.954Z INFO  client] Sending sample transaction 417
[2022-07-24T09:55:10.989Z INFO  client] Sending sample transaction 418
[2022-07-24T09:55:11.041Z INFO  client] Sending sample transaction 419
[2022-07-24T09:55:11.088Z INFO  client] Sending sample transaction 420
[2022-07-24T09:55:11.140Z INFO  client] Sending sample transaction 421
[2022-07-24T09:55:11.188Z INFO  client] Sending sample transaction 422
[2022-07-24T09:55:11.238Z INFO  client] Sending sample transaction 423
[2022-07-24T09:55:11.288Z INFO  client] Sending sample transaction 424
[2022-07-24T09:55:11.337Z INFO  client] Sending sample transaction 425
[2022-07-24T09:55:11.388Z INFO  client] Sending sample transaction 426
[2022-07-24T09:55:11.438Z INFO  client] Sending sample transaction 427
[2022-07-24T09:55:11.487Z INFO  client] Sending sample transaction 428
[2022-07-24T09:55:11.541Z INFO  client] Sending sample transaction 429
[2022-07-24T09:55:11.587Z INFO  client] Sending sample transaction 430
[2022-07-24T09:55:11.637Z INFO  client] Sending sample transaction 431
[2022-07-24T09:55:11.688Z INFO  client] Sending sample transaction 432
[2022-07-24T09:55:11.738Z INFO  client] Sending sample transaction 433
[2022-07-24T09:55:11.790Z INFO  client] Sending sample transaction 434
[2022-07-24T09:55:11.838Z INFO  client] Sending sample transaction 435
[2022-07-24T09:55:11.888Z INFO  client] Sending sample transaction 436
