[2022-07-24T09:53:48.689Z INFO  client] Node address: 127.0.0.1:9015
[2022-07-24T09:53:48.690Z INFO  client] Transactions size: 512 B
[2022-07-24T09:53:48.690Z INFO  client] Transactions rate: 112 tx/s
[2022-07-24T09:53:48.690Z INFO  client] Waiting for all nodes to be online...
[2022-07-24T09:53:48.690Z INFO  client] Waiting for all nodes to be synchronized...
[2022-07-24T09:53:50.696Z INFO  client] Start sending transactions
[2022-07-24T09:53:50.697Z INFO  client] Sending sample transaction 0
[2022-07-24T09:53:50.747Z INFO  client] Sending sample transaction 1
[2022-07-24T09:53:50.798Z INFO  client] Sending sample transaction 2
[2022-07-24T09:53:50.848Z INFO  client] Sending sample transaction 3
[2022-07-24T09:53:50.898Z INFO  client] Sending sample transaction 4
[2022-07-24T09:53:50.949Z INFO  client] Sending sample transaction 5
[2022-07-24T09:53:50.997Z INFO  client] Sending sample transaction 6
[2022-07-24T09:53:51.048Z INFO  client] Sending sample transaction 7
[2022-07-24T09:53:51.098Z INFO  client] Sending sample transaction 8
[2022-07-24T09:53:51.149Z INFO  client] Sending sample transaction 9
[2022-07-24T09:53:51.198Z INFO  client] Sending sample transaction 10
[2022-07-24T09:53:51.248Z INFO  client] Sending sample transaction 11
[2022-07-24T09:53:51.299Z INFO  client] Sending sample transaction 12
[2022-07-24T09:53:51.348Z INFO  client] Sending sample transaction 13
[2022-07-24T09:53:51.398Z INFO  client] Sending sample transaction 14
[2022-07-24T09:53:51.451Z INFO  client] Sending sample transaction 15
[2022-07-24T09:53:51.497Z INFO  client] Sending sample transaction 16
[2022-07-24T09:53:51.548Z INFO  client] Sending sample transaction 17
[2022-07-24T09:53:51.599Z INFO  client] Sending sample transaction 18
[2022-07-24T09:53:51.651Z INFO  client] Sending sample transaction 19
[2022-07-24T09:53:51.704Z INFO  client] Sending sample transaction 20
[2022-07-24T09:53:51.763Z INFO  client] Sending sample transaction 21
[2022-07-24T09:53:51.798Z INFO  client] Sending sample transaction 22
[2022-07-24T09:53:51.849Z INFO  client] Sending sample transaction 23
[2022-07-24T09:53:51.898Z INFO  client] Sending sample transaction 24
[2022-07-24T09:53:51.950Z INFO  client] Sending sample transaction 25
[2022-07-24T09:53:51.998Z INFO  client] Sending sample transaction 26
[2022-07-24T09:53:52.048Z INFO  client] Sending sample transaction 27
[2022-07-24T09:53:52.099Z INFO  client] Sending sample transaction 28
[2022-07-24T09:53:52.167Z INFO  client] Sending sample transaction 29
[2022-07-24T09:53:52.219Z INFO  client] Sending sample transaction 30
[2022-07-24T09:53:52.261Z INFO  client] Sending sample transaction 31
[2022-07-24T09:53:52.333Z INFO  client] Sending sample transaction 32
[2022-07-24T09:53:52.352Z INFO  client] Sending sample transaction 33
[2022-07-24T09:53:52.403Z INFO  client] Sending sample transaction 34
[2022-07-24T09:53:52.451Z INFO  client] Sending sample transaction 35
[2022-07-24T09:53:52.500Z INFO  client] Sending sample transaction 36
[2022-07-24T09:53:52.560Z INFO  client] Sending sample transaction 37
[2022-07-24T09:53:52.601Z INFO  client] Sending sample transaction 38
[2022-07-24T09:53:52.647Z INFO  client] Sending sample transaction 39
[2022-07-24T09:53:52.701Z INFO  client] Sending sample transaction 40
[2022-07-24T09:53:52.747Z INFO  client] Sending sample transaction 41
[2022-07-24T09:53:52.798Z INFO  client] Sending sample transaction 42
[2022-07-24T09:53:52.847Z INFO  client] Sending sample transaction 43
[2022-07-24T09:53:52.898Z INFO  client] Sending sample transaction 44
[2022-07-24T09:53:52.947Z INFO  client] Sending sample transaction 45
[2022-07-24T09:53:52.998Z INFO  client] Sending sample transaction 46
[2022-07-24T09:53:53.047Z INFO  client] Sending sample transaction 47
[2022-07-24T09:53:53.098Z INFO  client] Sending sample transaction 48
[2022-07-24T09:53:53.149Z INFO  client] Sending sample transaction 49
[2022-07-24T09:53:53.197Z INFO  client] Sending sample transaction 50
[2022-07-24T09:53:53.247Z INFO  client] Sending sample transaction 51
[2022-07-24T09:53:53.298Z INFO  client] Sending sample transaction 52
[2022-07-24T09:53:53.348Z INFO  client] Sending sample transaction 53
[2022-07-24T09:53:53.398Z INFO  client] Sending sample transaction 54
[2022-07-24T09:53:53.447Z INFO  client] Sending sample transaction 55
[2022-07-24T09:53:53.498Z INFO  client] Sending sample transaction 56
[2022-07-24T09:53:53.550Z INFO  client] Sending sample transaction 57
[2022-07-24T09:53:53.597Z INFO  client] Sending sample transaction 58
[2022-07-24T09:53:53.648Z INFO  client] Sending sample transaction 59
[2022-07-24T09:53:53.697Z INFO  client] Sending sample transaction 60
[2022-07-24T09:53:53.747Z INFO  client] Sending sample transaction 61
[2022-07-24T09:53:53.797Z INFO  client] Sending sample transaction 62
[2022-07-24T09:53:53.848Z INFO  client] Sending sample transaction 63
[2022-07-24T09:53:53.915Z INFO  client] Sending sample transaction 64
[2022-07-24T09:53:53.958Z INFO  client] Sending sample transaction 65
[2022-07-24T09:53:53.999Z INFO  client] Sending sample transaction 66
[2022-07-24T09:53:54.049Z INFO  client] Sending sample transaction 67
[2022-07-24T09:53:54.097Z INFO  client] Sending sample transaction 68
[2022-07-24T09:53:54.148Z INFO  client] Sending sample transaction 69
[2022-07-24T09:53:54.197Z INFO  client] Sending sample transaction 70
[2022-07-24T09:53:54.247Z INFO  client] Sending sample transaction 71
[2022-07-24T09:53:54.297Z INFO  client] Sending sample transaction 72
[2022-07-24T09:53:54.347Z INFO  client] Sending sample transaction 73
[2022-07-24T09:53:54.398Z INFO  client] Sending sample transaction 74
[2022-07-24T09:53:54.447Z INFO  client] Sending sample transaction 75
[2022-07-24T09:53:54.497Z INFO  client] Sending sample transaction 76
[2022-07-24T09:53:54.549Z INFO  client] Sending sample transaction 77
[2022-07-24T09:53:54.597Z INFO  client] Sending sample transaction 78
[2022-07-24T09:53:54.647Z INFO  client] Sending sample transaction 79
[2022-07-24T09:53:54.697Z INFO  client] Sending sample transaction 80
[2022-07-24T09:53:54.747Z INFO  client] Sending sample transaction 81
[2022-07-24T09:53:54.797Z INFO  client] Sending sample transaction 82
[2022-07-24T09:53:54.847Z INFO  client] Sending sample transaction 83
[2022-07-24T09:53:54.897Z INFO  client] Sending sample transaction 84
[2022-07-24T09:53:54.947Z INFO  client] Sending sample transaction 85
[2022-07-24T09:53:54.997Z INFO  client] Sending sample transaction 86
[2022-07-24T09:53:55.048Z INFO  client] Sending sample transaction 87
[2022-07-24T09:53:55.113Z INFO  client] Sending sample transaction 88
[2022-07-24T09:53:55.147Z INFO  client] Sending sample transaction 89
[2022-07-24T09:53:55.197Z INFO  client] Sending sample transaction 90
[2022-07-24T09:53:55.248Z INFO  client] Sending sample transaction 91
[2022-07-24T09:53:55.297Z INFO  client] Sending sample transaction 92
[2022-07-24T09:53:55.347Z INFO  client] Sending sample transaction 93
[2022-07-24T09:53:55.398Z INFO  client] Sending sample transaction 94
[2022-07-24T09:53:55.447Z INFO  client] Sending sample transaction 95
[2022-07-24T09:53:55.498Z INFO  client] Sending sample transaction 96
[2022-07-24T09:53:55.547Z INFO  client] Sending sample transaction 97
[2022-07-24T09:53:55.597Z INFO  client] Sending sample transaction 98
[2022-07-24T09:53:55.647Z INFO  client] Sending sample transaction 99
[2022-07-24T09:53:55.697Z INFO  client] Sending sample transaction 100
[2022-07-24T09:53:55.747Z INFO  client] Sending sample transaction 101
[2022-07-24T09:53:55.797Z INFO  client] Sending sample transaction 102
[2022-07-24T09:53:55.848Z INFO  client] Sending sample transaction 103
[2022-07-24T09:53:55.898Z INFO  client] Sending sample transaction 104
[2022-07-24T09:53:55.947Z INFO  client] Sending sample transaction 105
[2022-07-24T09:53:55.997Z INFO  client] Sending sample transaction 106
[2022-07-24T09:53:56.059Z INFO  client] Sending sample transaction 107
[2022-07-24T09:53:56.097Z INFO  client] Sending sample transaction 108
[2022-07-24T09:53:56.148Z INFO  client] Sending sample transaction 109
[2022-07-24T09:53:56.197Z INFO  client] Sending sample transaction 110
[2022-07-24T09:53:56.247Z INFO  client] Sending sample transaction 111
[2022-07-24T09:53:56.297Z INFO  client] Sending sample transaction 112
[2022-07-24T09:53:56.348Z INFO  client] Sending sample transaction 113
[2022-07-24T09:53:56.398Z INFO  client] Sending sample transaction 114
[2022-07-24T09:53:56.448Z INFO  client] Sending sample transaction 115
[2022-07-24T09:53:56.497Z INFO  client] Sending sample transaction 116
[2022-07-24T09:53:56.547Z INFO  client] Sending sample transaction 117
[2022-07-24T09:53:56.598Z INFO  client] Sending sample transaction 118
[2022-07-24T09:53:56.647Z INFO  client] Sending sample transaction 119
[2022-07-24T09:53:56.697Z INFO  client] Sending sample transaction 120
[2022-07-24T09:53:56.747Z INFO  client] Sending sample transaction 121
[2022-07-24T09:53:56.797Z INFO  client] Sending sample transaction 122
[2022-07-24T09:53:56.848Z INFO  client] Sending sample transaction 123
[2022-07-24T09:53:56.900Z INFO  client] Sending sample transaction 124
[2022-07-24T09:53:56.947Z INFO  client] Sending sample transaction 125
[2022-07-24T09:53:56.997Z INFO  client] Sending sample transaction 126
[2022-07-24T09:53:57.048Z INFO  client] Sending sample transaction 127
[2022-07-24T09:53:57.098Z INFO  client] Sending sample transaction 128
[2022-07-24T09:53:57.147Z INFO  client] Sending sample transaction 129
[2022-07-24T09:53:57.197Z INFO  client] Sending sample transaction 130
[2022-07-24T09:53:57.247Z INFO  client] Sending sample transaction 131
[2022-07-24T09:53:57.297Z INFO  client] Sending sample transaction 132
[2022-07-24T09:53:57.347Z INFO  client] Sending sample transaction 133
[2022-07-24T09:53:57.397Z INFO  client] Sending sample transaction 134
[2022-07-24T09:53:57.447Z INFO  client] Sending sample transaction 135
[2022-07-24T09:53:57.498Z INFO  client] Sending sample transaction 136
[2022-07-24T09:53:57.547Z INFO  client] Sending sample transaction 137
[2022-07-24T09:53:57.597Z INFO  client] Sending sample transaction 138
[2022-07-24T09:53:57.647Z INFO  client] Sending sample transaction 139
[2022-07-24T09:53:57.697Z INFO  client] Sending sample transaction 140
[2022-07-24T09:53:57.747Z INFO  client] Sending sample transaction 141
[2022-07-24T09:53:57.797Z INFO  client] Sending sample transaction 142
[2022-07-24T09:53:57.848Z INFO  client] Sending sample transaction 143
[2022-07-24T09:53:57.898Z INFO  client] Sending sample transaction 144
[2022-07-24T09:53:57.947Z INFO  client] Sending sample transaction 145
[2022-07-24T09:53:57.997Z INFO  client] Sending sample transaction 146
[2022-07-24T09:53:58.047Z INFO  client] Sending sample transaction 147
[2022-07-24T09:53:58.151Z INFO  client] Sending sample transaction 148
[2022-07-24T09:53:58.153Z INFO  client] Sending sample transaction 149
[2022-07-24T09:53:58.207Z INFO  client] Sending sample transaction 150
[2022-07-24T09:53:58.247Z INFO  client] Sending sample transaction 151
[2022-07-24T09:53:58.297Z INFO  client] Sending sample transaction 152
[2022-07-24T09:53:58.347Z INFO  client] Sending sample transaction 153
[2022-07-24T09:53:58.397Z INFO  client] Sending sample transaction 154
[2022-07-24T09:53:58.447Z INFO  client] Sending sample transaction 155
[2022-07-24T09:53:58.497Z INFO  client] Sending sample transaction 156
[2022-07-24T09:53:58.548Z INFO  client] Sending sample transaction 157
[2022-07-24T09:53:58.597Z INFO  client] Sending sample transaction 158
[2022-07-24T09:53:58.647Z INFO  client] Sending sample transaction 159
[2022-07-24T09:53:58.697Z INFO  client] Sending sample transaction 160
[2022-07-24T09:53:58.747Z INFO  client] Sending sample transaction 161
[2022-07-24T09:53:58.798Z INFO  client] Sending sample transaction 162
[2022-07-24T09:53:58.849Z INFO  client] Sending sample transaction 163
[2022-07-24T09:53:58.897Z INFO  client] Sending sample transaction 164
[2022-07-24T09:53:58.947Z INFO  client] Sending sample transaction 165
[2022-07-24T09:53:58.997Z INFO  client] Sending sample transaction 166
[2022-07-24T09:53:59.048Z INFO  client] Sending sample transaction 167
[2022-07-24T09:53:59.098Z INFO  client] Sending sample transaction 168
[2022-07-24T09:53:59.148Z INFO  client] Sending sample transaction 169
[2022-07-24T09:53:59.208Z INFO  client] Sending sample transaction 170
[2022-07-24T09:53:59.247Z INFO  client] Sending sample transaction 171
[2022-07-24T09:53:59.297Z INFO  client] Sending sample transaction 172
[2022-07-24T09:53:59.347Z INFO  client] Sending sample transaction 173
[2022-07-24T09:53:59.397Z INFO  client] Sending sample transaction 174
[2022-07-24T09:53:59.447Z INFO  client] Sending sample transaction 175
[2022-07-24T09:53:59.497Z INFO  client] Sending sample transaction 176
[2022-07-24T09:53:59.548Z INFO  client] Sending sample transaction 177
[2022-07-24T09:53:59.597Z INFO  client] Sending sample transaction 178
[2022-07-24T09:53:59.647Z INFO  client] Sending sample transaction 179
[2022-07-24T09:53:59.698Z INFO  client] Sending sample transaction 180
[2022-07-24T09:53:59.747Z INFO  client] Sending sample transaction 181
[2022-07-24T09:53:59.797Z INFO  client] Sending sample transaction 182
[2022-07-24T09:53:59.848Z INFO  client] Sending sample transaction 183
[2022-07-24T09:53:59.898Z INFO  client] Sending sample transaction 184
[2022-07-24T09:53:59.947Z INFO  client] Sending sample transaction 185
[2022-07-24T09:53:59.998Z INFO  client] Sending sample transaction 186
[2022-07-24T09:54:00.048Z INFO  client] Sending sample transaction 187
[2022-07-24T09:54:00.097Z INFO  client] Sending sample transaction 188
[2022-07-24T09:54:00.159Z INFO  client] Sending sample transaction 189
[2022-07-24T09:54:00.207Z INFO  client] Sending sample transaction 190
[2022-07-24T09:54:00.250Z INFO  client] Sending sample transaction 191
[2022-07-24T09:54:00.298Z INFO  client] Sending sample transaction 192
[2022-07-24T09:54:00.347Z INFO  client] Sending sample transaction 193
[2022-07-24T09:54:00.398Z INFO  client] Sending sample transaction 194
[2022-07-24T09:54:00.447Z INFO  client] Sending sample transaction 195
[2022-07-24T09:54:00.498Z INFO  client] Sending sample transaction 196
[2022-07-24T09:54:00.547Z INFO  client] Sending sample transaction 197
[2022-07-24T09:54:00.597Z INFO  client] Sending sample transaction 198
[2022-07-24T09:54:00.647Z INFO  client] Sending sample transaction 199
[2022-07-24T09:54:00.697Z INFO  client] Sending sample transaction 200
[2022-07-24T09:54:00.748Z INFO  client] Sending sample transaction 201
[2022-07-24T09:54:00.797Z INFO  client] Sending sample transaction 202
[2022-07-24T09:54:00.848Z INFO  client] Sending sample transaction 203
[2022-07-24T09:54:00.897Z INFO  client] Sending sample transaction 204
[2022-07-24T09:54:00.947Z INFO  client] Sending sample transaction 205
[2022-07-24T09:54:00.997Z INFO  client] Sending sample transaction 206
[2022-07-24T09:54:01.047Z INFO  client] Sending sample transaction 207
[2022-07-24T09:54:01.098Z INFO  client] Sending sample transaction 208
[2022-07-24T09:54:01.147Z INFO  client] Sending sample transaction 209
[2022-07-24T09:54:01.197Z INFO  client] Sending sample transaction 210
[2022-07-24T09:54:01.248Z INFO  client] Sending sample transaction 211
[2022-07-24T09:54:01.297Z INFO  client] Sending sample transaction 212
[2022-07-24T09:54:01.348Z INFO  client] Sending sample transaction 213
[2022-07-24T09:54:01.398Z INFO  client] Sending sample transaction 214
[2022-07-24T09:54:01.447Z INFO  client] Sending sample transaction 215
[2022-07-24T09:54:01.498Z INFO  client] Sending sample transaction 216
[2022-07-24T09:54:01.547Z INFO  client] Sending sample transaction 217
[2022-07-24T09:54:01.597Z INFO  client] Sending sample transaction 218
[2022-07-24T09:54:01.648Z INFO  client] Sending sample transaction 219
[2022-07-24T09:54:01.697Z INFO  client] Sending sample transaction 220
[2022-07-24T09:54:01.747Z INFO  client] Sending sample transaction 221
[2022-07-24T09:54:01.797Z INFO  client] Sending sample transaction 222
[2022-07-24T09:54:01.847Z INFO  client] Sending sample transaction 223
[2022-07-24T09:54:01.913Z INFO  client] Sending sample transaction 224
[2022-07-24T09:54:01.947Z INFO  client] Sending sample transaction 225
[2022-07-24T09:54:01.997Z INFO  client] Sending sample transaction 226
[2022-07-24T09:54:02.048Z INFO  client] Sending sample transaction 227
[2022-07-24T09:54:02.097Z INFO  client] Sending sample transaction 228
[2022-07-24T09:54:02.148Z INFO  client] Sending sample transaction 229
[2022-07-24T09:54:02.197Z INFO  client] Sending sample transaction 230
[2022-07-24T09:54:02.247Z INFO  client] Sending sample transaction 231
[2022-07-24T09:54:02.299Z INFO  client] Sending sample transaction 232
[2022-07-24T09:54:02.350Z INFO  client] Sending sample transaction 233
[2022-07-24T09:54:02.398Z INFO  client] Sending sample transaction 234
[2022-07-24T09:54:02.447Z INFO  client] Sending sample transaction 235
[2022-07-24T09:54:02.497Z INFO  client] Sending sample transaction 236
[2022-07-24T09:54:02.548Z INFO  client] Sending sample transaction 237
[2022-07-24T09:54:02.597Z INFO  client] Sending sample transaction 238
[2022-07-24T09:54:02.647Z INFO  client] Sending sample transaction 239
[2022-07-24T09:54:02.697Z INFO  client] Sending sample transaction 240
[2022-07-24T09:54:02.747Z INFO  client] Sending sample transaction 241
[2022-07-24T09:54:02.797Z INFO  client] Sending sample transaction 242
[2022-07-24T09:54:02.849Z INFO  client] Sending sample transaction 243
[2022-07-24T09:54:02.899Z INFO  client] Sending sample transaction 244
[2022-07-24T09:54:02.947Z INFO  client] Sending sample transaction 245
[2022-07-24T09:54:02.997Z INFO  client] Sending sample transaction 246
[2022-07-24T09:54:03.048Z INFO  client] Sending sample transaction 247
[2022-07-24T09:54:03.097Z INFO  client] Sending sample transaction 248
[2022-07-24T09:54:03.147Z INFO  client] Sending sample transaction 249
[2022-07-24T09:54:03.197Z INFO  client] Sending sample transaction 250
[2022-07-24T09:54:03.248Z INFO  client] Sending sample transaction 251
[2022-07-24T09:54:03.298Z INFO  client] Sending sample transaction 252
[2022-07-24T09:54:03.347Z INFO  client] Sending sample transaction 253
[2022-07-24T09:54:03.397Z INFO  client] Sending sample transaction 254
[2022-07-24T09:54:03.447Z INFO  client] Sending sample transaction 255
[2022-07-24T09:54:03.497Z INFO  client] Sending sample transaction 256
[2022-07-24T09:54:03.548Z INFO  client] Sending sample transaction 257
[2022-07-24T09:54:03.597Z INFO  client] Sending sample transaction 258
[2022-07-24T09:54:03.647Z INFO  client] Sending sample transaction 259
[2022-07-24T09:54:03.697Z INFO  client] Sending sample transaction 260
[2022-07-24T09:54:03.747Z INFO  client] Sending sample transaction 261
[2022-07-24T09:54:03.797Z INFO  client] Sending sample transaction 262
[2022-07-24T09:54:03.847Z INFO  client] Sending sample transaction 263
[2022-07-24T09:54:03.899Z INFO  client] Sending sample transaction 264
[2022-07-24T09:54:03.947Z INFO  client] Sending sample transaction 265
[2022-07-24T09:54:03.997Z INFO  client] Sending sample transaction 266
[2022-07-24T09:54:04.048Z INFO  client] Sending sample transaction 267
[2022-07-24T09:54:04.097Z INFO  client] Sending sample transaction 268
[2022-07-24T09:54:04.147Z INFO  client] Sending sample transaction 269
[2022-07-24T09:54:04.197Z INFO  client] Sending sample transaction 270
[2022-07-24T09:54:04.247Z INFO  client] Sending sample transaction 271
[2022-07-24T09:54:04.299Z INFO  client] Sending sample transaction 272
[2022-07-24T09:54:04.348Z INFO  client] Sending sample transaction 273
[2022-07-24T09:54:04.397Z INFO  client] Sending sample transaction 274
[2022-07-24T09:54:04.458Z INFO  client] Sending sample transaction 275
[2022-07-24T09:54:04.510Z INFO  client] Sending sample transaction 276
[2022-07-24T09:54:04.547Z INFO  client] Sending sample transaction 277
[2022-07-24T09:54:04.598Z INFO  client] Sending sample transaction 278
[2022-07-24T09:54:04.647Z INFO  client] Sending sample transaction 279
[2022-07-24T09:54:04.697Z INFO  client] Sending sample transaction 280
[2022-07-24T09:54:04.748Z INFO  client] Sending sample transaction 281
[2022-07-24T09:54:04.797Z INFO  client] Sending sample transaction 282
[2022-07-24T09:54:04.848Z INFO  client] Sending sample transaction 283
[2022-07-24T09:54:04.898Z INFO  client] Sending sample transaction 284
[2022-07-24T09:54:04.947Z INFO  client] Sending sample transaction 285
[2022-07-24T09:54:04.997Z INFO  client] Sending sample transaction 286
[2022-07-24T09:54:05.051Z INFO  client] Sending sample transaction 287
[2022-07-24T09:54:05.104Z INFO  client] Sending sample transaction 288
[2022-07-24T09:54:05.150Z INFO  client] Sending sample transaction 289
[2022-07-24T09:54:05.198Z INFO  client] Sending sample transaction 290
[2022-07-24T09:54:05.247Z INFO  client] Sending sample transaction 291
[2022-07-24T09:54:05.297Z INFO  client] Sending sample transaction 292
[2022-07-24T09:54:05.347Z INFO  client] Sending sample transaction 293
[2022-07-24T09:54:05.397Z INFO  client] Sending sample transaction 294
[2022-07-24T09:54:05.447Z INFO  client] Sending sample transaction 295
[2022-07-24T09:54:05.497Z INFO  client] Sending sample transaction 296
[2022-07-24T09:54:05.547Z INFO  client] Sending sample transaction 297
[2022-07-24T09:54:05.597Z INFO  client] Sending sample transaction 298
[2022-07-24T09:54:05.647Z INFO  client] Sending sample transaction 299
[2022-07-24T09:54:05.697Z INFO  client] Sending sample transaction 300
[2022-07-24T09:54:05.749Z INFO  client] Sending sample transaction 301
[2022-07-24T09:54:05.797Z INFO  client] Sending sample transaction 302
[2022-07-24T09:54:05.848Z INFO  client] Sending sample transaction 303
[2022-07-24T09:54:05.897Z INFO  client] Sending sample transaction 304
[2022-07-24T09:54:05.947Z INFO  client] Sending sample transaction 305
[2022-07-24T09:54:05.997Z INFO  client] Sending sample transaction 306
[2022-07-24T09:54:06.048Z INFO  client] Sending sample transaction 307
[2022-07-24T09:54:06.097Z INFO  client] Sending sample transaction 308
[2022-07-24T09:54:06.147Z INFO  client] Sending sample transaction 309
[2022-07-24T09:54:06.197Z INFO  client] Sending sample transaction 310
[2022-07-24T09:54:06.247Z INFO  client] Sending sample transaction 311
[2022-07-24T09:54:06.297Z INFO  client] Sending sample transaction 312
[2022-07-24T09:54:06.347Z INFO  client] Sending sample transaction 313
[2022-07-24T09:54:06.399Z INFO  client] Sending sample transaction 314
[2022-07-24T09:54:06.447Z INFO  client] Sending sample transaction 315
[2022-07-24T09:54:06.498Z INFO  client] Sending sample transaction 316
[2022-07-24T09:54:06.550Z INFO  client] Sending sample transaction 317
[2022-07-24T09:54:06.598Z INFO  client] Sending sample transaction 318
[2022-07-24T09:54:06.648Z INFO  client] Sending sample transaction 319
[2022-07-24T09:54:06.697Z INFO  client] Sending sample transaction 320
[2022-07-24T09:54:06.747Z INFO  client] Sending sample transaction 321
[2022-07-24T09:54:06.798Z INFO  client] Sending sample transaction 322
[2022-07-24T09:54:06.848Z INFO  client] Sending sample transaction 323
[2022-07-24T09:54:06.897Z INFO  client] Sending sample transaction 324
[2022-07-24T09:54:06.947Z INFO  client] Sending sample transaction 325
[2022-07-24T09:54:06.998Z INFO  client] Sending sample transaction 326
[2022-07-24T09:54:07.047Z INFO  client] Sending sample transaction 327
[2022-07-24T09:54:07.100Z INFO  client] Sending sample transaction 328
[2022-07-24T09:54:07.147Z INFO  client] Sending sample transaction 329
[2022-07-24T09:54:07.197Z INFO  client] Sending sample transaction 330
[2022-07-24T09:54:07.248Z INFO  client] Sending sample transaction 331
[2022-07-24T09:54:07.297Z INFO  client] Sending sample transaction 332
[2022-07-24T09:54:07.348Z INFO  client] Sending sample transaction 333
[2022-07-24T09:54:07.397Z INFO  client] Sending sample transaction 334
[2022-07-24T09:54:07.447Z INFO  client] Sending sample transaction 335
[2022-07-24T09:54:07.497Z INFO  client] Sending sample transaction 336
[2022-07-24T09:54:07.547Z INFO  client] Sending sample transaction 337
[2022-07-24T09:54:07.601Z INFO  client] Sending sample transaction 338
[2022-07-24T09:54:07.647Z INFO  client] Sending sample transaction 339
[2022-07-24T09:54:07.698Z INFO  client] Sending sample transaction 340
[2022-07-24T09:54:07.747Z INFO  client] Sending sample transaction 341
[2022-07-24T09:54:07.797Z INFO  client] Sending sample transaction 342
[2022-07-24T09:54:07.847Z INFO  client] Sending sample transaction 343
[2022-07-24T09:54:07.897Z INFO  client] Sending sample transaction 344
[2022-07-24T09:54:07.947Z INFO  client] Sending sample transaction 345
[2022-07-24T09:54:07.998Z INFO  client] Sending sample transaction 346
[2022-07-24T09:54:08.047Z INFO  client] Sending sample transaction 347
[2022-07-24T09:54:08.098Z INFO  client] Sending sample transaction 348
[2022-07-24T09:54:08.148Z INFO  client] Sending sample transaction 349
[2022-07-24T09:54:08.197Z INFO  client] Sending sample transaction 350
[2022-07-24T09:54:08.247Z INFO  client] Sending sample transaction 351
[2022-07-24T09:54:08.297Z INFO  client] Sending sample transaction 352
[2022-07-24T09:54:08.348Z INFO  client] Sending sample transaction 353
[2022-07-24T09:54:08.397Z INFO  client] Sending sample transaction 354
[2022-07-24T09:54:08.447Z INFO  client] Sending sample transaction 355
[2022-07-24T09:54:08.497Z INFO  client] Sending sample transaction 356
[2022-07-24T09:54:08.547Z INFO  client] Sending sample transaction 357
[2022-07-24T09:54:08.611Z INFO  client] Sending sample transaction 358
[2022-07-24T09:54:08.679Z INFO  client] Sending sample transaction 359
[2022-07-24T09:54:08.733Z INFO  client] Sending sample transaction 360
[2022-07-24T09:54:08.765Z INFO  client] Sending sample transaction 361
[2022-07-24T09:54:08.799Z INFO  client] Sending sample transaction 362
[2022-07-24T09:54:08.848Z INFO  client] Sending sample transaction 363
[2022-07-24T09:54:08.897Z INFO  client] Sending sample transaction 364
[2022-07-24T09:54:08.948Z INFO  client] Sending sample transaction 365
[2022-07-24T09:54:08.998Z INFO  client] Sending sample transaction 366
[2022-07-24T09:54:09.047Z INFO  client] Sending sample transaction 367
[2022-07-24T09:54:09.116Z INFO  client] Sending sample transaction 368
[2022-07-24T09:54:09.148Z INFO  client] Sending sample transaction 369
[2022-07-24T09:54:09.197Z INFO  client] Sending sample transaction 370
[2022-07-24T09:54:09.248Z INFO  client] Sending sample transaction 371
[2022-07-24T09:54:09.297Z INFO  client] Sending sample transaction 372
[2022-07-24T09:54:09.347Z INFO  client] Sending sample transaction 373
[2022-07-24T09:54:09.397Z INFO  client] Sending sample transaction 374
[2022-07-24T09:54:09.447Z INFO  client] Sending sample transaction 375
[2022-07-24T09:54:09.498Z INFO  client] Sending sample transaction 376
[2022-07-24T09:54:09.548Z INFO  client] Sending sample transaction 377
[2022-07-24T09:54:09.597Z INFO  client] Sending sample transaction 378
[2022-07-24T09:54:09.647Z INFO  client] Sending sample transaction 379
[2022-07-24T09:54:09.698Z INFO  client] Sending sample transaction 380
[2022-07-24T09:54:09.747Z INFO  client] Sending sample transaction 381
[2022-07-24T09:54:09.798Z INFO  client] Sending sample transaction 382
[2022-07-24T09:54:09.847Z INFO  client] Sending sample transaction 383
[2022-07-24T09:54:09.898Z INFO  client] Sending sample transaction 384
[2022-07-24T09:54:09.947Z INFO  client] Sending sample transaction 385
[2022-07-24T09:54:09.997Z INFO  client] Sending sample transaction 386
[2022-07-24T09:54:10.049Z INFO  client] Sending sample transaction 387
[2022-07-24T09:54:10.097Z INFO  client] Sending sample transaction 388
[2022-07-24T09:54:10.147Z INFO  client] Sending sample transaction 389
[2022-07-24T09:54:10.197Z INFO  client] Sending sample transaction 390
[2022-07-24T09:54:10.248Z INFO  client] Sending sample transaction 391
[2022-07-24T09:54:10.298Z INFO  client] Sending sample transaction 392
[2022-07-24T09:54:10.347Z INFO  client] Sending sample transaction 393
[2022-07-24T09:54:10.398Z INFO  client] Sending sample transaction 394
[2022-07-24T09:54:10.447Z INFO  client] Sending sample transaction 395
[2022-07-24T09:54:10.497Z INFO  client] Sending sample transaction 396
[2022-07-24T09:54:10.548Z INFO  client] Sending sample transaction 397
[2022-07-24T09:54:10.597Z INFO  client] Sending sample transaction 398
[2022-07-24T09:54:10.647Z INFO  client] Sending sample transaction 399
[2022-07-24T09:54:10.697Z INFO  client] Sending sample transaction 400
[2022-07-24T09:54:10.747Z INFO  client] Sending sample transaction 401
[2022-07-24T09:54:10.797Z INFO  client] Sending sample transaction 402
[2022-07-24T09:54:10.859Z INFO  client] Sending sample transaction 403
[2022-07-24T09:54:10.899Z INFO  client] Sending sample transaction 404
[2022-07-24T09:54:10.947Z INFO  client] Sending sample transaction 405
[2022-07-24T09:54:10.997Z INFO  client] Sending sample transaction 406
[2022-07-24T09:54:11.048Z INFO  client] Sending sample transaction 407
[2022-07-24T09:54:11.100Z INFO  client] Sending sample transaction 408
[2022-07-24T09:54:11.148Z INFO  client] Sending sample transaction 409
[2022-07-24T09:54:11.198Z INFO  client] Sending sample transaction 410
[2022-07-24T09:54:11.248Z INFO  client] Sending sample transaction 411
[2022-07-24T09:54:11.298Z INFO  client] Sending sample transaction 412
[2022-07-24T09:54:11.348Z INFO  client] Sending sample transaction 413
[2022-07-24T09:54:11.398Z INFO  client] Sending sample transaction 414
[2022-07-24T09:54:11.447Z INFO  client] Sending sample transaction 415
[2022-07-24T09:54:11.498Z INFO  client] Sending sample transaction 416
[2022-07-24T09:54:11.547Z INFO  client] Sending sample transaction 417
[2022-07-24T09:54:11.598Z INFO  client] Sending sample transaction 418
[2022-07-24T09:54:11.647Z INFO  client] Sending sample transaction 419
[2022-07-24T09:54:11.697Z INFO  client] Sending sample transaction 420
[2022-07-24T09:54:11.747Z INFO  client] Sending sample transaction 421
[2022-07-24T09:54:11.797Z INFO  client] Sending sample transaction 422
[2022-07-24T09:54:11.847Z INFO  client] Sending sample transaction 423
[2022-07-24T09:54:11.899Z INFO  client] Sending sample transaction 424
[2022-07-24T09:54:11.963Z INFO  client] Sending sample transaction 425
[2022-07-24T09:54:12.003Z INFO  client] Sending sample transaction 426
[2022-07-24T09:54:12.048Z INFO  client] Sending sample transaction 427
[2022-07-24T09:54:12.098Z INFO  client] Sending sample transaction 428
[2022-07-24T09:54:12.147Z INFO  client] Sending sample transaction 429
[2022-07-24T09:54:12.202Z INFO  client] Sending sample transaction 430
[2022-07-24T09:54:12.248Z INFO  client] Sending sample transaction 431
