[2022-07-23T11:02:16.634Z INFO  client] Node address: 127.0.0.1:9011
[2022-07-23T11:02:16.634Z INFO  client] Transactions size: 512 B
[2022-07-23T11:02:16.634Z INFO  client] Transactions rate: 112 tx/s
[2022-07-23T11:02:16.634Z INFO  client] Waiting for all nodes to be online...
[2022-07-23T11:02:16.634Z INFO  client] Waiting for all nodes to be synchronized...
[2022-07-23T11:02:18.643Z INFO  client] Start sending transactions
[2022-07-23T11:02:18.646Z INFO  client] Sending sample transaction 0
[2022-07-23T11:02:18.700Z INFO  client] Sending sample transaction 1
[2022-07-23T11:02:18.745Z INFO  client] Sending sample transaction 2
[2022-07-23T11:02:18.795Z INFO  client] Sending sample transaction 3
[2022-07-23T11:02:18.846Z INFO  client] Sending sample transaction 4
[2022-07-23T11:02:18.895Z INFO  client] Sending sample transaction 5
[2022-07-23T11:02:18.945Z INFO  client] Sending sample transaction 6
[2022-07-23T11:02:18.995Z INFO  client] Sending sample transaction 7
[2022-07-23T11:02:19.045Z INFO  client] Sending sample transaction 8
[2022-07-23T11:02:19.096Z INFO  client] Sending sample transaction 9
[2022-07-23T11:02:19.145Z INFO  client] Sending sample transaction 10
[2022-07-23T11:02:19.196Z INFO  client] Sending sample transaction 11
[2022-07-23T11:02:19.246Z INFO  client] Sending sample transaction 12
[2022-07-23T11:02:19.296Z INFO  client] Sending sample transaction 13
[2022-07-23T11:02:19.347Z INFO  client] Sending sample transaction 14
[2022-07-23T11:02:19.395Z INFO  client] Sending sample transaction 15
[2022-07-23T11:02:19.445Z INFO  client] Sending sample transaction 16
[2022-07-23T11:02:19.495Z INFO  client] Sending sample transaction 17
[2022-07-23T11:02:19.546Z INFO  client] Sending sample transaction 18
[2022-07-23T11:02:19.597Z INFO  client] Sending sample transaction 19
[2022-07-23T11:02:19.645Z INFO  client] Sending sample transaction 20
[2022-07-23T11:02:19.695Z INFO  client] Sending sample transaction 21
[2022-07-23T11:02:19.745Z INFO  client] Sending sample transaction 22
[2022-07-23T11:02:19.796Z INFO  client] Sending sample transaction 23
[2022-07-23T11:02:19.846Z INFO  client] Sending sample transaction 24
[2022-07-23T11:02:19.895Z INFO  client] Sending sample transaction 25
[2022-07-23T11:02:19.950Z INFO  client] Sending sample transaction 26
[2022-07-23T11:02:19.996Z INFO  client] Sending sample transaction 27
[2022-07-23T11:02:20.045Z INFO  client] Sending sample transaction 28
[2022-07-23T11:02:20.096Z INFO  client] Sending sample transaction 29
[2022-07-23T11:02:20.145Z INFO  client] Sending sample transaction 30
[2022-07-23T11:02:20.195Z INFO  client] Sending sample transaction 31
[2022-07-23T11:02:20.245Z INFO  client] Sending sample transaction 32
[2022-07-23T11:02:20.296Z INFO  client] Sending sample transaction 33
[2022-07-23T11:02:20.347Z INFO  client] Sending sample transaction 34
[2022-07-23T11:02:20.395Z INFO  client] Sending sample transaction 35
[2022-07-23T11:02:20.445Z INFO  client] Sending sample transaction 36
[2022-07-23T11:02:20.496Z INFO  client] Sending sample transaction 37
[2022-07-23T11:02:20.546Z INFO  client] Sending sample transaction 38
[2022-07-23T11:02:20.595Z INFO  client] Sending sample transaction 39
[2022-07-23T11:02:20.645Z INFO  client] Sending sample transaction 40
[2022-07-23T11:02:20.695Z INFO  client] Sending sample transaction 41
[2022-07-23T11:02:20.747Z INFO  client] Sending sample transaction 42
[2022-07-23T11:02:20.796Z INFO  client] Sending sample transaction 43
[2022-07-23T11:02:20.845Z INFO  client] Sending sample transaction 44
[2022-07-23T11:02:20.895Z INFO  client] Sending sample transaction 45
[2022-07-23T11:02:20.946Z INFO  client] Sending sample transaction 46
[2022-07-23T11:02:20.994Z INFO  client] Sending sample transaction 47
[2022-07-23T11:02:21.045Z INFO  client] Sending sample transaction 48
[2022-07-23T11:02:21.095Z INFO  client] Sending sample transaction 49
[2022-07-23T11:02:21.144Z INFO  client] Sending sample transaction 50
[2022-07-23T11:02:21.195Z INFO  client] Sending sample transaction 51
[2022-07-23T11:02:21.245Z INFO  client] Sending sample transaction 52
[2022-07-23T11:02:21.295Z INFO  client] Sending sample transaction 53
[2022-07-23T11:02:21.345Z INFO  client] Sending sample transaction 54
[2022-07-23T11:02:21.395Z INFO  client] Sending sample transaction 55
[2022-07-23T11:02:21.445Z INFO  client] Sending sample transaction 56
[2022-07-23T11:02:21.495Z INFO  client] Sending sample transaction 57
[2022-07-23T11:02:21.545Z INFO  client] Sending sample transaction 58
[2022-07-23T11:02:21.594Z INFO  client] Sending sample transaction 59
[2022-07-23T11:02:21.645Z INFO  client] Sending sample transaction 60
[2022-07-23T11:02:21.696Z INFO  client] Sending sample transaction 61
[2022-07-23T11:02:21.745Z INFO  client] Sending sample transaction 62
[2022-07-23T11:02:21.795Z INFO  client] Sending sample transaction 63
[2022-07-23T11:02:21.845Z INFO  client] Sending sample transaction 64
[2022-07-23T11:02:21.895Z INFO  client] Sending sample transaction 65
[2022-07-23T11:02:21.945Z INFO  client] Sending sample transaction 66
[2022-07-23T11:02:21.995Z INFO  client] Sending sample transaction 67
[2022-07-23T11:02:22.046Z INFO  client] Sending sample transaction 68
[2022-07-23T11:02:22.097Z INFO  client] Sending sample transaction 69
[2022-07-23T11:02:22.145Z INFO  client] Sending sample transaction 70
[2022-07-23T11:02:22.196Z INFO  client] Sending sample transaction 71
[2022-07-23T11:02:22.246Z INFO  client] Sending sample transaction 72
[2022-07-23T11:02:22.295Z INFO  client] Sending sample transaction 73
[2022-07-23T11:02:22.346Z INFO  client] Sending sample transaction 74
[2022-07-23T11:02:22.395Z INFO  client] Sending sample transaction 75
[2022-07-23T11:02:22.445Z INFO  client] Sending sample transaction 76
[2022-07-23T11:02:22.496Z INFO  client] Sending sample transaction 77
[2022-07-23T11:02:22.546Z INFO  client] Sending sample transaction 78
[2022-07-23T11:02:22.595Z INFO  client] Sending sample transaction 79
[2022-07-23T11:02:22.645Z INFO  client] Sending sample transaction 80
[2022-07-23T11:02:22.695Z INFO  client] Sending sample transaction 81
[2022-07-23T11:02:22.745Z INFO  client] Sending sample transaction 82
[2022-07-23T11:02:22.796Z INFO  client] Sending sample transaction 83
[2022-07-23T11:02:22.866Z INFO  client] Sending sample transaction 84
[2022-07-23T11:02:22.900Z INFO  client] Sending sample transaction 85
[2022-07-23T11:02:22.946Z INFO  client] Sending sample transaction 86
[2022-07-23T11:02:22.996Z INFO  client] Sending sample transaction 87
[2022-07-23T11:02:23.045Z INFO  client] Sending sample transaction 88
[2022-07-23T11:02:23.095Z INFO  client] Sending sample transaction 89
[2022-07-23T11:02:23.145Z INFO  client] Sending sample transaction 90
[2022-07-23T11:02:23.195Z INFO  client] Sending sample transaction 91
[2022-07-23T11:02:23.245Z INFO  client] Sending sample transaction 92
[2022-07-23T11:02:23.294Z INFO  client] Sending sample transaction 93
[2022-07-23T11:02:23.345Z INFO  client] Sending sample transaction 94
[2022-07-23T11:02:23.395Z INFO  client] Sending sample transaction 95
[2022-07-23T11:02:23.445Z INFO  client] Sending sample transaction 96
[2022-07-23T11:02:23.494Z INFO  client] Sending sample transaction 97
[2022-07-23T11:02:23.545Z INFO  client] Sending sample transaction 98
[2022-07-23T11:02:23.595Z INFO  client] Sending sample transaction 99
[2022-07-23T11:02:23.646Z INFO  client] Sending sample transaction 100
[2022-07-23T11:02:23.695Z INFO  client] Sending sample transaction 101
[2022-07-23T11:02:23.745Z INFO  client] Sending sample transaction 102
[2022-07-23T11:02:23.796Z INFO  client] Sending sample transaction 103
[2022-07-23T11:02:23.846Z INFO  client] Sending sample transaction 104
[2022-07-23T11:02:23.895Z INFO  client] Sending sample transaction 105
[2022-07-23T11:02:23.965Z INFO  client] Sending sample transaction 106
[2022-07-23T11:02:23.995Z INFO  client] Sending sample transaction 107
[2022-07-23T11:02:24.046Z INFO  client] Sending sample transaction 108
[2022-07-23T11:02:24.096Z INFO  client] Sending sample transaction 109
[2022-07-23T11:02:24.145Z INFO  client] Sending sample transaction 110
[2022-07-23T11:02:24.195Z INFO  client] Sending sample transaction 111
[2022-07-23T11:02:24.246Z INFO  client] Sending sample transaction 112
[2022-07-23T11:02:24.296Z INFO  client] Sending sample transaction 113
[2022-07-23T11:02:24.345Z INFO  client] Sending sample transaction 114
[2022-07-23T11:02:24.395Z INFO  client] Sending sample transaction 115
[2022-07-23T11:02:24.446Z INFO  client] Sending sample transaction 116
[2022-07-23T11:02:24.495Z INFO  client] Sending sample transaction 117
[2022-07-23T11:02:24.545Z INFO  client] Sending sample transaction 118
[2022-07-23T11:02:24.595Z INFO  client] Sending sample transaction 119
[2022-07-23T11:02:24.644Z INFO  client] Sending sample transaction 120
[2022-07-23T11:02:24.695Z INFO  client] Sending sample transaction 121
[2022-07-23T11:02:24.745Z INFO  client] Sending sample transaction 122
[2022-07-23T11:02:24.795Z INFO  client] Sending sample transaction 123
[2022-07-23T11:02:24.845Z INFO  client] Sending sample transaction 124
[2022-07-23T11:02:24.895Z INFO  client] Sending sample transaction 125
[2022-07-23T11:02:24.945Z INFO  client] Sending sample transaction 126
[2022-07-23T11:02:24.997Z INFO  client] Sending sample transaction 127
[2022-07-23T11:02:25.045Z INFO  client] Sending sample transaction 128
[2022-07-23T11:02:25.095Z INFO  client] Sending sample transaction 129
[2022-07-23T11:02:25.145Z INFO  client] Sending sample transaction 130
[2022-07-23T11:02:25.195Z INFO  client] Sending sample transaction 131
[2022-07-23T11:02:25.246Z INFO  client] Sending sample transaction 132
[2022-07-23T11:02:25.295Z INFO  client] Sending sample transaction 133
[2022-07-23T11:02:25.346Z INFO  client] Sending sample transaction 134
[2022-07-23T11:02:25.396Z INFO  client] Sending sample transaction 135
[2022-07-23T11:02:25.445Z INFO  client] Sending sample transaction 136
[2022-07-23T11:02:25.494Z INFO  client] Sending sample transaction 137
[2022-07-23T11:02:25.545Z INFO  client] Sending sample transaction 138
[2022-07-23T11:02:25.596Z INFO  client] Sending sample transaction 139
[2022-07-23T11:02:25.645Z INFO  client] Sending sample transaction 140
[2022-07-23T11:02:25.695Z INFO  client] Sending sample transaction 141
[2022-07-23T11:02:25.746Z INFO  client] Sending sample transaction 142
[2022-07-23T11:02:25.795Z INFO  client] Sending sample transaction 143
[2022-07-23T11:02:25.845Z INFO  client] Sending sample transaction 144
[2022-07-23T11:02:25.895Z INFO  client] Sending sample transaction 145
[2022-07-23T11:02:25.945Z INFO  client] Sending sample transaction 146
[2022-07-23T11:02:25.996Z INFO  client] Sending sample transaction 147
[2022-07-23T11:02:26.045Z INFO  client] Sending sample transaction 148
[2022-07-23T11:02:26.095Z INFO  client] Sending sample transaction 149
[2022-07-23T11:02:26.145Z INFO  client] Sending sample transaction 150
[2022-07-23T11:02:26.195Z INFO  client] Sending sample transaction 151
[2022-07-23T11:02:26.245Z INFO  client] Sending sample transaction 152
[2022-07-23T11:02:26.295Z INFO  client] Sending sample transaction 153
[2022-07-23T11:02:26.345Z INFO  client] Sending sample transaction 154
[2022-07-23T11:02:26.395Z INFO  client] Sending sample transaction 155
[2022-07-23T11:02:26.445Z INFO  client] Sending sample transaction 156
[2022-07-23T11:02:26.495Z INFO  client] Sending sample transaction 157
[2022-07-23T11:02:26.544Z INFO  client] Sending sample transaction 158
[2022-07-23T11:02:26.596Z INFO  client] Sending sample transaction 159
[2022-07-23T11:02:26.645Z INFO  client] Sending sample transaction 160
[2022-07-23T11:02:26.695Z INFO  client] Sending sample transaction 161
[2022-07-23T11:02:26.745Z INFO  client] Sending sample transaction 162
[2022-07-23T11:02:26.796Z INFO  client] Sending sample transaction 163
[2022-07-23T11:02:26.845Z INFO  client] Sending sample transaction 164
[2022-07-23T11:02:26.895Z INFO  client] Sending sample transaction 165
[2022-07-23T11:02:26.946Z INFO  client] Sending sample transaction 166
[2022-07-23T11:02:26.996Z INFO  client] Sending sample transaction 167
[2022-07-23T11:02:27.045Z INFO  client] Sending sample transaction 168
[2022-07-23T11:02:27.098Z INFO  client] Sending sample transaction 169
[2022-07-23T11:02:27.145Z INFO  client] Sending sample transaction 170
[2022-07-23T11:02:27.195Z INFO  client] Sending sample transaction 171
[2022-07-23T11:02:27.245Z INFO  client] Sending sample transaction 172
[2022-07-23T11:02:27.295Z INFO  client] Sending sample transaction 173
[2022-07-23T11:02:27.345Z INFO  client] Sending sample transaction 174
[2022-07-23T11:02:27.395Z INFO  client] Sending sample transaction 175
[2022-07-23T11:02:27.446Z INFO  client] Sending sample transaction 176
[2022-07-23T11:02:27.494Z INFO  client] Sending sample transaction 177
[2022-07-23T11:02:27.545Z INFO  client] Sending sample transaction 178
[2022-07-23T11:02:27.594Z INFO  client] Sending sample transaction 179
[2022-07-23T11:02:27.645Z INFO  client] Sending sample transaction 180
[2022-07-23T11:02:27.695Z INFO  client] Sending sample transaction 181
[2022-07-23T11:02:27.745Z INFO  client] Sending sample transaction 182
[2022-07-23T11:02:27.795Z INFO  client] Sending sample transaction 183
[2022-07-23T11:02:27.845Z INFO  client] Sending sample transaction 184
[2022-07-23T11:02:27.895Z INFO  client] Sending sample transaction 185
[2022-07-23T11:02:27.945Z INFO  client] Sending sample transaction 186
[2022-07-23T11:02:27.995Z INFO  client] Sending sample transaction 187
[2022-07-23T11:02:28.045Z INFO  client] Sending sample transaction 188
[2022-07-23T11:02:28.095Z INFO  client] Sending sample transaction 189
[2022-07-23T11:02:28.145Z INFO  client] Sending sample transaction 190
[2022-07-23T11:02:28.195Z INFO  client] Sending sample transaction 191
[2022-07-23T11:02:28.245Z INFO  client] Sending sample transaction 192
[2022-07-23T11:02:28.296Z INFO  client] Sending sample transaction 193
[2022-07-23T11:02:28.346Z INFO  client] Sending sample transaction 194
[2022-07-23T11:02:28.395Z INFO  client] Sending sample transaction 195
[2022-07-23T11:02:28.445Z INFO  client] Sending sample transaction 196
[2022-07-23T11:02:28.495Z INFO  client] Sending sample transaction 197
[2022-07-23T11:02:28.545Z INFO  client] Sending sample transaction 198
[2022-07-23T11:02:28.595Z INFO  client] Sending sample transaction 199
[2022-07-23T11:02:28.645Z INFO  client] Sending sample transaction 200
[2022-07-23T11:02:28.695Z INFO  client] Sending sample transaction 201
[2022-07-23T11:02:28.745Z INFO  client] Sending sample transaction 202
[2022-07-23T11:02:28.795Z INFO  client] Sending sample transaction 203
[2022-07-23T11:02:28.845Z INFO  client] Sending sample transaction 204
[2022-07-23T11:02:28.894Z INFO  client] Sending sample transaction 205
[2022-07-23T11:02:28.945Z INFO  client] Sending sample transaction 206
[2022-07-23T11:02:28.995Z INFO  client] Sending sample transaction 207
[2022-07-23T11:02:29.048Z INFO  client] Sending sample transaction 208
[2022-07-23T11:02:29.096Z INFO  client] Sending sample transaction 209
[2022-07-23T11:02:29.149Z INFO  client] Sending sample transaction 210
[2022-07-23T11:02:29.195Z INFO  client] Sending sample transaction 211
[2022-07-23T11:02:29.245Z INFO  client] Sending sample transaction 212
[2022-07-23T11:02:29.295Z INFO  client] Sending sample transaction 213
[2022-07-23T11:02:29.345Z INFO  client] Sending sample transaction 214
[2022-07-23T11:02:29.396Z INFO  client] Sending sample transaction 215
[2022-07-23T11:02:29.445Z INFO  client] Sending sample transaction 216
[2022-07-23T11:02:29.495Z INFO  client] Sending sample transaction 217
[2022-07-23T11:02:29.545Z INFO  client] Sending sample transaction 218
[2022-07-23T11:02:29.596Z INFO  client] Sending sample transaction 219
[2022-07-23T11:02:29.645Z INFO  client] Sending sample transaction 220
[2022-07-23T11:02:29.695Z INFO  client] Sending sample transaction 221
[2022-07-23T11:02:29.745Z INFO  client] Sending sample transaction 222
[2022-07-23T11:02:29.796Z INFO  client] Sending sample transaction 223
[2022-07-23T11:02:29.846Z INFO  client] Sending sample transaction 224
[2022-07-23T11:02:29.896Z INFO  client] Sending sample transaction 225
[2022-07-23T11:02:29.951Z INFO  client] Sending sample transaction 226
[2022-07-23T11:02:29.995Z INFO  client] Sending sample transaction 227
[2022-07-23T11:02:30.045Z INFO  client] Sending sample transaction 228
[2022-07-23T11:02:30.095Z INFO  client] Sending sample transaction 229
[2022-07-23T11:02:30.145Z INFO  client] Sending sample transaction 230
[2022-07-23T11:02:30.198Z INFO  client] Sending sample transaction 231
[2022-07-23T11:02:30.245Z INFO  client] Sending sample transaction 232
[2022-07-23T11:02:30.295Z INFO  client] Sending sample transaction 233
[2022-07-23T11:02:30.345Z INFO  client] Sending sample transaction 234
[2022-07-23T11:02:30.395Z INFO  client] Sending sample transaction 235
[2022-07-23T11:02:30.445Z INFO  client] Sending sample transaction 236
[2022-07-23T11:02:30.495Z INFO  client] Sending sample transaction 237
[2022-07-23T11:02:30.547Z INFO  client] Sending sample transaction 238
[2022-07-23T11:02:30.595Z INFO  client] Sending sample transaction 239
[2022-07-23T11:02:30.645Z INFO  client] Sending sample transaction 240
[2022-07-23T11:02:30.695Z INFO  client] Sending sample transaction 241
[2022-07-23T11:02:30.746Z INFO  client] Sending sample transaction 242
[2022-07-23T11:02:30.797Z INFO  client] Sending sample transaction 243
[2022-07-23T11:02:30.846Z INFO  client] Sending sample transaction 244
[2022-07-23T11:02:30.896Z INFO  client] Sending sample transaction 245
[2022-07-23T11:02:30.945Z INFO  client] Sending sample transaction 246
[2022-07-23T11:02:30.995Z INFO  client] Sending sample transaction 247
[2022-07-23T11:02:31.046Z INFO  client] Sending sample transaction 248
[2022-07-23T11:02:31.095Z INFO  client] Sending sample transaction 249
[2022-07-23T11:02:31.144Z INFO  client] Sending sample transaction 250
[2022-07-23T11:02:31.196Z INFO  client] Sending sample transaction 251
[2022-07-23T11:02:31.248Z INFO  client] Sending sample transaction 252
[2022-07-23T11:02:31.296Z INFO  client] Sending sample transaction 253
[2022-07-23T11:02:31.346Z INFO  client] Sending sample transaction 254
[2022-07-23T11:02:31.395Z INFO  client] Sending sample transaction 255
[2022-07-23T11:02:31.446Z INFO  client] Sending sample transaction 256
[2022-07-23T11:02:31.495Z INFO  client] Sending sample transaction 257
[2022-07-23T11:02:31.546Z INFO  client] Sending sample transaction 258
[2022-07-23T11:02:31.595Z INFO  client] Sending sample transaction 259
[2022-07-23T11:02:31.645Z INFO  client] Sending sample transaction 260
[2022-07-23T11:02:31.695Z INFO  client] Sending sample transaction 261
[2022-07-23T11:02:31.745Z INFO  client] Sending sample transaction 262
[2022-07-23T11:02:31.795Z INFO  client] Sending sample transaction 263
[2022-07-23T11:02:31.845Z INFO  client] Sending sample transaction 264
[2022-07-23T11:02:31.896Z INFO  client] Sending sample transaction 265
[2022-07-23T11:02:31.944Z INFO  client] Sending sample transaction 266
[2022-07-23T11:02:31.996Z INFO  client] Sending sample transaction 267
[2022-07-23T11:02:32.045Z INFO  client] Sending sample transaction 268
[2022-07-23T11:02:32.096Z INFO  client] Sending sample transaction 269
[2022-07-23T11:02:32.145Z INFO  client] Sending sample transaction 270
[2022-07-23T11:02:32.196Z INFO  client] Sending sample transaction 271
[2022-07-23T11:02:32.246Z INFO  client] Sending sample transaction 272
[2022-07-23T11:02:32.301Z INFO  client] Sending sample transaction 273
[2022-07-23T11:02:32.345Z INFO  client] Sending sample transaction 274
[2022-07-23T11:02:32.395Z INFO  client] Sending sample transaction 275
[2022-07-23T11:02:32.445Z INFO  client] Sending sample transaction 276
[2022-07-23T11:02:32.497Z INFO  client] Sending sample transaction 277
[2022-07-23T11:02:32.546Z INFO  client] Sending sample transaction 278
[2022-07-23T11:02:32.595Z INFO  client] Sending sample transaction 279
[2022-07-23T11:02:32.645Z INFO  client] Sending sample transaction 280
[2022-07-23T11:02:32.695Z INFO  client] Sending sample transaction 281
[2022-07-23T11:02:32.747Z INFO  client] Sending sample transaction 282
[2022-07-23T11:02:32.795Z INFO  client] Sending sample transaction 283
[2022-07-23T11:02:32.846Z INFO  client] Sending sample transaction 284
[2022-07-23T11:02:32.895Z INFO  client] Sending sample transaction 285
[2022-07-23T11:02:32.945Z INFO  client] Sending sample transaction 286
[2022-07-23T11:02:32.995Z INFO  client] Sending sample transaction 287
[2022-07-23T11:02:33.046Z INFO  client] Sending sample transaction 288
[2022-07-23T11:02:33.095Z INFO  client] Sending sample transaction 289
[2022-07-23T11:02:33.145Z INFO  client] Sending sample transaction 290
[2022-07-23T11:02:33.195Z INFO  client] Sending sample transaction 291
[2022-07-23T11:02:33.245Z INFO  client] Sending sample transaction 292
[2022-07-23T11:02:33.296Z INFO  client] Sending sample transaction 293
[2022-07-23T11:02:33.349Z INFO  client] Sending sample transaction 294
[2022-07-23T11:02:33.395Z INFO  client] Sending sample transaction 295
[2022-07-23T11:02:33.445Z INFO  client] Sending sample transaction 296
[2022-07-23T11:02:33.495Z INFO  client] Sending sample transaction 297
[2022-07-23T11:02:33.545Z INFO  client] Sending sample transaction 298
[2022-07-23T11:02:33.595Z INFO  client] Sending sample transaction 299
[2022-07-23T11:02:33.645Z INFO  client] Sending sample transaction 300
[2022-07-23T11:02:33.695Z INFO  client] Sending sample transaction 301
[2022-07-23T11:02:33.745Z INFO  client] Sending sample transaction 302
[2022-07-23T11:02:33.796Z INFO  client] Sending sample transaction 303
[2022-07-23T11:02:33.850Z INFO  client] Sending sample transaction 304
[2022-07-23T11:02:33.895Z INFO  client] Sending sample transaction 305
[2022-07-23T11:02:33.946Z INFO  client] Sending sample transaction 306
[2022-07-23T11:02:33.995Z INFO  client] Sending sample transaction 307
[2022-07-23T11:02:34.046Z INFO  client] Sending sample transaction 308
[2022-07-23T11:02:34.095Z INFO  client] Sending sample transaction 309
[2022-07-23T11:02:34.145Z INFO  client] Sending sample transaction 310
[2022-07-23T11:02:34.195Z INFO  client] Sending sample transaction 311
[2022-07-23T11:02:34.245Z INFO  client] Sending sample transaction 312
[2022-07-23T11:02:34.294Z INFO  client] Sending sample transaction 313
[2022-07-23T11:02:34.345Z INFO  client] Sending sample transaction 314
[2022-07-23T11:02:34.395Z INFO  client] Sending sample transaction 315
[2022-07-23T11:02:34.445Z INFO  client] Sending sample transaction 316
[2022-07-23T11:02:34.495Z INFO  client] Sending sample transaction 317
[2022-07-23T11:02:34.546Z INFO  client] Sending sample transaction 318
[2022-07-23T11:02:34.595Z INFO  client] Sending sample transaction 319
[2022-07-23T11:02:34.645Z INFO  client] Sending sample transaction 320
[2022-07-23T11:02:34.695Z INFO  client] Sending sample transaction 321
[2022-07-23T11:02:34.745Z INFO  client] Sending sample transaction 322
[2022-07-23T11:02:34.795Z INFO  client] Sending sample transaction 323
[2022-07-23T11:02:34.845Z INFO  client] Sending sample transaction 324
[2022-07-23T11:02:34.896Z INFO  client] Sending sample transaction 325
[2022-07-23T11:02:34.945Z INFO  client] Sending sample transaction 326
[2022-07-23T11:02:34.996Z INFO  client] Sending sample transaction 327
[2022-07-23T11:02:35.046Z INFO  client] Sending sample transaction 328
[2022-07-23T11:02:35.096Z INFO  client] Sending sample transaction 329
[2022-07-23T11:02:35.145Z INFO  client] Sending sample transaction 330
[2022-07-23T11:02:35.195Z INFO  client] Sending sample transaction 331
[2022-07-23T11:02:35.246Z INFO  client] Sending sample transaction 332
[2022-07-23T11:02:35.295Z INFO  client] Sending sample transaction 333
[2022-07-23T11:02:35.345Z INFO  client] Sending sample transaction 334
[2022-07-23T11:02:35.402Z INFO  client] Sending sample transaction 335
[2022-07-23T11:02:35.447Z INFO  client] Sending sample transaction 336
[2022-07-23T11:02:35.495Z INFO  client] Sending sample transaction 337
[2022-07-23T11:02:35.545Z INFO  client] Sending sample transaction 338
[2022-07-23T11:02:35.595Z INFO  client] Sending sample transaction 339
[2022-07-23T11:02:35.645Z INFO  client] Sending sample transaction 340
[2022-07-23T11:02:35.695Z INFO  client] Sending sample transaction 341
[2022-07-23T11:02:35.745Z INFO  client] Sending sample transaction 342
[2022-07-23T11:02:35.795Z INFO  client] Sending sample transaction 343
[2022-07-23T11:02:35.846Z INFO  client] Sending sample transaction 344
[2022-07-23T11:02:35.895Z INFO  client] Sending sample transaction 345
[2022-07-23T11:02:35.945Z INFO  client] Sending sample transaction 346
[2022-07-23T11:02:35.995Z INFO  client] Sending sample transaction 347
[2022-07-23T11:02:36.044Z INFO  client] Sending sample transaction 348
[2022-07-23T11:02:36.095Z INFO  client] Sending sample transaction 349
[2022-07-23T11:02:36.145Z INFO  client] Sending sample transaction 350
[2022-07-23T11:02:36.194Z INFO  client] Sending sample transaction 351
[2022-07-23T11:02:36.245Z INFO  client] Sending sample transaction 352
[2022-07-23T11:02:36.295Z INFO  client] Sending sample transaction 353
[2022-07-23T11:02:36.344Z INFO  client] Sending sample transaction 354
[2022-07-23T11:02:36.395Z INFO  client] Sending sample transaction 355
[2022-07-23T11:02:36.445Z INFO  client] Sending sample transaction 356
[2022-07-23T11:02:36.495Z INFO  client] Sending sample transaction 357
[2022-07-23T11:02:36.545Z INFO  client] Sending sample transaction 358
[2022-07-23T11:02:36.596Z INFO  client] Sending sample transaction 359
[2022-07-23T11:02:36.646Z INFO  client] Sending sample transaction 360
[2022-07-23T11:02:36.694Z INFO  client] Sending sample transaction 361
[2022-07-23T11:02:36.745Z INFO  client] Sending sample transaction 362
[2022-07-23T11:02:36.795Z INFO  client] Sending sample transaction 363
[2022-07-23T11:02:36.845Z INFO  client] Sending sample transaction 364
[2022-07-23T11:02:36.895Z INFO  client] Sending sample transaction 365
[2022-07-23T11:02:36.945Z INFO  client] Sending sample transaction 366
[2022-07-23T11:02:36.996Z INFO  client] Sending sample transaction 367
[2022-07-23T11:02:37.047Z INFO  client] Sending sample transaction 368
[2022-07-23T11:02:37.096Z INFO  client] Sending sample transaction 369
[2022-07-23T11:02:37.145Z INFO  client] Sending sample transaction 370
[2022-07-23T11:02:37.195Z INFO  client] Sending sample transaction 371
[2022-07-23T11:02:37.246Z INFO  client] Sending sample transaction 372
[2022-07-23T11:02:37.295Z INFO  client] Sending sample transaction 373
[2022-07-23T11:02:37.345Z INFO  client] Sending sample transaction 374
[2022-07-23T11:02:37.395Z INFO  client] Sending sample transaction 375
[2022-07-23T11:02:37.445Z INFO  client] Sending sample transaction 376
[2022-07-23T11:02:37.519Z INFO  client] Sending sample transaction 377
[2022-07-23T11:02:37.545Z INFO  client] Sending sample transaction 378
[2022-07-23T11:02:37.595Z INFO  client] Sending sample transaction 379
[2022-07-23T11:02:37.645Z INFO  client] Sending sample transaction 380
[2022-07-23T11:02:37.694Z INFO  client] Sending sample transaction 381
[2022-07-23T11:02:37.745Z INFO  client] Sending sample transaction 382
[2022-07-23T11:02:37.796Z INFO  client] Sending sample transaction 383
[2022-07-23T11:02:37.846Z INFO  client] Sending sample transaction 384
[2022-07-23T11:02:37.895Z INFO  client] Sending sample transaction 385
[2022-07-23T11:02:37.946Z INFO  client] Sending sample transaction 386
[2022-07-23T11:02:37.995Z INFO  client] Sending sample transaction 387
[2022-07-23T11:02:38.047Z INFO  client] Sending sample transaction 388
[2022-07-23T11:02:38.096Z INFO  client] Sending sample transaction 389
[2022-07-23T11:02:38.145Z INFO  client] Sending sample transaction 390
[2022-07-23T11:02:38.196Z INFO  client] Sending sample transaction 391
[2022-07-23T11:02:38.246Z INFO  client] Sending sample transaction 392
[2022-07-23T11:02:38.296Z INFO  client] Sending sample transaction 393
[2022-07-23T11:02:38.345Z INFO  client] Sending sample transaction 394
[2022-07-23T11:02:38.395Z INFO  client] Sending sample transaction 395
[2022-07-23T11:02:38.445Z INFO  client] Sending sample transaction 396
[2022-07-23T11:02:38.496Z INFO  client] Sending sample transaction 397
[2022-07-23T11:02:38.545Z INFO  client] Sending sample transaction 398
[2022-07-23T11:02:38.600Z INFO  client] Sending sample transaction 399
[2022-07-23T11:02:38.645Z INFO  client] Sending sample transaction 400
[2022-07-23T11:02:38.695Z INFO  client] Sending sample transaction 401
[2022-07-23T11:02:38.745Z INFO  client] Sending sample transaction 402
[2022-07-23T11:02:38.795Z INFO  client] Sending sample transaction 403
[2022-07-23T11:02:38.845Z INFO  client] Sending sample transaction 404
[2022-07-23T11:02:38.895Z INFO  client] Sending sample transaction 405
[2022-07-23T11:02:38.945Z INFO  client] Sending sample transaction 406
[2022-07-23T11:02:38.995Z INFO  client] Sending sample transaction 407
[2022-07-23T11:02:39.046Z INFO  client] Sending sample transaction 408
[2022-07-23T11:02:39.096Z INFO  client] Sending sample transaction 409
[2022-07-23T11:02:39.145Z INFO  client] Sending sample transaction 410
[2022-07-23T11:02:39.195Z INFO  client] Sending sample transaction 411
[2022-07-23T11:02:39.245Z INFO  client] Sending sample transaction 412
[2022-07-23T11:02:39.295Z INFO  client] Sending sample transaction 413
[2022-07-23T11:02:39.346Z INFO  client] Sending sample transaction 414
[2022-07-23T11:02:39.395Z INFO  client] Sending sample transaction 415
[2022-07-23T11:02:39.445Z INFO  client] Sending sample transaction 416
[2022-07-23T11:02:39.494Z INFO  client] Sending sample transaction 417
[2022-07-23T11:02:39.545Z INFO  client] Sending sample transaction 418
[2022-07-23T11:02:39.608Z INFO  client] Sending sample transaction 419
[2022-07-23T11:02:39.645Z INFO  client] Sending sample transaction 420
[2022-07-23T11:02:39.695Z INFO  client] Sending sample transaction 421
[2022-07-23T11:02:39.745Z INFO  client] Sending sample transaction 422
[2022-07-23T11:02:39.796Z INFO  client] Sending sample transaction 423
[2022-07-23T11:02:39.846Z INFO  client] Sending sample transaction 424
[2022-07-23T11:02:39.895Z INFO  client] Sending sample transaction 425
[2022-07-23T11:02:39.945Z INFO  client] Sending sample transaction 426
[2022-07-23T11:02:39.995Z INFO  client] Sending sample transaction 427
