[2022-07-23T16:54:54.656Z INFO  client] Node address: 127.0.0.1:9015
[2022-07-23T16:54:54.657Z INFO  client] Transactions size: 512 B
[2022-07-23T16:54:54.657Z INFO  client] Transactions rate: 112 tx/s
[2022-07-23T16:54:54.657Z INFO  client] Waiting for all nodes to be online...
[2022-07-23T16:54:54.657Z INFO  client] Waiting for all nodes to be synchronized...
[2022-07-23T16:54:56.825Z INFO  client] Start sending transactions
[2022-07-23T16:54:56.885Z INFO  client] Sending sample transaction 0
[2022-07-23T16:54:56.910Z INFO  client] Sending sample transaction 1
[2022-07-23T16:54:56.959Z INFO  client] Sending sample transaction 2
[2022-07-23T16:54:57.045Z INFO  client] Sending sample transaction 3
[2022-07-23T16:54:57.090Z INFO  client] Sending sample transaction 4
[2022-07-23T16:54:57.090Z INFO  client] Sending sample transaction 5
[2022-07-23T16:54:57.185Z INFO  client] Sending sample transaction 6
[2022-07-23T16:54:57.220Z INFO  client] Sending sample transaction 7
[2022-07-23T16:54:57.353Z INFO  client] Sending sample transaction 8
[2022-07-23T16:54:57.365Z WARN  client] Transaction rate too high for this client
[2022-07-23T16:54:57.366Z INFO  client] Sending sample transaction 9
[2022-07-23T16:54:57.366Z INFO  client] Sending sample transaction 10
[2022-07-23T16:54:57.440Z INFO  client] Sending sample transaction 11
[2022-07-23T16:54:57.488Z INFO  client] Sending sample transaction 12
[2022-07-23T16:54:57.489Z INFO  client] Sending sample transaction 13
[2022-07-23T16:54:57.540Z INFO  client] Sending sample transaction 14
[2022-07-23T16:54:57.584Z INFO  client] Sending sample transaction 15
[2022-07-23T16:54:57.631Z INFO  client] Sending sample transaction 16
[2022-07-23T16:54:57.678Z INFO  client] Sending sample transaction 17
[2022-07-23T16:54:57.738Z INFO  client] Sending sample transaction 18
[2022-07-23T16:54:57.779Z INFO  client] Sending sample transaction 19
[2022-07-23T16:54:57.831Z INFO  client] Sending sample transaction 20
[2022-07-23T16:54:57.878Z INFO  client] Sending sample transaction 21
[2022-07-23T16:54:57.930Z INFO  client] Sending sample transaction 22
[2022-07-23T16:54:57.978Z INFO  client] Sending sample transaction 23
[2022-07-23T16:54:58.027Z INFO  client] Sending sample transaction 24
[2022-07-23T16:54:58.076Z INFO  client] Sending sample transaction 25
[2022-07-23T16:54:58.130Z INFO  client] Sending sample transaction 26
[2022-07-23T16:54:58.176Z INFO  client] Sending sample transaction 27
[2022-07-23T16:54:58.228Z INFO  client] Sending sample transaction 28
[2022-07-23T16:54:58.278Z INFO  client] Sending sample transaction 29
[2022-07-23T16:54:58.329Z INFO  client] Sending sample transaction 30
[2022-07-23T16:54:58.376Z INFO  client] Sending sample transaction 31
[2022-07-23T16:54:58.427Z INFO  client] Sending sample transaction 32
[2022-07-23T16:54:58.477Z INFO  client] Sending sample transaction 33
[2022-07-23T16:54:58.527Z INFO  client] Sending sample transaction 34
[2022-07-23T16:54:58.577Z INFO  client] Sending sample transaction 35
[2022-07-23T16:54:58.627Z INFO  client] Sending sample transaction 36
[2022-07-23T16:54:58.708Z INFO  client] Sending sample transaction 37
[2022-07-23T16:54:58.748Z INFO  client] Sending sample transaction 38
[2022-07-23T16:54:58.806Z INFO  client] Sending sample transaction 39
[2022-07-23T16:54:58.852Z INFO  client] Sending sample transaction 40
[2022-07-23T16:54:58.880Z INFO  client] Sending sample transaction 41
[2022-07-23T16:54:58.926Z INFO  client] Sending sample transaction 42
[2022-07-23T16:54:58.977Z INFO  client] Sending sample transaction 43
[2022-07-23T16:54:59.038Z INFO  client] Sending sample transaction 44
[2022-07-23T16:54:59.084Z INFO  client] Sending sample transaction 45
[2022-07-23T16:54:59.157Z INFO  client] Sending sample transaction 46
[2022-07-23T16:54:59.178Z INFO  client] Sending sample transaction 47
[2022-07-23T16:54:59.227Z INFO  client] Sending sample transaction 48
[2022-07-23T16:54:59.277Z INFO  client] Sending sample transaction 49
[2022-07-23T16:54:59.326Z INFO  client] Sending sample transaction 50
[2022-07-23T16:54:59.376Z INFO  client] Sending sample transaction 51
[2022-07-23T16:54:59.426Z INFO  client] Sending sample transaction 52
[2022-07-23T16:54:59.477Z INFO  client] Sending sample transaction 53
[2022-07-23T16:54:59.527Z INFO  client] Sending sample transaction 54
[2022-07-23T16:54:59.576Z INFO  client] Sending sample transaction 55
[2022-07-23T16:54:59.626Z INFO  client] Sending sample transaction 56
[2022-07-23T16:54:59.677Z INFO  client] Sending sample transaction 57
[2022-07-23T16:54:59.728Z INFO  client] Sending sample transaction 58
[2022-07-23T16:54:59.779Z INFO  client] Sending sample transaction 59
[2022-07-23T16:54:59.827Z INFO  client] Sending sample transaction 60
[2022-07-23T16:54:59.876Z INFO  client] Sending sample transaction 61
[2022-07-23T16:54:59.927Z INFO  client] Sending sample transaction 62
[2022-07-23T16:55:00.034Z INFO  client] Sending sample transaction 63
[2022-07-23T16:55:00.058Z INFO  client] Sending sample transaction 64
[2022-07-23T16:55:00.076Z INFO  client] Sending sample transaction 65
[2022-07-23T16:55:00.128Z INFO  client] Sending sample transaction 66
[2022-07-23T16:55:00.180Z INFO  client] Sending sample transaction 67
[2022-07-23T16:55:00.227Z INFO  client] Sending sample transaction 68
[2022-07-23T16:55:00.277Z INFO  client] Sending sample transaction 69
[2022-07-23T16:55:00.326Z INFO  client] Sending sample transaction 70
[2022-07-23T16:55:00.376Z INFO  client] Sending sample transaction 71
[2022-07-23T16:55:00.431Z INFO  client] Sending sample transaction 72
[2022-07-23T16:55:00.478Z INFO  client] Sending sample transaction 73
[2022-07-23T16:55:00.526Z INFO  client] Sending sample transaction 74
[2022-07-23T16:55:00.576Z INFO  client] Sending sample transaction 75
[2022-07-23T16:55:00.627Z INFO  client] Sending sample transaction 76
[2022-07-23T16:55:00.676Z INFO  client] Sending sample transaction 77
[2022-07-23T16:55:00.726Z INFO  client] Sending sample transaction 78
[2022-07-23T16:55:00.777Z INFO  client] Sending sample transaction 79
[2022-07-23T16:55:00.828Z INFO  client] Sending sample transaction 80
[2022-07-23T16:55:00.877Z INFO  client] Sending sample transaction 81
[2022-07-23T16:55:00.928Z INFO  client] Sending sample transaction 82
[2022-07-23T16:55:00.977Z INFO  client] Sending sample transaction 83
[2022-07-23T16:55:01.026Z INFO  client] Sending sample transaction 84
[2022-07-23T16:55:01.077Z INFO  client] Sending sample transaction 85
[2022-07-23T16:55:01.126Z INFO  client] Sending sample transaction 86
[2022-07-23T16:55:01.177Z INFO  client] Sending sample transaction 87
[2022-07-23T16:55:01.244Z INFO  client] Sending sample transaction 88
[2022-07-23T16:55:01.297Z INFO  client] Sending sample transaction 89
[2022-07-23T16:55:01.369Z INFO  client] Sending sample transaction 90
[2022-07-23T16:55:01.407Z INFO  client] Sending sample transaction 91
[2022-07-23T16:55:01.432Z INFO  client] Sending sample transaction 92
[2022-07-23T16:55:01.476Z INFO  client] Sending sample transaction 93
[2022-07-23T16:55:01.532Z INFO  client] Sending sample transaction 94
[2022-07-23T16:55:01.577Z INFO  client] Sending sample transaction 95
[2022-07-23T16:55:01.626Z INFO  client] Sending sample transaction 96
[2022-07-23T16:55:01.676Z INFO  client] Sending sample transaction 97
[2022-07-23T16:55:01.727Z INFO  client] Sending sample transaction 98
[2022-07-23T16:55:01.779Z INFO  client] Sending sample transaction 99
[2022-07-23T16:55:01.827Z INFO  client] Sending sample transaction 100
[2022-07-23T16:55:01.876Z INFO  client] Sending sample transaction 101
[2022-07-23T16:55:01.926Z INFO  client] Sending sample transaction 102
[2022-07-23T16:55:01.976Z INFO  client] Sending sample transaction 103
[2022-07-23T16:55:02.026Z INFO  client] Sending sample transaction 104
[2022-07-23T16:55:02.076Z INFO  client] Sending sample transaction 105
[2022-07-23T16:55:02.126Z INFO  client] Sending sample transaction 106
[2022-07-23T16:55:02.177Z INFO  client] Sending sample transaction 107
[2022-07-23T16:55:02.226Z INFO  client] Sending sample transaction 108
[2022-07-23T16:55:02.276Z INFO  client] Sending sample transaction 109
[2022-07-23T16:55:02.327Z INFO  client] Sending sample transaction 110
[2022-07-23T16:55:02.377Z INFO  client] Sending sample transaction 111
[2022-07-23T16:55:02.426Z INFO  client] Sending sample transaction 112
[2022-07-23T16:55:02.477Z INFO  client] Sending sample transaction 113
[2022-07-23T16:55:02.526Z INFO  client] Sending sample transaction 114
[2022-07-23T16:55:02.577Z INFO  client] Sending sample transaction 115
[2022-07-23T16:55:02.627Z INFO  client] Sending sample transaction 116
[2022-07-23T16:55:02.676Z INFO  client] Sending sample transaction 117
[2022-07-23T16:55:02.727Z INFO  client] Sending sample transaction 118
[2022-07-23T16:55:02.776Z INFO  client] Sending sample transaction 119
[2022-07-23T16:55:02.827Z INFO  client] Sending sample transaction 120
[2022-07-23T16:55:02.878Z INFO  client] Sending sample transaction 121
[2022-07-23T16:55:02.957Z INFO  client] Sending sample transaction 122
[2022-07-23T16:55:02.995Z INFO  client] Sending sample transaction 123
[2022-07-23T16:55:03.027Z INFO  client] Sending sample transaction 124
[2022-07-23T16:55:03.076Z INFO  client] Sending sample transaction 125
[2022-07-23T16:55:03.126Z INFO  client] Sending sample transaction 126
[2022-07-23T16:55:03.177Z INFO  client] Sending sample transaction 127
[2022-07-23T16:55:03.226Z INFO  client] Sending sample transaction 128
[2022-07-23T16:55:03.276Z INFO  client] Sending sample transaction 129
[2022-07-23T16:55:03.327Z INFO  client] Sending sample transaction 130
[2022-07-23T16:55:03.376Z INFO  client] Sending sample transaction 131
[2022-07-23T16:55:03.427Z INFO  client] Sending sample transaction 132
[2022-07-23T16:55:03.476Z INFO  client] Sending sample transaction 133
[2022-07-23T16:55:03.528Z INFO  client] Sending sample transaction 134
[2022-07-23T16:55:03.576Z INFO  client] Sending sample transaction 135
[2022-07-23T16:55:03.626Z INFO  client] Sending sample transaction 136
[2022-07-23T16:55:03.677Z INFO  client] Sending sample transaction 137
[2022-07-23T16:55:03.726Z INFO  client] Sending sample transaction 138
[2022-07-23T16:55:03.777Z INFO  client] Sending sample transaction 139
[2022-07-23T16:55:03.826Z INFO  client] Sending sample transaction 140
[2022-07-23T16:55:03.877Z INFO  client] Sending sample transaction 141
[2022-07-23T16:55:03.926Z INFO  client] Sending sample transaction 142
[2022-07-23T16:55:03.976Z INFO  client] Sending sample transaction 143
[2022-07-23T16:55:04.027Z INFO  client] Sending sample transaction 144
[2022-07-23T16:55:04.076Z INFO  client] Sending sample transaction 145
[2022-07-23T16:55:04.126Z INFO  client] Sending sample transaction 146
[2022-07-23T16:55:04.177Z INFO  client] Sending sample transaction 147
[2022-07-23T16:55:04.227Z INFO  client] Sending sample transaction 148
[2022-07-23T16:55:04.277Z INFO  client] Sending sample transaction 149
[2022-07-23T16:55:04.327Z INFO  client] Sending sample transaction 150
[2022-07-23T16:55:04.376Z INFO  client] Sending sample transaction 151
[2022-07-23T16:55:04.427Z INFO  client] Sending sample transaction 152
[2022-07-23T16:55:04.477Z INFO  client] Sending sample transaction 153
[2022-07-23T16:55:04.527Z INFO  client] Sending sample transaction 154
[2022-07-23T16:55:04.577Z INFO  client] Sending sample transaction 155
[2022-07-23T16:55:04.627Z INFO  client] Sending sample transaction 156
[2022-07-23T16:55:04.677Z INFO  client] Sending sample transaction 157
[2022-07-23T16:55:04.727Z INFO  client] Sending sample transaction 158
[2022-07-23T16:55:04.777Z INFO  client] Sending sample transaction 159
[2022-07-23T16:55:04.827Z INFO  client] Sending sample transaction 160
[2022-07-23T16:55:04.876Z INFO  client] Sending sample transaction 161
[2022-07-23T16:55:04.926Z INFO  client] Sending sample transaction 162
[2022-07-23T16:55:04.977Z INFO  client] Sending sample transaction 163
[2022-07-23T16:55:05.026Z INFO  client] Sending sample transaction 164
[2022-07-23T16:55:05.077Z INFO  client] Sending sample transaction 165
[2022-07-23T16:55:05.127Z INFO  client] Sending sample transaction 166
[2022-07-23T16:55:05.176Z INFO  client] Sending sample transaction 167
[2022-07-23T16:55:05.226Z INFO  client] Sending sample transaction 168
[2022-07-23T16:55:05.304Z INFO  client] Sending sample transaction 169
[2022-07-23T16:55:05.327Z INFO  client] Sending sample transaction 170
[2022-07-23T16:55:05.377Z INFO  client] Sending sample transaction 171
[2022-07-23T16:55:05.427Z INFO  client] Sending sample transaction 172
[2022-07-23T16:55:05.477Z INFO  client] Sending sample transaction 173
[2022-07-23T16:55:05.526Z INFO  client] Sending sample transaction 174
[2022-07-23T16:55:05.588Z INFO  client] Sending sample transaction 175
[2022-07-23T16:55:05.630Z INFO  client] Sending sample transaction 176
[2022-07-23T16:55:05.677Z INFO  client] Sending sample transaction 177
[2022-07-23T16:55:05.726Z INFO  client] Sending sample transaction 178
[2022-07-23T16:55:05.777Z INFO  client] Sending sample transaction 179
[2022-07-23T16:55:05.826Z INFO  client] Sending sample transaction 180
[2022-07-23T16:55:05.876Z INFO  client] Sending sample transaction 181
[2022-07-23T16:55:05.926Z INFO  client] Sending sample transaction 182
[2022-07-23T16:55:05.976Z INFO  client] Sending sample transaction 183
[2022-07-23T16:55:06.028Z INFO  client] Sending sample transaction 184
[2022-07-23T16:55:06.076Z INFO  client] Sending sample transaction 185
[2022-07-23T16:55:06.127Z INFO  client] Sending sample transaction 186
[2022-07-23T16:55:06.177Z INFO  client] Sending sample transaction 187
[2022-07-23T16:55:06.257Z INFO  client] Sending sample transaction 188
[2022-07-23T16:55:06.292Z INFO  client] Sending sample transaction 189
[2022-07-23T16:55:06.341Z INFO  client] Sending sample transaction 190
[2022-07-23T16:55:06.376Z INFO  client] Sending sample transaction 191
[2022-07-23T16:55:06.428Z INFO  client] Sending sample transaction 192
[2022-07-23T16:55:06.480Z INFO  client] Sending sample transaction 193
[2022-07-23T16:55:06.527Z INFO  client] Sending sample transaction 194
[2022-07-23T16:55:06.576Z INFO  client] Sending sample transaction 195
[2022-07-23T16:55:06.627Z INFO  client] Sending sample transaction 196
[2022-07-23T16:55:06.677Z INFO  client] Sending sample transaction 197
[2022-07-23T16:55:06.726Z INFO  client] Sending sample transaction 198
[2022-07-23T16:55:06.777Z INFO  client] Sending sample transaction 199
[2022-07-23T16:55:06.827Z INFO  client] Sending sample transaction 200
[2022-07-23T16:55:06.876Z INFO  client] Sending sample transaction 201
[2022-07-23T16:55:06.927Z INFO  client] Sending sample transaction 202
[2022-07-23T16:55:06.977Z INFO  client] Sending sample transaction 203
[2022-07-23T16:55:07.026Z INFO  client] Sending sample transaction 204
[2022-07-23T16:55:07.076Z INFO  client] Sending sample transaction 205
[2022-07-23T16:55:07.127Z INFO  client] Sending sample transaction 206
[2022-07-23T16:55:07.176Z INFO  client] Sending sample transaction 207
[2022-07-23T16:55:07.227Z INFO  client] Sending sample transaction 208
[2022-07-23T16:55:07.278Z INFO  client] Sending sample transaction 209
[2022-07-23T16:55:07.326Z INFO  client] Sending sample transaction 210
[2022-07-23T16:55:07.377Z INFO  client] Sending sample transaction 211
[2022-07-23T16:55:07.457Z INFO  client] Sending sample transaction 212
[2022-07-23T16:55:07.491Z INFO  client] Sending sample transaction 213
[2022-07-23T16:55:07.528Z INFO  client] Sending sample transaction 214
[2022-07-23T16:55:07.576Z INFO  client] Sending sample transaction 215
[2022-07-23T16:55:07.627Z INFO  client] Sending sample transaction 216
[2022-07-23T16:55:07.682Z INFO  client] Sending sample transaction 217
[2022-07-23T16:55:07.732Z INFO  client] Sending sample transaction 218
[2022-07-23T16:55:07.777Z INFO  client] Sending sample transaction 219
[2022-07-23T16:55:07.826Z INFO  client] Sending sample transaction 220
[2022-07-23T16:55:07.876Z INFO  client] Sending sample transaction 221
[2022-07-23T16:55:07.927Z INFO  client] Sending sample transaction 222
[2022-07-23T16:55:07.976Z INFO  client] Sending sample transaction 223
[2022-07-23T16:55:08.027Z INFO  client] Sending sample transaction 224
[2022-07-23T16:55:08.077Z INFO  client] Sending sample transaction 225
[2022-07-23T16:55:08.126Z INFO  client] Sending sample transaction 226
[2022-07-23T16:55:08.176Z INFO  client] Sending sample transaction 227
[2022-07-23T16:55:08.227Z INFO  client] Sending sample transaction 228
[2022-07-23T16:55:08.276Z INFO  client] Sending sample transaction 229
[2022-07-23T16:55:08.327Z INFO  client] Sending sample transaction 230
[2022-07-23T16:55:08.377Z INFO  client] Sending sample transaction 231
[2022-07-23T16:55:08.426Z INFO  client] Sending sample transaction 232
[2022-07-23T16:55:08.478Z INFO  client] Sending sample transaction 233
[2022-07-23T16:55:08.526Z INFO  client] Sending sample transaction 234
[2022-07-23T16:55:08.576Z INFO  client] Sending sample transaction 235
[2022-07-23T16:55:08.626Z INFO  client] Sending sample transaction 236
[2022-07-23T16:55:08.677Z INFO  client] Sending sample transaction 237
[2022-07-23T16:55:08.727Z INFO  client] Sending sample transaction 238
[2022-07-23T16:55:08.776Z INFO  client] Sending sample transaction 239
[2022-07-23T16:55:08.826Z INFO  client] Sending sample transaction 240
[2022-07-23T16:55:08.903Z INFO  client] Sending sample transaction 241
[2022-07-23T16:55:08.927Z INFO  client] Sending sample transaction 242
[2022-07-23T16:55:08.976Z INFO  client] Sending sample transaction 243
[2022-07-23T16:55:09.027Z INFO  client] Sending sample transaction 244
[2022-07-23T16:55:09.077Z INFO  client] Sending sample transaction 245
[2022-07-23T16:55:09.130Z INFO  client] Sending sample transaction 246
[2022-07-23T16:55:09.177Z INFO  client] Sending sample transaction 247
[2022-07-23T16:55:09.226Z INFO  client] Sending sample transaction 248
[2022-07-23T16:55:09.278Z INFO  client] Sending sample transaction 249
[2022-07-23T16:55:09.326Z INFO  client] Sending sample transaction 250
[2022-07-23T16:55:09.376Z INFO  client] Sending sample transaction 251
[2022-07-23T16:55:09.427Z INFO  client] Sending sample transaction 252
[2022-07-23T16:55:09.477Z INFO  client] Sending sample transaction 253
[2022-07-23T16:55:09.526Z INFO  client] Sending sample transaction 254
[2022-07-23T16:55:09.577Z INFO  client] Sending sample transaction 255
[2022-07-23T16:55:09.627Z INFO  client] Sending sample transaction 256
[2022-07-23T16:55:09.677Z INFO  client] Sending sample transaction 257
[2022-07-23T16:55:09.726Z INFO  client] Sending sample transaction 258
[2022-07-23T16:55:09.779Z INFO  client] Sending sample transaction 259
[2022-07-23T16:55:09.827Z INFO  client] Sending sample transaction 260
[2022-07-23T16:55:09.878Z INFO  client] Sending sample transaction 261
[2022-07-23T16:55:09.926Z INFO  client] Sending sample transaction 262
[2022-07-23T16:55:09.977Z INFO  client] Sending sample transaction 263
[2022-07-23T16:55:10.026Z INFO  client] Sending sample transaction 264
[2022-07-23T16:55:10.076Z INFO  client] Sending sample transaction 265
[2022-07-23T16:55:10.126Z INFO  client] Sending sample transaction 266
[2022-07-23T16:55:10.176Z INFO  client] Sending sample transaction 267
[2022-07-23T16:55:10.226Z INFO  client] Sending sample transaction 268
[2022-07-23T16:55:10.276Z INFO  client] Sending sample transaction 269
[2022-07-23T16:55:10.326Z INFO  client] Sending sample transaction 270
[2022-07-23T16:55:10.377Z INFO  client] Sending sample transaction 271
[2022-07-23T16:55:10.427Z INFO  client] Sending sample transaction 272
[2022-07-23T16:55:10.477Z INFO  client] Sending sample transaction 273
[2022-07-23T16:55:10.526Z INFO  client] Sending sample transaction 274
[2022-07-23T16:55:10.576Z INFO  client] Sending sample transaction 275
[2022-07-23T16:55:10.661Z INFO  client] Sending sample transaction 276
[2022-07-23T16:55:10.699Z INFO  client] Sending sample transaction 277
[2022-07-23T16:55:10.728Z INFO  client] Sending sample transaction 278
[2022-07-23T16:55:10.776Z INFO  client] Sending sample transaction 279
[2022-07-23T16:55:10.827Z INFO  client] Sending sample transaction 280
[2022-07-23T16:55:10.877Z INFO  client] Sending sample transaction 281
[2022-07-23T16:55:10.927Z INFO  client] Sending sample transaction 282
[2022-07-23T16:55:10.976Z INFO  client] Sending sample transaction 283
[2022-07-23T16:55:11.027Z INFO  client] Sending sample transaction 284
[2022-07-23T16:55:11.077Z INFO  client] Sending sample transaction 285
[2022-07-23T16:55:11.126Z INFO  client] Sending sample transaction 286
[2022-07-23T16:55:11.176Z INFO  client] Sending sample transaction 287
[2022-07-23T16:55:11.227Z INFO  client] Sending sample transaction 288
[2022-07-23T16:55:11.277Z INFO  client] Sending sample transaction 289
[2022-07-23T16:55:11.328Z INFO  client] Sending sample transaction 290
[2022-07-23T16:55:11.377Z INFO  client] Sending sample transaction 291
[2022-07-23T16:55:11.426Z INFO  client] Sending sample transaction 292
[2022-07-23T16:55:11.477Z INFO  client] Sending sample transaction 293
[2022-07-23T16:55:11.527Z INFO  client] Sending sample transaction 294
[2022-07-23T16:55:11.576Z INFO  client] Sending sample transaction 295
[2022-07-23T16:55:11.626Z INFO  client] Sending sample transaction 296
[2022-07-23T16:55:11.677Z INFO  client] Sending sample transaction 297
[2022-07-23T16:55:11.727Z INFO  client] Sending sample transaction 298
[2022-07-23T16:55:11.777Z INFO  client] Sending sample transaction 299
[2022-07-23T16:55:11.826Z INFO  client] Sending sample transaction 300
[2022-07-23T16:55:11.879Z INFO  client] Sending sample transaction 301
[2022-07-23T16:55:11.927Z INFO  client] Sending sample transaction 302
[2022-07-23T16:55:11.976Z INFO  client] Sending sample transaction 303
[2022-07-23T16:55:12.054Z INFO  client] Sending sample transaction 304
[2022-07-23T16:55:12.093Z INFO  client] Sending sample transaction 305
[2022-07-23T16:55:12.145Z INFO  client] Sending sample transaction 306
[2022-07-23T16:55:12.177Z INFO  client] Sending sample transaction 307
[2022-07-23T16:55:12.227Z INFO  client] Sending sample transaction 308
[2022-07-23T16:55:12.277Z INFO  client] Sending sample transaction 309
[2022-07-23T16:55:12.327Z INFO  client] Sending sample transaction 310
[2022-07-23T16:55:12.376Z INFO  client] Sending sample transaction 311
[2022-07-23T16:55:12.426Z INFO  client] Sending sample transaction 312
[2022-07-23T16:55:12.477Z INFO  client] Sending sample transaction 313
[2022-07-23T16:55:12.526Z INFO  client] Sending sample transaction 314
[2022-07-23T16:55:12.576Z INFO  client] Sending sample transaction 315
[2022-07-23T16:55:12.626Z INFO  client] Sending sample transaction 316
[2022-07-23T16:55:12.677Z INFO  client] Sending sample transaction 317
[2022-07-23T16:55:12.726Z INFO  client] Sending sample transaction 318
[2022-07-23T16:55:12.778Z INFO  client] Sending sample transaction 319
[2022-07-23T16:55:12.827Z INFO  client] Sending sample transaction 320
[2022-07-23T16:55:12.877Z INFO  client] Sending sample transaction 321
[2022-07-23T16:55:12.943Z INFO  client] Sending sample transaction 322
[2022-07-23T16:55:12.978Z INFO  client] Sending sample transaction 323
[2022-07-23T16:55:13.027Z INFO  client] Sending sample transaction 324
[2022-07-23T16:55:13.076Z INFO  client] Sending sample transaction 325
[2022-07-23T16:55:13.127Z INFO  client] Sending sample transaction 326
[2022-07-23T16:55:13.176Z INFO  client] Sending sample transaction 327
[2022-07-23T16:55:13.226Z INFO  client] Sending sample transaction 328
[2022-07-23T16:55:13.277Z INFO  client] Sending sample transaction 329
[2022-07-23T16:55:13.326Z INFO  client] Sending sample transaction 330
[2022-07-23T16:55:13.377Z INFO  client] Sending sample transaction 331
[2022-07-23T16:55:13.426Z INFO  client] Sending sample transaction 332
[2022-07-23T16:55:13.481Z INFO  client] Sending sample transaction 333
[2022-07-23T16:55:13.551Z INFO  client] Sending sample transaction 334
[2022-07-23T16:55:13.586Z INFO  client] Sending sample transaction 335
[2022-07-23T16:55:13.626Z INFO  client] Sending sample transaction 336
[2022-07-23T16:55:13.677Z INFO  client] Sending sample transaction 337
[2022-07-23T16:55:13.727Z INFO  client] Sending sample transaction 338
[2022-07-23T16:55:13.777Z INFO  client] Sending sample transaction 339
[2022-07-23T16:55:13.827Z INFO  client] Sending sample transaction 340
[2022-07-23T16:55:13.876Z INFO  client] Sending sample transaction 341
[2022-07-23T16:55:13.927Z INFO  client] Sending sample transaction 342
[2022-07-23T16:55:13.991Z INFO  client] Sending sample transaction 343
[2022-07-23T16:55:14.029Z INFO  client] Sending sample transaction 344
[2022-07-23T16:55:14.076Z INFO  client] Sending sample transaction 345
[2022-07-23T16:55:14.130Z INFO  client] Sending sample transaction 346
[2022-07-23T16:55:14.176Z INFO  client] Sending sample transaction 347
[2022-07-23T16:55:14.227Z INFO  client] Sending sample transaction 348
[2022-07-23T16:55:14.276Z INFO  client] Sending sample transaction 349
[2022-07-23T16:55:14.326Z INFO  client] Sending sample transaction 350
[2022-07-23T16:55:14.376Z INFO  client] Sending sample transaction 351
[2022-07-23T16:55:14.426Z INFO  client] Sending sample transaction 352
[2022-07-23T16:55:14.477Z INFO  client] Sending sample transaction 353
[2022-07-23T16:55:14.527Z INFO  client] Sending sample transaction 354
[2022-07-23T16:55:14.576Z INFO  client] Sending sample transaction 355
[2022-07-23T16:55:14.627Z INFO  client] Sending sample transaction 356
[2022-07-23T16:55:14.677Z INFO  client] Sending sample transaction 357
[2022-07-23T16:55:14.746Z INFO  client] Sending sample transaction 358
[2022-07-23T16:55:14.782Z INFO  client] Sending sample transaction 359
[2022-07-23T16:55:14.835Z INFO  client] Sending sample transaction 360
[2022-07-23T16:55:14.876Z INFO  client] Sending sample transaction 361
[2022-07-23T16:55:14.927Z INFO  client] Sending sample transaction 362
[2022-07-23T16:55:14.976Z INFO  client] Sending sample transaction 363
[2022-07-23T16:55:15.027Z INFO  client] Sending sample transaction 364
[2022-07-23T16:55:15.076Z INFO  client] Sending sample transaction 365
[2022-07-23T16:55:15.127Z INFO  client] Sending sample transaction 366
[2022-07-23T16:55:15.178Z INFO  client] Sending sample transaction 367
[2022-07-23T16:55:15.227Z INFO  client] Sending sample transaction 368
[2022-07-23T16:55:15.276Z INFO  client] Sending sample transaction 369
[2022-07-23T16:55:15.326Z INFO  client] Sending sample transaction 370
[2022-07-23T16:55:15.377Z INFO  client] Sending sample transaction 371
[2022-07-23T16:55:15.426Z INFO  client] Sending sample transaction 372
[2022-07-23T16:55:15.477Z INFO  client] Sending sample transaction 373
[2022-07-23T16:55:15.527Z INFO  client] Sending sample transaction 374
[2022-07-23T16:55:15.577Z INFO  client] Sending sample transaction 375
[2022-07-23T16:55:15.626Z INFO  client] Sending sample transaction 376
[2022-07-23T16:55:15.676Z INFO  client] Sending sample transaction 377
[2022-07-23T16:55:15.726Z INFO  client] Sending sample transaction 378
[2022-07-23T16:55:15.777Z INFO  client] Sending sample transaction 379
[2022-07-23T16:55:15.826Z INFO  client] Sending sample transaction 380
[2022-07-23T16:55:15.877Z INFO  client] Sending sample transaction 381
[2022-07-23T16:55:15.927Z INFO  client] Sending sample transaction 382
[2022-07-23T16:55:15.977Z INFO  client] Sending sample transaction 383
[2022-07-23T16:55:16.041Z INFO  client] Sending sample transaction 384
[2022-07-23T16:55:16.120Z INFO  client] Sending sample transaction 385
[2022-07-23T16:55:16.139Z INFO  client] Sending sample transaction 386
[2022-07-23T16:55:16.179Z INFO  client] Sending sample transaction 387
[2022-07-23T16:55:16.246Z INFO  client] Sending sample transaction 388
[2022-07-23T16:55:16.278Z INFO  client] Sending sample transaction 389
[2022-07-23T16:55:16.327Z INFO  client] Sending sample transaction 390
[2022-07-23T16:55:16.377Z INFO  client] Sending sample transaction 391
[2022-07-23T16:55:16.426Z INFO  client] Sending sample transaction 392
[2022-07-23T16:55:16.478Z INFO  client] Sending sample transaction 393
[2022-07-23T16:55:16.527Z INFO  client] Sending sample transaction 394
[2022-07-23T16:55:16.576Z INFO  client] Sending sample transaction 395
[2022-07-23T16:55:16.626Z INFO  client] Sending sample transaction 396
[2022-07-23T16:55:16.676Z INFO  client] Sending sample transaction 397
[2022-07-23T16:55:16.726Z INFO  client] Sending sample transaction 398
[2022-07-23T16:55:16.777Z INFO  client] Sending sample transaction 399
[2022-07-23T16:55:16.827Z INFO  client] Sending sample transaction 400
[2022-07-23T16:55:16.876Z INFO  client] Sending sample transaction 401
[2022-07-23T16:55:16.927Z INFO  client] Sending sample transaction 402
[2022-07-23T16:55:16.977Z INFO  client] Sending sample transaction 403
[2022-07-23T16:55:17.027Z INFO  client] Sending sample transaction 404
[2022-07-23T16:55:17.076Z INFO  client] Sending sample transaction 405
[2022-07-23T16:55:17.127Z INFO  client] Sending sample transaction 406
[2022-07-23T16:55:17.176Z INFO  client] Sending sample transaction 407
[2022-07-23T16:55:17.228Z INFO  client] Sending sample transaction 408
[2022-07-23T16:55:17.276Z INFO  client] Sending sample transaction 409
[2022-07-23T16:55:17.327Z INFO  client] Sending sample transaction 410
[2022-07-23T16:55:17.376Z INFO  client] Sending sample transaction 411
[2022-07-23T16:55:17.427Z INFO  client] Sending sample transaction 412
[2022-07-23T16:55:17.477Z INFO  client] Sending sample transaction 413
[2022-07-23T16:55:17.526Z INFO  client] Sending sample transaction 414
[2022-07-23T16:55:17.576Z INFO  client] Sending sample transaction 415
[2022-07-23T16:55:17.627Z INFO  client] Sending sample transaction 416
[2022-07-23T16:55:17.678Z INFO  client] Sending sample transaction 417
[2022-07-23T16:55:17.726Z INFO  client] Sending sample transaction 418
[2022-07-23T16:55:17.776Z INFO  client] Sending sample transaction 419
[2022-07-23T16:55:17.827Z INFO  client] Sending sample transaction 420
[2022-07-23T16:55:17.889Z INFO  client] Sending sample transaction 421
[2022-07-23T16:55:17.950Z INFO  client] Sending sample transaction 422
[2022-07-23T16:55:17.992Z INFO  client] Sending sample transaction 423
[2022-07-23T16:55:18.028Z INFO  client] Sending sample transaction 424
[2022-07-23T16:55:18.077Z INFO  client] Sending sample transaction 425
[2022-07-23T16:55:18.129Z INFO  client] Sending sample transaction 426
[2022-07-23T16:55:18.177Z INFO  client] Sending sample transaction 427
[2022-07-23T16:55:18.251Z INFO  client] Sending sample transaction 428
[2022-07-23T16:55:18.307Z INFO  client] Sending sample transaction 429
[2022-07-23T16:55:18.339Z INFO  client] Sending sample transaction 430
[2022-07-23T16:55:18.388Z INFO  client] Sending sample transaction 431
[2022-07-23T16:55:18.427Z INFO  client] Sending sample transaction 432
[2022-07-23T16:55:18.478Z INFO  client] Sending sample transaction 433
[2022-07-23T16:55:18.527Z INFO  client] Sending sample transaction 434
[2022-07-23T16:55:18.577Z INFO  client] Sending sample transaction 435
[2022-07-23T16:55:18.629Z INFO  client] Sending sample transaction 436
[2022-07-23T16:55:18.681Z INFO  client] Sending sample transaction 437
[2022-07-23T16:55:18.727Z INFO  client] Sending sample transaction 438
