[2022-07-23T19:00:42.141Z INFO  client] Node address: 127.0.0.1:9017
[2022-07-23T19:00:42.141Z INFO  client] Transactions size: 512 B
[2022-07-23T19:00:42.141Z INFO  client] Transactions rate: 112 tx/s
[2022-07-23T19:00:42.141Z INFO  client] Waiting for all nodes to be online...
[2022-07-23T19:00:42.141Z INFO  client] Waiting for all nodes to be synchronized...
[2022-07-23T19:00:44.147Z INFO  client] Start sending transactions
[2022-07-23T19:00:44.148Z INFO  client] Sending sample transaction 0
[2022-07-23T19:00:44.198Z INFO  client] Sending sample transaction 1
[2022-07-23T19:00:44.249Z INFO  client] Sending sample transaction 2
[2022-07-23T19:00:44.299Z INFO  client] Sending sample transaction 3
[2022-07-23T19:00:44.349Z INFO  client] Sending sample transaction 4
[2022-07-23T19:00:44.398Z INFO  client] Sending sample transaction 5
[2022-07-23T19:00:44.448Z INFO  client] Sending sample transaction 6
[2022-07-23T19:00:44.498Z INFO  client] Sending sample transaction 7
[2022-07-23T19:00:44.549Z INFO  client] Sending sample transaction 8
[2022-07-23T19:00:44.600Z INFO  client] Sending sample transaction 9
[2022-07-23T19:00:44.648Z INFO  client] Sending sample transaction 10
[2022-07-23T19:00:44.698Z INFO  client] Sending sample transaction 11
[2022-07-23T19:00:44.748Z INFO  client] Sending sample transaction 12
[2022-07-23T19:00:44.799Z INFO  client] Sending sample transaction 13
[2022-07-23T19:00:44.848Z INFO  client] Sending sample transaction 14
[2022-07-23T19:00:44.898Z INFO  client] Sending sample transaction 15
[2022-07-23T19:00:44.948Z INFO  client] Sending sample transaction 16
[2022-07-23T19:00:44.999Z INFO  client] Sending sample transaction 17
[2022-07-23T19:00:45.049Z INFO  client] Sending sample transaction 18
[2022-07-23T19:00:45.099Z INFO  client] Sending sample transaction 19
[2022-07-23T19:00:45.148Z INFO  client] Sending sample transaction 20
[2022-07-23T19:00:45.198Z INFO  client] Sending sample transaction 21
[2022-07-23T19:00:45.248Z INFO  client] Sending sample transaction 22
[2022-07-23T19:00:45.298Z INFO  client] Sending sample transaction 23
[2022-07-23T19:00:45.349Z INFO  client] Sending sample transaction 24
[2022-07-23T19:00:45.397Z INFO  client] Sending sample transaction 25
[2022-07-23T19:00:45.450Z INFO  client] Sending sample transaction 26
[2022-07-23T19:00:45.499Z INFO  client] Sending sample transaction 27
[2022-07-23T19:00:45.549Z INFO  client] Sending sample transaction 28
[2022-07-23T19:00:45.599Z INFO  client] Sending sample transaction 29
[2022-07-23T19:00:45.649Z INFO  client] Sending sample transaction 30
[2022-07-23T19:00:45.698Z INFO  client] Sending sample transaction 31
[2022-07-23T19:00:45.748Z INFO  client] Sending sample transaction 32
[2022-07-23T19:00:45.799Z INFO  client] Sending sample transaction 33
[2022-07-23T19:00:45.854Z INFO  client] Sending sample transaction 34
[2022-07-23T19:00:45.898Z INFO  client] Sending sample transaction 35
[2022-07-23T19:00:45.948Z INFO  client] Sending sample transaction 36
[2022-07-23T19:00:46.004Z INFO  client] Sending sample transaction 37
[2022-07-23T19:00:46.049Z INFO  client] Sending sample transaction 38
[2022-07-23T19:00:46.099Z INFO  client] Sending sample transaction 39
[2022-07-23T19:00:46.148Z INFO  client] Sending sample transaction 40
[2022-07-23T19:00:46.199Z INFO  client] Sending sample transaction 41
[2022-07-23T19:00:46.251Z INFO  client] Sending sample transaction 42
[2022-07-23T19:00:46.303Z INFO  client] Sending sample transaction 43
[2022-07-23T19:00:46.348Z INFO  client] Sending sample transaction 44
[2022-07-23T19:00:46.398Z INFO  client] Sending sample transaction 45
[2022-07-23T19:00:46.448Z INFO  client] Sending sample transaction 46
[2022-07-23T19:00:46.498Z INFO  client] Sending sample transaction 47
[2022-07-23T19:00:46.549Z INFO  client] Sending sample transaction 48
[2022-07-23T19:00:46.599Z INFO  client] Sending sample transaction 49
[2022-07-23T19:00:46.648Z INFO  client] Sending sample transaction 50
[2022-07-23T19:00:46.701Z INFO  client] Sending sample transaction 51
[2022-07-23T19:00:46.749Z INFO  client] Sending sample transaction 52
[2022-07-23T19:00:46.799Z INFO  client] Sending sample transaction 53
[2022-07-23T19:00:46.848Z INFO  client] Sending sample transaction 54
[2022-07-23T19:00:46.898Z INFO  client] Sending sample transaction 55
[2022-07-23T19:00:46.948Z INFO  client] Sending sample transaction 56
[2022-07-23T19:00:46.998Z INFO  client] Sending sample transaction 57
[2022-07-23T19:00:47.048Z INFO  client] Sending sample transaction 58
[2022-07-23T19:00:47.098Z INFO  client] Sending sample transaction 59
[2022-07-23T19:00:47.147Z INFO  client] Sending sample transaction 60
[2022-07-23T19:00:47.198Z INFO  client] Sending sample transaction 61
[2022-07-23T19:00:47.249Z INFO  client] Sending sample transaction 62
[2022-07-23T19:00:47.298Z INFO  client] Sending sample transaction 63
[2022-07-23T19:00:47.348Z INFO  client] Sending sample transaction 64
[2022-07-23T19:00:47.398Z INFO  client] Sending sample transaction 65
[2022-07-23T19:00:47.448Z INFO  client] Sending sample transaction 66
[2022-07-23T19:00:47.498Z INFO  client] Sending sample transaction 67
[2022-07-23T19:00:47.548Z INFO  client] Sending sample transaction 68
[2022-07-23T19:00:47.598Z INFO  client] Sending sample transaction 69
[2022-07-23T19:00:47.648Z INFO  client] Sending sample transaction 70
[2022-07-23T19:00:47.698Z INFO  client] Sending sample transaction 71
[2022-07-23T19:00:47.749Z INFO  client] Sending sample transaction 72
[2022-07-23T19:00:47.798Z INFO  client] Sending sample transaction 73
[2022-07-23T19:00:47.849Z INFO  client] Sending sample transaction 74
[2022-07-23T19:00:47.900Z INFO  client] Sending sample transaction 75
[2022-07-23T19:00:47.951Z INFO  client] Sending sample transaction 76
[2022-07-23T19:00:48.000Z INFO  client] Sending sample transaction 77
[2022-07-23T19:00:48.049Z INFO  client] Sending sample transaction 78
[2022-07-23T19:00:48.098Z INFO  client] Sending sample transaction 79
[2022-07-23T19:00:48.148Z INFO  client] Sending sample transaction 80
[2022-07-23T19:00:48.198Z INFO  client] Sending sample transaction 81
[2022-07-23T19:00:48.248Z INFO  client] Sending sample transaction 82
[2022-07-23T19:00:48.298Z INFO  client] Sending sample transaction 83
[2022-07-23T19:00:48.349Z INFO  client] Sending sample transaction 84
[2022-07-23T19:00:48.398Z INFO  client] Sending sample transaction 85
[2022-07-23T19:00:48.448Z INFO  client] Sending sample transaction 86
[2022-07-23T19:00:48.499Z INFO  client] Sending sample transaction 87
[2022-07-23T19:00:48.548Z INFO  client] Sending sample transaction 88
[2022-07-23T19:00:48.599Z INFO  client] Sending sample transaction 89
[2022-07-23T19:00:48.648Z INFO  client] Sending sample transaction 90
[2022-07-23T19:00:48.698Z INFO  client] Sending sample transaction 91
[2022-07-23T19:00:48.748Z INFO  client] Sending sample transaction 92
[2022-07-23T19:00:48.797Z INFO  client] Sending sample transaction 93
[2022-07-23T19:00:48.848Z INFO  client] Sending sample transaction 94
[2022-07-23T19:00:48.898Z INFO  client] Sending sample transaction 95
[2022-07-23T19:00:48.948Z INFO  client] Sending sample transaction 96
[2022-07-23T19:00:48.998Z INFO  client] Sending sample transaction 97
[2022-07-23T19:00:49.049Z INFO  client] Sending sample transaction 98
[2022-07-23T19:00:49.098Z INFO  client] Sending sample transaction 99
[2022-07-23T19:00:49.148Z INFO  client] Sending sample transaction 100
[2022-07-23T19:00:49.198Z INFO  client] Sending sample transaction 101
[2022-07-23T19:00:49.248Z INFO  client] Sending sample transaction 102
[2022-07-23T19:00:49.299Z INFO  client] Sending sample transaction 103
[2022-07-23T19:00:49.349Z INFO  client] Sending sample transaction 104
[2022-07-23T19:00:49.398Z INFO  client] Sending sample transaction 105
[2022-07-23T19:00:49.448Z INFO  client] Sending sample transaction 106
[2022-07-23T19:00:49.498Z INFO  client] Sending sample transaction 107
[2022-07-23T19:00:49.548Z INFO  client] Sending sample transaction 108
[2022-07-23T19:00:49.598Z INFO  client] Sending sample transaction 109
[2022-07-23T19:00:49.648Z INFO  client] Sending sample transaction 110
[2022-07-23T19:00:49.698Z INFO  client] Sending sample transaction 111
[2022-07-23T19:00:49.748Z INFO  client] Sending sample transaction 112
[2022-07-23T19:00:49.798Z INFO  client] Sending sample transaction 113
[2022-07-23T19:00:49.848Z INFO  client] Sending sample transaction 114
[2022-07-23T19:00:49.898Z INFO  client] Sending sample transaction 115
[2022-07-23T19:00:49.948Z INFO  client] Sending sample transaction 116
[2022-07-23T19:00:50.001Z INFO  client] Sending sample transaction 117
[2022-07-23T19:00:50.057Z INFO  client] Sending sample transaction 118
[2022-07-23T19:00:50.098Z INFO  client] Sending sample transaction 119
[2022-07-23T19:00:50.148Z INFO  client] Sending sample transaction 120
[2022-07-23T19:00:50.198Z INFO  client] Sending sample transaction 121
[2022-07-23T19:00:50.248Z INFO  client] Sending sample transaction 122
[2022-07-23T19:00:50.299Z INFO  client] Sending sample transaction 123
[2022-07-23T19:00:50.349Z INFO  client] Sending sample transaction 124
[2022-07-23T19:00:50.397Z INFO  client] Sending sample transaction 125
[2022-07-23T19:00:50.448Z INFO  client] Sending sample transaction 126
[2022-07-23T19:00:50.498Z INFO  client] Sending sample transaction 127
[2022-07-23T19:00:50.551Z INFO  client] Sending sample transaction 128
[2022-07-23T19:00:50.598Z INFO  client] Sending sample transaction 129
[2022-07-23T19:00:50.648Z INFO  client] Sending sample transaction 130
[2022-07-23T19:00:50.698Z INFO  client] Sending sample transaction 131
[2022-07-23T19:00:50.748Z INFO  client] Sending sample transaction 132
[2022-07-23T19:00:50.804Z INFO  client] Sending sample transaction 133
[2022-07-23T19:00:50.849Z INFO  client] Sending sample transaction 134
[2022-07-23T19:00:50.899Z INFO  client] Sending sample transaction 135
[2022-07-23T19:00:50.948Z INFO  client] Sending sample transaction 136
[2022-07-23T19:00:50.998Z INFO  client] Sending sample transaction 137
[2022-07-23T19:00:51.049Z INFO  client] Sending sample transaction 138
[2022-07-23T19:00:51.130Z INFO  client] Sending sample transaction 139
[2022-07-23T19:00:51.148Z INFO  client] Sending sample transaction 140
[2022-07-23T19:00:51.199Z INFO  client] Sending sample transaction 141
[2022-07-23T19:00:51.249Z INFO  client] Sending sample transaction 142
[2022-07-23T19:00:51.299Z INFO  client] Sending sample transaction 143
[2022-07-23T19:00:51.349Z INFO  client] Sending sample transaction 144
[2022-07-23T19:00:51.398Z INFO  client] Sending sample transaction 145
[2022-07-23T19:00:51.449Z INFO  client] Sending sample transaction 146
[2022-07-23T19:00:51.499Z INFO  client] Sending sample transaction 147
[2022-07-23T19:00:51.551Z INFO  client] Sending sample transaction 148
[2022-07-23T19:00:51.599Z INFO  client] Sending sample transaction 149
[2022-07-23T19:00:51.648Z INFO  client] Sending sample transaction 150
[2022-07-23T19:00:51.699Z INFO  client] Sending sample transaction 151
[2022-07-23T19:00:51.749Z INFO  client] Sending sample transaction 152
[2022-07-23T19:00:51.798Z INFO  client] Sending sample transaction 153
[2022-07-23T19:00:51.848Z INFO  client] Sending sample transaction 154
[2022-07-23T19:00:51.897Z INFO  client] Sending sample transaction 155
[2022-07-23T19:00:51.948Z INFO  client] Sending sample transaction 156
[2022-07-23T19:00:51.998Z INFO  client] Sending sample transaction 157
[2022-07-23T19:00:52.048Z INFO  client] Sending sample transaction 158
[2022-07-23T19:00:52.098Z INFO  client] Sending sample transaction 159
[2022-07-23T19:00:52.148Z INFO  client] Sending sample transaction 160
[2022-07-23T19:00:52.198Z INFO  client] Sending sample transaction 161
[2022-07-23T19:00:52.249Z INFO  client] Sending sample transaction 162
[2022-07-23T19:00:52.298Z INFO  client] Sending sample transaction 163
[2022-07-23T19:00:52.349Z INFO  client] Sending sample transaction 164
[2022-07-23T19:00:52.397Z INFO  client] Sending sample transaction 165
[2022-07-23T19:00:52.449Z INFO  client] Sending sample transaction 166
[2022-07-23T19:00:52.498Z INFO  client] Sending sample transaction 167
[2022-07-23T19:00:52.548Z INFO  client] Sending sample transaction 168
[2022-07-23T19:00:52.598Z INFO  client] Sending sample transaction 169
[2022-07-23T19:00:52.649Z INFO  client] Sending sample transaction 170
[2022-07-23T19:00:52.699Z INFO  client] Sending sample transaction 171
[2022-07-23T19:00:52.748Z INFO  client] Sending sample transaction 172
[2022-07-23T19:00:52.798Z INFO  client] Sending sample transaction 173
[2022-07-23T19:00:52.848Z INFO  client] Sending sample transaction 174
[2022-07-23T19:00:52.898Z INFO  client] Sending sample transaction 175
[2022-07-23T19:00:52.948Z INFO  client] Sending sample transaction 176
[2022-07-23T19:00:52.999Z INFO  client] Sending sample transaction 177
[2022-07-23T19:00:53.048Z INFO  client] Sending sample transaction 178
[2022-07-23T19:00:53.099Z INFO  client] Sending sample transaction 179
[2022-07-23T19:00:53.148Z INFO  client] Sending sample transaction 180
[2022-07-23T19:00:53.198Z INFO  client] Sending sample transaction 181
[2022-07-23T19:00:53.248Z INFO  client] Sending sample transaction 182
[2022-07-23T19:00:53.298Z INFO  client] Sending sample transaction 183
[2022-07-23T19:00:53.348Z INFO  client] Sending sample transaction 184
[2022-07-23T19:00:53.398Z INFO  client] Sending sample transaction 185
[2022-07-23T19:00:53.448Z INFO  client] Sending sample transaction 186
[2022-07-23T19:00:53.499Z INFO  client] Sending sample transaction 187
[2022-07-23T19:00:53.548Z INFO  client] Sending sample transaction 188
[2022-07-23T19:00:53.599Z INFO  client] Sending sample transaction 189
[2022-07-23T19:00:53.648Z INFO  client] Sending sample transaction 190
[2022-07-23T19:00:53.698Z INFO  client] Sending sample transaction 191
[2022-07-23T19:00:53.749Z INFO  client] Sending sample transaction 192
[2022-07-23T19:00:53.798Z INFO  client] Sending sample transaction 193
[2022-07-23T19:00:53.848Z INFO  client] Sending sample transaction 194
[2022-07-23T19:00:53.898Z INFO  client] Sending sample transaction 195
[2022-07-23T19:00:53.949Z INFO  client] Sending sample transaction 196
[2022-07-23T19:00:53.999Z INFO  client] Sending sample transaction 197
[2022-07-23T19:00:54.049Z INFO  client] Sending sample transaction 198
[2022-07-23T19:00:54.099Z INFO  client] Sending sample transaction 199
[2022-07-23T19:00:54.148Z INFO  client] Sending sample transaction 200
[2022-07-23T19:00:54.202Z INFO  client] Sending sample transaction 201
[2022-07-23T19:00:54.248Z INFO  client] Sending sample transaction 202
[2022-07-23T19:00:54.301Z INFO  client] Sending sample transaction 203
[2022-07-23T19:00:54.348Z INFO  client] Sending sample transaction 204
[2022-07-23T19:00:54.398Z INFO  client] Sending sample transaction 205
[2022-07-23T19:00:54.449Z INFO  client] Sending sample transaction 206
[2022-07-23T19:00:54.499Z INFO  client] Sending sample transaction 207
[2022-07-23T19:00:54.549Z INFO  client] Sending sample transaction 208
[2022-07-23T19:00:54.598Z INFO  client] Sending sample transaction 209
[2022-07-23T19:00:54.651Z INFO  client] Sending sample transaction 210
[2022-07-23T19:00:54.698Z INFO  client] Sending sample transaction 211
[2022-07-23T19:00:54.748Z INFO  client] Sending sample transaction 212
[2022-07-23T19:00:54.799Z INFO  client] Sending sample transaction 213
[2022-07-23T19:00:54.850Z INFO  client] Sending sample transaction 214
[2022-07-23T19:00:54.898Z INFO  client] Sending sample transaction 215
[2022-07-23T19:00:54.948Z INFO  client] Sending sample transaction 216
[2022-07-23T19:00:54.998Z INFO  client] Sending sample transaction 217
[2022-07-23T19:00:55.048Z INFO  client] Sending sample transaction 218
[2022-07-23T19:00:55.098Z INFO  client] Sending sample transaction 219
[2022-07-23T19:00:55.148Z INFO  client] Sending sample transaction 220
[2022-07-23T19:00:55.197Z INFO  client] Sending sample transaction 221
[2022-07-23T19:00:55.249Z INFO  client] Sending sample transaction 222
[2022-07-23T19:00:55.299Z INFO  client] Sending sample transaction 223
[2022-07-23T19:00:55.348Z INFO  client] Sending sample transaction 224
[2022-07-23T19:00:55.398Z INFO  client] Sending sample transaction 225
[2022-07-23T19:00:55.449Z INFO  client] Sending sample transaction 226
[2022-07-23T19:00:55.498Z INFO  client] Sending sample transaction 227
[2022-07-23T19:00:55.547Z INFO  client] Sending sample transaction 228
[2022-07-23T19:00:55.598Z INFO  client] Sending sample transaction 229
[2022-07-23T19:00:55.648Z INFO  client] Sending sample transaction 230
[2022-07-23T19:00:55.698Z INFO  client] Sending sample transaction 231
[2022-07-23T19:00:55.748Z INFO  client] Sending sample transaction 232
[2022-07-23T19:00:55.798Z INFO  client] Sending sample transaction 233
[2022-07-23T19:00:55.849Z INFO  client] Sending sample transaction 234
[2022-07-23T19:00:55.898Z INFO  client] Sending sample transaction 235
[2022-07-23T19:00:55.948Z INFO  client] Sending sample transaction 236
[2022-07-23T19:00:55.999Z INFO  client] Sending sample transaction 237
[2022-07-23T19:00:56.049Z INFO  client] Sending sample transaction 238
[2022-07-23T19:00:56.099Z INFO  client] Sending sample transaction 239
[2022-07-23T19:00:56.148Z INFO  client] Sending sample transaction 240
[2022-07-23T19:00:56.198Z INFO  client] Sending sample transaction 241
[2022-07-23T19:00:56.249Z INFO  client] Sending sample transaction 242
[2022-07-23T19:00:56.303Z INFO  client] Sending sample transaction 243
[2022-07-23T19:00:56.360Z INFO  client] Sending sample transaction 244
[2022-07-23T19:00:56.398Z INFO  client] Sending sample transaction 245
[2022-07-23T19:00:56.449Z INFO  client] Sending sample transaction 246
[2022-07-23T19:00:56.499Z INFO  client] Sending sample transaction 247
[2022-07-23T19:00:56.549Z INFO  client] Sending sample transaction 248
[2022-07-23T19:00:56.599Z INFO  client] Sending sample transaction 249
[2022-07-23T19:00:56.648Z INFO  client] Sending sample transaction 250
[2022-07-23T19:00:56.698Z INFO  client] Sending sample transaction 251
[2022-07-23T19:00:56.749Z INFO  client] Sending sample transaction 252
[2022-07-23T19:00:56.798Z INFO  client] Sending sample transaction 253
[2022-07-23T19:00:56.848Z INFO  client] Sending sample transaction 254
[2022-07-23T19:00:56.898Z INFO  client] Sending sample transaction 255
[2022-07-23T19:00:56.948Z INFO  client] Sending sample transaction 256
[2022-07-23T19:00:56.998Z INFO  client] Sending sample transaction 257
[2022-07-23T19:00:57.048Z INFO  client] Sending sample transaction 258
[2022-07-23T19:00:57.098Z INFO  client] Sending sample transaction 259
[2022-07-23T19:00:57.148Z INFO  client] Sending sample transaction 260
[2022-07-23T19:00:57.198Z INFO  client] Sending sample transaction 261
[2022-07-23T19:00:57.248Z INFO  client] Sending sample transaction 262
[2022-07-23T19:00:57.299Z INFO  client] Sending sample transaction 263
[2022-07-23T19:00:57.349Z INFO  client] Sending sample transaction 264
[2022-07-23T19:00:57.398Z INFO  client] Sending sample transaction 265
[2022-07-23T19:00:57.448Z INFO  client] Sending sample transaction 266
[2022-07-23T19:00:57.498Z INFO  client] Sending sample transaction 267
[2022-07-23T19:00:57.549Z INFO  client] Sending sample transaction 268
[2022-07-23T19:00:57.599Z INFO  client] Sending sample transaction 269
[2022-07-23T19:00:57.648Z INFO  client] Sending sample transaction 270
[2022-07-23T19:00:57.698Z INFO  client] Sending sample transaction 271
[2022-07-23T19:00:57.748Z INFO  client] Sending sample transaction 272
[2022-07-23T19:00:57.799Z INFO  client] Sending sample transaction 273
[2022-07-23T19:00:57.852Z INFO  client] Sending sample transaction 274
[2022-07-23T19:00:57.897Z INFO  client] Sending sample transaction 275
[2022-07-23T19:00:57.948Z INFO  client] Sending sample transaction 276
[2022-07-23T19:00:57.998Z INFO  client] Sending sample transaction 277
[2022-07-23T19:00:58.050Z INFO  client] Sending sample transaction 278
[2022-07-23T19:00:58.098Z INFO  client] Sending sample transaction 279
[2022-07-23T19:00:58.148Z INFO  client] Sending sample transaction 280
[2022-07-23T19:00:58.198Z INFO  client] Sending sample transaction 281
[2022-07-23T19:00:58.249Z INFO  client] Sending sample transaction 282
[2022-07-23T19:00:58.299Z INFO  client] Sending sample transaction 283
[2022-07-23T19:00:58.349Z INFO  client] Sending sample transaction 284
[2022-07-23T19:00:58.407Z INFO  client] Sending sample transaction 285
[2022-07-23T19:00:58.452Z INFO  client] Sending sample transaction 286
[2022-07-23T19:00:58.499Z INFO  client] Sending sample transaction 287
[2022-07-23T19:00:58.549Z INFO  client] Sending sample transaction 288
[2022-07-23T19:00:58.599Z INFO  client] Sending sample transaction 289
[2022-07-23T19:00:58.648Z INFO  client] Sending sample transaction 290
[2022-07-23T19:00:58.698Z INFO  client] Sending sample transaction 291
[2022-07-23T19:00:58.749Z INFO  client] Sending sample transaction 292
[2022-07-23T19:00:58.799Z INFO  client] Sending sample transaction 293
[2022-07-23T19:00:58.848Z INFO  client] Sending sample transaction 294
[2022-07-23T19:00:58.898Z INFO  client] Sending sample transaction 295
[2022-07-23T19:00:58.948Z INFO  client] Sending sample transaction 296
[2022-07-23T19:00:58.999Z INFO  client] Sending sample transaction 297
[2022-07-23T19:00:59.048Z INFO  client] Sending sample transaction 298
[2022-07-23T19:00:59.098Z INFO  client] Sending sample transaction 299
[2022-07-23T19:00:59.148Z INFO  client] Sending sample transaction 300
[2022-07-23T19:00:59.199Z INFO  client] Sending sample transaction 301
[2022-07-23T19:00:59.249Z INFO  client] Sending sample transaction 302
[2022-07-23T19:00:59.299Z INFO  client] Sending sample transaction 303
[2022-07-23T19:00:59.349Z INFO  client] Sending sample transaction 304
[2022-07-23T19:00:59.398Z INFO  client] Sending sample transaction 305
[2022-07-23T19:00:59.450Z INFO  client] Sending sample transaction 306
[2022-07-23T19:00:59.499Z INFO  client] Sending sample transaction 307
[2022-07-23T19:00:59.548Z INFO  client] Sending sample transaction 308
[2022-07-23T19:00:59.599Z INFO  client] Sending sample transaction 309
[2022-07-23T19:00:59.648Z INFO  client] Sending sample transaction 310
[2022-07-23T19:00:59.698Z INFO  client] Sending sample transaction 311
[2022-07-23T19:00:59.748Z INFO  client] Sending sample transaction 312
[2022-07-23T19:00:59.799Z INFO  client] Sending sample transaction 313
[2022-07-23T19:00:59.848Z INFO  client] Sending sample transaction 314
[2022-07-23T19:00:59.899Z INFO  client] Sending sample transaction 315
[2022-07-23T19:00:59.949Z INFO  client] Sending sample transaction 316
[2022-07-23T19:00:59.997Z INFO  client] Sending sample transaction 317
[2022-07-23T19:01:00.048Z INFO  client] Sending sample transaction 318
[2022-07-23T19:01:00.099Z INFO  client] Sending sample transaction 319
[2022-07-23T19:01:00.148Z INFO  client] Sending sample transaction 320
[2022-07-23T19:01:00.198Z INFO  client] Sending sample transaction 321
[2022-07-23T19:01:00.247Z INFO  client] Sending sample transaction 322
[2022-07-23T19:01:00.298Z INFO  client] Sending sample transaction 323
[2022-07-23T19:01:00.347Z INFO  client] Sending sample transaction 324
[2022-07-23T19:01:00.399Z INFO  client] Sending sample transaction 325
[2022-07-23T19:01:00.448Z INFO  client] Sending sample transaction 326
[2022-07-23T19:01:00.499Z INFO  client] Sending sample transaction 327
[2022-07-23T19:01:00.549Z INFO  client] Sending sample transaction 328
[2022-07-23T19:01:00.598Z INFO  client] Sending sample transaction 329
[2022-07-23T19:01:00.648Z INFO  client] Sending sample transaction 330
[2022-07-23T19:01:00.699Z INFO  client] Sending sample transaction 331
[2022-07-23T19:01:00.749Z INFO  client] Sending sample transaction 332
[2022-07-23T19:01:00.800Z INFO  client] Sending sample transaction 333
[2022-07-23T19:01:00.849Z INFO  client] Sending sample transaction 334
[2022-07-23T19:01:00.898Z INFO  client] Sending sample transaction 335
[2022-07-23T19:01:00.948Z INFO  client] Sending sample transaction 336
[2022-07-23T19:01:00.998Z INFO  client] Sending sample transaction 337
[2022-07-23T19:01:01.048Z INFO  client] Sending sample transaction 338
[2022-07-23T19:01:01.098Z INFO  client] Sending sample transaction 339
[2022-07-23T19:01:01.148Z INFO  client] Sending sample transaction 340
[2022-07-23T19:01:01.199Z INFO  client] Sending sample transaction 341
[2022-07-23T19:01:01.249Z INFO  client] Sending sample transaction 342
[2022-07-23T19:01:01.298Z INFO  client] Sending sample transaction 343
[2022-07-23T19:01:01.349Z INFO  client] Sending sample transaction 344
[2022-07-23T19:01:01.398Z INFO  client] Sending sample transaction 345
[2022-07-23T19:01:01.448Z INFO  client] Sending sample transaction 346
[2022-07-23T19:01:01.499Z INFO  client] Sending sample transaction 347
[2022-07-23T19:01:01.552Z INFO  client] Sending sample transaction 348
[2022-07-23T19:01:01.620Z INFO  client] Sending sample transaction 349
[2022-07-23T19:01:01.648Z INFO  client] Sending sample transaction 350
[2022-07-23T19:01:01.699Z INFO  client] Sending sample transaction 351
[2022-07-23T19:01:01.748Z INFO  client] Sending sample transaction 352
[2022-07-23T19:01:01.800Z INFO  client] Sending sample transaction 353
[2022-07-23T19:01:01.849Z INFO  client] Sending sample transaction 354
[2022-07-23T19:01:01.898Z INFO  client] Sending sample transaction 355
[2022-07-23T19:01:01.948Z INFO  client] Sending sample transaction 356
[2022-07-23T19:01:01.999Z INFO  client] Sending sample transaction 357
[2022-07-23T19:01:02.050Z INFO  client] Sending sample transaction 358
[2022-07-23T19:01:02.100Z INFO  client] Sending sample transaction 359
[2022-07-23T19:01:02.148Z INFO  client] Sending sample transaction 360
[2022-07-23T19:01:02.200Z INFO  client] Sending sample transaction 361
[2022-07-23T19:01:02.249Z INFO  client] Sending sample transaction 362
[2022-07-23T19:01:02.299Z INFO  client] Sending sample transaction 363
[2022-07-23T19:01:02.349Z INFO  client] Sending sample transaction 364
[2022-07-23T19:01:02.398Z INFO  client] Sending sample transaction 365
[2022-07-23T19:01:02.448Z INFO  client] Sending sample transaction 366
[2022-07-23T19:01:02.499Z INFO  client] Sending sample transaction 367
[2022-07-23T19:01:02.548Z INFO  client] Sending sample transaction 368
[2022-07-23T19:01:02.598Z INFO  client] Sending sample transaction 369
[2022-07-23T19:01:02.654Z INFO  client] Sending sample transaction 370
[2022-07-23T19:01:02.698Z INFO  client] Sending sample transaction 371
[2022-07-23T19:01:02.749Z INFO  client] Sending sample transaction 372
[2022-07-23T19:01:02.799Z INFO  client] Sending sample transaction 373
[2022-07-23T19:01:02.850Z INFO  client] Sending sample transaction 374
[2022-07-23T19:01:02.898Z INFO  client] Sending sample transaction 375
[2022-07-23T19:01:02.948Z INFO  client] Sending sample transaction 376
[2022-07-23T19:01:02.999Z INFO  client] Sending sample transaction 377
[2022-07-23T19:01:03.048Z INFO  client] Sending sample transaction 378
[2022-07-23T19:01:03.098Z INFO  client] Sending sample transaction 379
[2022-07-23T19:01:03.149Z INFO  client] Sending sample transaction 380
[2022-07-23T19:01:03.198Z INFO  client] Sending sample transaction 381
[2022-07-23T19:01:03.249Z INFO  client] Sending sample transaction 382
[2022-07-23T19:01:03.298Z INFO  client] Sending sample transaction 383
[2022-07-23T19:01:03.350Z INFO  client] Sending sample transaction 384
[2022-07-23T19:01:03.398Z INFO  client] Sending sample transaction 385
[2022-07-23T19:01:03.449Z INFO  client] Sending sample transaction 386
[2022-07-23T19:01:03.499Z INFO  client] Sending sample transaction 387
[2022-07-23T19:01:03.549Z INFO  client] Sending sample transaction 388
[2022-07-23T19:01:03.599Z INFO  client] Sending sample transaction 389
[2022-07-23T19:01:03.648Z INFO  client] Sending sample transaction 390
[2022-07-23T19:01:03.702Z INFO  client] Sending sample transaction 391
[2022-07-23T19:01:03.749Z INFO  client] Sending sample transaction 392
[2022-07-23T19:01:03.798Z INFO  client] Sending sample transaction 393
[2022-07-23T19:01:03.848Z INFO  client] Sending sample transaction 394
[2022-07-23T19:01:03.898Z INFO  client] Sending sample transaction 395
[2022-07-23T19:01:03.948Z INFO  client] Sending sample transaction 396
[2022-07-23T19:01:03.998Z INFO  client] Sending sample transaction 397
[2022-07-23T19:01:04.047Z INFO  client] Sending sample transaction 398
[2022-07-23T19:01:04.099Z INFO  client] Sending sample transaction 399
[2022-07-23T19:01:04.148Z INFO  client] Sending sample transaction 400
[2022-07-23T19:01:04.198Z INFO  client] Sending sample transaction 401
[2022-07-23T19:01:04.249Z INFO  client] Sending sample transaction 402
[2022-07-23T19:01:04.298Z INFO  client] Sending sample transaction 403
[2022-07-23T19:01:04.348Z INFO  client] Sending sample transaction 404
[2022-07-23T19:01:04.397Z INFO  client] Sending sample transaction 405
[2022-07-23T19:01:04.448Z INFO  client] Sending sample transaction 406
[2022-07-23T19:01:04.499Z INFO  client] Sending sample transaction 407
[2022-07-23T19:01:04.549Z INFO  client] Sending sample transaction 408
[2022-07-23T19:01:04.598Z INFO  client] Sending sample transaction 409
[2022-07-23T19:01:04.647Z INFO  client] Sending sample transaction 410
[2022-07-23T19:01:04.699Z INFO  client] Sending sample transaction 411
[2022-07-23T19:01:04.748Z INFO  client] Sending sample transaction 412
[2022-07-23T19:01:04.798Z INFO  client] Sending sample transaction 413
[2022-07-23T19:01:04.848Z INFO  client] Sending sample transaction 414
[2022-07-23T19:01:04.899Z INFO  client] Sending sample transaction 415
[2022-07-23T19:01:04.950Z INFO  client] Sending sample transaction 416
[2022-07-23T19:01:04.998Z INFO  client] Sending sample transaction 417
[2022-07-23T19:01:05.048Z INFO  client] Sending sample transaction 418
[2022-07-23T19:01:05.099Z INFO  client] Sending sample transaction 419
