[2022-07-23T16:28:26.241Z INFO  client] Node address: 127.0.0.1:9015
[2022-07-23T16:28:26.241Z INFO  client] Transactions size: 512 B
[2022-07-23T16:28:26.241Z INFO  client] Transactions rate: 112 tx/s
[2022-07-23T16:28:26.241Z INFO  client] Waiting for all nodes to be online...
[2022-07-23T16:28:26.241Z INFO  client] Waiting for all nodes to be synchronized...
[2022-07-23T16:28:28.244Z INFO  client] Start sending transactions
[2022-07-23T16:28:28.246Z INFO  client] Sending sample transaction 0
[2022-07-23T16:28:28.297Z INFO  client] Sending sample transaction 1
[2022-07-23T16:28:28.346Z INFO  client] Sending sample transaction 2
[2022-07-23T16:28:28.398Z INFO  client] Sending sample transaction 3
[2022-07-23T16:28:28.447Z INFO  client] Sending sample transaction 4
[2022-07-23T16:28:28.500Z INFO  client] Sending sample transaction 5
[2022-07-23T16:28:28.546Z INFO  client] Sending sample transaction 6
[2022-07-23T16:28:28.599Z INFO  client] Sending sample transaction 7
[2022-07-23T16:28:28.646Z INFO  client] Sending sample transaction 8
[2022-07-23T16:28:28.699Z INFO  client] Sending sample transaction 9
[2022-07-23T16:28:28.745Z INFO  client] Sending sample transaction 10
[2022-07-23T16:28:28.797Z INFO  client] Sending sample transaction 11
[2022-07-23T16:28:28.846Z INFO  client] Sending sample transaction 12
[2022-07-23T16:28:28.895Z INFO  client] Sending sample transaction 13
[2022-07-23T16:28:28.947Z INFO  client] Sending sample transaction 14
[2022-07-23T16:28:28.996Z INFO  client] Sending sample transaction 15
[2022-07-23T16:28:29.053Z INFO  client] Sending sample transaction 16
[2022-07-23T16:28:29.103Z INFO  client] Sending sample transaction 17
[2022-07-23T16:28:29.147Z INFO  client] Sending sample transaction 18
[2022-07-23T16:28:29.197Z INFO  client] Sending sample transaction 19
[2022-07-23T16:28:29.246Z INFO  client] Sending sample transaction 20
[2022-07-23T16:28:29.297Z INFO  client] Sending sample transaction 21
[2022-07-23T16:28:29.348Z INFO  client] Sending sample transaction 22
[2022-07-23T16:28:29.397Z INFO  client] Sending sample transaction 23
[2022-07-23T16:28:29.450Z INFO  client] Sending sample transaction 24
[2022-07-23T16:28:29.496Z INFO  client] Sending sample transaction 25
[2022-07-23T16:28:29.546Z INFO  client] Sending sample transaction 26
[2022-07-23T16:28:29.596Z INFO  client] Sending sample transaction 27
[2022-07-23T16:28:29.646Z INFO  client] Sending sample transaction 28
[2022-07-23T16:28:29.697Z INFO  client] Sending sample transaction 29
[2022-07-23T16:28:29.747Z INFO  client] Sending sample transaction 30
[2022-07-23T16:28:29.797Z INFO  client] Sending sample transaction 31
[2022-07-23T16:28:29.847Z INFO  client] Sending sample transaction 32
[2022-07-23T16:28:29.904Z INFO  client] Sending sample transaction 33
[2022-07-23T16:28:29.948Z INFO  client] Sending sample transaction 34
[2022-07-23T16:28:29.996Z INFO  client] Sending sample transaction 35
[2022-07-23T16:28:30.049Z INFO  client] Sending sample transaction 36
[2022-07-23T16:28:30.097Z INFO  client] Sending sample transaction 37
[2022-07-23T16:28:30.149Z INFO  client] Sending sample transaction 38
[2022-07-23T16:28:30.205Z INFO  client] Sending sample transaction 39
[2022-07-23T16:28:30.247Z INFO  client] Sending sample transaction 40
[2022-07-23T16:28:30.295Z INFO  client] Sending sample transaction 41
[2022-07-23T16:28:30.346Z INFO  client] Sending sample transaction 42
[2022-07-23T16:28:30.398Z INFO  client] Sending sample transaction 43
[2022-07-23T16:28:30.445Z INFO  client] Sending sample transaction 44
[2022-07-23T16:28:30.496Z INFO  client] Sending sample transaction 45
[2022-07-23T16:28:30.548Z INFO  client] Sending sample transaction 46
[2022-07-23T16:28:30.597Z INFO  client] Sending sample transaction 47
[2022-07-23T16:28:30.649Z INFO  client] Sending sample transaction 48
[2022-07-23T16:28:30.696Z INFO  client] Sending sample transaction 49
[2022-07-23T16:28:30.746Z INFO  client] Sending sample transaction 50
[2022-07-23T16:28:30.798Z INFO  client] Sending sample transaction 51
[2022-07-23T16:28:30.847Z INFO  client] Sending sample transaction 52
[2022-07-23T16:28:30.896Z INFO  client] Sending sample transaction 53
[2022-07-23T16:28:30.946Z INFO  client] Sending sample transaction 54
[2022-07-23T16:28:30.995Z INFO  client] Sending sample transaction 55
[2022-07-23T16:28:31.046Z INFO  client] Sending sample transaction 56
[2022-07-23T16:28:31.095Z INFO  client] Sending sample transaction 57
[2022-07-23T16:28:31.146Z INFO  client] Sending sample transaction 58
[2022-07-23T16:28:31.197Z INFO  client] Sending sample transaction 59
[2022-07-23T16:28:31.246Z INFO  client] Sending sample transaction 60
[2022-07-23T16:28:31.295Z INFO  client] Sending sample transaction 61
[2022-07-23T16:28:31.345Z INFO  client] Sending sample transaction 62
[2022-07-23T16:28:31.396Z INFO  client] Sending sample transaction 63
[2022-07-23T16:28:31.446Z INFO  client] Sending sample transaction 64
[2022-07-23T16:28:31.496Z INFO  client] Sending sample transaction 65
[2022-07-23T16:28:31.545Z INFO  client] Sending sample transaction 66
[2022-07-23T16:28:31.596Z INFO  client] Sending sample transaction 67
[2022-07-23T16:28:31.648Z INFO  client] Sending sample transaction 68
[2022-07-23T16:28:31.696Z INFO  client] Sending sample transaction 69
[2022-07-23T16:28:31.746Z INFO  client] Sending sample transaction 70
[2022-07-23T16:28:31.798Z INFO  client] Sending sample transaction 71
[2022-07-23T16:28:31.845Z INFO  client] Sending sample transaction 72
[2022-07-23T16:28:31.898Z INFO  client] Sending sample transaction 73
[2022-07-23T16:28:31.946Z INFO  client] Sending sample transaction 74
[2022-07-23T16:28:31.995Z INFO  client] Sending sample transaction 75
[2022-07-23T16:28:32.046Z INFO  client] Sending sample transaction 76
[2022-07-23T16:28:32.096Z INFO  client] Sending sample transaction 77
[2022-07-23T16:28:32.145Z INFO  client] Sending sample transaction 78
[2022-07-23T16:28:32.196Z INFO  client] Sending sample transaction 79
[2022-07-23T16:28:32.245Z INFO  client] Sending sample transaction 80
[2022-07-23T16:28:32.300Z INFO  client] Sending sample transaction 81
[2022-07-23T16:28:32.347Z INFO  client] Sending sample transaction 82
[2022-07-23T16:28:32.396Z INFO  client] Sending sample transaction 83
[2022-07-23T16:28:32.446Z INFO  client] Sending sample transaction 84
[2022-07-23T16:28:32.495Z INFO  client] Sending sample transaction 85
[2022-07-23T16:28:32.546Z INFO  client] Sending sample transaction 86
[2022-07-23T16:28:32.596Z INFO  client] Sending sample transaction 87
[2022-07-23T16:28:32.647Z INFO  client] Sending sample transaction 88
[2022-07-23T16:28:32.696Z INFO  client] Sending sample transaction 89
[2022-07-23T16:28:32.745Z INFO  client] Sending sample transaction 90
[2022-07-23T16:28:32.796Z INFO  client] Sending sample transaction 91
[2022-07-23T16:28:32.845Z INFO  client] Sending sample transaction 92
[2022-07-23T16:28:32.896Z INFO  client] Sending sample transaction 93
[2022-07-23T16:28:32.947Z INFO  client] Sending sample transaction 94
[2022-07-23T16:28:32.995Z INFO  client] Sending sample transaction 95
[2022-07-23T16:28:33.045Z INFO  client] Sending sample transaction 96
[2022-07-23T16:28:33.096Z INFO  client] Sending sample transaction 97
[2022-07-23T16:28:33.146Z INFO  client] Sending sample transaction 98
[2022-07-23T16:28:33.196Z INFO  client] Sending sample transaction 99
[2022-07-23T16:28:33.245Z INFO  client] Sending sample transaction 100
[2022-07-23T16:28:33.296Z INFO  client] Sending sample transaction 101
[2022-07-23T16:28:33.345Z INFO  client] Sending sample transaction 102
[2022-07-23T16:28:33.396Z INFO  client] Sending sample transaction 103
[2022-07-23T16:28:33.445Z INFO  client] Sending sample transaction 104
[2022-07-23T16:28:33.496Z INFO  client] Sending sample transaction 105
[2022-07-23T16:28:33.545Z INFO  client] Sending sample transaction 106
[2022-07-23T16:28:33.596Z INFO  client] Sending sample transaction 107
[2022-07-23T16:28:33.646Z INFO  client] Sending sample transaction 108
[2022-07-23T16:28:33.697Z INFO  client] Sending sample transaction 109
[2022-07-23T16:28:33.746Z INFO  client] Sending sample transaction 110
[2022-07-23T16:28:33.798Z INFO  client] Sending sample transaction 111
[2022-07-23T16:28:33.845Z INFO  client] Sending sample transaction 112
[2022-07-23T16:28:33.895Z INFO  client] Sending sample transaction 113
[2022-07-23T16:28:33.945Z INFO  client] Sending sample transaction 114
[2022-07-23T16:28:33.995Z INFO  client] Sending sample transaction 115
[2022-07-23T16:28:34.046Z INFO  client] Sending sample transaction 116
[2022-07-23T16:28:34.095Z INFO  client] Sending sample transaction 117
[2022-07-23T16:28:34.146Z INFO  client] Sending sample transaction 118
[2022-07-23T16:28:34.196Z INFO  client] Sending sample transaction 119
[2022-07-23T16:28:34.246Z INFO  client] Sending sample transaction 120
[2022-07-23T16:28:34.295Z INFO  client] Sending sample transaction 121
[2022-07-23T16:28:34.346Z INFO  client] Sending sample transaction 122
[2022-07-23T16:28:34.395Z INFO  client] Sending sample transaction 123
[2022-07-23T16:28:34.446Z INFO  client] Sending sample transaction 124
[2022-07-23T16:28:34.496Z INFO  client] Sending sample transaction 125
[2022-07-23T16:28:34.545Z INFO  client] Sending sample transaction 126
[2022-07-23T16:28:34.596Z INFO  client] Sending sample transaction 127
[2022-07-23T16:28:34.646Z INFO  client] Sending sample transaction 128
[2022-07-23T16:28:34.696Z INFO  client] Sending sample transaction 129
[2022-07-23T16:28:34.745Z INFO  client] Sending sample transaction 130
[2022-07-23T16:28:34.795Z INFO  client] Sending sample transaction 131
[2022-07-23T16:28:34.846Z INFO  client] Sending sample transaction 132
[2022-07-23T16:28:34.896Z INFO  client] Sending sample transaction 133
[2022-07-23T16:28:34.947Z INFO  client] Sending sample transaction 134
[2022-07-23T16:28:34.995Z INFO  client] Sending sample transaction 135
[2022-07-23T16:28:35.046Z INFO  client] Sending sample transaction 136
[2022-07-23T16:28:35.095Z INFO  client] Sending sample transaction 137
[2022-07-23T16:28:35.146Z INFO  client] Sending sample transaction 138
[2022-07-23T16:28:35.195Z INFO  client] Sending sample transaction 139
[2022-07-23T16:28:35.245Z INFO  client] Sending sample transaction 140
[2022-07-23T16:28:35.296Z INFO  client] Sending sample transaction 141
[2022-07-23T16:28:35.346Z INFO  client] Sending sample transaction 142
[2022-07-23T16:28:35.398Z INFO  client] Sending sample transaction 143
[2022-07-23T16:28:35.446Z INFO  client] Sending sample transaction 144
[2022-07-23T16:28:35.495Z INFO  client] Sending sample transaction 145
[2022-07-23T16:28:35.546Z INFO  client] Sending sample transaction 146
[2022-07-23T16:28:35.596Z INFO  client] Sending sample transaction 147
[2022-07-23T16:28:35.645Z INFO  client] Sending sample transaction 148
[2022-07-23T16:28:35.696Z INFO  client] Sending sample transaction 149
[2022-07-23T16:28:35.746Z INFO  client] Sending sample transaction 150
[2022-07-23T16:28:35.796Z INFO  client] Sending sample transaction 151
[2022-07-23T16:28:35.847Z INFO  client] Sending sample transaction 152
[2022-07-23T16:28:35.896Z INFO  client] Sending sample transaction 153
[2022-07-23T16:28:35.945Z INFO  client] Sending sample transaction 154
[2022-07-23T16:28:35.996Z INFO  client] Sending sample transaction 155
[2022-07-23T16:28:36.045Z INFO  client] Sending sample transaction 156
[2022-07-23T16:28:36.096Z INFO  client] Sending sample transaction 157
[2022-07-23T16:28:36.145Z INFO  client] Sending sample transaction 158
[2022-07-23T16:28:36.195Z INFO  client] Sending sample transaction 159
[2022-07-23T16:28:36.246Z INFO  client] Sending sample transaction 160
[2022-07-23T16:28:36.295Z INFO  client] Sending sample transaction 161
[2022-07-23T16:28:36.345Z INFO  client] Sending sample transaction 162
[2022-07-23T16:28:36.397Z INFO  client] Sending sample transaction 163
[2022-07-23T16:28:36.446Z INFO  client] Sending sample transaction 164
[2022-07-23T16:28:36.497Z INFO  client] Sending sample transaction 165
[2022-07-23T16:28:36.545Z INFO  client] Sending sample transaction 166
[2022-07-23T16:28:36.597Z INFO  client] Sending sample transaction 167
[2022-07-23T16:28:36.645Z INFO  client] Sending sample transaction 168
[2022-07-23T16:28:36.696Z INFO  client] Sending sample transaction 169
[2022-07-23T16:28:36.745Z INFO  client] Sending sample transaction 170
[2022-07-23T16:28:36.796Z INFO  client] Sending sample transaction 171
[2022-07-23T16:28:36.846Z INFO  client] Sending sample transaction 172
[2022-07-23T16:28:36.896Z INFO  client] Sending sample transaction 173
[2022-07-23T16:28:36.946Z INFO  client] Sending sample transaction 174
[2022-07-23T16:28:36.995Z INFO  client] Sending sample transaction 175
[2022-07-23T16:28:37.045Z INFO  client] Sending sample transaction 176
[2022-07-23T16:28:37.096Z INFO  client] Sending sample transaction 177
[2022-07-23T16:28:37.145Z INFO  client] Sending sample transaction 178
[2022-07-23T16:28:37.195Z INFO  client] Sending sample transaction 179
[2022-07-23T16:28:37.245Z INFO  client] Sending sample transaction 180
[2022-07-23T16:28:37.296Z INFO  client] Sending sample transaction 181
[2022-07-23T16:28:37.345Z INFO  client] Sending sample transaction 182
[2022-07-23T16:28:37.396Z INFO  client] Sending sample transaction 183
[2022-07-23T16:28:37.446Z INFO  client] Sending sample transaction 184
[2022-07-23T16:28:37.505Z INFO  client] Sending sample transaction 185
[2022-07-23T16:28:37.546Z INFO  client] Sending sample transaction 186
[2022-07-23T16:28:37.595Z INFO  client] Sending sample transaction 187
[2022-07-23T16:28:37.646Z INFO  client] Sending sample transaction 188
[2022-07-23T16:28:37.695Z INFO  client] Sending sample transaction 189
[2022-07-23T16:28:37.746Z INFO  client] Sending sample transaction 190
[2022-07-23T16:28:37.796Z INFO  client] Sending sample transaction 191
[2022-07-23T16:28:37.846Z INFO  client] Sending sample transaction 192
[2022-07-23T16:28:37.897Z INFO  client] Sending sample transaction 193
[2022-07-23T16:28:37.946Z INFO  client] Sending sample transaction 194
[2022-07-23T16:28:37.995Z INFO  client] Sending sample transaction 195
[2022-07-23T16:28:38.045Z INFO  client] Sending sample transaction 196
[2022-07-23T16:28:38.096Z INFO  client] Sending sample transaction 197
[2022-07-23T16:28:38.146Z INFO  client] Sending sample transaction 198
[2022-07-23T16:28:38.196Z INFO  client] Sending sample transaction 199
[2022-07-23T16:28:38.245Z INFO  client] Sending sample transaction 200
[2022-07-23T16:28:38.295Z INFO  client] Sending sample transaction 201
[2022-07-23T16:28:38.346Z INFO  client] Sending sample transaction 202
[2022-07-23T16:28:38.395Z INFO  client] Sending sample transaction 203
[2022-07-23T16:28:38.446Z INFO  client] Sending sample transaction 204
[2022-07-23T16:28:38.495Z INFO  client] Sending sample transaction 205
[2022-07-23T16:28:38.552Z INFO  client] Sending sample transaction 206
[2022-07-23T16:28:38.595Z INFO  client] Sending sample transaction 207
[2022-07-23T16:28:38.645Z INFO  client] Sending sample transaction 208
[2022-07-23T16:28:38.696Z INFO  client] Sending sample transaction 209
[2022-07-23T16:28:38.745Z INFO  client] Sending sample transaction 210
[2022-07-23T16:28:38.795Z INFO  client] Sending sample transaction 211
[2022-07-23T16:28:38.845Z INFO  client] Sending sample transaction 212
[2022-07-23T16:28:38.896Z INFO  client] Sending sample transaction 213
[2022-07-23T16:28:38.946Z INFO  client] Sending sample transaction 214
[2022-07-23T16:28:38.995Z INFO  client] Sending sample transaction 215
[2022-07-23T16:28:39.045Z INFO  client] Sending sample transaction 216
[2022-07-23T16:28:39.096Z INFO  client] Sending sample transaction 217
[2022-07-23T16:28:39.145Z INFO  client] Sending sample transaction 218
[2022-07-23T16:28:39.196Z INFO  client] Sending sample transaction 219
[2022-07-23T16:28:39.245Z INFO  client] Sending sample transaction 220
[2022-07-23T16:28:39.298Z INFO  client] Sending sample transaction 221
[2022-07-23T16:28:39.345Z INFO  client] Sending sample transaction 222
[2022-07-23T16:28:39.396Z INFO  client] Sending sample transaction 223
[2022-07-23T16:28:39.445Z INFO  client] Sending sample transaction 224
[2022-07-23T16:28:39.495Z INFO  client] Sending sample transaction 225
[2022-07-23T16:28:39.547Z INFO  client] Sending sample transaction 226
[2022-07-23T16:28:39.599Z INFO  client] Sending sample transaction 227
[2022-07-23T16:28:39.646Z INFO  client] Sending sample transaction 228
[2022-07-23T16:28:39.696Z INFO  client] Sending sample transaction 229
[2022-07-23T16:28:39.745Z INFO  client] Sending sample transaction 230
[2022-07-23T16:28:39.795Z INFO  client] Sending sample transaction 231
[2022-07-23T16:28:39.848Z INFO  client] Sending sample transaction 232
[2022-07-23T16:28:39.896Z INFO  client] Sending sample transaction 233
[2022-07-23T16:28:39.945Z INFO  client] Sending sample transaction 234
[2022-07-23T16:28:39.995Z INFO  client] Sending sample transaction 235
[2022-07-23T16:28:40.046Z INFO  client] Sending sample transaction 236
[2022-07-23T16:28:40.095Z INFO  client] Sending sample transaction 237
[2022-07-23T16:28:40.146Z INFO  client] Sending sample transaction 238
[2022-07-23T16:28:40.195Z INFO  client] Sending sample transaction 239
[2022-07-23T16:28:40.246Z INFO  client] Sending sample transaction 240
[2022-07-23T16:28:40.295Z INFO  client] Sending sample transaction 241
[2022-07-23T16:28:40.346Z INFO  client] Sending sample transaction 242
[2022-07-23T16:28:40.395Z INFO  client] Sending sample transaction 243
[2022-07-23T16:28:40.446Z INFO  client] Sending sample transaction 244
[2022-07-23T16:28:40.496Z INFO  client] Sending sample transaction 245
[2022-07-23T16:28:40.545Z INFO  client] Sending sample transaction 246
[2022-07-23T16:28:40.595Z INFO  client] Sending sample transaction 247
[2022-07-23T16:28:40.646Z INFO  client] Sending sample transaction 248
[2022-07-23T16:28:40.695Z INFO  client] Sending sample transaction 249
[2022-07-23T16:28:40.746Z INFO  client] Sending sample transaction 250
[2022-07-23T16:28:40.796Z INFO  client] Sending sample transaction 251
[2022-07-23T16:28:40.845Z INFO  client] Sending sample transaction 252
[2022-07-23T16:28:40.896Z INFO  client] Sending sample transaction 253
[2022-07-23T16:28:40.945Z INFO  client] Sending sample transaction 254
[2022-07-23T16:28:40.996Z INFO  client] Sending sample transaction 255
[2022-07-23T16:28:41.046Z INFO  client] Sending sample transaction 256
[2022-07-23T16:28:41.095Z INFO  client] Sending sample transaction 257
[2022-07-23T16:28:41.146Z INFO  client] Sending sample transaction 258
[2022-07-23T16:28:41.196Z INFO  client] Sending sample transaction 259
[2022-07-23T16:28:41.246Z INFO  client] Sending sample transaction 260
[2022-07-23T16:28:41.295Z INFO  client] Sending sample transaction 261
[2022-07-23T16:28:41.347Z INFO  client] Sending sample transaction 262
[2022-07-23T16:28:41.395Z INFO  client] Sending sample transaction 263
[2022-07-23T16:28:41.445Z INFO  client] Sending sample transaction 264
[2022-07-23T16:28:41.495Z INFO  client] Sending sample transaction 265
[2022-07-23T16:28:41.546Z INFO  client] Sending sample transaction 266
[2022-07-23T16:28:41.596Z INFO  client] Sending sample transaction 267
[2022-07-23T16:28:41.655Z INFO  client] Sending sample transaction 268
[2022-07-23T16:28:41.697Z INFO  client] Sending sample transaction 269
[2022-07-23T16:28:41.745Z INFO  client] Sending sample transaction 270
[2022-07-23T16:28:41.795Z INFO  client] Sending sample transaction 271
[2022-07-23T16:28:41.845Z INFO  client] Sending sample transaction 272
[2022-07-23T16:28:41.896Z INFO  client] Sending sample transaction 273
[2022-07-23T16:28:41.946Z INFO  client] Sending sample transaction 274
[2022-07-23T16:28:41.995Z INFO  client] Sending sample transaction 275
[2022-07-23T16:28:42.045Z INFO  client] Sending sample transaction 276
[2022-07-23T16:28:42.095Z INFO  client] Sending sample transaction 277
[2022-07-23T16:28:42.146Z INFO  client] Sending sample transaction 278
[2022-07-23T16:28:42.196Z INFO  client] Sending sample transaction 279
[2022-07-23T16:28:42.245Z INFO  client] Sending sample transaction 280
[2022-07-23T16:28:42.297Z INFO  client] Sending sample transaction 281
[2022-07-23T16:28:42.345Z INFO  client] Sending sample transaction 282
[2022-07-23T16:28:42.396Z INFO  client] Sending sample transaction 283
[2022-07-23T16:28:42.446Z INFO  client] Sending sample transaction 284
[2022-07-23T16:28:42.496Z INFO  client] Sending sample transaction 285
[2022-07-23T16:28:42.545Z INFO  client] Sending sample transaction 286
[2022-07-23T16:28:42.596Z INFO  client] Sending sample transaction 287
[2022-07-23T16:28:42.646Z INFO  client] Sending sample transaction 288
[2022-07-23T16:28:42.696Z INFO  client] Sending sample transaction 289
[2022-07-23T16:28:42.745Z INFO  client] Sending sample transaction 290
[2022-07-23T16:28:42.796Z INFO  client] Sending sample transaction 291
[2022-07-23T16:28:42.845Z INFO  client] Sending sample transaction 292
[2022-07-23T16:28:42.896Z INFO  client] Sending sample transaction 293
[2022-07-23T16:28:42.945Z INFO  client] Sending sample transaction 294
[2022-07-23T16:28:42.995Z INFO  client] Sending sample transaction 295
[2022-07-23T16:28:43.046Z INFO  client] Sending sample transaction 296
[2022-07-23T16:28:43.095Z INFO  client] Sending sample transaction 297
[2022-07-23T16:28:43.145Z INFO  client] Sending sample transaction 298
[2022-07-23T16:28:43.196Z INFO  client] Sending sample transaction 299
[2022-07-23T16:28:43.245Z INFO  client] Sending sample transaction 300
[2022-07-23T16:28:43.295Z INFO  client] Sending sample transaction 301
[2022-07-23T16:28:43.346Z INFO  client] Sending sample transaction 302
[2022-07-23T16:28:43.396Z INFO  client] Sending sample transaction 303
[2022-07-23T16:28:43.446Z INFO  client] Sending sample transaction 304
[2022-07-23T16:28:43.496Z INFO  client] Sending sample transaction 305
[2022-07-23T16:28:43.546Z INFO  client] Sending sample transaction 306
[2022-07-23T16:28:43.596Z INFO  client] Sending sample transaction 307
[2022-07-23T16:28:43.647Z INFO  client] Sending sample transaction 308
[2022-07-23T16:28:43.695Z INFO  client] Sending sample transaction 309
[2022-07-23T16:28:43.751Z INFO  client] Sending sample transaction 310
[2022-07-23T16:28:43.795Z INFO  client] Sending sample transaction 311
[2022-07-23T16:28:43.845Z INFO  client] Sending sample transaction 312
[2022-07-23T16:28:43.896Z INFO  client] Sending sample transaction 313
[2022-07-23T16:28:43.946Z INFO  client] Sending sample transaction 314
[2022-07-23T16:28:43.995Z INFO  client] Sending sample transaction 315
[2022-07-23T16:28:44.045Z INFO  client] Sending sample transaction 316
[2022-07-23T16:28:44.095Z INFO  client] Sending sample transaction 317
[2022-07-23T16:28:44.145Z INFO  client] Sending sample transaction 318
[2022-07-23T16:28:44.196Z INFO  client] Sending sample transaction 319
[2022-07-23T16:28:44.245Z INFO  client] Sending sample transaction 320
[2022-07-23T16:28:44.296Z INFO  client] Sending sample transaction 321
[2022-07-23T16:28:44.346Z INFO  client] Sending sample transaction 322
[2022-07-23T16:28:44.396Z INFO  client] Sending sample transaction 323
[2022-07-23T16:28:44.446Z INFO  client] Sending sample transaction 324
[2022-07-23T16:28:44.496Z INFO  client] Sending sample transaction 325
[2022-07-23T16:28:44.545Z INFO  client] Sending sample transaction 326
[2022-07-23T16:28:44.596Z INFO  client] Sending sample transaction 327
[2022-07-23T16:28:44.645Z INFO  client] Sending sample transaction 328
[2022-07-23T16:28:44.696Z INFO  client] Sending sample transaction 329
[2022-07-23T16:28:44.745Z INFO  client] Sending sample transaction 330
[2022-07-23T16:28:44.795Z INFO  client] Sending sample transaction 331
[2022-07-23T16:28:44.846Z INFO  client] Sending sample transaction 332
[2022-07-23T16:28:44.896Z INFO  client] Sending sample transaction 333
[2022-07-23T16:28:44.946Z INFO  client] Sending sample transaction 334
[2022-07-23T16:28:44.995Z INFO  client] Sending sample transaction 335
[2022-07-23T16:28:45.046Z INFO  client] Sending sample transaction 336
[2022-07-23T16:28:45.096Z INFO  client] Sending sample transaction 337
[2022-07-23T16:28:45.145Z INFO  client] Sending sample transaction 338
[2022-07-23T16:28:45.196Z INFO  client] Sending sample transaction 339
[2022-07-23T16:28:45.245Z INFO  client] Sending sample transaction 340
[2022-07-23T16:28:45.296Z INFO  client] Sending sample transaction 341
[2022-07-23T16:28:45.346Z INFO  client] Sending sample transaction 342
[2022-07-23T16:28:45.396Z INFO  client] Sending sample transaction 343
[2022-07-23T16:28:45.446Z INFO  client] Sending sample transaction 344
[2022-07-23T16:28:45.495Z INFO  client] Sending sample transaction 345
[2022-07-23T16:28:45.545Z INFO  client] Sending sample transaction 346
[2022-07-23T16:28:45.596Z INFO  client] Sending sample transaction 347
[2022-07-23T16:28:45.646Z INFO  client] Sending sample transaction 348
[2022-07-23T16:28:45.696Z INFO  client] Sending sample transaction 349
[2022-07-23T16:28:45.745Z INFO  client] Sending sample transaction 350
[2022-07-23T16:28:45.796Z INFO  client] Sending sample transaction 351
[2022-07-23T16:28:45.851Z INFO  client] Sending sample transaction 352
[2022-07-23T16:28:45.897Z INFO  client] Sending sample transaction 353
[2022-07-23T16:28:45.946Z INFO  client] Sending sample transaction 354
[2022-07-23T16:28:45.996Z INFO  client] Sending sample transaction 355
[2022-07-23T16:28:46.045Z INFO  client] Sending sample transaction 356
[2022-07-23T16:28:46.096Z INFO  client] Sending sample transaction 357
[2022-07-23T16:28:46.145Z INFO  client] Sending sample transaction 358
[2022-07-23T16:28:46.196Z INFO  client] Sending sample transaction 359
[2022-07-23T16:28:46.245Z INFO  client] Sending sample transaction 360
[2022-07-23T16:28:46.295Z INFO  client] Sending sample transaction 361
[2022-07-23T16:28:46.345Z INFO  client] Sending sample transaction 362
[2022-07-23T16:28:46.396Z INFO  client] Sending sample transaction 363
[2022-07-23T16:28:46.445Z INFO  client] Sending sample transaction 364
[2022-07-23T16:28:46.495Z INFO  client] Sending sample transaction 365
[2022-07-23T16:28:46.546Z INFO  client] Sending sample transaction 366
[2022-07-23T16:28:46.595Z INFO  client] Sending sample transaction 367
[2022-07-23T16:28:46.645Z INFO  client] Sending sample transaction 368
[2022-07-23T16:28:46.696Z INFO  client] Sending sample transaction 369
[2022-07-23T16:28:46.745Z INFO  client] Sending sample transaction 370
[2022-07-23T16:28:46.798Z INFO  client] Sending sample transaction 371
[2022-07-23T16:28:46.845Z INFO  client] Sending sample transaction 372
[2022-07-23T16:28:46.895Z INFO  client] Sending sample transaction 373
[2022-07-23T16:28:46.947Z INFO  client] Sending sample transaction 374
[2022-07-23T16:28:46.996Z INFO  client] Sending sample transaction 375
[2022-07-23T16:28:47.046Z INFO  client] Sending sample transaction 376
[2022-07-23T16:28:47.096Z INFO  client] Sending sample transaction 377
[2022-07-23T16:28:47.146Z INFO  client] Sending sample transaction 378
[2022-07-23T16:28:47.196Z INFO  client] Sending sample transaction 379
[2022-07-23T16:28:47.245Z INFO  client] Sending sample transaction 380
[2022-07-23T16:28:47.295Z INFO  client] Sending sample transaction 381
[2022-07-23T16:28:47.345Z INFO  client] Sending sample transaction 382
[2022-07-23T16:28:47.396Z INFO  client] Sending sample transaction 383
[2022-07-23T16:28:47.446Z INFO  client] Sending sample transaction 384
[2022-07-23T16:28:47.496Z INFO  client] Sending sample transaction 385
[2022-07-23T16:28:47.545Z INFO  client] Sending sample transaction 386
[2022-07-23T16:28:47.597Z INFO  client] Sending sample transaction 387
[2022-07-23T16:28:47.645Z INFO  client] Sending sample transaction 388
[2022-07-23T16:28:47.696Z INFO  client] Sending sample transaction 389
[2022-07-23T16:28:47.745Z INFO  client] Sending sample transaction 390
[2022-07-23T16:28:47.796Z INFO  client] Sending sample transaction 391
[2022-07-23T16:28:47.846Z INFO  client] Sending sample transaction 392
[2022-07-23T16:28:47.895Z INFO  client] Sending sample transaction 393
[2022-07-23T16:28:47.946Z INFO  client] Sending sample transaction 394
[2022-07-23T16:28:47.996Z INFO  client] Sending sample transaction 395
[2022-07-23T16:28:48.045Z INFO  client] Sending sample transaction 396
[2022-07-23T16:28:48.095Z INFO  client] Sending sample transaction 397
[2022-07-23T16:28:48.146Z INFO  client] Sending sample transaction 398
[2022-07-23T16:28:48.195Z INFO  client] Sending sample transaction 399
[2022-07-23T16:28:48.245Z INFO  client] Sending sample transaction 400
[2022-07-23T16:28:48.295Z INFO  client] Sending sample transaction 401
[2022-07-23T16:28:48.346Z INFO  client] Sending sample transaction 402
[2022-07-23T16:28:48.396Z INFO  client] Sending sample transaction 403
[2022-07-23T16:28:48.446Z INFO  client] Sending sample transaction 404
[2022-07-23T16:28:48.495Z INFO  client] Sending sample transaction 405
[2022-07-23T16:28:48.547Z INFO  client] Sending sample transaction 406
[2022-07-23T16:28:48.596Z INFO  client] Sending sample transaction 407
[2022-07-23T16:28:48.645Z INFO  client] Sending sample transaction 408
[2022-07-23T16:28:48.695Z INFO  client] Sending sample transaction 409
[2022-07-23T16:28:48.745Z INFO  client] Sending sample transaction 410
[2022-07-23T16:28:48.796Z INFO  client] Sending sample transaction 411
[2022-07-23T16:28:48.846Z INFO  client] Sending sample transaction 412
[2022-07-23T16:28:48.895Z INFO  client] Sending sample transaction 413
[2022-07-23T16:28:48.945Z INFO  client] Sending sample transaction 414
[2022-07-23T16:28:48.995Z INFO  client] Sending sample transaction 415
[2022-07-23T16:28:49.045Z INFO  client] Sending sample transaction 416
[2022-07-23T16:28:49.095Z INFO  client] Sending sample transaction 417
[2022-07-23T16:28:49.146Z INFO  client] Sending sample transaction 418
[2022-07-23T16:28:49.197Z INFO  client] Sending sample transaction 419
[2022-07-23T16:28:49.245Z INFO  client] Sending sample transaction 420
[2022-07-23T16:28:49.296Z INFO  client] Sending sample transaction 421
[2022-07-23T16:28:49.346Z INFO  client] Sending sample transaction 422
[2022-07-23T16:28:49.396Z INFO  client] Sending sample transaction 423
[2022-07-23T16:28:49.445Z INFO  client] Sending sample transaction 424
[2022-07-23T16:28:49.498Z INFO  client] Sending sample transaction 425
[2022-07-23T16:28:49.546Z INFO  client] Sending sample transaction 426
[2022-07-23T16:28:49.595Z INFO  client] Sending sample transaction 427
[2022-07-23T16:28:49.645Z INFO  client] Sending sample transaction 428
[2022-07-23T16:28:49.698Z INFO  client] Sending sample transaction 429
