[2022-07-17T11:56:37.116Z INFO  client] Node address: 127.0.0.1:9015
[2022-07-17T11:56:37.116Z INFO  client] Transactions size: 512 B
[2022-07-17T11:56:37.116Z INFO  client] Transactions rate: 112 tx/s
[2022-07-17T11:56:37.116Z INFO  client] Waiting for all nodes to be online...
[2022-07-17T11:56:37.116Z INFO  client] Waiting for all nodes to be synchronized...
[2022-07-17T11:56:39.119Z INFO  client] Start sending transactions
[2022-07-17T11:56:39.120Z INFO  client] Sending sample transaction 0
[2022-07-17T11:56:39.171Z INFO  client] Sending sample transaction 1
[2022-07-17T11:56:39.221Z INFO  client] Sending sample transaction 2
[2022-07-17T11:56:39.272Z INFO  client] Sending sample transaction 3
[2022-07-17T11:56:39.321Z INFO  client] Sending sample transaction 4
[2022-07-17T11:56:39.371Z INFO  client] Sending sample transaction 5
[2022-07-17T11:56:39.420Z INFO  client] Sending sample transaction 6
[2022-07-17T11:56:39.471Z INFO  client] Sending sample transaction 7
[2022-07-17T11:56:39.521Z INFO  client] Sending sample transaction 8
[2022-07-17T11:56:39.571Z INFO  client] Sending sample transaction 9
[2022-07-17T11:56:39.620Z INFO  client] Sending sample transaction 10
[2022-07-17T11:56:39.671Z INFO  client] Sending sample transaction 11
[2022-07-17T11:56:39.721Z INFO  client] Sending sample transaction 12
[2022-07-17T11:56:39.774Z INFO  client] Sending sample transaction 13
[2022-07-17T11:56:39.822Z INFO  client] Sending sample transaction 14
[2022-07-17T11:56:39.870Z INFO  client] Sending sample transaction 15
[2022-07-17T11:56:39.921Z INFO  client] Sending sample transaction 16
[2022-07-17T11:56:39.971Z INFO  client] Sending sample transaction 17
[2022-07-17T11:56:40.021Z INFO  client] Sending sample transaction 18
[2022-07-17T11:56:40.071Z INFO  client] Sending sample transaction 19
[2022-07-17T11:56:40.121Z INFO  client] Sending sample transaction 20
[2022-07-17T11:56:40.171Z INFO  client] Sending sample transaction 21
[2022-07-17T11:56:40.222Z INFO  client] Sending sample transaction 22
[2022-07-17T11:56:40.271Z INFO  client] Sending sample transaction 23
[2022-07-17T11:56:40.322Z INFO  client] Sending sample transaction 24
[2022-07-17T11:56:40.370Z INFO  client] Sending sample transaction 25
[2022-07-17T11:56:40.421Z INFO  client] Sending sample transaction 26
[2022-07-17T11:56:40.471Z INFO  client] Sending sample transaction 27
[2022-07-17T11:56:40.521Z INFO  client] Sending sample transaction 28
[2022-07-17T11:56:40.573Z INFO  client] Sending sample transaction 29
[2022-07-17T11:56:40.622Z INFO  client] Sending sample transaction 30
[2022-07-17T11:56:40.672Z INFO  client] Sending sample transaction 31
[2022-07-17T11:56:40.721Z INFO  client] Sending sample transaction 32
[2022-07-17T11:56:40.775Z INFO  client] Sending sample transaction 33
[2022-07-17T11:56:40.822Z INFO  client] Sending sample transaction 34
[2022-07-17T11:56:40.871Z INFO  client] Sending sample transaction 35
[2022-07-17T11:56:40.921Z INFO  client] Sending sample transaction 36
[2022-07-17T11:56:40.972Z INFO  client] Sending sample transaction 37
[2022-07-17T11:56:41.023Z INFO  client] Sending sample transaction 38
[2022-07-17T11:56:41.071Z INFO  client] Sending sample transaction 39
[2022-07-17T11:56:41.121Z INFO  client] Sending sample transaction 40
[2022-07-17T11:56:41.171Z INFO  client] Sending sample transaction 41
[2022-07-17T11:56:41.221Z INFO  client] Sending sample transaction 42
[2022-07-17T11:56:41.271Z INFO  client] Sending sample transaction 43
[2022-07-17T11:56:41.321Z INFO  client] Sending sample transaction 44
[2022-07-17T11:56:41.371Z INFO  client] Sending sample transaction 45
[2022-07-17T11:56:41.421Z INFO  client] Sending sample transaction 46
[2022-07-17T11:56:41.471Z INFO  client] Sending sample transaction 47
[2022-07-17T11:56:41.521Z INFO  client] Sending sample transaction 48
[2022-07-17T11:56:41.572Z INFO  client] Sending sample transaction 49
[2022-07-17T11:56:41.622Z INFO  client] Sending sample transaction 50
[2022-07-17T11:56:41.671Z INFO  client] Sending sample transaction 51
[2022-07-17T11:56:41.722Z INFO  client] Sending sample transaction 52
[2022-07-17T11:56:41.772Z INFO  client] Sending sample transaction 53
[2022-07-17T11:56:41.822Z INFO  client] Sending sample transaction 54
[2022-07-17T11:56:41.870Z INFO  client] Sending sample transaction 55
[2022-07-17T11:56:41.958Z INFO  client] Sending sample transaction 56
[2022-07-17T11:56:41.971Z INFO  client] Sending sample transaction 57
[2022-07-17T11:56:42.026Z INFO  client] Sending sample transaction 58
[2022-07-17T11:56:42.071Z INFO  client] Sending sample transaction 59
[2022-07-17T11:56:42.121Z INFO  client] Sending sample transaction 60
[2022-07-17T11:56:42.171Z INFO  client] Sending sample transaction 61
[2022-07-17T11:56:42.221Z INFO  client] Sending sample transaction 62
[2022-07-17T11:56:42.271Z INFO  client] Sending sample transaction 63
[2022-07-17T11:56:42.321Z INFO  client] Sending sample transaction 64
[2022-07-17T11:56:42.371Z INFO  client] Sending sample transaction 65
[2022-07-17T11:56:42.422Z INFO  client] Sending sample transaction 66
[2022-07-17T11:56:42.471Z INFO  client] Sending sample transaction 67
[2022-07-17T11:56:42.521Z INFO  client] Sending sample transaction 68
[2022-07-17T11:56:42.571Z INFO  client] Sending sample transaction 69
[2022-07-17T11:56:42.621Z INFO  client] Sending sample transaction 70
[2022-07-17T11:56:42.671Z INFO  client] Sending sample transaction 71
[2022-07-17T11:56:42.721Z INFO  client] Sending sample transaction 72
[2022-07-17T11:56:42.771Z INFO  client] Sending sample transaction 73
[2022-07-17T11:56:42.821Z INFO  client] Sending sample transaction 74
[2022-07-17T11:56:42.871Z INFO  client] Sending sample transaction 75
[2022-07-17T11:56:42.921Z INFO  client] Sending sample transaction 76
[2022-07-17T11:56:42.971Z INFO  client] Sending sample transaction 77
[2022-07-17T11:56:43.020Z INFO  client] Sending sample transaction 78
[2022-07-17T11:56:43.071Z INFO  client] Sending sample transaction 79
[2022-07-17T11:56:43.121Z INFO  client] Sending sample transaction 80
[2022-07-17T11:56:43.172Z INFO  client] Sending sample transaction 81
[2022-07-17T11:56:43.221Z INFO  client] Sending sample transaction 82
[2022-07-17T11:56:43.271Z INFO  client] Sending sample transaction 83
[2022-07-17T11:56:43.321Z INFO  client] Sending sample transaction 84
[2022-07-17T11:56:43.370Z INFO  client] Sending sample transaction 85
[2022-07-17T11:56:43.422Z INFO  client] Sending sample transaction 86
[2022-07-17T11:56:43.471Z INFO  client] Sending sample transaction 87
[2022-07-17T11:56:43.521Z INFO  client] Sending sample transaction 88
[2022-07-17T11:56:43.572Z INFO  client] Sending sample transaction 89
[2022-07-17T11:56:43.620Z INFO  client] Sending sample transaction 90
[2022-07-17T11:56:43.671Z INFO  client] Sending sample transaction 91
[2022-07-17T11:56:43.721Z INFO  client] Sending sample transaction 92
[2022-07-17T11:56:43.771Z INFO  client] Sending sample transaction 93
[2022-07-17T11:56:43.821Z INFO  client] Sending sample transaction 94
[2022-07-17T11:56:43.871Z INFO  client] Sending sample transaction 95
[2022-07-17T11:56:43.921Z INFO  client] Sending sample transaction 96
[2022-07-17T11:56:43.972Z INFO  client] Sending sample transaction 97
[2022-07-17T11:56:44.021Z INFO  client] Sending sample transaction 98
[2022-07-17T11:56:44.074Z INFO  client] Sending sample transaction 99
[2022-07-17T11:56:44.125Z INFO  client] Sending sample transaction 100
[2022-07-17T11:56:44.170Z INFO  client] Sending sample transaction 101
[2022-07-17T11:56:44.221Z INFO  client] Sending sample transaction 102
[2022-07-17T11:56:44.271Z INFO  client] Sending sample transaction 103
[2022-07-17T11:56:44.320Z INFO  client] Sending sample transaction 104
[2022-07-17T11:56:44.370Z INFO  client] Sending sample transaction 105
[2022-07-17T11:56:44.421Z INFO  client] Sending sample transaction 106
[2022-07-17T11:56:44.471Z INFO  client] Sending sample transaction 107
[2022-07-17T11:56:44.521Z INFO  client] Sending sample transaction 108
[2022-07-17T11:56:44.571Z INFO  client] Sending sample transaction 109
[2022-07-17T11:56:44.621Z INFO  client] Sending sample transaction 110
[2022-07-17T11:56:44.670Z INFO  client] Sending sample transaction 111
[2022-07-17T11:56:44.721Z INFO  client] Sending sample transaction 112
[2022-07-17T11:56:44.771Z INFO  client] Sending sample transaction 113
[2022-07-17T11:56:44.821Z INFO  client] Sending sample transaction 114
[2022-07-17T11:56:44.871Z INFO  client] Sending sample transaction 115
[2022-07-17T11:56:44.921Z INFO  client] Sending sample transaction 116
[2022-07-17T11:56:44.971Z INFO  client] Sending sample transaction 117
[2022-07-17T11:56:45.021Z INFO  client] Sending sample transaction 118
[2022-07-17T11:56:45.070Z INFO  client] Sending sample transaction 119
[2022-07-17T11:56:45.121Z INFO  client] Sending sample transaction 120
[2022-07-17T11:56:45.171Z INFO  client] Sending sample transaction 121
[2022-07-17T11:56:45.221Z INFO  client] Sending sample transaction 122
[2022-07-17T11:56:45.271Z INFO  client] Sending sample transaction 123
[2022-07-17T11:56:45.321Z INFO  client] Sending sample transaction 124
[2022-07-17T11:56:45.371Z INFO  client] Sending sample transaction 125
[2022-07-17T11:56:45.420Z INFO  client] Sending sample transaction 126
[2022-07-17T11:56:45.472Z INFO  client] Sending sample transaction 127
[2022-07-17T11:56:45.521Z INFO  client] Sending sample transaction 128
[2022-07-17T11:56:45.571Z INFO  client] Sending sample transaction 129
[2022-07-17T11:56:45.621Z INFO  client] Sending sample transaction 130
[2022-07-17T11:56:45.671Z INFO  client] Sending sample transaction 131
[2022-07-17T11:56:45.720Z INFO  client] Sending sample transaction 132
[2022-07-17T11:56:45.771Z INFO  client] Sending sample transaction 133
[2022-07-17T11:56:45.821Z INFO  client] Sending sample transaction 134
[2022-07-17T11:56:45.870Z INFO  client] Sending sample transaction 135
[2022-07-17T11:56:45.921Z INFO  client] Sending sample transaction 136
[2022-07-17T11:56:45.971Z INFO  client] Sending sample transaction 137
[2022-07-17T11:56:46.021Z INFO  client] Sending sample transaction 138
[2022-07-17T11:56:46.071Z INFO  client] Sending sample transaction 139
[2022-07-17T11:56:46.121Z INFO  client] Sending sample transaction 140
[2022-07-17T11:56:46.170Z INFO  client] Sending sample transaction 141
[2022-07-17T11:56:46.221Z INFO  client] Sending sample transaction 142
[2022-07-17T11:56:46.271Z INFO  client] Sending sample transaction 143
[2022-07-17T11:56:46.320Z INFO  client] Sending sample transaction 144
[2022-07-17T11:56:46.371Z INFO  client] Sending sample transaction 145
[2022-07-17T11:56:46.421Z INFO  client] Sending sample transaction 146
[2022-07-17T11:56:46.470Z INFO  client] Sending sample transaction 147
[2022-07-17T11:56:46.521Z INFO  client] Sending sample transaction 148
[2022-07-17T11:56:46.571Z INFO  client] Sending sample transaction 149
[2022-07-17T11:56:46.620Z INFO  client] Sending sample transaction 150
[2022-07-17T11:56:46.670Z INFO  client] Sending sample transaction 151
[2022-07-17T11:56:46.720Z INFO  client] Sending sample transaction 152
[2022-07-17T11:56:46.771Z INFO  client] Sending sample transaction 153
[2022-07-17T11:56:46.822Z INFO  client] Sending sample transaction 154
[2022-07-17T11:56:46.872Z INFO  client] Sending sample transaction 155
[2022-07-17T11:56:46.921Z INFO  client] Sending sample transaction 156
[2022-07-17T11:56:46.971Z INFO  client] Sending sample transaction 157
[2022-07-17T11:56:47.021Z INFO  client] Sending sample transaction 158
[2022-07-17T11:56:47.071Z INFO  client] Sending sample transaction 159
[2022-07-17T11:56:47.121Z INFO  client] Sending sample transaction 160
[2022-07-17T11:56:47.171Z INFO  client] Sending sample transaction 161
[2022-07-17T11:56:47.221Z INFO  client] Sending sample transaction 162
[2022-07-17T11:56:47.271Z INFO  client] Sending sample transaction 163
[2022-07-17T11:56:47.322Z INFO  client] Sending sample transaction 164
[2022-07-17T11:56:47.372Z INFO  client] Sending sample transaction 165
[2022-07-17T11:56:47.420Z INFO  client] Sending sample transaction 166
[2022-07-17T11:56:47.471Z INFO  client] Sending sample transaction 167
[2022-07-17T11:56:47.521Z INFO  client] Sending sample transaction 168
[2022-07-17T11:56:47.573Z INFO  client] Sending sample transaction 169
[2022-07-17T11:56:47.621Z INFO  client] Sending sample transaction 170
[2022-07-17T11:56:47.671Z INFO  client] Sending sample transaction 171
[2022-07-17T11:56:47.721Z INFO  client] Sending sample transaction 172
[2022-07-17T11:56:47.772Z INFO  client] Sending sample transaction 173
[2022-07-17T11:56:47.822Z INFO  client] Sending sample transaction 174
[2022-07-17T11:56:47.871Z INFO  client] Sending sample transaction 175
[2022-07-17T11:56:47.921Z INFO  client] Sending sample transaction 176
[2022-07-17T11:56:47.971Z INFO  client] Sending sample transaction 177
[2022-07-17T11:56:48.021Z INFO  client] Sending sample transaction 178
[2022-07-17T11:56:48.071Z INFO  client] Sending sample transaction 179
[2022-07-17T11:56:48.121Z INFO  client] Sending sample transaction 180
[2022-07-17T11:56:48.171Z INFO  client] Sending sample transaction 181
[2022-07-17T11:56:48.227Z INFO  client] Sending sample transaction 182
[2022-07-17T11:56:48.273Z INFO  client] Sending sample transaction 183
[2022-07-17T11:56:48.320Z INFO  client] Sending sample transaction 184
[2022-07-17T11:56:48.371Z INFO  client] Sending sample transaction 185
[2022-07-17T11:56:48.421Z INFO  client] Sending sample transaction 186
[2022-07-17T11:56:48.472Z INFO  client] Sending sample transaction 187
[2022-07-17T11:56:48.522Z INFO  client] Sending sample transaction 188
[2022-07-17T11:56:48.572Z INFO  client] Sending sample transaction 189
[2022-07-17T11:56:48.621Z INFO  client] Sending sample transaction 190
[2022-07-17T11:56:48.670Z INFO  client] Sending sample transaction 191
[2022-07-17T11:56:48.721Z INFO  client] Sending sample transaction 192
[2022-07-17T11:56:48.771Z INFO  client] Sending sample transaction 193
[2022-07-17T11:56:48.820Z INFO  client] Sending sample transaction 194
[2022-07-17T11:56:48.871Z INFO  client] Sending sample transaction 195
[2022-07-17T11:56:48.922Z INFO  client] Sending sample transaction 196
[2022-07-17T11:56:48.972Z INFO  client] Sending sample transaction 197
[2022-07-17T11:56:49.020Z INFO  client] Sending sample transaction 198
[2022-07-17T11:56:49.071Z INFO  client] Sending sample transaction 199
[2022-07-17T11:56:49.120Z INFO  client] Sending sample transaction 200
[2022-07-17T11:56:49.171Z INFO  client] Sending sample transaction 201
[2022-07-17T11:56:49.221Z INFO  client] Sending sample transaction 202
[2022-07-17T11:56:49.271Z INFO  client] Sending sample transaction 203
[2022-07-17T11:56:49.331Z INFO  client] Sending sample transaction 204
[2022-07-17T11:56:49.370Z INFO  client] Sending sample transaction 205
[2022-07-17T11:56:49.422Z INFO  client] Sending sample transaction 206
[2022-07-17T11:56:49.471Z INFO  client] Sending sample transaction 207
[2022-07-17T11:56:49.521Z INFO  client] Sending sample transaction 208
[2022-07-17T11:56:49.571Z INFO  client] Sending sample transaction 209
[2022-07-17T11:56:49.621Z INFO  client] Sending sample transaction 210
[2022-07-17T11:56:49.671Z INFO  client] Sending sample transaction 211
[2022-07-17T11:56:49.720Z INFO  client] Sending sample transaction 212
[2022-07-17T11:56:49.771Z INFO  client] Sending sample transaction 213
[2022-07-17T11:56:49.820Z INFO  client] Sending sample transaction 214
[2022-07-17T11:56:49.870Z INFO  client] Sending sample transaction 215
[2022-07-17T11:56:49.921Z INFO  client] Sending sample transaction 216
[2022-07-17T11:56:49.971Z INFO  client] Sending sample transaction 217
[2022-07-17T11:56:50.021Z INFO  client] Sending sample transaction 218
[2022-07-17T11:56:50.071Z INFO  client] Sending sample transaction 219
[2022-07-17T11:56:50.122Z INFO  client] Sending sample transaction 220
[2022-07-17T11:56:50.171Z INFO  client] Sending sample transaction 221
[2022-07-17T11:56:50.221Z INFO  client] Sending sample transaction 222
[2022-07-17T11:56:50.272Z INFO  client] Sending sample transaction 223
[2022-07-17T11:56:50.321Z INFO  client] Sending sample transaction 224
[2022-07-17T11:56:50.370Z INFO  client] Sending sample transaction 225
[2022-07-17T11:56:50.421Z INFO  client] Sending sample transaction 226
[2022-07-17T11:56:50.471Z INFO  client] Sending sample transaction 227
[2022-07-17T11:56:50.521Z INFO  client] Sending sample transaction 228
[2022-07-17T11:56:50.571Z INFO  client] Sending sample transaction 229
[2022-07-17T11:56:50.622Z INFO  client] Sending sample transaction 230
[2022-07-17T11:56:50.671Z INFO  client] Sending sample transaction 231
[2022-07-17T11:56:50.722Z INFO  client] Sending sample transaction 232
[2022-07-17T11:56:50.771Z INFO  client] Sending sample transaction 233
[2022-07-17T11:56:50.821Z INFO  client] Sending sample transaction 234
[2022-07-17T11:56:50.871Z INFO  client] Sending sample transaction 235
[2022-07-17T11:56:50.921Z INFO  client] Sending sample transaction 236
[2022-07-17T11:56:50.971Z INFO  client] Sending sample transaction 237
[2022-07-17T11:56:51.021Z INFO  client] Sending sample transaction 238
[2022-07-17T11:56:51.071Z INFO  client] Sending sample transaction 239
[2022-07-17T11:56:51.121Z INFO  client] Sending sample transaction 240
[2022-07-17T11:56:51.171Z INFO  client] Sending sample transaction 241
[2022-07-17T11:56:51.221Z INFO  client] Sending sample transaction 242
[2022-07-17T11:56:51.270Z INFO  client] Sending sample transaction 243
[2022-07-17T11:56:51.322Z INFO  client] Sending sample transaction 244
[2022-07-17T11:56:51.394Z INFO  client] Sending sample transaction 245
[2022-07-17T11:56:51.422Z INFO  client] Sending sample transaction 246
[2022-07-17T11:56:51.470Z INFO  client] Sending sample transaction 247
[2022-07-17T11:56:51.522Z INFO  client] Sending sample transaction 248
[2022-07-17T11:56:51.572Z INFO  client] Sending sample transaction 249
[2022-07-17T11:56:51.620Z INFO  client] Sending sample transaction 250
[2022-07-17T11:56:51.671Z INFO  client] Sending sample transaction 251
[2022-07-17T11:56:51.721Z INFO  client] Sending sample transaction 252
[2022-07-17T11:56:51.771Z INFO  client] Sending sample transaction 253
[2022-07-17T11:56:51.822Z INFO  client] Sending sample transaction 254
[2022-07-17T11:56:51.870Z INFO  client] Sending sample transaction 255
[2022-07-17T11:56:51.921Z INFO  client] Sending sample transaction 256
[2022-07-17T11:56:51.970Z INFO  client] Sending sample transaction 257
[2022-07-17T11:56:52.021Z INFO  client] Sending sample transaction 258
[2022-07-17T11:56:52.071Z INFO  client] Sending sample transaction 259
[2022-07-17T11:56:52.120Z INFO  client] Sending sample transaction 260
[2022-07-17T11:56:52.171Z INFO  client] Sending sample transaction 261
[2022-07-17T11:56:52.221Z INFO  client] Sending sample transaction 262
[2022-07-17T11:56:52.271Z INFO  client] Sending sample transaction 263
[2022-07-17T11:56:52.321Z INFO  client] Sending sample transaction 264
[2022-07-17T11:56:52.371Z INFO  client] Sending sample transaction 265
[2022-07-17T11:56:52.423Z INFO  client] Sending sample transaction 266
[2022-07-17T11:56:52.490Z INFO  client] Sending sample transaction 267
[2022-07-17T11:56:52.521Z INFO  client] Sending sample transaction 268
[2022-07-17T11:56:52.571Z INFO  client] Sending sample transaction 269
[2022-07-17T11:56:52.621Z INFO  client] Sending sample transaction 270
[2022-07-17T11:56:52.671Z INFO  client] Sending sample transaction 271
[2022-07-17T11:56:52.722Z INFO  client] Sending sample transaction 272
[2022-07-17T11:56:52.771Z INFO  client] Sending sample transaction 273
[2022-07-17T11:56:52.822Z INFO  client] Sending sample transaction 274
[2022-07-17T11:56:52.890Z INFO  client] Sending sample transaction 275
[2022-07-17T11:56:52.921Z INFO  client] Sending sample transaction 276
[2022-07-17T11:56:52.971Z INFO  client] Sending sample transaction 277
[2022-07-17T11:56:53.021Z INFO  client] Sending sample transaction 278
[2022-07-17T11:56:53.071Z INFO  client] Sending sample transaction 279
[2022-07-17T11:56:53.121Z INFO  client] Sending sample transaction 280
[2022-07-17T11:56:53.171Z INFO  client] Sending sample transaction 281
[2022-07-17T11:56:53.221Z INFO  client] Sending sample transaction 282
[2022-07-17T11:56:53.271Z INFO  client] Sending sample transaction 283
[2022-07-17T11:56:53.321Z INFO  client] Sending sample transaction 284
[2022-07-17T11:56:53.371Z INFO  client] Sending sample transaction 285
[2022-07-17T11:56:53.421Z INFO  client] Sending sample transaction 286
[2022-07-17T11:56:53.471Z INFO  client] Sending sample transaction 287
[2022-07-17T11:56:53.524Z INFO  client] Sending sample transaction 288
[2022-07-17T11:56:53.571Z INFO  client] Sending sample transaction 289
[2022-07-17T11:56:53.622Z INFO  client] Sending sample transaction 290
[2022-07-17T11:56:53.671Z INFO  client] Sending sample transaction 291
[2022-07-17T11:56:53.721Z INFO  client] Sending sample transaction 292
[2022-07-17T11:56:53.771Z INFO  client] Sending sample transaction 293
[2022-07-17T11:56:53.821Z INFO  client] Sending sample transaction 294
[2022-07-17T11:56:53.871Z INFO  client] Sending sample transaction 295
[2022-07-17T11:56:53.921Z INFO  client] Sending sample transaction 296
[2022-07-17T11:56:53.971Z INFO  client] Sending sample transaction 297
[2022-07-17T11:56:54.021Z INFO  client] Sending sample transaction 298
[2022-07-17T11:56:54.072Z INFO  client] Sending sample transaction 299
[2022-07-17T11:56:54.121Z INFO  client] Sending sample transaction 300
[2022-07-17T11:56:54.170Z INFO  client] Sending sample transaction 301
[2022-07-17T11:56:54.221Z INFO  client] Sending sample transaction 302
[2022-07-17T11:56:54.271Z INFO  client] Sending sample transaction 303
[2022-07-17T11:56:54.321Z INFO  client] Sending sample transaction 304
[2022-07-17T11:56:54.371Z INFO  client] Sending sample transaction 305
[2022-07-17T11:56:54.421Z INFO  client] Sending sample transaction 306
[2022-07-17T11:56:54.470Z INFO  client] Sending sample transaction 307
[2022-07-17T11:56:54.523Z INFO  client] Sending sample transaction 308
[2022-07-17T11:56:54.573Z INFO  client] Sending sample transaction 309
[2022-07-17T11:56:54.621Z INFO  client] Sending sample transaction 310
[2022-07-17T11:56:54.671Z INFO  client] Sending sample transaction 311
[2022-07-17T11:56:54.721Z INFO  client] Sending sample transaction 312
[2022-07-17T11:56:54.770Z INFO  client] Sending sample transaction 313
[2022-07-17T11:56:54.821Z INFO  client] Sending sample transaction 314
[2022-07-17T11:56:54.871Z INFO  client] Sending sample transaction 315
[2022-07-17T11:56:54.922Z INFO  client] Sending sample transaction 316
[2022-07-17T11:56:54.972Z INFO  client] Sending sample transaction 317
[2022-07-17T11:56:55.022Z INFO  client] Sending sample transaction 318
[2022-07-17T11:56:55.072Z INFO  client] Sending sample transaction 319
[2022-07-17T11:56:55.121Z INFO  client] Sending sample transaction 320
[2022-07-17T11:56:55.172Z INFO  client] Sending sample transaction 321
[2022-07-17T11:56:55.222Z INFO  client] Sending sample transaction 322
[2022-07-17T11:56:55.271Z INFO  client] Sending sample transaction 323
[2022-07-17T11:56:55.321Z INFO  client] Sending sample transaction 324
[2022-07-17T11:56:55.370Z INFO  client] Sending sample transaction 325
[2022-07-17T11:56:55.420Z INFO  client] Sending sample transaction 326
[2022-07-17T11:56:55.471Z INFO  client] Sending sample transaction 327
[2022-07-17T11:56:55.521Z INFO  client] Sending sample transaction 328
[2022-07-17T11:56:55.571Z INFO  client] Sending sample transaction 329
[2022-07-17T11:56:55.627Z INFO  client] Sending sample transaction 330
[2022-07-17T11:56:55.676Z INFO  client] Sending sample transaction 331
[2022-07-17T11:56:55.722Z INFO  client] Sending sample transaction 332
[2022-07-17T11:56:55.772Z INFO  client] Sending sample transaction 333
[2022-07-17T11:56:55.821Z INFO  client] Sending sample transaction 334
[2022-07-17T11:56:55.871Z INFO  client] Sending sample transaction 335
[2022-07-17T11:56:55.921Z INFO  client] Sending sample transaction 336
[2022-07-17T11:56:55.972Z INFO  client] Sending sample transaction 337
[2022-07-17T11:56:56.021Z INFO  client] Sending sample transaction 338
[2022-07-17T11:56:56.071Z INFO  client] Sending sample transaction 339
[2022-07-17T11:56:56.120Z INFO  client] Sending sample transaction 340
[2022-07-17T11:56:56.171Z INFO  client] Sending sample transaction 341
[2022-07-17T11:56:56.221Z INFO  client] Sending sample transaction 342
[2022-07-17T11:56:56.271Z INFO  client] Sending sample transaction 343
[2022-07-17T11:56:56.322Z INFO  client] Sending sample transaction 344
[2022-07-17T11:56:56.371Z INFO  client] Sending sample transaction 345
[2022-07-17T11:56:56.421Z INFO  client] Sending sample transaction 346
[2022-07-17T11:56:56.472Z INFO  client] Sending sample transaction 347
[2022-07-17T11:56:56.522Z INFO  client] Sending sample transaction 348
[2022-07-17T11:56:56.572Z INFO  client] Sending sample transaction 349
[2022-07-17T11:56:56.622Z INFO  client] Sending sample transaction 350
[2022-07-17T11:56:56.670Z INFO  client] Sending sample transaction 351
[2022-07-17T11:56:56.721Z INFO  client] Sending sample transaction 352
[2022-07-17T11:56:56.771Z INFO  client] Sending sample transaction 353
[2022-07-17T11:56:56.820Z INFO  client] Sending sample transaction 354
[2022-07-17T11:56:56.871Z INFO  client] Sending sample transaction 355
[2022-07-17T11:56:56.921Z INFO  client] Sending sample transaction 356
[2022-07-17T11:56:56.971Z INFO  client] Sending sample transaction 357
[2022-07-17T11:56:57.020Z INFO  client] Sending sample transaction 358
[2022-07-17T11:56:57.071Z INFO  client] Sending sample transaction 359
[2022-07-17T11:56:57.121Z INFO  client] Sending sample transaction 360
[2022-07-17T11:56:57.170Z INFO  client] Sending sample transaction 361
[2022-07-17T11:56:57.221Z INFO  client] Sending sample transaction 362
[2022-07-17T11:56:57.271Z INFO  client] Sending sample transaction 363
[2022-07-17T11:56:57.321Z INFO  client] Sending sample transaction 364
[2022-07-17T11:56:57.371Z INFO  client] Sending sample transaction 365
[2022-07-17T11:56:57.421Z INFO  client] Sending sample transaction 366
[2022-07-17T11:56:57.471Z INFO  client] Sending sample transaction 367
[2022-07-17T11:56:57.521Z INFO  client] Sending sample transaction 368
[2022-07-17T11:56:57.572Z INFO  client] Sending sample transaction 369
[2022-07-17T11:56:57.621Z INFO  client] Sending sample transaction 370
[2022-07-17T11:56:57.672Z INFO  client] Sending sample transaction 371
[2022-07-17T11:56:57.723Z INFO  client] Sending sample transaction 372
[2022-07-17T11:56:57.771Z INFO  client] Sending sample transaction 373
[2022-07-17T11:56:57.820Z INFO  client] Sending sample transaction 374
[2022-07-17T11:56:57.870Z INFO  client] Sending sample transaction 375
[2022-07-17T11:56:57.921Z INFO  client] Sending sample transaction 376
[2022-07-17T11:56:57.971Z INFO  client] Sending sample transaction 377
[2022-07-17T11:56:58.022Z INFO  client] Sending sample transaction 378
[2022-07-17T11:56:58.072Z INFO  client] Sending sample transaction 379
[2022-07-17T11:56:58.121Z INFO  client] Sending sample transaction 380
[2022-07-17T11:56:58.172Z INFO  client] Sending sample transaction 381
[2022-07-17T11:56:58.222Z INFO  client] Sending sample transaction 382
[2022-07-17T11:56:58.271Z INFO  client] Sending sample transaction 383
[2022-07-17T11:56:58.322Z INFO  client] Sending sample transaction 384
[2022-07-17T11:56:58.372Z INFO  client] Sending sample transaction 385
[2022-07-17T11:56:58.421Z INFO  client] Sending sample transaction 386
[2022-07-17T11:56:58.472Z INFO  client] Sending sample transaction 387
[2022-07-17T11:56:58.521Z INFO  client] Sending sample transaction 388
[2022-07-17T11:56:58.572Z INFO  client] Sending sample transaction 389
[2022-07-17T11:56:58.620Z INFO  client] Sending sample transaction 390
[2022-07-17T11:56:58.671Z INFO  client] Sending sample transaction 391
[2022-07-17T11:56:58.721Z INFO  client] Sending sample transaction 392
[2022-07-17T11:56:58.772Z INFO  client] Sending sample transaction 393
[2022-07-17T11:56:58.828Z INFO  client] Sending sample transaction 394
[2022-07-17T11:56:58.871Z INFO  client] Sending sample transaction 395
[2022-07-17T11:56:58.921Z INFO  client] Sending sample transaction 396
[2022-07-17T11:56:58.971Z INFO  client] Sending sample transaction 397
[2022-07-17T11:56:59.021Z INFO  client] Sending sample transaction 398
[2022-07-17T11:56:59.071Z INFO  client] Sending sample transaction 399
[2022-07-17T11:56:59.120Z INFO  client] Sending sample transaction 400
[2022-07-17T11:56:59.172Z INFO  client] Sending sample transaction 401
[2022-07-17T11:56:59.220Z INFO  client] Sending sample transaction 402
[2022-07-17T11:56:59.270Z INFO  client] Sending sample transaction 403
[2022-07-17T11:56:59.321Z INFO  client] Sending sample transaction 404
[2022-07-17T11:56:59.371Z INFO  client] Sending sample transaction 405
[2022-07-17T11:56:59.423Z INFO  client] Sending sample transaction 406
[2022-07-17T11:56:59.472Z INFO  client] Sending sample transaction 407
[2022-07-17T11:56:59.521Z INFO  client] Sending sample transaction 408
[2022-07-17T11:56:59.572Z INFO  client] Sending sample transaction 409
[2022-07-17T11:56:59.621Z INFO  client] Sending sample transaction 410
[2022-07-17T11:56:59.671Z INFO  client] Sending sample transaction 411
[2022-07-17T11:56:59.722Z INFO  client] Sending sample transaction 412
[2022-07-17T11:56:59.771Z INFO  client] Sending sample transaction 413
[2022-07-17T11:56:59.821Z INFO  client] Sending sample transaction 414
[2022-07-17T11:56:59.881Z INFO  client] Sending sample transaction 415
[2022-07-17T11:56:59.923Z INFO  client] Sending sample transaction 416
[2022-07-17T11:56:59.970Z INFO  client] Sending sample transaction 417
[2022-07-17T11:57:00.021Z INFO  client] Sending sample transaction 418
[2022-07-17T11:57:00.071Z INFO  client] Sending sample transaction 419
[2022-07-17T11:57:00.121Z INFO  client] Sending sample transaction 420
[2022-07-17T11:57:00.171Z INFO  client] Sending sample transaction 421
[2022-07-17T11:57:00.221Z INFO  client] Sending sample transaction 422
[2022-07-17T11:57:00.270Z INFO  client] Sending sample transaction 423
