[2022-07-24T09:55:47.174Z INFO  client] Node address: 127.0.0.1:9014
[2022-07-24T09:55:47.174Z INFO  client] Transactions size: 512 B
[2022-07-24T09:55:47.174Z INFO  client] Transactions rate: 112 tx/s
[2022-07-24T09:55:47.174Z INFO  client] Waiting for all nodes to be online...
[2022-07-24T09:55:47.174Z INFO  client] Waiting for all nodes to be synchronized...
[2022-07-24T09:55:49.179Z INFO  client] Start sending transactions
[2022-07-24T09:55:49.181Z INFO  client] Sending sample transaction 0
[2022-07-24T09:55:49.234Z INFO  client] Sending sample transaction 1
[2022-07-24T09:55:49.302Z INFO  client] Sending sample transaction 2
[2022-07-24T09:55:49.332Z INFO  client] Sending sample transaction 3
[2022-07-24T09:55:49.382Z INFO  client] Sending sample transaction 4
[2022-07-24T09:55:49.430Z INFO  client] Sending sample transaction 5
[2022-07-24T09:55:49.482Z INFO  client] Sending sample transaction 6
[2022-07-24T09:55:49.531Z INFO  client] Sending sample transaction 7
[2022-07-24T09:55:49.583Z INFO  client] Sending sample transaction 8
[2022-07-24T09:55:49.631Z INFO  client] Sending sample transaction 9
[2022-07-24T09:55:49.680Z INFO  client] Sending sample transaction 10
[2022-07-24T09:55:49.747Z INFO  client] Sending sample transaction 11
[2022-07-24T09:55:49.781Z INFO  client] Sending sample transaction 12
[2022-07-24T09:55:49.831Z INFO  client] Sending sample transaction 13
[2022-07-24T09:55:49.882Z INFO  client] Sending sample transaction 14
[2022-07-24T09:55:49.930Z INFO  client] Sending sample transaction 15
[2022-07-24T09:55:49.980Z INFO  client] Sending sample transaction 16
[2022-07-24T09:55:50.031Z INFO  client] Sending sample transaction 17
[2022-07-24T09:55:50.080Z INFO  client] Sending sample transaction 18
[2022-07-24T09:55:50.131Z INFO  client] Sending sample transaction 19
[2022-07-24T09:55:50.181Z INFO  client] Sending sample transaction 20
[2022-07-24T09:55:50.230Z INFO  client] Sending sample transaction 21
[2022-07-24T09:55:50.280Z INFO  client] Sending sample transaction 22
[2022-07-24T09:55:50.332Z INFO  client] Sending sample transaction 23
[2022-07-24T09:55:50.384Z INFO  client] Sending sample transaction 24
[2022-07-24T09:55:50.430Z INFO  client] Sending sample transaction 25
[2022-07-24T09:55:50.480Z INFO  client] Sending sample transaction 26
[2022-07-24T09:55:50.531Z INFO  client] Sending sample transaction 27
[2022-07-24T09:55:50.580Z INFO  client] Sending sample transaction 28
[2022-07-24T09:55:50.692Z INFO  client] Sending sample transaction 29
[2022-07-24T09:55:50.699Z INFO  client] Sending sample transaction 30
[2022-07-24T09:55:50.732Z INFO  client] Sending sample transaction 31
[2022-07-24T09:55:50.816Z INFO  client] Sending sample transaction 32
[2022-07-24T09:55:50.873Z WARN  client] Transaction rate too high for this client
[2022-07-24T09:55:50.911Z INFO  client] Sending sample transaction 33
[2022-07-24T09:55:50.943Z WARN  client] Transaction rate too high for this client
[2022-07-24T09:55:50.943Z INFO  client] Sending sample transaction 34
[2022-07-24T09:55:50.969Z INFO  client] Sending sample transaction 35
[2022-07-24T09:55:50.981Z INFO  client] Sending sample transaction 36
[2022-07-24T09:55:51.034Z INFO  client] Sending sample transaction 37
[2022-07-24T09:55:51.083Z INFO  client] Sending sample transaction 38
[2022-07-24T09:55:51.130Z INFO  client] Sending sample transaction 39
[2022-07-24T09:55:51.181Z INFO  client] Sending sample transaction 40
[2022-07-24T09:55:51.230Z INFO  client] Sending sample transaction 41
[2022-07-24T09:55:51.281Z INFO  client] Sending sample transaction 42
[2022-07-24T09:55:51.330Z INFO  client] Sending sample transaction 43
[2022-07-24T09:55:51.380Z INFO  client] Sending sample transaction 44
[2022-07-24T09:55:51.433Z INFO  client] Sending sample transaction 45
[2022-07-24T09:55:51.481Z INFO  client] Sending sample transaction 46
[2022-07-24T09:55:51.530Z INFO  client] Sending sample transaction 47
[2022-07-24T09:55:51.601Z INFO  client] Sending sample transaction 48
[2022-07-24T09:55:51.680Z INFO  client] Sending sample transaction 49
[2022-07-24T09:55:51.745Z INFO  client] Sending sample transaction 50
[2022-07-24T09:55:51.790Z INFO  client] Sending sample transaction 51
[2022-07-24T09:55:51.812Z INFO  client] Sending sample transaction 52
[2022-07-24T09:55:51.842Z INFO  client] Sending sample transaction 53
[2022-07-24T09:55:51.887Z INFO  client] Sending sample transaction 54
[2022-07-24T09:55:51.933Z INFO  client] Sending sample transaction 55
[2022-07-24T09:55:51.980Z INFO  client] Sending sample transaction 56
[2022-07-24T09:55:52.030Z INFO  client] Sending sample transaction 57
[2022-07-24T09:55:52.083Z INFO  client] Sending sample transaction 58
[2022-07-24T09:55:52.131Z INFO  client] Sending sample transaction 59
[2022-07-24T09:55:52.179Z INFO  client] Sending sample transaction 60
[2022-07-24T09:55:52.231Z INFO  client] Sending sample transaction 61
[2022-07-24T09:55:52.280Z INFO  client] Sending sample transaction 62
[2022-07-24T09:55:52.334Z INFO  client] Sending sample transaction 63
[2022-07-24T09:55:52.390Z INFO  client] Sending sample transaction 64
[2022-07-24T09:55:52.430Z INFO  client] Sending sample transaction 65
[2022-07-24T09:55:52.480Z INFO  client] Sending sample transaction 66
[2022-07-24T09:55:52.543Z INFO  client] Sending sample transaction 67
[2022-07-24T09:55:52.580Z INFO  client] Sending sample transaction 68
[2022-07-24T09:55:52.631Z INFO  client] Sending sample transaction 69
[2022-07-24T09:55:52.680Z INFO  client] Sending sample transaction 70
[2022-07-24T09:55:52.731Z INFO  client] Sending sample transaction 71
[2022-07-24T09:55:52.780Z INFO  client] Sending sample transaction 72
[2022-07-24T09:55:52.830Z INFO  client] Sending sample transaction 73
[2022-07-24T09:55:52.880Z INFO  client] Sending sample transaction 74
[2022-07-24T09:55:52.930Z INFO  client] Sending sample transaction 75
[2022-07-24T09:55:52.980Z INFO  client] Sending sample transaction 76
[2022-07-24T09:55:53.030Z INFO  client] Sending sample transaction 77
[2022-07-24T09:55:53.081Z INFO  client] Sending sample transaction 78
[2022-07-24T09:55:53.137Z INFO  client] Sending sample transaction 79
[2022-07-24T09:55:53.180Z INFO  client] Sending sample transaction 80
[2022-07-24T09:55:53.233Z INFO  client] Sending sample transaction 81
[2022-07-24T09:55:53.280Z INFO  client] Sending sample transaction 82
[2022-07-24T09:55:53.332Z INFO  client] Sending sample transaction 83
[2022-07-24T09:55:53.380Z INFO  client] Sending sample transaction 84
[2022-07-24T09:55:53.481Z INFO  client] Sending sample transaction 85
[2022-07-24T09:55:53.483Z INFO  client] Sending sample transaction 86
[2022-07-24T09:55:53.531Z INFO  client] Sending sample transaction 87
[2022-07-24T09:55:53.580Z INFO  client] Sending sample transaction 88
[2022-07-24T09:55:53.630Z INFO  client] Sending sample transaction 89
[2022-07-24T09:55:53.680Z INFO  client] Sending sample transaction 90
[2022-07-24T09:55:53.730Z INFO  client] Sending sample transaction 91
[2022-07-24T09:55:53.780Z INFO  client] Sending sample transaction 92
[2022-07-24T09:55:53.830Z INFO  client] Sending sample transaction 93
[2022-07-24T09:55:53.880Z INFO  client] Sending sample transaction 94
[2022-07-24T09:55:53.930Z INFO  client] Sending sample transaction 95
[2022-07-24T09:55:53.980Z INFO  client] Sending sample transaction 96
[2022-07-24T09:55:54.031Z INFO  client] Sending sample transaction 97
[2022-07-24T09:55:54.080Z INFO  client] Sending sample transaction 98
[2022-07-24T09:55:54.130Z INFO  client] Sending sample transaction 99
[2022-07-24T09:55:54.185Z INFO  client] Sending sample transaction 100
[2022-07-24T09:55:54.230Z INFO  client] Sending sample transaction 101
[2022-07-24T09:55:54.280Z INFO  client] Sending sample transaction 102
[2022-07-24T09:55:54.330Z INFO  client] Sending sample transaction 103
[2022-07-24T09:55:54.380Z INFO  client] Sending sample transaction 104
[2022-07-24T09:55:54.430Z INFO  client] Sending sample transaction 105
[2022-07-24T09:55:54.480Z INFO  client] Sending sample transaction 106
[2022-07-24T09:55:54.531Z INFO  client] Sending sample transaction 107
[2022-07-24T09:55:54.580Z INFO  client] Sending sample transaction 108
[2022-07-24T09:55:54.629Z INFO  client] Sending sample transaction 109
[2022-07-24T09:55:54.681Z INFO  client] Sending sample transaction 110
[2022-07-24T09:55:54.730Z INFO  client] Sending sample transaction 111
[2022-07-24T09:55:54.780Z INFO  client] Sending sample transaction 112
[2022-07-24T09:55:54.830Z INFO  client] Sending sample transaction 113
[2022-07-24T09:55:54.881Z INFO  client] Sending sample transaction 114
[2022-07-24T09:55:54.930Z INFO  client] Sending sample transaction 115
[2022-07-24T09:55:54.980Z INFO  client] Sending sample transaction 116
[2022-07-24T09:55:55.030Z INFO  client] Sending sample transaction 117
[2022-07-24T09:55:55.082Z INFO  client] Sending sample transaction 118
[2022-07-24T09:55:55.132Z INFO  client] Sending sample transaction 119
[2022-07-24T09:55:55.180Z INFO  client] Sending sample transaction 120
[2022-07-24T09:55:55.230Z INFO  client] Sending sample transaction 121
[2022-07-24T09:55:55.281Z INFO  client] Sending sample transaction 122
[2022-07-24T09:55:55.331Z INFO  client] Sending sample transaction 123
[2022-07-24T09:55:55.380Z INFO  client] Sending sample transaction 124
[2022-07-24T09:55:55.433Z INFO  client] Sending sample transaction 125
[2022-07-24T09:55:55.483Z INFO  client] Sending sample transaction 126
[2022-07-24T09:55:55.530Z INFO  client] Sending sample transaction 127
[2022-07-24T09:55:55.583Z INFO  client] Sending sample transaction 128
[2022-07-24T09:55:55.631Z INFO  client] Sending sample transaction 129
[2022-07-24T09:55:55.680Z INFO  client] Sending sample transaction 130
[2022-07-24T09:55:55.730Z INFO  client] Sending sample transaction 131
[2022-07-24T09:55:55.780Z INFO  client] Sending sample transaction 132
[2022-07-24T09:55:55.830Z INFO  client] Sending sample transaction 133
[2022-07-24T09:55:55.881Z INFO  client] Sending sample transaction 134
[2022-07-24T09:55:55.930Z INFO  client] Sending sample transaction 135
[2022-07-24T09:55:55.981Z INFO  client] Sending sample transaction 136
[2022-07-24T09:55:56.030Z INFO  client] Sending sample transaction 137
[2022-07-24T09:55:56.079Z INFO  client] Sending sample transaction 138
[2022-07-24T09:55:56.130Z INFO  client] Sending sample transaction 139
[2022-07-24T09:55:56.180Z INFO  client] Sending sample transaction 140
[2022-07-24T09:55:56.231Z INFO  client] Sending sample transaction 141
[2022-07-24T09:55:56.280Z INFO  client] Sending sample transaction 142
[2022-07-24T09:55:56.330Z INFO  client] Sending sample transaction 143
[2022-07-24T09:55:56.380Z INFO  client] Sending sample transaction 144
[2022-07-24T09:55:56.430Z INFO  client] Sending sample transaction 145
[2022-07-24T09:55:56.480Z INFO  client] Sending sample transaction 146
[2022-07-24T09:55:56.530Z INFO  client] Sending sample transaction 147
[2022-07-24T09:55:56.580Z INFO  client] Sending sample transaction 148
[2022-07-24T09:55:56.630Z INFO  client] Sending sample transaction 149
[2022-07-24T09:55:56.680Z INFO  client] Sending sample transaction 150
[2022-07-24T09:55:56.730Z INFO  client] Sending sample transaction 151
[2022-07-24T09:55:56.780Z INFO  client] Sending sample transaction 152
[2022-07-24T09:55:56.831Z INFO  client] Sending sample transaction 153
[2022-07-24T09:55:56.881Z INFO  client] Sending sample transaction 154
[2022-07-24T09:55:56.929Z INFO  client] Sending sample transaction 155
[2022-07-24T09:55:56.980Z INFO  client] Sending sample transaction 156
[2022-07-24T09:55:57.030Z INFO  client] Sending sample transaction 157
[2022-07-24T09:55:57.080Z INFO  client] Sending sample transaction 158
[2022-07-24T09:55:57.130Z INFO  client] Sending sample transaction 159
[2022-07-24T09:55:57.180Z INFO  client] Sending sample transaction 160
[2022-07-24T09:55:57.230Z INFO  client] Sending sample transaction 161
[2022-07-24T09:55:57.302Z INFO  client] Sending sample transaction 162
[2022-07-24T09:55:57.330Z INFO  client] Sending sample transaction 163
[2022-07-24T09:55:57.397Z INFO  client] Sending sample transaction 164
[2022-07-24T09:55:57.430Z INFO  client] Sending sample transaction 165
[2022-07-24T09:55:57.481Z INFO  client] Sending sample transaction 166
[2022-07-24T09:55:57.530Z INFO  client] Sending sample transaction 167
[2022-07-24T09:55:57.581Z INFO  client] Sending sample transaction 168
[2022-07-24T09:55:57.630Z INFO  client] Sending sample transaction 169
[2022-07-24T09:55:57.680Z INFO  client] Sending sample transaction 170
[2022-07-24T09:55:57.729Z INFO  client] Sending sample transaction 171
[2022-07-24T09:55:57.781Z INFO  client] Sending sample transaction 172
[2022-07-24T09:55:57.830Z INFO  client] Sending sample transaction 173
[2022-07-24T09:55:57.880Z INFO  client] Sending sample transaction 174
[2022-07-24T09:55:57.930Z INFO  client] Sending sample transaction 175
[2022-07-24T09:55:57.981Z INFO  client] Sending sample transaction 176
[2022-07-24T09:55:58.030Z INFO  client] Sending sample transaction 177
[2022-07-24T09:55:58.080Z INFO  client] Sending sample transaction 178
[2022-07-24T09:55:58.130Z INFO  client] Sending sample transaction 179
[2022-07-24T09:55:58.180Z INFO  client] Sending sample transaction 180
[2022-07-24T09:55:58.230Z INFO  client] Sending sample transaction 181
[2022-07-24T09:55:58.280Z INFO  client] Sending sample transaction 182
[2022-07-24T09:55:58.330Z INFO  client] Sending sample transaction 183
[2022-07-24T09:55:58.381Z INFO  client] Sending sample transaction 184
[2022-07-24T09:55:58.431Z INFO  client] Sending sample transaction 185
[2022-07-24T09:55:58.480Z INFO  client] Sending sample transaction 186
[2022-07-24T09:55:58.530Z INFO  client] Sending sample transaction 187
[2022-07-24T09:55:58.580Z INFO  client] Sending sample transaction 188
[2022-07-24T09:55:58.629Z INFO  client] Sending sample transaction 189
[2022-07-24T09:55:58.680Z INFO  client] Sending sample transaction 190
[2022-07-24T09:55:58.731Z INFO  client] Sending sample transaction 191
[2022-07-24T09:55:58.779Z INFO  client] Sending sample transaction 192
[2022-07-24T09:55:58.830Z INFO  client] Sending sample transaction 193
[2022-07-24T09:55:58.880Z INFO  client] Sending sample transaction 194
[2022-07-24T09:55:58.930Z INFO  client] Sending sample transaction 195
[2022-07-24T09:55:58.980Z INFO  client] Sending sample transaction 196
[2022-07-24T09:55:59.030Z INFO  client] Sending sample transaction 197
[2022-07-24T09:55:59.080Z INFO  client] Sending sample transaction 198
[2022-07-24T09:55:59.137Z INFO  client] Sending sample transaction 199
[2022-07-24T09:55:59.180Z INFO  client] Sending sample transaction 200
[2022-07-24T09:55:59.230Z INFO  client] Sending sample transaction 201
[2022-07-24T09:55:59.281Z INFO  client] Sending sample transaction 202
[2022-07-24T09:55:59.331Z INFO  client] Sending sample transaction 203
[2022-07-24T09:55:59.380Z INFO  client] Sending sample transaction 204
[2022-07-24T09:55:59.430Z INFO  client] Sending sample transaction 205
[2022-07-24T09:55:59.480Z INFO  client] Sending sample transaction 206
[2022-07-24T09:55:59.530Z INFO  client] Sending sample transaction 207
[2022-07-24T09:55:59.580Z INFO  client] Sending sample transaction 208
[2022-07-24T09:55:59.630Z INFO  client] Sending sample transaction 209
[2022-07-24T09:55:59.680Z INFO  client] Sending sample transaction 210
[2022-07-24T09:55:59.730Z INFO  client] Sending sample transaction 211
[2022-07-24T09:55:59.780Z INFO  client] Sending sample transaction 212
[2022-07-24T09:55:59.830Z INFO  client] Sending sample transaction 213
[2022-07-24T09:55:59.880Z INFO  client] Sending sample transaction 214
[2022-07-24T09:55:59.930Z INFO  client] Sending sample transaction 215
[2022-07-24T09:55:59.981Z INFO  client] Sending sample transaction 216
[2022-07-24T09:56:00.030Z INFO  client] Sending sample transaction 217
[2022-07-24T09:56:00.080Z INFO  client] Sending sample transaction 218
[2022-07-24T09:56:00.129Z INFO  client] Sending sample transaction 219
[2022-07-24T09:56:00.180Z INFO  client] Sending sample transaction 220
[2022-07-24T09:56:00.230Z INFO  client] Sending sample transaction 221
[2022-07-24T09:56:00.281Z INFO  client] Sending sample transaction 222
[2022-07-24T09:56:00.331Z INFO  client] Sending sample transaction 223
[2022-07-24T09:56:00.380Z INFO  client] Sending sample transaction 224
[2022-07-24T09:56:00.430Z INFO  client] Sending sample transaction 225
[2022-07-24T09:56:00.480Z INFO  client] Sending sample transaction 226
[2022-07-24T09:56:00.531Z INFO  client] Sending sample transaction 227
[2022-07-24T09:56:00.581Z INFO  client] Sending sample transaction 228
[2022-07-24T09:56:00.631Z INFO  client] Sending sample transaction 229
[2022-07-24T09:56:00.680Z INFO  client] Sending sample transaction 230
[2022-07-24T09:56:00.730Z INFO  client] Sending sample transaction 231
[2022-07-24T09:56:00.780Z INFO  client] Sending sample transaction 232
[2022-07-24T09:56:00.830Z INFO  client] Sending sample transaction 233
[2022-07-24T09:56:00.938Z INFO  client] Sending sample transaction 234
[2022-07-24T09:56:00.940Z INFO  client] Sending sample transaction 235
[2022-07-24T09:56:00.980Z INFO  client] Sending sample transaction 236
[2022-07-24T09:56:01.032Z INFO  client] Sending sample transaction 237
[2022-07-24T09:56:01.081Z INFO  client] Sending sample transaction 238
[2022-07-24T09:56:01.130Z INFO  client] Sending sample transaction 239
[2022-07-24T09:56:01.180Z INFO  client] Sending sample transaction 240
[2022-07-24T09:56:01.230Z INFO  client] Sending sample transaction 241
[2022-07-24T09:56:01.280Z INFO  client] Sending sample transaction 242
[2022-07-24T09:56:01.330Z INFO  client] Sending sample transaction 243
[2022-07-24T09:56:01.380Z INFO  client] Sending sample transaction 244
[2022-07-24T09:56:01.432Z INFO  client] Sending sample transaction 245
[2022-07-24T09:56:01.480Z INFO  client] Sending sample transaction 246
[2022-07-24T09:56:01.530Z INFO  client] Sending sample transaction 247
[2022-07-24T09:56:01.580Z INFO  client] Sending sample transaction 248
[2022-07-24T09:56:01.630Z INFO  client] Sending sample transaction 249
[2022-07-24T09:56:01.680Z INFO  client] Sending sample transaction 250
[2022-07-24T09:56:01.730Z INFO  client] Sending sample transaction 251
[2022-07-24T09:56:01.781Z INFO  client] Sending sample transaction 252
[2022-07-24T09:56:01.830Z INFO  client] Sending sample transaction 253
[2022-07-24T09:56:01.881Z INFO  client] Sending sample transaction 254
[2022-07-24T09:56:01.931Z INFO  client] Sending sample transaction 255
[2022-07-24T09:56:01.980Z INFO  client] Sending sample transaction 256
[2022-07-24T09:56:02.030Z INFO  client] Sending sample transaction 257
[2022-07-24T09:56:02.080Z INFO  client] Sending sample transaction 258
[2022-07-24T09:56:02.130Z INFO  client] Sending sample transaction 259
[2022-07-24T09:56:02.180Z INFO  client] Sending sample transaction 260
[2022-07-24T09:56:02.231Z INFO  client] Sending sample transaction 261
[2022-07-24T09:56:02.280Z INFO  client] Sending sample transaction 262
[2022-07-24T09:56:02.330Z INFO  client] Sending sample transaction 263
[2022-07-24T09:56:02.380Z INFO  client] Sending sample transaction 264
[2022-07-24T09:56:02.430Z INFO  client] Sending sample transaction 265
[2022-07-24T09:56:02.480Z INFO  client] Sending sample transaction 266
[2022-07-24T09:56:02.530Z INFO  client] Sending sample transaction 267
[2022-07-24T09:56:02.580Z INFO  client] Sending sample transaction 268
[2022-07-24T09:56:02.630Z INFO  client] Sending sample transaction 269
[2022-07-24T09:56:02.680Z INFO  client] Sending sample transaction 270
[2022-07-24T09:56:02.730Z INFO  client] Sending sample transaction 271
[2022-07-24T09:56:02.780Z INFO  client] Sending sample transaction 272
[2022-07-24T09:56:02.830Z INFO  client] Sending sample transaction 273
[2022-07-24T09:56:02.880Z INFO  client] Sending sample transaction 274
[2022-07-24T09:56:02.930Z INFO  client] Sending sample transaction 275
[2022-07-24T09:56:02.980Z INFO  client] Sending sample transaction 276
[2022-07-24T09:56:03.030Z INFO  client] Sending sample transaction 277
[2022-07-24T09:56:03.080Z INFO  client] Sending sample transaction 278
[2022-07-24T09:56:03.130Z INFO  client] Sending sample transaction 279
[2022-07-24T09:56:03.180Z INFO  client] Sending sample transaction 280
[2022-07-24T09:56:03.230Z INFO  client] Sending sample transaction 281
[2022-07-24T09:56:03.280Z INFO  client] Sending sample transaction 282
[2022-07-24T09:56:03.330Z INFO  client] Sending sample transaction 283
[2022-07-24T09:56:03.381Z INFO  client] Sending sample transaction 284
[2022-07-24T09:56:03.430Z INFO  client] Sending sample transaction 285
[2022-07-24T09:56:03.482Z INFO  client] Sending sample transaction 286
[2022-07-24T09:56:03.534Z INFO  client] Sending sample transaction 287
[2022-07-24T09:56:03.580Z INFO  client] Sending sample transaction 288
[2022-07-24T09:56:03.634Z INFO  client] Sending sample transaction 289
[2022-07-24T09:56:03.690Z INFO  client] Sending sample transaction 290
[2022-07-24T09:56:03.730Z INFO  client] Sending sample transaction 291
[2022-07-24T09:56:03.781Z INFO  client] Sending sample transaction 292
[2022-07-24T09:56:03.831Z INFO  client] Sending sample transaction 293
[2022-07-24T09:56:03.880Z INFO  client] Sending sample transaction 294
[2022-07-24T09:56:03.930Z INFO  client] Sending sample transaction 295
[2022-07-24T09:56:03.980Z INFO  client] Sending sample transaction 296
[2022-07-24T09:56:04.030Z INFO  client] Sending sample transaction 297
[2022-07-24T09:56:04.080Z INFO  client] Sending sample transaction 298
[2022-07-24T09:56:04.131Z INFO  client] Sending sample transaction 299
[2022-07-24T09:56:04.179Z INFO  client] Sending sample transaction 300
[2022-07-24T09:56:04.230Z INFO  client] Sending sample transaction 301
[2022-07-24T09:56:04.280Z INFO  client] Sending sample transaction 302
[2022-07-24T09:56:04.330Z INFO  client] Sending sample transaction 303
[2022-07-24T09:56:04.380Z INFO  client] Sending sample transaction 304
[2022-07-24T09:56:04.431Z INFO  client] Sending sample transaction 305
[2022-07-24T09:56:04.480Z INFO  client] Sending sample transaction 306
[2022-07-24T09:56:04.530Z INFO  client] Sending sample transaction 307
[2022-07-24T09:56:04.580Z INFO  client] Sending sample transaction 308
[2022-07-24T09:56:04.631Z INFO  client] Sending sample transaction 309
[2022-07-24T09:56:04.680Z INFO  client] Sending sample transaction 310
[2022-07-24T09:56:04.759Z INFO  client] Sending sample transaction 311
[2022-07-24T09:56:04.780Z INFO  client] Sending sample transaction 312
[2022-07-24T09:56:04.830Z INFO  client] Sending sample transaction 313
[2022-07-24T09:56:04.881Z INFO  client] Sending sample transaction 314
[2022-07-24T09:56:04.930Z INFO  client] Sending sample transaction 315
[2022-07-24T09:56:04.980Z INFO  client] Sending sample transaction 316
[2022-07-24T09:56:05.030Z INFO  client] Sending sample transaction 317
[2022-07-24T09:56:05.081Z INFO  client] Sending sample transaction 318
[2022-07-24T09:56:05.131Z INFO  client] Sending sample transaction 319
[2022-07-24T09:56:05.180Z INFO  client] Sending sample transaction 320
[2022-07-24T09:56:05.231Z INFO  client] Sending sample transaction 321
[2022-07-24T09:56:05.281Z INFO  client] Sending sample transaction 322
[2022-07-24T09:56:05.330Z INFO  client] Sending sample transaction 323
[2022-07-24T09:56:05.380Z INFO  client] Sending sample transaction 324
[2022-07-24T09:56:05.429Z INFO  client] Sending sample transaction 325
[2022-07-24T09:56:05.481Z INFO  client] Sending sample transaction 326
[2022-07-24T09:56:05.531Z INFO  client] Sending sample transaction 327
[2022-07-24T09:56:05.602Z INFO  client] Sending sample transaction 328
[2022-07-24T09:56:05.641Z INFO  client] Sending sample transaction 329
[2022-07-24T09:56:05.680Z INFO  client] Sending sample transaction 330
[2022-07-24T09:56:05.730Z INFO  client] Sending sample transaction 331
[2022-07-24T09:56:05.780Z INFO  client] Sending sample transaction 332
[2022-07-24T09:56:05.830Z INFO  client] Sending sample transaction 333
[2022-07-24T09:56:05.881Z INFO  client] Sending sample transaction 334
[2022-07-24T09:56:05.929Z INFO  client] Sending sample transaction 335
[2022-07-24T09:56:05.980Z INFO  client] Sending sample transaction 336
[2022-07-24T09:56:06.030Z INFO  client] Sending sample transaction 337
[2022-07-24T09:56:06.080Z INFO  client] Sending sample transaction 338
[2022-07-24T09:56:06.131Z INFO  client] Sending sample transaction 339
[2022-07-24T09:56:06.181Z INFO  client] Sending sample transaction 340
[2022-07-24T09:56:06.231Z INFO  client] Sending sample transaction 341
[2022-07-24T09:56:06.280Z INFO  client] Sending sample transaction 342
[2022-07-24T09:56:06.336Z INFO  client] Sending sample transaction 343
[2022-07-24T09:56:06.396Z INFO  client] Sending sample transaction 344
[2022-07-24T09:56:06.429Z INFO  client] Sending sample transaction 345
[2022-07-24T09:56:06.480Z INFO  client] Sending sample transaction 346
[2022-07-24T09:56:06.531Z INFO  client] Sending sample transaction 347
[2022-07-24T09:56:06.581Z INFO  client] Sending sample transaction 348
[2022-07-24T09:56:06.630Z INFO  client] Sending sample transaction 349
[2022-07-24T09:56:06.684Z INFO  client] Sending sample transaction 350
[2022-07-24T09:56:06.730Z INFO  client] Sending sample transaction 351
[2022-07-24T09:56:06.780Z INFO  client] Sending sample transaction 352
[2022-07-24T09:56:06.830Z INFO  client] Sending sample transaction 353
[2022-07-24T09:56:06.881Z INFO  client] Sending sample transaction 354
[2022-07-24T09:56:06.930Z INFO  client] Sending sample transaction 355
[2022-07-24T09:56:06.980Z INFO  client] Sending sample transaction 356
[2022-07-24T09:56:07.030Z INFO  client] Sending sample transaction 357
[2022-07-24T09:56:07.080Z INFO  client] Sending sample transaction 358
[2022-07-24T09:56:07.130Z INFO  client] Sending sample transaction 359
[2022-07-24T09:56:07.180Z INFO  client] Sending sample transaction 360
[2022-07-24T09:56:07.231Z INFO  client] Sending sample transaction 361
[2022-07-24T09:56:07.280Z INFO  client] Sending sample transaction 362
[2022-07-24T09:56:07.330Z INFO  client] Sending sample transaction 363
[2022-07-24T09:56:07.381Z INFO  client] Sending sample transaction 364
[2022-07-24T09:56:07.430Z INFO  client] Sending sample transaction 365
[2022-07-24T09:56:07.480Z INFO  client] Sending sample transaction 366
[2022-07-24T09:56:07.530Z INFO  client] Sending sample transaction 367
[2022-07-24T09:56:07.580Z INFO  client] Sending sample transaction 368
[2022-07-24T09:56:07.630Z INFO  client] Sending sample transaction 369
[2022-07-24T09:56:07.679Z INFO  client] Sending sample transaction 370
[2022-07-24T09:56:07.733Z INFO  client] Sending sample transaction 371
[2022-07-24T09:56:07.780Z INFO  client] Sending sample transaction 372
[2022-07-24T09:56:07.830Z INFO  client] Sending sample transaction 373
[2022-07-24T09:56:07.880Z INFO  client] Sending sample transaction 374
[2022-07-24T09:56:07.930Z INFO  client] Sending sample transaction 375
[2022-07-24T09:56:07.980Z INFO  client] Sending sample transaction 376
[2022-07-24T09:56:08.030Z INFO  client] Sending sample transaction 377
[2022-07-24T09:56:08.080Z INFO  client] Sending sample transaction 378
[2022-07-24T09:56:08.130Z INFO  client] Sending sample transaction 379
[2022-07-24T09:56:08.180Z INFO  client] Sending sample transaction 380
[2022-07-24T09:56:08.230Z INFO  client] Sending sample transaction 381
[2022-07-24T09:56:08.280Z INFO  client] Sending sample transaction 382
[2022-07-24T09:56:08.330Z INFO  client] Sending sample transaction 383
[2022-07-24T09:56:08.380Z INFO  client] Sending sample transaction 384
[2022-07-24T09:56:08.430Z INFO  client] Sending sample transaction 385
[2022-07-24T09:56:08.480Z INFO  client] Sending sample transaction 386
[2022-07-24T09:56:08.531Z INFO  client] Sending sample transaction 387
[2022-07-24T09:56:08.609Z INFO  client] Sending sample transaction 388
[2022-07-24T09:56:08.638Z INFO  client] Sending sample transaction 389
[2022-07-24T09:56:08.681Z INFO  client] Sending sample transaction 390
[2022-07-24T09:56:08.730Z INFO  client] Sending sample transaction 391
[2022-07-24T09:56:08.780Z INFO  client] Sending sample transaction 392
[2022-07-24T09:56:08.830Z INFO  client] Sending sample transaction 393
[2022-07-24T09:56:08.881Z INFO  client] Sending sample transaction 394
[2022-07-24T09:56:08.930Z INFO  client] Sending sample transaction 395
[2022-07-24T09:56:08.980Z INFO  client] Sending sample transaction 396
[2022-07-24T09:56:09.030Z INFO  client] Sending sample transaction 397
[2022-07-24T09:56:09.080Z INFO  client] Sending sample transaction 398
[2022-07-24T09:56:09.130Z INFO  client] Sending sample transaction 399
[2022-07-24T09:56:09.180Z INFO  client] Sending sample transaction 400
[2022-07-24T09:56:09.230Z INFO  client] Sending sample transaction 401
[2022-07-24T09:56:09.280Z INFO  client] Sending sample transaction 402
[2022-07-24T09:56:09.330Z INFO  client] Sending sample transaction 403
[2022-07-24T09:56:09.380Z INFO  client] Sending sample transaction 404
[2022-07-24T09:56:09.430Z INFO  client] Sending sample transaction 405
[2022-07-24T09:56:09.480Z INFO  client] Sending sample transaction 406
[2022-07-24T09:56:09.530Z INFO  client] Sending sample transaction 407
[2022-07-24T09:56:09.580Z INFO  client] Sending sample transaction 408
[2022-07-24T09:56:09.630Z INFO  client] Sending sample transaction 409
[2022-07-24T09:56:09.680Z INFO  client] Sending sample transaction 410
[2022-07-24T09:56:09.730Z INFO  client] Sending sample transaction 411
[2022-07-24T09:56:09.783Z INFO  client] Sending sample transaction 412
[2022-07-24T09:56:09.835Z INFO  client] Sending sample transaction 413
[2022-07-24T09:56:09.880Z INFO  client] Sending sample transaction 414
[2022-07-24T09:56:09.931Z INFO  client] Sending sample transaction 415
[2022-07-24T09:56:09.980Z INFO  client] Sending sample transaction 416
[2022-07-24T09:56:10.032Z INFO  client] Sending sample transaction 417
[2022-07-24T09:56:10.081Z INFO  client] Sending sample transaction 418
[2022-07-24T09:56:10.130Z INFO  client] Sending sample transaction 419
[2022-07-24T09:56:10.180Z INFO  client] Sending sample transaction 420
[2022-07-24T09:56:10.230Z INFO  client] Sending sample transaction 421
[2022-07-24T09:56:10.280Z INFO  client] Sending sample transaction 422
[2022-07-24T09:56:10.330Z INFO  client] Sending sample transaction 423
[2022-07-24T09:56:10.380Z INFO  client] Sending sample transaction 424
[2022-07-24T09:56:10.430Z INFO  client] Sending sample transaction 425
[2022-07-24T09:56:10.480Z INFO  client] Sending sample transaction 426
[2022-07-24T09:56:10.531Z INFO  client] Sending sample transaction 427
[2022-07-24T09:56:10.582Z INFO  client] Sending sample transaction 428
[2022-07-24T09:56:10.630Z INFO  client] Sending sample transaction 429
[2022-07-24T09:56:10.680Z INFO  client] Sending sample transaction 430
[2022-07-24T09:56:10.729Z INFO  client] Sending sample transaction 431
[2022-07-24T09:56:10.781Z INFO  client] Sending sample transaction 432
[2022-07-24T09:56:10.832Z INFO  client] Sending sample transaction 433
[2022-07-24T09:56:10.881Z INFO  client] Sending sample transaction 434
[2022-07-24T09:56:10.930Z INFO  client] Sending sample transaction 435
[2022-07-24T09:56:10.980Z INFO  client] Sending sample transaction 436
[2022-07-24T09:56:11.030Z INFO  client] Sending sample transaction 437
[2022-07-24T09:56:11.081Z INFO  client] Sending sample transaction 438
[2022-07-24T09:56:11.152Z INFO  client] Sending sample transaction 439
[2022-07-24T09:56:11.190Z INFO  client] Sending sample transaction 440
