[2022-07-23T17:00:19.050Z INFO  client] Node address: 127.0.0.1:9015
[2022-07-23T17:00:19.050Z INFO  client] Transactions size: 512 B
[2022-07-23T17:00:19.050Z INFO  client] Transactions rate: 112 tx/s
[2022-07-23T17:00:19.050Z INFO  client] Waiting for all nodes to be online...
[2022-07-23T17:00:19.050Z INFO  client] Waiting for all nodes to be synchronized...
[2022-07-23T17:00:21.101Z INFO  client] Start sending transactions
[2022-07-23T17:00:21.106Z INFO  client] Sending sample transaction 0
[2022-07-23T17:00:21.159Z INFO  client] Sending sample transaction 1
[2022-07-23T17:00:21.235Z INFO  client] Sending sample transaction 2
[2022-07-23T17:00:21.319Z INFO  client] Sending sample transaction 3
[2022-07-23T17:00:21.392Z INFO  client] Sending sample transaction 4
[2022-07-23T17:00:21.392Z INFO  client] Sending sample transaction 5
[2022-07-23T17:00:21.470Z INFO  client] Sending sample transaction 6
[2022-07-23T17:00:21.502Z INFO  client] Sending sample transaction 7
[2022-07-23T17:00:21.586Z INFO  client] Sending sample transaction 8
[2022-07-23T17:00:21.644Z INFO  client] Sending sample transaction 9
[2022-07-23T17:00:21.644Z WARN  client] Transaction rate too high for this client
[2022-07-23T17:00:21.644Z INFO  client] Sending sample transaction 10
[2022-07-23T17:00:21.668Z INFO  client] Sending sample transaction 11
[2022-07-23T17:00:21.706Z INFO  client] Sending sample transaction 12
[2022-07-23T17:00:21.753Z INFO  client] Sending sample transaction 13
[2022-07-23T17:00:21.805Z INFO  client] Sending sample transaction 14
[2022-07-23T17:00:21.879Z INFO  client] Sending sample transaction 15
[2022-07-23T17:00:21.909Z INFO  client] Sending sample transaction 16
[2022-07-23T17:00:21.952Z INFO  client] Sending sample transaction 17
[2022-07-23T17:00:22.003Z INFO  client] Sending sample transaction 18
[2022-07-23T17:00:22.053Z INFO  client] Sending sample transaction 19
[2022-07-23T17:00:22.103Z INFO  client] Sending sample transaction 20
[2022-07-23T17:00:22.152Z INFO  client] Sending sample transaction 21
[2022-07-23T17:00:22.203Z INFO  client] Sending sample transaction 22
[2022-07-23T17:00:22.258Z INFO  client] Sending sample transaction 23
[2022-07-23T17:00:22.313Z INFO  client] Sending sample transaction 24
[2022-07-23T17:00:22.367Z INFO  client] Sending sample transaction 25
[2022-07-23T17:00:22.409Z INFO  client] Sending sample transaction 26
[2022-07-23T17:00:22.455Z INFO  client] Sending sample transaction 27
[2022-07-23T17:00:22.521Z INFO  client] Sending sample transaction 28
[2022-07-23T17:00:22.624Z INFO  client] Sending sample transaction 29
[2022-07-23T17:00:22.624Z INFO  client] Sending sample transaction 30
[2022-07-23T17:00:22.669Z INFO  client] Sending sample transaction 31
[2022-07-23T17:00:22.718Z INFO  client] Sending sample transaction 32
[2022-07-23T17:00:22.759Z INFO  client] Sending sample transaction 33
[2022-07-23T17:00:22.810Z INFO  client] Sending sample transaction 34
[2022-07-23T17:00:22.864Z INFO  client] Sending sample transaction 35
[2022-07-23T17:00:22.904Z INFO  client] Sending sample transaction 36
[2022-07-23T17:00:22.953Z INFO  client] Sending sample transaction 37
[2022-07-23T17:00:23.028Z INFO  client] Sending sample transaction 38
[2022-07-23T17:00:23.057Z INFO  client] Sending sample transaction 39
[2022-07-23T17:00:23.104Z INFO  client] Sending sample transaction 40
[2022-07-23T17:00:23.159Z INFO  client] Sending sample transaction 41
[2022-07-23T17:00:23.202Z INFO  client] Sending sample transaction 42
[2022-07-23T17:00:23.254Z INFO  client] Sending sample transaction 43
[2022-07-23T17:00:23.304Z INFO  client] Sending sample transaction 44
[2022-07-23T17:00:23.352Z INFO  client] Sending sample transaction 45
[2022-07-23T17:00:23.404Z INFO  client] Sending sample transaction 46
[2022-07-23T17:00:23.453Z INFO  client] Sending sample transaction 47
[2022-07-23T17:00:23.513Z INFO  client] Sending sample transaction 48
[2022-07-23T17:00:23.553Z INFO  client] Sending sample transaction 49
[2022-07-23T17:00:23.602Z INFO  client] Sending sample transaction 50
[2022-07-23T17:00:23.657Z INFO  client] Sending sample transaction 51
[2022-07-23T17:00:23.710Z INFO  client] Sending sample transaction 52
[2022-07-23T17:00:23.752Z INFO  client] Sending sample transaction 53
[2022-07-23T17:00:23.820Z INFO  client] Sending sample transaction 54
[2022-07-23T17:00:23.852Z INFO  client] Sending sample transaction 55
[2022-07-23T17:00:23.902Z INFO  client] Sending sample transaction 56
[2022-07-23T17:00:23.953Z INFO  client] Sending sample transaction 57
[2022-07-23T17:00:24.008Z INFO  client] Sending sample transaction 58
[2022-07-23T17:00:24.053Z INFO  client] Sending sample transaction 59
[2022-07-23T17:00:24.102Z INFO  client] Sending sample transaction 60
[2022-07-23T17:00:24.153Z INFO  client] Sending sample transaction 61
[2022-07-23T17:00:24.202Z INFO  client] Sending sample transaction 62
[2022-07-23T17:00:24.252Z INFO  client] Sending sample transaction 63
[2022-07-23T17:00:24.303Z INFO  client] Sending sample transaction 64
[2022-07-23T17:00:24.353Z INFO  client] Sending sample transaction 65
[2022-07-23T17:00:24.402Z INFO  client] Sending sample transaction 66
[2022-07-23T17:00:24.452Z INFO  client] Sending sample transaction 67
[2022-07-23T17:00:24.503Z INFO  client] Sending sample transaction 68
[2022-07-23T17:00:24.552Z INFO  client] Sending sample transaction 69
[2022-07-23T17:00:24.610Z INFO  client] Sending sample transaction 70
[2022-07-23T17:00:24.722Z INFO  client] Sending sample transaction 71
[2022-07-23T17:00:24.722Z INFO  client] Sending sample transaction 72
[2022-07-23T17:00:24.764Z INFO  client] Sending sample transaction 73
[2022-07-23T17:00:24.835Z INFO  client] Sending sample transaction 74
[2022-07-23T17:00:24.854Z INFO  client] Sending sample transaction 75
[2022-07-23T17:00:24.918Z INFO  client] Sending sample transaction 76
[2022-07-23T17:00:24.953Z INFO  client] Sending sample transaction 77
[2022-07-23T17:00:25.012Z INFO  client] Sending sample transaction 78
[2022-07-23T17:00:25.054Z INFO  client] Sending sample transaction 79
[2022-07-23T17:00:25.108Z INFO  client] Sending sample transaction 80
[2022-07-23T17:00:25.155Z INFO  client] Sending sample transaction 81
[2022-07-23T17:00:25.202Z INFO  client] Sending sample transaction 82
[2022-07-23T17:00:25.253Z INFO  client] Sending sample transaction 83
[2022-07-23T17:00:25.302Z INFO  client] Sending sample transaction 84
[2022-07-23T17:00:25.352Z INFO  client] Sending sample transaction 85
[2022-07-23T17:00:25.402Z INFO  client] Sending sample transaction 86
[2022-07-23T17:00:25.453Z INFO  client] Sending sample transaction 87
[2022-07-23T17:00:25.504Z INFO  client] Sending sample transaction 88
[2022-07-23T17:00:25.552Z INFO  client] Sending sample transaction 89
[2022-07-23T17:00:25.602Z INFO  client] Sending sample transaction 90
[2022-07-23T17:00:25.652Z INFO  client] Sending sample transaction 91
[2022-07-23T17:00:25.702Z INFO  client] Sending sample transaction 92
[2022-07-23T17:00:25.754Z INFO  client] Sending sample transaction 93
[2022-07-23T17:00:25.802Z INFO  client] Sending sample transaction 94
[2022-07-23T17:00:25.852Z INFO  client] Sending sample transaction 95
[2022-07-23T17:00:25.934Z INFO  client] Sending sample transaction 96
[2022-07-23T17:00:25.959Z INFO  client] Sending sample transaction 97
[2022-07-23T17:00:26.006Z INFO  client] Sending sample transaction 98
[2022-07-23T17:00:26.053Z INFO  client] Sending sample transaction 99
[2022-07-23T17:00:26.102Z INFO  client] Sending sample transaction 100
[2022-07-23T17:00:26.154Z INFO  client] Sending sample transaction 101
[2022-07-23T17:00:26.202Z INFO  client] Sending sample transaction 102
[2022-07-23T17:00:26.252Z INFO  client] Sending sample transaction 103
[2022-07-23T17:00:26.305Z INFO  client] Sending sample transaction 104
[2022-07-23T17:00:26.352Z INFO  client] Sending sample transaction 105
[2022-07-23T17:00:26.402Z INFO  client] Sending sample transaction 106
[2022-07-23T17:00:26.452Z INFO  client] Sending sample transaction 107
[2022-07-23T17:00:26.503Z INFO  client] Sending sample transaction 108
[2022-07-23T17:00:26.552Z INFO  client] Sending sample transaction 109
[2022-07-23T17:00:26.603Z INFO  client] Sending sample transaction 110
[2022-07-23T17:00:26.652Z INFO  client] Sending sample transaction 111
[2022-07-23T17:00:26.702Z INFO  client] Sending sample transaction 112
[2022-07-23T17:00:26.756Z INFO  client] Sending sample transaction 113
[2022-07-23T17:00:26.840Z INFO  client] Sending sample transaction 114
[2022-07-23T17:00:26.857Z INFO  client] Sending sample transaction 115
[2022-07-23T17:00:26.903Z INFO  client] Sending sample transaction 116
[2022-07-23T17:00:26.953Z INFO  client] Sending sample transaction 117
[2022-07-23T17:00:27.006Z INFO  client] Sending sample transaction 118
[2022-07-23T17:00:27.056Z INFO  client] Sending sample transaction 119
[2022-07-23T17:00:27.105Z INFO  client] Sending sample transaction 120
[2022-07-23T17:00:27.181Z INFO  client] Sending sample transaction 121
[2022-07-23T17:00:27.228Z INFO  client] Sending sample transaction 122
[2022-07-23T17:00:27.267Z INFO  client] Sending sample transaction 123
[2022-07-23T17:00:27.347Z INFO  client] Sending sample transaction 124
[2022-07-23T17:00:27.374Z INFO  client] Sending sample transaction 125
[2022-07-23T17:00:27.409Z INFO  client] Sending sample transaction 126
[2022-07-23T17:00:27.455Z INFO  client] Sending sample transaction 127
[2022-07-23T17:00:27.515Z INFO  client] Sending sample transaction 128
[2022-07-23T17:00:27.583Z INFO  client] Sending sample transaction 129
[2022-07-23T17:00:27.606Z INFO  client] Sending sample transaction 130
[2022-07-23T17:00:27.652Z INFO  client] Sending sample transaction 131
[2022-07-23T17:00:27.707Z INFO  client] Sending sample transaction 132
[2022-07-23T17:00:27.754Z INFO  client] Sending sample transaction 133
[2022-07-23T17:00:27.803Z INFO  client] Sending sample transaction 134
[2022-07-23T17:00:27.852Z INFO  client] Sending sample transaction 135
[2022-07-23T17:00:27.910Z INFO  client] Sending sample transaction 136
[2022-07-23T17:00:27.955Z INFO  client] Sending sample transaction 137
[2022-07-23T17:00:28.005Z INFO  client] Sending sample transaction 138
[2022-07-23T17:00:28.065Z INFO  client] Sending sample transaction 139
[2022-07-23T17:00:28.118Z INFO  client] Sending sample transaction 140
[2022-07-23T17:00:28.165Z INFO  client] Sending sample transaction 141
[2022-07-23T17:00:28.205Z INFO  client] Sending sample transaction 142
[2022-07-23T17:00:28.253Z INFO  client] Sending sample transaction 143
[2022-07-23T17:00:28.302Z INFO  client] Sending sample transaction 144
[2022-07-23T17:00:28.353Z INFO  client] Sending sample transaction 145
[2022-07-23T17:00:28.402Z INFO  client] Sending sample transaction 146
[2022-07-23T17:00:28.452Z INFO  client] Sending sample transaction 147
[2022-07-23T17:00:28.503Z INFO  client] Sending sample transaction 148
[2022-07-23T17:00:28.553Z INFO  client] Sending sample transaction 149
[2022-07-23T17:00:28.602Z INFO  client] Sending sample transaction 150
[2022-07-23T17:00:28.652Z INFO  client] Sending sample transaction 151
[2022-07-23T17:00:28.702Z INFO  client] Sending sample transaction 152
[2022-07-23T17:00:28.753Z INFO  client] Sending sample transaction 153
[2022-07-23T17:00:28.802Z INFO  client] Sending sample transaction 154
[2022-07-23T17:00:28.852Z INFO  client] Sending sample transaction 155
[2022-07-23T17:00:28.905Z INFO  client] Sending sample transaction 156
[2022-07-23T17:00:28.952Z INFO  client] Sending sample transaction 157
[2022-07-23T17:00:29.003Z INFO  client] Sending sample transaction 158
[2022-07-23T17:00:29.052Z INFO  client] Sending sample transaction 159
[2022-07-23T17:00:29.102Z INFO  client] Sending sample transaction 160
[2022-07-23T17:00:29.173Z INFO  client] Sending sample transaction 161
[2022-07-23T17:00:29.210Z INFO  client] Sending sample transaction 162
[2022-07-23T17:00:29.267Z INFO  client] Sending sample transaction 163
[2022-07-23T17:00:29.303Z INFO  client] Sending sample transaction 164
[2022-07-23T17:00:29.352Z INFO  client] Sending sample transaction 165
[2022-07-23T17:00:29.403Z INFO  client] Sending sample transaction 166
[2022-07-23T17:00:29.452Z INFO  client] Sending sample transaction 167
[2022-07-23T17:00:29.503Z INFO  client] Sending sample transaction 168
[2022-07-23T17:00:29.552Z INFO  client] Sending sample transaction 169
[2022-07-23T17:00:29.602Z INFO  client] Sending sample transaction 170
[2022-07-23T17:00:29.652Z INFO  client] Sending sample transaction 171
[2022-07-23T17:00:29.703Z INFO  client] Sending sample transaction 172
[2022-07-23T17:00:29.755Z INFO  client] Sending sample transaction 173
[2022-07-23T17:00:29.802Z INFO  client] Sending sample transaction 174
[2022-07-23T17:00:29.852Z INFO  client] Sending sample transaction 175
[2022-07-23T17:00:29.903Z INFO  client] Sending sample transaction 176
[2022-07-23T17:00:29.953Z INFO  client] Sending sample transaction 177
[2022-07-23T17:00:30.004Z INFO  client] Sending sample transaction 178
[2022-07-23T17:00:30.052Z INFO  client] Sending sample transaction 179
[2022-07-23T17:00:30.102Z INFO  client] Sending sample transaction 180
[2022-07-23T17:00:30.153Z INFO  client] Sending sample transaction 181
[2022-07-23T17:00:30.202Z INFO  client] Sending sample transaction 182
[2022-07-23T17:00:30.253Z INFO  client] Sending sample transaction 183
[2022-07-23T17:00:30.310Z INFO  client] Sending sample transaction 184
[2022-07-23T17:00:30.356Z INFO  client] Sending sample transaction 185
[2022-07-23T17:00:30.405Z INFO  client] Sending sample transaction 186
[2022-07-23T17:00:30.453Z INFO  client] Sending sample transaction 187
[2022-07-23T17:00:30.503Z INFO  client] Sending sample transaction 188
[2022-07-23T17:00:30.552Z INFO  client] Sending sample transaction 189
[2022-07-23T17:00:30.602Z INFO  client] Sending sample transaction 190
[2022-07-23T17:00:30.651Z INFO  client] Sending sample transaction 191
[2022-07-23T17:00:30.703Z INFO  client] Sending sample transaction 192
[2022-07-23T17:00:30.752Z INFO  client] Sending sample transaction 193
[2022-07-23T17:00:30.801Z INFO  client] Sending sample transaction 194
[2022-07-23T17:00:30.852Z INFO  client] Sending sample transaction 195
[2022-07-23T17:00:30.902Z INFO  client] Sending sample transaction 196
[2022-07-23T17:00:30.952Z INFO  client] Sending sample transaction 197
[2022-07-23T17:00:31.003Z INFO  client] Sending sample transaction 198
[2022-07-23T17:00:31.052Z INFO  client] Sending sample transaction 199
[2022-07-23T17:00:31.102Z INFO  client] Sending sample transaction 200
[2022-07-23T17:00:31.152Z INFO  client] Sending sample transaction 201
[2022-07-23T17:00:31.203Z INFO  client] Sending sample transaction 202
[2022-07-23T17:00:31.256Z INFO  client] Sending sample transaction 203
[2022-07-23T17:00:31.303Z INFO  client] Sending sample transaction 204
[2022-07-23T17:00:31.352Z INFO  client] Sending sample transaction 205
[2022-07-23T17:00:31.413Z INFO  client] Sending sample transaction 206
[2022-07-23T17:00:31.452Z INFO  client] Sending sample transaction 207
[2022-07-23T17:00:31.503Z INFO  client] Sending sample transaction 208
[2022-07-23T17:00:31.552Z INFO  client] Sending sample transaction 209
[2022-07-23T17:00:31.602Z INFO  client] Sending sample transaction 210
[2022-07-23T17:00:31.653Z INFO  client] Sending sample transaction 211
[2022-07-23T17:00:31.702Z INFO  client] Sending sample transaction 212
[2022-07-23T17:00:31.752Z INFO  client] Sending sample transaction 213
[2022-07-23T17:00:31.802Z INFO  client] Sending sample transaction 214
[2022-07-23T17:00:31.852Z INFO  client] Sending sample transaction 215
[2022-07-23T17:00:31.902Z INFO  client] Sending sample transaction 216
[2022-07-23T17:00:31.952Z INFO  client] Sending sample transaction 217
[2022-07-23T17:00:32.002Z INFO  client] Sending sample transaction 218
[2022-07-23T17:00:32.054Z INFO  client] Sending sample transaction 219
[2022-07-23T17:00:32.102Z INFO  client] Sending sample transaction 220
[2022-07-23T17:00:32.152Z INFO  client] Sending sample transaction 221
[2022-07-23T17:00:32.202Z INFO  client] Sending sample transaction 222
[2022-07-23T17:00:32.252Z INFO  client] Sending sample transaction 223
[2022-07-23T17:00:32.302Z INFO  client] Sending sample transaction 224
[2022-07-23T17:00:32.353Z INFO  client] Sending sample transaction 225
[2022-07-23T17:00:32.402Z INFO  client] Sending sample transaction 226
[2022-07-23T17:00:32.455Z INFO  client] Sending sample transaction 227
[2022-07-23T17:00:32.505Z INFO  client] Sending sample transaction 228
[2022-07-23T17:00:32.551Z INFO  client] Sending sample transaction 229
[2022-07-23T17:00:32.602Z INFO  client] Sending sample transaction 230
[2022-07-23T17:00:32.652Z INFO  client] Sending sample transaction 231
[2022-07-23T17:00:32.702Z INFO  client] Sending sample transaction 232
[2022-07-23T17:00:32.753Z INFO  client] Sending sample transaction 233
[2022-07-23T17:00:32.803Z INFO  client] Sending sample transaction 234
[2022-07-23T17:00:32.853Z INFO  client] Sending sample transaction 235
[2022-07-23T17:00:32.903Z INFO  client] Sending sample transaction 236
[2022-07-23T17:00:32.953Z INFO  client] Sending sample transaction 237
[2022-07-23T17:00:33.003Z INFO  client] Sending sample transaction 238
[2022-07-23T17:00:33.067Z INFO  client] Sending sample transaction 239
[2022-07-23T17:00:33.104Z INFO  client] Sending sample transaction 240
[2022-07-23T17:00:33.169Z INFO  client] Sending sample transaction 241
[2022-07-23T17:00:33.202Z INFO  client] Sending sample transaction 242
[2022-07-23T17:00:33.252Z INFO  client] Sending sample transaction 243
[2022-07-23T17:00:33.302Z INFO  client] Sending sample transaction 244
[2022-07-23T17:00:33.355Z INFO  client] Sending sample transaction 245
[2022-07-23T17:00:33.403Z INFO  client] Sending sample transaction 246
[2022-07-23T17:00:33.452Z INFO  client] Sending sample transaction 247
[2022-07-23T17:00:33.509Z INFO  client] Sending sample transaction 248
[2022-07-23T17:00:33.552Z INFO  client] Sending sample transaction 249
[2022-07-23T17:00:33.602Z INFO  client] Sending sample transaction 250
[2022-07-23T17:00:33.651Z INFO  client] Sending sample transaction 251
[2022-07-23T17:00:33.702Z INFO  client] Sending sample transaction 252
[2022-07-23T17:00:33.752Z INFO  client] Sending sample transaction 253
[2022-07-23T17:00:33.802Z INFO  client] Sending sample transaction 254
[2022-07-23T17:00:33.851Z INFO  client] Sending sample transaction 255
[2022-07-23T17:00:33.902Z INFO  client] Sending sample transaction 256
[2022-07-23T17:00:33.951Z INFO  client] Sending sample transaction 257
[2022-07-23T17:00:34.003Z INFO  client] Sending sample transaction 258
[2022-07-23T17:00:34.053Z INFO  client] Sending sample transaction 259
[2022-07-23T17:00:34.102Z INFO  client] Sending sample transaction 260
[2022-07-23T17:00:34.152Z INFO  client] Sending sample transaction 261
[2022-07-23T17:00:34.206Z INFO  client] Sending sample transaction 262
[2022-07-23T17:00:34.252Z INFO  client] Sending sample transaction 263
[2022-07-23T17:00:34.302Z INFO  client] Sending sample transaction 264
[2022-07-23T17:00:34.427Z INFO  client] Sending sample transaction 265
[2022-07-23T17:00:34.489Z INFO  client] Sending sample transaction 266
[2022-07-23T17:00:34.552Z INFO  client] Sending sample transaction 267
[2022-07-23T17:00:34.603Z WARN  client] Transaction rate too high for this client
[2022-07-23T17:00:34.603Z INFO  client] Sending sample transaction 268
[2022-07-23T17:00:34.646Z INFO  client] Sending sample transaction 269
[2022-07-23T17:00:34.646Z INFO  client] Sending sample transaction 270
[2022-07-23T17:00:34.667Z INFO  client] Sending sample transaction 271
[2022-07-23T17:00:34.703Z INFO  client] Sending sample transaction 272
[2022-07-23T17:00:34.757Z INFO  client] Sending sample transaction 273
[2022-07-23T17:00:34.811Z INFO  client] Sending sample transaction 274
[2022-07-23T17:00:34.852Z INFO  client] Sending sample transaction 275
[2022-07-23T17:00:34.903Z INFO  client] Sending sample transaction 276
[2022-07-23T17:00:34.953Z INFO  client] Sending sample transaction 277
[2022-07-23T17:00:35.002Z INFO  client] Sending sample transaction 278
[2022-07-23T17:00:35.052Z INFO  client] Sending sample transaction 279
[2022-07-23T17:00:35.102Z INFO  client] Sending sample transaction 280
[2022-07-23T17:00:35.157Z INFO  client] Sending sample transaction 281
[2022-07-23T17:00:35.203Z INFO  client] Sending sample transaction 282
[2022-07-23T17:00:35.252Z INFO  client] Sending sample transaction 283
[2022-07-23T17:00:35.308Z INFO  client] Sending sample transaction 284
[2022-07-23T17:00:35.358Z INFO  client] Sending sample transaction 285
[2022-07-23T17:00:35.404Z INFO  client] Sending sample transaction 286
[2022-07-23T17:00:35.453Z INFO  client] Sending sample transaction 287
[2022-07-23T17:00:35.503Z INFO  client] Sending sample transaction 288
[2022-07-23T17:00:35.554Z INFO  client] Sending sample transaction 289
[2022-07-23T17:00:35.602Z INFO  client] Sending sample transaction 290
[2022-07-23T17:00:35.652Z INFO  client] Sending sample transaction 291
[2022-07-23T17:00:35.702Z INFO  client] Sending sample transaction 292
[2022-07-23T17:00:35.752Z INFO  client] Sending sample transaction 293
[2022-07-23T17:00:35.804Z INFO  client] Sending sample transaction 294
[2022-07-23T17:00:35.852Z INFO  client] Sending sample transaction 295
[2022-07-23T17:00:35.903Z INFO  client] Sending sample transaction 296
[2022-07-23T17:00:35.953Z INFO  client] Sending sample transaction 297
[2022-07-23T17:00:36.013Z INFO  client] Sending sample transaction 298
[2022-07-23T17:00:36.053Z INFO  client] Sending sample transaction 299
[2022-07-23T17:00:36.102Z INFO  client] Sending sample transaction 300
[2022-07-23T17:00:36.153Z INFO  client] Sending sample transaction 301
[2022-07-23T17:00:36.202Z INFO  client] Sending sample transaction 302
[2022-07-23T17:00:36.252Z INFO  client] Sending sample transaction 303
[2022-07-23T17:00:36.301Z INFO  client] Sending sample transaction 304
[2022-07-23T17:00:36.355Z INFO  client] Sending sample transaction 305
[2022-07-23T17:00:36.404Z INFO  client] Sending sample transaction 306
[2022-07-23T17:00:36.452Z INFO  client] Sending sample transaction 307
[2022-07-23T17:00:36.501Z INFO  client] Sending sample transaction 308
[2022-07-23T17:00:36.551Z INFO  client] Sending sample transaction 309
[2022-07-23T17:00:36.602Z INFO  client] Sending sample transaction 310
[2022-07-23T17:00:36.652Z INFO  client] Sending sample transaction 311
[2022-07-23T17:00:36.707Z INFO  client] Sending sample transaction 312
[2022-07-23T17:00:36.756Z INFO  client] Sending sample transaction 313
[2022-07-23T17:00:36.803Z INFO  client] Sending sample transaction 314
[2022-07-23T17:00:36.863Z INFO  client] Sending sample transaction 315
[2022-07-23T17:00:36.917Z INFO  client] Sending sample transaction 316
[2022-07-23T17:00:36.960Z INFO  client] Sending sample transaction 317
[2022-07-23T17:00:37.019Z INFO  client] Sending sample transaction 318
[2022-07-23T17:00:37.054Z INFO  client] Sending sample transaction 319
[2022-07-23T17:00:37.104Z INFO  client] Sending sample transaction 320
[2022-07-23T17:00:37.152Z INFO  client] Sending sample transaction 321
[2022-07-23T17:00:37.204Z INFO  client] Sending sample transaction 322
[2022-07-23T17:00:37.253Z INFO  client] Sending sample transaction 323
[2022-07-23T17:00:37.304Z INFO  client] Sending sample transaction 324
[2022-07-23T17:00:37.353Z INFO  client] Sending sample transaction 325
[2022-07-23T17:00:37.402Z INFO  client] Sending sample transaction 326
[2022-07-23T17:00:37.454Z INFO  client] Sending sample transaction 327
[2022-07-23T17:00:37.711Z INFO  client] Sending sample transaction 328
[2022-07-23T17:00:37.747Z WARN  client] Transaction rate too high for this client
[2022-07-23T17:00:37.803Z INFO  client] Sending sample transaction 329
[2022-07-23T17:00:37.846Z WARN  client] Transaction rate too high for this client
[2022-07-23T17:00:37.846Z INFO  client] Sending sample transaction 330
[2022-07-23T17:00:37.873Z INFO  client] Sending sample transaction 331
[2022-07-23T17:00:37.873Z INFO  client] Sending sample transaction 332
[2022-07-23T17:00:37.873Z INFO  client] Sending sample transaction 333
[2022-07-23T17:00:37.874Z INFO  client] Sending sample transaction 334
[2022-07-23T17:00:37.874Z INFO  client] Sending sample transaction 335
[2022-07-23T17:00:37.925Z INFO  client] Sending sample transaction 336
[2022-07-23T17:00:37.958Z INFO  client] Sending sample transaction 337
[2022-07-23T17:00:38.004Z INFO  client] Sending sample transaction 338
[2022-07-23T17:00:38.054Z INFO  client] Sending sample transaction 339
[2022-07-23T17:00:38.102Z INFO  client] Sending sample transaction 340
[2022-07-23T17:00:38.158Z INFO  client] Sending sample transaction 341
[2022-07-23T17:00:38.306Z INFO  client] Sending sample transaction 342
[2022-07-23T17:00:38.307Z INFO  client] Sending sample transaction 343
[2022-07-23T17:00:38.362Z INFO  client] Sending sample transaction 344
[2022-07-23T17:00:38.435Z INFO  client] Sending sample transaction 345
[2022-07-23T17:00:38.457Z INFO  client] Sending sample transaction 346
[2022-07-23T17:00:38.467Z INFO  client] Sending sample transaction 347
[2022-07-23T17:00:38.511Z INFO  client] Sending sample transaction 348
[2022-07-23T17:00:38.594Z INFO  client] Sending sample transaction 349
[2022-07-23T17:00:38.638Z INFO  client] Sending sample transaction 350
[2022-07-23T17:00:38.666Z INFO  client] Sending sample transaction 351
[2022-07-23T17:00:38.709Z INFO  client] Sending sample transaction 352
[2022-07-23T17:00:38.752Z INFO  client] Sending sample transaction 353
[2022-07-23T17:00:38.803Z INFO  client] Sending sample transaction 354
[2022-07-23T17:00:38.856Z INFO  client] Sending sample transaction 355
[2022-07-23T17:00:38.903Z INFO  client] Sending sample transaction 356
[2022-07-23T17:00:38.959Z INFO  client] Sending sample transaction 357
[2022-07-23T17:00:39.008Z INFO  client] Sending sample transaction 358
[2022-07-23T17:00:39.067Z INFO  client] Sending sample transaction 359
[2022-07-23T17:00:39.128Z INFO  client] Sending sample transaction 360
[2022-07-23T17:00:39.213Z INFO  client] Sending sample transaction 361
[2022-07-23T17:00:39.222Z INFO  client] Sending sample transaction 362
[2022-07-23T17:00:39.265Z INFO  client] Sending sample transaction 363
[2022-07-23T17:00:39.303Z INFO  client] Sending sample transaction 364
[2022-07-23T17:00:39.353Z INFO  client] Sending sample transaction 365
[2022-07-23T17:00:39.402Z INFO  client] Sending sample transaction 366
[2022-07-23T17:00:39.453Z INFO  client] Sending sample transaction 367
[2022-07-23T17:00:39.504Z INFO  client] Sending sample transaction 368
[2022-07-23T17:00:39.553Z INFO  client] Sending sample transaction 369
[2022-07-23T17:00:39.602Z INFO  client] Sending sample transaction 370
[2022-07-23T17:00:39.735Z INFO  client] Sending sample transaction 371
[2022-07-23T17:00:39.792Z WARN  client] Transaction rate too high for this client
[2022-07-23T17:00:39.798Z INFO  client] Sending sample transaction 372
[2022-07-23T17:00:39.810Z INFO  client] Sending sample transaction 373
[2022-07-23T17:00:39.816Z INFO  client] Sending sample transaction 374
[2022-07-23T17:00:39.855Z INFO  client] Sending sample transaction 375
[2022-07-23T17:00:39.903Z INFO  client] Sending sample transaction 376
[2022-07-23T17:00:39.953Z INFO  client] Sending sample transaction 377
[2022-07-23T17:00:40.007Z INFO  client] Sending sample transaction 378
[2022-07-23T17:00:40.056Z INFO  client] Sending sample transaction 379
[2022-07-23T17:00:40.130Z INFO  client] Sending sample transaction 380
[2022-07-23T17:00:40.162Z INFO  client] Sending sample transaction 381
[2022-07-23T17:00:40.202Z INFO  client] Sending sample transaction 382
[2022-07-23T17:00:40.276Z INFO  client] Sending sample transaction 383
[2022-07-23T17:00:40.319Z INFO  client] Sending sample transaction 384
[2022-07-23T17:00:40.379Z INFO  client] Sending sample transaction 385
[2022-07-23T17:00:40.412Z INFO  client] Sending sample transaction 386
[2022-07-23T17:00:40.455Z INFO  client] Sending sample transaction 387
[2022-07-23T17:00:40.502Z INFO  client] Sending sample transaction 388
[2022-07-23T17:00:40.562Z INFO  client] Sending sample transaction 389
[2022-07-23T17:00:40.604Z INFO  client] Sending sample transaction 390
[2022-07-23T17:00:40.653Z INFO  client] Sending sample transaction 391
[2022-07-23T17:00:40.781Z INFO  client] Sending sample transaction 392
[2022-07-23T17:00:40.807Z INFO  client] Sending sample transaction 393
[2022-07-23T17:00:40.815Z INFO  client] Sending sample transaction 394
[2022-07-23T17:00:40.862Z INFO  client] Sending sample transaction 395
[2022-07-23T17:00:40.925Z INFO  client] Sending sample transaction 396
[2022-07-23T17:00:40.954Z INFO  client] Sending sample transaction 397
[2022-07-23T17:00:41.080Z INFO  client] Sending sample transaction 398
[2022-07-23T17:00:41.083Z INFO  client] Sending sample transaction 399
[2022-07-23T17:00:41.102Z INFO  client] Sending sample transaction 400
[2022-07-23T17:00:41.152Z INFO  client] Sending sample transaction 401
[2022-07-23T17:00:41.202Z INFO  client] Sending sample transaction 402
[2022-07-23T17:00:41.255Z INFO  client] Sending sample transaction 403
[2022-07-23T17:00:41.302Z INFO  client] Sending sample transaction 404
[2022-07-23T17:00:41.353Z INFO  client] Sending sample transaction 405
[2022-07-23T17:00:41.406Z INFO  client] Sending sample transaction 406
[2022-07-23T17:00:41.613Z INFO  client] Sending sample transaction 407
[2022-07-23T17:00:41.676Z INFO  client] Sending sample transaction 408
[2022-07-23T17:00:41.676Z WARN  client] Transaction rate too high for this client
[2022-07-23T17:00:41.779Z INFO  client] Sending sample transaction 409
[2022-07-23T17:00:41.780Z WARN  client] Transaction rate too high for this client
[2022-07-23T17:00:41.780Z INFO  client] Sending sample transaction 410
[2022-07-23T17:00:41.780Z INFO  client] Sending sample transaction 411
[2022-07-23T17:00:41.908Z WARN  client] Transaction rate too high for this client
[2022-07-23T17:00:42.003Z INFO  client] Sending sample transaction 412
[2022-07-23T17:00:42.004Z WARN  client] Transaction rate too high for this client
[2022-07-23T17:00:42.004Z INFO  client] Sending sample transaction 413
[2022-07-23T17:00:42.004Z INFO  client] Sending sample transaction 414
[2022-07-23T17:00:42.004Z INFO  client] Sending sample transaction 415
[2022-07-23T17:00:42.004Z INFO  client] Sending sample transaction 416
[2022-07-23T17:00:42.046Z INFO  client] Sending sample transaction 417
[2022-07-23T17:00:42.053Z INFO  client] Sending sample transaction 418
[2022-07-23T17:00:42.062Z INFO  client] Sending sample transaction 419
[2022-07-23T17:00:42.125Z INFO  client] Sending sample transaction 420
[2022-07-23T17:00:42.158Z INFO  client] Sending sample transaction 421
[2022-07-23T17:00:42.203Z INFO  client] Sending sample transaction 422
[2022-07-23T17:00:42.255Z INFO  client] Sending sample transaction 423
[2022-07-23T17:00:42.304Z INFO  client] Sending sample transaction 424
[2022-07-23T17:00:42.351Z INFO  client] Sending sample transaction 425
[2022-07-23T17:00:42.403Z INFO  client] Sending sample transaction 426
[2022-07-23T17:00:42.453Z INFO  client] Sending sample transaction 427
[2022-07-23T17:00:42.505Z INFO  client] Sending sample transaction 428
[2022-07-23T17:00:42.555Z INFO  client] Sending sample transaction 429
[2022-07-23T17:00:42.602Z INFO  client] Sending sample transaction 430
[2022-07-23T17:00:42.654Z INFO  client] Sending sample transaction 431
[2022-07-23T17:00:42.703Z INFO  client] Sending sample transaction 432
[2022-07-23T17:00:42.753Z INFO  client] Sending sample transaction 433
[2022-07-23T17:00:42.803Z INFO  client] Sending sample transaction 434
[2022-07-23T17:00:42.852Z INFO  client] Sending sample transaction 435
[2022-07-23T17:00:42.905Z INFO  client] Sending sample transaction 436
[2022-07-23T17:00:42.952Z INFO  client] Sending sample transaction 437
[2022-07-23T17:00:43.002Z INFO  client] Sending sample transaction 438
