[2022-07-23T12:01:32.273Z INFO  client] Node address: 127.0.0.1:9013
[2022-07-23T12:01:32.273Z INFO  client] Transactions size: 512 B
[2022-07-23T12:01:32.273Z INFO  client] Transactions rate: 112 tx/s
[2022-07-23T12:01:32.273Z INFO  client] Waiting for all nodes to be online...
[2022-07-23T12:01:32.273Z INFO  client] Waiting for all nodes to be synchronized...
[2022-07-23T12:01:34.277Z INFO  client] Start sending transactions
[2022-07-23T12:01:34.278Z INFO  client] Sending sample transaction 0
[2022-07-23T12:01:34.328Z INFO  client] Sending sample transaction 1
[2022-07-23T12:01:34.378Z INFO  client] Sending sample transaction 2
[2022-07-23T12:01:34.429Z INFO  client] Sending sample transaction 3
[2022-07-23T12:01:34.491Z INFO  client] Sending sample transaction 4
[2022-07-23T12:01:34.529Z INFO  client] Sending sample transaction 5
[2022-07-23T12:01:34.578Z INFO  client] Sending sample transaction 6
[2022-07-23T12:01:34.628Z INFO  client] Sending sample transaction 7
[2022-07-23T12:01:34.679Z INFO  client] Sending sample transaction 8
[2022-07-23T12:01:34.728Z INFO  client] Sending sample transaction 9
[2022-07-23T12:01:34.778Z INFO  client] Sending sample transaction 10
[2022-07-23T12:01:34.829Z INFO  client] Sending sample transaction 11
[2022-07-23T12:01:34.878Z INFO  client] Sending sample transaction 12
[2022-07-23T12:01:34.928Z INFO  client] Sending sample transaction 13
[2022-07-23T12:01:34.979Z INFO  client] Sending sample transaction 14
[2022-07-23T12:01:35.028Z INFO  client] Sending sample transaction 15
[2022-07-23T12:01:35.085Z INFO  client] Sending sample transaction 16
[2022-07-23T12:01:35.143Z INFO  client] Sending sample transaction 17
[2022-07-23T12:01:35.180Z INFO  client] Sending sample transaction 18
[2022-07-23T12:01:35.229Z INFO  client] Sending sample transaction 19
[2022-07-23T12:01:35.278Z INFO  client] Sending sample transaction 20
[2022-07-23T12:01:35.328Z INFO  client] Sending sample transaction 21
[2022-07-23T12:01:35.379Z INFO  client] Sending sample transaction 22
[2022-07-23T12:01:35.429Z INFO  client] Sending sample transaction 23
[2022-07-23T12:01:35.481Z INFO  client] Sending sample transaction 24
[2022-07-23T12:01:35.529Z INFO  client] Sending sample transaction 25
[2022-07-23T12:01:35.578Z INFO  client] Sending sample transaction 26
[2022-07-23T12:01:35.627Z INFO  client] Sending sample transaction 27
[2022-07-23T12:01:35.678Z INFO  client] Sending sample transaction 28
[2022-07-23T12:01:35.728Z INFO  client] Sending sample transaction 29
[2022-07-23T12:01:35.778Z INFO  client] Sending sample transaction 30
[2022-07-23T12:01:35.828Z INFO  client] Sending sample transaction 31
[2022-07-23T12:01:35.879Z INFO  client] Sending sample transaction 32
[2022-07-23T12:01:35.934Z INFO  client] Sending sample transaction 33
[2022-07-23T12:01:35.978Z INFO  client] Sending sample transaction 34
[2022-07-23T12:01:36.028Z INFO  client] Sending sample transaction 35
[2022-07-23T12:01:36.078Z INFO  client] Sending sample transaction 36
[2022-07-23T12:01:36.134Z INFO  client] Sending sample transaction 37
[2022-07-23T12:01:36.178Z INFO  client] Sending sample transaction 38
[2022-07-23T12:01:36.228Z INFO  client] Sending sample transaction 39
[2022-07-23T12:01:36.278Z INFO  client] Sending sample transaction 40
[2022-07-23T12:01:36.328Z INFO  client] Sending sample transaction 41
[2022-07-23T12:01:36.378Z INFO  client] Sending sample transaction 42
[2022-07-23T12:01:36.428Z INFO  client] Sending sample transaction 43
[2022-07-23T12:01:36.478Z INFO  client] Sending sample transaction 44
[2022-07-23T12:01:36.528Z INFO  client] Sending sample transaction 45
[2022-07-23T12:01:36.578Z INFO  client] Sending sample transaction 46
[2022-07-23T12:01:36.627Z INFO  client] Sending sample transaction 47
[2022-07-23T12:01:36.679Z INFO  client] Sending sample transaction 48
[2022-07-23T12:01:36.728Z INFO  client] Sending sample transaction 49
[2022-07-23T12:01:36.778Z INFO  client] Sending sample transaction 50
[2022-07-23T12:01:36.828Z INFO  client] Sending sample transaction 51
[2022-07-23T12:01:36.878Z INFO  client] Sending sample transaction 52
[2022-07-23T12:01:36.928Z INFO  client] Sending sample transaction 53
[2022-07-23T12:01:36.979Z INFO  client] Sending sample transaction 54
[2022-07-23T12:01:37.028Z INFO  client] Sending sample transaction 55
[2022-07-23T12:01:37.078Z INFO  client] Sending sample transaction 56
[2022-07-23T12:01:37.128Z INFO  client] Sending sample transaction 57
[2022-07-23T12:01:37.179Z INFO  client] Sending sample transaction 58
[2022-07-23T12:01:37.228Z INFO  client] Sending sample transaction 59
[2022-07-23T12:01:37.283Z INFO  client] Sending sample transaction 60
[2022-07-23T12:01:37.328Z INFO  client] Sending sample transaction 61
[2022-07-23T12:01:37.378Z INFO  client] Sending sample transaction 62
[2022-07-23T12:01:37.428Z INFO  client] Sending sample transaction 63
[2022-07-23T12:01:37.479Z INFO  client] Sending sample transaction 64
[2022-07-23T12:01:37.528Z INFO  client] Sending sample transaction 65
[2022-07-23T12:01:37.578Z INFO  client] Sending sample transaction 66
[2022-07-23T12:01:37.629Z INFO  client] Sending sample transaction 67
[2022-07-23T12:01:37.679Z INFO  client] Sending sample transaction 68
[2022-07-23T12:01:37.729Z INFO  client] Sending sample transaction 69
[2022-07-23T12:01:37.778Z INFO  client] Sending sample transaction 70
[2022-07-23T12:01:37.829Z INFO  client] Sending sample transaction 71
[2022-07-23T12:01:37.878Z INFO  client] Sending sample transaction 72
[2022-07-23T12:01:37.929Z INFO  client] Sending sample transaction 73
[2022-07-23T12:01:37.978Z INFO  client] Sending sample transaction 74
[2022-07-23T12:01:38.028Z INFO  client] Sending sample transaction 75
[2022-07-23T12:01:38.078Z INFO  client] Sending sample transaction 76
[2022-07-23T12:01:38.128Z INFO  client] Sending sample transaction 77
[2022-07-23T12:01:38.178Z INFO  client] Sending sample transaction 78
[2022-07-23T12:01:38.229Z INFO  client] Sending sample transaction 79
[2022-07-23T12:01:38.278Z INFO  client] Sending sample transaction 80
[2022-07-23T12:01:38.328Z INFO  client] Sending sample transaction 81
[2022-07-23T12:01:38.378Z INFO  client] Sending sample transaction 82
[2022-07-23T12:01:38.428Z INFO  client] Sending sample transaction 83
[2022-07-23T12:01:38.479Z INFO  client] Sending sample transaction 84
[2022-07-23T12:01:38.528Z INFO  client] Sending sample transaction 85
[2022-07-23T12:01:38.579Z INFO  client] Sending sample transaction 86
[2022-07-23T12:01:38.629Z INFO  client] Sending sample transaction 87
[2022-07-23T12:01:38.678Z INFO  client] Sending sample transaction 88
[2022-07-23T12:01:38.728Z INFO  client] Sending sample transaction 89
[2022-07-23T12:01:38.778Z INFO  client] Sending sample transaction 90
[2022-07-23T12:01:38.828Z INFO  client] Sending sample transaction 91
[2022-07-23T12:01:38.878Z INFO  client] Sending sample transaction 92
[2022-07-23T12:01:38.928Z INFO  client] Sending sample transaction 93
[2022-07-23T12:01:38.978Z INFO  client] Sending sample transaction 94
[2022-07-23T12:01:39.028Z INFO  client] Sending sample transaction 95
[2022-07-23T12:01:39.078Z INFO  client] Sending sample transaction 96
[2022-07-23T12:01:39.128Z INFO  client] Sending sample transaction 97
[2022-07-23T12:01:39.177Z INFO  client] Sending sample transaction 98
[2022-07-23T12:01:39.228Z INFO  client] Sending sample transaction 99
[2022-07-23T12:01:39.279Z INFO  client] Sending sample transaction 100
[2022-07-23T12:01:39.328Z INFO  client] Sending sample transaction 101
[2022-07-23T12:01:39.379Z INFO  client] Sending sample transaction 102
[2022-07-23T12:01:39.429Z INFO  client] Sending sample transaction 103
[2022-07-23T12:01:39.477Z INFO  client] Sending sample transaction 104
[2022-07-23T12:01:39.528Z INFO  client] Sending sample transaction 105
[2022-07-23T12:01:39.578Z INFO  client] Sending sample transaction 106
[2022-07-23T12:01:39.629Z INFO  client] Sending sample transaction 107
[2022-07-23T12:01:39.677Z INFO  client] Sending sample transaction 108
[2022-07-23T12:01:39.728Z INFO  client] Sending sample transaction 109
[2022-07-23T12:01:39.778Z INFO  client] Sending sample transaction 110
[2022-07-23T12:01:39.827Z INFO  client] Sending sample transaction 111
[2022-07-23T12:01:39.878Z INFO  client] Sending sample transaction 112
[2022-07-23T12:01:39.928Z INFO  client] Sending sample transaction 113
[2022-07-23T12:01:39.977Z INFO  client] Sending sample transaction 114
[2022-07-23T12:01:40.028Z INFO  client] Sending sample transaction 115
[2022-07-23T12:01:40.078Z INFO  client] Sending sample transaction 116
[2022-07-23T12:01:40.128Z INFO  client] Sending sample transaction 117
[2022-07-23T12:01:40.178Z INFO  client] Sending sample transaction 118
[2022-07-23T12:01:40.228Z INFO  client] Sending sample transaction 119
[2022-07-23T12:01:40.278Z INFO  client] Sending sample transaction 120
[2022-07-23T12:01:40.328Z INFO  client] Sending sample transaction 121
[2022-07-23T12:01:40.378Z INFO  client] Sending sample transaction 122
[2022-07-23T12:01:40.428Z INFO  client] Sending sample transaction 123
[2022-07-23T12:01:40.478Z INFO  client] Sending sample transaction 124
[2022-07-23T12:01:40.527Z INFO  client] Sending sample transaction 125
[2022-07-23T12:01:40.578Z INFO  client] Sending sample transaction 126
[2022-07-23T12:01:40.628Z INFO  client] Sending sample transaction 127
[2022-07-23T12:01:40.678Z INFO  client] Sending sample transaction 128
[2022-07-23T12:01:40.728Z INFO  client] Sending sample transaction 129
[2022-07-23T12:01:40.778Z INFO  client] Sending sample transaction 130
[2022-07-23T12:01:40.828Z INFO  client] Sending sample transaction 131
[2022-07-23T12:01:40.878Z INFO  client] Sending sample transaction 132
[2022-07-23T12:01:40.928Z INFO  client] Sending sample transaction 133
[2022-07-23T12:01:40.977Z INFO  client] Sending sample transaction 134
[2022-07-23T12:01:41.028Z INFO  client] Sending sample transaction 135
[2022-07-23T12:01:41.078Z INFO  client] Sending sample transaction 136
[2022-07-23T12:01:41.128Z INFO  client] Sending sample transaction 137
[2022-07-23T12:01:41.178Z INFO  client] Sending sample transaction 138
[2022-07-23T12:01:41.228Z INFO  client] Sending sample transaction 139
[2022-07-23T12:01:41.278Z INFO  client] Sending sample transaction 140
[2022-07-23T12:01:41.328Z INFO  client] Sending sample transaction 141
[2022-07-23T12:01:41.378Z INFO  client] Sending sample transaction 142
[2022-07-23T12:01:41.431Z INFO  client] Sending sample transaction 143
[2022-07-23T12:01:41.477Z INFO  client] Sending sample transaction 144
[2022-07-23T12:01:41.528Z INFO  client] Sending sample transaction 145
[2022-07-23T12:01:41.578Z INFO  client] Sending sample transaction 146
[2022-07-23T12:01:41.629Z INFO  client] Sending sample transaction 147
[2022-07-23T12:01:41.682Z INFO  client] Sending sample transaction 148
[2022-07-23T12:01:41.727Z INFO  client] Sending sample transaction 149
[2022-07-23T12:01:41.778Z INFO  client] Sending sample transaction 150
[2022-07-23T12:01:41.828Z INFO  client] Sending sample transaction 151
[2022-07-23T12:01:41.879Z INFO  client] Sending sample transaction 152
[2022-07-23T12:01:41.929Z INFO  client] Sending sample transaction 153
[2022-07-23T12:01:41.978Z INFO  client] Sending sample transaction 154
[2022-07-23T12:01:42.028Z INFO  client] Sending sample transaction 155
[2022-07-23T12:01:42.078Z INFO  client] Sending sample transaction 156
[2022-07-23T12:01:42.128Z INFO  client] Sending sample transaction 157
[2022-07-23T12:01:42.179Z INFO  client] Sending sample transaction 158
[2022-07-23T12:01:42.229Z INFO  client] Sending sample transaction 159
[2022-07-23T12:01:42.278Z INFO  client] Sending sample transaction 160
[2022-07-23T12:01:42.328Z INFO  client] Sending sample transaction 161
[2022-07-23T12:01:42.377Z INFO  client] Sending sample transaction 162
[2022-07-23T12:01:42.428Z INFO  client] Sending sample transaction 163
[2022-07-23T12:01:42.478Z INFO  client] Sending sample transaction 164
[2022-07-23T12:01:42.528Z INFO  client] Sending sample transaction 165
[2022-07-23T12:01:42.577Z INFO  client] Sending sample transaction 166
[2022-07-23T12:01:42.628Z INFO  client] Sending sample transaction 167
[2022-07-23T12:01:42.678Z INFO  client] Sending sample transaction 168
[2022-07-23T12:01:42.728Z INFO  client] Sending sample transaction 169
[2022-07-23T12:01:42.778Z INFO  client] Sending sample transaction 170
[2022-07-23T12:01:42.828Z INFO  client] Sending sample transaction 171
[2022-07-23T12:01:42.878Z INFO  client] Sending sample transaction 172
[2022-07-23T12:01:42.928Z INFO  client] Sending sample transaction 173
[2022-07-23T12:01:42.979Z INFO  client] Sending sample transaction 174
[2022-07-23T12:01:43.028Z INFO  client] Sending sample transaction 175
[2022-07-23T12:01:43.078Z INFO  client] Sending sample transaction 176
[2022-07-23T12:01:43.128Z INFO  client] Sending sample transaction 177
[2022-07-23T12:01:43.178Z INFO  client] Sending sample transaction 178
[2022-07-23T12:01:43.229Z INFO  client] Sending sample transaction 179
[2022-07-23T12:01:43.278Z INFO  client] Sending sample transaction 180
[2022-07-23T12:01:43.328Z INFO  client] Sending sample transaction 181
[2022-07-23T12:01:43.378Z INFO  client] Sending sample transaction 182
[2022-07-23T12:01:43.428Z INFO  client] Sending sample transaction 183
[2022-07-23T12:01:43.478Z INFO  client] Sending sample transaction 184
[2022-07-23T12:01:43.532Z INFO  client] Sending sample transaction 185
[2022-07-23T12:01:43.578Z INFO  client] Sending sample transaction 186
[2022-07-23T12:01:43.628Z INFO  client] Sending sample transaction 187
[2022-07-23T12:01:43.678Z INFO  client] Sending sample transaction 188
[2022-07-23T12:01:43.729Z INFO  client] Sending sample transaction 189
[2022-07-23T12:01:43.778Z INFO  client] Sending sample transaction 190
[2022-07-23T12:01:43.829Z INFO  client] Sending sample transaction 191
[2022-07-23T12:01:43.878Z INFO  client] Sending sample transaction 192
[2022-07-23T12:01:43.928Z INFO  client] Sending sample transaction 193
[2022-07-23T12:01:43.978Z INFO  client] Sending sample transaction 194
[2022-07-23T12:01:44.028Z INFO  client] Sending sample transaction 195
[2022-07-23T12:01:44.078Z INFO  client] Sending sample transaction 196
[2022-07-23T12:01:44.128Z INFO  client] Sending sample transaction 197
[2022-07-23T12:01:44.178Z INFO  client] Sending sample transaction 198
[2022-07-23T12:01:44.228Z INFO  client] Sending sample transaction 199
[2022-07-23T12:01:44.278Z INFO  client] Sending sample transaction 200
[2022-07-23T12:01:44.328Z INFO  client] Sending sample transaction 201
[2022-07-23T12:01:44.379Z INFO  client] Sending sample transaction 202
[2022-07-23T12:01:44.427Z INFO  client] Sending sample transaction 203
[2022-07-23T12:01:44.479Z INFO  client] Sending sample transaction 204
[2022-07-23T12:01:44.528Z INFO  client] Sending sample transaction 205
[2022-07-23T12:01:44.578Z INFO  client] Sending sample transaction 206
[2022-07-23T12:01:44.629Z INFO  client] Sending sample transaction 207
[2022-07-23T12:01:44.678Z INFO  client] Sending sample transaction 208
[2022-07-23T12:01:44.728Z INFO  client] Sending sample transaction 209
[2022-07-23T12:01:44.778Z INFO  client] Sending sample transaction 210
[2022-07-23T12:01:44.828Z INFO  client] Sending sample transaction 211
[2022-07-23T12:01:44.878Z INFO  client] Sending sample transaction 212
[2022-07-23T12:01:44.930Z INFO  client] Sending sample transaction 213
[2022-07-23T12:01:44.981Z INFO  client] Sending sample transaction 214
[2022-07-23T12:01:45.028Z INFO  client] Sending sample transaction 215
[2022-07-23T12:01:45.078Z INFO  client] Sending sample transaction 216
[2022-07-23T12:01:45.129Z INFO  client] Sending sample transaction 217
[2022-07-23T12:01:45.178Z INFO  client] Sending sample transaction 218
[2022-07-23T12:01:45.229Z INFO  client] Sending sample transaction 219
[2022-07-23T12:01:45.278Z INFO  client] Sending sample transaction 220
[2022-07-23T12:01:45.328Z INFO  client] Sending sample transaction 221
[2022-07-23T12:01:45.377Z INFO  client] Sending sample transaction 222
[2022-07-23T12:01:45.428Z INFO  client] Sending sample transaction 223
[2022-07-23T12:01:45.478Z INFO  client] Sending sample transaction 224
[2022-07-23T12:01:45.528Z INFO  client] Sending sample transaction 225
[2022-07-23T12:01:45.579Z INFO  client] Sending sample transaction 226
[2022-07-23T12:01:45.631Z INFO  client] Sending sample transaction 227
[2022-07-23T12:01:45.677Z INFO  client] Sending sample transaction 228
[2022-07-23T12:01:45.728Z INFO  client] Sending sample transaction 229
[2022-07-23T12:01:45.777Z INFO  client] Sending sample transaction 230
[2022-07-23T12:01:45.828Z INFO  client] Sending sample transaction 231
[2022-07-23T12:01:45.878Z INFO  client] Sending sample transaction 232
[2022-07-23T12:01:45.928Z INFO  client] Sending sample transaction 233
[2022-07-23T12:01:45.978Z INFO  client] Sending sample transaction 234
[2022-07-23T12:01:46.027Z INFO  client] Sending sample transaction 235
[2022-07-23T12:01:46.078Z INFO  client] Sending sample transaction 236
[2022-07-23T12:01:46.128Z INFO  client] Sending sample transaction 237
[2022-07-23T12:01:46.177Z INFO  client] Sending sample transaction 238
[2022-07-23T12:01:46.229Z INFO  client] Sending sample transaction 239
[2022-07-23T12:01:46.278Z INFO  client] Sending sample transaction 240
[2022-07-23T12:01:46.328Z INFO  client] Sending sample transaction 241
[2022-07-23T12:01:46.377Z INFO  client] Sending sample transaction 242
[2022-07-23T12:01:46.428Z INFO  client] Sending sample transaction 243
[2022-07-23T12:01:46.478Z INFO  client] Sending sample transaction 244
[2022-07-23T12:01:46.528Z INFO  client] Sending sample transaction 245
[2022-07-23T12:01:46.578Z INFO  client] Sending sample transaction 246
[2022-07-23T12:01:46.628Z INFO  client] Sending sample transaction 247
[2022-07-23T12:01:46.678Z INFO  client] Sending sample transaction 248
[2022-07-23T12:01:46.728Z INFO  client] Sending sample transaction 249
[2022-07-23T12:01:46.778Z INFO  client] Sending sample transaction 250
[2022-07-23T12:01:46.828Z INFO  client] Sending sample transaction 251
[2022-07-23T12:01:46.878Z INFO  client] Sending sample transaction 252
[2022-07-23T12:01:46.928Z INFO  client] Sending sample transaction 253
[2022-07-23T12:01:46.978Z INFO  client] Sending sample transaction 254
[2022-07-23T12:01:47.028Z INFO  client] Sending sample transaction 255
[2022-07-23T12:01:47.078Z INFO  client] Sending sample transaction 256
[2022-07-23T12:01:47.128Z INFO  client] Sending sample transaction 257
[2022-07-23T12:01:47.178Z INFO  client] Sending sample transaction 258
[2022-07-23T12:01:47.228Z INFO  client] Sending sample transaction 259
[2022-07-23T12:01:47.278Z INFO  client] Sending sample transaction 260
[2022-07-23T12:01:47.328Z INFO  client] Sending sample transaction 261
[2022-07-23T12:01:47.378Z INFO  client] Sending sample transaction 262
[2022-07-23T12:01:47.428Z INFO  client] Sending sample transaction 263
[2022-07-23T12:01:47.479Z INFO  client] Sending sample transaction 264
[2022-07-23T12:01:47.527Z INFO  client] Sending sample transaction 265
[2022-07-23T12:01:47.578Z INFO  client] Sending sample transaction 266
[2022-07-23T12:01:47.628Z INFO  client] Sending sample transaction 267
[2022-07-23T12:01:47.678Z INFO  client] Sending sample transaction 268
[2022-07-23T12:01:47.728Z INFO  client] Sending sample transaction 269
[2022-07-23T12:01:47.778Z INFO  client] Sending sample transaction 270
[2022-07-23T12:01:47.828Z INFO  client] Sending sample transaction 271
[2022-07-23T12:01:47.879Z INFO  client] Sending sample transaction 272
[2022-07-23T12:01:47.928Z INFO  client] Sending sample transaction 273
[2022-07-23T12:01:47.981Z INFO  client] Sending sample transaction 274
[2022-07-23T12:01:48.028Z INFO  client] Sending sample transaction 275
[2022-07-23T12:01:48.078Z INFO  client] Sending sample transaction 276
[2022-07-23T12:01:48.128Z INFO  client] Sending sample transaction 277
[2022-07-23T12:01:48.178Z INFO  client] Sending sample transaction 278
[2022-07-23T12:01:48.228Z INFO  client] Sending sample transaction 279
[2022-07-23T12:01:48.278Z INFO  client] Sending sample transaction 280
[2022-07-23T12:01:48.328Z INFO  client] Sending sample transaction 281
[2022-07-23T12:01:48.378Z INFO  client] Sending sample transaction 282
[2022-07-23T12:01:48.428Z INFO  client] Sending sample transaction 283
[2022-07-23T12:01:48.479Z INFO  client] Sending sample transaction 284
[2022-07-23T12:01:48.528Z INFO  client] Sending sample transaction 285
[2022-07-23T12:01:48.577Z INFO  client] Sending sample transaction 286
[2022-07-23T12:01:48.630Z INFO  client] Sending sample transaction 287
[2022-07-23T12:01:48.679Z INFO  client] Sending sample transaction 288
[2022-07-23T12:01:48.728Z INFO  client] Sending sample transaction 289
[2022-07-23T12:01:48.778Z INFO  client] Sending sample transaction 290
[2022-07-23T12:01:48.828Z INFO  client] Sending sample transaction 291
[2022-07-23T12:01:48.878Z INFO  client] Sending sample transaction 292
[2022-07-23T12:01:48.929Z INFO  client] Sending sample transaction 293
[2022-07-23T12:01:48.978Z INFO  client] Sending sample transaction 294
[2022-07-23T12:01:49.028Z INFO  client] Sending sample transaction 295
[2022-07-23T12:01:49.079Z INFO  client] Sending sample transaction 296
[2022-07-23T12:01:49.128Z INFO  client] Sending sample transaction 297
[2022-07-23T12:01:49.178Z INFO  client] Sending sample transaction 298
[2022-07-23T12:01:49.229Z INFO  client] Sending sample transaction 299
[2022-07-23T12:01:49.278Z INFO  client] Sending sample transaction 300
[2022-07-23T12:01:49.328Z INFO  client] Sending sample transaction 301
[2022-07-23T12:01:49.381Z INFO  client] Sending sample transaction 302
[2022-07-23T12:01:49.428Z INFO  client] Sending sample transaction 303
[2022-07-23T12:01:49.478Z INFO  client] Sending sample transaction 304
[2022-07-23T12:01:49.528Z INFO  client] Sending sample transaction 305
[2022-07-23T12:01:49.578Z INFO  client] Sending sample transaction 306
[2022-07-23T12:01:49.628Z INFO  client] Sending sample transaction 307
[2022-07-23T12:01:49.679Z INFO  client] Sending sample transaction 308
[2022-07-23T12:01:49.728Z INFO  client] Sending sample transaction 309
[2022-07-23T12:01:49.778Z INFO  client] Sending sample transaction 310
[2022-07-23T12:01:49.828Z INFO  client] Sending sample transaction 311
[2022-07-23T12:01:49.878Z INFO  client] Sending sample transaction 312
[2022-07-23T12:01:49.928Z INFO  client] Sending sample transaction 313
[2022-07-23T12:01:49.981Z INFO  client] Sending sample transaction 314
[2022-07-23T12:01:50.029Z INFO  client] Sending sample transaction 315
[2022-07-23T12:01:50.079Z INFO  client] Sending sample transaction 316
[2022-07-23T12:01:50.128Z INFO  client] Sending sample transaction 317
[2022-07-23T12:01:50.179Z INFO  client] Sending sample transaction 318
[2022-07-23T12:01:50.228Z INFO  client] Sending sample transaction 319
[2022-07-23T12:01:50.278Z INFO  client] Sending sample transaction 320
[2022-07-23T12:01:50.329Z INFO  client] Sending sample transaction 321
[2022-07-23T12:01:50.379Z INFO  client] Sending sample transaction 322
[2022-07-23T12:01:50.429Z INFO  client] Sending sample transaction 323
[2022-07-23T12:01:50.481Z INFO  client] Sending sample transaction 324
[2022-07-23T12:01:50.527Z INFO  client] Sending sample transaction 325
[2022-07-23T12:01:50.578Z INFO  client] Sending sample transaction 326
[2022-07-23T12:01:50.628Z INFO  client] Sending sample transaction 327
[2022-07-23T12:01:50.678Z INFO  client] Sending sample transaction 328
[2022-07-23T12:01:50.729Z INFO  client] Sending sample transaction 329
[2022-07-23T12:01:50.789Z INFO  client] Sending sample transaction 330
[2022-07-23T12:01:50.828Z INFO  client] Sending sample transaction 331
[2022-07-23T12:01:50.878Z INFO  client] Sending sample transaction 332
[2022-07-23T12:01:50.928Z INFO  client] Sending sample transaction 333
[2022-07-23T12:01:50.978Z INFO  client] Sending sample transaction 334
[2022-07-23T12:01:51.028Z INFO  client] Sending sample transaction 335
[2022-07-23T12:01:51.078Z INFO  client] Sending sample transaction 336
[2022-07-23T12:01:51.128Z INFO  client] Sending sample transaction 337
[2022-07-23T12:01:51.178Z INFO  client] Sending sample transaction 338
[2022-07-23T12:01:51.228Z INFO  client] Sending sample transaction 339
[2022-07-23T12:01:51.278Z INFO  client] Sending sample transaction 340
[2022-07-23T12:01:51.329Z INFO  client] Sending sample transaction 341
[2022-07-23T12:01:51.378Z INFO  client] Sending sample transaction 342
[2022-07-23T12:01:51.429Z INFO  client] Sending sample transaction 343
[2022-07-23T12:01:51.480Z INFO  client] Sending sample transaction 344
[2022-07-23T12:01:51.528Z INFO  client] Sending sample transaction 345
[2022-07-23T12:01:51.578Z INFO  client] Sending sample transaction 346
[2022-07-23T12:01:51.628Z INFO  client] Sending sample transaction 347
[2022-07-23T12:01:51.678Z INFO  client] Sending sample transaction 348
[2022-07-23T12:01:51.728Z INFO  client] Sending sample transaction 349
[2022-07-23T12:01:51.778Z INFO  client] Sending sample transaction 350
[2022-07-23T12:01:51.828Z INFO  client] Sending sample transaction 351
[2022-07-23T12:01:51.878Z INFO  client] Sending sample transaction 352
[2022-07-23T12:01:51.928Z INFO  client] Sending sample transaction 353
[2022-07-23T12:01:51.978Z INFO  client] Sending sample transaction 354
[2022-07-23T12:01:52.027Z INFO  client] Sending sample transaction 355
[2022-07-23T12:01:52.078Z INFO  client] Sending sample transaction 356
[2022-07-23T12:01:52.129Z INFO  client] Sending sample transaction 357
[2022-07-23T12:01:52.179Z INFO  client] Sending sample transaction 358
[2022-07-23T12:01:52.228Z INFO  client] Sending sample transaction 359
[2022-07-23T12:01:52.278Z INFO  client] Sending sample transaction 360
[2022-07-23T12:01:52.329Z INFO  client] Sending sample transaction 361
[2022-07-23T12:01:52.379Z INFO  client] Sending sample transaction 362
[2022-07-23T12:01:52.428Z INFO  client] Sending sample transaction 363
[2022-07-23T12:01:52.479Z INFO  client] Sending sample transaction 364
[2022-07-23T12:01:52.528Z INFO  client] Sending sample transaction 365
[2022-07-23T12:01:52.578Z INFO  client] Sending sample transaction 366
[2022-07-23T12:01:52.628Z INFO  client] Sending sample transaction 367
[2022-07-23T12:01:52.678Z INFO  client] Sending sample transaction 368
[2022-07-23T12:01:52.728Z INFO  client] Sending sample transaction 369
[2022-07-23T12:01:52.778Z INFO  client] Sending sample transaction 370
[2022-07-23T12:01:52.829Z INFO  client] Sending sample transaction 371
[2022-07-23T12:01:52.878Z INFO  client] Sending sample transaction 372
[2022-07-23T12:01:52.927Z INFO  client] Sending sample transaction 373
[2022-07-23T12:01:52.978Z INFO  client] Sending sample transaction 374
[2022-07-23T12:01:53.027Z INFO  client] Sending sample transaction 375
[2022-07-23T12:01:53.078Z INFO  client] Sending sample transaction 376
[2022-07-23T12:01:53.128Z INFO  client] Sending sample transaction 377
[2022-07-23T12:01:53.178Z INFO  client] Sending sample transaction 378
[2022-07-23T12:01:53.228Z INFO  client] Sending sample transaction 379
[2022-07-23T12:01:53.278Z INFO  client] Sending sample transaction 380
[2022-07-23T12:01:53.328Z INFO  client] Sending sample transaction 381
[2022-07-23T12:01:53.378Z INFO  client] Sending sample transaction 382
[2022-07-23T12:01:53.428Z INFO  client] Sending sample transaction 383
[2022-07-23T12:01:53.478Z INFO  client] Sending sample transaction 384
[2022-07-23T12:01:53.528Z INFO  client] Sending sample transaction 385
[2022-07-23T12:01:53.578Z INFO  client] Sending sample transaction 386
[2022-07-23T12:01:53.628Z INFO  client] Sending sample transaction 387
[2022-07-23T12:01:53.678Z INFO  client] Sending sample transaction 388
[2022-07-23T12:01:53.729Z INFO  client] Sending sample transaction 389
[2022-07-23T12:01:53.778Z INFO  client] Sending sample transaction 390
[2022-07-23T12:01:53.828Z INFO  client] Sending sample transaction 391
[2022-07-23T12:01:53.883Z INFO  client] Sending sample transaction 392
[2022-07-23T12:01:53.928Z INFO  client] Sending sample transaction 393
[2022-07-23T12:01:53.978Z INFO  client] Sending sample transaction 394
[2022-07-23T12:01:54.028Z INFO  client] Sending sample transaction 395
[2022-07-23T12:01:54.078Z INFO  client] Sending sample transaction 396
[2022-07-23T12:01:54.128Z INFO  client] Sending sample transaction 397
[2022-07-23T12:01:54.177Z INFO  client] Sending sample transaction 398
[2022-07-23T12:01:54.229Z INFO  client] Sending sample transaction 399
[2022-07-23T12:01:54.278Z INFO  client] Sending sample transaction 400
[2022-07-23T12:01:54.328Z INFO  client] Sending sample transaction 401
[2022-07-23T12:01:54.378Z INFO  client] Sending sample transaction 402
[2022-07-23T12:01:54.428Z INFO  client] Sending sample transaction 403
[2022-07-23T12:01:54.478Z INFO  client] Sending sample transaction 404
[2022-07-23T12:01:54.528Z INFO  client] Sending sample transaction 405
[2022-07-23T12:01:54.580Z INFO  client] Sending sample transaction 406
[2022-07-23T12:01:54.628Z INFO  client] Sending sample transaction 407
[2022-07-23T12:01:54.678Z INFO  client] Sending sample transaction 408
[2022-07-23T12:01:54.729Z INFO  client] Sending sample transaction 409
[2022-07-23T12:01:54.778Z INFO  client] Sending sample transaction 410
[2022-07-23T12:01:54.828Z INFO  client] Sending sample transaction 411
[2022-07-23T12:01:54.878Z INFO  client] Sending sample transaction 412
[2022-07-23T12:01:54.928Z INFO  client] Sending sample transaction 413
[2022-07-23T12:01:54.978Z INFO  client] Sending sample transaction 414
[2022-07-23T12:01:55.028Z INFO  client] Sending sample transaction 415
[2022-07-23T12:01:55.078Z INFO  client] Sending sample transaction 416
[2022-07-23T12:01:55.129Z INFO  client] Sending sample transaction 417
[2022-07-23T12:01:55.178Z INFO  client] Sending sample transaction 418
[2022-07-23T12:01:55.229Z INFO  client] Sending sample transaction 419
[2022-07-23T12:01:55.278Z INFO  client] Sending sample transaction 420
[2022-07-23T12:01:55.328Z INFO  client] Sending sample transaction 421
[2022-07-23T12:01:55.381Z INFO  client] Sending sample transaction 422
[2022-07-23T12:01:55.432Z INFO  client] Sending sample transaction 423
[2022-07-23T12:01:55.479Z INFO  client] Sending sample transaction 424
[2022-07-23T12:01:55.528Z INFO  client] Sending sample transaction 425
[2022-07-23T12:01:55.581Z INFO  client] Sending sample transaction 426
