[2022-07-23T11:03:11.931Z INFO  client] Node address: 127.0.0.1:9011
[2022-07-23T11:03:11.931Z INFO  client] Transactions size: 512 B
[2022-07-23T11:03:11.931Z INFO  client] Transactions rate: 112 tx/s
[2022-07-23T11:03:11.931Z INFO  client] Waiting for all nodes to be online...
[2022-07-23T11:03:11.931Z INFO  client] Waiting for all nodes to be synchronized...
[2022-07-23T11:03:13.934Z INFO  client] Start sending transactions
[2022-07-23T11:03:13.935Z INFO  client] Sending sample transaction 0
[2022-07-23T11:03:13.985Z INFO  client] Sending sample transaction 1
[2022-07-23T11:03:14.035Z INFO  client] Sending sample transaction 2
[2022-07-23T11:03:14.085Z INFO  client] Sending sample transaction 3
[2022-07-23T11:03:14.136Z INFO  client] Sending sample transaction 4
[2022-07-23T11:03:14.185Z INFO  client] Sending sample transaction 5
[2022-07-23T11:03:14.235Z INFO  client] Sending sample transaction 6
[2022-07-23T11:03:14.285Z INFO  client] Sending sample transaction 7
[2022-07-23T11:03:14.336Z INFO  client] Sending sample transaction 8
[2022-07-23T11:03:14.387Z INFO  client] Sending sample transaction 9
[2022-07-23T11:03:14.436Z INFO  client] Sending sample transaction 10
[2022-07-23T11:03:14.486Z INFO  client] Sending sample transaction 11
[2022-07-23T11:03:14.536Z INFO  client] Sending sample transaction 12
[2022-07-23T11:03:14.586Z INFO  client] Sending sample transaction 13
[2022-07-23T11:03:14.637Z INFO  client] Sending sample transaction 14
[2022-07-23T11:03:14.686Z INFO  client] Sending sample transaction 15
[2022-07-23T11:03:14.754Z INFO  client] Sending sample transaction 16
[2022-07-23T11:03:14.822Z INFO  client] Sending sample transaction 17
[2022-07-23T11:03:14.866Z INFO  client] Sending sample transaction 18
[2022-07-23T11:03:14.887Z INFO  client] Sending sample transaction 19
[2022-07-23T11:03:14.947Z INFO  client] Sending sample transaction 20
[2022-07-23T11:03:14.987Z INFO  client] Sending sample transaction 21
[2022-07-23T11:03:15.036Z INFO  client] Sending sample transaction 22
[2022-07-23T11:03:15.086Z INFO  client] Sending sample transaction 23
[2022-07-23T11:03:15.137Z INFO  client] Sending sample transaction 24
[2022-07-23T11:03:15.185Z INFO  client] Sending sample transaction 25
[2022-07-23T11:03:15.235Z INFO  client] Sending sample transaction 26
[2022-07-23T11:03:15.294Z INFO  client] Sending sample transaction 27
[2022-07-23T11:03:15.335Z INFO  client] Sending sample transaction 28
[2022-07-23T11:03:15.393Z INFO  client] Sending sample transaction 29
[2022-07-23T11:03:15.435Z INFO  client] Sending sample transaction 30
[2022-07-23T11:03:15.485Z INFO  client] Sending sample transaction 31
[2022-07-23T11:03:15.535Z INFO  client] Sending sample transaction 32
[2022-07-23T11:03:15.586Z INFO  client] Sending sample transaction 33
[2022-07-23T11:03:15.638Z INFO  client] Sending sample transaction 34
[2022-07-23T11:03:15.685Z INFO  client] Sending sample transaction 35
[2022-07-23T11:03:15.736Z INFO  client] Sending sample transaction 36
[2022-07-23T11:03:15.785Z INFO  client] Sending sample transaction 37
[2022-07-23T11:03:15.836Z INFO  client] Sending sample transaction 38
[2022-07-23T11:03:15.888Z INFO  client] Sending sample transaction 39
[2022-07-23T11:03:15.945Z INFO  client] Sending sample transaction 40
[2022-07-23T11:03:15.992Z INFO  client] Sending sample transaction 41
[2022-07-23T11:03:16.036Z INFO  client] Sending sample transaction 42
[2022-07-23T11:03:16.087Z INFO  client] Sending sample transaction 43
[2022-07-23T11:03:16.137Z INFO  client] Sending sample transaction 44
[2022-07-23T11:03:16.187Z INFO  client] Sending sample transaction 45
[2022-07-23T11:03:16.242Z INFO  client] Sending sample transaction 46
[2022-07-23T11:03:16.286Z INFO  client] Sending sample transaction 47
[2022-07-23T11:03:16.336Z INFO  client] Sending sample transaction 48
[2022-07-23T11:03:16.386Z INFO  client] Sending sample transaction 49
[2022-07-23T11:03:16.435Z INFO  client] Sending sample transaction 50
[2022-07-23T11:03:16.486Z INFO  client] Sending sample transaction 51
[2022-07-23T11:03:16.537Z INFO  client] Sending sample transaction 52
[2022-07-23T11:03:16.593Z INFO  client] Sending sample transaction 53
[2022-07-23T11:03:16.636Z INFO  client] Sending sample transaction 54
[2022-07-23T11:03:16.685Z INFO  client] Sending sample transaction 55
[2022-07-23T11:03:16.736Z INFO  client] Sending sample transaction 56
[2022-07-23T11:03:16.785Z INFO  client] Sending sample transaction 57
[2022-07-23T11:03:16.836Z INFO  client] Sending sample transaction 58
[2022-07-23T11:03:16.886Z INFO  client] Sending sample transaction 59
[2022-07-23T11:03:16.936Z INFO  client] Sending sample transaction 60
[2022-07-23T11:03:16.987Z INFO  client] Sending sample transaction 61
[2022-07-23T11:03:17.035Z INFO  client] Sending sample transaction 62
[2022-07-23T11:03:17.086Z INFO  client] Sending sample transaction 63
[2022-07-23T11:03:17.135Z INFO  client] Sending sample transaction 64
[2022-07-23T11:03:17.188Z INFO  client] Sending sample transaction 65
[2022-07-23T11:03:17.237Z INFO  client] Sending sample transaction 66
[2022-07-23T11:03:17.285Z INFO  client] Sending sample transaction 67
[2022-07-23T11:03:17.336Z INFO  client] Sending sample transaction 68
[2022-07-23T11:03:17.387Z INFO  client] Sending sample transaction 69
[2022-07-23T11:03:17.435Z INFO  client] Sending sample transaction 70
[2022-07-23T11:03:17.486Z INFO  client] Sending sample transaction 71
[2022-07-23T11:03:17.537Z INFO  client] Sending sample transaction 72
[2022-07-23T11:03:17.586Z INFO  client] Sending sample transaction 73
[2022-07-23T11:03:17.636Z INFO  client] Sending sample transaction 74
[2022-07-23T11:03:17.686Z INFO  client] Sending sample transaction 75
[2022-07-23T11:03:17.735Z INFO  client] Sending sample transaction 76
[2022-07-23T11:03:17.786Z INFO  client] Sending sample transaction 77
[2022-07-23T11:03:17.836Z INFO  client] Sending sample transaction 78
[2022-07-23T11:03:17.889Z INFO  client] Sending sample transaction 79
[2022-07-23T11:03:17.935Z INFO  client] Sending sample transaction 80
[2022-07-23T11:03:17.986Z INFO  client] Sending sample transaction 81
[2022-07-23T11:03:18.049Z INFO  client] Sending sample transaction 82
[2022-07-23T11:03:18.087Z INFO  client] Sending sample transaction 83
[2022-07-23T11:03:18.136Z INFO  client] Sending sample transaction 84
[2022-07-23T11:03:18.186Z INFO  client] Sending sample transaction 85
[2022-07-23T11:03:18.238Z INFO  client] Sending sample transaction 86
[2022-07-23T11:03:18.285Z INFO  client] Sending sample transaction 87
[2022-07-23T11:03:18.336Z INFO  client] Sending sample transaction 88
[2022-07-23T11:03:18.387Z INFO  client] Sending sample transaction 89
[2022-07-23T11:03:18.435Z INFO  client] Sending sample transaction 90
[2022-07-23T11:03:18.486Z INFO  client] Sending sample transaction 91
[2022-07-23T11:03:18.535Z INFO  client] Sending sample transaction 92
[2022-07-23T11:03:18.586Z INFO  client] Sending sample transaction 93
[2022-07-23T11:03:18.636Z INFO  client] Sending sample transaction 94
[2022-07-23T11:03:18.685Z INFO  client] Sending sample transaction 95
[2022-07-23T11:03:18.735Z INFO  client] Sending sample transaction 96
[2022-07-23T11:03:18.785Z INFO  client] Sending sample transaction 97
[2022-07-23T11:03:18.836Z INFO  client] Sending sample transaction 98
[2022-07-23T11:03:18.886Z INFO  client] Sending sample transaction 99
[2022-07-23T11:03:18.935Z INFO  client] Sending sample transaction 100
[2022-07-23T11:03:18.987Z INFO  client] Sending sample transaction 101
[2022-07-23T11:03:19.037Z INFO  client] Sending sample transaction 102
[2022-07-23T11:03:19.087Z INFO  client] Sending sample transaction 103
[2022-07-23T11:03:19.156Z INFO  client] Sending sample transaction 104
[2022-07-23T11:03:19.186Z INFO  client] Sending sample transaction 105
[2022-07-23T11:03:19.236Z INFO  client] Sending sample transaction 106
[2022-07-23T11:03:19.287Z INFO  client] Sending sample transaction 107
[2022-07-23T11:03:19.336Z INFO  client] Sending sample transaction 108
[2022-07-23T11:03:19.394Z INFO  client] Sending sample transaction 109
[2022-07-23T11:03:19.435Z INFO  client] Sending sample transaction 110
[2022-07-23T11:03:19.486Z INFO  client] Sending sample transaction 111
[2022-07-23T11:03:19.535Z INFO  client] Sending sample transaction 112
[2022-07-23T11:03:19.587Z INFO  client] Sending sample transaction 113
[2022-07-23T11:03:19.636Z INFO  client] Sending sample transaction 114
[2022-07-23T11:03:19.685Z INFO  client] Sending sample transaction 115
[2022-07-23T11:03:19.736Z INFO  client] Sending sample transaction 116
[2022-07-23T11:03:19.786Z INFO  client] Sending sample transaction 117
[2022-07-23T11:03:19.835Z INFO  client] Sending sample transaction 118
[2022-07-23T11:03:19.886Z INFO  client] Sending sample transaction 119
[2022-07-23T11:03:19.936Z INFO  client] Sending sample transaction 120
[2022-07-23T11:03:19.985Z INFO  client] Sending sample transaction 121
[2022-07-23T11:03:20.036Z INFO  client] Sending sample transaction 122
[2022-07-23T11:03:20.086Z INFO  client] Sending sample transaction 123
[2022-07-23T11:03:20.136Z INFO  client] Sending sample transaction 124
[2022-07-23T11:03:20.186Z INFO  client] Sending sample transaction 125
[2022-07-23T11:03:20.235Z INFO  client] Sending sample transaction 126
[2022-07-23T11:03:20.286Z INFO  client] Sending sample transaction 127
[2022-07-23T11:03:20.337Z INFO  client] Sending sample transaction 128
[2022-07-23T11:03:20.385Z INFO  client] Sending sample transaction 129
[2022-07-23T11:03:20.435Z INFO  client] Sending sample transaction 130
[2022-07-23T11:03:20.486Z INFO  client] Sending sample transaction 131
[2022-07-23T11:03:20.537Z INFO  client] Sending sample transaction 132
[2022-07-23T11:03:20.585Z INFO  client] Sending sample transaction 133
[2022-07-23T11:03:20.636Z INFO  client] Sending sample transaction 134
[2022-07-23T11:03:20.685Z INFO  client] Sending sample transaction 135
[2022-07-23T11:03:20.736Z INFO  client] Sending sample transaction 136
[2022-07-23T11:03:20.786Z INFO  client] Sending sample transaction 137
[2022-07-23T11:03:20.836Z INFO  client] Sending sample transaction 138
[2022-07-23T11:03:20.885Z INFO  client] Sending sample transaction 139
[2022-07-23T11:03:20.936Z INFO  client] Sending sample transaction 140
[2022-07-23T11:03:20.985Z INFO  client] Sending sample transaction 141
[2022-07-23T11:03:21.037Z INFO  client] Sending sample transaction 142
[2022-07-23T11:03:21.086Z INFO  client] Sending sample transaction 143
[2022-07-23T11:03:21.136Z INFO  client] Sending sample transaction 144
[2022-07-23T11:03:21.185Z INFO  client] Sending sample transaction 145
[2022-07-23T11:03:21.239Z INFO  client] Sending sample transaction 146
[2022-07-23T11:03:21.286Z INFO  client] Sending sample transaction 147
[2022-07-23T11:03:21.336Z INFO  client] Sending sample transaction 148
[2022-07-23T11:03:21.387Z INFO  client] Sending sample transaction 149
[2022-07-23T11:03:21.439Z INFO  client] Sending sample transaction 150
[2022-07-23T11:03:21.487Z INFO  client] Sending sample transaction 151
[2022-07-23T11:03:21.537Z INFO  client] Sending sample transaction 152
[2022-07-23T11:03:21.588Z INFO  client] Sending sample transaction 153
[2022-07-23T11:03:21.636Z INFO  client] Sending sample transaction 154
[2022-07-23T11:03:21.687Z INFO  client] Sending sample transaction 155
[2022-07-23T11:03:21.737Z INFO  client] Sending sample transaction 156
[2022-07-23T11:03:21.788Z INFO  client] Sending sample transaction 157
[2022-07-23T11:03:21.836Z INFO  client] Sending sample transaction 158
[2022-07-23T11:03:21.886Z INFO  client] Sending sample transaction 159
[2022-07-23T11:03:21.936Z INFO  client] Sending sample transaction 160
[2022-07-23T11:03:21.986Z INFO  client] Sending sample transaction 161
[2022-07-23T11:03:22.035Z INFO  client] Sending sample transaction 162
[2022-07-23T11:03:22.086Z INFO  client] Sending sample transaction 163
[2022-07-23T11:03:22.137Z INFO  client] Sending sample transaction 164
[2022-07-23T11:03:22.186Z INFO  client] Sending sample transaction 165
[2022-07-23T11:03:22.249Z INFO  client] Sending sample transaction 166
[2022-07-23T11:03:22.291Z INFO  client] Sending sample transaction 167
[2022-07-23T11:03:22.336Z INFO  client] Sending sample transaction 168
[2022-07-23T11:03:22.386Z INFO  client] Sending sample transaction 169
[2022-07-23T11:03:22.436Z INFO  client] Sending sample transaction 170
[2022-07-23T11:03:22.486Z INFO  client] Sending sample transaction 171
[2022-07-23T11:03:22.536Z INFO  client] Sending sample transaction 172
[2022-07-23T11:03:22.585Z INFO  client] Sending sample transaction 173
[2022-07-23T11:03:22.636Z INFO  client] Sending sample transaction 174
[2022-07-23T11:03:22.685Z INFO  client] Sending sample transaction 175
[2022-07-23T11:03:22.738Z INFO  client] Sending sample transaction 176
[2022-07-23T11:03:22.786Z INFO  client] Sending sample transaction 177
[2022-07-23T11:03:22.836Z INFO  client] Sending sample transaction 178
[2022-07-23T11:03:22.886Z INFO  client] Sending sample transaction 179
[2022-07-23T11:03:22.935Z INFO  client] Sending sample transaction 180
[2022-07-23T11:03:22.985Z INFO  client] Sending sample transaction 181
[2022-07-23T11:03:23.035Z INFO  client] Sending sample transaction 182
[2022-07-23T11:03:23.085Z INFO  client] Sending sample transaction 183
[2022-07-23T11:03:23.137Z INFO  client] Sending sample transaction 184
[2022-07-23T11:03:23.187Z INFO  client] Sending sample transaction 185
[2022-07-23T11:03:23.236Z INFO  client] Sending sample transaction 186
[2022-07-23T11:03:23.285Z INFO  client] Sending sample transaction 187
[2022-07-23T11:03:23.357Z INFO  client] Sending sample transaction 188
[2022-07-23T11:03:23.386Z INFO  client] Sending sample transaction 189
[2022-07-23T11:03:23.436Z INFO  client] Sending sample transaction 190
[2022-07-23T11:03:23.485Z INFO  client] Sending sample transaction 191
[2022-07-23T11:03:23.535Z INFO  client] Sending sample transaction 192
[2022-07-23T11:03:23.595Z INFO  client] Sending sample transaction 193
[2022-07-23T11:03:23.635Z INFO  client] Sending sample transaction 194
[2022-07-23T11:03:23.685Z INFO  client] Sending sample transaction 195
[2022-07-23T11:03:23.736Z INFO  client] Sending sample transaction 196
[2022-07-23T11:03:23.786Z INFO  client] Sending sample transaction 197
[2022-07-23T11:03:23.837Z INFO  client] Sending sample transaction 198
[2022-07-23T11:03:23.886Z INFO  client] Sending sample transaction 199
[2022-07-23T11:03:23.938Z INFO  client] Sending sample transaction 200
[2022-07-23T11:03:23.987Z INFO  client] Sending sample transaction 201
[2022-07-23T11:03:24.036Z INFO  client] Sending sample transaction 202
[2022-07-23T11:03:24.085Z INFO  client] Sending sample transaction 203
[2022-07-23T11:03:24.137Z INFO  client] Sending sample transaction 204
[2022-07-23T11:03:24.186Z INFO  client] Sending sample transaction 205
[2022-07-23T11:03:24.236Z INFO  client] Sending sample transaction 206
[2022-07-23T11:03:24.287Z INFO  client] Sending sample transaction 207
[2022-07-23T11:03:24.336Z INFO  client] Sending sample transaction 208
[2022-07-23T11:03:24.386Z INFO  client] Sending sample transaction 209
[2022-07-23T11:03:24.437Z INFO  client] Sending sample transaction 210
[2022-07-23T11:03:24.486Z INFO  client] Sending sample transaction 211
[2022-07-23T11:03:24.536Z INFO  client] Sending sample transaction 212
[2022-07-23T11:03:24.586Z INFO  client] Sending sample transaction 213
[2022-07-23T11:03:24.636Z INFO  client] Sending sample transaction 214
[2022-07-23T11:03:24.686Z INFO  client] Sending sample transaction 215
[2022-07-23T11:03:24.736Z INFO  client] Sending sample transaction 216
[2022-07-23T11:03:24.785Z INFO  client] Sending sample transaction 217
[2022-07-23T11:03:24.835Z INFO  client] Sending sample transaction 218
[2022-07-23T11:03:24.886Z INFO  client] Sending sample transaction 219
[2022-07-23T11:03:24.936Z INFO  client] Sending sample transaction 220
[2022-07-23T11:03:24.986Z INFO  client] Sending sample transaction 221
[2022-07-23T11:03:25.036Z INFO  client] Sending sample transaction 222
[2022-07-23T11:03:25.086Z INFO  client] Sending sample transaction 223
[2022-07-23T11:03:25.136Z INFO  client] Sending sample transaction 224
[2022-07-23T11:03:25.186Z INFO  client] Sending sample transaction 225
[2022-07-23T11:03:25.236Z INFO  client] Sending sample transaction 226
[2022-07-23T11:03:25.286Z INFO  client] Sending sample transaction 227
[2022-07-23T11:03:25.336Z INFO  client] Sending sample transaction 228
[2022-07-23T11:03:25.387Z INFO  client] Sending sample transaction 229
[2022-07-23T11:03:25.435Z INFO  client] Sending sample transaction 230
[2022-07-23T11:03:25.485Z INFO  client] Sending sample transaction 231
[2022-07-23T11:03:25.536Z INFO  client] Sending sample transaction 232
[2022-07-23T11:03:25.586Z INFO  client] Sending sample transaction 233
[2022-07-23T11:03:25.636Z INFO  client] Sending sample transaction 234
[2022-07-23T11:03:25.685Z INFO  client] Sending sample transaction 235
[2022-07-23T11:03:25.735Z INFO  client] Sending sample transaction 236
[2022-07-23T11:03:25.785Z INFO  client] Sending sample transaction 237
[2022-07-23T11:03:25.835Z INFO  client] Sending sample transaction 238
[2022-07-23T11:03:25.886Z INFO  client] Sending sample transaction 239
[2022-07-23T11:03:25.936Z INFO  client] Sending sample transaction 240
[2022-07-23T11:03:25.985Z INFO  client] Sending sample transaction 241
[2022-07-23T11:03:26.036Z INFO  client] Sending sample transaction 242
[2022-07-23T11:03:26.085Z INFO  client] Sending sample transaction 243
[2022-07-23T11:03:26.136Z INFO  client] Sending sample transaction 244
[2022-07-23T11:03:26.186Z INFO  client] Sending sample transaction 245
[2022-07-23T11:03:26.236Z INFO  client] Sending sample transaction 246
[2022-07-23T11:03:26.285Z INFO  client] Sending sample transaction 247
[2022-07-23T11:03:26.336Z INFO  client] Sending sample transaction 248
[2022-07-23T11:03:26.386Z INFO  client] Sending sample transaction 249
[2022-07-23T11:03:26.435Z INFO  client] Sending sample transaction 250
[2022-07-23T11:03:26.487Z INFO  client] Sending sample transaction 251
[2022-07-23T11:03:26.535Z INFO  client] Sending sample transaction 252
[2022-07-23T11:03:26.585Z INFO  client] Sending sample transaction 253
[2022-07-23T11:03:26.635Z INFO  client] Sending sample transaction 254
[2022-07-23T11:03:26.685Z INFO  client] Sending sample transaction 255
[2022-07-23T11:03:26.735Z INFO  client] Sending sample transaction 256
[2022-07-23T11:03:26.785Z INFO  client] Sending sample transaction 257
[2022-07-23T11:03:26.835Z INFO  client] Sending sample transaction 258
[2022-07-23T11:03:26.885Z INFO  client] Sending sample transaction 259
[2022-07-23T11:03:26.935Z INFO  client] Sending sample transaction 260
[2022-07-23T11:03:26.985Z INFO  client] Sending sample transaction 261
[2022-07-23T11:03:27.036Z INFO  client] Sending sample transaction 262
[2022-07-23T11:03:27.086Z INFO  client] Sending sample transaction 263
[2022-07-23T11:03:27.137Z INFO  client] Sending sample transaction 264
[2022-07-23T11:03:27.187Z INFO  client] Sending sample transaction 265
[2022-07-23T11:03:27.236Z INFO  client] Sending sample transaction 266
[2022-07-23T11:03:27.285Z INFO  client] Sending sample transaction 267
[2022-07-23T11:03:27.337Z INFO  client] Sending sample transaction 268
[2022-07-23T11:03:27.386Z INFO  client] Sending sample transaction 269
[2022-07-23T11:03:27.435Z INFO  client] Sending sample transaction 270
[2022-07-23T11:03:27.488Z INFO  client] Sending sample transaction 271
[2022-07-23T11:03:27.548Z INFO  client] Sending sample transaction 272
[2022-07-23T11:03:27.586Z INFO  client] Sending sample transaction 273
[2022-07-23T11:03:27.636Z INFO  client] Sending sample transaction 274
[2022-07-23T11:03:27.686Z INFO  client] Sending sample transaction 275
[2022-07-23T11:03:27.736Z INFO  client] Sending sample transaction 276
[2022-07-23T11:03:27.786Z INFO  client] Sending sample transaction 277
[2022-07-23T11:03:27.836Z INFO  client] Sending sample transaction 278
[2022-07-23T11:03:27.886Z INFO  client] Sending sample transaction 279
[2022-07-23T11:03:27.935Z INFO  client] Sending sample transaction 280
[2022-07-23T11:03:27.985Z INFO  client] Sending sample transaction 281
[2022-07-23T11:03:28.037Z INFO  client] Sending sample transaction 282
[2022-07-23T11:03:28.087Z INFO  client] Sending sample transaction 283
[2022-07-23T11:03:28.137Z INFO  client] Sending sample transaction 284
[2022-07-23T11:03:28.186Z INFO  client] Sending sample transaction 285
[2022-07-23T11:03:28.236Z INFO  client] Sending sample transaction 286
[2022-07-23T11:03:28.286Z INFO  client] Sending sample transaction 287
[2022-07-23T11:03:28.336Z INFO  client] Sending sample transaction 288
[2022-07-23T11:03:28.386Z INFO  client] Sending sample transaction 289
[2022-07-23T11:03:28.436Z INFO  client] Sending sample transaction 290
[2022-07-23T11:03:28.485Z INFO  client] Sending sample transaction 291
[2022-07-23T11:03:28.535Z INFO  client] Sending sample transaction 292
[2022-07-23T11:03:28.593Z INFO  client] Sending sample transaction 293
[2022-07-23T11:03:28.636Z INFO  client] Sending sample transaction 294
[2022-07-23T11:03:28.685Z INFO  client] Sending sample transaction 295
[2022-07-23T11:03:28.737Z INFO  client] Sending sample transaction 296
[2022-07-23T11:03:28.788Z INFO  client] Sending sample transaction 297
[2022-07-23T11:03:28.837Z INFO  client] Sending sample transaction 298
[2022-07-23T11:03:28.886Z INFO  client] Sending sample transaction 299
[2022-07-23T11:03:28.936Z INFO  client] Sending sample transaction 300
[2022-07-23T11:03:28.986Z INFO  client] Sending sample transaction 301
[2022-07-23T11:03:29.036Z INFO  client] Sending sample transaction 302
[2022-07-23T11:03:29.086Z INFO  client] Sending sample transaction 303
[2022-07-23T11:03:29.136Z INFO  client] Sending sample transaction 304
[2022-07-23T11:03:29.186Z INFO  client] Sending sample transaction 305
[2022-07-23T11:03:29.236Z INFO  client] Sending sample transaction 306
[2022-07-23T11:03:29.287Z INFO  client] Sending sample transaction 307
[2022-07-23T11:03:29.336Z INFO  client] Sending sample transaction 308
[2022-07-23T11:03:29.386Z INFO  client] Sending sample transaction 309
[2022-07-23T11:03:29.435Z INFO  client] Sending sample transaction 310
[2022-07-23T11:03:29.486Z INFO  client] Sending sample transaction 311
[2022-07-23T11:03:29.536Z INFO  client] Sending sample transaction 312
[2022-07-23T11:03:29.586Z INFO  client] Sending sample transaction 313
[2022-07-23T11:03:29.640Z INFO  client] Sending sample transaction 314
[2022-07-23T11:03:29.686Z INFO  client] Sending sample transaction 315
[2022-07-23T11:03:29.736Z INFO  client] Sending sample transaction 316
[2022-07-23T11:03:29.785Z INFO  client] Sending sample transaction 317
[2022-07-23T11:03:29.836Z INFO  client] Sending sample transaction 318
[2022-07-23T11:03:29.887Z INFO  client] Sending sample transaction 319
[2022-07-23T11:03:29.937Z INFO  client] Sending sample transaction 320
[2022-07-23T11:03:29.986Z INFO  client] Sending sample transaction 321
[2022-07-23T11:03:30.036Z INFO  client] Sending sample transaction 322
[2022-07-23T11:03:30.092Z INFO  client] Sending sample transaction 323
[2022-07-23T11:03:30.136Z INFO  client] Sending sample transaction 324
[2022-07-23T11:03:30.185Z INFO  client] Sending sample transaction 325
[2022-07-23T11:03:30.235Z INFO  client] Sending sample transaction 326
[2022-07-23T11:03:30.287Z INFO  client] Sending sample transaction 327
[2022-07-23T11:03:30.339Z INFO  client] Sending sample transaction 328
[2022-07-23T11:03:30.386Z INFO  client] Sending sample transaction 329
[2022-07-23T11:03:30.435Z INFO  client] Sending sample transaction 330
[2022-07-23T11:03:30.486Z INFO  client] Sending sample transaction 331
[2022-07-23T11:03:30.536Z INFO  client] Sending sample transaction 332
[2022-07-23T11:03:30.586Z INFO  client] Sending sample transaction 333
[2022-07-23T11:03:30.663Z INFO  client] Sending sample transaction 334
[2022-07-23T11:03:30.691Z INFO  client] Sending sample transaction 335
[2022-07-23T11:03:30.736Z INFO  client] Sending sample transaction 336
[2022-07-23T11:03:30.785Z INFO  client] Sending sample transaction 337
[2022-07-23T11:03:30.836Z INFO  client] Sending sample transaction 338
[2022-07-23T11:03:30.887Z INFO  client] Sending sample transaction 339
[2022-07-23T11:03:30.936Z INFO  client] Sending sample transaction 340
[2022-07-23T11:03:30.985Z INFO  client] Sending sample transaction 341
[2022-07-23T11:03:31.036Z INFO  client] Sending sample transaction 342
[2022-07-23T11:03:31.088Z INFO  client] Sending sample transaction 343
[2022-07-23T11:03:31.136Z INFO  client] Sending sample transaction 344
[2022-07-23T11:03:31.185Z INFO  client] Sending sample transaction 345
[2022-07-23T11:03:31.238Z INFO  client] Sending sample transaction 346
[2022-07-23T11:03:31.285Z INFO  client] Sending sample transaction 347
[2022-07-23T11:03:31.335Z INFO  client] Sending sample transaction 348
[2022-07-23T11:03:31.386Z INFO  client] Sending sample transaction 349
[2022-07-23T11:03:31.435Z INFO  client] Sending sample transaction 350
[2022-07-23T11:03:31.486Z INFO  client] Sending sample transaction 351
[2022-07-23T11:03:31.535Z INFO  client] Sending sample transaction 352
[2022-07-23T11:03:31.586Z INFO  client] Sending sample transaction 353
[2022-07-23T11:03:31.636Z INFO  client] Sending sample transaction 354
[2022-07-23T11:03:31.685Z INFO  client] Sending sample transaction 355
[2022-07-23T11:03:31.735Z INFO  client] Sending sample transaction 356
[2022-07-23T11:03:31.789Z INFO  client] Sending sample transaction 357
[2022-07-23T11:03:31.836Z INFO  client] Sending sample transaction 358
[2022-07-23T11:03:31.886Z INFO  client] Sending sample transaction 359
[2022-07-23T11:03:31.935Z INFO  client] Sending sample transaction 360
[2022-07-23T11:03:31.986Z INFO  client] Sending sample transaction 361
[2022-07-23T11:03:32.035Z INFO  client] Sending sample transaction 362
[2022-07-23T11:03:32.085Z INFO  client] Sending sample transaction 363
[2022-07-23T11:03:32.139Z INFO  client] Sending sample transaction 364
[2022-07-23T11:03:32.186Z INFO  client] Sending sample transaction 365
[2022-07-23T11:03:32.235Z INFO  client] Sending sample transaction 366
[2022-07-23T11:03:32.286Z INFO  client] Sending sample transaction 367
[2022-07-23T11:03:32.336Z INFO  client] Sending sample transaction 368
[2022-07-23T11:03:32.388Z INFO  client] Sending sample transaction 369
[2022-07-23T11:03:32.435Z INFO  client] Sending sample transaction 370
[2022-07-23T11:03:32.486Z INFO  client] Sending sample transaction 371
[2022-07-23T11:03:32.535Z INFO  client] Sending sample transaction 372
[2022-07-23T11:03:32.586Z INFO  client] Sending sample transaction 373
[2022-07-23T11:03:32.637Z INFO  client] Sending sample transaction 374
[2022-07-23T11:03:32.685Z INFO  client] Sending sample transaction 375
[2022-07-23T11:03:32.737Z INFO  client] Sending sample transaction 376
[2022-07-23T11:03:32.786Z INFO  client] Sending sample transaction 377
[2022-07-23T11:03:32.836Z INFO  client] Sending sample transaction 378
[2022-07-23T11:03:32.885Z INFO  client] Sending sample transaction 379
[2022-07-23T11:03:32.936Z INFO  client] Sending sample transaction 380
[2022-07-23T11:03:32.986Z INFO  client] Sending sample transaction 381
[2022-07-23T11:03:33.036Z INFO  client] Sending sample transaction 382
[2022-07-23T11:03:33.087Z INFO  client] Sending sample transaction 383
[2022-07-23T11:03:33.141Z INFO  client] Sending sample transaction 384
[2022-07-23T11:03:33.186Z INFO  client] Sending sample transaction 385
[2022-07-23T11:03:33.237Z INFO  client] Sending sample transaction 386
[2022-07-23T11:03:33.286Z INFO  client] Sending sample transaction 387
[2022-07-23T11:03:33.337Z INFO  client] Sending sample transaction 388
[2022-07-23T11:03:33.387Z INFO  client] Sending sample transaction 389
[2022-07-23T11:03:33.435Z INFO  client] Sending sample transaction 390
[2022-07-23T11:03:33.486Z INFO  client] Sending sample transaction 391
[2022-07-23T11:03:33.538Z INFO  client] Sending sample transaction 392
[2022-07-23T11:03:33.586Z INFO  client] Sending sample transaction 393
[2022-07-23T11:03:33.636Z INFO  client] Sending sample transaction 394
[2022-07-23T11:03:33.685Z INFO  client] Sending sample transaction 395
[2022-07-23T11:03:33.736Z INFO  client] Sending sample transaction 396
[2022-07-23T11:03:33.789Z INFO  client] Sending sample transaction 397
[2022-07-23T11:03:33.836Z INFO  client] Sending sample transaction 398
[2022-07-23T11:03:33.886Z INFO  client] Sending sample transaction 399
[2022-07-23T11:03:33.935Z INFO  client] Sending sample transaction 400
[2022-07-23T11:03:33.987Z INFO  client] Sending sample transaction 401
[2022-07-23T11:03:34.036Z INFO  client] Sending sample transaction 402
[2022-07-23T11:03:34.085Z INFO  client] Sending sample transaction 403
[2022-07-23T11:03:34.137Z INFO  client] Sending sample transaction 404
[2022-07-23T11:03:34.186Z INFO  client] Sending sample transaction 405
[2022-07-23T11:03:34.236Z INFO  client] Sending sample transaction 406
[2022-07-23T11:03:34.286Z INFO  client] Sending sample transaction 407
[2022-07-23T11:03:34.336Z INFO  client] Sending sample transaction 408
[2022-07-23T11:03:34.386Z INFO  client] Sending sample transaction 409
[2022-07-23T11:03:34.436Z INFO  client] Sending sample transaction 410
[2022-07-23T11:03:34.487Z INFO  client] Sending sample transaction 411
[2022-07-23T11:03:34.540Z INFO  client] Sending sample transaction 412
[2022-07-23T11:03:34.587Z INFO  client] Sending sample transaction 413
[2022-07-23T11:03:34.636Z INFO  client] Sending sample transaction 414
[2022-07-23T11:03:34.686Z INFO  client] Sending sample transaction 415
[2022-07-23T11:03:34.739Z INFO  client] Sending sample transaction 416
[2022-07-23T11:03:34.786Z INFO  client] Sending sample transaction 417
[2022-07-23T11:03:34.838Z INFO  client] Sending sample transaction 418
[2022-07-23T11:03:34.885Z INFO  client] Sending sample transaction 419
[2022-07-23T11:03:34.935Z INFO  client] Sending sample transaction 420
[2022-07-23T11:03:34.986Z INFO  client] Sending sample transaction 421
[2022-07-23T11:03:35.035Z INFO  client] Sending sample transaction 422
[2022-07-23T11:03:35.085Z INFO  client] Sending sample transaction 423
[2022-07-23T11:03:35.136Z INFO  client] Sending sample transaction 424
[2022-07-23T11:03:35.185Z INFO  client] Sending sample transaction 425
[2022-07-23T11:03:35.235Z INFO  client] Sending sample transaction 426
