[2022-07-23T17:40:19.872Z INFO  client] Node address: 127.0.0.1:9017
[2022-07-23T17:40:19.872Z INFO  client] Transactions size: 512 B
[2022-07-23T17:40:19.872Z INFO  client] Transactions rate: 112 tx/s
[2022-07-23T17:40:19.872Z INFO  client] Waiting for all nodes to be online...
[2022-07-23T17:40:19.872Z INFO  client] Waiting for all nodes to be synchronized...
[2022-07-23T17:40:21.972Z INFO  client] Start sending transactions
[2022-07-23T17:40:21.978Z INFO  client] Sending sample transaction 0
[2022-07-23T17:40:22.041Z INFO  client] Sending sample transaction 1
[2022-07-23T17:40:22.075Z INFO  client] Sending sample transaction 2
[2022-07-23T17:40:22.126Z INFO  client] Sending sample transaction 3
[2022-07-23T17:40:22.175Z INFO  client] Sending sample transaction 4
[2022-07-23T17:40:22.225Z INFO  client] Sending sample transaction 5
[2022-07-23T17:40:22.275Z INFO  client] Sending sample transaction 6
[2022-07-23T17:40:22.324Z INFO  client] Sending sample transaction 7
[2022-07-23T17:40:22.388Z INFO  client] Sending sample transaction 8
[2022-07-23T17:40:22.426Z INFO  client] Sending sample transaction 9
[2022-07-23T17:40:22.475Z INFO  client] Sending sample transaction 10
[2022-07-23T17:40:22.525Z INFO  client] Sending sample transaction 11
[2022-07-23T17:40:22.575Z INFO  client] Sending sample transaction 12
[2022-07-23T17:40:22.625Z INFO  client] Sending sample transaction 13
[2022-07-23T17:40:22.675Z INFO  client] Sending sample transaction 14
[2022-07-23T17:40:22.723Z INFO  client] Sending sample transaction 15
[2022-07-23T17:40:22.786Z INFO  client] Sending sample transaction 16
[2022-07-23T17:40:22.832Z INFO  client] Sending sample transaction 17
[2022-07-23T17:40:22.878Z INFO  client] Sending sample transaction 18
[2022-07-23T17:40:22.925Z INFO  client] Sending sample transaction 19
[2022-07-23T17:40:22.976Z INFO  client] Sending sample transaction 20
[2022-07-23T17:40:23.024Z INFO  client] Sending sample transaction 21
[2022-07-23T17:40:23.074Z INFO  client] Sending sample transaction 22
[2022-07-23T17:40:23.126Z INFO  client] Sending sample transaction 23
[2022-07-23T17:40:23.176Z INFO  client] Sending sample transaction 24
[2022-07-23T17:40:23.226Z INFO  client] Sending sample transaction 25
[2022-07-23T17:40:23.275Z INFO  client] Sending sample transaction 26
[2022-07-23T17:40:23.326Z INFO  client] Sending sample transaction 27
[2022-07-23T17:40:23.375Z INFO  client] Sending sample transaction 28
[2022-07-23T17:40:23.434Z INFO  client] Sending sample transaction 29
[2022-07-23T17:40:23.492Z INFO  client] Sending sample transaction 30
[2022-07-23T17:40:23.537Z INFO  client] Sending sample transaction 31
[2022-07-23T17:40:23.577Z INFO  client] Sending sample transaction 32
[2022-07-23T17:40:23.662Z INFO  client] Sending sample transaction 33
[2022-07-23T17:40:23.681Z INFO  client] Sending sample transaction 34
[2022-07-23T17:40:23.725Z INFO  client] Sending sample transaction 35
[2022-07-23T17:40:23.779Z INFO  client] Sending sample transaction 36
[2022-07-23T17:40:23.825Z INFO  client] Sending sample transaction 37
[2022-07-23T17:40:23.875Z INFO  client] Sending sample transaction 38
[2022-07-23T17:40:23.941Z INFO  client] Sending sample transaction 39
[2022-07-23T17:40:23.974Z INFO  client] Sending sample transaction 40
[2022-07-23T17:40:24.024Z INFO  client] Sending sample transaction 41
[2022-07-23T17:40:24.074Z INFO  client] Sending sample transaction 42
[2022-07-23T17:40:24.124Z INFO  client] Sending sample transaction 43
[2022-07-23T17:40:24.174Z INFO  client] Sending sample transaction 44
[2022-07-23T17:40:24.224Z INFO  client] Sending sample transaction 45
[2022-07-23T17:40:24.275Z INFO  client] Sending sample transaction 46
[2022-07-23T17:40:24.324Z INFO  client] Sending sample transaction 47
[2022-07-23T17:40:24.375Z INFO  client] Sending sample transaction 48
[2022-07-23T17:40:24.424Z INFO  client] Sending sample transaction 49
[2022-07-23T17:40:24.474Z INFO  client] Sending sample transaction 50
[2022-07-23T17:40:24.524Z INFO  client] Sending sample transaction 51
[2022-07-23T17:40:24.608Z INFO  client] Sending sample transaction 52
[2022-07-23T17:40:24.645Z INFO  client] Sending sample transaction 53
[2022-07-23T17:40:24.674Z INFO  client] Sending sample transaction 54
[2022-07-23T17:40:24.724Z INFO  client] Sending sample transaction 55
[2022-07-23T17:40:24.775Z INFO  client] Sending sample transaction 56
[2022-07-23T17:40:24.824Z INFO  client] Sending sample transaction 57
[2022-07-23T17:40:24.874Z INFO  client] Sending sample transaction 58
[2022-07-23T17:40:24.924Z INFO  client] Sending sample transaction 59
[2022-07-23T17:40:24.993Z INFO  client] Sending sample transaction 60
[2022-07-23T17:40:25.024Z INFO  client] Sending sample transaction 61
[2022-07-23T17:40:25.074Z INFO  client] Sending sample transaction 62
[2022-07-23T17:40:25.124Z INFO  client] Sending sample transaction 63
[2022-07-23T17:40:25.175Z INFO  client] Sending sample transaction 64
[2022-07-23T17:40:25.224Z INFO  client] Sending sample transaction 65
[2022-07-23T17:40:25.274Z INFO  client] Sending sample transaction 66
[2022-07-23T17:40:25.324Z INFO  client] Sending sample transaction 67
[2022-07-23T17:40:25.374Z INFO  client] Sending sample transaction 68
[2022-07-23T17:40:25.425Z INFO  client] Sending sample transaction 69
[2022-07-23T17:40:25.474Z INFO  client] Sending sample transaction 70
[2022-07-23T17:40:25.523Z INFO  client] Sending sample transaction 71
[2022-07-23T17:40:25.575Z INFO  client] Sending sample transaction 72
[2022-07-23T17:40:25.624Z INFO  client] Sending sample transaction 73
[2022-07-23T17:40:25.674Z INFO  client] Sending sample transaction 74
[2022-07-23T17:40:25.724Z INFO  client] Sending sample transaction 75
[2022-07-23T17:40:25.774Z INFO  client] Sending sample transaction 76
[2022-07-23T17:40:25.825Z INFO  client] Sending sample transaction 77
[2022-07-23T17:40:25.874Z INFO  client] Sending sample transaction 78
[2022-07-23T17:40:25.924Z INFO  client] Sending sample transaction 79
[2022-07-23T17:40:25.974Z INFO  client] Sending sample transaction 80
[2022-07-23T17:40:26.034Z INFO  client] Sending sample transaction 81
[2022-07-23T17:40:26.073Z INFO  client] Sending sample transaction 82
[2022-07-23T17:40:26.124Z INFO  client] Sending sample transaction 83
[2022-07-23T17:40:26.175Z INFO  client] Sending sample transaction 84
[2022-07-23T17:40:26.245Z INFO  client] Sending sample transaction 85
[2022-07-23T17:40:26.305Z INFO  client] Sending sample transaction 86
[2022-07-23T17:40:26.332Z INFO  client] Sending sample transaction 87
[2022-07-23T17:40:26.387Z INFO  client] Sending sample transaction 88
[2022-07-23T17:40:26.425Z INFO  client] Sending sample transaction 89
[2022-07-23T17:40:26.474Z INFO  client] Sending sample transaction 90
[2022-07-23T17:40:26.524Z INFO  client] Sending sample transaction 91
[2022-07-23T17:40:26.574Z INFO  client] Sending sample transaction 92
[2022-07-23T17:40:26.625Z INFO  client] Sending sample transaction 93
[2022-07-23T17:40:26.674Z INFO  client] Sending sample transaction 94
[2022-07-23T17:40:26.724Z INFO  client] Sending sample transaction 95
[2022-07-23T17:40:26.775Z INFO  client] Sending sample transaction 96
[2022-07-23T17:40:26.824Z INFO  client] Sending sample transaction 97
[2022-07-23T17:40:26.874Z INFO  client] Sending sample transaction 98
[2022-07-23T17:40:26.924Z INFO  client] Sending sample transaction 99
[2022-07-23T17:40:26.974Z INFO  client] Sending sample transaction 100
[2022-07-23T17:40:27.024Z INFO  client] Sending sample transaction 101
[2022-07-23T17:40:27.076Z INFO  client] Sending sample transaction 102
[2022-07-23T17:40:27.124Z INFO  client] Sending sample transaction 103
[2022-07-23T17:40:27.175Z INFO  client] Sending sample transaction 104
[2022-07-23T17:40:27.224Z INFO  client] Sending sample transaction 105
[2022-07-23T17:40:27.273Z INFO  client] Sending sample transaction 106
[2022-07-23T17:40:27.326Z INFO  client] Sending sample transaction 107
[2022-07-23T17:40:27.374Z INFO  client] Sending sample transaction 108
[2022-07-23T17:40:27.424Z INFO  client] Sending sample transaction 109
[2022-07-23T17:40:27.474Z INFO  client] Sending sample transaction 110
[2022-07-23T17:40:27.525Z INFO  client] Sending sample transaction 111
[2022-07-23T17:40:27.574Z INFO  client] Sending sample transaction 112
[2022-07-23T17:40:27.624Z INFO  client] Sending sample transaction 113
[2022-07-23T17:40:27.674Z INFO  client] Sending sample transaction 114
[2022-07-23T17:40:27.724Z INFO  client] Sending sample transaction 115
[2022-07-23T17:40:27.774Z INFO  client] Sending sample transaction 116
[2022-07-23T17:40:27.824Z INFO  client] Sending sample transaction 117
[2022-07-23T17:40:27.905Z INFO  client] Sending sample transaction 118
[2022-07-23T17:40:27.944Z INFO  client] Sending sample transaction 119
[2022-07-23T17:40:27.977Z INFO  client] Sending sample transaction 120
[2022-07-23T17:40:28.025Z INFO  client] Sending sample transaction 121
[2022-07-23T17:40:28.074Z INFO  client] Sending sample transaction 122
[2022-07-23T17:40:28.125Z INFO  client] Sending sample transaction 123
[2022-07-23T17:40:28.178Z INFO  client] Sending sample transaction 124
[2022-07-23T17:40:28.224Z INFO  client] Sending sample transaction 125
[2022-07-23T17:40:28.274Z INFO  client] Sending sample transaction 126
[2022-07-23T17:40:28.325Z INFO  client] Sending sample transaction 127
[2022-07-23T17:40:28.374Z INFO  client] Sending sample transaction 128
[2022-07-23T17:40:28.424Z INFO  client] Sending sample transaction 129
[2022-07-23T17:40:28.474Z INFO  client] Sending sample transaction 130
[2022-07-23T17:40:28.524Z INFO  client] Sending sample transaction 131
[2022-07-23T17:40:28.575Z INFO  client] Sending sample transaction 132
[2022-07-23T17:40:28.624Z INFO  client] Sending sample transaction 133
[2022-07-23T17:40:28.674Z INFO  client] Sending sample transaction 134
[2022-07-23T17:40:28.728Z INFO  client] Sending sample transaction 135
[2022-07-23T17:40:28.781Z INFO  client] Sending sample transaction 136
[2022-07-23T17:40:28.836Z INFO  client] Sending sample transaction 137
[2022-07-23T17:40:28.875Z INFO  client] Sending sample transaction 138
[2022-07-23T17:40:28.925Z INFO  client] Sending sample transaction 139
[2022-07-23T17:40:28.974Z INFO  client] Sending sample transaction 140
[2022-07-23T17:40:29.024Z INFO  client] Sending sample transaction 141
[2022-07-23T17:40:29.074Z INFO  client] Sending sample transaction 142
[2022-07-23T17:40:29.133Z INFO  client] Sending sample transaction 143
[2022-07-23T17:40:29.190Z INFO  client] Sending sample transaction 144
[2022-07-23T17:40:29.224Z INFO  client] Sending sample transaction 145
[2022-07-23T17:40:29.275Z INFO  client] Sending sample transaction 146
[2022-07-23T17:40:29.324Z INFO  client] Sending sample transaction 147
[2022-07-23T17:40:29.375Z INFO  client] Sending sample transaction 148
[2022-07-23T17:40:29.423Z INFO  client] Sending sample transaction 149
[2022-07-23T17:40:29.474Z INFO  client] Sending sample transaction 150
[2022-07-23T17:40:29.524Z INFO  client] Sending sample transaction 151
[2022-07-23T17:40:29.574Z INFO  client] Sending sample transaction 152
[2022-07-23T17:40:29.624Z INFO  client] Sending sample transaction 153
[2022-07-23T17:40:29.674Z INFO  client] Sending sample transaction 154
[2022-07-23T17:40:29.724Z INFO  client] Sending sample transaction 155
[2022-07-23T17:40:29.796Z INFO  client] Sending sample transaction 156
[2022-07-23T17:40:29.831Z INFO  client] Sending sample transaction 157
[2022-07-23T17:40:29.874Z INFO  client] Sending sample transaction 158
[2022-07-23T17:40:29.925Z INFO  client] Sending sample transaction 159
[2022-07-23T17:40:29.974Z INFO  client] Sending sample transaction 160
[2022-07-23T17:40:30.024Z INFO  client] Sending sample transaction 161
[2022-07-23T17:40:30.074Z INFO  client] Sending sample transaction 162
[2022-07-23T17:40:30.124Z INFO  client] Sending sample transaction 163
[2022-07-23T17:40:30.175Z INFO  client] Sending sample transaction 164
[2022-07-23T17:40:30.224Z INFO  client] Sending sample transaction 165
[2022-07-23T17:40:30.273Z INFO  client] Sending sample transaction 166
[2022-07-23T17:40:30.324Z INFO  client] Sending sample transaction 167
[2022-07-23T17:40:30.375Z INFO  client] Sending sample transaction 168
[2022-07-23T17:40:30.424Z INFO  client] Sending sample transaction 169
[2022-07-23T17:40:30.474Z INFO  client] Sending sample transaction 170
[2022-07-23T17:40:30.525Z INFO  client] Sending sample transaction 171
[2022-07-23T17:40:30.574Z INFO  client] Sending sample transaction 172
[2022-07-23T17:40:30.625Z INFO  client] Sending sample transaction 173
[2022-07-23T17:40:30.674Z INFO  client] Sending sample transaction 174
[2022-07-23T17:40:30.724Z INFO  client] Sending sample transaction 175
[2022-07-23T17:40:30.774Z INFO  client] Sending sample transaction 176
[2022-07-23T17:40:30.824Z INFO  client] Sending sample transaction 177
[2022-07-23T17:40:30.874Z INFO  client] Sending sample transaction 178
[2022-07-23T17:40:30.924Z INFO  client] Sending sample transaction 179
[2022-07-23T17:40:30.974Z INFO  client] Sending sample transaction 180
[2022-07-23T17:40:31.024Z INFO  client] Sending sample transaction 181
[2022-07-23T17:40:31.074Z INFO  client] Sending sample transaction 182
[2022-07-23T17:40:31.124Z INFO  client] Sending sample transaction 183
[2022-07-23T17:40:31.174Z INFO  client] Sending sample transaction 184
[2022-07-23T17:40:31.230Z INFO  client] Sending sample transaction 185
[2022-07-23T17:40:31.302Z INFO  client] Sending sample transaction 186
[2022-07-23T17:40:31.347Z INFO  client] Sending sample transaction 187
[2022-07-23T17:40:31.399Z INFO  client] Sending sample transaction 188
[2022-07-23T17:40:31.442Z INFO  client] Sending sample transaction 189
[2022-07-23T17:40:31.474Z INFO  client] Sending sample transaction 190
[2022-07-23T17:40:31.524Z INFO  client] Sending sample transaction 191
[2022-07-23T17:40:31.573Z INFO  client] Sending sample transaction 192
[2022-07-23T17:40:31.624Z INFO  client] Sending sample transaction 193
[2022-07-23T17:40:31.674Z INFO  client] Sending sample transaction 194
[2022-07-23T17:40:31.724Z INFO  client] Sending sample transaction 195
[2022-07-23T17:40:31.774Z INFO  client] Sending sample transaction 196
[2022-07-23T17:40:31.823Z INFO  client] Sending sample transaction 197
[2022-07-23T17:40:31.875Z INFO  client] Sending sample transaction 198
[2022-07-23T17:40:31.924Z INFO  client] Sending sample transaction 199
[2022-07-23T17:40:31.974Z INFO  client] Sending sample transaction 200
[2022-07-23T17:40:32.023Z INFO  client] Sending sample transaction 201
[2022-07-23T17:40:32.074Z INFO  client] Sending sample transaction 202
[2022-07-23T17:40:32.124Z INFO  client] Sending sample transaction 203
[2022-07-23T17:40:32.174Z INFO  client] Sending sample transaction 204
[2022-07-23T17:40:32.278Z INFO  client] Sending sample transaction 205
[2022-07-23T17:40:32.320Z INFO  client] Sending sample transaction 206
[2022-07-23T17:40:32.367Z INFO  client] Sending sample transaction 207
[2022-07-23T17:40:32.376Z INFO  client] Sending sample transaction 208
[2022-07-23T17:40:32.424Z INFO  client] Sending sample transaction 209
[2022-07-23T17:40:32.484Z INFO  client] Sending sample transaction 210
[2022-07-23T17:40:32.524Z INFO  client] Sending sample transaction 211
[2022-07-23T17:40:32.574Z INFO  client] Sending sample transaction 212
[2022-07-23T17:40:32.624Z INFO  client] Sending sample transaction 213
[2022-07-23T17:40:32.674Z INFO  client] Sending sample transaction 214
[2022-07-23T17:40:32.725Z INFO  client] Sending sample transaction 215
[2022-07-23T17:40:32.774Z INFO  client] Sending sample transaction 216
[2022-07-23T17:40:32.824Z INFO  client] Sending sample transaction 217
[2022-07-23T17:40:32.875Z INFO  client] Sending sample transaction 218
[2022-07-23T17:40:32.924Z INFO  client] Sending sample transaction 219
[2022-07-23T17:40:32.974Z INFO  client] Sending sample transaction 220
[2022-07-23T17:40:33.024Z INFO  client] Sending sample transaction 221
[2022-07-23T17:40:33.075Z INFO  client] Sending sample transaction 222
[2022-07-23T17:40:33.124Z INFO  client] Sending sample transaction 223
[2022-07-23T17:40:33.174Z INFO  client] Sending sample transaction 224
[2022-07-23T17:40:33.224Z INFO  client] Sending sample transaction 225
[2022-07-23T17:40:33.274Z INFO  client] Sending sample transaction 226
[2022-07-23T17:40:33.324Z INFO  client] Sending sample transaction 227
[2022-07-23T17:40:33.374Z INFO  client] Sending sample transaction 228
[2022-07-23T17:40:33.424Z INFO  client] Sending sample transaction 229
[2022-07-23T17:40:33.474Z INFO  client] Sending sample transaction 230
[2022-07-23T17:40:33.529Z INFO  client] Sending sample transaction 231
[2022-07-23T17:40:33.574Z INFO  client] Sending sample transaction 232
[2022-07-23T17:40:33.624Z INFO  client] Sending sample transaction 233
[2022-07-23T17:40:33.689Z INFO  client] Sending sample transaction 234
[2022-07-23T17:40:33.740Z INFO  client] Sending sample transaction 235
[2022-07-23T17:40:33.787Z INFO  client] Sending sample transaction 236
[2022-07-23T17:40:33.824Z INFO  client] Sending sample transaction 237
[2022-07-23T17:40:33.874Z INFO  client] Sending sample transaction 238
[2022-07-23T17:40:33.924Z INFO  client] Sending sample transaction 239
[2022-07-23T17:40:33.974Z INFO  client] Sending sample transaction 240
[2022-07-23T17:40:34.025Z INFO  client] Sending sample transaction 241
[2022-07-23T17:40:34.074Z INFO  client] Sending sample transaction 242
[2022-07-23T17:40:34.124Z INFO  client] Sending sample transaction 243
[2022-07-23T17:40:34.174Z INFO  client] Sending sample transaction 244
[2022-07-23T17:40:34.224Z INFO  client] Sending sample transaction 245
[2022-07-23T17:40:34.274Z INFO  client] Sending sample transaction 246
[2022-07-23T17:40:34.324Z INFO  client] Sending sample transaction 247
[2022-07-23T17:40:34.374Z INFO  client] Sending sample transaction 248
[2022-07-23T17:40:34.424Z INFO  client] Sending sample transaction 249
[2022-07-23T17:40:34.474Z INFO  client] Sending sample transaction 250
[2022-07-23T17:40:34.524Z INFO  client] Sending sample transaction 251
[2022-07-23T17:40:34.629Z INFO  client] Sending sample transaction 252
[2022-07-23T17:40:34.640Z INFO  client] Sending sample transaction 253
[2022-07-23T17:40:34.676Z INFO  client] Sending sample transaction 254
[2022-07-23T17:40:34.725Z INFO  client] Sending sample transaction 255
[2022-07-23T17:40:34.774Z INFO  client] Sending sample transaction 256
[2022-07-23T17:40:34.825Z INFO  client] Sending sample transaction 257
[2022-07-23T17:40:34.875Z INFO  client] Sending sample transaction 258
[2022-07-23T17:40:34.925Z INFO  client] Sending sample transaction 259
[2022-07-23T17:40:34.974Z INFO  client] Sending sample transaction 260
[2022-07-23T17:40:35.024Z INFO  client] Sending sample transaction 261
[2022-07-23T17:40:35.074Z INFO  client] Sending sample transaction 262
[2022-07-23T17:40:35.125Z INFO  client] Sending sample transaction 263
[2022-07-23T17:40:35.174Z INFO  client] Sending sample transaction 264
[2022-07-23T17:40:35.224Z INFO  client] Sending sample transaction 265
[2022-07-23T17:40:35.274Z INFO  client] Sending sample transaction 266
[2022-07-23T17:40:35.324Z INFO  client] Sending sample transaction 267
[2022-07-23T17:40:35.375Z INFO  client] Sending sample transaction 268
[2022-07-23T17:40:35.424Z INFO  client] Sending sample transaction 269
[2022-07-23T17:40:35.474Z INFO  client] Sending sample transaction 270
[2022-07-23T17:40:35.527Z INFO  client] Sending sample transaction 271
[2022-07-23T17:40:35.595Z INFO  client] Sending sample transaction 272
[2022-07-23T17:40:35.629Z INFO  client] Sending sample transaction 273
[2022-07-23T17:40:35.681Z INFO  client] Sending sample transaction 274
[2022-07-23T17:40:35.726Z INFO  client] Sending sample transaction 275
[2022-07-23T17:40:35.775Z INFO  client] Sending sample transaction 276
[2022-07-23T17:40:35.824Z INFO  client] Sending sample transaction 277
[2022-07-23T17:40:35.875Z INFO  client] Sending sample transaction 278
[2022-07-23T17:40:35.926Z INFO  client] Sending sample transaction 279
[2022-07-23T17:40:35.976Z INFO  client] Sending sample transaction 280
[2022-07-23T17:40:36.024Z INFO  client] Sending sample transaction 281
[2022-07-23T17:40:36.074Z INFO  client] Sending sample transaction 282
[2022-07-23T17:40:36.125Z INFO  client] Sending sample transaction 283
[2022-07-23T17:40:36.174Z INFO  client] Sending sample transaction 284
[2022-07-23T17:40:36.223Z INFO  client] Sending sample transaction 285
[2022-07-23T17:40:36.275Z INFO  client] Sending sample transaction 286
[2022-07-23T17:40:36.324Z INFO  client] Sending sample transaction 287
[2022-07-23T17:40:36.374Z INFO  client] Sending sample transaction 288
[2022-07-23T17:40:36.424Z INFO  client] Sending sample transaction 289
[2022-07-23T17:40:36.474Z INFO  client] Sending sample transaction 290
[2022-07-23T17:40:36.524Z INFO  client] Sending sample transaction 291
[2022-07-23T17:40:36.574Z INFO  client] Sending sample transaction 292
[2022-07-23T17:40:36.624Z INFO  client] Sending sample transaction 293
[2022-07-23T17:40:36.676Z INFO  client] Sending sample transaction 294
[2022-07-23T17:40:36.724Z INFO  client] Sending sample transaction 295
[2022-07-23T17:40:36.776Z INFO  client] Sending sample transaction 296
[2022-07-23T17:40:36.829Z INFO  client] Sending sample transaction 297
[2022-07-23T17:40:36.897Z INFO  client] Sending sample transaction 298
[2022-07-23T17:40:36.947Z INFO  client] Sending sample transaction 299
[2022-07-23T17:40:36.974Z INFO  client] Sending sample transaction 300
[2022-07-23T17:40:37.025Z INFO  client] Sending sample transaction 301
[2022-07-23T17:40:37.074Z INFO  client] Sending sample transaction 302
[2022-07-23T17:40:37.125Z INFO  client] Sending sample transaction 303
[2022-07-23T17:40:37.174Z INFO  client] Sending sample transaction 304
[2022-07-23T17:40:37.224Z INFO  client] Sending sample transaction 305
[2022-07-23T17:40:37.274Z INFO  client] Sending sample transaction 306
[2022-07-23T17:40:37.325Z INFO  client] Sending sample transaction 307
[2022-07-23T17:40:37.375Z INFO  client] Sending sample transaction 308
[2022-07-23T17:40:37.425Z INFO  client] Sending sample transaction 309
[2022-07-23T17:40:37.475Z INFO  client] Sending sample transaction 310
[2022-07-23T17:40:37.526Z INFO  client] Sending sample transaction 311
[2022-07-23T17:40:37.575Z INFO  client] Sending sample transaction 312
[2022-07-23T17:40:37.625Z INFO  client] Sending sample transaction 313
[2022-07-23T17:40:37.675Z INFO  client] Sending sample transaction 314
[2022-07-23T17:40:37.724Z INFO  client] Sending sample transaction 315
[2022-07-23T17:40:37.774Z INFO  client] Sending sample transaction 316
[2022-07-23T17:40:37.834Z INFO  client] Sending sample transaction 317
[2022-07-23T17:40:37.874Z INFO  client] Sending sample transaction 318
[2022-07-23T17:40:37.924Z INFO  client] Sending sample transaction 319
[2022-07-23T17:40:37.974Z INFO  client] Sending sample transaction 320
[2022-07-23T17:40:38.024Z INFO  client] Sending sample transaction 321
[2022-07-23T17:40:38.073Z INFO  client] Sending sample transaction 322
[2022-07-23T17:40:38.125Z INFO  client] Sending sample transaction 323
[2022-07-23T17:40:38.174Z INFO  client] Sending sample transaction 324
[2022-07-23T17:40:38.223Z INFO  client] Sending sample transaction 325
[2022-07-23T17:40:38.285Z INFO  client] Sending sample transaction 326
[2022-07-23T17:40:38.360Z INFO  client] Sending sample transaction 327
[2022-07-23T17:40:38.379Z INFO  client] Sending sample transaction 328
[2022-07-23T17:40:38.425Z INFO  client] Sending sample transaction 329
[2022-07-23T17:40:38.474Z INFO  client] Sending sample transaction 330
[2022-07-23T17:40:38.524Z INFO  client] Sending sample transaction 331
[2022-07-23T17:40:38.574Z INFO  client] Sending sample transaction 332
[2022-07-23T17:40:38.624Z INFO  client] Sending sample transaction 333
[2022-07-23T17:40:38.674Z INFO  client] Sending sample transaction 334
[2022-07-23T17:40:38.723Z INFO  client] Sending sample transaction 335
[2022-07-23T17:40:38.774Z INFO  client] Sending sample transaction 336
[2022-07-23T17:40:38.824Z INFO  client] Sending sample transaction 337
[2022-07-23T17:40:38.874Z INFO  client] Sending sample transaction 338
[2022-07-23T17:40:38.924Z INFO  client] Sending sample transaction 339
[2022-07-23T17:40:38.974Z INFO  client] Sending sample transaction 340
[2022-07-23T17:40:39.024Z INFO  client] Sending sample transaction 341
[2022-07-23T17:40:39.074Z INFO  client] Sending sample transaction 342
[2022-07-23T17:40:39.124Z INFO  client] Sending sample transaction 343
[2022-07-23T17:40:39.174Z INFO  client] Sending sample transaction 344
[2022-07-23T17:40:39.224Z INFO  client] Sending sample transaction 345
[2022-07-23T17:40:39.274Z INFO  client] Sending sample transaction 346
[2022-07-23T17:40:39.328Z INFO  client] Sending sample transaction 347
[2022-07-23T17:40:39.375Z INFO  client] Sending sample transaction 348
[2022-07-23T17:40:39.441Z INFO  client] Sending sample transaction 349
[2022-07-23T17:40:39.474Z INFO  client] Sending sample transaction 350
[2022-07-23T17:40:39.524Z INFO  client] Sending sample transaction 351
[2022-07-23T17:40:39.575Z INFO  client] Sending sample transaction 352
[2022-07-23T17:40:39.624Z INFO  client] Sending sample transaction 353
[2022-07-23T17:40:39.674Z INFO  client] Sending sample transaction 354
[2022-07-23T17:40:39.724Z INFO  client] Sending sample transaction 355
[2022-07-23T17:40:39.774Z INFO  client] Sending sample transaction 356
[2022-07-23T17:40:39.824Z INFO  client] Sending sample transaction 357
[2022-07-23T17:40:39.879Z INFO  client] Sending sample transaction 358
[2022-07-23T17:40:39.926Z INFO  client] Sending sample transaction 359
[2022-07-23T17:40:39.974Z INFO  client] Sending sample transaction 360
[2022-07-23T17:40:40.024Z INFO  client] Sending sample transaction 361
[2022-07-23T17:40:40.075Z INFO  client] Sending sample transaction 362
[2022-07-23T17:40:40.124Z INFO  client] Sending sample transaction 363
[2022-07-23T17:40:40.174Z INFO  client] Sending sample transaction 364
[2022-07-23T17:40:40.223Z INFO  client] Sending sample transaction 365
[2022-07-23T17:40:40.274Z INFO  client] Sending sample transaction 366
[2022-07-23T17:40:40.324Z INFO  client] Sending sample transaction 367
[2022-07-23T17:40:40.374Z INFO  client] Sending sample transaction 368
[2022-07-23T17:40:40.424Z INFO  client] Sending sample transaction 369
[2022-07-23T17:40:40.475Z INFO  client] Sending sample transaction 370
[2022-07-23T17:40:40.524Z INFO  client] Sending sample transaction 371
[2022-07-23T17:40:40.574Z INFO  client] Sending sample transaction 372
[2022-07-23T17:40:40.625Z INFO  client] Sending sample transaction 373
[2022-07-23T17:40:40.674Z INFO  client] Sending sample transaction 374
[2022-07-23T17:40:40.745Z INFO  client] Sending sample transaction 375
[2022-07-23T17:40:40.788Z INFO  client] Sending sample transaction 376
[2022-07-23T17:40:40.825Z INFO  client] Sending sample transaction 377
[2022-07-23T17:40:40.873Z INFO  client] Sending sample transaction 378
[2022-07-23T17:40:40.926Z INFO  client] Sending sample transaction 379
[2022-07-23T17:40:40.996Z INFO  client] Sending sample transaction 380
[2022-07-23T17:40:41.024Z INFO  client] Sending sample transaction 381
[2022-07-23T17:40:41.074Z INFO  client] Sending sample transaction 382
[2022-07-23T17:40:41.124Z INFO  client] Sending sample transaction 383
[2022-07-23T17:40:41.175Z INFO  client] Sending sample transaction 384
[2022-07-23T17:40:41.224Z INFO  client] Sending sample transaction 385
[2022-07-23T17:40:41.273Z INFO  client] Sending sample transaction 386
[2022-07-23T17:40:41.325Z INFO  client] Sending sample transaction 387
[2022-07-23T17:40:41.374Z INFO  client] Sending sample transaction 388
[2022-07-23T17:40:41.424Z INFO  client] Sending sample transaction 389
[2022-07-23T17:40:41.474Z INFO  client] Sending sample transaction 390
[2022-07-23T17:40:41.524Z INFO  client] Sending sample transaction 391
[2022-07-23T17:40:41.574Z INFO  client] Sending sample transaction 392
[2022-07-23T17:40:41.624Z INFO  client] Sending sample transaction 393
[2022-07-23T17:40:41.674Z INFO  client] Sending sample transaction 394
[2022-07-23T17:40:41.724Z INFO  client] Sending sample transaction 395
[2022-07-23T17:40:41.774Z INFO  client] Sending sample transaction 396
[2022-07-23T17:40:41.825Z INFO  client] Sending sample transaction 397
[2022-07-23T17:40:41.875Z INFO  client] Sending sample transaction 398
[2022-07-23T17:40:41.924Z INFO  client] Sending sample transaction 399
[2022-07-23T17:40:41.979Z INFO  client] Sending sample transaction 400
[2022-07-23T17:40:42.025Z INFO  client] Sending sample transaction 401
[2022-07-23T17:40:42.075Z INFO  client] Sending sample transaction 402
[2022-07-23T17:40:42.124Z INFO  client] Sending sample transaction 403
[2022-07-23T17:40:42.174Z INFO  client] Sending sample transaction 404
[2022-07-23T17:40:42.224Z INFO  client] Sending sample transaction 405
[2022-07-23T17:40:42.273Z INFO  client] Sending sample transaction 406
[2022-07-23T17:40:42.324Z INFO  client] Sending sample transaction 407
[2022-07-23T17:40:42.374Z INFO  client] Sending sample transaction 408
[2022-07-23T17:40:42.424Z INFO  client] Sending sample transaction 409
[2022-07-23T17:40:42.474Z INFO  client] Sending sample transaction 410
[2022-07-23T17:40:42.524Z INFO  client] Sending sample transaction 411
[2022-07-23T17:40:42.573Z INFO  client] Sending sample transaction 412
[2022-07-23T17:40:42.679Z INFO  client] Sending sample transaction 413
[2022-07-23T17:40:42.714Z INFO  client] Sending sample transaction 414
[2022-07-23T17:40:42.724Z INFO  client] Sending sample transaction 415
[2022-07-23T17:40:42.774Z INFO  client] Sending sample transaction 416
[2022-07-23T17:40:42.825Z INFO  client] Sending sample transaction 417
[2022-07-23T17:40:42.880Z INFO  client] Sending sample transaction 418
[2022-07-23T17:40:42.926Z INFO  client] Sending sample transaction 419
[2022-07-23T17:40:42.983Z INFO  client] Sending sample transaction 420
[2022-07-23T17:40:43.044Z INFO  client] Sending sample transaction 421
[2022-07-23T17:40:43.074Z INFO  client] Sending sample transaction 422
[2022-07-23T17:40:43.126Z INFO  client] Sending sample transaction 423
[2022-07-23T17:40:43.175Z INFO  client] Sending sample transaction 424
[2022-07-23T17:40:43.224Z INFO  client] Sending sample transaction 425
[2022-07-23T17:40:43.283Z INFO  client] Sending sample transaction 426
[2022-07-23T17:40:43.336Z INFO  client] Sending sample transaction 427
[2022-07-23T17:40:43.376Z INFO  client] Sending sample transaction 428
[2022-07-23T17:40:43.427Z INFO  client] Sending sample transaction 429
[2022-07-23T17:40:43.474Z INFO  client] Sending sample transaction 430
