[2022-07-23T17:46:10.432Z INFO  client] Node address: 127.0.0.1:9017
[2022-07-23T17:46:10.432Z INFO  client] Transactions size: 512 B
[2022-07-23T17:46:10.432Z INFO  client] Transactions rate: 112 tx/s
[2022-07-23T17:46:10.432Z INFO  client] Waiting for all nodes to be online...
[2022-07-23T17:46:10.432Z INFO  client] Waiting for all nodes to be synchronized...
[2022-07-23T17:46:12.437Z INFO  client] Start sending transactions
[2022-07-23T17:46:12.438Z INFO  client] Sending sample transaction 0
[2022-07-23T17:46:12.488Z INFO  client] Sending sample transaction 1
[2022-07-23T17:46:12.545Z INFO  client] Sending sample transaction 2
[2022-07-23T17:46:12.613Z INFO  client] Sending sample transaction 3
[2022-07-23T17:46:12.644Z INFO  client] Sending sample transaction 4
[2022-07-23T17:46:12.695Z INFO  client] Sending sample transaction 5
[2022-07-23T17:46:12.739Z INFO  client] Sending sample transaction 6
[2022-07-23T17:46:12.789Z INFO  client] Sending sample transaction 7
[2022-07-23T17:46:12.839Z INFO  client] Sending sample transaction 8
[2022-07-23T17:46:12.889Z INFO  client] Sending sample transaction 9
[2022-07-23T17:46:12.938Z INFO  client] Sending sample transaction 10
[2022-07-23T17:46:12.989Z INFO  client] Sending sample transaction 11
[2022-07-23T17:46:13.038Z INFO  client] Sending sample transaction 12
[2022-07-23T17:46:13.089Z INFO  client] Sending sample transaction 13
[2022-07-23T17:46:13.145Z INFO  client] Sending sample transaction 14
[2022-07-23T17:46:13.188Z INFO  client] Sending sample transaction 15
[2022-07-23T17:46:13.238Z INFO  client] Sending sample transaction 16
[2022-07-23T17:46:13.290Z INFO  client] Sending sample transaction 17
[2022-07-23T17:46:13.341Z INFO  client] Sending sample transaction 18
[2022-07-23T17:46:13.445Z INFO  client] Sending sample transaction 19
[2022-07-23T17:46:13.463Z INFO  client] Sending sample transaction 20
[2022-07-23T17:46:13.529Z INFO  client] Sending sample transaction 21
[2022-07-23T17:46:13.795Z INFO  client] Sending sample transaction 22
[2022-07-23T17:46:13.796Z WARN  client] Transaction rate too high for this client
[2022-07-23T17:46:13.797Z INFO  client] Sending sample transaction 23
[2022-07-23T17:46:13.845Z INFO  client] Sending sample transaction 24
[2022-07-23T17:46:13.845Z INFO  client] Sending sample transaction 25
[2022-07-23T17:46:13.963Z WARN  client] Transaction rate too high for this client
[2022-07-23T17:46:13.963Z INFO  client] Sending sample transaction 26
[2022-07-23T17:46:13.964Z INFO  client] Sending sample transaction 27
[2022-07-23T17:46:13.965Z INFO  client] Sending sample transaction 28
[2022-07-23T17:46:14.058Z INFO  client] Sending sample transaction 29
[2022-07-23T17:46:14.058Z INFO  client] Sending sample transaction 30
[2022-07-23T17:46:14.059Z INFO  client] Sending sample transaction 31
[2022-07-23T17:46:14.151Z INFO  client] Sending sample transaction 32
[2022-07-23T17:46:14.243Z WARN  client] Transaction rate too high for this client
[2022-07-23T17:46:14.244Z INFO  client] Sending sample transaction 33
[2022-07-23T17:46:14.245Z INFO  client] Sending sample transaction 34
[2022-07-23T17:46:14.245Z INFO  client] Sending sample transaction 35
[2022-07-23T17:46:14.247Z INFO  client] Sending sample transaction 36
[2022-07-23T17:46:14.341Z INFO  client] Sending sample transaction 37
[2022-07-23T17:46:14.377Z INFO  client] Sending sample transaction 38
[2022-07-23T17:46:14.403Z INFO  client] Sending sample transaction 39
[2022-07-23T17:46:14.448Z INFO  client] Sending sample transaction 40
[2022-07-23T17:46:14.489Z INFO  client] Sending sample transaction 41
[2022-07-23T17:46:14.542Z INFO  client] Sending sample transaction 42
[2022-07-23T17:46:14.606Z INFO  client] Sending sample transaction 43
[2022-07-23T17:46:14.657Z INFO  client] Sending sample transaction 44
[2022-07-23T17:46:14.698Z INFO  client] Sending sample transaction 45
[2022-07-23T17:46:14.742Z INFO  client] Sending sample transaction 46
[2022-07-23T17:46:14.814Z INFO  client] Sending sample transaction 47
[2022-07-23T17:46:14.853Z INFO  client] Sending sample transaction 48
[2022-07-23T17:46:14.900Z INFO  client] Sending sample transaction 49
[2022-07-23T17:46:14.953Z INFO  client] Sending sample transaction 50
[2022-07-23T17:46:14.993Z INFO  client] Sending sample transaction 51
[2022-07-23T17:46:15.077Z INFO  client] Sending sample transaction 52
[2022-07-23T17:46:15.099Z INFO  client] Sending sample transaction 53
[2022-07-23T17:46:15.143Z INFO  client] Sending sample transaction 54
[2022-07-23T17:46:15.193Z INFO  client] Sending sample transaction 55
[2022-07-23T17:46:15.254Z INFO  client] Sending sample transaction 56
[2022-07-23T17:46:15.289Z INFO  client] Sending sample transaction 57
[2022-07-23T17:46:15.340Z INFO  client] Sending sample transaction 58
[2022-07-23T17:46:15.394Z INFO  client] Sending sample transaction 59
[2022-07-23T17:46:15.438Z INFO  client] Sending sample transaction 60
[2022-07-23T17:46:15.488Z INFO  client] Sending sample transaction 61
[2022-07-23T17:46:15.539Z INFO  client] Sending sample transaction 62
[2022-07-23T17:46:15.591Z INFO  client] Sending sample transaction 63
[2022-07-23T17:46:15.639Z INFO  client] Sending sample transaction 64
[2022-07-23T17:46:15.716Z INFO  client] Sending sample transaction 65
[2022-07-23T17:46:15.788Z INFO  client] Sending sample transaction 66
[2022-07-23T17:46:15.813Z INFO  client] Sending sample transaction 67
[2022-07-23T17:46:15.868Z INFO  client] Sending sample transaction 68
[2022-07-23T17:46:15.908Z INFO  client] Sending sample transaction 69
[2022-07-23T17:46:15.939Z INFO  client] Sending sample transaction 70
[2022-07-23T17:46:15.991Z INFO  client] Sending sample transaction 71
[2022-07-23T17:46:16.065Z INFO  client] Sending sample transaction 72
[2022-07-23T17:46:16.144Z INFO  client] Sending sample transaction 73
[2022-07-23T17:46:16.168Z INFO  client] Sending sample transaction 74
[2022-07-23T17:46:16.188Z INFO  client] Sending sample transaction 75
[2022-07-23T17:46:16.240Z INFO  client] Sending sample transaction 76
[2022-07-23T17:46:16.290Z INFO  client] Sending sample transaction 77
[2022-07-23T17:46:16.341Z INFO  client] Sending sample transaction 78
[2022-07-23T17:46:16.391Z INFO  client] Sending sample transaction 79
[2022-07-23T17:46:16.438Z INFO  client] Sending sample transaction 80
[2022-07-23T17:46:16.488Z INFO  client] Sending sample transaction 81
[2022-07-23T17:46:16.539Z INFO  client] Sending sample transaction 82
[2022-07-23T17:46:16.589Z INFO  client] Sending sample transaction 83
[2022-07-23T17:46:16.638Z INFO  client] Sending sample transaction 84
[2022-07-23T17:46:16.688Z INFO  client] Sending sample transaction 85
[2022-07-23T17:46:16.738Z INFO  client] Sending sample transaction 86
[2022-07-23T17:46:16.789Z INFO  client] Sending sample transaction 87
[2022-07-23T17:46:16.839Z INFO  client] Sending sample transaction 88
[2022-07-23T17:46:16.888Z INFO  client] Sending sample transaction 89
[2022-07-23T17:46:16.940Z INFO  client] Sending sample transaction 90
[2022-07-23T17:46:16.989Z INFO  client] Sending sample transaction 91
[2022-07-23T17:46:17.038Z INFO  client] Sending sample transaction 92
[2022-07-23T17:46:17.089Z INFO  client] Sending sample transaction 93
[2022-07-23T17:46:17.169Z INFO  client] Sending sample transaction 94
[2022-07-23T17:46:17.215Z INFO  client] Sending sample transaction 95
[2022-07-23T17:46:17.303Z INFO  client] Sending sample transaction 96
[2022-07-23T17:46:17.304Z INFO  client] Sending sample transaction 97
[2022-07-23T17:46:17.362Z INFO  client] Sending sample transaction 98
[2022-07-23T17:46:17.392Z INFO  client] Sending sample transaction 99
[2022-07-23T17:46:17.446Z INFO  client] Sending sample transaction 100
[2022-07-23T17:46:17.497Z INFO  client] Sending sample transaction 101
[2022-07-23T17:46:17.543Z INFO  client] Sending sample transaction 102
[2022-07-23T17:46:17.618Z INFO  client] Sending sample transaction 103
[2022-07-23T17:46:17.654Z INFO  client] Sending sample transaction 104
[2022-07-23T17:46:17.700Z INFO  client] Sending sample transaction 105
[2022-07-23T17:46:17.738Z INFO  client] Sending sample transaction 106
[2022-07-23T17:46:17.790Z INFO  client] Sending sample transaction 107
[2022-07-23T17:46:17.841Z INFO  client] Sending sample transaction 108
[2022-07-23T17:46:17.889Z INFO  client] Sending sample transaction 109
[2022-07-23T17:46:17.939Z INFO  client] Sending sample transaction 110
[2022-07-23T17:46:17.992Z INFO  client] Sending sample transaction 111
[2022-07-23T17:46:18.039Z INFO  client] Sending sample transaction 112
[2022-07-23T17:46:18.089Z INFO  client] Sending sample transaction 113
[2022-07-23T17:46:18.139Z INFO  client] Sending sample transaction 114
[2022-07-23T17:46:18.188Z INFO  client] Sending sample transaction 115
[2022-07-23T17:46:18.241Z INFO  client] Sending sample transaction 116
[2022-07-23T17:46:18.289Z INFO  client] Sending sample transaction 117
[2022-07-23T17:46:18.340Z INFO  client] Sending sample transaction 118
[2022-07-23T17:46:18.388Z INFO  client] Sending sample transaction 119
[2022-07-23T17:46:18.438Z INFO  client] Sending sample transaction 120
[2022-07-23T17:46:18.488Z INFO  client] Sending sample transaction 121
[2022-07-23T17:46:18.539Z INFO  client] Sending sample transaction 122
[2022-07-23T17:46:18.589Z INFO  client] Sending sample transaction 123
[2022-07-23T17:46:18.639Z INFO  client] Sending sample transaction 124
[2022-07-23T17:46:18.688Z INFO  client] Sending sample transaction 125
[2022-07-23T17:46:18.739Z INFO  client] Sending sample transaction 126
[2022-07-23T17:46:18.788Z INFO  client] Sending sample transaction 127
[2022-07-23T17:46:18.868Z INFO  client] Sending sample transaction 128
[2022-07-23T17:46:18.906Z INFO  client] Sending sample transaction 129
[2022-07-23T17:46:18.965Z INFO  client] Sending sample transaction 130
[2022-07-23T17:46:18.988Z INFO  client] Sending sample transaction 131
[2022-07-23T17:46:19.039Z INFO  client] Sending sample transaction 132
[2022-07-23T17:46:19.089Z INFO  client] Sending sample transaction 133
[2022-07-23T17:46:19.139Z INFO  client] Sending sample transaction 134
[2022-07-23T17:46:19.187Z INFO  client] Sending sample transaction 135
[2022-07-23T17:46:19.238Z INFO  client] Sending sample transaction 136
[2022-07-23T17:46:19.288Z INFO  client] Sending sample transaction 137
[2022-07-23T17:46:19.338Z INFO  client] Sending sample transaction 138
[2022-07-23T17:46:19.390Z INFO  client] Sending sample transaction 139
[2022-07-23T17:46:19.438Z INFO  client] Sending sample transaction 140
[2022-07-23T17:46:19.490Z INFO  client] Sending sample transaction 141
[2022-07-23T17:46:19.540Z INFO  client] Sending sample transaction 142
[2022-07-23T17:46:19.599Z INFO  client] Sending sample transaction 143
[2022-07-23T17:46:19.646Z INFO  client] Sending sample transaction 144
[2022-07-23T17:46:19.688Z INFO  client] Sending sample transaction 145
[2022-07-23T17:46:19.738Z INFO  client] Sending sample transaction 146
[2022-07-23T17:46:19.788Z INFO  client] Sending sample transaction 147
[2022-07-23T17:46:19.838Z INFO  client] Sending sample transaction 148
[2022-07-23T17:46:19.888Z INFO  client] Sending sample transaction 149
[2022-07-23T17:46:19.943Z INFO  client] Sending sample transaction 150
[2022-07-23T17:46:19.988Z INFO  client] Sending sample transaction 151
[2022-07-23T17:46:20.038Z INFO  client] Sending sample transaction 152
[2022-07-23T17:46:20.122Z INFO  client] Sending sample transaction 153
[2022-07-23T17:46:20.149Z INFO  client] Sending sample transaction 154
[2022-07-23T17:46:20.208Z INFO  client] Sending sample transaction 155
[2022-07-23T17:46:20.254Z INFO  client] Sending sample transaction 156
[2022-07-23T17:46:20.291Z INFO  client] Sending sample transaction 157
[2022-07-23T17:46:20.338Z INFO  client] Sending sample transaction 158
[2022-07-23T17:46:20.389Z INFO  client] Sending sample transaction 159
[2022-07-23T17:46:20.439Z INFO  client] Sending sample transaction 160
[2022-07-23T17:46:20.489Z INFO  client] Sending sample transaction 161
[2022-07-23T17:46:20.538Z INFO  client] Sending sample transaction 162
[2022-07-23T17:46:20.588Z INFO  client] Sending sample transaction 163
[2022-07-23T17:46:20.638Z INFO  client] Sending sample transaction 164
[2022-07-23T17:46:20.688Z INFO  client] Sending sample transaction 165
[2022-07-23T17:46:20.738Z INFO  client] Sending sample transaction 166
[2022-07-23T17:46:20.788Z INFO  client] Sending sample transaction 167
[2022-07-23T17:46:20.838Z INFO  client] Sending sample transaction 168
[2022-07-23T17:46:20.888Z INFO  client] Sending sample transaction 169
[2022-07-23T17:46:20.938Z INFO  client] Sending sample transaction 170
[2022-07-23T17:46:20.989Z INFO  client] Sending sample transaction 171
[2022-07-23T17:46:21.038Z INFO  client] Sending sample transaction 172
[2022-07-23T17:46:21.088Z INFO  client] Sending sample transaction 173
[2022-07-23T17:46:21.138Z INFO  client] Sending sample transaction 174
[2022-07-23T17:46:21.189Z INFO  client] Sending sample transaction 175
[2022-07-23T17:46:21.238Z INFO  client] Sending sample transaction 176
[2022-07-23T17:46:21.288Z INFO  client] Sending sample transaction 177
[2022-07-23T17:46:21.338Z INFO  client] Sending sample transaction 178
[2022-07-23T17:46:21.389Z INFO  client] Sending sample transaction 179
[2022-07-23T17:46:21.437Z INFO  client] Sending sample transaction 180
[2022-07-23T17:46:21.488Z INFO  client] Sending sample transaction 181
[2022-07-23T17:46:21.538Z INFO  client] Sending sample transaction 182
[2022-07-23T17:46:21.589Z INFO  client] Sending sample transaction 183
[2022-07-23T17:46:21.639Z INFO  client] Sending sample transaction 184
[2022-07-23T17:46:21.688Z INFO  client] Sending sample transaction 185
[2022-07-23T17:46:21.751Z INFO  client] Sending sample transaction 186
[2022-07-23T17:46:21.795Z INFO  client] Sending sample transaction 187
[2022-07-23T17:46:21.867Z INFO  client] Sending sample transaction 188
[2022-07-23T17:46:21.904Z INFO  client] Sending sample transaction 189
[2022-07-23T17:46:21.942Z INFO  client] Sending sample transaction 190
[2022-07-23T17:46:22.019Z INFO  client] Sending sample transaction 191
[2022-07-23T17:46:22.046Z INFO  client] Sending sample transaction 192
[2022-07-23T17:46:22.103Z INFO  client] Sending sample transaction 193
[2022-07-23T17:46:22.140Z INFO  client] Sending sample transaction 194
[2022-07-23T17:46:22.189Z INFO  client] Sending sample transaction 195
[2022-07-23T17:46:22.243Z INFO  client] Sending sample transaction 196
[2022-07-23T17:46:22.288Z INFO  client] Sending sample transaction 197
[2022-07-23T17:46:22.339Z INFO  client] Sending sample transaction 198
[2022-07-23T17:46:22.388Z INFO  client] Sending sample transaction 199
[2022-07-23T17:46:22.439Z INFO  client] Sending sample transaction 200
[2022-07-23T17:46:22.489Z INFO  client] Sending sample transaction 201
[2022-07-23T17:46:22.595Z INFO  client] Sending sample transaction 202
[2022-07-23T17:46:22.628Z WARN  client] Transaction rate too high for this client
[2022-07-23T17:46:22.628Z INFO  client] Sending sample transaction 203
[2022-07-23T17:46:22.695Z INFO  client] Sending sample transaction 204
[2022-07-23T17:46:22.720Z INFO  client] Sending sample transaction 205
[2022-07-23T17:46:22.758Z INFO  client] Sending sample transaction 206
[2022-07-23T17:46:22.809Z INFO  client] Sending sample transaction 207
[2022-07-23T17:46:22.853Z INFO  client] Sending sample transaction 208
[2022-07-23T17:46:22.901Z INFO  client] Sending sample transaction 209
[2022-07-23T17:46:22.941Z INFO  client] Sending sample transaction 210
[2022-07-23T17:46:22.992Z INFO  client] Sending sample transaction 211
[2022-07-23T17:46:23.043Z INFO  client] Sending sample transaction 212
[2022-07-23T17:46:23.089Z INFO  client] Sending sample transaction 213
[2022-07-23T17:46:23.139Z INFO  client] Sending sample transaction 214
[2022-07-23T17:46:23.188Z INFO  client] Sending sample transaction 215
[2022-07-23T17:46:23.238Z INFO  client] Sending sample transaction 216
[2022-07-23T17:46:23.288Z INFO  client] Sending sample transaction 217
[2022-07-23T17:46:23.342Z INFO  client] Sending sample transaction 218
[2022-07-23T17:46:23.391Z INFO  client] Sending sample transaction 219
[2022-07-23T17:46:23.438Z INFO  client] Sending sample transaction 220
[2022-07-23T17:46:23.511Z INFO  client] Sending sample transaction 221
[2022-07-23T17:46:23.578Z INFO  client] Sending sample transaction 222
[2022-07-23T17:46:23.677Z INFO  client] Sending sample transaction 223
[2022-07-23T17:46:23.677Z INFO  client] Sending sample transaction 224
[2022-07-23T17:46:23.721Z INFO  client] Sending sample transaction 225
[2022-07-23T17:46:23.805Z INFO  client] Sending sample transaction 226
[2022-07-23T17:46:23.852Z INFO  client] Sending sample transaction 227
[2022-07-23T17:46:23.854Z INFO  client] Sending sample transaction 228
[2022-07-23T17:46:23.889Z INFO  client] Sending sample transaction 229
[2022-07-23T17:46:23.938Z INFO  client] Sending sample transaction 230
[2022-07-23T17:46:23.988Z INFO  client] Sending sample transaction 231
[2022-07-23T17:46:24.040Z INFO  client] Sending sample transaction 232
[2022-07-23T17:46:24.088Z INFO  client] Sending sample transaction 233
[2022-07-23T17:46:24.147Z INFO  client] Sending sample transaction 234
[2022-07-23T17:46:24.191Z INFO  client] Sending sample transaction 235
[2022-07-23T17:46:24.239Z INFO  client] Sending sample transaction 236
[2022-07-23T17:46:24.295Z INFO  client] Sending sample transaction 237
[2022-07-23T17:46:24.347Z INFO  client] Sending sample transaction 238
[2022-07-23T17:46:24.389Z INFO  client] Sending sample transaction 239
[2022-07-23T17:46:24.443Z INFO  client] Sending sample transaction 240
[2022-07-23T17:46:24.489Z INFO  client] Sending sample transaction 241
[2022-07-23T17:46:24.539Z INFO  client] Sending sample transaction 242
[2022-07-23T17:46:24.594Z INFO  client] Sending sample transaction 243
[2022-07-23T17:46:24.639Z INFO  client] Sending sample transaction 244
[2022-07-23T17:46:24.688Z INFO  client] Sending sample transaction 245
[2022-07-23T17:46:24.738Z INFO  client] Sending sample transaction 246
[2022-07-23T17:46:24.789Z INFO  client] Sending sample transaction 247
[2022-07-23T17:46:24.840Z INFO  client] Sending sample transaction 248
[2022-07-23T17:46:24.888Z INFO  client] Sending sample transaction 249
[2022-07-23T17:46:24.938Z INFO  client] Sending sample transaction 250
[2022-07-23T17:46:24.988Z INFO  client] Sending sample transaction 251
[2022-07-23T17:46:25.037Z INFO  client] Sending sample transaction 252
[2022-07-23T17:46:25.088Z INFO  client] Sending sample transaction 253
[2022-07-23T17:46:25.138Z INFO  client] Sending sample transaction 254
[2022-07-23T17:46:25.189Z INFO  client] Sending sample transaction 255
[2022-07-23T17:46:25.238Z INFO  client] Sending sample transaction 256
[2022-07-23T17:46:25.288Z INFO  client] Sending sample transaction 257
[2022-07-23T17:46:25.363Z INFO  client] Sending sample transaction 258
[2022-07-23T17:46:25.405Z INFO  client] Sending sample transaction 259
[2022-07-23T17:46:25.466Z INFO  client] Sending sample transaction 260
[2022-07-23T17:46:25.561Z INFO  client] Sending sample transaction 261
[2022-07-23T17:46:25.599Z INFO  client] Sending sample transaction 262
[2022-07-23T17:46:25.602Z INFO  client] Sending sample transaction 263
[2022-07-23T17:46:25.639Z INFO  client] Sending sample transaction 264
[2022-07-23T17:46:25.691Z INFO  client] Sending sample transaction 265
[2022-07-23T17:46:25.739Z INFO  client] Sending sample transaction 266
[2022-07-23T17:46:25.788Z INFO  client] Sending sample transaction 267
[2022-07-23T17:46:25.839Z INFO  client] Sending sample transaction 268
[2022-07-23T17:46:25.915Z INFO  client] Sending sample transaction 269
[2022-07-23T17:46:25.954Z INFO  client] Sending sample transaction 270
[2022-07-23T17:46:25.988Z INFO  client] Sending sample transaction 271
[2022-07-23T17:46:26.045Z INFO  client] Sending sample transaction 272
[2022-07-23T17:46:26.089Z INFO  client] Sending sample transaction 273
[2022-07-23T17:46:26.139Z INFO  client] Sending sample transaction 274
[2022-07-23T17:46:26.188Z INFO  client] Sending sample transaction 275
[2022-07-23T17:46:26.239Z INFO  client] Sending sample transaction 276
[2022-07-23T17:46:26.288Z INFO  client] Sending sample transaction 277
[2022-07-23T17:46:26.356Z INFO  client] Sending sample transaction 278
[2022-07-23T17:46:26.401Z INFO  client] Sending sample transaction 279
[2022-07-23T17:46:26.453Z INFO  client] Sending sample transaction 280
[2022-07-23T17:46:26.510Z INFO  client] Sending sample transaction 281
[2022-07-23T17:46:26.573Z INFO  client] Sending sample transaction 282
[2022-07-23T17:46:26.620Z INFO  client] Sending sample transaction 283
[2022-07-23T17:46:26.648Z INFO  client] Sending sample transaction 284
[2022-07-23T17:46:26.695Z INFO  client] Sending sample transaction 285
[2022-07-23T17:46:26.739Z INFO  client] Sending sample transaction 286
[2022-07-23T17:46:26.789Z INFO  client] Sending sample transaction 287
[2022-07-23T17:46:26.856Z INFO  client] Sending sample transaction 288
[2022-07-23T17:46:26.888Z INFO  client] Sending sample transaction 289
[2022-07-23T17:46:26.940Z INFO  client] Sending sample transaction 290
[2022-07-23T17:46:26.989Z INFO  client] Sending sample transaction 291
[2022-07-23T17:46:27.040Z INFO  client] Sending sample transaction 292
[2022-07-23T17:46:27.089Z INFO  client] Sending sample transaction 293
[2022-07-23T17:46:27.139Z INFO  client] Sending sample transaction 294
[2022-07-23T17:46:27.188Z INFO  client] Sending sample transaction 295
[2022-07-23T17:46:27.239Z INFO  client] Sending sample transaction 296
[2022-07-23T17:46:27.288Z INFO  client] Sending sample transaction 297
[2022-07-23T17:46:27.338Z INFO  client] Sending sample transaction 298
[2022-07-23T17:46:27.388Z INFO  client] Sending sample transaction 299
[2022-07-23T17:46:27.438Z INFO  client] Sending sample transaction 300
[2022-07-23T17:46:27.488Z INFO  client] Sending sample transaction 301
[2022-07-23T17:46:27.538Z INFO  client] Sending sample transaction 302
[2022-07-23T17:46:27.588Z INFO  client] Sending sample transaction 303
[2022-07-23T17:46:27.639Z INFO  client] Sending sample transaction 304
[2022-07-23T17:46:27.688Z INFO  client] Sending sample transaction 305
[2022-07-23T17:46:27.737Z INFO  client] Sending sample transaction 306
[2022-07-23T17:46:27.789Z INFO  client] Sending sample transaction 307
[2022-07-23T17:46:27.842Z INFO  client] Sending sample transaction 308
[2022-07-23T17:46:27.889Z INFO  client] Sending sample transaction 309
[2022-07-23T17:46:27.937Z INFO  client] Sending sample transaction 310
[2022-07-23T17:46:27.988Z INFO  client] Sending sample transaction 311
[2022-07-23T17:46:28.038Z INFO  client] Sending sample transaction 312
[2022-07-23T17:46:28.088Z INFO  client] Sending sample transaction 313
[2022-07-23T17:46:28.138Z INFO  client] Sending sample transaction 314
[2022-07-23T17:46:28.188Z INFO  client] Sending sample transaction 315
[2022-07-23T17:46:28.238Z INFO  client] Sending sample transaction 316
[2022-07-23T17:46:28.288Z INFO  client] Sending sample transaction 317
[2022-07-23T17:46:28.339Z INFO  client] Sending sample transaction 318
[2022-07-23T17:46:28.389Z INFO  client] Sending sample transaction 319
[2022-07-23T17:46:28.438Z INFO  client] Sending sample transaction 320
[2022-07-23T17:46:28.488Z INFO  client] Sending sample transaction 321
[2022-07-23T17:46:28.539Z INFO  client] Sending sample transaction 322
[2022-07-23T17:46:28.592Z INFO  client] Sending sample transaction 323
[2022-07-23T17:46:28.639Z INFO  client] Sending sample transaction 324
[2022-07-23T17:46:28.688Z INFO  client] Sending sample transaction 325
[2022-07-23T17:46:28.738Z INFO  client] Sending sample transaction 326
[2022-07-23T17:46:28.789Z INFO  client] Sending sample transaction 327
[2022-07-23T17:46:28.843Z INFO  client] Sending sample transaction 328
[2022-07-23T17:46:28.893Z INFO  client] Sending sample transaction 329
[2022-07-23T17:46:28.943Z INFO  client] Sending sample transaction 330
[2022-07-23T17:46:28.993Z INFO  client] Sending sample transaction 331
[2022-07-23T17:46:29.038Z INFO  client] Sending sample transaction 332
[2022-07-23T17:46:29.088Z INFO  client] Sending sample transaction 333
[2022-07-23T17:46:29.140Z INFO  client] Sending sample transaction 334
[2022-07-23T17:46:29.190Z INFO  client] Sending sample transaction 335
[2022-07-23T17:46:29.239Z INFO  client] Sending sample transaction 336
[2022-07-23T17:46:29.294Z INFO  client] Sending sample transaction 337
[2022-07-23T17:46:29.341Z INFO  client] Sending sample transaction 338
[2022-07-23T17:46:29.389Z INFO  client] Sending sample transaction 339
[2022-07-23T17:46:29.438Z INFO  client] Sending sample transaction 340
[2022-07-23T17:46:29.491Z INFO  client] Sending sample transaction 341
[2022-07-23T17:46:29.539Z INFO  client] Sending sample transaction 342
[2022-07-23T17:46:29.589Z INFO  client] Sending sample transaction 343
[2022-07-23T17:46:29.642Z INFO  client] Sending sample transaction 344
[2022-07-23T17:46:29.690Z INFO  client] Sending sample transaction 345
[2022-07-23T17:46:29.739Z INFO  client] Sending sample transaction 346
[2022-07-23T17:46:29.789Z INFO  client] Sending sample transaction 347
[2022-07-23T17:46:29.842Z INFO  client] Sending sample transaction 348
[2022-07-23T17:46:29.891Z INFO  client] Sending sample transaction 349
[2022-07-23T17:46:29.940Z INFO  client] Sending sample transaction 350
[2022-07-23T17:46:29.989Z INFO  client] Sending sample transaction 351
[2022-07-23T17:46:30.063Z INFO  client] Sending sample transaction 352
[2022-07-23T17:46:30.095Z INFO  client] Sending sample transaction 353
[2022-07-23T17:46:30.140Z INFO  client] Sending sample transaction 354
[2022-07-23T17:46:30.192Z INFO  client] Sending sample transaction 355
[2022-07-23T17:46:30.242Z INFO  client] Sending sample transaction 356
[2022-07-23T17:46:30.290Z INFO  client] Sending sample transaction 357
[2022-07-23T17:46:30.340Z INFO  client] Sending sample transaction 358
[2022-07-23T17:46:30.390Z INFO  client] Sending sample transaction 359
[2022-07-23T17:46:30.438Z INFO  client] Sending sample transaction 360
[2022-07-23T17:46:30.489Z INFO  client] Sending sample transaction 361
[2022-07-23T17:46:30.538Z INFO  client] Sending sample transaction 362
[2022-07-23T17:46:30.589Z INFO  client] Sending sample transaction 363
[2022-07-23T17:46:30.639Z INFO  client] Sending sample transaction 364
[2022-07-23T17:46:30.688Z INFO  client] Sending sample transaction 365
[2022-07-23T17:46:30.738Z INFO  client] Sending sample transaction 366
[2022-07-23T17:46:30.789Z INFO  client] Sending sample transaction 367
[2022-07-23T17:46:30.840Z INFO  client] Sending sample transaction 368
[2022-07-23T17:46:30.889Z INFO  client] Sending sample transaction 369
[2022-07-23T17:46:30.940Z INFO  client] Sending sample transaction 370
[2022-07-23T17:46:30.989Z INFO  client] Sending sample transaction 371
[2022-07-23T17:46:31.038Z INFO  client] Sending sample transaction 372
[2022-07-23T17:46:31.112Z INFO  client] Sending sample transaction 373
[2022-07-23T17:46:31.144Z INFO  client] Sending sample transaction 374
[2022-07-23T17:46:31.191Z INFO  client] Sending sample transaction 375
[2022-07-23T17:46:31.238Z INFO  client] Sending sample transaction 376
[2022-07-23T17:46:31.288Z INFO  client] Sending sample transaction 377
[2022-07-23T17:46:31.339Z INFO  client] Sending sample transaction 378
[2022-07-23T17:46:31.389Z INFO  client] Sending sample transaction 379
[2022-07-23T17:46:31.438Z INFO  client] Sending sample transaction 380
[2022-07-23T17:46:31.490Z INFO  client] Sending sample transaction 381
[2022-07-23T17:46:31.538Z INFO  client] Sending sample transaction 382
[2022-07-23T17:46:31.588Z INFO  client] Sending sample transaction 383
[2022-07-23T17:46:31.638Z INFO  client] Sending sample transaction 384
[2022-07-23T17:46:31.688Z INFO  client] Sending sample transaction 385
[2022-07-23T17:46:31.738Z INFO  client] Sending sample transaction 386
[2022-07-23T17:46:31.788Z INFO  client] Sending sample transaction 387
[2022-07-23T17:46:31.838Z INFO  client] Sending sample transaction 388
[2022-07-23T17:46:31.890Z INFO  client] Sending sample transaction 389
[2022-07-23T17:46:31.938Z INFO  client] Sending sample transaction 390
[2022-07-23T17:46:31.988Z INFO  client] Sending sample transaction 391
[2022-07-23T17:46:32.038Z INFO  client] Sending sample transaction 392
[2022-07-23T17:46:32.088Z INFO  client] Sending sample transaction 393
[2022-07-23T17:46:32.138Z INFO  client] Sending sample transaction 394
[2022-07-23T17:46:32.188Z INFO  client] Sending sample transaction 395
[2022-07-23T17:46:32.246Z INFO  client] Sending sample transaction 396
[2022-07-23T17:46:32.288Z INFO  client] Sending sample transaction 397
[2022-07-23T17:46:32.338Z INFO  client] Sending sample transaction 398
[2022-07-23T17:46:32.388Z INFO  client] Sending sample transaction 399
[2022-07-23T17:46:32.438Z INFO  client] Sending sample transaction 400
[2022-07-23T17:46:32.488Z INFO  client] Sending sample transaction 401
[2022-07-23T17:46:32.538Z INFO  client] Sending sample transaction 402
[2022-07-23T17:46:32.589Z INFO  client] Sending sample transaction 403
[2022-07-23T17:46:32.639Z INFO  client] Sending sample transaction 404
[2022-07-23T17:46:32.689Z INFO  client] Sending sample transaction 405
[2022-07-23T17:46:32.739Z INFO  client] Sending sample transaction 406
[2022-07-23T17:46:32.788Z INFO  client] Sending sample transaction 407
[2022-07-23T17:46:32.838Z INFO  client] Sending sample transaction 408
[2022-07-23T17:46:32.889Z INFO  client] Sending sample transaction 409
[2022-07-23T17:46:32.939Z INFO  client] Sending sample transaction 410
[2022-07-23T17:46:32.988Z INFO  client] Sending sample transaction 411
[2022-07-23T17:46:33.038Z INFO  client] Sending sample transaction 412
[2022-07-23T17:46:33.087Z INFO  client] Sending sample transaction 413
[2022-07-23T17:46:33.138Z INFO  client] Sending sample transaction 414
[2022-07-23T17:46:33.188Z INFO  client] Sending sample transaction 415
[2022-07-23T17:46:33.238Z INFO  client] Sending sample transaction 416
[2022-07-23T17:46:33.305Z INFO  client] Sending sample transaction 417
[2022-07-23T17:46:33.341Z INFO  client] Sending sample transaction 418
[2022-07-23T17:46:33.389Z INFO  client] Sending sample transaction 419
[2022-07-23T17:46:33.438Z INFO  client] Sending sample transaction 420
[2022-07-23T17:46:33.489Z INFO  client] Sending sample transaction 421
[2022-07-23T17:46:33.538Z INFO  client] Sending sample transaction 422
[2022-07-23T17:46:33.589Z INFO  client] Sending sample transaction 423
[2022-07-23T17:46:33.640Z INFO  client] Sending sample transaction 424
[2022-07-23T17:46:33.688Z INFO  client] Sending sample transaction 425
[2022-07-23T17:46:33.738Z INFO  client] Sending sample transaction 426
[2022-07-23T17:46:33.789Z INFO  client] Sending sample transaction 427
[2022-07-23T17:46:33.838Z INFO  client] Sending sample transaction 428
[2022-07-23T17:46:33.889Z INFO  client] Sending sample transaction 429
[2022-07-23T17:46:33.938Z INFO  client] Sending sample transaction 430
[2022-07-23T17:46:33.988Z INFO  client] Sending sample transaction 431
[2022-07-23T17:46:34.043Z INFO  client] Sending sample transaction 432
[2022-07-23T17:46:34.099Z INFO  client] Sending sample transaction 433
[2022-07-23T17:46:34.140Z INFO  client] Sending sample transaction 434
[2022-07-23T17:46:34.190Z INFO  client] Sending sample transaction 435
[2022-07-23T17:46:34.240Z INFO  client] Sending sample transaction 436
[2022-07-23T17:46:34.291Z INFO  client] Sending sample transaction 437
[2022-07-23T17:46:34.340Z INFO  client] Sending sample transaction 438
[2022-07-23T17:46:34.392Z INFO  client] Sending sample transaction 439
[2022-07-23T17:46:34.445Z INFO  client] Sending sample transaction 440
[2022-07-23T17:46:34.492Z INFO  client] Sending sample transaction 441
[2022-07-23T17:46:34.551Z INFO  client] Sending sample transaction 442
[2022-07-23T17:46:34.598Z INFO  client] Sending sample transaction 443
[2022-07-23T17:46:34.640Z INFO  client] Sending sample transaction 444
[2022-07-23T17:46:34.690Z INFO  client] Sending sample transaction 445
[2022-07-23T17:46:34.744Z INFO  client] Sending sample transaction 446
[2022-07-23T17:46:34.795Z INFO  client] Sending sample transaction 447
[2022-07-23T17:46:34.844Z INFO  client] Sending sample transaction 448
[2022-07-23T17:46:34.892Z INFO  client] Sending sample transaction 449
[2022-07-23T17:46:34.941Z INFO  client] Sending sample transaction 450
[2022-07-23T17:46:34.991Z INFO  client] Sending sample transaction 451
[2022-07-23T17:46:35.042Z INFO  client] Sending sample transaction 452
[2022-07-23T17:46:35.098Z INFO  client] Sending sample transaction 453
[2022-07-23T17:46:35.260Z INFO  client] Sending sample transaction 454
[2022-07-23T17:46:35.260Z WARN  client] Transaction rate too high for this client
[2022-07-23T17:46:35.260Z INFO  client] Sending sample transaction 455
[2022-07-23T17:46:35.294Z INFO  client] Sending sample transaction 456
[2022-07-23T17:46:35.359Z INFO  client] Sending sample transaction 457
[2022-07-23T17:46:35.359Z INFO  client] Sending sample transaction 458
[2022-07-23T17:46:35.443Z INFO  client] Sending sample transaction 459
[2022-07-23T17:46:35.495Z INFO  client] Sending sample transaction 460
[2022-07-23T17:46:35.543Z INFO  client] Sending sample transaction 461
[2022-07-23T17:46:35.599Z INFO  client] Sending sample transaction 462
[2022-07-23T17:46:35.626Z INFO  client] Sending sample transaction 463
[2022-07-23T17:46:35.672Z INFO  client] Sending sample transaction 464
[2022-07-23T17:46:35.695Z INFO  client] Sending sample transaction 465
