[2022-07-23T16:02:54.125Z INFO  client] Node address: 127.0.0.1:9016
[2022-07-23T16:02:54.125Z INFO  client] Transactions size: 512 B
[2022-07-23T16:02:54.125Z INFO  client] Transactions rate: 112 tx/s
[2022-07-23T16:02:54.126Z INFO  client] Waiting for all nodes to be online...
[2022-07-23T16:02:54.126Z INFO  client] Waiting for all nodes to be synchronized...
[2022-07-23T16:02:56.144Z INFO  client] Start sending transactions
[2022-07-23T16:02:56.145Z INFO  client] Sending sample transaction 0
[2022-07-23T16:02:56.203Z INFO  client] Sending sample transaction 1
[2022-07-23T16:02:56.251Z INFO  client] Sending sample transaction 2
[2022-07-23T16:02:56.301Z INFO  client] Sending sample transaction 3
[2022-07-23T16:02:56.354Z INFO  client] Sending sample transaction 4
[2022-07-23T16:02:56.395Z INFO  client] Sending sample transaction 5
[2022-07-23T16:02:56.451Z INFO  client] Sending sample transaction 6
[2022-07-23T16:02:56.496Z INFO  client] Sending sample transaction 7
[2022-07-23T16:02:56.554Z INFO  client] Sending sample transaction 8
[2022-07-23T16:02:56.596Z INFO  client] Sending sample transaction 9
[2022-07-23T16:02:56.646Z INFO  client] Sending sample transaction 10
[2022-07-23T16:02:56.696Z INFO  client] Sending sample transaction 11
[2022-07-23T16:02:56.746Z INFO  client] Sending sample transaction 12
[2022-07-23T16:02:56.802Z INFO  client] Sending sample transaction 13
[2022-07-23T16:02:56.848Z INFO  client] Sending sample transaction 14
[2022-07-23T16:02:56.909Z INFO  client] Sending sample transaction 15
[2022-07-23T16:02:56.954Z INFO  client] Sending sample transaction 16
[2022-07-23T16:02:56.997Z INFO  client] Sending sample transaction 17
[2022-07-23T16:02:57.049Z INFO  client] Sending sample transaction 18
[2022-07-23T16:02:57.100Z INFO  client] Sending sample transaction 19
[2022-07-23T16:02:57.147Z INFO  client] Sending sample transaction 20
[2022-07-23T16:02:57.196Z INFO  client] Sending sample transaction 21
[2022-07-23T16:02:57.246Z INFO  client] Sending sample transaction 22
[2022-07-23T16:02:57.298Z INFO  client] Sending sample transaction 23
[2022-07-23T16:02:57.346Z INFO  client] Sending sample transaction 24
[2022-07-23T16:02:57.413Z INFO  client] Sending sample transaction 25
[2022-07-23T16:02:57.445Z INFO  client] Sending sample transaction 26
[2022-07-23T16:02:57.496Z INFO  client] Sending sample transaction 27
[2022-07-23T16:02:57.546Z INFO  client] Sending sample transaction 28
[2022-07-23T16:02:57.597Z INFO  client] Sending sample transaction 29
[2022-07-23T16:02:57.644Z INFO  client] Sending sample transaction 30
[2022-07-23T16:02:57.695Z INFO  client] Sending sample transaction 31
[2022-07-23T16:02:57.745Z INFO  client] Sending sample transaction 32
[2022-07-23T16:02:57.796Z INFO  client] Sending sample transaction 33
[2022-07-23T16:02:57.846Z INFO  client] Sending sample transaction 34
[2022-07-23T16:02:57.896Z INFO  client] Sending sample transaction 35
[2022-07-23T16:02:57.946Z INFO  client] Sending sample transaction 36
[2022-07-23T16:02:57.995Z INFO  client] Sending sample transaction 37
[2022-07-23T16:02:58.046Z INFO  client] Sending sample transaction 38
[2022-07-23T16:02:58.097Z INFO  client] Sending sample transaction 39
[2022-07-23T16:02:58.146Z INFO  client] Sending sample transaction 40
[2022-07-23T16:02:58.195Z INFO  client] Sending sample transaction 41
[2022-07-23T16:02:58.245Z INFO  client] Sending sample transaction 42
[2022-07-23T16:02:58.297Z INFO  client] Sending sample transaction 43
[2022-07-23T16:02:58.345Z INFO  client] Sending sample transaction 44
[2022-07-23T16:02:58.396Z INFO  client] Sending sample transaction 45
[2022-07-23T16:02:58.489Z INFO  client] Sending sample transaction 46
[2022-07-23T16:02:58.510Z INFO  client] Sending sample transaction 47
[2022-07-23T16:02:58.554Z INFO  client] Sending sample transaction 48
[2022-07-23T16:02:58.597Z INFO  client] Sending sample transaction 49
[2022-07-23T16:02:58.645Z INFO  client] Sending sample transaction 50
[2022-07-23T16:02:58.695Z INFO  client] Sending sample transaction 51
[2022-07-23T16:02:58.745Z INFO  client] Sending sample transaction 52
[2022-07-23T16:02:58.795Z INFO  client] Sending sample transaction 53
[2022-07-23T16:02:58.846Z INFO  client] Sending sample transaction 54
[2022-07-23T16:02:58.896Z INFO  client] Sending sample transaction 55
[2022-07-23T16:02:58.945Z INFO  client] Sending sample transaction 56
[2022-07-23T16:02:58.997Z INFO  client] Sending sample transaction 57
[2022-07-23T16:02:59.045Z INFO  client] Sending sample transaction 58
[2022-07-23T16:02:59.095Z INFO  client] Sending sample transaction 59
[2022-07-23T16:02:59.145Z INFO  client] Sending sample transaction 60
[2022-07-23T16:02:59.195Z INFO  client] Sending sample transaction 61
[2022-07-23T16:02:59.246Z INFO  client] Sending sample transaction 62
[2022-07-23T16:02:59.296Z INFO  client] Sending sample transaction 63
[2022-07-23T16:02:59.346Z INFO  client] Sending sample transaction 64
[2022-07-23T16:02:59.396Z INFO  client] Sending sample transaction 65
[2022-07-23T16:02:59.445Z INFO  client] Sending sample transaction 66
[2022-07-23T16:02:59.495Z INFO  client] Sending sample transaction 67
[2022-07-23T16:02:59.546Z INFO  client] Sending sample transaction 68
[2022-07-23T16:02:59.595Z INFO  client] Sending sample transaction 69
[2022-07-23T16:02:59.645Z INFO  client] Sending sample transaction 70
[2022-07-23T16:02:59.695Z INFO  client] Sending sample transaction 71
[2022-07-23T16:02:59.746Z INFO  client] Sending sample transaction 72
[2022-07-23T16:02:59.796Z INFO  client] Sending sample transaction 73
[2022-07-23T16:02:59.846Z INFO  client] Sending sample transaction 74
[2022-07-23T16:02:59.895Z INFO  client] Sending sample transaction 75
[2022-07-23T16:02:59.946Z INFO  client] Sending sample transaction 76
[2022-07-23T16:02:59.995Z INFO  client] Sending sample transaction 77
[2022-07-23T16:03:00.052Z INFO  client] Sending sample transaction 78
[2022-07-23T16:03:00.096Z INFO  client] Sending sample transaction 79
[2022-07-23T16:03:00.145Z INFO  client] Sending sample transaction 80
[2022-07-23T16:03:00.195Z INFO  client] Sending sample transaction 81
[2022-07-23T16:03:00.246Z INFO  client] Sending sample transaction 82
[2022-07-23T16:03:00.295Z INFO  client] Sending sample transaction 83
[2022-07-23T16:03:00.348Z INFO  client] Sending sample transaction 84
[2022-07-23T16:03:00.394Z INFO  client] Sending sample transaction 85
[2022-07-23T16:03:00.445Z INFO  client] Sending sample transaction 86
[2022-07-23T16:03:00.495Z INFO  client] Sending sample transaction 87
[2022-07-23T16:03:00.545Z INFO  client] Sending sample transaction 88
[2022-07-23T16:03:00.601Z INFO  client] Sending sample transaction 89
[2022-07-23T16:03:00.663Z INFO  client] Sending sample transaction 90
[2022-07-23T16:03:00.699Z INFO  client] Sending sample transaction 91
[2022-07-23T16:03:00.746Z INFO  client] Sending sample transaction 92
[2022-07-23T16:03:00.796Z INFO  client] Sending sample transaction 93
[2022-07-23T16:03:00.846Z INFO  client] Sending sample transaction 94
[2022-07-23T16:03:00.895Z INFO  client] Sending sample transaction 95
[2022-07-23T16:03:00.945Z INFO  client] Sending sample transaction 96
[2022-07-23T16:03:00.997Z INFO  client] Sending sample transaction 97
[2022-07-23T16:03:01.046Z INFO  client] Sending sample transaction 98
[2022-07-23T16:03:01.095Z INFO  client] Sending sample transaction 99
[2022-07-23T16:03:01.145Z INFO  client] Sending sample transaction 100
[2022-07-23T16:03:01.196Z INFO  client] Sending sample transaction 101
[2022-07-23T16:03:01.246Z INFO  client] Sending sample transaction 102
[2022-07-23T16:03:01.296Z INFO  client] Sending sample transaction 103
[2022-07-23T16:03:01.345Z INFO  client] Sending sample transaction 104
[2022-07-23T16:03:01.395Z INFO  client] Sending sample transaction 105
[2022-07-23T16:03:01.445Z INFO  client] Sending sample transaction 106
[2022-07-23T16:03:01.495Z INFO  client] Sending sample transaction 107
[2022-07-23T16:03:01.546Z INFO  client] Sending sample transaction 108
[2022-07-23T16:03:01.595Z INFO  client] Sending sample transaction 109
[2022-07-23T16:03:01.648Z INFO  client] Sending sample transaction 110
[2022-07-23T16:03:01.699Z INFO  client] Sending sample transaction 111
[2022-07-23T16:03:01.746Z INFO  client] Sending sample transaction 112
[2022-07-23T16:03:01.796Z INFO  client] Sending sample transaction 113
[2022-07-23T16:03:01.846Z INFO  client] Sending sample transaction 114
[2022-07-23T16:03:01.895Z INFO  client] Sending sample transaction 115
[2022-07-23T16:03:01.945Z INFO  client] Sending sample transaction 116
[2022-07-23T16:03:01.995Z INFO  client] Sending sample transaction 117
[2022-07-23T16:03:02.045Z INFO  client] Sending sample transaction 118
[2022-07-23T16:03:02.096Z INFO  client] Sending sample transaction 119
[2022-07-23T16:03:02.145Z INFO  client] Sending sample transaction 120
[2022-07-23T16:03:02.194Z INFO  client] Sending sample transaction 121
[2022-07-23T16:03:02.247Z INFO  client] Sending sample transaction 122
[2022-07-23T16:03:02.296Z INFO  client] Sending sample transaction 123
[2022-07-23T16:03:02.346Z INFO  client] Sending sample transaction 124
[2022-07-23T16:03:02.395Z INFO  client] Sending sample transaction 125
[2022-07-23T16:03:02.447Z INFO  client] Sending sample transaction 126
[2022-07-23T16:03:02.495Z INFO  client] Sending sample transaction 127
[2022-07-23T16:03:02.546Z INFO  client] Sending sample transaction 128
[2022-07-23T16:03:02.596Z INFO  client] Sending sample transaction 129
[2022-07-23T16:03:02.646Z INFO  client] Sending sample transaction 130
[2022-07-23T16:03:02.696Z INFO  client] Sending sample transaction 131
[2022-07-23T16:03:02.748Z INFO  client] Sending sample transaction 132
[2022-07-23T16:03:02.798Z INFO  client] Sending sample transaction 133
[2022-07-23T16:03:02.847Z INFO  client] Sending sample transaction 134
[2022-07-23T16:03:02.895Z INFO  client] Sending sample transaction 135
[2022-07-23T16:03:02.946Z INFO  client] Sending sample transaction 136
[2022-07-23T16:03:02.995Z INFO  client] Sending sample transaction 137
[2022-07-23T16:03:03.045Z INFO  client] Sending sample transaction 138
[2022-07-23T16:03:03.096Z INFO  client] Sending sample transaction 139
[2022-07-23T16:03:03.145Z INFO  client] Sending sample transaction 140
[2022-07-23T16:03:03.194Z INFO  client] Sending sample transaction 141
[2022-07-23T16:03:03.246Z INFO  client] Sending sample transaction 142
[2022-07-23T16:03:03.298Z INFO  client] Sending sample transaction 143
[2022-07-23T16:03:03.346Z INFO  client] Sending sample transaction 144
[2022-07-23T16:03:03.395Z INFO  client] Sending sample transaction 145
[2022-07-23T16:03:03.446Z INFO  client] Sending sample transaction 146
[2022-07-23T16:03:03.496Z INFO  client] Sending sample transaction 147
[2022-07-23T16:03:03.545Z INFO  client] Sending sample transaction 148
[2022-07-23T16:03:03.595Z INFO  client] Sending sample transaction 149
[2022-07-23T16:03:03.646Z INFO  client] Sending sample transaction 150
[2022-07-23T16:03:03.695Z INFO  client] Sending sample transaction 151
[2022-07-23T16:03:03.745Z INFO  client] Sending sample transaction 152
[2022-07-23T16:03:03.796Z INFO  client] Sending sample transaction 153
[2022-07-23T16:03:03.846Z INFO  client] Sending sample transaction 154
[2022-07-23T16:03:03.895Z INFO  client] Sending sample transaction 155
[2022-07-23T16:03:03.945Z INFO  client] Sending sample transaction 156
[2022-07-23T16:03:03.995Z INFO  client] Sending sample transaction 157
[2022-07-23T16:03:04.045Z INFO  client] Sending sample transaction 158
[2022-07-23T16:03:04.095Z INFO  client] Sending sample transaction 159
[2022-07-23T16:03:04.149Z INFO  client] Sending sample transaction 160
[2022-07-23T16:03:04.196Z INFO  client] Sending sample transaction 161
[2022-07-23T16:03:04.245Z INFO  client] Sending sample transaction 162
[2022-07-23T16:03:04.295Z INFO  client] Sending sample transaction 163
[2022-07-23T16:03:04.348Z INFO  client] Sending sample transaction 164
[2022-07-23T16:03:04.395Z INFO  client] Sending sample transaction 165
[2022-07-23T16:03:04.445Z INFO  client] Sending sample transaction 166
[2022-07-23T16:03:04.496Z INFO  client] Sending sample transaction 167
[2022-07-23T16:03:04.545Z INFO  client] Sending sample transaction 168
[2022-07-23T16:03:04.595Z INFO  client] Sending sample transaction 169
[2022-07-23T16:03:04.645Z INFO  client] Sending sample transaction 170
[2022-07-23T16:03:04.695Z INFO  client] Sending sample transaction 171
[2022-07-23T16:03:04.745Z INFO  client] Sending sample transaction 172
[2022-07-23T16:03:04.797Z INFO  client] Sending sample transaction 173
[2022-07-23T16:03:04.846Z INFO  client] Sending sample transaction 174
[2022-07-23T16:03:04.896Z INFO  client] Sending sample transaction 175
[2022-07-23T16:03:04.951Z INFO  client] Sending sample transaction 176
[2022-07-23T16:03:04.995Z INFO  client] Sending sample transaction 177
[2022-07-23T16:03:05.046Z INFO  client] Sending sample transaction 178
[2022-07-23T16:03:05.095Z INFO  client] Sending sample transaction 179
[2022-07-23T16:03:05.145Z INFO  client] Sending sample transaction 180
[2022-07-23T16:03:05.195Z INFO  client] Sending sample transaction 181
[2022-07-23T16:03:05.245Z INFO  client] Sending sample transaction 182
[2022-07-23T16:03:05.295Z INFO  client] Sending sample transaction 183
[2022-07-23T16:03:05.346Z INFO  client] Sending sample transaction 184
[2022-07-23T16:03:05.395Z INFO  client] Sending sample transaction 185
[2022-07-23T16:03:05.445Z INFO  client] Sending sample transaction 186
[2022-07-23T16:03:05.495Z INFO  client] Sending sample transaction 187
[2022-07-23T16:03:05.547Z INFO  client] Sending sample transaction 188
[2022-07-23T16:03:05.612Z INFO  client] Sending sample transaction 189
[2022-07-23T16:03:05.646Z INFO  client] Sending sample transaction 190
[2022-07-23T16:03:05.695Z INFO  client] Sending sample transaction 191
[2022-07-23T16:03:05.747Z INFO  client] Sending sample transaction 192
[2022-07-23T16:03:05.796Z INFO  client] Sending sample transaction 193
[2022-07-23T16:03:05.846Z INFO  client] Sending sample transaction 194
[2022-07-23T16:03:05.895Z INFO  client] Sending sample transaction 195
[2022-07-23T16:03:05.946Z INFO  client] Sending sample transaction 196
[2022-07-23T16:03:05.995Z INFO  client] Sending sample transaction 197
[2022-07-23T16:03:06.045Z INFO  client] Sending sample transaction 198
[2022-07-23T16:03:06.096Z INFO  client] Sending sample transaction 199
[2022-07-23T16:03:06.144Z INFO  client] Sending sample transaction 200
[2022-07-23T16:03:06.195Z INFO  client] Sending sample transaction 201
[2022-07-23T16:03:06.256Z INFO  client] Sending sample transaction 202
[2022-07-23T16:03:06.295Z INFO  client] Sending sample transaction 203
[2022-07-23T16:03:06.346Z INFO  client] Sending sample transaction 204
[2022-07-23T16:03:06.395Z INFO  client] Sending sample transaction 205
[2022-07-23T16:03:06.445Z INFO  client] Sending sample transaction 206
[2022-07-23T16:03:06.496Z INFO  client] Sending sample transaction 207
[2022-07-23T16:03:06.545Z INFO  client] Sending sample transaction 208
[2022-07-23T16:03:06.596Z INFO  client] Sending sample transaction 209
[2022-07-23T16:03:06.645Z INFO  client] Sending sample transaction 210
[2022-07-23T16:03:06.696Z INFO  client] Sending sample transaction 211
[2022-07-23T16:03:06.745Z INFO  client] Sending sample transaction 212
[2022-07-23T16:03:06.796Z INFO  client] Sending sample transaction 213
[2022-07-23T16:03:06.846Z INFO  client] Sending sample transaction 214
[2022-07-23T16:03:06.895Z INFO  client] Sending sample transaction 215
[2022-07-23T16:03:06.945Z INFO  client] Sending sample transaction 216
[2022-07-23T16:03:07.009Z INFO  client] Sending sample transaction 217
[2022-07-23T16:03:07.067Z INFO  client] Sending sample transaction 218
[2022-07-23T16:03:07.098Z INFO  client] Sending sample transaction 219
[2022-07-23T16:03:07.145Z INFO  client] Sending sample transaction 220
[2022-07-23T16:03:07.196Z INFO  client] Sending sample transaction 221
[2022-07-23T16:03:07.245Z INFO  client] Sending sample transaction 222
[2022-07-23T16:03:07.296Z INFO  client] Sending sample transaction 223
[2022-07-23T16:03:07.345Z INFO  client] Sending sample transaction 224
[2022-07-23T16:03:07.395Z INFO  client] Sending sample transaction 225
[2022-07-23T16:03:07.446Z INFO  client] Sending sample transaction 226
[2022-07-23T16:03:07.495Z INFO  client] Sending sample transaction 227
[2022-07-23T16:03:07.546Z INFO  client] Sending sample transaction 228
[2022-07-23T16:03:07.595Z INFO  client] Sending sample transaction 229
[2022-07-23T16:03:07.645Z INFO  client] Sending sample transaction 230
[2022-07-23T16:03:07.696Z INFO  client] Sending sample transaction 231
[2022-07-23T16:03:07.745Z INFO  client] Sending sample transaction 232
[2022-07-23T16:03:07.795Z INFO  client] Sending sample transaction 233
[2022-07-23T16:03:07.846Z INFO  client] Sending sample transaction 234
[2022-07-23T16:03:07.896Z INFO  client] Sending sample transaction 235
[2022-07-23T16:03:07.945Z INFO  client] Sending sample transaction 236
[2022-07-23T16:03:07.995Z INFO  client] Sending sample transaction 237
[2022-07-23T16:03:08.046Z INFO  client] Sending sample transaction 238
[2022-07-23T16:03:08.096Z INFO  client] Sending sample transaction 239
[2022-07-23T16:03:08.146Z INFO  client] Sending sample transaction 240
[2022-07-23T16:03:08.195Z INFO  client] Sending sample transaction 241
[2022-07-23T16:03:08.245Z INFO  client] Sending sample transaction 242
[2022-07-23T16:03:08.296Z INFO  client] Sending sample transaction 243
[2022-07-23T16:03:08.345Z INFO  client] Sending sample transaction 244
[2022-07-23T16:03:08.396Z INFO  client] Sending sample transaction 245
[2022-07-23T16:03:08.445Z INFO  client] Sending sample transaction 246
[2022-07-23T16:03:08.495Z INFO  client] Sending sample transaction 247
[2022-07-23T16:03:08.546Z INFO  client] Sending sample transaction 248
[2022-07-23T16:03:08.595Z INFO  client] Sending sample transaction 249
[2022-07-23T16:03:08.645Z INFO  client] Sending sample transaction 250
[2022-07-23T16:03:08.696Z INFO  client] Sending sample transaction 251
[2022-07-23T16:03:08.745Z INFO  client] Sending sample transaction 252
[2022-07-23T16:03:08.796Z INFO  client] Sending sample transaction 253
[2022-07-23T16:03:08.845Z INFO  client] Sending sample transaction 254
[2022-07-23T16:03:08.895Z INFO  client] Sending sample transaction 255
[2022-07-23T16:03:08.945Z INFO  client] Sending sample transaction 256
[2022-07-23T16:03:08.995Z INFO  client] Sending sample transaction 257
[2022-07-23T16:03:09.045Z INFO  client] Sending sample transaction 258
[2022-07-23T16:03:09.096Z INFO  client] Sending sample transaction 259
[2022-07-23T16:03:09.145Z INFO  client] Sending sample transaction 260
[2022-07-23T16:03:09.197Z INFO  client] Sending sample transaction 261
[2022-07-23T16:03:09.246Z INFO  client] Sending sample transaction 262
[2022-07-23T16:03:09.296Z INFO  client] Sending sample transaction 263
[2022-07-23T16:03:09.346Z INFO  client] Sending sample transaction 264
[2022-07-23T16:03:09.394Z INFO  client] Sending sample transaction 265
[2022-07-23T16:03:09.445Z INFO  client] Sending sample transaction 266
[2022-07-23T16:03:09.496Z INFO  client] Sending sample transaction 267
[2022-07-23T16:03:09.545Z INFO  client] Sending sample transaction 268
[2022-07-23T16:03:09.596Z INFO  client] Sending sample transaction 269
[2022-07-23T16:03:09.645Z INFO  client] Sending sample transaction 270
[2022-07-23T16:03:09.695Z INFO  client] Sending sample transaction 271
[2022-07-23T16:03:09.745Z INFO  client] Sending sample transaction 272
[2022-07-23T16:03:09.796Z INFO  client] Sending sample transaction 273
[2022-07-23T16:03:09.848Z INFO  client] Sending sample transaction 274
[2022-07-23T16:03:09.895Z INFO  client] Sending sample transaction 275
[2022-07-23T16:03:09.946Z INFO  client] Sending sample transaction 276
[2022-07-23T16:03:09.995Z INFO  client] Sending sample transaction 277
[2022-07-23T16:03:10.046Z INFO  client] Sending sample transaction 278
[2022-07-23T16:03:10.095Z INFO  client] Sending sample transaction 279
[2022-07-23T16:03:10.145Z INFO  client] Sending sample transaction 280
[2022-07-23T16:03:10.196Z INFO  client] Sending sample transaction 281
[2022-07-23T16:03:10.245Z INFO  client] Sending sample transaction 282
[2022-07-23T16:03:10.295Z INFO  client] Sending sample transaction 283
[2022-07-23T16:03:10.346Z INFO  client] Sending sample transaction 284
[2022-07-23T16:03:10.395Z INFO  client] Sending sample transaction 285
[2022-07-23T16:03:10.446Z INFO  client] Sending sample transaction 286
[2022-07-23T16:03:10.495Z INFO  client] Sending sample transaction 287
[2022-07-23T16:03:10.545Z INFO  client] Sending sample transaction 288
[2022-07-23T16:03:10.596Z INFO  client] Sending sample transaction 289
[2022-07-23T16:03:10.645Z INFO  client] Sending sample transaction 290
[2022-07-23T16:03:10.696Z INFO  client] Sending sample transaction 291
[2022-07-23T16:03:10.745Z INFO  client] Sending sample transaction 292
[2022-07-23T16:03:10.796Z INFO  client] Sending sample transaction 293
[2022-07-23T16:03:10.846Z INFO  client] Sending sample transaction 294
[2022-07-23T16:03:10.895Z INFO  client] Sending sample transaction 295
[2022-07-23T16:03:10.945Z INFO  client] Sending sample transaction 296
[2022-07-23T16:03:10.995Z INFO  client] Sending sample transaction 297
[2022-07-23T16:03:11.046Z INFO  client] Sending sample transaction 298
[2022-07-23T16:03:11.095Z INFO  client] Sending sample transaction 299
[2022-07-23T16:03:11.145Z INFO  client] Sending sample transaction 300
[2022-07-23T16:03:11.195Z INFO  client] Sending sample transaction 301
[2022-07-23T16:03:11.249Z INFO  client] Sending sample transaction 302
[2022-07-23T16:03:11.301Z INFO  client] Sending sample transaction 303
[2022-07-23T16:03:11.346Z INFO  client] Sending sample transaction 304
[2022-07-23T16:03:11.395Z INFO  client] Sending sample transaction 305
[2022-07-23T16:03:11.445Z INFO  client] Sending sample transaction 306
[2022-07-23T16:03:11.495Z INFO  client] Sending sample transaction 307
[2022-07-23T16:03:11.545Z INFO  client] Sending sample transaction 308
[2022-07-23T16:03:11.596Z INFO  client] Sending sample transaction 309
[2022-07-23T16:03:11.645Z INFO  client] Sending sample transaction 310
[2022-07-23T16:03:11.695Z INFO  client] Sending sample transaction 311
[2022-07-23T16:03:11.746Z INFO  client] Sending sample transaction 312
[2022-07-23T16:03:11.795Z INFO  client] Sending sample transaction 313
[2022-07-23T16:03:11.845Z INFO  client] Sending sample transaction 314
[2022-07-23T16:03:11.896Z INFO  client] Sending sample transaction 315
[2022-07-23T16:03:11.945Z INFO  client] Sending sample transaction 316
[2022-07-23T16:03:11.995Z INFO  client] Sending sample transaction 317
[2022-07-23T16:03:12.045Z INFO  client] Sending sample transaction 318
[2022-07-23T16:03:12.095Z INFO  client] Sending sample transaction 319
[2022-07-23T16:03:12.145Z INFO  client] Sending sample transaction 320
[2022-07-23T16:03:12.196Z INFO  client] Sending sample transaction 321
[2022-07-23T16:03:12.245Z INFO  client] Sending sample transaction 322
[2022-07-23T16:03:12.296Z INFO  client] Sending sample transaction 323
[2022-07-23T16:03:12.345Z INFO  client] Sending sample transaction 324
[2022-07-23T16:03:12.395Z INFO  client] Sending sample transaction 325
[2022-07-23T16:03:12.446Z INFO  client] Sending sample transaction 326
[2022-07-23T16:03:12.496Z INFO  client] Sending sample transaction 327
[2022-07-23T16:03:12.545Z INFO  client] Sending sample transaction 328
[2022-07-23T16:03:12.596Z INFO  client] Sending sample transaction 329
[2022-07-23T16:03:12.645Z INFO  client] Sending sample transaction 330
[2022-07-23T16:03:12.695Z INFO  client] Sending sample transaction 331
[2022-07-23T16:03:12.745Z INFO  client] Sending sample transaction 332
[2022-07-23T16:03:12.795Z INFO  client] Sending sample transaction 333
[2022-07-23T16:03:12.846Z INFO  client] Sending sample transaction 334
[2022-07-23T16:03:12.895Z INFO  client] Sending sample transaction 335
[2022-07-23T16:03:12.946Z INFO  client] Sending sample transaction 336
[2022-07-23T16:03:12.995Z INFO  client] Sending sample transaction 337
[2022-07-23T16:03:13.046Z INFO  client] Sending sample transaction 338
[2022-07-23T16:03:13.095Z INFO  client] Sending sample transaction 339
[2022-07-23T16:03:13.145Z INFO  client] Sending sample transaction 340
[2022-07-23T16:03:13.195Z INFO  client] Sending sample transaction 341
[2022-07-23T16:03:13.246Z INFO  client] Sending sample transaction 342
[2022-07-23T16:03:13.295Z INFO  client] Sending sample transaction 343
[2022-07-23T16:03:13.350Z INFO  client] Sending sample transaction 344
[2022-07-23T16:03:13.395Z INFO  client] Sending sample transaction 345
[2022-07-23T16:03:13.445Z INFO  client] Sending sample transaction 346
[2022-07-23T16:03:13.495Z INFO  client] Sending sample transaction 347
[2022-07-23T16:03:13.545Z INFO  client] Sending sample transaction 348
[2022-07-23T16:03:13.596Z INFO  client] Sending sample transaction 349
[2022-07-23T16:03:13.644Z INFO  client] Sending sample transaction 350
[2022-07-23T16:03:13.694Z INFO  client] Sending sample transaction 351
[2022-07-23T16:03:13.745Z INFO  client] Sending sample transaction 352
[2022-07-23T16:03:13.796Z INFO  client] Sending sample transaction 353
[2022-07-23T16:03:13.846Z INFO  client] Sending sample transaction 354
[2022-07-23T16:03:13.895Z INFO  client] Sending sample transaction 355
[2022-07-23T16:03:13.946Z INFO  client] Sending sample transaction 356
[2022-07-23T16:03:13.995Z INFO  client] Sending sample transaction 357
[2022-07-23T16:03:14.045Z INFO  client] Sending sample transaction 358
[2022-07-23T16:03:14.096Z INFO  client] Sending sample transaction 359
[2022-07-23T16:03:14.146Z INFO  client] Sending sample transaction 360
[2022-07-23T16:03:14.195Z INFO  client] Sending sample transaction 361
[2022-07-23T16:03:14.245Z INFO  client] Sending sample transaction 362
[2022-07-23T16:03:14.295Z INFO  client] Sending sample transaction 363
[2022-07-23T16:03:14.345Z INFO  client] Sending sample transaction 364
[2022-07-23T16:03:14.395Z INFO  client] Sending sample transaction 365
[2022-07-23T16:03:14.453Z INFO  client] Sending sample transaction 366
[2022-07-23T16:03:14.495Z INFO  client] Sending sample transaction 367
[2022-07-23T16:03:14.545Z INFO  client] Sending sample transaction 368
[2022-07-23T16:03:14.596Z INFO  client] Sending sample transaction 369
[2022-07-23T16:03:14.646Z INFO  client] Sending sample transaction 370
[2022-07-23T16:03:14.695Z INFO  client] Sending sample transaction 371
[2022-07-23T16:03:14.745Z INFO  client] Sending sample transaction 372
[2022-07-23T16:03:14.795Z INFO  client] Sending sample transaction 373
[2022-07-23T16:03:14.845Z INFO  client] Sending sample transaction 374
[2022-07-23T16:03:14.895Z INFO  client] Sending sample transaction 375
[2022-07-23T16:03:14.945Z INFO  client] Sending sample transaction 376
[2022-07-23T16:03:14.995Z INFO  client] Sending sample transaction 377
[2022-07-23T16:03:15.046Z INFO  client] Sending sample transaction 378
[2022-07-23T16:03:15.096Z INFO  client] Sending sample transaction 379
[2022-07-23T16:03:15.145Z INFO  client] Sending sample transaction 380
[2022-07-23T16:03:15.196Z INFO  client] Sending sample transaction 381
[2022-07-23T16:03:15.246Z INFO  client] Sending sample transaction 382
[2022-07-23T16:03:15.295Z INFO  client] Sending sample transaction 383
[2022-07-23T16:03:15.345Z INFO  client] Sending sample transaction 384
[2022-07-23T16:03:15.395Z INFO  client] Sending sample transaction 385
[2022-07-23T16:03:15.445Z INFO  client] Sending sample transaction 386
[2022-07-23T16:03:15.506Z INFO  client] Sending sample transaction 387
[2022-07-23T16:03:15.546Z INFO  client] Sending sample transaction 388
[2022-07-23T16:03:15.595Z INFO  client] Sending sample transaction 389
[2022-07-23T16:03:15.645Z INFO  client] Sending sample transaction 390
[2022-07-23T16:03:15.696Z INFO  client] Sending sample transaction 391
[2022-07-23T16:03:15.745Z INFO  client] Sending sample transaction 392
[2022-07-23T16:03:15.795Z INFO  client] Sending sample transaction 393
[2022-07-23T16:03:15.845Z INFO  client] Sending sample transaction 394
[2022-07-23T16:03:15.895Z INFO  client] Sending sample transaction 395
[2022-07-23T16:03:15.946Z INFO  client] Sending sample transaction 396
[2022-07-23T16:03:15.996Z INFO  client] Sending sample transaction 397
[2022-07-23T16:03:16.046Z INFO  client] Sending sample transaction 398
[2022-07-23T16:03:16.096Z INFO  client] Sending sample transaction 399
[2022-07-23T16:03:16.144Z INFO  client] Sending sample transaction 400
[2022-07-23T16:03:16.195Z INFO  client] Sending sample transaction 401
[2022-07-23T16:03:16.245Z INFO  client] Sending sample transaction 402
[2022-07-23T16:03:16.296Z INFO  client] Sending sample transaction 403
[2022-07-23T16:03:16.346Z INFO  client] Sending sample transaction 404
[2022-07-23T16:03:16.395Z INFO  client] Sending sample transaction 405
[2022-07-23T16:03:16.445Z INFO  client] Sending sample transaction 406
[2022-07-23T16:03:16.496Z INFO  client] Sending sample transaction 407
[2022-07-23T16:03:16.545Z INFO  client] Sending sample transaction 408
[2022-07-23T16:03:16.605Z INFO  client] Sending sample transaction 409
[2022-07-23T16:03:16.646Z INFO  client] Sending sample transaction 410
[2022-07-23T16:03:16.696Z INFO  client] Sending sample transaction 411
[2022-07-23T16:03:16.746Z INFO  client] Sending sample transaction 412
[2022-07-23T16:03:16.795Z INFO  client] Sending sample transaction 413
[2022-07-23T16:03:16.845Z INFO  client] Sending sample transaction 414
[2022-07-23T16:03:16.895Z INFO  client] Sending sample transaction 415
[2022-07-23T16:03:16.945Z INFO  client] Sending sample transaction 416
[2022-07-23T16:03:16.996Z INFO  client] Sending sample transaction 417
[2022-07-23T16:03:17.046Z INFO  client] Sending sample transaction 418
[2022-07-23T16:03:17.096Z INFO  client] Sending sample transaction 419
[2022-07-23T16:03:17.145Z INFO  client] Sending sample transaction 420
[2022-07-23T16:03:17.195Z INFO  client] Sending sample transaction 421
[2022-07-23T16:03:17.246Z INFO  client] Sending sample transaction 422
[2022-07-23T16:03:17.295Z INFO  client] Sending sample transaction 423
[2022-07-23T16:03:17.346Z INFO  client] Sending sample transaction 424
[2022-07-23T16:03:17.396Z INFO  client] Sending sample transaction 425
[2022-07-23T16:03:17.447Z INFO  client] Sending sample transaction 426
[2022-07-23T16:03:17.495Z INFO  client] Sending sample transaction 427
[2022-07-23T16:03:17.576Z INFO  client] Sending sample transaction 428
[2022-07-23T16:03:17.610Z INFO  client] Sending sample transaction 429
[2022-07-23T16:03:17.681Z INFO  client] Sending sample transaction 430
[2022-07-23T16:03:17.725Z INFO  client] Sending sample transaction 431
[2022-07-23T16:03:17.754Z INFO  client] Sending sample transaction 432
[2022-07-23T16:03:17.796Z INFO  client] Sending sample transaction 433
[2022-07-23T16:03:17.849Z INFO  client] Sending sample transaction 434
[2022-07-23T16:03:17.896Z INFO  client] Sending sample transaction 435
[2022-07-23T16:03:17.946Z INFO  client] Sending sample transaction 436
[2022-07-23T16:03:17.996Z INFO  client] Sending sample transaction 437
[2022-07-23T16:03:18.046Z INFO  client] Sending sample transaction 438
[2022-07-23T16:03:18.095Z INFO  client] Sending sample transaction 439
