[2022-07-24T10:55:54.279Z INFO  client] Node address: 127.0.0.1:9016
[2022-07-24T10:55:54.279Z INFO  client] Transactions size: 512 B
[2022-07-24T10:55:54.279Z INFO  client] Transactions rate: 112 tx/s
[2022-07-24T10:55:54.279Z INFO  client] Waiting for all nodes to be online...
[2022-07-24T10:55:54.279Z INFO  client] Waiting for all nodes to be synchronized...
[2022-07-24T10:55:56.283Z INFO  client] Start sending transactions
[2022-07-24T10:55:56.284Z INFO  client] Sending sample transaction 0
[2022-07-24T10:55:56.335Z INFO  client] Sending sample transaction 1
[2022-07-24T10:55:56.384Z INFO  client] Sending sample transaction 2
[2022-07-24T10:55:56.435Z INFO  client] Sending sample transaction 3
[2022-07-24T10:55:56.487Z INFO  client] Sending sample transaction 4
[2022-07-24T10:55:56.534Z INFO  client] Sending sample transaction 5
[2022-07-24T10:55:56.584Z INFO  client] Sending sample transaction 6
[2022-07-24T10:55:56.635Z INFO  client] Sending sample transaction 7
[2022-07-24T10:55:56.685Z INFO  client] Sending sample transaction 8
[2022-07-24T10:55:56.735Z INFO  client] Sending sample transaction 9
[2022-07-24T10:55:56.784Z INFO  client] Sending sample transaction 10
[2022-07-24T10:55:56.835Z INFO  client] Sending sample transaction 11
[2022-07-24T10:55:56.885Z INFO  client] Sending sample transaction 12
[2022-07-24T10:55:56.935Z INFO  client] Sending sample transaction 13
[2022-07-24T10:55:56.985Z INFO  client] Sending sample transaction 14
[2022-07-24T10:55:57.035Z INFO  client] Sending sample transaction 15
[2022-07-24T10:55:57.084Z INFO  client] Sending sample transaction 16
[2022-07-24T10:55:57.184Z INFO  client] Sending sample transaction 17
[2022-07-24T10:55:57.244Z INFO  client] Sending sample transaction 18
[2022-07-24T10:55:57.267Z INFO  client] Sending sample transaction 19
[2022-07-24T10:55:57.299Z INFO  client] Sending sample transaction 20
[2022-07-24T10:55:57.345Z INFO  client] Sending sample transaction 21
[2022-07-24T10:55:57.385Z INFO  client] Sending sample transaction 22
[2022-07-24T10:55:57.435Z INFO  client] Sending sample transaction 23
[2022-07-24T10:55:57.484Z INFO  client] Sending sample transaction 24
[2022-07-24T10:55:57.534Z INFO  client] Sending sample transaction 25
[2022-07-24T10:55:57.584Z INFO  client] Sending sample transaction 26
[2022-07-24T10:55:57.634Z INFO  client] Sending sample transaction 27
[2022-07-24T10:55:57.685Z INFO  client] Sending sample transaction 28
[2022-07-24T10:55:57.734Z INFO  client] Sending sample transaction 29
[2022-07-24T10:55:57.783Z INFO  client] Sending sample transaction 30
[2022-07-24T10:55:57.835Z INFO  client] Sending sample transaction 31
[2022-07-24T10:55:57.884Z INFO  client] Sending sample transaction 32
[2022-07-24T10:55:57.936Z INFO  client] Sending sample transaction 33
[2022-07-24T10:55:57.985Z INFO  client] Sending sample transaction 34
[2022-07-24T10:55:58.034Z INFO  client] Sending sample transaction 35
[2022-07-24T10:55:58.094Z INFO  client] Sending sample transaction 36
[2022-07-24T10:55:58.134Z INFO  client] Sending sample transaction 37
[2022-07-24T10:55:58.185Z INFO  client] Sending sample transaction 38
[2022-07-24T10:55:58.244Z INFO  client] Sending sample transaction 39
[2022-07-24T10:55:58.288Z INFO  client] Sending sample transaction 40
[2022-07-24T10:55:58.382Z INFO  client] Sending sample transaction 41
[2022-07-24T10:55:58.417Z INFO  client] Sending sample transaction 42
[2022-07-24T10:55:58.436Z INFO  client] Sending sample transaction 43
[2022-07-24T10:55:58.545Z INFO  client] Sending sample transaction 44
[2022-07-24T10:55:58.547Z INFO  client] Sending sample transaction 45
[2022-07-24T10:55:58.620Z INFO  client] Sending sample transaction 46
[2022-07-24T10:55:58.669Z INFO  client] Sending sample transaction 47
[2022-07-24T10:55:58.684Z INFO  client] Sending sample transaction 48
[2022-07-24T10:55:58.734Z INFO  client] Sending sample transaction 49
[2022-07-24T10:55:58.784Z INFO  client] Sending sample transaction 50
[2022-07-24T10:55:58.834Z INFO  client] Sending sample transaction 51
[2022-07-24T10:55:58.884Z INFO  client] Sending sample transaction 52
[2022-07-24T10:55:58.934Z INFO  client] Sending sample transaction 53
[2022-07-24T10:55:58.984Z INFO  client] Sending sample transaction 54
[2022-07-24T10:55:59.034Z INFO  client] Sending sample transaction 55
[2022-07-24T10:55:59.083Z INFO  client] Sending sample transaction 56
[2022-07-24T10:55:59.133Z INFO  client] Sending sample transaction 57
[2022-07-24T10:55:59.184Z INFO  client] Sending sample transaction 58
[2022-07-24T10:55:59.234Z INFO  client] Sending sample transaction 59
[2022-07-24T10:55:59.283Z INFO  client] Sending sample transaction 60
[2022-07-24T10:55:59.334Z INFO  client] Sending sample transaction 61
[2022-07-24T10:55:59.386Z INFO  client] Sending sample transaction 62
[2022-07-24T10:55:59.434Z INFO  client] Sending sample transaction 63
[2022-07-24T10:55:59.483Z INFO  client] Sending sample transaction 64
[2022-07-24T10:55:59.534Z INFO  client] Sending sample transaction 65
[2022-07-24T10:55:59.584Z INFO  client] Sending sample transaction 66
[2022-07-24T10:55:59.635Z INFO  client] Sending sample transaction 67
[2022-07-24T10:55:59.684Z INFO  client] Sending sample transaction 68
[2022-07-24T10:55:59.735Z INFO  client] Sending sample transaction 69
[2022-07-24T10:55:59.783Z INFO  client] Sending sample transaction 70
[2022-07-24T10:55:59.834Z INFO  client] Sending sample transaction 71
[2022-07-24T10:55:59.920Z INFO  client] Sending sample transaction 72
[2022-07-24T10:55:59.970Z INFO  client] Sending sample transaction 73
[2022-07-24T10:55:59.984Z INFO  client] Sending sample transaction 74
[2022-07-24T10:56:00.034Z INFO  client] Sending sample transaction 75
[2022-07-24T10:56:00.084Z INFO  client] Sending sample transaction 76
[2022-07-24T10:56:00.133Z INFO  client] Sending sample transaction 77
[2022-07-24T10:56:00.184Z INFO  client] Sending sample transaction 78
[2022-07-24T10:56:00.235Z INFO  client] Sending sample transaction 79
[2022-07-24T10:56:00.284Z INFO  client] Sending sample transaction 80
[2022-07-24T10:56:00.333Z INFO  client] Sending sample transaction 81
[2022-07-24T10:56:00.384Z INFO  client] Sending sample transaction 82
[2022-07-24T10:56:00.434Z INFO  client] Sending sample transaction 83
[2022-07-24T10:56:00.484Z INFO  client] Sending sample transaction 84
[2022-07-24T10:56:00.533Z INFO  client] Sending sample transaction 85
[2022-07-24T10:56:00.584Z INFO  client] Sending sample transaction 86
[2022-07-24T10:56:00.634Z INFO  client] Sending sample transaction 87
[2022-07-24T10:56:00.684Z INFO  client] Sending sample transaction 88
[2022-07-24T10:56:00.736Z INFO  client] Sending sample transaction 89
[2022-07-24T10:56:00.785Z INFO  client] Sending sample transaction 90
[2022-07-24T10:56:00.833Z INFO  client] Sending sample transaction 91
[2022-07-24T10:56:00.884Z INFO  client] Sending sample transaction 92
[2022-07-24T10:56:00.933Z INFO  client] Sending sample transaction 93
[2022-07-24T10:56:00.984Z INFO  client] Sending sample transaction 94
[2022-07-24T10:56:01.035Z INFO  client] Sending sample transaction 95
[2022-07-24T10:56:01.084Z INFO  client] Sending sample transaction 96
[2022-07-24T10:56:01.134Z INFO  client] Sending sample transaction 97
[2022-07-24T10:56:01.184Z INFO  client] Sending sample transaction 98
[2022-07-24T10:56:01.234Z INFO  client] Sending sample transaction 99
[2022-07-24T10:56:01.284Z INFO  client] Sending sample transaction 100
[2022-07-24T10:56:01.333Z INFO  client] Sending sample transaction 101
[2022-07-24T10:56:01.384Z INFO  client] Sending sample transaction 102
[2022-07-24T10:56:01.434Z INFO  client] Sending sample transaction 103
[2022-07-24T10:56:01.485Z INFO  client] Sending sample transaction 104
[2022-07-24T10:56:01.533Z INFO  client] Sending sample transaction 105
[2022-07-24T10:56:01.584Z INFO  client] Sending sample transaction 106
[2022-07-24T10:56:01.634Z INFO  client] Sending sample transaction 107
[2022-07-24T10:56:01.684Z INFO  client] Sending sample transaction 108
[2022-07-24T10:56:01.733Z INFO  client] Sending sample transaction 109
[2022-07-24T10:56:01.783Z INFO  client] Sending sample transaction 110
[2022-07-24T10:56:01.834Z INFO  client] Sending sample transaction 111
[2022-07-24T10:56:01.884Z INFO  client] Sending sample transaction 112
[2022-07-24T10:56:01.934Z INFO  client] Sending sample transaction 113
[2022-07-24T10:56:01.984Z INFO  client] Sending sample transaction 114
[2022-07-24T10:56:02.034Z INFO  client] Sending sample transaction 115
[2022-07-24T10:56:02.084Z INFO  client] Sending sample transaction 116
[2022-07-24T10:56:02.133Z INFO  client] Sending sample transaction 117
[2022-07-24T10:56:02.185Z INFO  client] Sending sample transaction 118
[2022-07-24T10:56:02.235Z INFO  client] Sending sample transaction 119
[2022-07-24T10:56:02.284Z INFO  client] Sending sample transaction 120
[2022-07-24T10:56:02.334Z INFO  client] Sending sample transaction 121
[2022-07-24T10:56:02.384Z INFO  client] Sending sample transaction 122
[2022-07-24T10:56:02.433Z INFO  client] Sending sample transaction 123
[2022-07-24T10:56:02.484Z INFO  client] Sending sample transaction 124
[2022-07-24T10:56:02.534Z INFO  client] Sending sample transaction 125
[2022-07-24T10:56:02.584Z INFO  client] Sending sample transaction 126
[2022-07-24T10:56:02.634Z INFO  client] Sending sample transaction 127
[2022-07-24T10:56:02.685Z INFO  client] Sending sample transaction 128
[2022-07-24T10:56:02.734Z INFO  client] Sending sample transaction 129
[2022-07-24T10:56:02.784Z INFO  client] Sending sample transaction 130
[2022-07-24T10:56:02.834Z INFO  client] Sending sample transaction 131
[2022-07-24T10:56:02.884Z INFO  client] Sending sample transaction 132
[2022-07-24T10:56:02.934Z INFO  client] Sending sample transaction 133
[2022-07-24T10:56:02.984Z INFO  client] Sending sample transaction 134
[2022-07-24T10:56:03.034Z INFO  client] Sending sample transaction 135
[2022-07-24T10:56:03.084Z INFO  client] Sending sample transaction 136
[2022-07-24T10:56:03.134Z INFO  client] Sending sample transaction 137
[2022-07-24T10:56:03.183Z INFO  client] Sending sample transaction 138
[2022-07-24T10:56:03.234Z INFO  client] Sending sample transaction 139
[2022-07-24T10:56:03.284Z INFO  client] Sending sample transaction 140
[2022-07-24T10:56:03.334Z INFO  client] Sending sample transaction 141
[2022-07-24T10:56:03.384Z INFO  client] Sending sample transaction 142
[2022-07-24T10:56:03.435Z INFO  client] Sending sample transaction 143
[2022-07-24T10:56:03.484Z INFO  client] Sending sample transaction 144
[2022-07-24T10:56:03.534Z INFO  client] Sending sample transaction 145
[2022-07-24T10:56:03.584Z INFO  client] Sending sample transaction 146
[2022-07-24T10:56:03.655Z INFO  client] Sending sample transaction 147
[2022-07-24T10:56:03.684Z INFO  client] Sending sample transaction 148
[2022-07-24T10:56:03.734Z INFO  client] Sending sample transaction 149
[2022-07-24T10:56:03.784Z INFO  client] Sending sample transaction 150
[2022-07-24T10:56:03.833Z INFO  client] Sending sample transaction 151
[2022-07-24T10:56:03.885Z INFO  client] Sending sample transaction 152
[2022-07-24T10:56:03.935Z INFO  client] Sending sample transaction 153
[2022-07-24T10:56:03.984Z INFO  client] Sending sample transaction 154
[2022-07-24T10:56:04.034Z INFO  client] Sending sample transaction 155
[2022-07-24T10:56:04.084Z INFO  client] Sending sample transaction 156
[2022-07-24T10:56:04.134Z INFO  client] Sending sample transaction 157
[2022-07-24T10:56:04.183Z INFO  client] Sending sample transaction 158
[2022-07-24T10:56:04.235Z INFO  client] Sending sample transaction 159
[2022-07-24T10:56:04.284Z INFO  client] Sending sample transaction 160
[2022-07-24T10:56:04.333Z INFO  client] Sending sample transaction 161
[2022-07-24T10:56:04.384Z INFO  client] Sending sample transaction 162
[2022-07-24T10:56:04.437Z INFO  client] Sending sample transaction 163
[2022-07-24T10:56:04.484Z INFO  client] Sending sample transaction 164
[2022-07-24T10:56:04.534Z INFO  client] Sending sample transaction 165
[2022-07-24T10:56:04.583Z INFO  client] Sending sample transaction 166
[2022-07-24T10:56:04.634Z INFO  client] Sending sample transaction 167
[2022-07-24T10:56:04.695Z INFO  client] Sending sample transaction 168
[2022-07-24T10:56:04.734Z INFO  client] Sending sample transaction 169
[2022-07-24T10:56:04.784Z INFO  client] Sending sample transaction 170
[2022-07-24T10:56:04.834Z INFO  client] Sending sample transaction 171
[2022-07-24T10:56:04.884Z INFO  client] Sending sample transaction 172
[2022-07-24T10:56:04.934Z INFO  client] Sending sample transaction 173
[2022-07-24T10:56:04.985Z INFO  client] Sending sample transaction 174
[2022-07-24T10:56:05.034Z INFO  client] Sending sample transaction 175
[2022-07-24T10:56:05.084Z INFO  client] Sending sample transaction 176
[2022-07-24T10:56:05.134Z INFO  client] Sending sample transaction 177
[2022-07-24T10:56:05.185Z INFO  client] Sending sample transaction 178
[2022-07-24T10:56:05.234Z INFO  client] Sending sample transaction 179
[2022-07-24T10:56:05.284Z INFO  client] Sending sample transaction 180
[2022-07-24T10:56:05.334Z INFO  client] Sending sample transaction 181
[2022-07-24T10:56:05.384Z INFO  client] Sending sample transaction 182
[2022-07-24T10:56:05.434Z INFO  client] Sending sample transaction 183
[2022-07-24T10:56:05.486Z INFO  client] Sending sample transaction 184
[2022-07-24T10:56:05.534Z INFO  client] Sending sample transaction 185
[2022-07-24T10:56:05.584Z INFO  client] Sending sample transaction 186
[2022-07-24T10:56:05.634Z INFO  client] Sending sample transaction 187
[2022-07-24T10:56:05.684Z INFO  client] Sending sample transaction 188
[2022-07-24T10:56:05.735Z INFO  client] Sending sample transaction 189
[2022-07-24T10:56:05.784Z INFO  client] Sending sample transaction 190
[2022-07-24T10:56:05.834Z INFO  client] Sending sample transaction 191
[2022-07-24T10:56:05.883Z INFO  client] Sending sample transaction 192
[2022-07-24T10:56:05.934Z INFO  client] Sending sample transaction 193
[2022-07-24T10:56:05.985Z INFO  client] Sending sample transaction 194
[2022-07-24T10:56:06.033Z INFO  client] Sending sample transaction 195
[2022-07-24T10:56:06.084Z INFO  client] Sending sample transaction 196
[2022-07-24T10:56:06.178Z INFO  client] Sending sample transaction 197
[2022-07-24T10:56:06.222Z INFO  client] Sending sample transaction 198
[2022-07-24T10:56:06.236Z INFO  client] Sending sample transaction 199
[2022-07-24T10:56:06.288Z INFO  client] Sending sample transaction 200
[2022-07-24T10:56:06.334Z INFO  client] Sending sample transaction 201
[2022-07-24T10:56:06.384Z INFO  client] Sending sample transaction 202
[2022-07-24T10:56:06.434Z INFO  client] Sending sample transaction 203
[2022-07-24T10:56:06.484Z INFO  client] Sending sample transaction 204
[2022-07-24T10:56:06.534Z INFO  client] Sending sample transaction 205
[2022-07-24T10:56:06.585Z INFO  client] Sending sample transaction 206
[2022-07-24T10:56:06.634Z INFO  client] Sending sample transaction 207
[2022-07-24T10:56:06.685Z INFO  client] Sending sample transaction 208
[2022-07-24T10:56:06.735Z INFO  client] Sending sample transaction 209
[2022-07-24T10:56:06.787Z INFO  client] Sending sample transaction 210
[2022-07-24T10:56:06.834Z INFO  client] Sending sample transaction 211
[2022-07-24T10:56:06.884Z INFO  client] Sending sample transaction 212
[2022-07-24T10:56:06.933Z INFO  client] Sending sample transaction 213
[2022-07-24T10:56:06.984Z INFO  client] Sending sample transaction 214
[2022-07-24T10:56:07.033Z INFO  client] Sending sample transaction 215
[2022-07-24T10:56:07.084Z INFO  client] Sending sample transaction 216
[2022-07-24T10:56:07.134Z INFO  client] Sending sample transaction 217
[2022-07-24T10:56:07.184Z INFO  client] Sending sample transaction 218
[2022-07-24T10:56:07.234Z INFO  client] Sending sample transaction 219
[2022-07-24T10:56:07.284Z INFO  client] Sending sample transaction 220
[2022-07-24T10:56:07.333Z INFO  client] Sending sample transaction 221
[2022-07-24T10:56:07.384Z INFO  client] Sending sample transaction 222
[2022-07-24T10:56:07.434Z INFO  client] Sending sample transaction 223
[2022-07-24T10:56:07.484Z INFO  client] Sending sample transaction 224
[2022-07-24T10:56:07.533Z INFO  client] Sending sample transaction 225
[2022-07-24T10:56:07.584Z INFO  client] Sending sample transaction 226
[2022-07-24T10:56:07.634Z INFO  client] Sending sample transaction 227
[2022-07-24T10:56:07.684Z INFO  client] Sending sample transaction 228
[2022-07-24T10:56:07.734Z INFO  client] Sending sample transaction 229
[2022-07-24T10:56:07.783Z INFO  client] Sending sample transaction 230
[2022-07-24T10:56:07.834Z INFO  client] Sending sample transaction 231
[2022-07-24T10:56:07.884Z INFO  client] Sending sample transaction 232
[2022-07-24T10:56:07.935Z INFO  client] Sending sample transaction 233
[2022-07-24T10:56:07.984Z INFO  client] Sending sample transaction 234
[2022-07-24T10:56:08.064Z INFO  client] Sending sample transaction 235
[2022-07-24T10:56:08.086Z INFO  client] Sending sample transaction 236
[2022-07-24T10:56:08.135Z INFO  client] Sending sample transaction 237
[2022-07-24T10:56:08.184Z INFO  client] Sending sample transaction 238
[2022-07-24T10:56:08.233Z INFO  client] Sending sample transaction 239
[2022-07-24T10:56:08.284Z INFO  client] Sending sample transaction 240
[2022-07-24T10:56:08.334Z INFO  client] Sending sample transaction 241
[2022-07-24T10:56:08.384Z INFO  client] Sending sample transaction 242
[2022-07-24T10:56:08.434Z INFO  client] Sending sample transaction 243
[2022-07-24T10:56:08.484Z INFO  client] Sending sample transaction 244
[2022-07-24T10:56:08.534Z INFO  client] Sending sample transaction 245
[2022-07-24T10:56:08.584Z INFO  client] Sending sample transaction 246
[2022-07-24T10:56:08.634Z INFO  client] Sending sample transaction 247
[2022-07-24T10:56:08.684Z INFO  client] Sending sample transaction 248
[2022-07-24T10:56:08.734Z INFO  client] Sending sample transaction 249
[2022-07-24T10:56:08.783Z INFO  client] Sending sample transaction 250
[2022-07-24T10:56:08.851Z INFO  client] Sending sample transaction 251
[2022-07-24T10:56:08.883Z INFO  client] Sending sample transaction 252
[2022-07-24T10:56:08.934Z INFO  client] Sending sample transaction 253
[2022-07-24T10:56:08.984Z INFO  client] Sending sample transaction 254
[2022-07-24T10:56:09.033Z INFO  client] Sending sample transaction 255
[2022-07-24T10:56:09.084Z INFO  client] Sending sample transaction 256
[2022-07-24T10:56:09.134Z INFO  client] Sending sample transaction 257
[2022-07-24T10:56:09.184Z INFO  client] Sending sample transaction 258
[2022-07-24T10:56:09.234Z INFO  client] Sending sample transaction 259
[2022-07-24T10:56:09.284Z INFO  client] Sending sample transaction 260
[2022-07-24T10:56:09.334Z INFO  client] Sending sample transaction 261
[2022-07-24T10:56:09.384Z INFO  client] Sending sample transaction 262
[2022-07-24T10:56:09.434Z INFO  client] Sending sample transaction 263
[2022-07-24T10:56:09.484Z INFO  client] Sending sample transaction 264
[2022-07-24T10:56:09.533Z INFO  client] Sending sample transaction 265
[2022-07-24T10:56:09.584Z INFO  client] Sending sample transaction 266
[2022-07-24T10:56:09.634Z INFO  client] Sending sample transaction 267
[2022-07-24T10:56:09.684Z INFO  client] Sending sample transaction 268
[2022-07-24T10:56:09.734Z INFO  client] Sending sample transaction 269
[2022-07-24T10:56:09.784Z INFO  client] Sending sample transaction 270
[2022-07-24T10:56:09.834Z INFO  client] Sending sample transaction 271
[2022-07-24T10:56:09.883Z INFO  client] Sending sample transaction 272
[2022-07-24T10:56:09.934Z INFO  client] Sending sample transaction 273
[2022-07-24T10:56:09.984Z INFO  client] Sending sample transaction 274
[2022-07-24T10:56:10.034Z INFO  client] Sending sample transaction 275
[2022-07-24T10:56:10.084Z INFO  client] Sending sample transaction 276
[2022-07-24T10:56:10.138Z INFO  client] Sending sample transaction 277
[2022-07-24T10:56:10.184Z INFO  client] Sending sample transaction 278
[2022-07-24T10:56:10.234Z INFO  client] Sending sample transaction 279
[2022-07-24T10:56:10.284Z INFO  client] Sending sample transaction 280
[2022-07-24T10:56:10.335Z INFO  client] Sending sample transaction 281
[2022-07-24T10:56:10.384Z INFO  client] Sending sample transaction 282
[2022-07-24T10:56:10.434Z INFO  client] Sending sample transaction 283
[2022-07-24T10:56:10.484Z INFO  client] Sending sample transaction 284
[2022-07-24T10:56:10.534Z INFO  client] Sending sample transaction 285
[2022-07-24T10:56:10.583Z INFO  client] Sending sample transaction 286
[2022-07-24T10:56:10.634Z INFO  client] Sending sample transaction 287
[2022-07-24T10:56:10.684Z INFO  client] Sending sample transaction 288
[2022-07-24T10:56:10.734Z INFO  client] Sending sample transaction 289
[2022-07-24T10:56:10.783Z INFO  client] Sending sample transaction 290
[2022-07-24T10:56:10.846Z INFO  client] Sending sample transaction 291
[2022-07-24T10:56:10.906Z INFO  client] Sending sample transaction 292
[2022-07-24T10:56:10.958Z INFO  client] Sending sample transaction 293
[2022-07-24T10:56:11.000Z INFO  client] Sending sample transaction 294
[2022-07-24T10:56:11.036Z INFO  client] Sending sample transaction 295
[2022-07-24T10:56:11.084Z INFO  client] Sending sample transaction 296
[2022-07-24T10:56:11.134Z INFO  client] Sending sample transaction 297
[2022-07-24T10:56:11.184Z INFO  client] Sending sample transaction 298
[2022-07-24T10:56:11.234Z INFO  client] Sending sample transaction 299
[2022-07-24T10:56:11.284Z INFO  client] Sending sample transaction 300
[2022-07-24T10:56:11.334Z INFO  client] Sending sample transaction 301
[2022-07-24T10:56:11.383Z INFO  client] Sending sample transaction 302
[2022-07-24T10:56:11.435Z INFO  client] Sending sample transaction 303
[2022-07-24T10:56:11.486Z INFO  client] Sending sample transaction 304
[2022-07-24T10:56:11.534Z INFO  client] Sending sample transaction 305
[2022-07-24T10:56:11.584Z INFO  client] Sending sample transaction 306
[2022-07-24T10:56:11.635Z INFO  client] Sending sample transaction 307
[2022-07-24T10:56:11.684Z INFO  client] Sending sample transaction 308
[2022-07-24T10:56:11.734Z INFO  client] Sending sample transaction 309
[2022-07-24T10:56:11.785Z INFO  client] Sending sample transaction 310
[2022-07-24T10:56:11.834Z INFO  client] Sending sample transaction 311
[2022-07-24T10:56:11.884Z INFO  client] Sending sample transaction 312
[2022-07-24T10:56:11.937Z INFO  client] Sending sample transaction 313
[2022-07-24T10:56:11.984Z INFO  client] Sending sample transaction 314
[2022-07-24T10:56:12.034Z INFO  client] Sending sample transaction 315
[2022-07-24T10:56:12.084Z INFO  client] Sending sample transaction 316
[2022-07-24T10:56:12.134Z INFO  client] Sending sample transaction 317
[2022-07-24T10:56:12.185Z INFO  client] Sending sample transaction 318
[2022-07-24T10:56:12.234Z INFO  client] Sending sample transaction 319
[2022-07-24T10:56:12.284Z INFO  client] Sending sample transaction 320
[2022-07-24T10:56:12.334Z INFO  client] Sending sample transaction 321
[2022-07-24T10:56:12.384Z INFO  client] Sending sample transaction 322
[2022-07-24T10:56:12.435Z INFO  client] Sending sample transaction 323
[2022-07-24T10:56:12.484Z INFO  client] Sending sample transaction 324
[2022-07-24T10:56:12.534Z INFO  client] Sending sample transaction 325
[2022-07-24T10:56:12.584Z INFO  client] Sending sample transaction 326
[2022-07-24T10:56:12.635Z INFO  client] Sending sample transaction 327
[2022-07-24T10:56:12.684Z INFO  client] Sending sample transaction 328
[2022-07-24T10:56:12.734Z INFO  client] Sending sample transaction 329
[2022-07-24T10:56:12.784Z INFO  client] Sending sample transaction 330
[2022-07-24T10:56:12.834Z INFO  client] Sending sample transaction 331
[2022-07-24T10:56:12.883Z INFO  client] Sending sample transaction 332
[2022-07-24T10:56:12.934Z INFO  client] Sending sample transaction 333
[2022-07-24T10:56:12.984Z INFO  client] Sending sample transaction 334
[2022-07-24T10:56:13.034Z INFO  client] Sending sample transaction 335
[2022-07-24T10:56:13.096Z INFO  client] Sending sample transaction 336
[2022-07-24T10:56:13.136Z INFO  client] Sending sample transaction 337
[2022-07-24T10:56:13.183Z INFO  client] Sending sample transaction 338
[2022-07-24T10:56:13.233Z INFO  client] Sending sample transaction 339
[2022-07-24T10:56:13.284Z INFO  client] Sending sample transaction 340
[2022-07-24T10:56:13.334Z INFO  client] Sending sample transaction 341
[2022-07-24T10:56:13.384Z INFO  client] Sending sample transaction 342
[2022-07-24T10:56:13.435Z INFO  client] Sending sample transaction 343
[2022-07-24T10:56:13.490Z INFO  client] Sending sample transaction 344
[2022-07-24T10:56:13.554Z INFO  client] Sending sample transaction 345
[2022-07-24T10:56:13.586Z INFO  client] Sending sample transaction 346
[2022-07-24T10:56:13.634Z INFO  client] Sending sample transaction 347
[2022-07-24T10:56:13.684Z INFO  client] Sending sample transaction 348
[2022-07-24T10:56:13.733Z INFO  client] Sending sample transaction 349
[2022-07-24T10:56:13.783Z INFO  client] Sending sample transaction 350
[2022-07-24T10:56:13.834Z INFO  client] Sending sample transaction 351
[2022-07-24T10:56:13.884Z INFO  client] Sending sample transaction 352
[2022-07-24T10:56:13.934Z INFO  client] Sending sample transaction 353
[2022-07-24T10:56:13.984Z INFO  client] Sending sample transaction 354
[2022-07-24T10:56:14.034Z INFO  client] Sending sample transaction 355
[2022-07-24T10:56:14.084Z INFO  client] Sending sample transaction 356
[2022-07-24T10:56:14.134Z INFO  client] Sending sample transaction 357
[2022-07-24T10:56:14.184Z INFO  client] Sending sample transaction 358
[2022-07-24T10:56:14.235Z INFO  client] Sending sample transaction 359
[2022-07-24T10:56:14.284Z INFO  client] Sending sample transaction 360
[2022-07-24T10:56:14.334Z INFO  client] Sending sample transaction 361
[2022-07-24T10:56:14.384Z INFO  client] Sending sample transaction 362
[2022-07-24T10:56:14.434Z INFO  client] Sending sample transaction 363
[2022-07-24T10:56:14.484Z INFO  client] Sending sample transaction 364
[2022-07-24T10:56:14.534Z INFO  client] Sending sample transaction 365
[2022-07-24T10:56:14.584Z INFO  client] Sending sample transaction 366
[2022-07-24T10:56:14.634Z INFO  client] Sending sample transaction 367
[2022-07-24T10:56:14.684Z INFO  client] Sending sample transaction 368
[2022-07-24T10:56:14.734Z INFO  client] Sending sample transaction 369
[2022-07-24T10:56:14.783Z INFO  client] Sending sample transaction 370
[2022-07-24T10:56:14.834Z INFO  client] Sending sample transaction 371
[2022-07-24T10:56:14.883Z INFO  client] Sending sample transaction 372
[2022-07-24T10:56:14.934Z INFO  client] Sending sample transaction 373
[2022-07-24T10:56:14.984Z INFO  client] Sending sample transaction 374
[2022-07-24T10:56:15.034Z INFO  client] Sending sample transaction 375
[2022-07-24T10:56:15.084Z INFO  client] Sending sample transaction 376
[2022-07-24T10:56:15.133Z INFO  client] Sending sample transaction 377
[2022-07-24T10:56:15.197Z INFO  client] Sending sample transaction 378
[2022-07-24T10:56:15.234Z INFO  client] Sending sample transaction 379
[2022-07-24T10:56:15.284Z INFO  client] Sending sample transaction 380
[2022-07-24T10:56:15.334Z INFO  client] Sending sample transaction 381
[2022-07-24T10:56:15.383Z INFO  client] Sending sample transaction 382
[2022-07-24T10:56:15.434Z INFO  client] Sending sample transaction 383
[2022-07-24T10:56:15.485Z INFO  client] Sending sample transaction 384
[2022-07-24T10:56:15.534Z INFO  client] Sending sample transaction 385
[2022-07-24T10:56:15.584Z INFO  client] Sending sample transaction 386
[2022-07-24T10:56:15.634Z INFO  client] Sending sample transaction 387
[2022-07-24T10:56:15.686Z INFO  client] Sending sample transaction 388
[2022-07-24T10:56:15.734Z INFO  client] Sending sample transaction 389
[2022-07-24T10:56:15.784Z INFO  client] Sending sample transaction 390
[2022-07-24T10:56:15.835Z INFO  client] Sending sample transaction 391
[2022-07-24T10:56:15.884Z INFO  client] Sending sample transaction 392
[2022-07-24T10:56:15.934Z INFO  client] Sending sample transaction 393
[2022-07-24T10:56:15.984Z INFO  client] Sending sample transaction 394
[2022-07-24T10:56:16.034Z INFO  client] Sending sample transaction 395
[2022-07-24T10:56:16.085Z INFO  client] Sending sample transaction 396
[2022-07-24T10:56:16.134Z INFO  client] Sending sample transaction 397
[2022-07-24T10:56:16.184Z INFO  client] Sending sample transaction 398
[2022-07-24T10:56:16.234Z INFO  client] Sending sample transaction 399
[2022-07-24T10:56:16.283Z INFO  client] Sending sample transaction 400
[2022-07-24T10:56:16.334Z INFO  client] Sending sample transaction 401
[2022-07-24T10:56:16.384Z INFO  client] Sending sample transaction 402
[2022-07-24T10:56:16.435Z INFO  client] Sending sample transaction 403
[2022-07-24T10:56:16.484Z INFO  client] Sending sample transaction 404
[2022-07-24T10:56:16.534Z INFO  client] Sending sample transaction 405
[2022-07-24T10:56:16.584Z INFO  client] Sending sample transaction 406
[2022-07-24T10:56:16.634Z INFO  client] Sending sample transaction 407
[2022-07-24T10:56:16.685Z INFO  client] Sending sample transaction 408
[2022-07-24T10:56:16.735Z INFO  client] Sending sample transaction 409
[2022-07-24T10:56:16.788Z INFO  client] Sending sample transaction 410
[2022-07-24T10:56:16.833Z INFO  client] Sending sample transaction 411
[2022-07-24T10:56:16.885Z INFO  client] Sending sample transaction 412
[2022-07-24T10:56:16.956Z INFO  client] Sending sample transaction 413
[2022-07-24T10:56:16.994Z INFO  client] Sending sample transaction 414
[2022-07-24T10:56:17.034Z INFO  client] Sending sample transaction 415
[2022-07-24T10:56:17.084Z INFO  client] Sending sample transaction 416
[2022-07-24T10:56:17.134Z INFO  client] Sending sample transaction 417
[2022-07-24T10:56:17.184Z INFO  client] Sending sample transaction 418
[2022-07-24T10:56:17.250Z INFO  client] Sending sample transaction 419
[2022-07-24T10:56:17.298Z INFO  client] Sending sample transaction 420
[2022-07-24T10:56:17.334Z INFO  client] Sending sample transaction 421
[2022-07-24T10:56:17.383Z INFO  client] Sending sample transaction 422
[2022-07-24T10:56:17.435Z INFO  client] Sending sample transaction 423
[2022-07-24T10:56:17.484Z INFO  client] Sending sample transaction 424
[2022-07-24T10:56:17.534Z INFO  client] Sending sample transaction 425
[2022-07-24T10:56:17.584Z INFO  client] Sending sample transaction 426
[2022-07-24T10:56:17.634Z INFO  client] Sending sample transaction 427
[2022-07-24T10:56:17.685Z INFO  client] Sending sample transaction 428
[2022-07-24T10:56:17.734Z INFO  client] Sending sample transaction 429
