[2022-07-24T10:32:28.569Z INFO  client] Node address: 127.0.0.1:9013
[2022-07-24T10:32:28.569Z INFO  client] Transactions size: 512 B
[2022-07-24T10:32:28.569Z INFO  client] Transactions rate: 112 tx/s
[2022-07-24T10:32:28.570Z INFO  client] Waiting for all nodes to be online...
[2022-07-24T10:32:28.570Z INFO  client] Waiting for all nodes to be synchronized...
[2022-07-24T10:32:30.598Z INFO  client] Start sending transactions
[2022-07-24T10:32:30.606Z INFO  client] Sending sample transaction 0
[2022-07-24T10:32:30.652Z INFO  client] Sending sample transaction 1
[2022-07-24T10:32:30.702Z INFO  client] Sending sample transaction 2
[2022-07-24T10:32:30.750Z INFO  client] Sending sample transaction 3
[2022-07-24T10:32:30.801Z INFO  client] Sending sample transaction 4
[2022-07-24T10:32:30.861Z INFO  client] Sending sample transaction 5
[2022-07-24T10:32:30.900Z INFO  client] Sending sample transaction 6
[2022-07-24T10:32:30.951Z INFO  client] Sending sample transaction 7
[2022-07-24T10:32:31.000Z INFO  client] Sending sample transaction 8
[2022-07-24T10:32:31.050Z INFO  client] Sending sample transaction 9
[2022-07-24T10:32:31.102Z INFO  client] Sending sample transaction 10
[2022-07-24T10:32:31.149Z INFO  client] Sending sample transaction 11
[2022-07-24T10:32:31.213Z INFO  client] Sending sample transaction 12
[2022-07-24T10:32:31.250Z INFO  client] Sending sample transaction 13
[2022-07-24T10:32:31.301Z INFO  client] Sending sample transaction 14
[2022-07-24T10:32:31.349Z INFO  client] Sending sample transaction 15
[2022-07-24T10:32:31.402Z INFO  client] Sending sample transaction 16
[2022-07-24T10:32:31.450Z INFO  client] Sending sample transaction 17
[2022-07-24T10:32:31.503Z INFO  client] Sending sample transaction 18
[2022-07-24T10:32:31.551Z INFO  client] Sending sample transaction 19
[2022-07-24T10:32:31.601Z INFO  client] Sending sample transaction 20
[2022-07-24T10:32:31.658Z INFO  client] Sending sample transaction 21
[2022-07-24T10:32:31.740Z INFO  client] Sending sample transaction 22
[2022-07-24T10:32:31.772Z INFO  client] Sending sample transaction 23
[2022-07-24T10:32:31.836Z INFO  client] Sending sample transaction 24
[2022-07-24T10:32:31.865Z INFO  client] Sending sample transaction 25
[2022-07-24T10:32:31.916Z INFO  client] Sending sample transaction 26
[2022-07-24T10:32:31.967Z INFO  client] Sending sample transaction 27
[2022-07-24T10:32:32.001Z INFO  client] Sending sample transaction 28
[2022-07-24T10:32:32.051Z INFO  client] Sending sample transaction 29
[2022-07-24T10:32:32.102Z INFO  client] Sending sample transaction 30
[2022-07-24T10:32:32.152Z INFO  client] Sending sample transaction 31
[2022-07-24T10:32:32.201Z INFO  client] Sending sample transaction 32
[2022-07-24T10:32:32.250Z INFO  client] Sending sample transaction 33
[2022-07-24T10:32:32.300Z INFO  client] Sending sample transaction 34
[2022-07-24T10:32:32.349Z INFO  client] Sending sample transaction 35
[2022-07-24T10:32:32.400Z INFO  client] Sending sample transaction 36
[2022-07-24T10:32:32.450Z INFO  client] Sending sample transaction 37
[2022-07-24T10:32:32.500Z INFO  client] Sending sample transaction 38
[2022-07-24T10:32:32.550Z INFO  client] Sending sample transaction 39
[2022-07-24T10:32:32.601Z INFO  client] Sending sample transaction 40
[2022-07-24T10:32:32.649Z INFO  client] Sending sample transaction 41
[2022-07-24T10:32:32.699Z INFO  client] Sending sample transaction 42
[2022-07-24T10:32:32.754Z INFO  client] Sending sample transaction 43
[2022-07-24T10:32:32.824Z INFO  client] Sending sample transaction 44
[2022-07-24T10:32:32.853Z INFO  client] Sending sample transaction 45
[2022-07-24T10:32:32.899Z INFO  client] Sending sample transaction 46
[2022-07-24T10:32:32.950Z INFO  client] Sending sample transaction 47
[2022-07-24T10:32:33.001Z INFO  client] Sending sample transaction 48
[2022-07-24T10:32:33.050Z INFO  client] Sending sample transaction 49
[2022-07-24T10:32:33.099Z INFO  client] Sending sample transaction 50
[2022-07-24T10:32:33.149Z INFO  client] Sending sample transaction 51
[2022-07-24T10:32:33.202Z INFO  client] Sending sample transaction 52
[2022-07-24T10:32:33.287Z INFO  client] Sending sample transaction 53
[2022-07-24T10:32:33.329Z INFO  client] Sending sample transaction 54
[2022-07-24T10:32:33.358Z INFO  client] Sending sample transaction 55
[2022-07-24T10:32:33.399Z INFO  client] Sending sample transaction 56
[2022-07-24T10:32:33.450Z INFO  client] Sending sample transaction 57
[2022-07-24T10:32:33.500Z INFO  client] Sending sample transaction 58
[2022-07-24T10:32:33.550Z INFO  client] Sending sample transaction 59
[2022-07-24T10:32:33.600Z INFO  client] Sending sample transaction 60
[2022-07-24T10:32:33.650Z INFO  client] Sending sample transaction 61
[2022-07-24T10:32:33.699Z INFO  client] Sending sample transaction 62
[2022-07-24T10:32:33.750Z INFO  client] Sending sample transaction 63
[2022-07-24T10:32:33.800Z INFO  client] Sending sample transaction 64
[2022-07-24T10:32:33.850Z INFO  client] Sending sample transaction 65
[2022-07-24T10:32:33.899Z INFO  client] Sending sample transaction 66
[2022-07-24T10:32:33.949Z INFO  client] Sending sample transaction 67
[2022-07-24T10:32:33.999Z INFO  client] Sending sample transaction 68
[2022-07-24T10:32:34.051Z INFO  client] Sending sample transaction 69
[2022-07-24T10:32:34.099Z INFO  client] Sending sample transaction 70
[2022-07-24T10:32:34.149Z INFO  client] Sending sample transaction 71
[2022-07-24T10:32:34.199Z INFO  client] Sending sample transaction 72
[2022-07-24T10:32:34.250Z INFO  client] Sending sample transaction 73
[2022-07-24T10:32:34.301Z INFO  client] Sending sample transaction 74
[2022-07-24T10:32:34.349Z INFO  client] Sending sample transaction 75
[2022-07-24T10:32:34.399Z INFO  client] Sending sample transaction 76
[2022-07-24T10:32:34.449Z INFO  client] Sending sample transaction 77
[2022-07-24T10:32:34.499Z INFO  client] Sending sample transaction 78
[2022-07-24T10:32:34.549Z INFO  client] Sending sample transaction 79
[2022-07-24T10:32:34.599Z INFO  client] Sending sample transaction 80
[2022-07-24T10:32:34.649Z INFO  client] Sending sample transaction 81
[2022-07-24T10:32:34.699Z INFO  client] Sending sample transaction 82
[2022-07-24T10:32:34.749Z INFO  client] Sending sample transaction 83
[2022-07-24T10:32:34.800Z INFO  client] Sending sample transaction 84
[2022-07-24T10:32:34.849Z INFO  client] Sending sample transaction 85
[2022-07-24T10:32:34.900Z INFO  client] Sending sample transaction 86
[2022-07-24T10:32:34.950Z INFO  client] Sending sample transaction 87
[2022-07-24T10:32:35.000Z INFO  client] Sending sample transaction 88
[2022-07-24T10:32:35.049Z INFO  client] Sending sample transaction 89
[2022-07-24T10:32:35.099Z INFO  client] Sending sample transaction 90
[2022-07-24T10:32:35.149Z INFO  client] Sending sample transaction 91
[2022-07-24T10:32:35.200Z INFO  client] Sending sample transaction 92
[2022-07-24T10:32:35.250Z INFO  client] Sending sample transaction 93
[2022-07-24T10:32:35.300Z INFO  client] Sending sample transaction 94
[2022-07-24T10:32:35.350Z INFO  client] Sending sample transaction 95
[2022-07-24T10:32:35.399Z INFO  client] Sending sample transaction 96
[2022-07-24T10:32:35.449Z INFO  client] Sending sample transaction 97
[2022-07-24T10:32:35.500Z INFO  client] Sending sample transaction 98
[2022-07-24T10:32:35.549Z INFO  client] Sending sample transaction 99
[2022-07-24T10:32:35.600Z INFO  client] Sending sample transaction 100
[2022-07-24T10:32:35.650Z INFO  client] Sending sample transaction 101
[2022-07-24T10:32:35.700Z INFO  client] Sending sample transaction 102
[2022-07-24T10:32:35.749Z INFO  client] Sending sample transaction 103
[2022-07-24T10:32:35.800Z INFO  client] Sending sample transaction 104
[2022-07-24T10:32:35.848Z INFO  client] Sending sample transaction 105
[2022-07-24T10:32:35.899Z INFO  client] Sending sample transaction 106
[2022-07-24T10:32:35.951Z INFO  client] Sending sample transaction 107
[2022-07-24T10:32:36.015Z INFO  client] Sending sample transaction 108
[2022-07-24T10:32:36.054Z INFO  client] Sending sample transaction 109
[2022-07-24T10:32:36.099Z INFO  client] Sending sample transaction 110
[2022-07-24T10:32:36.149Z INFO  client] Sending sample transaction 111
[2022-07-24T10:32:36.199Z INFO  client] Sending sample transaction 112
[2022-07-24T10:32:36.250Z INFO  client] Sending sample transaction 113
[2022-07-24T10:32:36.301Z INFO  client] Sending sample transaction 114
[2022-07-24T10:32:36.349Z INFO  client] Sending sample transaction 115
[2022-07-24T10:32:36.399Z INFO  client] Sending sample transaction 116
[2022-07-24T10:32:36.449Z INFO  client] Sending sample transaction 117
[2022-07-24T10:32:36.499Z INFO  client] Sending sample transaction 118
[2022-07-24T10:32:36.549Z INFO  client] Sending sample transaction 119
[2022-07-24T10:32:36.600Z INFO  client] Sending sample transaction 120
[2022-07-24T10:32:36.649Z INFO  client] Sending sample transaction 121
[2022-07-24T10:32:36.699Z INFO  client] Sending sample transaction 122
[2022-07-24T10:32:36.750Z INFO  client] Sending sample transaction 123
[2022-07-24T10:32:36.800Z INFO  client] Sending sample transaction 124
[2022-07-24T10:32:36.851Z INFO  client] Sending sample transaction 125
[2022-07-24T10:32:36.900Z INFO  client] Sending sample transaction 126
[2022-07-24T10:32:36.949Z INFO  client] Sending sample transaction 127
[2022-07-24T10:32:37.001Z INFO  client] Sending sample transaction 128
[2022-07-24T10:32:37.050Z INFO  client] Sending sample transaction 129
[2022-07-24T10:32:37.099Z INFO  client] Sending sample transaction 130
[2022-07-24T10:32:37.149Z INFO  client] Sending sample transaction 131
[2022-07-24T10:32:37.199Z INFO  client] Sending sample transaction 132
[2022-07-24T10:32:37.250Z INFO  client] Sending sample transaction 133
[2022-07-24T10:32:37.300Z INFO  client] Sending sample transaction 134
[2022-07-24T10:32:37.349Z INFO  client] Sending sample transaction 135
[2022-07-24T10:32:37.400Z INFO  client] Sending sample transaction 136
[2022-07-24T10:32:37.450Z INFO  client] Sending sample transaction 137
[2022-07-24T10:32:37.499Z INFO  client] Sending sample transaction 138
[2022-07-24T10:32:37.549Z INFO  client] Sending sample transaction 139
[2022-07-24T10:32:37.599Z INFO  client] Sending sample transaction 140
[2022-07-24T10:32:37.649Z INFO  client] Sending sample transaction 141
[2022-07-24T10:32:37.700Z INFO  client] Sending sample transaction 142
[2022-07-24T10:32:37.749Z INFO  client] Sending sample transaction 143
[2022-07-24T10:32:37.800Z INFO  client] Sending sample transaction 144
[2022-07-24T10:32:37.849Z INFO  client] Sending sample transaction 145
[2022-07-24T10:32:37.899Z INFO  client] Sending sample transaction 146
[2022-07-24T10:32:37.950Z INFO  client] Sending sample transaction 147
[2022-07-24T10:32:38.003Z INFO  client] Sending sample transaction 148
[2022-07-24T10:32:38.051Z INFO  client] Sending sample transaction 149
[2022-07-24T10:32:38.099Z INFO  client] Sending sample transaction 150
[2022-07-24T10:32:38.150Z INFO  client] Sending sample transaction 151
[2022-07-24T10:32:38.200Z INFO  client] Sending sample transaction 152
[2022-07-24T10:32:38.250Z INFO  client] Sending sample transaction 153
[2022-07-24T10:32:38.300Z INFO  client] Sending sample transaction 154
[2022-07-24T10:32:38.349Z INFO  client] Sending sample transaction 155
[2022-07-24T10:32:38.399Z INFO  client] Sending sample transaction 156
[2022-07-24T10:32:38.449Z INFO  client] Sending sample transaction 157
[2022-07-24T10:32:38.500Z INFO  client] Sending sample transaction 158
[2022-07-24T10:32:38.578Z INFO  client] Sending sample transaction 159
[2022-07-24T10:32:38.609Z INFO  client] Sending sample transaction 160
[2022-07-24T10:32:38.649Z INFO  client] Sending sample transaction 161
[2022-07-24T10:32:38.699Z INFO  client] Sending sample transaction 162
[2022-07-24T10:32:38.749Z INFO  client] Sending sample transaction 163
[2022-07-24T10:32:38.800Z INFO  client] Sending sample transaction 164
[2022-07-24T10:32:38.849Z INFO  client] Sending sample transaction 165
[2022-07-24T10:32:38.899Z INFO  client] Sending sample transaction 166
[2022-07-24T10:32:38.949Z INFO  client] Sending sample transaction 167
[2022-07-24T10:32:39.000Z INFO  client] Sending sample transaction 168
[2022-07-24T10:32:39.049Z INFO  client] Sending sample transaction 169
[2022-07-24T10:32:39.099Z INFO  client] Sending sample transaction 170
[2022-07-24T10:32:39.150Z INFO  client] Sending sample transaction 171
[2022-07-24T10:32:39.199Z INFO  client] Sending sample transaction 172
[2022-07-24T10:32:39.250Z INFO  client] Sending sample transaction 173
[2022-07-24T10:32:39.300Z INFO  client] Sending sample transaction 174
[2022-07-24T10:32:39.349Z INFO  client] Sending sample transaction 175
[2022-07-24T10:32:39.399Z INFO  client] Sending sample transaction 176
[2022-07-24T10:32:39.449Z INFO  client] Sending sample transaction 177
[2022-07-24T10:32:39.499Z INFO  client] Sending sample transaction 178
[2022-07-24T10:32:39.550Z INFO  client] Sending sample transaction 179
[2022-07-24T10:32:39.599Z INFO  client] Sending sample transaction 180
[2022-07-24T10:32:39.649Z INFO  client] Sending sample transaction 181
[2022-07-24T10:32:39.699Z INFO  client] Sending sample transaction 182
[2022-07-24T10:32:39.750Z INFO  client] Sending sample transaction 183
[2022-07-24T10:32:39.799Z INFO  client] Sending sample transaction 184
[2022-07-24T10:32:39.850Z INFO  client] Sending sample transaction 185
[2022-07-24T10:32:39.900Z INFO  client] Sending sample transaction 186
[2022-07-24T10:32:39.949Z INFO  client] Sending sample transaction 187
[2022-07-24T10:32:40.000Z INFO  client] Sending sample transaction 188
[2022-07-24T10:32:40.049Z INFO  client] Sending sample transaction 189
[2022-07-24T10:32:40.099Z INFO  client] Sending sample transaction 190
[2022-07-24T10:32:40.149Z INFO  client] Sending sample transaction 191
[2022-07-24T10:32:40.199Z INFO  client] Sending sample transaction 192
[2022-07-24T10:32:40.250Z INFO  client] Sending sample transaction 193
[2022-07-24T10:32:40.299Z INFO  client] Sending sample transaction 194
[2022-07-24T10:32:40.350Z INFO  client] Sending sample transaction 195
[2022-07-24T10:32:40.399Z INFO  client] Sending sample transaction 196
[2022-07-24T10:32:40.450Z INFO  client] Sending sample transaction 197
[2022-07-24T10:32:40.499Z INFO  client] Sending sample transaction 198
[2022-07-24T10:32:40.550Z INFO  client] Sending sample transaction 199
[2022-07-24T10:32:40.599Z INFO  client] Sending sample transaction 200
[2022-07-24T10:32:40.650Z INFO  client] Sending sample transaction 201
[2022-07-24T10:32:40.700Z INFO  client] Sending sample transaction 202
[2022-07-24T10:32:40.750Z INFO  client] Sending sample transaction 203
[2022-07-24T10:32:40.799Z INFO  client] Sending sample transaction 204
[2022-07-24T10:32:40.850Z INFO  client] Sending sample transaction 205
[2022-07-24T10:32:40.899Z INFO  client] Sending sample transaction 206
[2022-07-24T10:32:40.949Z INFO  client] Sending sample transaction 207
[2022-07-24T10:32:41.000Z INFO  client] Sending sample transaction 208
[2022-07-24T10:32:41.049Z INFO  client] Sending sample transaction 209
[2022-07-24T10:32:41.104Z INFO  client] Sending sample transaction 210
[2022-07-24T10:32:41.152Z INFO  client] Sending sample transaction 211
[2022-07-24T10:32:41.199Z INFO  client] Sending sample transaction 212
[2022-07-24T10:32:41.250Z INFO  client] Sending sample transaction 213
[2022-07-24T10:32:41.299Z INFO  client] Sending sample transaction 214
[2022-07-24T10:32:41.383Z INFO  client] Sending sample transaction 215
[2022-07-24T10:32:41.399Z INFO  client] Sending sample transaction 216
[2022-07-24T10:32:41.453Z INFO  client] Sending sample transaction 217
[2022-07-24T10:32:41.500Z INFO  client] Sending sample transaction 218
[2022-07-24T10:32:41.550Z INFO  client] Sending sample transaction 219
[2022-07-24T10:32:41.599Z INFO  client] Sending sample transaction 220
[2022-07-24T10:32:41.649Z INFO  client] Sending sample transaction 221
[2022-07-24T10:32:41.699Z INFO  client] Sending sample transaction 222
[2022-07-24T10:32:41.750Z INFO  client] Sending sample transaction 223
[2022-07-24T10:32:41.800Z INFO  client] Sending sample transaction 224
[2022-07-24T10:32:41.849Z INFO  client] Sending sample transaction 225
[2022-07-24T10:32:41.899Z INFO  client] Sending sample transaction 226
[2022-07-24T10:32:41.949Z INFO  client] Sending sample transaction 227
[2022-07-24T10:32:42.003Z INFO  client] Sending sample transaction 228
[2022-07-24T10:32:42.050Z INFO  client] Sending sample transaction 229
[2022-07-24T10:32:42.099Z INFO  client] Sending sample transaction 230
[2022-07-24T10:32:42.149Z INFO  client] Sending sample transaction 231
[2022-07-24T10:32:42.199Z INFO  client] Sending sample transaction 232
[2022-07-24T10:32:42.250Z INFO  client] Sending sample transaction 233
[2022-07-24T10:32:42.301Z INFO  client] Sending sample transaction 234
[2022-07-24T10:32:42.349Z INFO  client] Sending sample transaction 235
[2022-07-24T10:32:42.399Z INFO  client] Sending sample transaction 236
[2022-07-24T10:32:42.449Z INFO  client] Sending sample transaction 237
[2022-07-24T10:32:42.499Z INFO  client] Sending sample transaction 238
[2022-07-24T10:32:42.551Z INFO  client] Sending sample transaction 239
[2022-07-24T10:32:42.599Z INFO  client] Sending sample transaction 240
[2022-07-24T10:32:42.649Z INFO  client] Sending sample transaction 241
[2022-07-24T10:32:42.700Z INFO  client] Sending sample transaction 242
[2022-07-24T10:32:42.749Z INFO  client] Sending sample transaction 243
[2022-07-24T10:32:42.800Z INFO  client] Sending sample transaction 244
[2022-07-24T10:32:42.849Z INFO  client] Sending sample transaction 245
[2022-07-24T10:32:42.899Z INFO  client] Sending sample transaction 246
[2022-07-24T10:32:42.949Z INFO  client] Sending sample transaction 247
[2022-07-24T10:32:43.000Z INFO  client] Sending sample transaction 248
[2022-07-24T10:32:43.050Z INFO  client] Sending sample transaction 249
[2022-07-24T10:32:43.100Z INFO  client] Sending sample transaction 250
[2022-07-24T10:32:43.149Z INFO  client] Sending sample transaction 251
[2022-07-24T10:32:43.200Z INFO  client] Sending sample transaction 252
[2022-07-24T10:32:43.249Z INFO  client] Sending sample transaction 253
[2022-07-24T10:32:43.299Z INFO  client] Sending sample transaction 254
[2022-07-24T10:32:43.349Z INFO  client] Sending sample transaction 255
[2022-07-24T10:32:43.399Z INFO  client] Sending sample transaction 256
[2022-07-24T10:32:43.449Z INFO  client] Sending sample transaction 257
[2022-07-24T10:32:43.499Z INFO  client] Sending sample transaction 258
[2022-07-24T10:32:43.549Z INFO  client] Sending sample transaction 259
[2022-07-24T10:32:43.599Z INFO  client] Sending sample transaction 260
[2022-07-24T10:32:43.650Z INFO  client] Sending sample transaction 261
[2022-07-24T10:32:43.699Z INFO  client] Sending sample transaction 262
[2022-07-24T10:32:43.750Z INFO  client] Sending sample transaction 263
[2022-07-24T10:32:43.800Z INFO  client] Sending sample transaction 264
[2022-07-24T10:32:43.849Z INFO  client] Sending sample transaction 265
[2022-07-24T10:32:43.899Z INFO  client] Sending sample transaction 266
[2022-07-24T10:32:43.949Z INFO  client] Sending sample transaction 267
[2022-07-24T10:32:44.021Z INFO  client] Sending sample transaction 268
[2022-07-24T10:32:44.083Z INFO  client] Sending sample transaction 269
[2022-07-24T10:32:44.099Z INFO  client] Sending sample transaction 270
[2022-07-24T10:32:44.150Z INFO  client] Sending sample transaction 271
[2022-07-24T10:32:44.199Z INFO  client] Sending sample transaction 272
[2022-07-24T10:32:44.250Z INFO  client] Sending sample transaction 273
[2022-07-24T10:32:44.299Z INFO  client] Sending sample transaction 274
[2022-07-24T10:32:44.348Z INFO  client] Sending sample transaction 275
[2022-07-24T10:32:44.399Z INFO  client] Sending sample transaction 276
[2022-07-24T10:32:44.449Z INFO  client] Sending sample transaction 277
[2022-07-24T10:32:44.500Z INFO  client] Sending sample transaction 278
[2022-07-24T10:32:44.549Z INFO  client] Sending sample transaction 279
[2022-07-24T10:32:44.600Z INFO  client] Sending sample transaction 280
[2022-07-24T10:32:44.651Z INFO  client] Sending sample transaction 281
[2022-07-24T10:32:44.700Z INFO  client] Sending sample transaction 282
[2022-07-24T10:32:44.749Z INFO  client] Sending sample transaction 283
[2022-07-24T10:32:44.800Z INFO  client] Sending sample transaction 284
[2022-07-24T10:32:44.850Z INFO  client] Sending sample transaction 285
[2022-07-24T10:32:44.899Z INFO  client] Sending sample transaction 286
[2022-07-24T10:32:44.950Z INFO  client] Sending sample transaction 287
[2022-07-24T10:32:44.999Z INFO  client] Sending sample transaction 288
[2022-07-24T10:32:45.050Z INFO  client] Sending sample transaction 289
[2022-07-24T10:32:45.100Z INFO  client] Sending sample transaction 290
[2022-07-24T10:32:45.149Z INFO  client] Sending sample transaction 291
[2022-07-24T10:32:45.199Z INFO  client] Sending sample transaction 292
[2022-07-24T10:32:45.256Z INFO  client] Sending sample transaction 293
[2022-07-24T10:32:45.299Z INFO  client] Sending sample transaction 294
[2022-07-24T10:32:45.349Z INFO  client] Sending sample transaction 295
[2022-07-24T10:32:45.401Z INFO  client] Sending sample transaction 296
[2022-07-24T10:32:45.450Z INFO  client] Sending sample transaction 297
[2022-07-24T10:32:45.500Z INFO  client] Sending sample transaction 298
[2022-07-24T10:32:45.549Z INFO  client] Sending sample transaction 299
[2022-07-24T10:32:45.601Z INFO  client] Sending sample transaction 300
[2022-07-24T10:32:45.650Z INFO  client] Sending sample transaction 301
[2022-07-24T10:32:45.699Z INFO  client] Sending sample transaction 302
[2022-07-24T10:32:45.749Z INFO  client] Sending sample transaction 303
[2022-07-24T10:32:45.800Z INFO  client] Sending sample transaction 304
[2022-07-24T10:32:45.849Z INFO  client] Sending sample transaction 305
[2022-07-24T10:32:45.900Z INFO  client] Sending sample transaction 306
[2022-07-24T10:32:45.950Z INFO  client] Sending sample transaction 307
[2022-07-24T10:32:45.999Z INFO  client] Sending sample transaction 308
[2022-07-24T10:32:46.049Z INFO  client] Sending sample transaction 309
[2022-07-24T10:32:46.099Z INFO  client] Sending sample transaction 310
[2022-07-24T10:32:46.149Z INFO  client] Sending sample transaction 311
[2022-07-24T10:32:46.199Z INFO  client] Sending sample transaction 312
[2022-07-24T10:32:46.250Z INFO  client] Sending sample transaction 313
[2022-07-24T10:32:46.300Z INFO  client] Sending sample transaction 314
[2022-07-24T10:32:46.349Z INFO  client] Sending sample transaction 315
[2022-07-24T10:32:46.401Z INFO  client] Sending sample transaction 316
[2022-07-24T10:32:46.449Z INFO  client] Sending sample transaction 317
[2022-07-24T10:32:46.500Z INFO  client] Sending sample transaction 318
[2022-07-24T10:32:46.549Z INFO  client] Sending sample transaction 319
[2022-07-24T10:32:46.627Z INFO  client] Sending sample transaction 320
[2022-07-24T10:32:46.650Z INFO  client] Sending sample transaction 321
[2022-07-24T10:32:46.699Z INFO  client] Sending sample transaction 322
[2022-07-24T10:32:46.755Z INFO  client] Sending sample transaction 323
[2022-07-24T10:32:46.800Z INFO  client] Sending sample transaction 324
[2022-07-24T10:32:46.849Z INFO  client] Sending sample transaction 325
[2022-07-24T10:32:46.901Z INFO  client] Sending sample transaction 326
[2022-07-24T10:32:46.950Z INFO  client] Sending sample transaction 327
[2022-07-24T10:32:46.999Z INFO  client] Sending sample transaction 328
[2022-07-24T10:32:47.050Z INFO  client] Sending sample transaction 329
[2022-07-24T10:32:47.100Z INFO  client] Sending sample transaction 330
[2022-07-24T10:32:47.149Z INFO  client] Sending sample transaction 331
[2022-07-24T10:32:47.200Z INFO  client] Sending sample transaction 332
[2022-07-24T10:32:47.249Z INFO  client] Sending sample transaction 333
[2022-07-24T10:32:47.301Z INFO  client] Sending sample transaction 334
[2022-07-24T10:32:47.353Z INFO  client] Sending sample transaction 335
[2022-07-24T10:32:47.400Z INFO  client] Sending sample transaction 336
[2022-07-24T10:32:47.449Z INFO  client] Sending sample transaction 337
[2022-07-24T10:32:47.500Z INFO  client] Sending sample transaction 338
[2022-07-24T10:32:47.549Z INFO  client] Sending sample transaction 339
[2022-07-24T10:32:47.599Z INFO  client] Sending sample transaction 340
[2022-07-24T10:32:47.649Z INFO  client] Sending sample transaction 341
[2022-07-24T10:32:47.699Z INFO  client] Sending sample transaction 342
[2022-07-24T10:32:47.749Z INFO  client] Sending sample transaction 343
[2022-07-24T10:32:47.800Z INFO  client] Sending sample transaction 344
[2022-07-24T10:32:47.849Z INFO  client] Sending sample transaction 345
[2022-07-24T10:32:47.900Z INFO  client] Sending sample transaction 346
[2022-07-24T10:32:47.950Z INFO  client] Sending sample transaction 347
[2022-07-24T10:32:47.999Z INFO  client] Sending sample transaction 348
[2022-07-24T10:32:48.049Z INFO  client] Sending sample transaction 349
[2022-07-24T10:32:48.099Z INFO  client] Sending sample transaction 350
[2022-07-24T10:32:48.149Z INFO  client] Sending sample transaction 351
[2022-07-24T10:32:48.200Z INFO  client] Sending sample transaction 352
[2022-07-24T10:32:48.250Z INFO  client] Sending sample transaction 353
[2022-07-24T10:32:48.300Z INFO  client] Sending sample transaction 354
[2022-07-24T10:32:48.349Z INFO  client] Sending sample transaction 355
[2022-07-24T10:32:48.399Z INFO  client] Sending sample transaction 356
[2022-07-24T10:32:48.449Z INFO  client] Sending sample transaction 357
[2022-07-24T10:32:48.499Z INFO  client] Sending sample transaction 358
[2022-07-24T10:32:48.549Z INFO  client] Sending sample transaction 359
[2022-07-24T10:32:48.600Z INFO  client] Sending sample transaction 360
[2022-07-24T10:32:48.649Z INFO  client] Sending sample transaction 361
[2022-07-24T10:32:48.699Z INFO  client] Sending sample transaction 362
[2022-07-24T10:32:48.750Z INFO  client] Sending sample transaction 363
[2022-07-24T10:32:48.801Z INFO  client] Sending sample transaction 364
[2022-07-24T10:32:48.857Z INFO  client] Sending sample transaction 365
[2022-07-24T10:32:48.900Z INFO  client] Sending sample transaction 366
[2022-07-24T10:32:48.950Z INFO  client] Sending sample transaction 367
[2022-07-24T10:32:48.999Z INFO  client] Sending sample transaction 368
[2022-07-24T10:32:49.049Z INFO  client] Sending sample transaction 369
[2022-07-24T10:32:49.100Z INFO  client] Sending sample transaction 370
[2022-07-24T10:32:49.149Z INFO  client] Sending sample transaction 371
[2022-07-24T10:32:49.199Z INFO  client] Sending sample transaction 372
[2022-07-24T10:32:49.249Z INFO  client] Sending sample transaction 373
[2022-07-24T10:32:49.299Z INFO  client] Sending sample transaction 374
[2022-07-24T10:32:49.349Z INFO  client] Sending sample transaction 375
[2022-07-24T10:32:49.405Z INFO  client] Sending sample transaction 376
[2022-07-24T10:32:49.454Z INFO  client] Sending sample transaction 377
[2022-07-24T10:32:49.506Z INFO  client] Sending sample transaction 378
[2022-07-24T10:32:49.550Z INFO  client] Sending sample transaction 379
[2022-07-24T10:32:49.599Z INFO  client] Sending sample transaction 380
[2022-07-24T10:32:49.650Z INFO  client] Sending sample transaction 381
[2022-07-24T10:32:49.700Z INFO  client] Sending sample transaction 382
[2022-07-24T10:32:49.750Z INFO  client] Sending sample transaction 383
[2022-07-24T10:32:49.801Z INFO  client] Sending sample transaction 384
[2022-07-24T10:32:49.849Z INFO  client] Sending sample transaction 385
[2022-07-24T10:32:49.900Z INFO  client] Sending sample transaction 386
[2022-07-24T10:32:49.949Z INFO  client] Sending sample transaction 387
[2022-07-24T10:32:50.000Z INFO  client] Sending sample transaction 388
[2022-07-24T10:32:50.049Z INFO  client] Sending sample transaction 389
[2022-07-24T10:32:50.100Z INFO  client] Sending sample transaction 390
[2022-07-24T10:32:50.149Z INFO  client] Sending sample transaction 391
[2022-07-24T10:32:50.200Z INFO  client] Sending sample transaction 392
[2022-07-24T10:32:50.249Z INFO  client] Sending sample transaction 393
[2022-07-24T10:32:50.299Z INFO  client] Sending sample transaction 394
[2022-07-24T10:32:50.349Z INFO  client] Sending sample transaction 395
[2022-07-24T10:32:50.400Z INFO  client] Sending sample transaction 396
[2022-07-24T10:32:50.449Z INFO  client] Sending sample transaction 397
[2022-07-24T10:32:50.500Z INFO  client] Sending sample transaction 398
[2022-07-24T10:32:50.550Z INFO  client] Sending sample transaction 399
[2022-07-24T10:32:50.599Z INFO  client] Sending sample transaction 400
[2022-07-24T10:32:50.657Z INFO  client] Sending sample transaction 401
[2022-07-24T10:32:50.706Z INFO  client] Sending sample transaction 402
[2022-07-24T10:32:50.749Z INFO  client] Sending sample transaction 403
[2022-07-24T10:32:50.800Z INFO  client] Sending sample transaction 404
[2022-07-24T10:32:50.849Z INFO  client] Sending sample transaction 405
[2022-07-24T10:32:50.899Z INFO  client] Sending sample transaction 406
[2022-07-24T10:32:50.949Z INFO  client] Sending sample transaction 407
[2022-07-24T10:32:50.999Z INFO  client] Sending sample transaction 408
[2022-07-24T10:32:51.049Z INFO  client] Sending sample transaction 409
[2022-07-24T10:32:51.099Z INFO  client] Sending sample transaction 410
[2022-07-24T10:32:51.149Z INFO  client] Sending sample transaction 411
[2022-07-24T10:32:51.200Z INFO  client] Sending sample transaction 412
[2022-07-24T10:32:51.249Z INFO  client] Sending sample transaction 413
[2022-07-24T10:32:51.299Z INFO  client] Sending sample transaction 414
[2022-07-24T10:32:51.350Z INFO  client] Sending sample transaction 415
[2022-07-24T10:32:51.400Z INFO  client] Sending sample transaction 416
[2022-07-24T10:32:51.450Z INFO  client] Sending sample transaction 417
[2022-07-24T10:32:51.504Z INFO  client] Sending sample transaction 418
[2022-07-24T10:32:51.550Z INFO  client] Sending sample transaction 419
[2022-07-24T10:32:51.599Z INFO  client] Sending sample transaction 420
[2022-07-24T10:32:51.649Z INFO  client] Sending sample transaction 421
[2022-07-24T10:32:51.699Z INFO  client] Sending sample transaction 422
[2022-07-24T10:32:51.752Z INFO  client] Sending sample transaction 423
[2022-07-24T10:32:51.799Z INFO  client] Sending sample transaction 424
[2022-07-24T10:32:51.849Z INFO  client] Sending sample transaction 425
[2022-07-24T10:32:51.901Z INFO  client] Sending sample transaction 426
[2022-07-24T10:32:51.949Z INFO  client] Sending sample transaction 427
[2022-07-24T10:32:52.007Z INFO  client] Sending sample transaction 428
[2022-07-24T10:32:52.050Z INFO  client] Sending sample transaction 429
[2022-07-24T10:32:52.100Z INFO  client] Sending sample transaction 430
[2022-07-24T10:32:52.171Z INFO  client] Sending sample transaction 431
[2022-07-24T10:32:52.205Z INFO  client] Sending sample transaction 432
[2022-07-24T10:32:52.254Z INFO  client] Sending sample transaction 433
[2022-07-24T10:32:52.302Z INFO  client] Sending sample transaction 434
