[2022-07-23T16:11:20.083Z INFO  client] Node address: 127.0.0.1:9015
[2022-07-23T16:11:20.083Z INFO  client] Transactions size: 512 B
[2022-07-23T16:11:20.083Z INFO  client] Transactions rate: 112 tx/s
[2022-07-23T16:11:20.083Z INFO  client] Waiting for all nodes to be online...
[2022-07-23T16:11:20.083Z INFO  client] Waiting for all nodes to be synchronized...
[2022-07-23T16:11:22.090Z INFO  client] Start sending transactions
[2022-07-23T16:11:22.091Z INFO  client] Sending sample transaction 0
[2022-07-23T16:11:22.142Z INFO  client] Sending sample transaction 1
[2022-07-23T16:11:22.193Z INFO  client] Sending sample transaction 2
[2022-07-23T16:11:22.244Z INFO  client] Sending sample transaction 3
[2022-07-23T16:11:22.294Z INFO  client] Sending sample transaction 4
[2022-07-23T16:11:22.342Z INFO  client] Sending sample transaction 5
[2022-07-23T16:11:22.392Z INFO  client] Sending sample transaction 6
[2022-07-23T16:11:22.445Z INFO  client] Sending sample transaction 7
[2022-07-23T16:11:22.497Z INFO  client] Sending sample transaction 8
[2022-07-23T16:11:22.543Z INFO  client] Sending sample transaction 9
[2022-07-23T16:11:22.592Z INFO  client] Sending sample transaction 10
[2022-07-23T16:11:22.642Z INFO  client] Sending sample transaction 11
[2022-07-23T16:11:22.693Z INFO  client] Sending sample transaction 12
[2022-07-23T16:11:22.743Z INFO  client] Sending sample transaction 13
[2022-07-23T16:11:22.793Z INFO  client] Sending sample transaction 14
[2022-07-23T16:11:22.841Z INFO  client] Sending sample transaction 15
[2022-07-23T16:11:22.892Z INFO  client] Sending sample transaction 16
[2022-07-23T16:11:22.945Z INFO  client] Sending sample transaction 17
[2022-07-23T16:11:22.993Z INFO  client] Sending sample transaction 18
[2022-07-23T16:11:23.045Z INFO  client] Sending sample transaction 19
[2022-07-23T16:11:23.092Z INFO  client] Sending sample transaction 20
[2022-07-23T16:11:23.149Z INFO  client] Sending sample transaction 21
[2022-07-23T16:11:23.195Z INFO  client] Sending sample transaction 22
[2022-07-23T16:11:23.243Z INFO  client] Sending sample transaction 23
[2022-07-23T16:11:23.294Z INFO  client] Sending sample transaction 24
[2022-07-23T16:11:23.342Z INFO  client] Sending sample transaction 25
[2022-07-23T16:11:23.394Z INFO  client] Sending sample transaction 26
[2022-07-23T16:11:23.442Z INFO  client] Sending sample transaction 27
[2022-07-23T16:11:23.494Z INFO  client] Sending sample transaction 28
[2022-07-23T16:11:23.544Z INFO  client] Sending sample transaction 29
[2022-07-23T16:11:23.592Z INFO  client] Sending sample transaction 30
[2022-07-23T16:11:23.642Z INFO  client] Sending sample transaction 31
[2022-07-23T16:11:23.695Z INFO  client] Sending sample transaction 32
[2022-07-23T16:11:23.743Z INFO  client] Sending sample transaction 33
[2022-07-23T16:11:23.794Z INFO  client] Sending sample transaction 34
[2022-07-23T16:11:23.844Z INFO  client] Sending sample transaction 35
[2022-07-23T16:11:23.892Z INFO  client] Sending sample transaction 36
[2022-07-23T16:11:23.944Z INFO  client] Sending sample transaction 37
[2022-07-23T16:11:23.996Z INFO  client] Sending sample transaction 38
[2022-07-23T16:11:24.043Z INFO  client] Sending sample transaction 39
[2022-07-23T16:11:24.092Z INFO  client] Sending sample transaction 40
[2022-07-23T16:11:24.143Z INFO  client] Sending sample transaction 41
[2022-07-23T16:11:24.193Z INFO  client] Sending sample transaction 42
[2022-07-23T16:11:24.243Z INFO  client] Sending sample transaction 43
[2022-07-23T16:11:24.292Z INFO  client] Sending sample transaction 44
[2022-07-23T16:11:24.344Z INFO  client] Sending sample transaction 45
[2022-07-23T16:11:24.392Z INFO  client] Sending sample transaction 46
[2022-07-23T16:11:24.442Z INFO  client] Sending sample transaction 47
[2022-07-23T16:11:24.492Z INFO  client] Sending sample transaction 48
[2022-07-23T16:11:24.541Z INFO  client] Sending sample transaction 49
[2022-07-23T16:11:24.593Z INFO  client] Sending sample transaction 50
[2022-07-23T16:11:24.642Z INFO  client] Sending sample transaction 51
[2022-07-23T16:11:24.693Z INFO  client] Sending sample transaction 52
[2022-07-23T16:11:24.742Z INFO  client] Sending sample transaction 53
[2022-07-23T16:11:24.792Z INFO  client] Sending sample transaction 54
[2022-07-23T16:11:24.844Z INFO  client] Sending sample transaction 55
[2022-07-23T16:11:24.895Z INFO  client] Sending sample transaction 56
[2022-07-23T16:11:24.942Z INFO  client] Sending sample transaction 57
[2022-07-23T16:11:24.993Z INFO  client] Sending sample transaction 58
[2022-07-23T16:11:25.042Z INFO  client] Sending sample transaction 59
[2022-07-23T16:11:25.092Z INFO  client] Sending sample transaction 60
[2022-07-23T16:11:25.144Z INFO  client] Sending sample transaction 61
[2022-07-23T16:11:25.193Z INFO  client] Sending sample transaction 62
[2022-07-23T16:11:25.243Z INFO  client] Sending sample transaction 63
[2022-07-23T16:11:25.294Z INFO  client] Sending sample transaction 64
[2022-07-23T16:11:25.342Z INFO  client] Sending sample transaction 65
[2022-07-23T16:11:25.392Z INFO  client] Sending sample transaction 66
[2022-07-23T16:11:25.444Z INFO  client] Sending sample transaction 67
[2022-07-23T16:11:25.496Z INFO  client] Sending sample transaction 68
[2022-07-23T16:11:25.543Z INFO  client] Sending sample transaction 69
[2022-07-23T16:11:25.593Z INFO  client] Sending sample transaction 70
[2022-07-23T16:11:25.642Z INFO  client] Sending sample transaction 71
[2022-07-23T16:11:25.693Z INFO  client] Sending sample transaction 72
[2022-07-23T16:11:25.743Z INFO  client] Sending sample transaction 73
[2022-07-23T16:11:25.792Z INFO  client] Sending sample transaction 74
[2022-07-23T16:11:25.842Z INFO  client] Sending sample transaction 75
[2022-07-23T16:11:25.892Z INFO  client] Sending sample transaction 76
[2022-07-23T16:11:25.942Z INFO  client] Sending sample transaction 77
[2022-07-23T16:11:25.992Z INFO  client] Sending sample transaction 78
[2022-07-23T16:11:26.049Z INFO  client] Sending sample transaction 79
[2022-07-23T16:11:26.097Z INFO  client] Sending sample transaction 80
[2022-07-23T16:11:26.142Z INFO  client] Sending sample transaction 81
[2022-07-23T16:11:26.192Z INFO  client] Sending sample transaction 82
[2022-07-23T16:11:26.242Z INFO  client] Sending sample transaction 83
[2022-07-23T16:11:26.292Z INFO  client] Sending sample transaction 84
[2022-07-23T16:11:26.342Z INFO  client] Sending sample transaction 85
[2022-07-23T16:11:26.392Z INFO  client] Sending sample transaction 86
[2022-07-23T16:11:26.443Z INFO  client] Sending sample transaction 87
[2022-07-23T16:11:26.492Z INFO  client] Sending sample transaction 88
[2022-07-23T16:11:26.542Z INFO  client] Sending sample transaction 89
[2022-07-23T16:11:26.592Z INFO  client] Sending sample transaction 90
[2022-07-23T16:11:26.642Z INFO  client] Sending sample transaction 91
[2022-07-23T16:11:26.693Z INFO  client] Sending sample transaction 92
[2022-07-23T16:11:26.743Z INFO  client] Sending sample transaction 93
[2022-07-23T16:11:26.793Z INFO  client] Sending sample transaction 94
[2022-07-23T16:11:26.842Z INFO  client] Sending sample transaction 95
[2022-07-23T16:11:26.893Z INFO  client] Sending sample transaction 96
[2022-07-23T16:11:26.942Z INFO  client] Sending sample transaction 97
[2022-07-23T16:11:26.992Z INFO  client] Sending sample transaction 98
[2022-07-23T16:11:27.043Z INFO  client] Sending sample transaction 99
[2022-07-23T16:11:27.093Z INFO  client] Sending sample transaction 100
[2022-07-23T16:11:27.155Z INFO  client] Sending sample transaction 101
[2022-07-23T16:11:27.192Z INFO  client] Sending sample transaction 102
[2022-07-23T16:11:27.242Z INFO  client] Sending sample transaction 103
[2022-07-23T16:11:27.293Z INFO  client] Sending sample transaction 104
[2022-07-23T16:11:27.342Z INFO  client] Sending sample transaction 105
[2022-07-23T16:11:27.392Z INFO  client] Sending sample transaction 106
[2022-07-23T16:11:27.442Z INFO  client] Sending sample transaction 107
[2022-07-23T16:11:27.492Z INFO  client] Sending sample transaction 108
[2022-07-23T16:11:27.542Z INFO  client] Sending sample transaction 109
[2022-07-23T16:11:27.593Z INFO  client] Sending sample transaction 110
[2022-07-23T16:11:27.641Z INFO  client] Sending sample transaction 111
[2022-07-23T16:11:27.692Z INFO  client] Sending sample transaction 112
[2022-07-23T16:11:27.742Z INFO  client] Sending sample transaction 113
[2022-07-23T16:11:27.792Z INFO  client] Sending sample transaction 114
[2022-07-23T16:11:27.842Z INFO  client] Sending sample transaction 115
[2022-07-23T16:11:27.892Z INFO  client] Sending sample transaction 116
[2022-07-23T16:11:27.943Z INFO  client] Sending sample transaction 117
[2022-07-23T16:11:27.992Z INFO  client] Sending sample transaction 118
[2022-07-23T16:11:28.042Z INFO  client] Sending sample transaction 119
[2022-07-23T16:11:28.092Z INFO  client] Sending sample transaction 120
[2022-07-23T16:11:28.142Z INFO  client] Sending sample transaction 121
[2022-07-23T16:11:28.197Z INFO  client] Sending sample transaction 122
[2022-07-23T16:11:28.243Z INFO  client] Sending sample transaction 123
[2022-07-23T16:11:28.293Z INFO  client] Sending sample transaction 124
[2022-07-23T16:11:28.343Z INFO  client] Sending sample transaction 125
[2022-07-23T16:11:28.392Z INFO  client] Sending sample transaction 126
[2022-07-23T16:11:28.443Z INFO  client] Sending sample transaction 127
[2022-07-23T16:11:28.492Z INFO  client] Sending sample transaction 128
[2022-07-23T16:11:28.542Z INFO  client] Sending sample transaction 129
[2022-07-23T16:11:28.592Z INFO  client] Sending sample transaction 130
[2022-07-23T16:11:28.642Z INFO  client] Sending sample transaction 131
[2022-07-23T16:11:28.692Z INFO  client] Sending sample transaction 132
[2022-07-23T16:11:28.742Z INFO  client] Sending sample transaction 133
[2022-07-23T16:11:28.793Z INFO  client] Sending sample transaction 134
[2022-07-23T16:11:28.842Z INFO  client] Sending sample transaction 135
[2022-07-23T16:11:28.893Z INFO  client] Sending sample transaction 136
[2022-07-23T16:11:28.943Z INFO  client] Sending sample transaction 137
[2022-07-23T16:11:28.992Z INFO  client] Sending sample transaction 138
[2022-07-23T16:11:29.042Z INFO  client] Sending sample transaction 139
[2022-07-23T16:11:29.092Z INFO  client] Sending sample transaction 140
[2022-07-23T16:11:29.142Z INFO  client] Sending sample transaction 141
[2022-07-23T16:11:29.192Z INFO  client] Sending sample transaction 142
[2022-07-23T16:11:29.249Z INFO  client] Sending sample transaction 143
[2022-07-23T16:11:29.292Z INFO  client] Sending sample transaction 144
[2022-07-23T16:11:29.342Z INFO  client] Sending sample transaction 145
[2022-07-23T16:11:29.393Z INFO  client] Sending sample transaction 146
[2022-07-23T16:11:29.443Z INFO  client] Sending sample transaction 147
[2022-07-23T16:11:29.493Z INFO  client] Sending sample transaction 148
[2022-07-23T16:11:29.543Z INFO  client] Sending sample transaction 149
[2022-07-23T16:11:29.592Z INFO  client] Sending sample transaction 150
[2022-07-23T16:11:29.642Z INFO  client] Sending sample transaction 151
[2022-07-23T16:11:29.692Z INFO  client] Sending sample transaction 152
[2022-07-23T16:11:29.742Z INFO  client] Sending sample transaction 153
[2022-07-23T16:11:29.795Z INFO  client] Sending sample transaction 154
[2022-07-23T16:11:29.842Z INFO  client] Sending sample transaction 155
[2022-07-23T16:11:29.891Z INFO  client] Sending sample transaction 156
[2022-07-23T16:11:29.945Z INFO  client] Sending sample transaction 157
[2022-07-23T16:11:29.993Z INFO  client] Sending sample transaction 158
[2022-07-23T16:11:30.043Z INFO  client] Sending sample transaction 159
[2022-07-23T16:11:30.094Z INFO  client] Sending sample transaction 160
[2022-07-23T16:11:30.142Z INFO  client] Sending sample transaction 161
[2022-07-23T16:11:30.192Z INFO  client] Sending sample transaction 162
[2022-07-23T16:11:30.244Z INFO  client] Sending sample transaction 163
[2022-07-23T16:11:30.306Z INFO  client] Sending sample transaction 164
[2022-07-23T16:11:30.343Z INFO  client] Sending sample transaction 165
[2022-07-23T16:11:30.392Z INFO  client] Sending sample transaction 166
[2022-07-23T16:11:30.443Z INFO  client] Sending sample transaction 167
[2022-07-23T16:11:30.493Z INFO  client] Sending sample transaction 168
[2022-07-23T16:11:30.542Z INFO  client] Sending sample transaction 169
[2022-07-23T16:11:30.592Z INFO  client] Sending sample transaction 170
[2022-07-23T16:11:30.643Z INFO  client] Sending sample transaction 171
[2022-07-23T16:11:30.693Z INFO  client] Sending sample transaction 172
[2022-07-23T16:11:30.743Z INFO  client] Sending sample transaction 173
[2022-07-23T16:11:30.792Z INFO  client] Sending sample transaction 174
[2022-07-23T16:11:30.843Z INFO  client] Sending sample transaction 175
[2022-07-23T16:11:30.893Z INFO  client] Sending sample transaction 176
[2022-07-23T16:11:30.942Z INFO  client] Sending sample transaction 177
[2022-07-23T16:11:30.992Z INFO  client] Sending sample transaction 178
[2022-07-23T16:11:31.043Z INFO  client] Sending sample transaction 179
[2022-07-23T16:11:31.092Z INFO  client] Sending sample transaction 180
[2022-07-23T16:11:31.143Z INFO  client] Sending sample transaction 181
[2022-07-23T16:11:31.193Z INFO  client] Sending sample transaction 182
[2022-07-23T16:11:31.242Z INFO  client] Sending sample transaction 183
[2022-07-23T16:11:31.293Z INFO  client] Sending sample transaction 184
[2022-07-23T16:11:31.349Z INFO  client] Sending sample transaction 185
[2022-07-23T16:11:31.392Z INFO  client] Sending sample transaction 186
[2022-07-23T16:11:31.442Z INFO  client] Sending sample transaction 187
[2022-07-23T16:11:31.493Z INFO  client] Sending sample transaction 188
[2022-07-23T16:11:31.542Z INFO  client] Sending sample transaction 189
[2022-07-23T16:11:31.592Z INFO  client] Sending sample transaction 190
[2022-07-23T16:11:31.643Z INFO  client] Sending sample transaction 191
[2022-07-23T16:11:31.692Z INFO  client] Sending sample transaction 192
[2022-07-23T16:11:31.743Z INFO  client] Sending sample transaction 193
[2022-07-23T16:11:31.792Z INFO  client] Sending sample transaction 194
[2022-07-23T16:11:31.842Z INFO  client] Sending sample transaction 195
[2022-07-23T16:11:31.893Z INFO  client] Sending sample transaction 196
[2022-07-23T16:11:31.943Z INFO  client] Sending sample transaction 197
[2022-07-23T16:11:31.992Z INFO  client] Sending sample transaction 198
[2022-07-23T16:11:32.041Z INFO  client] Sending sample transaction 199
[2022-07-23T16:11:32.092Z INFO  client] Sending sample transaction 200
[2022-07-23T16:11:32.142Z INFO  client] Sending sample transaction 201
[2022-07-23T16:11:32.192Z INFO  client] Sending sample transaction 202
[2022-07-23T16:11:32.242Z INFO  client] Sending sample transaction 203
[2022-07-23T16:11:32.293Z INFO  client] Sending sample transaction 204
[2022-07-23T16:11:32.342Z INFO  client] Sending sample transaction 205
[2022-07-23T16:11:32.393Z INFO  client] Sending sample transaction 206
[2022-07-23T16:11:32.443Z INFO  client] Sending sample transaction 207
[2022-07-23T16:11:32.495Z INFO  client] Sending sample transaction 208
[2022-07-23T16:11:32.543Z INFO  client] Sending sample transaction 209
[2022-07-23T16:11:32.592Z INFO  client] Sending sample transaction 210
[2022-07-23T16:11:32.642Z INFO  client] Sending sample transaction 211
[2022-07-23T16:11:32.692Z INFO  client] Sending sample transaction 212
[2022-07-23T16:11:32.743Z INFO  client] Sending sample transaction 213
[2022-07-23T16:11:32.792Z INFO  client] Sending sample transaction 214
[2022-07-23T16:11:32.842Z INFO  client] Sending sample transaction 215
[2022-07-23T16:11:32.892Z INFO  client] Sending sample transaction 216
[2022-07-23T16:11:32.942Z INFO  client] Sending sample transaction 217
[2022-07-23T16:11:32.992Z INFO  client] Sending sample transaction 218
[2022-07-23T16:11:33.043Z INFO  client] Sending sample transaction 219
[2022-07-23T16:11:33.092Z INFO  client] Sending sample transaction 220
[2022-07-23T16:11:33.143Z INFO  client] Sending sample transaction 221
[2022-07-23T16:11:33.192Z INFO  client] Sending sample transaction 222
[2022-07-23T16:11:33.243Z INFO  client] Sending sample transaction 223
[2022-07-23T16:11:33.293Z INFO  client] Sending sample transaction 224
[2022-07-23T16:11:33.342Z INFO  client] Sending sample transaction 225
[2022-07-23T16:11:33.392Z INFO  client] Sending sample transaction 226
[2022-07-23T16:11:33.443Z INFO  client] Sending sample transaction 227
[2022-07-23T16:11:33.492Z INFO  client] Sending sample transaction 228
[2022-07-23T16:11:33.542Z INFO  client] Sending sample transaction 229
[2022-07-23T16:11:33.592Z INFO  client] Sending sample transaction 230
[2022-07-23T16:11:33.643Z INFO  client] Sending sample transaction 231
[2022-07-23T16:11:33.692Z INFO  client] Sending sample transaction 232
[2022-07-23T16:11:33.743Z INFO  client] Sending sample transaction 233
[2022-07-23T16:11:33.792Z INFO  client] Sending sample transaction 234
[2022-07-23T16:11:33.842Z INFO  client] Sending sample transaction 235
[2022-07-23T16:11:33.894Z INFO  client] Sending sample transaction 236
[2022-07-23T16:11:33.942Z INFO  client] Sending sample transaction 237
[2022-07-23T16:11:33.993Z INFO  client] Sending sample transaction 238
[2022-07-23T16:11:34.042Z INFO  client] Sending sample transaction 239
[2022-07-23T16:11:34.092Z INFO  client] Sending sample transaction 240
[2022-07-23T16:11:34.143Z INFO  client] Sending sample transaction 241
[2022-07-23T16:11:34.192Z INFO  client] Sending sample transaction 242
[2022-07-23T16:11:34.242Z INFO  client] Sending sample transaction 243
[2022-07-23T16:11:34.291Z INFO  client] Sending sample transaction 244
[2022-07-23T16:11:34.342Z INFO  client] Sending sample transaction 245
[2022-07-23T16:11:34.392Z INFO  client] Sending sample transaction 246
[2022-07-23T16:11:34.445Z INFO  client] Sending sample transaction 247
[2022-07-23T16:11:34.499Z INFO  client] Sending sample transaction 248
[2022-07-23T16:11:34.543Z INFO  client] Sending sample transaction 249
[2022-07-23T16:11:34.592Z INFO  client] Sending sample transaction 250
[2022-07-23T16:11:34.643Z INFO  client] Sending sample transaction 251
[2022-07-23T16:11:34.692Z INFO  client] Sending sample transaction 252
[2022-07-23T16:11:34.742Z INFO  client] Sending sample transaction 253
[2022-07-23T16:11:34.792Z INFO  client] Sending sample transaction 254
[2022-07-23T16:11:34.843Z INFO  client] Sending sample transaction 255
[2022-07-23T16:11:34.892Z INFO  client] Sending sample transaction 256
[2022-07-23T16:11:34.942Z INFO  client] Sending sample transaction 257
[2022-07-23T16:11:34.992Z INFO  client] Sending sample transaction 258
[2022-07-23T16:11:35.042Z INFO  client] Sending sample transaction 259
[2022-07-23T16:11:35.093Z INFO  client] Sending sample transaction 260
[2022-07-23T16:11:35.142Z INFO  client] Sending sample transaction 261
[2022-07-23T16:11:35.192Z INFO  client] Sending sample transaction 262
[2022-07-23T16:11:35.242Z INFO  client] Sending sample transaction 263
[2022-07-23T16:11:35.292Z INFO  client] Sending sample transaction 264
[2022-07-23T16:11:35.344Z INFO  client] Sending sample transaction 265
[2022-07-23T16:11:35.392Z INFO  client] Sending sample transaction 266
[2022-07-23T16:11:35.442Z INFO  client] Sending sample transaction 267
[2022-07-23T16:11:35.493Z INFO  client] Sending sample transaction 268
[2022-07-23T16:11:35.542Z INFO  client] Sending sample transaction 269
[2022-07-23T16:11:35.593Z INFO  client] Sending sample transaction 270
[2022-07-23T16:11:35.642Z INFO  client] Sending sample transaction 271
[2022-07-23T16:11:35.692Z INFO  client] Sending sample transaction 272
[2022-07-23T16:11:35.742Z INFO  client] Sending sample transaction 273
[2022-07-23T16:11:35.793Z INFO  client] Sending sample transaction 274
[2022-07-23T16:11:35.842Z INFO  client] Sending sample transaction 275
[2022-07-23T16:11:35.892Z INFO  client] Sending sample transaction 276
[2022-07-23T16:11:35.943Z INFO  client] Sending sample transaction 277
[2022-07-23T16:11:35.993Z INFO  client] Sending sample transaction 278
[2022-07-23T16:11:36.044Z INFO  client] Sending sample transaction 279
[2022-07-23T16:11:36.092Z INFO  client] Sending sample transaction 280
[2022-07-23T16:11:36.142Z INFO  client] Sending sample transaction 281
[2022-07-23T16:11:36.193Z INFO  client] Sending sample transaction 282
[2022-07-23T16:11:36.243Z INFO  client] Sending sample transaction 283
[2022-07-23T16:11:36.292Z INFO  client] Sending sample transaction 284
[2022-07-23T16:11:36.342Z INFO  client] Sending sample transaction 285
[2022-07-23T16:11:36.392Z INFO  client] Sending sample transaction 286
[2022-07-23T16:11:36.443Z INFO  client] Sending sample transaction 287
[2022-07-23T16:11:36.492Z INFO  client] Sending sample transaction 288
[2022-07-23T16:11:36.553Z INFO  client] Sending sample transaction 289
[2022-07-23T16:11:36.605Z INFO  client] Sending sample transaction 290
[2022-07-23T16:11:36.643Z INFO  client] Sending sample transaction 291
[2022-07-23T16:11:36.692Z INFO  client] Sending sample transaction 292
[2022-07-23T16:11:36.742Z INFO  client] Sending sample transaction 293
[2022-07-23T16:11:36.793Z INFO  client] Sending sample transaction 294
[2022-07-23T16:11:36.842Z INFO  client] Sending sample transaction 295
[2022-07-23T16:11:36.892Z INFO  client] Sending sample transaction 296
[2022-07-23T16:11:36.942Z INFO  client] Sending sample transaction 297
[2022-07-23T16:11:36.993Z INFO  client] Sending sample transaction 298
[2022-07-23T16:11:37.043Z INFO  client] Sending sample transaction 299
[2022-07-23T16:11:37.093Z INFO  client] Sending sample transaction 300
[2022-07-23T16:11:37.142Z INFO  client] Sending sample transaction 301
[2022-07-23T16:11:37.193Z INFO  client] Sending sample transaction 302
[2022-07-23T16:11:37.242Z INFO  client] Sending sample transaction 303
[2022-07-23T16:11:37.293Z INFO  client] Sending sample transaction 304
[2022-07-23T16:11:37.342Z INFO  client] Sending sample transaction 305
[2022-07-23T16:11:37.393Z INFO  client] Sending sample transaction 306
[2022-07-23T16:11:37.442Z INFO  client] Sending sample transaction 307
[2022-07-23T16:11:37.493Z INFO  client] Sending sample transaction 308
[2022-07-23T16:11:37.542Z INFO  client] Sending sample transaction 309
[2022-07-23T16:11:37.592Z INFO  client] Sending sample transaction 310
[2022-07-23T16:11:37.651Z INFO  client] Sending sample transaction 311
[2022-07-23T16:11:37.692Z INFO  client] Sending sample transaction 312
[2022-07-23T16:11:37.742Z INFO  client] Sending sample transaction 313
[2022-07-23T16:11:37.792Z INFO  client] Sending sample transaction 314
[2022-07-23T16:11:37.842Z INFO  client] Sending sample transaction 315
[2022-07-23T16:11:37.892Z INFO  client] Sending sample transaction 316
[2022-07-23T16:11:37.943Z INFO  client] Sending sample transaction 317
[2022-07-23T16:11:37.992Z INFO  client] Sending sample transaction 318
[2022-07-23T16:11:38.043Z INFO  client] Sending sample transaction 319
[2022-07-23T16:11:38.092Z INFO  client] Sending sample transaction 320
[2022-07-23T16:11:38.143Z INFO  client] Sending sample transaction 321
[2022-07-23T16:11:38.192Z INFO  client] Sending sample transaction 322
[2022-07-23T16:11:38.243Z INFO  client] Sending sample transaction 323
[2022-07-23T16:11:38.293Z INFO  client] Sending sample transaction 324
[2022-07-23T16:11:38.341Z INFO  client] Sending sample transaction 325
[2022-07-23T16:11:38.393Z INFO  client] Sending sample transaction 326
[2022-07-23T16:11:38.443Z INFO  client] Sending sample transaction 327
[2022-07-23T16:11:38.493Z INFO  client] Sending sample transaction 328
[2022-07-23T16:11:38.542Z INFO  client] Sending sample transaction 329
[2022-07-23T16:11:38.592Z INFO  client] Sending sample transaction 330
[2022-07-23T16:11:38.667Z INFO  client] Sending sample transaction 331
[2022-07-23T16:11:38.697Z INFO  client] Sending sample transaction 332
[2022-07-23T16:11:38.742Z INFO  client] Sending sample transaction 333
[2022-07-23T16:11:38.793Z INFO  client] Sending sample transaction 334
[2022-07-23T16:11:38.842Z INFO  client] Sending sample transaction 335
[2022-07-23T16:11:38.892Z INFO  client] Sending sample transaction 336
[2022-07-23T16:11:38.942Z INFO  client] Sending sample transaction 337
[2022-07-23T16:11:38.993Z INFO  client] Sending sample transaction 338
[2022-07-23T16:11:39.044Z INFO  client] Sending sample transaction 339
[2022-07-23T16:11:39.094Z INFO  client] Sending sample transaction 340
[2022-07-23T16:11:39.142Z INFO  client] Sending sample transaction 341
[2022-07-23T16:11:39.192Z INFO  client] Sending sample transaction 342
[2022-07-23T16:11:39.242Z INFO  client] Sending sample transaction 343
[2022-07-23T16:11:39.292Z INFO  client] Sending sample transaction 344
[2022-07-23T16:11:39.342Z INFO  client] Sending sample transaction 345
[2022-07-23T16:11:39.393Z INFO  client] Sending sample transaction 346
[2022-07-23T16:11:39.443Z INFO  client] Sending sample transaction 347
[2022-07-23T16:11:39.493Z INFO  client] Sending sample transaction 348
[2022-07-23T16:11:39.543Z INFO  client] Sending sample transaction 349
[2022-07-23T16:11:39.592Z INFO  client] Sending sample transaction 350
[2022-07-23T16:11:39.642Z INFO  client] Sending sample transaction 351
[2022-07-23T16:11:39.692Z INFO  client] Sending sample transaction 352
[2022-07-23T16:11:39.742Z INFO  client] Sending sample transaction 353
[2022-07-23T16:11:39.792Z INFO  client] Sending sample transaction 354
[2022-07-23T16:11:39.842Z INFO  client] Sending sample transaction 355
[2022-07-23T16:11:39.892Z INFO  client] Sending sample transaction 356
[2022-07-23T16:11:39.942Z INFO  client] Sending sample transaction 357
[2022-07-23T16:11:39.992Z INFO  client] Sending sample transaction 358
[2022-07-23T16:11:40.042Z INFO  client] Sending sample transaction 359
[2022-07-23T16:11:40.092Z INFO  client] Sending sample transaction 360
[2022-07-23T16:11:40.143Z INFO  client] Sending sample transaction 361
[2022-07-23T16:11:40.192Z INFO  client] Sending sample transaction 362
[2022-07-23T16:11:40.243Z INFO  client] Sending sample transaction 363
[2022-07-23T16:11:40.292Z INFO  client] Sending sample transaction 364
[2022-07-23T16:11:40.341Z INFO  client] Sending sample transaction 365
[2022-07-23T16:11:40.392Z INFO  client] Sending sample transaction 366
[2022-07-23T16:11:40.443Z INFO  client] Sending sample transaction 367
[2022-07-23T16:11:40.492Z INFO  client] Sending sample transaction 368
[2022-07-23T16:11:40.542Z INFO  client] Sending sample transaction 369
[2022-07-23T16:11:40.592Z INFO  client] Sending sample transaction 370
[2022-07-23T16:11:40.642Z INFO  client] Sending sample transaction 371
[2022-07-23T16:11:40.692Z INFO  client] Sending sample transaction 372
[2022-07-23T16:11:40.742Z INFO  client] Sending sample transaction 373
[2022-07-23T16:11:40.798Z INFO  client] Sending sample transaction 374
[2022-07-23T16:11:40.849Z INFO  client] Sending sample transaction 375
[2022-07-23T16:11:40.892Z INFO  client] Sending sample transaction 376
[2022-07-23T16:11:40.942Z INFO  client] Sending sample transaction 377
[2022-07-23T16:11:40.992Z INFO  client] Sending sample transaction 378
[2022-07-23T16:11:41.042Z INFO  client] Sending sample transaction 379
[2022-07-23T16:11:41.092Z INFO  client] Sending sample transaction 380
[2022-07-23T16:11:41.142Z INFO  client] Sending sample transaction 381
[2022-07-23T16:11:41.192Z INFO  client] Sending sample transaction 382
[2022-07-23T16:11:41.242Z INFO  client] Sending sample transaction 383
[2022-07-23T16:11:41.292Z INFO  client] Sending sample transaction 384
[2022-07-23T16:11:41.342Z INFO  client] Sending sample transaction 385
[2022-07-23T16:11:41.392Z INFO  client] Sending sample transaction 386
[2022-07-23T16:11:41.443Z INFO  client] Sending sample transaction 387
[2022-07-23T16:11:41.492Z INFO  client] Sending sample transaction 388
[2022-07-23T16:11:41.543Z INFO  client] Sending sample transaction 389
[2022-07-23T16:11:41.592Z INFO  client] Sending sample transaction 390
[2022-07-23T16:11:41.642Z INFO  client] Sending sample transaction 391
[2022-07-23T16:11:41.693Z INFO  client] Sending sample transaction 392
[2022-07-23T16:11:41.742Z INFO  client] Sending sample transaction 393
[2022-07-23T16:11:41.793Z INFO  client] Sending sample transaction 394
[2022-07-23T16:11:41.842Z INFO  client] Sending sample transaction 395
[2022-07-23T16:11:41.896Z INFO  client] Sending sample transaction 396
[2022-07-23T16:11:41.942Z INFO  client] Sending sample transaction 397
[2022-07-23T16:11:41.992Z INFO  client] Sending sample transaction 398
[2022-07-23T16:11:42.042Z INFO  client] Sending sample transaction 399
[2022-07-23T16:11:42.092Z INFO  client] Sending sample transaction 400
[2022-07-23T16:11:42.143Z INFO  client] Sending sample transaction 401
[2022-07-23T16:11:42.194Z INFO  client] Sending sample transaction 402
[2022-07-23T16:11:42.242Z INFO  client] Sending sample transaction 403
[2022-07-23T16:11:42.292Z INFO  client] Sending sample transaction 404
[2022-07-23T16:11:42.342Z INFO  client] Sending sample transaction 405
[2022-07-23T16:11:42.392Z INFO  client] Sending sample transaction 406
[2022-07-23T16:11:42.442Z INFO  client] Sending sample transaction 407
[2022-07-23T16:11:42.492Z INFO  client] Sending sample transaction 408
[2022-07-23T16:11:42.542Z INFO  client] Sending sample transaction 409
[2022-07-23T16:11:42.592Z INFO  client] Sending sample transaction 410
[2022-07-23T16:11:42.642Z INFO  client] Sending sample transaction 411
[2022-07-23T16:11:42.693Z INFO  client] Sending sample transaction 412
[2022-07-23T16:11:42.742Z INFO  client] Sending sample transaction 413
[2022-07-23T16:11:42.793Z INFO  client] Sending sample transaction 414
[2022-07-23T16:11:42.842Z INFO  client] Sending sample transaction 415
[2022-07-23T16:11:42.906Z INFO  client] Sending sample transaction 416
[2022-07-23T16:11:42.944Z INFO  client] Sending sample transaction 417
[2022-07-23T16:11:42.997Z INFO  client] Sending sample transaction 418
[2022-07-23T16:11:43.045Z INFO  client] Sending sample transaction 419
[2022-07-23T16:11:43.092Z INFO  client] Sending sample transaction 420
[2022-07-23T16:11:43.142Z INFO  client] Sending sample transaction 421
[2022-07-23T16:11:43.193Z INFO  client] Sending sample transaction 422
[2022-07-23T16:11:43.243Z INFO  client] Sending sample transaction 423
[2022-07-23T16:11:43.296Z INFO  client] Sending sample transaction 424
[2022-07-23T16:11:43.344Z INFO  client] Sending sample transaction 425
[2022-07-23T16:11:43.395Z INFO  client] Sending sample transaction 426
[2022-07-23T16:11:43.445Z INFO  client] Sending sample transaction 427
[2022-07-23T16:11:43.493Z INFO  client] Sending sample transaction 428
[2022-07-23T16:11:43.545Z INFO  client] Sending sample transaction 429
[2022-07-23T16:11:43.592Z INFO  client] Sending sample transaction 430
