[2022-07-23T17:24:17.449Z INFO  client] Node address: 127.0.0.1:9013
[2022-07-23T17:24:17.449Z INFO  client] Transactions size: 512 B
[2022-07-23T17:24:17.449Z INFO  client] Transactions rate: 112 tx/s
[2022-07-23T17:24:17.449Z INFO  client] Waiting for all nodes to be online...
[2022-07-23T17:24:17.449Z INFO  client] Waiting for all nodes to be synchronized...
[2022-07-23T17:24:19.454Z INFO  client] Start sending transactions
[2022-07-23T17:24:19.459Z INFO  client] Sending sample transaction 0
[2022-07-23T17:24:19.506Z INFO  client] Sending sample transaction 1
[2022-07-23T17:24:19.578Z INFO  client] Sending sample transaction 2
[2022-07-23T17:24:19.615Z INFO  client] Sending sample transaction 3
[2022-07-23T17:24:19.672Z INFO  client] Sending sample transaction 4
[2022-07-23T17:24:19.716Z INFO  client] Sending sample transaction 5
[2022-07-23T17:24:19.756Z INFO  client] Sending sample transaction 6
[2022-07-23T17:24:19.808Z INFO  client] Sending sample transaction 7
[2022-07-23T17:24:19.856Z INFO  client] Sending sample transaction 8
[2022-07-23T17:24:19.908Z INFO  client] Sending sample transaction 9
[2022-07-23T17:24:19.968Z INFO  client] Sending sample transaction 10
[2022-07-23T17:24:20.025Z INFO  client] Sending sample transaction 11
[2022-07-23T17:24:20.101Z INFO  client] Sending sample transaction 12
[2022-07-23T17:24:20.136Z INFO  client] Sending sample transaction 13
[2022-07-23T17:24:20.180Z INFO  client] Sending sample transaction 14
[2022-07-23T17:24:20.210Z INFO  client] Sending sample transaction 15
[2022-07-23T17:24:20.257Z INFO  client] Sending sample transaction 16
[2022-07-23T17:24:20.306Z INFO  client] Sending sample transaction 17
[2022-07-23T17:24:20.371Z INFO  client] Sending sample transaction 18
[2022-07-23T17:24:20.422Z INFO  client] Sending sample transaction 19
[2022-07-23T17:24:20.455Z INFO  client] Sending sample transaction 20
[2022-07-23T17:24:20.505Z INFO  client] Sending sample transaction 21
[2022-07-23T17:24:20.557Z INFO  client] Sending sample transaction 22
[2022-07-23T17:24:20.616Z INFO  client] Sending sample transaction 23
[2022-07-23T17:24:20.668Z INFO  client] Sending sample transaction 24
[2022-07-23T17:24:20.719Z INFO  client] Sending sample transaction 25
[2022-07-23T17:24:20.760Z INFO  client] Sending sample transaction 26
[2022-07-23T17:24:20.807Z INFO  client] Sending sample transaction 27
[2022-07-23T17:24:20.857Z INFO  client] Sending sample transaction 28
[2022-07-23T17:24:20.906Z INFO  client] Sending sample transaction 29
[2022-07-23T17:24:20.956Z INFO  client] Sending sample transaction 30
[2022-07-23T17:24:21.007Z INFO  client] Sending sample transaction 31
[2022-07-23T17:24:21.058Z INFO  client] Sending sample transaction 32
[2022-07-23T17:24:21.105Z INFO  client] Sending sample transaction 33
[2022-07-23T17:24:21.156Z INFO  client] Sending sample transaction 34
[2022-07-23T17:24:21.205Z INFO  client] Sending sample transaction 35
[2022-07-23T17:24:21.256Z INFO  client] Sending sample transaction 36
[2022-07-23T17:24:21.307Z INFO  client] Sending sample transaction 37
[2022-07-23T17:24:21.396Z INFO  client] Sending sample transaction 38
[2022-07-23T17:24:21.406Z INFO  client] Sending sample transaction 39
[2022-07-23T17:24:21.490Z INFO  client] Sending sample transaction 40
[2022-07-23T17:24:21.510Z INFO  client] Sending sample transaction 41
[2022-07-23T17:24:21.556Z INFO  client] Sending sample transaction 42
[2022-07-23T17:24:21.607Z INFO  client] Sending sample transaction 43
[2022-07-23T17:24:21.656Z INFO  client] Sending sample transaction 44
[2022-07-23T17:24:21.706Z INFO  client] Sending sample transaction 45
[2022-07-23T17:24:21.756Z INFO  client] Sending sample transaction 46
[2022-07-23T17:24:21.820Z INFO  client] Sending sample transaction 47
[2022-07-23T17:24:21.862Z INFO  client] Sending sample transaction 48
[2022-07-23T17:24:21.916Z INFO  client] Sending sample transaction 49
[2022-07-23T17:24:21.973Z INFO  client] Sending sample transaction 50
[2022-07-23T17:24:22.005Z INFO  client] Sending sample transaction 51
[2022-07-23T17:24:22.078Z INFO  client] Sending sample transaction 52
[2022-07-23T17:24:22.117Z INFO  client] Sending sample transaction 53
[2022-07-23T17:24:22.157Z INFO  client] Sending sample transaction 54
[2022-07-23T17:24:22.205Z INFO  client] Sending sample transaction 55
[2022-07-23T17:24:22.255Z INFO  client] Sending sample transaction 56
[2022-07-23T17:24:22.306Z INFO  client] Sending sample transaction 57
[2022-07-23T17:24:22.356Z INFO  client] Sending sample transaction 58
[2022-07-23T17:24:22.406Z INFO  client] Sending sample transaction 59
[2022-07-23T17:24:22.456Z INFO  client] Sending sample transaction 60
[2022-07-23T17:24:22.506Z INFO  client] Sending sample transaction 61
[2022-07-23T17:24:22.557Z INFO  client] Sending sample transaction 62
[2022-07-23T17:24:22.606Z INFO  client] Sending sample transaction 63
[2022-07-23T17:24:22.720Z INFO  client] Sending sample transaction 64
[2022-07-23T17:24:22.734Z INFO  client] Sending sample transaction 65
[2022-07-23T17:24:22.835Z INFO  client] Sending sample transaction 66
[2022-07-23T17:24:22.919Z INFO  client] Sending sample transaction 67
[2022-07-23T17:24:22.919Z INFO  client] Sending sample transaction 68
[2022-07-23T17:24:22.940Z INFO  client] Sending sample transaction 69
[2022-07-23T17:24:22.975Z INFO  client] Sending sample transaction 70
[2022-07-23T17:24:23.031Z INFO  client] Sending sample transaction 71
[2022-07-23T17:24:23.059Z INFO  client] Sending sample transaction 72
[2022-07-23T17:24:23.108Z INFO  client] Sending sample transaction 73
[2022-07-23T17:24:23.156Z INFO  client] Sending sample transaction 74
[2022-07-23T17:24:23.207Z INFO  client] Sending sample transaction 75
[2022-07-23T17:24:23.255Z INFO  client] Sending sample transaction 76
[2022-07-23T17:24:23.306Z INFO  client] Sending sample transaction 77
[2022-07-23T17:24:23.356Z INFO  client] Sending sample transaction 78
[2022-07-23T17:24:23.406Z INFO  client] Sending sample transaction 79
[2022-07-23T17:24:23.456Z INFO  client] Sending sample transaction 80
[2022-07-23T17:24:23.506Z INFO  client] Sending sample transaction 81
[2022-07-23T17:24:23.556Z INFO  client] Sending sample transaction 82
[2022-07-23T17:24:23.605Z INFO  client] Sending sample transaction 83
[2022-07-23T17:24:23.656Z INFO  client] Sending sample transaction 84
[2022-07-23T17:24:23.705Z INFO  client] Sending sample transaction 85
[2022-07-23T17:24:23.755Z INFO  client] Sending sample transaction 86
[2022-07-23T17:24:23.806Z INFO  client] Sending sample transaction 87
[2022-07-23T17:24:23.856Z INFO  client] Sending sample transaction 88
[2022-07-23T17:24:23.937Z INFO  client] Sending sample transaction 89
[2022-07-23T17:24:23.970Z INFO  client] Sending sample transaction 90
[2022-07-23T17:24:24.008Z INFO  client] Sending sample transaction 91
[2022-07-23T17:24:24.055Z INFO  client] Sending sample transaction 92
[2022-07-23T17:24:24.105Z INFO  client] Sending sample transaction 93
[2022-07-23T17:24:24.156Z INFO  client] Sending sample transaction 94
[2022-07-23T17:24:24.205Z INFO  client] Sending sample transaction 95
[2022-07-23T17:24:24.258Z INFO  client] Sending sample transaction 96
[2022-07-23T17:24:24.305Z INFO  client] Sending sample transaction 97
[2022-07-23T17:24:24.356Z INFO  client] Sending sample transaction 98
[2022-07-23T17:24:24.406Z INFO  client] Sending sample transaction 99
[2022-07-23T17:24:24.456Z INFO  client] Sending sample transaction 100
[2022-07-23T17:24:24.505Z INFO  client] Sending sample transaction 101
[2022-07-23T17:24:24.555Z INFO  client] Sending sample transaction 102
[2022-07-23T17:24:24.606Z INFO  client] Sending sample transaction 103
[2022-07-23T17:24:24.656Z INFO  client] Sending sample transaction 104
[2022-07-23T17:24:24.706Z INFO  client] Sending sample transaction 105
[2022-07-23T17:24:24.755Z INFO  client] Sending sample transaction 106
[2022-07-23T17:24:24.806Z INFO  client] Sending sample transaction 107
[2022-07-23T17:24:24.855Z INFO  client] Sending sample transaction 108
[2022-07-23T17:24:24.945Z INFO  client] Sending sample transaction 109
[2022-07-23T17:24:24.981Z INFO  client] Sending sample transaction 110
[2022-07-23T17:24:25.005Z INFO  client] Sending sample transaction 111
[2022-07-23T17:24:25.056Z INFO  client] Sending sample transaction 112
[2022-07-23T17:24:25.116Z INFO  client] Sending sample transaction 113
[2022-07-23T17:24:25.156Z INFO  client] Sending sample transaction 114
[2022-07-23T17:24:25.205Z INFO  client] Sending sample transaction 115
[2022-07-23T17:24:25.256Z INFO  client] Sending sample transaction 116
[2022-07-23T17:24:25.307Z INFO  client] Sending sample transaction 117
[2022-07-23T17:24:25.356Z INFO  client] Sending sample transaction 118
[2022-07-23T17:24:25.406Z INFO  client] Sending sample transaction 119
[2022-07-23T17:24:25.455Z INFO  client] Sending sample transaction 120
[2022-07-23T17:24:25.506Z INFO  client] Sending sample transaction 121
[2022-07-23T17:24:25.556Z INFO  client] Sending sample transaction 122
[2022-07-23T17:24:25.605Z INFO  client] Sending sample transaction 123
[2022-07-23T17:24:25.655Z INFO  client] Sending sample transaction 124
[2022-07-23T17:24:25.706Z INFO  client] Sending sample transaction 125
[2022-07-23T17:24:25.756Z INFO  client] Sending sample transaction 126
[2022-07-23T17:24:25.806Z INFO  client] Sending sample transaction 127
[2022-07-23T17:24:25.856Z INFO  client] Sending sample transaction 128
[2022-07-23T17:24:25.906Z INFO  client] Sending sample transaction 129
[2022-07-23T17:24:25.955Z INFO  client] Sending sample transaction 130
[2022-07-23T17:24:26.006Z INFO  client] Sending sample transaction 131
[2022-07-23T17:24:26.056Z INFO  client] Sending sample transaction 132
[2022-07-23T17:24:26.139Z INFO  client] Sending sample transaction 133
[2022-07-23T17:24:26.164Z INFO  client] Sending sample transaction 134
[2022-07-23T17:24:26.221Z INFO  client] Sending sample transaction 135
[2022-07-23T17:24:26.256Z INFO  client] Sending sample transaction 136
[2022-07-23T17:24:26.305Z INFO  client] Sending sample transaction 137
[2022-07-23T17:24:26.356Z INFO  client] Sending sample transaction 138
[2022-07-23T17:24:26.406Z INFO  client] Sending sample transaction 139
[2022-07-23T17:24:26.455Z INFO  client] Sending sample transaction 140
[2022-07-23T17:24:26.505Z INFO  client] Sending sample transaction 141
[2022-07-23T17:24:26.557Z INFO  client] Sending sample transaction 142
[2022-07-23T17:24:26.608Z INFO  client] Sending sample transaction 143
[2022-07-23T17:24:26.656Z INFO  client] Sending sample transaction 144
[2022-07-23T17:24:26.706Z INFO  client] Sending sample transaction 145
[2022-07-23T17:24:26.755Z INFO  client] Sending sample transaction 146
[2022-07-23T17:24:26.806Z INFO  client] Sending sample transaction 147
[2022-07-23T17:24:26.855Z INFO  client] Sending sample transaction 148
[2022-07-23T17:24:26.906Z INFO  client] Sending sample transaction 149
[2022-07-23T17:24:26.956Z INFO  client] Sending sample transaction 150
[2022-07-23T17:24:27.005Z INFO  client] Sending sample transaction 151
[2022-07-23T17:24:27.055Z INFO  client] Sending sample transaction 152
[2022-07-23T17:24:27.106Z INFO  client] Sending sample transaction 153
[2022-07-23T17:24:27.156Z INFO  client] Sending sample transaction 154
[2022-07-23T17:24:27.220Z INFO  client] Sending sample transaction 155
[2022-07-23T17:24:27.256Z INFO  client] Sending sample transaction 156
[2022-07-23T17:24:27.306Z INFO  client] Sending sample transaction 157
[2022-07-23T17:24:27.356Z INFO  client] Sending sample transaction 158
[2022-07-23T17:24:27.408Z INFO  client] Sending sample transaction 159
[2022-07-23T17:24:27.456Z INFO  client] Sending sample transaction 160
[2022-07-23T17:24:27.506Z INFO  client] Sending sample transaction 161
[2022-07-23T17:24:27.555Z INFO  client] Sending sample transaction 162
[2022-07-23T17:24:27.606Z INFO  client] Sending sample transaction 163
[2022-07-23T17:24:27.656Z INFO  client] Sending sample transaction 164
[2022-07-23T17:24:27.706Z INFO  client] Sending sample transaction 165
[2022-07-23T17:24:27.756Z INFO  client] Sending sample transaction 166
[2022-07-23T17:24:27.806Z INFO  client] Sending sample transaction 167
[2022-07-23T17:24:27.856Z INFO  client] Sending sample transaction 168
[2022-07-23T17:24:27.906Z INFO  client] Sending sample transaction 169
[2022-07-23T17:24:27.955Z INFO  client] Sending sample transaction 170
[2022-07-23T17:24:28.006Z INFO  client] Sending sample transaction 171
[2022-07-23T17:24:28.056Z INFO  client] Sending sample transaction 172
[2022-07-23T17:24:28.106Z INFO  client] Sending sample transaction 173
[2022-07-23T17:24:28.156Z INFO  client] Sending sample transaction 174
[2022-07-23T17:24:28.206Z INFO  client] Sending sample transaction 175
[2022-07-23T17:24:28.261Z INFO  client] Sending sample transaction 176
[2022-07-23T17:24:28.346Z INFO  client] Sending sample transaction 177
[2022-07-23T17:24:28.389Z INFO  client] Sending sample transaction 178
[2022-07-23T17:24:28.406Z INFO  client] Sending sample transaction 179
[2022-07-23T17:24:28.455Z INFO  client] Sending sample transaction 180
[2022-07-23T17:24:28.506Z INFO  client] Sending sample transaction 181
[2022-07-23T17:24:28.556Z INFO  client] Sending sample transaction 182
[2022-07-23T17:24:28.605Z INFO  client] Sending sample transaction 183
[2022-07-23T17:24:28.656Z INFO  client] Sending sample transaction 184
[2022-07-23T17:24:28.706Z INFO  client] Sending sample transaction 185
[2022-07-23T17:24:28.756Z INFO  client] Sending sample transaction 186
[2022-07-23T17:24:28.806Z INFO  client] Sending sample transaction 187
[2022-07-23T17:24:28.855Z INFO  client] Sending sample transaction 188
[2022-07-23T17:24:28.906Z INFO  client] Sending sample transaction 189
[2022-07-23T17:24:28.955Z INFO  client] Sending sample transaction 190
[2022-07-23T17:24:29.006Z INFO  client] Sending sample transaction 191
[2022-07-23T17:24:29.056Z INFO  client] Sending sample transaction 192
[2022-07-23T17:24:29.105Z INFO  client] Sending sample transaction 193
[2022-07-23T17:24:29.155Z INFO  client] Sending sample transaction 194
[2022-07-23T17:24:29.208Z INFO  client] Sending sample transaction 195
[2022-07-23T17:24:29.256Z INFO  client] Sending sample transaction 196
[2022-07-23T17:24:29.308Z INFO  client] Sending sample transaction 197
[2022-07-23T17:24:29.356Z INFO  client] Sending sample transaction 198
[2022-07-23T17:24:29.407Z INFO  client] Sending sample transaction 199
[2022-07-23T17:24:29.455Z INFO  client] Sending sample transaction 200
[2022-07-23T17:24:29.543Z INFO  client] Sending sample transaction 201
[2022-07-23T17:24:29.572Z INFO  client] Sending sample transaction 202
[2022-07-23T17:24:29.611Z INFO  client] Sending sample transaction 203
[2022-07-23T17:24:29.656Z INFO  client] Sending sample transaction 204
[2022-07-23T17:24:29.707Z INFO  client] Sending sample transaction 205
[2022-07-23T17:24:29.756Z INFO  client] Sending sample transaction 206
[2022-07-23T17:24:29.805Z INFO  client] Sending sample transaction 207
[2022-07-23T17:24:29.856Z INFO  client] Sending sample transaction 208
[2022-07-23T17:24:29.906Z INFO  client] Sending sample transaction 209
[2022-07-23T17:24:29.956Z INFO  client] Sending sample transaction 210
[2022-07-23T17:24:30.006Z INFO  client] Sending sample transaction 211
[2022-07-23T17:24:30.056Z INFO  client] Sending sample transaction 212
[2022-07-23T17:24:30.107Z INFO  client] Sending sample transaction 213
[2022-07-23T17:24:30.157Z INFO  client] Sending sample transaction 214
[2022-07-23T17:24:30.205Z INFO  client] Sending sample transaction 215
[2022-07-23T17:24:30.257Z INFO  client] Sending sample transaction 216
[2022-07-23T17:24:30.305Z INFO  client] Sending sample transaction 217
[2022-07-23T17:24:30.355Z INFO  client] Sending sample transaction 218
[2022-07-23T17:24:30.406Z INFO  client] Sending sample transaction 219
[2022-07-23T17:24:30.456Z INFO  client] Sending sample transaction 220
[2022-07-23T17:24:30.506Z INFO  client] Sending sample transaction 221
[2022-07-23T17:24:30.556Z INFO  client] Sending sample transaction 222
[2022-07-23T17:24:30.606Z INFO  client] Sending sample transaction 223
[2022-07-23T17:24:30.656Z INFO  client] Sending sample transaction 224
[2022-07-23T17:24:30.706Z INFO  client] Sending sample transaction 225
[2022-07-23T17:24:30.756Z INFO  client] Sending sample transaction 226
[2022-07-23T17:24:30.806Z INFO  client] Sending sample transaction 227
[2022-07-23T17:24:30.856Z INFO  client] Sending sample transaction 228
[2022-07-23T17:24:30.905Z INFO  client] Sending sample transaction 229
[2022-07-23T17:24:30.956Z INFO  client] Sending sample transaction 230
[2022-07-23T17:24:31.006Z INFO  client] Sending sample transaction 231
[2022-07-23T17:24:31.058Z INFO  client] Sending sample transaction 232
[2022-07-23T17:24:31.105Z INFO  client] Sending sample transaction 233
[2022-07-23T17:24:31.155Z INFO  client] Sending sample transaction 234
[2022-07-23T17:24:31.206Z INFO  client] Sending sample transaction 235
[2022-07-23T17:24:31.256Z INFO  client] Sending sample transaction 236
[2022-07-23T17:24:31.305Z INFO  client] Sending sample transaction 237
[2022-07-23T17:24:31.355Z INFO  client] Sending sample transaction 238
[2022-07-23T17:24:31.423Z INFO  client] Sending sample transaction 239
[2022-07-23T17:24:31.456Z INFO  client] Sending sample transaction 240
[2022-07-23T17:24:31.526Z INFO  client] Sending sample transaction 241
[2022-07-23T17:24:31.569Z INFO  client] Sending sample transaction 242
[2022-07-23T17:24:31.608Z INFO  client] Sending sample transaction 243
[2022-07-23T17:24:31.656Z INFO  client] Sending sample transaction 244
[2022-07-23T17:24:31.705Z INFO  client] Sending sample transaction 245
[2022-07-23T17:24:31.756Z INFO  client] Sending sample transaction 246
[2022-07-23T17:24:31.806Z INFO  client] Sending sample transaction 247
[2022-07-23T17:24:31.856Z INFO  client] Sending sample transaction 248
[2022-07-23T17:24:31.905Z INFO  client] Sending sample transaction 249
[2022-07-23T17:24:31.955Z INFO  client] Sending sample transaction 250
[2022-07-23T17:24:32.006Z INFO  client] Sending sample transaction 251
[2022-07-23T17:24:32.055Z INFO  client] Sending sample transaction 252
[2022-07-23T17:24:32.105Z INFO  client] Sending sample transaction 253
[2022-07-23T17:24:32.155Z INFO  client] Sending sample transaction 254
[2022-07-23T17:24:32.207Z INFO  client] Sending sample transaction 255
[2022-07-23T17:24:32.255Z INFO  client] Sending sample transaction 256
[2022-07-23T17:24:32.306Z INFO  client] Sending sample transaction 257
[2022-07-23T17:24:32.356Z INFO  client] Sending sample transaction 258
[2022-07-23T17:24:32.406Z INFO  client] Sending sample transaction 259
[2022-07-23T17:24:32.463Z INFO  client] Sending sample transaction 260
[2022-07-23T17:24:32.506Z INFO  client] Sending sample transaction 261
[2022-07-23T17:24:32.587Z INFO  client] Sending sample transaction 262
[2022-07-23T17:24:32.618Z INFO  client] Sending sample transaction 263
[2022-07-23T17:24:32.657Z INFO  client] Sending sample transaction 264
[2022-07-23T17:24:32.706Z INFO  client] Sending sample transaction 265
[2022-07-23T17:24:32.756Z INFO  client] Sending sample transaction 266
[2022-07-23T17:24:32.806Z INFO  client] Sending sample transaction 267
[2022-07-23T17:24:32.856Z INFO  client] Sending sample transaction 268
[2022-07-23T17:24:32.906Z INFO  client] Sending sample transaction 269
[2022-07-23T17:24:32.955Z INFO  client] Sending sample transaction 270
[2022-07-23T17:24:33.005Z INFO  client] Sending sample transaction 271
[2022-07-23T17:24:33.055Z INFO  client] Sending sample transaction 272
[2022-07-23T17:24:33.106Z INFO  client] Sending sample transaction 273
[2022-07-23T17:24:33.156Z INFO  client] Sending sample transaction 274
[2022-07-23T17:24:33.205Z INFO  client] Sending sample transaction 275
[2022-07-23T17:24:33.256Z INFO  client] Sending sample transaction 276
[2022-07-23T17:24:33.306Z INFO  client] Sending sample transaction 277
[2022-07-23T17:24:33.355Z INFO  client] Sending sample transaction 278
[2022-07-23T17:24:33.406Z INFO  client] Sending sample transaction 279
[2022-07-23T17:24:33.456Z INFO  client] Sending sample transaction 280
[2022-07-23T17:24:33.507Z INFO  client] Sending sample transaction 281
[2022-07-23T17:24:33.555Z INFO  client] Sending sample transaction 282
[2022-07-23T17:24:33.606Z INFO  client] Sending sample transaction 283
[2022-07-23T17:24:33.656Z INFO  client] Sending sample transaction 284
[2022-07-23T17:24:33.706Z INFO  client] Sending sample transaction 285
[2022-07-23T17:24:33.756Z INFO  client] Sending sample transaction 286
[2022-07-23T17:24:33.806Z INFO  client] Sending sample transaction 287
[2022-07-23T17:24:33.856Z INFO  client] Sending sample transaction 288
[2022-07-23T17:24:33.906Z INFO  client] Sending sample transaction 289
[2022-07-23T17:24:33.956Z INFO  client] Sending sample transaction 290
[2022-07-23T17:24:34.006Z INFO  client] Sending sample transaction 291
[2022-07-23T17:24:34.057Z INFO  client] Sending sample transaction 292
[2022-07-23T17:24:34.107Z INFO  client] Sending sample transaction 293
[2022-07-23T17:24:34.156Z INFO  client] Sending sample transaction 294
[2022-07-23T17:24:34.205Z INFO  client] Sending sample transaction 295
[2022-07-23T17:24:34.256Z INFO  client] Sending sample transaction 296
[2022-07-23T17:24:34.307Z INFO  client] Sending sample transaction 297
[2022-07-23T17:24:34.356Z INFO  client] Sending sample transaction 298
[2022-07-23T17:24:34.406Z INFO  client] Sending sample transaction 299
[2022-07-23T17:24:34.455Z INFO  client] Sending sample transaction 300
[2022-07-23T17:24:34.505Z INFO  client] Sending sample transaction 301
[2022-07-23T17:24:34.556Z INFO  client] Sending sample transaction 302
[2022-07-23T17:24:34.606Z INFO  client] Sending sample transaction 303
[2022-07-23T17:24:34.655Z INFO  client] Sending sample transaction 304
[2022-07-23T17:24:34.705Z INFO  client] Sending sample transaction 305
[2022-07-23T17:24:34.755Z INFO  client] Sending sample transaction 306
[2022-07-23T17:24:34.806Z INFO  client] Sending sample transaction 307
[2022-07-23T17:24:34.856Z INFO  client] Sending sample transaction 308
[2022-07-23T17:24:34.906Z INFO  client] Sending sample transaction 309
[2022-07-23T17:24:34.955Z INFO  client] Sending sample transaction 310
[2022-07-23T17:24:35.006Z INFO  client] Sending sample transaction 311
[2022-07-23T17:24:35.055Z INFO  client] Sending sample transaction 312
[2022-07-23T17:24:35.106Z INFO  client] Sending sample transaction 313
[2022-07-23T17:24:35.156Z INFO  client] Sending sample transaction 314
[2022-07-23T17:24:35.205Z INFO  client] Sending sample transaction 315
[2022-07-23T17:24:35.255Z INFO  client] Sending sample transaction 316
[2022-07-23T17:24:35.305Z INFO  client] Sending sample transaction 317
[2022-07-23T17:24:35.356Z INFO  client] Sending sample transaction 318
[2022-07-23T17:24:35.407Z INFO  client] Sending sample transaction 319
[2022-07-23T17:24:35.456Z INFO  client] Sending sample transaction 320
[2022-07-23T17:24:35.506Z INFO  client] Sending sample transaction 321
[2022-07-23T17:24:35.556Z INFO  client] Sending sample transaction 322
[2022-07-23T17:24:35.606Z INFO  client] Sending sample transaction 323
[2022-07-23T17:24:35.655Z INFO  client] Sending sample transaction 324
[2022-07-23T17:24:35.706Z INFO  client] Sending sample transaction 325
[2022-07-23T17:24:35.755Z INFO  client] Sending sample transaction 326
[2022-07-23T17:24:35.806Z INFO  client] Sending sample transaction 327
[2022-07-23T17:24:35.855Z INFO  client] Sending sample transaction 328
[2022-07-23T17:24:35.905Z INFO  client] Sending sample transaction 329
[2022-07-23T17:24:35.956Z INFO  client] Sending sample transaction 330
[2022-07-23T17:24:36.005Z INFO  client] Sending sample transaction 331
[2022-07-23T17:24:36.056Z INFO  client] Sending sample transaction 332
[2022-07-23T17:24:36.106Z INFO  client] Sending sample transaction 333
[2022-07-23T17:24:36.156Z INFO  client] Sending sample transaction 334
[2022-07-23T17:24:36.206Z INFO  client] Sending sample transaction 335
[2022-07-23T17:24:36.256Z INFO  client] Sending sample transaction 336
[2022-07-23T17:24:36.306Z INFO  client] Sending sample transaction 337
[2022-07-23T17:24:36.386Z INFO  client] Sending sample transaction 338
[2022-07-23T17:24:36.419Z INFO  client] Sending sample transaction 339
[2022-07-23T17:24:36.463Z INFO  client] Sending sample transaction 340
[2022-07-23T17:24:36.505Z INFO  client] Sending sample transaction 341
[2022-07-23T17:24:36.555Z INFO  client] Sending sample transaction 342
[2022-07-23T17:24:36.608Z INFO  client] Sending sample transaction 343
[2022-07-23T17:24:36.656Z INFO  client] Sending sample transaction 344
[2022-07-23T17:24:36.706Z INFO  client] Sending sample transaction 345
[2022-07-23T17:24:36.756Z INFO  client] Sending sample transaction 346
[2022-07-23T17:24:36.805Z INFO  client] Sending sample transaction 347
[2022-07-23T17:24:36.855Z INFO  client] Sending sample transaction 348
[2022-07-23T17:24:36.905Z INFO  client] Sending sample transaction 349
[2022-07-23T17:24:36.956Z INFO  client] Sending sample transaction 350
[2022-07-23T17:24:37.005Z INFO  client] Sending sample transaction 351
[2022-07-23T17:24:37.056Z INFO  client] Sending sample transaction 352
[2022-07-23T17:24:37.107Z INFO  client] Sending sample transaction 353
[2022-07-23T17:24:37.156Z INFO  client] Sending sample transaction 354
[2022-07-23T17:24:37.205Z INFO  client] Sending sample transaction 355
[2022-07-23T17:24:37.257Z INFO  client] Sending sample transaction 356
[2022-07-23T17:24:37.306Z INFO  client] Sending sample transaction 357
[2022-07-23T17:24:37.358Z INFO  client] Sending sample transaction 358
[2022-07-23T17:24:37.407Z INFO  client] Sending sample transaction 359
[2022-07-23T17:24:37.456Z INFO  client] Sending sample transaction 360
[2022-07-23T17:24:37.506Z INFO  client] Sending sample transaction 361
[2022-07-23T17:24:37.555Z INFO  client] Sending sample transaction 362
[2022-07-23T17:24:37.607Z INFO  client] Sending sample transaction 363
[2022-07-23T17:24:37.663Z INFO  client] Sending sample transaction 364
[2022-07-23T17:24:37.712Z INFO  client] Sending sample transaction 365
[2022-07-23T17:24:37.756Z INFO  client] Sending sample transaction 366
[2022-07-23T17:24:37.806Z INFO  client] Sending sample transaction 367
[2022-07-23T17:24:37.856Z INFO  client] Sending sample transaction 368
[2022-07-23T17:24:37.946Z INFO  client] Sending sample transaction 369
[2022-07-23T17:24:37.981Z INFO  client] Sending sample transaction 370
[2022-07-23T17:24:38.027Z INFO  client] Sending sample transaction 371
[2022-07-23T17:24:38.056Z INFO  client] Sending sample transaction 372
[2022-07-23T17:24:38.106Z INFO  client] Sending sample transaction 373
[2022-07-23T17:24:38.156Z INFO  client] Sending sample transaction 374
[2022-07-23T17:24:38.206Z INFO  client] Sending sample transaction 375
[2022-07-23T17:24:38.257Z INFO  client] Sending sample transaction 376
[2022-07-23T17:24:38.305Z INFO  client] Sending sample transaction 377
[2022-07-23T17:24:38.355Z INFO  client] Sending sample transaction 378
[2022-07-23T17:24:38.406Z INFO  client] Sending sample transaction 379
[2022-07-23T17:24:38.456Z INFO  client] Sending sample transaction 380
[2022-07-23T17:24:38.505Z INFO  client] Sending sample transaction 381
[2022-07-23T17:24:38.556Z INFO  client] Sending sample transaction 382
[2022-07-23T17:24:38.606Z INFO  client] Sending sample transaction 383
[2022-07-23T17:24:38.655Z INFO  client] Sending sample transaction 384
[2022-07-23T17:24:38.706Z INFO  client] Sending sample transaction 385
[2022-07-23T17:24:38.755Z INFO  client] Sending sample transaction 386
[2022-07-23T17:24:38.806Z INFO  client] Sending sample transaction 387
[2022-07-23T17:24:38.856Z INFO  client] Sending sample transaction 388
[2022-07-23T17:24:38.906Z INFO  client] Sending sample transaction 389
[2022-07-23T17:24:38.955Z INFO  client] Sending sample transaction 390
[2022-07-23T17:24:39.018Z INFO  client] Sending sample transaction 391
[2022-07-23T17:24:39.055Z INFO  client] Sending sample transaction 392
[2022-07-23T17:24:39.111Z INFO  client] Sending sample transaction 393
[2022-07-23T17:24:39.157Z INFO  client] Sending sample transaction 394
[2022-07-23T17:24:39.206Z INFO  client] Sending sample transaction 395
[2022-07-23T17:24:39.256Z INFO  client] Sending sample transaction 396
[2022-07-23T17:24:39.306Z INFO  client] Sending sample transaction 397
[2022-07-23T17:24:39.355Z INFO  client] Sending sample transaction 398
[2022-07-23T17:24:39.407Z INFO  client] Sending sample transaction 399
[2022-07-23T17:24:39.455Z INFO  client] Sending sample transaction 400
[2022-07-23T17:24:39.506Z INFO  client] Sending sample transaction 401
[2022-07-23T17:24:39.556Z INFO  client] Sending sample transaction 402
[2022-07-23T17:24:39.605Z INFO  client] Sending sample transaction 403
[2022-07-23T17:24:39.656Z INFO  client] Sending sample transaction 404
[2022-07-23T17:24:39.706Z INFO  client] Sending sample transaction 405
[2022-07-23T17:24:39.755Z INFO  client] Sending sample transaction 406
[2022-07-23T17:24:39.806Z INFO  client] Sending sample transaction 407
[2022-07-23T17:24:39.856Z INFO  client] Sending sample transaction 408
[2022-07-23T17:24:39.906Z INFO  client] Sending sample transaction 409
[2022-07-23T17:24:39.956Z INFO  client] Sending sample transaction 410
[2022-07-23T17:24:40.006Z INFO  client] Sending sample transaction 411
[2022-07-23T17:24:40.055Z INFO  client] Sending sample transaction 412
[2022-07-23T17:24:40.107Z INFO  client] Sending sample transaction 413
[2022-07-23T17:24:40.156Z INFO  client] Sending sample transaction 414
[2022-07-23T17:24:40.206Z INFO  client] Sending sample transaction 415
[2022-07-23T17:24:40.256Z INFO  client] Sending sample transaction 416
[2022-07-23T17:24:40.306Z INFO  client] Sending sample transaction 417
[2022-07-23T17:24:40.356Z INFO  client] Sending sample transaction 418
[2022-07-23T17:24:40.406Z INFO  client] Sending sample transaction 419
[2022-07-23T17:24:40.455Z INFO  client] Sending sample transaction 420
[2022-07-23T17:24:40.506Z INFO  client] Sending sample transaction 421
[2022-07-23T17:24:40.557Z INFO  client] Sending sample transaction 422
[2022-07-23T17:24:40.605Z INFO  client] Sending sample transaction 423
[2022-07-23T17:24:40.656Z INFO  client] Sending sample transaction 424
[2022-07-23T17:24:40.708Z INFO  client] Sending sample transaction 425
[2022-07-23T17:24:40.760Z INFO  client] Sending sample transaction 426
[2022-07-23T17:24:40.807Z INFO  client] Sending sample transaction 427
[2022-07-23T17:24:40.866Z INFO  client] Sending sample transaction 428
[2022-07-23T17:24:40.914Z INFO  client] Sending sample transaction 429
[2022-07-23T17:24:40.971Z INFO  client] Sending sample transaction 430
[2022-07-23T17:24:41.008Z INFO  client] Sending sample transaction 431
[2022-07-23T17:24:41.065Z INFO  client] Sending sample transaction 432
