[2022-07-24T09:43:19.888Z INFO  client] Node address: 127.0.0.1:9014
[2022-07-24T09:43:19.889Z INFO  client] Transactions size: 512 B
[2022-07-24T09:43:19.889Z INFO  client] Transactions rate: 112 tx/s
[2022-07-24T09:43:19.889Z INFO  client] Waiting for all nodes to be online...
[2022-07-24T09:43:19.889Z INFO  client] Waiting for all nodes to be synchronized...
[2022-07-24T09:43:21.927Z INFO  client] Start sending transactions
[2022-07-24T09:43:21.929Z INFO  client] Sending sample transaction 0
[2022-07-24T09:43:22.047Z INFO  client] Sending sample transaction 1
[2022-07-24T09:43:22.071Z INFO  client] Sending sample transaction 2
[2022-07-24T09:43:22.102Z INFO  client] Sending sample transaction 3
[2022-07-24T09:43:22.148Z INFO  client] Sending sample transaction 4
[2022-07-24T09:43:22.213Z INFO  client] Sending sample transaction 5
[2022-07-24T09:43:22.285Z INFO  client] Sending sample transaction 6
[2022-07-24T09:43:22.376Z INFO  client] Sending sample transaction 7
[2022-07-24T09:43:22.435Z WARN  client] Transaction rate too high for this client
[2022-07-24T09:43:22.435Z INFO  client] Sending sample transaction 8
[2022-07-24T09:43:22.487Z INFO  client] Sending sample transaction 9
[2022-07-24T09:43:22.487Z WARN  client] Transaction rate too high for this client
[2022-07-24T09:43:22.487Z INFO  client] Sending sample transaction 10
[2022-07-24T09:43:22.536Z INFO  client] Sending sample transaction 11
[2022-07-24T09:43:22.537Z INFO  client] Sending sample transaction 12
[2022-07-24T09:43:22.630Z INFO  client] Sending sample transaction 13
[2022-07-24T09:43:22.703Z INFO  client] Sending sample transaction 14
[2022-07-24T09:43:22.703Z INFO  client] Sending sample transaction 15
[2022-07-24T09:43:22.756Z INFO  client] Sending sample transaction 16
[2022-07-24T09:43:22.787Z INFO  client] Sending sample transaction 17
[2022-07-24T09:43:22.842Z INFO  client] Sending sample transaction 18
[2022-07-24T09:43:22.882Z INFO  client] Sending sample transaction 19
[2022-07-24T09:43:22.928Z INFO  client] Sending sample transaction 20
[2022-07-24T09:43:22.978Z INFO  client] Sending sample transaction 21
[2022-07-24T09:43:23.043Z INFO  client] Sending sample transaction 22
[2022-07-24T09:43:23.080Z INFO  client] Sending sample transaction 23
[2022-07-24T09:43:23.128Z INFO  client] Sending sample transaction 24
[2022-07-24T09:43:23.181Z INFO  client] Sending sample transaction 25
[2022-07-24T09:43:23.228Z INFO  client] Sending sample transaction 26
[2022-07-24T09:43:23.280Z INFO  client] Sending sample transaction 27
[2022-07-24T09:43:23.331Z INFO  client] Sending sample transaction 28
[2022-07-24T09:43:23.379Z INFO  client] Sending sample transaction 29
[2022-07-24T09:43:23.428Z INFO  client] Sending sample transaction 30
[2022-07-24T09:43:23.480Z INFO  client] Sending sample transaction 31
[2022-07-24T09:43:23.550Z INFO  client] Sending sample transaction 32
[2022-07-24T09:43:23.583Z INFO  client] Sending sample transaction 33
[2022-07-24T09:43:23.629Z INFO  client] Sending sample transaction 34
[2022-07-24T09:43:23.679Z INFO  client] Sending sample transaction 35
[2022-07-24T09:43:23.733Z INFO  client] Sending sample transaction 36
[2022-07-24T09:43:23.779Z INFO  client] Sending sample transaction 37
[2022-07-24T09:43:23.839Z INFO  client] Sending sample transaction 38
[2022-07-24T09:43:23.879Z INFO  client] Sending sample transaction 39
[2022-07-24T09:43:23.928Z INFO  client] Sending sample transaction 40
[2022-07-24T09:43:24.008Z INFO  client] Sending sample transaction 41
[2022-07-24T09:43:24.047Z INFO  client] Sending sample transaction 42
[2022-07-24T09:43:24.078Z INFO  client] Sending sample transaction 43
[2022-07-24T09:43:24.130Z INFO  client] Sending sample transaction 44
[2022-07-24T09:43:24.180Z INFO  client] Sending sample transaction 45
[2022-07-24T09:43:24.229Z INFO  client] Sending sample transaction 46
[2022-07-24T09:43:24.279Z INFO  client] Sending sample transaction 47
[2022-07-24T09:43:24.329Z INFO  client] Sending sample transaction 48
[2022-07-24T09:43:24.379Z INFO  client] Sending sample transaction 49
[2022-07-24T09:43:24.429Z INFO  client] Sending sample transaction 50
[2022-07-24T09:43:24.478Z INFO  client] Sending sample transaction 51
[2022-07-24T09:43:24.528Z INFO  client] Sending sample transaction 52
[2022-07-24T09:43:24.579Z INFO  client] Sending sample transaction 53
[2022-07-24T09:43:24.628Z INFO  client] Sending sample transaction 54
[2022-07-24T09:43:24.678Z INFO  client] Sending sample transaction 55
[2022-07-24T09:43:24.728Z INFO  client] Sending sample transaction 56
[2022-07-24T09:43:24.779Z INFO  client] Sending sample transaction 57
[2022-07-24T09:43:24.828Z INFO  client] Sending sample transaction 58
[2022-07-24T09:43:24.897Z INFO  client] Sending sample transaction 59
[2022-07-24T09:43:24.931Z INFO  client] Sending sample transaction 60
[2022-07-24T09:43:24.978Z INFO  client] Sending sample transaction 61
[2022-07-24T09:43:25.028Z INFO  client] Sending sample transaction 62
[2022-07-24T09:43:25.078Z INFO  client] Sending sample transaction 63
[2022-07-24T09:43:25.128Z INFO  client] Sending sample transaction 64
[2022-07-24T09:43:25.178Z INFO  client] Sending sample transaction 65
[2022-07-24T09:43:25.228Z INFO  client] Sending sample transaction 66
[2022-07-24T09:43:25.278Z INFO  client] Sending sample transaction 67
[2022-07-24T09:43:25.328Z INFO  client] Sending sample transaction 68
[2022-07-24T09:43:25.378Z INFO  client] Sending sample transaction 69
[2022-07-24T09:43:25.429Z INFO  client] Sending sample transaction 70
[2022-07-24T09:43:25.479Z INFO  client] Sending sample transaction 71
[2022-07-24T09:43:25.528Z INFO  client] Sending sample transaction 72
[2022-07-24T09:43:25.579Z INFO  client] Sending sample transaction 73
[2022-07-24T09:43:25.629Z INFO  client] Sending sample transaction 74
[2022-07-24T09:43:25.678Z INFO  client] Sending sample transaction 75
[2022-07-24T09:43:25.728Z INFO  client] Sending sample transaction 76
[2022-07-24T09:43:25.778Z INFO  client] Sending sample transaction 77
[2022-07-24T09:43:25.829Z INFO  client] Sending sample transaction 78
[2022-07-24T09:43:25.878Z INFO  client] Sending sample transaction 79
[2022-07-24T09:43:25.929Z INFO  client] Sending sample transaction 80
[2022-07-24T09:43:25.978Z INFO  client] Sending sample transaction 81
[2022-07-24T09:43:26.028Z INFO  client] Sending sample transaction 82
[2022-07-24T09:43:26.078Z INFO  client] Sending sample transaction 83
[2022-07-24T09:43:26.128Z INFO  client] Sending sample transaction 84
[2022-07-24T09:43:26.179Z INFO  client] Sending sample transaction 85
[2022-07-24T09:43:26.234Z INFO  client] Sending sample transaction 86
[2022-07-24T09:43:26.279Z INFO  client] Sending sample transaction 87
[2022-07-24T09:43:26.329Z INFO  client] Sending sample transaction 88
[2022-07-24T09:43:26.378Z INFO  client] Sending sample transaction 89
[2022-07-24T09:43:26.428Z INFO  client] Sending sample transaction 90
[2022-07-24T09:43:26.479Z INFO  client] Sending sample transaction 91
[2022-07-24T09:43:26.528Z INFO  client] Sending sample transaction 92
[2022-07-24T09:43:26.579Z INFO  client] Sending sample transaction 93
[2022-07-24T09:43:26.629Z INFO  client] Sending sample transaction 94
[2022-07-24T09:43:26.678Z INFO  client] Sending sample transaction 95
[2022-07-24T09:43:26.729Z INFO  client] Sending sample transaction 96
[2022-07-24T09:43:26.779Z INFO  client] Sending sample transaction 97
[2022-07-24T09:43:26.829Z INFO  client] Sending sample transaction 98
[2022-07-24T09:43:26.879Z INFO  client] Sending sample transaction 99
[2022-07-24T09:43:26.928Z INFO  client] Sending sample transaction 100
[2022-07-24T09:43:26.981Z INFO  client] Sending sample transaction 101
[2022-07-24T09:43:27.029Z INFO  client] Sending sample transaction 102
[2022-07-24T09:43:27.079Z INFO  client] Sending sample transaction 103
[2022-07-24T09:43:27.132Z INFO  client] Sending sample transaction 104
[2022-07-24T09:43:27.178Z INFO  client] Sending sample transaction 105
[2022-07-24T09:43:27.229Z INFO  client] Sending sample transaction 106
[2022-07-24T09:43:27.281Z INFO  client] Sending sample transaction 107
[2022-07-24T09:43:27.328Z INFO  client] Sending sample transaction 108
[2022-07-24T09:43:27.380Z INFO  client] Sending sample transaction 109
[2022-07-24T09:43:27.429Z INFO  client] Sending sample transaction 110
[2022-07-24T09:43:27.479Z INFO  client] Sending sample transaction 111
[2022-07-24T09:43:27.529Z INFO  client] Sending sample transaction 112
[2022-07-24T09:43:27.578Z INFO  client] Sending sample transaction 113
[2022-07-24T09:43:27.628Z INFO  client] Sending sample transaction 114
[2022-07-24T09:43:27.678Z INFO  client] Sending sample transaction 115
[2022-07-24T09:43:27.729Z INFO  client] Sending sample transaction 116
[2022-07-24T09:43:27.778Z INFO  client] Sending sample transaction 117
[2022-07-24T09:43:27.828Z INFO  client] Sending sample transaction 118
[2022-07-24T09:43:27.878Z INFO  client] Sending sample transaction 119
[2022-07-24T09:43:27.928Z INFO  client] Sending sample transaction 120
[2022-07-24T09:43:27.978Z INFO  client] Sending sample transaction 121
[2022-07-24T09:43:28.028Z INFO  client] Sending sample transaction 122
[2022-07-24T09:43:28.078Z INFO  client] Sending sample transaction 123
[2022-07-24T09:43:28.129Z INFO  client] Sending sample transaction 124
[2022-07-24T09:43:28.178Z INFO  client] Sending sample transaction 125
[2022-07-24T09:43:28.228Z INFO  client] Sending sample transaction 126
[2022-07-24T09:43:28.278Z INFO  client] Sending sample transaction 127
[2022-07-24T09:43:28.328Z INFO  client] Sending sample transaction 128
[2022-07-24T09:43:28.378Z INFO  client] Sending sample transaction 129
[2022-07-24T09:43:28.430Z INFO  client] Sending sample transaction 130
[2022-07-24T09:43:28.478Z INFO  client] Sending sample transaction 131
[2022-07-24T09:43:28.529Z INFO  client] Sending sample transaction 132
[2022-07-24T09:43:28.578Z INFO  client] Sending sample transaction 133
[2022-07-24T09:43:28.629Z INFO  client] Sending sample transaction 134
[2022-07-24T09:43:28.678Z INFO  client] Sending sample transaction 135
[2022-07-24T09:43:28.728Z INFO  client] Sending sample transaction 136
[2022-07-24T09:43:28.778Z INFO  client] Sending sample transaction 137
[2022-07-24T09:43:28.829Z INFO  client] Sending sample transaction 138
[2022-07-24T09:43:28.879Z INFO  client] Sending sample transaction 139
[2022-07-24T09:43:28.930Z INFO  client] Sending sample transaction 140
[2022-07-24T09:43:28.987Z INFO  client] Sending sample transaction 141
[2022-07-24T09:43:29.029Z INFO  client] Sending sample transaction 142
[2022-07-24T09:43:29.084Z INFO  client] Sending sample transaction 143
[2022-07-24T09:43:29.130Z INFO  client] Sending sample transaction 144
[2022-07-24T09:43:29.178Z INFO  client] Sending sample transaction 145
[2022-07-24T09:43:29.229Z INFO  client] Sending sample transaction 146
[2022-07-24T09:43:29.278Z INFO  client] Sending sample transaction 147
[2022-07-24T09:43:29.329Z INFO  client] Sending sample transaction 148
[2022-07-24T09:43:29.378Z INFO  client] Sending sample transaction 149
[2022-07-24T09:43:29.428Z INFO  client] Sending sample transaction 150
[2022-07-24T09:43:29.479Z INFO  client] Sending sample transaction 151
[2022-07-24T09:43:29.528Z INFO  client] Sending sample transaction 152
[2022-07-24T09:43:29.578Z INFO  client] Sending sample transaction 153
[2022-07-24T09:43:29.628Z INFO  client] Sending sample transaction 154
[2022-07-24T09:43:29.679Z INFO  client] Sending sample transaction 155
[2022-07-24T09:43:29.728Z INFO  client] Sending sample transaction 156
[2022-07-24T09:43:29.778Z INFO  client] Sending sample transaction 157
[2022-07-24T09:43:29.828Z INFO  client] Sending sample transaction 158
[2022-07-24T09:43:29.879Z INFO  client] Sending sample transaction 159
[2022-07-24T09:43:29.929Z INFO  client] Sending sample transaction 160
[2022-07-24T09:43:29.978Z INFO  client] Sending sample transaction 161
[2022-07-24T09:43:30.028Z INFO  client] Sending sample transaction 162
[2022-07-24T09:43:30.082Z INFO  client] Sending sample transaction 163
[2022-07-24T09:43:30.130Z INFO  client] Sending sample transaction 164
[2022-07-24T09:43:30.179Z INFO  client] Sending sample transaction 165
[2022-07-24T09:43:30.228Z INFO  client] Sending sample transaction 166
[2022-07-24T09:43:30.279Z INFO  client] Sending sample transaction 167
[2022-07-24T09:43:30.328Z INFO  client] Sending sample transaction 168
[2022-07-24T09:43:30.378Z INFO  client] Sending sample transaction 169
[2022-07-24T09:43:30.429Z INFO  client] Sending sample transaction 170
[2022-07-24T09:43:30.478Z INFO  client] Sending sample transaction 171
[2022-07-24T09:43:30.528Z INFO  client] Sending sample transaction 172
[2022-07-24T09:43:30.579Z INFO  client] Sending sample transaction 173
[2022-07-24T09:43:30.628Z INFO  client] Sending sample transaction 174
[2022-07-24T09:43:30.678Z INFO  client] Sending sample transaction 175
[2022-07-24T09:43:30.728Z INFO  client] Sending sample transaction 176
[2022-07-24T09:43:30.778Z INFO  client] Sending sample transaction 177
[2022-07-24T09:43:30.829Z INFO  client] Sending sample transaction 178
[2022-07-24T09:43:30.878Z INFO  client] Sending sample transaction 179
[2022-07-24T09:43:30.928Z INFO  client] Sending sample transaction 180
[2022-07-24T09:43:30.979Z INFO  client] Sending sample transaction 181
[2022-07-24T09:43:31.028Z INFO  client] Sending sample transaction 182
[2022-07-24T09:43:31.078Z INFO  client] Sending sample transaction 183
[2022-07-24T09:43:31.131Z INFO  client] Sending sample transaction 184
[2022-07-24T09:43:31.179Z INFO  client] Sending sample transaction 185
[2022-07-24T09:43:31.228Z INFO  client] Sending sample transaction 186
[2022-07-24T09:43:31.279Z INFO  client] Sending sample transaction 187
[2022-07-24T09:43:31.328Z INFO  client] Sending sample transaction 188
[2022-07-24T09:43:31.390Z INFO  client] Sending sample transaction 189
[2022-07-24T09:43:31.429Z INFO  client] Sending sample transaction 190
[2022-07-24T09:43:31.478Z INFO  client] Sending sample transaction 191
[2022-07-24T09:43:31.529Z INFO  client] Sending sample transaction 192
[2022-07-24T09:43:31.579Z INFO  client] Sending sample transaction 193
[2022-07-24T09:43:31.628Z INFO  client] Sending sample transaction 194
[2022-07-24T09:43:31.678Z INFO  client] Sending sample transaction 195
[2022-07-24T09:43:31.728Z INFO  client] Sending sample transaction 196
[2022-07-24T09:43:31.779Z INFO  client] Sending sample transaction 197
[2022-07-24T09:43:31.829Z INFO  client] Sending sample transaction 198
[2022-07-24T09:43:31.879Z INFO  client] Sending sample transaction 199
[2022-07-24T09:43:31.928Z INFO  client] Sending sample transaction 200
[2022-07-24T09:43:31.978Z INFO  client] Sending sample transaction 201
[2022-07-24T09:43:32.029Z INFO  client] Sending sample transaction 202
[2022-07-24T09:43:32.079Z INFO  client] Sending sample transaction 203
[2022-07-24T09:43:32.128Z INFO  client] Sending sample transaction 204
[2022-07-24T09:43:32.178Z INFO  client] Sending sample transaction 205
[2022-07-24T09:43:32.232Z INFO  client] Sending sample transaction 206
[2022-07-24T09:43:32.278Z INFO  client] Sending sample transaction 207
[2022-07-24T09:43:32.329Z INFO  client] Sending sample transaction 208
[2022-07-24T09:43:32.379Z INFO  client] Sending sample transaction 209
[2022-07-24T09:43:32.428Z INFO  client] Sending sample transaction 210
[2022-07-24T09:43:32.478Z INFO  client] Sending sample transaction 211
[2022-07-24T09:43:32.528Z INFO  client] Sending sample transaction 212
[2022-07-24T09:43:32.579Z INFO  client] Sending sample transaction 213
[2022-07-24T09:43:32.629Z INFO  client] Sending sample transaction 214
[2022-07-24T09:43:32.678Z INFO  client] Sending sample transaction 215
[2022-07-24T09:43:32.728Z INFO  client] Sending sample transaction 216
[2022-07-24T09:43:32.779Z INFO  client] Sending sample transaction 217
[2022-07-24T09:43:32.829Z INFO  client] Sending sample transaction 218
[2022-07-24T09:43:32.878Z INFO  client] Sending sample transaction 219
[2022-07-24T09:43:32.928Z INFO  client] Sending sample transaction 220
[2022-07-24T09:43:32.978Z INFO  client] Sending sample transaction 221
[2022-07-24T09:43:33.029Z INFO  client] Sending sample transaction 222
[2022-07-24T09:43:33.078Z INFO  client] Sending sample transaction 223
[2022-07-24T09:43:33.129Z INFO  client] Sending sample transaction 224
[2022-07-24T09:43:33.179Z INFO  client] Sending sample transaction 225
[2022-07-24T09:43:33.228Z INFO  client] Sending sample transaction 226
[2022-07-24T09:43:33.296Z INFO  client] Sending sample transaction 227
[2022-07-24T09:43:33.328Z INFO  client] Sending sample transaction 228
[2022-07-24T09:43:33.378Z INFO  client] Sending sample transaction 229
[2022-07-24T09:43:33.428Z INFO  client] Sending sample transaction 230
[2022-07-24T09:43:33.478Z INFO  client] Sending sample transaction 231
[2022-07-24T09:43:33.529Z INFO  client] Sending sample transaction 232
[2022-07-24T09:43:33.578Z INFO  client] Sending sample transaction 233
[2022-07-24T09:43:33.629Z INFO  client] Sending sample transaction 234
[2022-07-24T09:43:33.678Z INFO  client] Sending sample transaction 235
[2022-07-24T09:43:33.728Z INFO  client] Sending sample transaction 236
[2022-07-24T09:43:33.778Z INFO  client] Sending sample transaction 237
[2022-07-24T09:43:33.828Z INFO  client] Sending sample transaction 238
[2022-07-24T09:43:33.881Z INFO  client] Sending sample transaction 239
[2022-07-24T09:43:33.927Z INFO  client] Sending sample transaction 240
[2022-07-24T09:43:33.978Z INFO  client] Sending sample transaction 241
[2022-07-24T09:43:34.028Z INFO  client] Sending sample transaction 242
[2022-07-24T09:43:34.078Z INFO  client] Sending sample transaction 243
[2022-07-24T09:43:34.128Z INFO  client] Sending sample transaction 244
[2022-07-24T09:43:34.178Z INFO  client] Sending sample transaction 245
[2022-07-24T09:43:34.229Z INFO  client] Sending sample transaction 246
[2022-07-24T09:43:34.278Z INFO  client] Sending sample transaction 247
[2022-07-24T09:43:34.329Z INFO  client] Sending sample transaction 248
[2022-07-24T09:43:34.379Z INFO  client] Sending sample transaction 249
[2022-07-24T09:43:34.438Z INFO  client] Sending sample transaction 250
[2022-07-24T09:43:34.479Z INFO  client] Sending sample transaction 251
[2022-07-24T09:43:34.529Z INFO  client] Sending sample transaction 252
[2022-07-24T09:43:34.579Z INFO  client] Sending sample transaction 253
[2022-07-24T09:43:34.629Z INFO  client] Sending sample transaction 254
[2022-07-24T09:43:34.678Z INFO  client] Sending sample transaction 255
[2022-07-24T09:43:34.729Z INFO  client] Sending sample transaction 256
[2022-07-24T09:43:34.779Z INFO  client] Sending sample transaction 257
[2022-07-24T09:43:34.828Z INFO  client] Sending sample transaction 258
[2022-07-24T09:43:34.879Z INFO  client] Sending sample transaction 259
[2022-07-24T09:43:34.928Z INFO  client] Sending sample transaction 260
[2022-07-24T09:43:34.978Z INFO  client] Sending sample transaction 261
[2022-07-24T09:43:35.029Z INFO  client] Sending sample transaction 262
[2022-07-24T09:43:35.078Z INFO  client] Sending sample transaction 263
[2022-07-24T09:43:35.128Z INFO  client] Sending sample transaction 264
[2022-07-24T09:43:35.178Z INFO  client] Sending sample transaction 265
[2022-07-24T09:43:35.229Z INFO  client] Sending sample transaction 266
[2022-07-24T09:43:35.278Z INFO  client] Sending sample transaction 267
[2022-07-24T09:43:35.329Z INFO  client] Sending sample transaction 268
[2022-07-24T09:43:35.380Z INFO  client] Sending sample transaction 269
[2022-07-24T09:43:35.428Z INFO  client] Sending sample transaction 270
[2022-07-24T09:43:35.479Z INFO  client] Sending sample transaction 271
[2022-07-24T09:43:35.528Z INFO  client] Sending sample transaction 272
[2022-07-24T09:43:35.578Z INFO  client] Sending sample transaction 273
[2022-07-24T09:43:35.628Z INFO  client] Sending sample transaction 274
[2022-07-24T09:43:35.678Z INFO  client] Sending sample transaction 275
[2022-07-24T09:43:35.728Z INFO  client] Sending sample transaction 276
[2022-07-24T09:43:35.779Z INFO  client] Sending sample transaction 277
[2022-07-24T09:43:35.828Z INFO  client] Sending sample transaction 278
[2022-07-24T09:43:35.878Z INFO  client] Sending sample transaction 279
[2022-07-24T09:43:35.928Z INFO  client] Sending sample transaction 280
[2022-07-24T09:43:35.979Z INFO  client] Sending sample transaction 281
[2022-07-24T09:43:36.028Z INFO  client] Sending sample transaction 282
[2022-07-24T09:43:36.078Z INFO  client] Sending sample transaction 283
[2022-07-24T09:43:36.128Z INFO  client] Sending sample transaction 284
[2022-07-24T09:43:36.179Z INFO  client] Sending sample transaction 285
[2022-07-24T09:43:36.228Z INFO  client] Sending sample transaction 286
[2022-07-24T09:43:36.278Z INFO  client] Sending sample transaction 287
[2022-07-24T09:43:36.328Z INFO  client] Sending sample transaction 288
[2022-07-24T09:43:36.379Z INFO  client] Sending sample transaction 289
[2022-07-24T09:43:36.428Z INFO  client] Sending sample transaction 290
[2022-07-24T09:43:36.479Z INFO  client] Sending sample transaction 291
[2022-07-24T09:43:36.528Z INFO  client] Sending sample transaction 292
[2022-07-24T09:43:36.579Z INFO  client] Sending sample transaction 293
[2022-07-24T09:43:36.628Z INFO  client] Sending sample transaction 294
[2022-07-24T09:43:36.678Z INFO  client] Sending sample transaction 295
[2022-07-24T09:43:36.728Z INFO  client] Sending sample transaction 296
[2022-07-24T09:43:36.778Z INFO  client] Sending sample transaction 297
[2022-07-24T09:43:36.829Z INFO  client] Sending sample transaction 298
[2022-07-24T09:43:36.880Z INFO  client] Sending sample transaction 299
[2022-07-24T09:43:36.929Z INFO  client] Sending sample transaction 300
[2022-07-24T09:43:36.978Z INFO  client] Sending sample transaction 301
[2022-07-24T09:43:37.028Z INFO  client] Sending sample transaction 302
[2022-07-24T09:43:37.078Z INFO  client] Sending sample transaction 303
[2022-07-24T09:43:37.129Z INFO  client] Sending sample transaction 304
[2022-07-24T09:43:37.178Z INFO  client] Sending sample transaction 305
[2022-07-24T09:43:37.228Z INFO  client] Sending sample transaction 306
[2022-07-24T09:43:37.279Z INFO  client] Sending sample transaction 307
[2022-07-24T09:43:37.331Z INFO  client] Sending sample transaction 308
[2022-07-24T09:43:37.379Z INFO  client] Sending sample transaction 309
[2022-07-24T09:43:37.435Z INFO  client] Sending sample transaction 310
[2022-07-24T09:43:37.482Z INFO  client] Sending sample transaction 311
[2022-07-24T09:43:37.529Z INFO  client] Sending sample transaction 312
[2022-07-24T09:43:37.578Z INFO  client] Sending sample transaction 313
[2022-07-24T09:43:37.628Z INFO  client] Sending sample transaction 314
[2022-07-24T09:43:37.678Z INFO  client] Sending sample transaction 315
[2022-07-24T09:43:37.729Z INFO  client] Sending sample transaction 316
[2022-07-24T09:43:37.778Z INFO  client] Sending sample transaction 317
[2022-07-24T09:43:37.828Z INFO  client] Sending sample transaction 318
[2022-07-24T09:43:37.878Z INFO  client] Sending sample transaction 319
[2022-07-24T09:43:37.928Z INFO  client] Sending sample transaction 320
[2022-07-24T09:43:37.978Z INFO  client] Sending sample transaction 321
[2022-07-24T09:43:38.028Z INFO  client] Sending sample transaction 322
[2022-07-24T09:43:38.078Z INFO  client] Sending sample transaction 323
[2022-07-24T09:43:38.129Z INFO  client] Sending sample transaction 324
[2022-07-24T09:43:38.179Z INFO  client] Sending sample transaction 325
[2022-07-24T09:43:38.228Z INFO  client] Sending sample transaction 326
[2022-07-24T09:43:38.278Z INFO  client] Sending sample transaction 327
[2022-07-24T09:43:38.328Z INFO  client] Sending sample transaction 328
[2022-07-24T09:43:38.378Z INFO  client] Sending sample transaction 329
[2022-07-24T09:43:38.428Z INFO  client] Sending sample transaction 330
[2022-07-24T09:43:38.478Z INFO  client] Sending sample transaction 331
[2022-07-24T09:43:38.528Z INFO  client] Sending sample transaction 332
[2022-07-24T09:43:38.578Z INFO  client] Sending sample transaction 333
[2022-07-24T09:43:38.628Z INFO  client] Sending sample transaction 334
[2022-07-24T09:43:38.678Z INFO  client] Sending sample transaction 335
[2022-07-24T09:43:38.729Z INFO  client] Sending sample transaction 336
[2022-07-24T09:43:38.778Z INFO  client] Sending sample transaction 337
[2022-07-24T09:43:38.829Z INFO  client] Sending sample transaction 338
[2022-07-24T09:43:38.879Z INFO  client] Sending sample transaction 339
[2022-07-24T09:43:38.928Z INFO  client] Sending sample transaction 340
[2022-07-24T09:43:38.978Z INFO  client] Sending sample transaction 341
[2022-07-24T09:43:39.029Z INFO  client] Sending sample transaction 342
[2022-07-24T09:43:39.078Z INFO  client] Sending sample transaction 343
[2022-07-24T09:43:39.129Z INFO  client] Sending sample transaction 344
[2022-07-24T09:43:39.179Z INFO  client] Sending sample transaction 345
[2022-07-24T09:43:39.232Z INFO  client] Sending sample transaction 346
[2022-07-24T09:43:39.278Z INFO  client] Sending sample transaction 347
[2022-07-24T09:43:39.328Z INFO  client] Sending sample transaction 348
[2022-07-24T09:43:39.379Z INFO  client] Sending sample transaction 349
[2022-07-24T09:43:39.428Z INFO  client] Sending sample transaction 350
[2022-07-24T09:43:39.478Z INFO  client] Sending sample transaction 351
[2022-07-24T09:43:39.531Z INFO  client] Sending sample transaction 352
[2022-07-24T09:43:39.578Z INFO  client] Sending sample transaction 353
[2022-07-24T09:43:39.628Z INFO  client] Sending sample transaction 354
[2022-07-24T09:43:39.678Z INFO  client] Sending sample transaction 355
[2022-07-24T09:43:39.728Z INFO  client] Sending sample transaction 356
[2022-07-24T09:43:39.779Z INFO  client] Sending sample transaction 357
[2022-07-24T09:43:39.829Z INFO  client] Sending sample transaction 358
[2022-07-24T09:43:39.878Z INFO  client] Sending sample transaction 359
[2022-07-24T09:43:39.928Z INFO  client] Sending sample transaction 360
[2022-07-24T09:43:39.978Z INFO  client] Sending sample transaction 361
[2022-07-24T09:43:40.028Z INFO  client] Sending sample transaction 362
[2022-07-24T09:43:40.079Z INFO  client] Sending sample transaction 363
[2022-07-24T09:43:40.129Z INFO  client] Sending sample transaction 364
[2022-07-24T09:43:40.189Z INFO  client] Sending sample transaction 365
[2022-07-24T09:43:40.228Z INFO  client] Sending sample transaction 366
[2022-07-24T09:43:40.279Z INFO  client] Sending sample transaction 367
[2022-07-24T09:43:40.328Z INFO  client] Sending sample transaction 368
[2022-07-24T09:43:40.378Z INFO  client] Sending sample transaction 369
[2022-07-24T09:43:40.428Z INFO  client] Sending sample transaction 370
[2022-07-24T09:43:40.478Z INFO  client] Sending sample transaction 371
[2022-07-24T09:43:40.528Z INFO  client] Sending sample transaction 372
[2022-07-24T09:43:40.626Z INFO  client] Sending sample transaction 373
[2022-07-24T09:43:40.632Z INFO  client] Sending sample transaction 374
[2022-07-24T09:43:40.678Z INFO  client] Sending sample transaction 375
[2022-07-24T09:43:40.728Z INFO  client] Sending sample transaction 376
[2022-07-24T09:43:40.778Z INFO  client] Sending sample transaction 377
[2022-07-24T09:43:40.828Z INFO  client] Sending sample transaction 378
[2022-07-24T09:43:40.879Z INFO  client] Sending sample transaction 379
[2022-07-24T09:43:40.929Z INFO  client] Sending sample transaction 380
[2022-07-24T09:43:40.979Z INFO  client] Sending sample transaction 381
[2022-07-24T09:43:41.029Z INFO  client] Sending sample transaction 382
[2022-07-24T09:43:41.079Z INFO  client] Sending sample transaction 383
[2022-07-24T09:43:41.128Z INFO  client] Sending sample transaction 384
[2022-07-24T09:43:41.179Z INFO  client] Sending sample transaction 385
[2022-07-24T09:43:41.229Z INFO  client] Sending sample transaction 386
[2022-07-24T09:43:41.278Z INFO  client] Sending sample transaction 387
[2022-07-24T09:43:41.328Z INFO  client] Sending sample transaction 388
[2022-07-24T09:43:41.378Z INFO  client] Sending sample transaction 389
[2022-07-24T09:43:41.429Z INFO  client] Sending sample transaction 390
[2022-07-24T09:43:41.478Z INFO  client] Sending sample transaction 391
[2022-07-24T09:43:41.528Z INFO  client] Sending sample transaction 392
[2022-07-24T09:43:41.578Z INFO  client] Sending sample transaction 393
[2022-07-24T09:43:41.628Z INFO  client] Sending sample transaction 394
[2022-07-24T09:43:41.678Z INFO  client] Sending sample transaction 395
[2022-07-24T09:43:41.728Z INFO  client] Sending sample transaction 396
[2022-07-24T09:43:41.779Z INFO  client] Sending sample transaction 397
[2022-07-24T09:43:41.829Z INFO  client] Sending sample transaction 398
[2022-07-24T09:43:41.878Z INFO  client] Sending sample transaction 399
[2022-07-24T09:43:41.928Z INFO  client] Sending sample transaction 400
[2022-07-24T09:43:41.979Z INFO  client] Sending sample transaction 401
[2022-07-24T09:43:42.029Z INFO  client] Sending sample transaction 402
[2022-07-24T09:43:42.078Z INFO  client] Sending sample transaction 403
[2022-07-24T09:43:42.129Z INFO  client] Sending sample transaction 404
[2022-07-24T09:43:42.178Z INFO  client] Sending sample transaction 405
[2022-07-24T09:43:42.228Z INFO  client] Sending sample transaction 406
[2022-07-24T09:43:42.278Z INFO  client] Sending sample transaction 407
[2022-07-24T09:43:42.328Z INFO  client] Sending sample transaction 408
[2022-07-24T09:43:42.378Z INFO  client] Sending sample transaction 409
[2022-07-24T09:43:42.428Z INFO  client] Sending sample transaction 410
[2022-07-24T09:43:42.478Z INFO  client] Sending sample transaction 411
[2022-07-24T09:43:42.529Z INFO  client] Sending sample transaction 412
[2022-07-24T09:43:42.578Z INFO  client] Sending sample transaction 413
[2022-07-24T09:43:42.634Z INFO  client] Sending sample transaction 414
[2022-07-24T09:43:42.683Z INFO  client] Sending sample transaction 415
[2022-07-24T09:43:42.729Z INFO  client] Sending sample transaction 416
[2022-07-24T09:43:42.779Z INFO  client] Sending sample transaction 417
[2022-07-24T09:43:42.829Z INFO  client] Sending sample transaction 418
[2022-07-24T09:43:42.880Z INFO  client] Sending sample transaction 419
[2022-07-24T09:43:42.928Z INFO  client] Sending sample transaction 420
[2022-07-24T09:43:42.978Z INFO  client] Sending sample transaction 421
[2022-07-24T09:43:43.029Z INFO  client] Sending sample transaction 422
[2022-07-24T09:43:43.078Z INFO  client] Sending sample transaction 423
[2022-07-24T09:43:43.128Z INFO  client] Sending sample transaction 424
[2022-07-24T09:43:43.178Z INFO  client] Sending sample transaction 425
[2022-07-24T09:43:43.229Z INFO  client] Sending sample transaction 426
[2022-07-24T09:43:43.280Z INFO  client] Sending sample transaction 427
[2022-07-24T09:43:43.328Z INFO  client] Sending sample transaction 428
[2022-07-24T09:43:43.378Z INFO  client] Sending sample transaction 429
[2022-07-24T09:43:43.428Z INFO  client] Sending sample transaction 430
[2022-07-24T09:43:43.478Z INFO  client] Sending sample transaction 431
[2022-07-24T09:43:43.528Z INFO  client] Sending sample transaction 432
[2022-07-24T09:43:43.579Z INFO  client] Sending sample transaction 433
[2022-07-24T09:43:43.629Z INFO  client] Sending sample transaction 434
[2022-07-24T09:43:43.682Z INFO  client] Sending sample transaction 435
[2022-07-24T09:43:43.769Z INFO  client] Sending sample transaction 436
[2022-07-24T09:43:43.789Z INFO  client] Sending sample transaction 437
[2022-07-24T09:43:43.829Z INFO  client] Sending sample transaction 438
[2022-07-24T09:43:43.908Z INFO  client] Sending sample transaction 439
[2022-07-24T09:43:43.930Z INFO  client] Sending sample transaction 440
[2022-07-24T09:43:43.980Z INFO  client] Sending sample transaction 441
[2022-07-24T09:43:44.030Z INFO  client] Sending sample transaction 442
[2022-07-24T09:43:44.078Z INFO  client] Sending sample transaction 443
[2022-07-24T09:43:44.130Z INFO  client] Sending sample transaction 444
[2022-07-24T09:43:44.178Z INFO  client] Sending sample transaction 445
[2022-07-24T09:43:44.233Z INFO  client] Sending sample transaction 446
