[2022-07-23T15:55:18.835Z INFO  client] Node address: 127.0.0.1:9010
[2022-07-23T15:55:18.835Z INFO  client] Transactions size: 512 B
[2022-07-23T15:55:18.835Z INFO  client] Transactions rate: 112 tx/s
[2022-07-23T15:55:18.835Z INFO  client] Waiting for all nodes to be online...
[2022-07-23T15:55:18.835Z INFO  client] Waiting for all nodes to be synchronized...
[2022-07-23T15:55:20.983Z INFO  client] Start sending transactions
[2022-07-23T15:55:21.017Z INFO  client] Sending sample transaction 0
[2022-07-23T15:55:21.049Z INFO  client] Sending sample transaction 1
[2022-07-23T15:55:21.104Z INFO  client] Sending sample transaction 2
[2022-07-23T15:55:21.144Z INFO  client] Sending sample transaction 3
[2022-07-23T15:55:21.192Z INFO  client] Sending sample transaction 4
[2022-07-23T15:55:21.255Z INFO  client] Sending sample transaction 5
[2022-07-23T15:55:21.322Z WARN  client] Transaction rate too high for this client
[2022-07-23T15:55:21.322Z INFO  client] Sending sample transaction 6
[2022-07-23T15:55:21.393Z WARN  client] Transaction rate too high for this client
[2022-07-23T15:55:21.394Z INFO  client] Sending sample transaction 7
[2022-07-23T15:55:21.443Z INFO  client] Sending sample transaction 8
[2022-07-23T15:55:21.474Z INFO  client] Sending sample transaction 9
[2022-07-23T15:55:21.496Z INFO  client] Sending sample transaction 10
[2022-07-23T15:55:21.548Z INFO  client] Sending sample transaction 11
[2022-07-23T15:55:21.596Z INFO  client] Sending sample transaction 12
[2022-07-23T15:55:21.679Z INFO  client] Sending sample transaction 13
[2022-07-23T15:55:21.700Z INFO  client] Sending sample transaction 14
[2022-07-23T15:55:21.736Z INFO  client] Sending sample transaction 15
[2022-07-23T15:55:21.786Z INFO  client] Sending sample transaction 16
[2022-07-23T15:55:21.835Z INFO  client] Sending sample transaction 17
[2022-07-23T15:55:21.885Z INFO  client] Sending sample transaction 18
[2022-07-23T15:55:21.935Z INFO  client] Sending sample transaction 19
[2022-07-23T15:55:21.985Z INFO  client] Sending sample transaction 20
[2022-07-23T15:55:22.035Z INFO  client] Sending sample transaction 21
[2022-07-23T15:55:22.086Z INFO  client] Sending sample transaction 22
[2022-07-23T15:55:22.135Z INFO  client] Sending sample transaction 23
[2022-07-23T15:55:22.184Z INFO  client] Sending sample transaction 24
[2022-07-23T15:55:22.234Z INFO  client] Sending sample transaction 25
[2022-07-23T15:55:22.285Z INFO  client] Sending sample transaction 26
[2022-07-23T15:55:22.335Z INFO  client] Sending sample transaction 27
[2022-07-23T15:55:22.385Z INFO  client] Sending sample transaction 28
[2022-07-23T15:55:22.436Z INFO  client] Sending sample transaction 29
[2022-07-23T15:55:22.484Z INFO  client] Sending sample transaction 30
[2022-07-23T15:55:22.535Z INFO  client] Sending sample transaction 31
[2022-07-23T15:55:22.586Z INFO  client] Sending sample transaction 32
[2022-07-23T15:55:22.646Z INFO  client] Sending sample transaction 33
[2022-07-23T15:55:22.686Z INFO  client] Sending sample transaction 34
[2022-07-23T15:55:22.734Z INFO  client] Sending sample transaction 35
[2022-07-23T15:55:22.787Z INFO  client] Sending sample transaction 36
[2022-07-23T15:55:22.835Z INFO  client] Sending sample transaction 37
[2022-07-23T15:55:22.885Z INFO  client] Sending sample transaction 38
[2022-07-23T15:55:22.934Z INFO  client] Sending sample transaction 39
[2022-07-23T15:55:23.012Z INFO  client] Sending sample transaction 40
[2022-07-23T15:55:23.069Z INFO  client] Sending sample transaction 41
[2022-07-23T15:55:23.090Z INFO  client] Sending sample transaction 42
[2022-07-23T15:55:23.172Z INFO  client] Sending sample transaction 43
[2022-07-23T15:55:23.185Z INFO  client] Sending sample transaction 44
[2022-07-23T15:55:23.236Z INFO  client] Sending sample transaction 45
[2022-07-23T15:55:23.284Z INFO  client] Sending sample transaction 46
[2022-07-23T15:55:23.334Z INFO  client] Sending sample transaction 47
[2022-07-23T15:55:23.387Z INFO  client] Sending sample transaction 48
[2022-07-23T15:55:23.435Z INFO  client] Sending sample transaction 49
[2022-07-23T15:55:23.484Z INFO  client] Sending sample transaction 50
[2022-07-23T15:55:23.535Z INFO  client] Sending sample transaction 51
[2022-07-23T15:55:23.619Z INFO  client] Sending sample transaction 52
[2022-07-23T15:55:23.681Z INFO  client] Sending sample transaction 53
[2022-07-23T15:55:23.692Z INFO  client] Sending sample transaction 54
[2022-07-23T15:55:23.771Z INFO  client] Sending sample transaction 55
[2022-07-23T15:55:23.796Z INFO  client] Sending sample transaction 56
[2022-07-23T15:55:23.841Z INFO  client] Sending sample transaction 57
[2022-07-23T15:55:23.887Z INFO  client] Sending sample transaction 58
[2022-07-23T15:55:23.935Z INFO  client] Sending sample transaction 59
[2022-07-23T15:55:23.986Z INFO  client] Sending sample transaction 60
[2022-07-23T15:55:24.034Z INFO  client] Sending sample transaction 61
[2022-07-23T15:55:24.084Z INFO  client] Sending sample transaction 62
[2022-07-23T15:55:24.138Z INFO  client] Sending sample transaction 63
[2022-07-23T15:55:24.189Z INFO  client] Sending sample transaction 64
[2022-07-23T15:55:24.235Z INFO  client] Sending sample transaction 65
[2022-07-23T15:55:24.288Z INFO  client] Sending sample transaction 66
[2022-07-23T15:55:24.336Z INFO  client] Sending sample transaction 67
[2022-07-23T15:55:24.389Z INFO  client] Sending sample transaction 68
[2022-07-23T15:55:24.439Z INFO  client] Sending sample transaction 69
[2022-07-23T15:55:24.485Z INFO  client] Sending sample transaction 70
[2022-07-23T15:55:24.535Z INFO  client] Sending sample transaction 71
[2022-07-23T15:55:24.585Z INFO  client] Sending sample transaction 72
[2022-07-23T15:55:24.635Z INFO  client] Sending sample transaction 73
[2022-07-23T15:55:24.685Z INFO  client] Sending sample transaction 74
[2022-07-23T15:55:24.775Z INFO  client] Sending sample transaction 75
[2022-07-23T15:55:24.814Z INFO  client] Sending sample transaction 76
[2022-07-23T15:55:24.839Z INFO  client] Sending sample transaction 77
[2022-07-23T15:55:24.885Z INFO  client] Sending sample transaction 78
[2022-07-23T15:55:24.934Z INFO  client] Sending sample transaction 79
[2022-07-23T15:55:24.985Z INFO  client] Sending sample transaction 80
[2022-07-23T15:55:25.035Z INFO  client] Sending sample transaction 81
[2022-07-23T15:55:25.084Z INFO  client] Sending sample transaction 82
[2022-07-23T15:55:25.135Z INFO  client] Sending sample transaction 83
[2022-07-23T15:55:25.185Z INFO  client] Sending sample transaction 84
[2022-07-23T15:55:25.234Z INFO  client] Sending sample transaction 85
[2022-07-23T15:55:25.286Z INFO  client] Sending sample transaction 86
[2022-07-23T15:55:25.335Z INFO  client] Sending sample transaction 87
[2022-07-23T15:55:25.384Z INFO  client] Sending sample transaction 88
[2022-07-23T15:55:25.435Z INFO  client] Sending sample transaction 89
[2022-07-23T15:55:25.485Z INFO  client] Sending sample transaction 90
[2022-07-23T15:55:25.535Z INFO  client] Sending sample transaction 91
[2022-07-23T15:55:25.584Z INFO  client] Sending sample transaction 92
[2022-07-23T15:55:25.665Z INFO  client] Sending sample transaction 93
[2022-07-23T15:55:25.686Z INFO  client] Sending sample transaction 94
[2022-07-23T15:55:25.734Z INFO  client] Sending sample transaction 95
[2022-07-23T15:55:25.784Z INFO  client] Sending sample transaction 96
[2022-07-23T15:55:25.835Z INFO  client] Sending sample transaction 97
[2022-07-23T15:55:25.885Z INFO  client] Sending sample transaction 98
[2022-07-23T15:55:25.934Z INFO  client] Sending sample transaction 99
[2022-07-23T15:55:25.989Z INFO  client] Sending sample transaction 100
[2022-07-23T15:55:26.043Z INFO  client] Sending sample transaction 101
[2022-07-23T15:55:26.085Z INFO  client] Sending sample transaction 102
[2022-07-23T15:55:26.135Z INFO  client] Sending sample transaction 103
[2022-07-23T15:55:26.184Z INFO  client] Sending sample transaction 104
[2022-07-23T15:55:26.234Z INFO  client] Sending sample transaction 105
[2022-07-23T15:55:26.285Z INFO  client] Sending sample transaction 106
[2022-07-23T15:55:26.334Z INFO  client] Sending sample transaction 107
[2022-07-23T15:55:26.384Z INFO  client] Sending sample transaction 108
[2022-07-23T15:55:26.434Z INFO  client] Sending sample transaction 109
[2022-07-23T15:55:26.485Z INFO  client] Sending sample transaction 110
[2022-07-23T15:55:26.534Z INFO  client] Sending sample transaction 111
[2022-07-23T15:55:26.585Z INFO  client] Sending sample transaction 112
[2022-07-23T15:55:26.639Z INFO  client] Sending sample transaction 113
[2022-07-23T15:55:26.684Z INFO  client] Sending sample transaction 114
[2022-07-23T15:55:26.735Z INFO  client] Sending sample transaction 115
[2022-07-23T15:55:26.785Z INFO  client] Sending sample transaction 116
[2022-07-23T15:55:26.835Z INFO  client] Sending sample transaction 117
[2022-07-23T15:55:26.884Z INFO  client] Sending sample transaction 118
[2022-07-23T15:55:26.934Z INFO  client] Sending sample transaction 119
[2022-07-23T15:55:26.984Z INFO  client] Sending sample transaction 120
[2022-07-23T15:55:27.034Z INFO  client] Sending sample transaction 121
[2022-07-23T15:55:27.084Z INFO  client] Sending sample transaction 122
[2022-07-23T15:55:27.134Z INFO  client] Sending sample transaction 123
[2022-07-23T15:55:27.186Z INFO  client] Sending sample transaction 124
[2022-07-23T15:55:27.234Z INFO  client] Sending sample transaction 125
[2022-07-23T15:55:27.284Z INFO  client] Sending sample transaction 126
[2022-07-23T15:55:27.334Z INFO  client] Sending sample transaction 127
[2022-07-23T15:55:27.384Z INFO  client] Sending sample transaction 128
[2022-07-23T15:55:27.434Z INFO  client] Sending sample transaction 129
[2022-07-23T15:55:27.484Z INFO  client] Sending sample transaction 130
[2022-07-23T15:55:27.534Z INFO  client] Sending sample transaction 131
[2022-07-23T15:55:27.584Z INFO  client] Sending sample transaction 132
[2022-07-23T15:55:27.635Z INFO  client] Sending sample transaction 133
[2022-07-23T15:55:27.684Z INFO  client] Sending sample transaction 134
[2022-07-23T15:55:27.734Z INFO  client] Sending sample transaction 135
[2022-07-23T15:55:27.785Z INFO  client] Sending sample transaction 136
[2022-07-23T15:55:27.834Z INFO  client] Sending sample transaction 137
[2022-07-23T15:55:27.885Z INFO  client] Sending sample transaction 138
[2022-07-23T15:55:27.935Z INFO  client] Sending sample transaction 139
[2022-07-23T15:55:27.985Z INFO  client] Sending sample transaction 140
[2022-07-23T15:55:28.108Z INFO  client] Sending sample transaction 141
[2022-07-23T15:55:28.108Z INFO  client] Sending sample transaction 142
[2022-07-23T15:55:28.153Z INFO  client] Sending sample transaction 143
[2022-07-23T15:55:28.194Z INFO  client] Sending sample transaction 144
[2022-07-23T15:55:28.258Z INFO  client] Sending sample transaction 145
[2022-07-23T15:55:28.284Z INFO  client] Sending sample transaction 146
[2022-07-23T15:55:28.335Z INFO  client] Sending sample transaction 147
[2022-07-23T15:55:28.384Z INFO  client] Sending sample transaction 148
[2022-07-23T15:55:28.435Z INFO  client] Sending sample transaction 149
[2022-07-23T15:55:28.484Z INFO  client] Sending sample transaction 150
[2022-07-23T15:55:28.535Z INFO  client] Sending sample transaction 151
[2022-07-23T15:55:28.585Z INFO  client] Sending sample transaction 152
[2022-07-23T15:55:28.634Z INFO  client] Sending sample transaction 153
[2022-07-23T15:55:28.686Z INFO  client] Sending sample transaction 154
[2022-07-23T15:55:28.734Z INFO  client] Sending sample transaction 155
[2022-07-23T15:55:28.784Z INFO  client] Sending sample transaction 156
[2022-07-23T15:55:28.862Z INFO  client] Sending sample transaction 157
[2022-07-23T15:55:28.885Z INFO  client] Sending sample transaction 158
[2022-07-23T15:55:28.934Z INFO  client] Sending sample transaction 159
[2022-07-23T15:55:28.984Z INFO  client] Sending sample transaction 160
[2022-07-23T15:55:29.035Z INFO  client] Sending sample transaction 161
[2022-07-23T15:55:29.086Z INFO  client] Sending sample transaction 162
[2022-07-23T15:55:29.135Z INFO  client] Sending sample transaction 163
[2022-07-23T15:55:29.184Z INFO  client] Sending sample transaction 164
[2022-07-23T15:55:29.235Z INFO  client] Sending sample transaction 165
[2022-07-23T15:55:29.284Z INFO  client] Sending sample transaction 166
[2022-07-23T15:55:29.335Z INFO  client] Sending sample transaction 167
[2022-07-23T15:55:29.384Z INFO  client] Sending sample transaction 168
[2022-07-23T15:55:29.435Z INFO  client] Sending sample transaction 169
[2022-07-23T15:55:29.485Z INFO  client] Sending sample transaction 170
[2022-07-23T15:55:29.535Z INFO  client] Sending sample transaction 171
[2022-07-23T15:55:29.585Z INFO  client] Sending sample transaction 172
[2022-07-23T15:55:29.635Z INFO  client] Sending sample transaction 173
[2022-07-23T15:55:29.685Z INFO  client] Sending sample transaction 174
[2022-07-23T15:55:29.734Z INFO  client] Sending sample transaction 175
[2022-07-23T15:55:29.784Z INFO  client] Sending sample transaction 176
[2022-07-23T15:55:29.835Z INFO  client] Sending sample transaction 177
[2022-07-23T15:55:29.885Z INFO  client] Sending sample transaction 178
[2022-07-23T15:55:29.935Z INFO  client] Sending sample transaction 179
[2022-07-23T15:55:29.984Z INFO  client] Sending sample transaction 180
[2022-07-23T15:55:30.034Z INFO  client] Sending sample transaction 181
[2022-07-23T15:55:30.084Z INFO  client] Sending sample transaction 182
[2022-07-23T15:55:30.135Z INFO  client] Sending sample transaction 183
[2022-07-23T15:55:30.185Z INFO  client] Sending sample transaction 184
[2022-07-23T15:55:30.235Z INFO  client] Sending sample transaction 185
[2022-07-23T15:55:30.284Z INFO  client] Sending sample transaction 186
[2022-07-23T15:55:30.355Z INFO  client] Sending sample transaction 187
[2022-07-23T15:55:30.398Z INFO  client] Sending sample transaction 188
[2022-07-23T15:55:30.440Z INFO  client] Sending sample transaction 189
[2022-07-23T15:55:30.484Z INFO  client] Sending sample transaction 190
[2022-07-23T15:55:30.535Z INFO  client] Sending sample transaction 191
[2022-07-23T15:55:30.584Z INFO  client] Sending sample transaction 192
[2022-07-23T15:55:30.635Z INFO  client] Sending sample transaction 193
[2022-07-23T15:55:30.685Z INFO  client] Sending sample transaction 194
[2022-07-23T15:55:30.747Z INFO  client] Sending sample transaction 195
[2022-07-23T15:55:30.789Z INFO  client] Sending sample transaction 196
[2022-07-23T15:55:30.835Z INFO  client] Sending sample transaction 197
[2022-07-23T15:55:30.885Z INFO  client] Sending sample transaction 198
[2022-07-23T15:55:30.935Z INFO  client] Sending sample transaction 199
[2022-07-23T15:55:30.984Z INFO  client] Sending sample transaction 200
[2022-07-23T15:55:31.034Z INFO  client] Sending sample transaction 201
[2022-07-23T15:55:31.085Z INFO  client] Sending sample transaction 202
[2022-07-23T15:55:31.134Z INFO  client] Sending sample transaction 203
[2022-07-23T15:55:31.185Z INFO  client] Sending sample transaction 204
[2022-07-23T15:55:31.234Z INFO  client] Sending sample transaction 205
[2022-07-23T15:55:31.284Z INFO  client] Sending sample transaction 206
[2022-07-23T15:55:31.334Z INFO  client] Sending sample transaction 207
[2022-07-23T15:55:31.384Z INFO  client] Sending sample transaction 208
[2022-07-23T15:55:31.435Z INFO  client] Sending sample transaction 209
[2022-07-23T15:55:31.497Z INFO  client] Sending sample transaction 210
[2022-07-23T15:55:31.535Z INFO  client] Sending sample transaction 211
[2022-07-23T15:55:31.585Z INFO  client] Sending sample transaction 212
[2022-07-23T15:55:31.634Z INFO  client] Sending sample transaction 213
[2022-07-23T15:55:31.685Z INFO  client] Sending sample transaction 214
[2022-07-23T15:55:31.734Z INFO  client] Sending sample transaction 215
[2022-07-23T15:55:31.784Z INFO  client] Sending sample transaction 216
[2022-07-23T15:55:31.834Z INFO  client] Sending sample transaction 217
[2022-07-23T15:55:31.884Z INFO  client] Sending sample transaction 218
[2022-07-23T15:55:31.935Z INFO  client] Sending sample transaction 219
[2022-07-23T15:55:31.984Z INFO  client] Sending sample transaction 220
[2022-07-23T15:55:32.034Z INFO  client] Sending sample transaction 221
[2022-07-23T15:55:32.085Z INFO  client] Sending sample transaction 222
[2022-07-23T15:55:32.134Z INFO  client] Sending sample transaction 223
[2022-07-23T15:55:32.185Z INFO  client] Sending sample transaction 224
[2022-07-23T15:55:32.235Z INFO  client] Sending sample transaction 225
[2022-07-23T15:55:32.284Z INFO  client] Sending sample transaction 226
[2022-07-23T15:55:32.334Z INFO  client] Sending sample transaction 227
[2022-07-23T15:55:32.385Z INFO  client] Sending sample transaction 228
[2022-07-23T15:55:32.435Z INFO  client] Sending sample transaction 229
[2022-07-23T15:55:32.486Z INFO  client] Sending sample transaction 230
[2022-07-23T15:55:32.537Z INFO  client] Sending sample transaction 231
[2022-07-23T15:55:32.598Z INFO  client] Sending sample transaction 232
[2022-07-23T15:55:32.741Z INFO  client] Sending sample transaction 233
[2022-07-23T15:55:32.741Z INFO  client] Sending sample transaction 234
[2022-07-23T15:55:32.742Z INFO  client] Sending sample transaction 235
[2022-07-23T15:55:32.825Z INFO  client] Sending sample transaction 236
[2022-07-23T15:55:32.839Z INFO  client] Sending sample transaction 237
[2022-07-23T15:55:32.887Z INFO  client] Sending sample transaction 238
[2022-07-23T15:55:32.935Z INFO  client] Sending sample transaction 239
[2022-07-23T15:55:32.990Z INFO  client] Sending sample transaction 240
[2022-07-23T15:55:33.034Z INFO  client] Sending sample transaction 241
[2022-07-23T15:55:33.085Z INFO  client] Sending sample transaction 242
[2022-07-23T15:55:33.135Z INFO  client] Sending sample transaction 243
[2022-07-23T15:55:33.185Z INFO  client] Sending sample transaction 244
[2022-07-23T15:55:33.234Z INFO  client] Sending sample transaction 245
[2022-07-23T15:55:33.285Z INFO  client] Sending sample transaction 246
[2022-07-23T15:55:33.356Z INFO  client] Sending sample transaction 247
[2022-07-23T15:55:33.400Z INFO  client] Sending sample transaction 248
[2022-07-23T15:55:33.434Z INFO  client] Sending sample transaction 249
[2022-07-23T15:55:33.485Z INFO  client] Sending sample transaction 250
[2022-07-23T15:55:33.535Z INFO  client] Sending sample transaction 251
[2022-07-23T15:55:33.585Z INFO  client] Sending sample transaction 252
[2022-07-23T15:55:33.635Z INFO  client] Sending sample transaction 253
[2022-07-23T15:55:33.685Z INFO  client] Sending sample transaction 254
[2022-07-23T15:55:33.735Z INFO  client] Sending sample transaction 255
[2022-07-23T15:55:33.784Z INFO  client] Sending sample transaction 256
[2022-07-23T15:55:33.834Z INFO  client] Sending sample transaction 257
[2022-07-23T15:55:33.884Z INFO  client] Sending sample transaction 258
[2022-07-23T15:55:33.934Z INFO  client] Sending sample transaction 259
[2022-07-23T15:55:33.985Z INFO  client] Sending sample transaction 260
[2022-07-23T15:55:34.034Z INFO  client] Sending sample transaction 261
[2022-07-23T15:55:34.085Z INFO  client] Sending sample transaction 262
[2022-07-23T15:55:34.135Z INFO  client] Sending sample transaction 263
[2022-07-23T15:55:34.229Z INFO  client] Sending sample transaction 264
[2022-07-23T15:55:34.234Z INFO  client] Sending sample transaction 265
[2022-07-23T15:55:34.284Z INFO  client] Sending sample transaction 266
[2022-07-23T15:55:34.335Z INFO  client] Sending sample transaction 267
[2022-07-23T15:55:34.384Z INFO  client] Sending sample transaction 268
[2022-07-23T15:55:34.435Z INFO  client] Sending sample transaction 269
[2022-07-23T15:55:34.486Z INFO  client] Sending sample transaction 270
[2022-07-23T15:55:34.535Z INFO  client] Sending sample transaction 271
[2022-07-23T15:55:34.584Z INFO  client] Sending sample transaction 272
[2022-07-23T15:55:34.634Z INFO  client] Sending sample transaction 273
[2022-07-23T15:55:34.685Z INFO  client] Sending sample transaction 274
[2022-07-23T15:55:34.734Z INFO  client] Sending sample transaction 275
[2022-07-23T15:55:34.785Z INFO  client] Sending sample transaction 276
[2022-07-23T15:55:34.834Z INFO  client] Sending sample transaction 277
[2022-07-23T15:55:34.884Z INFO  client] Sending sample transaction 278
[2022-07-23T15:55:34.944Z INFO  client] Sending sample transaction 279
[2022-07-23T15:55:34.988Z INFO  client] Sending sample transaction 280
[2022-07-23T15:55:35.035Z INFO  client] Sending sample transaction 281
[2022-07-23T15:55:35.084Z INFO  client] Sending sample transaction 282
[2022-07-23T15:55:35.134Z INFO  client] Sending sample transaction 283
[2022-07-23T15:55:35.184Z INFO  client] Sending sample transaction 284
[2022-07-23T15:55:35.235Z INFO  client] Sending sample transaction 285
[2022-07-23T15:55:35.284Z INFO  client] Sending sample transaction 286
[2022-07-23T15:55:35.334Z INFO  client] Sending sample transaction 287
[2022-07-23T15:55:35.385Z INFO  client] Sending sample transaction 288
[2022-07-23T15:55:35.434Z INFO  client] Sending sample transaction 289
[2022-07-23T15:55:35.484Z INFO  client] Sending sample transaction 290
[2022-07-23T15:55:35.535Z INFO  client] Sending sample transaction 291
[2022-07-23T15:55:35.584Z INFO  client] Sending sample transaction 292
[2022-07-23T15:55:35.634Z INFO  client] Sending sample transaction 293
[2022-07-23T15:55:35.684Z INFO  client] Sending sample transaction 294
[2022-07-23T15:55:35.764Z INFO  client] Sending sample transaction 295
[2022-07-23T15:55:35.784Z INFO  client] Sending sample transaction 296
[2022-07-23T15:55:35.836Z INFO  client] Sending sample transaction 297
[2022-07-23T15:55:35.885Z INFO  client] Sending sample transaction 298
[2022-07-23T15:55:35.935Z INFO  client] Sending sample transaction 299
[2022-07-23T15:55:35.984Z INFO  client] Sending sample transaction 300
[2022-07-23T15:55:36.034Z INFO  client] Sending sample transaction 301
[2022-07-23T15:55:36.084Z INFO  client] Sending sample transaction 302
[2022-07-23T15:55:36.135Z INFO  client] Sending sample transaction 303
[2022-07-23T15:55:36.185Z INFO  client] Sending sample transaction 304
[2022-07-23T15:55:36.234Z INFO  client] Sending sample transaction 305
[2022-07-23T15:55:36.284Z INFO  client] Sending sample transaction 306
[2022-07-23T15:55:36.337Z INFO  client] Sending sample transaction 307
[2022-07-23T15:55:36.385Z INFO  client] Sending sample transaction 308
[2022-07-23T15:55:36.434Z INFO  client] Sending sample transaction 309
[2022-07-23T15:55:36.485Z INFO  client] Sending sample transaction 310
[2022-07-23T15:55:36.566Z INFO  client] Sending sample transaction 311
[2022-07-23T15:55:36.585Z INFO  client] Sending sample transaction 312
[2022-07-23T15:55:36.635Z INFO  client] Sending sample transaction 313
[2022-07-23T15:55:36.685Z INFO  client] Sending sample transaction 314
[2022-07-23T15:55:36.735Z INFO  client] Sending sample transaction 315
[2022-07-23T15:55:36.784Z INFO  client] Sending sample transaction 316
[2022-07-23T15:55:36.835Z INFO  client] Sending sample transaction 317
[2022-07-23T15:55:36.885Z INFO  client] Sending sample transaction 318
[2022-07-23T15:55:36.935Z INFO  client] Sending sample transaction 319
[2022-07-23T15:55:36.984Z INFO  client] Sending sample transaction 320
[2022-07-23T15:55:37.050Z INFO  client] Sending sample transaction 321
[2022-07-23T15:55:37.094Z INFO  client] Sending sample transaction 322
[2022-07-23T15:55:37.134Z INFO  client] Sending sample transaction 323
[2022-07-23T15:55:37.184Z INFO  client] Sending sample transaction 324
[2022-07-23T15:55:37.234Z INFO  client] Sending sample transaction 325
[2022-07-23T15:55:37.285Z INFO  client] Sending sample transaction 326
[2022-07-23T15:55:37.334Z INFO  client] Sending sample transaction 327
[2022-07-23T15:55:37.384Z INFO  client] Sending sample transaction 328
[2022-07-23T15:55:37.434Z INFO  client] Sending sample transaction 329
[2022-07-23T15:55:37.485Z INFO  client] Sending sample transaction 330
[2022-07-23T15:55:37.539Z INFO  client] Sending sample transaction 331
[2022-07-23T15:55:37.584Z INFO  client] Sending sample transaction 332
[2022-07-23T15:55:37.634Z INFO  client] Sending sample transaction 333
[2022-07-23T15:55:37.684Z INFO  client] Sending sample transaction 334
[2022-07-23T15:55:37.734Z INFO  client] Sending sample transaction 335
[2022-07-23T15:55:37.784Z INFO  client] Sending sample transaction 336
[2022-07-23T15:55:37.834Z INFO  client] Sending sample transaction 337
[2022-07-23T15:55:37.886Z INFO  client] Sending sample transaction 338
[2022-07-23T15:55:37.934Z INFO  client] Sending sample transaction 339
[2022-07-23T15:55:37.987Z INFO  client] Sending sample transaction 340
[2022-07-23T15:55:38.034Z INFO  client] Sending sample transaction 341
[2022-07-23T15:55:38.084Z INFO  client] Sending sample transaction 342
[2022-07-23T15:55:38.134Z INFO  client] Sending sample transaction 343
[2022-07-23T15:55:38.185Z INFO  client] Sending sample transaction 344
[2022-07-23T15:55:38.234Z INFO  client] Sending sample transaction 345
[2022-07-23T15:55:38.284Z INFO  client] Sending sample transaction 346
[2022-07-23T15:55:38.334Z INFO  client] Sending sample transaction 347
[2022-07-23T15:55:38.389Z INFO  client] Sending sample transaction 348
[2022-07-23T15:55:38.446Z INFO  client] Sending sample transaction 349
[2022-07-23T15:55:38.484Z INFO  client] Sending sample transaction 350
[2022-07-23T15:55:38.535Z INFO  client] Sending sample transaction 351
[2022-07-23T15:55:38.585Z INFO  client] Sending sample transaction 352
[2022-07-23T15:55:38.634Z INFO  client] Sending sample transaction 353
[2022-07-23T15:55:38.685Z INFO  client] Sending sample transaction 354
[2022-07-23T15:55:38.735Z INFO  client] Sending sample transaction 355
[2022-07-23T15:55:38.784Z INFO  client] Sending sample transaction 356
[2022-07-23T15:55:38.834Z INFO  client] Sending sample transaction 357
[2022-07-23T15:55:38.885Z INFO  client] Sending sample transaction 358
[2022-07-23T15:55:38.934Z INFO  client] Sending sample transaction 359
[2022-07-23T15:55:38.984Z INFO  client] Sending sample transaction 360
[2022-07-23T15:55:39.035Z INFO  client] Sending sample transaction 361
[2022-07-23T15:55:39.084Z INFO  client] Sending sample transaction 362
[2022-07-23T15:55:39.147Z INFO  client] Sending sample transaction 363
[2022-07-23T15:55:39.184Z INFO  client] Sending sample transaction 364
[2022-07-23T15:55:39.234Z INFO  client] Sending sample transaction 365
[2022-07-23T15:55:39.284Z INFO  client] Sending sample transaction 366
[2022-07-23T15:55:39.334Z INFO  client] Sending sample transaction 367
[2022-07-23T15:55:39.411Z INFO  client] Sending sample transaction 368
[2022-07-23T15:55:39.447Z INFO  client] Sending sample transaction 369
[2022-07-23T15:55:39.485Z INFO  client] Sending sample transaction 370
[2022-07-23T15:55:39.534Z INFO  client] Sending sample transaction 371
[2022-07-23T15:55:39.584Z INFO  client] Sending sample transaction 372
[2022-07-23T15:55:39.634Z INFO  client] Sending sample transaction 373
[2022-07-23T15:55:39.699Z INFO  client] Sending sample transaction 374
[2022-07-23T15:55:39.745Z INFO  client] Sending sample transaction 375
[2022-07-23T15:55:39.784Z INFO  client] Sending sample transaction 376
[2022-07-23T15:55:39.834Z INFO  client] Sending sample transaction 377
[2022-07-23T15:55:39.885Z INFO  client] Sending sample transaction 378
[2022-07-23T15:55:39.934Z INFO  client] Sending sample transaction 379
[2022-07-23T15:55:39.984Z INFO  client] Sending sample transaction 380
[2022-07-23T15:55:40.035Z INFO  client] Sending sample transaction 381
[2022-07-23T15:55:40.085Z INFO  client] Sending sample transaction 382
[2022-07-23T15:55:40.135Z INFO  client] Sending sample transaction 383
[2022-07-23T15:55:40.228Z INFO  client] Sending sample transaction 384
[2022-07-23T15:55:40.235Z INFO  client] Sending sample transaction 385
[2022-07-23T15:55:40.285Z INFO  client] Sending sample transaction 386
[2022-07-23T15:55:40.335Z INFO  client] Sending sample transaction 387
[2022-07-23T15:55:40.385Z INFO  client] Sending sample transaction 388
[2022-07-23T15:55:40.435Z INFO  client] Sending sample transaction 389
[2022-07-23T15:55:40.485Z INFO  client] Sending sample transaction 390
[2022-07-23T15:55:40.534Z INFO  client] Sending sample transaction 391
[2022-07-23T15:55:40.585Z INFO  client] Sending sample transaction 392
[2022-07-23T15:55:40.673Z INFO  client] Sending sample transaction 393
[2022-07-23T15:55:40.702Z INFO  client] Sending sample transaction 394
[2022-07-23T15:55:40.734Z INFO  client] Sending sample transaction 395
[2022-07-23T15:55:40.785Z INFO  client] Sending sample transaction 396
[2022-07-23T15:55:40.835Z INFO  client] Sending sample transaction 397
[2022-07-23T15:55:40.885Z INFO  client] Sending sample transaction 398
[2022-07-23T15:55:40.934Z INFO  client] Sending sample transaction 399
[2022-07-23T15:55:40.984Z INFO  client] Sending sample transaction 400
[2022-07-23T15:55:41.035Z INFO  client] Sending sample transaction 401
[2022-07-23T15:55:41.087Z INFO  client] Sending sample transaction 402
[2022-07-23T15:55:41.134Z INFO  client] Sending sample transaction 403
[2022-07-23T15:55:41.185Z INFO  client] Sending sample transaction 404
[2022-07-23T15:55:41.302Z INFO  client] Sending sample transaction 405
[2022-07-23T15:55:41.328Z INFO  client] Sending sample transaction 406
[2022-07-23T15:55:41.342Z INFO  client] Sending sample transaction 407
[2022-07-23T15:55:41.417Z INFO  client] Sending sample transaction 408
[2022-07-23T15:55:41.438Z INFO  client] Sending sample transaction 409
[2022-07-23T15:55:41.484Z INFO  client] Sending sample transaction 410
[2022-07-23T15:55:41.534Z INFO  client] Sending sample transaction 411
[2022-07-23T15:55:41.585Z INFO  client] Sending sample transaction 412
[2022-07-23T15:55:41.635Z INFO  client] Sending sample transaction 413
[2022-07-23T15:55:41.685Z INFO  client] Sending sample transaction 414
[2022-07-23T15:55:41.734Z INFO  client] Sending sample transaction 415
[2022-07-23T15:55:41.784Z INFO  client] Sending sample transaction 416
[2022-07-23T15:55:41.834Z INFO  client] Sending sample transaction 417
[2022-07-23T15:55:41.884Z INFO  client] Sending sample transaction 418
[2022-07-23T15:55:41.935Z INFO  client] Sending sample transaction 419
[2022-07-23T15:55:42.021Z INFO  client] Sending sample transaction 420
[2022-07-23T15:55:42.035Z INFO  client] Sending sample transaction 421
[2022-07-23T15:55:42.084Z INFO  client] Sending sample transaction 422
[2022-07-23T15:55:42.134Z INFO  client] Sending sample transaction 423
[2022-07-23T15:55:42.185Z INFO  client] Sending sample transaction 424
[2022-07-23T15:55:42.235Z INFO  client] Sending sample transaction 425
[2022-07-23T15:55:42.284Z INFO  client] Sending sample transaction 426
[2022-07-23T15:55:42.334Z INFO  client] Sending sample transaction 427
[2022-07-23T15:55:42.386Z INFO  client] Sending sample transaction 428
[2022-07-23T15:55:42.435Z INFO  client] Sending sample transaction 429
[2022-07-23T15:55:42.485Z INFO  client] Sending sample transaction 430
[2022-07-23T15:55:42.534Z INFO  client] Sending sample transaction 431
[2022-07-23T15:55:42.586Z INFO  client] Sending sample transaction 432
[2022-07-23T15:55:42.635Z INFO  client] Sending sample transaction 433
[2022-07-23T15:55:42.686Z INFO  client] Sending sample transaction 434
[2022-07-23T15:55:42.735Z INFO  client] Sending sample transaction 435
[2022-07-23T15:55:42.786Z INFO  client] Sending sample transaction 436
[2022-07-23T15:55:42.835Z INFO  client] Sending sample transaction 437
[2022-07-23T15:55:42.885Z INFO  client] Sending sample transaction 438
[2022-07-23T15:55:42.941Z INFO  client] Sending sample transaction 439
[2022-07-23T15:55:42.985Z INFO  client] Sending sample transaction 440
[2022-07-23T15:55:43.034Z INFO  client] Sending sample transaction 441
[2022-07-23T15:55:43.085Z INFO  client] Sending sample transaction 442
