[2022-07-24T10:17:16.026Z INFO  client] Node address: 127.0.0.1:9012
[2022-07-24T10:17:16.026Z INFO  client] Transactions size: 512 B
[2022-07-24T10:17:16.027Z INFO  client] Transactions rate: 112 tx/s
[2022-07-24T10:17:16.027Z INFO  client] Waiting for all nodes to be online...
[2022-07-24T10:17:16.027Z INFO  client] Waiting for all nodes to be synchronized...
[2022-07-24T10:17:18.048Z INFO  client] Start sending transactions
[2022-07-24T10:17:18.049Z INFO  client] Sending sample transaction 0
[2022-07-24T10:17:18.100Z INFO  client] Sending sample transaction 1
[2022-07-24T10:17:18.151Z INFO  client] Sending sample transaction 2
[2022-07-24T10:17:18.242Z INFO  client] Sending sample transaction 3
[2022-07-24T10:17:18.296Z INFO  client] Sending sample transaction 4
[2022-07-24T10:17:18.312Z INFO  client] Sending sample transaction 5
[2022-07-24T10:17:18.474Z INFO  client] Sending sample transaction 6
[2022-07-24T10:17:18.522Z WARN  client] Transaction rate too high for this client
[2022-07-24T10:17:18.576Z INFO  client] Sending sample transaction 7
[2022-07-24T10:17:18.618Z WARN  client] Transaction rate too high for this client
[2022-07-24T10:17:18.637Z INFO  client] Sending sample transaction 8
[2022-07-24T10:17:18.683Z WARN  client] Transaction rate too high for this client
[2022-07-24T10:17:18.727Z INFO  client] Sending sample transaction 9
[2022-07-24T10:17:18.727Z INFO  client] Sending sample transaction 10
[2022-07-24T10:17:18.742Z INFO  client] Sending sample transaction 11
[2022-07-24T10:17:18.757Z INFO  client] Sending sample transaction 12
[2022-07-24T10:17:18.820Z INFO  client] Sending sample transaction 13
[2022-07-24T10:17:18.842Z INFO  client] Sending sample transaction 14
[2022-07-24T10:17:18.879Z INFO  client] Sending sample transaction 15
[2022-07-24T10:17:18.912Z INFO  client] Sending sample transaction 16
[2022-07-24T10:17:18.915Z INFO  client] Sending sample transaction 17
[2022-07-24T10:17:18.957Z INFO  client] Sending sample transaction 18
[2022-07-24T10:17:19.013Z INFO  client] Sending sample transaction 19
[2022-07-24T10:17:19.055Z INFO  client] Sending sample transaction 20
[2022-07-24T10:17:19.140Z INFO  client] Sending sample transaction 21
[2022-07-24T10:17:19.200Z INFO  client] Sending sample transaction 22
[2022-07-24T10:17:19.218Z INFO  client] Sending sample transaction 23
[2022-07-24T10:17:19.251Z INFO  client] Sending sample transaction 24
[2022-07-24T10:17:19.309Z INFO  client] Sending sample transaction 25
[2022-07-24T10:17:19.362Z WARN  client] Transaction rate too high for this client
[2022-07-24T10:17:19.363Z INFO  client] Sending sample transaction 26
[2022-07-24T10:17:19.426Z INFO  client] Sending sample transaction 27
[2022-07-24T10:17:19.457Z INFO  client] Sending sample transaction 28
[2022-07-24T10:17:19.514Z INFO  client] Sending sample transaction 29
[2022-07-24T10:17:19.550Z INFO  client] Sending sample transaction 30
[2022-07-24T10:17:19.613Z INFO  client] Sending sample transaction 31
[2022-07-24T10:17:19.664Z INFO  client] Sending sample transaction 32
[2022-07-24T10:17:19.705Z INFO  client] Sending sample transaction 33
[2022-07-24T10:17:19.808Z INFO  client] Sending sample transaction 34
[2022-07-24T10:17:19.809Z INFO  client] Sending sample transaction 35
[2022-07-24T10:17:19.882Z INFO  client] Sending sample transaction 36
[2022-07-24T10:17:19.918Z INFO  client] Sending sample transaction 37
[2022-07-24T10:17:19.995Z INFO  client] Sending sample transaction 38
[2022-07-24T10:17:20.033Z INFO  client] Sending sample transaction 39
[2022-07-24T10:17:20.075Z INFO  client] Sending sample transaction 40
[2022-07-24T10:17:20.104Z INFO  client] Sending sample transaction 41
[2022-07-24T10:17:20.162Z INFO  client] Sending sample transaction 42
[2022-07-24T10:17:20.200Z INFO  client] Sending sample transaction 43
[2022-07-24T10:17:20.251Z INFO  client] Sending sample transaction 44
[2022-07-24T10:17:20.301Z INFO  client] Sending sample transaction 45
[2022-07-24T10:17:20.358Z INFO  client] Sending sample transaction 46
[2022-07-24T10:17:20.405Z INFO  client] Sending sample transaction 47
[2022-07-24T10:17:20.455Z INFO  client] Sending sample transaction 48
[2022-07-24T10:17:20.503Z INFO  client] Sending sample transaction 49
[2022-07-24T10:17:20.550Z INFO  client] Sending sample transaction 50
[2022-07-24T10:17:20.604Z INFO  client] Sending sample transaction 51
[2022-07-24T10:17:20.651Z INFO  client] Sending sample transaction 52
[2022-07-24T10:17:20.700Z INFO  client] Sending sample transaction 53
[2022-07-24T10:17:20.751Z INFO  client] Sending sample transaction 54
[2022-07-24T10:17:20.800Z INFO  client] Sending sample transaction 55
[2022-07-24T10:17:20.849Z INFO  client] Sending sample transaction 56
[2022-07-24T10:17:20.900Z INFO  client] Sending sample transaction 57
[2022-07-24T10:17:20.951Z INFO  client] Sending sample transaction 58
[2022-07-24T10:17:21.001Z INFO  client] Sending sample transaction 59
[2022-07-24T10:17:21.106Z INFO  client] Sending sample transaction 60
[2022-07-24T10:17:21.145Z INFO  client] Sending sample transaction 61
[2022-07-24T10:17:21.151Z INFO  client] Sending sample transaction 62
[2022-07-24T10:17:21.200Z INFO  client] Sending sample transaction 63
[2022-07-24T10:17:21.250Z INFO  client] Sending sample transaction 64
[2022-07-24T10:17:21.299Z INFO  client] Sending sample transaction 65
[2022-07-24T10:17:21.350Z INFO  client] Sending sample transaction 66
[2022-07-24T10:17:21.400Z INFO  client] Sending sample transaction 67
[2022-07-24T10:17:21.450Z INFO  client] Sending sample transaction 68
[2022-07-24T10:17:21.500Z INFO  client] Sending sample transaction 69
[2022-07-24T10:17:21.555Z INFO  client] Sending sample transaction 70
[2022-07-24T10:17:21.600Z INFO  client] Sending sample transaction 71
[2022-07-24T10:17:21.651Z INFO  client] Sending sample transaction 72
[2022-07-24T10:17:21.701Z INFO  client] Sending sample transaction 73
[2022-07-24T10:17:21.751Z INFO  client] Sending sample transaction 74
[2022-07-24T10:17:21.800Z INFO  client] Sending sample transaction 75
[2022-07-24T10:17:21.850Z INFO  client] Sending sample transaction 76
[2022-07-24T10:17:21.901Z INFO  client] Sending sample transaction 77
[2022-07-24T10:17:21.956Z INFO  client] Sending sample transaction 78
[2022-07-24T10:17:22.001Z INFO  client] Sending sample transaction 79
[2022-07-24T10:17:22.051Z INFO  client] Sending sample transaction 80
[2022-07-24T10:17:22.100Z INFO  client] Sending sample transaction 81
[2022-07-24T10:17:22.163Z INFO  client] Sending sample transaction 82
[2022-07-24T10:17:22.205Z INFO  client] Sending sample transaction 83
[2022-07-24T10:17:22.250Z INFO  client] Sending sample transaction 84
[2022-07-24T10:17:22.301Z INFO  client] Sending sample transaction 85
[2022-07-24T10:17:22.350Z INFO  client] Sending sample transaction 86
[2022-07-24T10:17:22.402Z INFO  client] Sending sample transaction 87
[2022-07-24T10:17:22.451Z INFO  client] Sending sample transaction 88
[2022-07-24T10:17:22.501Z INFO  client] Sending sample transaction 89
[2022-07-24T10:17:22.550Z INFO  client] Sending sample transaction 90
[2022-07-24T10:17:22.601Z INFO  client] Sending sample transaction 91
[2022-07-24T10:17:22.650Z INFO  client] Sending sample transaction 92
[2022-07-24T10:17:22.700Z INFO  client] Sending sample transaction 93
[2022-07-24T10:17:22.750Z INFO  client] Sending sample transaction 94
[2022-07-24T10:17:22.800Z INFO  client] Sending sample transaction 95
[2022-07-24T10:17:22.884Z INFO  client] Sending sample transaction 96
[2022-07-24T10:17:22.901Z INFO  client] Sending sample transaction 97
[2022-07-24T10:17:22.950Z INFO  client] Sending sample transaction 98
[2022-07-24T10:17:23.001Z INFO  client] Sending sample transaction 99
[2022-07-24T10:17:23.053Z INFO  client] Sending sample transaction 100
[2022-07-24T10:17:23.101Z INFO  client] Sending sample transaction 101
[2022-07-24T10:17:23.151Z INFO  client] Sending sample transaction 102
[2022-07-24T10:17:23.200Z INFO  client] Sending sample transaction 103
[2022-07-24T10:17:23.259Z INFO  client] Sending sample transaction 104
[2022-07-24T10:17:23.299Z INFO  client] Sending sample transaction 105
[2022-07-24T10:17:23.350Z INFO  client] Sending sample transaction 106
[2022-07-24T10:17:23.401Z INFO  client] Sending sample transaction 107
[2022-07-24T10:17:23.450Z INFO  client] Sending sample transaction 108
[2022-07-24T10:17:23.500Z INFO  client] Sending sample transaction 109
[2022-07-24T10:17:23.550Z INFO  client] Sending sample transaction 110
[2022-07-24T10:17:23.600Z INFO  client] Sending sample transaction 111
[2022-07-24T10:17:23.650Z INFO  client] Sending sample transaction 112
[2022-07-24T10:17:23.701Z INFO  client] Sending sample transaction 113
[2022-07-24T10:17:23.750Z INFO  client] Sending sample transaction 114
[2022-07-24T10:17:23.800Z INFO  client] Sending sample transaction 115
[2022-07-24T10:17:23.850Z INFO  client] Sending sample transaction 116
[2022-07-24T10:17:23.900Z INFO  client] Sending sample transaction 117
[2022-07-24T10:17:23.951Z INFO  client] Sending sample transaction 118
[2022-07-24T10:17:23.999Z INFO  client] Sending sample transaction 119
[2022-07-24T10:17:24.050Z INFO  client] Sending sample transaction 120
[2022-07-24T10:17:24.100Z INFO  client] Sending sample transaction 121
[2022-07-24T10:17:24.150Z INFO  client] Sending sample transaction 122
[2022-07-24T10:17:24.201Z INFO  client] Sending sample transaction 123
[2022-07-24T10:17:24.251Z INFO  client] Sending sample transaction 124
[2022-07-24T10:17:24.305Z INFO  client] Sending sample transaction 125
[2022-07-24T10:17:24.350Z INFO  client] Sending sample transaction 126
[2022-07-24T10:17:24.400Z INFO  client] Sending sample transaction 127
[2022-07-24T10:17:24.450Z INFO  client] Sending sample transaction 128
[2022-07-24T10:17:24.499Z INFO  client] Sending sample transaction 129
[2022-07-24T10:17:24.551Z INFO  client] Sending sample transaction 130
[2022-07-24T10:17:24.600Z INFO  client] Sending sample transaction 131
[2022-07-24T10:17:24.650Z INFO  client] Sending sample transaction 132
[2022-07-24T10:17:24.699Z INFO  client] Sending sample transaction 133
[2022-07-24T10:17:24.751Z INFO  client] Sending sample transaction 134
[2022-07-24T10:17:24.807Z INFO  client] Sending sample transaction 135
[2022-07-24T10:17:24.852Z INFO  client] Sending sample transaction 136
[2022-07-24T10:17:24.900Z INFO  client] Sending sample transaction 137
[2022-07-24T10:17:24.950Z INFO  client] Sending sample transaction 138
[2022-07-24T10:17:25.000Z INFO  client] Sending sample transaction 139
[2022-07-24T10:17:25.050Z INFO  client] Sending sample transaction 140
[2022-07-24T10:17:25.100Z INFO  client] Sending sample transaction 141
[2022-07-24T10:17:25.150Z INFO  client] Sending sample transaction 142
[2022-07-24T10:17:25.200Z INFO  client] Sending sample transaction 143
[2022-07-24T10:17:25.250Z INFO  client] Sending sample transaction 144
[2022-07-24T10:17:25.300Z INFO  client] Sending sample transaction 145
[2022-07-24T10:17:25.350Z INFO  client] Sending sample transaction 146
[2022-07-24T10:17:25.401Z INFO  client] Sending sample transaction 147
[2022-07-24T10:17:25.450Z INFO  client] Sending sample transaction 148
[2022-07-24T10:17:25.500Z INFO  client] Sending sample transaction 149
[2022-07-24T10:17:25.549Z INFO  client] Sending sample transaction 150
[2022-07-24T10:17:25.600Z INFO  client] Sending sample transaction 151
[2022-07-24T10:17:25.650Z INFO  client] Sending sample transaction 152
[2022-07-24T10:17:25.701Z INFO  client] Sending sample transaction 153
[2022-07-24T10:17:25.750Z INFO  client] Sending sample transaction 154
[2022-07-24T10:17:25.800Z INFO  client] Sending sample transaction 155
[2022-07-24T10:17:25.850Z INFO  client] Sending sample transaction 156
[2022-07-24T10:17:25.900Z INFO  client] Sending sample transaction 157
[2022-07-24T10:17:25.951Z INFO  client] Sending sample transaction 158
[2022-07-24T10:17:26.000Z INFO  client] Sending sample transaction 159
[2022-07-24T10:17:26.050Z INFO  client] Sending sample transaction 160
[2022-07-24T10:17:26.099Z INFO  client] Sending sample transaction 161
[2022-07-24T10:17:26.151Z INFO  client] Sending sample transaction 162
[2022-07-24T10:17:26.201Z INFO  client] Sending sample transaction 163
[2022-07-24T10:17:26.250Z INFO  client] Sending sample transaction 164
[2022-07-24T10:17:26.299Z INFO  client] Sending sample transaction 165
[2022-07-24T10:17:26.356Z INFO  client] Sending sample transaction 166
[2022-07-24T10:17:26.400Z INFO  client] Sending sample transaction 167
[2022-07-24T10:17:26.451Z INFO  client] Sending sample transaction 168
[2022-07-24T10:17:26.500Z INFO  client] Sending sample transaction 169
[2022-07-24T10:17:26.550Z INFO  client] Sending sample transaction 170
[2022-07-24T10:17:26.600Z INFO  client] Sending sample transaction 171
[2022-07-24T10:17:26.651Z INFO  client] Sending sample transaction 172
[2022-07-24T10:17:26.700Z INFO  client] Sending sample transaction 173
[2022-07-24T10:17:26.750Z INFO  client] Sending sample transaction 174
[2022-07-24T10:17:26.801Z INFO  client] Sending sample transaction 175
[2022-07-24T10:17:26.851Z INFO  client] Sending sample transaction 176
[2022-07-24T10:17:26.901Z INFO  client] Sending sample transaction 177
[2022-07-24T10:17:26.951Z INFO  client] Sending sample transaction 178
[2022-07-24T10:17:27.001Z INFO  client] Sending sample transaction 179
[2022-07-24T10:17:27.050Z INFO  client] Sending sample transaction 180
[2022-07-24T10:17:27.101Z INFO  client] Sending sample transaction 181
[2022-07-24T10:17:27.150Z INFO  client] Sending sample transaction 182
[2022-07-24T10:17:27.200Z INFO  client] Sending sample transaction 183
[2022-07-24T10:17:27.250Z INFO  client] Sending sample transaction 184
[2022-07-24T10:17:27.329Z INFO  client] Sending sample transaction 185
[2022-07-24T10:17:27.388Z INFO  client] Sending sample transaction 186
[2022-07-24T10:17:27.405Z INFO  client] Sending sample transaction 187
[2022-07-24T10:17:27.450Z INFO  client] Sending sample transaction 188
[2022-07-24T10:17:27.500Z INFO  client] Sending sample transaction 189
[2022-07-24T10:17:27.563Z INFO  client] Sending sample transaction 190
[2022-07-24T10:17:27.600Z INFO  client] Sending sample transaction 191
[2022-07-24T10:17:27.650Z INFO  client] Sending sample transaction 192
[2022-07-24T10:17:27.702Z INFO  client] Sending sample transaction 193
[2022-07-24T10:17:27.751Z INFO  client] Sending sample transaction 194
[2022-07-24T10:17:27.800Z INFO  client] Sending sample transaction 195
[2022-07-24T10:17:27.850Z INFO  client] Sending sample transaction 196
[2022-07-24T10:17:27.901Z INFO  client] Sending sample transaction 197
[2022-07-24T10:17:27.950Z INFO  client] Sending sample transaction 198
[2022-07-24T10:17:28.000Z INFO  client] Sending sample transaction 199
[2022-07-24T10:17:28.051Z INFO  client] Sending sample transaction 200
[2022-07-24T10:17:28.100Z INFO  client] Sending sample transaction 201
[2022-07-24T10:17:28.150Z INFO  client] Sending sample transaction 202
[2022-07-24T10:17:28.200Z INFO  client] Sending sample transaction 203
[2022-07-24T10:17:28.250Z INFO  client] Sending sample transaction 204
[2022-07-24T10:17:28.299Z INFO  client] Sending sample transaction 205
[2022-07-24T10:17:28.349Z INFO  client] Sending sample transaction 206
[2022-07-24T10:17:28.414Z INFO  client] Sending sample transaction 207
[2022-07-24T10:17:28.459Z INFO  client] Sending sample transaction 208
[2022-07-24T10:17:28.500Z INFO  client] Sending sample transaction 209
[2022-07-24T10:17:28.550Z INFO  client] Sending sample transaction 210
[2022-07-24T10:17:28.599Z INFO  client] Sending sample transaction 211
[2022-07-24T10:17:28.650Z INFO  client] Sending sample transaction 212
[2022-07-24T10:17:28.700Z INFO  client] Sending sample transaction 213
[2022-07-24T10:17:28.750Z INFO  client] Sending sample transaction 214
[2022-07-24T10:17:28.800Z INFO  client] Sending sample transaction 215
[2022-07-24T10:17:28.850Z INFO  client] Sending sample transaction 216
[2022-07-24T10:17:28.900Z INFO  client] Sending sample transaction 217
[2022-07-24T10:17:28.950Z INFO  client] Sending sample transaction 218
[2022-07-24T10:17:29.000Z INFO  client] Sending sample transaction 219
[2022-07-24T10:17:29.050Z INFO  client] Sending sample transaction 220
[2022-07-24T10:17:29.101Z INFO  client] Sending sample transaction 221
[2022-07-24T10:17:29.155Z INFO  client] Sending sample transaction 222
[2022-07-24T10:17:29.200Z INFO  client] Sending sample transaction 223
[2022-07-24T10:17:29.251Z INFO  client] Sending sample transaction 224
[2022-07-24T10:17:29.300Z INFO  client] Sending sample transaction 225
[2022-07-24T10:17:29.350Z INFO  client] Sending sample transaction 226
[2022-07-24T10:17:29.401Z INFO  client] Sending sample transaction 227
[2022-07-24T10:17:29.450Z INFO  client] Sending sample transaction 228
[2022-07-24T10:17:29.500Z INFO  client] Sending sample transaction 229
[2022-07-24T10:17:29.551Z INFO  client] Sending sample transaction 230
[2022-07-24T10:17:29.601Z INFO  client] Sending sample transaction 231
[2022-07-24T10:17:29.651Z INFO  client] Sending sample transaction 232
[2022-07-24T10:17:29.700Z INFO  client] Sending sample transaction 233
[2022-07-24T10:17:29.751Z INFO  client] Sending sample transaction 234
[2022-07-24T10:17:29.800Z INFO  client] Sending sample transaction 235
[2022-07-24T10:17:29.850Z INFO  client] Sending sample transaction 236
[2022-07-24T10:17:29.900Z INFO  client] Sending sample transaction 237
[2022-07-24T10:17:29.955Z INFO  client] Sending sample transaction 238
[2022-07-24T10:17:30.016Z INFO  client] Sending sample transaction 239
[2022-07-24T10:17:30.050Z INFO  client] Sending sample transaction 240
[2022-07-24T10:17:30.109Z INFO  client] Sending sample transaction 241
[2022-07-24T10:17:30.150Z INFO  client] Sending sample transaction 242
[2022-07-24T10:17:30.200Z INFO  client] Sending sample transaction 243
[2022-07-24T10:17:30.250Z INFO  client] Sending sample transaction 244
[2022-07-24T10:17:30.300Z INFO  client] Sending sample transaction 245
[2022-07-24T10:17:30.350Z INFO  client] Sending sample transaction 246
[2022-07-24T10:17:30.400Z INFO  client] Sending sample transaction 247
[2022-07-24T10:17:30.450Z INFO  client] Sending sample transaction 248
[2022-07-24T10:17:30.507Z INFO  client] Sending sample transaction 249
[2022-07-24T10:17:30.550Z INFO  client] Sending sample transaction 250
[2022-07-24T10:17:30.600Z INFO  client] Sending sample transaction 251
[2022-07-24T10:17:30.650Z INFO  client] Sending sample transaction 252
[2022-07-24T10:17:30.700Z INFO  client] Sending sample transaction 253
[2022-07-24T10:17:30.750Z INFO  client] Sending sample transaction 254
[2022-07-24T10:17:30.800Z INFO  client] Sending sample transaction 255
[2022-07-24T10:17:30.851Z INFO  client] Sending sample transaction 256
[2022-07-24T10:17:30.901Z INFO  client] Sending sample transaction 257
[2022-07-24T10:17:30.950Z INFO  client] Sending sample transaction 258
[2022-07-24T10:17:31.001Z INFO  client] Sending sample transaction 259
[2022-07-24T10:17:31.050Z INFO  client] Sending sample transaction 260
[2022-07-24T10:17:31.101Z INFO  client] Sending sample transaction 261
[2022-07-24T10:17:31.150Z INFO  client] Sending sample transaction 262
[2022-07-24T10:17:31.200Z INFO  client] Sending sample transaction 263
[2022-07-24T10:17:31.253Z INFO  client] Sending sample transaction 264
[2022-07-24T10:17:31.315Z INFO  client] Sending sample transaction 265
[2022-07-24T10:17:31.350Z INFO  client] Sending sample transaction 266
[2022-07-24T10:17:31.400Z INFO  client] Sending sample transaction 267
[2022-07-24T10:17:31.450Z INFO  client] Sending sample transaction 268
[2022-07-24T10:17:31.500Z INFO  client] Sending sample transaction 269
[2022-07-24T10:17:31.550Z INFO  client] Sending sample transaction 270
[2022-07-24T10:17:31.600Z INFO  client] Sending sample transaction 271
[2022-07-24T10:17:31.650Z INFO  client] Sending sample transaction 272
[2022-07-24T10:17:31.701Z INFO  client] Sending sample transaction 273
[2022-07-24T10:17:31.750Z INFO  client] Sending sample transaction 274
[2022-07-24T10:17:31.800Z INFO  client] Sending sample transaction 275
[2022-07-24T10:17:31.850Z INFO  client] Sending sample transaction 276
[2022-07-24T10:17:31.900Z INFO  client] Sending sample transaction 277
[2022-07-24T10:17:31.950Z INFO  client] Sending sample transaction 278
[2022-07-24T10:17:32.000Z INFO  client] Sending sample transaction 279
[2022-07-24T10:17:32.050Z INFO  client] Sending sample transaction 280
[2022-07-24T10:17:32.100Z INFO  client] Sending sample transaction 281
[2022-07-24T10:17:32.151Z INFO  client] Sending sample transaction 282
[2022-07-24T10:17:32.201Z INFO  client] Sending sample transaction 283
[2022-07-24T10:17:32.252Z INFO  client] Sending sample transaction 284
[2022-07-24T10:17:32.300Z INFO  client] Sending sample transaction 285
[2022-07-24T10:17:32.350Z INFO  client] Sending sample transaction 286
[2022-07-24T10:17:32.401Z INFO  client] Sending sample transaction 287
[2022-07-24T10:17:32.451Z INFO  client] Sending sample transaction 288
[2022-07-24T10:17:32.500Z INFO  client] Sending sample transaction 289
[2022-07-24T10:17:32.553Z INFO  client] Sending sample transaction 290
[2022-07-24T10:17:32.604Z INFO  client] Sending sample transaction 291
[2022-07-24T10:17:32.650Z INFO  client] Sending sample transaction 292
[2022-07-24T10:17:32.700Z INFO  client] Sending sample transaction 293
[2022-07-24T10:17:32.750Z INFO  client] Sending sample transaction 294
[2022-07-24T10:17:32.804Z INFO  client] Sending sample transaction 295
[2022-07-24T10:17:32.850Z INFO  client] Sending sample transaction 296
[2022-07-24T10:17:32.901Z INFO  client] Sending sample transaction 297
[2022-07-24T10:17:32.950Z INFO  client] Sending sample transaction 298
[2022-07-24T10:17:33.000Z INFO  client] Sending sample transaction 299
[2022-07-24T10:17:33.050Z INFO  client] Sending sample transaction 300
[2022-07-24T10:17:33.100Z INFO  client] Sending sample transaction 301
[2022-07-24T10:17:33.150Z INFO  client] Sending sample transaction 302
[2022-07-24T10:17:33.200Z INFO  client] Sending sample transaction 303
[2022-07-24T10:17:33.251Z INFO  client] Sending sample transaction 304
[2022-07-24T10:17:33.299Z INFO  client] Sending sample transaction 305
[2022-07-24T10:17:33.350Z INFO  client] Sending sample transaction 306
[2022-07-24T10:17:33.400Z INFO  client] Sending sample transaction 307
[2022-07-24T10:17:33.451Z INFO  client] Sending sample transaction 308
[2022-07-24T10:17:33.500Z INFO  client] Sending sample transaction 309
[2022-07-24T10:17:33.550Z INFO  client] Sending sample transaction 310
[2022-07-24T10:17:33.600Z INFO  client] Sending sample transaction 311
[2022-07-24T10:17:33.651Z INFO  client] Sending sample transaction 312
[2022-07-24T10:17:33.700Z INFO  client] Sending sample transaction 313
[2022-07-24T10:17:33.751Z INFO  client] Sending sample transaction 314
[2022-07-24T10:17:33.800Z INFO  client] Sending sample transaction 315
[2022-07-24T10:17:33.852Z INFO  client] Sending sample transaction 316
[2022-07-24T10:17:33.900Z INFO  client] Sending sample transaction 317
[2022-07-24T10:17:33.951Z INFO  client] Sending sample transaction 318
[2022-07-24T10:17:34.000Z INFO  client] Sending sample transaction 319
[2022-07-24T10:17:34.050Z INFO  client] Sending sample transaction 320
[2022-07-24T10:17:34.100Z INFO  client] Sending sample transaction 321
[2022-07-24T10:17:34.150Z INFO  client] Sending sample transaction 322
[2022-07-24T10:17:34.200Z INFO  client] Sending sample transaction 323
[2022-07-24T10:17:34.250Z INFO  client] Sending sample transaction 324
[2022-07-24T10:17:34.300Z INFO  client] Sending sample transaction 325
[2022-07-24T10:17:34.350Z INFO  client] Sending sample transaction 326
[2022-07-24T10:17:34.400Z INFO  client] Sending sample transaction 327
[2022-07-24T10:17:34.450Z INFO  client] Sending sample transaction 328
[2022-07-24T10:17:34.501Z INFO  client] Sending sample transaction 329
[2022-07-24T10:17:34.550Z INFO  client] Sending sample transaction 330
[2022-07-24T10:17:34.600Z INFO  client] Sending sample transaction 331
[2022-07-24T10:17:34.651Z INFO  client] Sending sample transaction 332
[2022-07-24T10:17:34.700Z INFO  client] Sending sample transaction 333
[2022-07-24T10:17:34.750Z INFO  client] Sending sample transaction 334
[2022-07-24T10:17:34.800Z INFO  client] Sending sample transaction 335
[2022-07-24T10:17:34.850Z INFO  client] Sending sample transaction 336
[2022-07-24T10:17:34.900Z INFO  client] Sending sample transaction 337
[2022-07-24T10:17:34.950Z INFO  client] Sending sample transaction 338
[2022-07-24T10:17:35.000Z INFO  client] Sending sample transaction 339
[2022-07-24T10:17:35.050Z INFO  client] Sending sample transaction 340
[2022-07-24T10:17:35.100Z INFO  client] Sending sample transaction 341
[2022-07-24T10:17:35.174Z INFO  client] Sending sample transaction 342
[2022-07-24T10:17:35.218Z INFO  client] Sending sample transaction 343
[2022-07-24T10:17:35.249Z INFO  client] Sending sample transaction 344
[2022-07-24T10:17:35.300Z INFO  client] Sending sample transaction 345
[2022-07-24T10:17:35.351Z INFO  client] Sending sample transaction 346
[2022-07-24T10:17:35.400Z INFO  client] Sending sample transaction 347
[2022-07-24T10:17:35.450Z INFO  client] Sending sample transaction 348
[2022-07-24T10:17:35.500Z INFO  client] Sending sample transaction 349
[2022-07-24T10:17:35.551Z INFO  client] Sending sample transaction 350
[2022-07-24T10:17:35.600Z INFO  client] Sending sample transaction 351
[2022-07-24T10:17:35.650Z INFO  client] Sending sample transaction 352
[2022-07-24T10:17:35.702Z INFO  client] Sending sample transaction 353
[2022-07-24T10:17:35.750Z INFO  client] Sending sample transaction 354
[2022-07-24T10:17:35.800Z INFO  client] Sending sample transaction 355
[2022-07-24T10:17:35.850Z INFO  client] Sending sample transaction 356
[2022-07-24T10:17:35.899Z INFO  client] Sending sample transaction 357
[2022-07-24T10:17:35.951Z INFO  client] Sending sample transaction 358
[2022-07-24T10:17:36.000Z INFO  client] Sending sample transaction 359
[2022-07-24T10:17:36.050Z INFO  client] Sending sample transaction 360
[2022-07-24T10:17:36.101Z INFO  client] Sending sample transaction 361
[2022-07-24T10:17:36.150Z INFO  client] Sending sample transaction 362
[2022-07-24T10:17:36.200Z INFO  client] Sending sample transaction 363
[2022-07-24T10:17:36.250Z INFO  client] Sending sample transaction 364
[2022-07-24T10:17:36.300Z INFO  client] Sending sample transaction 365
[2022-07-24T10:17:36.349Z INFO  client] Sending sample transaction 366
[2022-07-24T10:17:36.400Z INFO  client] Sending sample transaction 367
[2022-07-24T10:17:36.452Z INFO  client] Sending sample transaction 368
[2022-07-24T10:17:36.500Z INFO  client] Sending sample transaction 369
[2022-07-24T10:17:36.550Z INFO  client] Sending sample transaction 370
[2022-07-24T10:17:36.600Z INFO  client] Sending sample transaction 371
[2022-07-24T10:17:36.650Z INFO  client] Sending sample transaction 372
[2022-07-24T10:17:36.701Z INFO  client] Sending sample transaction 373
[2022-07-24T10:17:36.756Z INFO  client] Sending sample transaction 374
[2022-07-24T10:17:36.800Z INFO  client] Sending sample transaction 375
[2022-07-24T10:17:36.850Z INFO  client] Sending sample transaction 376
[2022-07-24T10:17:36.901Z INFO  client] Sending sample transaction 377
[2022-07-24T10:17:36.952Z INFO  client] Sending sample transaction 378
[2022-07-24T10:17:37.001Z INFO  client] Sending sample transaction 379
[2022-07-24T10:17:37.049Z INFO  client] Sending sample transaction 380
[2022-07-24T10:17:37.100Z INFO  client] Sending sample transaction 381
[2022-07-24T10:17:37.150Z INFO  client] Sending sample transaction 382
[2022-07-24T10:17:37.201Z INFO  client] Sending sample transaction 383
[2022-07-24T10:17:37.250Z INFO  client] Sending sample transaction 384
[2022-07-24T10:17:37.300Z INFO  client] Sending sample transaction 385
[2022-07-24T10:17:37.350Z INFO  client] Sending sample transaction 386
[2022-07-24T10:17:37.402Z INFO  client] Sending sample transaction 387
[2022-07-24T10:17:37.454Z INFO  client] Sending sample transaction 388
[2022-07-24T10:17:37.500Z INFO  client] Sending sample transaction 389
[2022-07-24T10:17:37.550Z INFO  client] Sending sample transaction 390
[2022-07-24T10:17:37.600Z INFO  client] Sending sample transaction 391
[2022-07-24T10:17:37.651Z INFO  client] Sending sample transaction 392
[2022-07-24T10:17:37.701Z INFO  client] Sending sample transaction 393
[2022-07-24T10:17:37.761Z INFO  client] Sending sample transaction 394
[2022-07-24T10:17:37.817Z INFO  client] Sending sample transaction 395
[2022-07-24T10:17:37.850Z INFO  client] Sending sample transaction 396
[2022-07-24T10:17:37.900Z INFO  client] Sending sample transaction 397
[2022-07-24T10:17:37.950Z INFO  client] Sending sample transaction 398
[2022-07-24T10:17:38.000Z INFO  client] Sending sample transaction 399
[2022-07-24T10:17:38.050Z INFO  client] Sending sample transaction 400
[2022-07-24T10:17:38.101Z INFO  client] Sending sample transaction 401
[2022-07-24T10:17:38.150Z INFO  client] Sending sample transaction 402
[2022-07-24T10:17:38.199Z INFO  client] Sending sample transaction 403
[2022-07-24T10:17:38.250Z INFO  client] Sending sample transaction 404
[2022-07-24T10:17:38.299Z INFO  client] Sending sample transaction 405
[2022-07-24T10:17:38.349Z INFO  client] Sending sample transaction 406
[2022-07-24T10:17:38.400Z INFO  client] Sending sample transaction 407
[2022-07-24T10:17:38.450Z INFO  client] Sending sample transaction 408
[2022-07-24T10:17:38.501Z INFO  client] Sending sample transaction 409
[2022-07-24T10:17:38.550Z INFO  client] Sending sample transaction 410
[2022-07-24T10:17:38.600Z INFO  client] Sending sample transaction 411
[2022-07-24T10:17:38.650Z INFO  client] Sending sample transaction 412
[2022-07-24T10:17:38.700Z INFO  client] Sending sample transaction 413
[2022-07-24T10:17:38.751Z INFO  client] Sending sample transaction 414
[2022-07-24T10:17:38.800Z INFO  client] Sending sample transaction 415
[2022-07-24T10:17:38.862Z INFO  client] Sending sample transaction 416
[2022-07-24T10:17:38.901Z INFO  client] Sending sample transaction 417
[2022-07-24T10:17:38.957Z INFO  client] Sending sample transaction 418
[2022-07-24T10:17:39.000Z INFO  client] Sending sample transaction 419
[2022-07-24T10:17:39.050Z INFO  client] Sending sample transaction 420
[2022-07-24T10:17:39.100Z INFO  client] Sending sample transaction 421
[2022-07-24T10:17:39.150Z INFO  client] Sending sample transaction 422
[2022-07-24T10:17:39.201Z INFO  client] Sending sample transaction 423
[2022-07-24T10:17:39.255Z INFO  client] Sending sample transaction 424
[2022-07-24T10:17:39.300Z INFO  client] Sending sample transaction 425
[2022-07-24T10:17:39.358Z INFO  client] Sending sample transaction 426
[2022-07-24T10:17:39.402Z INFO  client] Sending sample transaction 427
[2022-07-24T10:17:39.450Z INFO  client] Sending sample transaction 428
[2022-07-24T10:17:39.500Z INFO  client] Sending sample transaction 429
[2022-07-24T10:17:39.551Z INFO  client] Sending sample transaction 430
[2022-07-24T10:17:39.600Z INFO  client] Sending sample transaction 431
[2022-07-24T10:17:39.650Z INFO  client] Sending sample transaction 432
[2022-07-24T10:17:39.700Z INFO  client] Sending sample transaction 433
[2022-07-24T10:17:39.750Z INFO  client] Sending sample transaction 434
[2022-07-24T10:17:39.800Z INFO  client] Sending sample transaction 435
[2022-07-24T10:17:39.850Z INFO  client] Sending sample transaction 436
[2022-07-24T10:17:39.902Z INFO  client] Sending sample transaction 437
[2022-07-24T10:17:39.952Z INFO  client] Sending sample transaction 438
[2022-07-24T10:17:40.002Z INFO  client] Sending sample transaction 439
[2022-07-24T10:17:40.054Z INFO  client] Sending sample transaction 440
[2022-07-24T10:17:40.100Z INFO  client] Sending sample transaction 441
[2022-07-24T10:17:40.152Z INFO  client] Sending sample transaction 442
[2022-07-24T10:17:40.200Z INFO  client] Sending sample transaction 443
