[2022-07-23T18:15:21.152Z INFO  client] Node address: 127.0.0.1:9015
[2022-07-23T18:15:21.152Z INFO  client] Transactions size: 512 B
[2022-07-23T18:15:21.152Z INFO  client] Transactions rate: 112 tx/s
[2022-07-23T18:15:21.153Z INFO  client] Waiting for all nodes to be online...
[2022-07-23T18:15:21.153Z INFO  client] Waiting for all nodes to be synchronized...
[2022-07-23T18:15:23.157Z INFO  client] Start sending transactions
[2022-07-23T18:15:23.160Z INFO  client] Sending sample transaction 0
[2022-07-23T18:15:23.223Z INFO  client] Sending sample transaction 1
[2022-07-23T18:15:23.269Z INFO  client] Sending sample transaction 2
[2022-07-23T18:15:23.310Z INFO  client] Sending sample transaction 3
[2022-07-23T18:15:23.368Z INFO  client] Sending sample transaction 4
[2022-07-23T18:15:23.408Z INFO  client] Sending sample transaction 5
[2022-07-23T18:15:23.461Z INFO  client] Sending sample transaction 6
[2022-07-23T18:15:23.521Z INFO  client] Sending sample transaction 7
[2022-07-23T18:15:23.564Z INFO  client] Sending sample transaction 8
[2022-07-23T18:15:23.611Z INFO  client] Sending sample transaction 9
[2022-07-23T18:15:23.670Z INFO  client] Sending sample transaction 10
[2022-07-23T18:15:23.710Z INFO  client] Sending sample transaction 11
[2022-07-23T18:15:23.759Z INFO  client] Sending sample transaction 12
[2022-07-23T18:15:23.810Z INFO  client] Sending sample transaction 13
[2022-07-23T18:15:23.861Z INFO  client] Sending sample transaction 14
[2022-07-23T18:15:23.909Z INFO  client] Sending sample transaction 15
[2022-07-23T18:15:23.958Z INFO  client] Sending sample transaction 16
[2022-07-23T18:15:24.009Z INFO  client] Sending sample transaction 17
[2022-07-23T18:15:24.059Z INFO  client] Sending sample transaction 18
[2022-07-23T18:15:24.110Z INFO  client] Sending sample transaction 19
[2022-07-23T18:15:24.166Z INFO  client] Sending sample transaction 20
[2022-07-23T18:15:24.231Z INFO  client] Sending sample transaction 21
[2022-07-23T18:15:24.260Z INFO  client] Sending sample transaction 22
[2022-07-23T18:15:24.311Z INFO  client] Sending sample transaction 23
[2022-07-23T18:15:24.363Z INFO  client] Sending sample transaction 24
[2022-07-23T18:15:24.408Z INFO  client] Sending sample transaction 25
[2022-07-23T18:15:24.480Z INFO  client] Sending sample transaction 26
[2022-07-23T18:15:24.555Z INFO  client] Sending sample transaction 27
[2022-07-23T18:15:24.610Z INFO  client] Sending sample transaction 28
[2022-07-23T18:15:24.696Z INFO  client] Sending sample transaction 29
[2022-07-23T18:15:24.739Z INFO  client] Sending sample transaction 30
[2022-07-23T18:15:24.740Z INFO  client] Sending sample transaction 31
[2022-07-23T18:15:24.781Z INFO  client] Sending sample transaction 32
[2022-07-23T18:15:24.815Z INFO  client] Sending sample transaction 33
[2022-07-23T18:15:24.864Z INFO  client] Sending sample transaction 34
[2022-07-23T18:15:24.912Z INFO  client] Sending sample transaction 35
[2022-07-23T18:15:24.961Z INFO  client] Sending sample transaction 36
[2022-07-23T18:15:25.010Z INFO  client] Sending sample transaction 37
[2022-07-23T18:15:25.068Z INFO  client] Sending sample transaction 38
[2022-07-23T18:15:25.109Z INFO  client] Sending sample transaction 39
[2022-07-23T18:15:25.158Z INFO  client] Sending sample transaction 40
[2022-07-23T18:15:25.210Z INFO  client] Sending sample transaction 41
[2022-07-23T18:15:25.258Z INFO  client] Sending sample transaction 42
[2022-07-23T18:15:25.309Z INFO  client] Sending sample transaction 43
[2022-07-23T18:15:25.359Z INFO  client] Sending sample transaction 44
[2022-07-23T18:15:25.409Z INFO  client] Sending sample transaction 45
[2022-07-23T18:15:25.459Z INFO  client] Sending sample transaction 46
[2022-07-23T18:15:25.509Z INFO  client] Sending sample transaction 47
[2022-07-23T18:15:25.559Z INFO  client] Sending sample transaction 48
[2022-07-23T18:15:25.613Z INFO  client] Sending sample transaction 49
[2022-07-23T18:15:25.661Z INFO  client] Sending sample transaction 50
[2022-07-23T18:15:25.708Z INFO  client] Sending sample transaction 51
[2022-07-23T18:15:25.776Z INFO  client] Sending sample transaction 52
[2022-07-23T18:15:25.851Z INFO  client] Sending sample transaction 53
[2022-07-23T18:15:25.861Z INFO  client] Sending sample transaction 54
[2022-07-23T18:15:25.916Z INFO  client] Sending sample transaction 55
[2022-07-23T18:15:25.958Z INFO  client] Sending sample transaction 56
[2022-07-23T18:15:26.009Z INFO  client] Sending sample transaction 57
[2022-07-23T18:15:26.058Z INFO  client] Sending sample transaction 58
[2022-07-23T18:15:26.108Z INFO  client] Sending sample transaction 59
[2022-07-23T18:15:26.158Z INFO  client] Sending sample transaction 60
[2022-07-23T18:15:26.208Z INFO  client] Sending sample transaction 61
[2022-07-23T18:15:26.258Z INFO  client] Sending sample transaction 62
[2022-07-23T18:15:26.319Z INFO  client] Sending sample transaction 63
[2022-07-23T18:15:26.371Z INFO  client] Sending sample transaction 64
[2022-07-23T18:15:26.409Z INFO  client] Sending sample transaction 65
[2022-07-23T18:15:26.458Z INFO  client] Sending sample transaction 66
[2022-07-23T18:15:26.508Z INFO  client] Sending sample transaction 67
[2022-07-23T18:15:26.558Z INFO  client] Sending sample transaction 68
[2022-07-23T18:15:26.609Z INFO  client] Sending sample transaction 69
[2022-07-23T18:15:26.661Z INFO  client] Sending sample transaction 70
[2022-07-23T18:15:26.708Z INFO  client] Sending sample transaction 71
[2022-07-23T18:15:26.759Z INFO  client] Sending sample transaction 72
[2022-07-23T18:15:26.809Z INFO  client] Sending sample transaction 73
[2022-07-23T18:15:26.859Z INFO  client] Sending sample transaction 74
[2022-07-23T18:15:26.908Z INFO  client] Sending sample transaction 75
[2022-07-23T18:15:27.003Z INFO  client] Sending sample transaction 76
[2022-07-23T18:15:27.009Z INFO  client] Sending sample transaction 77
[2022-07-23T18:15:27.115Z INFO  client] Sending sample transaction 78
[2022-07-23T18:15:27.128Z INFO  client] Sending sample transaction 79
[2022-07-23T18:15:27.167Z INFO  client] Sending sample transaction 80
[2022-07-23T18:15:27.208Z INFO  client] Sending sample transaction 81
[2022-07-23T18:15:27.259Z INFO  client] Sending sample transaction 82
[2022-07-23T18:15:27.311Z INFO  client] Sending sample transaction 83
[2022-07-23T18:15:27.360Z INFO  client] Sending sample transaction 84
[2022-07-23T18:15:27.409Z INFO  client] Sending sample transaction 85
[2022-07-23T18:15:27.464Z INFO  client] Sending sample transaction 86
[2022-07-23T18:15:27.509Z INFO  client] Sending sample transaction 87
[2022-07-23T18:15:27.564Z INFO  client] Sending sample transaction 88
[2022-07-23T18:15:27.608Z INFO  client] Sending sample transaction 89
[2022-07-23T18:15:27.659Z INFO  client] Sending sample transaction 90
[2022-07-23T18:15:27.708Z INFO  client] Sending sample transaction 91
[2022-07-23T18:15:27.759Z INFO  client] Sending sample transaction 92
[2022-07-23T18:15:27.809Z INFO  client] Sending sample transaction 93
[2022-07-23T18:15:27.859Z INFO  client] Sending sample transaction 94
[2022-07-23T18:15:27.908Z INFO  client] Sending sample transaction 95
[2022-07-23T18:15:27.958Z INFO  client] Sending sample transaction 96
[2022-07-23T18:15:28.009Z INFO  client] Sending sample transaction 97
[2022-07-23T18:15:28.064Z INFO  client] Sending sample transaction 98
[2022-07-23T18:15:28.124Z INFO  client] Sending sample transaction 99
[2022-07-23T18:15:28.174Z INFO  client] Sending sample transaction 100
[2022-07-23T18:15:28.213Z INFO  client] Sending sample transaction 101
[2022-07-23T18:15:28.260Z INFO  client] Sending sample transaction 102
[2022-07-23T18:15:28.309Z INFO  client] Sending sample transaction 103
[2022-07-23T18:15:28.358Z INFO  client] Sending sample transaction 104
[2022-07-23T18:15:28.409Z INFO  client] Sending sample transaction 105
[2022-07-23T18:15:28.458Z INFO  client] Sending sample transaction 106
[2022-07-23T18:15:28.535Z INFO  client] Sending sample transaction 107
[2022-07-23T18:15:28.561Z INFO  client] Sending sample transaction 108
[2022-07-23T18:15:28.609Z INFO  client] Sending sample transaction 109
[2022-07-23T18:15:28.660Z INFO  client] Sending sample transaction 110
[2022-07-23T18:15:28.708Z INFO  client] Sending sample transaction 111
[2022-07-23T18:15:28.759Z INFO  client] Sending sample transaction 112
[2022-07-23T18:15:28.809Z INFO  client] Sending sample transaction 113
[2022-07-23T18:15:28.858Z INFO  client] Sending sample transaction 114
[2022-07-23T18:15:28.908Z INFO  client] Sending sample transaction 115
[2022-07-23T18:15:28.958Z INFO  client] Sending sample transaction 116
[2022-07-23T18:15:29.008Z INFO  client] Sending sample transaction 117
[2022-07-23T18:15:29.058Z INFO  client] Sending sample transaction 118
[2022-07-23T18:15:29.136Z INFO  client] Sending sample transaction 119
[2022-07-23T18:15:29.164Z INFO  client] Sending sample transaction 120
[2022-07-23T18:15:29.233Z INFO  client] Sending sample transaction 121
[2022-07-23T18:15:29.261Z INFO  client] Sending sample transaction 122
[2022-07-23T18:15:29.315Z INFO  client] Sending sample transaction 123
[2022-07-23T18:15:29.359Z INFO  client] Sending sample transaction 124
[2022-07-23T18:15:29.409Z INFO  client] Sending sample transaction 125
[2022-07-23T18:15:29.461Z INFO  client] Sending sample transaction 126
[2022-07-23T18:15:29.508Z INFO  client] Sending sample transaction 127
[2022-07-23T18:15:29.558Z INFO  client] Sending sample transaction 128
[2022-07-23T18:15:29.608Z INFO  client] Sending sample transaction 129
[2022-07-23T18:15:29.659Z INFO  client] Sending sample transaction 130
[2022-07-23T18:15:29.710Z INFO  client] Sending sample transaction 131
[2022-07-23T18:15:29.759Z INFO  client] Sending sample transaction 132
[2022-07-23T18:15:29.808Z INFO  client] Sending sample transaction 133
[2022-07-23T18:15:29.858Z INFO  client] Sending sample transaction 134
[2022-07-23T18:15:29.908Z INFO  client] Sending sample transaction 135
[2022-07-23T18:15:29.958Z INFO  client] Sending sample transaction 136
[2022-07-23T18:15:30.009Z INFO  client] Sending sample transaction 137
[2022-07-23T18:15:30.058Z INFO  client] Sending sample transaction 138
[2022-07-23T18:15:30.109Z INFO  client] Sending sample transaction 139
[2022-07-23T18:15:30.158Z INFO  client] Sending sample transaction 140
[2022-07-23T18:15:30.246Z INFO  client] Sending sample transaction 141
[2022-07-23T18:15:30.300Z INFO  client] Sending sample transaction 142
[2022-07-23T18:15:30.339Z INFO  client] Sending sample transaction 143
[2022-07-23T18:15:30.360Z INFO  client] Sending sample transaction 144
[2022-07-23T18:15:30.408Z INFO  client] Sending sample transaction 145
[2022-07-23T18:15:30.459Z INFO  client] Sending sample transaction 146
[2022-07-23T18:15:30.509Z INFO  client] Sending sample transaction 147
[2022-07-23T18:15:30.558Z INFO  client] Sending sample transaction 148
[2022-07-23T18:15:30.609Z INFO  client] Sending sample transaction 149
[2022-07-23T18:15:30.663Z INFO  client] Sending sample transaction 150
[2022-07-23T18:15:30.709Z INFO  client] Sending sample transaction 151
[2022-07-23T18:15:30.763Z INFO  client] Sending sample transaction 152
[2022-07-23T18:15:30.809Z INFO  client] Sending sample transaction 153
[2022-07-23T18:15:30.859Z INFO  client] Sending sample transaction 154
[2022-07-23T18:15:30.909Z INFO  client] Sending sample transaction 155
[2022-07-23T18:15:30.959Z INFO  client] Sending sample transaction 156
[2022-07-23T18:15:31.008Z INFO  client] Sending sample transaction 157
[2022-07-23T18:15:31.058Z INFO  client] Sending sample transaction 158
[2022-07-23T18:15:31.108Z INFO  client] Sending sample transaction 159
[2022-07-23T18:15:31.158Z INFO  client] Sending sample transaction 160
[2022-07-23T18:15:31.208Z INFO  client] Sending sample transaction 161
[2022-07-23T18:15:31.259Z INFO  client] Sending sample transaction 162
[2022-07-23T18:15:31.309Z INFO  client] Sending sample transaction 163
[2022-07-23T18:15:31.359Z INFO  client] Sending sample transaction 164
[2022-07-23T18:15:31.410Z INFO  client] Sending sample transaction 165
[2022-07-23T18:15:31.459Z INFO  client] Sending sample transaction 166
[2022-07-23T18:15:31.509Z INFO  client] Sending sample transaction 167
[2022-07-23T18:15:31.558Z INFO  client] Sending sample transaction 168
[2022-07-23T18:15:31.612Z INFO  client] Sending sample transaction 169
[2022-07-23T18:15:31.678Z INFO  client] Sending sample transaction 170
[2022-07-23T18:15:31.752Z INFO  client] Sending sample transaction 171
[2022-07-23T18:15:31.770Z INFO  client] Sending sample transaction 172
[2022-07-23T18:15:31.824Z INFO  client] Sending sample transaction 173
[2022-07-23T18:15:31.859Z INFO  client] Sending sample transaction 174
[2022-07-23T18:15:31.909Z INFO  client] Sending sample transaction 175
[2022-07-23T18:15:31.958Z INFO  client] Sending sample transaction 176
[2022-07-23T18:15:32.009Z INFO  client] Sending sample transaction 177
[2022-07-23T18:15:32.058Z INFO  client] Sending sample transaction 178
[2022-07-23T18:15:32.108Z INFO  client] Sending sample transaction 179
[2022-07-23T18:15:32.159Z INFO  client] Sending sample transaction 180
[2022-07-23T18:15:32.208Z INFO  client] Sending sample transaction 181
[2022-07-23T18:15:32.259Z INFO  client] Sending sample transaction 182
[2022-07-23T18:15:32.308Z INFO  client] Sending sample transaction 183
[2022-07-23T18:15:32.358Z INFO  client] Sending sample transaction 184
[2022-07-23T18:15:32.409Z INFO  client] Sending sample transaction 185
[2022-07-23T18:15:32.458Z INFO  client] Sending sample transaction 186
[2022-07-23T18:15:32.508Z INFO  client] Sending sample transaction 187
[2022-07-23T18:15:32.558Z INFO  client] Sending sample transaction 188
[2022-07-23T18:15:32.609Z INFO  client] Sending sample transaction 189
[2022-07-23T18:15:32.658Z INFO  client] Sending sample transaction 190
[2022-07-23T18:15:32.708Z INFO  client] Sending sample transaction 191
[2022-07-23T18:15:32.764Z INFO  client] Sending sample transaction 192
[2022-07-23T18:15:32.809Z INFO  client] Sending sample transaction 193
[2022-07-23T18:15:32.858Z INFO  client] Sending sample transaction 194
[2022-07-23T18:15:32.908Z INFO  client] Sending sample transaction 195
[2022-07-23T18:15:32.996Z INFO  client] Sending sample transaction 196
[2022-07-23T18:15:33.019Z INFO  client] Sending sample transaction 197
[2022-07-23T18:15:33.063Z INFO  client] Sending sample transaction 198
[2022-07-23T18:15:33.109Z INFO  client] Sending sample transaction 199
[2022-07-23T18:15:33.158Z INFO  client] Sending sample transaction 200
[2022-07-23T18:15:33.208Z INFO  client] Sending sample transaction 201
[2022-07-23T18:15:33.259Z INFO  client] Sending sample transaction 202
[2022-07-23T18:15:33.309Z INFO  client] Sending sample transaction 203
[2022-07-23T18:15:33.358Z INFO  client] Sending sample transaction 204
[2022-07-23T18:15:33.408Z INFO  client] Sending sample transaction 205
[2022-07-23T18:15:33.459Z INFO  client] Sending sample transaction 206
[2022-07-23T18:15:33.508Z INFO  client] Sending sample transaction 207
[2022-07-23T18:15:33.559Z INFO  client] Sending sample transaction 208
[2022-07-23T18:15:33.610Z INFO  client] Sending sample transaction 209
[2022-07-23T18:15:33.658Z INFO  client] Sending sample transaction 210
[2022-07-23T18:15:33.708Z INFO  client] Sending sample transaction 211
[2022-07-23T18:15:33.759Z INFO  client] Sending sample transaction 212
[2022-07-23T18:15:33.818Z INFO  client] Sending sample transaction 213
[2022-07-23T18:15:33.858Z INFO  client] Sending sample transaction 214
[2022-07-23T18:15:33.908Z INFO  client] Sending sample transaction 215
[2022-07-23T18:15:33.959Z INFO  client] Sending sample transaction 216
[2022-07-23T18:15:34.008Z INFO  client] Sending sample transaction 217
[2022-07-23T18:15:34.059Z INFO  client] Sending sample transaction 218
[2022-07-23T18:15:34.109Z INFO  client] Sending sample transaction 219
[2022-07-23T18:15:34.189Z INFO  client] Sending sample transaction 220
[2022-07-23T18:15:34.226Z INFO  client] Sending sample transaction 221
[2022-07-23T18:15:34.258Z INFO  client] Sending sample transaction 222
[2022-07-23T18:15:34.318Z INFO  client] Sending sample transaction 223
[2022-07-23T18:15:34.370Z INFO  client] Sending sample transaction 224
[2022-07-23T18:15:34.409Z INFO  client] Sending sample transaction 225
[2022-07-23T18:15:34.462Z INFO  client] Sending sample transaction 226
[2022-07-23T18:15:34.509Z INFO  client] Sending sample transaction 227
[2022-07-23T18:15:34.559Z INFO  client] Sending sample transaction 228
[2022-07-23T18:15:34.609Z INFO  client] Sending sample transaction 229
[2022-07-23T18:15:34.658Z INFO  client] Sending sample transaction 230
[2022-07-23T18:15:34.708Z INFO  client] Sending sample transaction 231
[2022-07-23T18:15:34.758Z INFO  client] Sending sample transaction 232
[2022-07-23T18:15:34.809Z INFO  client] Sending sample transaction 233
[2022-07-23T18:15:34.859Z INFO  client] Sending sample transaction 234
[2022-07-23T18:15:34.909Z INFO  client] Sending sample transaction 235
[2022-07-23T18:15:34.959Z INFO  client] Sending sample transaction 236
[2022-07-23T18:15:35.009Z INFO  client] Sending sample transaction 237
[2022-07-23T18:15:35.059Z INFO  client] Sending sample transaction 238
[2022-07-23T18:15:35.108Z INFO  client] Sending sample transaction 239
[2022-07-23T18:15:35.159Z INFO  client] Sending sample transaction 240
[2022-07-23T18:15:35.209Z INFO  client] Sending sample transaction 241
[2022-07-23T18:15:35.259Z INFO  client] Sending sample transaction 242
[2022-07-23T18:15:35.308Z INFO  client] Sending sample transaction 243
[2022-07-23T18:15:35.359Z INFO  client] Sending sample transaction 244
[2022-07-23T18:15:35.408Z INFO  client] Sending sample transaction 245
[2022-07-23T18:15:35.459Z INFO  client] Sending sample transaction 246
[2022-07-23T18:15:35.509Z INFO  client] Sending sample transaction 247
[2022-07-23T18:15:35.559Z INFO  client] Sending sample transaction 248
[2022-07-23T18:15:35.609Z INFO  client] Sending sample transaction 249
[2022-07-23T18:15:35.658Z INFO  client] Sending sample transaction 250
[2022-07-23T18:15:35.723Z INFO  client] Sending sample transaction 251
[2022-07-23T18:15:35.759Z INFO  client] Sending sample transaction 252
[2022-07-23T18:15:35.819Z INFO  client] Sending sample transaction 253
[2022-07-23T18:15:35.874Z INFO  client] Sending sample transaction 254
[2022-07-23T18:15:35.917Z INFO  client] Sending sample transaction 255
[2022-07-23T18:15:35.959Z INFO  client] Sending sample transaction 256
[2022-07-23T18:15:36.008Z INFO  client] Sending sample transaction 257
[2022-07-23T18:15:36.058Z INFO  client] Sending sample transaction 258
[2022-07-23T18:15:36.110Z INFO  client] Sending sample transaction 259
[2022-07-23T18:15:36.158Z INFO  client] Sending sample transaction 260
[2022-07-23T18:15:36.208Z INFO  client] Sending sample transaction 261
[2022-07-23T18:15:36.259Z INFO  client] Sending sample transaction 262
[2022-07-23T18:15:36.309Z INFO  client] Sending sample transaction 263
[2022-07-23T18:15:36.359Z INFO  client] Sending sample transaction 264
[2022-07-23T18:15:36.408Z INFO  client] Sending sample transaction 265
[2022-07-23T18:15:36.458Z INFO  client] Sending sample transaction 266
[2022-07-23T18:15:36.509Z INFO  client] Sending sample transaction 267
[2022-07-23T18:15:36.559Z INFO  client] Sending sample transaction 268
[2022-07-23T18:15:36.608Z INFO  client] Sending sample transaction 269
[2022-07-23T18:15:36.659Z INFO  client] Sending sample transaction 270
[2022-07-23T18:15:36.708Z INFO  client] Sending sample transaction 271
[2022-07-23T18:15:36.759Z INFO  client] Sending sample transaction 272
[2022-07-23T18:15:36.809Z INFO  client] Sending sample transaction 273
[2022-07-23T18:15:36.859Z INFO  client] Sending sample transaction 274
[2022-07-23T18:15:36.908Z INFO  client] Sending sample transaction 275
[2022-07-23T18:15:36.968Z INFO  client] Sending sample transaction 276
[2022-07-23T18:15:37.008Z INFO  client] Sending sample transaction 277
[2022-07-23T18:15:37.059Z INFO  client] Sending sample transaction 278
[2022-07-23T18:15:37.112Z INFO  client] Sending sample transaction 279
[2022-07-23T18:15:37.158Z INFO  client] Sending sample transaction 280
[2022-07-23T18:15:37.209Z INFO  client] Sending sample transaction 281
[2022-07-23T18:15:37.259Z INFO  client] Sending sample transaction 282
[2022-07-23T18:15:37.309Z INFO  client] Sending sample transaction 283
[2022-07-23T18:15:37.384Z INFO  client] Sending sample transaction 284
[2022-07-23T18:15:37.421Z INFO  client] Sending sample transaction 285
[2022-07-23T18:15:37.461Z INFO  client] Sending sample transaction 286
[2022-07-23T18:15:37.518Z INFO  client] Sending sample transaction 287
[2022-07-23T18:15:37.563Z INFO  client] Sending sample transaction 288
[2022-07-23T18:15:37.608Z INFO  client] Sending sample transaction 289
[2022-07-23T18:15:37.658Z INFO  client] Sending sample transaction 290
[2022-07-23T18:15:37.718Z INFO  client] Sending sample transaction 291
[2022-07-23T18:15:37.759Z INFO  client] Sending sample transaction 292
[2022-07-23T18:15:37.809Z INFO  client] Sending sample transaction 293
[2022-07-23T18:15:37.859Z INFO  client] Sending sample transaction 294
[2022-07-23T18:15:37.908Z INFO  client] Sending sample transaction 295
[2022-07-23T18:15:37.959Z INFO  client] Sending sample transaction 296
[2022-07-23T18:15:38.009Z INFO  client] Sending sample transaction 297
[2022-07-23T18:15:38.059Z INFO  client] Sending sample transaction 298
[2022-07-23T18:15:38.109Z INFO  client] Sending sample transaction 299
[2022-07-23T18:15:38.159Z INFO  client] Sending sample transaction 300
[2022-07-23T18:15:38.208Z INFO  client] Sending sample transaction 301
[2022-07-23T18:15:38.259Z INFO  client] Sending sample transaction 302
[2022-07-23T18:15:38.310Z INFO  client] Sending sample transaction 303
[2022-07-23T18:15:38.359Z INFO  client] Sending sample transaction 304
[2022-07-23T18:15:38.409Z INFO  client] Sending sample transaction 305
[2022-07-23T18:15:38.459Z INFO  client] Sending sample transaction 306
[2022-07-23T18:15:38.509Z INFO  client] Sending sample transaction 307
[2022-07-23T18:15:38.558Z INFO  client] Sending sample transaction 308
[2022-07-23T18:15:38.609Z INFO  client] Sending sample transaction 309
[2022-07-23T18:15:38.658Z INFO  client] Sending sample transaction 310
[2022-07-23T18:15:38.709Z INFO  client] Sending sample transaction 311
[2022-07-23T18:15:38.759Z INFO  client] Sending sample transaction 312
[2022-07-23T18:15:38.808Z INFO  client] Sending sample transaction 313
[2022-07-23T18:15:38.859Z INFO  client] Sending sample transaction 314
[2022-07-23T18:15:38.908Z INFO  client] Sending sample transaction 315
[2022-07-23T18:15:38.962Z INFO  client] Sending sample transaction 316
[2022-07-23T18:15:39.009Z INFO  client] Sending sample transaction 317
[2022-07-23T18:15:39.059Z INFO  client] Sending sample transaction 318
[2022-07-23T18:15:39.109Z INFO  client] Sending sample transaction 319
[2022-07-23T18:15:39.158Z INFO  client] Sending sample transaction 320
[2022-07-23T18:15:39.208Z INFO  client] Sending sample transaction 321
[2022-07-23T18:15:39.259Z INFO  client] Sending sample transaction 322
[2022-07-23T18:15:39.357Z INFO  client] Sending sample transaction 323
[2022-07-23T18:15:39.395Z INFO  client] Sending sample transaction 324
[2022-07-23T18:15:39.430Z INFO  client] Sending sample transaction 325
[2022-07-23T18:15:39.474Z INFO  client] Sending sample transaction 326
[2022-07-23T18:15:39.508Z INFO  client] Sending sample transaction 327
[2022-07-23T18:15:39.559Z INFO  client] Sending sample transaction 328
[2022-07-23T18:15:39.609Z INFO  client] Sending sample transaction 329
[2022-07-23T18:15:39.658Z INFO  client] Sending sample transaction 330
[2022-07-23T18:15:39.709Z INFO  client] Sending sample transaction 331
[2022-07-23T18:15:39.759Z INFO  client] Sending sample transaction 332
[2022-07-23T18:15:39.808Z INFO  client] Sending sample transaction 333
[2022-07-23T18:15:39.859Z INFO  client] Sending sample transaction 334
[2022-07-23T18:15:39.908Z INFO  client] Sending sample transaction 335
[2022-07-23T18:15:39.959Z INFO  client] Sending sample transaction 336
[2022-07-23T18:15:40.010Z INFO  client] Sending sample transaction 337
[2022-07-23T18:15:40.059Z INFO  client] Sending sample transaction 338
[2022-07-23T18:15:40.109Z INFO  client] Sending sample transaction 339
[2022-07-23T18:15:40.158Z INFO  client] Sending sample transaction 340
[2022-07-23T18:15:40.209Z INFO  client] Sending sample transaction 341
[2022-07-23T18:15:40.258Z INFO  client] Sending sample transaction 342
[2022-07-23T18:15:40.308Z INFO  client] Sending sample transaction 343
[2022-07-23T18:15:40.359Z INFO  client] Sending sample transaction 344
[2022-07-23T18:15:40.417Z INFO  client] Sending sample transaction 345
[2022-07-23T18:15:40.473Z INFO  client] Sending sample transaction 346
[2022-07-23T18:15:40.533Z INFO  client] Sending sample transaction 347
[2022-07-23T18:15:40.575Z INFO  client] Sending sample transaction 348
[2022-07-23T18:15:40.608Z INFO  client] Sending sample transaction 349
[2022-07-23T18:15:40.661Z INFO  client] Sending sample transaction 350
[2022-07-23T18:15:40.710Z INFO  client] Sending sample transaction 351
[2022-07-23T18:15:40.759Z INFO  client] Sending sample transaction 352
[2022-07-23T18:15:40.809Z INFO  client] Sending sample transaction 353
[2022-07-23T18:15:40.862Z INFO  client] Sending sample transaction 354
[2022-07-23T18:15:40.908Z INFO  client] Sending sample transaction 355
[2022-07-23T18:15:40.958Z INFO  client] Sending sample transaction 356
[2022-07-23T18:15:41.009Z INFO  client] Sending sample transaction 357
[2022-07-23T18:15:41.059Z INFO  client] Sending sample transaction 358
[2022-07-23T18:15:41.111Z INFO  client] Sending sample transaction 359
[2022-07-23T18:15:41.166Z INFO  client] Sending sample transaction 360
[2022-07-23T18:15:41.208Z INFO  client] Sending sample transaction 361
[2022-07-23T18:15:41.258Z INFO  client] Sending sample transaction 362
[2022-07-23T18:15:41.309Z INFO  client] Sending sample transaction 363
[2022-07-23T18:15:41.359Z INFO  client] Sending sample transaction 364
[2022-07-23T18:15:41.409Z INFO  client] Sending sample transaction 365
[2022-07-23T18:15:41.458Z INFO  client] Sending sample transaction 366
[2022-07-23T18:15:41.509Z INFO  client] Sending sample transaction 367
[2022-07-23T18:15:41.560Z INFO  client] Sending sample transaction 368
[2022-07-23T18:15:41.628Z INFO  client] Sending sample transaction 369
[2022-07-23T18:15:41.683Z INFO  client] Sending sample transaction 370
[2022-07-23T18:15:41.731Z INFO  client] Sending sample transaction 371
[2022-07-23T18:15:41.759Z INFO  client] Sending sample transaction 372
[2022-07-23T18:15:41.808Z INFO  client] Sending sample transaction 373
[2022-07-23T18:15:41.859Z INFO  client] Sending sample transaction 374
[2022-07-23T18:15:41.911Z INFO  client] Sending sample transaction 375
[2022-07-23T18:15:41.959Z INFO  client] Sending sample transaction 376
[2022-07-23T18:15:42.008Z INFO  client] Sending sample transaction 377
[2022-07-23T18:15:42.059Z INFO  client] Sending sample transaction 378
[2022-07-23T18:15:42.108Z INFO  client] Sending sample transaction 379
[2022-07-23T18:15:42.159Z INFO  client] Sending sample transaction 380
[2022-07-23T18:15:42.209Z INFO  client] Sending sample transaction 381
[2022-07-23T18:15:42.259Z INFO  client] Sending sample transaction 382
[2022-07-23T18:15:42.310Z INFO  client] Sending sample transaction 383
[2022-07-23T18:15:42.361Z INFO  client] Sending sample transaction 384
[2022-07-23T18:15:42.409Z INFO  client] Sending sample transaction 385
[2022-07-23T18:15:42.458Z INFO  client] Sending sample transaction 386
[2022-07-23T18:15:42.508Z INFO  client] Sending sample transaction 387
[2022-07-23T18:15:42.558Z INFO  client] Sending sample transaction 388
[2022-07-23T18:15:42.609Z INFO  client] Sending sample transaction 389
[2022-07-23T18:15:42.658Z INFO  client] Sending sample transaction 390
[2022-07-23T18:15:42.711Z INFO  client] Sending sample transaction 391
[2022-07-23T18:15:42.781Z INFO  client] Sending sample transaction 392
[2022-07-23T18:15:42.820Z INFO  client] Sending sample transaction 393
[2022-07-23T18:15:42.859Z INFO  client] Sending sample transaction 394
[2022-07-23T18:15:42.917Z INFO  client] Sending sample transaction 395
[2022-07-23T18:15:42.958Z INFO  client] Sending sample transaction 396
[2022-07-23T18:15:43.012Z INFO  client] Sending sample transaction 397
[2022-07-23T18:15:43.060Z INFO  client] Sending sample transaction 398
[2022-07-23T18:15:43.109Z INFO  client] Sending sample transaction 399
[2022-07-23T18:15:43.158Z INFO  client] Sending sample transaction 400
[2022-07-23T18:15:43.218Z INFO  client] Sending sample transaction 401
[2022-07-23T18:15:43.259Z INFO  client] Sending sample transaction 402
[2022-07-23T18:15:43.308Z INFO  client] Sending sample transaction 403
[2022-07-23T18:15:43.359Z INFO  client] Sending sample transaction 404
[2022-07-23T18:15:43.408Z INFO  client] Sending sample transaction 405
[2022-07-23T18:15:43.458Z INFO  client] Sending sample transaction 406
[2022-07-23T18:15:43.508Z INFO  client] Sending sample transaction 407
[2022-07-23T18:15:43.559Z INFO  client] Sending sample transaction 408
[2022-07-23T18:15:43.608Z INFO  client] Sending sample transaction 409
[2022-07-23T18:15:43.659Z INFO  client] Sending sample transaction 410
[2022-07-23T18:15:43.709Z INFO  client] Sending sample transaction 411
[2022-07-23T18:15:43.758Z INFO  client] Sending sample transaction 412
[2022-07-23T18:15:43.808Z INFO  client] Sending sample transaction 413
[2022-07-23T18:15:43.866Z INFO  client] Sending sample transaction 414
[2022-07-23T18:15:43.933Z INFO  client] Sending sample transaction 415
[2022-07-23T18:15:44.002Z INFO  client] Sending sample transaction 416
[2022-07-23T18:15:44.017Z INFO  client] Sending sample transaction 417
[2022-07-23T18:15:44.059Z INFO  client] Sending sample transaction 418
[2022-07-23T18:15:44.112Z INFO  client] Sending sample transaction 419
[2022-07-23T18:15:44.170Z INFO  client] Sending sample transaction 420
[2022-07-23T18:15:44.233Z INFO  client] Sending sample transaction 421
[2022-07-23T18:15:44.260Z INFO  client] Sending sample transaction 422
[2022-07-23T18:15:44.309Z INFO  client] Sending sample transaction 423
[2022-07-23T18:15:44.359Z INFO  client] Sending sample transaction 424
[2022-07-23T18:15:44.413Z INFO  client] Sending sample transaction 425
[2022-07-23T18:15:44.461Z INFO  client] Sending sample transaction 426
[2022-07-23T18:15:44.523Z INFO  client] Sending sample transaction 427
[2022-07-23T18:15:44.563Z INFO  client] Sending sample transaction 428
[2022-07-23T18:15:44.617Z INFO  client] Sending sample transaction 429
[2022-07-23T18:15:44.658Z INFO  client] Sending sample transaction 430
[2022-07-23T18:15:44.710Z INFO  client] Sending sample transaction 431
[2022-07-23T18:15:44.758Z INFO  client] Sending sample transaction 432
[2022-07-23T18:15:44.809Z INFO  client] Sending sample transaction 433
[2022-07-23T18:15:44.863Z INFO  client] Sending sample transaction 434
