[2022-07-23T11:05:29.852Z INFO  client] Node address: 127.0.0.1:9013
[2022-07-23T11:05:29.852Z INFO  client] Transactions size: 512 B
[2022-07-23T11:05:29.852Z INFO  client] Transactions rate: 112 tx/s
[2022-07-23T11:05:29.852Z INFO  client] Waiting for all nodes to be online...
[2022-07-23T11:05:29.852Z INFO  client] Waiting for all nodes to be synchronized...
[2022-07-23T11:05:31.856Z INFO  client] Start sending transactions
[2022-07-23T11:05:31.857Z INFO  client] Sending sample transaction 0
[2022-07-23T11:05:31.908Z INFO  client] Sending sample transaction 1
[2022-07-23T11:05:31.957Z INFO  client] Sending sample transaction 2
[2022-07-23T11:05:32.007Z INFO  client] Sending sample transaction 3
[2022-07-23T11:05:32.057Z INFO  client] Sending sample transaction 4
[2022-07-23T11:05:32.107Z INFO  client] Sending sample transaction 5
[2022-07-23T11:05:32.157Z INFO  client] Sending sample transaction 6
[2022-07-23T11:05:32.207Z INFO  client] Sending sample transaction 7
[2022-07-23T11:05:32.268Z INFO  client] Sending sample transaction 8
[2022-07-23T11:05:32.309Z INFO  client] Sending sample transaction 9
[2022-07-23T11:05:32.356Z INFO  client] Sending sample transaction 10
[2022-07-23T11:05:32.459Z INFO  client] Sending sample transaction 11
[2022-07-23T11:05:32.521Z WARN  client] Transaction rate too high for this client
[2022-07-23T11:05:32.521Z INFO  client] Sending sample transaction 12
[2022-07-23T11:05:32.556Z INFO  client] Sending sample transaction 13
[2022-07-23T11:05:32.588Z INFO  client] Sending sample transaction 14
[2022-07-23T11:05:32.613Z INFO  client] Sending sample transaction 15
[2022-07-23T11:05:32.657Z INFO  client] Sending sample transaction 16
[2022-07-23T11:05:32.707Z INFO  client] Sending sample transaction 17
[2022-07-23T11:05:32.770Z INFO  client] Sending sample transaction 18
[2022-07-23T11:05:32.809Z INFO  client] Sending sample transaction 19
[2022-07-23T11:05:32.872Z INFO  client] Sending sample transaction 20
[2022-07-23T11:05:32.918Z INFO  client] Sending sample transaction 21
[2022-07-23T11:05:32.959Z INFO  client] Sending sample transaction 22
[2022-07-23T11:05:33.008Z INFO  client] Sending sample transaction 23
[2022-07-23T11:05:33.058Z INFO  client] Sending sample transaction 24
[2022-07-23T11:05:33.107Z INFO  client] Sending sample transaction 25
[2022-07-23T11:05:33.157Z INFO  client] Sending sample transaction 26
[2022-07-23T11:05:33.207Z INFO  client] Sending sample transaction 27
[2022-07-23T11:05:33.257Z INFO  client] Sending sample transaction 28
[2022-07-23T11:05:33.308Z INFO  client] Sending sample transaction 29
[2022-07-23T11:05:33.356Z INFO  client] Sending sample transaction 30
[2022-07-23T11:05:33.407Z INFO  client] Sending sample transaction 31
[2022-07-23T11:05:33.457Z INFO  client] Sending sample transaction 32
[2022-07-23T11:05:33.507Z INFO  client] Sending sample transaction 33
[2022-07-23T11:05:33.558Z INFO  client] Sending sample transaction 34
[2022-07-23T11:05:33.606Z INFO  client] Sending sample transaction 35
[2022-07-23T11:05:33.656Z INFO  client] Sending sample transaction 36
[2022-07-23T11:05:33.708Z INFO  client] Sending sample transaction 37
[2022-07-23T11:05:33.758Z INFO  client] Sending sample transaction 38
[2022-07-23T11:05:33.808Z INFO  client] Sending sample transaction 39
[2022-07-23T11:05:33.856Z INFO  client] Sending sample transaction 40
[2022-07-23T11:05:33.908Z INFO  client] Sending sample transaction 41
[2022-07-23T11:05:33.957Z INFO  client] Sending sample transaction 42
[2022-07-23T11:05:34.007Z INFO  client] Sending sample transaction 43
[2022-07-23T11:05:34.057Z INFO  client] Sending sample transaction 44
[2022-07-23T11:05:34.107Z INFO  client] Sending sample transaction 45
[2022-07-23T11:05:34.157Z INFO  client] Sending sample transaction 46
[2022-07-23T11:05:34.207Z INFO  client] Sending sample transaction 47
[2022-07-23T11:05:34.258Z INFO  client] Sending sample transaction 48
[2022-07-23T11:05:34.307Z INFO  client] Sending sample transaction 49
[2022-07-23T11:05:34.357Z INFO  client] Sending sample transaction 50
[2022-07-23T11:05:34.407Z INFO  client] Sending sample transaction 51
[2022-07-23T11:05:34.457Z INFO  client] Sending sample transaction 52
[2022-07-23T11:05:34.508Z INFO  client] Sending sample transaction 53
[2022-07-23T11:05:34.557Z INFO  client] Sending sample transaction 54
[2022-07-23T11:05:34.617Z INFO  client] Sending sample transaction 55
[2022-07-23T11:05:34.657Z INFO  client] Sending sample transaction 56
[2022-07-23T11:05:34.707Z INFO  client] Sending sample transaction 57
[2022-07-23T11:05:34.757Z INFO  client] Sending sample transaction 58
[2022-07-23T11:05:34.807Z INFO  client] Sending sample transaction 59
[2022-07-23T11:05:34.856Z INFO  client] Sending sample transaction 60
[2022-07-23T11:05:34.912Z INFO  client] Sending sample transaction 61
[2022-07-23T11:05:34.961Z INFO  client] Sending sample transaction 62
[2022-07-23T11:05:35.009Z INFO  client] Sending sample transaction 63
[2022-07-23T11:05:35.057Z INFO  client] Sending sample transaction 64
[2022-07-23T11:05:35.107Z INFO  client] Sending sample transaction 65
[2022-07-23T11:05:35.161Z INFO  client] Sending sample transaction 66
[2022-07-23T11:05:35.207Z INFO  client] Sending sample transaction 67
[2022-07-23T11:05:35.258Z INFO  client] Sending sample transaction 68
[2022-07-23T11:05:35.307Z INFO  client] Sending sample transaction 69
[2022-07-23T11:05:35.358Z INFO  client] Sending sample transaction 70
[2022-07-23T11:05:35.407Z INFO  client] Sending sample transaction 71
[2022-07-23T11:05:35.457Z INFO  client] Sending sample transaction 72
[2022-07-23T11:05:35.508Z INFO  client] Sending sample transaction 73
[2022-07-23T11:05:35.558Z INFO  client] Sending sample transaction 74
[2022-07-23T11:05:35.607Z INFO  client] Sending sample transaction 75
[2022-07-23T11:05:35.657Z INFO  client] Sending sample transaction 76
[2022-07-23T11:05:35.707Z INFO  client] Sending sample transaction 77
[2022-07-23T11:05:35.757Z INFO  client] Sending sample transaction 78
[2022-07-23T11:05:35.807Z INFO  client] Sending sample transaction 79
[2022-07-23T11:05:35.856Z INFO  client] Sending sample transaction 80
[2022-07-23T11:05:35.907Z INFO  client] Sending sample transaction 81
[2022-07-23T11:05:35.956Z INFO  client] Sending sample transaction 82
[2022-07-23T11:05:36.007Z INFO  client] Sending sample transaction 83
[2022-07-23T11:05:36.057Z INFO  client] Sending sample transaction 84
[2022-07-23T11:05:36.113Z INFO  client] Sending sample transaction 85
[2022-07-23T11:05:36.158Z INFO  client] Sending sample transaction 86
[2022-07-23T11:05:36.207Z INFO  client] Sending sample transaction 87
[2022-07-23T11:05:36.257Z INFO  client] Sending sample transaction 88
[2022-07-23T11:05:36.308Z INFO  client] Sending sample transaction 89
[2022-07-23T11:05:36.358Z INFO  client] Sending sample transaction 90
[2022-07-23T11:05:36.407Z INFO  client] Sending sample transaction 91
[2022-07-23T11:05:36.457Z INFO  client] Sending sample transaction 92
[2022-07-23T11:05:36.507Z INFO  client] Sending sample transaction 93
[2022-07-23T11:05:36.557Z INFO  client] Sending sample transaction 94
[2022-07-23T11:05:36.607Z INFO  client] Sending sample transaction 95
[2022-07-23T11:05:36.658Z INFO  client] Sending sample transaction 96
[2022-07-23T11:05:36.707Z INFO  client] Sending sample transaction 97
[2022-07-23T11:05:36.757Z INFO  client] Sending sample transaction 98
[2022-07-23T11:05:36.807Z INFO  client] Sending sample transaction 99
[2022-07-23T11:05:36.857Z INFO  client] Sending sample transaction 100
[2022-07-23T11:05:36.907Z INFO  client] Sending sample transaction 101
[2022-07-23T11:05:36.957Z INFO  client] Sending sample transaction 102
[2022-07-23T11:05:37.007Z INFO  client] Sending sample transaction 103
[2022-07-23T11:05:37.057Z INFO  client] Sending sample transaction 104
[2022-07-23T11:05:37.106Z INFO  client] Sending sample transaction 105
[2022-07-23T11:05:37.157Z INFO  client] Sending sample transaction 106
[2022-07-23T11:05:37.206Z INFO  client] Sending sample transaction 107
[2022-07-23T11:05:37.257Z INFO  client] Sending sample transaction 108
[2022-07-23T11:05:37.307Z INFO  client] Sending sample transaction 109
[2022-07-23T11:05:37.356Z INFO  client] Sending sample transaction 110
[2022-07-23T11:05:37.407Z INFO  client] Sending sample transaction 111
[2022-07-23T11:05:37.457Z INFO  client] Sending sample transaction 112
[2022-07-23T11:05:37.507Z INFO  client] Sending sample transaction 113
[2022-07-23T11:05:37.558Z INFO  client] Sending sample transaction 114
[2022-07-23T11:05:37.606Z INFO  client] Sending sample transaction 115
[2022-07-23T11:05:37.657Z INFO  client] Sending sample transaction 116
[2022-07-23T11:05:37.707Z INFO  client] Sending sample transaction 117
[2022-07-23T11:05:37.758Z INFO  client] Sending sample transaction 118
[2022-07-23T11:05:37.807Z INFO  client] Sending sample transaction 119
[2022-07-23T11:05:37.856Z INFO  client] Sending sample transaction 120
[2022-07-23T11:05:37.908Z INFO  client] Sending sample transaction 121
[2022-07-23T11:05:37.957Z INFO  client] Sending sample transaction 122
[2022-07-23T11:05:38.034Z INFO  client] Sending sample transaction 123
[2022-07-23T11:05:38.066Z INFO  client] Sending sample transaction 124
[2022-07-23T11:05:38.108Z INFO  client] Sending sample transaction 125
[2022-07-23T11:05:38.157Z INFO  client] Sending sample transaction 126
[2022-07-23T11:05:38.207Z INFO  client] Sending sample transaction 127
[2022-07-23T11:05:38.258Z INFO  client] Sending sample transaction 128
[2022-07-23T11:05:38.309Z INFO  client] Sending sample transaction 129
[2022-07-23T11:05:38.358Z INFO  client] Sending sample transaction 130
[2022-07-23T11:05:38.407Z INFO  client] Sending sample transaction 131
[2022-07-23T11:05:38.458Z INFO  client] Sending sample transaction 132
[2022-07-23T11:05:38.508Z INFO  client] Sending sample transaction 133
[2022-07-23T11:05:38.557Z INFO  client] Sending sample transaction 134
[2022-07-23T11:05:38.607Z INFO  client] Sending sample transaction 135
[2022-07-23T11:05:38.657Z INFO  client] Sending sample transaction 136
[2022-07-23T11:05:38.708Z INFO  client] Sending sample transaction 137
[2022-07-23T11:05:38.758Z INFO  client] Sending sample transaction 138
[2022-07-23T11:05:38.809Z INFO  client] Sending sample transaction 139
[2022-07-23T11:05:38.858Z INFO  client] Sending sample transaction 140
[2022-07-23T11:05:38.907Z INFO  client] Sending sample transaction 141
[2022-07-23T11:05:38.957Z INFO  client] Sending sample transaction 142
[2022-07-23T11:05:39.007Z INFO  client] Sending sample transaction 143
[2022-07-23T11:05:39.056Z INFO  client] Sending sample transaction 144
[2022-07-23T11:05:39.114Z INFO  client] Sending sample transaction 145
[2022-07-23T11:05:39.157Z INFO  client] Sending sample transaction 146
[2022-07-23T11:05:39.206Z INFO  client] Sending sample transaction 147
[2022-07-23T11:05:39.257Z INFO  client] Sending sample transaction 148
[2022-07-23T11:05:39.310Z INFO  client] Sending sample transaction 149
[2022-07-23T11:05:39.357Z INFO  client] Sending sample transaction 150
[2022-07-23T11:05:39.407Z INFO  client] Sending sample transaction 151
[2022-07-23T11:05:39.456Z INFO  client] Sending sample transaction 152
[2022-07-23T11:05:39.507Z INFO  client] Sending sample transaction 153
[2022-07-23T11:05:39.557Z INFO  client] Sending sample transaction 154
[2022-07-23T11:05:39.607Z INFO  client] Sending sample transaction 155
[2022-07-23T11:05:39.657Z INFO  client] Sending sample transaction 156
[2022-07-23T11:05:39.707Z INFO  client] Sending sample transaction 157
[2022-07-23T11:05:39.757Z INFO  client] Sending sample transaction 158
[2022-07-23T11:05:39.807Z INFO  client] Sending sample transaction 159
[2022-07-23T11:05:39.857Z INFO  client] Sending sample transaction 160
[2022-07-23T11:05:39.907Z INFO  client] Sending sample transaction 161
[2022-07-23T11:05:39.957Z INFO  client] Sending sample transaction 162
[2022-07-23T11:05:40.007Z INFO  client] Sending sample transaction 163
[2022-07-23T11:05:40.057Z INFO  client] Sending sample transaction 164
[2022-07-23T11:05:40.106Z INFO  client] Sending sample transaction 165
[2022-07-23T11:05:40.157Z INFO  client] Sending sample transaction 166
[2022-07-23T11:05:40.207Z INFO  client] Sending sample transaction 167
[2022-07-23T11:05:40.257Z INFO  client] Sending sample transaction 168
[2022-07-23T11:05:40.308Z INFO  client] Sending sample transaction 169
[2022-07-23T11:05:40.357Z INFO  client] Sending sample transaction 170
[2022-07-23T11:05:40.408Z INFO  client] Sending sample transaction 171
[2022-07-23T11:05:40.458Z INFO  client] Sending sample transaction 172
[2022-07-23T11:05:40.508Z INFO  client] Sending sample transaction 173
[2022-07-23T11:05:40.558Z INFO  client] Sending sample transaction 174
[2022-07-23T11:05:40.607Z INFO  client] Sending sample transaction 175
[2022-07-23T11:05:40.657Z INFO  client] Sending sample transaction 176
[2022-07-23T11:05:40.707Z INFO  client] Sending sample transaction 177
[2022-07-23T11:05:40.758Z INFO  client] Sending sample transaction 178
[2022-07-23T11:05:40.807Z INFO  client] Sending sample transaction 179
[2022-07-23T11:05:40.857Z INFO  client] Sending sample transaction 180
[2022-07-23T11:05:40.907Z INFO  client] Sending sample transaction 181
[2022-07-23T11:05:40.957Z INFO  client] Sending sample transaction 182
[2022-07-23T11:05:41.008Z INFO  client] Sending sample transaction 183
[2022-07-23T11:05:41.057Z INFO  client] Sending sample transaction 184
[2022-07-23T11:05:41.108Z INFO  client] Sending sample transaction 185
[2022-07-23T11:05:41.156Z INFO  client] Sending sample transaction 186
[2022-07-23T11:05:41.207Z INFO  client] Sending sample transaction 187
[2022-07-23T11:05:41.258Z INFO  client] Sending sample transaction 188
[2022-07-23T11:05:41.307Z INFO  client] Sending sample transaction 189
[2022-07-23T11:05:41.357Z INFO  client] Sending sample transaction 190
[2022-07-23T11:05:41.407Z INFO  client] Sending sample transaction 191
[2022-07-23T11:05:41.457Z INFO  client] Sending sample transaction 192
[2022-07-23T11:05:41.507Z INFO  client] Sending sample transaction 193
[2022-07-23T11:05:41.557Z INFO  client] Sending sample transaction 194
[2022-07-23T11:05:41.607Z INFO  client] Sending sample transaction 195
[2022-07-23T11:05:41.657Z INFO  client] Sending sample transaction 196
[2022-07-23T11:05:41.707Z INFO  client] Sending sample transaction 197
[2022-07-23T11:05:41.756Z INFO  client] Sending sample transaction 198
[2022-07-23T11:05:41.807Z INFO  client] Sending sample transaction 199
[2022-07-23T11:05:41.857Z INFO  client] Sending sample transaction 200
[2022-07-23T11:05:41.907Z INFO  client] Sending sample transaction 201
[2022-07-23T11:05:41.957Z INFO  client] Sending sample transaction 202
[2022-07-23T11:05:42.007Z INFO  client] Sending sample transaction 203
[2022-07-23T11:05:42.058Z INFO  client] Sending sample transaction 204
[2022-07-23T11:05:42.106Z INFO  client] Sending sample transaction 205
[2022-07-23T11:05:42.156Z INFO  client] Sending sample transaction 206
[2022-07-23T11:05:42.211Z INFO  client] Sending sample transaction 207
[2022-07-23T11:05:42.257Z INFO  client] Sending sample transaction 208
[2022-07-23T11:05:42.307Z INFO  client] Sending sample transaction 209
[2022-07-23T11:05:42.357Z INFO  client] Sending sample transaction 210
[2022-07-23T11:05:42.407Z INFO  client] Sending sample transaction 211
[2022-07-23T11:05:42.457Z INFO  client] Sending sample transaction 212
[2022-07-23T11:05:42.506Z INFO  client] Sending sample transaction 213
[2022-07-23T11:05:42.557Z INFO  client] Sending sample transaction 214
[2022-07-23T11:05:42.607Z INFO  client] Sending sample transaction 215
[2022-07-23T11:05:42.657Z INFO  client] Sending sample transaction 216
[2022-07-23T11:05:42.707Z INFO  client] Sending sample transaction 217
[2022-07-23T11:05:42.757Z INFO  client] Sending sample transaction 218
[2022-07-23T11:05:42.807Z INFO  client] Sending sample transaction 219
[2022-07-23T11:05:42.858Z INFO  client] Sending sample transaction 220
[2022-07-23T11:05:42.907Z INFO  client] Sending sample transaction 221
[2022-07-23T11:05:42.956Z INFO  client] Sending sample transaction 222
[2022-07-23T11:05:43.007Z INFO  client] Sending sample transaction 223
[2022-07-23T11:05:43.057Z INFO  client] Sending sample transaction 224
[2022-07-23T11:05:43.106Z INFO  client] Sending sample transaction 225
[2022-07-23T11:05:43.157Z INFO  client] Sending sample transaction 226
[2022-07-23T11:05:43.207Z INFO  client] Sending sample transaction 227
[2022-07-23T11:05:43.275Z INFO  client] Sending sample transaction 228
[2022-07-23T11:05:43.307Z INFO  client] Sending sample transaction 229
[2022-07-23T11:05:43.356Z INFO  client] Sending sample transaction 230
[2022-07-23T11:05:43.407Z INFO  client] Sending sample transaction 231
[2022-07-23T11:05:43.456Z INFO  client] Sending sample transaction 232
[2022-07-23T11:05:43.506Z INFO  client] Sending sample transaction 233
[2022-07-23T11:05:43.557Z INFO  client] Sending sample transaction 234
[2022-07-23T11:05:43.607Z INFO  client] Sending sample transaction 235
[2022-07-23T11:05:43.657Z INFO  client] Sending sample transaction 236
[2022-07-23T11:05:43.707Z INFO  client] Sending sample transaction 237
[2022-07-23T11:05:43.757Z INFO  client] Sending sample transaction 238
[2022-07-23T11:05:43.807Z INFO  client] Sending sample transaction 239
[2022-07-23T11:05:43.856Z INFO  client] Sending sample transaction 240
[2022-07-23T11:05:43.907Z INFO  client] Sending sample transaction 241
[2022-07-23T11:05:43.957Z INFO  client] Sending sample transaction 242
[2022-07-23T11:05:44.007Z INFO  client] Sending sample transaction 243
[2022-07-23T11:05:44.058Z INFO  client] Sending sample transaction 244
[2022-07-23T11:05:44.107Z INFO  client] Sending sample transaction 245
[2022-07-23T11:05:44.157Z INFO  client] Sending sample transaction 246
[2022-07-23T11:05:44.207Z INFO  client] Sending sample transaction 247
[2022-07-23T11:05:44.258Z INFO  client] Sending sample transaction 248
[2022-07-23T11:05:44.311Z INFO  client] Sending sample transaction 249
[2022-07-23T11:05:44.357Z INFO  client] Sending sample transaction 250
[2022-07-23T11:05:44.408Z INFO  client] Sending sample transaction 251
[2022-07-23T11:05:44.457Z INFO  client] Sending sample transaction 252
[2022-07-23T11:05:44.507Z INFO  client] Sending sample transaction 253
[2022-07-23T11:05:44.558Z INFO  client] Sending sample transaction 254
[2022-07-23T11:05:44.606Z INFO  client] Sending sample transaction 255
[2022-07-23T11:05:44.657Z INFO  client] Sending sample transaction 256
[2022-07-23T11:05:44.708Z INFO  client] Sending sample transaction 257
[2022-07-23T11:05:44.760Z INFO  client] Sending sample transaction 258
[2022-07-23T11:05:44.807Z INFO  client] Sending sample transaction 259
[2022-07-23T11:05:44.857Z INFO  client] Sending sample transaction 260
[2022-07-23T11:05:44.907Z INFO  client] Sending sample transaction 261
[2022-07-23T11:05:44.956Z INFO  client] Sending sample transaction 262
[2022-07-23T11:05:45.008Z INFO  client] Sending sample transaction 263
[2022-07-23T11:05:45.057Z INFO  client] Sending sample transaction 264
[2022-07-23T11:05:45.106Z INFO  client] Sending sample transaction 265
[2022-07-23T11:05:45.157Z INFO  client] Sending sample transaction 266
[2022-07-23T11:05:45.207Z INFO  client] Sending sample transaction 267
[2022-07-23T11:05:45.258Z INFO  client] Sending sample transaction 268
[2022-07-23T11:05:45.308Z INFO  client] Sending sample transaction 269
[2022-07-23T11:05:45.357Z INFO  client] Sending sample transaction 270
[2022-07-23T11:05:45.407Z INFO  client] Sending sample transaction 271
[2022-07-23T11:05:45.458Z INFO  client] Sending sample transaction 272
[2022-07-23T11:05:45.507Z INFO  client] Sending sample transaction 273
[2022-07-23T11:05:45.557Z INFO  client] Sending sample transaction 274
[2022-07-23T11:05:45.607Z INFO  client] Sending sample transaction 275
[2022-07-23T11:05:45.656Z INFO  client] Sending sample transaction 276
[2022-07-23T11:05:45.707Z INFO  client] Sending sample transaction 277
[2022-07-23T11:05:45.759Z INFO  client] Sending sample transaction 278
[2022-07-23T11:05:45.807Z INFO  client] Sending sample transaction 279
[2022-07-23T11:05:45.857Z INFO  client] Sending sample transaction 280
[2022-07-23T11:05:45.907Z INFO  client] Sending sample transaction 281
[2022-07-23T11:05:45.958Z INFO  client] Sending sample transaction 282
[2022-07-23T11:05:46.007Z INFO  client] Sending sample transaction 283
[2022-07-23T11:05:46.057Z INFO  client] Sending sample transaction 284
[2022-07-23T11:05:46.107Z INFO  client] Sending sample transaction 285
[2022-07-23T11:05:46.157Z INFO  client] Sending sample transaction 286
[2022-07-23T11:05:46.207Z INFO  client] Sending sample transaction 287
[2022-07-23T11:05:46.257Z INFO  client] Sending sample transaction 288
[2022-07-23T11:05:46.308Z INFO  client] Sending sample transaction 289
[2022-07-23T11:05:46.358Z INFO  client] Sending sample transaction 290
[2022-07-23T11:05:46.409Z INFO  client] Sending sample transaction 291
[2022-07-23T11:05:46.456Z INFO  client] Sending sample transaction 292
[2022-07-23T11:05:46.507Z INFO  client] Sending sample transaction 293
[2022-07-23T11:05:46.558Z INFO  client] Sending sample transaction 294
[2022-07-23T11:05:46.607Z INFO  client] Sending sample transaction 295
[2022-07-23T11:05:46.658Z INFO  client] Sending sample transaction 296
[2022-07-23T11:05:46.708Z INFO  client] Sending sample transaction 297
[2022-07-23T11:05:46.760Z INFO  client] Sending sample transaction 298
[2022-07-23T11:05:46.808Z INFO  client] Sending sample transaction 299
[2022-07-23T11:05:46.857Z INFO  client] Sending sample transaction 300
[2022-07-23T11:05:46.907Z INFO  client] Sending sample transaction 301
[2022-07-23T11:05:46.957Z INFO  client] Sending sample transaction 302
[2022-07-23T11:05:47.007Z INFO  client] Sending sample transaction 303
[2022-07-23T11:05:47.057Z INFO  client] Sending sample transaction 304
[2022-07-23T11:05:47.106Z INFO  client] Sending sample transaction 305
[2022-07-23T11:05:47.158Z INFO  client] Sending sample transaction 306
[2022-07-23T11:05:47.207Z INFO  client] Sending sample transaction 307
[2022-07-23T11:05:47.257Z INFO  client] Sending sample transaction 308
[2022-07-23T11:05:47.308Z INFO  client] Sending sample transaction 309
[2022-07-23T11:05:47.357Z INFO  client] Sending sample transaction 310
[2022-07-23T11:05:47.408Z INFO  client] Sending sample transaction 311
[2022-07-23T11:05:47.458Z INFO  client] Sending sample transaction 312
[2022-07-23T11:05:47.507Z INFO  client] Sending sample transaction 313
[2022-07-23T11:05:47.557Z INFO  client] Sending sample transaction 314
[2022-07-23T11:05:47.607Z INFO  client] Sending sample transaction 315
[2022-07-23T11:05:47.656Z INFO  client] Sending sample transaction 316
[2022-07-23T11:05:47.707Z INFO  client] Sending sample transaction 317
[2022-07-23T11:05:47.757Z INFO  client] Sending sample transaction 318
[2022-07-23T11:05:47.807Z INFO  client] Sending sample transaction 319
[2022-07-23T11:05:47.857Z INFO  client] Sending sample transaction 320
[2022-07-23T11:05:47.915Z INFO  client] Sending sample transaction 321
[2022-07-23T11:05:47.959Z INFO  client] Sending sample transaction 322
[2022-07-23T11:05:48.007Z INFO  client] Sending sample transaction 323
[2022-07-23T11:05:48.059Z INFO  client] Sending sample transaction 324
[2022-07-23T11:05:48.107Z INFO  client] Sending sample transaction 325
[2022-07-23T11:05:48.157Z INFO  client] Sending sample transaction 326
[2022-07-23T11:05:48.207Z INFO  client] Sending sample transaction 327
[2022-07-23T11:05:48.257Z INFO  client] Sending sample transaction 328
[2022-07-23T11:05:48.307Z INFO  client] Sending sample transaction 329
[2022-07-23T11:05:48.357Z INFO  client] Sending sample transaction 330
[2022-07-23T11:05:48.406Z INFO  client] Sending sample transaction 331
[2022-07-23T11:05:48.458Z INFO  client] Sending sample transaction 332
[2022-07-23T11:05:48.530Z INFO  client] Sending sample transaction 333
[2022-07-23T11:05:48.559Z INFO  client] Sending sample transaction 334
[2022-07-23T11:05:48.607Z INFO  client] Sending sample transaction 335
[2022-07-23T11:05:48.658Z INFO  client] Sending sample transaction 336
[2022-07-23T11:05:48.708Z INFO  client] Sending sample transaction 337
[2022-07-23T11:05:48.756Z INFO  client] Sending sample transaction 338
[2022-07-23T11:05:48.807Z INFO  client] Sending sample transaction 339
[2022-07-23T11:05:48.857Z INFO  client] Sending sample transaction 340
[2022-07-23T11:05:48.906Z INFO  client] Sending sample transaction 341
[2022-07-23T11:05:48.957Z INFO  client] Sending sample transaction 342
[2022-07-23T11:05:49.008Z INFO  client] Sending sample transaction 343
[2022-07-23T11:05:49.057Z INFO  client] Sending sample transaction 344
[2022-07-23T11:05:49.107Z INFO  client] Sending sample transaction 345
[2022-07-23T11:05:49.157Z INFO  client] Sending sample transaction 346
[2022-07-23T11:05:49.207Z INFO  client] Sending sample transaction 347
[2022-07-23T11:05:49.256Z INFO  client] Sending sample transaction 348
[2022-07-23T11:05:49.307Z INFO  client] Sending sample transaction 349
[2022-07-23T11:05:49.357Z INFO  client] Sending sample transaction 350
[2022-07-23T11:05:49.407Z INFO  client] Sending sample transaction 351
[2022-07-23T11:05:49.457Z INFO  client] Sending sample transaction 352
[2022-07-23T11:05:49.507Z INFO  client] Sending sample transaction 353
[2022-07-23T11:05:49.557Z INFO  client] Sending sample transaction 354
[2022-07-23T11:05:49.613Z INFO  client] Sending sample transaction 355
[2022-07-23T11:05:49.657Z INFO  client] Sending sample transaction 356
[2022-07-23T11:05:49.707Z INFO  client] Sending sample transaction 357
[2022-07-23T11:05:49.758Z INFO  client] Sending sample transaction 358
[2022-07-23T11:05:49.807Z INFO  client] Sending sample transaction 359
[2022-07-23T11:05:49.856Z INFO  client] Sending sample transaction 360
[2022-07-23T11:05:49.906Z INFO  client] Sending sample transaction 361
[2022-07-23T11:05:49.957Z INFO  client] Sending sample transaction 362
[2022-07-23T11:05:50.007Z INFO  client] Sending sample transaction 363
[2022-07-23T11:05:50.058Z INFO  client] Sending sample transaction 364
[2022-07-23T11:05:50.109Z INFO  client] Sending sample transaction 365
[2022-07-23T11:05:50.158Z INFO  client] Sending sample transaction 366
[2022-07-23T11:05:50.207Z INFO  client] Sending sample transaction 367
[2022-07-23T11:05:50.257Z INFO  client] Sending sample transaction 368
[2022-07-23T11:05:50.307Z INFO  client] Sending sample transaction 369
[2022-07-23T11:05:50.357Z INFO  client] Sending sample transaction 370
[2022-07-23T11:05:50.407Z INFO  client] Sending sample transaction 371
[2022-07-23T11:05:50.457Z INFO  client] Sending sample transaction 372
[2022-07-23T11:05:50.507Z INFO  client] Sending sample transaction 373
[2022-07-23T11:05:50.557Z INFO  client] Sending sample transaction 374
[2022-07-23T11:05:50.609Z INFO  client] Sending sample transaction 375
[2022-07-23T11:05:50.665Z INFO  client] Sending sample transaction 376
[2022-07-23T11:05:50.707Z INFO  client] Sending sample transaction 377
[2022-07-23T11:05:50.757Z INFO  client] Sending sample transaction 378
[2022-07-23T11:05:50.807Z INFO  client] Sending sample transaction 379
[2022-07-23T11:05:50.857Z INFO  client] Sending sample transaction 380
[2022-07-23T11:05:50.909Z INFO  client] Sending sample transaction 381
[2022-07-23T11:05:50.957Z INFO  client] Sending sample transaction 382
[2022-07-23T11:05:51.008Z INFO  client] Sending sample transaction 383
[2022-07-23T11:05:51.058Z INFO  client] Sending sample transaction 384
[2022-07-23T11:05:51.107Z INFO  client] Sending sample transaction 385
[2022-07-23T11:05:51.157Z INFO  client] Sending sample transaction 386
[2022-07-23T11:05:51.207Z INFO  client] Sending sample transaction 387
[2022-07-23T11:05:51.258Z INFO  client] Sending sample transaction 388
[2022-07-23T11:05:51.307Z INFO  client] Sending sample transaction 389
[2022-07-23T11:05:51.356Z INFO  client] Sending sample transaction 390
[2022-07-23T11:05:51.407Z INFO  client] Sending sample transaction 391
[2022-07-23T11:05:51.460Z INFO  client] Sending sample transaction 392
[2022-07-23T11:05:51.508Z INFO  client] Sending sample transaction 393
[2022-07-23T11:05:51.558Z INFO  client] Sending sample transaction 394
[2022-07-23T11:05:51.607Z INFO  client] Sending sample transaction 395
[2022-07-23T11:05:51.657Z INFO  client] Sending sample transaction 396
[2022-07-23T11:05:51.713Z INFO  client] Sending sample transaction 397
[2022-07-23T11:05:51.757Z INFO  client] Sending sample transaction 398
[2022-07-23T11:05:51.807Z INFO  client] Sending sample transaction 399
[2022-07-23T11:05:51.857Z INFO  client] Sending sample transaction 400
[2022-07-23T11:05:51.907Z INFO  client] Sending sample transaction 401
[2022-07-23T11:05:51.957Z INFO  client] Sending sample transaction 402
[2022-07-23T11:05:52.007Z INFO  client] Sending sample transaction 403
[2022-07-23T11:05:52.058Z INFO  client] Sending sample transaction 404
[2022-07-23T11:05:52.106Z INFO  client] Sending sample transaction 405
[2022-07-23T11:05:52.157Z INFO  client] Sending sample transaction 406
[2022-07-23T11:05:52.207Z INFO  client] Sending sample transaction 407
[2022-07-23T11:05:52.258Z INFO  client] Sending sample transaction 408
[2022-07-23T11:05:52.308Z INFO  client] Sending sample transaction 409
[2022-07-23T11:05:52.357Z INFO  client] Sending sample transaction 410
[2022-07-23T11:05:52.409Z INFO  client] Sending sample transaction 411
[2022-07-23T11:05:52.457Z INFO  client] Sending sample transaction 412
[2022-07-23T11:05:52.508Z INFO  client] Sending sample transaction 413
[2022-07-23T11:05:52.556Z INFO  client] Sending sample transaction 414
[2022-07-23T11:05:52.607Z INFO  client] Sending sample transaction 415
[2022-07-23T11:05:52.657Z INFO  client] Sending sample transaction 416
[2022-07-23T11:05:52.713Z INFO  client] Sending sample transaction 417
[2022-07-23T11:05:52.759Z INFO  client] Sending sample transaction 418
[2022-07-23T11:05:52.808Z INFO  client] Sending sample transaction 419
[2022-07-23T11:05:52.857Z INFO  client] Sending sample transaction 420
[2022-07-23T11:05:52.911Z INFO  client] Sending sample transaction 421
[2022-07-23T11:05:52.957Z INFO  client] Sending sample transaction 422
[2022-07-23T11:05:53.008Z INFO  client] Sending sample transaction 423
