[2022-07-23T12:02:29.500Z INFO  client] Node address: 127.0.0.1:9017
[2022-07-23T12:02:29.500Z INFO  client] Transactions size: 512 B
[2022-07-23T12:02:29.500Z INFO  client] Transactions rate: 112 tx/s
[2022-07-23T12:02:29.500Z INFO  client] Waiting for all nodes to be online...
[2022-07-23T12:02:29.500Z INFO  client] Waiting for all nodes to be synchronized...
[2022-07-23T12:02:31.505Z INFO  client] Start sending transactions
[2022-07-23T12:02:31.506Z INFO  client] Sending sample transaction 0
[2022-07-23T12:02:31.558Z INFO  client] Sending sample transaction 1
[2022-07-23T12:02:31.606Z INFO  client] Sending sample transaction 2
[2022-07-23T12:02:31.656Z INFO  client] Sending sample transaction 3
[2022-07-23T12:02:31.706Z INFO  client] Sending sample transaction 4
[2022-07-23T12:02:31.756Z INFO  client] Sending sample transaction 5
[2022-07-23T12:02:31.807Z INFO  client] Sending sample transaction 6
[2022-07-23T12:02:31.858Z INFO  client] Sending sample transaction 7
[2022-07-23T12:02:31.910Z INFO  client] Sending sample transaction 8
[2022-07-23T12:02:31.956Z INFO  client] Sending sample transaction 9
[2022-07-23T12:02:32.006Z INFO  client] Sending sample transaction 10
[2022-07-23T12:02:32.057Z INFO  client] Sending sample transaction 11
[2022-07-23T12:02:32.107Z INFO  client] Sending sample transaction 12
[2022-07-23T12:02:32.156Z INFO  client] Sending sample transaction 13
[2022-07-23T12:02:32.207Z INFO  client] Sending sample transaction 14
[2022-07-23T12:02:32.262Z INFO  client] Sending sample transaction 15
[2022-07-23T12:02:32.309Z INFO  client] Sending sample transaction 16
[2022-07-23T12:02:32.357Z INFO  client] Sending sample transaction 17
[2022-07-23T12:02:32.406Z INFO  client] Sending sample transaction 18
[2022-07-23T12:02:32.456Z INFO  client] Sending sample transaction 19
[2022-07-23T12:02:32.505Z INFO  client] Sending sample transaction 20
[2022-07-23T12:02:32.556Z INFO  client] Sending sample transaction 21
[2022-07-23T12:02:32.607Z INFO  client] Sending sample transaction 22
[2022-07-23T12:02:32.656Z INFO  client] Sending sample transaction 23
[2022-07-23T12:02:32.706Z INFO  client] Sending sample transaction 24
[2022-07-23T12:02:32.756Z INFO  client] Sending sample transaction 25
[2022-07-23T12:02:32.807Z INFO  client] Sending sample transaction 26
[2022-07-23T12:02:32.859Z INFO  client] Sending sample transaction 27
[2022-07-23T12:02:32.906Z INFO  client] Sending sample transaction 28
[2022-07-23T12:02:32.959Z INFO  client] Sending sample transaction 29
[2022-07-23T12:02:33.006Z INFO  client] Sending sample transaction 30
[2022-07-23T12:02:33.056Z INFO  client] Sending sample transaction 31
[2022-07-23T12:02:33.111Z INFO  client] Sending sample transaction 32
[2022-07-23T12:02:33.163Z INFO  client] Sending sample transaction 33
[2022-07-23T12:02:33.207Z INFO  client] Sending sample transaction 34
[2022-07-23T12:02:33.256Z INFO  client] Sending sample transaction 35
[2022-07-23T12:02:33.307Z INFO  client] Sending sample transaction 36
[2022-07-23T12:02:33.356Z INFO  client] Sending sample transaction 37
[2022-07-23T12:02:33.407Z INFO  client] Sending sample transaction 38
[2022-07-23T12:02:33.459Z INFO  client] Sending sample transaction 39
[2022-07-23T12:02:33.505Z INFO  client] Sending sample transaction 40
[2022-07-23T12:02:33.556Z INFO  client] Sending sample transaction 41
[2022-07-23T12:02:33.611Z INFO  client] Sending sample transaction 42
[2022-07-23T12:02:33.657Z INFO  client] Sending sample transaction 43
[2022-07-23T12:02:33.707Z INFO  client] Sending sample transaction 44
[2022-07-23T12:02:33.756Z INFO  client] Sending sample transaction 45
[2022-07-23T12:02:33.806Z INFO  client] Sending sample transaction 46
[2022-07-23T12:02:33.856Z INFO  client] Sending sample transaction 47
[2022-07-23T12:02:33.906Z INFO  client] Sending sample transaction 48
[2022-07-23T12:02:33.956Z INFO  client] Sending sample transaction 49
[2022-07-23T12:02:34.006Z INFO  client] Sending sample transaction 50
[2022-07-23T12:02:34.057Z INFO  client] Sending sample transaction 51
[2022-07-23T12:02:34.113Z INFO  client] Sending sample transaction 52
[2022-07-23T12:02:34.156Z INFO  client] Sending sample transaction 53
[2022-07-23T12:02:34.206Z INFO  client] Sending sample transaction 54
[2022-07-23T12:02:34.256Z INFO  client] Sending sample transaction 55
[2022-07-23T12:02:34.306Z INFO  client] Sending sample transaction 56
[2022-07-23T12:02:34.356Z INFO  client] Sending sample transaction 57
[2022-07-23T12:02:34.407Z INFO  client] Sending sample transaction 58
[2022-07-23T12:02:34.456Z INFO  client] Sending sample transaction 59
[2022-07-23T12:02:34.506Z INFO  client] Sending sample transaction 60
[2022-07-23T12:02:34.556Z INFO  client] Sending sample transaction 61
[2022-07-23T12:02:34.607Z INFO  client] Sending sample transaction 62
[2022-07-23T12:02:34.657Z INFO  client] Sending sample transaction 63
[2022-07-23T12:02:34.706Z INFO  client] Sending sample transaction 64
[2022-07-23T12:02:34.756Z INFO  client] Sending sample transaction 65
[2022-07-23T12:02:34.807Z INFO  client] Sending sample transaction 66
[2022-07-23T12:02:34.857Z INFO  client] Sending sample transaction 67
[2022-07-23T12:02:34.907Z INFO  client] Sending sample transaction 68
[2022-07-23T12:02:34.956Z INFO  client] Sending sample transaction 69
[2022-07-23T12:02:35.006Z INFO  client] Sending sample transaction 70
[2022-07-23T12:02:35.056Z INFO  client] Sending sample transaction 71
[2022-07-23T12:02:35.106Z INFO  client] Sending sample transaction 72
[2022-07-23T12:02:35.156Z INFO  client] Sending sample transaction 73
[2022-07-23T12:02:35.207Z INFO  client] Sending sample transaction 74
[2022-07-23T12:02:35.257Z INFO  client] Sending sample transaction 75
[2022-07-23T12:02:35.306Z INFO  client] Sending sample transaction 76
[2022-07-23T12:02:35.356Z INFO  client] Sending sample transaction 77
[2022-07-23T12:02:35.406Z INFO  client] Sending sample transaction 78
[2022-07-23T12:02:35.456Z INFO  client] Sending sample transaction 79
[2022-07-23T12:02:35.506Z INFO  client] Sending sample transaction 80
[2022-07-23T12:02:35.556Z INFO  client] Sending sample transaction 81
[2022-07-23T12:02:35.607Z INFO  client] Sending sample transaction 82
[2022-07-23T12:02:35.659Z INFO  client] Sending sample transaction 83
[2022-07-23T12:02:35.706Z INFO  client] Sending sample transaction 84
[2022-07-23T12:02:35.757Z INFO  client] Sending sample transaction 85
[2022-07-23T12:02:35.806Z INFO  client] Sending sample transaction 86
[2022-07-23T12:02:35.856Z INFO  client] Sending sample transaction 87
[2022-07-23T12:02:35.907Z INFO  client] Sending sample transaction 88
[2022-07-23T12:02:35.956Z INFO  client] Sending sample transaction 89
[2022-07-23T12:02:36.005Z INFO  client] Sending sample transaction 90
[2022-07-23T12:02:36.056Z INFO  client] Sending sample transaction 91
[2022-07-23T12:02:36.106Z INFO  client] Sending sample transaction 92
[2022-07-23T12:02:36.156Z INFO  client] Sending sample transaction 93
[2022-07-23T12:02:36.207Z INFO  client] Sending sample transaction 94
[2022-07-23T12:02:36.279Z INFO  client] Sending sample transaction 95
[2022-07-23T12:02:36.306Z INFO  client] Sending sample transaction 96
[2022-07-23T12:02:36.356Z INFO  client] Sending sample transaction 97
[2022-07-23T12:02:36.408Z INFO  client] Sending sample transaction 98
[2022-07-23T12:02:36.457Z INFO  client] Sending sample transaction 99
[2022-07-23T12:02:36.506Z INFO  client] Sending sample transaction 100
[2022-07-23T12:02:36.556Z INFO  client] Sending sample transaction 101
[2022-07-23T12:02:36.607Z INFO  client] Sending sample transaction 102
[2022-07-23T12:02:36.657Z INFO  client] Sending sample transaction 103
[2022-07-23T12:02:36.706Z INFO  client] Sending sample transaction 104
[2022-07-23T12:02:36.760Z INFO  client] Sending sample transaction 105
[2022-07-23T12:02:36.808Z INFO  client] Sending sample transaction 106
[2022-07-23T12:02:36.867Z INFO  client] Sending sample transaction 107
[2022-07-23T12:02:36.906Z INFO  client] Sending sample transaction 108
[2022-07-23T12:02:36.964Z INFO  client] Sending sample transaction 109
[2022-07-23T12:02:37.005Z INFO  client] Sending sample transaction 110
[2022-07-23T12:02:37.056Z INFO  client] Sending sample transaction 111
[2022-07-23T12:02:37.106Z INFO  client] Sending sample transaction 112
[2022-07-23T12:02:37.157Z INFO  client] Sending sample transaction 113
[2022-07-23T12:02:37.206Z INFO  client] Sending sample transaction 114
[2022-07-23T12:02:37.257Z INFO  client] Sending sample transaction 115
[2022-07-23T12:02:37.309Z INFO  client] Sending sample transaction 116
[2022-07-23T12:02:37.356Z INFO  client] Sending sample transaction 117
[2022-07-23T12:02:37.407Z INFO  client] Sending sample transaction 118
[2022-07-23T12:02:37.456Z INFO  client] Sending sample transaction 119
[2022-07-23T12:02:37.506Z INFO  client] Sending sample transaction 120
[2022-07-23T12:02:37.556Z INFO  client] Sending sample transaction 121
[2022-07-23T12:02:37.607Z INFO  client] Sending sample transaction 122
[2022-07-23T12:02:37.657Z INFO  client] Sending sample transaction 123
[2022-07-23T12:02:37.707Z INFO  client] Sending sample transaction 124
[2022-07-23T12:02:37.757Z INFO  client] Sending sample transaction 125
[2022-07-23T12:02:37.806Z INFO  client] Sending sample transaction 126
[2022-07-23T12:02:37.857Z INFO  client] Sending sample transaction 127
[2022-07-23T12:02:37.908Z INFO  client] Sending sample transaction 128
[2022-07-23T12:02:37.959Z INFO  client] Sending sample transaction 129
[2022-07-23T12:02:38.006Z INFO  client] Sending sample transaction 130
[2022-07-23T12:02:38.058Z INFO  client] Sending sample transaction 131
[2022-07-23T12:02:38.107Z INFO  client] Sending sample transaction 132
[2022-07-23T12:02:38.158Z INFO  client] Sending sample transaction 133
[2022-07-23T12:02:38.212Z INFO  client] Sending sample transaction 134
[2022-07-23T12:02:38.261Z INFO  client] Sending sample transaction 135
[2022-07-23T12:02:38.306Z INFO  client] Sending sample transaction 136
[2022-07-23T12:02:38.356Z INFO  client] Sending sample transaction 137
[2022-07-23T12:02:38.406Z INFO  client] Sending sample transaction 138
[2022-07-23T12:02:38.456Z INFO  client] Sending sample transaction 139
[2022-07-23T12:02:38.505Z INFO  client] Sending sample transaction 140
[2022-07-23T12:02:38.556Z INFO  client] Sending sample transaction 141
[2022-07-23T12:02:38.606Z INFO  client] Sending sample transaction 142
[2022-07-23T12:02:38.656Z INFO  client] Sending sample transaction 143
[2022-07-23T12:02:38.706Z INFO  client] Sending sample transaction 144
[2022-07-23T12:02:38.756Z INFO  client] Sending sample transaction 145
[2022-07-23T12:02:38.806Z INFO  client] Sending sample transaction 146
[2022-07-23T12:02:38.856Z INFO  client] Sending sample transaction 147
[2022-07-23T12:02:38.905Z INFO  client] Sending sample transaction 148
[2022-07-23T12:02:38.957Z INFO  client] Sending sample transaction 149
[2022-07-23T12:02:39.006Z INFO  client] Sending sample transaction 150
[2022-07-23T12:02:39.056Z INFO  client] Sending sample transaction 151
[2022-07-23T12:02:39.106Z INFO  client] Sending sample transaction 152
[2022-07-23T12:02:39.156Z INFO  client] Sending sample transaction 153
[2022-07-23T12:02:39.206Z INFO  client] Sending sample transaction 154
[2022-07-23T12:02:39.255Z INFO  client] Sending sample transaction 155
[2022-07-23T12:02:39.306Z INFO  client] Sending sample transaction 156
[2022-07-23T12:02:39.356Z INFO  client] Sending sample transaction 157
[2022-07-23T12:02:39.415Z INFO  client] Sending sample transaction 158
[2022-07-23T12:02:39.456Z INFO  client] Sending sample transaction 159
[2022-07-23T12:02:39.505Z INFO  client] Sending sample transaction 160
[2022-07-23T12:02:39.555Z INFO  client] Sending sample transaction 161
[2022-07-23T12:02:39.606Z INFO  client] Sending sample transaction 162
[2022-07-23T12:02:39.656Z INFO  client] Sending sample transaction 163
[2022-07-23T12:02:39.706Z INFO  client] Sending sample transaction 164
[2022-07-23T12:02:39.756Z INFO  client] Sending sample transaction 165
[2022-07-23T12:02:39.807Z INFO  client] Sending sample transaction 166
[2022-07-23T12:02:39.856Z INFO  client] Sending sample transaction 167
[2022-07-23T12:02:39.907Z INFO  client] Sending sample transaction 168
[2022-07-23T12:02:39.956Z INFO  client] Sending sample transaction 169
[2022-07-23T12:02:40.006Z INFO  client] Sending sample transaction 170
[2022-07-23T12:02:40.056Z INFO  client] Sending sample transaction 171
[2022-07-23T12:02:40.108Z INFO  client] Sending sample transaction 172
[2022-07-23T12:02:40.162Z INFO  client] Sending sample transaction 173
[2022-07-23T12:02:40.206Z INFO  client] Sending sample transaction 174
[2022-07-23T12:02:40.256Z INFO  client] Sending sample transaction 175
[2022-07-23T12:02:40.306Z INFO  client] Sending sample transaction 176
[2022-07-23T12:02:40.356Z INFO  client] Sending sample transaction 177
[2022-07-23T12:02:40.406Z INFO  client] Sending sample transaction 178
[2022-07-23T12:02:40.460Z INFO  client] Sending sample transaction 179
[2022-07-23T12:02:40.506Z INFO  client] Sending sample transaction 180
[2022-07-23T12:02:40.556Z INFO  client] Sending sample transaction 181
[2022-07-23T12:02:40.606Z INFO  client] Sending sample transaction 182
[2022-07-23T12:02:40.656Z INFO  client] Sending sample transaction 183
[2022-07-23T12:02:40.706Z INFO  client] Sending sample transaction 184
[2022-07-23T12:02:40.757Z INFO  client] Sending sample transaction 185
[2022-07-23T12:02:40.807Z INFO  client] Sending sample transaction 186
[2022-07-23T12:02:40.856Z INFO  client] Sending sample transaction 187
[2022-07-23T12:02:40.906Z INFO  client] Sending sample transaction 188
[2022-07-23T12:02:40.956Z INFO  client] Sending sample transaction 189
[2022-07-23T12:02:41.007Z INFO  client] Sending sample transaction 190
[2022-07-23T12:02:41.056Z INFO  client] Sending sample transaction 191
[2022-07-23T12:02:41.107Z INFO  client] Sending sample transaction 192
[2022-07-23T12:02:41.165Z INFO  client] Sending sample transaction 193
[2022-07-23T12:02:41.206Z INFO  client] Sending sample transaction 194
[2022-07-23T12:02:41.256Z INFO  client] Sending sample transaction 195
[2022-07-23T12:02:41.305Z INFO  client] Sending sample transaction 196
[2022-07-23T12:02:41.356Z INFO  client] Sending sample transaction 197
[2022-07-23T12:02:41.406Z INFO  client] Sending sample transaction 198
[2022-07-23T12:02:41.501Z INFO  client] Sending sample transaction 199
[2022-07-23T12:02:41.515Z INFO  client] Sending sample transaction 200
[2022-07-23T12:02:41.557Z INFO  client] Sending sample transaction 201
[2022-07-23T12:02:41.606Z INFO  client] Sending sample transaction 202
[2022-07-23T12:02:41.656Z INFO  client] Sending sample transaction 203
[2022-07-23T12:02:41.706Z INFO  client] Sending sample transaction 204
[2022-07-23T12:02:41.756Z INFO  client] Sending sample transaction 205
[2022-07-23T12:02:41.806Z INFO  client] Sending sample transaction 206
[2022-07-23T12:02:41.856Z INFO  client] Sending sample transaction 207
[2022-07-23T12:02:41.906Z INFO  client] Sending sample transaction 208
[2022-07-23T12:02:41.957Z INFO  client] Sending sample transaction 209
[2022-07-23T12:02:42.006Z INFO  client] Sending sample transaction 210
[2022-07-23T12:02:42.058Z INFO  client] Sending sample transaction 211
[2022-07-23T12:02:42.105Z INFO  client] Sending sample transaction 212
[2022-07-23T12:02:42.156Z INFO  client] Sending sample transaction 213
[2022-07-23T12:02:42.207Z INFO  client] Sending sample transaction 214
[2022-07-23T12:02:42.257Z INFO  client] Sending sample transaction 215
[2022-07-23T12:02:42.307Z INFO  client] Sending sample transaction 216
[2022-07-23T12:02:42.356Z INFO  client] Sending sample transaction 217
[2022-07-23T12:02:42.406Z INFO  client] Sending sample transaction 218
[2022-07-23T12:02:42.457Z INFO  client] Sending sample transaction 219
[2022-07-23T12:02:42.506Z INFO  client] Sending sample transaction 220
[2022-07-23T12:02:42.557Z INFO  client] Sending sample transaction 221
[2022-07-23T12:02:42.606Z INFO  client] Sending sample transaction 222
[2022-07-23T12:02:42.656Z INFO  client] Sending sample transaction 223
[2022-07-23T12:02:42.706Z INFO  client] Sending sample transaction 224
[2022-07-23T12:02:42.755Z INFO  client] Sending sample transaction 225
[2022-07-23T12:02:42.806Z INFO  client] Sending sample transaction 226
[2022-07-23T12:02:42.856Z INFO  client] Sending sample transaction 227
[2022-07-23T12:02:42.906Z INFO  client] Sending sample transaction 228
[2022-07-23T12:02:42.958Z INFO  client] Sending sample transaction 229
[2022-07-23T12:02:43.005Z INFO  client] Sending sample transaction 230
[2022-07-23T12:02:43.058Z INFO  client] Sending sample transaction 231
[2022-07-23T12:02:43.106Z INFO  client] Sending sample transaction 232
[2022-07-23T12:02:43.156Z INFO  client] Sending sample transaction 233
[2022-07-23T12:02:43.207Z INFO  client] Sending sample transaction 234
[2022-07-23T12:02:43.257Z INFO  client] Sending sample transaction 235
[2022-07-23T12:02:43.306Z INFO  client] Sending sample transaction 236
[2022-07-23T12:02:43.356Z INFO  client] Sending sample transaction 237
[2022-07-23T12:02:43.406Z INFO  client] Sending sample transaction 238
[2022-07-23T12:02:43.456Z INFO  client] Sending sample transaction 239
[2022-07-23T12:02:43.506Z INFO  client] Sending sample transaction 240
[2022-07-23T12:02:43.556Z INFO  client] Sending sample transaction 241
[2022-07-23T12:02:43.606Z INFO  client] Sending sample transaction 242
[2022-07-23T12:02:43.663Z INFO  client] Sending sample transaction 243
[2022-07-23T12:02:43.705Z INFO  client] Sending sample transaction 244
[2022-07-23T12:02:43.755Z INFO  client] Sending sample transaction 245
[2022-07-23T12:02:43.806Z INFO  client] Sending sample transaction 246
[2022-07-23T12:02:43.857Z INFO  client] Sending sample transaction 247
[2022-07-23T12:02:43.907Z INFO  client] Sending sample transaction 248
[2022-07-23T12:02:43.965Z INFO  client] Sending sample transaction 249
[2022-07-23T12:02:44.013Z INFO  client] Sending sample transaction 250
[2022-07-23T12:02:44.056Z INFO  client] Sending sample transaction 251
[2022-07-23T12:02:44.107Z INFO  client] Sending sample transaction 252
[2022-07-23T12:02:44.156Z INFO  client] Sending sample transaction 253
[2022-07-23T12:02:44.206Z INFO  client] Sending sample transaction 254
[2022-07-23T12:02:44.256Z INFO  client] Sending sample transaction 255
[2022-07-23T12:02:44.307Z INFO  client] Sending sample transaction 256
[2022-07-23T12:02:44.356Z INFO  client] Sending sample transaction 257
[2022-07-23T12:02:44.406Z INFO  client] Sending sample transaction 258
[2022-07-23T12:02:44.456Z INFO  client] Sending sample transaction 259
[2022-07-23T12:02:44.507Z INFO  client] Sending sample transaction 260
[2022-07-23T12:02:44.556Z INFO  client] Sending sample transaction 261
[2022-07-23T12:02:44.609Z INFO  client] Sending sample transaction 262
[2022-07-23T12:02:44.656Z INFO  client] Sending sample transaction 263
[2022-07-23T12:02:44.706Z INFO  client] Sending sample transaction 264
[2022-07-23T12:02:44.757Z INFO  client] Sending sample transaction 265
[2022-07-23T12:02:44.806Z INFO  client] Sending sample transaction 266
[2022-07-23T12:02:44.856Z INFO  client] Sending sample transaction 267
[2022-07-23T12:02:44.906Z INFO  client] Sending sample transaction 268
[2022-07-23T12:02:44.955Z INFO  client] Sending sample transaction 269
[2022-07-23T12:02:45.006Z INFO  client] Sending sample transaction 270
[2022-07-23T12:02:45.056Z INFO  client] Sending sample transaction 271
[2022-07-23T12:02:45.106Z INFO  client] Sending sample transaction 272
[2022-07-23T12:02:45.156Z INFO  client] Sending sample transaction 273
[2022-07-23T12:02:45.206Z INFO  client] Sending sample transaction 274
[2022-07-23T12:02:45.256Z INFO  client] Sending sample transaction 275
[2022-07-23T12:02:45.306Z INFO  client] Sending sample transaction 276
[2022-07-23T12:02:45.356Z INFO  client] Sending sample transaction 277
[2022-07-23T12:02:45.406Z INFO  client] Sending sample transaction 278
[2022-07-23T12:02:45.456Z INFO  client] Sending sample transaction 279
[2022-07-23T12:02:45.506Z INFO  client] Sending sample transaction 280
[2022-07-23T12:02:45.556Z INFO  client] Sending sample transaction 281
[2022-07-23T12:02:45.605Z INFO  client] Sending sample transaction 282
[2022-07-23T12:02:45.662Z INFO  client] Sending sample transaction 283
[2022-07-23T12:02:45.706Z INFO  client] Sending sample transaction 284
[2022-07-23T12:02:45.756Z INFO  client] Sending sample transaction 285
[2022-07-23T12:02:45.806Z INFO  client] Sending sample transaction 286
[2022-07-23T12:02:45.856Z INFO  client] Sending sample transaction 287
[2022-07-23T12:02:45.906Z INFO  client] Sending sample transaction 288
[2022-07-23T12:02:45.956Z INFO  client] Sending sample transaction 289
[2022-07-23T12:02:46.006Z INFO  client] Sending sample transaction 290
[2022-07-23T12:02:46.056Z INFO  client] Sending sample transaction 291
[2022-07-23T12:02:46.106Z INFO  client] Sending sample transaction 292
[2022-07-23T12:02:46.156Z INFO  client] Sending sample transaction 293
[2022-07-23T12:02:46.206Z INFO  client] Sending sample transaction 294
[2022-07-23T12:02:46.256Z INFO  client] Sending sample transaction 295
[2022-07-23T12:02:46.306Z INFO  client] Sending sample transaction 296
[2022-07-23T12:02:46.356Z INFO  client] Sending sample transaction 297
[2022-07-23T12:02:46.406Z INFO  client] Sending sample transaction 298
[2022-07-23T12:02:46.455Z INFO  client] Sending sample transaction 299
[2022-07-23T12:02:46.506Z INFO  client] Sending sample transaction 300
[2022-07-23T12:02:46.557Z INFO  client] Sending sample transaction 301
[2022-07-23T12:02:46.605Z INFO  client] Sending sample transaction 302
[2022-07-23T12:02:46.658Z INFO  client] Sending sample transaction 303
[2022-07-23T12:02:46.716Z INFO  client] Sending sample transaction 304
[2022-07-23T12:02:46.756Z INFO  client] Sending sample transaction 305
[2022-07-23T12:02:46.805Z INFO  client] Sending sample transaction 306
[2022-07-23T12:02:46.856Z INFO  client] Sending sample transaction 307
[2022-07-23T12:02:46.907Z INFO  client] Sending sample transaction 308
[2022-07-23T12:02:46.957Z INFO  client] Sending sample transaction 309
[2022-07-23T12:02:47.007Z INFO  client] Sending sample transaction 310
[2022-07-23T12:02:47.056Z INFO  client] Sending sample transaction 311
[2022-07-23T12:02:47.106Z INFO  client] Sending sample transaction 312
[2022-07-23T12:02:47.157Z INFO  client] Sending sample transaction 313
[2022-07-23T12:02:47.209Z INFO  client] Sending sample transaction 314
[2022-07-23T12:02:47.256Z INFO  client] Sending sample transaction 315
[2022-07-23T12:02:47.307Z INFO  client] Sending sample transaction 316
[2022-07-23T12:02:47.356Z INFO  client] Sending sample transaction 317
[2022-07-23T12:02:47.407Z INFO  client] Sending sample transaction 318
[2022-07-23T12:02:47.456Z INFO  client] Sending sample transaction 319
[2022-07-23T12:02:47.507Z INFO  client] Sending sample transaction 320
[2022-07-23T12:02:47.556Z INFO  client] Sending sample transaction 321
[2022-07-23T12:02:47.606Z INFO  client] Sending sample transaction 322
[2022-07-23T12:02:47.656Z INFO  client] Sending sample transaction 323
[2022-07-23T12:02:47.711Z INFO  client] Sending sample transaction 324
[2022-07-23T12:02:47.756Z INFO  client] Sending sample transaction 325
[2022-07-23T12:02:47.806Z INFO  client] Sending sample transaction 326
[2022-07-23T12:02:47.857Z INFO  client] Sending sample transaction 327
[2022-07-23T12:02:47.906Z INFO  client] Sending sample transaction 328
[2022-07-23T12:02:47.956Z INFO  client] Sending sample transaction 329
[2022-07-23T12:02:48.006Z INFO  client] Sending sample transaction 330
[2022-07-23T12:02:48.056Z INFO  client] Sending sample transaction 331
[2022-07-23T12:02:48.107Z INFO  client] Sending sample transaction 332
[2022-07-23T12:02:48.157Z INFO  client] Sending sample transaction 333
[2022-07-23T12:02:48.207Z INFO  client] Sending sample transaction 334
[2022-07-23T12:02:48.257Z INFO  client] Sending sample transaction 335
[2022-07-23T12:02:48.307Z INFO  client] Sending sample transaction 336
[2022-07-23T12:02:48.360Z INFO  client] Sending sample transaction 337
[2022-07-23T12:02:48.407Z INFO  client] Sending sample transaction 338
[2022-07-23T12:02:48.457Z INFO  client] Sending sample transaction 339
[2022-07-23T12:02:48.508Z INFO  client] Sending sample transaction 340
[2022-07-23T12:02:48.556Z INFO  client] Sending sample transaction 341
[2022-07-23T12:02:48.607Z INFO  client] Sending sample transaction 342
[2022-07-23T12:02:48.659Z INFO  client] Sending sample transaction 343
[2022-07-23T12:02:48.708Z INFO  client] Sending sample transaction 344
[2022-07-23T12:02:48.756Z INFO  client] Sending sample transaction 345
[2022-07-23T12:02:48.813Z INFO  client] Sending sample transaction 346
[2022-07-23T12:02:48.857Z INFO  client] Sending sample transaction 347
[2022-07-23T12:02:48.906Z INFO  client] Sending sample transaction 348
[2022-07-23T12:02:48.956Z INFO  client] Sending sample transaction 349
[2022-07-23T12:02:49.006Z INFO  client] Sending sample transaction 350
[2022-07-23T12:02:49.056Z INFO  client] Sending sample transaction 351
[2022-07-23T12:02:49.106Z INFO  client] Sending sample transaction 352
[2022-07-23T12:02:49.156Z INFO  client] Sending sample transaction 353
[2022-07-23T12:02:49.209Z INFO  client] Sending sample transaction 354
[2022-07-23T12:02:49.257Z INFO  client] Sending sample transaction 355
[2022-07-23T12:02:49.307Z INFO  client] Sending sample transaction 356
[2022-07-23T12:02:49.358Z INFO  client] Sending sample transaction 357
[2022-07-23T12:02:49.408Z INFO  client] Sending sample transaction 358
[2022-07-23T12:02:49.457Z INFO  client] Sending sample transaction 359
[2022-07-23T12:02:49.506Z INFO  client] Sending sample transaction 360
[2022-07-23T12:02:49.556Z INFO  client] Sending sample transaction 361
[2022-07-23T12:02:49.606Z INFO  client] Sending sample transaction 362
[2022-07-23T12:02:49.656Z INFO  client] Sending sample transaction 363
[2022-07-23T12:02:49.707Z INFO  client] Sending sample transaction 364
[2022-07-23T12:02:49.756Z INFO  client] Sending sample transaction 365
[2022-07-23T12:02:49.806Z INFO  client] Sending sample transaction 366
[2022-07-23T12:02:49.894Z INFO  client] Sending sample transaction 367
[2022-07-23T12:02:49.907Z INFO  client] Sending sample transaction 368
[2022-07-23T12:02:49.956Z INFO  client] Sending sample transaction 369
[2022-07-23T12:02:50.005Z INFO  client] Sending sample transaction 370
[2022-07-23T12:02:50.056Z INFO  client] Sending sample transaction 371
[2022-07-23T12:02:50.107Z INFO  client] Sending sample transaction 372
[2022-07-23T12:02:50.158Z INFO  client] Sending sample transaction 373
[2022-07-23T12:02:50.207Z INFO  client] Sending sample transaction 374
[2022-07-23T12:02:50.256Z INFO  client] Sending sample transaction 375
[2022-07-23T12:02:50.306Z INFO  client] Sending sample transaction 376
[2022-07-23T12:02:50.356Z INFO  client] Sending sample transaction 377
[2022-07-23T12:02:50.408Z INFO  client] Sending sample transaction 378
[2022-07-23T12:02:50.456Z INFO  client] Sending sample transaction 379
[2022-07-23T12:02:50.506Z INFO  client] Sending sample transaction 380
[2022-07-23T12:02:50.557Z INFO  client] Sending sample transaction 381
[2022-07-23T12:02:50.607Z INFO  client] Sending sample transaction 382
[2022-07-23T12:02:50.656Z INFO  client] Sending sample transaction 383
[2022-07-23T12:02:50.707Z INFO  client] Sending sample transaction 384
[2022-07-23T12:02:50.759Z INFO  client] Sending sample transaction 385
[2022-07-23T12:02:50.807Z INFO  client] Sending sample transaction 386
[2022-07-23T12:02:50.857Z INFO  client] Sending sample transaction 387
[2022-07-23T12:02:50.919Z INFO  client] Sending sample transaction 388
[2022-07-23T12:02:50.956Z INFO  client] Sending sample transaction 389
[2022-07-23T12:02:51.006Z INFO  client] Sending sample transaction 390
[2022-07-23T12:02:51.056Z INFO  client] Sending sample transaction 391
[2022-07-23T12:02:51.105Z INFO  client] Sending sample transaction 392
[2022-07-23T12:02:51.156Z INFO  client] Sending sample transaction 393
[2022-07-23T12:02:51.207Z INFO  client] Sending sample transaction 394
[2022-07-23T12:02:51.256Z INFO  client] Sending sample transaction 395
[2022-07-23T12:02:51.306Z INFO  client] Sending sample transaction 396
[2022-07-23T12:02:51.356Z INFO  client] Sending sample transaction 397
[2022-07-23T12:02:51.406Z INFO  client] Sending sample transaction 398
[2022-07-23T12:02:51.457Z INFO  client] Sending sample transaction 399
[2022-07-23T12:02:51.506Z INFO  client] Sending sample transaction 400
[2022-07-23T12:02:51.555Z INFO  client] Sending sample transaction 401
[2022-07-23T12:02:51.606Z INFO  client] Sending sample transaction 402
[2022-07-23T12:02:51.656Z INFO  client] Sending sample transaction 403
[2022-07-23T12:02:51.706Z INFO  client] Sending sample transaction 404
[2022-07-23T12:02:51.756Z INFO  client] Sending sample transaction 405
[2022-07-23T12:02:51.806Z INFO  client] Sending sample transaction 406
[2022-07-23T12:02:51.858Z INFO  client] Sending sample transaction 407
[2022-07-23T12:02:51.908Z INFO  client] Sending sample transaction 408
[2022-07-23T12:02:51.956Z INFO  client] Sending sample transaction 409
[2022-07-23T12:02:52.006Z INFO  client] Sending sample transaction 410
[2022-07-23T12:02:52.056Z INFO  client] Sending sample transaction 411
[2022-07-23T12:02:52.106Z INFO  client] Sending sample transaction 412
[2022-07-23T12:02:52.157Z INFO  client] Sending sample transaction 413
[2022-07-23T12:02:52.206Z INFO  client] Sending sample transaction 414
[2022-07-23T12:02:52.256Z INFO  client] Sending sample transaction 415
[2022-07-23T12:02:52.306Z INFO  client] Sending sample transaction 416
[2022-07-23T12:02:52.356Z INFO  client] Sending sample transaction 417
[2022-07-23T12:02:52.407Z INFO  client] Sending sample transaction 418
[2022-07-23T12:02:52.456Z INFO  client] Sending sample transaction 419
