[2022-07-23T18:36:31.107Z INFO  client] Node address: 127.0.0.1:9016
[2022-07-23T18:36:31.108Z INFO  client] Transactions size: 512 B
[2022-07-23T18:36:31.108Z INFO  client] Transactions rate: 112 tx/s
[2022-07-23T18:36:31.108Z INFO  client] Waiting for all nodes to be online...
[2022-07-23T18:36:31.108Z INFO  client] Waiting for all nodes to be synchronized...
[2022-07-23T18:36:33.159Z INFO  client] Start sending transactions
[2022-07-23T18:36:33.208Z INFO  client] Sending sample transaction 0
[2022-07-23T18:36:33.243Z INFO  client] Sending sample transaction 1
[2022-07-23T18:36:33.263Z INFO  client] Sending sample transaction 2
[2022-07-23T18:36:33.434Z INFO  client] Sending sample transaction 3
[2022-07-23T18:36:33.505Z WARN  client] Transaction rate too high for this client
[2022-07-23T18:36:33.508Z INFO  client] Sending sample transaction 4
[2022-07-23T18:36:33.508Z INFO  client] Sending sample transaction 5
[2022-07-23T18:36:33.537Z INFO  client] Sending sample transaction 6
[2022-07-23T18:36:33.539Z INFO  client] Sending sample transaction 7
[2022-07-23T18:36:33.608Z INFO  client] Sending sample transaction 8
[2022-07-23T18:36:33.634Z INFO  client] Sending sample transaction 9
[2022-07-23T18:36:33.694Z INFO  client] Sending sample transaction 10
[2022-07-23T18:36:33.730Z INFO  client] Sending sample transaction 11
[2022-07-23T18:36:33.780Z INFO  client] Sending sample transaction 12
[2022-07-23T18:36:33.856Z INFO  client] Sending sample transaction 13
[2022-07-23T18:36:33.917Z INFO  client] Sending sample transaction 14
[2022-07-23T18:36:33.917Z INFO  client] Sending sample transaction 15
[2022-07-23T18:36:33.974Z INFO  client] Sending sample transaction 16
[2022-07-23T18:36:34.027Z INFO  client] Sending sample transaction 17
[2022-07-23T18:36:34.071Z INFO  client] Sending sample transaction 18
[2022-07-23T18:36:34.111Z INFO  client] Sending sample transaction 19
[2022-07-23T18:36:34.164Z INFO  client] Sending sample transaction 20
[2022-07-23T18:36:34.213Z INFO  client] Sending sample transaction 21
[2022-07-23T18:36:34.261Z INFO  client] Sending sample transaction 22
[2022-07-23T18:36:34.317Z INFO  client] Sending sample transaction 23
[2022-07-23T18:36:34.364Z INFO  client] Sending sample transaction 24
[2022-07-23T18:36:34.411Z INFO  client] Sending sample transaction 25
[2022-07-23T18:36:34.468Z INFO  client] Sending sample transaction 26
[2022-07-23T18:36:34.534Z INFO  client] Sending sample transaction 27
[2022-07-23T18:36:34.594Z INFO  client] Sending sample transaction 28
[2022-07-23T18:36:34.623Z INFO  client] Sending sample transaction 29
[2022-07-23T18:36:34.670Z INFO  client] Sending sample transaction 30
[2022-07-23T18:36:34.716Z INFO  client] Sending sample transaction 31
[2022-07-23T18:36:34.766Z INFO  client] Sending sample transaction 32
[2022-07-23T18:36:34.825Z INFO  client] Sending sample transaction 33
[2022-07-23T18:36:34.879Z INFO  client] Sending sample transaction 34
[2022-07-23T18:36:34.917Z INFO  client] Sending sample transaction 35
[2022-07-23T18:36:34.961Z INFO  client] Sending sample transaction 36
[2022-07-23T18:36:35.017Z INFO  client] Sending sample transaction 37
[2022-07-23T18:36:35.061Z INFO  client] Sending sample transaction 38
[2022-07-23T18:36:35.115Z INFO  client] Sending sample transaction 39
[2022-07-23T18:36:35.163Z INFO  client] Sending sample transaction 40
[2022-07-23T18:36:35.221Z INFO  client] Sending sample transaction 41
[2022-07-23T18:36:35.267Z INFO  client] Sending sample transaction 42
[2022-07-23T18:36:35.311Z INFO  client] Sending sample transaction 43
[2022-07-23T18:36:35.362Z INFO  client] Sending sample transaction 44
[2022-07-23T18:36:35.410Z INFO  client] Sending sample transaction 45
[2022-07-23T18:36:35.463Z INFO  client] Sending sample transaction 46
[2022-07-23T18:36:35.512Z INFO  client] Sending sample transaction 47
[2022-07-23T18:36:35.560Z INFO  client] Sending sample transaction 48
[2022-07-23T18:36:35.611Z INFO  client] Sending sample transaction 49
[2022-07-23T18:36:35.662Z INFO  client] Sending sample transaction 50
[2022-07-23T18:36:35.711Z INFO  client] Sending sample transaction 51
[2022-07-23T18:36:35.768Z INFO  client] Sending sample transaction 52
[2022-07-23T18:36:35.811Z INFO  client] Sending sample transaction 53
[2022-07-23T18:36:35.862Z INFO  client] Sending sample transaction 54
[2022-07-23T18:36:35.914Z INFO  client] Sending sample transaction 55
[2022-07-23T18:36:35.965Z INFO  client] Sending sample transaction 56
[2022-07-23T18:36:36.029Z INFO  client] Sending sample transaction 57
[2022-07-23T18:36:36.069Z INFO  client] Sending sample transaction 58
[2022-07-23T18:36:36.121Z INFO  client] Sending sample transaction 59
[2022-07-23T18:36:36.160Z INFO  client] Sending sample transaction 60
[2022-07-23T18:36:36.210Z INFO  client] Sending sample transaction 61
[2022-07-23T18:36:36.262Z INFO  client] Sending sample transaction 62
[2022-07-23T18:36:36.310Z INFO  client] Sending sample transaction 63
[2022-07-23T18:36:36.359Z INFO  client] Sending sample transaction 64
[2022-07-23T18:36:36.409Z INFO  client] Sending sample transaction 65
[2022-07-23T18:36:36.459Z INFO  client] Sending sample transaction 66
[2022-07-23T18:36:36.520Z INFO  client] Sending sample transaction 67
[2022-07-23T18:36:36.574Z INFO  client] Sending sample transaction 68
[2022-07-23T18:36:36.615Z INFO  client] Sending sample transaction 69
[2022-07-23T18:36:36.661Z INFO  client] Sending sample transaction 70
[2022-07-23T18:36:36.714Z INFO  client] Sending sample transaction 71
[2022-07-23T18:36:36.786Z INFO  client] Sending sample transaction 72
[2022-07-23T18:36:36.825Z INFO  client] Sending sample transaction 73
[2022-07-23T18:36:36.865Z INFO  client] Sending sample transaction 74
[2022-07-23T18:36:36.910Z INFO  client] Sending sample transaction 75
[2022-07-23T18:36:36.959Z INFO  client] Sending sample transaction 76
[2022-07-23T18:36:37.010Z INFO  client] Sending sample transaction 77
[2022-07-23T18:36:37.059Z INFO  client] Sending sample transaction 78
[2022-07-23T18:36:37.111Z INFO  client] Sending sample transaction 79
[2022-07-23T18:36:37.160Z INFO  client] Sending sample transaction 80
[2022-07-23T18:36:37.209Z INFO  client] Sending sample transaction 81
[2022-07-23T18:36:37.261Z INFO  client] Sending sample transaction 82
[2022-07-23T18:36:37.310Z INFO  client] Sending sample transaction 83
[2022-07-23T18:36:37.360Z INFO  client] Sending sample transaction 84
[2022-07-23T18:36:37.410Z INFO  client] Sending sample transaction 85
[2022-07-23T18:36:37.460Z INFO  client] Sending sample transaction 86
[2022-07-23T18:36:37.512Z INFO  client] Sending sample transaction 87
[2022-07-23T18:36:37.561Z INFO  client] Sending sample transaction 88
[2022-07-23T18:36:37.611Z INFO  client] Sending sample transaction 89
[2022-07-23T18:36:37.663Z INFO  client] Sending sample transaction 90
[2022-07-23T18:36:37.710Z INFO  client] Sending sample transaction 91
[2022-07-23T18:36:37.762Z INFO  client] Sending sample transaction 92
[2022-07-23T18:36:37.816Z INFO  client] Sending sample transaction 93
[2022-07-23T18:36:37.860Z INFO  client] Sending sample transaction 94
[2022-07-23T18:36:37.910Z INFO  client] Sending sample transaction 95
[2022-07-23T18:36:37.961Z INFO  client] Sending sample transaction 96
[2022-07-23T18:36:38.010Z INFO  client] Sending sample transaction 97
[2022-07-23T18:36:38.061Z INFO  client] Sending sample transaction 98
[2022-07-23T18:36:38.112Z INFO  client] Sending sample transaction 99
[2022-07-23T18:36:38.173Z INFO  client] Sending sample transaction 100
[2022-07-23T18:36:38.241Z INFO  client] Sending sample transaction 101
[2022-07-23T18:36:38.274Z INFO  client] Sending sample transaction 102
[2022-07-23T18:36:38.323Z INFO  client] Sending sample transaction 103
[2022-07-23T18:36:38.364Z INFO  client] Sending sample transaction 104
[2022-07-23T18:36:38.410Z INFO  client] Sending sample transaction 105
[2022-07-23T18:36:38.462Z INFO  client] Sending sample transaction 106
[2022-07-23T18:36:38.510Z INFO  client] Sending sample transaction 107
[2022-07-23T18:36:38.563Z INFO  client] Sending sample transaction 108
[2022-07-23T18:36:38.611Z INFO  client] Sending sample transaction 109
[2022-07-23T18:36:38.660Z INFO  client] Sending sample transaction 110
[2022-07-23T18:36:38.710Z INFO  client] Sending sample transaction 111
[2022-07-23T18:36:38.761Z INFO  client] Sending sample transaction 112
[2022-07-23T18:36:38.811Z INFO  client] Sending sample transaction 113
[2022-07-23T18:36:38.860Z INFO  client] Sending sample transaction 114
[2022-07-23T18:36:38.911Z INFO  client] Sending sample transaction 115
[2022-07-23T18:36:38.960Z INFO  client] Sending sample transaction 116
[2022-07-23T18:36:39.012Z INFO  client] Sending sample transaction 117
[2022-07-23T18:36:39.060Z INFO  client] Sending sample transaction 118
[2022-07-23T18:36:39.110Z INFO  client] Sending sample transaction 119
[2022-07-23T18:36:39.162Z INFO  client] Sending sample transaction 120
[2022-07-23T18:36:39.211Z INFO  client] Sending sample transaction 121
[2022-07-23T18:36:39.261Z INFO  client] Sending sample transaction 122
[2022-07-23T18:36:39.313Z INFO  client] Sending sample transaction 123
[2022-07-23T18:36:39.362Z INFO  client] Sending sample transaction 124
[2022-07-23T18:36:39.413Z INFO  client] Sending sample transaction 125
[2022-07-23T18:36:39.460Z INFO  client] Sending sample transaction 126
[2022-07-23T18:36:39.510Z INFO  client] Sending sample transaction 127
[2022-07-23T18:36:39.562Z INFO  client] Sending sample transaction 128
[2022-07-23T18:36:39.611Z INFO  client] Sending sample transaction 129
[2022-07-23T18:36:39.659Z INFO  client] Sending sample transaction 130
[2022-07-23T18:36:39.710Z INFO  client] Sending sample transaction 131
[2022-07-23T18:36:39.761Z INFO  client] Sending sample transaction 132
[2022-07-23T18:36:39.810Z INFO  client] Sending sample transaction 133
[2022-07-23T18:36:39.861Z INFO  client] Sending sample transaction 134
[2022-07-23T18:36:39.915Z INFO  client] Sending sample transaction 135
[2022-07-23T18:36:39.960Z INFO  client] Sending sample transaction 136
[2022-07-23T18:36:40.012Z INFO  client] Sending sample transaction 137
[2022-07-23T18:36:40.061Z INFO  client] Sending sample transaction 138
[2022-07-23T18:36:40.111Z INFO  client] Sending sample transaction 139
[2022-07-23T18:36:40.161Z INFO  client] Sending sample transaction 140
[2022-07-23T18:36:40.210Z INFO  client] Sending sample transaction 141
[2022-07-23T18:36:40.260Z INFO  client] Sending sample transaction 142
[2022-07-23T18:36:40.311Z INFO  client] Sending sample transaction 143
[2022-07-23T18:36:40.360Z INFO  client] Sending sample transaction 144
[2022-07-23T18:36:40.418Z INFO  client] Sending sample transaction 145
[2022-07-23T18:36:40.482Z INFO  client] Sending sample transaction 146
[2022-07-23T18:36:40.540Z INFO  client] Sending sample transaction 147
[2022-07-23T18:36:40.572Z INFO  client] Sending sample transaction 148
[2022-07-23T18:36:40.610Z INFO  client] Sending sample transaction 149
[2022-07-23T18:36:40.660Z INFO  client] Sending sample transaction 150
[2022-07-23T18:36:40.710Z INFO  client] Sending sample transaction 151
[2022-07-23T18:36:40.762Z INFO  client] Sending sample transaction 152
[2022-07-23T18:36:40.812Z INFO  client] Sending sample transaction 153
[2022-07-23T18:36:40.863Z INFO  client] Sending sample transaction 154
[2022-07-23T18:36:40.910Z INFO  client] Sending sample transaction 155
[2022-07-23T18:36:40.961Z INFO  client] Sending sample transaction 156
[2022-07-23T18:36:41.011Z INFO  client] Sending sample transaction 157
[2022-07-23T18:36:41.060Z INFO  client] Sending sample transaction 158
[2022-07-23T18:36:41.110Z INFO  client] Sending sample transaction 159
[2022-07-23T18:36:41.160Z INFO  client] Sending sample transaction 160
[2022-07-23T18:36:41.210Z INFO  client] Sending sample transaction 161
[2022-07-23T18:36:41.261Z INFO  client] Sending sample transaction 162
[2022-07-23T18:36:41.313Z INFO  client] Sending sample transaction 163
[2022-07-23T18:36:41.363Z INFO  client] Sending sample transaction 164
[2022-07-23T18:36:41.412Z INFO  client] Sending sample transaction 165
[2022-07-23T18:36:41.460Z INFO  client] Sending sample transaction 166
[2022-07-23T18:36:41.511Z INFO  client] Sending sample transaction 167
[2022-07-23T18:36:41.560Z INFO  client] Sending sample transaction 168
[2022-07-23T18:36:41.631Z INFO  client] Sending sample transaction 169
[2022-07-23T18:36:41.661Z INFO  client] Sending sample transaction 170
[2022-07-23T18:36:41.745Z INFO  client] Sending sample transaction 171
[2022-07-23T18:36:41.766Z INFO  client] Sending sample transaction 172
[2022-07-23T18:36:41.810Z INFO  client] Sending sample transaction 173
[2022-07-23T18:36:41.862Z INFO  client] Sending sample transaction 174
[2022-07-23T18:36:41.910Z INFO  client] Sending sample transaction 175
[2022-07-23T18:36:41.959Z INFO  client] Sending sample transaction 176
[2022-07-23T18:36:42.011Z INFO  client] Sending sample transaction 177
[2022-07-23T18:36:42.067Z INFO  client] Sending sample transaction 178
[2022-07-23T18:36:42.110Z INFO  client] Sending sample transaction 179
[2022-07-23T18:36:42.160Z INFO  client] Sending sample transaction 180
[2022-07-23T18:36:42.211Z INFO  client] Sending sample transaction 181
[2022-07-23T18:36:42.262Z INFO  client] Sending sample transaction 182
[2022-07-23T18:36:42.310Z INFO  client] Sending sample transaction 183
[2022-07-23T18:36:42.360Z INFO  client] Sending sample transaction 184
[2022-07-23T18:36:42.411Z INFO  client] Sending sample transaction 185
[2022-07-23T18:36:42.460Z INFO  client] Sending sample transaction 186
[2022-07-23T18:36:42.512Z INFO  client] Sending sample transaction 187
[2022-07-23T18:36:42.561Z INFO  client] Sending sample transaction 188
[2022-07-23T18:36:42.613Z INFO  client] Sending sample transaction 189
[2022-07-23T18:36:42.664Z INFO  client] Sending sample transaction 190
[2022-07-23T18:36:42.728Z INFO  client] Sending sample transaction 191
[2022-07-23T18:36:42.788Z INFO  client] Sending sample transaction 192
[2022-07-23T18:36:42.818Z INFO  client] Sending sample transaction 193
[2022-07-23T18:36:42.864Z INFO  client] Sending sample transaction 194
[2022-07-23T18:36:42.910Z INFO  client] Sending sample transaction 195
[2022-07-23T18:36:42.961Z INFO  client] Sending sample transaction 196
[2022-07-23T18:36:43.011Z INFO  client] Sending sample transaction 197
[2022-07-23T18:36:43.065Z INFO  client] Sending sample transaction 198
[2022-07-23T18:36:43.111Z INFO  client] Sending sample transaction 199
[2022-07-23T18:36:43.160Z INFO  client] Sending sample transaction 200
[2022-07-23T18:36:43.211Z INFO  client] Sending sample transaction 201
[2022-07-23T18:36:43.262Z INFO  client] Sending sample transaction 202
[2022-07-23T18:36:43.310Z INFO  client] Sending sample transaction 203
[2022-07-23T18:36:43.363Z INFO  client] Sending sample transaction 204
[2022-07-23T18:36:43.409Z INFO  client] Sending sample transaction 205
[2022-07-23T18:36:43.459Z INFO  client] Sending sample transaction 206
[2022-07-23T18:36:43.513Z INFO  client] Sending sample transaction 207
[2022-07-23T18:36:43.560Z INFO  client] Sending sample transaction 208
[2022-07-23T18:36:43.612Z INFO  client] Sending sample transaction 209
[2022-07-23T18:36:43.660Z INFO  client] Sending sample transaction 210
[2022-07-23T18:36:43.710Z INFO  client] Sending sample transaction 211
[2022-07-23T18:36:43.759Z INFO  client] Sending sample transaction 212
[2022-07-23T18:36:43.815Z INFO  client] Sending sample transaction 213
[2022-07-23T18:36:43.888Z INFO  client] Sending sample transaction 214
[2022-07-23T18:36:43.911Z INFO  client] Sending sample transaction 215
[2022-07-23T18:36:43.961Z INFO  client] Sending sample transaction 216
[2022-07-23T18:36:44.010Z INFO  client] Sending sample transaction 217
[2022-07-23T18:36:44.061Z INFO  client] Sending sample transaction 218
[2022-07-23T18:36:44.113Z INFO  client] Sending sample transaction 219
[2022-07-23T18:36:44.162Z INFO  client] Sending sample transaction 220
[2022-07-23T18:36:44.211Z INFO  client] Sending sample transaction 221
[2022-07-23T18:36:44.260Z INFO  client] Sending sample transaction 222
[2022-07-23T18:36:44.311Z INFO  client] Sending sample transaction 223
[2022-07-23T18:36:44.361Z INFO  client] Sending sample transaction 224
[2022-07-23T18:36:44.410Z INFO  client] Sending sample transaction 225
[2022-07-23T18:36:44.460Z INFO  client] Sending sample transaction 226
[2022-07-23T18:36:44.511Z INFO  client] Sending sample transaction 227
[2022-07-23T18:36:44.561Z INFO  client] Sending sample transaction 228
[2022-07-23T18:36:44.613Z INFO  client] Sending sample transaction 229
[2022-07-23T18:36:44.665Z INFO  client] Sending sample transaction 230
[2022-07-23T18:36:44.710Z INFO  client] Sending sample transaction 231
[2022-07-23T18:36:44.760Z INFO  client] Sending sample transaction 232
[2022-07-23T18:36:44.811Z INFO  client] Sending sample transaction 233
[2022-07-23T18:36:44.862Z INFO  client] Sending sample transaction 234
[2022-07-23T18:36:44.910Z INFO  client] Sending sample transaction 235
[2022-07-23T18:36:44.961Z INFO  client] Sending sample transaction 236
[2022-07-23T18:36:45.031Z INFO  client] Sending sample transaction 237
[2022-07-23T18:36:45.071Z INFO  client] Sending sample transaction 238
[2022-07-23T18:36:45.145Z INFO  client] Sending sample transaction 239
[2022-07-23T18:36:45.183Z INFO  client] Sending sample transaction 240
[2022-07-23T18:36:45.226Z INFO  client] Sending sample transaction 241
[2022-07-23T18:36:45.276Z INFO  client] Sending sample transaction 242
[2022-07-23T18:36:45.328Z INFO  client] Sending sample transaction 243
[2022-07-23T18:36:45.361Z INFO  client] Sending sample transaction 244
[2022-07-23T18:36:45.413Z INFO  client] Sending sample transaction 245
[2022-07-23T18:36:45.462Z INFO  client] Sending sample transaction 246
[2022-07-23T18:36:45.509Z INFO  client] Sending sample transaction 247
[2022-07-23T18:36:45.560Z INFO  client] Sending sample transaction 248
[2022-07-23T18:36:45.610Z INFO  client] Sending sample transaction 249
[2022-07-23T18:36:45.660Z INFO  client] Sending sample transaction 250
[2022-07-23T18:36:45.710Z INFO  client] Sending sample transaction 251
[2022-07-23T18:36:45.759Z INFO  client] Sending sample transaction 252
[2022-07-23T18:36:45.811Z INFO  client] Sending sample transaction 253
[2022-07-23T18:36:45.861Z INFO  client] Sending sample transaction 254
[2022-07-23T18:36:45.924Z INFO  client] Sending sample transaction 255
[2022-07-23T18:36:46.006Z INFO  client] Sending sample transaction 256
[2022-07-23T18:36:46.017Z INFO  client] Sending sample transaction 257
[2022-07-23T18:36:46.073Z INFO  client] Sending sample transaction 258
[2022-07-23T18:36:46.110Z INFO  client] Sending sample transaction 259
[2022-07-23T18:36:46.159Z INFO  client] Sending sample transaction 260
[2022-07-23T18:36:46.212Z INFO  client] Sending sample transaction 261
[2022-07-23T18:36:46.261Z INFO  client] Sending sample transaction 262
[2022-07-23T18:36:46.310Z INFO  client] Sending sample transaction 263
[2022-07-23T18:36:46.362Z INFO  client] Sending sample transaction 264
[2022-07-23T18:36:46.409Z INFO  client] Sending sample transaction 265
[2022-07-23T18:36:46.461Z INFO  client] Sending sample transaction 266
[2022-07-23T18:36:46.510Z INFO  client] Sending sample transaction 267
[2022-07-23T18:36:46.560Z INFO  client] Sending sample transaction 268
[2022-07-23T18:36:46.612Z INFO  client] Sending sample transaction 269
[2022-07-23T18:36:46.664Z INFO  client] Sending sample transaction 270
[2022-07-23T18:36:46.710Z INFO  client] Sending sample transaction 271
[2022-07-23T18:36:46.761Z INFO  client] Sending sample transaction 272
[2022-07-23T18:36:46.811Z INFO  client] Sending sample transaction 273
[2022-07-23T18:36:46.861Z INFO  client] Sending sample transaction 274
[2022-07-23T18:36:46.909Z INFO  client] Sending sample transaction 275
[2022-07-23T18:36:46.961Z INFO  client] Sending sample transaction 276
[2022-07-23T18:36:47.013Z INFO  client] Sending sample transaction 277
[2022-07-23T18:36:47.062Z INFO  client] Sending sample transaction 278
[2022-07-23T18:36:47.112Z INFO  client] Sending sample transaction 279
[2022-07-23T18:36:47.161Z INFO  client] Sending sample transaction 280
[2022-07-23T18:36:47.210Z INFO  client] Sending sample transaction 281
[2022-07-23T18:36:47.294Z INFO  client] Sending sample transaction 282
[2022-07-23T18:36:47.352Z INFO  client] Sending sample transaction 283
[2022-07-23T18:36:47.441Z INFO  client] Sending sample transaction 284
[2022-07-23T18:36:47.441Z INFO  client] Sending sample transaction 285
[2022-07-23T18:36:47.490Z INFO  client] Sending sample transaction 286
[2022-07-23T18:36:47.533Z INFO  client] Sending sample transaction 287
[2022-07-23T18:36:47.569Z INFO  client] Sending sample transaction 288
[2022-07-23T18:36:47.618Z INFO  client] Sending sample transaction 289
[2022-07-23T18:36:47.665Z INFO  client] Sending sample transaction 290
[2022-07-23T18:36:47.710Z INFO  client] Sending sample transaction 291
[2022-07-23T18:36:47.760Z INFO  client] Sending sample transaction 292
[2022-07-23T18:36:47.812Z INFO  client] Sending sample transaction 293
[2022-07-23T18:36:47.861Z INFO  client] Sending sample transaction 294
[2022-07-23T18:36:47.911Z INFO  client] Sending sample transaction 295
[2022-07-23T18:36:47.960Z INFO  client] Sending sample transaction 296
[2022-07-23T18:36:48.010Z INFO  client] Sending sample transaction 297
[2022-07-23T18:36:48.062Z INFO  client] Sending sample transaction 298
[2022-07-23T18:36:48.110Z INFO  client] Sending sample transaction 299
[2022-07-23T18:36:48.160Z INFO  client] Sending sample transaction 300
[2022-07-23T18:36:48.212Z INFO  client] Sending sample transaction 301
[2022-07-23T18:36:48.260Z INFO  client] Sending sample transaction 302
[2022-07-23T18:36:48.310Z INFO  client] Sending sample transaction 303
[2022-07-23T18:36:48.360Z INFO  client] Sending sample transaction 304
[2022-07-23T18:36:48.413Z INFO  client] Sending sample transaction 305
[2022-07-23T18:36:48.460Z INFO  client] Sending sample transaction 306
[2022-07-23T18:36:48.511Z INFO  client] Sending sample transaction 307
[2022-07-23T18:36:48.565Z INFO  client] Sending sample transaction 308
[2022-07-23T18:36:48.611Z INFO  client] Sending sample transaction 309
[2022-07-23T18:36:48.660Z INFO  client] Sending sample transaction 310
[2022-07-23T18:36:48.712Z INFO  client] Sending sample transaction 311
[2022-07-23T18:36:48.760Z INFO  client] Sending sample transaction 312
[2022-07-23T18:36:48.812Z INFO  client] Sending sample transaction 313
[2022-07-23T18:36:48.860Z INFO  client] Sending sample transaction 314
[2022-07-23T18:36:48.910Z INFO  client] Sending sample transaction 315
[2022-07-23T18:36:48.960Z INFO  client] Sending sample transaction 316
[2022-07-23T18:36:49.010Z INFO  client] Sending sample transaction 317
[2022-07-23T18:36:49.060Z INFO  client] Sending sample transaction 318
[2022-07-23T18:36:49.111Z INFO  client] Sending sample transaction 319
[2022-07-23T18:36:49.161Z INFO  client] Sending sample transaction 320
[2022-07-23T18:36:49.210Z INFO  client] Sending sample transaction 321
[2022-07-23T18:36:49.260Z INFO  client] Sending sample transaction 322
[2022-07-23T18:36:49.310Z INFO  client] Sending sample transaction 323
[2022-07-23T18:36:49.360Z INFO  client] Sending sample transaction 324
[2022-07-23T18:36:49.410Z INFO  client] Sending sample transaction 325
[2022-07-23T18:36:49.460Z INFO  client] Sending sample transaction 326
[2022-07-23T18:36:49.510Z INFO  client] Sending sample transaction 327
[2022-07-23T18:36:49.559Z INFO  client] Sending sample transaction 328
[2022-07-23T18:36:49.613Z INFO  client] Sending sample transaction 329
[2022-07-23T18:36:49.660Z INFO  client] Sending sample transaction 330
[2022-07-23T18:36:49.710Z INFO  client] Sending sample transaction 331
[2022-07-23T18:36:49.760Z INFO  client] Sending sample transaction 332
[2022-07-23T18:36:49.810Z INFO  client] Sending sample transaction 333
[2022-07-23T18:36:49.860Z INFO  client] Sending sample transaction 334
[2022-07-23T18:36:49.910Z INFO  client] Sending sample transaction 335
[2022-07-23T18:36:49.961Z INFO  client] Sending sample transaction 336
[2022-07-23T18:36:50.010Z INFO  client] Sending sample transaction 337
[2022-07-23T18:36:50.059Z INFO  client] Sending sample transaction 338
[2022-07-23T18:36:50.110Z INFO  client] Sending sample transaction 339
[2022-07-23T18:36:50.159Z INFO  client] Sending sample transaction 340
[2022-07-23T18:36:50.211Z INFO  client] Sending sample transaction 341
[2022-07-23T18:36:50.259Z INFO  client] Sending sample transaction 342
[2022-07-23T18:36:50.310Z INFO  client] Sending sample transaction 343
[2022-07-23T18:36:50.360Z INFO  client] Sending sample transaction 344
[2022-07-23T18:36:50.410Z INFO  client] Sending sample transaction 345
[2022-07-23T18:36:50.461Z INFO  client] Sending sample transaction 346
[2022-07-23T18:36:50.510Z INFO  client] Sending sample transaction 347
[2022-07-23T18:36:50.561Z INFO  client] Sending sample transaction 348
[2022-07-23T18:36:50.611Z INFO  client] Sending sample transaction 349
[2022-07-23T18:36:50.670Z INFO  client] Sending sample transaction 350
[2022-07-23T18:36:50.710Z INFO  client] Sending sample transaction 351
[2022-07-23T18:36:50.760Z INFO  client] Sending sample transaction 352
[2022-07-23T18:36:50.810Z INFO  client] Sending sample transaction 353
[2022-07-23T18:36:50.859Z INFO  client] Sending sample transaction 354
[2022-07-23T18:36:50.910Z INFO  client] Sending sample transaction 355
[2022-07-23T18:36:50.960Z INFO  client] Sending sample transaction 356
[2022-07-23T18:36:51.014Z INFO  client] Sending sample transaction 357
[2022-07-23T18:36:51.060Z INFO  client] Sending sample transaction 358
[2022-07-23T18:36:51.110Z INFO  client] Sending sample transaction 359
[2022-07-23T18:36:51.159Z INFO  client] Sending sample transaction 360
[2022-07-23T18:36:51.210Z INFO  client] Sending sample transaction 361
[2022-07-23T18:36:51.260Z INFO  client] Sending sample transaction 362
[2022-07-23T18:36:51.310Z INFO  client] Sending sample transaction 363
[2022-07-23T18:36:51.360Z INFO  client] Sending sample transaction 364
[2022-07-23T18:36:51.410Z INFO  client] Sending sample transaction 365
[2022-07-23T18:36:51.460Z INFO  client] Sending sample transaction 366
[2022-07-23T18:36:51.510Z INFO  client] Sending sample transaction 367
[2022-07-23T18:36:51.560Z INFO  client] Sending sample transaction 368
[2022-07-23T18:36:51.610Z INFO  client] Sending sample transaction 369
[2022-07-23T18:36:51.659Z INFO  client] Sending sample transaction 370
[2022-07-23T18:36:51.733Z INFO  client] Sending sample transaction 371
[2022-07-23T18:36:51.761Z INFO  client] Sending sample transaction 372
[2022-07-23T18:36:51.810Z INFO  client] Sending sample transaction 373
[2022-07-23T18:36:51.861Z INFO  client] Sending sample transaction 374
[2022-07-23T18:36:51.910Z INFO  client] Sending sample transaction 375
[2022-07-23T18:36:51.960Z INFO  client] Sending sample transaction 376
[2022-07-23T18:36:52.010Z INFO  client] Sending sample transaction 377
[2022-07-23T18:36:52.060Z INFO  client] Sending sample transaction 378
[2022-07-23T18:36:52.110Z INFO  client] Sending sample transaction 379
[2022-07-23T18:36:52.159Z INFO  client] Sending sample transaction 380
[2022-07-23T18:36:52.210Z INFO  client] Sending sample transaction 381
[2022-07-23T18:36:52.260Z INFO  client] Sending sample transaction 382
[2022-07-23T18:36:52.310Z INFO  client] Sending sample transaction 383
[2022-07-23T18:36:52.360Z INFO  client] Sending sample transaction 384
[2022-07-23T18:36:52.409Z INFO  client] Sending sample transaction 385
[2022-07-23T18:36:52.460Z INFO  client] Sending sample transaction 386
[2022-07-23T18:36:52.511Z INFO  client] Sending sample transaction 387
[2022-07-23T18:36:52.560Z INFO  client] Sending sample transaction 388
[2022-07-23T18:36:52.610Z INFO  client] Sending sample transaction 389
[2022-07-23T18:36:52.660Z INFO  client] Sending sample transaction 390
[2022-07-23T18:36:52.710Z INFO  client] Sending sample transaction 391
[2022-07-23T18:36:52.760Z INFO  client] Sending sample transaction 392
[2022-07-23T18:36:52.811Z INFO  client] Sending sample transaction 393
[2022-07-23T18:36:52.862Z INFO  client] Sending sample transaction 394
[2022-07-23T18:36:52.928Z INFO  client] Sending sample transaction 395
[2022-07-23T18:36:52.994Z WARN  client] Transaction rate too high for this client
[2022-07-23T18:36:52.994Z INFO  client] Sending sample transaction 396
[2022-07-23T18:36:53.053Z INFO  client] Sending sample transaction 397
[2022-07-23T18:36:53.062Z INFO  client] Sending sample transaction 398
[2022-07-23T18:36:53.112Z INFO  client] Sending sample transaction 399
[2022-07-23T18:36:53.159Z INFO  client] Sending sample transaction 400
[2022-07-23T18:36:53.209Z INFO  client] Sending sample transaction 401
[2022-07-23T18:36:53.261Z INFO  client] Sending sample transaction 402
[2022-07-23T18:36:53.311Z INFO  client] Sending sample transaction 403
[2022-07-23T18:36:53.361Z INFO  client] Sending sample transaction 404
[2022-07-23T18:36:53.410Z INFO  client] Sending sample transaction 405
[2022-07-23T18:36:53.459Z INFO  client] Sending sample transaction 406
[2022-07-23T18:36:53.510Z INFO  client] Sending sample transaction 407
[2022-07-23T18:36:53.560Z INFO  client] Sending sample transaction 408
[2022-07-23T18:36:53.610Z INFO  client] Sending sample transaction 409
[2022-07-23T18:36:53.660Z INFO  client] Sending sample transaction 410
[2022-07-23T18:36:53.710Z INFO  client] Sending sample transaction 411
[2022-07-23T18:36:53.760Z INFO  client] Sending sample transaction 412
[2022-07-23T18:36:53.813Z INFO  client] Sending sample transaction 413
[2022-07-23T18:36:53.863Z INFO  client] Sending sample transaction 414
[2022-07-23T18:36:53.910Z INFO  client] Sending sample transaction 415
[2022-07-23T18:36:53.960Z INFO  client] Sending sample transaction 416
[2022-07-23T18:36:54.010Z INFO  client] Sending sample transaction 417
[2022-07-23T18:36:54.060Z INFO  client] Sending sample transaction 418
[2022-07-23T18:36:54.110Z INFO  client] Sending sample transaction 419
[2022-07-23T18:36:54.163Z INFO  client] Sending sample transaction 420
[2022-07-23T18:36:54.211Z INFO  client] Sending sample transaction 421
[2022-07-23T18:36:54.260Z INFO  client] Sending sample transaction 422
[2022-07-23T18:36:54.310Z INFO  client] Sending sample transaction 423
[2022-07-23T18:36:54.363Z INFO  client] Sending sample transaction 424
[2022-07-23T18:36:54.411Z INFO  client] Sending sample transaction 425
[2022-07-23T18:36:54.460Z INFO  client] Sending sample transaction 426
[2022-07-23T18:36:54.510Z INFO  client] Sending sample transaction 427
[2022-07-23T18:36:54.562Z INFO  client] Sending sample transaction 428
[2022-07-23T18:36:54.620Z INFO  client] Sending sample transaction 429
[2022-07-23T18:36:54.660Z INFO  client] Sending sample transaction 430
[2022-07-23T18:36:54.711Z INFO  client] Sending sample transaction 431
[2022-07-23T18:36:54.761Z INFO  client] Sending sample transaction 432
[2022-07-23T18:36:54.811Z INFO  client] Sending sample transaction 433
[2022-07-23T18:36:54.861Z INFO  client] Sending sample transaction 434
[2022-07-23T18:36:54.912Z INFO  client] Sending sample transaction 435
[2022-07-23T18:36:54.960Z INFO  client] Sending sample transaction 436
[2022-07-23T18:36:55.010Z INFO  client] Sending sample transaction 437
[2022-07-23T18:36:55.060Z INFO  client] Sending sample transaction 438
[2022-07-23T18:36:55.110Z INFO  client] Sending sample transaction 439
[2022-07-23T18:36:55.160Z INFO  client] Sending sample transaction 440
[2022-07-23T18:36:55.210Z INFO  client] Sending sample transaction 441
[2022-07-23T18:36:55.261Z INFO  client] Sending sample transaction 442
[2022-07-23T18:36:55.310Z INFO  client] Sending sample transaction 443
[2022-07-23T18:36:55.364Z INFO  client] Sending sample transaction 444
[2022-07-23T18:36:55.410Z INFO  client] Sending sample transaction 445
[2022-07-23T18:36:55.461Z INFO  client] Sending sample transaction 446
[2022-07-23T18:36:55.510Z INFO  client] Sending sample transaction 447
[2022-07-23T18:36:55.560Z INFO  client] Sending sample transaction 448
[2022-07-23T18:36:55.615Z INFO  client] Sending sample transaction 449
[2022-07-23T18:36:55.662Z INFO  client] Sending sample transaction 450
[2022-07-23T18:36:55.710Z INFO  client] Sending sample transaction 451
[2022-07-23T18:36:55.760Z INFO  client] Sending sample transaction 452
[2022-07-23T18:36:55.811Z INFO  client] Sending sample transaction 453
[2022-07-23T18:36:55.860Z INFO  client] Sending sample transaction 454
