[2022-07-23T17:23:18.442Z INFO  client] Node address: 127.0.0.1:9014
[2022-07-23T17:23:18.442Z INFO  client] Transactions size: 512 B
[2022-07-23T17:23:18.442Z INFO  client] Transactions rate: 112 tx/s
[2022-07-23T17:23:18.442Z INFO  client] Waiting for all nodes to be online...
[2022-07-23T17:23:18.442Z INFO  client] Waiting for all nodes to be synchronized...
[2022-07-23T17:23:20.456Z INFO  client] Start sending transactions
[2022-07-23T17:23:20.457Z INFO  client] Sending sample transaction 0
[2022-07-23T17:23:20.518Z INFO  client] Sending sample transaction 1
[2022-07-23T17:23:20.558Z INFO  client] Sending sample transaction 2
[2022-07-23T17:23:20.625Z INFO  client] Sending sample transaction 3
[2022-07-23T17:23:20.666Z INFO  client] Sending sample transaction 4
[2022-07-23T17:23:20.706Z INFO  client] Sending sample transaction 5
[2022-07-23T17:23:20.757Z INFO  client] Sending sample transaction 6
[2022-07-23T17:23:20.808Z INFO  client] Sending sample transaction 7
[2022-07-23T17:23:20.857Z INFO  client] Sending sample transaction 8
[2022-07-23T17:23:20.908Z INFO  client] Sending sample transaction 9
[2022-07-23T17:23:20.957Z INFO  client] Sending sample transaction 10
[2022-07-23T17:23:21.007Z INFO  client] Sending sample transaction 11
[2022-07-23T17:23:21.059Z INFO  client] Sending sample transaction 12
[2022-07-23T17:23:21.108Z INFO  client] Sending sample transaction 13
[2022-07-23T17:23:21.158Z INFO  client] Sending sample transaction 14
[2022-07-23T17:23:21.207Z INFO  client] Sending sample transaction 15
[2022-07-23T17:23:21.257Z INFO  client] Sending sample transaction 16
[2022-07-23T17:23:21.308Z INFO  client] Sending sample transaction 17
[2022-07-23T17:23:21.358Z INFO  client] Sending sample transaction 18
[2022-07-23T17:23:21.449Z INFO  client] Sending sample transaction 19
[2022-07-23T17:23:21.490Z INFO  client] Sending sample transaction 20
[2022-07-23T17:23:21.546Z INFO  client] Sending sample transaction 21
[2022-07-23T17:23:21.605Z INFO  client] Sending sample transaction 22
[2022-07-23T17:23:21.650Z INFO  client] Sending sample transaction 23
[2022-07-23T17:23:21.668Z INFO  client] Sending sample transaction 24
[2022-07-23T17:23:21.708Z INFO  client] Sending sample transaction 25
[2022-07-23T17:23:21.759Z INFO  client] Sending sample transaction 26
[2022-07-23T17:23:21.828Z INFO  client] Sending sample transaction 27
[2022-07-23T17:23:21.893Z INFO  client] Sending sample transaction 28
[2022-07-23T17:23:21.921Z INFO  client] Sending sample transaction 29
[2022-07-23T17:23:21.957Z INFO  client] Sending sample transaction 30
[2022-07-23T17:23:22.007Z INFO  client] Sending sample transaction 31
[2022-07-23T17:23:22.063Z INFO  client] Sending sample transaction 32
[2022-07-23T17:23:22.114Z INFO  client] Sending sample transaction 33
[2022-07-23T17:23:22.161Z INFO  client] Sending sample transaction 34
[2022-07-23T17:23:22.221Z INFO  client] Sending sample transaction 35
[2022-07-23T17:23:22.301Z INFO  client] Sending sample transaction 36
[2022-07-23T17:23:22.312Z INFO  client] Sending sample transaction 37
[2022-07-23T17:23:22.387Z INFO  client] Sending sample transaction 38
[2022-07-23T17:23:22.418Z INFO  client] Sending sample transaction 39
[2022-07-23T17:23:22.460Z INFO  client] Sending sample transaction 40
[2022-07-23T17:23:22.507Z INFO  client] Sending sample transaction 41
[2022-07-23T17:23:22.558Z INFO  client] Sending sample transaction 42
[2022-07-23T17:23:22.608Z INFO  client] Sending sample transaction 43
[2022-07-23T17:23:22.671Z INFO  client] Sending sample transaction 44
[2022-07-23T17:23:22.730Z INFO  client] Sending sample transaction 45
[2022-07-23T17:23:22.762Z INFO  client] Sending sample transaction 46
[2022-07-23T17:23:22.807Z INFO  client] Sending sample transaction 47
[2022-07-23T17:23:22.858Z INFO  client] Sending sample transaction 48
[2022-07-23T17:23:22.907Z INFO  client] Sending sample transaction 49
[2022-07-23T17:23:22.957Z INFO  client] Sending sample transaction 50
[2022-07-23T17:23:23.008Z INFO  client] Sending sample transaction 51
[2022-07-23T17:23:23.058Z INFO  client] Sending sample transaction 52
[2022-07-23T17:23:23.108Z INFO  client] Sending sample transaction 53
[2022-07-23T17:23:23.233Z INFO  client] Sending sample transaction 54
[2022-07-23T17:23:23.260Z INFO  client] Sending sample transaction 55
[2022-07-23T17:23:23.264Z INFO  client] Sending sample transaction 56
[2022-07-23T17:23:23.350Z INFO  client] Sending sample transaction 57
[2022-07-23T17:23:23.370Z INFO  client] Sending sample transaction 58
[2022-07-23T17:23:23.408Z INFO  client] Sending sample transaction 59
[2022-07-23T17:23:23.472Z INFO  client] Sending sample transaction 60
[2022-07-23T17:23:23.511Z INFO  client] Sending sample transaction 61
[2022-07-23T17:23:23.557Z INFO  client] Sending sample transaction 62
[2022-07-23T17:23:23.607Z INFO  client] Sending sample transaction 63
[2022-07-23T17:23:23.657Z INFO  client] Sending sample transaction 64
[2022-07-23T17:23:23.706Z INFO  client] Sending sample transaction 65
[2022-07-23T17:23:23.757Z INFO  client] Sending sample transaction 66
[2022-07-23T17:23:23.816Z INFO  client] Sending sample transaction 67
[2022-07-23T17:23:23.857Z INFO  client] Sending sample transaction 68
[2022-07-23T17:23:23.908Z INFO  client] Sending sample transaction 69
[2022-07-23T17:23:23.957Z INFO  client] Sending sample transaction 70
[2022-07-23T17:23:24.007Z INFO  client] Sending sample transaction 71
[2022-07-23T17:23:24.057Z INFO  client] Sending sample transaction 72
[2022-07-23T17:23:24.107Z INFO  client] Sending sample transaction 73
[2022-07-23T17:23:24.157Z INFO  client] Sending sample transaction 74
[2022-07-23T17:23:24.208Z INFO  client] Sending sample transaction 75
[2022-07-23T17:23:24.257Z INFO  client] Sending sample transaction 76
[2022-07-23T17:23:24.307Z INFO  client] Sending sample transaction 77
[2022-07-23T17:23:24.377Z INFO  client] Sending sample transaction 78
[2022-07-23T17:23:24.425Z INFO  client] Sending sample transaction 79
[2022-07-23T17:23:24.457Z INFO  client] Sending sample transaction 80
[2022-07-23T17:23:24.507Z INFO  client] Sending sample transaction 81
[2022-07-23T17:23:24.558Z INFO  client] Sending sample transaction 82
[2022-07-23T17:23:24.606Z INFO  client] Sending sample transaction 83
[2022-07-23T17:23:24.657Z INFO  client] Sending sample transaction 84
[2022-07-23T17:23:24.706Z INFO  client] Sending sample transaction 85
[2022-07-23T17:23:24.757Z INFO  client] Sending sample transaction 86
[2022-07-23T17:23:24.809Z INFO  client] Sending sample transaction 87
[2022-07-23T17:23:24.866Z INFO  client] Sending sample transaction 88
[2022-07-23T17:23:24.907Z INFO  client] Sending sample transaction 89
[2022-07-23T17:23:24.957Z INFO  client] Sending sample transaction 90
[2022-07-23T17:23:25.007Z INFO  client] Sending sample transaction 91
[2022-07-23T17:23:25.057Z INFO  client] Sending sample transaction 92
[2022-07-23T17:23:25.107Z INFO  client] Sending sample transaction 93
[2022-07-23T17:23:25.157Z INFO  client] Sending sample transaction 94
[2022-07-23T17:23:25.207Z INFO  client] Sending sample transaction 95
[2022-07-23T17:23:25.257Z INFO  client] Sending sample transaction 96
[2022-07-23T17:23:25.307Z INFO  client] Sending sample transaction 97
[2022-07-23T17:23:25.357Z INFO  client] Sending sample transaction 98
[2022-07-23T17:23:25.406Z INFO  client] Sending sample transaction 99
[2022-07-23T17:23:25.457Z INFO  client] Sending sample transaction 100
[2022-07-23T17:23:25.507Z INFO  client] Sending sample transaction 101
[2022-07-23T17:23:25.557Z INFO  client] Sending sample transaction 102
[2022-07-23T17:23:25.606Z INFO  client] Sending sample transaction 103
[2022-07-23T17:23:25.657Z INFO  client] Sending sample transaction 104
[2022-07-23T17:23:25.707Z INFO  client] Sending sample transaction 105
[2022-07-23T17:23:25.757Z INFO  client] Sending sample transaction 106
[2022-07-23T17:23:25.808Z INFO  client] Sending sample transaction 107
[2022-07-23T17:23:25.858Z INFO  client] Sending sample transaction 108
[2022-07-23T17:23:25.909Z INFO  client] Sending sample transaction 109
[2022-07-23T17:23:25.958Z INFO  client] Sending sample transaction 110
[2022-07-23T17:23:26.008Z INFO  client] Sending sample transaction 111
[2022-07-23T17:23:26.057Z INFO  client] Sending sample transaction 112
[2022-07-23T17:23:26.107Z INFO  client] Sending sample transaction 113
[2022-07-23T17:23:26.157Z INFO  client] Sending sample transaction 114
[2022-07-23T17:23:26.206Z INFO  client] Sending sample transaction 115
[2022-07-23T17:23:26.270Z INFO  client] Sending sample transaction 116
[2022-07-23T17:23:26.320Z INFO  client] Sending sample transaction 117
[2022-07-23T17:23:26.375Z INFO  client] Sending sample transaction 118
[2022-07-23T17:23:26.408Z INFO  client] Sending sample transaction 119
[2022-07-23T17:23:26.457Z INFO  client] Sending sample transaction 120
[2022-07-23T17:23:26.506Z INFO  client] Sending sample transaction 121
[2022-07-23T17:23:26.557Z INFO  client] Sending sample transaction 122
[2022-07-23T17:23:26.607Z INFO  client] Sending sample transaction 123
[2022-07-23T17:23:26.657Z INFO  client] Sending sample transaction 124
[2022-07-23T17:23:26.706Z INFO  client] Sending sample transaction 125
[2022-07-23T17:23:26.757Z INFO  client] Sending sample transaction 126
[2022-07-23T17:23:26.807Z INFO  client] Sending sample transaction 127
[2022-07-23T17:23:26.858Z INFO  client] Sending sample transaction 128
[2022-07-23T17:23:26.919Z INFO  client] Sending sample transaction 129
[2022-07-23T17:23:26.962Z INFO  client] Sending sample transaction 130
[2022-07-23T17:23:27.008Z INFO  client] Sending sample transaction 131
[2022-07-23T17:23:27.057Z INFO  client] Sending sample transaction 132
[2022-07-23T17:23:27.107Z INFO  client] Sending sample transaction 133
[2022-07-23T17:23:27.157Z INFO  client] Sending sample transaction 134
[2022-07-23T17:23:27.207Z INFO  client] Sending sample transaction 135
[2022-07-23T17:23:27.285Z INFO  client] Sending sample transaction 136
[2022-07-23T17:23:27.320Z INFO  client] Sending sample transaction 137
[2022-07-23T17:23:27.356Z INFO  client] Sending sample transaction 138
[2022-07-23T17:23:27.407Z INFO  client] Sending sample transaction 139
[2022-07-23T17:23:27.458Z INFO  client] Sending sample transaction 140
[2022-07-23T17:23:27.507Z INFO  client] Sending sample transaction 141
[2022-07-23T17:23:27.557Z INFO  client] Sending sample transaction 142
[2022-07-23T17:23:27.607Z INFO  client] Sending sample transaction 143
[2022-07-23T17:23:27.656Z INFO  client] Sending sample transaction 144
[2022-07-23T17:23:27.707Z INFO  client] Sending sample transaction 145
[2022-07-23T17:23:27.757Z INFO  client] Sending sample transaction 146
[2022-07-23T17:23:27.807Z INFO  client] Sending sample transaction 147
[2022-07-23T17:23:27.857Z INFO  client] Sending sample transaction 148
[2022-07-23T17:23:27.907Z INFO  client] Sending sample transaction 149
[2022-07-23T17:23:27.956Z INFO  client] Sending sample transaction 150
[2022-07-23T17:23:28.007Z INFO  client] Sending sample transaction 151
[2022-07-23T17:23:28.056Z INFO  client] Sending sample transaction 152
[2022-07-23T17:23:28.107Z INFO  client] Sending sample transaction 153
[2022-07-23T17:23:28.157Z INFO  client] Sending sample transaction 154
[2022-07-23T17:23:28.207Z INFO  client] Sending sample transaction 155
[2022-07-23T17:23:28.257Z INFO  client] Sending sample transaction 156
[2022-07-23T17:23:28.306Z INFO  client] Sending sample transaction 157
[2022-07-23T17:23:28.357Z INFO  client] Sending sample transaction 158
[2022-07-23T17:23:28.406Z INFO  client] Sending sample transaction 159
[2022-07-23T17:23:28.457Z INFO  client] Sending sample transaction 160
[2022-07-23T17:23:28.507Z INFO  client] Sending sample transaction 161
[2022-07-23T17:23:28.557Z INFO  client] Sending sample transaction 162
[2022-07-23T17:23:28.607Z INFO  client] Sending sample transaction 163
[2022-07-23T17:23:28.657Z INFO  client] Sending sample transaction 164
[2022-07-23T17:23:28.707Z INFO  client] Sending sample transaction 165
[2022-07-23T17:23:28.756Z INFO  client] Sending sample transaction 166
[2022-07-23T17:23:28.807Z INFO  client] Sending sample transaction 167
[2022-07-23T17:23:28.857Z INFO  client] Sending sample transaction 168
[2022-07-23T17:23:28.907Z INFO  client] Sending sample transaction 169
[2022-07-23T17:23:28.957Z INFO  client] Sending sample transaction 170
[2022-07-23T17:23:29.007Z INFO  client] Sending sample transaction 171
[2022-07-23T17:23:29.064Z INFO  client] Sending sample transaction 172
[2022-07-23T17:23:29.107Z INFO  client] Sending sample transaction 173
[2022-07-23T17:23:29.157Z INFO  client] Sending sample transaction 174
[2022-07-23T17:23:29.207Z INFO  client] Sending sample transaction 175
[2022-07-23T17:23:29.257Z INFO  client] Sending sample transaction 176
[2022-07-23T17:23:29.307Z INFO  client] Sending sample transaction 177
[2022-07-23T17:23:29.357Z INFO  client] Sending sample transaction 178
[2022-07-23T17:23:29.407Z INFO  client] Sending sample transaction 179
[2022-07-23T17:23:29.456Z INFO  client] Sending sample transaction 180
[2022-07-23T17:23:29.507Z INFO  client] Sending sample transaction 181
[2022-07-23T17:23:29.557Z INFO  client] Sending sample transaction 182
[2022-07-23T17:23:29.608Z INFO  client] Sending sample transaction 183
[2022-07-23T17:23:29.657Z INFO  client] Sending sample transaction 184
[2022-07-23T17:23:29.707Z INFO  client] Sending sample transaction 185
[2022-07-23T17:23:29.757Z INFO  client] Sending sample transaction 186
[2022-07-23T17:23:29.806Z INFO  client] Sending sample transaction 187
[2022-07-23T17:23:29.857Z INFO  client] Sending sample transaction 188
[2022-07-23T17:23:29.907Z INFO  client] Sending sample transaction 189
[2022-07-23T17:23:29.957Z INFO  client] Sending sample transaction 190
[2022-07-23T17:23:30.007Z INFO  client] Sending sample transaction 191
[2022-07-23T17:23:30.057Z INFO  client] Sending sample transaction 192
[2022-07-23T17:23:30.107Z INFO  client] Sending sample transaction 193
[2022-07-23T17:23:30.157Z INFO  client] Sending sample transaction 194
[2022-07-23T17:23:30.206Z INFO  client] Sending sample transaction 195
[2022-07-23T17:23:30.287Z INFO  client] Sending sample transaction 196
[2022-07-23T17:23:30.322Z INFO  client] Sending sample transaction 197
[2022-07-23T17:23:30.383Z INFO  client] Sending sample transaction 198
[2022-07-23T17:23:30.407Z INFO  client] Sending sample transaction 199
[2022-07-23T17:23:30.456Z INFO  client] Sending sample transaction 200
[2022-07-23T17:23:30.507Z INFO  client] Sending sample transaction 201
[2022-07-23T17:23:30.557Z INFO  client] Sending sample transaction 202
[2022-07-23T17:23:30.606Z INFO  client] Sending sample transaction 203
[2022-07-23T17:23:30.657Z INFO  client] Sending sample transaction 204
[2022-07-23T17:23:30.706Z INFO  client] Sending sample transaction 205
[2022-07-23T17:23:30.757Z INFO  client] Sending sample transaction 206
[2022-07-23T17:23:30.807Z INFO  client] Sending sample transaction 207
[2022-07-23T17:23:30.857Z INFO  client] Sending sample transaction 208
[2022-07-23T17:23:30.906Z INFO  client] Sending sample transaction 209
[2022-07-23T17:23:30.956Z INFO  client] Sending sample transaction 210
[2022-07-23T17:23:31.008Z INFO  client] Sending sample transaction 211
[2022-07-23T17:23:31.056Z INFO  client] Sending sample transaction 212
[2022-07-23T17:23:31.115Z INFO  client] Sending sample transaction 213
[2022-07-23T17:23:31.160Z INFO  client] Sending sample transaction 214
[2022-07-23T17:23:31.207Z INFO  client] Sending sample transaction 215
[2022-07-23T17:23:31.264Z INFO  client] Sending sample transaction 216
[2022-07-23T17:23:31.336Z INFO  client] Sending sample transaction 217
[2022-07-23T17:23:31.365Z INFO  client] Sending sample transaction 218
[2022-07-23T17:23:31.406Z INFO  client] Sending sample transaction 219
[2022-07-23T17:23:31.457Z INFO  client] Sending sample transaction 220
[2022-07-23T17:23:31.507Z INFO  client] Sending sample transaction 221
[2022-07-23T17:23:31.557Z INFO  client] Sending sample transaction 222
[2022-07-23T17:23:31.608Z INFO  client] Sending sample transaction 223
[2022-07-23T17:23:31.657Z INFO  client] Sending sample transaction 224
[2022-07-23T17:23:31.706Z INFO  client] Sending sample transaction 225
[2022-07-23T17:23:31.758Z INFO  client] Sending sample transaction 226
[2022-07-23T17:23:31.808Z INFO  client] Sending sample transaction 227
[2022-07-23T17:23:31.858Z INFO  client] Sending sample transaction 228
[2022-07-23T17:23:31.907Z INFO  client] Sending sample transaction 229
[2022-07-23T17:23:31.957Z INFO  client] Sending sample transaction 230
[2022-07-23T17:23:32.007Z INFO  client] Sending sample transaction 231
[2022-07-23T17:23:32.057Z INFO  client] Sending sample transaction 232
[2022-07-23T17:23:32.107Z INFO  client] Sending sample transaction 233
[2022-07-23T17:23:32.156Z INFO  client] Sending sample transaction 234
[2022-07-23T17:23:32.206Z INFO  client] Sending sample transaction 235
[2022-07-23T17:23:32.257Z INFO  client] Sending sample transaction 236
[2022-07-23T17:23:32.307Z INFO  client] Sending sample transaction 237
[2022-07-23T17:23:32.358Z INFO  client] Sending sample transaction 238
[2022-07-23T17:23:32.408Z INFO  client] Sending sample transaction 239
[2022-07-23T17:23:32.456Z INFO  client] Sending sample transaction 240
[2022-07-23T17:23:32.508Z INFO  client] Sending sample transaction 241
[2022-07-23T17:23:32.557Z INFO  client] Sending sample transaction 242
[2022-07-23T17:23:32.607Z INFO  client] Sending sample transaction 243
[2022-07-23T17:23:32.657Z INFO  client] Sending sample transaction 244
[2022-07-23T17:23:32.706Z INFO  client] Sending sample transaction 245
[2022-07-23T17:23:32.756Z INFO  client] Sending sample transaction 246
[2022-07-23T17:23:32.808Z INFO  client] Sending sample transaction 247
[2022-07-23T17:23:32.859Z INFO  client] Sending sample transaction 248
[2022-07-23T17:23:32.908Z INFO  client] Sending sample transaction 249
[2022-07-23T17:23:32.956Z INFO  client] Sending sample transaction 250
[2022-07-23T17:23:33.006Z INFO  client] Sending sample transaction 251
[2022-07-23T17:23:33.057Z INFO  client] Sending sample transaction 252
[2022-07-23T17:23:33.107Z INFO  client] Sending sample transaction 253
[2022-07-23T17:23:33.156Z INFO  client] Sending sample transaction 254
[2022-07-23T17:23:33.211Z INFO  client] Sending sample transaction 255
[2022-07-23T17:23:33.270Z INFO  client] Sending sample transaction 256
[2022-07-23T17:23:33.308Z INFO  client] Sending sample transaction 257
[2022-07-23T17:23:33.358Z INFO  client] Sending sample transaction 258
[2022-07-23T17:23:33.419Z INFO  client] Sending sample transaction 259
[2022-07-23T17:23:33.476Z INFO  client] Sending sample transaction 260
[2022-07-23T17:23:33.514Z INFO  client] Sending sample transaction 261
[2022-07-23T17:23:33.557Z INFO  client] Sending sample transaction 262
[2022-07-23T17:23:33.608Z INFO  client] Sending sample transaction 263
[2022-07-23T17:23:33.658Z INFO  client] Sending sample transaction 264
[2022-07-23T17:23:33.707Z INFO  client] Sending sample transaction 265
[2022-07-23T17:23:33.756Z INFO  client] Sending sample transaction 266
[2022-07-23T17:23:33.807Z INFO  client] Sending sample transaction 267
[2022-07-23T17:23:33.857Z INFO  client] Sending sample transaction 268
[2022-07-23T17:23:33.907Z INFO  client] Sending sample transaction 269
[2022-07-23T17:23:33.957Z INFO  client] Sending sample transaction 270
[2022-07-23T17:23:34.006Z INFO  client] Sending sample transaction 271
[2022-07-23T17:23:34.057Z INFO  client] Sending sample transaction 272
[2022-07-23T17:23:34.107Z INFO  client] Sending sample transaction 273
[2022-07-23T17:23:34.157Z INFO  client] Sending sample transaction 274
[2022-07-23T17:23:34.208Z INFO  client] Sending sample transaction 275
[2022-07-23T17:23:34.257Z INFO  client] Sending sample transaction 276
[2022-07-23T17:23:34.308Z INFO  client] Sending sample transaction 277
[2022-07-23T17:23:34.356Z INFO  client] Sending sample transaction 278
[2022-07-23T17:23:34.407Z INFO  client] Sending sample transaction 279
[2022-07-23T17:23:34.456Z INFO  client] Sending sample transaction 280
[2022-07-23T17:23:34.506Z INFO  client] Sending sample transaction 281
[2022-07-23T17:23:34.556Z INFO  client] Sending sample transaction 282
[2022-07-23T17:23:34.607Z INFO  client] Sending sample transaction 283
[2022-07-23T17:23:34.657Z INFO  client] Sending sample transaction 284
[2022-07-23T17:23:34.708Z INFO  client] Sending sample transaction 285
[2022-07-23T17:23:34.757Z INFO  client] Sending sample transaction 286
[2022-07-23T17:23:34.807Z INFO  client] Sending sample transaction 287
[2022-07-23T17:23:34.857Z INFO  client] Sending sample transaction 288
[2022-07-23T17:23:34.907Z INFO  client] Sending sample transaction 289
[2022-07-23T17:23:34.956Z INFO  client] Sending sample transaction 290
[2022-07-23T17:23:35.015Z INFO  client] Sending sample transaction 291
[2022-07-23T17:23:35.061Z INFO  client] Sending sample transaction 292
[2022-07-23T17:23:35.126Z INFO  client] Sending sample transaction 293
[2022-07-23T17:23:35.158Z INFO  client] Sending sample transaction 294
[2022-07-23T17:23:35.207Z INFO  client] Sending sample transaction 295
[2022-07-23T17:23:35.257Z INFO  client] Sending sample transaction 296
[2022-07-23T17:23:35.317Z INFO  client] Sending sample transaction 297
[2022-07-23T17:23:35.373Z INFO  client] Sending sample transaction 298
[2022-07-23T17:23:35.407Z INFO  client] Sending sample transaction 299
[2022-07-23T17:23:35.457Z INFO  client] Sending sample transaction 300
[2022-07-23T17:23:35.507Z INFO  client] Sending sample transaction 301
[2022-07-23T17:23:35.557Z INFO  client] Sending sample transaction 302
[2022-07-23T17:23:35.607Z INFO  client] Sending sample transaction 303
[2022-07-23T17:23:35.657Z INFO  client] Sending sample transaction 304
[2022-07-23T17:23:35.706Z INFO  client] Sending sample transaction 305
[2022-07-23T17:23:35.756Z INFO  client] Sending sample transaction 306
[2022-07-23T17:23:35.807Z INFO  client] Sending sample transaction 307
[2022-07-23T17:23:35.856Z INFO  client] Sending sample transaction 308
[2022-07-23T17:23:35.907Z INFO  client] Sending sample transaction 309
[2022-07-23T17:23:35.957Z INFO  client] Sending sample transaction 310
[2022-07-23T17:23:36.007Z INFO  client] Sending sample transaction 311
[2022-07-23T17:23:36.057Z INFO  client] Sending sample transaction 312
[2022-07-23T17:23:36.137Z INFO  client] Sending sample transaction 313
[2022-07-23T17:23:36.188Z INFO  client] Sending sample transaction 314
[2022-07-23T17:23:36.235Z INFO  client] Sending sample transaction 315
[2022-07-23T17:23:36.257Z INFO  client] Sending sample transaction 316
[2022-07-23T17:23:36.308Z INFO  client] Sending sample transaction 317
[2022-07-23T17:23:36.357Z INFO  client] Sending sample transaction 318
[2022-07-23T17:23:36.407Z INFO  client] Sending sample transaction 319
[2022-07-23T17:23:36.457Z INFO  client] Sending sample transaction 320
[2022-07-23T17:23:36.507Z INFO  client] Sending sample transaction 321
[2022-07-23T17:23:36.557Z INFO  client] Sending sample transaction 322
[2022-07-23T17:23:36.607Z INFO  client] Sending sample transaction 323
[2022-07-23T17:23:36.659Z INFO  client] Sending sample transaction 324
[2022-07-23T17:23:36.707Z INFO  client] Sending sample transaction 325
[2022-07-23T17:23:36.757Z INFO  client] Sending sample transaction 326
[2022-07-23T17:23:36.807Z INFO  client] Sending sample transaction 327
[2022-07-23T17:23:36.856Z INFO  client] Sending sample transaction 328
[2022-07-23T17:23:36.907Z INFO  client] Sending sample transaction 329
[2022-07-23T17:23:36.957Z INFO  client] Sending sample transaction 330
[2022-07-23T17:23:37.007Z INFO  client] Sending sample transaction 331
[2022-07-23T17:23:37.057Z INFO  client] Sending sample transaction 332
[2022-07-23T17:23:37.107Z INFO  client] Sending sample transaction 333
[2022-07-23T17:23:37.157Z INFO  client] Sending sample transaction 334
[2022-07-23T17:23:37.206Z INFO  client] Sending sample transaction 335
[2022-07-23T17:23:37.257Z INFO  client] Sending sample transaction 336
[2022-07-23T17:23:37.307Z INFO  client] Sending sample transaction 337
[2022-07-23T17:23:37.357Z INFO  client] Sending sample transaction 338
[2022-07-23T17:23:37.407Z INFO  client] Sending sample transaction 339
[2022-07-23T17:23:37.466Z INFO  client] Sending sample transaction 340
[2022-07-23T17:23:37.506Z INFO  client] Sending sample transaction 341
[2022-07-23T17:23:37.556Z INFO  client] Sending sample transaction 342
[2022-07-23T17:23:37.607Z INFO  client] Sending sample transaction 343
[2022-07-23T17:23:37.657Z INFO  client] Sending sample transaction 344
[2022-07-23T17:23:37.707Z INFO  client] Sending sample transaction 345
[2022-07-23T17:23:37.756Z INFO  client] Sending sample transaction 346
[2022-07-23T17:23:37.807Z INFO  client] Sending sample transaction 347
[2022-07-23T17:23:37.857Z INFO  client] Sending sample transaction 348
[2022-07-23T17:23:37.907Z INFO  client] Sending sample transaction 349
[2022-07-23T17:23:37.957Z INFO  client] Sending sample transaction 350
[2022-07-23T17:23:38.007Z INFO  client] Sending sample transaction 351
[2022-07-23T17:23:38.056Z INFO  client] Sending sample transaction 352
[2022-07-23T17:23:38.107Z INFO  client] Sending sample transaction 353
[2022-07-23T17:23:38.157Z INFO  client] Sending sample transaction 354
[2022-07-23T17:23:38.206Z INFO  client] Sending sample transaction 355
[2022-07-23T17:23:38.293Z INFO  client] Sending sample transaction 356
[2022-07-23T17:23:38.339Z INFO  client] Sending sample transaction 357
[2022-07-23T17:23:38.360Z INFO  client] Sending sample transaction 358
[2022-07-23T17:23:38.407Z INFO  client] Sending sample transaction 359
[2022-07-23T17:23:38.456Z INFO  client] Sending sample transaction 360
[2022-07-23T17:23:38.507Z INFO  client] Sending sample transaction 361
[2022-07-23T17:23:38.556Z INFO  client] Sending sample transaction 362
[2022-07-23T17:23:38.607Z INFO  client] Sending sample transaction 363
[2022-07-23T17:23:38.658Z INFO  client] Sending sample transaction 364
[2022-07-23T17:23:38.706Z INFO  client] Sending sample transaction 365
[2022-07-23T17:23:38.757Z INFO  client] Sending sample transaction 366
[2022-07-23T17:23:38.806Z INFO  client] Sending sample transaction 367
[2022-07-23T17:23:38.857Z INFO  client] Sending sample transaction 368
[2022-07-23T17:23:38.906Z INFO  client] Sending sample transaction 369
[2022-07-23T17:23:38.957Z INFO  client] Sending sample transaction 370
[2022-07-23T17:23:39.007Z INFO  client] Sending sample transaction 371
[2022-07-23T17:23:39.057Z INFO  client] Sending sample transaction 372
[2022-07-23T17:23:39.108Z INFO  client] Sending sample transaction 373
[2022-07-23T17:23:39.157Z INFO  client] Sending sample transaction 374
[2022-07-23T17:23:39.207Z INFO  client] Sending sample transaction 375
[2022-07-23T17:23:39.257Z INFO  client] Sending sample transaction 376
[2022-07-23T17:23:39.307Z INFO  client] Sending sample transaction 377
[2022-07-23T17:23:39.358Z INFO  client] Sending sample transaction 378
[2022-07-23T17:23:39.406Z INFO  client] Sending sample transaction 379
[2022-07-23T17:23:39.457Z INFO  client] Sending sample transaction 380
[2022-07-23T17:23:39.507Z INFO  client] Sending sample transaction 381
[2022-07-23T17:23:39.567Z INFO  client] Sending sample transaction 382
[2022-07-23T17:23:39.609Z INFO  client] Sending sample transaction 383
[2022-07-23T17:23:39.657Z INFO  client] Sending sample transaction 384
[2022-07-23T17:23:39.707Z INFO  client] Sending sample transaction 385
[2022-07-23T17:23:39.756Z INFO  client] Sending sample transaction 386
[2022-07-23T17:23:39.806Z INFO  client] Sending sample transaction 387
[2022-07-23T17:23:39.858Z INFO  client] Sending sample transaction 388
[2022-07-23T17:23:39.908Z INFO  client] Sending sample transaction 389
[2022-07-23T17:23:39.957Z INFO  client] Sending sample transaction 390
[2022-07-23T17:23:40.007Z INFO  client] Sending sample transaction 391
[2022-07-23T17:23:40.057Z INFO  client] Sending sample transaction 392
[2022-07-23T17:23:40.107Z INFO  client] Sending sample transaction 393
[2022-07-23T17:23:40.157Z INFO  client] Sending sample transaction 394
[2022-07-23T17:23:40.207Z INFO  client] Sending sample transaction 395
[2022-07-23T17:23:40.257Z INFO  client] Sending sample transaction 396
[2022-07-23T17:23:40.307Z INFO  client] Sending sample transaction 397
[2022-07-23T17:23:40.357Z INFO  client] Sending sample transaction 398
[2022-07-23T17:23:40.407Z INFO  client] Sending sample transaction 399
[2022-07-23T17:23:40.488Z INFO  client] Sending sample transaction 400
[2022-07-23T17:23:40.527Z INFO  client] Sending sample transaction 401
[2022-07-23T17:23:40.557Z INFO  client] Sending sample transaction 402
[2022-07-23T17:23:40.606Z INFO  client] Sending sample transaction 403
[2022-07-23T17:23:40.658Z INFO  client] Sending sample transaction 404
[2022-07-23T17:23:40.707Z INFO  client] Sending sample transaction 405
[2022-07-23T17:23:40.757Z INFO  client] Sending sample transaction 406
[2022-07-23T17:23:40.807Z INFO  client] Sending sample transaction 407
[2022-07-23T17:23:40.857Z INFO  client] Sending sample transaction 408
[2022-07-23T17:23:40.907Z INFO  client] Sending sample transaction 409
[2022-07-23T17:23:40.957Z INFO  client] Sending sample transaction 410
[2022-07-23T17:23:41.008Z INFO  client] Sending sample transaction 411
[2022-07-23T17:23:41.057Z INFO  client] Sending sample transaction 412
[2022-07-23T17:23:41.107Z INFO  client] Sending sample transaction 413
[2022-07-23T17:23:41.156Z INFO  client] Sending sample transaction 414
[2022-07-23T17:23:41.207Z INFO  client] Sending sample transaction 415
[2022-07-23T17:23:41.257Z INFO  client] Sending sample transaction 416
[2022-07-23T17:23:41.307Z INFO  client] Sending sample transaction 417
[2022-07-23T17:23:41.357Z INFO  client] Sending sample transaction 418
[2022-07-23T17:23:41.407Z INFO  client] Sending sample transaction 419
[2022-07-23T17:23:41.457Z INFO  client] Sending sample transaction 420
[2022-07-23T17:23:41.507Z INFO  client] Sending sample transaction 421
[2022-07-23T17:23:41.557Z INFO  client] Sending sample transaction 422
[2022-07-23T17:23:41.607Z INFO  client] Sending sample transaction 423
[2022-07-23T17:23:41.663Z INFO  client] Sending sample transaction 424
[2022-07-23T17:23:41.708Z INFO  client] Sending sample transaction 425
[2022-07-23T17:23:41.756Z INFO  client] Sending sample transaction 426
[2022-07-23T17:23:41.846Z INFO  client] Sending sample transaction 427
[2022-07-23T17:23:41.900Z INFO  client] Sending sample transaction 428
[2022-07-23T17:23:41.938Z INFO  client] Sending sample transaction 429
[2022-07-23T17:23:41.978Z INFO  client] Sending sample transaction 430
[2022-07-23T17:23:42.007Z INFO  client] Sending sample transaction 431
[2022-07-23T17:23:42.058Z INFO  client] Sending sample transaction 432
[2022-07-23T17:23:42.108Z INFO  client] Sending sample transaction 433
[2022-07-23T17:23:42.157Z INFO  client] Sending sample transaction 434
[2022-07-23T17:23:42.207Z INFO  client] Sending sample transaction 435
[2022-07-23T17:23:42.278Z INFO  client] Sending sample transaction 436
[2022-07-23T17:23:42.321Z INFO  client] Sending sample transaction 437
[2022-07-23T17:23:42.356Z INFO  client] Sending sample transaction 438
[2022-07-23T17:23:42.407Z INFO  client] Sending sample transaction 439
[2022-07-23T17:23:42.456Z INFO  client] Sending sample transaction 440
[2022-07-23T17:23:42.507Z INFO  client] Sending sample transaction 441
[2022-07-23T17:23:42.558Z INFO  client] Sending sample transaction 442
[2022-07-23T17:23:42.608Z INFO  client] Sending sample transaction 443
