[2022-07-23T11:57:23.795Z INFO  client] Node address: 127.0.0.1:9014
[2022-07-23T11:57:23.796Z INFO  client] Transactions size: 512 B
[2022-07-23T11:57:23.796Z INFO  client] Transactions rate: 112 tx/s
[2022-07-23T11:57:23.796Z INFO  client] Waiting for all nodes to be online...
[2022-07-23T11:57:23.796Z INFO  client] Waiting for all nodes to be synchronized...
[2022-07-23T11:57:25.800Z INFO  client] Start sending transactions
[2022-07-23T11:57:25.801Z INFO  client] Sending sample transaction 0
[2022-07-23T11:57:25.851Z INFO  client] Sending sample transaction 1
[2022-07-23T11:57:25.902Z INFO  client] Sending sample transaction 2
[2022-07-23T11:57:25.954Z INFO  client] Sending sample transaction 3
[2022-07-23T11:57:26.002Z INFO  client] Sending sample transaction 4
[2022-07-23T11:57:26.052Z INFO  client] Sending sample transaction 5
[2022-07-23T11:57:26.105Z INFO  client] Sending sample transaction 6
[2022-07-23T11:57:26.152Z INFO  client] Sending sample transaction 7
[2022-07-23T11:57:26.202Z INFO  client] Sending sample transaction 8
[2022-07-23T11:57:26.252Z INFO  client] Sending sample transaction 9
[2022-07-23T11:57:26.301Z INFO  client] Sending sample transaction 10
[2022-07-23T11:57:26.352Z INFO  client] Sending sample transaction 11
[2022-07-23T11:57:26.402Z INFO  client] Sending sample transaction 12
[2022-07-23T11:57:26.452Z INFO  client] Sending sample transaction 13
[2022-07-23T11:57:26.502Z INFO  client] Sending sample transaction 14
[2022-07-23T11:57:26.551Z INFO  client] Sending sample transaction 15
[2022-07-23T11:57:26.602Z INFO  client] Sending sample transaction 16
[2022-07-23T11:57:26.653Z INFO  client] Sending sample transaction 17
[2022-07-23T11:57:26.702Z INFO  client] Sending sample transaction 18
[2022-07-23T11:57:26.752Z INFO  client] Sending sample transaction 19
[2022-07-23T11:57:26.802Z INFO  client] Sending sample transaction 20
[2022-07-23T11:57:26.852Z INFO  client] Sending sample transaction 21
[2022-07-23T11:57:26.903Z INFO  client] Sending sample transaction 22
[2022-07-23T11:57:26.952Z INFO  client] Sending sample transaction 23
[2022-07-23T11:57:27.006Z INFO  client] Sending sample transaction 24
[2022-07-23T11:57:27.085Z INFO  client] Sending sample transaction 25
[2022-07-23T11:57:27.227Z INFO  client] Sending sample transaction 26
[2022-07-23T11:57:27.229Z WARN  client] Transaction rate too high for this client
[2022-07-23T11:57:27.229Z INFO  client] Sending sample transaction 27
[2022-07-23T11:57:27.255Z INFO  client] Sending sample transaction 28
[2022-07-23T11:57:27.286Z INFO  client] Sending sample transaction 29
[2022-07-23T11:57:27.317Z INFO  client] Sending sample transaction 30
[2022-07-23T11:57:27.354Z INFO  client] Sending sample transaction 31
[2022-07-23T11:57:27.402Z INFO  client] Sending sample transaction 32
[2022-07-23T11:57:27.454Z INFO  client] Sending sample transaction 33
[2022-07-23T11:57:27.504Z INFO  client] Sending sample transaction 34
[2022-07-23T11:57:27.552Z INFO  client] Sending sample transaction 35
[2022-07-23T11:57:27.602Z INFO  client] Sending sample transaction 36
[2022-07-23T11:57:27.651Z INFO  client] Sending sample transaction 37
[2022-07-23T11:57:27.701Z INFO  client] Sending sample transaction 38
[2022-07-23T11:57:27.755Z INFO  client] Sending sample transaction 39
[2022-07-23T11:57:27.802Z INFO  client] Sending sample transaction 40
[2022-07-23T11:57:27.851Z INFO  client] Sending sample transaction 41
[2022-07-23T11:57:27.901Z INFO  client] Sending sample transaction 42
[2022-07-23T11:57:27.951Z INFO  client] Sending sample transaction 43
[2022-07-23T11:57:28.001Z INFO  client] Sending sample transaction 44
[2022-07-23T11:57:28.051Z INFO  client] Sending sample transaction 45
[2022-07-23T11:57:28.101Z INFO  client] Sending sample transaction 46
[2022-07-23T11:57:28.152Z INFO  client] Sending sample transaction 47
[2022-07-23T11:57:28.201Z INFO  client] Sending sample transaction 48
[2022-07-23T11:57:28.255Z INFO  client] Sending sample transaction 49
[2022-07-23T11:57:28.302Z INFO  client] Sending sample transaction 50
[2022-07-23T11:57:28.351Z INFO  client] Sending sample transaction 51
[2022-07-23T11:57:28.403Z INFO  client] Sending sample transaction 52
[2022-07-23T11:57:28.451Z INFO  client] Sending sample transaction 53
[2022-07-23T11:57:28.502Z INFO  client] Sending sample transaction 54
[2022-07-23T11:57:28.551Z INFO  client] Sending sample transaction 55
[2022-07-23T11:57:28.601Z INFO  client] Sending sample transaction 56
[2022-07-23T11:57:28.651Z INFO  client] Sending sample transaction 57
[2022-07-23T11:57:28.701Z INFO  client] Sending sample transaction 58
[2022-07-23T11:57:28.753Z INFO  client] Sending sample transaction 59
[2022-07-23T11:57:28.802Z INFO  client] Sending sample transaction 60
[2022-07-23T11:57:28.852Z INFO  client] Sending sample transaction 61
[2022-07-23T11:57:28.902Z INFO  client] Sending sample transaction 62
[2022-07-23T11:57:28.951Z INFO  client] Sending sample transaction 63
[2022-07-23T11:57:29.002Z INFO  client] Sending sample transaction 64
[2022-07-23T11:57:29.051Z INFO  client] Sending sample transaction 65
[2022-07-23T11:57:29.102Z INFO  client] Sending sample transaction 66
[2022-07-23T11:57:29.152Z INFO  client] Sending sample transaction 67
[2022-07-23T11:57:29.202Z INFO  client] Sending sample transaction 68
[2022-07-23T11:57:29.251Z INFO  client] Sending sample transaction 69
[2022-07-23T11:57:29.302Z INFO  client] Sending sample transaction 70
[2022-07-23T11:57:29.351Z INFO  client] Sending sample transaction 71
[2022-07-23T11:57:29.401Z INFO  client] Sending sample transaction 72
[2022-07-23T11:57:29.452Z INFO  client] Sending sample transaction 73
[2022-07-23T11:57:29.502Z INFO  client] Sending sample transaction 74
[2022-07-23T11:57:29.552Z INFO  client] Sending sample transaction 75
[2022-07-23T11:57:29.602Z INFO  client] Sending sample transaction 76
[2022-07-23T11:57:29.651Z INFO  client] Sending sample transaction 77
[2022-07-23T11:57:29.701Z INFO  client] Sending sample transaction 78
[2022-07-23T11:57:29.752Z INFO  client] Sending sample transaction 79
[2022-07-23T11:57:29.801Z INFO  client] Sending sample transaction 80
[2022-07-23T11:57:29.852Z INFO  client] Sending sample transaction 81
[2022-07-23T11:57:29.902Z INFO  client] Sending sample transaction 82
[2022-07-23T11:57:29.952Z INFO  client] Sending sample transaction 83
[2022-07-23T11:57:30.002Z INFO  client] Sending sample transaction 84
[2022-07-23T11:57:30.052Z INFO  client] Sending sample transaction 85
[2022-07-23T11:57:30.102Z INFO  client] Sending sample transaction 86
[2022-07-23T11:57:30.152Z INFO  client] Sending sample transaction 87
[2022-07-23T11:57:30.202Z INFO  client] Sending sample transaction 88
[2022-07-23T11:57:30.251Z INFO  client] Sending sample transaction 89
[2022-07-23T11:57:30.301Z INFO  client] Sending sample transaction 90
[2022-07-23T11:57:30.356Z INFO  client] Sending sample transaction 91
[2022-07-23T11:57:30.402Z INFO  client] Sending sample transaction 92
[2022-07-23T11:57:30.451Z INFO  client] Sending sample transaction 93
[2022-07-23T11:57:30.502Z INFO  client] Sending sample transaction 94
[2022-07-23T11:57:30.552Z INFO  client] Sending sample transaction 95
[2022-07-23T11:57:30.602Z INFO  client] Sending sample transaction 96
[2022-07-23T11:57:30.651Z INFO  client] Sending sample transaction 97
[2022-07-23T11:57:30.700Z INFO  client] Sending sample transaction 98
[2022-07-23T11:57:30.752Z INFO  client] Sending sample transaction 99
[2022-07-23T11:57:30.817Z INFO  client] Sending sample transaction 100
[2022-07-23T11:57:30.853Z INFO  client] Sending sample transaction 101
[2022-07-23T11:57:30.901Z INFO  client] Sending sample transaction 102
[2022-07-23T11:57:30.953Z INFO  client] Sending sample transaction 103
[2022-07-23T11:57:31.001Z INFO  client] Sending sample transaction 104
[2022-07-23T11:57:31.051Z INFO  client] Sending sample transaction 105
[2022-07-23T11:57:31.102Z INFO  client] Sending sample transaction 106
[2022-07-23T11:57:31.151Z INFO  client] Sending sample transaction 107
[2022-07-23T11:57:31.201Z INFO  client] Sending sample transaction 108
[2022-07-23T11:57:31.252Z INFO  client] Sending sample transaction 109
[2022-07-23T11:57:31.301Z INFO  client] Sending sample transaction 110
[2022-07-23T11:57:31.352Z INFO  client] Sending sample transaction 111
[2022-07-23T11:57:31.405Z INFO  client] Sending sample transaction 112
[2022-07-23T11:57:31.452Z INFO  client] Sending sample transaction 113
[2022-07-23T11:57:31.502Z INFO  client] Sending sample transaction 114
[2022-07-23T11:57:31.551Z INFO  client] Sending sample transaction 115
[2022-07-23T11:57:31.601Z INFO  client] Sending sample transaction 116
[2022-07-23T11:57:31.652Z INFO  client] Sending sample transaction 117
[2022-07-23T11:57:31.703Z INFO  client] Sending sample transaction 118
[2022-07-23T11:57:31.752Z INFO  client] Sending sample transaction 119
[2022-07-23T11:57:31.801Z INFO  client] Sending sample transaction 120
[2022-07-23T11:57:31.854Z INFO  client] Sending sample transaction 121
[2022-07-23T11:57:31.902Z INFO  client] Sending sample transaction 122
[2022-07-23T11:57:31.952Z INFO  client] Sending sample transaction 123
[2022-07-23T11:57:32.002Z INFO  client] Sending sample transaction 124
[2022-07-23T11:57:32.051Z INFO  client] Sending sample transaction 125
[2022-07-23T11:57:32.101Z INFO  client] Sending sample transaction 126
[2022-07-23T11:57:32.152Z INFO  client] Sending sample transaction 127
[2022-07-23T11:57:32.202Z INFO  client] Sending sample transaction 128
[2022-07-23T11:57:32.257Z INFO  client] Sending sample transaction 129
[2022-07-23T11:57:32.304Z INFO  client] Sending sample transaction 130
[2022-07-23T11:57:32.351Z INFO  client] Sending sample transaction 131
[2022-07-23T11:57:32.402Z INFO  client] Sending sample transaction 132
[2022-07-23T11:57:32.456Z INFO  client] Sending sample transaction 133
[2022-07-23T11:57:32.502Z INFO  client] Sending sample transaction 134
[2022-07-23T11:57:32.551Z INFO  client] Sending sample transaction 135
[2022-07-23T11:57:32.601Z INFO  client] Sending sample transaction 136
[2022-07-23T11:57:32.652Z INFO  client] Sending sample transaction 137
[2022-07-23T11:57:32.703Z INFO  client] Sending sample transaction 138
[2022-07-23T11:57:32.754Z INFO  client] Sending sample transaction 139
[2022-07-23T11:57:32.801Z INFO  client] Sending sample transaction 140
[2022-07-23T11:57:32.852Z INFO  client] Sending sample transaction 141
[2022-07-23T11:57:32.902Z INFO  client] Sending sample transaction 142
[2022-07-23T11:57:32.952Z INFO  client] Sending sample transaction 143
[2022-07-23T11:57:33.001Z INFO  client] Sending sample transaction 144
[2022-07-23T11:57:33.051Z INFO  client] Sending sample transaction 145
[2022-07-23T11:57:33.101Z INFO  client] Sending sample transaction 146
[2022-07-23T11:57:33.151Z INFO  client] Sending sample transaction 147
[2022-07-23T11:57:33.202Z INFO  client] Sending sample transaction 148
[2022-07-23T11:57:33.252Z INFO  client] Sending sample transaction 149
[2022-07-23T11:57:33.305Z INFO  client] Sending sample transaction 150
[2022-07-23T11:57:33.353Z INFO  client] Sending sample transaction 151
[2022-07-23T11:57:33.402Z INFO  client] Sending sample transaction 152
[2022-07-23T11:57:33.451Z INFO  client] Sending sample transaction 153
[2022-07-23T11:57:33.518Z INFO  client] Sending sample transaction 154
[2022-07-23T11:57:33.551Z INFO  client] Sending sample transaction 155
[2022-07-23T11:57:33.601Z INFO  client] Sending sample transaction 156
[2022-07-23T11:57:33.651Z INFO  client] Sending sample transaction 157
[2022-07-23T11:57:33.702Z INFO  client] Sending sample transaction 158
[2022-07-23T11:57:33.751Z INFO  client] Sending sample transaction 159
[2022-07-23T11:57:33.801Z INFO  client] Sending sample transaction 160
[2022-07-23T11:57:33.851Z INFO  client] Sending sample transaction 161
[2022-07-23T11:57:33.901Z INFO  client] Sending sample transaction 162
[2022-07-23T11:57:33.951Z INFO  client] Sending sample transaction 163
[2022-07-23T11:57:34.002Z INFO  client] Sending sample transaction 164
[2022-07-23T11:57:34.052Z INFO  client] Sending sample transaction 165
[2022-07-23T11:57:34.102Z INFO  client] Sending sample transaction 166
[2022-07-23T11:57:34.151Z INFO  client] Sending sample transaction 167
[2022-07-23T11:57:34.201Z INFO  client] Sending sample transaction 168
[2022-07-23T11:57:34.252Z INFO  client] Sending sample transaction 169
[2022-07-23T11:57:34.301Z INFO  client] Sending sample transaction 170
[2022-07-23T11:57:34.351Z INFO  client] Sending sample transaction 171
[2022-07-23T11:57:34.401Z INFO  client] Sending sample transaction 172
[2022-07-23T11:57:34.452Z INFO  client] Sending sample transaction 173
[2022-07-23T11:57:34.501Z INFO  client] Sending sample transaction 174
[2022-07-23T11:57:34.553Z INFO  client] Sending sample transaction 175
[2022-07-23T11:57:34.602Z INFO  client] Sending sample transaction 176
[2022-07-23T11:57:34.651Z INFO  client] Sending sample transaction 177
[2022-07-23T11:57:34.701Z INFO  client] Sending sample transaction 178
[2022-07-23T11:57:34.751Z INFO  client] Sending sample transaction 179
[2022-07-23T11:57:34.801Z INFO  client] Sending sample transaction 180
[2022-07-23T11:57:34.851Z INFO  client] Sending sample transaction 181
[2022-07-23T11:57:34.901Z INFO  client] Sending sample transaction 182
[2022-07-23T11:57:34.954Z INFO  client] Sending sample transaction 183
[2022-07-23T11:57:35.001Z INFO  client] Sending sample transaction 184
[2022-07-23T11:57:35.051Z INFO  client] Sending sample transaction 185
[2022-07-23T11:57:35.102Z INFO  client] Sending sample transaction 186
[2022-07-23T11:57:35.151Z INFO  client] Sending sample transaction 187
[2022-07-23T11:57:35.202Z INFO  client] Sending sample transaction 188
[2022-07-23T11:57:35.252Z INFO  client] Sending sample transaction 189
[2022-07-23T11:57:35.301Z INFO  client] Sending sample transaction 190
[2022-07-23T11:57:35.351Z INFO  client] Sending sample transaction 191
[2022-07-23T11:57:35.401Z INFO  client] Sending sample transaction 192
[2022-07-23T11:57:35.452Z INFO  client] Sending sample transaction 193
[2022-07-23T11:57:35.503Z INFO  client] Sending sample transaction 194
[2022-07-23T11:57:35.552Z INFO  client] Sending sample transaction 195
[2022-07-23T11:57:35.601Z INFO  client] Sending sample transaction 196
[2022-07-23T11:57:35.651Z INFO  client] Sending sample transaction 197
[2022-07-23T11:57:35.700Z INFO  client] Sending sample transaction 198
[2022-07-23T11:57:35.751Z INFO  client] Sending sample transaction 199
[2022-07-23T11:57:35.801Z INFO  client] Sending sample transaction 200
[2022-07-23T11:57:35.851Z INFO  client] Sending sample transaction 201
[2022-07-23T11:57:35.901Z INFO  client] Sending sample transaction 202
[2022-07-23T11:57:35.956Z INFO  client] Sending sample transaction 203
[2022-07-23T11:57:36.001Z INFO  client] Sending sample transaction 204
[2022-07-23T11:57:36.052Z INFO  client] Sending sample transaction 205
[2022-07-23T11:57:36.101Z INFO  client] Sending sample transaction 206
[2022-07-23T11:57:36.152Z INFO  client] Sending sample transaction 207
[2022-07-23T11:57:36.203Z INFO  client] Sending sample transaction 208
[2022-07-23T11:57:36.251Z INFO  client] Sending sample transaction 209
[2022-07-23T11:57:36.302Z INFO  client] Sending sample transaction 210
[2022-07-23T11:57:36.352Z INFO  client] Sending sample transaction 211
[2022-07-23T11:57:36.402Z INFO  client] Sending sample transaction 212
[2022-07-23T11:57:36.452Z INFO  client] Sending sample transaction 213
[2022-07-23T11:57:36.502Z INFO  client] Sending sample transaction 214
[2022-07-23T11:57:36.552Z INFO  client] Sending sample transaction 215
[2022-07-23T11:57:36.620Z INFO  client] Sending sample transaction 216
[2022-07-23T11:57:36.652Z INFO  client] Sending sample transaction 217
[2022-07-23T11:57:36.701Z INFO  client] Sending sample transaction 218
[2022-07-23T11:57:36.751Z INFO  client] Sending sample transaction 219
[2022-07-23T11:57:36.801Z INFO  client] Sending sample transaction 220
[2022-07-23T11:57:36.852Z INFO  client] Sending sample transaction 221
[2022-07-23T11:57:36.902Z INFO  client] Sending sample transaction 222
[2022-07-23T11:57:36.951Z INFO  client] Sending sample transaction 223
[2022-07-23T11:57:37.001Z INFO  client] Sending sample transaction 224
[2022-07-23T11:57:37.052Z INFO  client] Sending sample transaction 225
[2022-07-23T11:57:37.102Z INFO  client] Sending sample transaction 226
[2022-07-23T11:57:37.153Z INFO  client] Sending sample transaction 227
[2022-07-23T11:57:37.201Z INFO  client] Sending sample transaction 228
[2022-07-23T11:57:37.251Z INFO  client] Sending sample transaction 229
[2022-07-23T11:57:37.301Z INFO  client] Sending sample transaction 230
[2022-07-23T11:57:37.352Z INFO  client] Sending sample transaction 231
[2022-07-23T11:57:37.403Z INFO  client] Sending sample transaction 232
[2022-07-23T11:57:37.452Z INFO  client] Sending sample transaction 233
[2022-07-23T11:57:37.502Z INFO  client] Sending sample transaction 234
[2022-07-23T11:57:37.551Z INFO  client] Sending sample transaction 235
[2022-07-23T11:57:37.602Z INFO  client] Sending sample transaction 236
[2022-07-23T11:57:37.652Z INFO  client] Sending sample transaction 237
[2022-07-23T11:57:37.703Z INFO  client] Sending sample transaction 238
[2022-07-23T11:57:37.752Z INFO  client] Sending sample transaction 239
[2022-07-23T11:57:37.801Z INFO  client] Sending sample transaction 240
[2022-07-23T11:57:37.853Z INFO  client] Sending sample transaction 241
[2022-07-23T11:57:37.901Z INFO  client] Sending sample transaction 242
[2022-07-23T11:57:37.951Z INFO  client] Sending sample transaction 243
[2022-07-23T11:57:38.004Z INFO  client] Sending sample transaction 244
[2022-07-23T11:57:38.051Z INFO  client] Sending sample transaction 245
[2022-07-23T11:57:38.103Z INFO  client] Sending sample transaction 246
[2022-07-23T11:57:38.151Z INFO  client] Sending sample transaction 247
[2022-07-23T11:57:38.202Z INFO  client] Sending sample transaction 248
[2022-07-23T11:57:38.252Z INFO  client] Sending sample transaction 249
[2022-07-23T11:57:38.301Z INFO  client] Sending sample transaction 250
[2022-07-23T11:57:38.352Z INFO  client] Sending sample transaction 251
[2022-07-23T11:57:38.402Z INFO  client] Sending sample transaction 252
[2022-07-23T11:57:38.451Z INFO  client] Sending sample transaction 253
[2022-07-23T11:57:38.502Z INFO  client] Sending sample transaction 254
[2022-07-23T11:57:38.551Z INFO  client] Sending sample transaction 255
[2022-07-23T11:57:38.603Z INFO  client] Sending sample transaction 256
[2022-07-23T11:57:38.651Z INFO  client] Sending sample transaction 257
[2022-07-23T11:57:38.732Z INFO  client] Sending sample transaction 258
[2022-07-23T11:57:38.757Z INFO  client] Sending sample transaction 259
[2022-07-23T11:57:38.801Z INFO  client] Sending sample transaction 260
[2022-07-23T11:57:38.851Z INFO  client] Sending sample transaction 261
[2022-07-23T11:57:38.902Z INFO  client] Sending sample transaction 262
[2022-07-23T11:57:38.955Z INFO  client] Sending sample transaction 263
[2022-07-23T11:57:39.001Z INFO  client] Sending sample transaction 264
[2022-07-23T11:57:39.051Z INFO  client] Sending sample transaction 265
[2022-07-23T11:57:39.101Z INFO  client] Sending sample transaction 266
[2022-07-23T11:57:39.151Z INFO  client] Sending sample transaction 267
[2022-07-23T11:57:39.201Z INFO  client] Sending sample transaction 268
[2022-07-23T11:57:39.251Z INFO  client] Sending sample transaction 269
[2022-07-23T11:57:39.302Z INFO  client] Sending sample transaction 270
[2022-07-23T11:57:39.351Z INFO  client] Sending sample transaction 271
[2022-07-23T11:57:39.401Z INFO  client] Sending sample transaction 272
[2022-07-23T11:57:39.451Z INFO  client] Sending sample transaction 273
[2022-07-23T11:57:39.501Z INFO  client] Sending sample transaction 274
[2022-07-23T11:57:39.551Z INFO  client] Sending sample transaction 275
[2022-07-23T11:57:39.602Z INFO  client] Sending sample transaction 276
[2022-07-23T11:57:39.652Z INFO  client] Sending sample transaction 277
[2022-07-23T11:57:39.701Z INFO  client] Sending sample transaction 278
[2022-07-23T11:57:39.752Z INFO  client] Sending sample transaction 279
[2022-07-23T11:57:39.802Z INFO  client] Sending sample transaction 280
[2022-07-23T11:57:39.851Z INFO  client] Sending sample transaction 281
[2022-07-23T11:57:39.901Z INFO  client] Sending sample transaction 282
[2022-07-23T11:57:39.952Z INFO  client] Sending sample transaction 283
[2022-07-23T11:57:40.002Z INFO  client] Sending sample transaction 284
[2022-07-23T11:57:40.052Z INFO  client] Sending sample transaction 285
[2022-07-23T11:57:40.116Z INFO  client] Sending sample transaction 286
[2022-07-23T11:57:40.151Z INFO  client] Sending sample transaction 287
[2022-07-23T11:57:40.201Z INFO  client] Sending sample transaction 288
[2022-07-23T11:57:40.251Z INFO  client] Sending sample transaction 289
[2022-07-23T11:57:40.302Z INFO  client] Sending sample transaction 290
[2022-07-23T11:57:40.351Z INFO  client] Sending sample transaction 291
[2022-07-23T11:57:40.401Z INFO  client] Sending sample transaction 292
[2022-07-23T11:57:40.451Z INFO  client] Sending sample transaction 293
[2022-07-23T11:57:40.501Z INFO  client] Sending sample transaction 294
[2022-07-23T11:57:40.551Z INFO  client] Sending sample transaction 295
[2022-07-23T11:57:40.601Z INFO  client] Sending sample transaction 296
[2022-07-23T11:57:40.652Z INFO  client] Sending sample transaction 297
[2022-07-23T11:57:40.701Z INFO  client] Sending sample transaction 298
[2022-07-23T11:57:40.752Z INFO  client] Sending sample transaction 299
[2022-07-23T11:57:40.801Z INFO  client] Sending sample transaction 300
[2022-07-23T11:57:40.852Z INFO  client] Sending sample transaction 301
[2022-07-23T11:57:40.901Z INFO  client] Sending sample transaction 302
[2022-07-23T11:57:40.951Z INFO  client] Sending sample transaction 303
[2022-07-23T11:57:41.001Z INFO  client] Sending sample transaction 304
[2022-07-23T11:57:41.052Z INFO  client] Sending sample transaction 305
[2022-07-23T11:57:41.101Z INFO  client] Sending sample transaction 306
[2022-07-23T11:57:41.151Z INFO  client] Sending sample transaction 307
[2022-07-23T11:57:41.202Z INFO  client] Sending sample transaction 308
[2022-07-23T11:57:41.253Z INFO  client] Sending sample transaction 309
[2022-07-23T11:57:41.301Z INFO  client] Sending sample transaction 310
[2022-07-23T11:57:41.351Z INFO  client] Sending sample transaction 311
[2022-07-23T11:57:41.402Z INFO  client] Sending sample transaction 312
[2022-07-23T11:57:41.453Z INFO  client] Sending sample transaction 313
[2022-07-23T11:57:41.503Z INFO  client] Sending sample transaction 314
[2022-07-23T11:57:41.552Z INFO  client] Sending sample transaction 315
[2022-07-23T11:57:41.606Z INFO  client] Sending sample transaction 316
[2022-07-23T11:57:41.652Z INFO  client] Sending sample transaction 317
[2022-07-23T11:57:41.702Z INFO  client] Sending sample transaction 318
[2022-07-23T11:57:41.751Z INFO  client] Sending sample transaction 319
[2022-07-23T11:57:41.809Z INFO  client] Sending sample transaction 320
[2022-07-23T11:57:41.851Z INFO  client] Sending sample transaction 321
[2022-07-23T11:57:41.901Z INFO  client] Sending sample transaction 322
[2022-07-23T11:57:41.951Z INFO  client] Sending sample transaction 323
[2022-07-23T11:57:42.002Z INFO  client] Sending sample transaction 324
[2022-07-23T11:57:42.053Z INFO  client] Sending sample transaction 325
[2022-07-23T11:57:42.102Z INFO  client] Sending sample transaction 326
[2022-07-23T11:57:42.152Z INFO  client] Sending sample transaction 327
[2022-07-23T11:57:42.202Z INFO  client] Sending sample transaction 328
[2022-07-23T11:57:42.251Z INFO  client] Sending sample transaction 329
[2022-07-23T11:57:42.301Z INFO  client] Sending sample transaction 330
[2022-07-23T11:57:42.351Z INFO  client] Sending sample transaction 331
[2022-07-23T11:57:42.402Z INFO  client] Sending sample transaction 332
[2022-07-23T11:57:42.451Z INFO  client] Sending sample transaction 333
[2022-07-23T11:57:42.505Z INFO  client] Sending sample transaction 334
[2022-07-23T11:57:42.553Z INFO  client] Sending sample transaction 335
[2022-07-23T11:57:42.601Z INFO  client] Sending sample transaction 336
[2022-07-23T11:57:42.651Z INFO  client] Sending sample transaction 337
[2022-07-23T11:57:42.702Z INFO  client] Sending sample transaction 338
[2022-07-23T11:57:42.753Z INFO  client] Sending sample transaction 339
[2022-07-23T11:57:42.801Z INFO  client] Sending sample transaction 340
[2022-07-23T11:57:42.852Z INFO  client] Sending sample transaction 341
[2022-07-23T11:57:42.901Z INFO  client] Sending sample transaction 342
[2022-07-23T11:57:42.952Z INFO  client] Sending sample transaction 343
[2022-07-23T11:57:43.001Z INFO  client] Sending sample transaction 344
[2022-07-23T11:57:43.052Z INFO  client] Sending sample transaction 345
[2022-07-23T11:57:43.102Z INFO  client] Sending sample transaction 346
[2022-07-23T11:57:43.152Z INFO  client] Sending sample transaction 347
[2022-07-23T11:57:43.201Z INFO  client] Sending sample transaction 348
[2022-07-23T11:57:43.253Z INFO  client] Sending sample transaction 349
[2022-07-23T11:57:43.304Z INFO  client] Sending sample transaction 350
[2022-07-23T11:57:43.352Z INFO  client] Sending sample transaction 351
[2022-07-23T11:57:43.402Z INFO  client] Sending sample transaction 352
[2022-07-23T11:57:43.453Z INFO  client] Sending sample transaction 353
[2022-07-23T11:57:43.502Z INFO  client] Sending sample transaction 354
[2022-07-23T11:57:43.552Z INFO  client] Sending sample transaction 355
[2022-07-23T11:57:43.602Z INFO  client] Sending sample transaction 356
[2022-07-23T11:57:43.652Z INFO  client] Sending sample transaction 357
[2022-07-23T11:57:43.704Z INFO  client] Sending sample transaction 358
[2022-07-23T11:57:43.752Z INFO  client] Sending sample transaction 359
[2022-07-23T11:57:43.801Z INFO  client] Sending sample transaction 360
[2022-07-23T11:57:43.852Z INFO  client] Sending sample transaction 361
[2022-07-23T11:57:43.915Z INFO  client] Sending sample transaction 362
[2022-07-23T11:57:43.952Z INFO  client] Sending sample transaction 363
[2022-07-23T11:57:44.002Z INFO  client] Sending sample transaction 364
[2022-07-23T11:57:44.051Z INFO  client] Sending sample transaction 365
[2022-07-23T11:57:44.102Z INFO  client] Sending sample transaction 366
[2022-07-23T11:57:44.152Z INFO  client] Sending sample transaction 367
[2022-07-23T11:57:44.203Z INFO  client] Sending sample transaction 368
[2022-07-23T11:57:44.251Z INFO  client] Sending sample transaction 369
[2022-07-23T11:57:44.302Z INFO  client] Sending sample transaction 370
[2022-07-23T11:57:44.352Z INFO  client] Sending sample transaction 371
[2022-07-23T11:57:44.401Z INFO  client] Sending sample transaction 372
[2022-07-23T11:57:44.452Z INFO  client] Sending sample transaction 373
[2022-07-23T11:57:44.504Z INFO  client] Sending sample transaction 374
[2022-07-23T11:57:44.552Z INFO  client] Sending sample transaction 375
[2022-07-23T11:57:44.601Z INFO  client] Sending sample transaction 376
[2022-07-23T11:57:44.651Z INFO  client] Sending sample transaction 377
[2022-07-23T11:57:44.702Z INFO  client] Sending sample transaction 378
[2022-07-23T11:57:44.752Z INFO  client] Sending sample transaction 379
[2022-07-23T11:57:44.801Z INFO  client] Sending sample transaction 380
[2022-07-23T11:57:44.852Z INFO  client] Sending sample transaction 381
[2022-07-23T11:57:44.901Z INFO  client] Sending sample transaction 382
[2022-07-23T11:57:44.953Z INFO  client] Sending sample transaction 383
[2022-07-23T11:57:45.001Z INFO  client] Sending sample transaction 384
[2022-07-23T11:57:45.051Z INFO  client] Sending sample transaction 385
[2022-07-23T11:57:45.101Z INFO  client] Sending sample transaction 386
[2022-07-23T11:57:45.152Z INFO  client] Sending sample transaction 387
[2022-07-23T11:57:45.201Z INFO  client] Sending sample transaction 388
[2022-07-23T11:57:45.252Z INFO  client] Sending sample transaction 389
[2022-07-23T11:57:45.301Z INFO  client] Sending sample transaction 390
[2022-07-23T11:57:45.352Z INFO  client] Sending sample transaction 391
[2022-07-23T11:57:45.401Z INFO  client] Sending sample transaction 392
[2022-07-23T11:57:45.452Z INFO  client] Sending sample transaction 393
[2022-07-23T11:57:45.501Z INFO  client] Sending sample transaction 394
[2022-07-23T11:57:45.551Z INFO  client] Sending sample transaction 395
[2022-07-23T11:57:45.602Z INFO  client] Sending sample transaction 396
[2022-07-23T11:57:45.651Z INFO  client] Sending sample transaction 397
[2022-07-23T11:57:45.701Z INFO  client] Sending sample transaction 398
[2022-07-23T11:57:45.753Z INFO  client] Sending sample transaction 399
[2022-07-23T11:57:45.802Z INFO  client] Sending sample transaction 400
[2022-07-23T11:57:45.851Z INFO  client] Sending sample transaction 401
[2022-07-23T11:57:45.901Z INFO  client] Sending sample transaction 402
[2022-07-23T11:57:45.952Z INFO  client] Sending sample transaction 403
[2022-07-23T11:57:46.002Z INFO  client] Sending sample transaction 404
[2022-07-23T11:57:46.052Z INFO  client] Sending sample transaction 405
[2022-07-23T11:57:46.102Z INFO  client] Sending sample transaction 406
[2022-07-23T11:57:46.152Z INFO  client] Sending sample transaction 407
[2022-07-23T11:57:46.201Z INFO  client] Sending sample transaction 408
[2022-07-23T11:57:46.252Z INFO  client] Sending sample transaction 409
[2022-07-23T11:57:46.302Z INFO  client] Sending sample transaction 410
[2022-07-23T11:57:46.351Z INFO  client] Sending sample transaction 411
[2022-07-23T11:57:46.401Z INFO  client] Sending sample transaction 412
[2022-07-23T11:57:46.451Z INFO  client] Sending sample transaction 413
[2022-07-23T11:57:46.501Z INFO  client] Sending sample transaction 414
[2022-07-23T11:57:46.551Z INFO  client] Sending sample transaction 415
[2022-07-23T11:57:46.601Z INFO  client] Sending sample transaction 416
[2022-07-23T11:57:46.652Z INFO  client] Sending sample transaction 417
[2022-07-23T11:57:46.702Z INFO  client] Sending sample transaction 418
[2022-07-23T11:57:46.751Z INFO  client] Sending sample transaction 419
[2022-07-23T11:57:46.801Z INFO  client] Sending sample transaction 420
[2022-07-23T11:57:46.851Z INFO  client] Sending sample transaction 421
[2022-07-23T11:57:46.902Z INFO  client] Sending sample transaction 422
[2022-07-23T11:57:46.953Z INFO  client] Sending sample transaction 423
[2022-07-23T11:57:47.001Z INFO  client] Sending sample transaction 424
[2022-07-23T11:57:47.051Z INFO  client] Sending sample transaction 425
[2022-07-23T11:57:47.101Z INFO  client] Sending sample transaction 426
[2022-07-23T11:57:47.151Z INFO  client] Sending sample transaction 427
[2022-07-23T11:57:47.202Z INFO  client] Sending sample transaction 428
[2022-07-23T11:57:47.251Z INFO  client] Sending sample transaction 429
[2022-07-23T11:57:47.301Z INFO  client] Sending sample transaction 430
[2022-07-23T11:57:47.352Z INFO  client] Sending sample transaction 431
[2022-07-23T11:57:47.401Z INFO  client] Sending sample transaction 432
[2022-07-23T11:57:47.452Z INFO  client] Sending sample transaction 433
[2022-07-23T11:57:47.503Z INFO  client] Sending sample transaction 434
