[2022-07-24T09:18:56.799Z INFO  client] Node address: 127.0.0.1:9018
[2022-07-24T09:18:56.800Z INFO  client] Transactions size: 512 B
[2022-07-24T09:18:56.800Z INFO  client] Transactions rate: 112 tx/s
[2022-07-24T09:18:56.800Z INFO  client] Waiting for all nodes to be online...
[2022-07-24T09:18:56.800Z INFO  client] Waiting for all nodes to be synchronized...
[2022-07-24T09:18:58.890Z INFO  client] Start sending transactions
[2022-07-24T09:18:58.901Z INFO  client] Sending sample transaction 0
[2022-07-24T09:18:58.949Z INFO  client] Sending sample transaction 1
[2022-07-24T09:18:58.992Z INFO  client] Sending sample transaction 2
[2022-07-24T09:18:59.045Z INFO  client] Sending sample transaction 3
[2022-07-24T09:18:59.093Z INFO  client] Sending sample transaction 4
[2022-07-24T09:18:59.141Z INFO  client] Sending sample transaction 5
[2022-07-24T09:18:59.192Z INFO  client] Sending sample transaction 6
[2022-07-24T09:18:59.243Z INFO  client] Sending sample transaction 7
[2022-07-24T09:18:59.293Z INFO  client] Sending sample transaction 8
[2022-07-24T09:18:59.342Z INFO  client] Sending sample transaction 9
[2022-07-24T09:18:59.391Z INFO  client] Sending sample transaction 10
[2022-07-24T09:18:59.442Z INFO  client] Sending sample transaction 11
[2022-07-24T09:18:59.492Z INFO  client] Sending sample transaction 12
[2022-07-24T09:18:59.541Z INFO  client] Sending sample transaction 13
[2022-07-24T09:18:59.592Z INFO  client] Sending sample transaction 14
[2022-07-24T09:18:59.641Z INFO  client] Sending sample transaction 15
[2022-07-24T09:18:59.694Z INFO  client] Sending sample transaction 16
[2022-07-24T09:18:59.742Z INFO  client] Sending sample transaction 17
[2022-07-24T09:18:59.835Z INFO  client] Sending sample transaction 18
[2022-07-24T09:18:59.843Z INFO  client] Sending sample transaction 19
[2022-07-24T09:18:59.906Z INFO  client] Sending sample transaction 20
[2022-07-24T09:18:59.952Z INFO  client] Sending sample transaction 21
[2022-07-24T09:19:00.008Z INFO  client] Sending sample transaction 22
[2022-07-24T09:19:00.048Z INFO  client] Sending sample transaction 23
[2022-07-24T09:19:00.095Z INFO  client] Sending sample transaction 24
[2022-07-24T09:19:00.142Z INFO  client] Sending sample transaction 25
[2022-07-24T09:19:00.192Z INFO  client] Sending sample transaction 26
[2022-07-24T09:19:00.243Z INFO  client] Sending sample transaction 27
[2022-07-24T09:19:00.292Z INFO  client] Sending sample transaction 28
[2022-07-24T09:19:00.342Z INFO  client] Sending sample transaction 29
[2022-07-24T09:19:00.390Z INFO  client] Sending sample transaction 30
[2022-07-24T09:19:00.441Z INFO  client] Sending sample transaction 31
[2022-07-24T09:19:00.497Z INFO  client] Sending sample transaction 32
[2022-07-24T09:19:00.544Z INFO  client] Sending sample transaction 33
[2022-07-24T09:19:00.592Z INFO  client] Sending sample transaction 34
[2022-07-24T09:19:00.641Z INFO  client] Sending sample transaction 35
[2022-07-24T09:19:00.691Z INFO  client] Sending sample transaction 36
[2022-07-24T09:19:00.742Z INFO  client] Sending sample transaction 37
[2022-07-24T09:19:00.792Z INFO  client] Sending sample transaction 38
[2022-07-24T09:19:00.841Z INFO  client] Sending sample transaction 39
[2022-07-24T09:19:00.891Z INFO  client] Sending sample transaction 40
[2022-07-24T09:19:00.942Z INFO  client] Sending sample transaction 41
[2022-07-24T09:19:00.991Z INFO  client] Sending sample transaction 42
[2022-07-24T09:19:01.041Z INFO  client] Sending sample transaction 43
[2022-07-24T09:19:01.095Z INFO  client] Sending sample transaction 44
[2022-07-24T09:19:01.141Z INFO  client] Sending sample transaction 45
[2022-07-24T09:19:01.192Z INFO  client] Sending sample transaction 46
[2022-07-24T09:19:01.241Z INFO  client] Sending sample transaction 47
[2022-07-24T09:19:01.291Z INFO  client] Sending sample transaction 48
[2022-07-24T09:19:01.341Z INFO  client] Sending sample transaction 49
[2022-07-24T09:19:01.390Z INFO  client] Sending sample transaction 50
[2022-07-24T09:19:01.441Z INFO  client] Sending sample transaction 51
[2022-07-24T09:19:01.491Z INFO  client] Sending sample transaction 52
[2022-07-24T09:19:01.541Z INFO  client] Sending sample transaction 53
[2022-07-24T09:19:01.592Z INFO  client] Sending sample transaction 54
[2022-07-24T09:19:01.641Z INFO  client] Sending sample transaction 55
[2022-07-24T09:19:01.691Z INFO  client] Sending sample transaction 56
[2022-07-24T09:19:01.742Z INFO  client] Sending sample transaction 57
[2022-07-24T09:19:01.792Z INFO  client] Sending sample transaction 58
[2022-07-24T09:19:01.841Z INFO  client] Sending sample transaction 59
[2022-07-24T09:19:01.892Z INFO  client] Sending sample transaction 60
[2022-07-24T09:19:01.942Z INFO  client] Sending sample transaction 61
[2022-07-24T09:19:01.997Z INFO  client] Sending sample transaction 62
[2022-07-24T09:19:02.041Z INFO  client] Sending sample transaction 63
[2022-07-24T09:19:02.091Z INFO  client] Sending sample transaction 64
[2022-07-24T09:19:02.145Z INFO  client] Sending sample transaction 65
[2022-07-24T09:19:02.191Z INFO  client] Sending sample transaction 66
[2022-07-24T09:19:02.242Z INFO  client] Sending sample transaction 67
[2022-07-24T09:19:02.291Z INFO  client] Sending sample transaction 68
[2022-07-24T09:19:02.341Z INFO  client] Sending sample transaction 69
[2022-07-24T09:19:02.390Z INFO  client] Sending sample transaction 70
[2022-07-24T09:19:02.441Z INFO  client] Sending sample transaction 71
[2022-07-24T09:19:02.491Z INFO  client] Sending sample transaction 72
[2022-07-24T09:19:02.543Z INFO  client] Sending sample transaction 73
[2022-07-24T09:19:02.591Z INFO  client] Sending sample transaction 74
[2022-07-24T09:19:02.642Z INFO  client] Sending sample transaction 75
[2022-07-24T09:19:02.691Z INFO  client] Sending sample transaction 76
[2022-07-24T09:19:02.742Z INFO  client] Sending sample transaction 77
[2022-07-24T09:19:02.791Z INFO  client] Sending sample transaction 78
[2022-07-24T09:19:02.841Z INFO  client] Sending sample transaction 79
[2022-07-24T09:19:02.891Z INFO  client] Sending sample transaction 80
[2022-07-24T09:19:02.941Z INFO  client] Sending sample transaction 81
[2022-07-24T09:19:02.991Z INFO  client] Sending sample transaction 82
[2022-07-24T09:19:03.041Z INFO  client] Sending sample transaction 83
[2022-07-24T09:19:03.091Z INFO  client] Sending sample transaction 84
[2022-07-24T09:19:03.141Z INFO  client] Sending sample transaction 85
[2022-07-24T09:19:03.204Z INFO  client] Sending sample transaction 86
[2022-07-24T09:19:03.242Z INFO  client] Sending sample transaction 87
[2022-07-24T09:19:03.292Z INFO  client] Sending sample transaction 88
[2022-07-24T09:19:03.342Z INFO  client] Sending sample transaction 89
[2022-07-24T09:19:03.391Z INFO  client] Sending sample transaction 90
[2022-07-24T09:19:03.442Z INFO  client] Sending sample transaction 91
[2022-07-24T09:19:03.491Z INFO  client] Sending sample transaction 92
[2022-07-24T09:19:03.541Z INFO  client] Sending sample transaction 93
[2022-07-24T09:19:03.591Z INFO  client] Sending sample transaction 94
[2022-07-24T09:19:03.641Z INFO  client] Sending sample transaction 95
[2022-07-24T09:19:03.692Z INFO  client] Sending sample transaction 96
[2022-07-24T09:19:03.741Z INFO  client] Sending sample transaction 97
[2022-07-24T09:19:03.792Z INFO  client] Sending sample transaction 98
[2022-07-24T09:19:03.841Z INFO  client] Sending sample transaction 99
[2022-07-24T09:19:03.890Z INFO  client] Sending sample transaction 100
[2022-07-24T09:19:03.941Z INFO  client] Sending sample transaction 101
[2022-07-24T09:19:03.991Z INFO  client] Sending sample transaction 102
[2022-07-24T09:19:04.041Z INFO  client] Sending sample transaction 103
[2022-07-24T09:19:04.091Z INFO  client] Sending sample transaction 104
[2022-07-24T09:19:04.141Z INFO  client] Sending sample transaction 105
[2022-07-24T09:19:04.192Z INFO  client] Sending sample transaction 106
[2022-07-24T09:19:04.243Z INFO  client] Sending sample transaction 107
[2022-07-24T09:19:04.291Z INFO  client] Sending sample transaction 108
[2022-07-24T09:19:04.342Z INFO  client] Sending sample transaction 109
[2022-07-24T09:19:04.391Z INFO  client] Sending sample transaction 110
[2022-07-24T09:19:04.441Z INFO  client] Sending sample transaction 111
[2022-07-24T09:19:04.490Z INFO  client] Sending sample transaction 112
[2022-07-24T09:19:04.541Z INFO  client] Sending sample transaction 113
[2022-07-24T09:19:04.591Z INFO  client] Sending sample transaction 114
[2022-07-24T09:19:04.641Z INFO  client] Sending sample transaction 115
[2022-07-24T09:19:04.692Z INFO  client] Sending sample transaction 116
[2022-07-24T09:19:04.742Z INFO  client] Sending sample transaction 117
[2022-07-24T09:19:04.791Z INFO  client] Sending sample transaction 118
[2022-07-24T09:19:04.841Z INFO  client] Sending sample transaction 119
[2022-07-24T09:19:04.891Z INFO  client] Sending sample transaction 120
[2022-07-24T09:19:04.946Z INFO  client] Sending sample transaction 121
[2022-07-24T09:19:04.992Z INFO  client] Sending sample transaction 122
[2022-07-24T09:19:05.042Z INFO  client] Sending sample transaction 123
[2022-07-24T09:19:05.092Z INFO  client] Sending sample transaction 124
[2022-07-24T09:19:05.142Z INFO  client] Sending sample transaction 125
[2022-07-24T09:19:05.199Z INFO  client] Sending sample transaction 126
[2022-07-24T09:19:05.241Z INFO  client] Sending sample transaction 127
[2022-07-24T09:19:05.291Z INFO  client] Sending sample transaction 128
[2022-07-24T09:19:05.342Z INFO  client] Sending sample transaction 129
[2022-07-24T09:19:05.391Z INFO  client] Sending sample transaction 130
[2022-07-24T09:19:05.441Z INFO  client] Sending sample transaction 131
[2022-07-24T09:19:05.491Z INFO  client] Sending sample transaction 132
[2022-07-24T09:19:05.540Z INFO  client] Sending sample transaction 133
[2022-07-24T09:19:05.591Z INFO  client] Sending sample transaction 134
[2022-07-24T09:19:05.641Z INFO  client] Sending sample transaction 135
[2022-07-24T09:19:05.691Z INFO  client] Sending sample transaction 136
[2022-07-24T09:19:05.741Z INFO  client] Sending sample transaction 137
[2022-07-24T09:19:05.791Z INFO  client] Sending sample transaction 138
[2022-07-24T09:19:05.841Z INFO  client] Sending sample transaction 139
[2022-07-24T09:19:05.890Z INFO  client] Sending sample transaction 140
[2022-07-24T09:19:05.941Z INFO  client] Sending sample transaction 141
[2022-07-24T09:19:05.991Z INFO  client] Sending sample transaction 142
[2022-07-24T09:19:06.041Z INFO  client] Sending sample transaction 143
[2022-07-24T09:19:06.091Z INFO  client] Sending sample transaction 144
[2022-07-24T09:19:06.141Z INFO  client] Sending sample transaction 145
[2022-07-24T09:19:06.191Z INFO  client] Sending sample transaction 146
[2022-07-24T09:19:06.241Z INFO  client] Sending sample transaction 147
[2022-07-24T09:19:06.291Z INFO  client] Sending sample transaction 148
[2022-07-24T09:19:06.350Z INFO  client] Sending sample transaction 149
[2022-07-24T09:19:06.391Z INFO  client] Sending sample transaction 150
[2022-07-24T09:19:06.441Z INFO  client] Sending sample transaction 151
[2022-07-24T09:19:06.491Z INFO  client] Sending sample transaction 152
[2022-07-24T09:19:06.541Z INFO  client] Sending sample transaction 153
[2022-07-24T09:19:06.591Z INFO  client] Sending sample transaction 154
[2022-07-24T09:19:06.642Z INFO  client] Sending sample transaction 155
[2022-07-24T09:19:06.691Z INFO  client] Sending sample transaction 156
[2022-07-24T09:19:06.742Z INFO  client] Sending sample transaction 157
[2022-07-24T09:19:06.791Z INFO  client] Sending sample transaction 158
[2022-07-24T09:19:06.842Z INFO  client] Sending sample transaction 159
[2022-07-24T09:19:06.891Z INFO  client] Sending sample transaction 160
[2022-07-24T09:19:06.942Z INFO  client] Sending sample transaction 161
[2022-07-24T09:19:06.991Z INFO  client] Sending sample transaction 162
[2022-07-24T09:19:07.042Z INFO  client] Sending sample transaction 163
[2022-07-24T09:19:07.091Z INFO  client] Sending sample transaction 164
[2022-07-24T09:19:07.141Z INFO  client] Sending sample transaction 165
[2022-07-24T09:19:07.191Z INFO  client] Sending sample transaction 166
[2022-07-24T09:19:07.241Z INFO  client] Sending sample transaction 167
[2022-07-24T09:19:07.292Z INFO  client] Sending sample transaction 168
[2022-07-24T09:19:07.342Z INFO  client] Sending sample transaction 169
[2022-07-24T09:19:07.394Z INFO  client] Sending sample transaction 170
[2022-07-24T09:19:07.443Z INFO  client] Sending sample transaction 171
[2022-07-24T09:19:07.493Z INFO  client] Sending sample transaction 172
[2022-07-24T09:19:07.541Z INFO  client] Sending sample transaction 173
[2022-07-24T09:19:07.591Z INFO  client] Sending sample transaction 174
[2022-07-24T09:19:07.644Z INFO  client] Sending sample transaction 175
[2022-07-24T09:19:07.692Z INFO  client] Sending sample transaction 176
[2022-07-24T09:19:07.742Z INFO  client] Sending sample transaction 177
[2022-07-24T09:19:07.791Z INFO  client] Sending sample transaction 178
[2022-07-24T09:19:07.842Z INFO  client] Sending sample transaction 179
[2022-07-24T09:19:07.892Z INFO  client] Sending sample transaction 180
[2022-07-24T09:19:07.941Z INFO  client] Sending sample transaction 181
[2022-07-24T09:19:07.992Z INFO  client] Sending sample transaction 182
[2022-07-24T09:19:08.042Z INFO  client] Sending sample transaction 183
[2022-07-24T09:19:08.091Z INFO  client] Sending sample transaction 184
[2022-07-24T09:19:08.141Z INFO  client] Sending sample transaction 185
[2022-07-24T09:19:08.191Z INFO  client] Sending sample transaction 186
[2022-07-24T09:19:08.241Z INFO  client] Sending sample transaction 187
[2022-07-24T09:19:08.291Z INFO  client] Sending sample transaction 188
[2022-07-24T09:19:08.341Z INFO  client] Sending sample transaction 189
[2022-07-24T09:19:08.416Z INFO  client] Sending sample transaction 190
[2022-07-24T09:19:08.463Z INFO  client] Sending sample transaction 191
[2022-07-24T09:19:08.493Z INFO  client] Sending sample transaction 192
[2022-07-24T09:19:08.541Z INFO  client] Sending sample transaction 193
[2022-07-24T09:19:08.591Z INFO  client] Sending sample transaction 194
[2022-07-24T09:19:08.641Z INFO  client] Sending sample transaction 195
[2022-07-24T09:19:08.691Z INFO  client] Sending sample transaction 196
[2022-07-24T09:19:08.741Z INFO  client] Sending sample transaction 197
[2022-07-24T09:19:08.791Z INFO  client] Sending sample transaction 198
[2022-07-24T09:19:08.841Z INFO  client] Sending sample transaction 199
[2022-07-24T09:19:08.892Z INFO  client] Sending sample transaction 200
[2022-07-24T09:19:08.942Z INFO  client] Sending sample transaction 201
[2022-07-24T09:19:08.991Z INFO  client] Sending sample transaction 202
[2022-07-24T09:19:09.042Z INFO  client] Sending sample transaction 203
[2022-07-24T09:19:09.091Z INFO  client] Sending sample transaction 204
[2022-07-24T09:19:09.148Z INFO  client] Sending sample transaction 205
[2022-07-24T09:19:09.196Z INFO  client] Sending sample transaction 206
[2022-07-24T09:19:09.241Z INFO  client] Sending sample transaction 207
[2022-07-24T09:19:09.291Z INFO  client] Sending sample transaction 208
[2022-07-24T09:19:09.342Z INFO  client] Sending sample transaction 209
[2022-07-24T09:19:09.391Z INFO  client] Sending sample transaction 210
[2022-07-24T09:19:09.441Z INFO  client] Sending sample transaction 211
[2022-07-24T09:19:09.492Z INFO  client] Sending sample transaction 212
[2022-07-24T09:19:09.542Z INFO  client] Sending sample transaction 213
[2022-07-24T09:19:09.592Z INFO  client] Sending sample transaction 214
[2022-07-24T09:19:09.641Z INFO  client] Sending sample transaction 215
[2022-07-24T09:19:09.691Z INFO  client] Sending sample transaction 216
[2022-07-24T09:19:09.742Z INFO  client] Sending sample transaction 217
[2022-07-24T09:19:09.791Z INFO  client] Sending sample transaction 218
[2022-07-24T09:19:09.841Z INFO  client] Sending sample transaction 219
[2022-07-24T09:19:09.891Z INFO  client] Sending sample transaction 220
[2022-07-24T09:19:09.941Z INFO  client] Sending sample transaction 221
[2022-07-24T09:19:09.991Z INFO  client] Sending sample transaction 222
[2022-07-24T09:19:10.042Z INFO  client] Sending sample transaction 223
[2022-07-24T09:19:10.091Z INFO  client] Sending sample transaction 224
[2022-07-24T09:19:10.141Z INFO  client] Sending sample transaction 225
[2022-07-24T09:19:10.192Z INFO  client] Sending sample transaction 226
[2022-07-24T09:19:10.243Z INFO  client] Sending sample transaction 227
[2022-07-24T09:19:10.291Z INFO  client] Sending sample transaction 228
[2022-07-24T09:19:10.341Z INFO  client] Sending sample transaction 229
[2022-07-24T09:19:10.391Z INFO  client] Sending sample transaction 230
[2022-07-24T09:19:10.442Z INFO  client] Sending sample transaction 231
[2022-07-24T09:19:10.492Z INFO  client] Sending sample transaction 232
[2022-07-24T09:19:10.562Z INFO  client] Sending sample transaction 233
[2022-07-24T09:19:10.596Z INFO  client] Sending sample transaction 234
[2022-07-24T09:19:10.641Z INFO  client] Sending sample transaction 235
[2022-07-24T09:19:10.692Z INFO  client] Sending sample transaction 236
[2022-07-24T09:19:10.742Z INFO  client] Sending sample transaction 237
[2022-07-24T09:19:10.792Z INFO  client] Sending sample transaction 238
[2022-07-24T09:19:10.841Z INFO  client] Sending sample transaction 239
[2022-07-24T09:19:10.891Z INFO  client] Sending sample transaction 240
[2022-07-24T09:19:10.941Z INFO  client] Sending sample transaction 241
[2022-07-24T09:19:10.991Z INFO  client] Sending sample transaction 242
[2022-07-24T09:19:11.041Z INFO  client] Sending sample transaction 243
[2022-07-24T09:19:11.091Z INFO  client] Sending sample transaction 244
[2022-07-24T09:19:11.141Z INFO  client] Sending sample transaction 245
[2022-07-24T09:19:11.191Z INFO  client] Sending sample transaction 246
[2022-07-24T09:19:11.242Z INFO  client] Sending sample transaction 247
[2022-07-24T09:19:11.292Z INFO  client] Sending sample transaction 248
[2022-07-24T09:19:11.342Z INFO  client] Sending sample transaction 249
[2022-07-24T09:19:11.393Z INFO  client] Sending sample transaction 250
[2022-07-24T09:19:11.441Z INFO  client] Sending sample transaction 251
[2022-07-24T09:19:11.491Z INFO  client] Sending sample transaction 252
[2022-07-24T09:19:11.543Z INFO  client] Sending sample transaction 253
[2022-07-24T09:19:11.591Z INFO  client] Sending sample transaction 254
[2022-07-24T09:19:11.642Z INFO  client] Sending sample transaction 255
[2022-07-24T09:19:11.691Z INFO  client] Sending sample transaction 256
[2022-07-24T09:19:11.744Z INFO  client] Sending sample transaction 257
[2022-07-24T09:19:11.792Z INFO  client] Sending sample transaction 258
[2022-07-24T09:19:11.841Z INFO  client] Sending sample transaction 259
[2022-07-24T09:19:11.891Z INFO  client] Sending sample transaction 260
[2022-07-24T09:19:11.941Z INFO  client] Sending sample transaction 261
[2022-07-24T09:19:11.991Z INFO  client] Sending sample transaction 262
[2022-07-24T09:19:12.041Z INFO  client] Sending sample transaction 263
[2022-07-24T09:19:12.091Z INFO  client] Sending sample transaction 264
[2022-07-24T09:19:12.141Z INFO  client] Sending sample transaction 265
[2022-07-24T09:19:12.191Z INFO  client] Sending sample transaction 266
[2022-07-24T09:19:12.241Z INFO  client] Sending sample transaction 267
[2022-07-24T09:19:12.291Z INFO  client] Sending sample transaction 268
[2022-07-24T09:19:12.342Z INFO  client] Sending sample transaction 269
[2022-07-24T09:19:12.391Z INFO  client] Sending sample transaction 270
[2022-07-24T09:19:12.441Z INFO  client] Sending sample transaction 271
[2022-07-24T09:19:12.491Z INFO  client] Sending sample transaction 272
[2022-07-24T09:19:12.541Z INFO  client] Sending sample transaction 273
[2022-07-24T09:19:12.591Z INFO  client] Sending sample transaction 274
[2022-07-24T09:19:12.645Z INFO  client] Sending sample transaction 275
[2022-07-24T09:19:12.691Z INFO  client] Sending sample transaction 276
[2022-07-24T09:19:12.741Z INFO  client] Sending sample transaction 277
[2022-07-24T09:19:12.791Z INFO  client] Sending sample transaction 278
[2022-07-24T09:19:12.840Z INFO  client] Sending sample transaction 279
[2022-07-24T09:19:12.892Z INFO  client] Sending sample transaction 280
[2022-07-24T09:19:12.941Z INFO  client] Sending sample transaction 281
[2022-07-24T09:19:12.990Z INFO  client] Sending sample transaction 282
[2022-07-24T09:19:13.041Z INFO  client] Sending sample transaction 283
[2022-07-24T09:19:13.092Z INFO  client] Sending sample transaction 284
[2022-07-24T09:19:13.141Z INFO  client] Sending sample transaction 285
[2022-07-24T09:19:13.191Z INFO  client] Sending sample transaction 286
[2022-07-24T09:19:13.244Z INFO  client] Sending sample transaction 287
[2022-07-24T09:19:13.292Z INFO  client] Sending sample transaction 288
[2022-07-24T09:19:13.342Z INFO  client] Sending sample transaction 289
[2022-07-24T09:19:13.391Z INFO  client] Sending sample transaction 290
[2022-07-24T09:19:13.441Z INFO  client] Sending sample transaction 291
[2022-07-24T09:19:13.492Z INFO  client] Sending sample transaction 292
[2022-07-24T09:19:13.541Z INFO  client] Sending sample transaction 293
[2022-07-24T09:19:13.591Z INFO  client] Sending sample transaction 294
[2022-07-24T09:19:13.641Z INFO  client] Sending sample transaction 295
[2022-07-24T09:19:13.696Z INFO  client] Sending sample transaction 296
[2022-07-24T09:19:13.741Z INFO  client] Sending sample transaction 297
[2022-07-24T09:19:13.792Z INFO  client] Sending sample transaction 298
[2022-07-24T09:19:13.842Z INFO  client] Sending sample transaction 299
[2022-07-24T09:19:13.892Z INFO  client] Sending sample transaction 300
[2022-07-24T09:19:13.942Z INFO  client] Sending sample transaction 301
[2022-07-24T09:19:13.991Z INFO  client] Sending sample transaction 302
[2022-07-24T09:19:14.041Z INFO  client] Sending sample transaction 303
[2022-07-24T09:19:14.093Z INFO  client] Sending sample transaction 304
[2022-07-24T09:19:14.141Z INFO  client] Sending sample transaction 305
[2022-07-24T09:19:14.192Z INFO  client] Sending sample transaction 306
[2022-07-24T09:19:14.241Z INFO  client] Sending sample transaction 307
[2022-07-24T09:19:14.292Z INFO  client] Sending sample transaction 308
[2022-07-24T09:19:14.341Z INFO  client] Sending sample transaction 309
[2022-07-24T09:19:14.392Z INFO  client] Sending sample transaction 310
[2022-07-24T09:19:14.441Z INFO  client] Sending sample transaction 311
[2022-07-24T09:19:14.494Z INFO  client] Sending sample transaction 312
[2022-07-24T09:19:14.541Z INFO  client] Sending sample transaction 313
[2022-07-24T09:19:14.591Z INFO  client] Sending sample transaction 314
[2022-07-24T09:19:14.650Z INFO  client] Sending sample transaction 315
[2022-07-24T09:19:14.692Z INFO  client] Sending sample transaction 316
[2022-07-24T09:19:14.741Z INFO  client] Sending sample transaction 317
[2022-07-24T09:19:14.791Z INFO  client] Sending sample transaction 318
[2022-07-24T09:19:14.842Z INFO  client] Sending sample transaction 319
[2022-07-24T09:19:14.891Z INFO  client] Sending sample transaction 320
[2022-07-24T09:19:14.941Z INFO  client] Sending sample transaction 321
[2022-07-24T09:19:14.991Z INFO  client] Sending sample transaction 322
[2022-07-24T09:19:15.041Z INFO  client] Sending sample transaction 323
[2022-07-24T09:19:15.091Z INFO  client] Sending sample transaction 324
[2022-07-24T09:19:15.142Z INFO  client] Sending sample transaction 325
[2022-07-24T09:19:15.192Z INFO  client] Sending sample transaction 326
[2022-07-24T09:19:15.242Z INFO  client] Sending sample transaction 327
[2022-07-24T09:19:15.291Z INFO  client] Sending sample transaction 328
[2022-07-24T09:19:15.341Z INFO  client] Sending sample transaction 329
[2022-07-24T09:19:15.391Z INFO  client] Sending sample transaction 330
[2022-07-24T09:19:15.441Z INFO  client] Sending sample transaction 331
[2022-07-24T09:19:15.491Z INFO  client] Sending sample transaction 332
[2022-07-24T09:19:15.541Z INFO  client] Sending sample transaction 333
[2022-07-24T09:19:15.592Z INFO  client] Sending sample transaction 334
[2022-07-24T09:19:15.641Z INFO  client] Sending sample transaction 335
[2022-07-24T09:19:15.691Z INFO  client] Sending sample transaction 336
[2022-07-24T09:19:15.747Z INFO  client] Sending sample transaction 337
[2022-07-24T09:19:15.805Z INFO  client] Sending sample transaction 338
[2022-07-24T09:19:15.841Z INFO  client] Sending sample transaction 339
[2022-07-24T09:19:15.891Z INFO  client] Sending sample transaction 340
[2022-07-24T09:19:15.941Z INFO  client] Sending sample transaction 341
[2022-07-24T09:19:15.992Z INFO  client] Sending sample transaction 342
[2022-07-24T09:19:16.040Z INFO  client] Sending sample transaction 343
[2022-07-24T09:19:16.113Z INFO  client] Sending sample transaction 344
[2022-07-24T09:19:16.143Z INFO  client] Sending sample transaction 345
[2022-07-24T09:19:16.191Z INFO  client] Sending sample transaction 346
[2022-07-24T09:19:16.241Z INFO  client] Sending sample transaction 347
[2022-07-24T09:19:16.291Z INFO  client] Sending sample transaction 348
[2022-07-24T09:19:16.343Z INFO  client] Sending sample transaction 349
[2022-07-24T09:19:16.391Z INFO  client] Sending sample transaction 350
[2022-07-24T09:19:16.441Z INFO  client] Sending sample transaction 351
[2022-07-24T09:19:16.491Z INFO  client] Sending sample transaction 352
[2022-07-24T09:19:16.541Z INFO  client] Sending sample transaction 353
[2022-07-24T09:19:16.591Z INFO  client] Sending sample transaction 354
[2022-07-24T09:19:16.642Z INFO  client] Sending sample transaction 355
[2022-07-24T09:19:16.692Z INFO  client] Sending sample transaction 356
[2022-07-24T09:19:16.741Z INFO  client] Sending sample transaction 357
[2022-07-24T09:19:16.792Z INFO  client] Sending sample transaction 358
[2022-07-24T09:19:16.842Z INFO  client] Sending sample transaction 359
[2022-07-24T09:19:16.891Z INFO  client] Sending sample transaction 360
[2022-07-24T09:19:16.944Z INFO  client] Sending sample transaction 361
[2022-07-24T09:19:16.994Z INFO  client] Sending sample transaction 362
[2022-07-24T09:19:17.041Z INFO  client] Sending sample transaction 363
[2022-07-24T09:19:17.091Z INFO  client] Sending sample transaction 364
[2022-07-24T09:19:17.141Z INFO  client] Sending sample transaction 365
[2022-07-24T09:19:17.191Z INFO  client] Sending sample transaction 366
[2022-07-24T09:19:17.242Z INFO  client] Sending sample transaction 367
[2022-07-24T09:19:17.291Z INFO  client] Sending sample transaction 368
[2022-07-24T09:19:17.341Z INFO  client] Sending sample transaction 369
[2022-07-24T09:19:17.391Z INFO  client] Sending sample transaction 370
[2022-07-24T09:19:17.441Z INFO  client] Sending sample transaction 371
[2022-07-24T09:19:17.491Z INFO  client] Sending sample transaction 372
[2022-07-24T09:19:17.541Z INFO  client] Sending sample transaction 373
[2022-07-24T09:19:17.591Z INFO  client] Sending sample transaction 374
[2022-07-24T09:19:17.641Z INFO  client] Sending sample transaction 375
[2022-07-24T09:19:17.691Z INFO  client] Sending sample transaction 376
[2022-07-24T09:19:17.741Z INFO  client] Sending sample transaction 377
[2022-07-24T09:19:17.791Z INFO  client] Sending sample transaction 378
[2022-07-24T09:19:17.841Z INFO  client] Sending sample transaction 379
[2022-07-24T09:19:17.891Z INFO  client] Sending sample transaction 380
[2022-07-24T09:19:17.941Z INFO  client] Sending sample transaction 381
[2022-07-24T09:19:17.992Z INFO  client] Sending sample transaction 382
[2022-07-24T09:19:18.058Z INFO  client] Sending sample transaction 383
[2022-07-24T09:19:18.092Z INFO  client] Sending sample transaction 384
[2022-07-24T09:19:18.141Z INFO  client] Sending sample transaction 385
[2022-07-24T09:19:18.192Z INFO  client] Sending sample transaction 386
[2022-07-24T09:19:18.241Z INFO  client] Sending sample transaction 387
[2022-07-24T09:19:18.292Z INFO  client] Sending sample transaction 388
[2022-07-24T09:19:18.341Z INFO  client] Sending sample transaction 389
[2022-07-24T09:19:18.391Z INFO  client] Sending sample transaction 390
[2022-07-24T09:19:18.441Z INFO  client] Sending sample transaction 391
[2022-07-24T09:19:18.491Z INFO  client] Sending sample transaction 392
[2022-07-24T09:19:18.541Z INFO  client] Sending sample transaction 393
[2022-07-24T09:19:18.591Z INFO  client] Sending sample transaction 394
[2022-07-24T09:19:18.641Z INFO  client] Sending sample transaction 395
[2022-07-24T09:19:18.691Z INFO  client] Sending sample transaction 396
[2022-07-24T09:19:18.741Z INFO  client] Sending sample transaction 397
[2022-07-24T09:19:18.792Z INFO  client] Sending sample transaction 398
[2022-07-24T09:19:18.846Z INFO  client] Sending sample transaction 399
[2022-07-24T09:19:18.892Z INFO  client] Sending sample transaction 400
[2022-07-24T09:19:18.941Z INFO  client] Sending sample transaction 401
[2022-07-24T09:19:18.991Z INFO  client] Sending sample transaction 402
[2022-07-24T09:19:19.041Z INFO  client] Sending sample transaction 403
[2022-07-24T09:19:19.091Z INFO  client] Sending sample transaction 404
[2022-07-24T09:19:19.141Z INFO  client] Sending sample transaction 405
[2022-07-24T09:19:19.191Z INFO  client] Sending sample transaction 406
[2022-07-24T09:19:19.241Z INFO  client] Sending sample transaction 407
[2022-07-24T09:19:19.292Z INFO  client] Sending sample transaction 408
[2022-07-24T09:19:19.341Z INFO  client] Sending sample transaction 409
[2022-07-24T09:19:19.392Z INFO  client] Sending sample transaction 410
[2022-07-24T09:19:19.441Z INFO  client] Sending sample transaction 411
[2022-07-24T09:19:19.491Z INFO  client] Sending sample transaction 412
[2022-07-24T09:19:19.543Z INFO  client] Sending sample transaction 413
[2022-07-24T09:19:19.591Z INFO  client] Sending sample transaction 414
[2022-07-24T09:19:19.642Z INFO  client] Sending sample transaction 415
[2022-07-24T09:19:19.692Z INFO  client] Sending sample transaction 416
[2022-07-24T09:19:19.741Z INFO  client] Sending sample transaction 417
[2022-07-24T09:19:19.791Z INFO  client] Sending sample transaction 418
[2022-07-24T09:19:19.841Z INFO  client] Sending sample transaction 419
[2022-07-24T09:19:19.905Z INFO  client] Sending sample transaction 420
[2022-07-24T09:19:19.945Z INFO  client] Sending sample transaction 421
[2022-07-24T09:19:19.991Z INFO  client] Sending sample transaction 422
[2022-07-24T09:19:20.043Z INFO  client] Sending sample transaction 423
[2022-07-24T09:19:20.093Z INFO  client] Sending sample transaction 424
[2022-07-24T09:19:20.142Z INFO  client] Sending sample transaction 425
[2022-07-24T09:19:20.198Z INFO  client] Sending sample transaction 426
[2022-07-24T09:19:20.241Z INFO  client] Sending sample transaction 427
[2022-07-24T09:19:20.295Z INFO  client] Sending sample transaction 428
[2022-07-24T09:19:20.344Z INFO  client] Sending sample transaction 429
[2022-07-24T09:19:20.407Z INFO  client] Sending sample transaction 430
[2022-07-24T09:19:20.442Z INFO  client] Sending sample transaction 431
