[2022-07-23T17:41:18.855Z INFO  client] Node address: 127.0.0.1:9017
[2022-07-23T17:41:18.855Z INFO  client] Transactions size: 512 B
[2022-07-23T17:41:18.855Z INFO  client] Transactions rate: 112 tx/s
[2022-07-23T17:41:18.855Z INFO  client] Waiting for all nodes to be online...
[2022-07-23T17:41:18.855Z INFO  client] Waiting for all nodes to be synchronized...
[2022-07-23T17:41:20.860Z INFO  client] Start sending transactions
[2022-07-23T17:41:20.861Z INFO  client] Sending sample transaction 0
[2022-07-23T17:41:20.912Z INFO  client] Sending sample transaction 1
[2022-07-23T17:41:20.961Z INFO  client] Sending sample transaction 2
[2022-07-23T17:41:21.012Z INFO  client] Sending sample transaction 3
[2022-07-23T17:41:21.063Z INFO  client] Sending sample transaction 4
[2022-07-23T17:41:21.111Z INFO  client] Sending sample transaction 5
[2022-07-23T17:41:21.162Z INFO  client] Sending sample transaction 6
[2022-07-23T17:41:21.212Z INFO  client] Sending sample transaction 7
[2022-07-23T17:41:21.262Z INFO  client] Sending sample transaction 8
[2022-07-23T17:41:21.313Z INFO  client] Sending sample transaction 9
[2022-07-23T17:41:21.362Z INFO  client] Sending sample transaction 10
[2022-07-23T17:41:21.411Z INFO  client] Sending sample transaction 11
[2022-07-23T17:41:21.462Z INFO  client] Sending sample transaction 12
[2022-07-23T17:41:21.522Z INFO  client] Sending sample transaction 13
[2022-07-23T17:41:21.562Z INFO  client] Sending sample transaction 14
[2022-07-23T17:41:21.671Z INFO  client] Sending sample transaction 15
[2022-07-23T17:41:21.713Z INFO  client] Sending sample transaction 16
[2022-07-23T17:41:21.715Z INFO  client] Sending sample transaction 17
[2022-07-23T17:41:21.783Z INFO  client] Sending sample transaction 18
[2022-07-23T17:41:21.824Z INFO  client] Sending sample transaction 19
[2022-07-23T17:41:21.867Z INFO  client] Sending sample transaction 20
[2022-07-23T17:41:21.923Z INFO  client] Sending sample transaction 21
[2022-07-23T17:41:21.975Z INFO  client] Sending sample transaction 22
[2022-07-23T17:41:22.017Z INFO  client] Sending sample transaction 23
[2022-07-23T17:41:22.064Z INFO  client] Sending sample transaction 24
[2022-07-23T17:41:22.111Z INFO  client] Sending sample transaction 25
[2022-07-23T17:41:22.162Z INFO  client] Sending sample transaction 26
[2022-07-23T17:41:22.213Z INFO  client] Sending sample transaction 27
[2022-07-23T17:41:22.264Z INFO  client] Sending sample transaction 28
[2022-07-23T17:41:22.311Z INFO  client] Sending sample transaction 29
[2022-07-23T17:41:22.361Z INFO  client] Sending sample transaction 30
[2022-07-23T17:41:22.412Z INFO  client] Sending sample transaction 31
[2022-07-23T17:41:22.462Z INFO  client] Sending sample transaction 32
[2022-07-23T17:41:22.512Z INFO  client] Sending sample transaction 33
[2022-07-23T17:41:22.563Z INFO  client] Sending sample transaction 34
[2022-07-23T17:41:22.611Z INFO  client] Sending sample transaction 35
[2022-07-23T17:41:22.680Z INFO  client] Sending sample transaction 36
[2022-07-23T17:41:22.720Z INFO  client] Sending sample transaction 37
[2022-07-23T17:41:22.768Z INFO  client] Sending sample transaction 38
[2022-07-23T17:41:22.812Z INFO  client] Sending sample transaction 39
[2022-07-23T17:41:22.861Z INFO  client] Sending sample transaction 40
[2022-07-23T17:41:22.971Z INFO  client] Sending sample transaction 41
[2022-07-23T17:41:22.978Z INFO  client] Sending sample transaction 42
[2022-07-23T17:41:23.061Z INFO  client] Sending sample transaction 43
[2022-07-23T17:41:23.074Z INFO  client] Sending sample transaction 44
[2022-07-23T17:41:23.112Z INFO  client] Sending sample transaction 45
[2022-07-23T17:41:23.165Z INFO  client] Sending sample transaction 46
[2022-07-23T17:41:23.212Z INFO  client] Sending sample transaction 47
[2022-07-23T17:41:23.262Z INFO  client] Sending sample transaction 48
[2022-07-23T17:41:23.312Z INFO  client] Sending sample transaction 49
[2022-07-23T17:41:23.361Z INFO  client] Sending sample transaction 50
[2022-07-23T17:41:23.411Z INFO  client] Sending sample transaction 51
[2022-07-23T17:41:23.462Z INFO  client] Sending sample transaction 52
[2022-07-23T17:41:23.511Z INFO  client] Sending sample transaction 53
[2022-07-23T17:41:23.562Z INFO  client] Sending sample transaction 54
[2022-07-23T17:41:23.611Z INFO  client] Sending sample transaction 55
[2022-07-23T17:41:23.661Z INFO  client] Sending sample transaction 56
[2022-07-23T17:41:23.712Z INFO  client] Sending sample transaction 57
[2022-07-23T17:41:23.761Z INFO  client] Sending sample transaction 58
[2022-07-23T17:41:23.815Z INFO  client] Sending sample transaction 59
[2022-07-23T17:41:23.861Z INFO  client] Sending sample transaction 60
[2022-07-23T17:41:23.911Z INFO  client] Sending sample transaction 61
[2022-07-23T17:41:23.969Z INFO  client] Sending sample transaction 62
[2022-07-23T17:41:24.019Z INFO  client] Sending sample transaction 63
[2022-07-23T17:41:24.090Z INFO  client] Sending sample transaction 64
[2022-07-23T17:41:24.111Z INFO  client] Sending sample transaction 65
[2022-07-23T17:41:24.162Z INFO  client] Sending sample transaction 66
[2022-07-23T17:41:24.213Z INFO  client] Sending sample transaction 67
[2022-07-23T17:41:24.261Z INFO  client] Sending sample transaction 68
[2022-07-23T17:41:24.312Z INFO  client] Sending sample transaction 69
[2022-07-23T17:41:24.361Z INFO  client] Sending sample transaction 70
[2022-07-23T17:41:24.411Z INFO  client] Sending sample transaction 71
[2022-07-23T17:41:24.461Z INFO  client] Sending sample transaction 72
[2022-07-23T17:41:24.511Z INFO  client] Sending sample transaction 73
[2022-07-23T17:41:24.561Z INFO  client] Sending sample transaction 74
[2022-07-23T17:41:24.611Z INFO  client] Sending sample transaction 75
[2022-07-23T17:41:24.662Z INFO  client] Sending sample transaction 76
[2022-07-23T17:41:24.711Z INFO  client] Sending sample transaction 77
[2022-07-23T17:41:24.761Z INFO  client] Sending sample transaction 78
[2022-07-23T17:41:24.811Z INFO  client] Sending sample transaction 79
[2022-07-23T17:41:24.863Z INFO  client] Sending sample transaction 80
[2022-07-23T17:41:24.912Z INFO  client] Sending sample transaction 81
[2022-07-23T17:41:24.977Z INFO  client] Sending sample transaction 82
[2022-07-23T17:41:25.037Z INFO  client] Sending sample transaction 83
[2022-07-23T17:41:25.080Z INFO  client] Sending sample transaction 84
[2022-07-23T17:41:25.122Z INFO  client] Sending sample transaction 85
[2022-07-23T17:41:25.162Z INFO  client] Sending sample transaction 86
[2022-07-23T17:41:25.216Z INFO  client] Sending sample transaction 87
[2022-07-23T17:41:25.261Z INFO  client] Sending sample transaction 88
[2022-07-23T17:41:25.311Z INFO  client] Sending sample transaction 89
[2022-07-23T17:41:25.361Z INFO  client] Sending sample transaction 90
[2022-07-23T17:41:25.411Z INFO  client] Sending sample transaction 91
[2022-07-23T17:41:25.461Z INFO  client] Sending sample transaction 92
[2022-07-23T17:41:25.512Z INFO  client] Sending sample transaction 93
[2022-07-23T17:41:25.561Z INFO  client] Sending sample transaction 94
[2022-07-23T17:41:25.611Z INFO  client] Sending sample transaction 95
[2022-07-23T17:41:25.662Z INFO  client] Sending sample transaction 96
[2022-07-23T17:41:25.711Z INFO  client] Sending sample transaction 97
[2022-07-23T17:41:25.762Z INFO  client] Sending sample transaction 98
[2022-07-23T17:41:25.813Z INFO  client] Sending sample transaction 99
[2022-07-23T17:41:25.862Z INFO  client] Sending sample transaction 100
[2022-07-23T17:41:25.911Z INFO  client] Sending sample transaction 101
[2022-07-23T17:41:25.961Z INFO  client] Sending sample transaction 102
[2022-07-23T17:41:26.011Z INFO  client] Sending sample transaction 103
[2022-07-23T17:41:26.061Z INFO  client] Sending sample transaction 104
[2022-07-23T17:41:26.112Z INFO  client] Sending sample transaction 105
[2022-07-23T17:41:26.161Z INFO  client] Sending sample transaction 106
[2022-07-23T17:41:26.211Z INFO  client] Sending sample transaction 107
[2022-07-23T17:41:26.262Z INFO  client] Sending sample transaction 108
[2022-07-23T17:41:26.312Z INFO  client] Sending sample transaction 109
[2022-07-23T17:41:26.363Z INFO  client] Sending sample transaction 110
[2022-07-23T17:41:26.411Z INFO  client] Sending sample transaction 111
[2022-07-23T17:41:26.463Z INFO  client] Sending sample transaction 112
[2022-07-23T17:41:26.511Z INFO  client] Sending sample transaction 113
[2022-07-23T17:41:26.587Z INFO  client] Sending sample transaction 114
[2022-07-23T17:41:26.611Z INFO  client] Sending sample transaction 115
[2022-07-23T17:41:26.661Z INFO  client] Sending sample transaction 116
[2022-07-23T17:41:26.711Z INFO  client] Sending sample transaction 117
[2022-07-23T17:41:26.762Z INFO  client] Sending sample transaction 118
[2022-07-23T17:41:26.811Z INFO  client] Sending sample transaction 119
[2022-07-23T17:41:26.861Z INFO  client] Sending sample transaction 120
[2022-07-23T17:41:26.923Z INFO  client] Sending sample transaction 121
[2022-07-23T17:41:26.977Z INFO  client] Sending sample transaction 122
[2022-07-23T17:41:27.011Z INFO  client] Sending sample transaction 123
[2022-07-23T17:41:27.061Z INFO  client] Sending sample transaction 124
[2022-07-23T17:41:27.110Z INFO  client] Sending sample transaction 125
[2022-07-23T17:41:27.161Z INFO  client] Sending sample transaction 126
[2022-07-23T17:41:27.211Z INFO  client] Sending sample transaction 127
[2022-07-23T17:41:27.261Z INFO  client] Sending sample transaction 128
[2022-07-23T17:41:27.311Z INFO  client] Sending sample transaction 129
[2022-07-23T17:41:27.361Z INFO  client] Sending sample transaction 130
[2022-07-23T17:41:27.411Z INFO  client] Sending sample transaction 131
[2022-07-23T17:41:27.479Z INFO  client] Sending sample transaction 132
[2022-07-23T17:41:27.529Z INFO  client] Sending sample transaction 133
[2022-07-23T17:41:27.578Z INFO  client] Sending sample transaction 134
[2022-07-23T17:41:27.611Z INFO  client] Sending sample transaction 135
[2022-07-23T17:41:27.662Z INFO  client] Sending sample transaction 136
[2022-07-23T17:41:27.712Z INFO  client] Sending sample transaction 137
[2022-07-23T17:41:27.762Z INFO  client] Sending sample transaction 138
[2022-07-23T17:41:27.811Z INFO  client] Sending sample transaction 139
[2022-07-23T17:41:27.861Z INFO  client] Sending sample transaction 140
[2022-07-23T17:41:27.911Z INFO  client] Sending sample transaction 141
[2022-07-23T17:41:27.961Z INFO  client] Sending sample transaction 142
[2022-07-23T17:41:28.014Z INFO  client] Sending sample transaction 143
[2022-07-23T17:41:28.061Z INFO  client] Sending sample transaction 144
[2022-07-23T17:41:28.111Z INFO  client] Sending sample transaction 145
[2022-07-23T17:41:28.161Z INFO  client] Sending sample transaction 146
[2022-07-23T17:41:28.212Z INFO  client] Sending sample transaction 147
[2022-07-23T17:41:28.262Z INFO  client] Sending sample transaction 148
[2022-07-23T17:41:28.311Z INFO  client] Sending sample transaction 149
[2022-07-23T17:41:28.361Z INFO  client] Sending sample transaction 150
[2022-07-23T17:41:28.412Z INFO  client] Sending sample transaction 151
[2022-07-23T17:41:28.462Z INFO  client] Sending sample transaction 152
[2022-07-23T17:41:28.512Z INFO  client] Sending sample transaction 153
[2022-07-23T17:41:28.562Z INFO  client] Sending sample transaction 154
[2022-07-23T17:41:28.611Z INFO  client] Sending sample transaction 155
[2022-07-23T17:41:28.661Z INFO  client] Sending sample transaction 156
[2022-07-23T17:41:28.710Z INFO  client] Sending sample transaction 157
[2022-07-23T17:41:28.761Z INFO  client] Sending sample transaction 158
[2022-07-23T17:41:28.811Z INFO  client] Sending sample transaction 159
[2022-07-23T17:41:28.861Z INFO  client] Sending sample transaction 160
[2022-07-23T17:41:28.911Z INFO  client] Sending sample transaction 161
[2022-07-23T17:41:28.961Z INFO  client] Sending sample transaction 162
[2022-07-23T17:41:29.012Z INFO  client] Sending sample transaction 163
[2022-07-23T17:41:29.067Z INFO  client] Sending sample transaction 164
[2022-07-23T17:41:29.111Z INFO  client] Sending sample transaction 165
[2022-07-23T17:41:29.162Z INFO  client] Sending sample transaction 166
[2022-07-23T17:41:29.211Z INFO  client] Sending sample transaction 167
[2022-07-23T17:41:29.262Z INFO  client] Sending sample transaction 168
[2022-07-23T17:41:29.311Z INFO  client] Sending sample transaction 169
[2022-07-23T17:41:29.381Z INFO  client] Sending sample transaction 170
[2022-07-23T17:41:29.457Z INFO  client] Sending sample transaction 171
[2022-07-23T17:41:29.480Z INFO  client] Sending sample transaction 172
[2022-07-23T17:41:29.511Z INFO  client] Sending sample transaction 173
[2022-07-23T17:41:29.562Z INFO  client] Sending sample transaction 174
[2022-07-23T17:41:29.611Z INFO  client] Sending sample transaction 175
[2022-07-23T17:41:29.662Z INFO  client] Sending sample transaction 176
[2022-07-23T17:41:29.712Z INFO  client] Sending sample transaction 177
[2022-07-23T17:41:29.761Z INFO  client] Sending sample transaction 178
[2022-07-23T17:41:29.811Z INFO  client] Sending sample transaction 179
[2022-07-23T17:41:29.861Z INFO  client] Sending sample transaction 180
[2022-07-23T17:41:29.912Z INFO  client] Sending sample transaction 181
[2022-07-23T17:41:29.961Z INFO  client] Sending sample transaction 182
[2022-07-23T17:41:30.011Z INFO  client] Sending sample transaction 183
[2022-07-23T17:41:30.061Z INFO  client] Sending sample transaction 184
[2022-07-23T17:41:30.111Z INFO  client] Sending sample transaction 185
[2022-07-23T17:41:30.161Z INFO  client] Sending sample transaction 186
[2022-07-23T17:41:30.219Z INFO  client] Sending sample transaction 187
[2022-07-23T17:41:30.271Z INFO  client] Sending sample transaction 188
[2022-07-23T17:41:30.319Z INFO  client] Sending sample transaction 189
[2022-07-23T17:41:30.365Z INFO  client] Sending sample transaction 190
[2022-07-23T17:41:30.411Z INFO  client] Sending sample transaction 191
[2022-07-23T17:41:30.461Z INFO  client] Sending sample transaction 192
[2022-07-23T17:41:30.512Z INFO  client] Sending sample transaction 193
[2022-07-23T17:41:30.563Z INFO  client] Sending sample transaction 194
[2022-07-23T17:41:30.611Z INFO  client] Sending sample transaction 195
[2022-07-23T17:41:30.661Z INFO  client] Sending sample transaction 196
[2022-07-23T17:41:30.712Z INFO  client] Sending sample transaction 197
[2022-07-23T17:41:30.761Z INFO  client] Sending sample transaction 198
[2022-07-23T17:41:30.812Z INFO  client] Sending sample transaction 199
[2022-07-23T17:41:30.860Z INFO  client] Sending sample transaction 200
[2022-07-23T17:41:30.912Z INFO  client] Sending sample transaction 201
[2022-07-23T17:41:30.962Z INFO  client] Sending sample transaction 202
[2022-07-23T17:41:31.012Z INFO  client] Sending sample transaction 203
[2022-07-23T17:41:31.062Z INFO  client] Sending sample transaction 204
[2022-07-23T17:41:31.114Z INFO  client] Sending sample transaction 205
[2022-07-23T17:41:31.163Z INFO  client] Sending sample transaction 206
[2022-07-23T17:41:31.211Z INFO  client] Sending sample transaction 207
[2022-07-23T17:41:31.261Z INFO  client] Sending sample transaction 208
[2022-07-23T17:41:31.311Z INFO  client] Sending sample transaction 209
[2022-07-23T17:41:31.362Z INFO  client] Sending sample transaction 210
[2022-07-23T17:41:31.411Z INFO  client] Sending sample transaction 211
[2022-07-23T17:41:31.462Z INFO  client] Sending sample transaction 212
[2022-07-23T17:41:31.511Z INFO  client] Sending sample transaction 213
[2022-07-23T17:41:31.561Z INFO  client] Sending sample transaction 214
[2022-07-23T17:41:31.628Z INFO  client] Sending sample transaction 215
[2022-07-23T17:41:31.668Z INFO  client] Sending sample transaction 216
[2022-07-23T17:41:31.740Z INFO  client] Sending sample transaction 217
[2022-07-23T17:41:31.761Z INFO  client] Sending sample transaction 218
[2022-07-23T17:41:31.812Z INFO  client] Sending sample transaction 219
[2022-07-23T17:41:31.862Z INFO  client] Sending sample transaction 220
[2022-07-23T17:41:31.912Z INFO  client] Sending sample transaction 221
[2022-07-23T17:41:31.962Z INFO  client] Sending sample transaction 222
[2022-07-23T17:41:32.012Z INFO  client] Sending sample transaction 223
[2022-07-23T17:41:32.061Z INFO  client] Sending sample transaction 224
[2022-07-23T17:41:32.111Z INFO  client] Sending sample transaction 225
[2022-07-23T17:41:32.161Z INFO  client] Sending sample transaction 226
[2022-07-23T17:41:32.211Z INFO  client] Sending sample transaction 227
[2022-07-23T17:41:32.261Z INFO  client] Sending sample transaction 228
[2022-07-23T17:41:32.311Z INFO  client] Sending sample transaction 229
[2022-07-23T17:41:32.361Z INFO  client] Sending sample transaction 230
[2022-07-23T17:41:32.411Z INFO  client] Sending sample transaction 231
[2022-07-23T17:41:32.461Z INFO  client] Sending sample transaction 232
[2022-07-23T17:41:32.512Z INFO  client] Sending sample transaction 233
[2022-07-23T17:41:32.562Z INFO  client] Sending sample transaction 234
[2022-07-23T17:41:32.611Z INFO  client] Sending sample transaction 235
[2022-07-23T17:41:32.661Z INFO  client] Sending sample transaction 236
[2022-07-23T17:41:32.731Z INFO  client] Sending sample transaction 237
[2022-07-23T17:41:32.766Z INFO  client] Sending sample transaction 238
[2022-07-23T17:41:32.824Z INFO  client] Sending sample transaction 239
[2022-07-23T17:41:32.862Z INFO  client] Sending sample transaction 240
[2022-07-23T17:41:32.911Z INFO  client] Sending sample transaction 241
[2022-07-23T17:41:32.961Z INFO  client] Sending sample transaction 242
[2022-07-23T17:41:33.011Z INFO  client] Sending sample transaction 243
[2022-07-23T17:41:33.062Z INFO  client] Sending sample transaction 244
[2022-07-23T17:41:33.111Z INFO  client] Sending sample transaction 245
[2022-07-23T17:41:33.161Z INFO  client] Sending sample transaction 246
[2022-07-23T17:41:33.215Z INFO  client] Sending sample transaction 247
[2022-07-23T17:41:33.263Z INFO  client] Sending sample transaction 248
[2022-07-23T17:41:33.312Z INFO  client] Sending sample transaction 249
[2022-07-23T17:41:33.361Z INFO  client] Sending sample transaction 250
[2022-07-23T17:41:33.411Z INFO  client] Sending sample transaction 251
[2022-07-23T17:41:33.461Z INFO  client] Sending sample transaction 252
[2022-07-23T17:41:33.512Z INFO  client] Sending sample transaction 253
[2022-07-23T17:41:33.561Z INFO  client] Sending sample transaction 254
[2022-07-23T17:41:33.611Z INFO  client] Sending sample transaction 255
[2022-07-23T17:41:33.661Z INFO  client] Sending sample transaction 256
[2022-07-23T17:41:33.712Z INFO  client] Sending sample transaction 257
[2022-07-23T17:41:33.762Z INFO  client] Sending sample transaction 258
[2022-07-23T17:41:33.812Z INFO  client] Sending sample transaction 259
[2022-07-23T17:41:33.861Z INFO  client] Sending sample transaction 260
[2022-07-23T17:41:33.912Z INFO  client] Sending sample transaction 261
[2022-07-23T17:41:33.962Z INFO  client] Sending sample transaction 262
[2022-07-23T17:41:34.011Z INFO  client] Sending sample transaction 263
[2022-07-23T17:41:34.062Z INFO  client] Sending sample transaction 264
[2022-07-23T17:41:34.111Z INFO  client] Sending sample transaction 265
[2022-07-23T17:41:34.161Z INFO  client] Sending sample transaction 266
[2022-07-23T17:41:34.212Z INFO  client] Sending sample transaction 267
[2022-07-23T17:41:34.261Z INFO  client] Sending sample transaction 268
[2022-07-23T17:41:34.312Z INFO  client] Sending sample transaction 269
[2022-07-23T17:41:34.361Z INFO  client] Sending sample transaction 270
[2022-07-23T17:41:34.420Z INFO  client] Sending sample transaction 271
[2022-07-23T17:41:34.497Z INFO  client] Sending sample transaction 272
[2022-07-23T17:41:34.521Z INFO  client] Sending sample transaction 273
[2022-07-23T17:41:34.562Z INFO  client] Sending sample transaction 274
[2022-07-23T17:41:34.612Z INFO  client] Sending sample transaction 275
[2022-07-23T17:41:34.661Z INFO  client] Sending sample transaction 276
[2022-07-23T17:41:34.711Z INFO  client] Sending sample transaction 277
[2022-07-23T17:41:34.763Z INFO  client] Sending sample transaction 278
[2022-07-23T17:41:34.812Z INFO  client] Sending sample transaction 279
[2022-07-23T17:41:34.861Z INFO  client] Sending sample transaction 280
[2022-07-23T17:41:34.911Z INFO  client] Sending sample transaction 281
[2022-07-23T17:41:34.961Z INFO  client] Sending sample transaction 282
[2022-07-23T17:41:35.012Z INFO  client] Sending sample transaction 283
[2022-07-23T17:41:35.061Z INFO  client] Sending sample transaction 284
[2022-07-23T17:41:35.112Z INFO  client] Sending sample transaction 285
[2022-07-23T17:41:35.161Z INFO  client] Sending sample transaction 286
[2022-07-23T17:41:35.211Z INFO  client] Sending sample transaction 287
[2022-07-23T17:41:35.262Z INFO  client] Sending sample transaction 288
[2022-07-23T17:41:35.312Z INFO  client] Sending sample transaction 289
[2022-07-23T17:41:35.362Z INFO  client] Sending sample transaction 290
[2022-07-23T17:41:35.412Z INFO  client] Sending sample transaction 291
[2022-07-23T17:41:35.462Z INFO  client] Sending sample transaction 292
[2022-07-23T17:41:35.512Z INFO  client] Sending sample transaction 293
[2022-07-23T17:41:35.562Z INFO  client] Sending sample transaction 294
[2022-07-23T17:41:35.611Z INFO  client] Sending sample transaction 295
[2022-07-23T17:41:35.662Z INFO  client] Sending sample transaction 296
[2022-07-23T17:41:35.712Z INFO  client] Sending sample transaction 297
[2022-07-23T17:41:35.761Z INFO  client] Sending sample transaction 298
[2022-07-23T17:41:35.811Z INFO  client] Sending sample transaction 299
[2022-07-23T17:41:35.862Z INFO  client] Sending sample transaction 300
[2022-07-23T17:41:35.911Z INFO  client] Sending sample transaction 301
[2022-07-23T17:41:35.961Z INFO  client] Sending sample transaction 302
[2022-07-23T17:41:36.012Z INFO  client] Sending sample transaction 303
[2022-07-23T17:41:36.061Z INFO  client] Sending sample transaction 304
[2022-07-23T17:41:36.112Z INFO  client] Sending sample transaction 305
[2022-07-23T17:41:36.161Z INFO  client] Sending sample transaction 306
[2022-07-23T17:41:36.211Z INFO  client] Sending sample transaction 307
[2022-07-23T17:41:36.261Z INFO  client] Sending sample transaction 308
[2022-07-23T17:41:36.311Z INFO  client] Sending sample transaction 309
[2022-07-23T17:41:36.367Z INFO  client] Sending sample transaction 310
[2022-07-23T17:41:36.412Z INFO  client] Sending sample transaction 311
[2022-07-23T17:41:36.471Z INFO  client] Sending sample transaction 312
[2022-07-23T17:41:36.538Z INFO  client] Sending sample transaction 313
[2022-07-23T17:41:36.561Z INFO  client] Sending sample transaction 314
[2022-07-23T17:41:36.611Z INFO  client] Sending sample transaction 315
[2022-07-23T17:41:36.662Z INFO  client] Sending sample transaction 316
[2022-07-23T17:41:36.712Z INFO  client] Sending sample transaction 317
[2022-07-23T17:41:36.761Z INFO  client] Sending sample transaction 318
[2022-07-23T17:41:36.811Z INFO  client] Sending sample transaction 319
[2022-07-23T17:41:36.862Z INFO  client] Sending sample transaction 320
[2022-07-23T17:41:36.912Z INFO  client] Sending sample transaction 321
[2022-07-23T17:41:36.962Z INFO  client] Sending sample transaction 322
[2022-07-23T17:41:37.011Z INFO  client] Sending sample transaction 323
[2022-07-23T17:41:37.061Z INFO  client] Sending sample transaction 324
[2022-07-23T17:41:37.111Z INFO  client] Sending sample transaction 325
[2022-07-23T17:41:37.161Z INFO  client] Sending sample transaction 326
[2022-07-23T17:41:37.212Z INFO  client] Sending sample transaction 327
[2022-07-23T17:41:37.261Z INFO  client] Sending sample transaction 328
[2022-07-23T17:41:37.312Z INFO  client] Sending sample transaction 329
[2022-07-23T17:41:37.362Z INFO  client] Sending sample transaction 330
[2022-07-23T17:41:37.430Z INFO  client] Sending sample transaction 331
[2022-07-23T17:41:37.462Z INFO  client] Sending sample transaction 332
[2022-07-23T17:41:37.512Z INFO  client] Sending sample transaction 333
[2022-07-23T17:41:37.562Z INFO  client] Sending sample transaction 334
[2022-07-23T17:41:37.611Z INFO  client] Sending sample transaction 335
[2022-07-23T17:41:37.661Z INFO  client] Sending sample transaction 336
[2022-07-23T17:41:37.711Z INFO  client] Sending sample transaction 337
[2022-07-23T17:41:37.761Z INFO  client] Sending sample transaction 338
[2022-07-23T17:41:37.811Z INFO  client] Sending sample transaction 339
[2022-07-23T17:41:37.860Z INFO  client] Sending sample transaction 340
[2022-07-23T17:41:37.912Z INFO  client] Sending sample transaction 341
[2022-07-23T17:41:37.962Z INFO  client] Sending sample transaction 342
[2022-07-23T17:41:38.011Z INFO  client] Sending sample transaction 343
[2022-07-23T17:41:38.061Z INFO  client] Sending sample transaction 344
[2022-07-23T17:41:38.111Z INFO  client] Sending sample transaction 345
[2022-07-23T17:41:38.162Z INFO  client] Sending sample transaction 346
[2022-07-23T17:41:38.211Z INFO  client] Sending sample transaction 347
[2022-07-23T17:41:38.261Z INFO  client] Sending sample transaction 348
[2022-07-23T17:41:38.312Z INFO  client] Sending sample transaction 349
[2022-07-23T17:41:38.361Z INFO  client] Sending sample transaction 350
[2022-07-23T17:41:38.412Z INFO  client] Sending sample transaction 351
[2022-07-23T17:41:38.462Z INFO  client] Sending sample transaction 352
[2022-07-23T17:41:38.512Z INFO  client] Sending sample transaction 353
[2022-07-23T17:41:38.570Z INFO  client] Sending sample transaction 354
[2022-07-23T17:41:38.637Z INFO  client] Sending sample transaction 355
[2022-07-23T17:41:38.692Z INFO  client] Sending sample transaction 356
[2022-07-23T17:41:38.711Z INFO  client] Sending sample transaction 357
[2022-07-23T17:41:38.761Z INFO  client] Sending sample transaction 358
[2022-07-23T17:41:38.812Z INFO  client] Sending sample transaction 359
[2022-07-23T17:41:38.861Z INFO  client] Sending sample transaction 360
[2022-07-23T17:41:38.911Z INFO  client] Sending sample transaction 361
[2022-07-23T17:41:38.961Z INFO  client] Sending sample transaction 362
[2022-07-23T17:41:39.012Z INFO  client] Sending sample transaction 363
[2022-07-23T17:41:39.062Z INFO  client] Sending sample transaction 364
[2022-07-23T17:41:39.112Z INFO  client] Sending sample transaction 365
[2022-07-23T17:41:39.161Z INFO  client] Sending sample transaction 366
[2022-07-23T17:41:39.210Z INFO  client] Sending sample transaction 367
[2022-07-23T17:41:39.261Z INFO  client] Sending sample transaction 368
[2022-07-23T17:41:39.311Z INFO  client] Sending sample transaction 369
[2022-07-23T17:41:39.361Z INFO  client] Sending sample transaction 370
[2022-07-23T17:41:39.411Z INFO  client] Sending sample transaction 371
[2022-07-23T17:41:39.461Z INFO  client] Sending sample transaction 372
[2022-07-23T17:41:39.533Z INFO  client] Sending sample transaction 373
[2022-07-23T17:41:39.600Z INFO  client] Sending sample transaction 374
[2022-07-23T17:41:39.639Z INFO  client] Sending sample transaction 375
[2022-07-23T17:41:39.703Z INFO  client] Sending sample transaction 376
[2022-07-23T17:41:39.714Z INFO  client] Sending sample transaction 377
[2022-07-23T17:41:39.761Z INFO  client] Sending sample transaction 378
[2022-07-23T17:41:39.812Z INFO  client] Sending sample transaction 379
[2022-07-23T17:41:39.861Z INFO  client] Sending sample transaction 380
[2022-07-23T17:41:39.912Z INFO  client] Sending sample transaction 381
[2022-07-23T17:41:39.961Z INFO  client] Sending sample transaction 382
[2022-07-23T17:41:40.012Z INFO  client] Sending sample transaction 383
[2022-07-23T17:41:40.062Z INFO  client] Sending sample transaction 384
[2022-07-23T17:41:40.111Z INFO  client] Sending sample transaction 385
[2022-07-23T17:41:40.161Z INFO  client] Sending sample transaction 386
[2022-07-23T17:41:40.211Z INFO  client] Sending sample transaction 387
[2022-07-23T17:41:40.261Z INFO  client] Sending sample transaction 388
[2022-07-23T17:41:40.311Z INFO  client] Sending sample transaction 389
[2022-07-23T17:41:40.361Z INFO  client] Sending sample transaction 390
[2022-07-23T17:41:40.411Z INFO  client] Sending sample transaction 391
[2022-07-23T17:41:40.461Z INFO  client] Sending sample transaction 392
[2022-07-23T17:41:40.512Z INFO  client] Sending sample transaction 393
[2022-07-23T17:41:40.562Z INFO  client] Sending sample transaction 394
[2022-07-23T17:41:40.611Z INFO  client] Sending sample transaction 395
[2022-07-23T17:41:40.681Z INFO  client] Sending sample transaction 396
[2022-07-23T17:41:40.748Z INFO  client] Sending sample transaction 397
[2022-07-23T17:41:40.775Z INFO  client] Sending sample transaction 398
[2022-07-23T17:41:40.812Z INFO  client] Sending sample transaction 399
[2022-07-23T17:41:40.861Z INFO  client] Sending sample transaction 400
[2022-07-23T17:41:40.912Z INFO  client] Sending sample transaction 401
[2022-07-23T17:41:40.962Z INFO  client] Sending sample transaction 402
[2022-07-23T17:41:41.012Z INFO  client] Sending sample transaction 403
[2022-07-23T17:41:41.061Z INFO  client] Sending sample transaction 404
[2022-07-23T17:41:41.111Z INFO  client] Sending sample transaction 405
[2022-07-23T17:41:41.161Z INFO  client] Sending sample transaction 406
[2022-07-23T17:41:41.211Z INFO  client] Sending sample transaction 407
[2022-07-23T17:41:41.262Z INFO  client] Sending sample transaction 408
[2022-07-23T17:41:41.312Z INFO  client] Sending sample transaction 409
[2022-07-23T17:41:41.361Z INFO  client] Sending sample transaction 410
[2022-07-23T17:41:41.412Z INFO  client] Sending sample transaction 411
[2022-07-23T17:41:41.462Z INFO  client] Sending sample transaction 412
[2022-07-23T17:41:41.511Z INFO  client] Sending sample transaction 413
[2022-07-23T17:41:41.561Z INFO  client] Sending sample transaction 414
[2022-07-23T17:41:41.612Z INFO  client] Sending sample transaction 415
[2022-07-23T17:41:41.662Z INFO  client] Sending sample transaction 416
[2022-07-23T17:41:41.712Z INFO  client] Sending sample transaction 417
[2022-07-23T17:41:41.763Z INFO  client] Sending sample transaction 418
[2022-07-23T17:41:41.816Z INFO  client] Sending sample transaction 419
[2022-07-23T17:41:41.866Z INFO  client] Sending sample transaction 420
[2022-07-23T17:41:41.917Z INFO  client] Sending sample transaction 421
[2022-07-23T17:41:41.971Z INFO  client] Sending sample transaction 422
[2022-07-23T17:41:42.026Z INFO  client] Sending sample transaction 423
[2022-07-23T17:41:42.066Z INFO  client] Sending sample transaction 424
[2022-07-23T17:41:42.136Z INFO  client] Sending sample transaction 425
[2022-07-23T17:41:42.163Z INFO  client] Sending sample transaction 426
[2022-07-23T17:41:42.217Z INFO  client] Sending sample transaction 427
[2022-07-23T17:41:42.267Z INFO  client] Sending sample transaction 428
[2022-07-23T17:41:42.312Z INFO  client] Sending sample transaction 429
[2022-07-23T17:41:42.361Z INFO  client] Sending sample transaction 430
[2022-07-23T17:41:42.413Z INFO  client] Sending sample transaction 431
[2022-07-23T17:41:42.462Z INFO  client] Sending sample transaction 432
[2022-07-23T17:41:42.540Z INFO  client] Sending sample transaction 433
[2022-07-23T17:41:42.562Z INFO  client] Sending sample transaction 434
[2022-07-23T17:41:42.611Z INFO  client] Sending sample transaction 435
[2022-07-23T17:41:42.665Z INFO  client] Sending sample transaction 436
[2022-07-23T17:41:42.714Z INFO  client] Sending sample transaction 437
[2022-07-23T17:41:42.769Z INFO  client] Sending sample transaction 438
