[2022-07-23T18:28:06.600Z INFO  client] Node address: 127.0.0.1:9012
[2022-07-23T18:28:06.600Z INFO  client] Transactions size: 512 B
[2022-07-23T18:28:06.600Z INFO  client] Transactions rate: 112 tx/s
[2022-07-23T18:28:06.600Z INFO  client] Waiting for all nodes to be online...
[2022-07-23T18:28:06.600Z INFO  client] Waiting for all nodes to be synchronized...
[2022-07-23T18:28:08.628Z INFO  client] Start sending transactions
[2022-07-23T18:28:08.629Z INFO  client] Sending sample transaction 0
[2022-07-23T18:28:08.824Z WARN  client] Transaction rate too high for this client
[2022-07-23T18:28:08.848Z INFO  client] Sending sample transaction 1
[2022-07-23T18:28:08.849Z INFO  client] Sending sample transaction 2
[2022-07-23T18:28:08.898Z INFO  client] Sending sample transaction 3
[2022-07-23T18:28:08.899Z INFO  client] Sending sample transaction 4
[2022-07-23T18:28:08.899Z INFO  client] Sending sample transaction 5
[2022-07-23T18:28:08.943Z INFO  client] Sending sample transaction 6
[2022-07-23T18:28:08.987Z INFO  client] Sending sample transaction 7
[2022-07-23T18:28:09.035Z INFO  client] Sending sample transaction 8
[2022-07-23T18:28:09.080Z INFO  client] Sending sample transaction 9
[2022-07-23T18:28:09.133Z INFO  client] Sending sample transaction 10
[2022-07-23T18:28:09.180Z INFO  client] Sending sample transaction 11
[2022-07-23T18:28:09.230Z INFO  client] Sending sample transaction 12
[2022-07-23T18:28:09.280Z INFO  client] Sending sample transaction 13
[2022-07-23T18:28:09.330Z INFO  client] Sending sample transaction 14
[2022-07-23T18:28:09.380Z INFO  client] Sending sample transaction 15
[2022-07-23T18:28:09.433Z INFO  client] Sending sample transaction 16
[2022-07-23T18:28:09.480Z INFO  client] Sending sample transaction 17
[2022-07-23T18:28:09.530Z INFO  client] Sending sample transaction 18
[2022-07-23T18:28:09.580Z INFO  client] Sending sample transaction 19
[2022-07-23T18:28:09.629Z INFO  client] Sending sample transaction 20
[2022-07-23T18:28:09.683Z INFO  client] Sending sample transaction 21
[2022-07-23T18:28:09.761Z INFO  client] Sending sample transaction 22
[2022-07-23T18:28:09.817Z INFO  client] Sending sample transaction 23
[2022-07-23T18:28:09.884Z INFO  client] Sending sample transaction 24
[2022-07-23T18:28:09.884Z INFO  client] Sending sample transaction 25
[2022-07-23T18:28:09.976Z INFO  client] Sending sample transaction 26
[2022-07-23T18:28:10.036Z INFO  client] Sending sample transaction 27
[2022-07-23T18:28:10.050Z INFO  client] Sending sample transaction 28
[2022-07-23T18:28:10.090Z INFO  client] Sending sample transaction 29
[2022-07-23T18:28:10.130Z INFO  client] Sending sample transaction 30
[2022-07-23T18:28:10.181Z INFO  client] Sending sample transaction 31
[2022-07-23T18:28:10.231Z INFO  client] Sending sample transaction 32
[2022-07-23T18:28:10.280Z INFO  client] Sending sample transaction 33
[2022-07-23T18:28:10.333Z INFO  client] Sending sample transaction 34
[2022-07-23T18:28:10.382Z INFO  client] Sending sample transaction 35
[2022-07-23T18:28:10.430Z INFO  client] Sending sample transaction 36
[2022-07-23T18:28:10.480Z INFO  client] Sending sample transaction 37
[2022-07-23T18:28:10.538Z INFO  client] Sending sample transaction 38
[2022-07-23T18:28:10.581Z INFO  client] Sending sample transaction 39
[2022-07-23T18:28:10.630Z INFO  client] Sending sample transaction 40
[2022-07-23T18:28:10.679Z INFO  client] Sending sample transaction 41
[2022-07-23T18:28:10.730Z INFO  client] Sending sample transaction 42
[2022-07-23T18:28:10.780Z INFO  client] Sending sample transaction 43
[2022-07-23T18:28:10.836Z INFO  client] Sending sample transaction 44
[2022-07-23T18:28:10.880Z INFO  client] Sending sample transaction 45
[2022-07-23T18:28:10.930Z INFO  client] Sending sample transaction 46
[2022-07-23T18:28:10.979Z INFO  client] Sending sample transaction 47
[2022-07-23T18:28:11.040Z INFO  client] Sending sample transaction 48
[2022-07-23T18:28:11.081Z INFO  client] Sending sample transaction 49
[2022-07-23T18:28:11.155Z INFO  client] Sending sample transaction 50
[2022-07-23T18:28:11.193Z INFO  client] Sending sample transaction 51
[2022-07-23T18:28:11.308Z INFO  client] Sending sample transaction 52
[2022-07-23T18:28:11.361Z INFO  client] Sending sample transaction 53
[2022-07-23T18:28:11.361Z INFO  client] Sending sample transaction 54
[2022-07-23T18:28:11.413Z INFO  client] Sending sample transaction 55
[2022-07-23T18:28:11.435Z INFO  client] Sending sample transaction 56
[2022-07-23T18:28:11.479Z INFO  client] Sending sample transaction 57
[2022-07-23T18:28:11.529Z INFO  client] Sending sample transaction 58
[2022-07-23T18:28:11.579Z INFO  client] Sending sample transaction 59
[2022-07-23T18:28:11.630Z INFO  client] Sending sample transaction 60
[2022-07-23T18:28:11.689Z INFO  client] Sending sample transaction 61
[2022-07-23T18:28:11.729Z INFO  client] Sending sample transaction 62
[2022-07-23T18:28:11.780Z INFO  client] Sending sample transaction 63
[2022-07-23T18:28:11.829Z INFO  client] Sending sample transaction 64
[2022-07-23T18:28:11.880Z INFO  client] Sending sample transaction 65
[2022-07-23T18:28:11.929Z INFO  client] Sending sample transaction 66
[2022-07-23T18:28:12.000Z INFO  client] Sending sample transaction 67
[2022-07-23T18:28:12.031Z INFO  client] Sending sample transaction 68
[2022-07-23T18:28:12.080Z INFO  client] Sending sample transaction 69
[2022-07-23T18:28:12.129Z INFO  client] Sending sample transaction 70
[2022-07-23T18:28:12.179Z INFO  client] Sending sample transaction 71
[2022-07-23T18:28:12.230Z INFO  client] Sending sample transaction 72
[2022-07-23T18:28:12.280Z INFO  client] Sending sample transaction 73
[2022-07-23T18:28:12.329Z INFO  client] Sending sample transaction 74
[2022-07-23T18:28:12.380Z INFO  client] Sending sample transaction 75
[2022-07-23T18:28:12.429Z INFO  client] Sending sample transaction 76
[2022-07-23T18:28:12.520Z INFO  client] Sending sample transaction 77
[2022-07-23T18:28:12.539Z INFO  client] Sending sample transaction 78
[2022-07-23T18:28:12.602Z INFO  client] Sending sample transaction 79
[2022-07-23T18:28:12.652Z INFO  client] Sending sample transaction 80
[2022-07-23T18:28:12.697Z INFO  client] Sending sample transaction 81
[2022-07-23T18:28:12.730Z INFO  client] Sending sample transaction 82
[2022-07-23T18:28:12.780Z INFO  client] Sending sample transaction 83
[2022-07-23T18:28:12.830Z INFO  client] Sending sample transaction 84
[2022-07-23T18:28:12.880Z INFO  client] Sending sample transaction 85
[2022-07-23T18:28:12.929Z INFO  client] Sending sample transaction 86
[2022-07-23T18:28:12.979Z INFO  client] Sending sample transaction 87
[2022-07-23T18:28:13.030Z INFO  client] Sending sample transaction 88
[2022-07-23T18:28:13.080Z INFO  client] Sending sample transaction 89
[2022-07-23T18:28:13.128Z INFO  client] Sending sample transaction 90
[2022-07-23T18:28:13.179Z INFO  client] Sending sample transaction 91
[2022-07-23T18:28:13.229Z INFO  client] Sending sample transaction 92
[2022-07-23T18:28:13.280Z INFO  client] Sending sample transaction 93
[2022-07-23T18:28:13.330Z INFO  client] Sending sample transaction 94
[2022-07-23T18:28:13.382Z INFO  client] Sending sample transaction 95
[2022-07-23T18:28:13.430Z INFO  client] Sending sample transaction 96
[2022-07-23T18:28:13.479Z INFO  client] Sending sample transaction 97
[2022-07-23T18:28:13.532Z INFO  client] Sending sample transaction 98
[2022-07-23T18:28:13.625Z INFO  client] Sending sample transaction 99
[2022-07-23T18:28:13.645Z INFO  client] Sending sample transaction 100
[2022-07-23T18:28:13.712Z INFO  client] Sending sample transaction 101
[2022-07-23T18:28:13.729Z INFO  client] Sending sample transaction 102
[2022-07-23T18:28:13.780Z INFO  client] Sending sample transaction 103
[2022-07-23T18:28:13.829Z INFO  client] Sending sample transaction 104
[2022-07-23T18:28:13.880Z INFO  client] Sending sample transaction 105
[2022-07-23T18:28:13.929Z INFO  client] Sending sample transaction 106
[2022-07-23T18:28:13.980Z INFO  client] Sending sample transaction 107
[2022-07-23T18:28:14.029Z INFO  client] Sending sample transaction 108
[2022-07-23T18:28:14.079Z INFO  client] Sending sample transaction 109
[2022-07-23T18:28:14.129Z INFO  client] Sending sample transaction 110
[2022-07-23T18:28:14.179Z INFO  client] Sending sample transaction 111
[2022-07-23T18:28:14.229Z INFO  client] Sending sample transaction 112
[2022-07-23T18:28:14.280Z INFO  client] Sending sample transaction 113
[2022-07-23T18:28:14.329Z INFO  client] Sending sample transaction 114
[2022-07-23T18:28:14.379Z INFO  client] Sending sample transaction 115
[2022-07-23T18:28:14.429Z INFO  client] Sending sample transaction 116
[2022-07-23T18:28:14.481Z INFO  client] Sending sample transaction 117
[2022-07-23T18:28:14.530Z INFO  client] Sending sample transaction 118
[2022-07-23T18:28:14.581Z INFO  client] Sending sample transaction 119
[2022-07-23T18:28:14.629Z INFO  client] Sending sample transaction 120
[2022-07-23T18:28:14.679Z INFO  client] Sending sample transaction 121
[2022-07-23T18:28:14.728Z INFO  client] Sending sample transaction 122
[2022-07-23T18:28:14.780Z INFO  client] Sending sample transaction 123
[2022-07-23T18:28:14.831Z INFO  client] Sending sample transaction 124
[2022-07-23T18:28:14.879Z INFO  client] Sending sample transaction 125
[2022-07-23T18:28:14.929Z INFO  client] Sending sample transaction 126
[2022-07-23T18:28:14.979Z INFO  client] Sending sample transaction 127
[2022-07-23T18:28:15.030Z INFO  client] Sending sample transaction 128
[2022-07-23T18:28:15.079Z INFO  client] Sending sample transaction 129
[2022-07-23T18:28:15.129Z INFO  client] Sending sample transaction 130
[2022-07-23T18:28:15.180Z INFO  client] Sending sample transaction 131
[2022-07-23T18:28:15.276Z INFO  client] Sending sample transaction 132
[2022-07-23T18:28:15.311Z INFO  client] Sending sample transaction 133
[2022-07-23T18:28:15.358Z INFO  client] Sending sample transaction 134
[2022-07-23T18:28:15.424Z INFO  client] Sending sample transaction 135
[2022-07-23T18:28:15.438Z INFO  client] Sending sample transaction 136
[2022-07-23T18:28:15.501Z INFO  client] Sending sample transaction 137
[2022-07-23T18:28:15.546Z INFO  client] Sending sample transaction 138
[2022-07-23T18:28:15.597Z INFO  client] Sending sample transaction 139
[2022-07-23T18:28:15.635Z INFO  client] Sending sample transaction 140
[2022-07-23T18:28:15.680Z INFO  client] Sending sample transaction 141
[2022-07-23T18:28:15.730Z INFO  client] Sending sample transaction 142
[2022-07-23T18:28:15.779Z INFO  client] Sending sample transaction 143
[2022-07-23T18:28:15.830Z INFO  client] Sending sample transaction 144
[2022-07-23T18:28:15.879Z INFO  client] Sending sample transaction 145
[2022-07-23T18:28:15.929Z INFO  client] Sending sample transaction 146
[2022-07-23T18:28:15.979Z INFO  client] Sending sample transaction 147
[2022-07-23T18:28:16.030Z INFO  client] Sending sample transaction 148
[2022-07-23T18:28:16.080Z INFO  client] Sending sample transaction 149
[2022-07-23T18:28:16.129Z INFO  client] Sending sample transaction 150
[2022-07-23T18:28:16.179Z INFO  client] Sending sample transaction 151
[2022-07-23T18:28:16.231Z INFO  client] Sending sample transaction 152
[2022-07-23T18:28:16.280Z INFO  client] Sending sample transaction 153
[2022-07-23T18:28:16.329Z INFO  client] Sending sample transaction 154
[2022-07-23T18:28:16.379Z INFO  client] Sending sample transaction 155
[2022-07-23T18:28:16.449Z INFO  client] Sending sample transaction 156
[2022-07-23T18:28:16.488Z INFO  client] Sending sample transaction 157
[2022-07-23T18:28:16.563Z INFO  client] Sending sample transaction 158
[2022-07-23T18:28:16.608Z INFO  client] Sending sample transaction 159
[2022-07-23T18:28:16.630Z INFO  client] Sending sample transaction 160
[2022-07-23T18:28:16.689Z INFO  client] Sending sample transaction 161
[2022-07-23T18:28:16.729Z INFO  client] Sending sample transaction 162
[2022-07-23T18:28:16.779Z INFO  client] Sending sample transaction 163
[2022-07-23T18:28:16.830Z INFO  client] Sending sample transaction 164
[2022-07-23T18:28:16.879Z INFO  client] Sending sample transaction 165
[2022-07-23T18:28:16.929Z INFO  client] Sending sample transaction 166
[2022-07-23T18:28:16.979Z INFO  client] Sending sample transaction 167
[2022-07-23T18:28:17.029Z INFO  client] Sending sample transaction 168
[2022-07-23T18:28:17.079Z INFO  client] Sending sample transaction 169
[2022-07-23T18:28:17.130Z INFO  client] Sending sample transaction 170
[2022-07-23T18:28:17.179Z INFO  client] Sending sample transaction 171
[2022-07-23T18:28:17.230Z INFO  client] Sending sample transaction 172
[2022-07-23T18:28:17.279Z INFO  client] Sending sample transaction 173
[2022-07-23T18:28:17.330Z INFO  client] Sending sample transaction 174
[2022-07-23T18:28:17.379Z INFO  client] Sending sample transaction 175
[2022-07-23T18:28:17.429Z INFO  client] Sending sample transaction 176
[2022-07-23T18:28:17.479Z INFO  client] Sending sample transaction 177
[2022-07-23T18:28:17.529Z INFO  client] Sending sample transaction 178
[2022-07-23T18:28:17.579Z INFO  client] Sending sample transaction 179
[2022-07-23T18:28:17.629Z INFO  client] Sending sample transaction 180
[2022-07-23T18:28:17.681Z INFO  client] Sending sample transaction 181
[2022-07-23T18:28:17.732Z INFO  client] Sending sample transaction 182
[2022-07-23T18:28:17.779Z INFO  client] Sending sample transaction 183
[2022-07-23T18:28:17.829Z INFO  client] Sending sample transaction 184
[2022-07-23T18:28:17.879Z INFO  client] Sending sample transaction 185
[2022-07-23T18:28:17.929Z INFO  client] Sending sample transaction 186
[2022-07-23T18:28:17.979Z INFO  client] Sending sample transaction 187
[2022-07-23T18:28:18.029Z INFO  client] Sending sample transaction 188
[2022-07-23T18:28:18.079Z INFO  client] Sending sample transaction 189
[2022-07-23T18:28:18.129Z INFO  client] Sending sample transaction 190
[2022-07-23T18:28:18.181Z INFO  client] Sending sample transaction 191
[2022-07-23T18:28:18.230Z INFO  client] Sending sample transaction 192
[2022-07-23T18:28:18.280Z INFO  client] Sending sample transaction 193
[2022-07-23T18:28:18.329Z INFO  client] Sending sample transaction 194
[2022-07-23T18:28:18.439Z INFO  client] Sending sample transaction 195
[2022-07-23T18:28:18.476Z INFO  client] Sending sample transaction 196
[2022-07-23T18:28:18.512Z INFO  client] Sending sample transaction 197
[2022-07-23T18:28:18.557Z INFO  client] Sending sample transaction 198
[2022-07-23T18:28:18.579Z INFO  client] Sending sample transaction 199
[2022-07-23T18:28:18.630Z INFO  client] Sending sample transaction 200
[2022-07-23T18:28:18.679Z INFO  client] Sending sample transaction 201
[2022-07-23T18:28:18.729Z INFO  client] Sending sample transaction 202
[2022-07-23T18:28:18.796Z INFO  client] Sending sample transaction 203
[2022-07-23T18:28:18.829Z INFO  client] Sending sample transaction 204
[2022-07-23T18:28:18.880Z INFO  client] Sending sample transaction 205
[2022-07-23T18:28:18.929Z INFO  client] Sending sample transaction 206
[2022-07-23T18:28:18.979Z INFO  client] Sending sample transaction 207
[2022-07-23T18:28:19.030Z INFO  client] Sending sample transaction 208
[2022-07-23T18:28:19.080Z INFO  client] Sending sample transaction 209
[2022-07-23T18:28:19.131Z INFO  client] Sending sample transaction 210
[2022-07-23T18:28:19.179Z INFO  client] Sending sample transaction 211
[2022-07-23T18:28:19.229Z INFO  client] Sending sample transaction 212
[2022-07-23T18:28:19.279Z INFO  client] Sending sample transaction 213
[2022-07-23T18:28:19.329Z INFO  client] Sending sample transaction 214
[2022-07-23T18:28:19.379Z INFO  client] Sending sample transaction 215
[2022-07-23T18:28:19.429Z INFO  client] Sending sample transaction 216
[2022-07-23T18:28:19.479Z INFO  client] Sending sample transaction 217
[2022-07-23T18:28:19.529Z INFO  client] Sending sample transaction 218
[2022-07-23T18:28:19.581Z INFO  client] Sending sample transaction 219
[2022-07-23T18:28:19.630Z INFO  client] Sending sample transaction 220
[2022-07-23T18:28:19.680Z INFO  client] Sending sample transaction 221
[2022-07-23T18:28:19.730Z INFO  client] Sending sample transaction 222
[2022-07-23T18:28:19.779Z INFO  client] Sending sample transaction 223
[2022-07-23T18:28:19.830Z INFO  client] Sending sample transaction 224
[2022-07-23T18:28:19.879Z INFO  client] Sending sample transaction 225
[2022-07-23T18:28:19.930Z INFO  client] Sending sample transaction 226
[2022-07-23T18:28:19.979Z INFO  client] Sending sample transaction 227
[2022-07-23T18:28:20.030Z INFO  client] Sending sample transaction 228
[2022-07-23T18:28:20.079Z INFO  client] Sending sample transaction 229
[2022-07-23T18:28:20.129Z INFO  client] Sending sample transaction 230
[2022-07-23T18:28:20.180Z INFO  client] Sending sample transaction 231
[2022-07-23T18:28:20.229Z INFO  client] Sending sample transaction 232
[2022-07-23T18:28:20.279Z INFO  client] Sending sample transaction 233
[2022-07-23T18:28:20.330Z INFO  client] Sending sample transaction 234
[2022-07-23T18:28:20.379Z INFO  client] Sending sample transaction 235
[2022-07-23T18:28:20.430Z INFO  client] Sending sample transaction 236
[2022-07-23T18:28:20.480Z INFO  client] Sending sample transaction 237
[2022-07-23T18:28:20.530Z INFO  client] Sending sample transaction 238
[2022-07-23T18:28:20.579Z INFO  client] Sending sample transaction 239
[2022-07-23T18:28:20.629Z INFO  client] Sending sample transaction 240
[2022-07-23T18:28:20.679Z INFO  client] Sending sample transaction 241
[2022-07-23T18:28:20.730Z INFO  client] Sending sample transaction 242
[2022-07-23T18:28:20.780Z INFO  client] Sending sample transaction 243
[2022-07-23T18:28:20.830Z INFO  client] Sending sample transaction 244
[2022-07-23T18:28:20.884Z INFO  client] Sending sample transaction 245
[2022-07-23T18:28:20.929Z INFO  client] Sending sample transaction 246
[2022-07-23T18:28:20.980Z INFO  client] Sending sample transaction 247
[2022-07-23T18:28:21.030Z INFO  client] Sending sample transaction 248
[2022-07-23T18:28:21.079Z INFO  client] Sending sample transaction 249
[2022-07-23T18:28:21.131Z INFO  client] Sending sample transaction 250
[2022-07-23T18:28:21.203Z INFO  client] Sending sample transaction 251
[2022-07-23T18:28:21.251Z INFO  client] Sending sample transaction 252
[2022-07-23T18:28:21.346Z INFO  client] Sending sample transaction 253
[2022-07-23T18:28:21.347Z INFO  client] Sending sample transaction 254
[2022-07-23T18:28:21.380Z INFO  client] Sending sample transaction 255
[2022-07-23T18:28:21.429Z INFO  client] Sending sample transaction 256
[2022-07-23T18:28:21.480Z INFO  client] Sending sample transaction 257
[2022-07-23T18:28:21.530Z INFO  client] Sending sample transaction 258
[2022-07-23T18:28:21.579Z INFO  client] Sending sample transaction 259
[2022-07-23T18:28:21.630Z INFO  client] Sending sample transaction 260
[2022-07-23T18:28:21.680Z INFO  client] Sending sample transaction 261
[2022-07-23T18:28:21.729Z INFO  client] Sending sample transaction 262
[2022-07-23T18:28:21.779Z INFO  client] Sending sample transaction 263
[2022-07-23T18:28:21.829Z INFO  client] Sending sample transaction 264
[2022-07-23T18:28:21.882Z INFO  client] Sending sample transaction 265
[2022-07-23T18:28:21.952Z INFO  client] Sending sample transaction 266
[2022-07-23T18:28:21.989Z INFO  client] Sending sample transaction 267
[2022-07-23T18:28:22.029Z INFO  client] Sending sample transaction 268
[2022-07-23T18:28:22.079Z INFO  client] Sending sample transaction 269
[2022-07-23T18:28:22.129Z INFO  client] Sending sample transaction 270
[2022-07-23T18:28:22.180Z INFO  client] Sending sample transaction 271
[2022-07-23T18:28:22.229Z INFO  client] Sending sample transaction 272
[2022-07-23T18:28:22.280Z INFO  client] Sending sample transaction 273
[2022-07-23T18:28:22.330Z INFO  client] Sending sample transaction 274
[2022-07-23T18:28:22.380Z INFO  client] Sending sample transaction 275
[2022-07-23T18:28:22.430Z INFO  client] Sending sample transaction 276
[2022-07-23T18:28:22.489Z INFO  client] Sending sample transaction 277
[2022-07-23T18:28:22.541Z INFO  client] Sending sample transaction 278
[2022-07-23T18:28:22.587Z INFO  client] Sending sample transaction 279
[2022-07-23T18:28:22.645Z INFO  client] Sending sample transaction 280
[2022-07-23T18:28:22.688Z INFO  client] Sending sample transaction 281
[2022-07-23T18:28:22.729Z INFO  client] Sending sample transaction 282
[2022-07-23T18:28:22.779Z INFO  client] Sending sample transaction 283
[2022-07-23T18:28:22.830Z INFO  client] Sending sample transaction 284
[2022-07-23T18:28:22.880Z INFO  client] Sending sample transaction 285
[2022-07-23T18:28:22.930Z INFO  client] Sending sample transaction 286
[2022-07-23T18:28:22.980Z INFO  client] Sending sample transaction 287
[2022-07-23T18:28:23.031Z INFO  client] Sending sample transaction 288
[2022-07-23T18:28:23.080Z INFO  client] Sending sample transaction 289
[2022-07-23T18:28:23.129Z INFO  client] Sending sample transaction 290
[2022-07-23T18:28:23.179Z INFO  client] Sending sample transaction 291
[2022-07-23T18:28:23.229Z INFO  client] Sending sample transaction 292
[2022-07-23T18:28:23.280Z INFO  client] Sending sample transaction 293
[2022-07-23T18:28:23.330Z INFO  client] Sending sample transaction 294
[2022-07-23T18:28:23.379Z INFO  client] Sending sample transaction 295
[2022-07-23T18:28:23.429Z INFO  client] Sending sample transaction 296
[2022-07-23T18:28:23.480Z INFO  client] Sending sample transaction 297
[2022-07-23T18:28:23.530Z INFO  client] Sending sample transaction 298
[2022-07-23T18:28:23.580Z INFO  client] Sending sample transaction 299
[2022-07-23T18:28:23.629Z INFO  client] Sending sample transaction 300
[2022-07-23T18:28:23.679Z INFO  client] Sending sample transaction 301
[2022-07-23T18:28:23.745Z INFO  client] Sending sample transaction 302
[2022-07-23T18:28:23.800Z INFO  client] Sending sample transaction 303
[2022-07-23T18:28:23.846Z INFO  client] Sending sample transaction 304
[2022-07-23T18:28:23.880Z INFO  client] Sending sample transaction 305
[2022-07-23T18:28:23.930Z INFO  client] Sending sample transaction 306
[2022-07-23T18:28:23.980Z INFO  client] Sending sample transaction 307
[2022-07-23T18:28:24.045Z INFO  client] Sending sample transaction 308
[2022-07-23T18:28:24.105Z INFO  client] Sending sample transaction 309
[2022-07-23T18:28:24.131Z INFO  client] Sending sample transaction 310
[2022-07-23T18:28:24.179Z INFO  client] Sending sample transaction 311
[2022-07-23T18:28:24.229Z INFO  client] Sending sample transaction 312
[2022-07-23T18:28:24.279Z INFO  client] Sending sample transaction 313
[2022-07-23T18:28:24.330Z INFO  client] Sending sample transaction 314
[2022-07-23T18:28:24.379Z INFO  client] Sending sample transaction 315
[2022-07-23T18:28:24.429Z INFO  client] Sending sample transaction 316
[2022-07-23T18:28:24.479Z INFO  client] Sending sample transaction 317
[2022-07-23T18:28:24.530Z INFO  client] Sending sample transaction 318
[2022-07-23T18:28:24.581Z INFO  client] Sending sample transaction 319
[2022-07-23T18:28:24.630Z INFO  client] Sending sample transaction 320
[2022-07-23T18:28:24.679Z INFO  client] Sending sample transaction 321
[2022-07-23T18:28:24.729Z INFO  client] Sending sample transaction 322
[2022-07-23T18:28:24.779Z INFO  client] Sending sample transaction 323
[2022-07-23T18:28:24.829Z INFO  client] Sending sample transaction 324
[2022-07-23T18:28:24.884Z INFO  client] Sending sample transaction 325
[2022-07-23T18:28:24.950Z INFO  client] Sending sample transaction 326
[2022-07-23T18:28:25.015Z INFO  client] Sending sample transaction 327
[2022-07-23T18:28:25.035Z INFO  client] Sending sample transaction 328
[2022-07-23T18:28:25.079Z INFO  client] Sending sample transaction 329
[2022-07-23T18:28:25.137Z INFO  client] Sending sample transaction 330
[2022-07-23T18:28:25.180Z INFO  client] Sending sample transaction 331
[2022-07-23T18:28:25.230Z INFO  client] Sending sample transaction 332
[2022-07-23T18:28:25.279Z INFO  client] Sending sample transaction 333
[2022-07-23T18:28:25.329Z INFO  client] Sending sample transaction 334
[2022-07-23T18:28:25.379Z INFO  client] Sending sample transaction 335
[2022-07-23T18:28:25.429Z INFO  client] Sending sample transaction 336
[2022-07-23T18:28:25.480Z INFO  client] Sending sample transaction 337
[2022-07-23T18:28:25.529Z INFO  client] Sending sample transaction 338
[2022-07-23T18:28:25.580Z INFO  client] Sending sample transaction 339
[2022-07-23T18:28:25.629Z INFO  client] Sending sample transaction 340
[2022-07-23T18:28:25.680Z INFO  client] Sending sample transaction 341
[2022-07-23T18:28:25.729Z INFO  client] Sending sample transaction 342
[2022-07-23T18:28:25.779Z INFO  client] Sending sample transaction 343
[2022-07-23T18:28:25.830Z INFO  client] Sending sample transaction 344
[2022-07-23T18:28:25.923Z INFO  client] Sending sample transaction 345
[2022-07-23T18:28:25.952Z INFO  client] Sending sample transaction 346
[2022-07-23T18:28:26.008Z INFO  client] Sending sample transaction 347
[2022-07-23T18:28:26.030Z INFO  client] Sending sample transaction 348
[2022-07-23T18:28:26.079Z INFO  client] Sending sample transaction 349
[2022-07-23T18:28:26.129Z INFO  client] Sending sample transaction 350
[2022-07-23T18:28:26.196Z INFO  client] Sending sample transaction 351
[2022-07-23T18:28:26.276Z INFO  client] Sending sample transaction 352
[2022-07-23T18:28:26.302Z INFO  client] Sending sample transaction 353
[2022-07-23T18:28:26.331Z INFO  client] Sending sample transaction 354
[2022-07-23T18:28:26.379Z INFO  client] Sending sample transaction 355
[2022-07-23T18:28:26.429Z INFO  client] Sending sample transaction 356
[2022-07-23T18:28:26.480Z INFO  client] Sending sample transaction 357
[2022-07-23T18:28:26.529Z INFO  client] Sending sample transaction 358
[2022-07-23T18:28:26.579Z INFO  client] Sending sample transaction 359
[2022-07-23T18:28:26.629Z INFO  client] Sending sample transaction 360
[2022-07-23T18:28:26.679Z INFO  client] Sending sample transaction 361
[2022-07-23T18:28:26.729Z INFO  client] Sending sample transaction 362
[2022-07-23T18:28:26.780Z INFO  client] Sending sample transaction 363
[2022-07-23T18:28:26.829Z INFO  client] Sending sample transaction 364
[2022-07-23T18:28:26.880Z INFO  client] Sending sample transaction 365
[2022-07-23T18:28:26.929Z INFO  client] Sending sample transaction 366
[2022-07-23T18:28:26.979Z INFO  client] Sending sample transaction 367
[2022-07-23T18:28:27.029Z INFO  client] Sending sample transaction 368
[2022-07-23T18:28:27.079Z INFO  client] Sending sample transaction 369
[2022-07-23T18:28:27.163Z INFO  client] Sending sample transaction 370
[2022-07-23T18:28:27.260Z INFO  client] Sending sample transaction 371
[2022-07-23T18:28:27.305Z INFO  client] Sending sample transaction 372
[2022-07-23T18:28:27.306Z INFO  client] Sending sample transaction 373
[2022-07-23T18:28:27.330Z INFO  client] Sending sample transaction 374
[2022-07-23T18:28:27.380Z INFO  client] Sending sample transaction 375
[2022-07-23T18:28:27.431Z INFO  client] Sending sample transaction 376
[2022-07-23T18:28:27.479Z INFO  client] Sending sample transaction 377
[2022-07-23T18:28:27.529Z INFO  client] Sending sample transaction 378
[2022-07-23T18:28:27.580Z INFO  client] Sending sample transaction 379
[2022-07-23T18:28:27.630Z INFO  client] Sending sample transaction 380
[2022-07-23T18:28:27.679Z INFO  client] Sending sample transaction 381
[2022-07-23T18:28:27.729Z INFO  client] Sending sample transaction 382
[2022-07-23T18:28:27.779Z INFO  client] Sending sample transaction 383
[2022-07-23T18:28:27.829Z INFO  client] Sending sample transaction 384
[2022-07-23T18:28:27.879Z INFO  client] Sending sample transaction 385
[2022-07-23T18:28:27.930Z INFO  client] Sending sample transaction 386
[2022-07-23T18:28:27.979Z INFO  client] Sending sample transaction 387
[2022-07-23T18:28:28.030Z INFO  client] Sending sample transaction 388
[2022-07-23T18:28:28.080Z INFO  client] Sending sample transaction 389
[2022-07-23T18:28:28.130Z INFO  client] Sending sample transaction 390
[2022-07-23T18:28:28.180Z INFO  client] Sending sample transaction 391
[2022-07-23T18:28:28.229Z INFO  client] Sending sample transaction 392
[2022-07-23T18:28:28.280Z INFO  client] Sending sample transaction 393
[2022-07-23T18:28:28.329Z INFO  client] Sending sample transaction 394
[2022-07-23T18:28:28.379Z INFO  client] Sending sample transaction 395
[2022-07-23T18:28:28.429Z INFO  client] Sending sample transaction 396
[2022-07-23T18:28:28.480Z INFO  client] Sending sample transaction 397
[2022-07-23T18:28:28.529Z INFO  client] Sending sample transaction 398
[2022-07-23T18:28:28.580Z INFO  client] Sending sample transaction 399
[2022-07-23T18:28:28.630Z INFO  client] Sending sample transaction 400
[2022-07-23T18:28:28.681Z INFO  client] Sending sample transaction 401
[2022-07-23T18:28:28.752Z INFO  client] Sending sample transaction 402
[2022-07-23T18:28:28.807Z INFO  client] Sending sample transaction 403
[2022-07-23T18:28:28.834Z INFO  client] Sending sample transaction 404
[2022-07-23T18:28:28.879Z INFO  client] Sending sample transaction 405
[2022-07-23T18:28:28.930Z INFO  client] Sending sample transaction 406
[2022-07-23T18:28:28.979Z INFO  client] Sending sample transaction 407
[2022-07-23T18:28:29.029Z INFO  client] Sending sample transaction 408
[2022-07-23T18:28:29.079Z INFO  client] Sending sample transaction 409
[2022-07-23T18:28:29.130Z INFO  client] Sending sample transaction 410
[2022-07-23T18:28:29.179Z INFO  client] Sending sample transaction 411
[2022-07-23T18:28:29.229Z INFO  client] Sending sample transaction 412
[2022-07-23T18:28:29.280Z INFO  client] Sending sample transaction 413
[2022-07-23T18:28:29.329Z INFO  client] Sending sample transaction 414
[2022-07-23T18:28:29.380Z INFO  client] Sending sample transaction 415
[2022-07-23T18:28:29.429Z INFO  client] Sending sample transaction 416
[2022-07-23T18:28:29.479Z INFO  client] Sending sample transaction 417
[2022-07-23T18:28:29.530Z INFO  client] Sending sample transaction 418
[2022-07-23T18:28:29.579Z INFO  client] Sending sample transaction 419
[2022-07-23T18:28:29.629Z INFO  client] Sending sample transaction 420
[2022-07-23T18:28:29.679Z INFO  client] Sending sample transaction 421
[2022-07-23T18:28:29.729Z INFO  client] Sending sample transaction 422
[2022-07-23T18:28:29.815Z INFO  client] Sending sample transaction 423
[2022-07-23T18:28:29.833Z INFO  client] Sending sample transaction 424
[2022-07-23T18:28:29.911Z INFO  client] Sending sample transaction 425
[2022-07-23T18:28:29.956Z INFO  client] Sending sample transaction 426
[2022-07-23T18:28:29.997Z INFO  client] Sending sample transaction 427
[2022-07-23T18:28:30.031Z INFO  client] Sending sample transaction 428
[2022-07-23T18:28:30.080Z INFO  client] Sending sample transaction 429
[2022-07-23T18:28:30.158Z INFO  client] Sending sample transaction 430
[2022-07-23T18:28:30.204Z INFO  client] Sending sample transaction 431
[2022-07-23T18:28:30.241Z INFO  client] Sending sample transaction 432
[2022-07-23T18:28:30.282Z INFO  client] Sending sample transaction 433
[2022-07-23T18:28:30.330Z INFO  client] Sending sample transaction 434
[2022-07-23T18:28:30.386Z INFO  client] Sending sample transaction 435
[2022-07-23T18:28:30.431Z INFO  client] Sending sample transaction 436
[2022-07-23T18:28:30.485Z INFO  client] Sending sample transaction 437
[2022-07-23T18:28:30.565Z INFO  client] Sending sample transaction 438
[2022-07-23T18:28:30.592Z INFO  client] Sending sample transaction 439
[2022-07-23T18:28:30.647Z INFO  client] Sending sample transaction 440
[2022-07-23T18:28:30.700Z INFO  client] Sending sample transaction 441
[2022-07-23T18:28:30.729Z INFO  client] Sending sample transaction 442
[2022-07-23T18:28:30.793Z INFO  client] Sending sample transaction 443
[2022-07-23T18:28:30.830Z INFO  client] Sending sample transaction 444
