[2022-07-23T18:21:52.586Z INFO  client] Node address: 127.0.0.1:9016
[2022-07-23T18:21:52.586Z INFO  client] Transactions size: 512 B
[2022-07-23T18:21:52.586Z INFO  client] Transactions rate: 112 tx/s
[2022-07-23T18:21:52.586Z INFO  client] Waiting for all nodes to be online...
[2022-07-23T18:21:52.586Z INFO  client] Waiting for all nodes to be synchronized...
[2022-07-23T18:21:54.591Z INFO  client] Start sending transactions
[2022-07-23T18:21:54.591Z INFO  client] Sending sample transaction 0
[2022-07-23T18:21:54.642Z INFO  client] Sending sample transaction 1
[2022-07-23T18:21:54.693Z INFO  client] Sending sample transaction 2
[2022-07-23T18:21:54.743Z INFO  client] Sending sample transaction 3
[2022-07-23T18:21:54.793Z INFO  client] Sending sample transaction 4
[2022-07-23T18:21:54.841Z INFO  client] Sending sample transaction 5
[2022-07-23T18:21:54.893Z INFO  client] Sending sample transaction 6
[2022-07-23T18:21:54.943Z INFO  client] Sending sample transaction 7
[2022-07-23T18:21:54.993Z INFO  client] Sending sample transaction 8
[2022-07-23T18:21:55.043Z INFO  client] Sending sample transaction 9
[2022-07-23T18:21:55.092Z INFO  client] Sending sample transaction 10
[2022-07-23T18:21:55.190Z INFO  client] Sending sample transaction 11
[2022-07-23T18:21:55.242Z INFO  client] Sending sample transaction 12
[2022-07-23T18:21:55.319Z INFO  client] Sending sample transaction 13
[2022-07-23T18:21:55.412Z INFO  client] Sending sample transaction 14
[2022-07-23T18:21:55.413Z INFO  client] Sending sample transaction 15
[2022-07-23T18:21:55.443Z INFO  client] Sending sample transaction 16
[2022-07-23T18:21:55.453Z INFO  client] Sending sample transaction 17
[2022-07-23T18:21:55.492Z INFO  client] Sending sample transaction 18
[2022-07-23T18:21:55.546Z INFO  client] Sending sample transaction 19
[2022-07-23T18:21:55.602Z INFO  client] Sending sample transaction 20
[2022-07-23T18:21:55.649Z INFO  client] Sending sample transaction 21
[2022-07-23T18:21:55.785Z INFO  client] Sending sample transaction 22
[2022-07-23T18:21:55.807Z INFO  client] Sending sample transaction 23
[2022-07-23T18:21:55.810Z INFO  client] Sending sample transaction 24
[2022-07-23T18:21:55.849Z INFO  client] Sending sample transaction 25
[2022-07-23T18:21:55.892Z INFO  client] Sending sample transaction 26
[2022-07-23T18:21:55.948Z INFO  client] Sending sample transaction 27
[2022-07-23T18:21:55.993Z INFO  client] Sending sample transaction 28
[2022-07-23T18:21:56.049Z INFO  client] Sending sample transaction 29
[2022-07-23T18:21:56.092Z INFO  client] Sending sample transaction 30
[2022-07-23T18:21:56.143Z INFO  client] Sending sample transaction 31
[2022-07-23T18:21:56.192Z INFO  client] Sending sample transaction 32
[2022-07-23T18:21:56.242Z INFO  client] Sending sample transaction 33
[2022-07-23T18:21:56.293Z INFO  client] Sending sample transaction 34
[2022-07-23T18:21:56.342Z INFO  client] Sending sample transaction 35
[2022-07-23T18:21:56.393Z INFO  client] Sending sample transaction 36
[2022-07-23T18:21:56.443Z INFO  client] Sending sample transaction 37
[2022-07-23T18:21:56.493Z INFO  client] Sending sample transaction 38
[2022-07-23T18:21:56.550Z INFO  client] Sending sample transaction 39
[2022-07-23T18:21:56.592Z INFO  client] Sending sample transaction 40
[2022-07-23T18:21:56.655Z INFO  client] Sending sample transaction 41
[2022-07-23T18:21:56.700Z INFO  client] Sending sample transaction 42
[2022-07-23T18:21:56.808Z INFO  client] Sending sample transaction 43
[2022-07-23T18:21:56.824Z INFO  client] Sending sample transaction 44
[2022-07-23T18:21:56.850Z INFO  client] Sending sample transaction 45
[2022-07-23T18:21:56.892Z INFO  client] Sending sample transaction 46
[2022-07-23T18:21:56.942Z INFO  client] Sending sample transaction 47
[2022-07-23T18:21:56.993Z INFO  client] Sending sample transaction 48
[2022-07-23T18:21:57.042Z INFO  client] Sending sample transaction 49
[2022-07-23T18:21:57.092Z INFO  client] Sending sample transaction 50
[2022-07-23T18:21:57.142Z INFO  client] Sending sample transaction 51
[2022-07-23T18:21:57.191Z INFO  client] Sending sample transaction 52
[2022-07-23T18:21:57.242Z INFO  client] Sending sample transaction 53
[2022-07-23T18:21:57.292Z INFO  client] Sending sample transaction 54
[2022-07-23T18:21:57.341Z INFO  client] Sending sample transaction 55
[2022-07-23T18:21:57.391Z INFO  client] Sending sample transaction 56
[2022-07-23T18:21:57.442Z INFO  client] Sending sample transaction 57
[2022-07-23T18:21:57.491Z INFO  client] Sending sample transaction 58
[2022-07-23T18:21:57.542Z INFO  client] Sending sample transaction 59
[2022-07-23T18:21:57.592Z INFO  client] Sending sample transaction 60
[2022-07-23T18:21:57.691Z INFO  client] Sending sample transaction 61
[2022-07-23T18:21:57.724Z INFO  client] Sending sample transaction 62
[2022-07-23T18:21:57.770Z INFO  client] Sending sample transaction 63
[2022-07-23T18:21:57.799Z INFO  client] Sending sample transaction 64
[2022-07-23T18:21:57.842Z INFO  client] Sending sample transaction 65
[2022-07-23T18:21:57.898Z INFO  client] Sending sample transaction 66
[2022-07-23T18:21:57.949Z INFO  client] Sending sample transaction 67
[2022-07-23T18:21:57.992Z INFO  client] Sending sample transaction 68
[2022-07-23T18:21:58.042Z INFO  client] Sending sample transaction 69
[2022-07-23T18:21:58.092Z INFO  client] Sending sample transaction 70
[2022-07-23T18:21:58.143Z INFO  client] Sending sample transaction 71
[2022-07-23T18:21:58.191Z INFO  client] Sending sample transaction 72
[2022-07-23T18:21:58.241Z INFO  client] Sending sample transaction 73
[2022-07-23T18:21:58.292Z INFO  client] Sending sample transaction 74
[2022-07-23T18:21:58.342Z INFO  client] Sending sample transaction 75
[2022-07-23T18:21:58.392Z INFO  client] Sending sample transaction 76
[2022-07-23T18:21:58.442Z INFO  client] Sending sample transaction 77
[2022-07-23T18:21:58.491Z INFO  client] Sending sample transaction 78
[2022-07-23T18:21:58.543Z INFO  client] Sending sample transaction 79
[2022-07-23T18:21:58.592Z INFO  client] Sending sample transaction 80
[2022-07-23T18:21:58.642Z INFO  client] Sending sample transaction 81
[2022-07-23T18:21:58.729Z INFO  client] Sending sample transaction 82
[2022-07-23T18:21:58.771Z INFO  client] Sending sample transaction 83
[2022-07-23T18:21:58.832Z INFO  client] Sending sample transaction 84
[2022-07-23T18:21:58.853Z INFO  client] Sending sample transaction 85
[2022-07-23T18:21:58.892Z INFO  client] Sending sample transaction 86
[2022-07-23T18:21:58.942Z INFO  client] Sending sample transaction 87
[2022-07-23T18:21:59.000Z INFO  client] Sending sample transaction 88
[2022-07-23T18:21:59.042Z INFO  client] Sending sample transaction 89
[2022-07-23T18:21:59.092Z INFO  client] Sending sample transaction 90
[2022-07-23T18:21:59.141Z INFO  client] Sending sample transaction 91
[2022-07-23T18:21:59.191Z INFO  client] Sending sample transaction 92
[2022-07-23T18:21:59.241Z INFO  client] Sending sample transaction 93
[2022-07-23T18:21:59.292Z INFO  client] Sending sample transaction 94
[2022-07-23T18:21:59.342Z INFO  client] Sending sample transaction 95
[2022-07-23T18:21:59.392Z INFO  client] Sending sample transaction 96
[2022-07-23T18:21:59.443Z INFO  client] Sending sample transaction 97
[2022-07-23T18:21:59.493Z INFO  client] Sending sample transaction 98
[2022-07-23T18:21:59.542Z INFO  client] Sending sample transaction 99
[2022-07-23T18:21:59.592Z INFO  client] Sending sample transaction 100
[2022-07-23T18:21:59.641Z INFO  client] Sending sample transaction 101
[2022-07-23T18:21:59.692Z INFO  client] Sending sample transaction 102
[2022-07-23T18:21:59.742Z INFO  client] Sending sample transaction 103
[2022-07-23T18:21:59.793Z INFO  client] Sending sample transaction 104
[2022-07-23T18:21:59.841Z INFO  client] Sending sample transaction 105
[2022-07-23T18:21:59.892Z INFO  client] Sending sample transaction 106
[2022-07-23T18:21:59.942Z INFO  client] Sending sample transaction 107
[2022-07-23T18:21:59.992Z INFO  client] Sending sample transaction 108
[2022-07-23T18:22:00.057Z INFO  client] Sending sample transaction 109
[2022-07-23T18:22:00.093Z INFO  client] Sending sample transaction 110
[2022-07-23T18:22:00.141Z INFO  client] Sending sample transaction 111
[2022-07-23T18:22:00.192Z INFO  client] Sending sample transaction 112
[2022-07-23T18:22:00.242Z INFO  client] Sending sample transaction 113
[2022-07-23T18:22:00.291Z INFO  client] Sending sample transaction 114
[2022-07-23T18:22:00.371Z INFO  client] Sending sample transaction 115
[2022-07-23T18:22:00.404Z INFO  client] Sending sample transaction 116
[2022-07-23T18:22:00.477Z INFO  client] Sending sample transaction 117
[2022-07-23T18:22:00.528Z INFO  client] Sending sample transaction 118
[2022-07-23T18:22:00.543Z INFO  client] Sending sample transaction 119
[2022-07-23T18:22:00.592Z INFO  client] Sending sample transaction 120
[2022-07-23T18:22:00.641Z INFO  client] Sending sample transaction 121
[2022-07-23T18:22:00.691Z INFO  client] Sending sample transaction 122
[2022-07-23T18:22:00.742Z INFO  client] Sending sample transaction 123
[2022-07-23T18:22:00.792Z INFO  client] Sending sample transaction 124
[2022-07-23T18:22:00.841Z INFO  client] Sending sample transaction 125
[2022-07-23T18:22:00.891Z INFO  client] Sending sample transaction 126
[2022-07-23T18:22:00.942Z INFO  client] Sending sample transaction 127
[2022-07-23T18:22:00.992Z INFO  client] Sending sample transaction 128
[2022-07-23T18:22:01.042Z INFO  client] Sending sample transaction 129
[2022-07-23T18:22:01.092Z INFO  client] Sending sample transaction 130
[2022-07-23T18:22:01.142Z INFO  client] Sending sample transaction 131
[2022-07-23T18:22:01.192Z INFO  client] Sending sample transaction 132
[2022-07-23T18:22:01.242Z INFO  client] Sending sample transaction 133
[2022-07-23T18:22:01.292Z INFO  client] Sending sample transaction 134
[2022-07-23T18:22:01.342Z INFO  client] Sending sample transaction 135
[2022-07-23T18:22:01.391Z INFO  client] Sending sample transaction 136
[2022-07-23T18:22:01.442Z INFO  client] Sending sample transaction 137
[2022-07-23T18:22:01.492Z INFO  client] Sending sample transaction 138
[2022-07-23T18:22:01.542Z INFO  client] Sending sample transaction 139
[2022-07-23T18:22:01.592Z INFO  client] Sending sample transaction 140
[2022-07-23T18:22:01.642Z INFO  client] Sending sample transaction 141
[2022-07-23T18:22:01.692Z INFO  client] Sending sample transaction 142
[2022-07-23T18:22:01.742Z INFO  client] Sending sample transaction 143
[2022-07-23T18:22:01.792Z INFO  client] Sending sample transaction 144
[2022-07-23T18:22:01.842Z INFO  client] Sending sample transaction 145
[2022-07-23T18:22:01.892Z INFO  client] Sending sample transaction 146
[2022-07-23T18:22:01.942Z INFO  client] Sending sample transaction 147
[2022-07-23T18:22:01.992Z INFO  client] Sending sample transaction 148
[2022-07-23T18:22:02.042Z INFO  client] Sending sample transaction 149
[2022-07-23T18:22:02.143Z INFO  client] Sending sample transaction 150
[2022-07-23T18:22:02.186Z INFO  client] Sending sample transaction 151
[2022-07-23T18:22:02.239Z INFO  client] Sending sample transaction 152
[2022-07-23T18:22:02.272Z INFO  client] Sending sample transaction 153
[2022-07-23T18:22:02.304Z INFO  client] Sending sample transaction 154
[2022-07-23T18:22:02.386Z INFO  client] Sending sample transaction 155
[2022-07-23T18:22:02.400Z INFO  client] Sending sample transaction 156
[2022-07-23T18:22:02.445Z INFO  client] Sending sample transaction 157
[2022-07-23T18:22:02.492Z INFO  client] Sending sample transaction 158
[2022-07-23T18:22:02.543Z INFO  client] Sending sample transaction 159
[2022-07-23T18:22:02.592Z INFO  client] Sending sample transaction 160
[2022-07-23T18:22:02.642Z INFO  client] Sending sample transaction 161
[2022-07-23T18:22:02.692Z INFO  client] Sending sample transaction 162
[2022-07-23T18:22:02.742Z INFO  client] Sending sample transaction 163
[2022-07-23T18:22:02.791Z INFO  client] Sending sample transaction 164
[2022-07-23T18:22:02.841Z INFO  client] Sending sample transaction 165
[2022-07-23T18:22:02.891Z INFO  client] Sending sample transaction 166
[2022-07-23T18:22:02.942Z INFO  client] Sending sample transaction 167
[2022-07-23T18:22:02.991Z INFO  client] Sending sample transaction 168
[2022-07-23T18:22:03.042Z INFO  client] Sending sample transaction 169
[2022-07-23T18:22:03.091Z INFO  client] Sending sample transaction 170
[2022-07-23T18:22:03.142Z INFO  client] Sending sample transaction 171
[2022-07-23T18:22:03.192Z INFO  client] Sending sample transaction 172
[2022-07-23T18:22:03.242Z INFO  client] Sending sample transaction 173
[2022-07-23T18:22:03.292Z INFO  client] Sending sample transaction 174
[2022-07-23T18:22:03.342Z INFO  client] Sending sample transaction 175
[2022-07-23T18:22:03.392Z INFO  client] Sending sample transaction 176
[2022-07-23T18:22:03.442Z INFO  client] Sending sample transaction 177
[2022-07-23T18:22:03.492Z INFO  client] Sending sample transaction 178
[2022-07-23T18:22:03.543Z INFO  client] Sending sample transaction 179
[2022-07-23T18:22:03.592Z INFO  client] Sending sample transaction 180
[2022-07-23T18:22:03.643Z INFO  client] Sending sample transaction 181
[2022-07-23T18:22:03.693Z INFO  client] Sending sample transaction 182
[2022-07-23T18:22:03.741Z INFO  client] Sending sample transaction 183
[2022-07-23T18:22:03.791Z INFO  client] Sending sample transaction 184
[2022-07-23T18:22:03.841Z INFO  client] Sending sample transaction 185
[2022-07-23T18:22:03.891Z INFO  client] Sending sample transaction 186
[2022-07-23T18:22:03.941Z INFO  client] Sending sample transaction 187
[2022-07-23T18:22:03.991Z INFO  client] Sending sample transaction 188
[2022-07-23T18:22:04.041Z INFO  client] Sending sample transaction 189
[2022-07-23T18:22:04.092Z INFO  client] Sending sample transaction 190
[2022-07-23T18:22:04.142Z INFO  client] Sending sample transaction 191
[2022-07-23T18:22:04.192Z INFO  client] Sending sample transaction 192
[2022-07-23T18:22:04.242Z INFO  client] Sending sample transaction 193
[2022-07-23T18:22:04.292Z INFO  client] Sending sample transaction 194
[2022-07-23T18:22:04.342Z INFO  client] Sending sample transaction 195
[2022-07-23T18:22:04.418Z INFO  client] Sending sample transaction 196
[2022-07-23T18:22:04.442Z INFO  client] Sending sample transaction 197
[2022-07-23T18:22:04.492Z INFO  client] Sending sample transaction 198
[2022-07-23T18:22:04.542Z INFO  client] Sending sample transaction 199
[2022-07-23T18:22:04.592Z INFO  client] Sending sample transaction 200
[2022-07-23T18:22:04.642Z INFO  client] Sending sample transaction 201
[2022-07-23T18:22:04.692Z INFO  client] Sending sample transaction 202
[2022-07-23T18:22:04.741Z INFO  client] Sending sample transaction 203
[2022-07-23T18:22:04.793Z INFO  client] Sending sample transaction 204
[2022-07-23T18:22:04.852Z INFO  client] Sending sample transaction 205
[2022-07-23T18:22:04.898Z INFO  client] Sending sample transaction 206
[2022-07-23T18:22:04.942Z INFO  client] Sending sample transaction 207
[2022-07-23T18:22:05.019Z INFO  client] Sending sample transaction 208
[2022-07-23T18:22:05.042Z INFO  client] Sending sample transaction 209
[2022-07-23T18:22:05.092Z INFO  client] Sending sample transaction 210
[2022-07-23T18:22:05.142Z INFO  client] Sending sample transaction 211
[2022-07-23T18:22:05.192Z INFO  client] Sending sample transaction 212
[2022-07-23T18:22:05.242Z INFO  client] Sending sample transaction 213
[2022-07-23T18:22:05.292Z INFO  client] Sending sample transaction 214
[2022-07-23T18:22:05.342Z INFO  client] Sending sample transaction 215
[2022-07-23T18:22:05.396Z INFO  client] Sending sample transaction 216
[2022-07-23T18:22:05.445Z INFO  client] Sending sample transaction 217
[2022-07-23T18:22:05.500Z INFO  client] Sending sample transaction 218
[2022-07-23T18:22:05.542Z INFO  client] Sending sample transaction 219
[2022-07-23T18:22:05.592Z INFO  client] Sending sample transaction 220
[2022-07-23T18:22:05.641Z INFO  client] Sending sample transaction 221
[2022-07-23T18:22:05.691Z INFO  client] Sending sample transaction 222
[2022-07-23T18:22:05.743Z INFO  client] Sending sample transaction 223
[2022-07-23T18:22:05.792Z INFO  client] Sending sample transaction 224
[2022-07-23T18:22:05.841Z INFO  client] Sending sample transaction 225
[2022-07-23T18:22:05.892Z INFO  client] Sending sample transaction 226
[2022-07-23T18:22:05.942Z INFO  client] Sending sample transaction 227
[2022-07-23T18:22:05.991Z INFO  client] Sending sample transaction 228
[2022-07-23T18:22:06.042Z INFO  client] Sending sample transaction 229
[2022-07-23T18:22:06.091Z INFO  client] Sending sample transaction 230
[2022-07-23T18:22:06.142Z INFO  client] Sending sample transaction 231
[2022-07-23T18:22:06.192Z INFO  client] Sending sample transaction 232
[2022-07-23T18:22:06.242Z INFO  client] Sending sample transaction 233
[2022-07-23T18:22:06.292Z INFO  client] Sending sample transaction 234
[2022-07-23T18:22:06.342Z INFO  client] Sending sample transaction 235
[2022-07-23T18:22:06.392Z INFO  client] Sending sample transaction 236
[2022-07-23T18:22:06.442Z INFO  client] Sending sample transaction 237
[2022-07-23T18:22:06.492Z INFO  client] Sending sample transaction 238
[2022-07-23T18:22:06.549Z INFO  client] Sending sample transaction 239
[2022-07-23T18:22:06.592Z INFO  client] Sending sample transaction 240
[2022-07-23T18:22:06.641Z INFO  client] Sending sample transaction 241
[2022-07-23T18:22:06.691Z INFO  client] Sending sample transaction 242
[2022-07-23T18:22:06.742Z INFO  client] Sending sample transaction 243
[2022-07-23T18:22:06.792Z INFO  client] Sending sample transaction 244
[2022-07-23T18:22:06.842Z INFO  client] Sending sample transaction 245
[2022-07-23T18:22:06.891Z INFO  client] Sending sample transaction 246
[2022-07-23T18:22:06.942Z INFO  client] Sending sample transaction 247
[2022-07-23T18:22:06.992Z INFO  client] Sending sample transaction 248
[2022-07-23T18:22:07.041Z INFO  client] Sending sample transaction 249
[2022-07-23T18:22:07.092Z INFO  client] Sending sample transaction 250
[2022-07-23T18:22:07.144Z INFO  client] Sending sample transaction 251
[2022-07-23T18:22:07.193Z INFO  client] Sending sample transaction 252
[2022-07-23T18:22:07.242Z INFO  client] Sending sample transaction 253
[2022-07-23T18:22:07.305Z INFO  client] Sending sample transaction 254
[2022-07-23T18:22:07.342Z INFO  client] Sending sample transaction 255
[2022-07-23T18:22:07.393Z INFO  client] Sending sample transaction 256
[2022-07-23T18:22:07.442Z INFO  client] Sending sample transaction 257
[2022-07-23T18:22:07.492Z INFO  client] Sending sample transaction 258
[2022-07-23T18:22:07.542Z INFO  client] Sending sample transaction 259
[2022-07-23T18:22:07.592Z INFO  client] Sending sample transaction 260
[2022-07-23T18:22:07.641Z INFO  client] Sending sample transaction 261
[2022-07-23T18:22:07.691Z INFO  client] Sending sample transaction 262
[2022-07-23T18:22:07.742Z INFO  client] Sending sample transaction 263
[2022-07-23T18:22:07.793Z INFO  client] Sending sample transaction 264
[2022-07-23T18:22:07.842Z INFO  client] Sending sample transaction 265
[2022-07-23T18:22:07.891Z INFO  client] Sending sample transaction 266
[2022-07-23T18:22:07.942Z INFO  client] Sending sample transaction 267
[2022-07-23T18:22:07.992Z INFO  client] Sending sample transaction 268
[2022-07-23T18:22:08.041Z INFO  client] Sending sample transaction 269
[2022-07-23T18:22:08.091Z INFO  client] Sending sample transaction 270
[2022-07-23T18:22:08.141Z INFO  client] Sending sample transaction 271
[2022-07-23T18:22:08.192Z INFO  client] Sending sample transaction 272
[2022-07-23T18:22:08.242Z INFO  client] Sending sample transaction 273
[2022-07-23T18:22:08.291Z INFO  client] Sending sample transaction 274
[2022-07-23T18:22:08.342Z INFO  client] Sending sample transaction 275
[2022-07-23T18:22:08.393Z INFO  client] Sending sample transaction 276
[2022-07-23T18:22:08.443Z INFO  client] Sending sample transaction 277
[2022-07-23T18:22:08.492Z INFO  client] Sending sample transaction 278
[2022-07-23T18:22:08.542Z INFO  client] Sending sample transaction 279
[2022-07-23T18:22:08.593Z INFO  client] Sending sample transaction 280
[2022-07-23T18:22:08.712Z INFO  client] Sending sample transaction 281
[2022-07-23T18:22:08.720Z INFO  client] Sending sample transaction 282
[2022-07-23T18:22:08.768Z INFO  client] Sending sample transaction 283
[2022-07-23T18:22:08.811Z INFO  client] Sending sample transaction 284
[2022-07-23T18:22:08.851Z INFO  client] Sending sample transaction 285
[2022-07-23T18:22:08.892Z INFO  client] Sending sample transaction 286
[2022-07-23T18:22:08.942Z INFO  client] Sending sample transaction 287
[2022-07-23T18:22:08.992Z INFO  client] Sending sample transaction 288
[2022-07-23T18:22:09.041Z INFO  client] Sending sample transaction 289
[2022-07-23T18:22:09.091Z INFO  client] Sending sample transaction 290
[2022-07-23T18:22:09.142Z INFO  client] Sending sample transaction 291
[2022-07-23T18:22:09.191Z INFO  client] Sending sample transaction 292
[2022-07-23T18:22:09.242Z INFO  client] Sending sample transaction 293
[2022-07-23T18:22:09.292Z INFO  client] Sending sample transaction 294
[2022-07-23T18:22:09.341Z INFO  client] Sending sample transaction 295
[2022-07-23T18:22:09.392Z INFO  client] Sending sample transaction 296
[2022-07-23T18:22:09.441Z INFO  client] Sending sample transaction 297
[2022-07-23T18:22:09.492Z INFO  client] Sending sample transaction 298
[2022-07-23T18:22:09.542Z INFO  client] Sending sample transaction 299
[2022-07-23T18:22:09.591Z INFO  client] Sending sample transaction 300
[2022-07-23T18:22:09.642Z INFO  client] Sending sample transaction 301
[2022-07-23T18:22:09.691Z INFO  client] Sending sample transaction 302
[2022-07-23T18:22:09.773Z INFO  client] Sending sample transaction 303
[2022-07-23T18:22:09.811Z INFO  client] Sending sample transaction 304
[2022-07-23T18:22:09.875Z INFO  client] Sending sample transaction 305
[2022-07-23T18:22:09.892Z INFO  client] Sending sample transaction 306
[2022-07-23T18:22:09.942Z INFO  client] Sending sample transaction 307
[2022-07-23T18:22:09.992Z INFO  client] Sending sample transaction 308
[2022-07-23T18:22:10.043Z INFO  client] Sending sample transaction 309
[2022-07-23T18:22:10.091Z INFO  client] Sending sample transaction 310
[2022-07-23T18:22:10.141Z INFO  client] Sending sample transaction 311
[2022-07-23T18:22:10.191Z INFO  client] Sending sample transaction 312
[2022-07-23T18:22:10.242Z INFO  client] Sending sample transaction 313
[2022-07-23T18:22:10.292Z INFO  client] Sending sample transaction 314
[2022-07-23T18:22:10.342Z INFO  client] Sending sample transaction 315
[2022-07-23T18:22:10.391Z INFO  client] Sending sample transaction 316
[2022-07-23T18:22:10.442Z INFO  client] Sending sample transaction 317
[2022-07-23T18:22:10.492Z INFO  client] Sending sample transaction 318
[2022-07-23T18:22:10.543Z INFO  client] Sending sample transaction 319
[2022-07-23T18:22:10.592Z INFO  client] Sending sample transaction 320
[2022-07-23T18:22:10.641Z INFO  client] Sending sample transaction 321
[2022-07-23T18:22:10.692Z INFO  client] Sending sample transaction 322
[2022-07-23T18:22:10.742Z INFO  client] Sending sample transaction 323
[2022-07-23T18:22:10.792Z INFO  client] Sending sample transaction 324
[2022-07-23T18:22:10.842Z INFO  client] Sending sample transaction 325
[2022-07-23T18:22:10.900Z INFO  client] Sending sample transaction 326
[2022-07-23T18:22:10.950Z INFO  client] Sending sample transaction 327
[2022-07-23T18:22:10.991Z INFO  client] Sending sample transaction 328
[2022-07-23T18:22:11.067Z INFO  client] Sending sample transaction 329
[2022-07-23T18:22:11.110Z INFO  client] Sending sample transaction 330
[2022-07-23T18:22:11.147Z INFO  client] Sending sample transaction 331
[2022-07-23T18:22:11.191Z INFO  client] Sending sample transaction 332
[2022-07-23T18:22:11.242Z INFO  client] Sending sample transaction 333
[2022-07-23T18:22:11.292Z INFO  client] Sending sample transaction 334
[2022-07-23T18:22:11.342Z INFO  client] Sending sample transaction 335
[2022-07-23T18:22:11.392Z INFO  client] Sending sample transaction 336
[2022-07-23T18:22:11.442Z INFO  client] Sending sample transaction 337
[2022-07-23T18:22:11.492Z INFO  client] Sending sample transaction 338
[2022-07-23T18:22:11.542Z INFO  client] Sending sample transaction 339
[2022-07-23T18:22:11.592Z INFO  client] Sending sample transaction 340
[2022-07-23T18:22:11.642Z INFO  client] Sending sample transaction 341
[2022-07-23T18:22:11.691Z INFO  client] Sending sample transaction 342
[2022-07-23T18:22:11.742Z INFO  client] Sending sample transaction 343
[2022-07-23T18:22:11.792Z INFO  client] Sending sample transaction 344
[2022-07-23T18:22:11.841Z INFO  client] Sending sample transaction 345
[2022-07-23T18:22:11.892Z INFO  client] Sending sample transaction 346
[2022-07-23T18:22:11.941Z INFO  client] Sending sample transaction 347
[2022-07-23T18:22:11.993Z INFO  client] Sending sample transaction 348
[2022-07-23T18:22:12.058Z INFO  client] Sending sample transaction 349
[2022-07-23T18:22:12.099Z INFO  client] Sending sample transaction 350
[2022-07-23T18:22:12.190Z INFO  client] Sending sample transaction 351
[2022-07-23T18:22:12.229Z INFO  client] Sending sample transaction 352
[2022-07-23T18:22:12.241Z INFO  client] Sending sample transaction 353
[2022-07-23T18:22:12.292Z INFO  client] Sending sample transaction 354
[2022-07-23T18:22:12.341Z INFO  client] Sending sample transaction 355
[2022-07-23T18:22:12.445Z INFO  client] Sending sample transaction 356
[2022-07-23T18:22:12.450Z INFO  client] Sending sample transaction 357
[2022-07-23T18:22:12.493Z INFO  client] Sending sample transaction 358
[2022-07-23T18:22:12.542Z INFO  client] Sending sample transaction 359
[2022-07-23T18:22:12.592Z INFO  client] Sending sample transaction 360
[2022-07-23T18:22:12.642Z INFO  client] Sending sample transaction 361
[2022-07-23T18:22:12.692Z INFO  client] Sending sample transaction 362
[2022-07-23T18:22:12.741Z INFO  client] Sending sample transaction 363
[2022-07-23T18:22:12.792Z INFO  client] Sending sample transaction 364
[2022-07-23T18:22:12.842Z INFO  client] Sending sample transaction 365
[2022-07-23T18:22:12.891Z INFO  client] Sending sample transaction 366
[2022-07-23T18:22:12.942Z INFO  client] Sending sample transaction 367
[2022-07-23T18:22:12.997Z INFO  client] Sending sample transaction 368
[2022-07-23T18:22:13.041Z INFO  client] Sending sample transaction 369
[2022-07-23T18:22:13.091Z INFO  client] Sending sample transaction 370
[2022-07-23T18:22:13.142Z INFO  client] Sending sample transaction 371
[2022-07-23T18:22:13.192Z INFO  client] Sending sample transaction 372
[2022-07-23T18:22:13.243Z INFO  client] Sending sample transaction 373
[2022-07-23T18:22:13.292Z INFO  client] Sending sample transaction 374
[2022-07-23T18:22:13.401Z INFO  client] Sending sample transaction 375
[2022-07-23T18:22:13.409Z INFO  client] Sending sample transaction 376
[2022-07-23T18:22:13.476Z INFO  client] Sending sample transaction 377
[2022-07-23T18:22:13.522Z INFO  client] Sending sample transaction 378
[2022-07-23T18:22:13.542Z INFO  client] Sending sample transaction 379
[2022-07-23T18:22:13.591Z INFO  client] Sending sample transaction 380
[2022-07-23T18:22:13.642Z INFO  client] Sending sample transaction 381
[2022-07-23T18:22:13.692Z INFO  client] Sending sample transaction 382
[2022-07-23T18:22:13.745Z INFO  client] Sending sample transaction 383
[2022-07-23T18:22:13.792Z INFO  client] Sending sample transaction 384
[2022-07-23T18:22:13.841Z INFO  client] Sending sample transaction 385
[2022-07-23T18:22:13.892Z INFO  client] Sending sample transaction 386
[2022-07-23T18:22:13.942Z INFO  client] Sending sample transaction 387
[2022-07-23T18:22:13.991Z INFO  client] Sending sample transaction 388
[2022-07-23T18:22:14.042Z INFO  client] Sending sample transaction 389
[2022-07-23T18:22:14.091Z INFO  client] Sending sample transaction 390
[2022-07-23T18:22:14.141Z INFO  client] Sending sample transaction 391
[2022-07-23T18:22:14.192Z INFO  client] Sending sample transaction 392
[2022-07-23T18:22:14.241Z INFO  client] Sending sample transaction 393
[2022-07-23T18:22:14.292Z INFO  client] Sending sample transaction 394
[2022-07-23T18:22:14.342Z INFO  client] Sending sample transaction 395
[2022-07-23T18:22:14.391Z INFO  client] Sending sample transaction 396
[2022-07-23T18:22:14.441Z INFO  client] Sending sample transaction 397
[2022-07-23T18:22:14.493Z INFO  client] Sending sample transaction 398
[2022-07-23T18:22:14.541Z INFO  client] Sending sample transaction 399
[2022-07-23T18:22:14.592Z INFO  client] Sending sample transaction 400
[2022-07-23T18:22:14.641Z INFO  client] Sending sample transaction 401
[2022-07-23T18:22:14.692Z INFO  client] Sending sample transaction 402
[2022-07-23T18:22:14.742Z INFO  client] Sending sample transaction 403
[2022-07-23T18:22:14.792Z INFO  client] Sending sample transaction 404
[2022-07-23T18:22:14.842Z INFO  client] Sending sample transaction 405
[2022-07-23T18:22:14.892Z INFO  client] Sending sample transaction 406
[2022-07-23T18:22:14.942Z INFO  client] Sending sample transaction 407
[2022-07-23T18:22:14.992Z INFO  client] Sending sample transaction 408
[2022-07-23T18:22:15.043Z INFO  client] Sending sample transaction 409
[2022-07-23T18:22:15.095Z INFO  client] Sending sample transaction 410
[2022-07-23T18:22:15.174Z INFO  client] Sending sample transaction 411
[2022-07-23T18:22:15.243Z INFO  client] Sending sample transaction 412
[2022-07-23T18:22:15.268Z INFO  client] Sending sample transaction 413
[2022-07-23T18:22:15.316Z INFO  client] Sending sample transaction 414
[2022-07-23T18:22:15.344Z INFO  client] Sending sample transaction 415
[2022-07-23T18:22:15.392Z INFO  client] Sending sample transaction 416
[2022-07-23T18:22:15.441Z INFO  client] Sending sample transaction 417
[2022-07-23T18:22:15.492Z INFO  client] Sending sample transaction 418
[2022-07-23T18:22:15.543Z INFO  client] Sending sample transaction 419
[2022-07-23T18:22:15.594Z INFO  client] Sending sample transaction 420
[2022-07-23T18:22:15.642Z INFO  client] Sending sample transaction 421
[2022-07-23T18:22:15.695Z INFO  client] Sending sample transaction 422
[2022-07-23T18:22:15.741Z INFO  client] Sending sample transaction 423
[2022-07-23T18:22:15.792Z INFO  client] Sending sample transaction 424
[2022-07-23T18:22:15.842Z INFO  client] Sending sample transaction 425
[2022-07-23T18:22:15.892Z INFO  client] Sending sample transaction 426
[2022-07-23T18:22:15.944Z INFO  client] Sending sample transaction 427
[2022-07-23T18:22:15.992Z INFO  client] Sending sample transaction 428
[2022-07-23T18:22:16.045Z INFO  client] Sending sample transaction 429
[2022-07-23T18:22:16.092Z INFO  client] Sending sample transaction 430
