[2022-07-23T16:42:16.293Z INFO  client] Node address: 127.0.0.1:9016
[2022-07-23T16:42:16.294Z INFO  client] Transactions size: 512 B
[2022-07-23T16:42:16.294Z INFO  client] Transactions rate: 112 tx/s
[2022-07-23T16:42:16.294Z INFO  client] Waiting for all nodes to be online...
[2022-07-23T16:42:16.294Z INFO  client] Waiting for all nodes to be synchronized...
[2022-07-23T16:42:18.300Z INFO  client] Start sending transactions
[2022-07-23T16:42:18.301Z INFO  client] Sending sample transaction 0
[2022-07-23T16:42:18.353Z INFO  client] Sending sample transaction 1
[2022-07-23T16:42:18.402Z INFO  client] Sending sample transaction 2
[2022-07-23T16:42:18.452Z INFO  client] Sending sample transaction 3
[2022-07-23T16:42:18.503Z INFO  client] Sending sample transaction 4
[2022-07-23T16:42:18.551Z INFO  client] Sending sample transaction 5
[2022-07-23T16:42:18.602Z INFO  client] Sending sample transaction 6
[2022-07-23T16:42:18.652Z INFO  client] Sending sample transaction 7
[2022-07-23T16:42:18.702Z INFO  client] Sending sample transaction 8
[2022-07-23T16:42:18.753Z INFO  client] Sending sample transaction 9
[2022-07-23T16:42:18.801Z INFO  client] Sending sample transaction 10
[2022-07-23T16:42:18.852Z INFO  client] Sending sample transaction 11
[2022-07-23T16:42:18.903Z INFO  client] Sending sample transaction 12
[2022-07-23T16:42:18.952Z INFO  client] Sending sample transaction 13
[2022-07-23T16:42:19.002Z INFO  client] Sending sample transaction 14
[2022-07-23T16:42:19.051Z INFO  client] Sending sample transaction 15
[2022-07-23T16:42:19.102Z INFO  client] Sending sample transaction 16
[2022-07-23T16:42:19.152Z INFO  client] Sending sample transaction 17
[2022-07-23T16:42:19.202Z INFO  client] Sending sample transaction 18
[2022-07-23T16:42:19.263Z INFO  client] Sending sample transaction 19
[2022-07-23T16:42:19.302Z INFO  client] Sending sample transaction 20
[2022-07-23T16:42:19.351Z INFO  client] Sending sample transaction 21
[2022-07-23T16:42:19.402Z INFO  client] Sending sample transaction 22
[2022-07-23T16:42:19.453Z INFO  client] Sending sample transaction 23
[2022-07-23T16:42:19.502Z INFO  client] Sending sample transaction 24
[2022-07-23T16:42:19.551Z INFO  client] Sending sample transaction 25
[2022-07-23T16:42:19.602Z INFO  client] Sending sample transaction 26
[2022-07-23T16:42:19.652Z INFO  client] Sending sample transaction 27
[2022-07-23T16:42:19.703Z INFO  client] Sending sample transaction 28
[2022-07-23T16:42:19.753Z INFO  client] Sending sample transaction 29
[2022-07-23T16:42:19.801Z INFO  client] Sending sample transaction 30
[2022-07-23T16:42:19.853Z INFO  client] Sending sample transaction 31
[2022-07-23T16:42:19.902Z INFO  client] Sending sample transaction 32
[2022-07-23T16:42:19.953Z INFO  client] Sending sample transaction 33
[2022-07-23T16:42:20.002Z INFO  client] Sending sample transaction 34
[2022-07-23T16:42:20.051Z INFO  client] Sending sample transaction 35
[2022-07-23T16:42:20.102Z INFO  client] Sending sample transaction 36
[2022-07-23T16:42:20.153Z INFO  client] Sending sample transaction 37
[2022-07-23T16:42:20.203Z INFO  client] Sending sample transaction 38
[2022-07-23T16:42:20.252Z INFO  client] Sending sample transaction 39
[2022-07-23T16:42:20.302Z INFO  client] Sending sample transaction 40
[2022-07-23T16:42:20.362Z INFO  client] Sending sample transaction 41
[2022-07-23T16:42:20.402Z INFO  client] Sending sample transaction 42
[2022-07-23T16:42:20.452Z INFO  client] Sending sample transaction 43
[2022-07-23T16:42:20.502Z INFO  client] Sending sample transaction 44
[2022-07-23T16:42:20.551Z INFO  client] Sending sample transaction 45
[2022-07-23T16:42:20.602Z INFO  client] Sending sample transaction 46
[2022-07-23T16:42:20.652Z INFO  client] Sending sample transaction 47
[2022-07-23T16:42:20.702Z INFO  client] Sending sample transaction 48
[2022-07-23T16:42:20.752Z INFO  client] Sending sample transaction 49
[2022-07-23T16:42:20.802Z INFO  client] Sending sample transaction 50
[2022-07-23T16:42:20.851Z INFO  client] Sending sample transaction 51
[2022-07-23T16:42:20.902Z INFO  client] Sending sample transaction 52
[2022-07-23T16:42:20.952Z INFO  client] Sending sample transaction 53
[2022-07-23T16:42:21.002Z INFO  client] Sending sample transaction 54
[2022-07-23T16:42:21.052Z INFO  client] Sending sample transaction 55
[2022-07-23T16:42:21.101Z INFO  client] Sending sample transaction 56
[2022-07-23T16:42:21.152Z INFO  client] Sending sample transaction 57
[2022-07-23T16:42:21.201Z INFO  client] Sending sample transaction 58
[2022-07-23T16:42:21.252Z INFO  client] Sending sample transaction 59
[2022-07-23T16:42:21.301Z INFO  client] Sending sample transaction 60
[2022-07-23T16:42:21.353Z INFO  client] Sending sample transaction 61
[2022-07-23T16:42:21.416Z INFO  client] Sending sample transaction 62
[2022-07-23T16:42:21.453Z INFO  client] Sending sample transaction 63
[2022-07-23T16:42:21.502Z INFO  client] Sending sample transaction 64
[2022-07-23T16:42:21.552Z INFO  client] Sending sample transaction 65
[2022-07-23T16:42:21.602Z INFO  client] Sending sample transaction 66
[2022-07-23T16:42:21.651Z INFO  client] Sending sample transaction 67
[2022-07-23T16:42:21.702Z INFO  client] Sending sample transaction 68
[2022-07-23T16:42:21.751Z INFO  client] Sending sample transaction 69
[2022-07-23T16:42:21.802Z INFO  client] Sending sample transaction 70
[2022-07-23T16:42:21.852Z INFO  client] Sending sample transaction 71
[2022-07-23T16:42:21.903Z INFO  client] Sending sample transaction 72
[2022-07-23T16:42:21.951Z INFO  client] Sending sample transaction 73
[2022-07-23T16:42:22.002Z INFO  client] Sending sample transaction 74
[2022-07-23T16:42:22.051Z INFO  client] Sending sample transaction 75
[2022-07-23T16:42:22.102Z INFO  client] Sending sample transaction 76
[2022-07-23T16:42:22.152Z INFO  client] Sending sample transaction 77
[2022-07-23T16:42:22.203Z INFO  client] Sending sample transaction 78
[2022-07-23T16:42:22.252Z INFO  client] Sending sample transaction 79
[2022-07-23T16:42:22.302Z INFO  client] Sending sample transaction 80
[2022-07-23T16:42:22.352Z INFO  client] Sending sample transaction 81
[2022-07-23T16:42:22.402Z INFO  client] Sending sample transaction 82
[2022-07-23T16:42:22.452Z INFO  client] Sending sample transaction 83
[2022-07-23T16:42:22.502Z INFO  client] Sending sample transaction 84
[2022-07-23T16:42:22.552Z INFO  client] Sending sample transaction 85
[2022-07-23T16:42:22.602Z INFO  client] Sending sample transaction 86
[2022-07-23T16:42:22.652Z INFO  client] Sending sample transaction 87
[2022-07-23T16:42:22.702Z INFO  client] Sending sample transaction 88
[2022-07-23T16:42:22.752Z INFO  client] Sending sample transaction 89
[2022-07-23T16:42:22.801Z INFO  client] Sending sample transaction 90
[2022-07-23T16:42:22.852Z INFO  client] Sending sample transaction 91
[2022-07-23T16:42:22.902Z INFO  client] Sending sample transaction 92
[2022-07-23T16:42:22.952Z INFO  client] Sending sample transaction 93
[2022-07-23T16:42:23.002Z INFO  client] Sending sample transaction 94
[2022-07-23T16:42:23.051Z INFO  client] Sending sample transaction 95
[2022-07-23T16:42:23.102Z INFO  client] Sending sample transaction 96
[2022-07-23T16:42:23.152Z INFO  client] Sending sample transaction 97
[2022-07-23T16:42:23.203Z INFO  client] Sending sample transaction 98
[2022-07-23T16:42:23.252Z INFO  client] Sending sample transaction 99
[2022-07-23T16:42:23.302Z INFO  client] Sending sample transaction 100
[2022-07-23T16:42:23.351Z INFO  client] Sending sample transaction 101
[2022-07-23T16:42:23.401Z INFO  client] Sending sample transaction 102
[2022-07-23T16:42:23.453Z INFO  client] Sending sample transaction 103
[2022-07-23T16:42:23.527Z INFO  client] Sending sample transaction 104
[2022-07-23T16:42:23.552Z INFO  client] Sending sample transaction 105
[2022-07-23T16:42:23.602Z INFO  client] Sending sample transaction 106
[2022-07-23T16:42:23.651Z INFO  client] Sending sample transaction 107
[2022-07-23T16:42:23.702Z INFO  client] Sending sample transaction 108
[2022-07-23T16:42:23.752Z INFO  client] Sending sample transaction 109
[2022-07-23T16:42:23.802Z INFO  client] Sending sample transaction 110
[2022-07-23T16:42:23.852Z INFO  client] Sending sample transaction 111
[2022-07-23T16:42:23.902Z INFO  client] Sending sample transaction 112
[2022-07-23T16:42:23.951Z INFO  client] Sending sample transaction 113
[2022-07-23T16:42:24.003Z INFO  client] Sending sample transaction 114
[2022-07-23T16:42:24.052Z INFO  client] Sending sample transaction 115
[2022-07-23T16:42:24.102Z INFO  client] Sending sample transaction 116
[2022-07-23T16:42:24.152Z INFO  client] Sending sample transaction 117
[2022-07-23T16:42:24.201Z INFO  client] Sending sample transaction 118
[2022-07-23T16:42:24.252Z INFO  client] Sending sample transaction 119
[2022-07-23T16:42:24.301Z INFO  client] Sending sample transaction 120
[2022-07-23T16:42:24.352Z INFO  client] Sending sample transaction 121
[2022-07-23T16:42:24.402Z INFO  client] Sending sample transaction 122
[2022-07-23T16:42:24.451Z INFO  client] Sending sample transaction 123
[2022-07-23T16:42:24.503Z INFO  client] Sending sample transaction 124
[2022-07-23T16:42:24.552Z INFO  client] Sending sample transaction 125
[2022-07-23T16:42:24.602Z INFO  client] Sending sample transaction 126
[2022-07-23T16:42:24.651Z INFO  client] Sending sample transaction 127
[2022-07-23T16:42:24.702Z INFO  client] Sending sample transaction 128
[2022-07-23T16:42:24.752Z INFO  client] Sending sample transaction 129
[2022-07-23T16:42:24.801Z INFO  client] Sending sample transaction 130
[2022-07-23T16:42:24.852Z INFO  client] Sending sample transaction 131
[2022-07-23T16:42:24.903Z INFO  client] Sending sample transaction 132
[2022-07-23T16:42:24.952Z INFO  client] Sending sample transaction 133
[2022-07-23T16:42:25.002Z INFO  client] Sending sample transaction 134
[2022-07-23T16:42:25.051Z INFO  client] Sending sample transaction 135
[2022-07-23T16:42:25.102Z INFO  client] Sending sample transaction 136
[2022-07-23T16:42:25.153Z INFO  client] Sending sample transaction 137
[2022-07-23T16:42:25.202Z INFO  client] Sending sample transaction 138
[2022-07-23T16:42:25.251Z INFO  client] Sending sample transaction 139
[2022-07-23T16:42:25.302Z INFO  client] Sending sample transaction 140
[2022-07-23T16:42:25.351Z INFO  client] Sending sample transaction 141
[2022-07-23T16:42:25.402Z INFO  client] Sending sample transaction 142
[2022-07-23T16:42:25.452Z INFO  client] Sending sample transaction 143
[2022-07-23T16:42:25.501Z INFO  client] Sending sample transaction 144
[2022-07-23T16:42:25.552Z INFO  client] Sending sample transaction 145
[2022-07-23T16:42:25.615Z INFO  client] Sending sample transaction 146
[2022-07-23T16:42:25.655Z INFO  client] Sending sample transaction 147
[2022-07-23T16:42:25.702Z INFO  client] Sending sample transaction 148
[2022-07-23T16:42:25.752Z INFO  client] Sending sample transaction 149
[2022-07-23T16:42:25.801Z INFO  client] Sending sample transaction 150
[2022-07-23T16:42:25.852Z INFO  client] Sending sample transaction 151
[2022-07-23T16:42:25.901Z INFO  client] Sending sample transaction 152
[2022-07-23T16:42:25.952Z INFO  client] Sending sample transaction 153
[2022-07-23T16:42:26.001Z INFO  client] Sending sample transaction 154
[2022-07-23T16:42:26.052Z INFO  client] Sending sample transaction 155
[2022-07-23T16:42:26.101Z INFO  client] Sending sample transaction 156
[2022-07-23T16:42:26.151Z INFO  client] Sending sample transaction 157
[2022-07-23T16:42:26.202Z INFO  client] Sending sample transaction 158
[2022-07-23T16:42:26.252Z INFO  client] Sending sample transaction 159
[2022-07-23T16:42:26.301Z INFO  client] Sending sample transaction 160
[2022-07-23T16:42:26.351Z INFO  client] Sending sample transaction 161
[2022-07-23T16:42:26.402Z INFO  client] Sending sample transaction 162
[2022-07-23T16:42:26.452Z INFO  client] Sending sample transaction 163
[2022-07-23T16:42:26.502Z INFO  client] Sending sample transaction 164
[2022-07-23T16:42:26.551Z INFO  client] Sending sample transaction 165
[2022-07-23T16:42:26.602Z INFO  client] Sending sample transaction 166
[2022-07-23T16:42:26.652Z INFO  client] Sending sample transaction 167
[2022-07-23T16:42:26.702Z INFO  client] Sending sample transaction 168
[2022-07-23T16:42:26.752Z INFO  client] Sending sample transaction 169
[2022-07-23T16:42:26.802Z INFO  client] Sending sample transaction 170
[2022-07-23T16:42:26.851Z INFO  client] Sending sample transaction 171
[2022-07-23T16:42:26.902Z INFO  client] Sending sample transaction 172
[2022-07-23T16:42:26.952Z INFO  client] Sending sample transaction 173
[2022-07-23T16:42:27.002Z INFO  client] Sending sample transaction 174
[2022-07-23T16:42:27.051Z INFO  client] Sending sample transaction 175
[2022-07-23T16:42:27.101Z INFO  client] Sending sample transaction 176
[2022-07-23T16:42:27.152Z INFO  client] Sending sample transaction 177
[2022-07-23T16:42:27.202Z INFO  client] Sending sample transaction 178
[2022-07-23T16:42:27.252Z INFO  client] Sending sample transaction 179
[2022-07-23T16:42:27.301Z INFO  client] Sending sample transaction 180
[2022-07-23T16:42:27.351Z INFO  client] Sending sample transaction 181
[2022-07-23T16:42:27.402Z INFO  client] Sending sample transaction 182
[2022-07-23T16:42:27.452Z INFO  client] Sending sample transaction 183
[2022-07-23T16:42:27.502Z INFO  client] Sending sample transaction 184
[2022-07-23T16:42:27.552Z INFO  client] Sending sample transaction 185
[2022-07-23T16:42:27.601Z INFO  client] Sending sample transaction 186
[2022-07-23T16:42:27.651Z INFO  client] Sending sample transaction 187
[2022-07-23T16:42:27.702Z INFO  client] Sending sample transaction 188
[2022-07-23T16:42:27.774Z INFO  client] Sending sample transaction 189
[2022-07-23T16:42:27.803Z INFO  client] Sending sample transaction 190
[2022-07-23T16:42:27.852Z INFO  client] Sending sample transaction 191
[2022-07-23T16:42:27.902Z INFO  client] Sending sample transaction 192
[2022-07-23T16:42:27.951Z INFO  client] Sending sample transaction 193
[2022-07-23T16:42:28.002Z INFO  client] Sending sample transaction 194
[2022-07-23T16:42:28.052Z INFO  client] Sending sample transaction 195
[2022-07-23T16:42:28.102Z INFO  client] Sending sample transaction 196
[2022-07-23T16:42:28.151Z INFO  client] Sending sample transaction 197
[2022-07-23T16:42:28.201Z INFO  client] Sending sample transaction 198
[2022-07-23T16:42:28.251Z INFO  client] Sending sample transaction 199
[2022-07-23T16:42:28.302Z INFO  client] Sending sample transaction 200
[2022-07-23T16:42:28.352Z INFO  client] Sending sample transaction 201
[2022-07-23T16:42:28.402Z INFO  client] Sending sample transaction 202
[2022-07-23T16:42:28.451Z INFO  client] Sending sample transaction 203
[2022-07-23T16:42:28.501Z INFO  client] Sending sample transaction 204
[2022-07-23T16:42:28.553Z INFO  client] Sending sample transaction 205
[2022-07-23T16:42:28.602Z INFO  client] Sending sample transaction 206
[2022-07-23T16:42:28.651Z INFO  client] Sending sample transaction 207
[2022-07-23T16:42:28.702Z INFO  client] Sending sample transaction 208
[2022-07-23T16:42:28.752Z INFO  client] Sending sample transaction 209
[2022-07-23T16:42:28.802Z INFO  client] Sending sample transaction 210
[2022-07-23T16:42:28.851Z INFO  client] Sending sample transaction 211
[2022-07-23T16:42:28.902Z INFO  client] Sending sample transaction 212
[2022-07-23T16:42:28.952Z INFO  client] Sending sample transaction 213
[2022-07-23T16:42:29.001Z INFO  client] Sending sample transaction 214
[2022-07-23T16:42:29.052Z INFO  client] Sending sample transaction 215
[2022-07-23T16:42:29.102Z INFO  client] Sending sample transaction 216
[2022-07-23T16:42:29.152Z INFO  client] Sending sample transaction 217
[2022-07-23T16:42:29.201Z INFO  client] Sending sample transaction 218
[2022-07-23T16:42:29.252Z INFO  client] Sending sample transaction 219
[2022-07-23T16:42:29.302Z INFO  client] Sending sample transaction 220
[2022-07-23T16:42:29.353Z INFO  client] Sending sample transaction 221
[2022-07-23T16:42:29.401Z INFO  client] Sending sample transaction 222
[2022-07-23T16:42:29.452Z INFO  client] Sending sample transaction 223
[2022-07-23T16:42:29.502Z INFO  client] Sending sample transaction 224
[2022-07-23T16:42:29.552Z INFO  client] Sending sample transaction 225
[2022-07-23T16:42:29.602Z INFO  client] Sending sample transaction 226
[2022-07-23T16:42:29.652Z INFO  client] Sending sample transaction 227
[2022-07-23T16:42:29.702Z INFO  client] Sending sample transaction 228
[2022-07-23T16:42:29.752Z INFO  client] Sending sample transaction 229
[2022-07-23T16:42:29.803Z INFO  client] Sending sample transaction 230
[2022-07-23T16:42:29.860Z INFO  client] Sending sample transaction 231
[2022-07-23T16:42:29.911Z INFO  client] Sending sample transaction 232
[2022-07-23T16:42:29.951Z INFO  client] Sending sample transaction 233
[2022-07-23T16:42:30.002Z INFO  client] Sending sample transaction 234
[2022-07-23T16:42:30.052Z INFO  client] Sending sample transaction 235
[2022-07-23T16:42:30.101Z INFO  client] Sending sample transaction 236
[2022-07-23T16:42:30.152Z INFO  client] Sending sample transaction 237
[2022-07-23T16:42:30.202Z INFO  client] Sending sample transaction 238
[2022-07-23T16:42:30.253Z INFO  client] Sending sample transaction 239
[2022-07-23T16:42:30.301Z INFO  client] Sending sample transaction 240
[2022-07-23T16:42:30.353Z INFO  client] Sending sample transaction 241
[2022-07-23T16:42:30.402Z INFO  client] Sending sample transaction 242
[2022-07-23T16:42:30.453Z INFO  client] Sending sample transaction 243
[2022-07-23T16:42:30.502Z INFO  client] Sending sample transaction 244
[2022-07-23T16:42:30.551Z INFO  client] Sending sample transaction 245
[2022-07-23T16:42:30.601Z INFO  client] Sending sample transaction 246
[2022-07-23T16:42:30.651Z INFO  client] Sending sample transaction 247
[2022-07-23T16:42:30.702Z INFO  client] Sending sample transaction 248
[2022-07-23T16:42:30.752Z INFO  client] Sending sample transaction 249
[2022-07-23T16:42:30.801Z INFO  client] Sending sample transaction 250
[2022-07-23T16:42:30.852Z INFO  client] Sending sample transaction 251
[2022-07-23T16:42:30.902Z INFO  client] Sending sample transaction 252
[2022-07-23T16:42:30.952Z INFO  client] Sending sample transaction 253
[2022-07-23T16:42:31.002Z INFO  client] Sending sample transaction 254
[2022-07-23T16:42:31.051Z INFO  client] Sending sample transaction 255
[2022-07-23T16:42:31.101Z INFO  client] Sending sample transaction 256
[2022-07-23T16:42:31.152Z INFO  client] Sending sample transaction 257
[2022-07-23T16:42:31.208Z INFO  client] Sending sample transaction 258
[2022-07-23T16:42:31.252Z INFO  client] Sending sample transaction 259
[2022-07-23T16:42:31.302Z INFO  client] Sending sample transaction 260
[2022-07-23T16:42:31.351Z INFO  client] Sending sample transaction 261
[2022-07-23T16:42:31.401Z INFO  client] Sending sample transaction 262
[2022-07-23T16:42:31.452Z INFO  client] Sending sample transaction 263
[2022-07-23T16:42:31.501Z INFO  client] Sending sample transaction 264
[2022-07-23T16:42:31.552Z INFO  client] Sending sample transaction 265
[2022-07-23T16:42:31.601Z INFO  client] Sending sample transaction 266
[2022-07-23T16:42:31.652Z INFO  client] Sending sample transaction 267
[2022-07-23T16:42:31.701Z INFO  client] Sending sample transaction 268
[2022-07-23T16:42:31.752Z INFO  client] Sending sample transaction 269
[2022-07-23T16:42:31.802Z INFO  client] Sending sample transaction 270
[2022-07-23T16:42:31.851Z INFO  client] Sending sample transaction 271
[2022-07-23T16:42:31.902Z INFO  client] Sending sample transaction 272
[2022-07-23T16:42:31.959Z INFO  client] Sending sample transaction 273
[2022-07-23T16:42:32.002Z INFO  client] Sending sample transaction 274
[2022-07-23T16:42:32.051Z INFO  client] Sending sample transaction 275
[2022-07-23T16:42:32.103Z INFO  client] Sending sample transaction 276
[2022-07-23T16:42:32.152Z INFO  client] Sending sample transaction 277
[2022-07-23T16:42:32.202Z INFO  client] Sending sample transaction 278
[2022-07-23T16:42:32.252Z INFO  client] Sending sample transaction 279
[2022-07-23T16:42:32.302Z INFO  client] Sending sample transaction 280
[2022-07-23T16:42:32.351Z INFO  client] Sending sample transaction 281
[2022-07-23T16:42:32.402Z INFO  client] Sending sample transaction 282
[2022-07-23T16:42:32.452Z INFO  client] Sending sample transaction 283
[2022-07-23T16:42:32.501Z INFO  client] Sending sample transaction 284
[2022-07-23T16:42:32.551Z INFO  client] Sending sample transaction 285
[2022-07-23T16:42:32.602Z INFO  client] Sending sample transaction 286
[2022-07-23T16:42:32.652Z INFO  client] Sending sample transaction 287
[2022-07-23T16:42:32.702Z INFO  client] Sending sample transaction 288
[2022-07-23T16:42:32.752Z INFO  client] Sending sample transaction 289
[2022-07-23T16:42:32.801Z INFO  client] Sending sample transaction 290
[2022-07-23T16:42:32.852Z INFO  client] Sending sample transaction 291
[2022-07-23T16:42:32.902Z INFO  client] Sending sample transaction 292
[2022-07-23T16:42:32.951Z INFO  client] Sending sample transaction 293
[2022-07-23T16:42:33.002Z INFO  client] Sending sample transaction 294
[2022-07-23T16:42:33.058Z INFO  client] Sending sample transaction 295
[2022-07-23T16:42:33.101Z INFO  client] Sending sample transaction 296
[2022-07-23T16:42:33.153Z INFO  client] Sending sample transaction 297
[2022-07-23T16:42:33.202Z INFO  client] Sending sample transaction 298
[2022-07-23T16:42:33.252Z INFO  client] Sending sample transaction 299
[2022-07-23T16:42:33.302Z INFO  client] Sending sample transaction 300
[2022-07-23T16:42:33.351Z INFO  client] Sending sample transaction 301
[2022-07-23T16:42:33.402Z INFO  client] Sending sample transaction 302
[2022-07-23T16:42:33.452Z INFO  client] Sending sample transaction 303
[2022-07-23T16:42:33.502Z INFO  client] Sending sample transaction 304
[2022-07-23T16:42:33.552Z INFO  client] Sending sample transaction 305
[2022-07-23T16:42:33.602Z INFO  client] Sending sample transaction 306
[2022-07-23T16:42:33.652Z INFO  client] Sending sample transaction 307
[2022-07-23T16:42:33.701Z INFO  client] Sending sample transaction 308
[2022-07-23T16:42:33.751Z INFO  client] Sending sample transaction 309
[2022-07-23T16:42:33.802Z INFO  client] Sending sample transaction 310
[2022-07-23T16:42:33.851Z INFO  client] Sending sample transaction 311
[2022-07-23T16:42:33.903Z INFO  client] Sending sample transaction 312
[2022-07-23T16:42:33.953Z INFO  client] Sending sample transaction 313
[2022-07-23T16:42:34.002Z INFO  client] Sending sample transaction 314
[2022-07-23T16:42:34.063Z INFO  client] Sending sample transaction 315
[2022-07-23T16:42:34.101Z INFO  client] Sending sample transaction 316
[2022-07-23T16:42:34.152Z INFO  client] Sending sample transaction 317
[2022-07-23T16:42:34.202Z INFO  client] Sending sample transaction 318
[2022-07-23T16:42:34.251Z INFO  client] Sending sample transaction 319
[2022-07-23T16:42:34.302Z INFO  client] Sending sample transaction 320
[2022-07-23T16:42:34.352Z INFO  client] Sending sample transaction 321
[2022-07-23T16:42:34.402Z INFO  client] Sending sample transaction 322
[2022-07-23T16:42:34.452Z INFO  client] Sending sample transaction 323
[2022-07-23T16:42:34.502Z INFO  client] Sending sample transaction 324
[2022-07-23T16:42:34.551Z INFO  client] Sending sample transaction 325
[2022-07-23T16:42:34.602Z INFO  client] Sending sample transaction 326
[2022-07-23T16:42:34.651Z INFO  client] Sending sample transaction 327
[2022-07-23T16:42:34.701Z INFO  client] Sending sample transaction 328
[2022-07-23T16:42:34.752Z INFO  client] Sending sample transaction 329
[2022-07-23T16:42:34.802Z INFO  client] Sending sample transaction 330
[2022-07-23T16:42:34.852Z INFO  client] Sending sample transaction 331
[2022-07-23T16:42:34.902Z INFO  client] Sending sample transaction 332
[2022-07-23T16:42:34.953Z INFO  client] Sending sample transaction 333
[2022-07-23T16:42:35.002Z INFO  client] Sending sample transaction 334
[2022-07-23T16:42:35.052Z INFO  client] Sending sample transaction 335
[2022-07-23T16:42:35.101Z INFO  client] Sending sample transaction 336
[2022-07-23T16:42:35.158Z INFO  client] Sending sample transaction 337
[2022-07-23T16:42:35.202Z INFO  client] Sending sample transaction 338
[2022-07-23T16:42:35.252Z INFO  client] Sending sample transaction 339
[2022-07-23T16:42:35.301Z INFO  client] Sending sample transaction 340
[2022-07-23T16:42:35.351Z INFO  client] Sending sample transaction 341
[2022-07-23T16:42:35.403Z INFO  client] Sending sample transaction 342
[2022-07-23T16:42:35.452Z INFO  client] Sending sample transaction 343
[2022-07-23T16:42:35.501Z INFO  client] Sending sample transaction 344
[2022-07-23T16:42:35.551Z INFO  client] Sending sample transaction 345
[2022-07-23T16:42:35.601Z INFO  client] Sending sample transaction 346
[2022-07-23T16:42:35.652Z INFO  client] Sending sample transaction 347
[2022-07-23T16:42:35.709Z INFO  client] Sending sample transaction 348
[2022-07-23T16:42:35.752Z INFO  client] Sending sample transaction 349
[2022-07-23T16:42:35.801Z INFO  client] Sending sample transaction 350
[2022-07-23T16:42:35.852Z INFO  client] Sending sample transaction 351
[2022-07-23T16:42:35.901Z INFO  client] Sending sample transaction 352
[2022-07-23T16:42:35.951Z INFO  client] Sending sample transaction 353
[2022-07-23T16:42:36.002Z INFO  client] Sending sample transaction 354
[2022-07-23T16:42:36.052Z INFO  client] Sending sample transaction 355
[2022-07-23T16:42:36.101Z INFO  client] Sending sample transaction 356
[2022-07-23T16:42:36.152Z INFO  client] Sending sample transaction 357
[2022-07-23T16:42:36.211Z INFO  client] Sending sample transaction 358
[2022-07-23T16:42:36.251Z INFO  client] Sending sample transaction 359
[2022-07-23T16:42:36.301Z INFO  client] Sending sample transaction 360
[2022-07-23T16:42:36.352Z INFO  client] Sending sample transaction 361
[2022-07-23T16:42:36.402Z INFO  client] Sending sample transaction 362
[2022-07-23T16:42:36.452Z INFO  client] Sending sample transaction 363
[2022-07-23T16:42:36.502Z INFO  client] Sending sample transaction 364
[2022-07-23T16:42:36.551Z INFO  client] Sending sample transaction 365
[2022-07-23T16:42:36.602Z INFO  client] Sending sample transaction 366
[2022-07-23T16:42:36.652Z INFO  client] Sending sample transaction 367
[2022-07-23T16:42:36.702Z INFO  client] Sending sample transaction 368
[2022-07-23T16:42:36.752Z INFO  client] Sending sample transaction 369
[2022-07-23T16:42:36.802Z INFO  client] Sending sample transaction 370
[2022-07-23T16:42:36.852Z INFO  client] Sending sample transaction 371
[2022-07-23T16:42:36.901Z INFO  client] Sending sample transaction 372
[2022-07-23T16:42:36.953Z INFO  client] Sending sample transaction 373
[2022-07-23T16:42:37.002Z INFO  client] Sending sample transaction 374
[2022-07-23T16:42:37.183Z INFO  client] Sending sample transaction 375
[2022-07-23T16:42:37.262Z WARN  client] Transaction rate too high for this client
[2022-07-23T16:42:37.262Z INFO  client] Sending sample transaction 376
[2022-07-23T16:42:37.298Z INFO  client] Sending sample transaction 377
[2022-07-23T16:42:37.298Z INFO  client] Sending sample transaction 378
[2022-07-23T16:42:37.298Z INFO  client] Sending sample transaction 379
[2022-07-23T16:42:37.307Z INFO  client] Sending sample transaction 380
[2022-07-23T16:42:37.352Z INFO  client] Sending sample transaction 381
[2022-07-23T16:42:37.401Z INFO  client] Sending sample transaction 382
[2022-07-23T16:42:37.457Z INFO  client] Sending sample transaction 383
[2022-07-23T16:42:37.503Z INFO  client] Sending sample transaction 384
[2022-07-23T16:42:37.555Z INFO  client] Sending sample transaction 385
[2022-07-23T16:42:37.601Z INFO  client] Sending sample transaction 386
[2022-07-23T16:42:37.655Z INFO  client] Sending sample transaction 387
[2022-07-23T16:42:37.702Z INFO  client] Sending sample transaction 388
[2022-07-23T16:42:37.752Z INFO  client] Sending sample transaction 389
[2022-07-23T16:42:37.802Z INFO  client] Sending sample transaction 390
[2022-07-23T16:42:37.878Z INFO  client] Sending sample transaction 391
[2022-07-23T16:42:37.921Z INFO  client] Sending sample transaction 392
[2022-07-23T16:42:37.971Z INFO  client] Sending sample transaction 393
[2022-07-23T16:42:38.003Z INFO  client] Sending sample transaction 394
[2022-07-23T16:42:38.052Z INFO  client] Sending sample transaction 395
[2022-07-23T16:42:38.102Z INFO  client] Sending sample transaction 396
[2022-07-23T16:42:38.155Z INFO  client] Sending sample transaction 397
[2022-07-23T16:42:38.202Z INFO  client] Sending sample transaction 398
[2022-07-23T16:42:38.252Z INFO  client] Sending sample transaction 399
[2022-07-23T16:42:38.336Z INFO  client] Sending sample transaction 400
[2022-07-23T16:42:38.365Z INFO  client] Sending sample transaction 401
[2022-07-23T16:42:38.417Z INFO  client] Sending sample transaction 402
[2022-07-23T16:42:38.460Z INFO  client] Sending sample transaction 403
[2022-07-23T16:42:38.504Z INFO  client] Sending sample transaction 404
[2022-07-23T16:42:38.552Z INFO  client] Sending sample transaction 405
[2022-07-23T16:42:38.601Z INFO  client] Sending sample transaction 406
[2022-07-23T16:42:38.652Z INFO  client] Sending sample transaction 407
[2022-07-23T16:42:38.714Z INFO  client] Sending sample transaction 408
[2022-07-23T16:42:38.752Z INFO  client] Sending sample transaction 409
[2022-07-23T16:42:38.802Z INFO  client] Sending sample transaction 410
[2022-07-23T16:42:38.851Z INFO  client] Sending sample transaction 411
[2022-07-23T16:42:38.902Z INFO  client] Sending sample transaction 412
[2022-07-23T16:42:38.952Z INFO  client] Sending sample transaction 413
[2022-07-23T16:42:39.004Z INFO  client] Sending sample transaction 414
[2022-07-23T16:42:39.052Z INFO  client] Sending sample transaction 415
[2022-07-23T16:42:39.104Z INFO  client] Sending sample transaction 416
[2022-07-23T16:42:39.152Z INFO  client] Sending sample transaction 417
[2022-07-23T16:42:39.206Z INFO  client] Sending sample transaction 418
[2022-07-23T16:42:39.464Z INFO  client] Sending sample transaction 419
[2022-07-23T16:42:39.465Z WARN  client] Transaction rate too high for this client
[2022-07-23T16:42:39.465Z INFO  client] Sending sample transaction 420
[2022-07-23T16:42:39.634Z WARN  client] Transaction rate too high for this client
[2022-07-23T16:42:39.634Z INFO  client] Sending sample transaction 421
[2022-07-23T16:42:39.634Z INFO  client] Sending sample transaction 422
[2022-07-23T16:42:39.634Z INFO  client] Sending sample transaction 423
[2022-07-23T16:42:39.684Z INFO  client] Sending sample transaction 424
[2022-07-23T16:42:39.685Z INFO  client] Sending sample transaction 425
[2022-07-23T16:42:39.703Z INFO  client] Sending sample transaction 426
[2022-07-23T16:42:39.704Z INFO  client] Sending sample transaction 427
[2022-07-23T16:42:39.764Z INFO  client] Sending sample transaction 428
[2022-07-23T16:42:39.765Z INFO  client] Sending sample transaction 429
[2022-07-23T16:42:39.815Z INFO  client] Sending sample transaction 430
[2022-07-23T16:42:39.856Z INFO  client] Sending sample transaction 431
[2022-07-23T16:42:39.909Z INFO  client] Sending sample transaction 432
[2022-07-23T16:42:39.954Z INFO  client] Sending sample transaction 433
[2022-07-23T16:42:40.010Z INFO  client] Sending sample transaction 434
[2022-07-23T16:42:40.056Z INFO  client] Sending sample transaction 435
[2022-07-23T16:42:40.112Z INFO  client] Sending sample transaction 436
[2022-07-23T16:42:40.156Z INFO  client] Sending sample transaction 437
[2022-07-23T16:42:40.203Z INFO  client] Sending sample transaction 438
[2022-07-23T16:42:40.253Z INFO  client] Sending sample transaction 439
[2022-07-23T16:42:40.302Z INFO  client] Sending sample transaction 440
[2022-07-23T16:42:40.352Z INFO  client] Sending sample transaction 441
[2022-07-23T16:42:40.408Z INFO  client] Sending sample transaction 442
[2022-07-23T16:42:40.454Z INFO  client] Sending sample transaction 443
[2022-07-23T16:42:40.503Z INFO  client] Sending sample transaction 444
[2022-07-23T16:42:40.553Z INFO  client] Sending sample transaction 445
[2022-07-23T16:42:40.604Z INFO  client] Sending sample transaction 446
[2022-07-23T16:42:40.657Z INFO  client] Sending sample transaction 447
