[2022-07-23T12:01:04.777Z INFO  client] Node address: 127.0.0.1:9014
[2022-07-23T12:01:04.777Z INFO  client] Transactions size: 512 B
[2022-07-23T12:01:04.777Z INFO  client] Transactions rate: 112 tx/s
[2022-07-23T12:01:04.777Z INFO  client] Waiting for all nodes to be online...
[2022-07-23T12:01:04.777Z INFO  client] Waiting for all nodes to be synchronized...
[2022-07-23T12:01:06.781Z INFO  client] Start sending transactions
[2022-07-23T12:01:06.783Z INFO  client] Sending sample transaction 0
[2022-07-23T12:01:06.832Z INFO  client] Sending sample transaction 1
[2022-07-23T12:01:06.882Z INFO  client] Sending sample transaction 2
[2022-07-23T12:01:06.932Z INFO  client] Sending sample transaction 3
[2022-07-23T12:01:06.983Z INFO  client] Sending sample transaction 4
[2022-07-23T12:01:07.032Z INFO  client] Sending sample transaction 5
[2022-07-23T12:01:07.083Z INFO  client] Sending sample transaction 6
[2022-07-23T12:01:07.133Z INFO  client] Sending sample transaction 7
[2022-07-23T12:01:07.183Z INFO  client] Sending sample transaction 8
[2022-07-23T12:01:07.232Z INFO  client] Sending sample transaction 9
[2022-07-23T12:01:07.282Z INFO  client] Sending sample transaction 10
[2022-07-23T12:01:07.337Z INFO  client] Sending sample transaction 11
[2022-07-23T12:01:07.402Z INFO  client] Sending sample transaction 12
[2022-07-23T12:01:07.442Z INFO  client] Sending sample transaction 13
[2022-07-23T12:01:07.500Z INFO  client] Sending sample transaction 14
[2022-07-23T12:01:07.536Z INFO  client] Sending sample transaction 15
[2022-07-23T12:01:07.582Z INFO  client] Sending sample transaction 16
[2022-07-23T12:01:07.633Z INFO  client] Sending sample transaction 17
[2022-07-23T12:01:07.683Z INFO  client] Sending sample transaction 18
[2022-07-23T12:01:07.732Z INFO  client] Sending sample transaction 19
[2022-07-23T12:01:07.782Z INFO  client] Sending sample transaction 20
[2022-07-23T12:01:07.835Z INFO  client] Sending sample transaction 21
[2022-07-23T12:01:07.882Z INFO  client] Sending sample transaction 22
[2022-07-23T12:01:07.933Z INFO  client] Sending sample transaction 23
[2022-07-23T12:01:07.983Z INFO  client] Sending sample transaction 24
[2022-07-23T12:01:08.032Z INFO  client] Sending sample transaction 25
[2022-07-23T12:01:08.081Z INFO  client] Sending sample transaction 26
[2022-07-23T12:01:08.133Z INFO  client] Sending sample transaction 27
[2022-07-23T12:01:08.182Z INFO  client] Sending sample transaction 28
[2022-07-23T12:01:08.233Z INFO  client] Sending sample transaction 29
[2022-07-23T12:01:08.282Z INFO  client] Sending sample transaction 30
[2022-07-23T12:01:08.332Z INFO  client] Sending sample transaction 31
[2022-07-23T12:01:08.383Z INFO  client] Sending sample transaction 32
[2022-07-23T12:01:08.433Z INFO  client] Sending sample transaction 33
[2022-07-23T12:01:08.483Z INFO  client] Sending sample transaction 34
[2022-07-23T12:01:08.534Z INFO  client] Sending sample transaction 35
[2022-07-23T12:01:08.583Z INFO  client] Sending sample transaction 36
[2022-07-23T12:01:08.633Z INFO  client] Sending sample transaction 37
[2022-07-23T12:01:08.682Z INFO  client] Sending sample transaction 38
[2022-07-23T12:01:08.732Z INFO  client] Sending sample transaction 39
[2022-07-23T12:01:08.782Z INFO  client] Sending sample transaction 40
[2022-07-23T12:01:08.833Z INFO  client] Sending sample transaction 41
[2022-07-23T12:01:08.882Z INFO  client] Sending sample transaction 42
[2022-07-23T12:01:08.933Z INFO  client] Sending sample transaction 43
[2022-07-23T12:01:08.984Z INFO  client] Sending sample transaction 44
[2022-07-23T12:01:09.032Z INFO  client] Sending sample transaction 45
[2022-07-23T12:01:09.082Z INFO  client] Sending sample transaction 46
[2022-07-23T12:01:09.133Z INFO  client] Sending sample transaction 47
[2022-07-23T12:01:09.182Z INFO  client] Sending sample transaction 48
[2022-07-23T12:01:09.232Z INFO  client] Sending sample transaction 49
[2022-07-23T12:01:09.282Z INFO  client] Sending sample transaction 50
[2022-07-23T12:01:09.332Z INFO  client] Sending sample transaction 51
[2022-07-23T12:01:09.383Z INFO  client] Sending sample transaction 52
[2022-07-23T12:01:09.432Z INFO  client] Sending sample transaction 53
[2022-07-23T12:01:09.482Z INFO  client] Sending sample transaction 54
[2022-07-23T12:01:09.532Z INFO  client] Sending sample transaction 55
[2022-07-23T12:01:09.582Z INFO  client] Sending sample transaction 56
[2022-07-23T12:01:09.634Z INFO  client] Sending sample transaction 57
[2022-07-23T12:01:09.682Z INFO  client] Sending sample transaction 58
[2022-07-23T12:01:09.732Z INFO  client] Sending sample transaction 59
[2022-07-23T12:01:09.782Z INFO  client] Sending sample transaction 60
[2022-07-23T12:01:09.833Z INFO  client] Sending sample transaction 61
[2022-07-23T12:01:09.882Z INFO  client] Sending sample transaction 62
[2022-07-23T12:01:09.932Z INFO  client] Sending sample transaction 63
[2022-07-23T12:01:09.983Z INFO  client] Sending sample transaction 64
[2022-07-23T12:01:10.032Z INFO  client] Sending sample transaction 65
[2022-07-23T12:01:10.081Z INFO  client] Sending sample transaction 66
[2022-07-23T12:01:10.133Z INFO  client] Sending sample transaction 67
[2022-07-23T12:01:10.182Z INFO  client] Sending sample transaction 68
[2022-07-23T12:01:10.233Z INFO  client] Sending sample transaction 69
[2022-07-23T12:01:10.282Z INFO  client] Sending sample transaction 70
[2022-07-23T12:01:10.350Z INFO  client] Sending sample transaction 71
[2022-07-23T12:01:10.382Z INFO  client] Sending sample transaction 72
[2022-07-23T12:01:10.432Z INFO  client] Sending sample transaction 73
[2022-07-23T12:01:10.483Z INFO  client] Sending sample transaction 74
[2022-07-23T12:01:10.533Z INFO  client] Sending sample transaction 75
[2022-07-23T12:01:10.583Z INFO  client] Sending sample transaction 76
[2022-07-23T12:01:10.653Z INFO  client] Sending sample transaction 77
[2022-07-23T12:01:10.694Z INFO  client] Sending sample transaction 78
[2022-07-23T12:01:10.733Z INFO  client] Sending sample transaction 79
[2022-07-23T12:01:10.782Z INFO  client] Sending sample transaction 80
[2022-07-23T12:01:10.832Z INFO  client] Sending sample transaction 81
[2022-07-23T12:01:10.882Z INFO  client] Sending sample transaction 82
[2022-07-23T12:01:10.932Z INFO  client] Sending sample transaction 83
[2022-07-23T12:01:10.982Z INFO  client] Sending sample transaction 84
[2022-07-23T12:01:11.032Z INFO  client] Sending sample transaction 85
[2022-07-23T12:01:11.083Z INFO  client] Sending sample transaction 86
[2022-07-23T12:01:11.136Z INFO  client] Sending sample transaction 87
[2022-07-23T12:01:11.182Z INFO  client] Sending sample transaction 88
[2022-07-23T12:01:11.232Z INFO  client] Sending sample transaction 89
[2022-07-23T12:01:11.282Z INFO  client] Sending sample transaction 90
[2022-07-23T12:01:11.332Z INFO  client] Sending sample transaction 91
[2022-07-23T12:01:11.382Z INFO  client] Sending sample transaction 92
[2022-07-23T12:01:11.432Z INFO  client] Sending sample transaction 93
[2022-07-23T12:01:11.482Z INFO  client] Sending sample transaction 94
[2022-07-23T12:01:11.532Z INFO  client] Sending sample transaction 95
[2022-07-23T12:01:11.583Z INFO  client] Sending sample transaction 96
[2022-07-23T12:01:11.632Z INFO  client] Sending sample transaction 97
[2022-07-23T12:01:11.682Z INFO  client] Sending sample transaction 98
[2022-07-23T12:01:11.748Z INFO  client] Sending sample transaction 99
[2022-07-23T12:01:11.782Z INFO  client] Sending sample transaction 100
[2022-07-23T12:01:11.832Z INFO  client] Sending sample transaction 101
[2022-07-23T12:01:11.882Z INFO  client] Sending sample transaction 102
[2022-07-23T12:01:11.932Z INFO  client] Sending sample transaction 103
[2022-07-23T12:01:11.982Z INFO  client] Sending sample transaction 104
[2022-07-23T12:01:12.032Z INFO  client] Sending sample transaction 105
[2022-07-23T12:01:12.082Z INFO  client] Sending sample transaction 106
[2022-07-23T12:01:12.132Z INFO  client] Sending sample transaction 107
[2022-07-23T12:01:12.184Z INFO  client] Sending sample transaction 108
[2022-07-23T12:01:12.233Z INFO  client] Sending sample transaction 109
[2022-07-23T12:01:12.281Z INFO  client] Sending sample transaction 110
[2022-07-23T12:01:12.332Z INFO  client] Sending sample transaction 111
[2022-07-23T12:01:12.382Z INFO  client] Sending sample transaction 112
[2022-07-23T12:01:12.433Z INFO  client] Sending sample transaction 113
[2022-07-23T12:01:12.484Z INFO  client] Sending sample transaction 114
[2022-07-23T12:01:12.532Z INFO  client] Sending sample transaction 115
[2022-07-23T12:01:12.582Z INFO  client] Sending sample transaction 116
[2022-07-23T12:01:12.632Z INFO  client] Sending sample transaction 117
[2022-07-23T12:01:12.683Z INFO  client] Sending sample transaction 118
[2022-07-23T12:01:12.733Z INFO  client] Sending sample transaction 119
[2022-07-23T12:01:12.785Z INFO  client] Sending sample transaction 120
[2022-07-23T12:01:12.832Z INFO  client] Sending sample transaction 121
[2022-07-23T12:01:12.883Z INFO  client] Sending sample transaction 122
[2022-07-23T12:01:12.932Z INFO  client] Sending sample transaction 123
[2022-07-23T12:01:12.981Z INFO  client] Sending sample transaction 124
[2022-07-23T12:01:13.032Z INFO  client] Sending sample transaction 125
[2022-07-23T12:01:13.082Z INFO  client] Sending sample transaction 126
[2022-07-23T12:01:13.133Z INFO  client] Sending sample transaction 127
[2022-07-23T12:01:13.182Z INFO  client] Sending sample transaction 128
[2022-07-23T12:01:13.233Z INFO  client] Sending sample transaction 129
[2022-07-23T12:01:13.283Z INFO  client] Sending sample transaction 130
[2022-07-23T12:01:13.332Z INFO  client] Sending sample transaction 131
[2022-07-23T12:01:13.382Z INFO  client] Sending sample transaction 132
[2022-07-23T12:01:13.432Z INFO  client] Sending sample transaction 133
[2022-07-23T12:01:13.482Z INFO  client] Sending sample transaction 134
[2022-07-23T12:01:13.532Z INFO  client] Sending sample transaction 135
[2022-07-23T12:01:13.582Z INFO  client] Sending sample transaction 136
[2022-07-23T12:01:13.632Z INFO  client] Sending sample transaction 137
[2022-07-23T12:01:13.682Z INFO  client] Sending sample transaction 138
[2022-07-23T12:01:13.732Z INFO  client] Sending sample transaction 139
[2022-07-23T12:01:13.782Z INFO  client] Sending sample transaction 140
[2022-07-23T12:01:13.831Z INFO  client] Sending sample transaction 141
[2022-07-23T12:01:13.882Z INFO  client] Sending sample transaction 142
[2022-07-23T12:01:13.932Z INFO  client] Sending sample transaction 143
[2022-07-23T12:01:13.982Z INFO  client] Sending sample transaction 144
[2022-07-23T12:01:14.031Z INFO  client] Sending sample transaction 145
[2022-07-23T12:01:14.082Z INFO  client] Sending sample transaction 146
[2022-07-23T12:01:14.132Z INFO  client] Sending sample transaction 147
[2022-07-23T12:01:14.182Z INFO  client] Sending sample transaction 148
[2022-07-23T12:01:14.232Z INFO  client] Sending sample transaction 149
[2022-07-23T12:01:14.282Z INFO  client] Sending sample transaction 150
[2022-07-23T12:01:14.332Z INFO  client] Sending sample transaction 151
[2022-07-23T12:01:14.381Z INFO  client] Sending sample transaction 152
[2022-07-23T12:01:14.432Z INFO  client] Sending sample transaction 153
[2022-07-23T12:01:14.482Z INFO  client] Sending sample transaction 154
[2022-07-23T12:01:14.531Z INFO  client] Sending sample transaction 155
[2022-07-23T12:01:14.582Z INFO  client] Sending sample transaction 156
[2022-07-23T12:01:14.632Z INFO  client] Sending sample transaction 157
[2022-07-23T12:01:14.682Z INFO  client] Sending sample transaction 158
[2022-07-23T12:01:14.732Z INFO  client] Sending sample transaction 159
[2022-07-23T12:01:14.783Z INFO  client] Sending sample transaction 160
[2022-07-23T12:01:14.832Z INFO  client] Sending sample transaction 161
[2022-07-23T12:01:14.882Z INFO  client] Sending sample transaction 162
[2022-07-23T12:01:14.932Z INFO  client] Sending sample transaction 163
[2022-07-23T12:01:14.982Z INFO  client] Sending sample transaction 164
[2022-07-23T12:01:15.032Z INFO  client] Sending sample transaction 165
[2022-07-23T12:01:15.082Z INFO  client] Sending sample transaction 166
[2022-07-23T12:01:15.132Z INFO  client] Sending sample transaction 167
[2022-07-23T12:01:15.183Z INFO  client] Sending sample transaction 168
[2022-07-23T12:01:15.233Z INFO  client] Sending sample transaction 169
[2022-07-23T12:01:15.281Z INFO  client] Sending sample transaction 170
[2022-07-23T12:01:15.333Z INFO  client] Sending sample transaction 171
[2022-07-23T12:01:15.383Z INFO  client] Sending sample transaction 172
[2022-07-23T12:01:15.432Z INFO  client] Sending sample transaction 173
[2022-07-23T12:01:15.482Z INFO  client] Sending sample transaction 174
[2022-07-23T12:01:15.532Z INFO  client] Sending sample transaction 175
[2022-07-23T12:01:15.582Z INFO  client] Sending sample transaction 176
[2022-07-23T12:01:15.632Z INFO  client] Sending sample transaction 177
[2022-07-23T12:01:15.682Z INFO  client] Sending sample transaction 178
[2022-07-23T12:01:15.733Z INFO  client] Sending sample transaction 179
[2022-07-23T12:01:15.782Z INFO  client] Sending sample transaction 180
[2022-07-23T12:01:15.832Z INFO  client] Sending sample transaction 181
[2022-07-23T12:01:15.882Z INFO  client] Sending sample transaction 182
[2022-07-23T12:01:15.932Z INFO  client] Sending sample transaction 183
[2022-07-23T12:01:15.983Z INFO  client] Sending sample transaction 184
[2022-07-23T12:01:16.032Z INFO  client] Sending sample transaction 185
[2022-07-23T12:01:16.082Z INFO  client] Sending sample transaction 186
[2022-07-23T12:01:16.132Z INFO  client] Sending sample transaction 187
[2022-07-23T12:01:16.183Z INFO  client] Sending sample transaction 188
[2022-07-23T12:01:16.232Z INFO  client] Sending sample transaction 189
[2022-07-23T12:01:16.282Z INFO  client] Sending sample transaction 190
[2022-07-23T12:01:16.331Z INFO  client] Sending sample transaction 191
[2022-07-23T12:01:16.382Z INFO  client] Sending sample transaction 192
[2022-07-23T12:01:16.432Z INFO  client] Sending sample transaction 193
[2022-07-23T12:01:16.484Z INFO  client] Sending sample transaction 194
[2022-07-23T12:01:16.532Z INFO  client] Sending sample transaction 195
[2022-07-23T12:01:16.582Z INFO  client] Sending sample transaction 196
[2022-07-23T12:01:16.633Z INFO  client] Sending sample transaction 197
[2022-07-23T12:01:16.682Z INFO  client] Sending sample transaction 198
[2022-07-23T12:01:16.733Z INFO  client] Sending sample transaction 199
[2022-07-23T12:01:16.782Z INFO  client] Sending sample transaction 200
[2022-07-23T12:01:16.833Z INFO  client] Sending sample transaction 201
[2022-07-23T12:01:16.882Z INFO  client] Sending sample transaction 202
[2022-07-23T12:01:16.932Z INFO  client] Sending sample transaction 203
[2022-07-23T12:01:16.985Z INFO  client] Sending sample transaction 204
[2022-07-23T12:01:17.032Z INFO  client] Sending sample transaction 205
[2022-07-23T12:01:17.081Z INFO  client] Sending sample transaction 206
[2022-07-23T12:01:17.132Z INFO  client] Sending sample transaction 207
[2022-07-23T12:01:17.183Z INFO  client] Sending sample transaction 208
[2022-07-23T12:01:17.233Z INFO  client] Sending sample transaction 209
[2022-07-23T12:01:17.282Z INFO  client] Sending sample transaction 210
[2022-07-23T12:01:17.332Z INFO  client] Sending sample transaction 211
[2022-07-23T12:01:17.382Z INFO  client] Sending sample transaction 212
[2022-07-23T12:01:17.433Z INFO  client] Sending sample transaction 213
[2022-07-23T12:01:17.482Z INFO  client] Sending sample transaction 214
[2022-07-23T12:01:17.532Z INFO  client] Sending sample transaction 215
[2022-07-23T12:01:17.582Z INFO  client] Sending sample transaction 216
[2022-07-23T12:01:17.632Z INFO  client] Sending sample transaction 217
[2022-07-23T12:01:17.682Z INFO  client] Sending sample transaction 218
[2022-07-23T12:01:17.732Z INFO  client] Sending sample transaction 219
[2022-07-23T12:01:17.782Z INFO  client] Sending sample transaction 220
[2022-07-23T12:01:17.833Z INFO  client] Sending sample transaction 221
[2022-07-23T12:01:17.883Z INFO  client] Sending sample transaction 222
[2022-07-23T12:01:17.932Z INFO  client] Sending sample transaction 223
[2022-07-23T12:01:17.982Z INFO  client] Sending sample transaction 224
[2022-07-23T12:01:18.032Z INFO  client] Sending sample transaction 225
[2022-07-23T12:01:18.082Z INFO  client] Sending sample transaction 226
[2022-07-23T12:01:18.133Z INFO  client] Sending sample transaction 227
[2022-07-23T12:01:18.182Z INFO  client] Sending sample transaction 228
[2022-07-23T12:01:18.234Z INFO  client] Sending sample transaction 229
[2022-07-23T12:01:18.282Z INFO  client] Sending sample transaction 230
[2022-07-23T12:01:18.332Z INFO  client] Sending sample transaction 231
[2022-07-23T12:01:18.382Z INFO  client] Sending sample transaction 232
[2022-07-23T12:01:18.433Z INFO  client] Sending sample transaction 233
[2022-07-23T12:01:18.482Z INFO  client] Sending sample transaction 234
[2022-07-23T12:01:18.531Z INFO  client] Sending sample transaction 235
[2022-07-23T12:01:18.582Z INFO  client] Sending sample transaction 236
[2022-07-23T12:01:18.632Z INFO  client] Sending sample transaction 237
[2022-07-23T12:01:18.683Z INFO  client] Sending sample transaction 238
[2022-07-23T12:01:18.732Z INFO  client] Sending sample transaction 239
[2022-07-23T12:01:18.781Z INFO  client] Sending sample transaction 240
[2022-07-23T12:01:18.832Z INFO  client] Sending sample transaction 241
[2022-07-23T12:01:18.881Z INFO  client] Sending sample transaction 242
[2022-07-23T12:01:18.932Z INFO  client] Sending sample transaction 243
[2022-07-23T12:01:18.982Z INFO  client] Sending sample transaction 244
[2022-07-23T12:01:19.046Z INFO  client] Sending sample transaction 245
[2022-07-23T12:01:19.089Z INFO  client] Sending sample transaction 246
[2022-07-23T12:01:19.133Z INFO  client] Sending sample transaction 247
[2022-07-23T12:01:19.183Z INFO  client] Sending sample transaction 248
[2022-07-23T12:01:19.233Z INFO  client] Sending sample transaction 249
[2022-07-23T12:01:19.282Z INFO  client] Sending sample transaction 250
[2022-07-23T12:01:19.332Z INFO  client] Sending sample transaction 251
[2022-07-23T12:01:19.382Z INFO  client] Sending sample transaction 252
[2022-07-23T12:01:19.432Z INFO  client] Sending sample transaction 253
[2022-07-23T12:01:19.482Z INFO  client] Sending sample transaction 254
[2022-07-23T12:01:19.532Z INFO  client] Sending sample transaction 255
[2022-07-23T12:01:19.582Z INFO  client] Sending sample transaction 256
[2022-07-23T12:01:19.633Z INFO  client] Sending sample transaction 257
[2022-07-23T12:01:19.682Z INFO  client] Sending sample transaction 258
[2022-07-23T12:01:19.733Z INFO  client] Sending sample transaction 259
[2022-07-23T12:01:19.781Z INFO  client] Sending sample transaction 260
[2022-07-23T12:01:19.832Z INFO  client] Sending sample transaction 261
[2022-07-23T12:01:19.883Z INFO  client] Sending sample transaction 262
[2022-07-23T12:01:19.932Z INFO  client] Sending sample transaction 263
[2022-07-23T12:01:19.982Z INFO  client] Sending sample transaction 264
[2022-07-23T12:01:20.032Z INFO  client] Sending sample transaction 265
[2022-07-23T12:01:20.082Z INFO  client] Sending sample transaction 266
[2022-07-23T12:01:20.132Z INFO  client] Sending sample transaction 267
[2022-07-23T12:01:20.183Z INFO  client] Sending sample transaction 268
[2022-07-23T12:01:20.233Z INFO  client] Sending sample transaction 269
[2022-07-23T12:01:20.282Z INFO  client] Sending sample transaction 270
[2022-07-23T12:01:20.332Z INFO  client] Sending sample transaction 271
[2022-07-23T12:01:20.383Z INFO  client] Sending sample transaction 272
[2022-07-23T12:01:20.433Z INFO  client] Sending sample transaction 273
[2022-07-23T12:01:20.482Z INFO  client] Sending sample transaction 274
[2022-07-23T12:01:20.531Z INFO  client] Sending sample transaction 275
[2022-07-23T12:01:20.583Z INFO  client] Sending sample transaction 276
[2022-07-23T12:01:20.632Z INFO  client] Sending sample transaction 277
[2022-07-23T12:01:20.682Z INFO  client] Sending sample transaction 278
[2022-07-23T12:01:20.732Z INFO  client] Sending sample transaction 279
[2022-07-23T12:01:20.782Z INFO  client] Sending sample transaction 280
[2022-07-23T12:01:20.832Z INFO  client] Sending sample transaction 281
[2022-07-23T12:01:20.883Z INFO  client] Sending sample transaction 282
[2022-07-23T12:01:20.932Z INFO  client] Sending sample transaction 283
[2022-07-23T12:01:20.982Z INFO  client] Sending sample transaction 284
[2022-07-23T12:01:21.032Z INFO  client] Sending sample transaction 285
[2022-07-23T12:01:21.082Z INFO  client] Sending sample transaction 286
[2022-07-23T12:01:21.139Z INFO  client] Sending sample transaction 287
[2022-07-23T12:01:21.182Z INFO  client] Sending sample transaction 288
[2022-07-23T12:01:21.232Z INFO  client] Sending sample transaction 289
[2022-07-23T12:01:21.282Z INFO  client] Sending sample transaction 290
[2022-07-23T12:01:21.333Z INFO  client] Sending sample transaction 291
[2022-07-23T12:01:21.383Z INFO  client] Sending sample transaction 292
[2022-07-23T12:01:21.433Z INFO  client] Sending sample transaction 293
[2022-07-23T12:01:21.486Z INFO  client] Sending sample transaction 294
[2022-07-23T12:01:21.531Z INFO  client] Sending sample transaction 295
[2022-07-23T12:01:21.582Z INFO  client] Sending sample transaction 296
[2022-07-23T12:01:21.632Z INFO  client] Sending sample transaction 297
[2022-07-23T12:01:21.683Z INFO  client] Sending sample transaction 298
[2022-07-23T12:01:21.734Z INFO  client] Sending sample transaction 299
[2022-07-23T12:01:21.782Z INFO  client] Sending sample transaction 300
[2022-07-23T12:01:21.832Z INFO  client] Sending sample transaction 301
[2022-07-23T12:01:21.882Z INFO  client] Sending sample transaction 302
[2022-07-23T12:01:21.933Z INFO  client] Sending sample transaction 303
[2022-07-23T12:01:21.982Z INFO  client] Sending sample transaction 304
[2022-07-23T12:01:22.032Z INFO  client] Sending sample transaction 305
[2022-07-23T12:01:22.082Z INFO  client] Sending sample transaction 306
[2022-07-23T12:01:22.132Z INFO  client] Sending sample transaction 307
[2022-07-23T12:01:22.201Z INFO  client] Sending sample transaction 308
[2022-07-23T12:01:22.234Z INFO  client] Sending sample transaction 309
[2022-07-23T12:01:22.282Z INFO  client] Sending sample transaction 310
[2022-07-23T12:01:22.332Z INFO  client] Sending sample transaction 311
[2022-07-23T12:01:22.383Z INFO  client] Sending sample transaction 312
[2022-07-23T12:01:22.433Z INFO  client] Sending sample transaction 313
[2022-07-23T12:01:22.483Z INFO  client] Sending sample transaction 314
[2022-07-23T12:01:22.532Z INFO  client] Sending sample transaction 315
[2022-07-23T12:01:22.584Z INFO  client] Sending sample transaction 316
[2022-07-23T12:01:22.632Z INFO  client] Sending sample transaction 317
[2022-07-23T12:01:22.682Z INFO  client] Sending sample transaction 318
[2022-07-23T12:01:22.732Z INFO  client] Sending sample transaction 319
[2022-07-23T12:01:22.782Z INFO  client] Sending sample transaction 320
[2022-07-23T12:01:22.832Z INFO  client] Sending sample transaction 321
[2022-07-23T12:01:22.882Z INFO  client] Sending sample transaction 322
[2022-07-23T12:01:22.932Z INFO  client] Sending sample transaction 323
[2022-07-23T12:01:22.982Z INFO  client] Sending sample transaction 324
[2022-07-23T12:01:23.032Z INFO  client] Sending sample transaction 325
[2022-07-23T12:01:23.082Z INFO  client] Sending sample transaction 326
[2022-07-23T12:01:23.133Z INFO  client] Sending sample transaction 327
[2022-07-23T12:01:23.182Z INFO  client] Sending sample transaction 328
[2022-07-23T12:01:23.238Z INFO  client] Sending sample transaction 329
[2022-07-23T12:01:23.282Z INFO  client] Sending sample transaction 330
[2022-07-23T12:01:23.333Z INFO  client] Sending sample transaction 331
[2022-07-23T12:01:23.382Z INFO  client] Sending sample transaction 332
[2022-07-23T12:01:23.432Z INFO  client] Sending sample transaction 333
[2022-07-23T12:01:23.482Z INFO  client] Sending sample transaction 334
[2022-07-23T12:01:23.532Z INFO  client] Sending sample transaction 335
[2022-07-23T12:01:23.582Z INFO  client] Sending sample transaction 336
[2022-07-23T12:01:23.634Z INFO  client] Sending sample transaction 337
[2022-07-23T12:01:23.683Z INFO  client] Sending sample transaction 338
[2022-07-23T12:01:23.732Z INFO  client] Sending sample transaction 339
[2022-07-23T12:01:23.782Z INFO  client] Sending sample transaction 340
[2022-07-23T12:01:23.831Z INFO  client] Sending sample transaction 341
[2022-07-23T12:01:23.882Z INFO  client] Sending sample transaction 342
[2022-07-23T12:01:23.932Z INFO  client] Sending sample transaction 343
[2022-07-23T12:01:23.982Z INFO  client] Sending sample transaction 344
[2022-07-23T12:01:24.031Z INFO  client] Sending sample transaction 345
[2022-07-23T12:01:24.082Z INFO  client] Sending sample transaction 346
[2022-07-23T12:01:24.131Z INFO  client] Sending sample transaction 347
[2022-07-23T12:01:24.182Z INFO  client] Sending sample transaction 348
[2022-07-23T12:01:24.234Z INFO  client] Sending sample transaction 349
[2022-07-23T12:01:24.286Z INFO  client] Sending sample transaction 350
[2022-07-23T12:01:24.332Z INFO  client] Sending sample transaction 351
[2022-07-23T12:01:24.382Z INFO  client] Sending sample transaction 352
[2022-07-23T12:01:24.432Z INFO  client] Sending sample transaction 353
[2022-07-23T12:01:24.482Z INFO  client] Sending sample transaction 354
[2022-07-23T12:01:24.532Z INFO  client] Sending sample transaction 355
[2022-07-23T12:01:24.582Z INFO  client] Sending sample transaction 356
[2022-07-23T12:01:24.632Z INFO  client] Sending sample transaction 357
[2022-07-23T12:01:24.681Z INFO  client] Sending sample transaction 358
[2022-07-23T12:01:24.734Z INFO  client] Sending sample transaction 359
[2022-07-23T12:01:24.782Z INFO  client] Sending sample transaction 360
[2022-07-23T12:01:24.832Z INFO  client] Sending sample transaction 361
[2022-07-23T12:01:24.883Z INFO  client] Sending sample transaction 362
[2022-07-23T12:01:24.933Z INFO  client] Sending sample transaction 363
[2022-07-23T12:01:24.985Z INFO  client] Sending sample transaction 364
[2022-07-23T12:01:25.032Z INFO  client] Sending sample transaction 365
[2022-07-23T12:01:25.082Z INFO  client] Sending sample transaction 366
[2022-07-23T12:01:25.132Z INFO  client] Sending sample transaction 367
[2022-07-23T12:01:25.182Z INFO  client] Sending sample transaction 368
[2022-07-23T12:01:25.232Z INFO  client] Sending sample transaction 369
[2022-07-23T12:01:25.282Z INFO  client] Sending sample transaction 370
[2022-07-23T12:01:25.335Z INFO  client] Sending sample transaction 371
[2022-07-23T12:01:25.382Z INFO  client] Sending sample transaction 372
[2022-07-23T12:01:25.432Z INFO  client] Sending sample transaction 373
[2022-07-23T12:01:25.482Z INFO  client] Sending sample transaction 374
[2022-07-23T12:01:25.533Z INFO  client] Sending sample transaction 375
[2022-07-23T12:01:25.581Z INFO  client] Sending sample transaction 376
[2022-07-23T12:01:25.632Z INFO  client] Sending sample transaction 377
[2022-07-23T12:01:25.683Z INFO  client] Sending sample transaction 378
[2022-07-23T12:01:25.732Z INFO  client] Sending sample transaction 379
[2022-07-23T12:01:25.789Z INFO  client] Sending sample transaction 380
[2022-07-23T12:01:25.832Z INFO  client] Sending sample transaction 381
[2022-07-23T12:01:25.882Z INFO  client] Sending sample transaction 382
[2022-07-23T12:01:25.932Z INFO  client] Sending sample transaction 383
[2022-07-23T12:01:25.982Z INFO  client] Sending sample transaction 384
[2022-07-23T12:01:26.033Z INFO  client] Sending sample transaction 385
[2022-07-23T12:01:26.082Z INFO  client] Sending sample transaction 386
[2022-07-23T12:01:26.131Z INFO  client] Sending sample transaction 387
[2022-07-23T12:01:26.181Z INFO  client] Sending sample transaction 388
[2022-07-23T12:01:26.232Z INFO  client] Sending sample transaction 389
[2022-07-23T12:01:26.282Z INFO  client] Sending sample transaction 390
[2022-07-23T12:01:26.332Z INFO  client] Sending sample transaction 391
[2022-07-23T12:01:26.382Z INFO  client] Sending sample transaction 392
[2022-07-23T12:01:26.432Z INFO  client] Sending sample transaction 393
[2022-07-23T12:01:26.483Z INFO  client] Sending sample transaction 394
[2022-07-23T12:01:26.532Z INFO  client] Sending sample transaction 395
[2022-07-23T12:01:26.582Z INFO  client] Sending sample transaction 396
[2022-07-23T12:01:26.632Z INFO  client] Sending sample transaction 397
[2022-07-23T12:01:26.682Z INFO  client] Sending sample transaction 398
[2022-07-23T12:01:26.732Z INFO  client] Sending sample transaction 399
[2022-07-23T12:01:26.782Z INFO  client] Sending sample transaction 400
[2022-07-23T12:01:26.832Z INFO  client] Sending sample transaction 401
[2022-07-23T12:01:26.883Z INFO  client] Sending sample transaction 402
[2022-07-23T12:01:26.933Z INFO  client] Sending sample transaction 403
[2022-07-23T12:01:26.982Z INFO  client] Sending sample transaction 404
[2022-07-23T12:01:27.032Z INFO  client] Sending sample transaction 405
[2022-07-23T12:01:27.082Z INFO  client] Sending sample transaction 406
[2022-07-23T12:01:27.132Z INFO  client] Sending sample transaction 407
[2022-07-23T12:01:27.181Z INFO  client] Sending sample transaction 408
[2022-07-23T12:01:27.232Z INFO  client] Sending sample transaction 409
[2022-07-23T12:01:27.281Z INFO  client] Sending sample transaction 410
[2022-07-23T12:01:27.333Z INFO  client] Sending sample transaction 411
[2022-07-23T12:01:27.382Z INFO  client] Sending sample transaction 412
[2022-07-23T12:01:27.436Z INFO  client] Sending sample transaction 413
[2022-07-23T12:01:27.482Z INFO  client] Sending sample transaction 414
[2022-07-23T12:01:27.531Z INFO  client] Sending sample transaction 415
[2022-07-23T12:01:27.582Z INFO  client] Sending sample transaction 416
[2022-07-23T12:01:27.632Z INFO  client] Sending sample transaction 417
[2022-07-23T12:01:27.681Z INFO  client] Sending sample transaction 418
[2022-07-23T12:01:27.732Z INFO  client] Sending sample transaction 419
[2022-07-23T12:01:27.781Z INFO  client] Sending sample transaction 420
[2022-07-23T12:01:27.831Z INFO  client] Sending sample transaction 421
[2022-07-23T12:01:27.883Z INFO  client] Sending sample transaction 422
