[2022-07-23T16:07:51.116Z INFO  client] Node address: 127.0.0.1:9017
[2022-07-23T16:07:51.117Z INFO  client] Transactions size: 512 B
[2022-07-23T16:07:51.117Z INFO  client] Transactions rate: 112 tx/s
[2022-07-23T16:07:51.117Z INFO  client] Waiting for all nodes to be online...
[2022-07-23T16:07:51.117Z INFO  client] Waiting for all nodes to be synchronized...
[2022-07-23T16:07:53.125Z INFO  client] Start sending transactions
[2022-07-23T16:07:53.129Z INFO  client] Sending sample transaction 0
[2022-07-23T16:07:53.197Z INFO  client] Sending sample transaction 1
[2022-07-23T16:07:53.256Z WARN  client] Transaction rate too high for this client
[2022-07-23T16:07:53.257Z INFO  client] Sending sample transaction 2
[2022-07-23T16:07:53.284Z INFO  client] Sending sample transaction 3
[2022-07-23T16:07:53.327Z INFO  client] Sending sample transaction 4
[2022-07-23T16:07:53.385Z INFO  client] Sending sample transaction 5
[2022-07-23T16:07:53.427Z INFO  client] Sending sample transaction 6
[2022-07-23T16:07:53.509Z INFO  client] Sending sample transaction 7
[2022-07-23T16:07:53.538Z INFO  client] Sending sample transaction 8
[2022-07-23T16:07:53.584Z INFO  client] Sending sample transaction 9
[2022-07-23T16:07:53.630Z INFO  client] Sending sample transaction 10
[2022-07-23T16:07:53.679Z INFO  client] Sending sample transaction 11
[2022-07-23T16:07:53.731Z INFO  client] Sending sample transaction 12
[2022-07-23T16:07:53.782Z INFO  client] Sending sample transaction 13
[2022-07-23T16:07:53.833Z INFO  client] Sending sample transaction 14
[2022-07-23T16:07:53.877Z INFO  client] Sending sample transaction 15
[2022-07-23T16:07:53.940Z INFO  client] Sending sample transaction 16
[2022-07-23T16:07:53.979Z INFO  client] Sending sample transaction 17
[2022-07-23T16:07:54.028Z INFO  client] Sending sample transaction 18
[2022-07-23T16:07:54.078Z INFO  client] Sending sample transaction 19
[2022-07-23T16:07:54.128Z INFO  client] Sending sample transaction 20
[2022-07-23T16:07:54.179Z INFO  client] Sending sample transaction 21
[2022-07-23T16:07:54.228Z INFO  client] Sending sample transaction 22
[2022-07-23T16:07:54.277Z INFO  client] Sending sample transaction 23
[2022-07-23T16:07:54.329Z INFO  client] Sending sample transaction 24
[2022-07-23T16:07:54.377Z INFO  client] Sending sample transaction 25
[2022-07-23T16:07:54.440Z INFO  client] Sending sample transaction 26
[2022-07-23T16:07:54.478Z INFO  client] Sending sample transaction 27
[2022-07-23T16:07:54.538Z INFO  client] Sending sample transaction 28
[2022-07-23T16:07:54.618Z INFO  client] Sending sample transaction 29
[2022-07-23T16:07:54.663Z INFO  client] Sending sample transaction 30
[2022-07-23T16:07:54.709Z INFO  client] Sending sample transaction 31
[2022-07-23T16:07:54.732Z INFO  client] Sending sample transaction 32
[2022-07-23T16:07:54.778Z INFO  client] Sending sample transaction 33
[2022-07-23T16:07:54.829Z INFO  client] Sending sample transaction 34
[2022-07-23T16:07:54.877Z INFO  client] Sending sample transaction 35
[2022-07-23T16:07:54.928Z INFO  client] Sending sample transaction 36
[2022-07-23T16:07:54.978Z INFO  client] Sending sample transaction 37
[2022-07-23T16:07:55.032Z INFO  client] Sending sample transaction 38
[2022-07-23T16:07:55.077Z INFO  client] Sending sample transaction 39
[2022-07-23T16:07:55.127Z INFO  client] Sending sample transaction 40
[2022-07-23T16:07:55.177Z INFO  client] Sending sample transaction 41
[2022-07-23T16:07:55.227Z INFO  client] Sending sample transaction 42
[2022-07-23T16:07:55.292Z INFO  client] Sending sample transaction 43
[2022-07-23T16:07:55.345Z INFO  client] Sending sample transaction 44
[2022-07-23T16:07:55.404Z INFO  client] Sending sample transaction 45
[2022-07-23T16:07:55.447Z INFO  client] Sending sample transaction 46
[2022-07-23T16:07:55.554Z INFO  client] Sending sample transaction 47
[2022-07-23T16:07:55.630Z INFO  client] Sending sample transaction 48
[2022-07-23T16:07:55.631Z WARN  client] Transaction rate too high for this client
[2022-07-23T16:07:55.631Z INFO  client] Sending sample transaction 49
[2022-07-23T16:07:55.647Z INFO  client] Sending sample transaction 50
[2022-07-23T16:07:55.754Z INFO  client] Sending sample transaction 51
[2022-07-23T16:07:55.791Z WARN  client] Transaction rate too high for this client
[2022-07-23T16:07:55.791Z INFO  client] Sending sample transaction 52
[2022-07-23T16:07:55.832Z INFO  client] Sending sample transaction 53
[2022-07-23T16:07:55.855Z INFO  client] Sending sample transaction 54
[2022-07-23T16:07:55.889Z INFO  client] Sending sample transaction 55
[2022-07-23T16:07:55.938Z INFO  client] Sending sample transaction 56
[2022-07-23T16:07:55.982Z INFO  client] Sending sample transaction 57
[2022-07-23T16:07:56.027Z INFO  client] Sending sample transaction 58
[2022-07-23T16:07:56.080Z INFO  client] Sending sample transaction 59
[2022-07-23T16:07:56.129Z INFO  client] Sending sample transaction 60
[2022-07-23T16:07:56.180Z INFO  client] Sending sample transaction 61
[2022-07-23T16:07:56.227Z INFO  client] Sending sample transaction 62
[2022-07-23T16:07:56.282Z INFO  client] Sending sample transaction 63
[2022-07-23T16:07:56.330Z INFO  client] Sending sample transaction 64
[2022-07-23T16:07:56.381Z INFO  client] Sending sample transaction 65
[2022-07-23T16:07:56.427Z INFO  client] Sending sample transaction 66
[2022-07-23T16:07:56.478Z INFO  client] Sending sample transaction 67
[2022-07-23T16:07:56.527Z INFO  client] Sending sample transaction 68
[2022-07-23T16:07:56.577Z INFO  client] Sending sample transaction 69
[2022-07-23T16:07:56.626Z INFO  client] Sending sample transaction 70
[2022-07-23T16:07:56.678Z INFO  client] Sending sample transaction 71
[2022-07-23T16:07:56.727Z INFO  client] Sending sample transaction 72
[2022-07-23T16:07:56.778Z INFO  client] Sending sample transaction 73
[2022-07-23T16:07:56.843Z INFO  client] Sending sample transaction 74
[2022-07-23T16:07:56.888Z INFO  client] Sending sample transaction 75
[2022-07-23T16:07:56.940Z INFO  client] Sending sample transaction 76
[2022-07-23T16:07:56.978Z INFO  client] Sending sample transaction 77
[2022-07-23T16:07:57.027Z INFO  client] Sending sample transaction 78
[2022-07-23T16:07:57.076Z INFO  client] Sending sample transaction 79
[2022-07-23T16:07:57.126Z INFO  client] Sending sample transaction 80
[2022-07-23T16:07:57.176Z INFO  client] Sending sample transaction 81
[2022-07-23T16:07:57.227Z INFO  client] Sending sample transaction 82
[2022-07-23T16:07:57.277Z INFO  client] Sending sample transaction 83
[2022-07-23T16:07:57.327Z INFO  client] Sending sample transaction 84
[2022-07-23T16:07:57.376Z INFO  client] Sending sample transaction 85
[2022-07-23T16:07:57.426Z INFO  client] Sending sample transaction 86
[2022-07-23T16:07:57.476Z INFO  client] Sending sample transaction 87
[2022-07-23T16:07:57.529Z INFO  client] Sending sample transaction 88
[2022-07-23T16:07:57.577Z INFO  client] Sending sample transaction 89
[2022-07-23T16:07:57.626Z INFO  client] Sending sample transaction 90
[2022-07-23T16:07:57.677Z INFO  client] Sending sample transaction 91
[2022-07-23T16:07:57.727Z INFO  client] Sending sample transaction 92
[2022-07-23T16:07:57.778Z INFO  client] Sending sample transaction 93
[2022-07-23T16:07:57.827Z INFO  client] Sending sample transaction 94
[2022-07-23T16:07:57.877Z INFO  client] Sending sample transaction 95
[2022-07-23T16:07:57.927Z INFO  client] Sending sample transaction 96
[2022-07-23T16:07:57.977Z INFO  client] Sending sample transaction 97
[2022-07-23T16:07:58.029Z INFO  client] Sending sample transaction 98
[2022-07-23T16:07:58.077Z INFO  client] Sending sample transaction 99
[2022-07-23T16:07:58.127Z INFO  client] Sending sample transaction 100
[2022-07-23T16:07:58.177Z INFO  client] Sending sample transaction 101
[2022-07-23T16:07:58.250Z INFO  client] Sending sample transaction 102
[2022-07-23T16:07:58.316Z INFO  client] Sending sample transaction 103
[2022-07-23T16:07:58.329Z INFO  client] Sending sample transaction 104
[2022-07-23T16:07:58.379Z INFO  client] Sending sample transaction 105
[2022-07-23T16:07:58.427Z INFO  client] Sending sample transaction 106
[2022-07-23T16:07:58.477Z INFO  client] Sending sample transaction 107
[2022-07-23T16:07:58.527Z INFO  client] Sending sample transaction 108
[2022-07-23T16:07:58.576Z INFO  client] Sending sample transaction 109
[2022-07-23T16:07:58.626Z INFO  client] Sending sample transaction 110
[2022-07-23T16:07:58.677Z INFO  client] Sending sample transaction 111
[2022-07-23T16:07:58.727Z INFO  client] Sending sample transaction 112
[2022-07-23T16:07:58.776Z INFO  client] Sending sample transaction 113
[2022-07-23T16:07:58.827Z INFO  client] Sending sample transaction 114
[2022-07-23T16:07:58.877Z INFO  client] Sending sample transaction 115
[2022-07-23T16:07:58.927Z INFO  client] Sending sample transaction 116
[2022-07-23T16:07:58.982Z INFO  client] Sending sample transaction 117
[2022-07-23T16:07:59.027Z INFO  client] Sending sample transaction 118
[2022-07-23T16:07:59.077Z INFO  client] Sending sample transaction 119
[2022-07-23T16:07:59.127Z INFO  client] Sending sample transaction 120
[2022-07-23T16:07:59.177Z INFO  client] Sending sample transaction 121
[2022-07-23T16:07:59.227Z INFO  client] Sending sample transaction 122
[2022-07-23T16:07:59.277Z INFO  client] Sending sample transaction 123
[2022-07-23T16:07:59.327Z INFO  client] Sending sample transaction 124
[2022-07-23T16:07:59.377Z INFO  client] Sending sample transaction 125
[2022-07-23T16:07:59.426Z INFO  client] Sending sample transaction 126
[2022-07-23T16:07:59.476Z INFO  client] Sending sample transaction 127
[2022-07-23T16:07:59.527Z INFO  client] Sending sample transaction 128
[2022-07-23T16:07:59.577Z INFO  client] Sending sample transaction 129
[2022-07-23T16:07:59.627Z INFO  client] Sending sample transaction 130
[2022-07-23T16:07:59.676Z INFO  client] Sending sample transaction 131
[2022-07-23T16:07:59.727Z INFO  client] Sending sample transaction 132
[2022-07-23T16:07:59.776Z INFO  client] Sending sample transaction 133
[2022-07-23T16:07:59.826Z INFO  client] Sending sample transaction 134
[2022-07-23T16:07:59.877Z INFO  client] Sending sample transaction 135
[2022-07-23T16:07:59.927Z INFO  client] Sending sample transaction 136
[2022-07-23T16:07:59.977Z INFO  client] Sending sample transaction 137
[2022-07-23T16:08:00.037Z INFO  client] Sending sample transaction 138
[2022-07-23T16:08:00.076Z INFO  client] Sending sample transaction 139
[2022-07-23T16:08:00.127Z INFO  client] Sending sample transaction 140
[2022-07-23T16:08:00.181Z INFO  client] Sending sample transaction 141
[2022-07-23T16:08:00.227Z INFO  client] Sending sample transaction 142
[2022-07-23T16:08:00.277Z INFO  client] Sending sample transaction 143
[2022-07-23T16:08:00.327Z INFO  client] Sending sample transaction 144
[2022-07-23T16:08:00.377Z INFO  client] Sending sample transaction 145
[2022-07-23T16:08:00.426Z INFO  client] Sending sample transaction 146
[2022-07-23T16:08:00.477Z INFO  client] Sending sample transaction 147
[2022-07-23T16:08:00.526Z INFO  client] Sending sample transaction 148
[2022-07-23T16:08:00.577Z INFO  client] Sending sample transaction 149
[2022-07-23T16:08:00.627Z INFO  client] Sending sample transaction 150
[2022-07-23T16:08:00.677Z INFO  client] Sending sample transaction 151
[2022-07-23T16:08:00.726Z INFO  client] Sending sample transaction 152
[2022-07-23T16:08:00.776Z INFO  client] Sending sample transaction 153
[2022-07-23T16:08:00.827Z INFO  client] Sending sample transaction 154
[2022-07-23T16:08:00.877Z INFO  client] Sending sample transaction 155
[2022-07-23T16:08:00.926Z INFO  client] Sending sample transaction 156
[2022-07-23T16:08:00.977Z INFO  client] Sending sample transaction 157
[2022-07-23T16:08:01.027Z INFO  client] Sending sample transaction 158
[2022-07-23T16:08:01.079Z INFO  client] Sending sample transaction 159
[2022-07-23T16:08:01.126Z INFO  client] Sending sample transaction 160
[2022-07-23T16:08:01.176Z INFO  client] Sending sample transaction 161
[2022-07-23T16:08:01.226Z INFO  client] Sending sample transaction 162
[2022-07-23T16:08:01.277Z INFO  client] Sending sample transaction 163
[2022-07-23T16:08:01.330Z INFO  client] Sending sample transaction 164
[2022-07-23T16:08:01.377Z INFO  client] Sending sample transaction 165
[2022-07-23T16:08:01.454Z INFO  client] Sending sample transaction 166
[2022-07-23T16:08:01.480Z INFO  client] Sending sample transaction 167
[2022-07-23T16:08:01.527Z INFO  client] Sending sample transaction 168
[2022-07-23T16:08:01.577Z INFO  client] Sending sample transaction 169
[2022-07-23T16:08:01.626Z INFO  client] Sending sample transaction 170
[2022-07-23T16:08:01.677Z INFO  client] Sending sample transaction 171
[2022-07-23T16:08:01.727Z INFO  client] Sending sample transaction 172
[2022-07-23T16:08:01.778Z INFO  client] Sending sample transaction 173
[2022-07-23T16:08:01.828Z INFO  client] Sending sample transaction 174
[2022-07-23T16:08:01.876Z INFO  client] Sending sample transaction 175
[2022-07-23T16:08:01.927Z INFO  client] Sending sample transaction 176
[2022-07-23T16:08:01.980Z INFO  client] Sending sample transaction 177
[2022-07-23T16:08:02.027Z INFO  client] Sending sample transaction 178
[2022-07-23T16:08:02.076Z INFO  client] Sending sample transaction 179
[2022-07-23T16:08:02.140Z INFO  client] Sending sample transaction 180
[2022-07-23T16:08:02.177Z INFO  client] Sending sample transaction 181
[2022-07-23T16:08:02.227Z INFO  client] Sending sample transaction 182
[2022-07-23T16:08:02.276Z INFO  client] Sending sample transaction 183
[2022-07-23T16:08:02.327Z INFO  client] Sending sample transaction 184
[2022-07-23T16:08:02.377Z INFO  client] Sending sample transaction 185
[2022-07-23T16:08:02.427Z INFO  client] Sending sample transaction 186
[2022-07-23T16:08:02.477Z INFO  client] Sending sample transaction 187
[2022-07-23T16:08:02.526Z INFO  client] Sending sample transaction 188
[2022-07-23T16:08:02.576Z INFO  client] Sending sample transaction 189
[2022-07-23T16:08:02.627Z INFO  client] Sending sample transaction 190
[2022-07-23T16:08:02.677Z INFO  client] Sending sample transaction 191
[2022-07-23T16:08:02.727Z INFO  client] Sending sample transaction 192
[2022-07-23T16:08:02.777Z INFO  client] Sending sample transaction 193
[2022-07-23T16:08:02.827Z INFO  client] Sending sample transaction 194
[2022-07-23T16:08:02.876Z INFO  client] Sending sample transaction 195
[2022-07-23T16:08:02.927Z INFO  client] Sending sample transaction 196
[2022-07-23T16:08:02.977Z INFO  client] Sending sample transaction 197
[2022-07-23T16:08:03.027Z INFO  client] Sending sample transaction 198
[2022-07-23T16:08:03.076Z INFO  client] Sending sample transaction 199
[2022-07-23T16:08:03.127Z INFO  client] Sending sample transaction 200
[2022-07-23T16:08:03.183Z INFO  client] Sending sample transaction 201
[2022-07-23T16:08:03.227Z INFO  client] Sending sample transaction 202
[2022-07-23T16:08:03.276Z INFO  client] Sending sample transaction 203
[2022-07-23T16:08:03.327Z INFO  client] Sending sample transaction 204
[2022-07-23T16:08:03.377Z INFO  client] Sending sample transaction 205
[2022-07-23T16:08:03.428Z INFO  client] Sending sample transaction 206
[2022-07-23T16:08:03.478Z INFO  client] Sending sample transaction 207
[2022-07-23T16:08:03.527Z INFO  client] Sending sample transaction 208
[2022-07-23T16:08:03.577Z INFO  client] Sending sample transaction 209
[2022-07-23T16:08:03.627Z INFO  client] Sending sample transaction 210
[2022-07-23T16:08:03.676Z INFO  client] Sending sample transaction 211
[2022-07-23T16:08:03.727Z INFO  client] Sending sample transaction 212
[2022-07-23T16:08:03.777Z INFO  client] Sending sample transaction 213
[2022-07-23T16:08:03.827Z INFO  client] Sending sample transaction 214
[2022-07-23T16:08:03.877Z INFO  client] Sending sample transaction 215
[2022-07-23T16:08:03.927Z INFO  client] Sending sample transaction 216
[2022-07-23T16:08:03.977Z INFO  client] Sending sample transaction 217
[2022-07-23T16:08:04.027Z INFO  client] Sending sample transaction 218
[2022-07-23T16:08:04.078Z INFO  client] Sending sample transaction 219
[2022-07-23T16:08:04.126Z INFO  client] Sending sample transaction 220
[2022-07-23T16:08:04.177Z INFO  client] Sending sample transaction 221
[2022-07-23T16:08:04.251Z INFO  client] Sending sample transaction 222
[2022-07-23T16:08:04.277Z INFO  client] Sending sample transaction 223
[2022-07-23T16:08:04.327Z INFO  client] Sending sample transaction 224
[2022-07-23T16:08:04.377Z INFO  client] Sending sample transaction 225
[2022-07-23T16:08:04.427Z INFO  client] Sending sample transaction 226
[2022-07-23T16:08:04.476Z INFO  client] Sending sample transaction 227
[2022-07-23T16:08:04.526Z INFO  client] Sending sample transaction 228
[2022-07-23T16:08:04.576Z INFO  client] Sending sample transaction 229
[2022-07-23T16:08:04.628Z INFO  client] Sending sample transaction 230
[2022-07-23T16:08:04.677Z INFO  client] Sending sample transaction 231
[2022-07-23T16:08:04.727Z INFO  client] Sending sample transaction 232
[2022-07-23T16:08:04.777Z INFO  client] Sending sample transaction 233
[2022-07-23T16:08:04.828Z INFO  client] Sending sample transaction 234
[2022-07-23T16:08:04.876Z INFO  client] Sending sample transaction 235
[2022-07-23T16:08:04.927Z INFO  client] Sending sample transaction 236
[2022-07-23T16:08:04.978Z INFO  client] Sending sample transaction 237
[2022-07-23T16:08:05.026Z INFO  client] Sending sample transaction 238
[2022-07-23T16:08:05.077Z INFO  client] Sending sample transaction 239
[2022-07-23T16:08:05.127Z INFO  client] Sending sample transaction 240
[2022-07-23T16:08:05.178Z INFO  client] Sending sample transaction 241
[2022-07-23T16:08:05.227Z INFO  client] Sending sample transaction 242
[2022-07-23T16:08:05.279Z INFO  client] Sending sample transaction 243
[2022-07-23T16:08:05.327Z INFO  client] Sending sample transaction 244
[2022-07-23T16:08:05.377Z INFO  client] Sending sample transaction 245
[2022-07-23T16:08:05.427Z INFO  client] Sending sample transaction 246
[2022-07-23T16:08:05.477Z INFO  client] Sending sample transaction 247
[2022-07-23T16:08:05.526Z INFO  client] Sending sample transaction 248
[2022-07-23T16:08:05.576Z INFO  client] Sending sample transaction 249
[2022-07-23T16:08:05.627Z INFO  client] Sending sample transaction 250
[2022-07-23T16:08:05.676Z INFO  client] Sending sample transaction 251
[2022-07-23T16:08:05.727Z INFO  client] Sending sample transaction 252
[2022-07-23T16:08:05.776Z INFO  client] Sending sample transaction 253
[2022-07-23T16:08:05.827Z INFO  client] Sending sample transaction 254
[2022-07-23T16:08:05.877Z INFO  client] Sending sample transaction 255
[2022-07-23T16:08:05.926Z INFO  client] Sending sample transaction 256
[2022-07-23T16:08:05.977Z INFO  client] Sending sample transaction 257
[2022-07-23T16:08:06.026Z INFO  client] Sending sample transaction 258
[2022-07-23T16:08:06.077Z INFO  client] Sending sample transaction 259
[2022-07-23T16:08:06.127Z INFO  client] Sending sample transaction 260
[2022-07-23T16:08:06.178Z INFO  client] Sending sample transaction 261
[2022-07-23T16:08:06.227Z INFO  client] Sending sample transaction 262
[2022-07-23T16:08:06.277Z INFO  client] Sending sample transaction 263
[2022-07-23T16:08:06.327Z INFO  client] Sending sample transaction 264
[2022-07-23T16:08:06.377Z INFO  client] Sending sample transaction 265
[2022-07-23T16:08:06.426Z INFO  client] Sending sample transaction 266
[2022-07-23T16:08:06.477Z INFO  client] Sending sample transaction 267
[2022-07-23T16:08:06.527Z INFO  client] Sending sample transaction 268
[2022-07-23T16:08:06.576Z INFO  client] Sending sample transaction 269
[2022-07-23T16:08:06.627Z INFO  client] Sending sample transaction 270
[2022-07-23T16:08:06.677Z INFO  client] Sending sample transaction 271
[2022-07-23T16:08:06.727Z INFO  client] Sending sample transaction 272
[2022-07-23T16:08:06.777Z INFO  client] Sending sample transaction 273
[2022-07-23T16:08:06.826Z INFO  client] Sending sample transaction 274
[2022-07-23T16:08:06.876Z INFO  client] Sending sample transaction 275
[2022-07-23T16:08:06.927Z INFO  client] Sending sample transaction 276
[2022-07-23T16:08:06.977Z INFO  client] Sending sample transaction 277
[2022-07-23T16:08:07.026Z INFO  client] Sending sample transaction 278
[2022-07-23T16:08:07.076Z INFO  client] Sending sample transaction 279
[2022-07-23T16:08:07.127Z INFO  client] Sending sample transaction 280
[2022-07-23T16:08:07.177Z INFO  client] Sending sample transaction 281
[2022-07-23T16:08:07.228Z INFO  client] Sending sample transaction 282
[2022-07-23T16:08:07.278Z INFO  client] Sending sample transaction 283
[2022-07-23T16:08:07.341Z INFO  client] Sending sample transaction 284
[2022-07-23T16:08:07.382Z INFO  client] Sending sample transaction 285
[2022-07-23T16:08:07.426Z INFO  client] Sending sample transaction 286
[2022-07-23T16:08:07.477Z INFO  client] Sending sample transaction 287
[2022-07-23T16:08:07.527Z INFO  client] Sending sample transaction 288
[2022-07-23T16:08:07.576Z INFO  client] Sending sample transaction 289
[2022-07-23T16:08:07.627Z INFO  client] Sending sample transaction 290
[2022-07-23T16:08:07.676Z INFO  client] Sending sample transaction 291
[2022-07-23T16:08:07.726Z INFO  client] Sending sample transaction 292
[2022-07-23T16:08:07.777Z INFO  client] Sending sample transaction 293
[2022-07-23T16:08:07.826Z INFO  client] Sending sample transaction 294
[2022-07-23T16:08:07.878Z INFO  client] Sending sample transaction 295
[2022-07-23T16:08:07.927Z INFO  client] Sending sample transaction 296
[2022-07-23T16:08:07.977Z INFO  client] Sending sample transaction 297
[2022-07-23T16:08:08.026Z INFO  client] Sending sample transaction 298
[2022-07-23T16:08:08.076Z INFO  client] Sending sample transaction 299
[2022-07-23T16:08:08.126Z INFO  client] Sending sample transaction 300
[2022-07-23T16:08:08.176Z INFO  client] Sending sample transaction 301
[2022-07-23T16:08:08.227Z INFO  client] Sending sample transaction 302
[2022-07-23T16:08:08.276Z INFO  client] Sending sample transaction 303
[2022-07-23T16:08:08.328Z INFO  client] Sending sample transaction 304
[2022-07-23T16:08:08.377Z INFO  client] Sending sample transaction 305
[2022-07-23T16:08:08.435Z INFO  client] Sending sample transaction 306
[2022-07-23T16:08:08.476Z INFO  client] Sending sample transaction 307
[2022-07-23T16:08:08.527Z INFO  client] Sending sample transaction 308
[2022-07-23T16:08:08.580Z INFO  client] Sending sample transaction 309
[2022-07-23T16:08:08.626Z INFO  client] Sending sample transaction 310
[2022-07-23T16:08:08.676Z INFO  client] Sending sample transaction 311
[2022-07-23T16:08:08.728Z INFO  client] Sending sample transaction 312
[2022-07-23T16:08:08.777Z INFO  client] Sending sample transaction 313
[2022-07-23T16:08:08.827Z INFO  client] Sending sample transaction 314
[2022-07-23T16:08:08.877Z INFO  client] Sending sample transaction 315
[2022-07-23T16:08:08.926Z INFO  client] Sending sample transaction 316
[2022-07-23T16:08:08.976Z INFO  client] Sending sample transaction 317
[2022-07-23T16:08:09.027Z INFO  client] Sending sample transaction 318
[2022-07-23T16:08:09.078Z INFO  client] Sending sample transaction 319
[2022-07-23T16:08:09.127Z INFO  client] Sending sample transaction 320
[2022-07-23T16:08:09.177Z INFO  client] Sending sample transaction 321
[2022-07-23T16:08:09.226Z INFO  client] Sending sample transaction 322
[2022-07-23T16:08:09.277Z INFO  client] Sending sample transaction 323
[2022-07-23T16:08:09.326Z INFO  client] Sending sample transaction 324
[2022-07-23T16:08:09.376Z INFO  client] Sending sample transaction 325
[2022-07-23T16:08:09.429Z INFO  client] Sending sample transaction 326
[2022-07-23T16:08:09.476Z INFO  client] Sending sample transaction 327
[2022-07-23T16:08:09.526Z INFO  client] Sending sample transaction 328
[2022-07-23T16:08:09.576Z INFO  client] Sending sample transaction 329
[2022-07-23T16:08:09.627Z INFO  client] Sending sample transaction 330
[2022-07-23T16:08:09.676Z INFO  client] Sending sample transaction 331
[2022-07-23T16:08:09.727Z INFO  client] Sending sample transaction 332
[2022-07-23T16:08:09.778Z INFO  client] Sending sample transaction 333
[2022-07-23T16:08:09.826Z INFO  client] Sending sample transaction 334
[2022-07-23T16:08:09.878Z INFO  client] Sending sample transaction 335
[2022-07-23T16:08:09.928Z INFO  client] Sending sample transaction 336
[2022-07-23T16:08:09.977Z INFO  client] Sending sample transaction 337
[2022-07-23T16:08:10.027Z INFO  client] Sending sample transaction 338
[2022-07-23T16:08:10.077Z INFO  client] Sending sample transaction 339
[2022-07-23T16:08:10.126Z INFO  client] Sending sample transaction 340
[2022-07-23T16:08:10.177Z INFO  client] Sending sample transaction 341
[2022-07-23T16:08:10.226Z INFO  client] Sending sample transaction 342
[2022-07-23T16:08:10.277Z INFO  client] Sending sample transaction 343
[2022-07-23T16:08:10.329Z INFO  client] Sending sample transaction 344
[2022-07-23T16:08:10.377Z INFO  client] Sending sample transaction 345
[2022-07-23T16:08:10.427Z INFO  client] Sending sample transaction 346
[2022-07-23T16:08:10.477Z INFO  client] Sending sample transaction 347
[2022-07-23T16:08:10.527Z INFO  client] Sending sample transaction 348
[2022-07-23T16:08:10.576Z INFO  client] Sending sample transaction 349
[2022-07-23T16:08:10.627Z INFO  client] Sending sample transaction 350
[2022-07-23T16:08:10.676Z INFO  client] Sending sample transaction 351
[2022-07-23T16:08:10.727Z INFO  client] Sending sample transaction 352
[2022-07-23T16:08:10.777Z INFO  client] Sending sample transaction 353
[2022-07-23T16:08:10.826Z INFO  client] Sending sample transaction 354
[2022-07-23T16:08:10.877Z INFO  client] Sending sample transaction 355
[2022-07-23T16:08:10.926Z INFO  client] Sending sample transaction 356
[2022-07-23T16:08:10.976Z INFO  client] Sending sample transaction 357
[2022-07-23T16:08:11.031Z INFO  client] Sending sample transaction 358
[2022-07-23T16:08:11.093Z INFO  client] Sending sample transaction 359
[2022-07-23T16:08:11.127Z INFO  client] Sending sample transaction 360
[2022-07-23T16:08:11.177Z INFO  client] Sending sample transaction 361
[2022-07-23T16:08:11.228Z INFO  client] Sending sample transaction 362
[2022-07-23T16:08:11.276Z INFO  client] Sending sample transaction 363
[2022-07-23T16:08:11.326Z INFO  client] Sending sample transaction 364
[2022-07-23T16:08:11.376Z INFO  client] Sending sample transaction 365
[2022-07-23T16:08:11.427Z INFO  client] Sending sample transaction 366
[2022-07-23T16:08:11.477Z INFO  client] Sending sample transaction 367
[2022-07-23T16:08:11.540Z INFO  client] Sending sample transaction 368
[2022-07-23T16:08:11.583Z INFO  client] Sending sample transaction 369
[2022-07-23T16:08:11.627Z INFO  client] Sending sample transaction 370
[2022-07-23T16:08:11.677Z INFO  client] Sending sample transaction 371
[2022-07-23T16:08:11.727Z INFO  client] Sending sample transaction 372
[2022-07-23T16:08:11.777Z INFO  client] Sending sample transaction 373
[2022-07-23T16:08:11.827Z INFO  client] Sending sample transaction 374
[2022-07-23T16:08:11.877Z INFO  client] Sending sample transaction 375
[2022-07-23T16:08:11.927Z INFO  client] Sending sample transaction 376
[2022-07-23T16:08:11.977Z INFO  client] Sending sample transaction 377
[2022-07-23T16:08:12.028Z INFO  client] Sending sample transaction 378
[2022-07-23T16:08:12.077Z INFO  client] Sending sample transaction 379
[2022-07-23T16:08:12.126Z INFO  client] Sending sample transaction 380
[2022-07-23T16:08:12.177Z INFO  client] Sending sample transaction 381
[2022-07-23T16:08:12.227Z INFO  client] Sending sample transaction 382
[2022-07-23T16:08:12.277Z INFO  client] Sending sample transaction 383
[2022-07-23T16:08:12.326Z INFO  client] Sending sample transaction 384
[2022-07-23T16:08:12.377Z INFO  client] Sending sample transaction 385
[2022-07-23T16:08:12.427Z INFO  client] Sending sample transaction 386
[2022-07-23T16:08:12.476Z INFO  client] Sending sample transaction 387
[2022-07-23T16:08:12.529Z INFO  client] Sending sample transaction 388
[2022-07-23T16:08:12.577Z INFO  client] Sending sample transaction 389
[2022-07-23T16:08:12.626Z INFO  client] Sending sample transaction 390
[2022-07-23T16:08:12.677Z INFO  client] Sending sample transaction 391
[2022-07-23T16:08:12.727Z INFO  client] Sending sample transaction 392
[2022-07-23T16:08:12.778Z INFO  client] Sending sample transaction 393
[2022-07-23T16:08:12.827Z INFO  client] Sending sample transaction 394
[2022-07-23T16:08:12.876Z INFO  client] Sending sample transaction 395
[2022-07-23T16:08:12.926Z INFO  client] Sending sample transaction 396
[2022-07-23T16:08:13.000Z INFO  client] Sending sample transaction 397
[2022-07-23T16:08:13.067Z INFO  client] Sending sample transaction 398
[2022-07-23T16:08:13.079Z INFO  client] Sending sample transaction 399
[2022-07-23T16:08:13.127Z INFO  client] Sending sample transaction 400
[2022-07-23T16:08:13.178Z INFO  client] Sending sample transaction 401
[2022-07-23T16:08:13.228Z INFO  client] Sending sample transaction 402
[2022-07-23T16:08:13.276Z INFO  client] Sending sample transaction 403
[2022-07-23T16:08:13.327Z INFO  client] Sending sample transaction 404
[2022-07-23T16:08:13.376Z INFO  client] Sending sample transaction 405
[2022-07-23T16:08:13.427Z INFO  client] Sending sample transaction 406
[2022-07-23T16:08:13.476Z INFO  client] Sending sample transaction 407
[2022-07-23T16:08:13.527Z INFO  client] Sending sample transaction 408
[2022-07-23T16:08:13.576Z INFO  client] Sending sample transaction 409
[2022-07-23T16:08:13.631Z INFO  client] Sending sample transaction 410
[2022-07-23T16:08:13.676Z INFO  client] Sending sample transaction 411
[2022-07-23T16:08:13.727Z INFO  client] Sending sample transaction 412
[2022-07-23T16:08:13.776Z INFO  client] Sending sample transaction 413
[2022-07-23T16:08:13.827Z INFO  client] Sending sample transaction 414
[2022-07-23T16:08:13.877Z INFO  client] Sending sample transaction 415
[2022-07-23T16:08:13.927Z INFO  client] Sending sample transaction 416
[2022-07-23T16:08:13.977Z INFO  client] Sending sample transaction 417
[2022-07-23T16:08:14.027Z INFO  client] Sending sample transaction 418
[2022-07-23T16:08:14.077Z INFO  client] Sending sample transaction 419
[2022-07-23T16:08:14.126Z INFO  client] Sending sample transaction 420
[2022-07-23T16:08:14.180Z INFO  client] Sending sample transaction 421
[2022-07-23T16:08:14.227Z INFO  client] Sending sample transaction 422
[2022-07-23T16:08:14.277Z INFO  client] Sending sample transaction 423
[2022-07-23T16:08:14.327Z INFO  client] Sending sample transaction 424
[2022-07-23T16:08:14.377Z INFO  client] Sending sample transaction 425
[2022-07-23T16:08:14.427Z INFO  client] Sending sample transaction 426
[2022-07-23T16:08:14.477Z INFO  client] Sending sample transaction 427
[2022-07-23T16:08:14.526Z INFO  client] Sending sample transaction 428
[2022-07-23T16:08:14.577Z INFO  client] Sending sample transaction 429
[2022-07-23T16:08:14.626Z INFO  client] Sending sample transaction 430
[2022-07-23T16:08:14.676Z INFO  client] Sending sample transaction 431
[2022-07-23T16:08:14.727Z INFO  client] Sending sample transaction 432
[2022-07-23T16:08:14.779Z INFO  client] Sending sample transaction 433
[2022-07-23T16:08:14.827Z INFO  client] Sending sample transaction 434
[2022-07-23T16:08:14.877Z INFO  client] Sending sample transaction 435
[2022-07-23T16:08:14.928Z INFO  client] Sending sample transaction 436
[2022-07-23T16:08:14.980Z INFO  client] Sending sample transaction 437
[2022-07-23T16:08:15.027Z INFO  client] Sending sample transaction 438
